+M MPrsStd:pubinclude:MPrsStd.hxx /misc/dn61/LocalWOK/wok_entities/LOC/dev/CR0-OCCT691-7-CR0-OCCT691-occt-64/inc/MPrsStd.hxx
+M MPrsStd:privinclude:MPrsStd.jxx /misc/dn61/LocalWOK/wok_entities/LOC/dev/CR0-OCCT691-7-CR0-OCCT691-occt-64/drv/MPrsStd/MPrsStd.jxx
+M MPrsStd:privinclude:MPrsStd.ixx /misc/dn61/LocalWOK/wok_entities/LOC/dev/CR0-OCCT691-7-CR0-OCCT691-occt-64/drv/MPrsStd/MPrsStd.ixx
+M MPrsStd:pubinclude:Handle_MPrsStd_AISPresentationStorageDriver.hxx /misc/dn61/LocalWOK/wok_entities/LOC/dev/CR0-OCCT691-7-CR0-OCCT691-occt-64/inc/Handle_MPrsStd_AISPresentationStorageDriver.hxx
+M MPrsStd:pubinclude:MPrsStd_AISPresentationStorageDriver.hxx /misc/dn61/LocalWOK/wok_entities/LOC/dev/CR0-OCCT691-7-CR0-OCCT691-occt-64/inc/MPrsStd_AISPresentationStorageDriver.hxx
+M MPrsStd:privinclude:MPrsStd_AISPresentationStorageDriver.jxx /misc/dn61/LocalWOK/wok_entities/LOC/dev/CR0-OCCT691-7-CR0-OCCT691-occt-64/drv/MPrsStd/MPrsStd_AISPresentationStorageDriver.jxx
+M MPrsStd:privinclude:MPrsStd_AISPresentationStorageDriver.ixx /misc/dn61/LocalWOK/wok_entities/LOC/dev/CR0-OCCT691-7-CR0-OCCT691-occt-64/drv/MPrsStd/MPrsStd_AISPresentationStorageDriver.ixx
+M MPrsStd:pubinclude:Handle_MPrsStd_PositionStorageDriver.hxx /misc/dn61/LocalWOK/wok_entities/LOC/dev/CR0-OCCT691-7-CR0-OCCT691-occt-64/inc/Handle_MPrsStd_PositionStorageDriver.hxx
+M MPrsStd:pubinclude:MPrsStd_PositionStorageDriver.hxx /misc/dn61/LocalWOK/wok_entities/LOC/dev/CR0-OCCT691-7-CR0-OCCT691-occt-64/inc/MPrsStd_PositionStorageDriver.hxx
+M MPrsStd:privinclude:MPrsStd_PositionStorageDriver.jxx /misc/dn61/LocalWOK/wok_entities/LOC/dev/CR0-OCCT691-7-CR0-OCCT691-occt-64/drv/MPrsStd/MPrsStd_PositionStorageDriver.jxx
+M MPrsStd:privinclude:MPrsStd_PositionStorageDriver.ixx /misc/dn61/LocalWOK/wok_entities/LOC/dev/CR0-OCCT691-7-CR0-OCCT691-occt-64/drv/MPrsStd/MPrsStd_PositionStorageDriver.ixx
+M MPrsStd:pubinclude:Handle_MPrsStd_AISPresentationRetrievalDriver.hxx /misc/dn61/LocalWOK/wok_entities/LOC/dev/CR0-OCCT691-7-CR0-OCCT691-occt-64/inc/Handle_MPrsStd_AISPresentationRetrievalDriver.hxx
+M MPrsStd:pubinclude:MPrsStd_AISPresentationRetrievalDriver.hxx /misc/dn61/LocalWOK/wok_entities/LOC/dev/CR0-OCCT691-7-CR0-OCCT691-occt-64/inc/MPrsStd_AISPresentationRetrievalDriver.hxx
+M MPrsStd:privinclude:MPrsStd_AISPresentationRetrievalDriver.jxx /misc/dn61/LocalWOK/wok_entities/LOC/dev/CR0-OCCT691-7-CR0-OCCT691-occt-64/drv/MPrsStd/MPrsStd_AISPresentationRetrievalDriver.jxx
+M MPrsStd:privinclude:MPrsStd_AISPresentationRetrievalDriver.ixx /misc/dn61/LocalWOK/wok_entities/LOC/dev/CR0-OCCT691-7-CR0-OCCT691-occt-64/drv/MPrsStd/MPrsStd_AISPresentationRetrievalDriver.ixx
+M MPrsStd:pubinclude:Handle_MPrsStd_AISPresentationRetrievalDriver_1.hxx /misc/dn61/LocalWOK/wok_entities/LOC/dev/CR0-OCCT691-7-CR0-OCCT691-occt-64/inc/Handle_MPrsStd_AISPresentationRetrievalDriver_1.hxx
+M MPrsStd:pubinclude:MPrsStd_AISPresentationRetrievalDriver_1.hxx /misc/dn61/LocalWOK/wok_entities/LOC/dev/CR0-OCCT691-7-CR0-OCCT691-occt-64/inc/MPrsStd_AISPresentationRetrievalDriver_1.hxx
+M MPrsStd:privinclude:MPrsStd_AISPresentationRetrievalDriver_1.jxx /misc/dn61/LocalWOK/wok_entities/LOC/dev/CR0-OCCT691-7-CR0-OCCT691-occt-64/drv/MPrsStd/MPrsStd_AISPresentationRetrievalDriver_1.jxx
+M MPrsStd:privinclude:MPrsStd_AISPresentationRetrievalDriver_1.ixx /misc/dn61/LocalWOK/wok_entities/LOC/dev/CR0-OCCT691-7-CR0-OCCT691-occt-64/drv/MPrsStd/MPrsStd_AISPresentationRetrievalDriver_1.ixx
+M MPrsStd:pubinclude:Handle_MPrsStd_PositionRetrievalDriver.hxx /misc/dn61/LocalWOK/wok_entities/LOC/dev/CR0-OCCT691-7-CR0-OCCT691-occt-64/inc/Handle_MPrsStd_PositionRetrievalDriver.hxx
+M MPrsStd:pubinclude:MPrsStd_PositionRetrievalDriver.hxx /misc/dn61/LocalWOK/wok_entities/LOC/dev/CR0-OCCT691-7-CR0-OCCT691-occt-64/inc/MPrsStd_PositionRetrievalDriver.hxx
+M MPrsStd:privinclude:MPrsStd_PositionRetrievalDriver.jxx /misc/dn61/LocalWOK/wok_entities/LOC/dev/CR0-OCCT691-7-CR0-OCCT691-occt-64/drv/MPrsStd/MPrsStd_PositionRetrievalDriver.jxx
+M MPrsStd:privinclude:MPrsStd_PositionRetrievalDriver.ixx /misc/dn61/LocalWOK/wok_entities/LOC/dev/CR0-OCCT691-7-CR0-OCCT691-occt-64/drv/MPrsStd/MPrsStd_PositionRetrievalDriver.ixx
+M MPrsStd:dbadmfile:MPrsStd_xcpp_header.In /misc/dn61/LocalWOK/wok_entities/LOC/dev/CR0-OCCT691-7-CR0-OCCT691-occt-64/drv/MPrsStd/.adm/MPrsStd_xcpp_header.In
+M MPrsStd:dbadmfile:MPrsStd_xcpp_header.Out /misc/dn61/LocalWOK/wok_entities/LOC/dev/CR0-OCCT691-7-CR0-OCCT691-occt-64/drv/MPrsStd/.adm/MPrsStd_xcpp_header.Out
+M MPrsStd:dbadmfile:MPrsStd_xcpp_header.Dep /misc/dn61/LocalWOK/wok_entities/LOC/dev/CR0-OCCT691-7-CR0-OCCT691-occt-64/drv/MPrsStd/.adm/MPrsStd_xcpp_header.Dep
