+M MXCAFDoc:pubinclude:MXCAFDoc.hxx /misc/dn61/LocalWOK/wok_entities/LOC/dev/CR0-OCCT691-7-CR0-OCCT691-occt-64/inc/MXCAFDoc.hxx
+M MXCAFDoc:privinclude:MXCAFDoc.jxx /misc/dn61/LocalWOK/wok_entities/LOC/dev/CR0-OCCT691-7-CR0-OCCT691-occt-64/drv/MXCAFDoc/MXCAFDoc.jxx
+M MXCAFDoc:privinclude:MXCAFDoc.ixx /misc/dn61/LocalWOK/wok_entities/LOC/dev/CR0-OCCT691-7-CR0-OCCT691-occt-64/drv/MXCAFDoc/MXCAFDoc.ixx
+M MXCAFDoc:pubinclude:Handle_MXCAFDoc_DocumentToolRetrievalDriver.hxx /misc/dn61/LocalWOK/wok_entities/LOC/dev/CR0-OCCT691-7-CR0-OCCT691-occt-64/inc/Handle_MXCAFDoc_DocumentToolRetrievalDriver.hxx
+M MXCAFDoc:pubinclude:MXCAFDoc_DocumentToolRetrievalDriver.hxx /misc/dn61/LocalWOK/wok_entities/LOC/dev/CR0-OCCT691-7-CR0-OCCT691-occt-64/inc/MXCAFDoc_DocumentToolRetrievalDriver.hxx
+M MXCAFDoc:privinclude:MXCAFDoc_DocumentToolRetrievalDriver.jxx /misc/dn61/LocalWOK/wok_entities/LOC/dev/CR0-OCCT691-7-CR0-OCCT691-occt-64/drv/MXCAFDoc/MXCAFDoc_DocumentToolRetrievalDriver.jxx
+M MXCAFDoc:privinclude:MXCAFDoc_DocumentToolRetrievalDriver.ixx /misc/dn61/LocalWOK/wok_entities/LOC/dev/CR0-OCCT691-7-CR0-OCCT691-occt-64/drv/MXCAFDoc/MXCAFDoc_DocumentToolRetrievalDriver.ixx
+M MXCAFDoc:pubinclude:Handle_MXCAFDoc_DocumentToolStorageDriver.hxx /misc/dn61/LocalWOK/wok_entities/LOC/dev/CR0-OCCT691-7-CR0-OCCT691-occt-64/inc/Handle_MXCAFDoc_DocumentToolStorageDriver.hxx
+M MXCAFDoc:pubinclude:MXCAFDoc_DocumentToolStorageDriver.hxx /misc/dn61/LocalWOK/wok_entities/LOC/dev/CR0-OCCT691-7-CR0-OCCT691-occt-64/inc/MXCAFDoc_DocumentToolStorageDriver.hxx
+M MXCAFDoc:privinclude:MXCAFDoc_DocumentToolStorageDriver.jxx /misc/dn61/LocalWOK/wok_entities/LOC/dev/CR0-OCCT691-7-CR0-OCCT691-occt-64/drv/MXCAFDoc/MXCAFDoc_DocumentToolStorageDriver.jxx
+M MXCAFDoc:privinclude:MXCAFDoc_DocumentToolStorageDriver.ixx /misc/dn61/LocalWOK/wok_entities/LOC/dev/CR0-OCCT691-7-CR0-OCCT691-occt-64/drv/MXCAFDoc/MXCAFDoc_DocumentToolStorageDriver.ixx
+M MXCAFDoc:pubinclude:Handle_MXCAFDoc_ColorToolRetrievalDriver.hxx /misc/dn61/LocalWOK/wok_entities/LOC/dev/CR0-OCCT691-7-CR0-OCCT691-occt-64/inc/Handle_MXCAFDoc_ColorToolRetrievalDriver.hxx
+M MXCAFDoc:pubinclude:MXCAFDoc_ColorToolRetrievalDriver.hxx /misc/dn61/LocalWOK/wok_entities/LOC/dev/CR0-OCCT691-7-CR0-OCCT691-occt-64/inc/MXCAFDoc_ColorToolRetrievalDriver.hxx
+M MXCAFDoc:privinclude:MXCAFDoc_ColorToolRetrievalDriver.jxx /misc/dn61/LocalWOK/wok_entities/LOC/dev/CR0-OCCT691-7-CR0-OCCT691-occt-64/drv/MXCAFDoc/MXCAFDoc_ColorToolRetrievalDriver.jxx
+M MXCAFDoc:privinclude:MXCAFDoc_ColorToolRetrievalDriver.ixx /misc/dn61/LocalWOK/wok_entities/LOC/dev/CR0-OCCT691-7-CR0-OCCT691-occt-64/drv/MXCAFDoc/MXCAFDoc_ColorToolRetrievalDriver.ixx
+M MXCAFDoc:pubinclude:Handle_MXCAFDoc_ColorToolStorageDriver.hxx /misc/dn61/LocalWOK/wok_entities/LOC/dev/CR0-OCCT691-7-CR0-OCCT691-occt-64/inc/Handle_MXCAFDoc_ColorToolStorageDriver.hxx
+M MXCAFDoc:pubinclude:MXCAFDoc_ColorToolStorageDriver.hxx /misc/dn61/LocalWOK/wok_entities/LOC/dev/CR0-OCCT691-7-CR0-OCCT691-occt-64/inc/MXCAFDoc_ColorToolStorageDriver.hxx
+M MXCAFDoc:privinclude:MXCAFDoc_ColorToolStorageDriver.jxx /misc/dn61/LocalWOK/wok_entities/LOC/dev/CR0-OCCT691-7-CR0-OCCT691-occt-64/drv/MXCAFDoc/MXCAFDoc_ColorToolStorageDriver.jxx
+M MXCAFDoc:privinclude:MXCAFDoc_ColorToolStorageDriver.ixx /misc/dn61/LocalWOK/wok_entities/LOC/dev/CR0-OCCT691-7-CR0-OCCT691-occt-64/drv/MXCAFDoc/MXCAFDoc_ColorToolStorageDriver.ixx
+M MXCAFDoc:pubinclude:Handle_MXCAFDoc_ShapeToolRetrievalDriver.hxx /misc/dn61/LocalWOK/wok_entities/LOC/dev/CR0-OCCT691-7-CR0-OCCT691-occt-64/inc/Handle_MXCAFDoc_ShapeToolRetrievalDriver.hxx
+M MXCAFDoc:pubinclude:MXCAFDoc_ShapeToolRetrievalDriver.hxx /misc/dn61/LocalWOK/wok_entities/LOC/dev/CR0-OCCT691-7-CR0-OCCT691-occt-64/inc/MXCAFDoc_ShapeToolRetrievalDriver.hxx
+M MXCAFDoc:privinclude:MXCAFDoc_ShapeToolRetrievalDriver.jxx /misc/dn61/LocalWOK/wok_entities/LOC/dev/CR0-OCCT691-7-CR0-OCCT691-occt-64/drv/MXCAFDoc/MXCAFDoc_ShapeToolRetrievalDriver.jxx
+M MXCAFDoc:privinclude:MXCAFDoc_ShapeToolRetrievalDriver.ixx /misc/dn61/LocalWOK/wok_entities/LOC/dev/CR0-OCCT691-7-CR0-OCCT691-occt-64/drv/MXCAFDoc/MXCAFDoc_ShapeToolRetrievalDriver.ixx
+M MXCAFDoc:pubinclude:Handle_MXCAFDoc_ShapeToolStorageDriver.hxx /misc/dn61/LocalWOK/wok_entities/LOC/dev/CR0-OCCT691-7-CR0-OCCT691-occt-64/inc/Handle_MXCAFDoc_ShapeToolStorageDriver.hxx
+M MXCAFDoc:pubinclude:MXCAFDoc_ShapeToolStorageDriver.hxx /misc/dn61/LocalWOK/wok_entities/LOC/dev/CR0-OCCT691-7-CR0-OCCT691-occt-64/inc/MXCAFDoc_ShapeToolStorageDriver.hxx
+M MXCAFDoc:privinclude:MXCAFDoc_ShapeToolStorageDriver.jxx /misc/dn61/LocalWOK/wok_entities/LOC/dev/CR0-OCCT691-7-CR0-OCCT691-occt-64/drv/MXCAFDoc/MXCAFDoc_ShapeToolStorageDriver.jxx
+M MXCAFDoc:privinclude:MXCAFDoc_ShapeToolStorageDriver.ixx /misc/dn61/LocalWOK/wok_entities/LOC/dev/CR0-OCCT691-7-CR0-OCCT691-occt-64/drv/MXCAFDoc/MXCAFDoc_ShapeToolStorageDriver.ixx
+M MXCAFDoc:pubinclude:Handle_MXCAFDoc_LayerToolRetrievalDriver.hxx /misc/dn61/LocalWOK/wok_entities/LOC/dev/CR0-OCCT691-7-CR0-OCCT691-occt-64/inc/Handle_MXCAFDoc_LayerToolRetrievalDriver.hxx
+M MXCAFDoc:pubinclude:MXCAFDoc_LayerToolRetrievalDriver.hxx /misc/dn61/LocalWOK/wok_entities/LOC/dev/CR0-OCCT691-7-CR0-OCCT691-occt-64/inc/MXCAFDoc_LayerToolRetrievalDriver.hxx
+M MXCAFDoc:privinclude:MXCAFDoc_LayerToolRetrievalDriver.jxx /misc/dn61/LocalWOK/wok_entities/LOC/dev/CR0-OCCT691-7-CR0-OCCT691-occt-64/drv/MXCAFDoc/MXCAFDoc_LayerToolRetrievalDriver.jxx
+M MXCAFDoc:privinclude:MXCAFDoc_LayerToolRetrievalDriver.ixx /misc/dn61/LocalWOK/wok_entities/LOC/dev/CR0-OCCT691-7-CR0-OCCT691-occt-64/drv/MXCAFDoc/MXCAFDoc_LayerToolRetrievalDriver.ixx
+M MXCAFDoc:pubinclude:Handle_MXCAFDoc_LayerToolStorageDriver.hxx /misc/dn61/LocalWOK/wok_entities/LOC/dev/CR0-OCCT691-7-CR0-OCCT691-occt-64/inc/Handle_MXCAFDoc_LayerToolStorageDriver.hxx
+M MXCAFDoc:pubinclude:MXCAFDoc_LayerToolStorageDriver.hxx /misc/dn61/LocalWOK/wok_entities/LOC/dev/CR0-OCCT691-7-CR0-OCCT691-occt-64/inc/MXCAFDoc_LayerToolStorageDriver.hxx
+M MXCAFDoc:privinclude:MXCAFDoc_LayerToolStorageDriver.jxx /misc/dn61/LocalWOK/wok_entities/LOC/dev/CR0-OCCT691-7-CR0-OCCT691-occt-64/drv/MXCAFDoc/MXCAFDoc_LayerToolStorageDriver.jxx
+M MXCAFDoc:privinclude:MXCAFDoc_LayerToolStorageDriver.ixx /misc/dn61/LocalWOK/wok_entities/LOC/dev/CR0-OCCT691-7-CR0-OCCT691-occt-64/drv/MXCAFDoc/MXCAFDoc_LayerToolStorageDriver.ixx
+M MXCAFDoc:pubinclude:Handle_MXCAFDoc_LocationStorageDriver.hxx /misc/dn61/LocalWOK/wok_entities/LOC/dev/CR0-OCCT691-7-CR0-OCCT691-occt-64/inc/Handle_MXCAFDoc_LocationStorageDriver.hxx
+M MXCAFDoc:pubinclude:MXCAFDoc_LocationStorageDriver.hxx /misc/dn61/LocalWOK/wok_entities/LOC/dev/CR0-OCCT691-7-CR0-OCCT691-occt-64/inc/MXCAFDoc_LocationStorageDriver.hxx
+M MXCAFDoc:privinclude:MXCAFDoc_LocationStorageDriver.jxx /misc/dn61/LocalWOK/wok_entities/LOC/dev/CR0-OCCT691-7-CR0-OCCT691-occt-64/drv/MXCAFDoc/MXCAFDoc_LocationStorageDriver.jxx
+M MXCAFDoc:privinclude:MXCAFDoc_LocationStorageDriver.ixx /misc/dn61/LocalWOK/wok_entities/LOC/dev/CR0-OCCT691-7-CR0-OCCT691-occt-64/drv/MXCAFDoc/MXCAFDoc_LocationStorageDriver.ixx
+M MXCAFDoc:pubinclude:Handle_MXCAFDoc_LocationRetrievalDriver.hxx /misc/dn61/LocalWOK/wok_entities/LOC/dev/CR0-OCCT691-7-CR0-OCCT691-occt-64/inc/Handle_MXCAFDoc_LocationRetrievalDriver.hxx
+M MXCAFDoc:pubinclude:MXCAFDoc_LocationRetrievalDriver.hxx /misc/dn61/LocalWOK/wok_entities/LOC/dev/CR0-OCCT691-7-CR0-OCCT691-occt-64/inc/MXCAFDoc_LocationRetrievalDriver.hxx
+M MXCAFDoc:privinclude:MXCAFDoc_LocationRetrievalDriver.jxx /misc/dn61/LocalWOK/wok_entities/LOC/dev/CR0-OCCT691-7-CR0-OCCT691-occt-64/drv/MXCAFDoc/MXCAFDoc_LocationRetrievalDriver.jxx
+M MXCAFDoc:privinclude:MXCAFDoc_LocationRetrievalDriver.ixx /misc/dn61/LocalWOK/wok_entities/LOC/dev/CR0-OCCT691-7-CR0-OCCT691-occt-64/drv/MXCAFDoc/MXCAFDoc_LocationRetrievalDriver.ixx
+M MXCAFDoc:pubinclude:Handle_MXCAFDoc_ColorStorageDriver.hxx /misc/dn61/LocalWOK/wok_entities/LOC/dev/CR0-OCCT691-7-CR0-OCCT691-occt-64/inc/Handle_MXCAFDoc_ColorStorageDriver.hxx
+M MXCAFDoc:pubinclude:MXCAFDoc_ColorStorageDriver.hxx /misc/dn61/LocalWOK/wok_entities/LOC/dev/CR0-OCCT691-7-CR0-OCCT691-occt-64/inc/MXCAFDoc_ColorStorageDriver.hxx
+M MXCAFDoc:privinclude:MXCAFDoc_ColorStorageDriver.jxx /misc/dn61/LocalWOK/wok_entities/LOC/dev/CR0-OCCT691-7-CR0-OCCT691-occt-64/drv/MXCAFDoc/MXCAFDoc_ColorStorageDriver.jxx
+M MXCAFDoc:privinclude:MXCAFDoc_ColorStorageDriver.ixx /misc/dn61/LocalWOK/wok_entities/LOC/dev/CR0-OCCT691-7-CR0-OCCT691-occt-64/drv/MXCAFDoc/MXCAFDoc_ColorStorageDriver.ixx
+M MXCAFDoc:pubinclude:Handle_MXCAFDoc_ColorRetrievalDriver.hxx /misc/dn61/LocalWOK/wok_entities/LOC/dev/CR0-OCCT691-7-CR0-OCCT691-occt-64/inc/Handle_MXCAFDoc_ColorRetrievalDriver.hxx
+M MXCAFDoc:pubinclude:MXCAFDoc_ColorRetrievalDriver.hxx /misc/dn61/LocalWOK/wok_entities/LOC/dev/CR0-OCCT691-7-CR0-OCCT691-occt-64/inc/MXCAFDoc_ColorRetrievalDriver.hxx
+M MXCAFDoc:privinclude:MXCAFDoc_ColorRetrievalDriver.jxx /misc/dn61/LocalWOK/wok_entities/LOC/dev/CR0-OCCT691-7-CR0-OCCT691-occt-64/drv/MXCAFDoc/MXCAFDoc_ColorRetrievalDriver.jxx
+M MXCAFDoc:privinclude:MXCAFDoc_ColorRetrievalDriver.ixx /misc/dn61/LocalWOK/wok_entities/LOC/dev/CR0-OCCT691-7-CR0-OCCT691-occt-64/drv/MXCAFDoc/MXCAFDoc_ColorRetrievalDriver.ixx
+M MXCAFDoc:pubinclude:Handle_MXCAFDoc_VolumeStorageDriver.hxx /misc/dn61/LocalWOK/wok_entities/LOC/dev/CR0-OCCT691-7-CR0-OCCT691-occt-64/inc/Handle_MXCAFDoc_VolumeStorageDriver.hxx
+M MXCAFDoc:pubinclude:MXCAFDoc_VolumeStorageDriver.hxx /misc/dn61/LocalWOK/wok_entities/LOC/dev/CR0-OCCT691-7-CR0-OCCT691-occt-64/inc/MXCAFDoc_VolumeStorageDriver.hxx
+M MXCAFDoc:privinclude:MXCAFDoc_VolumeStorageDriver.jxx /misc/dn61/LocalWOK/wok_entities/LOC/dev/CR0-OCCT691-7-CR0-OCCT691-occt-64/drv/MXCAFDoc/MXCAFDoc_VolumeStorageDriver.jxx
+M MXCAFDoc:privinclude:MXCAFDoc_VolumeStorageDriver.ixx /misc/dn61/LocalWOK/wok_entities/LOC/dev/CR0-OCCT691-7-CR0-OCCT691-occt-64/drv/MXCAFDoc/MXCAFDoc_VolumeStorageDriver.ixx
+M MXCAFDoc:pubinclude:Handle_MXCAFDoc_VolumeRetrievalDriver.hxx /misc/dn61/LocalWOK/wok_entities/LOC/dev/CR0-OCCT691-7-CR0-OCCT691-occt-64/inc/Handle_MXCAFDoc_VolumeRetrievalDriver.hxx
+M MXCAFDoc:pubinclude:MXCAFDoc_VolumeRetrievalDriver.hxx /misc/dn61/LocalWOK/wok_entities/LOC/dev/CR0-OCCT691-7-CR0-OCCT691-occt-64/inc/MXCAFDoc_VolumeRetrievalDriver.hxx
+M MXCAFDoc:privinclude:MXCAFDoc_VolumeRetrievalDriver.jxx /misc/dn61/LocalWOK/wok_entities/LOC/dev/CR0-OCCT691-7-CR0-OCCT691-occt-64/drv/MXCAFDoc/MXCAFDoc_VolumeRetrievalDriver.jxx
+M MXCAFDoc:privinclude:MXCAFDoc_VolumeRetrievalDriver.ixx /misc/dn61/LocalWOK/wok_entities/LOC/dev/CR0-OCCT691-7-CR0-OCCT691-occt-64/drv/MXCAFDoc/MXCAFDoc_VolumeRetrievalDriver.ixx
+M MXCAFDoc:pubinclude:Handle_MXCAFDoc_AreaStorageDriver.hxx /misc/dn61/LocalWOK/wok_entities/LOC/dev/CR0-OCCT691-7-CR0-OCCT691-occt-64/inc/Handle_MXCAFDoc_AreaStorageDriver.hxx
+M MXCAFDoc:pubinclude:MXCAFDoc_AreaStorageDriver.hxx /misc/dn61/LocalWOK/wok_entities/LOC/dev/CR0-OCCT691-7-CR0-OCCT691-occt-64/inc/MXCAFDoc_AreaStorageDriver.hxx
+M MXCAFDoc:privinclude:MXCAFDoc_AreaStorageDriver.jxx /misc/dn61/LocalWOK/wok_entities/LOC/dev/CR0-OCCT691-7-CR0-OCCT691-occt-64/drv/MXCAFDoc/MXCAFDoc_AreaStorageDriver.jxx
+M MXCAFDoc:privinclude:MXCAFDoc_AreaStorageDriver.ixx /misc/dn61/LocalWOK/wok_entities/LOC/dev/CR0-OCCT691-7-CR0-OCCT691-occt-64/drv/MXCAFDoc/MXCAFDoc_AreaStorageDriver.ixx
+M MXCAFDoc:pubinclude:Handle_MXCAFDoc_AreaRetrievalDriver.hxx /misc/dn61/LocalWOK/wok_entities/LOC/dev/CR0-OCCT691-7-CR0-OCCT691-occt-64/inc/Handle_MXCAFDoc_AreaRetrievalDriver.hxx
+M MXCAFDoc:pubinclude:MXCAFDoc_AreaRetrievalDriver.hxx /misc/dn61/LocalWOK/wok_entities/LOC/dev/CR0-OCCT691-7-CR0-OCCT691-occt-64/inc/MXCAFDoc_AreaRetrievalDriver.hxx
+M MXCAFDoc:privinclude:MXCAFDoc_AreaRetrievalDriver.jxx /misc/dn61/LocalWOK/wok_entities/LOC/dev/CR0-OCCT691-7-CR0-OCCT691-occt-64/drv/MXCAFDoc/MXCAFDoc_AreaRetrievalDriver.jxx
+M MXCAFDoc:privinclude:MXCAFDoc_AreaRetrievalDriver.ixx /misc/dn61/LocalWOK/wok_entities/LOC/dev/CR0-OCCT691-7-CR0-OCCT691-occt-64/drv/MXCAFDoc/MXCAFDoc_AreaRetrievalDriver.ixx
+M MXCAFDoc:pubinclude:Handle_MXCAFDoc_CentroidStorageDriver.hxx /misc/dn61/LocalWOK/wok_entities/LOC/dev/CR0-OCCT691-7-CR0-OCCT691-occt-64/inc/Handle_MXCAFDoc_CentroidStorageDriver.hxx
+M MXCAFDoc:pubinclude:MXCAFDoc_CentroidStorageDriver.hxx /misc/dn61/LocalWOK/wok_entities/LOC/dev/CR0-OCCT691-7-CR0-OCCT691-occt-64/inc/MXCAFDoc_CentroidStorageDriver.hxx
+M MXCAFDoc:privinclude:MXCAFDoc_CentroidStorageDriver.jxx /misc/dn61/LocalWOK/wok_entities/LOC/dev/CR0-OCCT691-7-CR0-OCCT691-occt-64/drv/MXCAFDoc/MXCAFDoc_CentroidStorageDriver.jxx
+M MXCAFDoc:privinclude:MXCAFDoc_CentroidStorageDriver.ixx /misc/dn61/LocalWOK/wok_entities/LOC/dev/CR0-OCCT691-7-CR0-OCCT691-occt-64/drv/MXCAFDoc/MXCAFDoc_CentroidStorageDriver.ixx
+M MXCAFDoc:pubinclude:Handle_MXCAFDoc_CentroidRetrievalDriver.hxx /misc/dn61/LocalWOK/wok_entities/LOC/dev/CR0-OCCT691-7-CR0-OCCT691-occt-64/inc/Handle_MXCAFDoc_CentroidRetrievalDriver.hxx
+M MXCAFDoc:pubinclude:MXCAFDoc_CentroidRetrievalDriver.hxx /misc/dn61/LocalWOK/wok_entities/LOC/dev/CR0-OCCT691-7-CR0-OCCT691-occt-64/inc/MXCAFDoc_CentroidRetrievalDriver.hxx
+M MXCAFDoc:privinclude:MXCAFDoc_CentroidRetrievalDriver.jxx /misc/dn61/LocalWOK/wok_entities/LOC/dev/CR0-OCCT691-7-CR0-OCCT691-occt-64/drv/MXCAFDoc/MXCAFDoc_CentroidRetrievalDriver.jxx
+M MXCAFDoc:privinclude:MXCAFDoc_CentroidRetrievalDriver.ixx /misc/dn61/LocalWOK/wok_entities/LOC/dev/CR0-OCCT691-7-CR0-OCCT691-occt-64/drv/MXCAFDoc/MXCAFDoc_CentroidRetrievalDriver.ixx
+M MXCAFDoc:pubinclude:Handle_MXCAFDoc_GraphNodeStorageDriver.hxx /misc/dn61/LocalWOK/wok_entities/LOC/dev/CR0-OCCT691-7-CR0-OCCT691-occt-64/inc/Handle_MXCAFDoc_GraphNodeStorageDriver.hxx
+M MXCAFDoc:pubinclude:MXCAFDoc_GraphNodeStorageDriver.hxx /misc/dn61/LocalWOK/wok_entities/LOC/dev/CR0-OCCT691-7-CR0-OCCT691-occt-64/inc/MXCAFDoc_GraphNodeStorageDriver.hxx
+M MXCAFDoc:privinclude:MXCAFDoc_GraphNodeStorageDriver.jxx /misc/dn61/LocalWOK/wok_entities/LOC/dev/CR0-OCCT691-7-CR0-OCCT691-occt-64/drv/MXCAFDoc/MXCAFDoc_GraphNodeStorageDriver.jxx
+M MXCAFDoc:privinclude:MXCAFDoc_GraphNodeStorageDriver.ixx /misc/dn61/LocalWOK/wok_entities/LOC/dev/CR0-OCCT691-7-CR0-OCCT691-occt-64/drv/MXCAFDoc/MXCAFDoc_GraphNodeStorageDriver.ixx
+M MXCAFDoc:pubinclude:Handle_MXCAFDoc_GraphNodeRetrievalDriver.hxx /misc/dn61/LocalWOK/wok_entities/LOC/dev/CR0-OCCT691-7-CR0-OCCT691-occt-64/inc/Handle_MXCAFDoc_GraphNodeRetrievalDriver.hxx
+M MXCAFDoc:pubinclude:MXCAFDoc_GraphNodeRetrievalDriver.hxx /misc/dn61/LocalWOK/wok_entities/LOC/dev/CR0-OCCT691-7-CR0-OCCT691-occt-64/inc/MXCAFDoc_GraphNodeRetrievalDriver.hxx
+M MXCAFDoc:privinclude:MXCAFDoc_GraphNodeRetrievalDriver.jxx /misc/dn61/LocalWOK/wok_entities/LOC/dev/CR0-OCCT691-7-CR0-OCCT691-occt-64/drv/MXCAFDoc/MXCAFDoc_GraphNodeRetrievalDriver.jxx
+M MXCAFDoc:privinclude:MXCAFDoc_GraphNodeRetrievalDriver.ixx /misc/dn61/LocalWOK/wok_entities/LOC/dev/CR0-OCCT691-7-CR0-OCCT691-occt-64/drv/MXCAFDoc/MXCAFDoc_GraphNodeRetrievalDriver.ixx
+M MXCAFDoc:pubinclude:Handle_MXCAFDoc_DatumStorageDriver.hxx /misc/dn61/LocalWOK/wok_entities/LOC/dev/CR0-OCCT691-7-CR0-OCCT691-occt-64/inc/Handle_MXCAFDoc_DatumStorageDriver.hxx
+M MXCAFDoc:pubinclude:MXCAFDoc_DatumStorageDriver.hxx /misc/dn61/LocalWOK/wok_entities/LOC/dev/CR0-OCCT691-7-CR0-OCCT691-occt-64/inc/MXCAFDoc_DatumStorageDriver.hxx
+M MXCAFDoc:privinclude:MXCAFDoc_DatumStorageDriver.jxx /misc/dn61/LocalWOK/wok_entities/LOC/dev/CR0-OCCT691-7-CR0-OCCT691-occt-64/drv/MXCAFDoc/MXCAFDoc_DatumStorageDriver.jxx
+M MXCAFDoc:privinclude:MXCAFDoc_DatumStorageDriver.ixx /misc/dn61/LocalWOK/wok_entities/LOC/dev/CR0-OCCT691-7-CR0-OCCT691-occt-64/drv/MXCAFDoc/MXCAFDoc_DatumStorageDriver.ixx
+M MXCAFDoc:pubinclude:Handle_MXCAFDoc_DatumRetrievalDriver.hxx /misc/dn61/LocalWOK/wok_entities/LOC/dev/CR0-OCCT691-7-CR0-OCCT691-occt-64/inc/Handle_MXCAFDoc_DatumRetrievalDriver.hxx
+M MXCAFDoc:pubinclude:MXCAFDoc_DatumRetrievalDriver.hxx /misc/dn61/LocalWOK/wok_entities/LOC/dev/CR0-OCCT691-7-CR0-OCCT691-occt-64/inc/MXCAFDoc_DatumRetrievalDriver.hxx
+M MXCAFDoc:privinclude:MXCAFDoc_DatumRetrievalDriver.jxx /misc/dn61/LocalWOK/wok_entities/LOC/dev/CR0-OCCT691-7-CR0-OCCT691-occt-64/drv/MXCAFDoc/MXCAFDoc_DatumRetrievalDriver.jxx
+M MXCAFDoc:privinclude:MXCAFDoc_DatumRetrievalDriver.ixx /misc/dn61/LocalWOK/wok_entities/LOC/dev/CR0-OCCT691-7-CR0-OCCT691-occt-64/drv/MXCAFDoc/MXCAFDoc_DatumRetrievalDriver.ixx
+M MXCAFDoc:pubinclude:Handle_MXCAFDoc_DimTolStorageDriver.hxx /misc/dn61/LocalWOK/wok_entities/LOC/dev/CR0-OCCT691-7-CR0-OCCT691-occt-64/inc/Handle_MXCAFDoc_DimTolStorageDriver.hxx
+M MXCAFDoc:pubinclude:MXCAFDoc_DimTolStorageDriver.hxx /misc/dn61/LocalWOK/wok_entities/LOC/dev/CR0-OCCT691-7-CR0-OCCT691-occt-64/inc/MXCAFDoc_DimTolStorageDriver.hxx
+M MXCAFDoc:privinclude:MXCAFDoc_DimTolStorageDriver.jxx /misc/dn61/LocalWOK/wok_entities/LOC/dev/CR0-OCCT691-7-CR0-OCCT691-occt-64/drv/MXCAFDoc/MXCAFDoc_DimTolStorageDriver.jxx
+M MXCAFDoc:privinclude:MXCAFDoc_DimTolStorageDriver.ixx /misc/dn61/LocalWOK/wok_entities/LOC/dev/CR0-OCCT691-7-CR0-OCCT691-occt-64/drv/MXCAFDoc/MXCAFDoc_DimTolStorageDriver.ixx
+M MXCAFDoc:pubinclude:Handle_MXCAFDoc_DimTolRetrievalDriver.hxx /misc/dn61/LocalWOK/wok_entities/LOC/dev/CR0-OCCT691-7-CR0-OCCT691-occt-64/inc/Handle_MXCAFDoc_DimTolRetrievalDriver.hxx
+M MXCAFDoc:pubinclude:MXCAFDoc_DimTolRetrievalDriver.hxx /misc/dn61/LocalWOK/wok_entities/LOC/dev/CR0-OCCT691-7-CR0-OCCT691-occt-64/inc/MXCAFDoc_DimTolRetrievalDriver.hxx
+M MXCAFDoc:privinclude:MXCAFDoc_DimTolRetrievalDriver.jxx /misc/dn61/LocalWOK/wok_entities/LOC/dev/CR0-OCCT691-7-CR0-OCCT691-occt-64/drv/MXCAFDoc/MXCAFDoc_DimTolRetrievalDriver.jxx
+M MXCAFDoc:privinclude:MXCAFDoc_DimTolRetrievalDriver.ixx /misc/dn61/LocalWOK/wok_entities/LOC/dev/CR0-OCCT691-7-CR0-OCCT691-occt-64/drv/MXCAFDoc/MXCAFDoc_DimTolRetrievalDriver.ixx
+M MXCAFDoc:pubinclude:Handle_MXCAFDoc_DimTolToolRetrievalDriver.hxx /misc/dn61/LocalWOK/wok_entities/LOC/dev/CR0-OCCT691-7-CR0-OCCT691-occt-64/inc/Handle_MXCAFDoc_DimTolToolRetrievalDriver.hxx
+M MXCAFDoc:pubinclude:MXCAFDoc_DimTolToolRetrievalDriver.hxx /misc/dn61/LocalWOK/wok_entities/LOC/dev/CR0-OCCT691-7-CR0-OCCT691-occt-64/inc/MXCAFDoc_DimTolToolRetrievalDriver.hxx
+M MXCAFDoc:privinclude:MXCAFDoc_DimTolToolRetrievalDriver.jxx /misc/dn61/LocalWOK/wok_entities/LOC/dev/CR0-OCCT691-7-CR0-OCCT691-occt-64/drv/MXCAFDoc/MXCAFDoc_DimTolToolRetrievalDriver.jxx
+M MXCAFDoc:privinclude:MXCAFDoc_DimTolToolRetrievalDriver.ixx /misc/dn61/LocalWOK/wok_entities/LOC/dev/CR0-OCCT691-7-CR0-OCCT691-occt-64/drv/MXCAFDoc/MXCAFDoc_DimTolToolRetrievalDriver.ixx
+M MXCAFDoc:pubinclude:Handle_MXCAFDoc_DimTolToolStorageDriver.hxx /misc/dn61/LocalWOK/wok_entities/LOC/dev/CR0-OCCT691-7-CR0-OCCT691-occt-64/inc/Handle_MXCAFDoc_DimTolToolStorageDriver.hxx
+M MXCAFDoc:pubinclude:MXCAFDoc_DimTolToolStorageDriver.hxx /misc/dn61/LocalWOK/wok_entities/LOC/dev/CR0-OCCT691-7-CR0-OCCT691-occt-64/inc/MXCAFDoc_DimTolToolStorageDriver.hxx
+M MXCAFDoc:privinclude:MXCAFDoc_DimTolToolStorageDriver.jxx /misc/dn61/LocalWOK/wok_entities/LOC/dev/CR0-OCCT691-7-CR0-OCCT691-occt-64/drv/MXCAFDoc/MXCAFDoc_DimTolToolStorageDriver.jxx
+M MXCAFDoc:privinclude:MXCAFDoc_DimTolToolStorageDriver.ixx /misc/dn61/LocalWOK/wok_entities/LOC/dev/CR0-OCCT691-7-CR0-OCCT691-occt-64/drv/MXCAFDoc/MXCAFDoc_DimTolToolStorageDriver.ixx
+M MXCAFDoc:pubinclude:Handle_MXCAFDoc_MaterialStorageDriver.hxx /misc/dn61/LocalWOK/wok_entities/LOC/dev/CR0-OCCT691-7-CR0-OCCT691-occt-64/inc/Handle_MXCAFDoc_MaterialStorageDriver.hxx
+M MXCAFDoc:pubinclude:MXCAFDoc_MaterialStorageDriver.hxx /misc/dn61/LocalWOK/wok_entities/LOC/dev/CR0-OCCT691-7-CR0-OCCT691-occt-64/inc/MXCAFDoc_MaterialStorageDriver.hxx
+M MXCAFDoc:privinclude:MXCAFDoc_MaterialStorageDriver.jxx /misc/dn61/LocalWOK/wok_entities/LOC/dev/CR0-OCCT691-7-CR0-OCCT691-occt-64/drv/MXCAFDoc/MXCAFDoc_MaterialStorageDriver.jxx
+M MXCAFDoc:privinclude:MXCAFDoc_MaterialStorageDriver.ixx /misc/dn61/LocalWOK/wok_entities/LOC/dev/CR0-OCCT691-7-CR0-OCCT691-occt-64/drv/MXCAFDoc/MXCAFDoc_MaterialStorageDriver.ixx
+M MXCAFDoc:pubinclude:Handle_MXCAFDoc_MaterialRetrievalDriver.hxx /misc/dn61/LocalWOK/wok_entities/LOC/dev/CR0-OCCT691-7-CR0-OCCT691-occt-64/inc/Handle_MXCAFDoc_MaterialRetrievalDriver.hxx
+M MXCAFDoc:pubinclude:MXCAFDoc_MaterialRetrievalDriver.hxx /misc/dn61/LocalWOK/wok_entities/LOC/dev/CR0-OCCT691-7-CR0-OCCT691-occt-64/inc/MXCAFDoc_MaterialRetrievalDriver.hxx
+M MXCAFDoc:privinclude:MXCAFDoc_MaterialRetrievalDriver.jxx /misc/dn61/LocalWOK/wok_entities/LOC/dev/CR0-OCCT691-7-CR0-OCCT691-occt-64/drv/MXCAFDoc/MXCAFDoc_MaterialRetrievalDriver.jxx
+M MXCAFDoc:privinclude:MXCAFDoc_MaterialRetrievalDriver.ixx /misc/dn61/LocalWOK/wok_entities/LOC/dev/CR0-OCCT691-7-CR0-OCCT691-occt-64/drv/MXCAFDoc/MXCAFDoc_MaterialRetrievalDriver.ixx
+M MXCAFDoc:pubinclude:Handle_MXCAFDoc_MaterialToolRetrievalDriver.hxx /misc/dn61/LocalWOK/wok_entities/LOC/dev/CR0-OCCT691-7-CR0-OCCT691-occt-64/inc/Handle_MXCAFDoc_MaterialToolRetrievalDriver.hxx
+M MXCAFDoc:pubinclude:MXCAFDoc_MaterialToolRetrievalDriver.hxx /misc/dn61/LocalWOK/wok_entities/LOC/dev/CR0-OCCT691-7-CR0-OCCT691-occt-64/inc/MXCAFDoc_MaterialToolRetrievalDriver.hxx
+M MXCAFDoc:privinclude:MXCAFDoc_MaterialToolRetrievalDriver.jxx /misc/dn61/LocalWOK/wok_entities/LOC/dev/CR0-OCCT691-7-CR0-OCCT691-occt-64/drv/MXCAFDoc/MXCAFDoc_MaterialToolRetrievalDriver.jxx
+M MXCAFDoc:privinclude:MXCAFDoc_MaterialToolRetrievalDriver.ixx /misc/dn61/LocalWOK/wok_entities/LOC/dev/CR0-OCCT691-7-CR0-OCCT691-occt-64/drv/MXCAFDoc/MXCAFDoc_MaterialToolRetrievalDriver.ixx
+M MXCAFDoc:pubinclude:Handle_MXCAFDoc_MaterialToolStorageDriver.hxx /misc/dn61/LocalWOK/wok_entities/LOC/dev/CR0-OCCT691-7-CR0-OCCT691-occt-64/inc/Handle_MXCAFDoc_MaterialToolStorageDriver.hxx
+M MXCAFDoc:pubinclude:MXCAFDoc_MaterialToolStorageDriver.hxx /misc/dn61/LocalWOK/wok_entities/LOC/dev/CR0-OCCT691-7-CR0-OCCT691-occt-64/inc/MXCAFDoc_MaterialToolStorageDriver.hxx
+M MXCAFDoc:privinclude:MXCAFDoc_MaterialToolStorageDriver.jxx /misc/dn61/LocalWOK/wok_entities/LOC/dev/CR0-OCCT691-7-CR0-OCCT691-occt-64/drv/MXCAFDoc/MXCAFDoc_MaterialToolStorageDriver.jxx
+M MXCAFDoc:privinclude:MXCAFDoc_MaterialToolStorageDriver.ixx /misc/dn61/LocalWOK/wok_entities/LOC/dev/CR0-OCCT691-7-CR0-OCCT691-occt-64/drv/MXCAFDoc/MXCAFDoc_MaterialToolStorageDriver.ixx
+M MXCAFDoc:dbadmfile:MXCAFDoc_xcpp_header.In /misc/dn61/LocalWOK/wok_entities/LOC/dev/CR0-OCCT691-7-CR0-OCCT691-occt-64/drv/MXCAFDoc/.adm/MXCAFDoc_xcpp_header.In
+M MXCAFDoc:dbadmfile:MXCAFDoc_xcpp_header.Out /misc/dn61/LocalWOK/wok_entities/LOC/dev/CR0-OCCT691-7-CR0-OCCT691-occt-64/drv/MXCAFDoc/.adm/MXCAFDoc_xcpp_header.Out
+M MXCAFDoc:dbadmfile:MXCAFDoc_xcpp_header.Dep /misc/dn61/LocalWOK/wok_entities/LOC/dev/CR0-OCCT691-7-CR0-OCCT691-occt-64/drv/MXCAFDoc/.adm/MXCAFDoc_xcpp_header.Dep
