+M TShort:pubinclude:TShort_Array1OfShortReal.hxx /misc/dn61/LocalWOK/wok_entities/LOC/dev/CR0-OCCT691-7-CR0-OCCT691-occt-64/inc/TShort_Array1OfShortReal.hxx
+M TShort:derivated:TShort_Array1OfShortReal_0.cxx /misc/dn61/LocalWOK/wok_entities/LOC/dev/CR0-OCCT691-7-CR0-OCCT691-occt-64/drv/TShort/TShort_Array1OfShortReal_0.cxx
+M TShort:pubinclude:Handle_TShort_HArray1OfShortReal.hxx /misc/dn61/LocalWOK/wok_entities/LOC/dev/CR0-OCCT691-7-CR0-OCCT691-occt-64/inc/Handle_TShort_HArray1OfShortReal.hxx
+M TShort:pubinclude:TShort_HArray1OfShortReal.hxx /misc/dn61/LocalWOK/wok_entities/LOC/dev/CR0-OCCT691-7-CR0-OCCT691-occt-64/inc/TShort_HArray1OfShortReal.hxx
+M TShort:derivated:TShort_HArray1OfShortReal_0.cxx /misc/dn61/LocalWOK/wok_entities/LOC/dev/CR0-OCCT691-7-CR0-OCCT691-occt-64/drv/TShort/TShort_HArray1OfShortReal_0.cxx
+M TShort:pubinclude:TShort_Array2OfShortReal.hxx /misc/dn61/LocalWOK/wok_entities/LOC/dev/CR0-OCCT691-7-CR0-OCCT691-occt-64/inc/TShort_Array2OfShortReal.hxx
+M TShort:derivated:TShort_Array2OfShortReal_0.cxx /misc/dn61/LocalWOK/wok_entities/LOC/dev/CR0-OCCT691-7-CR0-OCCT691-occt-64/drv/TShort/TShort_Array2OfShortReal_0.cxx
+M TShort:pubinclude:Handle_TShort_HArray2OfShortReal.hxx /misc/dn61/LocalWOK/wok_entities/LOC/dev/CR0-OCCT691-7-CR0-OCCT691-occt-64/inc/Handle_TShort_HArray2OfShortReal.hxx
+M TShort:pubinclude:TShort_HArray2OfShortReal.hxx /misc/dn61/LocalWOK/wok_entities/LOC/dev/CR0-OCCT691-7-CR0-OCCT691-occt-64/inc/TShort_HArray2OfShortReal.hxx
+M TShort:derivated:TShort_HArray2OfShortReal_0.cxx /misc/dn61/LocalWOK/wok_entities/LOC/dev/CR0-OCCT691-7-CR0-OCCT691-occt-64/drv/TShort/TShort_HArray2OfShortReal_0.cxx
+M TShort:pubinclude:TShort_SequenceOfShortReal.hxx /misc/dn61/LocalWOK/wok_entities/LOC/dev/CR0-OCCT691-7-CR0-OCCT691-occt-64/inc/TShort_SequenceOfShortReal.hxx
+M TShort:derivated:TShort_SequenceOfShortReal_0.cxx /misc/dn61/LocalWOK/wok_entities/LOC/dev/CR0-OCCT691-7-CR0-OCCT691-occt-64/drv/TShort/TShort_SequenceOfShortReal_0.cxx
+M TShort:pubinclude:Handle_TShort_HSequenceOfShortReal.hxx /misc/dn61/LocalWOK/wok_entities/LOC/dev/CR0-OCCT691-7-CR0-OCCT691-occt-64/inc/Handle_TShort_HSequenceOfShortReal.hxx
+M TShort:pubinclude:TShort_HSequenceOfShortReal.hxx /misc/dn61/LocalWOK/wok_entities/LOC/dev/CR0-OCCT691-7-CR0-OCCT691-occt-64/inc/TShort_HSequenceOfShortReal.hxx
+M TShort:derivated:TShort_HSequenceOfShortReal_0.cxx /misc/dn61/LocalWOK/wok_entities/LOC/dev/CR0-OCCT691-7-CR0-OCCT691-occt-64/drv/TShort/TShort_HSequenceOfShortReal_0.cxx
+M TShort:pubinclude:Handle_TShort_SequenceNodeOfSequenceOfShortReal.hxx /misc/dn61/LocalWOK/wok_entities/LOC/dev/CR0-OCCT691-7-CR0-OCCT691-occt-64/inc/Handle_TShort_SequenceNodeOfSequenceOfShortReal.hxx
+M TShort:pubinclude:TShort_SequenceNodeOfSequenceOfShortReal.hxx /misc/dn61/LocalWOK/wok_entities/LOC/dev/CR0-OCCT691-7-CR0-OCCT691-occt-64/inc/TShort_SequenceNodeOfSequenceOfShortReal.hxx
+M TShort:derivated:TShort_SequenceNodeOfSequenceOfShortReal_0.cxx /misc/dn61/LocalWOK/wok_entities/LOC/dev/CR0-OCCT691-7-CR0-OCCT691-occt-64/drv/TShort/TShort_SequenceNodeOfSequenceOfShortReal_0.cxx
+M TShort:dbadmfile:TShort_xcpp_header.In /misc/dn61/LocalWOK/wok_entities/LOC/dev/CR0-OCCT691-7-CR0-OCCT691-occt-64/drv/TShort/.adm/TShort_xcpp_header.In
+M TShort:dbadmfile:TShort_xcpp_header.Out /misc/dn61/LocalWOK/wok_entities/LOC/dev/CR0-OCCT691-7-CR0-OCCT691-occt-64/drv/TShort/.adm/TShort_xcpp_header.Out
+M TShort:dbadmfile:TShort_xcpp_header.Dep /misc/dn61/LocalWOK/wok_entities/LOC/dev/CR0-OCCT691-7-CR0-OCCT691-occt-64/drv/TShort/.adm/TShort_xcpp_header.Dep
