+M AppDef:pubinclude:AppDef_MultiPointConstraint.hxx /misc/dn61/LocalWOK/wok_entities/LOC/dev/CR0-OCCT691-7-CR0-OCCT691-occt-64/inc/AppDef_MultiPointConstraint.hxx
+M AppDef:privinclude:AppDef_MultiPointConstraint.jxx /misc/dn61/LocalWOK/wok_entities/LOC/dev/CR0-OCCT691-7-CR0-OCCT691-occt-64/drv/AppDef/AppDef_MultiPointConstraint.jxx
+M AppDef:privinclude:AppDef_MultiPointConstraint.ixx /misc/dn61/LocalWOK/wok_entities/LOC/dev/CR0-OCCT691-7-CR0-OCCT691-occt-64/drv/AppDef/AppDef_MultiPointConstraint.ixx
+M AppDef:pubinclude:AppDef_MultiLine.hxx /misc/dn61/LocalWOK/wok_entities/LOC/dev/CR0-OCCT691-7-CR0-OCCT691-occt-64/inc/AppDef_MultiLine.hxx
+M AppDef:privinclude:AppDef_MultiLine.jxx /misc/dn61/LocalWOK/wok_entities/LOC/dev/CR0-OCCT691-7-CR0-OCCT691-occt-64/drv/AppDef/AppDef_MultiLine.jxx
+M AppDef:privinclude:AppDef_MultiLine.ixx /misc/dn61/LocalWOK/wok_entities/LOC/dev/CR0-OCCT691-7-CR0-OCCT691-occt-64/drv/AppDef/AppDef_MultiLine.ixx
+M AppDef:pubinclude:AppDef_MyLineTool.hxx /misc/dn61/LocalWOK/wok_entities/LOC/dev/CR0-OCCT691-7-CR0-OCCT691-occt-64/inc/AppDef_MyLineTool.hxx
+M AppDef:privinclude:AppDef_MyLineTool.jxx /misc/dn61/LocalWOK/wok_entities/LOC/dev/CR0-OCCT691-7-CR0-OCCT691-occt-64/drv/AppDef/AppDef_MyLineTool.jxx
+M AppDef:privinclude:AppDef_MyLineTool.ixx /misc/dn61/LocalWOK/wok_entities/LOC/dev/CR0-OCCT691-7-CR0-OCCT691-occt-64/drv/AppDef/AppDef_MyLineTool.ixx
+M AppDef:pubinclude:Handle_AppDef_SmoothCriterion.hxx /misc/dn61/LocalWOK/wok_entities/LOC/dev/CR0-OCCT691-7-CR0-OCCT691-occt-64/inc/Handle_AppDef_SmoothCriterion.hxx
+M AppDef:pubinclude:AppDef_SmoothCriterion.hxx /misc/dn61/LocalWOK/wok_entities/LOC/dev/CR0-OCCT691-7-CR0-OCCT691-occt-64/inc/AppDef_SmoothCriterion.hxx
+M AppDef:privinclude:AppDef_SmoothCriterion.jxx /misc/dn61/LocalWOK/wok_entities/LOC/dev/CR0-OCCT691-7-CR0-OCCT691-occt-64/drv/AppDef/AppDef_SmoothCriterion.jxx
+M AppDef:privinclude:AppDef_SmoothCriterion.ixx /misc/dn61/LocalWOK/wok_entities/LOC/dev/CR0-OCCT691-7-CR0-OCCT691-occt-64/drv/AppDef/AppDef_SmoothCriterion.ixx
+M AppDef:pubinclude:Handle_AppDef_LinearCriteria.hxx /misc/dn61/LocalWOK/wok_entities/LOC/dev/CR0-OCCT691-7-CR0-OCCT691-occt-64/inc/Handle_AppDef_LinearCriteria.hxx
+M AppDef:pubinclude:AppDef_LinearCriteria.hxx /misc/dn61/LocalWOK/wok_entities/LOC/dev/CR0-OCCT691-7-CR0-OCCT691-occt-64/inc/AppDef_LinearCriteria.hxx
+M AppDef:privinclude:AppDef_LinearCriteria.jxx /misc/dn61/LocalWOK/wok_entities/LOC/dev/CR0-OCCT691-7-CR0-OCCT691-occt-64/drv/AppDef/AppDef_LinearCriteria.jxx
+M AppDef:privinclude:AppDef_LinearCriteria.ixx /misc/dn61/LocalWOK/wok_entities/LOC/dev/CR0-OCCT691-7-CR0-OCCT691-occt-64/drv/AppDef/AppDef_LinearCriteria.ixx
+M AppDef:pubinclude:AppDef_Variational.hxx /misc/dn61/LocalWOK/wok_entities/LOC/dev/CR0-OCCT691-7-CR0-OCCT691-occt-64/inc/AppDef_Variational.hxx
+M AppDef:privinclude:AppDef_Variational.jxx /misc/dn61/LocalWOK/wok_entities/LOC/dev/CR0-OCCT691-7-CR0-OCCT691-occt-64/drv/AppDef/AppDef_Variational.jxx
+M AppDef:privinclude:AppDef_Variational.ixx /misc/dn61/LocalWOK/wok_entities/LOC/dev/CR0-OCCT691-7-CR0-OCCT691-occt-64/drv/AppDef/AppDef_Variational.ixx
+M AppDef:pubinclude:AppDef_TheLeastSquares.hxx /misc/dn61/LocalWOK/wok_entities/LOC/dev/CR0-OCCT691-7-CR0-OCCT691-occt-64/inc/AppDef_TheLeastSquares.hxx
+M AppDef:derivated:AppDef_TheLeastSquares_0.cxx /misc/dn61/LocalWOK/wok_entities/LOC/dev/CR0-OCCT691-7-CR0-OCCT691-occt-64/drv/AppDef/AppDef_TheLeastSquares_0.cxx
+M AppDef:pubinclude:AppDef_TheResol.hxx /misc/dn61/LocalWOK/wok_entities/LOC/dev/CR0-OCCT691-7-CR0-OCCT691-occt-64/inc/AppDef_TheResol.hxx
+M AppDef:derivated:AppDef_TheResol_0.cxx /misc/dn61/LocalWOK/wok_entities/LOC/dev/CR0-OCCT691-7-CR0-OCCT691-occt-64/drv/AppDef/AppDef_TheResol_0.cxx
+M AppDef:pubinclude:AppDef_TheFunction.hxx /misc/dn61/LocalWOK/wok_entities/LOC/dev/CR0-OCCT691-7-CR0-OCCT691-occt-64/inc/AppDef_TheFunction.hxx
+M AppDef:derivated:AppDef_TheFunction_0.cxx /misc/dn61/LocalWOK/wok_entities/LOC/dev/CR0-OCCT691-7-CR0-OCCT691-occt-64/drv/AppDef/AppDef_TheFunction_0.cxx
+M AppDef:pubinclude:AppDef_TheGradient.hxx /misc/dn61/LocalWOK/wok_entities/LOC/dev/CR0-OCCT691-7-CR0-OCCT691-occt-64/inc/AppDef_TheGradient.hxx
+M AppDef:derivated:AppDef_TheGradient_0.cxx /misc/dn61/LocalWOK/wok_entities/LOC/dev/CR0-OCCT691-7-CR0-OCCT691-occt-64/drv/AppDef/AppDef_TheGradient_0.cxx
+M AppDef:pubinclude:AppDef_Compute.hxx /misc/dn61/LocalWOK/wok_entities/LOC/dev/CR0-OCCT691-7-CR0-OCCT691-occt-64/inc/AppDef_Compute.hxx
+M AppDef:derivated:AppDef_Compute_0.cxx /misc/dn61/LocalWOK/wok_entities/LOC/dev/CR0-OCCT691-7-CR0-OCCT691-occt-64/drv/AppDef/AppDef_Compute_0.cxx
+M AppDef:pubinclude:AppDef_BSplineCompute.hxx /misc/dn61/LocalWOK/wok_entities/LOC/dev/CR0-OCCT691-7-CR0-OCCT691-occt-64/inc/AppDef_BSplineCompute.hxx
+M AppDef:derivated:AppDef_BSplineCompute_0.cxx /misc/dn61/LocalWOK/wok_entities/LOC/dev/CR0-OCCT691-7-CR0-OCCT691-occt-64/drv/AppDef/AppDef_BSplineCompute_0.cxx
+M AppDef:pubinclude:AppDef_Array1OfMultiPointConstraint.hxx /misc/dn61/LocalWOK/wok_entities/LOC/dev/CR0-OCCT691-7-CR0-OCCT691-occt-64/inc/AppDef_Array1OfMultiPointConstraint.hxx
+M AppDef:derivated:AppDef_Array1OfMultiPointConstraint_0.cxx /misc/dn61/LocalWOK/wok_entities/LOC/dev/CR0-OCCT691-7-CR0-OCCT691-occt-64/drv/AppDef/AppDef_Array1OfMultiPointConstraint_0.cxx
+M AppDef:pubinclude:Handle_AppDef_HArray1OfMultiPointConstraint.hxx /misc/dn61/LocalWOK/wok_entities/LOC/dev/CR0-OCCT691-7-CR0-OCCT691-occt-64/inc/Handle_AppDef_HArray1OfMultiPointConstraint.hxx
+M AppDef:pubinclude:AppDef_HArray1OfMultiPointConstraint.hxx /misc/dn61/LocalWOK/wok_entities/LOC/dev/CR0-OCCT691-7-CR0-OCCT691-occt-64/inc/AppDef_HArray1OfMultiPointConstraint.hxx
+M AppDef:derivated:AppDef_HArray1OfMultiPointConstraint_0.cxx /misc/dn61/LocalWOK/wok_entities/LOC/dev/CR0-OCCT691-7-CR0-OCCT691-occt-64/drv/AppDef/AppDef_HArray1OfMultiPointConstraint_0.cxx
+M AppDef:pubinclude:AppDef_ParLeastSquareOfTheGradient.hxx /misc/dn61/LocalWOK/wok_entities/LOC/dev/CR0-OCCT691-7-CR0-OCCT691-occt-64/inc/AppDef_ParLeastSquareOfTheGradient.hxx
+M AppDef:derivated:AppDef_ParLeastSquareOfTheGradient_0.cxx /misc/dn61/LocalWOK/wok_entities/LOC/dev/CR0-OCCT691-7-CR0-OCCT691-occt-64/drv/AppDef/AppDef_ParLeastSquareOfTheGradient_0.cxx
+M AppDef:pubinclude:AppDef_ResConstraintOfTheGradient.hxx /misc/dn61/LocalWOK/wok_entities/LOC/dev/CR0-OCCT691-7-CR0-OCCT691-occt-64/inc/AppDef_ResConstraintOfTheGradient.hxx
+M AppDef:derivated:AppDef_ResConstraintOfTheGradient_0.cxx /misc/dn61/LocalWOK/wok_entities/LOC/dev/CR0-OCCT691-7-CR0-OCCT691-occt-64/drv/AppDef/AppDef_ResConstraintOfTheGradient_0.cxx
+M AppDef:pubinclude:AppDef_ParFunctionOfTheGradient.hxx /misc/dn61/LocalWOK/wok_entities/LOC/dev/CR0-OCCT691-7-CR0-OCCT691-occt-64/inc/AppDef_ParFunctionOfTheGradient.hxx
+M AppDef:derivated:AppDef_ParFunctionOfTheGradient_0.cxx /misc/dn61/LocalWOK/wok_entities/LOC/dev/CR0-OCCT691-7-CR0-OCCT691-occt-64/drv/AppDef/AppDef_ParFunctionOfTheGradient_0.cxx
+M AppDef:pubinclude:AppDef_Gradient_BFGSOfTheGradient.hxx /misc/dn61/LocalWOK/wok_entities/LOC/dev/CR0-OCCT691-7-CR0-OCCT691-occt-64/inc/AppDef_Gradient_BFGSOfTheGradient.hxx
+M AppDef:derivated:AppDef_Gradient_BFGSOfTheGradient_0.cxx /misc/dn61/LocalWOK/wok_entities/LOC/dev/CR0-OCCT691-7-CR0-OCCT691-occt-64/drv/AppDef/AppDef_Gradient_BFGSOfTheGradient_0.cxx
+M AppDef:pubinclude:AppDef_ParLeastSquareOfMyGradientOfCompute.hxx /misc/dn61/LocalWOK/wok_entities/LOC/dev/CR0-OCCT691-7-CR0-OCCT691-occt-64/inc/AppDef_ParLeastSquareOfMyGradientOfCompute.hxx
+M AppDef:derivated:AppDef_ParLeastSquareOfMyGradientOfCompute_0.cxx /misc/dn61/LocalWOK/wok_entities/LOC/dev/CR0-OCCT691-7-CR0-OCCT691-occt-64/drv/AppDef/AppDef_ParLeastSquareOfMyGradientOfCompute_0.cxx
+M AppDef:pubinclude:AppDef_ResConstraintOfMyGradientOfCompute.hxx /misc/dn61/LocalWOK/wok_entities/LOC/dev/CR0-OCCT691-7-CR0-OCCT691-occt-64/inc/AppDef_ResConstraintOfMyGradientOfCompute.hxx
+M AppDef:derivated:AppDef_ResConstraintOfMyGradientOfCompute_0.cxx /misc/dn61/LocalWOK/wok_entities/LOC/dev/CR0-OCCT691-7-CR0-OCCT691-occt-64/drv/AppDef/AppDef_ResConstraintOfMyGradientOfCompute_0.cxx
+M AppDef:pubinclude:AppDef_ParFunctionOfMyGradientOfCompute.hxx /misc/dn61/LocalWOK/wok_entities/LOC/dev/CR0-OCCT691-7-CR0-OCCT691-occt-64/inc/AppDef_ParFunctionOfMyGradientOfCompute.hxx
+M AppDef:derivated:AppDef_ParFunctionOfMyGradientOfCompute_0.cxx /misc/dn61/LocalWOK/wok_entities/LOC/dev/CR0-OCCT691-7-CR0-OCCT691-occt-64/drv/AppDef/AppDef_ParFunctionOfMyGradientOfCompute_0.cxx
+M AppDef:pubinclude:AppDef_Gradient_BFGSOfMyGradientOfCompute.hxx /misc/dn61/LocalWOK/wok_entities/LOC/dev/CR0-OCCT691-7-CR0-OCCT691-occt-64/inc/AppDef_Gradient_BFGSOfMyGradientOfCompute.hxx
+M AppDef:derivated:AppDef_Gradient_BFGSOfMyGradientOfCompute_0.cxx /misc/dn61/LocalWOK/wok_entities/LOC/dev/CR0-OCCT691-7-CR0-OCCT691-occt-64/drv/AppDef/AppDef_Gradient_BFGSOfMyGradientOfCompute_0.cxx
+M AppDef:pubinclude:AppDef_MyGradientOfCompute.hxx /misc/dn61/LocalWOK/wok_entities/LOC/dev/CR0-OCCT691-7-CR0-OCCT691-occt-64/inc/AppDef_MyGradientOfCompute.hxx
+M AppDef:derivated:AppDef_MyGradientOfCompute_0.cxx /misc/dn61/LocalWOK/wok_entities/LOC/dev/CR0-OCCT691-7-CR0-OCCT691-occt-64/drv/AppDef/AppDef_MyGradientOfCompute_0.cxx
+M AppDef:pubinclude:AppDef_BSpParLeastSquareOfMyBSplGradientOfBSplineCompute.hxx /misc/dn61/LocalWOK/wok_entities/LOC/dev/CR0-OCCT691-7-CR0-OCCT691-occt-64/inc/AppDef_BSpParLeastSquareOfMyBSplGradientOfBSplineCompute.hxx
+M AppDef:derivated:AppDef_BSpParLeastSquareOfMyBSplGradientOfBSplineCompute_0.cxx /misc/dn61/LocalWOK/wok_entities/LOC/dev/CR0-OCCT691-7-CR0-OCCT691-occt-64/drv/AppDef/AppDef_BSpParLeastSquareOfMyBSplGradientOfBSplineCompute_0.cxx
+M AppDef:pubinclude:AppDef_BSpParFunctionOfMyBSplGradientOfBSplineCompute.hxx /misc/dn61/LocalWOK/wok_entities/LOC/dev/CR0-OCCT691-7-CR0-OCCT691-occt-64/inc/AppDef_BSpParFunctionOfMyBSplGradientOfBSplineCompute.hxx
+M AppDef:derivated:AppDef_BSpParFunctionOfMyBSplGradientOfBSplineCompute_0.cxx /misc/dn61/LocalWOK/wok_entities/LOC/dev/CR0-OCCT691-7-CR0-OCCT691-occt-64/drv/AppDef/AppDef_BSpParFunctionOfMyBSplGradientOfBSplineCompute_0.cxx
+M AppDef:pubinclude:AppDef_BSpGradient_BFGSOfMyBSplGradientOfBSplineCompute.hxx /misc/dn61/LocalWOK/wok_entities/LOC/dev/CR0-OCCT691-7-CR0-OCCT691-occt-64/inc/AppDef_BSpGradient_BFGSOfMyBSplGradientOfBSplineCompute.hxx
+M AppDef:derivated:AppDef_BSpGradient_BFGSOfMyBSplGradientOfBSplineCompute_0.cxx /misc/dn61/LocalWOK/wok_entities/LOC/dev/CR0-OCCT691-7-CR0-OCCT691-occt-64/drv/AppDef/AppDef_BSpGradient_BFGSOfMyBSplGradientOfBSplineCompute_0.cxx
+M AppDef:pubinclude:AppDef_MyBSplGradientOfBSplineCompute.hxx /misc/dn61/LocalWOK/wok_entities/LOC/dev/CR0-OCCT691-7-CR0-OCCT691-occt-64/inc/AppDef_MyBSplGradientOfBSplineCompute.hxx
+M AppDef:derivated:AppDef_MyBSplGradientOfBSplineCompute_0.cxx /misc/dn61/LocalWOK/wok_entities/LOC/dev/CR0-OCCT691-7-CR0-OCCT691-occt-64/drv/AppDef/AppDef_MyBSplGradientOfBSplineCompute_0.cxx
+M AppDef:pubinclude:AppDef_ParLeastSquareOfMyGradientbisOfBSplineCompute.hxx /misc/dn61/LocalWOK/wok_entities/LOC/dev/CR0-OCCT691-7-CR0-OCCT691-occt-64/inc/AppDef_ParLeastSquareOfMyGradientbisOfBSplineCompute.hxx
+M AppDef:derivated:AppDef_ParLeastSquareOfMyGradientbisOfBSplineCompute_0.cxx /misc/dn61/LocalWOK/wok_entities/LOC/dev/CR0-OCCT691-7-CR0-OCCT691-occt-64/drv/AppDef/AppDef_ParLeastSquareOfMyGradientbisOfBSplineCompute_0.cxx
+M AppDef:pubinclude:AppDef_ResConstraintOfMyGradientbisOfBSplineCompute.hxx /misc/dn61/LocalWOK/wok_entities/LOC/dev/CR0-OCCT691-7-CR0-OCCT691-occt-64/inc/AppDef_ResConstraintOfMyGradientbisOfBSplineCompute.hxx
+M AppDef:derivated:AppDef_ResConstraintOfMyGradientbisOfBSplineCompute_0.cxx /misc/dn61/LocalWOK/wok_entities/LOC/dev/CR0-OCCT691-7-CR0-OCCT691-occt-64/drv/AppDef/AppDef_ResConstraintOfMyGradientbisOfBSplineCompute_0.cxx
+M AppDef:pubinclude:AppDef_ParFunctionOfMyGradientbisOfBSplineCompute.hxx /misc/dn61/LocalWOK/wok_entities/LOC/dev/CR0-OCCT691-7-CR0-OCCT691-occt-64/inc/AppDef_ParFunctionOfMyGradientbisOfBSplineCompute.hxx
+M AppDef:derivated:AppDef_ParFunctionOfMyGradientbisOfBSplineCompute_0.cxx /misc/dn61/LocalWOK/wok_entities/LOC/dev/CR0-OCCT691-7-CR0-OCCT691-occt-64/drv/AppDef/AppDef_ParFunctionOfMyGradientbisOfBSplineCompute_0.cxx
+M AppDef:pubinclude:AppDef_Gradient_BFGSOfMyGradientbisOfBSplineCompute.hxx /misc/dn61/LocalWOK/wok_entities/LOC/dev/CR0-OCCT691-7-CR0-OCCT691-occt-64/inc/AppDef_Gradient_BFGSOfMyGradientbisOfBSplineCompute.hxx
+M AppDef:derivated:AppDef_Gradient_BFGSOfMyGradientbisOfBSplineCompute_0.cxx /misc/dn61/LocalWOK/wok_entities/LOC/dev/CR0-OCCT691-7-CR0-OCCT691-occt-64/drv/AppDef/AppDef_Gradient_BFGSOfMyGradientbisOfBSplineCompute_0.cxx
+M AppDef:pubinclude:AppDef_MyGradientbisOfBSplineCompute.hxx /misc/dn61/LocalWOK/wok_entities/LOC/dev/CR0-OCCT691-7-CR0-OCCT691-occt-64/inc/AppDef_MyGradientbisOfBSplineCompute.hxx
+M AppDef:derivated:AppDef_MyGradientbisOfBSplineCompute_0.cxx /misc/dn61/LocalWOK/wok_entities/LOC/dev/CR0-OCCT691-7-CR0-OCCT691-occt-64/drv/AppDef/AppDef_MyGradientbisOfBSplineCompute_0.cxx
+M AppDef:dbadmfile:AppDef_xcpp_header.In /misc/dn61/LocalWOK/wok_entities/LOC/dev/CR0-OCCT691-7-CR0-OCCT691-occt-64/drv/AppDef/.adm/AppDef_xcpp_header.In
+M AppDef:dbadmfile:AppDef_xcpp_header.Out /misc/dn61/LocalWOK/wok_entities/LOC/dev/CR0-OCCT691-7-CR0-OCCT691-occt-64/drv/AppDef/.adm/AppDef_xcpp_header.Out
+M AppDef:dbadmfile:AppDef_xcpp_header.Dep /misc/dn61/LocalWOK/wok_entities/LOC/dev/CR0-OCCT691-7-CR0-OCCT691-occt-64/drv/AppDef/.adm/AppDef_xcpp_header.Dep
