+M OSD:pubinclude:OSD.hxx /misc/dn61/LocalWOK/wok_entities/LOC/dev/CR0-OCCT691-7-CR0-OCCT691-occt-64/inc/OSD.hxx
+M OSD:privinclude:OSD.jxx /misc/dn61/LocalWOK/wok_entities/LOC/dev/CR0-OCCT691-7-CR0-OCCT691-occt-64/drv/OSD/OSD.jxx
+M OSD:privinclude:OSD.ixx /misc/dn61/LocalWOK/wok_entities/LOC/dev/CR0-OCCT691-7-CR0-OCCT691-occt-64/drv/OSD/OSD.ixx
+M OSD:pubinclude:OSD_Error.hxx /misc/dn61/LocalWOK/wok_entities/LOC/dev/CR0-OCCT691-7-CR0-OCCT691-occt-64/inc/OSD_Error.hxx
+M OSD:privinclude:OSD_Error.jxx /misc/dn61/LocalWOK/wok_entities/LOC/dev/CR0-OCCT691-7-CR0-OCCT691-occt-64/drv/OSD/OSD_Error.jxx
+M OSD:privinclude:OSD_Error.ixx /misc/dn61/LocalWOK/wok_entities/LOC/dev/CR0-OCCT691-7-CR0-OCCT691-occt-64/drv/OSD/OSD_Error.ixx
+M OSD:pubinclude:OSD_Protection.hxx /misc/dn61/LocalWOK/wok_entities/LOC/dev/CR0-OCCT691-7-CR0-OCCT691-occt-64/inc/OSD_Protection.hxx
+M OSD:privinclude:OSD_Protection.jxx /misc/dn61/LocalWOK/wok_entities/LOC/dev/CR0-OCCT691-7-CR0-OCCT691-occt-64/drv/OSD/OSD_Protection.jxx
+M OSD:privinclude:OSD_Protection.ixx /misc/dn61/LocalWOK/wok_entities/LOC/dev/CR0-OCCT691-7-CR0-OCCT691-occt-64/drv/OSD/OSD_Protection.ixx
+M OSD:pubinclude:OSD_Path.hxx /misc/dn61/LocalWOK/wok_entities/LOC/dev/CR0-OCCT691-7-CR0-OCCT691-occt-64/inc/OSD_Path.hxx
+M OSD:privinclude:OSD_Path.jxx /misc/dn61/LocalWOK/wok_entities/LOC/dev/CR0-OCCT691-7-CR0-OCCT691-occt-64/drv/OSD/OSD_Path.jxx
+M OSD:privinclude:OSD_Path.ixx /misc/dn61/LocalWOK/wok_entities/LOC/dev/CR0-OCCT691-7-CR0-OCCT691-occt-64/drv/OSD/OSD_Path.ixx
+M OSD:pubinclude:OSD_FileNode.hxx /misc/dn61/LocalWOK/wok_entities/LOC/dev/CR0-OCCT691-7-CR0-OCCT691-occt-64/inc/OSD_FileNode.hxx
+M OSD:privinclude:OSD_FileNode.jxx /misc/dn61/LocalWOK/wok_entities/LOC/dev/CR0-OCCT691-7-CR0-OCCT691-occt-64/drv/OSD/OSD_FileNode.jxx
+M OSD:privinclude:OSD_FileNode.ixx /misc/dn61/LocalWOK/wok_entities/LOC/dev/CR0-OCCT691-7-CR0-OCCT691-occt-64/drv/OSD/OSD_FileNode.ixx
+M OSD:pubinclude:OSD_Disk.hxx /misc/dn61/LocalWOK/wok_entities/LOC/dev/CR0-OCCT691-7-CR0-OCCT691-occt-64/inc/OSD_Disk.hxx
+M OSD:privinclude:OSD_Disk.jxx /misc/dn61/LocalWOK/wok_entities/LOC/dev/CR0-OCCT691-7-CR0-OCCT691-occt-64/drv/OSD/OSD_Disk.jxx
+M OSD:privinclude:OSD_Disk.ixx /misc/dn61/LocalWOK/wok_entities/LOC/dev/CR0-OCCT691-7-CR0-OCCT691-occt-64/drv/OSD/OSD_Disk.ixx
+M OSD:pubinclude:OSD_File.hxx /misc/dn61/LocalWOK/wok_entities/LOC/dev/CR0-OCCT691-7-CR0-OCCT691-occt-64/inc/OSD_File.hxx
+M OSD:privinclude:OSD_File.jxx /misc/dn61/LocalWOK/wok_entities/LOC/dev/CR0-OCCT691-7-CR0-OCCT691-occt-64/drv/OSD/OSD_File.jxx
+M OSD:privinclude:OSD_File.ixx /misc/dn61/LocalWOK/wok_entities/LOC/dev/CR0-OCCT691-7-CR0-OCCT691-occt-64/drv/OSD/OSD_File.ixx
+M OSD:pubinclude:OSD_FileIterator.hxx /misc/dn61/LocalWOK/wok_entities/LOC/dev/CR0-OCCT691-7-CR0-OCCT691-occt-64/inc/OSD_FileIterator.hxx
+M OSD:privinclude:OSD_FileIterator.jxx /misc/dn61/LocalWOK/wok_entities/LOC/dev/CR0-OCCT691-7-CR0-OCCT691-occt-64/drv/OSD/OSD_FileIterator.jxx
+M OSD:privinclude:OSD_FileIterator.ixx /misc/dn61/LocalWOK/wok_entities/LOC/dev/CR0-OCCT691-7-CR0-OCCT691-occt-64/drv/OSD/OSD_FileIterator.ixx
+M OSD:pubinclude:OSD_Directory.hxx /misc/dn61/LocalWOK/wok_entities/LOC/dev/CR0-OCCT691-7-CR0-OCCT691-occt-64/inc/OSD_Directory.hxx
+M OSD:privinclude:OSD_Directory.jxx /misc/dn61/LocalWOK/wok_entities/LOC/dev/CR0-OCCT691-7-CR0-OCCT691-occt-64/drv/OSD/OSD_Directory.jxx
+M OSD:privinclude:OSD_Directory.ixx /misc/dn61/LocalWOK/wok_entities/LOC/dev/CR0-OCCT691-7-CR0-OCCT691-occt-64/drv/OSD/OSD_Directory.ixx
+M OSD:pubinclude:OSD_DirectoryIterator.hxx /misc/dn61/LocalWOK/wok_entities/LOC/dev/CR0-OCCT691-7-CR0-OCCT691-occt-64/inc/OSD_DirectoryIterator.hxx
+M OSD:privinclude:OSD_DirectoryIterator.jxx /misc/dn61/LocalWOK/wok_entities/LOC/dev/CR0-OCCT691-7-CR0-OCCT691-occt-64/drv/OSD/OSD_DirectoryIterator.jxx
+M OSD:privinclude:OSD_DirectoryIterator.ixx /misc/dn61/LocalWOK/wok_entities/LOC/dev/CR0-OCCT691-7-CR0-OCCT691-occt-64/drv/OSD/OSD_DirectoryIterator.ixx
+M OSD:pubinclude:OSD_Chronometer.hxx /misc/dn61/LocalWOK/wok_entities/LOC/dev/CR0-OCCT691-7-CR0-OCCT691-occt-64/inc/OSD_Chronometer.hxx
+M OSD:privinclude:OSD_Chronometer.jxx /misc/dn61/LocalWOK/wok_entities/LOC/dev/CR0-OCCT691-7-CR0-OCCT691-occt-64/drv/OSD/OSD_Chronometer.jxx
+M OSD:privinclude:OSD_Chronometer.ixx /misc/dn61/LocalWOK/wok_entities/LOC/dev/CR0-OCCT691-7-CR0-OCCT691-occt-64/drv/OSD/OSD_Chronometer.ixx
+M OSD:pubinclude:OSD_Timer.hxx /misc/dn61/LocalWOK/wok_entities/LOC/dev/CR0-OCCT691-7-CR0-OCCT691-occt-64/inc/OSD_Timer.hxx
+M OSD:privinclude:OSD_Timer.jxx /misc/dn61/LocalWOK/wok_entities/LOC/dev/CR0-OCCT691-7-CR0-OCCT691-occt-64/drv/OSD/OSD_Timer.jxx
+M OSD:privinclude:OSD_Timer.ixx /misc/dn61/LocalWOK/wok_entities/LOC/dev/CR0-OCCT691-7-CR0-OCCT691-occt-64/drv/OSD/OSD_Timer.ixx
+M OSD:pubinclude:OSD_Printer.hxx /misc/dn61/LocalWOK/wok_entities/LOC/dev/CR0-OCCT691-7-CR0-OCCT691-occt-64/inc/OSD_Printer.hxx
+M OSD:privinclude:OSD_Printer.jxx /misc/dn61/LocalWOK/wok_entities/LOC/dev/CR0-OCCT691-7-CR0-OCCT691-occt-64/drv/OSD/OSD_Printer.jxx
+M OSD:privinclude:OSD_Printer.ixx /misc/dn61/LocalWOK/wok_entities/LOC/dev/CR0-OCCT691-7-CR0-OCCT691-occt-64/drv/OSD/OSD_Printer.ixx
+M OSD:pubinclude:OSD_Host.hxx /misc/dn61/LocalWOK/wok_entities/LOC/dev/CR0-OCCT691-7-CR0-OCCT691-occt-64/inc/OSD_Host.hxx
+M OSD:privinclude:OSD_Host.jxx /misc/dn61/LocalWOK/wok_entities/LOC/dev/CR0-OCCT691-7-CR0-OCCT691-occt-64/drv/OSD/OSD_Host.jxx
+M OSD:privinclude:OSD_Host.ixx /misc/dn61/LocalWOK/wok_entities/LOC/dev/CR0-OCCT691-7-CR0-OCCT691-occt-64/drv/OSD/OSD_Host.ixx
+M OSD:pubinclude:OSD_Environment.hxx /misc/dn61/LocalWOK/wok_entities/LOC/dev/CR0-OCCT691-7-CR0-OCCT691-occt-64/inc/OSD_Environment.hxx
+M OSD:privinclude:OSD_Environment.jxx /misc/dn61/LocalWOK/wok_entities/LOC/dev/CR0-OCCT691-7-CR0-OCCT691-occt-64/drv/OSD/OSD_Environment.jxx
+M OSD:privinclude:OSD_Environment.ixx /misc/dn61/LocalWOK/wok_entities/LOC/dev/CR0-OCCT691-7-CR0-OCCT691-occt-64/drv/OSD/OSD_Environment.ixx
+M OSD:pubinclude:OSD_EnvironmentIterator.hxx /misc/dn61/LocalWOK/wok_entities/LOC/dev/CR0-OCCT691-7-CR0-OCCT691-occt-64/inc/OSD_EnvironmentIterator.hxx
+M OSD:privinclude:OSD_EnvironmentIterator.jxx /misc/dn61/LocalWOK/wok_entities/LOC/dev/CR0-OCCT691-7-CR0-OCCT691-occt-64/drv/OSD/OSD_EnvironmentIterator.jxx
+M OSD:privinclude:OSD_EnvironmentIterator.ixx /misc/dn61/LocalWOK/wok_entities/LOC/dev/CR0-OCCT691-7-CR0-OCCT691-occt-64/drv/OSD/OSD_EnvironmentIterator.ixx
+M OSD:pubinclude:OSD_Process.hxx /misc/dn61/LocalWOK/wok_entities/LOC/dev/CR0-OCCT691-7-CR0-OCCT691-occt-64/inc/OSD_Process.hxx
+M OSD:privinclude:OSD_Process.jxx /misc/dn61/LocalWOK/wok_entities/LOC/dev/CR0-OCCT691-7-CR0-OCCT691-occt-64/drv/OSD/OSD_Process.jxx
+M OSD:privinclude:OSD_Process.ixx /misc/dn61/LocalWOK/wok_entities/LOC/dev/CR0-OCCT691-7-CR0-OCCT691-occt-64/drv/OSD/OSD_Process.ixx
+M OSD:pubinclude:OSD_SharedLibrary.hxx /misc/dn61/LocalWOK/wok_entities/LOC/dev/CR0-OCCT691-7-CR0-OCCT691-occt-64/inc/OSD_SharedLibrary.hxx
+M OSD:privinclude:OSD_SharedLibrary.jxx /misc/dn61/LocalWOK/wok_entities/LOC/dev/CR0-OCCT691-7-CR0-OCCT691-occt-64/drv/OSD/OSD_SharedLibrary.jxx
+M OSD:privinclude:OSD_SharedLibrary.ixx /misc/dn61/LocalWOK/wok_entities/LOC/dev/CR0-OCCT691-7-CR0-OCCT691-occt-64/drv/OSD/OSD_SharedLibrary.ixx
+M OSD:pubinclude:OSD_Thread.hxx /misc/dn61/LocalWOK/wok_entities/LOC/dev/CR0-OCCT691-7-CR0-OCCT691-occt-64/inc/OSD_Thread.hxx
+M OSD:privinclude:OSD_Thread.jxx /misc/dn61/LocalWOK/wok_entities/LOC/dev/CR0-OCCT691-7-CR0-OCCT691-occt-64/drv/OSD/OSD_Thread.jxx
+M OSD:privinclude:OSD_Thread.ixx /misc/dn61/LocalWOK/wok_entities/LOC/dev/CR0-OCCT691-7-CR0-OCCT691-occt-64/drv/OSD/OSD_Thread.ixx
+M OSD:pubinclude:Handle_OSD_OSDError.hxx /misc/dn61/LocalWOK/wok_entities/LOC/dev/CR0-OCCT691-7-CR0-OCCT691-occt-64/inc/Handle_OSD_OSDError.hxx
+M OSD:pubinclude:OSD_OSDError.hxx /misc/dn61/LocalWOK/wok_entities/LOC/dev/CR0-OCCT691-7-CR0-OCCT691-occt-64/inc/OSD_OSDError.hxx
+M OSD:derivated:OSD_OSDError_0.cxx /misc/dn61/LocalWOK/wok_entities/LOC/dev/CR0-OCCT691-7-CR0-OCCT691-occt-64/drv/OSD/OSD_OSDError_0.cxx
+M OSD:pubinclude:Handle_OSD_Signal.hxx /misc/dn61/LocalWOK/wok_entities/LOC/dev/CR0-OCCT691-7-CR0-OCCT691-occt-64/inc/Handle_OSD_Signal.hxx
+M OSD:pubinclude:OSD_Signal.hxx /misc/dn61/LocalWOK/wok_entities/LOC/dev/CR0-OCCT691-7-CR0-OCCT691-occt-64/inc/OSD_Signal.hxx
+M OSD:derivated:OSD_Signal_0.cxx /misc/dn61/LocalWOK/wok_entities/LOC/dev/CR0-OCCT691-7-CR0-OCCT691-occt-64/drv/OSD/OSD_Signal_0.cxx
+M OSD:pubinclude:Handle_OSD_SIGHUP.hxx /misc/dn61/LocalWOK/wok_entities/LOC/dev/CR0-OCCT691-7-CR0-OCCT691-occt-64/inc/Handle_OSD_SIGHUP.hxx
+M OSD:pubinclude:OSD_SIGHUP.hxx /misc/dn61/LocalWOK/wok_entities/LOC/dev/CR0-OCCT691-7-CR0-OCCT691-occt-64/inc/OSD_SIGHUP.hxx
+M OSD:derivated:OSD_SIGHUP_0.cxx /misc/dn61/LocalWOK/wok_entities/LOC/dev/CR0-OCCT691-7-CR0-OCCT691-occt-64/drv/OSD/OSD_SIGHUP_0.cxx
+M OSD:pubinclude:Handle_OSD_SIGINT.hxx /misc/dn61/LocalWOK/wok_entities/LOC/dev/CR0-OCCT691-7-CR0-OCCT691-occt-64/inc/Handle_OSD_SIGINT.hxx
+M OSD:pubinclude:OSD_SIGINT.hxx /misc/dn61/LocalWOK/wok_entities/LOC/dev/CR0-OCCT691-7-CR0-OCCT691-occt-64/inc/OSD_SIGINT.hxx
+M OSD:derivated:OSD_SIGINT_0.cxx /misc/dn61/LocalWOK/wok_entities/LOC/dev/CR0-OCCT691-7-CR0-OCCT691-occt-64/drv/OSD/OSD_SIGINT_0.cxx
+M OSD:pubinclude:Handle_OSD_SIGQUIT.hxx /misc/dn61/LocalWOK/wok_entities/LOC/dev/CR0-OCCT691-7-CR0-OCCT691-occt-64/inc/Handle_OSD_SIGQUIT.hxx
+M OSD:pubinclude:OSD_SIGQUIT.hxx /misc/dn61/LocalWOK/wok_entities/LOC/dev/CR0-OCCT691-7-CR0-OCCT691-occt-64/inc/OSD_SIGQUIT.hxx
+M OSD:derivated:OSD_SIGQUIT_0.cxx /misc/dn61/LocalWOK/wok_entities/LOC/dev/CR0-OCCT691-7-CR0-OCCT691-occt-64/drv/OSD/OSD_SIGQUIT_0.cxx
+M OSD:pubinclude:Handle_OSD_SIGILL.hxx /misc/dn61/LocalWOK/wok_entities/LOC/dev/CR0-OCCT691-7-CR0-OCCT691-occt-64/inc/Handle_OSD_SIGILL.hxx
+M OSD:pubinclude:OSD_SIGILL.hxx /misc/dn61/LocalWOK/wok_entities/LOC/dev/CR0-OCCT691-7-CR0-OCCT691-occt-64/inc/OSD_SIGILL.hxx
+M OSD:derivated:OSD_SIGILL_0.cxx /misc/dn61/LocalWOK/wok_entities/LOC/dev/CR0-OCCT691-7-CR0-OCCT691-occt-64/drv/OSD/OSD_SIGILL_0.cxx
+M OSD:pubinclude:Handle_OSD_SIGKILL.hxx /misc/dn61/LocalWOK/wok_entities/LOC/dev/CR0-OCCT691-7-CR0-OCCT691-occt-64/inc/Handle_OSD_SIGKILL.hxx
+M OSD:pubinclude:OSD_SIGKILL.hxx /misc/dn61/LocalWOK/wok_entities/LOC/dev/CR0-OCCT691-7-CR0-OCCT691-occt-64/inc/OSD_SIGKILL.hxx
+M OSD:derivated:OSD_SIGKILL_0.cxx /misc/dn61/LocalWOK/wok_entities/LOC/dev/CR0-OCCT691-7-CR0-OCCT691-occt-64/drv/OSD/OSD_SIGKILL_0.cxx
+M OSD:pubinclude:Handle_OSD_SIGBUS.hxx /misc/dn61/LocalWOK/wok_entities/LOC/dev/CR0-OCCT691-7-CR0-OCCT691-occt-64/inc/Handle_OSD_SIGBUS.hxx
+M OSD:pubinclude:OSD_SIGBUS.hxx /misc/dn61/LocalWOK/wok_entities/LOC/dev/CR0-OCCT691-7-CR0-OCCT691-occt-64/inc/OSD_SIGBUS.hxx
+M OSD:derivated:OSD_SIGBUS_0.cxx /misc/dn61/LocalWOK/wok_entities/LOC/dev/CR0-OCCT691-7-CR0-OCCT691-occt-64/drv/OSD/OSD_SIGBUS_0.cxx
+M OSD:pubinclude:Handle_OSD_SIGSEGV.hxx /misc/dn61/LocalWOK/wok_entities/LOC/dev/CR0-OCCT691-7-CR0-OCCT691-occt-64/inc/Handle_OSD_SIGSEGV.hxx
+M OSD:pubinclude:OSD_SIGSEGV.hxx /misc/dn61/LocalWOK/wok_entities/LOC/dev/CR0-OCCT691-7-CR0-OCCT691-occt-64/inc/OSD_SIGSEGV.hxx
+M OSD:derivated:OSD_SIGSEGV_0.cxx /misc/dn61/LocalWOK/wok_entities/LOC/dev/CR0-OCCT691-7-CR0-OCCT691-occt-64/drv/OSD/OSD_SIGSEGV_0.cxx
+M OSD:pubinclude:Handle_OSD_SIGSYS.hxx /misc/dn61/LocalWOK/wok_entities/LOC/dev/CR0-OCCT691-7-CR0-OCCT691-occt-64/inc/Handle_OSD_SIGSYS.hxx
+M OSD:pubinclude:OSD_SIGSYS.hxx /misc/dn61/LocalWOK/wok_entities/LOC/dev/CR0-OCCT691-7-CR0-OCCT691-occt-64/inc/OSD_SIGSYS.hxx
+M OSD:derivated:OSD_SIGSYS_0.cxx /misc/dn61/LocalWOK/wok_entities/LOC/dev/CR0-OCCT691-7-CR0-OCCT691-occt-64/drv/OSD/OSD_SIGSYS_0.cxx
+M OSD:pubinclude:Handle_OSD_Exception.hxx /misc/dn61/LocalWOK/wok_entities/LOC/dev/CR0-OCCT691-7-CR0-OCCT691-occt-64/inc/Handle_OSD_Exception.hxx
+M OSD:pubinclude:OSD_Exception.hxx /misc/dn61/LocalWOK/wok_entities/LOC/dev/CR0-OCCT691-7-CR0-OCCT691-occt-64/inc/OSD_Exception.hxx
+M OSD:derivated:OSD_Exception_0.cxx /misc/dn61/LocalWOK/wok_entities/LOC/dev/CR0-OCCT691-7-CR0-OCCT691-occt-64/drv/OSD/OSD_Exception_0.cxx
+M OSD:pubinclude:Handle_OSD_Exception_ACCESS_VIOLATION.hxx /misc/dn61/LocalWOK/wok_entities/LOC/dev/CR0-OCCT691-7-CR0-OCCT691-occt-64/inc/Handle_OSD_Exception_ACCESS_VIOLATION.hxx
+M OSD:pubinclude:OSD_Exception_ACCESS_VIOLATION.hxx /misc/dn61/LocalWOK/wok_entities/LOC/dev/CR0-OCCT691-7-CR0-OCCT691-occt-64/inc/OSD_Exception_ACCESS_VIOLATION.hxx
+M OSD:derivated:OSD_Exception_ACCESS_VIOLATION_0.cxx /misc/dn61/LocalWOK/wok_entities/LOC/dev/CR0-OCCT691-7-CR0-OCCT691-occt-64/drv/OSD/OSD_Exception_ACCESS_VIOLATION_0.cxx
+M OSD:pubinclude:Handle_OSD_Exception_ARRAY_BOUNDS_EXCEEDED.hxx /misc/dn61/LocalWOK/wok_entities/LOC/dev/CR0-OCCT691-7-CR0-OCCT691-occt-64/inc/Handle_OSD_Exception_ARRAY_BOUNDS_EXCEEDED.hxx
+M OSD:pubinclude:OSD_Exception_ARRAY_BOUNDS_EXCEEDED.hxx /misc/dn61/LocalWOK/wok_entities/LOC/dev/CR0-OCCT691-7-CR0-OCCT691-occt-64/inc/OSD_Exception_ARRAY_BOUNDS_EXCEEDED.hxx
+M OSD:derivated:OSD_Exception_ARRAY_BOUNDS_EXCEEDED_0.cxx /misc/dn61/LocalWOK/wok_entities/LOC/dev/CR0-OCCT691-7-CR0-OCCT691-occt-64/drv/OSD/OSD_Exception_ARRAY_BOUNDS_EXCEEDED_0.cxx
+M OSD:pubinclude:Handle_OSD_Exception_FLT_DENORMAL_OPERAND.hxx /misc/dn61/LocalWOK/wok_entities/LOC/dev/CR0-OCCT691-7-CR0-OCCT691-occt-64/inc/Handle_OSD_Exception_FLT_DENORMAL_OPERAND.hxx
+M OSD:pubinclude:OSD_Exception_FLT_DENORMAL_OPERAND.hxx /misc/dn61/LocalWOK/wok_entities/LOC/dev/CR0-OCCT691-7-CR0-OCCT691-occt-64/inc/OSD_Exception_FLT_DENORMAL_OPERAND.hxx
+M OSD:derivated:OSD_Exception_FLT_DENORMAL_OPERAND_0.cxx /misc/dn61/LocalWOK/wok_entities/LOC/dev/CR0-OCCT691-7-CR0-OCCT691-occt-64/drv/OSD/OSD_Exception_FLT_DENORMAL_OPERAND_0.cxx
+M OSD:pubinclude:Handle_OSD_Exception_FLT_DIVIDE_BY_ZERO.hxx /misc/dn61/LocalWOK/wok_entities/LOC/dev/CR0-OCCT691-7-CR0-OCCT691-occt-64/inc/Handle_OSD_Exception_FLT_DIVIDE_BY_ZERO.hxx
+M OSD:pubinclude:OSD_Exception_FLT_DIVIDE_BY_ZERO.hxx /misc/dn61/LocalWOK/wok_entities/LOC/dev/CR0-OCCT691-7-CR0-OCCT691-occt-64/inc/OSD_Exception_FLT_DIVIDE_BY_ZERO.hxx
+M OSD:derivated:OSD_Exception_FLT_DIVIDE_BY_ZERO_0.cxx /misc/dn61/LocalWOK/wok_entities/LOC/dev/CR0-OCCT691-7-CR0-OCCT691-occt-64/drv/OSD/OSD_Exception_FLT_DIVIDE_BY_ZERO_0.cxx
+M OSD:pubinclude:Handle_OSD_Exception_FLT_INEXACT_RESULT.hxx /misc/dn61/LocalWOK/wok_entities/LOC/dev/CR0-OCCT691-7-CR0-OCCT691-occt-64/inc/Handle_OSD_Exception_FLT_INEXACT_RESULT.hxx
+M OSD:pubinclude:OSD_Exception_FLT_INEXACT_RESULT.hxx /misc/dn61/LocalWOK/wok_entities/LOC/dev/CR0-OCCT691-7-CR0-OCCT691-occt-64/inc/OSD_Exception_FLT_INEXACT_RESULT.hxx
+M OSD:derivated:OSD_Exception_FLT_INEXACT_RESULT_0.cxx /misc/dn61/LocalWOK/wok_entities/LOC/dev/CR0-OCCT691-7-CR0-OCCT691-occt-64/drv/OSD/OSD_Exception_FLT_INEXACT_RESULT_0.cxx
+M OSD:pubinclude:Handle_OSD_Exception_FLT_INVALID_OPERATION.hxx /misc/dn61/LocalWOK/wok_entities/LOC/dev/CR0-OCCT691-7-CR0-OCCT691-occt-64/inc/Handle_OSD_Exception_FLT_INVALID_OPERATION.hxx
+M OSD:pubinclude:OSD_Exception_FLT_INVALID_OPERATION.hxx /misc/dn61/LocalWOK/wok_entities/LOC/dev/CR0-OCCT691-7-CR0-OCCT691-occt-64/inc/OSD_Exception_FLT_INVALID_OPERATION.hxx
+M OSD:derivated:OSD_Exception_FLT_INVALID_OPERATION_0.cxx /misc/dn61/LocalWOK/wok_entities/LOC/dev/CR0-OCCT691-7-CR0-OCCT691-occt-64/drv/OSD/OSD_Exception_FLT_INVALID_OPERATION_0.cxx
+M OSD:pubinclude:Handle_OSD_Exception_FLT_OVERFLOW.hxx /misc/dn61/LocalWOK/wok_entities/LOC/dev/CR0-OCCT691-7-CR0-OCCT691-occt-64/inc/Handle_OSD_Exception_FLT_OVERFLOW.hxx
+M OSD:pubinclude:OSD_Exception_FLT_OVERFLOW.hxx /misc/dn61/LocalWOK/wok_entities/LOC/dev/CR0-OCCT691-7-CR0-OCCT691-occt-64/inc/OSD_Exception_FLT_OVERFLOW.hxx
+M OSD:derivated:OSD_Exception_FLT_OVERFLOW_0.cxx /misc/dn61/LocalWOK/wok_entities/LOC/dev/CR0-OCCT691-7-CR0-OCCT691-occt-64/drv/OSD/OSD_Exception_FLT_OVERFLOW_0.cxx
+M OSD:pubinclude:Handle_OSD_Exception_FLT_STACK_CHECK.hxx /misc/dn61/LocalWOK/wok_entities/LOC/dev/CR0-OCCT691-7-CR0-OCCT691-occt-64/inc/Handle_OSD_Exception_FLT_STACK_CHECK.hxx
+M OSD:pubinclude:OSD_Exception_FLT_STACK_CHECK.hxx /misc/dn61/LocalWOK/wok_entities/LOC/dev/CR0-OCCT691-7-CR0-OCCT691-occt-64/inc/OSD_Exception_FLT_STACK_CHECK.hxx
+M OSD:derivated:OSD_Exception_FLT_STACK_CHECK_0.cxx /misc/dn61/LocalWOK/wok_entities/LOC/dev/CR0-OCCT691-7-CR0-OCCT691-occt-64/drv/OSD/OSD_Exception_FLT_STACK_CHECK_0.cxx
+M OSD:pubinclude:Handle_OSD_Exception_FLT_UNDERFLOW.hxx /misc/dn61/LocalWOK/wok_entities/LOC/dev/CR0-OCCT691-7-CR0-OCCT691-occt-64/inc/Handle_OSD_Exception_FLT_UNDERFLOW.hxx
+M OSD:pubinclude:OSD_Exception_FLT_UNDERFLOW.hxx /misc/dn61/LocalWOK/wok_entities/LOC/dev/CR0-OCCT691-7-CR0-OCCT691-occt-64/inc/OSD_Exception_FLT_UNDERFLOW.hxx
+M OSD:derivated:OSD_Exception_FLT_UNDERFLOW_0.cxx /misc/dn61/LocalWOK/wok_entities/LOC/dev/CR0-OCCT691-7-CR0-OCCT691-occt-64/drv/OSD/OSD_Exception_FLT_UNDERFLOW_0.cxx
+M OSD:pubinclude:Handle_OSD_Exception_ILLEGAL_INSTRUCTION.hxx /misc/dn61/LocalWOK/wok_entities/LOC/dev/CR0-OCCT691-7-CR0-OCCT691-occt-64/inc/Handle_OSD_Exception_ILLEGAL_INSTRUCTION.hxx
+M OSD:pubinclude:OSD_Exception_ILLEGAL_INSTRUCTION.hxx /misc/dn61/LocalWOK/wok_entities/LOC/dev/CR0-OCCT691-7-CR0-OCCT691-occt-64/inc/OSD_Exception_ILLEGAL_INSTRUCTION.hxx
+M OSD:derivated:OSD_Exception_ILLEGAL_INSTRUCTION_0.cxx /misc/dn61/LocalWOK/wok_entities/LOC/dev/CR0-OCCT691-7-CR0-OCCT691-occt-64/drv/OSD/OSD_Exception_ILLEGAL_INSTRUCTION_0.cxx
+M OSD:pubinclude:Handle_OSD_Exception_IN_PAGE_ERROR.hxx /misc/dn61/LocalWOK/wok_entities/LOC/dev/CR0-OCCT691-7-CR0-OCCT691-occt-64/inc/Handle_OSD_Exception_IN_PAGE_ERROR.hxx
+M OSD:pubinclude:OSD_Exception_IN_PAGE_ERROR.hxx /misc/dn61/LocalWOK/wok_entities/LOC/dev/CR0-OCCT691-7-CR0-OCCT691-occt-64/inc/OSD_Exception_IN_PAGE_ERROR.hxx
+M OSD:derivated:OSD_Exception_IN_PAGE_ERROR_0.cxx /misc/dn61/LocalWOK/wok_entities/LOC/dev/CR0-OCCT691-7-CR0-OCCT691-occt-64/drv/OSD/OSD_Exception_IN_PAGE_ERROR_0.cxx
+M OSD:pubinclude:Handle_OSD_Exception_INT_DIVIDE_BY_ZERO.hxx /misc/dn61/LocalWOK/wok_entities/LOC/dev/CR0-OCCT691-7-CR0-OCCT691-occt-64/inc/Handle_OSD_Exception_INT_DIVIDE_BY_ZERO.hxx
+M OSD:pubinclude:OSD_Exception_INT_DIVIDE_BY_ZERO.hxx /misc/dn61/LocalWOK/wok_entities/LOC/dev/CR0-OCCT691-7-CR0-OCCT691-occt-64/inc/OSD_Exception_INT_DIVIDE_BY_ZERO.hxx
+M OSD:derivated:OSD_Exception_INT_DIVIDE_BY_ZERO_0.cxx /misc/dn61/LocalWOK/wok_entities/LOC/dev/CR0-OCCT691-7-CR0-OCCT691-occt-64/drv/OSD/OSD_Exception_INT_DIVIDE_BY_ZERO_0.cxx
+M OSD:pubinclude:Handle_OSD_Exception_INT_OVERFLOW.hxx /misc/dn61/LocalWOK/wok_entities/LOC/dev/CR0-OCCT691-7-CR0-OCCT691-occt-64/inc/Handle_OSD_Exception_INT_OVERFLOW.hxx
+M OSD:pubinclude:OSD_Exception_INT_OVERFLOW.hxx /misc/dn61/LocalWOK/wok_entities/LOC/dev/CR0-OCCT691-7-CR0-OCCT691-occt-64/inc/OSD_Exception_INT_OVERFLOW.hxx
+M OSD:derivated:OSD_Exception_INT_OVERFLOW_0.cxx /misc/dn61/LocalWOK/wok_entities/LOC/dev/CR0-OCCT691-7-CR0-OCCT691-occt-64/drv/OSD/OSD_Exception_INT_OVERFLOW_0.cxx
+M OSD:pubinclude:Handle_OSD_Exception_INVALID_DISPOSITION.hxx /misc/dn61/LocalWOK/wok_entities/LOC/dev/CR0-OCCT691-7-CR0-OCCT691-occt-64/inc/Handle_OSD_Exception_INVALID_DISPOSITION.hxx
+M OSD:pubinclude:OSD_Exception_INVALID_DISPOSITION.hxx /misc/dn61/LocalWOK/wok_entities/LOC/dev/CR0-OCCT691-7-CR0-OCCT691-occt-64/inc/OSD_Exception_INVALID_DISPOSITION.hxx
+M OSD:derivated:OSD_Exception_INVALID_DISPOSITION_0.cxx /misc/dn61/LocalWOK/wok_entities/LOC/dev/CR0-OCCT691-7-CR0-OCCT691-occt-64/drv/OSD/OSD_Exception_INVALID_DISPOSITION_0.cxx
+M OSD:pubinclude:Handle_OSD_Exception_NONCONTINUABLE_EXCEPTION.hxx /misc/dn61/LocalWOK/wok_entities/LOC/dev/CR0-OCCT691-7-CR0-OCCT691-occt-64/inc/Handle_OSD_Exception_NONCONTINUABLE_EXCEPTION.hxx
+M OSD:pubinclude:OSD_Exception_NONCONTINUABLE_EXCEPTION.hxx /misc/dn61/LocalWOK/wok_entities/LOC/dev/CR0-OCCT691-7-CR0-OCCT691-occt-64/inc/OSD_Exception_NONCONTINUABLE_EXCEPTION.hxx
+M OSD:derivated:OSD_Exception_NONCONTINUABLE_EXCEPTION_0.cxx /misc/dn61/LocalWOK/wok_entities/LOC/dev/CR0-OCCT691-7-CR0-OCCT691-occt-64/drv/OSD/OSD_Exception_NONCONTINUABLE_EXCEPTION_0.cxx
+M OSD:pubinclude:Handle_OSD_Exception_PRIV_INSTRUCTION.hxx /misc/dn61/LocalWOK/wok_entities/LOC/dev/CR0-OCCT691-7-CR0-OCCT691-occt-64/inc/Handle_OSD_Exception_PRIV_INSTRUCTION.hxx
+M OSD:pubinclude:OSD_Exception_PRIV_INSTRUCTION.hxx /misc/dn61/LocalWOK/wok_entities/LOC/dev/CR0-OCCT691-7-CR0-OCCT691-occt-64/inc/OSD_Exception_PRIV_INSTRUCTION.hxx
+M OSD:derivated:OSD_Exception_PRIV_INSTRUCTION_0.cxx /misc/dn61/LocalWOK/wok_entities/LOC/dev/CR0-OCCT691-7-CR0-OCCT691-occt-64/drv/OSD/OSD_Exception_PRIV_INSTRUCTION_0.cxx
+M OSD:pubinclude:Handle_OSD_Exception_STACK_OVERFLOW.hxx /misc/dn61/LocalWOK/wok_entities/LOC/dev/CR0-OCCT691-7-CR0-OCCT691-occt-64/inc/Handle_OSD_Exception_STACK_OVERFLOW.hxx
+M OSD:pubinclude:OSD_Exception_STACK_OVERFLOW.hxx /misc/dn61/LocalWOK/wok_entities/LOC/dev/CR0-OCCT691-7-CR0-OCCT691-occt-64/inc/OSD_Exception_STACK_OVERFLOW.hxx
+M OSD:derivated:OSD_Exception_STACK_OVERFLOW_0.cxx /misc/dn61/LocalWOK/wok_entities/LOC/dev/CR0-OCCT691-7-CR0-OCCT691-occt-64/drv/OSD/OSD_Exception_STACK_OVERFLOW_0.cxx
+M OSD:pubinclude:Handle_OSD_Exception_STATUS_NO_MEMORY.hxx /misc/dn61/LocalWOK/wok_entities/LOC/dev/CR0-OCCT691-7-CR0-OCCT691-occt-64/inc/Handle_OSD_Exception_STATUS_NO_MEMORY.hxx
+M OSD:pubinclude:OSD_Exception_STATUS_NO_MEMORY.hxx /misc/dn61/LocalWOK/wok_entities/LOC/dev/CR0-OCCT691-7-CR0-OCCT691-occt-64/inc/OSD_Exception_STATUS_NO_MEMORY.hxx
+M OSD:derivated:OSD_Exception_STATUS_NO_MEMORY_0.cxx /misc/dn61/LocalWOK/wok_entities/LOC/dev/CR0-OCCT691-7-CR0-OCCT691-occt-64/drv/OSD/OSD_Exception_STATUS_NO_MEMORY_0.cxx
+M OSD:pubinclude:Handle_OSD_Exception_CTRL_BREAK.hxx /misc/dn61/LocalWOK/wok_entities/LOC/dev/CR0-OCCT691-7-CR0-OCCT691-occt-64/inc/Handle_OSD_Exception_CTRL_BREAK.hxx
+M OSD:pubinclude:OSD_Exception_CTRL_BREAK.hxx /misc/dn61/LocalWOK/wok_entities/LOC/dev/CR0-OCCT691-7-CR0-OCCT691-occt-64/inc/OSD_Exception_CTRL_BREAK.hxx
+M OSD:derivated:OSD_Exception_CTRL_BREAK_0.cxx /misc/dn61/LocalWOK/wok_entities/LOC/dev/CR0-OCCT691-7-CR0-OCCT691-occt-64/drv/OSD/OSD_Exception_CTRL_BREAK_0.cxx
+M OSD:pubinclude:OSD_OEMType.hxx /misc/dn61/LocalWOK/wok_entities/LOC/dev/CR0-OCCT691-7-CR0-OCCT691-occt-64/inc/OSD_OEMType.hxx
+M OSD:pubinclude:OSD_SysType.hxx /misc/dn61/LocalWOK/wok_entities/LOC/dev/CR0-OCCT691-7-CR0-OCCT691-occt-64/inc/OSD_SysType.hxx
+M OSD:pubinclude:OSD_FromWhere.hxx /misc/dn61/LocalWOK/wok_entities/LOC/dev/CR0-OCCT691-7-CR0-OCCT691-occt-64/inc/OSD_FromWhere.hxx
+M OSD:pubinclude:OSD_LockType.hxx /misc/dn61/LocalWOK/wok_entities/LOC/dev/CR0-OCCT691-7-CR0-OCCT691-occt-64/inc/OSD_LockType.hxx
+M OSD:pubinclude:OSD_SingleProtection.hxx /misc/dn61/LocalWOK/wok_entities/LOC/dev/CR0-OCCT691-7-CR0-OCCT691-occt-64/inc/OSD_SingleProtection.hxx
+M OSD:pubinclude:OSD_OpenMode.hxx /misc/dn61/LocalWOK/wok_entities/LOC/dev/CR0-OCCT691-7-CR0-OCCT691-occt-64/inc/OSD_OpenMode.hxx
+M OSD:pubinclude:OSD_LoadMode.hxx /misc/dn61/LocalWOK/wok_entities/LOC/dev/CR0-OCCT691-7-CR0-OCCT691-occt-64/inc/OSD_LoadMode.hxx
+M OSD:pubinclude:OSD_KindFile.hxx /misc/dn61/LocalWOK/wok_entities/LOC/dev/CR0-OCCT691-7-CR0-OCCT691-occt-64/inc/OSD_KindFile.hxx
+M OSD:pubinclude:OSD_WhoAmI.hxx /misc/dn61/LocalWOK/wok_entities/LOC/dev/CR0-OCCT691-7-CR0-OCCT691-occt-64/inc/OSD_WhoAmI.hxx
+M OSD:dbadmfile:OSD_xcpp_header.In /misc/dn61/LocalWOK/wok_entities/LOC/dev/CR0-OCCT691-7-CR0-OCCT691-occt-64/drv/OSD/.adm/OSD_xcpp_header.In
+M OSD:dbadmfile:OSD_xcpp_header.Out /misc/dn61/LocalWOK/wok_entities/LOC/dev/CR0-OCCT691-7-CR0-OCCT691-occt-64/drv/OSD/.adm/OSD_xcpp_header.Out
+M OSD:dbadmfile:OSD_xcpp_header.Dep /misc/dn61/LocalWOK/wok_entities/LOC/dev/CR0-OCCT691-7-CR0-OCCT691-occt-64/drv/OSD/.adm/OSD_xcpp_header.Dep
