+M TColGeom:pubinclude:TColGeom_Array1OfCurve.hxx /misc/dn61/LocalWOK/wok_entities/LOC/dev/CR0-OCCT691-7-CR0-OCCT691-occt-64/inc/TColGeom_Array1OfCurve.hxx
+M TColGeom:derivated:TColGeom_Array1OfCurve_0.cxx /misc/dn61/LocalWOK/wok_entities/LOC/dev/CR0-OCCT691-7-CR0-OCCT691-occt-64/drv/TColGeom/TColGeom_Array1OfCurve_0.cxx
+M TColGeom:pubinclude:TColGeom_Array1OfBezierCurve.hxx /misc/dn61/LocalWOK/wok_entities/LOC/dev/CR0-OCCT691-7-CR0-OCCT691-occt-64/inc/TColGeom_Array1OfBezierCurve.hxx
+M TColGeom:derivated:TColGeom_Array1OfBezierCurve_0.cxx /misc/dn61/LocalWOK/wok_entities/LOC/dev/CR0-OCCT691-7-CR0-OCCT691-occt-64/drv/TColGeom/TColGeom_Array1OfBezierCurve_0.cxx
+M TColGeom:pubinclude:TColGeom_Array1OfBSplineCurve.hxx /misc/dn61/LocalWOK/wok_entities/LOC/dev/CR0-OCCT691-7-CR0-OCCT691-occt-64/inc/TColGeom_Array1OfBSplineCurve.hxx
+M TColGeom:derivated:TColGeom_Array1OfBSplineCurve_0.cxx /misc/dn61/LocalWOK/wok_entities/LOC/dev/CR0-OCCT691-7-CR0-OCCT691-occt-64/drv/TColGeom/TColGeom_Array1OfBSplineCurve_0.cxx
+M TColGeom:pubinclude:TColGeom_Array1OfSurface.hxx /misc/dn61/LocalWOK/wok_entities/LOC/dev/CR0-OCCT691-7-CR0-OCCT691-occt-64/inc/TColGeom_Array1OfSurface.hxx
+M TColGeom:derivated:TColGeom_Array1OfSurface_0.cxx /misc/dn61/LocalWOK/wok_entities/LOC/dev/CR0-OCCT691-7-CR0-OCCT691-occt-64/drv/TColGeom/TColGeom_Array1OfSurface_0.cxx
+M TColGeom:pubinclude:Handle_TColGeom_HArray1OfCurve.hxx /misc/dn61/LocalWOK/wok_entities/LOC/dev/CR0-OCCT691-7-CR0-OCCT691-occt-64/inc/Handle_TColGeom_HArray1OfCurve.hxx
+M TColGeom:pubinclude:TColGeom_HArray1OfCurve.hxx /misc/dn61/LocalWOK/wok_entities/LOC/dev/CR0-OCCT691-7-CR0-OCCT691-occt-64/inc/TColGeom_HArray1OfCurve.hxx
+M TColGeom:derivated:TColGeom_HArray1OfCurve_0.cxx /misc/dn61/LocalWOK/wok_entities/LOC/dev/CR0-OCCT691-7-CR0-OCCT691-occt-64/drv/TColGeom/TColGeom_HArray1OfCurve_0.cxx
+M TColGeom:pubinclude:Handle_TColGeom_HArray1OfBezierCurve.hxx /misc/dn61/LocalWOK/wok_entities/LOC/dev/CR0-OCCT691-7-CR0-OCCT691-occt-64/inc/Handle_TColGeom_HArray1OfBezierCurve.hxx
+M TColGeom:pubinclude:TColGeom_HArray1OfBezierCurve.hxx /misc/dn61/LocalWOK/wok_entities/LOC/dev/CR0-OCCT691-7-CR0-OCCT691-occt-64/inc/TColGeom_HArray1OfBezierCurve.hxx
+M TColGeom:derivated:TColGeom_HArray1OfBezierCurve_0.cxx /misc/dn61/LocalWOK/wok_entities/LOC/dev/CR0-OCCT691-7-CR0-OCCT691-occt-64/drv/TColGeom/TColGeom_HArray1OfBezierCurve_0.cxx
+M TColGeom:pubinclude:Handle_TColGeom_HArray1OfBSplineCurve.hxx /misc/dn61/LocalWOK/wok_entities/LOC/dev/CR0-OCCT691-7-CR0-OCCT691-occt-64/inc/Handle_TColGeom_HArray1OfBSplineCurve.hxx
+M TColGeom:pubinclude:TColGeom_HArray1OfBSplineCurve.hxx /misc/dn61/LocalWOK/wok_entities/LOC/dev/CR0-OCCT691-7-CR0-OCCT691-occt-64/inc/TColGeom_HArray1OfBSplineCurve.hxx
+M TColGeom:derivated:TColGeom_HArray1OfBSplineCurve_0.cxx /misc/dn61/LocalWOK/wok_entities/LOC/dev/CR0-OCCT691-7-CR0-OCCT691-occt-64/drv/TColGeom/TColGeom_HArray1OfBSplineCurve_0.cxx
+M TColGeom:pubinclude:Handle_TColGeom_HArray1OfSurface.hxx /misc/dn61/LocalWOK/wok_entities/LOC/dev/CR0-OCCT691-7-CR0-OCCT691-occt-64/inc/Handle_TColGeom_HArray1OfSurface.hxx
+M TColGeom:pubinclude:TColGeom_HArray1OfSurface.hxx /misc/dn61/LocalWOK/wok_entities/LOC/dev/CR0-OCCT691-7-CR0-OCCT691-occt-64/inc/TColGeom_HArray1OfSurface.hxx
+M TColGeom:derivated:TColGeom_HArray1OfSurface_0.cxx /misc/dn61/LocalWOK/wok_entities/LOC/dev/CR0-OCCT691-7-CR0-OCCT691-occt-64/drv/TColGeom/TColGeom_HArray1OfSurface_0.cxx
+M TColGeom:pubinclude:TColGeom_Array2OfSurface.hxx /misc/dn61/LocalWOK/wok_entities/LOC/dev/CR0-OCCT691-7-CR0-OCCT691-occt-64/inc/TColGeom_Array2OfSurface.hxx
+M TColGeom:derivated:TColGeom_Array2OfSurface_0.cxx /misc/dn61/LocalWOK/wok_entities/LOC/dev/CR0-OCCT691-7-CR0-OCCT691-occt-64/drv/TColGeom/TColGeom_Array2OfSurface_0.cxx
+M TColGeom:pubinclude:TColGeom_Array2OfBezierSurface.hxx /misc/dn61/LocalWOK/wok_entities/LOC/dev/CR0-OCCT691-7-CR0-OCCT691-occt-64/inc/TColGeom_Array2OfBezierSurface.hxx
+M TColGeom:derivated:TColGeom_Array2OfBezierSurface_0.cxx /misc/dn61/LocalWOK/wok_entities/LOC/dev/CR0-OCCT691-7-CR0-OCCT691-occt-64/drv/TColGeom/TColGeom_Array2OfBezierSurface_0.cxx
+M TColGeom:pubinclude:Handle_TColGeom_HArray2OfSurface.hxx /misc/dn61/LocalWOK/wok_entities/LOC/dev/CR0-OCCT691-7-CR0-OCCT691-occt-64/inc/Handle_TColGeom_HArray2OfSurface.hxx
+M TColGeom:pubinclude:TColGeom_HArray2OfSurface.hxx /misc/dn61/LocalWOK/wok_entities/LOC/dev/CR0-OCCT691-7-CR0-OCCT691-occt-64/inc/TColGeom_HArray2OfSurface.hxx
+M TColGeom:derivated:TColGeom_HArray2OfSurface_0.cxx /misc/dn61/LocalWOK/wok_entities/LOC/dev/CR0-OCCT691-7-CR0-OCCT691-occt-64/drv/TColGeom/TColGeom_HArray2OfSurface_0.cxx
+M TColGeom:pubinclude:TColGeom_SequenceOfCurve.hxx /misc/dn61/LocalWOK/wok_entities/LOC/dev/CR0-OCCT691-7-CR0-OCCT691-occt-64/inc/TColGeom_SequenceOfCurve.hxx
+M TColGeom:derivated:TColGeom_SequenceOfCurve_0.cxx /misc/dn61/LocalWOK/wok_entities/LOC/dev/CR0-OCCT691-7-CR0-OCCT691-occt-64/drv/TColGeom/TColGeom_SequenceOfCurve_0.cxx
+M TColGeom:pubinclude:TColGeom_SequenceOfBoundedCurve.hxx /misc/dn61/LocalWOK/wok_entities/LOC/dev/CR0-OCCT691-7-CR0-OCCT691-occt-64/inc/TColGeom_SequenceOfBoundedCurve.hxx
+M TColGeom:derivated:TColGeom_SequenceOfBoundedCurve_0.cxx /misc/dn61/LocalWOK/wok_entities/LOC/dev/CR0-OCCT691-7-CR0-OCCT691-occt-64/drv/TColGeom/TColGeom_SequenceOfBoundedCurve_0.cxx
+M TColGeom:pubinclude:TColGeom_SequenceOfSurface.hxx /misc/dn61/LocalWOK/wok_entities/LOC/dev/CR0-OCCT691-7-CR0-OCCT691-occt-64/inc/TColGeom_SequenceOfSurface.hxx
+M TColGeom:derivated:TColGeom_SequenceOfSurface_0.cxx /misc/dn61/LocalWOK/wok_entities/LOC/dev/CR0-OCCT691-7-CR0-OCCT691-occt-64/drv/TColGeom/TColGeom_SequenceOfSurface_0.cxx
+M TColGeom:pubinclude:Handle_TColGeom_HSequenceOfCurve.hxx /misc/dn61/LocalWOK/wok_entities/LOC/dev/CR0-OCCT691-7-CR0-OCCT691-occt-64/inc/Handle_TColGeom_HSequenceOfCurve.hxx
+M TColGeom:pubinclude:TColGeom_HSequenceOfCurve.hxx /misc/dn61/LocalWOK/wok_entities/LOC/dev/CR0-OCCT691-7-CR0-OCCT691-occt-64/inc/TColGeom_HSequenceOfCurve.hxx
+M TColGeom:derivated:TColGeom_HSequenceOfCurve_0.cxx /misc/dn61/LocalWOK/wok_entities/LOC/dev/CR0-OCCT691-7-CR0-OCCT691-occt-64/drv/TColGeom/TColGeom_HSequenceOfCurve_0.cxx
+M TColGeom:pubinclude:Handle_TColGeom_HSequenceOfBoundedCurve.hxx /misc/dn61/LocalWOK/wok_entities/LOC/dev/CR0-OCCT691-7-CR0-OCCT691-occt-64/inc/Handle_TColGeom_HSequenceOfBoundedCurve.hxx
+M TColGeom:pubinclude:TColGeom_HSequenceOfBoundedCurve.hxx /misc/dn61/LocalWOK/wok_entities/LOC/dev/CR0-OCCT691-7-CR0-OCCT691-occt-64/inc/TColGeom_HSequenceOfBoundedCurve.hxx
+M TColGeom:derivated:TColGeom_HSequenceOfBoundedCurve_0.cxx /misc/dn61/LocalWOK/wok_entities/LOC/dev/CR0-OCCT691-7-CR0-OCCT691-occt-64/drv/TColGeom/TColGeom_HSequenceOfBoundedCurve_0.cxx
+M TColGeom:pubinclude:Handle_TColGeom_SequenceNodeOfSequenceOfCurve.hxx /misc/dn61/LocalWOK/wok_entities/LOC/dev/CR0-OCCT691-7-CR0-OCCT691-occt-64/inc/Handle_TColGeom_SequenceNodeOfSequenceOfCurve.hxx
+M TColGeom:pubinclude:TColGeom_SequenceNodeOfSequenceOfCurve.hxx /misc/dn61/LocalWOK/wok_entities/LOC/dev/CR0-OCCT691-7-CR0-OCCT691-occt-64/inc/TColGeom_SequenceNodeOfSequenceOfCurve.hxx
+M TColGeom:derivated:TColGeom_SequenceNodeOfSequenceOfCurve_0.cxx /misc/dn61/LocalWOK/wok_entities/LOC/dev/CR0-OCCT691-7-CR0-OCCT691-occt-64/drv/TColGeom/TColGeom_SequenceNodeOfSequenceOfCurve_0.cxx
+M TColGeom:pubinclude:Handle_TColGeom_SequenceNodeOfSequenceOfBoundedCurve.hxx /misc/dn61/LocalWOK/wok_entities/LOC/dev/CR0-OCCT691-7-CR0-OCCT691-occt-64/inc/Handle_TColGeom_SequenceNodeOfSequenceOfBoundedCurve.hxx
+M TColGeom:pubinclude:TColGeom_SequenceNodeOfSequenceOfBoundedCurve.hxx /misc/dn61/LocalWOK/wok_entities/LOC/dev/CR0-OCCT691-7-CR0-OCCT691-occt-64/inc/TColGeom_SequenceNodeOfSequenceOfBoundedCurve.hxx
+M TColGeom:derivated:TColGeom_SequenceNodeOfSequenceOfBoundedCurve_0.cxx /misc/dn61/LocalWOK/wok_entities/LOC/dev/CR0-OCCT691-7-CR0-OCCT691-occt-64/drv/TColGeom/TColGeom_SequenceNodeOfSequenceOfBoundedCurve_0.cxx
+M TColGeom:pubinclude:Handle_TColGeom_SequenceNodeOfSequenceOfSurface.hxx /misc/dn61/LocalWOK/wok_entities/LOC/dev/CR0-OCCT691-7-CR0-OCCT691-occt-64/inc/Handle_TColGeom_SequenceNodeOfSequenceOfSurface.hxx
+M TColGeom:pubinclude:TColGeom_SequenceNodeOfSequenceOfSurface.hxx /misc/dn61/LocalWOK/wok_entities/LOC/dev/CR0-OCCT691-7-CR0-OCCT691-occt-64/inc/TColGeom_SequenceNodeOfSequenceOfSurface.hxx
+M TColGeom:derivated:TColGeom_SequenceNodeOfSequenceOfSurface_0.cxx /misc/dn61/LocalWOK/wok_entities/LOC/dev/CR0-OCCT691-7-CR0-OCCT691-occt-64/drv/TColGeom/TColGeom_SequenceNodeOfSequenceOfSurface_0.cxx
+M TColGeom:dbadmfile:TColGeom_xcpp_header.In /misc/dn61/LocalWOK/wok_entities/LOC/dev/CR0-OCCT691-7-CR0-OCCT691-occt-64/drv/TColGeom/.adm/TColGeom_xcpp_header.In
+M TColGeom:dbadmfile:TColGeom_xcpp_header.Out /misc/dn61/LocalWOK/wok_entities/LOC/dev/CR0-OCCT691-7-CR0-OCCT691-occt-64/drv/TColGeom/.adm/TColGeom_xcpp_header.Out
+M TColGeom:dbadmfile:TColGeom_xcpp_header.Dep /misc/dn61/LocalWOK/wok_entities/LOC/dev/CR0-OCCT691-7-CR0-OCCT691-occt-64/drv/TColGeom/.adm/TColGeom_xcpp_header.Dep
