+M RWStepRepr:pubinclude:RWStepRepr_RWDefinitionalRepresentation.hxx /misc/dn61/LocalWOK/wok_entities/LOC/dev/CR0-OCCT691-7-CR0-OCCT691-occt-64/inc/RWStepRepr_RWDefinitionalRepresentation.hxx
+M RWStepRepr:privinclude:RWStepRepr_RWDefinitionalRepresentation.jxx /misc/dn61/LocalWOK/wok_entities/LOC/dev/CR0-OCCT691-7-CR0-OCCT691-occt-64/drv/RWStepRepr/RWStepRepr_RWDefinitionalRepresentation.jxx
+M RWStepRepr:privinclude:RWStepRepr_RWDefinitionalRepresentation.ixx /misc/dn61/LocalWOK/wok_entities/LOC/dev/CR0-OCCT691-7-CR0-OCCT691-occt-64/drv/RWStepRepr/RWStepRepr_RWDefinitionalRepresentation.ixx
+M RWStepRepr:pubinclude:RWStepRepr_RWDescriptiveRepresentationItem.hxx /misc/dn61/LocalWOK/wok_entities/LOC/dev/CR0-OCCT691-7-CR0-OCCT691-occt-64/inc/RWStepRepr_RWDescriptiveRepresentationItem.hxx
+M RWStepRepr:privinclude:RWStepRepr_RWDescriptiveRepresentationItem.jxx /misc/dn61/LocalWOK/wok_entities/LOC/dev/CR0-OCCT691-7-CR0-OCCT691-occt-64/drv/RWStepRepr/RWStepRepr_RWDescriptiveRepresentationItem.jxx
+M RWStepRepr:privinclude:RWStepRepr_RWDescriptiveRepresentationItem.ixx /misc/dn61/LocalWOK/wok_entities/LOC/dev/CR0-OCCT691-7-CR0-OCCT691-occt-64/drv/RWStepRepr/RWStepRepr_RWDescriptiveRepresentationItem.ixx
+M RWStepRepr:pubinclude:RWStepRepr_RWFunctionallyDefinedTransformation.hxx /misc/dn61/LocalWOK/wok_entities/LOC/dev/CR0-OCCT691-7-CR0-OCCT691-occt-64/inc/RWStepRepr_RWFunctionallyDefinedTransformation.hxx
+M RWStepRepr:privinclude:RWStepRepr_RWFunctionallyDefinedTransformation.jxx /misc/dn61/LocalWOK/wok_entities/LOC/dev/CR0-OCCT691-7-CR0-OCCT691-occt-64/drv/RWStepRepr/RWStepRepr_RWFunctionallyDefinedTransformation.jxx
+M RWStepRepr:privinclude:RWStepRepr_RWFunctionallyDefinedTransformation.ixx /misc/dn61/LocalWOK/wok_entities/LOC/dev/CR0-OCCT691-7-CR0-OCCT691-occt-64/drv/RWStepRepr/RWStepRepr_RWFunctionallyDefinedTransformation.ixx
+M RWStepRepr:pubinclude:RWStepRepr_RWGlobalUncertaintyAssignedContext.hxx /misc/dn61/LocalWOK/wok_entities/LOC/dev/CR0-OCCT691-7-CR0-OCCT691-occt-64/inc/RWStepRepr_RWGlobalUncertaintyAssignedContext.hxx
+M RWStepRepr:privinclude:RWStepRepr_RWGlobalUncertaintyAssignedContext.jxx /misc/dn61/LocalWOK/wok_entities/LOC/dev/CR0-OCCT691-7-CR0-OCCT691-occt-64/drv/RWStepRepr/RWStepRepr_RWGlobalUncertaintyAssignedContext.jxx
+M RWStepRepr:privinclude:RWStepRepr_RWGlobalUncertaintyAssignedContext.ixx /misc/dn61/LocalWOK/wok_entities/LOC/dev/CR0-OCCT691-7-CR0-OCCT691-occt-64/drv/RWStepRepr/RWStepRepr_RWGlobalUncertaintyAssignedContext.ixx
+M RWStepRepr:pubinclude:RWStepRepr_RWGlobalUnitAssignedContext.hxx /misc/dn61/LocalWOK/wok_entities/LOC/dev/CR0-OCCT691-7-CR0-OCCT691-occt-64/inc/RWStepRepr_RWGlobalUnitAssignedContext.hxx
+M RWStepRepr:privinclude:RWStepRepr_RWGlobalUnitAssignedContext.jxx /misc/dn61/LocalWOK/wok_entities/LOC/dev/CR0-OCCT691-7-CR0-OCCT691-occt-64/drv/RWStepRepr/RWStepRepr_RWGlobalUnitAssignedContext.jxx
+M RWStepRepr:privinclude:RWStepRepr_RWGlobalUnitAssignedContext.ixx /misc/dn61/LocalWOK/wok_entities/LOC/dev/CR0-OCCT691-7-CR0-OCCT691-occt-64/drv/RWStepRepr/RWStepRepr_RWGlobalUnitAssignedContext.ixx
+M RWStepRepr:pubinclude:RWStepRepr_RWItemDefinedTransformation.hxx /misc/dn61/LocalWOK/wok_entities/LOC/dev/CR0-OCCT691-7-CR0-OCCT691-occt-64/inc/RWStepRepr_RWItemDefinedTransformation.hxx
+M RWStepRepr:privinclude:RWStepRepr_RWItemDefinedTransformation.jxx /misc/dn61/LocalWOK/wok_entities/LOC/dev/CR0-OCCT691-7-CR0-OCCT691-occt-64/drv/RWStepRepr/RWStepRepr_RWItemDefinedTransformation.jxx
+M RWStepRepr:privinclude:RWStepRepr_RWItemDefinedTransformation.ixx /misc/dn61/LocalWOK/wok_entities/LOC/dev/CR0-OCCT691-7-CR0-OCCT691-occt-64/drv/RWStepRepr/RWStepRepr_RWItemDefinedTransformation.ixx
+M RWStepRepr:pubinclude:RWStepRepr_RWMappedItem.hxx /misc/dn61/LocalWOK/wok_entities/LOC/dev/CR0-OCCT691-7-CR0-OCCT691-occt-64/inc/RWStepRepr_RWMappedItem.hxx
+M RWStepRepr:privinclude:RWStepRepr_RWMappedItem.jxx /misc/dn61/LocalWOK/wok_entities/LOC/dev/CR0-OCCT691-7-CR0-OCCT691-occt-64/drv/RWStepRepr/RWStepRepr_RWMappedItem.jxx
+M RWStepRepr:privinclude:RWStepRepr_RWMappedItem.ixx /misc/dn61/LocalWOK/wok_entities/LOC/dev/CR0-OCCT691-7-CR0-OCCT691-occt-64/drv/RWStepRepr/RWStepRepr_RWMappedItem.ixx
+M RWStepRepr:pubinclude:RWStepRepr_RWParametricRepresentationContext.hxx /misc/dn61/LocalWOK/wok_entities/LOC/dev/CR0-OCCT691-7-CR0-OCCT691-occt-64/inc/RWStepRepr_RWParametricRepresentationContext.hxx
+M RWStepRepr:privinclude:RWStepRepr_RWParametricRepresentationContext.jxx /misc/dn61/LocalWOK/wok_entities/LOC/dev/CR0-OCCT691-7-CR0-OCCT691-occt-64/drv/RWStepRepr/RWStepRepr_RWParametricRepresentationContext.jxx
+M RWStepRepr:privinclude:RWStepRepr_RWParametricRepresentationContext.ixx /misc/dn61/LocalWOK/wok_entities/LOC/dev/CR0-OCCT691-7-CR0-OCCT691-occt-64/drv/RWStepRepr/RWStepRepr_RWParametricRepresentationContext.ixx
+M RWStepRepr:pubinclude:RWStepRepr_RWProductDefinitionShape.hxx /misc/dn61/LocalWOK/wok_entities/LOC/dev/CR0-OCCT691-7-CR0-OCCT691-occt-64/inc/RWStepRepr_RWProductDefinitionShape.hxx
+M RWStepRepr:privinclude:RWStepRepr_RWProductDefinitionShape.jxx /misc/dn61/LocalWOK/wok_entities/LOC/dev/CR0-OCCT691-7-CR0-OCCT691-occt-64/drv/RWStepRepr/RWStepRepr_RWProductDefinitionShape.jxx
+M RWStepRepr:privinclude:RWStepRepr_RWProductDefinitionShape.ixx /misc/dn61/LocalWOK/wok_entities/LOC/dev/CR0-OCCT691-7-CR0-OCCT691-occt-64/drv/RWStepRepr/RWStepRepr_RWProductDefinitionShape.ixx
+M RWStepRepr:pubinclude:RWStepRepr_RWPropertyDefinition.hxx /misc/dn61/LocalWOK/wok_entities/LOC/dev/CR0-OCCT691-7-CR0-OCCT691-occt-64/inc/RWStepRepr_RWPropertyDefinition.hxx
+M RWStepRepr:privinclude:RWStepRepr_RWPropertyDefinition.jxx /misc/dn61/LocalWOK/wok_entities/LOC/dev/CR0-OCCT691-7-CR0-OCCT691-occt-64/drv/RWStepRepr/RWStepRepr_RWPropertyDefinition.jxx
+M RWStepRepr:privinclude:RWStepRepr_RWPropertyDefinition.ixx /misc/dn61/LocalWOK/wok_entities/LOC/dev/CR0-OCCT691-7-CR0-OCCT691-occt-64/drv/RWStepRepr/RWStepRepr_RWPropertyDefinition.ixx
+M RWStepRepr:pubinclude:RWStepRepr_RWPropertyDefinitionRepresentation.hxx /misc/dn61/LocalWOK/wok_entities/LOC/dev/CR0-OCCT691-7-CR0-OCCT691-occt-64/inc/RWStepRepr_RWPropertyDefinitionRepresentation.hxx
+M RWStepRepr:privinclude:RWStepRepr_RWPropertyDefinitionRepresentation.jxx /misc/dn61/LocalWOK/wok_entities/LOC/dev/CR0-OCCT691-7-CR0-OCCT691-occt-64/drv/RWStepRepr/RWStepRepr_RWPropertyDefinitionRepresentation.jxx
+M RWStepRepr:privinclude:RWStepRepr_RWPropertyDefinitionRepresentation.ixx /misc/dn61/LocalWOK/wok_entities/LOC/dev/CR0-OCCT691-7-CR0-OCCT691-occt-64/drv/RWStepRepr/RWStepRepr_RWPropertyDefinitionRepresentation.ixx
+M RWStepRepr:pubinclude:RWStepRepr_RWRepresentation.hxx /misc/dn61/LocalWOK/wok_entities/LOC/dev/CR0-OCCT691-7-CR0-OCCT691-occt-64/inc/RWStepRepr_RWRepresentation.hxx
+M RWStepRepr:privinclude:RWStepRepr_RWRepresentation.jxx /misc/dn61/LocalWOK/wok_entities/LOC/dev/CR0-OCCT691-7-CR0-OCCT691-occt-64/drv/RWStepRepr/RWStepRepr_RWRepresentation.jxx
+M RWStepRepr:privinclude:RWStepRepr_RWRepresentation.ixx /misc/dn61/LocalWOK/wok_entities/LOC/dev/CR0-OCCT691-7-CR0-OCCT691-occt-64/drv/RWStepRepr/RWStepRepr_RWRepresentation.ixx
+M RWStepRepr:pubinclude:RWStepRepr_RWRepresentationContext.hxx /misc/dn61/LocalWOK/wok_entities/LOC/dev/CR0-OCCT691-7-CR0-OCCT691-occt-64/inc/RWStepRepr_RWRepresentationContext.hxx
+M RWStepRepr:privinclude:RWStepRepr_RWRepresentationContext.jxx /misc/dn61/LocalWOK/wok_entities/LOC/dev/CR0-OCCT691-7-CR0-OCCT691-occt-64/drv/RWStepRepr/RWStepRepr_RWRepresentationContext.jxx
+M RWStepRepr:privinclude:RWStepRepr_RWRepresentationContext.ixx /misc/dn61/LocalWOK/wok_entities/LOC/dev/CR0-OCCT691-7-CR0-OCCT691-occt-64/drv/RWStepRepr/RWStepRepr_RWRepresentationContext.ixx
+M RWStepRepr:pubinclude:RWStepRepr_RWRepresentationItem.hxx /misc/dn61/LocalWOK/wok_entities/LOC/dev/CR0-OCCT691-7-CR0-OCCT691-occt-64/inc/RWStepRepr_RWRepresentationItem.hxx
+M RWStepRepr:privinclude:RWStepRepr_RWRepresentationItem.jxx /misc/dn61/LocalWOK/wok_entities/LOC/dev/CR0-OCCT691-7-CR0-OCCT691-occt-64/drv/RWStepRepr/RWStepRepr_RWRepresentationItem.jxx
+M RWStepRepr:privinclude:RWStepRepr_RWRepresentationItem.ixx /misc/dn61/LocalWOK/wok_entities/LOC/dev/CR0-OCCT691-7-CR0-OCCT691-occt-64/drv/RWStepRepr/RWStepRepr_RWRepresentationItem.ixx
+M RWStepRepr:pubinclude:RWStepRepr_RWRepresentationMap.hxx /misc/dn61/LocalWOK/wok_entities/LOC/dev/CR0-OCCT691-7-CR0-OCCT691-occt-64/inc/RWStepRepr_RWRepresentationMap.hxx
+M RWStepRepr:privinclude:RWStepRepr_RWRepresentationMap.jxx /misc/dn61/LocalWOK/wok_entities/LOC/dev/CR0-OCCT691-7-CR0-OCCT691-occt-64/drv/RWStepRepr/RWStepRepr_RWRepresentationMap.jxx
+M RWStepRepr:privinclude:RWStepRepr_RWRepresentationMap.ixx /misc/dn61/LocalWOK/wok_entities/LOC/dev/CR0-OCCT691-7-CR0-OCCT691-occt-64/drv/RWStepRepr/RWStepRepr_RWRepresentationMap.ixx
+M RWStepRepr:pubinclude:RWStepRepr_RWRepresentationRelationship.hxx /misc/dn61/LocalWOK/wok_entities/LOC/dev/CR0-OCCT691-7-CR0-OCCT691-occt-64/inc/RWStepRepr_RWRepresentationRelationship.hxx
+M RWStepRepr:privinclude:RWStepRepr_RWRepresentationRelationship.jxx /misc/dn61/LocalWOK/wok_entities/LOC/dev/CR0-OCCT691-7-CR0-OCCT691-occt-64/drv/RWStepRepr/RWStepRepr_RWRepresentationRelationship.jxx
+M RWStepRepr:privinclude:RWStepRepr_RWRepresentationRelationship.ixx /misc/dn61/LocalWOK/wok_entities/LOC/dev/CR0-OCCT691-7-CR0-OCCT691-occt-64/drv/RWStepRepr/RWStepRepr_RWRepresentationRelationship.ixx
+M RWStepRepr:pubinclude:RWStepRepr_RWShapeAspect.hxx /misc/dn61/LocalWOK/wok_entities/LOC/dev/CR0-OCCT691-7-CR0-OCCT691-occt-64/inc/RWStepRepr_RWShapeAspect.hxx
+M RWStepRepr:privinclude:RWStepRepr_RWShapeAspect.jxx /misc/dn61/LocalWOK/wok_entities/LOC/dev/CR0-OCCT691-7-CR0-OCCT691-occt-64/drv/RWStepRepr/RWStepRepr_RWShapeAspect.jxx
+M RWStepRepr:privinclude:RWStepRepr_RWShapeAspect.ixx /misc/dn61/LocalWOK/wok_entities/LOC/dev/CR0-OCCT691-7-CR0-OCCT691-occt-64/drv/RWStepRepr/RWStepRepr_RWShapeAspect.ixx
+M RWStepRepr:pubinclude:RWStepRepr_RWShapeAspectRelationship.hxx /misc/dn61/LocalWOK/wok_entities/LOC/dev/CR0-OCCT691-7-CR0-OCCT691-occt-64/inc/RWStepRepr_RWShapeAspectRelationship.hxx
+M RWStepRepr:privinclude:RWStepRepr_RWShapeAspectRelationship.jxx /misc/dn61/LocalWOK/wok_entities/LOC/dev/CR0-OCCT691-7-CR0-OCCT691-occt-64/drv/RWStepRepr/RWStepRepr_RWShapeAspectRelationship.jxx
+M RWStepRepr:privinclude:RWStepRepr_RWShapeAspectRelationship.ixx /misc/dn61/LocalWOK/wok_entities/LOC/dev/CR0-OCCT691-7-CR0-OCCT691-occt-64/drv/RWStepRepr/RWStepRepr_RWShapeAspectRelationship.ixx
+M RWStepRepr:pubinclude:RWStepRepr_RWShapeAspectTransition.hxx /misc/dn61/LocalWOK/wok_entities/LOC/dev/CR0-OCCT691-7-CR0-OCCT691-occt-64/inc/RWStepRepr_RWShapeAspectTransition.hxx
+M RWStepRepr:privinclude:RWStepRepr_RWShapeAspectTransition.jxx /misc/dn61/LocalWOK/wok_entities/LOC/dev/CR0-OCCT691-7-CR0-OCCT691-occt-64/drv/RWStepRepr/RWStepRepr_RWShapeAspectTransition.jxx
+M RWStepRepr:privinclude:RWStepRepr_RWShapeAspectTransition.ixx /misc/dn61/LocalWOK/wok_entities/LOC/dev/CR0-OCCT691-7-CR0-OCCT691-occt-64/drv/RWStepRepr/RWStepRepr_RWShapeAspectTransition.ixx
+M RWStepRepr:pubinclude:RWStepRepr_RWMakeFromUsageOption.hxx /misc/dn61/LocalWOK/wok_entities/LOC/dev/CR0-OCCT691-7-CR0-OCCT691-occt-64/inc/RWStepRepr_RWMakeFromUsageOption.hxx
+M RWStepRepr:privinclude:RWStepRepr_RWMakeFromUsageOption.jxx /misc/dn61/LocalWOK/wok_entities/LOC/dev/CR0-OCCT691-7-CR0-OCCT691-occt-64/drv/RWStepRepr/RWStepRepr_RWMakeFromUsageOption.jxx
+M RWStepRepr:privinclude:RWStepRepr_RWMakeFromUsageOption.ixx /misc/dn61/LocalWOK/wok_entities/LOC/dev/CR0-OCCT691-7-CR0-OCCT691-occt-64/drv/RWStepRepr/RWStepRepr_RWMakeFromUsageOption.ixx
+M RWStepRepr:pubinclude:RWStepRepr_RWAssemblyComponentUsage.hxx /misc/dn61/LocalWOK/wok_entities/LOC/dev/CR0-OCCT691-7-CR0-OCCT691-occt-64/inc/RWStepRepr_RWAssemblyComponentUsage.hxx
+M RWStepRepr:privinclude:RWStepRepr_RWAssemblyComponentUsage.jxx /misc/dn61/LocalWOK/wok_entities/LOC/dev/CR0-OCCT691-7-CR0-OCCT691-occt-64/drv/RWStepRepr/RWStepRepr_RWAssemblyComponentUsage.jxx
+M RWStepRepr:privinclude:RWStepRepr_RWAssemblyComponentUsage.ixx /misc/dn61/LocalWOK/wok_entities/LOC/dev/CR0-OCCT691-7-CR0-OCCT691-occt-64/drv/RWStepRepr/RWStepRepr_RWAssemblyComponentUsage.ixx
+M RWStepRepr:pubinclude:RWStepRepr_RWQuantifiedAssemblyComponentUsage.hxx /misc/dn61/LocalWOK/wok_entities/LOC/dev/CR0-OCCT691-7-CR0-OCCT691-occt-64/inc/RWStepRepr_RWQuantifiedAssemblyComponentUsage.hxx
+M RWStepRepr:privinclude:RWStepRepr_RWQuantifiedAssemblyComponentUsage.jxx /misc/dn61/LocalWOK/wok_entities/LOC/dev/CR0-OCCT691-7-CR0-OCCT691-occt-64/drv/RWStepRepr/RWStepRepr_RWQuantifiedAssemblyComponentUsage.jxx
+M RWStepRepr:privinclude:RWStepRepr_RWQuantifiedAssemblyComponentUsage.ixx /misc/dn61/LocalWOK/wok_entities/LOC/dev/CR0-OCCT691-7-CR0-OCCT691-occt-64/drv/RWStepRepr/RWStepRepr_RWQuantifiedAssemblyComponentUsage.ixx
+M RWStepRepr:pubinclude:RWStepRepr_RWSpecifiedHigherUsageOccurrence.hxx /misc/dn61/LocalWOK/wok_entities/LOC/dev/CR0-OCCT691-7-CR0-OCCT691-occt-64/inc/RWStepRepr_RWSpecifiedHigherUsageOccurrence.hxx
+M RWStepRepr:privinclude:RWStepRepr_RWSpecifiedHigherUsageOccurrence.jxx /misc/dn61/LocalWOK/wok_entities/LOC/dev/CR0-OCCT691-7-CR0-OCCT691-occt-64/drv/RWStepRepr/RWStepRepr_RWSpecifiedHigherUsageOccurrence.jxx
+M RWStepRepr:privinclude:RWStepRepr_RWSpecifiedHigherUsageOccurrence.ixx /misc/dn61/LocalWOK/wok_entities/LOC/dev/CR0-OCCT691-7-CR0-OCCT691-occt-64/drv/RWStepRepr/RWStepRepr_RWSpecifiedHigherUsageOccurrence.ixx
+M RWStepRepr:pubinclude:RWStepRepr_RWAssemblyComponentUsageSubstitute.hxx /misc/dn61/LocalWOK/wok_entities/LOC/dev/CR0-OCCT691-7-CR0-OCCT691-occt-64/inc/RWStepRepr_RWAssemblyComponentUsageSubstitute.hxx
+M RWStepRepr:privinclude:RWStepRepr_RWAssemblyComponentUsageSubstitute.jxx /misc/dn61/LocalWOK/wok_entities/LOC/dev/CR0-OCCT691-7-CR0-OCCT691-occt-64/drv/RWStepRepr/RWStepRepr_RWAssemblyComponentUsageSubstitute.jxx
+M RWStepRepr:privinclude:RWStepRepr_RWAssemblyComponentUsageSubstitute.ixx /misc/dn61/LocalWOK/wok_entities/LOC/dev/CR0-OCCT691-7-CR0-OCCT691-occt-64/drv/RWStepRepr/RWStepRepr_RWAssemblyComponentUsageSubstitute.ixx
+M RWStepRepr:pubinclude:RWStepRepr_RWRepresentationRelationshipWithTransformation.hxx /misc/dn61/LocalWOK/wok_entities/LOC/dev/CR0-OCCT691-7-CR0-OCCT691-occt-64/inc/RWStepRepr_RWRepresentationRelationshipWithTransformation.hxx
+M RWStepRepr:privinclude:RWStepRepr_RWRepresentationRelationshipWithTransformation.jxx /misc/dn61/LocalWOK/wok_entities/LOC/dev/CR0-OCCT691-7-CR0-OCCT691-occt-64/drv/RWStepRepr/RWStepRepr_RWRepresentationRelationshipWithTransformation.jxx
+M RWStepRepr:privinclude:RWStepRepr_RWRepresentationRelationshipWithTransformation.ixx /misc/dn61/LocalWOK/wok_entities/LOC/dev/CR0-OCCT691-7-CR0-OCCT691-occt-64/drv/RWStepRepr/RWStepRepr_RWRepresentationRelationshipWithTransformation.ixx
+M RWStepRepr:pubinclude:RWStepRepr_RWShapeRepresentationRelationshipWithTransformation.hxx /misc/dn61/LocalWOK/wok_entities/LOC/dev/CR0-OCCT691-7-CR0-OCCT691-occt-64/inc/RWStepRepr_RWShapeRepresentationRelationshipWithTransformation.hxx
+M RWStepRepr:privinclude:RWStepRepr_RWShapeRepresentationRelationshipWithTransformation.jxx /misc/dn61/LocalWOK/wok_entities/LOC/dev/CR0-OCCT691-7-CR0-OCCT691-occt-64/drv/RWStepRepr/RWStepRepr_RWShapeRepresentationRelationshipWithTransformation.jxx
+M RWStepRepr:privinclude:RWStepRepr_RWShapeRepresentationRelationshipWithTransformation.ixx /misc/dn61/LocalWOK/wok_entities/LOC/dev/CR0-OCCT691-7-CR0-OCCT691-occt-64/drv/RWStepRepr/RWStepRepr_RWShapeRepresentationRelationshipWithTransformation.ixx
+M RWStepRepr:pubinclude:RWStepRepr_RWMaterialDesignation.hxx /misc/dn61/LocalWOK/wok_entities/LOC/dev/CR0-OCCT691-7-CR0-OCCT691-occt-64/inc/RWStepRepr_RWMaterialDesignation.hxx
+M RWStepRepr:privinclude:RWStepRepr_RWMaterialDesignation.jxx /misc/dn61/LocalWOK/wok_entities/LOC/dev/CR0-OCCT691-7-CR0-OCCT691-occt-64/drv/RWStepRepr/RWStepRepr_RWMaterialDesignation.jxx
+M RWStepRepr:privinclude:RWStepRepr_RWMaterialDesignation.ixx /misc/dn61/LocalWOK/wok_entities/LOC/dev/CR0-OCCT691-7-CR0-OCCT691-occt-64/drv/RWStepRepr/RWStepRepr_RWMaterialDesignation.ixx
+M RWStepRepr:pubinclude:RWStepRepr_RWMeasureRepresentationItem.hxx /misc/dn61/LocalWOK/wok_entities/LOC/dev/CR0-OCCT691-7-CR0-OCCT691-occt-64/inc/RWStepRepr_RWMeasureRepresentationItem.hxx
+M RWStepRepr:privinclude:RWStepRepr_RWMeasureRepresentationItem.jxx /misc/dn61/LocalWOK/wok_entities/LOC/dev/CR0-OCCT691-7-CR0-OCCT691-occt-64/drv/RWStepRepr/RWStepRepr_RWMeasureRepresentationItem.jxx
+M RWStepRepr:privinclude:RWStepRepr_RWMeasureRepresentationItem.ixx /misc/dn61/LocalWOK/wok_entities/LOC/dev/CR0-OCCT691-7-CR0-OCCT691-occt-64/drv/RWStepRepr/RWStepRepr_RWMeasureRepresentationItem.ixx
+M RWStepRepr:pubinclude:RWStepRepr_RWConfigurationDesign.hxx /misc/dn61/LocalWOK/wok_entities/LOC/dev/CR0-OCCT691-7-CR0-OCCT691-occt-64/inc/RWStepRepr_RWConfigurationDesign.hxx
+M RWStepRepr:privinclude:RWStepRepr_RWConfigurationDesign.jxx /misc/dn61/LocalWOK/wok_entities/LOC/dev/CR0-OCCT691-7-CR0-OCCT691-occt-64/drv/RWStepRepr/RWStepRepr_RWConfigurationDesign.jxx
+M RWStepRepr:privinclude:RWStepRepr_RWConfigurationDesign.ixx /misc/dn61/LocalWOK/wok_entities/LOC/dev/CR0-OCCT691-7-CR0-OCCT691-occt-64/drv/RWStepRepr/RWStepRepr_RWConfigurationDesign.ixx
+M RWStepRepr:pubinclude:RWStepRepr_RWConfigurationEffectivity.hxx /misc/dn61/LocalWOK/wok_entities/LOC/dev/CR0-OCCT691-7-CR0-OCCT691-occt-64/inc/RWStepRepr_RWConfigurationEffectivity.hxx
+M RWStepRepr:privinclude:RWStepRepr_RWConfigurationEffectivity.jxx /misc/dn61/LocalWOK/wok_entities/LOC/dev/CR0-OCCT691-7-CR0-OCCT691-occt-64/drv/RWStepRepr/RWStepRepr_RWConfigurationEffectivity.jxx
+M RWStepRepr:privinclude:RWStepRepr_RWConfigurationEffectivity.ixx /misc/dn61/LocalWOK/wok_entities/LOC/dev/CR0-OCCT691-7-CR0-OCCT691-occt-64/drv/RWStepRepr/RWStepRepr_RWConfigurationEffectivity.ixx
+M RWStepRepr:pubinclude:RWStepRepr_RWConfigurationItem.hxx /misc/dn61/LocalWOK/wok_entities/LOC/dev/CR0-OCCT691-7-CR0-OCCT691-occt-64/inc/RWStepRepr_RWConfigurationItem.hxx
+M RWStepRepr:privinclude:RWStepRepr_RWConfigurationItem.jxx /misc/dn61/LocalWOK/wok_entities/LOC/dev/CR0-OCCT691-7-CR0-OCCT691-occt-64/drv/RWStepRepr/RWStepRepr_RWConfigurationItem.jxx
+M RWStepRepr:privinclude:RWStepRepr_RWConfigurationItem.ixx /misc/dn61/LocalWOK/wok_entities/LOC/dev/CR0-OCCT691-7-CR0-OCCT691-occt-64/drv/RWStepRepr/RWStepRepr_RWConfigurationItem.ixx
+M RWStepRepr:pubinclude:RWStepRepr_RWProductConcept.hxx /misc/dn61/LocalWOK/wok_entities/LOC/dev/CR0-OCCT691-7-CR0-OCCT691-occt-64/inc/RWStepRepr_RWProductConcept.hxx
+M RWStepRepr:privinclude:RWStepRepr_RWProductConcept.jxx /misc/dn61/LocalWOK/wok_entities/LOC/dev/CR0-OCCT691-7-CR0-OCCT691-occt-64/drv/RWStepRepr/RWStepRepr_RWProductConcept.jxx
+M RWStepRepr:privinclude:RWStepRepr_RWProductConcept.ixx /misc/dn61/LocalWOK/wok_entities/LOC/dev/CR0-OCCT691-7-CR0-OCCT691-occt-64/drv/RWStepRepr/RWStepRepr_RWProductConcept.ixx
+M RWStepRepr:pubinclude:RWStepRepr_RWCompoundRepresentationItem.hxx /misc/dn61/LocalWOK/wok_entities/LOC/dev/CR0-OCCT691-7-CR0-OCCT691-occt-64/inc/RWStepRepr_RWCompoundRepresentationItem.hxx
+M RWStepRepr:privinclude:RWStepRepr_RWCompoundRepresentationItem.jxx /misc/dn61/LocalWOK/wok_entities/LOC/dev/CR0-OCCT691-7-CR0-OCCT691-occt-64/drv/RWStepRepr/RWStepRepr_RWCompoundRepresentationItem.jxx
+M RWStepRepr:privinclude:RWStepRepr_RWCompoundRepresentationItem.ixx /misc/dn61/LocalWOK/wok_entities/LOC/dev/CR0-OCCT691-7-CR0-OCCT691-occt-64/drv/RWStepRepr/RWStepRepr_RWCompoundRepresentationItem.ixx
+M RWStepRepr:pubinclude:RWStepRepr_RWDataEnvironment.hxx /misc/dn61/LocalWOK/wok_entities/LOC/dev/CR0-OCCT691-7-CR0-OCCT691-occt-64/inc/RWStepRepr_RWDataEnvironment.hxx
+M RWStepRepr:privinclude:RWStepRepr_RWDataEnvironment.jxx /misc/dn61/LocalWOK/wok_entities/LOC/dev/CR0-OCCT691-7-CR0-OCCT691-occt-64/drv/RWStepRepr/RWStepRepr_RWDataEnvironment.jxx
+M RWStepRepr:privinclude:RWStepRepr_RWDataEnvironment.ixx /misc/dn61/LocalWOK/wok_entities/LOC/dev/CR0-OCCT691-7-CR0-OCCT691-occt-64/drv/RWStepRepr/RWStepRepr_RWDataEnvironment.ixx
+M RWStepRepr:pubinclude:RWStepRepr_RWMaterialPropertyRepresentation.hxx /misc/dn61/LocalWOK/wok_entities/LOC/dev/CR0-OCCT691-7-CR0-OCCT691-occt-64/inc/RWStepRepr_RWMaterialPropertyRepresentation.hxx
+M RWStepRepr:privinclude:RWStepRepr_RWMaterialPropertyRepresentation.jxx /misc/dn61/LocalWOK/wok_entities/LOC/dev/CR0-OCCT691-7-CR0-OCCT691-occt-64/drv/RWStepRepr/RWStepRepr_RWMaterialPropertyRepresentation.jxx
+M RWStepRepr:privinclude:RWStepRepr_RWMaterialPropertyRepresentation.ixx /misc/dn61/LocalWOK/wok_entities/LOC/dev/CR0-OCCT691-7-CR0-OCCT691-occt-64/drv/RWStepRepr/RWStepRepr_RWMaterialPropertyRepresentation.ixx
+M RWStepRepr:pubinclude:RWStepRepr_RWPropertyDefinitionRelationship.hxx /misc/dn61/LocalWOK/wok_entities/LOC/dev/CR0-OCCT691-7-CR0-OCCT691-occt-64/inc/RWStepRepr_RWPropertyDefinitionRelationship.hxx
+M RWStepRepr:privinclude:RWStepRepr_RWPropertyDefinitionRelationship.jxx /misc/dn61/LocalWOK/wok_entities/LOC/dev/CR0-OCCT691-7-CR0-OCCT691-occt-64/drv/RWStepRepr/RWStepRepr_RWPropertyDefinitionRelationship.jxx
+M RWStepRepr:privinclude:RWStepRepr_RWPropertyDefinitionRelationship.ixx /misc/dn61/LocalWOK/wok_entities/LOC/dev/CR0-OCCT691-7-CR0-OCCT691-occt-64/drv/RWStepRepr/RWStepRepr_RWPropertyDefinitionRelationship.ixx
+M RWStepRepr:pubinclude:RWStepRepr_RWMaterialProperty.hxx /misc/dn61/LocalWOK/wok_entities/LOC/dev/CR0-OCCT691-7-CR0-OCCT691-occt-64/inc/RWStepRepr_RWMaterialProperty.hxx
+M RWStepRepr:privinclude:RWStepRepr_RWMaterialProperty.jxx /misc/dn61/LocalWOK/wok_entities/LOC/dev/CR0-OCCT691-7-CR0-OCCT691-occt-64/drv/RWStepRepr/RWStepRepr_RWMaterialProperty.jxx
+M RWStepRepr:privinclude:RWStepRepr_RWMaterialProperty.ixx /misc/dn61/LocalWOK/wok_entities/LOC/dev/CR0-OCCT691-7-CR0-OCCT691-occt-64/drv/RWStepRepr/RWStepRepr_RWMaterialProperty.ixx
+M RWStepRepr:pubinclude:RWStepRepr_RWStructuralResponseProperty.hxx /misc/dn61/LocalWOK/wok_entities/LOC/dev/CR0-OCCT691-7-CR0-OCCT691-occt-64/inc/RWStepRepr_RWStructuralResponseProperty.hxx
+M RWStepRepr:privinclude:RWStepRepr_RWStructuralResponseProperty.jxx /misc/dn61/LocalWOK/wok_entities/LOC/dev/CR0-OCCT691-7-CR0-OCCT691-occt-64/drv/RWStepRepr/RWStepRepr_RWStructuralResponseProperty.jxx
+M RWStepRepr:privinclude:RWStepRepr_RWStructuralResponseProperty.ixx /misc/dn61/LocalWOK/wok_entities/LOC/dev/CR0-OCCT691-7-CR0-OCCT691-occt-64/drv/RWStepRepr/RWStepRepr_RWStructuralResponseProperty.ixx
+M RWStepRepr:pubinclude:RWStepRepr_RWStructuralResponsePropertyDefinitionRepresentation.hxx /misc/dn61/LocalWOK/wok_entities/LOC/dev/CR0-OCCT691-7-CR0-OCCT691-occt-64/inc/RWStepRepr_RWStructuralResponsePropertyDefinitionRepresentation.hxx
+M RWStepRepr:privinclude:RWStepRepr_RWStructuralResponsePropertyDefinitionRepresentation.jxx /misc/dn61/LocalWOK/wok_entities/LOC/dev/CR0-OCCT691-7-CR0-OCCT691-occt-64/drv/RWStepRepr/RWStepRepr_RWStructuralResponsePropertyDefinitionRepresentation.jxx
+M RWStepRepr:privinclude:RWStepRepr_RWStructuralResponsePropertyDefinitionRepresentation.ixx /misc/dn61/LocalWOK/wok_entities/LOC/dev/CR0-OCCT691-7-CR0-OCCT691-occt-64/drv/RWStepRepr/RWStepRepr_RWStructuralResponsePropertyDefinitionRepresentation.ixx
+M RWStepRepr:pubinclude:RWStepRepr_RWCompositeShapeAspect.hxx /misc/dn61/LocalWOK/wok_entities/LOC/dev/CR0-OCCT691-7-CR0-OCCT691-occt-64/inc/RWStepRepr_RWCompositeShapeAspect.hxx
+M RWStepRepr:privinclude:RWStepRepr_RWCompositeShapeAspect.jxx /misc/dn61/LocalWOK/wok_entities/LOC/dev/CR0-OCCT691-7-CR0-OCCT691-occt-64/drv/RWStepRepr/RWStepRepr_RWCompositeShapeAspect.jxx
+M RWStepRepr:privinclude:RWStepRepr_RWCompositeShapeAspect.ixx /misc/dn61/LocalWOK/wok_entities/LOC/dev/CR0-OCCT691-7-CR0-OCCT691-occt-64/drv/RWStepRepr/RWStepRepr_RWCompositeShapeAspect.ixx
+M RWStepRepr:pubinclude:RWStepRepr_RWDerivedShapeAspect.hxx /misc/dn61/LocalWOK/wok_entities/LOC/dev/CR0-OCCT691-7-CR0-OCCT691-occt-64/inc/RWStepRepr_RWDerivedShapeAspect.hxx
+M RWStepRepr:privinclude:RWStepRepr_RWDerivedShapeAspect.jxx /misc/dn61/LocalWOK/wok_entities/LOC/dev/CR0-OCCT691-7-CR0-OCCT691-occt-64/drv/RWStepRepr/RWStepRepr_RWDerivedShapeAspect.jxx
+M RWStepRepr:privinclude:RWStepRepr_RWDerivedShapeAspect.ixx /misc/dn61/LocalWOK/wok_entities/LOC/dev/CR0-OCCT691-7-CR0-OCCT691-occt-64/drv/RWStepRepr/RWStepRepr_RWDerivedShapeAspect.ixx
+M RWStepRepr:pubinclude:RWStepRepr_RWExtension.hxx /misc/dn61/LocalWOK/wok_entities/LOC/dev/CR0-OCCT691-7-CR0-OCCT691-occt-64/inc/RWStepRepr_RWExtension.hxx
+M RWStepRepr:privinclude:RWStepRepr_RWExtension.jxx /misc/dn61/LocalWOK/wok_entities/LOC/dev/CR0-OCCT691-7-CR0-OCCT691-occt-64/drv/RWStepRepr/RWStepRepr_RWExtension.jxx
+M RWStepRepr:privinclude:RWStepRepr_RWExtension.ixx /misc/dn61/LocalWOK/wok_entities/LOC/dev/CR0-OCCT691-7-CR0-OCCT691-occt-64/drv/RWStepRepr/RWStepRepr_RWExtension.ixx
+M RWStepRepr:pubinclude:RWStepRepr_RWShapeAspectDerivingRelationship.hxx /misc/dn61/LocalWOK/wok_entities/LOC/dev/CR0-OCCT691-7-CR0-OCCT691-occt-64/inc/RWStepRepr_RWShapeAspectDerivingRelationship.hxx
+M RWStepRepr:privinclude:RWStepRepr_RWShapeAspectDerivingRelationship.jxx /misc/dn61/LocalWOK/wok_entities/LOC/dev/CR0-OCCT691-7-CR0-OCCT691-occt-64/drv/RWStepRepr/RWStepRepr_RWShapeAspectDerivingRelationship.jxx
+M RWStepRepr:privinclude:RWStepRepr_RWShapeAspectDerivingRelationship.ixx /misc/dn61/LocalWOK/wok_entities/LOC/dev/CR0-OCCT691-7-CR0-OCCT691-occt-64/drv/RWStepRepr/RWStepRepr_RWShapeAspectDerivingRelationship.ixx
+M RWStepRepr:pubinclude:RWStepRepr_RWReprItemAndLengthMeasureWithUnit.hxx /misc/dn61/LocalWOK/wok_entities/LOC/dev/CR0-OCCT691-7-CR0-OCCT691-occt-64/inc/RWStepRepr_RWReprItemAndLengthMeasureWithUnit.hxx
+M RWStepRepr:privinclude:RWStepRepr_RWReprItemAndLengthMeasureWithUnit.jxx /misc/dn61/LocalWOK/wok_entities/LOC/dev/CR0-OCCT691-7-CR0-OCCT691-occt-64/drv/RWStepRepr/RWStepRepr_RWReprItemAndLengthMeasureWithUnit.jxx
+M RWStepRepr:privinclude:RWStepRepr_RWReprItemAndLengthMeasureWithUnit.ixx /misc/dn61/LocalWOK/wok_entities/LOC/dev/CR0-OCCT691-7-CR0-OCCT691-occt-64/drv/RWStepRepr/RWStepRepr_RWReprItemAndLengthMeasureWithUnit.ixx
+M RWStepRepr:dbadmfile:RWStepRepr_xcpp_header.In /misc/dn61/LocalWOK/wok_entities/LOC/dev/CR0-OCCT691-7-CR0-OCCT691-occt-64/drv/RWStepRepr/.adm/RWStepRepr_xcpp_header.In
+M RWStepRepr:dbadmfile:RWStepRepr_xcpp_header.Out /misc/dn61/LocalWOK/wok_entities/LOC/dev/CR0-OCCT691-7-CR0-OCCT691-occt-64/drv/RWStepRepr/.adm/RWStepRepr_xcpp_header.Out
+M RWStepRepr:dbadmfile:RWStepRepr_xcpp_header.Dep /misc/dn61/LocalWOK/wok_entities/LOC/dev/CR0-OCCT691-7-CR0-OCCT691-occt-64/drv/RWStepRepr/.adm/RWStepRepr_xcpp_header.Dep
