+M BinMDF:pubinclude:BinMDF.hxx /misc/dn61/LocalWOK/wok_entities/LOC/dev/CR0-OCCT691-7-CR0-OCCT691-occt-64/inc/BinMDF.hxx
+M BinMDF:privinclude:BinMDF.jxx /misc/dn61/LocalWOK/wok_entities/LOC/dev/CR0-OCCT691-7-CR0-OCCT691-occt-64/drv/BinMDF/BinMDF.jxx
+M BinMDF:privinclude:BinMDF.ixx /misc/dn61/LocalWOK/wok_entities/LOC/dev/CR0-OCCT691-7-CR0-OCCT691-occt-64/drv/BinMDF/BinMDF.ixx
+M BinMDF:pubinclude:Handle_BinMDF_ADriver.hxx /misc/dn61/LocalWOK/wok_entities/LOC/dev/CR0-OCCT691-7-CR0-OCCT691-occt-64/inc/Handle_BinMDF_ADriver.hxx
+M BinMDF:pubinclude:BinMDF_ADriver.hxx /misc/dn61/LocalWOK/wok_entities/LOC/dev/CR0-OCCT691-7-CR0-OCCT691-occt-64/inc/BinMDF_ADriver.hxx
+M BinMDF:privinclude:BinMDF_ADriver.jxx /misc/dn61/LocalWOK/wok_entities/LOC/dev/CR0-OCCT691-7-CR0-OCCT691-occt-64/drv/BinMDF/BinMDF_ADriver.jxx
+M BinMDF:privinclude:BinMDF_ADriver.ixx /misc/dn61/LocalWOK/wok_entities/LOC/dev/CR0-OCCT691-7-CR0-OCCT691-occt-64/drv/BinMDF/BinMDF_ADriver.ixx
+M BinMDF:pubinclude:Handle_BinMDF_ReferenceDriver.hxx /misc/dn61/LocalWOK/wok_entities/LOC/dev/CR0-OCCT691-7-CR0-OCCT691-occt-64/inc/Handle_BinMDF_ReferenceDriver.hxx
+M BinMDF:pubinclude:BinMDF_ReferenceDriver.hxx /misc/dn61/LocalWOK/wok_entities/LOC/dev/CR0-OCCT691-7-CR0-OCCT691-occt-64/inc/BinMDF_ReferenceDriver.hxx
+M BinMDF:privinclude:BinMDF_ReferenceDriver.jxx /misc/dn61/LocalWOK/wok_entities/LOC/dev/CR0-OCCT691-7-CR0-OCCT691-occt-64/drv/BinMDF/BinMDF_ReferenceDriver.jxx
+M BinMDF:privinclude:BinMDF_ReferenceDriver.ixx /misc/dn61/LocalWOK/wok_entities/LOC/dev/CR0-OCCT691-7-CR0-OCCT691-occt-64/drv/BinMDF/BinMDF_ReferenceDriver.ixx
+M BinMDF:pubinclude:Handle_BinMDF_TagSourceDriver.hxx /misc/dn61/LocalWOK/wok_entities/LOC/dev/CR0-OCCT691-7-CR0-OCCT691-occt-64/inc/Handle_BinMDF_TagSourceDriver.hxx
+M BinMDF:pubinclude:BinMDF_TagSourceDriver.hxx /misc/dn61/LocalWOK/wok_entities/LOC/dev/CR0-OCCT691-7-CR0-OCCT691-occt-64/inc/BinMDF_TagSourceDriver.hxx
+M BinMDF:privinclude:BinMDF_TagSourceDriver.jxx /misc/dn61/LocalWOK/wok_entities/LOC/dev/CR0-OCCT691-7-CR0-OCCT691-occt-64/drv/BinMDF/BinMDF_TagSourceDriver.jxx
+M BinMDF:privinclude:BinMDF_TagSourceDriver.ixx /misc/dn61/LocalWOK/wok_entities/LOC/dev/CR0-OCCT691-7-CR0-OCCT691-occt-64/drv/BinMDF/BinMDF_TagSourceDriver.ixx
+M BinMDF:pubinclude:BinMDF_TypeADriverMap.hxx /misc/dn61/LocalWOK/wok_entities/LOC/dev/CR0-OCCT691-7-CR0-OCCT691-occt-64/inc/BinMDF_TypeADriverMap.hxx
+M BinMDF:derivated:BinMDF_TypeADriverMap_0.cxx /misc/dn61/LocalWOK/wok_entities/LOC/dev/CR0-OCCT691-7-CR0-OCCT691-occt-64/drv/BinMDF/BinMDF_TypeADriverMap_0.cxx
+M BinMDF:pubinclude:BinMDF_TypeIdMap.hxx /misc/dn61/LocalWOK/wok_entities/LOC/dev/CR0-OCCT691-7-CR0-OCCT691-occt-64/inc/BinMDF_TypeIdMap.hxx
+M BinMDF:derivated:BinMDF_TypeIdMap_0.cxx /misc/dn61/LocalWOK/wok_entities/LOC/dev/CR0-OCCT691-7-CR0-OCCT691-occt-64/drv/BinMDF/BinMDF_TypeIdMap_0.cxx
+M BinMDF:pubinclude:Handle_BinMDF_ADriverTable.hxx /misc/dn61/LocalWOK/wok_entities/LOC/dev/CR0-OCCT691-7-CR0-OCCT691-occt-64/inc/Handle_BinMDF_ADriverTable.hxx
+M BinMDF:pubinclude:BinMDF_ADriverTable.hxx /misc/dn61/LocalWOK/wok_entities/LOC/dev/CR0-OCCT691-7-CR0-OCCT691-occt-64/inc/BinMDF_ADriverTable.hxx
+M BinMDF:privinclude:BinMDF_ADriverTable.jxx /misc/dn61/LocalWOK/wok_entities/LOC/dev/CR0-OCCT691-7-CR0-OCCT691-occt-64/drv/BinMDF/BinMDF_ADriverTable.jxx
+M BinMDF:privinclude:BinMDF_ADriverTable.ixx /misc/dn61/LocalWOK/wok_entities/LOC/dev/CR0-OCCT691-7-CR0-OCCT691-occt-64/drv/BinMDF/BinMDF_ADriverTable.ixx
+M BinMDF:pubinclude:Handle_BinMDF_DataMapNodeOfTypeADriverMap.hxx /misc/dn61/LocalWOK/wok_entities/LOC/dev/CR0-OCCT691-7-CR0-OCCT691-occt-64/inc/Handle_BinMDF_DataMapNodeOfTypeADriverMap.hxx
+M BinMDF:pubinclude:BinMDF_DataMapNodeOfTypeADriverMap.hxx /misc/dn61/LocalWOK/wok_entities/LOC/dev/CR0-OCCT691-7-CR0-OCCT691-occt-64/inc/BinMDF_DataMapNodeOfTypeADriverMap.hxx
+M BinMDF:derivated:BinMDF_DataMapNodeOfTypeADriverMap_0.cxx /misc/dn61/LocalWOK/wok_entities/LOC/dev/CR0-OCCT691-7-CR0-OCCT691-occt-64/drv/BinMDF/BinMDF_DataMapNodeOfTypeADriverMap_0.cxx
+M BinMDF:pubinclude:BinMDF_DataMapIteratorOfTypeADriverMap.hxx /misc/dn61/LocalWOK/wok_entities/LOC/dev/CR0-OCCT691-7-CR0-OCCT691-occt-64/inc/BinMDF_DataMapIteratorOfTypeADriverMap.hxx
+M BinMDF:derivated:BinMDF_DataMapIteratorOfTypeADriverMap_0.cxx /misc/dn61/LocalWOK/wok_entities/LOC/dev/CR0-OCCT691-7-CR0-OCCT691-occt-64/drv/BinMDF/BinMDF_DataMapIteratorOfTypeADriverMap_0.cxx
+M BinMDF:pubinclude:Handle_BinMDF_DoubleMapNodeOfTypeIdMap.hxx /misc/dn61/LocalWOK/wok_entities/LOC/dev/CR0-OCCT691-7-CR0-OCCT691-occt-64/inc/Handle_BinMDF_DoubleMapNodeOfTypeIdMap.hxx
+M BinMDF:pubinclude:BinMDF_DoubleMapNodeOfTypeIdMap.hxx /misc/dn61/LocalWOK/wok_entities/LOC/dev/CR0-OCCT691-7-CR0-OCCT691-occt-64/inc/BinMDF_DoubleMapNodeOfTypeIdMap.hxx
+M BinMDF:derivated:BinMDF_DoubleMapNodeOfTypeIdMap_0.cxx /misc/dn61/LocalWOK/wok_entities/LOC/dev/CR0-OCCT691-7-CR0-OCCT691-occt-64/drv/BinMDF/BinMDF_DoubleMapNodeOfTypeIdMap_0.cxx
+M BinMDF:pubinclude:BinMDF_DoubleMapIteratorOfTypeIdMap.hxx /misc/dn61/LocalWOK/wok_entities/LOC/dev/CR0-OCCT691-7-CR0-OCCT691-occt-64/inc/BinMDF_DoubleMapIteratorOfTypeIdMap.hxx
+M BinMDF:derivated:BinMDF_DoubleMapIteratorOfTypeIdMap_0.cxx /misc/dn61/LocalWOK/wok_entities/LOC/dev/CR0-OCCT691-7-CR0-OCCT691-occt-64/drv/BinMDF/BinMDF_DoubleMapIteratorOfTypeIdMap_0.cxx
+M BinMDF:pubinclude:BinMDF_StringIdMap.hxx /misc/dn61/LocalWOK/wok_entities/LOC/dev/CR0-OCCT691-7-CR0-OCCT691-occt-64/inc/BinMDF_StringIdMap.hxx
+M BinMDF:dbadmfile:BinMDF_xcpp_header.In /misc/dn61/LocalWOK/wok_entities/LOC/dev/CR0-OCCT691-7-CR0-OCCT691-occt-64/drv/BinMDF/.adm/BinMDF_xcpp_header.In
+M BinMDF:dbadmfile:BinMDF_xcpp_header.Out /misc/dn61/LocalWOK/wok_entities/LOC/dev/CR0-OCCT691-7-CR0-OCCT691-occt-64/drv/BinMDF/.adm/BinMDF_xcpp_header.Out
+M BinMDF:dbadmfile:BinMDF_xcpp_header.Dep /misc/dn61/LocalWOK/wok_entities/LOC/dev/CR0-OCCT691-7-CR0-OCCT691-occt-64/drv/BinMDF/.adm/BinMDF_xcpp_header.Dep
