+M Blend:pubinclude:Blend_AppFunction.hxx /misc/dn61/LocalWOK/wok_entities/LOC/dev/CR0-OCCT691-7-CR0-OCCT691-occt-64/inc/Blend_AppFunction.hxx
+M Blend:privinclude:Blend_AppFunction.jxx /misc/dn61/LocalWOK/wok_entities/LOC/dev/CR0-OCCT691-7-CR0-OCCT691-occt-64/drv/Blend/Blend_AppFunction.jxx
+M Blend:privinclude:Blend_AppFunction.ixx /misc/dn61/LocalWOK/wok_entities/LOC/dev/CR0-OCCT691-7-CR0-OCCT691-occt-64/drv/Blend/Blend_AppFunction.ixx
+M Blend:pubinclude:Blend_Function.hxx /misc/dn61/LocalWOK/wok_entities/LOC/dev/CR0-OCCT691-7-CR0-OCCT691-occt-64/inc/Blend_Function.hxx
+M Blend:privinclude:Blend_Function.jxx /misc/dn61/LocalWOK/wok_entities/LOC/dev/CR0-OCCT691-7-CR0-OCCT691-occt-64/drv/Blend/Blend_Function.jxx
+M Blend:privinclude:Blend_Function.ixx /misc/dn61/LocalWOK/wok_entities/LOC/dev/CR0-OCCT691-7-CR0-OCCT691-occt-64/drv/Blend/Blend_Function.ixx
+M Blend:pubinclude:Blend_FuncInv.hxx /misc/dn61/LocalWOK/wok_entities/LOC/dev/CR0-OCCT691-7-CR0-OCCT691-occt-64/inc/Blend_FuncInv.hxx
+M Blend:privinclude:Blend_FuncInv.jxx /misc/dn61/LocalWOK/wok_entities/LOC/dev/CR0-OCCT691-7-CR0-OCCT691-occt-64/drv/Blend/Blend_FuncInv.jxx
+M Blend:privinclude:Blend_FuncInv.ixx /misc/dn61/LocalWOK/wok_entities/LOC/dev/CR0-OCCT691-7-CR0-OCCT691-occt-64/drv/Blend/Blend_FuncInv.ixx
+M Blend:pubinclude:Blend_CSFunction.hxx /misc/dn61/LocalWOK/wok_entities/LOC/dev/CR0-OCCT691-7-CR0-OCCT691-occt-64/inc/Blend_CSFunction.hxx
+M Blend:privinclude:Blend_CSFunction.jxx /misc/dn61/LocalWOK/wok_entities/LOC/dev/CR0-OCCT691-7-CR0-OCCT691-occt-64/drv/Blend/Blend_CSFunction.jxx
+M Blend:privinclude:Blend_CSFunction.ixx /misc/dn61/LocalWOK/wok_entities/LOC/dev/CR0-OCCT691-7-CR0-OCCT691-occt-64/drv/Blend/Blend_CSFunction.ixx
+M Blend:pubinclude:Blend_SurfRstFunction.hxx /misc/dn61/LocalWOK/wok_entities/LOC/dev/CR0-OCCT691-7-CR0-OCCT691-occt-64/inc/Blend_SurfRstFunction.hxx
+M Blend:privinclude:Blend_SurfRstFunction.jxx /misc/dn61/LocalWOK/wok_entities/LOC/dev/CR0-OCCT691-7-CR0-OCCT691-occt-64/drv/Blend/Blend_SurfRstFunction.jxx
+M Blend:privinclude:Blend_SurfRstFunction.ixx /misc/dn61/LocalWOK/wok_entities/LOC/dev/CR0-OCCT691-7-CR0-OCCT691-occt-64/drv/Blend/Blend_SurfRstFunction.ixx
+M Blend:pubinclude:Blend_SurfPointFuncInv.hxx /misc/dn61/LocalWOK/wok_entities/LOC/dev/CR0-OCCT691-7-CR0-OCCT691-occt-64/inc/Blend_SurfPointFuncInv.hxx
+M Blend:privinclude:Blend_SurfPointFuncInv.jxx /misc/dn61/LocalWOK/wok_entities/LOC/dev/CR0-OCCT691-7-CR0-OCCT691-occt-64/drv/Blend/Blend_SurfPointFuncInv.jxx
+M Blend:privinclude:Blend_SurfPointFuncInv.ixx /misc/dn61/LocalWOK/wok_entities/LOC/dev/CR0-OCCT691-7-CR0-OCCT691-occt-64/drv/Blend/Blend_SurfPointFuncInv.ixx
+M Blend:pubinclude:Blend_SurfCurvFuncInv.hxx /misc/dn61/LocalWOK/wok_entities/LOC/dev/CR0-OCCT691-7-CR0-OCCT691-occt-64/inc/Blend_SurfCurvFuncInv.hxx
+M Blend:privinclude:Blend_SurfCurvFuncInv.jxx /misc/dn61/LocalWOK/wok_entities/LOC/dev/CR0-OCCT691-7-CR0-OCCT691-occt-64/drv/Blend/Blend_SurfCurvFuncInv.jxx
+M Blend:privinclude:Blend_SurfCurvFuncInv.ixx /misc/dn61/LocalWOK/wok_entities/LOC/dev/CR0-OCCT691-7-CR0-OCCT691-occt-64/drv/Blend/Blend_SurfCurvFuncInv.ixx
+M Blend:pubinclude:Blend_RstRstFunction.hxx /misc/dn61/LocalWOK/wok_entities/LOC/dev/CR0-OCCT691-7-CR0-OCCT691-occt-64/inc/Blend_RstRstFunction.hxx
+M Blend:privinclude:Blend_RstRstFunction.jxx /misc/dn61/LocalWOK/wok_entities/LOC/dev/CR0-OCCT691-7-CR0-OCCT691-occt-64/drv/Blend/Blend_RstRstFunction.jxx
+M Blend:privinclude:Blend_RstRstFunction.ixx /misc/dn61/LocalWOK/wok_entities/LOC/dev/CR0-OCCT691-7-CR0-OCCT691-occt-64/drv/Blend/Blend_RstRstFunction.ixx
+M Blend:pubinclude:Blend_CurvPointFuncInv.hxx /misc/dn61/LocalWOK/wok_entities/LOC/dev/CR0-OCCT691-7-CR0-OCCT691-occt-64/inc/Blend_CurvPointFuncInv.hxx
+M Blend:privinclude:Blend_CurvPointFuncInv.jxx /misc/dn61/LocalWOK/wok_entities/LOC/dev/CR0-OCCT691-7-CR0-OCCT691-occt-64/drv/Blend/Blend_CurvPointFuncInv.jxx
+M Blend:privinclude:Blend_CurvPointFuncInv.ixx /misc/dn61/LocalWOK/wok_entities/LOC/dev/CR0-OCCT691-7-CR0-OCCT691-occt-64/drv/Blend/Blend_CurvPointFuncInv.ixx
+M Blend:pubinclude:Blend_Point.hxx /misc/dn61/LocalWOK/wok_entities/LOC/dev/CR0-OCCT691-7-CR0-OCCT691-occt-64/inc/Blend_Point.hxx
+M Blend:privinclude:Blend_Point.jxx /misc/dn61/LocalWOK/wok_entities/LOC/dev/CR0-OCCT691-7-CR0-OCCT691-occt-64/drv/Blend/Blend_Point.jxx
+M Blend:privinclude:Blend_Point.ixx /misc/dn61/LocalWOK/wok_entities/LOC/dev/CR0-OCCT691-7-CR0-OCCT691-occt-64/drv/Blend/Blend_Point.ixx
+M Blend:pubinclude:Blend_SequenceOfPoint.hxx /misc/dn61/LocalWOK/wok_entities/LOC/dev/CR0-OCCT691-7-CR0-OCCT691-occt-64/inc/Blend_SequenceOfPoint.hxx
+M Blend:derivated:Blend_SequenceOfPoint_0.cxx /misc/dn61/LocalWOK/wok_entities/LOC/dev/CR0-OCCT691-7-CR0-OCCT691-occt-64/drv/Blend/Blend_SequenceOfPoint_0.cxx
+M Blend:pubinclude:Handle_Blend_SequenceNodeOfSequenceOfPoint.hxx /misc/dn61/LocalWOK/wok_entities/LOC/dev/CR0-OCCT691-7-CR0-OCCT691-occt-64/inc/Handle_Blend_SequenceNodeOfSequenceOfPoint.hxx
+M Blend:pubinclude:Blend_SequenceNodeOfSequenceOfPoint.hxx /misc/dn61/LocalWOK/wok_entities/LOC/dev/CR0-OCCT691-7-CR0-OCCT691-occt-64/inc/Blend_SequenceNodeOfSequenceOfPoint.hxx
+M Blend:derivated:Blend_SequenceNodeOfSequenceOfPoint_0.cxx /misc/dn61/LocalWOK/wok_entities/LOC/dev/CR0-OCCT691-7-CR0-OCCT691-occt-64/drv/Blend/Blend_SequenceNodeOfSequenceOfPoint_0.cxx
+M Blend:pubinclude:Blend_Status.hxx /misc/dn61/LocalWOK/wok_entities/LOC/dev/CR0-OCCT691-7-CR0-OCCT691-occt-64/inc/Blend_Status.hxx
+M Blend:pubinclude:Blend_DecrochStatus.hxx /misc/dn61/LocalWOK/wok_entities/LOC/dev/CR0-OCCT691-7-CR0-OCCT691-occt-64/inc/Blend_DecrochStatus.hxx
+M Blend:dbadmfile:Blend_xcpp_header.In /misc/dn61/LocalWOK/wok_entities/LOC/dev/CR0-OCCT691-7-CR0-OCCT691-occt-64/drv/Blend/.adm/Blend_xcpp_header.In
+M Blend:dbadmfile:Blend_xcpp_header.Out /misc/dn61/LocalWOK/wok_entities/LOC/dev/CR0-OCCT691-7-CR0-OCCT691-occt-64/drv/Blend/.adm/Blend_xcpp_header.Out
+M Blend:dbadmfile:Blend_xcpp_header.Dep /misc/dn61/LocalWOK/wok_entities/LOC/dev/CR0-OCCT691-7-CR0-OCCT691-occt-64/drv/Blend/.adm/Blend_xcpp_header.Dep
