+M DNaming:pubinclude:DNaming.hxx /misc/dn61/LocalWOK/wok_entities/LOC/dev/CR0-OCCT691-7-CR0-OCCT691-occt-64/inc/DNaming.hxx
+M DNaming:privinclude:DNaming.jxx /misc/dn61/LocalWOK/wok_entities/LOC/dev/CR0-OCCT691-7-CR0-OCCT691-occt-64/drv/DNaming/DNaming.jxx
+M DNaming:privinclude:DNaming.ixx /misc/dn61/LocalWOK/wok_entities/LOC/dev/CR0-OCCT691-7-CR0-OCCT691-occt-64/drv/DNaming/DNaming.ixx
+M DNaming:pubinclude:Handle_DNaming_BoxDriver.hxx /misc/dn61/LocalWOK/wok_entities/LOC/dev/CR0-OCCT691-7-CR0-OCCT691-occt-64/inc/Handle_DNaming_BoxDriver.hxx
+M DNaming:pubinclude:DNaming_BoxDriver.hxx /misc/dn61/LocalWOK/wok_entities/LOC/dev/CR0-OCCT691-7-CR0-OCCT691-occt-64/inc/DNaming_BoxDriver.hxx
+M DNaming:privinclude:DNaming_BoxDriver.jxx /misc/dn61/LocalWOK/wok_entities/LOC/dev/CR0-OCCT691-7-CR0-OCCT691-occt-64/drv/DNaming/DNaming_BoxDriver.jxx
+M DNaming:privinclude:DNaming_BoxDriver.ixx /misc/dn61/LocalWOK/wok_entities/LOC/dev/CR0-OCCT691-7-CR0-OCCT691-occt-64/drv/DNaming/DNaming_BoxDriver.ixx
+M DNaming:pubinclude:Handle_DNaming_CylinderDriver.hxx /misc/dn61/LocalWOK/wok_entities/LOC/dev/CR0-OCCT691-7-CR0-OCCT691-occt-64/inc/Handle_DNaming_CylinderDriver.hxx
+M DNaming:pubinclude:DNaming_CylinderDriver.hxx /misc/dn61/LocalWOK/wok_entities/LOC/dev/CR0-OCCT691-7-CR0-OCCT691-occt-64/inc/DNaming_CylinderDriver.hxx
+M DNaming:privinclude:DNaming_CylinderDriver.jxx /misc/dn61/LocalWOK/wok_entities/LOC/dev/CR0-OCCT691-7-CR0-OCCT691-occt-64/drv/DNaming/DNaming_CylinderDriver.jxx
+M DNaming:privinclude:DNaming_CylinderDriver.ixx /misc/dn61/LocalWOK/wok_entities/LOC/dev/CR0-OCCT691-7-CR0-OCCT691-occt-64/drv/DNaming/DNaming_CylinderDriver.ixx
+M DNaming:pubinclude:Handle_DNaming_SphereDriver.hxx /misc/dn61/LocalWOK/wok_entities/LOC/dev/CR0-OCCT691-7-CR0-OCCT691-occt-64/inc/Handle_DNaming_SphereDriver.hxx
+M DNaming:pubinclude:DNaming_SphereDriver.hxx /misc/dn61/LocalWOK/wok_entities/LOC/dev/CR0-OCCT691-7-CR0-OCCT691-occt-64/inc/DNaming_SphereDriver.hxx
+M DNaming:privinclude:DNaming_SphereDriver.jxx /misc/dn61/LocalWOK/wok_entities/LOC/dev/CR0-OCCT691-7-CR0-OCCT691-occt-64/drv/DNaming/DNaming_SphereDriver.jxx
+M DNaming:privinclude:DNaming_SphereDriver.ixx /misc/dn61/LocalWOK/wok_entities/LOC/dev/CR0-OCCT691-7-CR0-OCCT691-occt-64/drv/DNaming/DNaming_SphereDriver.ixx
+M DNaming:pubinclude:Handle_DNaming_SelectionDriver.hxx /misc/dn61/LocalWOK/wok_entities/LOC/dev/CR0-OCCT691-7-CR0-OCCT691-occt-64/inc/Handle_DNaming_SelectionDriver.hxx
+M DNaming:pubinclude:DNaming_SelectionDriver.hxx /misc/dn61/LocalWOK/wok_entities/LOC/dev/CR0-OCCT691-7-CR0-OCCT691-occt-64/inc/DNaming_SelectionDriver.hxx
+M DNaming:privinclude:DNaming_SelectionDriver.jxx /misc/dn61/LocalWOK/wok_entities/LOC/dev/CR0-OCCT691-7-CR0-OCCT691-occt-64/drv/DNaming/DNaming_SelectionDriver.jxx
+M DNaming:privinclude:DNaming_SelectionDriver.ixx /misc/dn61/LocalWOK/wok_entities/LOC/dev/CR0-OCCT691-7-CR0-OCCT691-occt-64/drv/DNaming/DNaming_SelectionDriver.ixx
+M DNaming:pubinclude:Handle_DNaming_BooleanOperationDriver.hxx /misc/dn61/LocalWOK/wok_entities/LOC/dev/CR0-OCCT691-7-CR0-OCCT691-occt-64/inc/Handle_DNaming_BooleanOperationDriver.hxx
+M DNaming:pubinclude:DNaming_BooleanOperationDriver.hxx /misc/dn61/LocalWOK/wok_entities/LOC/dev/CR0-OCCT691-7-CR0-OCCT691-occt-64/inc/DNaming_BooleanOperationDriver.hxx
+M DNaming:privinclude:DNaming_BooleanOperationDriver.jxx /misc/dn61/LocalWOK/wok_entities/LOC/dev/CR0-OCCT691-7-CR0-OCCT691-occt-64/drv/DNaming/DNaming_BooleanOperationDriver.jxx
+M DNaming:privinclude:DNaming_BooleanOperationDriver.ixx /misc/dn61/LocalWOK/wok_entities/LOC/dev/CR0-OCCT691-7-CR0-OCCT691-occt-64/drv/DNaming/DNaming_BooleanOperationDriver.ixx
+M DNaming:pubinclude:Handle_DNaming_FilletDriver.hxx /misc/dn61/LocalWOK/wok_entities/LOC/dev/CR0-OCCT691-7-CR0-OCCT691-occt-64/inc/Handle_DNaming_FilletDriver.hxx
+M DNaming:pubinclude:DNaming_FilletDriver.hxx /misc/dn61/LocalWOK/wok_entities/LOC/dev/CR0-OCCT691-7-CR0-OCCT691-occt-64/inc/DNaming_FilletDriver.hxx
+M DNaming:privinclude:DNaming_FilletDriver.jxx /misc/dn61/LocalWOK/wok_entities/LOC/dev/CR0-OCCT691-7-CR0-OCCT691-occt-64/drv/DNaming/DNaming_FilletDriver.jxx
+M DNaming:privinclude:DNaming_FilletDriver.ixx /misc/dn61/LocalWOK/wok_entities/LOC/dev/CR0-OCCT691-7-CR0-OCCT691-occt-64/drv/DNaming/DNaming_FilletDriver.ixx
+M DNaming:pubinclude:Handle_DNaming_TransformationDriver.hxx /misc/dn61/LocalWOK/wok_entities/LOC/dev/CR0-OCCT691-7-CR0-OCCT691-occt-64/inc/Handle_DNaming_TransformationDriver.hxx
+M DNaming:pubinclude:DNaming_TransformationDriver.hxx /misc/dn61/LocalWOK/wok_entities/LOC/dev/CR0-OCCT691-7-CR0-OCCT691-occt-64/inc/DNaming_TransformationDriver.hxx
+M DNaming:privinclude:DNaming_TransformationDriver.jxx /misc/dn61/LocalWOK/wok_entities/LOC/dev/CR0-OCCT691-7-CR0-OCCT691-occt-64/drv/DNaming/DNaming_TransformationDriver.jxx
+M DNaming:privinclude:DNaming_TransformationDriver.ixx /misc/dn61/LocalWOK/wok_entities/LOC/dev/CR0-OCCT691-7-CR0-OCCT691-occt-64/drv/DNaming/DNaming_TransformationDriver.ixx
+M DNaming:pubinclude:Handle_DNaming_PrismDriver.hxx /misc/dn61/LocalWOK/wok_entities/LOC/dev/CR0-OCCT691-7-CR0-OCCT691-occt-64/inc/Handle_DNaming_PrismDriver.hxx
+M DNaming:pubinclude:DNaming_PrismDriver.hxx /misc/dn61/LocalWOK/wok_entities/LOC/dev/CR0-OCCT691-7-CR0-OCCT691-occt-64/inc/DNaming_PrismDriver.hxx
+M DNaming:privinclude:DNaming_PrismDriver.jxx /misc/dn61/LocalWOK/wok_entities/LOC/dev/CR0-OCCT691-7-CR0-OCCT691-occt-64/drv/DNaming/DNaming_PrismDriver.jxx
+M DNaming:privinclude:DNaming_PrismDriver.ixx /misc/dn61/LocalWOK/wok_entities/LOC/dev/CR0-OCCT691-7-CR0-OCCT691-occt-64/drv/DNaming/DNaming_PrismDriver.ixx
+M DNaming:pubinclude:Handle_DNaming_RevolutionDriver.hxx /misc/dn61/LocalWOK/wok_entities/LOC/dev/CR0-OCCT691-7-CR0-OCCT691-occt-64/inc/Handle_DNaming_RevolutionDriver.hxx
+M DNaming:pubinclude:DNaming_RevolutionDriver.hxx /misc/dn61/LocalWOK/wok_entities/LOC/dev/CR0-OCCT691-7-CR0-OCCT691-occt-64/inc/DNaming_RevolutionDriver.hxx
+M DNaming:privinclude:DNaming_RevolutionDriver.jxx /misc/dn61/LocalWOK/wok_entities/LOC/dev/CR0-OCCT691-7-CR0-OCCT691-occt-64/drv/DNaming/DNaming_RevolutionDriver.jxx
+M DNaming:privinclude:DNaming_RevolutionDriver.ixx /misc/dn61/LocalWOK/wok_entities/LOC/dev/CR0-OCCT691-7-CR0-OCCT691-occt-64/drv/DNaming/DNaming_RevolutionDriver.ixx
+M DNaming:pubinclude:Handle_DNaming_PointDriver.hxx /misc/dn61/LocalWOK/wok_entities/LOC/dev/CR0-OCCT691-7-CR0-OCCT691-occt-64/inc/Handle_DNaming_PointDriver.hxx
+M DNaming:pubinclude:DNaming_PointDriver.hxx /misc/dn61/LocalWOK/wok_entities/LOC/dev/CR0-OCCT691-7-CR0-OCCT691-occt-64/inc/DNaming_PointDriver.hxx
+M DNaming:privinclude:DNaming_PointDriver.jxx /misc/dn61/LocalWOK/wok_entities/LOC/dev/CR0-OCCT691-7-CR0-OCCT691-occt-64/drv/DNaming/DNaming_PointDriver.jxx
+M DNaming:privinclude:DNaming_PointDriver.ixx /misc/dn61/LocalWOK/wok_entities/LOC/dev/CR0-OCCT691-7-CR0-OCCT691-occt-64/drv/DNaming/DNaming_PointDriver.ixx
+M DNaming:pubinclude:Handle_DNaming_Line3DDriver.hxx /misc/dn61/LocalWOK/wok_entities/LOC/dev/CR0-OCCT691-7-CR0-OCCT691-occt-64/inc/Handle_DNaming_Line3DDriver.hxx
+M DNaming:pubinclude:DNaming_Line3DDriver.hxx /misc/dn61/LocalWOK/wok_entities/LOC/dev/CR0-OCCT691-7-CR0-OCCT691-occt-64/inc/DNaming_Line3DDriver.hxx
+M DNaming:privinclude:DNaming_Line3DDriver.jxx /misc/dn61/LocalWOK/wok_entities/LOC/dev/CR0-OCCT691-7-CR0-OCCT691-occt-64/drv/DNaming/DNaming_Line3DDriver.jxx
+M DNaming:privinclude:DNaming_Line3DDriver.ixx /misc/dn61/LocalWOK/wok_entities/LOC/dev/CR0-OCCT691-7-CR0-OCCT691-occt-64/drv/DNaming/DNaming_Line3DDriver.ixx
+M DNaming:pubinclude:DNaming_DataMapOfShapeOfName.hxx /misc/dn61/LocalWOK/wok_entities/LOC/dev/CR0-OCCT691-7-CR0-OCCT691-occt-64/inc/DNaming_DataMapOfShapeOfName.hxx
+M DNaming:derivated:DNaming_DataMapOfShapeOfName_0.cxx /misc/dn61/LocalWOK/wok_entities/LOC/dev/CR0-OCCT691-7-CR0-OCCT691-occt-64/drv/DNaming/DNaming_DataMapOfShapeOfName_0.cxx
+M DNaming:pubinclude:Handle_DNaming_DataMapNodeOfDataMapOfShapeOfName.hxx /misc/dn61/LocalWOK/wok_entities/LOC/dev/CR0-OCCT691-7-CR0-OCCT691-occt-64/inc/Handle_DNaming_DataMapNodeOfDataMapOfShapeOfName.hxx
+M DNaming:pubinclude:DNaming_DataMapNodeOfDataMapOfShapeOfName.hxx /misc/dn61/LocalWOK/wok_entities/LOC/dev/CR0-OCCT691-7-CR0-OCCT691-occt-64/inc/DNaming_DataMapNodeOfDataMapOfShapeOfName.hxx
+M DNaming:derivated:DNaming_DataMapNodeOfDataMapOfShapeOfName_0.cxx /misc/dn61/LocalWOK/wok_entities/LOC/dev/CR0-OCCT691-7-CR0-OCCT691-occt-64/drv/DNaming/DNaming_DataMapNodeOfDataMapOfShapeOfName_0.cxx
+M DNaming:pubinclude:DNaming_DataMapIteratorOfDataMapOfShapeOfName.hxx /misc/dn61/LocalWOK/wok_entities/LOC/dev/CR0-OCCT691-7-CR0-OCCT691-occt-64/inc/DNaming_DataMapIteratorOfDataMapOfShapeOfName.hxx
+M DNaming:derivated:DNaming_DataMapIteratorOfDataMapOfShapeOfName_0.cxx /misc/dn61/LocalWOK/wok_entities/LOC/dev/CR0-OCCT691-7-CR0-OCCT691-occt-64/drv/DNaming/DNaming_DataMapIteratorOfDataMapOfShapeOfName_0.cxx
+M DNaming:dbadmfile:DNaming_xcpp_header.In /misc/dn61/LocalWOK/wok_entities/LOC/dev/CR0-OCCT691-7-CR0-OCCT691-occt-64/drv/DNaming/.adm/DNaming_xcpp_header.In
+M DNaming:dbadmfile:DNaming_xcpp_header.Out /misc/dn61/LocalWOK/wok_entities/LOC/dev/CR0-OCCT691-7-CR0-OCCT691-occt-64/drv/DNaming/.adm/DNaming_xcpp_header.Out
+M DNaming:dbadmfile:DNaming_xcpp_header.Dep /misc/dn61/LocalWOK/wok_entities/LOC/dev/CR0-OCCT691-7-CR0-OCCT691-occt-64/drv/DNaming/.adm/DNaming_xcpp_header.Dep
