+M MDataStd:pubinclude:MDataStd.hxx /misc/dn61/LocalWOK/wok_entities/LOC/dev/CR0-OCCT691-7-CR0-OCCT691-occt-64/inc/MDataStd.hxx
+M MDataStd:privinclude:MDataStd.jxx /misc/dn61/LocalWOK/wok_entities/LOC/dev/CR0-OCCT691-7-CR0-OCCT691-occt-64/drv/MDataStd/MDataStd.jxx
+M MDataStd:privinclude:MDataStd.ixx /misc/dn61/LocalWOK/wok_entities/LOC/dev/CR0-OCCT691-7-CR0-OCCT691-occt-64/drv/MDataStd/MDataStd.ixx
+M MDataStd:pubinclude:Handle_MDataStd_DirectoryStorageDriver.hxx /misc/dn61/LocalWOK/wok_entities/LOC/dev/CR0-OCCT691-7-CR0-OCCT691-occt-64/inc/Handle_MDataStd_DirectoryStorageDriver.hxx
+M MDataStd:pubinclude:MDataStd_DirectoryStorageDriver.hxx /misc/dn61/LocalWOK/wok_entities/LOC/dev/CR0-OCCT691-7-CR0-OCCT691-occt-64/inc/MDataStd_DirectoryStorageDriver.hxx
+M MDataStd:privinclude:MDataStd_DirectoryStorageDriver.jxx /misc/dn61/LocalWOK/wok_entities/LOC/dev/CR0-OCCT691-7-CR0-OCCT691-occt-64/drv/MDataStd/MDataStd_DirectoryStorageDriver.jxx
+M MDataStd:privinclude:MDataStd_DirectoryStorageDriver.ixx /misc/dn61/LocalWOK/wok_entities/LOC/dev/CR0-OCCT691-7-CR0-OCCT691-occt-64/drv/MDataStd/MDataStd_DirectoryStorageDriver.ixx
+M MDataStd:pubinclude:Handle_MDataStd_UAttributeStorageDriver.hxx /misc/dn61/LocalWOK/wok_entities/LOC/dev/CR0-OCCT691-7-CR0-OCCT691-occt-64/inc/Handle_MDataStd_UAttributeStorageDriver.hxx
+M MDataStd:pubinclude:MDataStd_UAttributeStorageDriver.hxx /misc/dn61/LocalWOK/wok_entities/LOC/dev/CR0-OCCT691-7-CR0-OCCT691-occt-64/inc/MDataStd_UAttributeStorageDriver.hxx
+M MDataStd:privinclude:MDataStd_UAttributeStorageDriver.jxx /misc/dn61/LocalWOK/wok_entities/LOC/dev/CR0-OCCT691-7-CR0-OCCT691-occt-64/drv/MDataStd/MDataStd_UAttributeStorageDriver.jxx
+M MDataStd:privinclude:MDataStd_UAttributeStorageDriver.ixx /misc/dn61/LocalWOK/wok_entities/LOC/dev/CR0-OCCT691-7-CR0-OCCT691-occt-64/drv/MDataStd/MDataStd_UAttributeStorageDriver.ixx
+M MDataStd:pubinclude:Handle_MDataStd_NameStorageDriver.hxx /misc/dn61/LocalWOK/wok_entities/LOC/dev/CR0-OCCT691-7-CR0-OCCT691-occt-64/inc/Handle_MDataStd_NameStorageDriver.hxx
+M MDataStd:pubinclude:MDataStd_NameStorageDriver.hxx /misc/dn61/LocalWOK/wok_entities/LOC/dev/CR0-OCCT691-7-CR0-OCCT691-occt-64/inc/MDataStd_NameStorageDriver.hxx
+M MDataStd:privinclude:MDataStd_NameStorageDriver.jxx /misc/dn61/LocalWOK/wok_entities/LOC/dev/CR0-OCCT691-7-CR0-OCCT691-occt-64/drv/MDataStd/MDataStd_NameStorageDriver.jxx
+M MDataStd:privinclude:MDataStd_NameStorageDriver.ixx /misc/dn61/LocalWOK/wok_entities/LOC/dev/CR0-OCCT691-7-CR0-OCCT691-occt-64/drv/MDataStd/MDataStd_NameStorageDriver.ixx
+M MDataStd:pubinclude:Handle_MDataStd_CommentStorageDriver.hxx /misc/dn61/LocalWOK/wok_entities/LOC/dev/CR0-OCCT691-7-CR0-OCCT691-occt-64/inc/Handle_MDataStd_CommentStorageDriver.hxx
+M MDataStd:pubinclude:MDataStd_CommentStorageDriver.hxx /misc/dn61/LocalWOK/wok_entities/LOC/dev/CR0-OCCT691-7-CR0-OCCT691-occt-64/inc/MDataStd_CommentStorageDriver.hxx
+M MDataStd:privinclude:MDataStd_CommentStorageDriver.jxx /misc/dn61/LocalWOK/wok_entities/LOC/dev/CR0-OCCT691-7-CR0-OCCT691-occt-64/drv/MDataStd/MDataStd_CommentStorageDriver.jxx
+M MDataStd:privinclude:MDataStd_CommentStorageDriver.ixx /misc/dn61/LocalWOK/wok_entities/LOC/dev/CR0-OCCT691-7-CR0-OCCT691-occt-64/drv/MDataStd/MDataStd_CommentStorageDriver.ixx
+M MDataStd:pubinclude:Handle_MDataStd_IntegerStorageDriver.hxx /misc/dn61/LocalWOK/wok_entities/LOC/dev/CR0-OCCT691-7-CR0-OCCT691-occt-64/inc/Handle_MDataStd_IntegerStorageDriver.hxx
+M MDataStd:pubinclude:MDataStd_IntegerStorageDriver.hxx /misc/dn61/LocalWOK/wok_entities/LOC/dev/CR0-OCCT691-7-CR0-OCCT691-occt-64/inc/MDataStd_IntegerStorageDriver.hxx
+M MDataStd:privinclude:MDataStd_IntegerStorageDriver.jxx /misc/dn61/LocalWOK/wok_entities/LOC/dev/CR0-OCCT691-7-CR0-OCCT691-occt-64/drv/MDataStd/MDataStd_IntegerStorageDriver.jxx
+M MDataStd:privinclude:MDataStd_IntegerStorageDriver.ixx /misc/dn61/LocalWOK/wok_entities/LOC/dev/CR0-OCCT691-7-CR0-OCCT691-occt-64/drv/MDataStd/MDataStd_IntegerStorageDriver.ixx
+M MDataStd:pubinclude:Handle_MDataStd_IntegerArrayStorageDriver.hxx /misc/dn61/LocalWOK/wok_entities/LOC/dev/CR0-OCCT691-7-CR0-OCCT691-occt-64/inc/Handle_MDataStd_IntegerArrayStorageDriver.hxx
+M MDataStd:pubinclude:MDataStd_IntegerArrayStorageDriver.hxx /misc/dn61/LocalWOK/wok_entities/LOC/dev/CR0-OCCT691-7-CR0-OCCT691-occt-64/inc/MDataStd_IntegerArrayStorageDriver.hxx
+M MDataStd:privinclude:MDataStd_IntegerArrayStorageDriver.jxx /misc/dn61/LocalWOK/wok_entities/LOC/dev/CR0-OCCT691-7-CR0-OCCT691-occt-64/drv/MDataStd/MDataStd_IntegerArrayStorageDriver.jxx
+M MDataStd:privinclude:MDataStd_IntegerArrayStorageDriver.ixx /misc/dn61/LocalWOK/wok_entities/LOC/dev/CR0-OCCT691-7-CR0-OCCT691-occt-64/drv/MDataStd/MDataStd_IntegerArrayStorageDriver.ixx
+M MDataStd:pubinclude:Handle_MDataStd_RealStorageDriver.hxx /misc/dn61/LocalWOK/wok_entities/LOC/dev/CR0-OCCT691-7-CR0-OCCT691-occt-64/inc/Handle_MDataStd_RealStorageDriver.hxx
+M MDataStd:pubinclude:MDataStd_RealStorageDriver.hxx /misc/dn61/LocalWOK/wok_entities/LOC/dev/CR0-OCCT691-7-CR0-OCCT691-occt-64/inc/MDataStd_RealStorageDriver.hxx
+M MDataStd:privinclude:MDataStd_RealStorageDriver.jxx /misc/dn61/LocalWOK/wok_entities/LOC/dev/CR0-OCCT691-7-CR0-OCCT691-occt-64/drv/MDataStd/MDataStd_RealStorageDriver.jxx
+M MDataStd:privinclude:MDataStd_RealStorageDriver.ixx /misc/dn61/LocalWOK/wok_entities/LOC/dev/CR0-OCCT691-7-CR0-OCCT691-occt-64/drv/MDataStd/MDataStd_RealStorageDriver.ixx
+M MDataStd:pubinclude:Handle_MDataStd_RealArrayStorageDriver.hxx /misc/dn61/LocalWOK/wok_entities/LOC/dev/CR0-OCCT691-7-CR0-OCCT691-occt-64/inc/Handle_MDataStd_RealArrayStorageDriver.hxx
+M MDataStd:pubinclude:MDataStd_RealArrayStorageDriver.hxx /misc/dn61/LocalWOK/wok_entities/LOC/dev/CR0-OCCT691-7-CR0-OCCT691-occt-64/inc/MDataStd_RealArrayStorageDriver.hxx
+M MDataStd:privinclude:MDataStd_RealArrayStorageDriver.jxx /misc/dn61/LocalWOK/wok_entities/LOC/dev/CR0-OCCT691-7-CR0-OCCT691-occt-64/drv/MDataStd/MDataStd_RealArrayStorageDriver.jxx
+M MDataStd:privinclude:MDataStd_RealArrayStorageDriver.ixx /misc/dn61/LocalWOK/wok_entities/LOC/dev/CR0-OCCT691-7-CR0-OCCT691-occt-64/drv/MDataStd/MDataStd_RealArrayStorageDriver.ixx
+M MDataStd:pubinclude:Handle_MDataStd_ExtStringArrayStorageDriver.hxx /misc/dn61/LocalWOK/wok_entities/LOC/dev/CR0-OCCT691-7-CR0-OCCT691-occt-64/inc/Handle_MDataStd_ExtStringArrayStorageDriver.hxx
+M MDataStd:pubinclude:MDataStd_ExtStringArrayStorageDriver.hxx /misc/dn61/LocalWOK/wok_entities/LOC/dev/CR0-OCCT691-7-CR0-OCCT691-occt-64/inc/MDataStd_ExtStringArrayStorageDriver.hxx
+M MDataStd:privinclude:MDataStd_ExtStringArrayStorageDriver.jxx /misc/dn61/LocalWOK/wok_entities/LOC/dev/CR0-OCCT691-7-CR0-OCCT691-occt-64/drv/MDataStd/MDataStd_ExtStringArrayStorageDriver.jxx
+M MDataStd:privinclude:MDataStd_ExtStringArrayStorageDriver.ixx /misc/dn61/LocalWOK/wok_entities/LOC/dev/CR0-OCCT691-7-CR0-OCCT691-occt-64/drv/MDataStd/MDataStd_ExtStringArrayStorageDriver.ixx
+M MDataStd:pubinclude:Handle_MDataStd_VariableStorageDriver.hxx /misc/dn61/LocalWOK/wok_entities/LOC/dev/CR0-OCCT691-7-CR0-OCCT691-occt-64/inc/Handle_MDataStd_VariableStorageDriver.hxx
+M MDataStd:pubinclude:MDataStd_VariableStorageDriver.hxx /misc/dn61/LocalWOK/wok_entities/LOC/dev/CR0-OCCT691-7-CR0-OCCT691-occt-64/inc/MDataStd_VariableStorageDriver.hxx
+M MDataStd:privinclude:MDataStd_VariableStorageDriver.jxx /misc/dn61/LocalWOK/wok_entities/LOC/dev/CR0-OCCT691-7-CR0-OCCT691-occt-64/drv/MDataStd/MDataStd_VariableStorageDriver.jxx
+M MDataStd:privinclude:MDataStd_VariableStorageDriver.ixx /misc/dn61/LocalWOK/wok_entities/LOC/dev/CR0-OCCT691-7-CR0-OCCT691-occt-64/drv/MDataStd/MDataStd_VariableStorageDriver.ixx
+M MDataStd:pubinclude:Handle_MDataStd_ExpressionStorageDriver.hxx /misc/dn61/LocalWOK/wok_entities/LOC/dev/CR0-OCCT691-7-CR0-OCCT691-occt-64/inc/Handle_MDataStd_ExpressionStorageDriver.hxx
+M MDataStd:pubinclude:MDataStd_ExpressionStorageDriver.hxx /misc/dn61/LocalWOK/wok_entities/LOC/dev/CR0-OCCT691-7-CR0-OCCT691-occt-64/inc/MDataStd_ExpressionStorageDriver.hxx
+M MDataStd:privinclude:MDataStd_ExpressionStorageDriver.jxx /misc/dn61/LocalWOK/wok_entities/LOC/dev/CR0-OCCT691-7-CR0-OCCT691-occt-64/drv/MDataStd/MDataStd_ExpressionStorageDriver.jxx
+M MDataStd:privinclude:MDataStd_ExpressionStorageDriver.ixx /misc/dn61/LocalWOK/wok_entities/LOC/dev/CR0-OCCT691-7-CR0-OCCT691-occt-64/drv/MDataStd/MDataStd_ExpressionStorageDriver.ixx
+M MDataStd:pubinclude:Handle_MDataStd_RelationStorageDriver.hxx /misc/dn61/LocalWOK/wok_entities/LOC/dev/CR0-OCCT691-7-CR0-OCCT691-occt-64/inc/Handle_MDataStd_RelationStorageDriver.hxx
+M MDataStd:pubinclude:MDataStd_RelationStorageDriver.hxx /misc/dn61/LocalWOK/wok_entities/LOC/dev/CR0-OCCT691-7-CR0-OCCT691-occt-64/inc/MDataStd_RelationStorageDriver.hxx
+M MDataStd:privinclude:MDataStd_RelationStorageDriver.jxx /misc/dn61/LocalWOK/wok_entities/LOC/dev/CR0-OCCT691-7-CR0-OCCT691-occt-64/drv/MDataStd/MDataStd_RelationStorageDriver.jxx
+M MDataStd:privinclude:MDataStd_RelationStorageDriver.ixx /misc/dn61/LocalWOK/wok_entities/LOC/dev/CR0-OCCT691-7-CR0-OCCT691-occt-64/drv/MDataStd/MDataStd_RelationStorageDriver.ixx
+M MDataStd:pubinclude:Handle_MDataStd_NoteBookStorageDriver.hxx /misc/dn61/LocalWOK/wok_entities/LOC/dev/CR0-OCCT691-7-CR0-OCCT691-occt-64/inc/Handle_MDataStd_NoteBookStorageDriver.hxx
+M MDataStd:pubinclude:MDataStd_NoteBookStorageDriver.hxx /misc/dn61/LocalWOK/wok_entities/LOC/dev/CR0-OCCT691-7-CR0-OCCT691-occt-64/inc/MDataStd_NoteBookStorageDriver.hxx
+M MDataStd:privinclude:MDataStd_NoteBookStorageDriver.jxx /misc/dn61/LocalWOK/wok_entities/LOC/dev/CR0-OCCT691-7-CR0-OCCT691-occt-64/drv/MDataStd/MDataStd_NoteBookStorageDriver.jxx
+M MDataStd:privinclude:MDataStd_NoteBookStorageDriver.ixx /misc/dn61/LocalWOK/wok_entities/LOC/dev/CR0-OCCT691-7-CR0-OCCT691-occt-64/drv/MDataStd/MDataStd_NoteBookStorageDriver.ixx
+M MDataStd:pubinclude:Handle_MDataStd_TreeNodeStorageDriver.hxx /misc/dn61/LocalWOK/wok_entities/LOC/dev/CR0-OCCT691-7-CR0-OCCT691-occt-64/inc/Handle_MDataStd_TreeNodeStorageDriver.hxx
+M MDataStd:pubinclude:MDataStd_TreeNodeStorageDriver.hxx /misc/dn61/LocalWOK/wok_entities/LOC/dev/CR0-OCCT691-7-CR0-OCCT691-occt-64/inc/MDataStd_TreeNodeStorageDriver.hxx
+M MDataStd:privinclude:MDataStd_TreeNodeStorageDriver.jxx /misc/dn61/LocalWOK/wok_entities/LOC/dev/CR0-OCCT691-7-CR0-OCCT691-occt-64/drv/MDataStd/MDataStd_TreeNodeStorageDriver.jxx
+M MDataStd:privinclude:MDataStd_TreeNodeStorageDriver.ixx /misc/dn61/LocalWOK/wok_entities/LOC/dev/CR0-OCCT691-7-CR0-OCCT691-occt-64/drv/MDataStd/MDataStd_TreeNodeStorageDriver.ixx
+M MDataStd:pubinclude:Handle_MDataStd_TickStorageDriver.hxx /misc/dn61/LocalWOK/wok_entities/LOC/dev/CR0-OCCT691-7-CR0-OCCT691-occt-64/inc/Handle_MDataStd_TickStorageDriver.hxx
+M MDataStd:pubinclude:MDataStd_TickStorageDriver.hxx /misc/dn61/LocalWOK/wok_entities/LOC/dev/CR0-OCCT691-7-CR0-OCCT691-occt-64/inc/MDataStd_TickStorageDriver.hxx
+M MDataStd:privinclude:MDataStd_TickStorageDriver.jxx /misc/dn61/LocalWOK/wok_entities/LOC/dev/CR0-OCCT691-7-CR0-OCCT691-occt-64/drv/MDataStd/MDataStd_TickStorageDriver.jxx
+M MDataStd:privinclude:MDataStd_TickStorageDriver.ixx /misc/dn61/LocalWOK/wok_entities/LOC/dev/CR0-OCCT691-7-CR0-OCCT691-occt-64/drv/MDataStd/MDataStd_TickStorageDriver.ixx
+M MDataStd:pubinclude:Handle_MDataStd_IntegerListStorageDriver.hxx /misc/dn61/LocalWOK/wok_entities/LOC/dev/CR0-OCCT691-7-CR0-OCCT691-occt-64/inc/Handle_MDataStd_IntegerListStorageDriver.hxx
+M MDataStd:pubinclude:MDataStd_IntegerListStorageDriver.hxx /misc/dn61/LocalWOK/wok_entities/LOC/dev/CR0-OCCT691-7-CR0-OCCT691-occt-64/inc/MDataStd_IntegerListStorageDriver.hxx
+M MDataStd:privinclude:MDataStd_IntegerListStorageDriver.jxx /misc/dn61/LocalWOK/wok_entities/LOC/dev/CR0-OCCT691-7-CR0-OCCT691-occt-64/drv/MDataStd/MDataStd_IntegerListStorageDriver.jxx
+M MDataStd:privinclude:MDataStd_IntegerListStorageDriver.ixx /misc/dn61/LocalWOK/wok_entities/LOC/dev/CR0-OCCT691-7-CR0-OCCT691-occt-64/drv/MDataStd/MDataStd_IntegerListStorageDriver.ixx
+M MDataStd:pubinclude:Handle_MDataStd_RealListStorageDriver.hxx /misc/dn61/LocalWOK/wok_entities/LOC/dev/CR0-OCCT691-7-CR0-OCCT691-occt-64/inc/Handle_MDataStd_RealListStorageDriver.hxx
+M MDataStd:pubinclude:MDataStd_RealListStorageDriver.hxx /misc/dn61/LocalWOK/wok_entities/LOC/dev/CR0-OCCT691-7-CR0-OCCT691-occt-64/inc/MDataStd_RealListStorageDriver.hxx
+M MDataStd:privinclude:MDataStd_RealListStorageDriver.jxx /misc/dn61/LocalWOK/wok_entities/LOC/dev/CR0-OCCT691-7-CR0-OCCT691-occt-64/drv/MDataStd/MDataStd_RealListStorageDriver.jxx
+M MDataStd:privinclude:MDataStd_RealListStorageDriver.ixx /misc/dn61/LocalWOK/wok_entities/LOC/dev/CR0-OCCT691-7-CR0-OCCT691-occt-64/drv/MDataStd/MDataStd_RealListStorageDriver.ixx
+M MDataStd:pubinclude:Handle_MDataStd_ExtStringListStorageDriver.hxx /misc/dn61/LocalWOK/wok_entities/LOC/dev/CR0-OCCT691-7-CR0-OCCT691-occt-64/inc/Handle_MDataStd_ExtStringListStorageDriver.hxx
+M MDataStd:pubinclude:MDataStd_ExtStringListStorageDriver.hxx /misc/dn61/LocalWOK/wok_entities/LOC/dev/CR0-OCCT691-7-CR0-OCCT691-occt-64/inc/MDataStd_ExtStringListStorageDriver.hxx
+M MDataStd:privinclude:MDataStd_ExtStringListStorageDriver.jxx /misc/dn61/LocalWOK/wok_entities/LOC/dev/CR0-OCCT691-7-CR0-OCCT691-occt-64/drv/MDataStd/MDataStd_ExtStringListStorageDriver.jxx
+M MDataStd:privinclude:MDataStd_ExtStringListStorageDriver.ixx /misc/dn61/LocalWOK/wok_entities/LOC/dev/CR0-OCCT691-7-CR0-OCCT691-occt-64/drv/MDataStd/MDataStd_ExtStringListStorageDriver.ixx
+M MDataStd:pubinclude:Handle_MDataStd_BooleanListStorageDriver.hxx /misc/dn61/LocalWOK/wok_entities/LOC/dev/CR0-OCCT691-7-CR0-OCCT691-occt-64/inc/Handle_MDataStd_BooleanListStorageDriver.hxx
+M MDataStd:pubinclude:MDataStd_BooleanListStorageDriver.hxx /misc/dn61/LocalWOK/wok_entities/LOC/dev/CR0-OCCT691-7-CR0-OCCT691-occt-64/inc/MDataStd_BooleanListStorageDriver.hxx
+M MDataStd:privinclude:MDataStd_BooleanListStorageDriver.jxx /misc/dn61/LocalWOK/wok_entities/LOC/dev/CR0-OCCT691-7-CR0-OCCT691-occt-64/drv/MDataStd/MDataStd_BooleanListStorageDriver.jxx
+M MDataStd:privinclude:MDataStd_BooleanListStorageDriver.ixx /misc/dn61/LocalWOK/wok_entities/LOC/dev/CR0-OCCT691-7-CR0-OCCT691-occt-64/drv/MDataStd/MDataStd_BooleanListStorageDriver.ixx
+M MDataStd:pubinclude:Handle_MDataStd_ReferenceListStorageDriver.hxx /misc/dn61/LocalWOK/wok_entities/LOC/dev/CR0-OCCT691-7-CR0-OCCT691-occt-64/inc/Handle_MDataStd_ReferenceListStorageDriver.hxx
+M MDataStd:pubinclude:MDataStd_ReferenceListStorageDriver.hxx /misc/dn61/LocalWOK/wok_entities/LOC/dev/CR0-OCCT691-7-CR0-OCCT691-occt-64/inc/MDataStd_ReferenceListStorageDriver.hxx
+M MDataStd:privinclude:MDataStd_ReferenceListStorageDriver.jxx /misc/dn61/LocalWOK/wok_entities/LOC/dev/CR0-OCCT691-7-CR0-OCCT691-occt-64/drv/MDataStd/MDataStd_ReferenceListStorageDriver.jxx
+M MDataStd:privinclude:MDataStd_ReferenceListStorageDriver.ixx /misc/dn61/LocalWOK/wok_entities/LOC/dev/CR0-OCCT691-7-CR0-OCCT691-occt-64/drv/MDataStd/MDataStd_ReferenceListStorageDriver.ixx
+M MDataStd:pubinclude:Handle_MDataStd_BooleanArrayStorageDriver.hxx /misc/dn61/LocalWOK/wok_entities/LOC/dev/CR0-OCCT691-7-CR0-OCCT691-occt-64/inc/Handle_MDataStd_BooleanArrayStorageDriver.hxx
+M MDataStd:pubinclude:MDataStd_BooleanArrayStorageDriver.hxx /misc/dn61/LocalWOK/wok_entities/LOC/dev/CR0-OCCT691-7-CR0-OCCT691-occt-64/inc/MDataStd_BooleanArrayStorageDriver.hxx
+M MDataStd:privinclude:MDataStd_BooleanArrayStorageDriver.jxx /misc/dn61/LocalWOK/wok_entities/LOC/dev/CR0-OCCT691-7-CR0-OCCT691-occt-64/drv/MDataStd/MDataStd_BooleanArrayStorageDriver.jxx
+M MDataStd:privinclude:MDataStd_BooleanArrayStorageDriver.ixx /misc/dn61/LocalWOK/wok_entities/LOC/dev/CR0-OCCT691-7-CR0-OCCT691-occt-64/drv/MDataStd/MDataStd_BooleanArrayStorageDriver.ixx
+M MDataStd:pubinclude:Handle_MDataStd_ReferenceArrayStorageDriver.hxx /misc/dn61/LocalWOK/wok_entities/LOC/dev/CR0-OCCT691-7-CR0-OCCT691-occt-64/inc/Handle_MDataStd_ReferenceArrayStorageDriver.hxx
+M MDataStd:pubinclude:MDataStd_ReferenceArrayStorageDriver.hxx /misc/dn61/LocalWOK/wok_entities/LOC/dev/CR0-OCCT691-7-CR0-OCCT691-occt-64/inc/MDataStd_ReferenceArrayStorageDriver.hxx
+M MDataStd:privinclude:MDataStd_ReferenceArrayStorageDriver.jxx /misc/dn61/LocalWOK/wok_entities/LOC/dev/CR0-OCCT691-7-CR0-OCCT691-occt-64/drv/MDataStd/MDataStd_ReferenceArrayStorageDriver.jxx
+M MDataStd:privinclude:MDataStd_ReferenceArrayStorageDriver.ixx /misc/dn61/LocalWOK/wok_entities/LOC/dev/CR0-OCCT691-7-CR0-OCCT691-occt-64/drv/MDataStd/MDataStd_ReferenceArrayStorageDriver.ixx
+M MDataStd:pubinclude:Handle_MDataStd_ByteArrayStorageDriver.hxx /misc/dn61/LocalWOK/wok_entities/LOC/dev/CR0-OCCT691-7-CR0-OCCT691-occt-64/inc/Handle_MDataStd_ByteArrayStorageDriver.hxx
+M MDataStd:pubinclude:MDataStd_ByteArrayStorageDriver.hxx /misc/dn61/LocalWOK/wok_entities/LOC/dev/CR0-OCCT691-7-CR0-OCCT691-occt-64/inc/MDataStd_ByteArrayStorageDriver.hxx
+M MDataStd:privinclude:MDataStd_ByteArrayStorageDriver.jxx /misc/dn61/LocalWOK/wok_entities/LOC/dev/CR0-OCCT691-7-CR0-OCCT691-occt-64/drv/MDataStd/MDataStd_ByteArrayStorageDriver.jxx
+M MDataStd:privinclude:MDataStd_ByteArrayStorageDriver.ixx /misc/dn61/LocalWOK/wok_entities/LOC/dev/CR0-OCCT691-7-CR0-OCCT691-occt-64/drv/MDataStd/MDataStd_ByteArrayStorageDriver.ixx
+M MDataStd:pubinclude:Handle_MDataStd_NamedDataStorageDriver.hxx /misc/dn61/LocalWOK/wok_entities/LOC/dev/CR0-OCCT691-7-CR0-OCCT691-occt-64/inc/Handle_MDataStd_NamedDataStorageDriver.hxx
+M MDataStd:pubinclude:MDataStd_NamedDataStorageDriver.hxx /misc/dn61/LocalWOK/wok_entities/LOC/dev/CR0-OCCT691-7-CR0-OCCT691-occt-64/inc/MDataStd_NamedDataStorageDriver.hxx
+M MDataStd:privinclude:MDataStd_NamedDataStorageDriver.jxx /misc/dn61/LocalWOK/wok_entities/LOC/dev/CR0-OCCT691-7-CR0-OCCT691-occt-64/drv/MDataStd/MDataStd_NamedDataStorageDriver.jxx
+M MDataStd:privinclude:MDataStd_NamedDataStorageDriver.ixx /misc/dn61/LocalWOK/wok_entities/LOC/dev/CR0-OCCT691-7-CR0-OCCT691-occt-64/drv/MDataStd/MDataStd_NamedDataStorageDriver.ixx
+M MDataStd:pubinclude:Handle_MDataStd_AsciiStringStorageDriver.hxx /misc/dn61/LocalWOK/wok_entities/LOC/dev/CR0-OCCT691-7-CR0-OCCT691-occt-64/inc/Handle_MDataStd_AsciiStringStorageDriver.hxx
+M MDataStd:pubinclude:MDataStd_AsciiStringStorageDriver.hxx /misc/dn61/LocalWOK/wok_entities/LOC/dev/CR0-OCCT691-7-CR0-OCCT691-occt-64/inc/MDataStd_AsciiStringStorageDriver.hxx
+M MDataStd:privinclude:MDataStd_AsciiStringStorageDriver.jxx /misc/dn61/LocalWOK/wok_entities/LOC/dev/CR0-OCCT691-7-CR0-OCCT691-occt-64/drv/MDataStd/MDataStd_AsciiStringStorageDriver.jxx
+M MDataStd:privinclude:MDataStd_AsciiStringStorageDriver.ixx /misc/dn61/LocalWOK/wok_entities/LOC/dev/CR0-OCCT691-7-CR0-OCCT691-occt-64/drv/MDataStd/MDataStd_AsciiStringStorageDriver.ixx
+M MDataStd:pubinclude:Handle_MDataStd_IntPackedMapStorageDriver.hxx /misc/dn61/LocalWOK/wok_entities/LOC/dev/CR0-OCCT691-7-CR0-OCCT691-occt-64/inc/Handle_MDataStd_IntPackedMapStorageDriver.hxx
+M MDataStd:pubinclude:MDataStd_IntPackedMapStorageDriver.hxx /misc/dn61/LocalWOK/wok_entities/LOC/dev/CR0-OCCT691-7-CR0-OCCT691-occt-64/inc/MDataStd_IntPackedMapStorageDriver.hxx
+M MDataStd:privinclude:MDataStd_IntPackedMapStorageDriver.jxx /misc/dn61/LocalWOK/wok_entities/LOC/dev/CR0-OCCT691-7-CR0-OCCT691-occt-64/drv/MDataStd/MDataStd_IntPackedMapStorageDriver.jxx
+M MDataStd:privinclude:MDataStd_IntPackedMapStorageDriver.ixx /misc/dn61/LocalWOK/wok_entities/LOC/dev/CR0-OCCT691-7-CR0-OCCT691-occt-64/drv/MDataStd/MDataStd_IntPackedMapStorageDriver.ixx
+M MDataStd:pubinclude:Handle_MDataStd_DirectoryRetrievalDriver.hxx /misc/dn61/LocalWOK/wok_entities/LOC/dev/CR0-OCCT691-7-CR0-OCCT691-occt-64/inc/Handle_MDataStd_DirectoryRetrievalDriver.hxx
+M MDataStd:pubinclude:MDataStd_DirectoryRetrievalDriver.hxx /misc/dn61/LocalWOK/wok_entities/LOC/dev/CR0-OCCT691-7-CR0-OCCT691-occt-64/inc/MDataStd_DirectoryRetrievalDriver.hxx
+M MDataStd:privinclude:MDataStd_DirectoryRetrievalDriver.jxx /misc/dn61/LocalWOK/wok_entities/LOC/dev/CR0-OCCT691-7-CR0-OCCT691-occt-64/drv/MDataStd/MDataStd_DirectoryRetrievalDriver.jxx
+M MDataStd:privinclude:MDataStd_DirectoryRetrievalDriver.ixx /misc/dn61/LocalWOK/wok_entities/LOC/dev/CR0-OCCT691-7-CR0-OCCT691-occt-64/drv/MDataStd/MDataStd_DirectoryRetrievalDriver.ixx
+M MDataStd:pubinclude:Handle_MDataStd_UAttributeRetrievalDriver.hxx /misc/dn61/LocalWOK/wok_entities/LOC/dev/CR0-OCCT691-7-CR0-OCCT691-occt-64/inc/Handle_MDataStd_UAttributeRetrievalDriver.hxx
+M MDataStd:pubinclude:MDataStd_UAttributeRetrievalDriver.hxx /misc/dn61/LocalWOK/wok_entities/LOC/dev/CR0-OCCT691-7-CR0-OCCT691-occt-64/inc/MDataStd_UAttributeRetrievalDriver.hxx
+M MDataStd:privinclude:MDataStd_UAttributeRetrievalDriver.jxx /misc/dn61/LocalWOK/wok_entities/LOC/dev/CR0-OCCT691-7-CR0-OCCT691-occt-64/drv/MDataStd/MDataStd_UAttributeRetrievalDriver.jxx
+M MDataStd:privinclude:MDataStd_UAttributeRetrievalDriver.ixx /misc/dn61/LocalWOK/wok_entities/LOC/dev/CR0-OCCT691-7-CR0-OCCT691-occt-64/drv/MDataStd/MDataStd_UAttributeRetrievalDriver.ixx
+M MDataStd:pubinclude:Handle_MDataStd_NameRetrievalDriver.hxx /misc/dn61/LocalWOK/wok_entities/LOC/dev/CR0-OCCT691-7-CR0-OCCT691-occt-64/inc/Handle_MDataStd_NameRetrievalDriver.hxx
+M MDataStd:pubinclude:MDataStd_NameRetrievalDriver.hxx /misc/dn61/LocalWOK/wok_entities/LOC/dev/CR0-OCCT691-7-CR0-OCCT691-occt-64/inc/MDataStd_NameRetrievalDriver.hxx
+M MDataStd:privinclude:MDataStd_NameRetrievalDriver.jxx /misc/dn61/LocalWOK/wok_entities/LOC/dev/CR0-OCCT691-7-CR0-OCCT691-occt-64/drv/MDataStd/MDataStd_NameRetrievalDriver.jxx
+M MDataStd:privinclude:MDataStd_NameRetrievalDriver.ixx /misc/dn61/LocalWOK/wok_entities/LOC/dev/CR0-OCCT691-7-CR0-OCCT691-occt-64/drv/MDataStd/MDataStd_NameRetrievalDriver.ixx
+M MDataStd:pubinclude:Handle_MDataStd_CommentRetrievalDriver.hxx /misc/dn61/LocalWOK/wok_entities/LOC/dev/CR0-OCCT691-7-CR0-OCCT691-occt-64/inc/Handle_MDataStd_CommentRetrievalDriver.hxx
+M MDataStd:pubinclude:MDataStd_CommentRetrievalDriver.hxx /misc/dn61/LocalWOK/wok_entities/LOC/dev/CR0-OCCT691-7-CR0-OCCT691-occt-64/inc/MDataStd_CommentRetrievalDriver.hxx
+M MDataStd:privinclude:MDataStd_CommentRetrievalDriver.jxx /misc/dn61/LocalWOK/wok_entities/LOC/dev/CR0-OCCT691-7-CR0-OCCT691-occt-64/drv/MDataStd/MDataStd_CommentRetrievalDriver.jxx
+M MDataStd:privinclude:MDataStd_CommentRetrievalDriver.ixx /misc/dn61/LocalWOK/wok_entities/LOC/dev/CR0-OCCT691-7-CR0-OCCT691-occt-64/drv/MDataStd/MDataStd_CommentRetrievalDriver.ixx
+M MDataStd:pubinclude:Handle_MDataStd_IntegerRetrievalDriver.hxx /misc/dn61/LocalWOK/wok_entities/LOC/dev/CR0-OCCT691-7-CR0-OCCT691-occt-64/inc/Handle_MDataStd_IntegerRetrievalDriver.hxx
+M MDataStd:pubinclude:MDataStd_IntegerRetrievalDriver.hxx /misc/dn61/LocalWOK/wok_entities/LOC/dev/CR0-OCCT691-7-CR0-OCCT691-occt-64/inc/MDataStd_IntegerRetrievalDriver.hxx
+M MDataStd:privinclude:MDataStd_IntegerRetrievalDriver.jxx /misc/dn61/LocalWOK/wok_entities/LOC/dev/CR0-OCCT691-7-CR0-OCCT691-occt-64/drv/MDataStd/MDataStd_IntegerRetrievalDriver.jxx
+M MDataStd:privinclude:MDataStd_IntegerRetrievalDriver.ixx /misc/dn61/LocalWOK/wok_entities/LOC/dev/CR0-OCCT691-7-CR0-OCCT691-occt-64/drv/MDataStd/MDataStd_IntegerRetrievalDriver.ixx
+M MDataStd:pubinclude:Handle_MDataStd_IntegerArrayRetrievalDriver.hxx /misc/dn61/LocalWOK/wok_entities/LOC/dev/CR0-OCCT691-7-CR0-OCCT691-occt-64/inc/Handle_MDataStd_IntegerArrayRetrievalDriver.hxx
+M MDataStd:pubinclude:MDataStd_IntegerArrayRetrievalDriver.hxx /misc/dn61/LocalWOK/wok_entities/LOC/dev/CR0-OCCT691-7-CR0-OCCT691-occt-64/inc/MDataStd_IntegerArrayRetrievalDriver.hxx
+M MDataStd:privinclude:MDataStd_IntegerArrayRetrievalDriver.jxx /misc/dn61/LocalWOK/wok_entities/LOC/dev/CR0-OCCT691-7-CR0-OCCT691-occt-64/drv/MDataStd/MDataStd_IntegerArrayRetrievalDriver.jxx
+M MDataStd:privinclude:MDataStd_IntegerArrayRetrievalDriver.ixx /misc/dn61/LocalWOK/wok_entities/LOC/dev/CR0-OCCT691-7-CR0-OCCT691-occt-64/drv/MDataStd/MDataStd_IntegerArrayRetrievalDriver.ixx
+M MDataStd:pubinclude:Handle_MDataStd_IntegerArrayRetrievalDriver_1.hxx /misc/dn61/LocalWOK/wok_entities/LOC/dev/CR0-OCCT691-7-CR0-OCCT691-occt-64/inc/Handle_MDataStd_IntegerArrayRetrievalDriver_1.hxx
+M MDataStd:pubinclude:MDataStd_IntegerArrayRetrievalDriver_1.hxx /misc/dn61/LocalWOK/wok_entities/LOC/dev/CR0-OCCT691-7-CR0-OCCT691-occt-64/inc/MDataStd_IntegerArrayRetrievalDriver_1.hxx
+M MDataStd:privinclude:MDataStd_IntegerArrayRetrievalDriver_1.jxx /misc/dn61/LocalWOK/wok_entities/LOC/dev/CR0-OCCT691-7-CR0-OCCT691-occt-64/drv/MDataStd/MDataStd_IntegerArrayRetrievalDriver_1.jxx
+M MDataStd:privinclude:MDataStd_IntegerArrayRetrievalDriver_1.ixx /misc/dn61/LocalWOK/wok_entities/LOC/dev/CR0-OCCT691-7-CR0-OCCT691-occt-64/drv/MDataStd/MDataStd_IntegerArrayRetrievalDriver_1.ixx
+M MDataStd:pubinclude:Handle_MDataStd_RealRetrievalDriver.hxx /misc/dn61/LocalWOK/wok_entities/LOC/dev/CR0-OCCT691-7-CR0-OCCT691-occt-64/inc/Handle_MDataStd_RealRetrievalDriver.hxx
+M MDataStd:pubinclude:MDataStd_RealRetrievalDriver.hxx /misc/dn61/LocalWOK/wok_entities/LOC/dev/CR0-OCCT691-7-CR0-OCCT691-occt-64/inc/MDataStd_RealRetrievalDriver.hxx
+M MDataStd:privinclude:MDataStd_RealRetrievalDriver.jxx /misc/dn61/LocalWOK/wok_entities/LOC/dev/CR0-OCCT691-7-CR0-OCCT691-occt-64/drv/MDataStd/MDataStd_RealRetrievalDriver.jxx
+M MDataStd:privinclude:MDataStd_RealRetrievalDriver.ixx /misc/dn61/LocalWOK/wok_entities/LOC/dev/CR0-OCCT691-7-CR0-OCCT691-occt-64/drv/MDataStd/MDataStd_RealRetrievalDriver.ixx
+M MDataStd:pubinclude:Handle_MDataStd_RealArrayRetrievalDriver.hxx /misc/dn61/LocalWOK/wok_entities/LOC/dev/CR0-OCCT691-7-CR0-OCCT691-occt-64/inc/Handle_MDataStd_RealArrayRetrievalDriver.hxx
+M MDataStd:pubinclude:MDataStd_RealArrayRetrievalDriver.hxx /misc/dn61/LocalWOK/wok_entities/LOC/dev/CR0-OCCT691-7-CR0-OCCT691-occt-64/inc/MDataStd_RealArrayRetrievalDriver.hxx
+M MDataStd:privinclude:MDataStd_RealArrayRetrievalDriver.jxx /misc/dn61/LocalWOK/wok_entities/LOC/dev/CR0-OCCT691-7-CR0-OCCT691-occt-64/drv/MDataStd/MDataStd_RealArrayRetrievalDriver.jxx
+M MDataStd:privinclude:MDataStd_RealArrayRetrievalDriver.ixx /misc/dn61/LocalWOK/wok_entities/LOC/dev/CR0-OCCT691-7-CR0-OCCT691-occt-64/drv/MDataStd/MDataStd_RealArrayRetrievalDriver.ixx
+M MDataStd:pubinclude:Handle_MDataStd_RealArrayRetrievalDriver_1.hxx /misc/dn61/LocalWOK/wok_entities/LOC/dev/CR0-OCCT691-7-CR0-OCCT691-occt-64/inc/Handle_MDataStd_RealArrayRetrievalDriver_1.hxx
+M MDataStd:pubinclude:MDataStd_RealArrayRetrievalDriver_1.hxx /misc/dn61/LocalWOK/wok_entities/LOC/dev/CR0-OCCT691-7-CR0-OCCT691-occt-64/inc/MDataStd_RealArrayRetrievalDriver_1.hxx
+M MDataStd:privinclude:MDataStd_RealArrayRetrievalDriver_1.jxx /misc/dn61/LocalWOK/wok_entities/LOC/dev/CR0-OCCT691-7-CR0-OCCT691-occt-64/drv/MDataStd/MDataStd_RealArrayRetrievalDriver_1.jxx
+M MDataStd:privinclude:MDataStd_RealArrayRetrievalDriver_1.ixx /misc/dn61/LocalWOK/wok_entities/LOC/dev/CR0-OCCT691-7-CR0-OCCT691-occt-64/drv/MDataStd/MDataStd_RealArrayRetrievalDriver_1.ixx
+M MDataStd:pubinclude:Handle_MDataStd_ExtStringArrayRetrievalDriver.hxx /misc/dn61/LocalWOK/wok_entities/LOC/dev/CR0-OCCT691-7-CR0-OCCT691-occt-64/inc/Handle_MDataStd_ExtStringArrayRetrievalDriver.hxx
+M MDataStd:pubinclude:MDataStd_ExtStringArrayRetrievalDriver.hxx /misc/dn61/LocalWOK/wok_entities/LOC/dev/CR0-OCCT691-7-CR0-OCCT691-occt-64/inc/MDataStd_ExtStringArrayRetrievalDriver.hxx
+M MDataStd:privinclude:MDataStd_ExtStringArrayRetrievalDriver.jxx /misc/dn61/LocalWOK/wok_entities/LOC/dev/CR0-OCCT691-7-CR0-OCCT691-occt-64/drv/MDataStd/MDataStd_ExtStringArrayRetrievalDriver.jxx
+M MDataStd:privinclude:MDataStd_ExtStringArrayRetrievalDriver.ixx /misc/dn61/LocalWOK/wok_entities/LOC/dev/CR0-OCCT691-7-CR0-OCCT691-occt-64/drv/MDataStd/MDataStd_ExtStringArrayRetrievalDriver.ixx
+M MDataStd:pubinclude:Handle_MDataStd_ExtStringArrayRetrievalDriver_1.hxx /misc/dn61/LocalWOK/wok_entities/LOC/dev/CR0-OCCT691-7-CR0-OCCT691-occt-64/inc/Handle_MDataStd_ExtStringArrayRetrievalDriver_1.hxx
+M MDataStd:pubinclude:MDataStd_ExtStringArrayRetrievalDriver_1.hxx /misc/dn61/LocalWOK/wok_entities/LOC/dev/CR0-OCCT691-7-CR0-OCCT691-occt-64/inc/MDataStd_ExtStringArrayRetrievalDriver_1.hxx
+M MDataStd:privinclude:MDataStd_ExtStringArrayRetrievalDriver_1.jxx /misc/dn61/LocalWOK/wok_entities/LOC/dev/CR0-OCCT691-7-CR0-OCCT691-occt-64/drv/MDataStd/MDataStd_ExtStringArrayRetrievalDriver_1.jxx
+M MDataStd:privinclude:MDataStd_ExtStringArrayRetrievalDriver_1.ixx /misc/dn61/LocalWOK/wok_entities/LOC/dev/CR0-OCCT691-7-CR0-OCCT691-occt-64/drv/MDataStd/MDataStd_ExtStringArrayRetrievalDriver_1.ixx
+M MDataStd:pubinclude:Handle_MDataStd_VariableRetrievalDriver.hxx /misc/dn61/LocalWOK/wok_entities/LOC/dev/CR0-OCCT691-7-CR0-OCCT691-occt-64/inc/Handle_MDataStd_VariableRetrievalDriver.hxx
+M MDataStd:pubinclude:MDataStd_VariableRetrievalDriver.hxx /misc/dn61/LocalWOK/wok_entities/LOC/dev/CR0-OCCT691-7-CR0-OCCT691-occt-64/inc/MDataStd_VariableRetrievalDriver.hxx
+M MDataStd:privinclude:MDataStd_VariableRetrievalDriver.jxx /misc/dn61/LocalWOK/wok_entities/LOC/dev/CR0-OCCT691-7-CR0-OCCT691-occt-64/drv/MDataStd/MDataStd_VariableRetrievalDriver.jxx
+M MDataStd:privinclude:MDataStd_VariableRetrievalDriver.ixx /misc/dn61/LocalWOK/wok_entities/LOC/dev/CR0-OCCT691-7-CR0-OCCT691-occt-64/drv/MDataStd/MDataStd_VariableRetrievalDriver.ixx
+M MDataStd:pubinclude:Handle_MDataStd_ExpressionRetrievalDriver.hxx /misc/dn61/LocalWOK/wok_entities/LOC/dev/CR0-OCCT691-7-CR0-OCCT691-occt-64/inc/Handle_MDataStd_ExpressionRetrievalDriver.hxx
+M MDataStd:pubinclude:MDataStd_ExpressionRetrievalDriver.hxx /misc/dn61/LocalWOK/wok_entities/LOC/dev/CR0-OCCT691-7-CR0-OCCT691-occt-64/inc/MDataStd_ExpressionRetrievalDriver.hxx
+M MDataStd:privinclude:MDataStd_ExpressionRetrievalDriver.jxx /misc/dn61/LocalWOK/wok_entities/LOC/dev/CR0-OCCT691-7-CR0-OCCT691-occt-64/drv/MDataStd/MDataStd_ExpressionRetrievalDriver.jxx
+M MDataStd:privinclude:MDataStd_ExpressionRetrievalDriver.ixx /misc/dn61/LocalWOK/wok_entities/LOC/dev/CR0-OCCT691-7-CR0-OCCT691-occt-64/drv/MDataStd/MDataStd_ExpressionRetrievalDriver.ixx
+M MDataStd:pubinclude:Handle_MDataStd_RelationRetrievalDriver.hxx /misc/dn61/LocalWOK/wok_entities/LOC/dev/CR0-OCCT691-7-CR0-OCCT691-occt-64/inc/Handle_MDataStd_RelationRetrievalDriver.hxx
+M MDataStd:pubinclude:MDataStd_RelationRetrievalDriver.hxx /misc/dn61/LocalWOK/wok_entities/LOC/dev/CR0-OCCT691-7-CR0-OCCT691-occt-64/inc/MDataStd_RelationRetrievalDriver.hxx
+M MDataStd:privinclude:MDataStd_RelationRetrievalDriver.jxx /misc/dn61/LocalWOK/wok_entities/LOC/dev/CR0-OCCT691-7-CR0-OCCT691-occt-64/drv/MDataStd/MDataStd_RelationRetrievalDriver.jxx
+M MDataStd:privinclude:MDataStd_RelationRetrievalDriver.ixx /misc/dn61/LocalWOK/wok_entities/LOC/dev/CR0-OCCT691-7-CR0-OCCT691-occt-64/drv/MDataStd/MDataStd_RelationRetrievalDriver.ixx
+M MDataStd:pubinclude:Handle_MDataStd_NoteBookRetrievalDriver.hxx /misc/dn61/LocalWOK/wok_entities/LOC/dev/CR0-OCCT691-7-CR0-OCCT691-occt-64/inc/Handle_MDataStd_NoteBookRetrievalDriver.hxx
+M MDataStd:pubinclude:MDataStd_NoteBookRetrievalDriver.hxx /misc/dn61/LocalWOK/wok_entities/LOC/dev/CR0-OCCT691-7-CR0-OCCT691-occt-64/inc/MDataStd_NoteBookRetrievalDriver.hxx
+M MDataStd:privinclude:MDataStd_NoteBookRetrievalDriver.jxx /misc/dn61/LocalWOK/wok_entities/LOC/dev/CR0-OCCT691-7-CR0-OCCT691-occt-64/drv/MDataStd/MDataStd_NoteBookRetrievalDriver.jxx
+M MDataStd:privinclude:MDataStd_NoteBookRetrievalDriver.ixx /misc/dn61/LocalWOK/wok_entities/LOC/dev/CR0-OCCT691-7-CR0-OCCT691-occt-64/drv/MDataStd/MDataStd_NoteBookRetrievalDriver.ixx
+M MDataStd:pubinclude:Handle_MDataStd_TreeNodeRetrievalDriver.hxx /misc/dn61/LocalWOK/wok_entities/LOC/dev/CR0-OCCT691-7-CR0-OCCT691-occt-64/inc/Handle_MDataStd_TreeNodeRetrievalDriver.hxx
+M MDataStd:pubinclude:MDataStd_TreeNodeRetrievalDriver.hxx /misc/dn61/LocalWOK/wok_entities/LOC/dev/CR0-OCCT691-7-CR0-OCCT691-occt-64/inc/MDataStd_TreeNodeRetrievalDriver.hxx
+M MDataStd:privinclude:MDataStd_TreeNodeRetrievalDriver.jxx /misc/dn61/LocalWOK/wok_entities/LOC/dev/CR0-OCCT691-7-CR0-OCCT691-occt-64/drv/MDataStd/MDataStd_TreeNodeRetrievalDriver.jxx
+M MDataStd:privinclude:MDataStd_TreeNodeRetrievalDriver.ixx /misc/dn61/LocalWOK/wok_entities/LOC/dev/CR0-OCCT691-7-CR0-OCCT691-occt-64/drv/MDataStd/MDataStd_TreeNodeRetrievalDriver.ixx
+M MDataStd:pubinclude:Handle_MDataStd_TickRetrievalDriver.hxx /misc/dn61/LocalWOK/wok_entities/LOC/dev/CR0-OCCT691-7-CR0-OCCT691-occt-64/inc/Handle_MDataStd_TickRetrievalDriver.hxx
+M MDataStd:pubinclude:MDataStd_TickRetrievalDriver.hxx /misc/dn61/LocalWOK/wok_entities/LOC/dev/CR0-OCCT691-7-CR0-OCCT691-occt-64/inc/MDataStd_TickRetrievalDriver.hxx
+M MDataStd:privinclude:MDataStd_TickRetrievalDriver.jxx /misc/dn61/LocalWOK/wok_entities/LOC/dev/CR0-OCCT691-7-CR0-OCCT691-occt-64/drv/MDataStd/MDataStd_TickRetrievalDriver.jxx
+M MDataStd:privinclude:MDataStd_TickRetrievalDriver.ixx /misc/dn61/LocalWOK/wok_entities/LOC/dev/CR0-OCCT691-7-CR0-OCCT691-occt-64/drv/MDataStd/MDataStd_TickRetrievalDriver.ixx
+M MDataStd:pubinclude:Handle_MDataStd_IntegerListRetrievalDriver.hxx /misc/dn61/LocalWOK/wok_entities/LOC/dev/CR0-OCCT691-7-CR0-OCCT691-occt-64/inc/Handle_MDataStd_IntegerListRetrievalDriver.hxx
+M MDataStd:pubinclude:MDataStd_IntegerListRetrievalDriver.hxx /misc/dn61/LocalWOK/wok_entities/LOC/dev/CR0-OCCT691-7-CR0-OCCT691-occt-64/inc/MDataStd_IntegerListRetrievalDriver.hxx
+M MDataStd:privinclude:MDataStd_IntegerListRetrievalDriver.jxx /misc/dn61/LocalWOK/wok_entities/LOC/dev/CR0-OCCT691-7-CR0-OCCT691-occt-64/drv/MDataStd/MDataStd_IntegerListRetrievalDriver.jxx
+M MDataStd:privinclude:MDataStd_IntegerListRetrievalDriver.ixx /misc/dn61/LocalWOK/wok_entities/LOC/dev/CR0-OCCT691-7-CR0-OCCT691-occt-64/drv/MDataStd/MDataStd_IntegerListRetrievalDriver.ixx
+M MDataStd:pubinclude:Handle_MDataStd_RealListRetrievalDriver.hxx /misc/dn61/LocalWOK/wok_entities/LOC/dev/CR0-OCCT691-7-CR0-OCCT691-occt-64/inc/Handle_MDataStd_RealListRetrievalDriver.hxx
+M MDataStd:pubinclude:MDataStd_RealListRetrievalDriver.hxx /misc/dn61/LocalWOK/wok_entities/LOC/dev/CR0-OCCT691-7-CR0-OCCT691-occt-64/inc/MDataStd_RealListRetrievalDriver.hxx
+M MDataStd:privinclude:MDataStd_RealListRetrievalDriver.jxx /misc/dn61/LocalWOK/wok_entities/LOC/dev/CR0-OCCT691-7-CR0-OCCT691-occt-64/drv/MDataStd/MDataStd_RealListRetrievalDriver.jxx
+M MDataStd:privinclude:MDataStd_RealListRetrievalDriver.ixx /misc/dn61/LocalWOK/wok_entities/LOC/dev/CR0-OCCT691-7-CR0-OCCT691-occt-64/drv/MDataStd/MDataStd_RealListRetrievalDriver.ixx
+M MDataStd:pubinclude:Handle_MDataStd_ExtStringListRetrievalDriver.hxx /misc/dn61/LocalWOK/wok_entities/LOC/dev/CR0-OCCT691-7-CR0-OCCT691-occt-64/inc/Handle_MDataStd_ExtStringListRetrievalDriver.hxx
+M MDataStd:pubinclude:MDataStd_ExtStringListRetrievalDriver.hxx /misc/dn61/LocalWOK/wok_entities/LOC/dev/CR0-OCCT691-7-CR0-OCCT691-occt-64/inc/MDataStd_ExtStringListRetrievalDriver.hxx
+M MDataStd:privinclude:MDataStd_ExtStringListRetrievalDriver.jxx /misc/dn61/LocalWOK/wok_entities/LOC/dev/CR0-OCCT691-7-CR0-OCCT691-occt-64/drv/MDataStd/MDataStd_ExtStringListRetrievalDriver.jxx
+M MDataStd:privinclude:MDataStd_ExtStringListRetrievalDriver.ixx /misc/dn61/LocalWOK/wok_entities/LOC/dev/CR0-OCCT691-7-CR0-OCCT691-occt-64/drv/MDataStd/MDataStd_ExtStringListRetrievalDriver.ixx
+M MDataStd:pubinclude:Handle_MDataStd_BooleanListRetrievalDriver.hxx /misc/dn61/LocalWOK/wok_entities/LOC/dev/CR0-OCCT691-7-CR0-OCCT691-occt-64/inc/Handle_MDataStd_BooleanListRetrievalDriver.hxx
+M MDataStd:pubinclude:MDataStd_BooleanListRetrievalDriver.hxx /misc/dn61/LocalWOK/wok_entities/LOC/dev/CR0-OCCT691-7-CR0-OCCT691-occt-64/inc/MDataStd_BooleanListRetrievalDriver.hxx
+M MDataStd:privinclude:MDataStd_BooleanListRetrievalDriver.jxx /misc/dn61/LocalWOK/wok_entities/LOC/dev/CR0-OCCT691-7-CR0-OCCT691-occt-64/drv/MDataStd/MDataStd_BooleanListRetrievalDriver.jxx
+M MDataStd:privinclude:MDataStd_BooleanListRetrievalDriver.ixx /misc/dn61/LocalWOK/wok_entities/LOC/dev/CR0-OCCT691-7-CR0-OCCT691-occt-64/drv/MDataStd/MDataStd_BooleanListRetrievalDriver.ixx
+M MDataStd:pubinclude:Handle_MDataStd_ReferenceListRetrievalDriver.hxx /misc/dn61/LocalWOK/wok_entities/LOC/dev/CR0-OCCT691-7-CR0-OCCT691-occt-64/inc/Handle_MDataStd_ReferenceListRetrievalDriver.hxx
+M MDataStd:pubinclude:MDataStd_ReferenceListRetrievalDriver.hxx /misc/dn61/LocalWOK/wok_entities/LOC/dev/CR0-OCCT691-7-CR0-OCCT691-occt-64/inc/MDataStd_ReferenceListRetrievalDriver.hxx
+M MDataStd:privinclude:MDataStd_ReferenceListRetrievalDriver.jxx /misc/dn61/LocalWOK/wok_entities/LOC/dev/CR0-OCCT691-7-CR0-OCCT691-occt-64/drv/MDataStd/MDataStd_ReferenceListRetrievalDriver.jxx
+M MDataStd:privinclude:MDataStd_ReferenceListRetrievalDriver.ixx /misc/dn61/LocalWOK/wok_entities/LOC/dev/CR0-OCCT691-7-CR0-OCCT691-occt-64/drv/MDataStd/MDataStd_ReferenceListRetrievalDriver.ixx
+M MDataStd:pubinclude:Handle_MDataStd_BooleanArrayRetrievalDriver.hxx /misc/dn61/LocalWOK/wok_entities/LOC/dev/CR0-OCCT691-7-CR0-OCCT691-occt-64/inc/Handle_MDataStd_BooleanArrayRetrievalDriver.hxx
+M MDataStd:pubinclude:MDataStd_BooleanArrayRetrievalDriver.hxx /misc/dn61/LocalWOK/wok_entities/LOC/dev/CR0-OCCT691-7-CR0-OCCT691-occt-64/inc/MDataStd_BooleanArrayRetrievalDriver.hxx
+M MDataStd:privinclude:MDataStd_BooleanArrayRetrievalDriver.jxx /misc/dn61/LocalWOK/wok_entities/LOC/dev/CR0-OCCT691-7-CR0-OCCT691-occt-64/drv/MDataStd/MDataStd_BooleanArrayRetrievalDriver.jxx
+M MDataStd:privinclude:MDataStd_BooleanArrayRetrievalDriver.ixx /misc/dn61/LocalWOK/wok_entities/LOC/dev/CR0-OCCT691-7-CR0-OCCT691-occt-64/drv/MDataStd/MDataStd_BooleanArrayRetrievalDriver.ixx
+M MDataStd:pubinclude:Handle_MDataStd_ReferenceArrayRetrievalDriver.hxx /misc/dn61/LocalWOK/wok_entities/LOC/dev/CR0-OCCT691-7-CR0-OCCT691-occt-64/inc/Handle_MDataStd_ReferenceArrayRetrievalDriver.hxx
+M MDataStd:pubinclude:MDataStd_ReferenceArrayRetrievalDriver.hxx /misc/dn61/LocalWOK/wok_entities/LOC/dev/CR0-OCCT691-7-CR0-OCCT691-occt-64/inc/MDataStd_ReferenceArrayRetrievalDriver.hxx
+M MDataStd:privinclude:MDataStd_ReferenceArrayRetrievalDriver.jxx /misc/dn61/LocalWOK/wok_entities/LOC/dev/CR0-OCCT691-7-CR0-OCCT691-occt-64/drv/MDataStd/MDataStd_ReferenceArrayRetrievalDriver.jxx
+M MDataStd:privinclude:MDataStd_ReferenceArrayRetrievalDriver.ixx /misc/dn61/LocalWOK/wok_entities/LOC/dev/CR0-OCCT691-7-CR0-OCCT691-occt-64/drv/MDataStd/MDataStd_ReferenceArrayRetrievalDriver.ixx
+M MDataStd:pubinclude:Handle_MDataStd_ByteArrayRetrievalDriver.hxx /misc/dn61/LocalWOK/wok_entities/LOC/dev/CR0-OCCT691-7-CR0-OCCT691-occt-64/inc/Handle_MDataStd_ByteArrayRetrievalDriver.hxx
+M MDataStd:pubinclude:MDataStd_ByteArrayRetrievalDriver.hxx /misc/dn61/LocalWOK/wok_entities/LOC/dev/CR0-OCCT691-7-CR0-OCCT691-occt-64/inc/MDataStd_ByteArrayRetrievalDriver.hxx
+M MDataStd:privinclude:MDataStd_ByteArrayRetrievalDriver.jxx /misc/dn61/LocalWOK/wok_entities/LOC/dev/CR0-OCCT691-7-CR0-OCCT691-occt-64/drv/MDataStd/MDataStd_ByteArrayRetrievalDriver.jxx
+M MDataStd:privinclude:MDataStd_ByteArrayRetrievalDriver.ixx /misc/dn61/LocalWOK/wok_entities/LOC/dev/CR0-OCCT691-7-CR0-OCCT691-occt-64/drv/MDataStd/MDataStd_ByteArrayRetrievalDriver.ixx
+M MDataStd:pubinclude:Handle_MDataStd_ByteArrayRetrievalDriver_1.hxx /misc/dn61/LocalWOK/wok_entities/LOC/dev/CR0-OCCT691-7-CR0-OCCT691-occt-64/inc/Handle_MDataStd_ByteArrayRetrievalDriver_1.hxx
+M MDataStd:pubinclude:MDataStd_ByteArrayRetrievalDriver_1.hxx /misc/dn61/LocalWOK/wok_entities/LOC/dev/CR0-OCCT691-7-CR0-OCCT691-occt-64/inc/MDataStd_ByteArrayRetrievalDriver_1.hxx
+M MDataStd:privinclude:MDataStd_ByteArrayRetrievalDriver_1.jxx /misc/dn61/LocalWOK/wok_entities/LOC/dev/CR0-OCCT691-7-CR0-OCCT691-occt-64/drv/MDataStd/MDataStd_ByteArrayRetrievalDriver_1.jxx
+M MDataStd:privinclude:MDataStd_ByteArrayRetrievalDriver_1.ixx /misc/dn61/LocalWOK/wok_entities/LOC/dev/CR0-OCCT691-7-CR0-OCCT691-occt-64/drv/MDataStd/MDataStd_ByteArrayRetrievalDriver_1.ixx
+M MDataStd:pubinclude:Handle_MDataStd_NamedDataRetrievalDriver.hxx /misc/dn61/LocalWOK/wok_entities/LOC/dev/CR0-OCCT691-7-CR0-OCCT691-occt-64/inc/Handle_MDataStd_NamedDataRetrievalDriver.hxx
+M MDataStd:pubinclude:MDataStd_NamedDataRetrievalDriver.hxx /misc/dn61/LocalWOK/wok_entities/LOC/dev/CR0-OCCT691-7-CR0-OCCT691-occt-64/inc/MDataStd_NamedDataRetrievalDriver.hxx
+M MDataStd:privinclude:MDataStd_NamedDataRetrievalDriver.jxx /misc/dn61/LocalWOK/wok_entities/LOC/dev/CR0-OCCT691-7-CR0-OCCT691-occt-64/drv/MDataStd/MDataStd_NamedDataRetrievalDriver.jxx
+M MDataStd:privinclude:MDataStd_NamedDataRetrievalDriver.ixx /misc/dn61/LocalWOK/wok_entities/LOC/dev/CR0-OCCT691-7-CR0-OCCT691-occt-64/drv/MDataStd/MDataStd_NamedDataRetrievalDriver.ixx
+M MDataStd:pubinclude:Handle_MDataStd_AsciiStringRetrievalDriver.hxx /misc/dn61/LocalWOK/wok_entities/LOC/dev/CR0-OCCT691-7-CR0-OCCT691-occt-64/inc/Handle_MDataStd_AsciiStringRetrievalDriver.hxx
+M MDataStd:pubinclude:MDataStd_AsciiStringRetrievalDriver.hxx /misc/dn61/LocalWOK/wok_entities/LOC/dev/CR0-OCCT691-7-CR0-OCCT691-occt-64/inc/MDataStd_AsciiStringRetrievalDriver.hxx
+M MDataStd:privinclude:MDataStd_AsciiStringRetrievalDriver.jxx /misc/dn61/LocalWOK/wok_entities/LOC/dev/CR0-OCCT691-7-CR0-OCCT691-occt-64/drv/MDataStd/MDataStd_AsciiStringRetrievalDriver.jxx
+M MDataStd:privinclude:MDataStd_AsciiStringRetrievalDriver.ixx /misc/dn61/LocalWOK/wok_entities/LOC/dev/CR0-OCCT691-7-CR0-OCCT691-occt-64/drv/MDataStd/MDataStd_AsciiStringRetrievalDriver.ixx
+M MDataStd:pubinclude:Handle_MDataStd_IntPackedMapRetrievalDriver.hxx /misc/dn61/LocalWOK/wok_entities/LOC/dev/CR0-OCCT691-7-CR0-OCCT691-occt-64/inc/Handle_MDataStd_IntPackedMapRetrievalDriver.hxx
+M MDataStd:pubinclude:MDataStd_IntPackedMapRetrievalDriver.hxx /misc/dn61/LocalWOK/wok_entities/LOC/dev/CR0-OCCT691-7-CR0-OCCT691-occt-64/inc/MDataStd_IntPackedMapRetrievalDriver.hxx
+M MDataStd:privinclude:MDataStd_IntPackedMapRetrievalDriver.jxx /misc/dn61/LocalWOK/wok_entities/LOC/dev/CR0-OCCT691-7-CR0-OCCT691-occt-64/drv/MDataStd/MDataStd_IntPackedMapRetrievalDriver.jxx
+M MDataStd:privinclude:MDataStd_IntPackedMapRetrievalDriver.ixx /misc/dn61/LocalWOK/wok_entities/LOC/dev/CR0-OCCT691-7-CR0-OCCT691-occt-64/drv/MDataStd/MDataStd_IntPackedMapRetrievalDriver.ixx
+M MDataStd:pubinclude:Handle_MDataStd_IntPackedMapRetrievalDriver_1.hxx /misc/dn61/LocalWOK/wok_entities/LOC/dev/CR0-OCCT691-7-CR0-OCCT691-occt-64/inc/Handle_MDataStd_IntPackedMapRetrievalDriver_1.hxx
+M MDataStd:pubinclude:MDataStd_IntPackedMapRetrievalDriver_1.hxx /misc/dn61/LocalWOK/wok_entities/LOC/dev/CR0-OCCT691-7-CR0-OCCT691-occt-64/inc/MDataStd_IntPackedMapRetrievalDriver_1.hxx
+M MDataStd:privinclude:MDataStd_IntPackedMapRetrievalDriver_1.jxx /misc/dn61/LocalWOK/wok_entities/LOC/dev/CR0-OCCT691-7-CR0-OCCT691-occt-64/drv/MDataStd/MDataStd_IntPackedMapRetrievalDriver_1.jxx
+M MDataStd:privinclude:MDataStd_IntPackedMapRetrievalDriver_1.ixx /misc/dn61/LocalWOK/wok_entities/LOC/dev/CR0-OCCT691-7-CR0-OCCT691-occt-64/drv/MDataStd/MDataStd_IntPackedMapRetrievalDriver_1.ixx
+M MDataStd:dbadmfile:MDataStd_xcpp_header.In /misc/dn61/LocalWOK/wok_entities/LOC/dev/CR0-OCCT691-7-CR0-OCCT691-occt-64/drv/MDataStd/.adm/MDataStd_xcpp_header.In
+M MDataStd:dbadmfile:MDataStd_xcpp_header.Out /misc/dn61/LocalWOK/wok_entities/LOC/dev/CR0-OCCT691-7-CR0-OCCT691-occt-64/drv/MDataStd/.adm/MDataStd_xcpp_header.Out
+M MDataStd:dbadmfile:MDataStd_xcpp_header.Dep /misc/dn61/LocalWOK/wok_entities/LOC/dev/CR0-OCCT691-7-CR0-OCCT691-occt-64/drv/MDataStd/.adm/MDataStd_xcpp_header.Dep
