+M BRepClass3d:pubinclude:BRepClass3d.hxx /misc/dn61/LocalWOK/wok_entities/LOC/dev/CR0-OCCT691-7-CR0-OCCT691-occt-64/inc/BRepClass3d.hxx
+M BRepClass3d:privinclude:BRepClass3d.jxx /misc/dn61/LocalWOK/wok_entities/LOC/dev/CR0-OCCT691-7-CR0-OCCT691-occt-64/drv/BRepClass3d/BRepClass3d.jxx
+M BRepClass3d:privinclude:BRepClass3d.ixx /misc/dn61/LocalWOK/wok_entities/LOC/dev/CR0-OCCT691-7-CR0-OCCT691-occt-64/drv/BRepClass3d/BRepClass3d.ixx
+M BRepClass3d:pubinclude:BRepClass3d_Intersector3d.hxx /misc/dn61/LocalWOK/wok_entities/LOC/dev/CR0-OCCT691-7-CR0-OCCT691-occt-64/inc/BRepClass3d_Intersector3d.hxx
+M BRepClass3d:privinclude:BRepClass3d_Intersector3d.jxx /misc/dn61/LocalWOK/wok_entities/LOC/dev/CR0-OCCT691-7-CR0-OCCT691-occt-64/drv/BRepClass3d/BRepClass3d_Intersector3d.jxx
+M BRepClass3d:privinclude:BRepClass3d_Intersector3d.ixx /misc/dn61/LocalWOK/wok_entities/LOC/dev/CR0-OCCT691-7-CR0-OCCT691-occt-64/drv/BRepClass3d/BRepClass3d_Intersector3d.ixx
+M BRepClass3d:pubinclude:BRepClass3d_MapOfInter.hxx /misc/dn61/LocalWOK/wok_entities/LOC/dev/CR0-OCCT691-7-CR0-OCCT691-occt-64/inc/BRepClass3d_MapOfInter.hxx
+M BRepClass3d:derivated:BRepClass3d_MapOfInter_0.cxx /misc/dn61/LocalWOK/wok_entities/LOC/dev/CR0-OCCT691-7-CR0-OCCT691-occt-64/drv/BRepClass3d/BRepClass3d_MapOfInter_0.cxx
+M BRepClass3d:pubinclude:BRepClass3d_SolidExplorer.hxx /misc/dn61/LocalWOK/wok_entities/LOC/dev/CR0-OCCT691-7-CR0-OCCT691-occt-64/inc/BRepClass3d_SolidExplorer.hxx
+M BRepClass3d:privinclude:BRepClass3d_SolidExplorer.jxx /misc/dn61/LocalWOK/wok_entities/LOC/dev/CR0-OCCT691-7-CR0-OCCT691-occt-64/drv/BRepClass3d/BRepClass3d_SolidExplorer.jxx
+M BRepClass3d:privinclude:BRepClass3d_SolidExplorer.ixx /misc/dn61/LocalWOK/wok_entities/LOC/dev/CR0-OCCT691-7-CR0-OCCT691-occt-64/drv/BRepClass3d/BRepClass3d_SolidExplorer.ixx
+M BRepClass3d:pubinclude:BRepClass3d_SolidPassiveClassifier.hxx /misc/dn61/LocalWOK/wok_entities/LOC/dev/CR0-OCCT691-7-CR0-OCCT691-occt-64/inc/BRepClass3d_SolidPassiveClassifier.hxx
+M BRepClass3d:derivated:BRepClass3d_SolidPassiveClassifier_0.cxx /misc/dn61/LocalWOK/wok_entities/LOC/dev/CR0-OCCT691-7-CR0-OCCT691-occt-64/drv/BRepClass3d/BRepClass3d_SolidPassiveClassifier_0.cxx
+M BRepClass3d:pubinclude:BRepClass3d_SClassifier.hxx /misc/dn61/LocalWOK/wok_entities/LOC/dev/CR0-OCCT691-7-CR0-OCCT691-occt-64/inc/BRepClass3d_SClassifier.hxx
+M BRepClass3d:privinclude:BRepClass3d_SClassifier.jxx /misc/dn61/LocalWOK/wok_entities/LOC/dev/CR0-OCCT691-7-CR0-OCCT691-occt-64/drv/BRepClass3d/BRepClass3d_SClassifier.jxx
+M BRepClass3d:privinclude:BRepClass3d_SClassifier.ixx /misc/dn61/LocalWOK/wok_entities/LOC/dev/CR0-OCCT691-7-CR0-OCCT691-occt-64/drv/BRepClass3d/BRepClass3d_SClassifier.ixx
+M BRepClass3d:pubinclude:BRepClass3d_SolidClassifier.hxx /misc/dn61/LocalWOK/wok_entities/LOC/dev/CR0-OCCT691-7-CR0-OCCT691-occt-64/inc/BRepClass3d_SolidClassifier.hxx
+M BRepClass3d:privinclude:BRepClass3d_SolidClassifier.jxx /misc/dn61/LocalWOK/wok_entities/LOC/dev/CR0-OCCT691-7-CR0-OCCT691-occt-64/drv/BRepClass3d/BRepClass3d_SolidClassifier.jxx
+M BRepClass3d:privinclude:BRepClass3d_SolidClassifier.ixx /misc/dn61/LocalWOK/wok_entities/LOC/dev/CR0-OCCT691-7-CR0-OCCT691-occt-64/drv/BRepClass3d/BRepClass3d_SolidClassifier.ixx
+M BRepClass3d:pubinclude:Handle_BRepClass3d_DataMapNodeOfMapOfInter.hxx /misc/dn61/LocalWOK/wok_entities/LOC/dev/CR0-OCCT691-7-CR0-OCCT691-occt-64/inc/Handle_BRepClass3d_DataMapNodeOfMapOfInter.hxx
+M BRepClass3d:pubinclude:BRepClass3d_DataMapNodeOfMapOfInter.hxx /misc/dn61/LocalWOK/wok_entities/LOC/dev/CR0-OCCT691-7-CR0-OCCT691-occt-64/inc/BRepClass3d_DataMapNodeOfMapOfInter.hxx
+M BRepClass3d:derivated:BRepClass3d_DataMapNodeOfMapOfInter_0.cxx /misc/dn61/LocalWOK/wok_entities/LOC/dev/CR0-OCCT691-7-CR0-OCCT691-occt-64/drv/BRepClass3d/BRepClass3d_DataMapNodeOfMapOfInter_0.cxx
+M BRepClass3d:pubinclude:BRepClass3d_DataMapIteratorOfMapOfInter.hxx /misc/dn61/LocalWOK/wok_entities/LOC/dev/CR0-OCCT691-7-CR0-OCCT691-occt-64/inc/BRepClass3d_DataMapIteratorOfMapOfInter.hxx
+M BRepClass3d:derivated:BRepClass3d_DataMapIteratorOfMapOfInter_0.cxx /misc/dn61/LocalWOK/wok_entities/LOC/dev/CR0-OCCT691-7-CR0-OCCT691-occt-64/drv/BRepClass3d/BRepClass3d_DataMapIteratorOfMapOfInter_0.cxx
+M BRepClass3d:dbadmfile:BRepClass3d_xcpp_header.In /misc/dn61/LocalWOK/wok_entities/LOC/dev/CR0-OCCT691-7-CR0-OCCT691-occt-64/drv/BRepClass3d/.adm/BRepClass3d_xcpp_header.In
+M BRepClass3d:dbadmfile:BRepClass3d_xcpp_header.Out /misc/dn61/LocalWOK/wok_entities/LOC/dev/CR0-OCCT691-7-CR0-OCCT691-occt-64/drv/BRepClass3d/.adm/BRepClass3d_xcpp_header.Out
+M BRepClass3d:dbadmfile:BRepClass3d_xcpp_header.Dep /misc/dn61/LocalWOK/wok_entities/LOC/dev/CR0-OCCT691-7-CR0-OCCT691-occt-64/drv/BRepClass3d/.adm/BRepClass3d_xcpp_header.Dep
