+M BRepTools:pubinclude:BRepTools.hxx /misc/dn61/LocalWOK/wok_entities/LOC/dev/CR0-OCCT691-7-CR0-OCCT691-occt-64/inc/BRepTools.hxx
+M BRepTools:privinclude:BRepTools.jxx /misc/dn61/LocalWOK/wok_entities/LOC/dev/CR0-OCCT691-7-CR0-OCCT691-occt-64/drv/BRepTools/BRepTools.jxx
+M BRepTools:privinclude:BRepTools.ixx /misc/dn61/LocalWOK/wok_entities/LOC/dev/CR0-OCCT691-7-CR0-OCCT691-occt-64/drv/BRepTools/BRepTools.ixx
+M BRepTools:pubinclude:BRepTools_WireExplorer.hxx /misc/dn61/LocalWOK/wok_entities/LOC/dev/CR0-OCCT691-7-CR0-OCCT691-occt-64/inc/BRepTools_WireExplorer.hxx
+M BRepTools:privinclude:BRepTools_WireExplorer.jxx /misc/dn61/LocalWOK/wok_entities/LOC/dev/CR0-OCCT691-7-CR0-OCCT691-occt-64/drv/BRepTools/BRepTools_WireExplorer.jxx
+M BRepTools:privinclude:BRepTools_WireExplorer.ixx /misc/dn61/LocalWOK/wok_entities/LOC/dev/CR0-OCCT691-7-CR0-OCCT691-occt-64/drv/BRepTools/BRepTools_WireExplorer.ixx
+M BRepTools:pubinclude:Handle_BRepTools_Modification.hxx /misc/dn61/LocalWOK/wok_entities/LOC/dev/CR0-OCCT691-7-CR0-OCCT691-occt-64/inc/Handle_BRepTools_Modification.hxx
+M BRepTools:pubinclude:BRepTools_Modification.hxx /misc/dn61/LocalWOK/wok_entities/LOC/dev/CR0-OCCT691-7-CR0-OCCT691-occt-64/inc/BRepTools_Modification.hxx
+M BRepTools:privinclude:BRepTools_Modification.jxx /misc/dn61/LocalWOK/wok_entities/LOC/dev/CR0-OCCT691-7-CR0-OCCT691-occt-64/drv/BRepTools/BRepTools_Modification.jxx
+M BRepTools:privinclude:BRepTools_Modification.ixx /misc/dn61/LocalWOK/wok_entities/LOC/dev/CR0-OCCT691-7-CR0-OCCT691-occt-64/drv/BRepTools/BRepTools_Modification.ixx
+M BRepTools:pubinclude:BRepTools_Modifier.hxx /misc/dn61/LocalWOK/wok_entities/LOC/dev/CR0-OCCT691-7-CR0-OCCT691-occt-64/inc/BRepTools_Modifier.hxx
+M BRepTools:privinclude:BRepTools_Modifier.jxx /misc/dn61/LocalWOK/wok_entities/LOC/dev/CR0-OCCT691-7-CR0-OCCT691-occt-64/drv/BRepTools/BRepTools_Modifier.jxx
+M BRepTools:privinclude:BRepTools_Modifier.ixx /misc/dn61/LocalWOK/wok_entities/LOC/dev/CR0-OCCT691-7-CR0-OCCT691-occt-64/drv/BRepTools/BRepTools_Modifier.ixx
+M BRepTools:pubinclude:Handle_BRepTools_TrsfModification.hxx /misc/dn61/LocalWOK/wok_entities/LOC/dev/CR0-OCCT691-7-CR0-OCCT691-occt-64/inc/Handle_BRepTools_TrsfModification.hxx
+M BRepTools:pubinclude:BRepTools_TrsfModification.hxx /misc/dn61/LocalWOK/wok_entities/LOC/dev/CR0-OCCT691-7-CR0-OCCT691-occt-64/inc/BRepTools_TrsfModification.hxx
+M BRepTools:privinclude:BRepTools_TrsfModification.jxx /misc/dn61/LocalWOK/wok_entities/LOC/dev/CR0-OCCT691-7-CR0-OCCT691-occt-64/drv/BRepTools/BRepTools_TrsfModification.jxx
+M BRepTools:privinclude:BRepTools_TrsfModification.ixx /misc/dn61/LocalWOK/wok_entities/LOC/dev/CR0-OCCT691-7-CR0-OCCT691-occt-64/drv/BRepTools/BRepTools_TrsfModification.ixx
+M BRepTools:pubinclude:Handle_BRepTools_NurbsConvertModification.hxx /misc/dn61/LocalWOK/wok_entities/LOC/dev/CR0-OCCT691-7-CR0-OCCT691-occt-64/inc/Handle_BRepTools_NurbsConvertModification.hxx
+M BRepTools:pubinclude:BRepTools_NurbsConvertModification.hxx /misc/dn61/LocalWOK/wok_entities/LOC/dev/CR0-OCCT691-7-CR0-OCCT691-occt-64/inc/BRepTools_NurbsConvertModification.hxx
+M BRepTools:privinclude:BRepTools_NurbsConvertModification.jxx /misc/dn61/LocalWOK/wok_entities/LOC/dev/CR0-OCCT691-7-CR0-OCCT691-occt-64/drv/BRepTools/BRepTools_NurbsConvertModification.jxx
+M BRepTools:privinclude:BRepTools_NurbsConvertModification.ixx /misc/dn61/LocalWOK/wok_entities/LOC/dev/CR0-OCCT691-7-CR0-OCCT691-occt-64/drv/BRepTools/BRepTools_NurbsConvertModification.ixx
+M BRepTools:pubinclude:Handle_BRepTools_GTrsfModification.hxx /misc/dn61/LocalWOK/wok_entities/LOC/dev/CR0-OCCT691-7-CR0-OCCT691-occt-64/inc/Handle_BRepTools_GTrsfModification.hxx
+M BRepTools:pubinclude:BRepTools_GTrsfModification.hxx /misc/dn61/LocalWOK/wok_entities/LOC/dev/CR0-OCCT691-7-CR0-OCCT691-occt-64/inc/BRepTools_GTrsfModification.hxx
+M BRepTools:privinclude:BRepTools_GTrsfModification.jxx /misc/dn61/LocalWOK/wok_entities/LOC/dev/CR0-OCCT691-7-CR0-OCCT691-occt-64/drv/BRepTools/BRepTools_GTrsfModification.jxx
+M BRepTools:privinclude:BRepTools_GTrsfModification.ixx /misc/dn61/LocalWOK/wok_entities/LOC/dev/CR0-OCCT691-7-CR0-OCCT691-occt-64/drv/BRepTools/BRepTools_GTrsfModification.ixx
+M BRepTools:pubinclude:BRepTools_Substitution.hxx /misc/dn61/LocalWOK/wok_entities/LOC/dev/CR0-OCCT691-7-CR0-OCCT691-occt-64/inc/BRepTools_Substitution.hxx
+M BRepTools:privinclude:BRepTools_Substitution.jxx /misc/dn61/LocalWOK/wok_entities/LOC/dev/CR0-OCCT691-7-CR0-OCCT691-occt-64/drv/BRepTools/BRepTools_Substitution.jxx
+M BRepTools:privinclude:BRepTools_Substitution.ixx /misc/dn61/LocalWOK/wok_entities/LOC/dev/CR0-OCCT691-7-CR0-OCCT691-occt-64/drv/BRepTools/BRepTools_Substitution.ixx
+M BRepTools:pubinclude:BRepTools_Quilt.hxx /misc/dn61/LocalWOK/wok_entities/LOC/dev/CR0-OCCT691-7-CR0-OCCT691-occt-64/inc/BRepTools_Quilt.hxx
+M BRepTools:privinclude:BRepTools_Quilt.jxx /misc/dn61/LocalWOK/wok_entities/LOC/dev/CR0-OCCT691-7-CR0-OCCT691-occt-64/drv/BRepTools/BRepTools_Quilt.jxx
+M BRepTools:privinclude:BRepTools_Quilt.ixx /misc/dn61/LocalWOK/wok_entities/LOC/dev/CR0-OCCT691-7-CR0-OCCT691-occt-64/drv/BRepTools/BRepTools_Quilt.ixx
+M BRepTools:pubinclude:BRepTools_ShapeSet.hxx /misc/dn61/LocalWOK/wok_entities/LOC/dev/CR0-OCCT691-7-CR0-OCCT691-occt-64/inc/BRepTools_ShapeSet.hxx
+M BRepTools:privinclude:BRepTools_ShapeSet.jxx /misc/dn61/LocalWOK/wok_entities/LOC/dev/CR0-OCCT691-7-CR0-OCCT691-occt-64/drv/BRepTools/BRepTools_ShapeSet.jxx
+M BRepTools:privinclude:BRepTools_ShapeSet.ixx /misc/dn61/LocalWOK/wok_entities/LOC/dev/CR0-OCCT691-7-CR0-OCCT691-occt-64/drv/BRepTools/BRepTools_ShapeSet.ixx
+M BRepTools:pubinclude:Handle_BRepTools_ReShape.hxx /misc/dn61/LocalWOK/wok_entities/LOC/dev/CR0-OCCT691-7-CR0-OCCT691-occt-64/inc/Handle_BRepTools_ReShape.hxx
+M BRepTools:pubinclude:BRepTools_ReShape.hxx /misc/dn61/LocalWOK/wok_entities/LOC/dev/CR0-OCCT691-7-CR0-OCCT691-occt-64/inc/BRepTools_ReShape.hxx
+M BRepTools:privinclude:BRepTools_ReShape.jxx /misc/dn61/LocalWOK/wok_entities/LOC/dev/CR0-OCCT691-7-CR0-OCCT691-occt-64/drv/BRepTools/BRepTools_ReShape.jxx
+M BRepTools:privinclude:BRepTools_ReShape.ixx /misc/dn61/LocalWOK/wok_entities/LOC/dev/CR0-OCCT691-7-CR0-OCCT691-occt-64/drv/BRepTools/BRepTools_ReShape.ixx
+M BRepTools:pubinclude:BRepTools_MapOfVertexPnt2d.hxx /misc/dn61/LocalWOK/wok_entities/LOC/dev/CR0-OCCT691-7-CR0-OCCT691-occt-64/inc/BRepTools_MapOfVertexPnt2d.hxx
+M BRepTools:derivated:BRepTools_MapOfVertexPnt2d_0.cxx /misc/dn61/LocalWOK/wok_entities/LOC/dev/CR0-OCCT691-7-CR0-OCCT691-occt-64/drv/BRepTools/BRepTools_MapOfVertexPnt2d_0.cxx
+M BRepTools:pubinclude:Handle_BRepTools_DataMapNodeOfMapOfVertexPnt2d.hxx /misc/dn61/LocalWOK/wok_entities/LOC/dev/CR0-OCCT691-7-CR0-OCCT691-occt-64/inc/Handle_BRepTools_DataMapNodeOfMapOfVertexPnt2d.hxx
+M BRepTools:pubinclude:BRepTools_DataMapNodeOfMapOfVertexPnt2d.hxx /misc/dn61/LocalWOK/wok_entities/LOC/dev/CR0-OCCT691-7-CR0-OCCT691-occt-64/inc/BRepTools_DataMapNodeOfMapOfVertexPnt2d.hxx
+M BRepTools:derivated:BRepTools_DataMapNodeOfMapOfVertexPnt2d_0.cxx /misc/dn61/LocalWOK/wok_entities/LOC/dev/CR0-OCCT691-7-CR0-OCCT691-occt-64/drv/BRepTools/BRepTools_DataMapNodeOfMapOfVertexPnt2d_0.cxx
+M BRepTools:pubinclude:BRepTools_DataMapIteratorOfMapOfVertexPnt2d.hxx /misc/dn61/LocalWOK/wok_entities/LOC/dev/CR0-OCCT691-7-CR0-OCCT691-occt-64/inc/BRepTools_DataMapIteratorOfMapOfVertexPnt2d.hxx
+M BRepTools:derivated:BRepTools_DataMapIteratorOfMapOfVertexPnt2d_0.cxx /misc/dn61/LocalWOK/wok_entities/LOC/dev/CR0-OCCT691-7-CR0-OCCT691-occt-64/drv/BRepTools/BRepTools_DataMapIteratorOfMapOfVertexPnt2d_0.cxx
+M BRepTools:dbadmfile:BRepTools_xcpp_header.In /misc/dn61/LocalWOK/wok_entities/LOC/dev/CR0-OCCT691-7-CR0-OCCT691-occt-64/drv/BRepTools/.adm/BRepTools_xcpp_header.In
+M BRepTools:dbadmfile:BRepTools_xcpp_header.Out /misc/dn61/LocalWOK/wok_entities/LOC/dev/CR0-OCCT691-7-CR0-OCCT691-occt-64/drv/BRepTools/.adm/BRepTools_xcpp_header.Out
+M BRepTools:dbadmfile:BRepTools_xcpp_header.Dep /misc/dn61/LocalWOK/wok_entities/LOC/dev/CR0-OCCT691-7-CR0-OCCT691-occt-64/drv/BRepTools/.adm/BRepTools_xcpp_header.Dep
