+M StepData:pubinclude:StepData.hxx /misc/dn61/LocalWOK/wok_entities/LOC/dev/CR0-OCCT691-7-CR0-OCCT691-occt-64/inc/StepData.hxx
+M StepData:privinclude:StepData.jxx /misc/dn61/LocalWOK/wok_entities/LOC/dev/CR0-OCCT691-7-CR0-OCCT691-occt-64/drv/StepData/StepData.jxx
+M StepData:privinclude:StepData.ixx /misc/dn61/LocalWOK/wok_entities/LOC/dev/CR0-OCCT691-7-CR0-OCCT691-occt-64/drv/StepData/StepData.ixx
+M StepData:pubinclude:Handle_StepData_StepModel.hxx /misc/dn61/LocalWOK/wok_entities/LOC/dev/CR0-OCCT691-7-CR0-OCCT691-occt-64/inc/Handle_StepData_StepModel.hxx
+M StepData:pubinclude:StepData_StepModel.hxx /misc/dn61/LocalWOK/wok_entities/LOC/dev/CR0-OCCT691-7-CR0-OCCT691-occt-64/inc/StepData_StepModel.hxx
+M StepData:privinclude:StepData_StepModel.jxx /misc/dn61/LocalWOK/wok_entities/LOC/dev/CR0-OCCT691-7-CR0-OCCT691-occt-64/drv/StepData/StepData_StepModel.jxx
+M StepData:privinclude:StepData_StepModel.ixx /misc/dn61/LocalWOK/wok_entities/LOC/dev/CR0-OCCT691-7-CR0-OCCT691-occt-64/drv/StepData/StepData_StepModel.ixx
+M StepData:pubinclude:Handle_StepData_UndefinedEntity.hxx /misc/dn61/LocalWOK/wok_entities/LOC/dev/CR0-OCCT691-7-CR0-OCCT691-occt-64/inc/Handle_StepData_UndefinedEntity.hxx
+M StepData:pubinclude:StepData_UndefinedEntity.hxx /misc/dn61/LocalWOK/wok_entities/LOC/dev/CR0-OCCT691-7-CR0-OCCT691-occt-64/inc/StepData_UndefinedEntity.hxx
+M StepData:privinclude:StepData_UndefinedEntity.jxx /misc/dn61/LocalWOK/wok_entities/LOC/dev/CR0-OCCT691-7-CR0-OCCT691-occt-64/drv/StepData/StepData_UndefinedEntity.jxx
+M StepData:privinclude:StepData_UndefinedEntity.ixx /misc/dn61/LocalWOK/wok_entities/LOC/dev/CR0-OCCT691-7-CR0-OCCT691-occt-64/drv/StepData/StepData_UndefinedEntity.ixx
+M StepData:pubinclude:StepData_SelectType.hxx /misc/dn61/LocalWOK/wok_entities/LOC/dev/CR0-OCCT691-7-CR0-OCCT691-occt-64/inc/StepData_SelectType.hxx
+M StepData:privinclude:StepData_SelectType.jxx /misc/dn61/LocalWOK/wok_entities/LOC/dev/CR0-OCCT691-7-CR0-OCCT691-occt-64/drv/StepData/StepData_SelectType.jxx
+M StepData:privinclude:StepData_SelectType.ixx /misc/dn61/LocalWOK/wok_entities/LOC/dev/CR0-OCCT691-7-CR0-OCCT691-occt-64/drv/StepData/StepData_SelectType.ixx
+M StepData:pubinclude:StepData_Field.hxx /misc/dn61/LocalWOK/wok_entities/LOC/dev/CR0-OCCT691-7-CR0-OCCT691-occt-64/inc/StepData_Field.hxx
+M StepData:privinclude:StepData_Field.jxx /misc/dn61/LocalWOK/wok_entities/LOC/dev/CR0-OCCT691-7-CR0-OCCT691-occt-64/drv/StepData/StepData_Field.jxx
+M StepData:privinclude:StepData_Field.ixx /misc/dn61/LocalWOK/wok_entities/LOC/dev/CR0-OCCT691-7-CR0-OCCT691-occt-64/drv/StepData/StepData_Field.ixx
+M StepData:pubinclude:Handle_StepData_SelectMember.hxx /misc/dn61/LocalWOK/wok_entities/LOC/dev/CR0-OCCT691-7-CR0-OCCT691-occt-64/inc/Handle_StepData_SelectMember.hxx
+M StepData:pubinclude:StepData_SelectMember.hxx /misc/dn61/LocalWOK/wok_entities/LOC/dev/CR0-OCCT691-7-CR0-OCCT691-occt-64/inc/StepData_SelectMember.hxx
+M StepData:privinclude:StepData_SelectMember.jxx /misc/dn61/LocalWOK/wok_entities/LOC/dev/CR0-OCCT691-7-CR0-OCCT691-occt-64/drv/StepData/StepData_SelectMember.jxx
+M StepData:privinclude:StepData_SelectMember.ixx /misc/dn61/LocalWOK/wok_entities/LOC/dev/CR0-OCCT691-7-CR0-OCCT691-occt-64/drv/StepData/StepData_SelectMember.ixx
+M StepData:pubinclude:Handle_StepData_SelectInt.hxx /misc/dn61/LocalWOK/wok_entities/LOC/dev/CR0-OCCT691-7-CR0-OCCT691-occt-64/inc/Handle_StepData_SelectInt.hxx
+M StepData:pubinclude:StepData_SelectInt.hxx /misc/dn61/LocalWOK/wok_entities/LOC/dev/CR0-OCCT691-7-CR0-OCCT691-occt-64/inc/StepData_SelectInt.hxx
+M StepData:privinclude:StepData_SelectInt.jxx /misc/dn61/LocalWOK/wok_entities/LOC/dev/CR0-OCCT691-7-CR0-OCCT691-occt-64/drv/StepData/StepData_SelectInt.jxx
+M StepData:privinclude:StepData_SelectInt.ixx /misc/dn61/LocalWOK/wok_entities/LOC/dev/CR0-OCCT691-7-CR0-OCCT691-occt-64/drv/StepData/StepData_SelectInt.ixx
+M StepData:pubinclude:Handle_StepData_SelectReal.hxx /misc/dn61/LocalWOK/wok_entities/LOC/dev/CR0-OCCT691-7-CR0-OCCT691-occt-64/inc/Handle_StepData_SelectReal.hxx
+M StepData:pubinclude:StepData_SelectReal.hxx /misc/dn61/LocalWOK/wok_entities/LOC/dev/CR0-OCCT691-7-CR0-OCCT691-occt-64/inc/StepData_SelectReal.hxx
+M StepData:privinclude:StepData_SelectReal.jxx /misc/dn61/LocalWOK/wok_entities/LOC/dev/CR0-OCCT691-7-CR0-OCCT691-occt-64/drv/StepData/StepData_SelectReal.jxx
+M StepData:privinclude:StepData_SelectReal.ixx /misc/dn61/LocalWOK/wok_entities/LOC/dev/CR0-OCCT691-7-CR0-OCCT691-occt-64/drv/StepData/StepData_SelectReal.ixx
+M StepData:pubinclude:Handle_StepData_SelectNamed.hxx /misc/dn61/LocalWOK/wok_entities/LOC/dev/CR0-OCCT691-7-CR0-OCCT691-occt-64/inc/Handle_StepData_SelectNamed.hxx
+M StepData:pubinclude:StepData_SelectNamed.hxx /misc/dn61/LocalWOK/wok_entities/LOC/dev/CR0-OCCT691-7-CR0-OCCT691-occt-64/inc/StepData_SelectNamed.hxx
+M StepData:privinclude:StepData_SelectNamed.jxx /misc/dn61/LocalWOK/wok_entities/LOC/dev/CR0-OCCT691-7-CR0-OCCT691-occt-64/drv/StepData/StepData_SelectNamed.jxx
+M StepData:privinclude:StepData_SelectNamed.ixx /misc/dn61/LocalWOK/wok_entities/LOC/dev/CR0-OCCT691-7-CR0-OCCT691-occt-64/drv/StepData/StepData_SelectNamed.ixx
+M StepData:pubinclude:Handle_StepData_SelectArrReal.hxx /misc/dn61/LocalWOK/wok_entities/LOC/dev/CR0-OCCT691-7-CR0-OCCT691-occt-64/inc/Handle_StepData_SelectArrReal.hxx
+M StepData:pubinclude:StepData_SelectArrReal.hxx /misc/dn61/LocalWOK/wok_entities/LOC/dev/CR0-OCCT691-7-CR0-OCCT691-occt-64/inc/StepData_SelectArrReal.hxx
+M StepData:privinclude:StepData_SelectArrReal.jxx /misc/dn61/LocalWOK/wok_entities/LOC/dev/CR0-OCCT691-7-CR0-OCCT691-occt-64/drv/StepData/StepData_SelectArrReal.jxx
+M StepData:privinclude:StepData_SelectArrReal.ixx /misc/dn61/LocalWOK/wok_entities/LOC/dev/CR0-OCCT691-7-CR0-OCCT691-occt-64/drv/StepData/StepData_SelectArrReal.ixx
+M StepData:pubinclude:Handle_StepData_PDescr.hxx /misc/dn61/LocalWOK/wok_entities/LOC/dev/CR0-OCCT691-7-CR0-OCCT691-occt-64/inc/Handle_StepData_PDescr.hxx
+M StepData:pubinclude:StepData_PDescr.hxx /misc/dn61/LocalWOK/wok_entities/LOC/dev/CR0-OCCT691-7-CR0-OCCT691-occt-64/inc/StepData_PDescr.hxx
+M StepData:privinclude:StepData_PDescr.jxx /misc/dn61/LocalWOK/wok_entities/LOC/dev/CR0-OCCT691-7-CR0-OCCT691-occt-64/drv/StepData/StepData_PDescr.jxx
+M StepData:privinclude:StepData_PDescr.ixx /misc/dn61/LocalWOK/wok_entities/LOC/dev/CR0-OCCT691-7-CR0-OCCT691-occt-64/drv/StepData/StepData_PDescr.ixx
+M StepData:pubinclude:StepData_FieldList.hxx /misc/dn61/LocalWOK/wok_entities/LOC/dev/CR0-OCCT691-7-CR0-OCCT691-occt-64/inc/StepData_FieldList.hxx
+M StepData:privinclude:StepData_FieldList.jxx /misc/dn61/LocalWOK/wok_entities/LOC/dev/CR0-OCCT691-7-CR0-OCCT691-occt-64/drv/StepData/StepData_FieldList.jxx
+M StepData:privinclude:StepData_FieldList.ixx /misc/dn61/LocalWOK/wok_entities/LOC/dev/CR0-OCCT691-7-CR0-OCCT691-occt-64/drv/StepData/StepData_FieldList.ixx
+M StepData:pubinclude:StepData_FieldList1.hxx /misc/dn61/LocalWOK/wok_entities/LOC/dev/CR0-OCCT691-7-CR0-OCCT691-occt-64/inc/StepData_FieldList1.hxx
+M StepData:privinclude:StepData_FieldList1.jxx /misc/dn61/LocalWOK/wok_entities/LOC/dev/CR0-OCCT691-7-CR0-OCCT691-occt-64/drv/StepData/StepData_FieldList1.jxx
+M StepData:privinclude:StepData_FieldList1.ixx /misc/dn61/LocalWOK/wok_entities/LOC/dev/CR0-OCCT691-7-CR0-OCCT691-occt-64/drv/StepData/StepData_FieldList1.ixx
+M StepData:pubinclude:StepData_FieldListN.hxx /misc/dn61/LocalWOK/wok_entities/LOC/dev/CR0-OCCT691-7-CR0-OCCT691-occt-64/inc/StepData_FieldListN.hxx
+M StepData:privinclude:StepData_FieldListN.jxx /misc/dn61/LocalWOK/wok_entities/LOC/dev/CR0-OCCT691-7-CR0-OCCT691-occt-64/drv/StepData/StepData_FieldListN.jxx
+M StepData:privinclude:StepData_FieldListN.ixx /misc/dn61/LocalWOK/wok_entities/LOC/dev/CR0-OCCT691-7-CR0-OCCT691-occt-64/drv/StepData/StepData_FieldListN.ixx
+M StepData:pubinclude:StepData_FieldListD.hxx /misc/dn61/LocalWOK/wok_entities/LOC/dev/CR0-OCCT691-7-CR0-OCCT691-occt-64/inc/StepData_FieldListD.hxx
+M StepData:privinclude:StepData_FieldListD.jxx /misc/dn61/LocalWOK/wok_entities/LOC/dev/CR0-OCCT691-7-CR0-OCCT691-occt-64/drv/StepData/StepData_FieldListD.jxx
+M StepData:privinclude:StepData_FieldListD.ixx /misc/dn61/LocalWOK/wok_entities/LOC/dev/CR0-OCCT691-7-CR0-OCCT691-occt-64/drv/StepData/StepData_FieldListD.ixx
+M StepData:pubinclude:Handle_StepData_EDescr.hxx /misc/dn61/LocalWOK/wok_entities/LOC/dev/CR0-OCCT691-7-CR0-OCCT691-occt-64/inc/Handle_StepData_EDescr.hxx
+M StepData:pubinclude:StepData_EDescr.hxx /misc/dn61/LocalWOK/wok_entities/LOC/dev/CR0-OCCT691-7-CR0-OCCT691-occt-64/inc/StepData_EDescr.hxx
+M StepData:privinclude:StepData_EDescr.jxx /misc/dn61/LocalWOK/wok_entities/LOC/dev/CR0-OCCT691-7-CR0-OCCT691-occt-64/drv/StepData/StepData_EDescr.jxx
+M StepData:privinclude:StepData_EDescr.ixx /misc/dn61/LocalWOK/wok_entities/LOC/dev/CR0-OCCT691-7-CR0-OCCT691-occt-64/drv/StepData/StepData_EDescr.ixx
+M StepData:pubinclude:Handle_StepData_ESDescr.hxx /misc/dn61/LocalWOK/wok_entities/LOC/dev/CR0-OCCT691-7-CR0-OCCT691-occt-64/inc/Handle_StepData_ESDescr.hxx
+M StepData:pubinclude:StepData_ESDescr.hxx /misc/dn61/LocalWOK/wok_entities/LOC/dev/CR0-OCCT691-7-CR0-OCCT691-occt-64/inc/StepData_ESDescr.hxx
+M StepData:privinclude:StepData_ESDescr.jxx /misc/dn61/LocalWOK/wok_entities/LOC/dev/CR0-OCCT691-7-CR0-OCCT691-occt-64/drv/StepData/StepData_ESDescr.jxx
+M StepData:privinclude:StepData_ESDescr.ixx /misc/dn61/LocalWOK/wok_entities/LOC/dev/CR0-OCCT691-7-CR0-OCCT691-occt-64/drv/StepData/StepData_ESDescr.ixx
+M StepData:pubinclude:Handle_StepData_ECDescr.hxx /misc/dn61/LocalWOK/wok_entities/LOC/dev/CR0-OCCT691-7-CR0-OCCT691-occt-64/inc/Handle_StepData_ECDescr.hxx
+M StepData:pubinclude:StepData_ECDescr.hxx /misc/dn61/LocalWOK/wok_entities/LOC/dev/CR0-OCCT691-7-CR0-OCCT691-occt-64/inc/StepData_ECDescr.hxx
+M StepData:privinclude:StepData_ECDescr.jxx /misc/dn61/LocalWOK/wok_entities/LOC/dev/CR0-OCCT691-7-CR0-OCCT691-occt-64/drv/StepData/StepData_ECDescr.jxx
+M StepData:privinclude:StepData_ECDescr.ixx /misc/dn61/LocalWOK/wok_entities/LOC/dev/CR0-OCCT691-7-CR0-OCCT691-occt-64/drv/StepData/StepData_ECDescr.ixx
+M StepData:pubinclude:Handle_StepData_Described.hxx /misc/dn61/LocalWOK/wok_entities/LOC/dev/CR0-OCCT691-7-CR0-OCCT691-occt-64/inc/Handle_StepData_Described.hxx
+M StepData:pubinclude:StepData_Described.hxx /misc/dn61/LocalWOK/wok_entities/LOC/dev/CR0-OCCT691-7-CR0-OCCT691-occt-64/inc/StepData_Described.hxx
+M StepData:privinclude:StepData_Described.jxx /misc/dn61/LocalWOK/wok_entities/LOC/dev/CR0-OCCT691-7-CR0-OCCT691-occt-64/drv/StepData/StepData_Described.jxx
+M StepData:privinclude:StepData_Described.ixx /misc/dn61/LocalWOK/wok_entities/LOC/dev/CR0-OCCT691-7-CR0-OCCT691-occt-64/drv/StepData/StepData_Described.ixx
+M StepData:pubinclude:Handle_StepData_Simple.hxx /misc/dn61/LocalWOK/wok_entities/LOC/dev/CR0-OCCT691-7-CR0-OCCT691-occt-64/inc/Handle_StepData_Simple.hxx
+M StepData:pubinclude:StepData_Simple.hxx /misc/dn61/LocalWOK/wok_entities/LOC/dev/CR0-OCCT691-7-CR0-OCCT691-occt-64/inc/StepData_Simple.hxx
+M StepData:privinclude:StepData_Simple.jxx /misc/dn61/LocalWOK/wok_entities/LOC/dev/CR0-OCCT691-7-CR0-OCCT691-occt-64/drv/StepData/StepData_Simple.jxx
+M StepData:privinclude:StepData_Simple.ixx /misc/dn61/LocalWOK/wok_entities/LOC/dev/CR0-OCCT691-7-CR0-OCCT691-occt-64/drv/StepData/StepData_Simple.ixx
+M StepData:pubinclude:Handle_StepData_Plex.hxx /misc/dn61/LocalWOK/wok_entities/LOC/dev/CR0-OCCT691-7-CR0-OCCT691-occt-64/inc/Handle_StepData_Plex.hxx
+M StepData:pubinclude:StepData_Plex.hxx /misc/dn61/LocalWOK/wok_entities/LOC/dev/CR0-OCCT691-7-CR0-OCCT691-occt-64/inc/StepData_Plex.hxx
+M StepData:privinclude:StepData_Plex.jxx /misc/dn61/LocalWOK/wok_entities/LOC/dev/CR0-OCCT691-7-CR0-OCCT691-occt-64/drv/StepData/StepData_Plex.jxx
+M StepData:privinclude:StepData_Plex.ixx /misc/dn61/LocalWOK/wok_entities/LOC/dev/CR0-OCCT691-7-CR0-OCCT691-occt-64/drv/StepData/StepData_Plex.ixx
+M StepData:pubinclude:Handle_StepData_FreeFormEntity.hxx /misc/dn61/LocalWOK/wok_entities/LOC/dev/CR0-OCCT691-7-CR0-OCCT691-occt-64/inc/Handle_StepData_FreeFormEntity.hxx
+M StepData:pubinclude:StepData_FreeFormEntity.hxx /misc/dn61/LocalWOK/wok_entities/LOC/dev/CR0-OCCT691-7-CR0-OCCT691-occt-64/inc/StepData_FreeFormEntity.hxx
+M StepData:privinclude:StepData_FreeFormEntity.jxx /misc/dn61/LocalWOK/wok_entities/LOC/dev/CR0-OCCT691-7-CR0-OCCT691-occt-64/drv/StepData/StepData_FreeFormEntity.jxx
+M StepData:privinclude:StepData_FreeFormEntity.ixx /misc/dn61/LocalWOK/wok_entities/LOC/dev/CR0-OCCT691-7-CR0-OCCT691-occt-64/drv/StepData/StepData_FreeFormEntity.ixx
+M StepData:pubinclude:Handle_StepData_Protocol.hxx /misc/dn61/LocalWOK/wok_entities/LOC/dev/CR0-OCCT691-7-CR0-OCCT691-occt-64/inc/Handle_StepData_Protocol.hxx
+M StepData:pubinclude:StepData_Protocol.hxx /misc/dn61/LocalWOK/wok_entities/LOC/dev/CR0-OCCT691-7-CR0-OCCT691-occt-64/inc/StepData_Protocol.hxx
+M StepData:privinclude:StepData_Protocol.jxx /misc/dn61/LocalWOK/wok_entities/LOC/dev/CR0-OCCT691-7-CR0-OCCT691-occt-64/drv/StepData/StepData_Protocol.jxx
+M StepData:privinclude:StepData_Protocol.ixx /misc/dn61/LocalWOK/wok_entities/LOC/dev/CR0-OCCT691-7-CR0-OCCT691-occt-64/drv/StepData/StepData_Protocol.ixx
+M StepData:pubinclude:Handle_StepData_GeneralModule.hxx /misc/dn61/LocalWOK/wok_entities/LOC/dev/CR0-OCCT691-7-CR0-OCCT691-occt-64/inc/Handle_StepData_GeneralModule.hxx
+M StepData:pubinclude:StepData_GeneralModule.hxx /misc/dn61/LocalWOK/wok_entities/LOC/dev/CR0-OCCT691-7-CR0-OCCT691-occt-64/inc/StepData_GeneralModule.hxx
+M StepData:privinclude:StepData_GeneralModule.jxx /misc/dn61/LocalWOK/wok_entities/LOC/dev/CR0-OCCT691-7-CR0-OCCT691-occt-64/drv/StepData/StepData_GeneralModule.jxx
+M StepData:privinclude:StepData_GeneralModule.ixx /misc/dn61/LocalWOK/wok_entities/LOC/dev/CR0-OCCT691-7-CR0-OCCT691-occt-64/drv/StepData/StepData_GeneralModule.ixx
+M StepData:pubinclude:Handle_StepData_FileRecognizer.hxx /misc/dn61/LocalWOK/wok_entities/LOC/dev/CR0-OCCT691-7-CR0-OCCT691-occt-64/inc/Handle_StepData_FileRecognizer.hxx
+M StepData:pubinclude:StepData_FileRecognizer.hxx /misc/dn61/LocalWOK/wok_entities/LOC/dev/CR0-OCCT691-7-CR0-OCCT691-occt-64/inc/StepData_FileRecognizer.hxx
+M StepData:derivated:StepData_FileRecognizer_0.cxx /misc/dn61/LocalWOK/wok_entities/LOC/dev/CR0-OCCT691-7-CR0-OCCT691-occt-64/drv/StepData/StepData_FileRecognizer_0.cxx
+M StepData:pubinclude:Handle_StepData_FileProtocol.hxx /misc/dn61/LocalWOK/wok_entities/LOC/dev/CR0-OCCT691-7-CR0-OCCT691-occt-64/inc/Handle_StepData_FileProtocol.hxx
+M StepData:pubinclude:StepData_FileProtocol.hxx /misc/dn61/LocalWOK/wok_entities/LOC/dev/CR0-OCCT691-7-CR0-OCCT691-occt-64/inc/StepData_FileProtocol.hxx
+M StepData:privinclude:StepData_FileProtocol.jxx /misc/dn61/LocalWOK/wok_entities/LOC/dev/CR0-OCCT691-7-CR0-OCCT691-occt-64/drv/StepData/StepData_FileProtocol.jxx
+M StepData:privinclude:StepData_FileProtocol.ixx /misc/dn61/LocalWOK/wok_entities/LOC/dev/CR0-OCCT691-7-CR0-OCCT691-occt-64/drv/StepData/StepData_FileProtocol.ixx
+M StepData:pubinclude:StepData_HeaderTool.hxx /misc/dn61/LocalWOK/wok_entities/LOC/dev/CR0-OCCT691-7-CR0-OCCT691-occt-64/inc/StepData_HeaderTool.hxx
+M StepData:privinclude:StepData_HeaderTool.jxx /misc/dn61/LocalWOK/wok_entities/LOC/dev/CR0-OCCT691-7-CR0-OCCT691-occt-64/drv/StepData/StepData_HeaderTool.jxx
+M StepData:privinclude:StepData_HeaderTool.ixx /misc/dn61/LocalWOK/wok_entities/LOC/dev/CR0-OCCT691-7-CR0-OCCT691-occt-64/drv/StepData/StepData_HeaderTool.ixx
+M StepData:pubinclude:StepData_EnumTool.hxx /misc/dn61/LocalWOK/wok_entities/LOC/dev/CR0-OCCT691-7-CR0-OCCT691-occt-64/inc/StepData_EnumTool.hxx
+M StepData:privinclude:StepData_EnumTool.jxx /misc/dn61/LocalWOK/wok_entities/LOC/dev/CR0-OCCT691-7-CR0-OCCT691-occt-64/drv/StepData/StepData_EnumTool.jxx
+M StepData:privinclude:StepData_EnumTool.ixx /misc/dn61/LocalWOK/wok_entities/LOC/dev/CR0-OCCT691-7-CR0-OCCT691-occt-64/drv/StepData/StepData_EnumTool.ixx
+M StepData:pubinclude:Handle_StepData_DescrProtocol.hxx /misc/dn61/LocalWOK/wok_entities/LOC/dev/CR0-OCCT691-7-CR0-OCCT691-occt-64/inc/Handle_StepData_DescrProtocol.hxx
+M StepData:pubinclude:StepData_DescrProtocol.hxx /misc/dn61/LocalWOK/wok_entities/LOC/dev/CR0-OCCT691-7-CR0-OCCT691-occt-64/inc/StepData_DescrProtocol.hxx
+M StepData:privinclude:StepData_DescrProtocol.jxx /misc/dn61/LocalWOK/wok_entities/LOC/dev/CR0-OCCT691-7-CR0-OCCT691-occt-64/drv/StepData/StepData_DescrProtocol.jxx
+M StepData:privinclude:StepData_DescrProtocol.ixx /misc/dn61/LocalWOK/wok_entities/LOC/dev/CR0-OCCT691-7-CR0-OCCT691-occt-64/drv/StepData/StepData_DescrProtocol.ixx
+M StepData:pubinclude:Handle_StepData_DescrGeneral.hxx /misc/dn61/LocalWOK/wok_entities/LOC/dev/CR0-OCCT691-7-CR0-OCCT691-occt-64/inc/Handle_StepData_DescrGeneral.hxx
+M StepData:pubinclude:StepData_DescrGeneral.hxx /misc/dn61/LocalWOK/wok_entities/LOC/dev/CR0-OCCT691-7-CR0-OCCT691-occt-64/inc/StepData_DescrGeneral.hxx
+M StepData:privinclude:StepData_DescrGeneral.jxx /misc/dn61/LocalWOK/wok_entities/LOC/dev/CR0-OCCT691-7-CR0-OCCT691-occt-64/drv/StepData/StepData_DescrGeneral.jxx
+M StepData:privinclude:StepData_DescrGeneral.ixx /misc/dn61/LocalWOK/wok_entities/LOC/dev/CR0-OCCT691-7-CR0-OCCT691-occt-64/drv/StepData/StepData_DescrGeneral.ixx
+M StepData:pubinclude:Handle_StepData_DescrReadWrite.hxx /misc/dn61/LocalWOK/wok_entities/LOC/dev/CR0-OCCT691-7-CR0-OCCT691-occt-64/inc/Handle_StepData_DescrReadWrite.hxx
+M StepData:pubinclude:StepData_DescrReadWrite.hxx /misc/dn61/LocalWOK/wok_entities/LOC/dev/CR0-OCCT691-7-CR0-OCCT691-occt-64/inc/StepData_DescrReadWrite.hxx
+M StepData:privinclude:StepData_DescrReadWrite.jxx /misc/dn61/LocalWOK/wok_entities/LOC/dev/CR0-OCCT691-7-CR0-OCCT691-occt-64/drv/StepData/StepData_DescrReadWrite.jxx
+M StepData:privinclude:StepData_DescrReadWrite.ixx /misc/dn61/LocalWOK/wok_entities/LOC/dev/CR0-OCCT691-7-CR0-OCCT691-occt-64/drv/StepData/StepData_DescrReadWrite.ixx
+M StepData:pubinclude:Handle_StepData_StepReaderData.hxx /misc/dn61/LocalWOK/wok_entities/LOC/dev/CR0-OCCT691-7-CR0-OCCT691-occt-64/inc/Handle_StepData_StepReaderData.hxx
+M StepData:pubinclude:StepData_StepReaderData.hxx /misc/dn61/LocalWOK/wok_entities/LOC/dev/CR0-OCCT691-7-CR0-OCCT691-occt-64/inc/StepData_StepReaderData.hxx
+M StepData:privinclude:StepData_StepReaderData.jxx /misc/dn61/LocalWOK/wok_entities/LOC/dev/CR0-OCCT691-7-CR0-OCCT691-occt-64/drv/StepData/StepData_StepReaderData.jxx
+M StepData:privinclude:StepData_StepReaderData.ixx /misc/dn61/LocalWOK/wok_entities/LOC/dev/CR0-OCCT691-7-CR0-OCCT691-occt-64/drv/StepData/StepData_StepReaderData.ixx
+M StepData:pubinclude:StepData_StepReaderTool.hxx /misc/dn61/LocalWOK/wok_entities/LOC/dev/CR0-OCCT691-7-CR0-OCCT691-occt-64/inc/StepData_StepReaderTool.hxx
+M StepData:privinclude:StepData_StepReaderTool.jxx /misc/dn61/LocalWOK/wok_entities/LOC/dev/CR0-OCCT691-7-CR0-OCCT691-occt-64/drv/StepData/StepData_StepReaderTool.jxx
+M StepData:privinclude:StepData_StepReaderTool.ixx /misc/dn61/LocalWOK/wok_entities/LOC/dev/CR0-OCCT691-7-CR0-OCCT691-occt-64/drv/StepData/StepData_StepReaderTool.ixx
+M StepData:pubinclude:Handle_StepData_ReadWriteModule.hxx /misc/dn61/LocalWOK/wok_entities/LOC/dev/CR0-OCCT691-7-CR0-OCCT691-occt-64/inc/Handle_StepData_ReadWriteModule.hxx
+M StepData:pubinclude:StepData_ReadWriteModule.hxx /misc/dn61/LocalWOK/wok_entities/LOC/dev/CR0-OCCT691-7-CR0-OCCT691-occt-64/inc/StepData_ReadWriteModule.hxx
+M StepData:privinclude:StepData_ReadWriteModule.jxx /misc/dn61/LocalWOK/wok_entities/LOC/dev/CR0-OCCT691-7-CR0-OCCT691-occt-64/drv/StepData/StepData_ReadWriteModule.jxx
+M StepData:privinclude:StepData_ReadWriteModule.ixx /misc/dn61/LocalWOK/wok_entities/LOC/dev/CR0-OCCT691-7-CR0-OCCT691-occt-64/drv/StepData/StepData_ReadWriteModule.ixx
+M StepData:pubinclude:StepData_StepWriter.hxx /misc/dn61/LocalWOK/wok_entities/LOC/dev/CR0-OCCT691-7-CR0-OCCT691-occt-64/inc/StepData_StepWriter.hxx
+M StepData:privinclude:StepData_StepWriter.jxx /misc/dn61/LocalWOK/wok_entities/LOC/dev/CR0-OCCT691-7-CR0-OCCT691-occt-64/drv/StepData/StepData_StepWriter.jxx
+M StepData:privinclude:StepData_StepWriter.ixx /misc/dn61/LocalWOK/wok_entities/LOC/dev/CR0-OCCT691-7-CR0-OCCT691-occt-64/drv/StepData/StepData_StepWriter.ixx
+M StepData:pubinclude:StepData_StepDumper.hxx /misc/dn61/LocalWOK/wok_entities/LOC/dev/CR0-OCCT691-7-CR0-OCCT691-occt-64/inc/StepData_StepDumper.hxx
+M StepData:privinclude:StepData_StepDumper.jxx /misc/dn61/LocalWOK/wok_entities/LOC/dev/CR0-OCCT691-7-CR0-OCCT691-occt-64/drv/StepData/StepData_StepDumper.jxx
+M StepData:privinclude:StepData_StepDumper.ixx /misc/dn61/LocalWOK/wok_entities/LOC/dev/CR0-OCCT691-7-CR0-OCCT691-occt-64/drv/StepData/StepData_StepDumper.ixx
+M StepData:pubinclude:StepData_WriterLib.hxx /misc/dn61/LocalWOK/wok_entities/LOC/dev/CR0-OCCT691-7-CR0-OCCT691-occt-64/inc/StepData_WriterLib.hxx
+M StepData:derivated:StepData_WriterLib_0.cxx /misc/dn61/LocalWOK/wok_entities/LOC/dev/CR0-OCCT691-7-CR0-OCCT691-occt-64/drv/StepData/StepData_WriterLib_0.cxx
+M StepData:pubinclude:Handle_StepData_DefaultGeneral.hxx /misc/dn61/LocalWOK/wok_entities/LOC/dev/CR0-OCCT691-7-CR0-OCCT691-occt-64/inc/Handle_StepData_DefaultGeneral.hxx
+M StepData:pubinclude:StepData_DefaultGeneral.hxx /misc/dn61/LocalWOK/wok_entities/LOC/dev/CR0-OCCT691-7-CR0-OCCT691-occt-64/inc/StepData_DefaultGeneral.hxx
+M StepData:privinclude:StepData_DefaultGeneral.jxx /misc/dn61/LocalWOK/wok_entities/LOC/dev/CR0-OCCT691-7-CR0-OCCT691-occt-64/drv/StepData/StepData_DefaultGeneral.jxx
+M StepData:privinclude:StepData_DefaultGeneral.ixx /misc/dn61/LocalWOK/wok_entities/LOC/dev/CR0-OCCT691-7-CR0-OCCT691-occt-64/drv/StepData/StepData_DefaultGeneral.ixx
+M StepData:pubinclude:StepData_Array1OfField.hxx /misc/dn61/LocalWOK/wok_entities/LOC/dev/CR0-OCCT691-7-CR0-OCCT691-occt-64/inc/StepData_Array1OfField.hxx
+M StepData:derivated:StepData_Array1OfField_0.cxx /misc/dn61/LocalWOK/wok_entities/LOC/dev/CR0-OCCT691-7-CR0-OCCT691-occt-64/drv/StepData/StepData_Array1OfField_0.cxx
+M StepData:pubinclude:Handle_StepData_HArray1OfField.hxx /misc/dn61/LocalWOK/wok_entities/LOC/dev/CR0-OCCT691-7-CR0-OCCT691-occt-64/inc/Handle_StepData_HArray1OfField.hxx
+M StepData:pubinclude:StepData_HArray1OfField.hxx /misc/dn61/LocalWOK/wok_entities/LOC/dev/CR0-OCCT691-7-CR0-OCCT691-occt-64/inc/StepData_HArray1OfField.hxx
+M StepData:derivated:StepData_HArray1OfField_0.cxx /misc/dn61/LocalWOK/wok_entities/LOC/dev/CR0-OCCT691-7-CR0-OCCT691-occt-64/drv/StepData/StepData_HArray1OfField_0.cxx
+M StepData:pubinclude:Handle_StepData_GlobalNodeOfWriterLib.hxx /misc/dn61/LocalWOK/wok_entities/LOC/dev/CR0-OCCT691-7-CR0-OCCT691-occt-64/inc/Handle_StepData_GlobalNodeOfWriterLib.hxx
+M StepData:pubinclude:StepData_GlobalNodeOfWriterLib.hxx /misc/dn61/LocalWOK/wok_entities/LOC/dev/CR0-OCCT691-7-CR0-OCCT691-occt-64/inc/StepData_GlobalNodeOfWriterLib.hxx
+M StepData:derivated:StepData_GlobalNodeOfWriterLib_0.cxx /misc/dn61/LocalWOK/wok_entities/LOC/dev/CR0-OCCT691-7-CR0-OCCT691-occt-64/drv/StepData/StepData_GlobalNodeOfWriterLib_0.cxx
+M StepData:pubinclude:Handle_StepData_NodeOfWriterLib.hxx /misc/dn61/LocalWOK/wok_entities/LOC/dev/CR0-OCCT691-7-CR0-OCCT691-occt-64/inc/Handle_StepData_NodeOfWriterLib.hxx
+M StepData:pubinclude:StepData_NodeOfWriterLib.hxx /misc/dn61/LocalWOK/wok_entities/LOC/dev/CR0-OCCT691-7-CR0-OCCT691-occt-64/inc/StepData_NodeOfWriterLib.hxx
+M StepData:derivated:StepData_NodeOfWriterLib_0.cxx /misc/dn61/LocalWOK/wok_entities/LOC/dev/CR0-OCCT691-7-CR0-OCCT691-occt-64/drv/StepData/StepData_NodeOfWriterLib_0.cxx
+M StepData:pubinclude:StepData_Logical.hxx /misc/dn61/LocalWOK/wok_entities/LOC/dev/CR0-OCCT691-7-CR0-OCCT691-occt-64/inc/StepData_Logical.hxx
+M StepData:dbadmfile:StepData_xcpp_header.In /misc/dn61/LocalWOK/wok_entities/LOC/dev/CR0-OCCT691-7-CR0-OCCT691-occt-64/drv/StepData/.adm/StepData_xcpp_header.In
+M StepData:dbadmfile:StepData_xcpp_header.Out /misc/dn61/LocalWOK/wok_entities/LOC/dev/CR0-OCCT691-7-CR0-OCCT691-occt-64/drv/StepData/.adm/StepData_xcpp_header.Out
+M StepData:dbadmfile:StepData_xcpp_header.Dep /misc/dn61/LocalWOK/wok_entities/LOC/dev/CR0-OCCT691-7-CR0-OCCT691-occt-64/drv/StepData/.adm/StepData_xcpp_header.Dep
