+M HLRBRep:pubinclude:HLRBRep.hxx /misc/dn61/LocalWOK/wok_entities/LOC/dev/CR0-OCCT691-7-CR0-OCCT691-occt-64/inc/HLRBRep.hxx
+M HLRBRep:privinclude:HLRBRep.jxx /misc/dn61/LocalWOK/wok_entities/LOC/dev/CR0-OCCT691-7-CR0-OCCT691-occt-64/drv/HLRBRep/HLRBRep.jxx
+M HLRBRep:privinclude:HLRBRep.ixx /misc/dn61/LocalWOK/wok_entities/LOC/dev/CR0-OCCT691-7-CR0-OCCT691-occt-64/drv/HLRBRep/HLRBRep.ixx
+M HLRBRep:pubinclude:HLRBRep_CurveTool.hxx /misc/dn61/LocalWOK/wok_entities/LOC/dev/CR0-OCCT691-7-CR0-OCCT691-occt-64/inc/HLRBRep_CurveTool.hxx
+M HLRBRep:privinclude:HLRBRep_CurveTool.jxx /misc/dn61/LocalWOK/wok_entities/LOC/dev/CR0-OCCT691-7-CR0-OCCT691-occt-64/drv/HLRBRep/HLRBRep_CurveTool.jxx
+M HLRBRep:privinclude:HLRBRep_CurveTool.ixx /misc/dn61/LocalWOK/wok_entities/LOC/dev/CR0-OCCT691-7-CR0-OCCT691-occt-64/drv/HLRBRep/HLRBRep_CurveTool.ixx
+M HLRBRep:pubinclude:HLRBRep_BCurveTool.hxx /misc/dn61/LocalWOK/wok_entities/LOC/dev/CR0-OCCT691-7-CR0-OCCT691-occt-64/inc/HLRBRep_BCurveTool.hxx
+M HLRBRep:privinclude:HLRBRep_BCurveTool.jxx /misc/dn61/LocalWOK/wok_entities/LOC/dev/CR0-OCCT691-7-CR0-OCCT691-occt-64/drv/HLRBRep/HLRBRep_BCurveTool.jxx
+M HLRBRep:privinclude:HLRBRep_BCurveTool.ixx /misc/dn61/LocalWOK/wok_entities/LOC/dev/CR0-OCCT691-7-CR0-OCCT691-occt-64/drv/HLRBRep/HLRBRep_BCurveTool.ixx
+M HLRBRep:pubinclude:HLRBRep_Curve.hxx /misc/dn61/LocalWOK/wok_entities/LOC/dev/CR0-OCCT691-7-CR0-OCCT691-occt-64/inc/HLRBRep_Curve.hxx
+M HLRBRep:privinclude:HLRBRep_Curve.jxx /misc/dn61/LocalWOK/wok_entities/LOC/dev/CR0-OCCT691-7-CR0-OCCT691-occt-64/drv/HLRBRep/HLRBRep_Curve.jxx
+M HLRBRep:privinclude:HLRBRep_Curve.ixx /misc/dn61/LocalWOK/wok_entities/LOC/dev/CR0-OCCT691-7-CR0-OCCT691-occt-64/drv/HLRBRep/HLRBRep_Curve.ixx
+M HLRBRep:pubinclude:HLRBRep_SurfaceTool.hxx /misc/dn61/LocalWOK/wok_entities/LOC/dev/CR0-OCCT691-7-CR0-OCCT691-occt-64/inc/HLRBRep_SurfaceTool.hxx
+M HLRBRep:privinclude:HLRBRep_SurfaceTool.jxx /misc/dn61/LocalWOK/wok_entities/LOC/dev/CR0-OCCT691-7-CR0-OCCT691-occt-64/drv/HLRBRep/HLRBRep_SurfaceTool.jxx
+M HLRBRep:privinclude:HLRBRep_SurfaceTool.ixx /misc/dn61/LocalWOK/wok_entities/LOC/dev/CR0-OCCT691-7-CR0-OCCT691-occt-64/drv/HLRBRep/HLRBRep_SurfaceTool.ixx
+M HLRBRep:pubinclude:HLRBRep_BSurfaceTool.hxx /misc/dn61/LocalWOK/wok_entities/LOC/dev/CR0-OCCT691-7-CR0-OCCT691-occt-64/inc/HLRBRep_BSurfaceTool.hxx
+M HLRBRep:privinclude:HLRBRep_BSurfaceTool.jxx /misc/dn61/LocalWOK/wok_entities/LOC/dev/CR0-OCCT691-7-CR0-OCCT691-occt-64/drv/HLRBRep/HLRBRep_BSurfaceTool.jxx
+M HLRBRep:privinclude:HLRBRep_BSurfaceTool.ixx /misc/dn61/LocalWOK/wok_entities/LOC/dev/CR0-OCCT691-7-CR0-OCCT691-occt-64/drv/HLRBRep/HLRBRep_BSurfaceTool.ixx
+M HLRBRep:pubinclude:HLRBRep_Surface.hxx /misc/dn61/LocalWOK/wok_entities/LOC/dev/CR0-OCCT691-7-CR0-OCCT691-occt-64/inc/HLRBRep_Surface.hxx
+M HLRBRep:privinclude:HLRBRep_Surface.jxx /misc/dn61/LocalWOK/wok_entities/LOC/dev/CR0-OCCT691-7-CR0-OCCT691-occt-64/drv/HLRBRep/HLRBRep_Surface.jxx
+M HLRBRep:privinclude:HLRBRep_Surface.ixx /misc/dn61/LocalWOK/wok_entities/LOC/dev/CR0-OCCT691-7-CR0-OCCT691-occt-64/drv/HLRBRep/HLRBRep_Surface.ixx
+M HLRBRep:pubinclude:HLRBRep_CLPropsATool.hxx /misc/dn61/LocalWOK/wok_entities/LOC/dev/CR0-OCCT691-7-CR0-OCCT691-occt-64/inc/HLRBRep_CLPropsATool.hxx
+M HLRBRep:privinclude:HLRBRep_CLPropsATool.jxx /misc/dn61/LocalWOK/wok_entities/LOC/dev/CR0-OCCT691-7-CR0-OCCT691-occt-64/drv/HLRBRep/HLRBRep_CLPropsATool.jxx
+M HLRBRep:privinclude:HLRBRep_CLPropsATool.ixx /misc/dn61/LocalWOK/wok_entities/LOC/dev/CR0-OCCT691-7-CR0-OCCT691-occt-64/drv/HLRBRep/HLRBRep_CLPropsATool.ixx
+M HLRBRep:pubinclude:HLRBRep_CLProps.hxx /misc/dn61/LocalWOK/wok_entities/LOC/dev/CR0-OCCT691-7-CR0-OCCT691-occt-64/inc/HLRBRep_CLProps.hxx
+M HLRBRep:derivated:HLRBRep_CLProps_0.cxx /misc/dn61/LocalWOK/wok_entities/LOC/dev/CR0-OCCT691-7-CR0-OCCT691-occt-64/drv/HLRBRep/HLRBRep_CLProps_0.cxx
+M HLRBRep:pubinclude:HLRBRep_SLPropsATool.hxx /misc/dn61/LocalWOK/wok_entities/LOC/dev/CR0-OCCT691-7-CR0-OCCT691-occt-64/inc/HLRBRep_SLPropsATool.hxx
+M HLRBRep:privinclude:HLRBRep_SLPropsATool.jxx /misc/dn61/LocalWOK/wok_entities/LOC/dev/CR0-OCCT691-7-CR0-OCCT691-occt-64/drv/HLRBRep/HLRBRep_SLPropsATool.jxx
+M HLRBRep:privinclude:HLRBRep_SLPropsATool.ixx /misc/dn61/LocalWOK/wok_entities/LOC/dev/CR0-OCCT691-7-CR0-OCCT691-occt-64/drv/HLRBRep/HLRBRep_SLPropsATool.ixx
+M HLRBRep:pubinclude:HLRBRep_SLProps.hxx /misc/dn61/LocalWOK/wok_entities/LOC/dev/CR0-OCCT691-7-CR0-OCCT691-occt-64/inc/HLRBRep_SLProps.hxx
+M HLRBRep:derivated:HLRBRep_SLProps_0.cxx /misc/dn61/LocalWOK/wok_entities/LOC/dev/CR0-OCCT691-7-CR0-OCCT691-occt-64/drv/HLRBRep/HLRBRep_SLProps_0.cxx
+M HLRBRep:pubinclude:HLRBRep_CInter.hxx /misc/dn61/LocalWOK/wok_entities/LOC/dev/CR0-OCCT691-7-CR0-OCCT691-occt-64/inc/HLRBRep_CInter.hxx
+M HLRBRep:derivated:HLRBRep_CInter_0.cxx /misc/dn61/LocalWOK/wok_entities/LOC/dev/CR0-OCCT691-7-CR0-OCCT691-occt-64/drv/HLRBRep/HLRBRep_CInter_0.cxx
+M HLRBRep:pubinclude:HLRBRep_LineTool.hxx /misc/dn61/LocalWOK/wok_entities/LOC/dev/CR0-OCCT691-7-CR0-OCCT691-occt-64/inc/HLRBRep_LineTool.hxx
+M HLRBRep:privinclude:HLRBRep_LineTool.jxx /misc/dn61/LocalWOK/wok_entities/LOC/dev/CR0-OCCT691-7-CR0-OCCT691-occt-64/drv/HLRBRep/HLRBRep_LineTool.jxx
+M HLRBRep:privinclude:HLRBRep_LineTool.ixx /misc/dn61/LocalWOK/wok_entities/LOC/dev/CR0-OCCT691-7-CR0-OCCT691-occt-64/drv/HLRBRep/HLRBRep_LineTool.ixx
+M HLRBRep:pubinclude:HLRBRep_InterCSurf.hxx /misc/dn61/LocalWOK/wok_entities/LOC/dev/CR0-OCCT691-7-CR0-OCCT691-occt-64/inc/HLRBRep_InterCSurf.hxx
+M HLRBRep:derivated:HLRBRep_InterCSurf_0.cxx /misc/dn61/LocalWOK/wok_entities/LOC/dev/CR0-OCCT691-7-CR0-OCCT691-occt-64/drv/HLRBRep/HLRBRep_InterCSurf_0.cxx
+M HLRBRep:pubinclude:HLRBRep_EdgeFaceTool.hxx /misc/dn61/LocalWOK/wok_entities/LOC/dev/CR0-OCCT691-7-CR0-OCCT691-occt-64/inc/HLRBRep_EdgeFaceTool.hxx
+M HLRBRep:privinclude:HLRBRep_EdgeFaceTool.jxx /misc/dn61/LocalWOK/wok_entities/LOC/dev/CR0-OCCT691-7-CR0-OCCT691-occt-64/drv/HLRBRep/HLRBRep_EdgeFaceTool.jxx
+M HLRBRep:privinclude:HLRBRep_EdgeFaceTool.ixx /misc/dn61/LocalWOK/wok_entities/LOC/dev/CR0-OCCT691-7-CR0-OCCT691-occt-64/drv/HLRBRep/HLRBRep_EdgeFaceTool.ixx
+M HLRBRep:pubinclude:HLRBRep_Intersector.hxx /misc/dn61/LocalWOK/wok_entities/LOC/dev/CR0-OCCT691-7-CR0-OCCT691-occt-64/inc/HLRBRep_Intersector.hxx
+M HLRBRep:privinclude:HLRBRep_Intersector.jxx /misc/dn61/LocalWOK/wok_entities/LOC/dev/CR0-OCCT691-7-CR0-OCCT691-occt-64/drv/HLRBRep/HLRBRep_Intersector.jxx
+M HLRBRep:privinclude:HLRBRep_Intersector.ixx /misc/dn61/LocalWOK/wok_entities/LOC/dev/CR0-OCCT691-7-CR0-OCCT691-occt-64/drv/HLRBRep/HLRBRep_Intersector.ixx
+M HLRBRep:pubinclude:HLRBRep_EdgeData.hxx /misc/dn61/LocalWOK/wok_entities/LOC/dev/CR0-OCCT691-7-CR0-OCCT691-occt-64/inc/HLRBRep_EdgeData.hxx
+M HLRBRep:privinclude:HLRBRep_EdgeData.jxx /misc/dn61/LocalWOK/wok_entities/LOC/dev/CR0-OCCT691-7-CR0-OCCT691-occt-64/drv/HLRBRep/HLRBRep_EdgeData.jxx
+M HLRBRep:privinclude:HLRBRep_EdgeData.ixx /misc/dn61/LocalWOK/wok_entities/LOC/dev/CR0-OCCT691-7-CR0-OCCT691-occt-64/drv/HLRBRep/HLRBRep_EdgeData.ixx
+M HLRBRep:pubinclude:HLRBRep_FaceData.hxx /misc/dn61/LocalWOK/wok_entities/LOC/dev/CR0-OCCT691-7-CR0-OCCT691-occt-64/inc/HLRBRep_FaceData.hxx
+M HLRBRep:privinclude:HLRBRep_FaceData.jxx /misc/dn61/LocalWOK/wok_entities/LOC/dev/CR0-OCCT691-7-CR0-OCCT691-occt-64/drv/HLRBRep/HLRBRep_FaceData.jxx
+M HLRBRep:privinclude:HLRBRep_FaceData.ixx /misc/dn61/LocalWOK/wok_entities/LOC/dev/CR0-OCCT691-7-CR0-OCCT691-occt-64/drv/HLRBRep/HLRBRep_FaceData.ixx
+M HLRBRep:pubinclude:HLRBRep_FaceIterator.hxx /misc/dn61/LocalWOK/wok_entities/LOC/dev/CR0-OCCT691-7-CR0-OCCT691-occt-64/inc/HLRBRep_FaceIterator.hxx
+M HLRBRep:privinclude:HLRBRep_FaceIterator.jxx /misc/dn61/LocalWOK/wok_entities/LOC/dev/CR0-OCCT691-7-CR0-OCCT691-occt-64/drv/HLRBRep/HLRBRep_FaceIterator.jxx
+M HLRBRep:privinclude:HLRBRep_FaceIterator.ixx /misc/dn61/LocalWOK/wok_entities/LOC/dev/CR0-OCCT691-7-CR0-OCCT691-occt-64/drv/HLRBRep/HLRBRep_FaceIterator.ixx
+M HLRBRep:pubinclude:HLRBRep_Array1OfEData.hxx /misc/dn61/LocalWOK/wok_entities/LOC/dev/CR0-OCCT691-7-CR0-OCCT691-occt-64/inc/HLRBRep_Array1OfEData.hxx
+M HLRBRep:derivated:HLRBRep_Array1OfEData_0.cxx /misc/dn61/LocalWOK/wok_entities/LOC/dev/CR0-OCCT691-7-CR0-OCCT691-occt-64/drv/HLRBRep/HLRBRep_Array1OfEData_0.cxx
+M HLRBRep:pubinclude:HLRBRep_Array1OfFData.hxx /misc/dn61/LocalWOK/wok_entities/LOC/dev/CR0-OCCT691-7-CR0-OCCT691-occt-64/inc/HLRBRep_Array1OfFData.hxx
+M HLRBRep:derivated:HLRBRep_Array1OfFData_0.cxx /misc/dn61/LocalWOK/wok_entities/LOC/dev/CR0-OCCT691-7-CR0-OCCT691-occt-64/drv/HLRBRep/HLRBRep_Array1OfFData_0.cxx
+M HLRBRep:pubinclude:Handle_HLRBRep_Data.hxx /misc/dn61/LocalWOK/wok_entities/LOC/dev/CR0-OCCT691-7-CR0-OCCT691-occt-64/inc/Handle_HLRBRep_Data.hxx
+M HLRBRep:pubinclude:HLRBRep_Data.hxx /misc/dn61/LocalWOK/wok_entities/LOC/dev/CR0-OCCT691-7-CR0-OCCT691-occt-64/inc/HLRBRep_Data.hxx
+M HLRBRep:privinclude:HLRBRep_Data.jxx /misc/dn61/LocalWOK/wok_entities/LOC/dev/CR0-OCCT691-7-CR0-OCCT691-occt-64/drv/HLRBRep/HLRBRep_Data.jxx
+M HLRBRep:privinclude:HLRBRep_Data.ixx /misc/dn61/LocalWOK/wok_entities/LOC/dev/CR0-OCCT691-7-CR0-OCCT691-occt-64/drv/HLRBRep/HLRBRep_Data.ixx
+M HLRBRep:pubinclude:HLRBRep_ShapeToHLR.hxx /misc/dn61/LocalWOK/wok_entities/LOC/dev/CR0-OCCT691-7-CR0-OCCT691-occt-64/inc/HLRBRep_ShapeToHLR.hxx
+M HLRBRep:privinclude:HLRBRep_ShapeToHLR.jxx /misc/dn61/LocalWOK/wok_entities/LOC/dev/CR0-OCCT691-7-CR0-OCCT691-occt-64/drv/HLRBRep/HLRBRep_ShapeToHLR.jxx
+M HLRBRep:privinclude:HLRBRep_ShapeToHLR.ixx /misc/dn61/LocalWOK/wok_entities/LOC/dev/CR0-OCCT691-7-CR0-OCCT691-occt-64/drv/HLRBRep/HLRBRep_ShapeToHLR.ixx
+M HLRBRep:pubinclude:HLRBRep_HLRToShape.hxx /misc/dn61/LocalWOK/wok_entities/LOC/dev/CR0-OCCT691-7-CR0-OCCT691-occt-64/inc/HLRBRep_HLRToShape.hxx
+M HLRBRep:privinclude:HLRBRep_HLRToShape.jxx /misc/dn61/LocalWOK/wok_entities/LOC/dev/CR0-OCCT691-7-CR0-OCCT691-occt-64/drv/HLRBRep/HLRBRep_HLRToShape.jxx
+M HLRBRep:privinclude:HLRBRep_HLRToShape.ixx /misc/dn61/LocalWOK/wok_entities/LOC/dev/CR0-OCCT691-7-CR0-OCCT691-occt-64/drv/HLRBRep/HLRBRep_HLRToShape.ixx
+M HLRBRep:pubinclude:HLRBRep_ShapeBounds.hxx /misc/dn61/LocalWOK/wok_entities/LOC/dev/CR0-OCCT691-7-CR0-OCCT691-occt-64/inc/HLRBRep_ShapeBounds.hxx
+M HLRBRep:privinclude:HLRBRep_ShapeBounds.jxx /misc/dn61/LocalWOK/wok_entities/LOC/dev/CR0-OCCT691-7-CR0-OCCT691-occt-64/drv/HLRBRep/HLRBRep_ShapeBounds.jxx
+M HLRBRep:privinclude:HLRBRep_ShapeBounds.ixx /misc/dn61/LocalWOK/wok_entities/LOC/dev/CR0-OCCT691-7-CR0-OCCT691-occt-64/drv/HLRBRep/HLRBRep_ShapeBounds.ixx
+M HLRBRep:pubinclude:HLRBRep_SeqOfShapeBounds.hxx /misc/dn61/LocalWOK/wok_entities/LOC/dev/CR0-OCCT691-7-CR0-OCCT691-occt-64/inc/HLRBRep_SeqOfShapeBounds.hxx
+M HLRBRep:derivated:HLRBRep_SeqOfShapeBounds_0.cxx /misc/dn61/LocalWOK/wok_entities/LOC/dev/CR0-OCCT691-7-CR0-OCCT691-occt-64/drv/HLRBRep/HLRBRep_SeqOfShapeBounds_0.cxx
+M HLRBRep:pubinclude:HLRBRep_EdgeInterferenceTool.hxx /misc/dn61/LocalWOK/wok_entities/LOC/dev/CR0-OCCT691-7-CR0-OCCT691-occt-64/inc/HLRBRep_EdgeInterferenceTool.hxx
+M HLRBRep:privinclude:HLRBRep_EdgeInterferenceTool.jxx /misc/dn61/LocalWOK/wok_entities/LOC/dev/CR0-OCCT691-7-CR0-OCCT691-occt-64/drv/HLRBRep/HLRBRep_EdgeInterferenceTool.jxx
+M HLRBRep:privinclude:HLRBRep_EdgeInterferenceTool.ixx /misc/dn61/LocalWOK/wok_entities/LOC/dev/CR0-OCCT691-7-CR0-OCCT691-occt-64/drv/HLRBRep/HLRBRep_EdgeInterferenceTool.ixx
+M HLRBRep:pubinclude:HLRBRep_VertexList.hxx /misc/dn61/LocalWOK/wok_entities/LOC/dev/CR0-OCCT691-7-CR0-OCCT691-occt-64/inc/HLRBRep_VertexList.hxx
+M HLRBRep:privinclude:HLRBRep_VertexList.jxx /misc/dn61/LocalWOK/wok_entities/LOC/dev/CR0-OCCT691-7-CR0-OCCT691-occt-64/drv/HLRBRep/HLRBRep_VertexList.jxx
+M HLRBRep:privinclude:HLRBRep_VertexList.ixx /misc/dn61/LocalWOK/wok_entities/LOC/dev/CR0-OCCT691-7-CR0-OCCT691-occt-64/drv/HLRBRep/HLRBRep_VertexList.ixx
+M HLRBRep:pubinclude:HLRBRep_EdgeIList.hxx /misc/dn61/LocalWOK/wok_entities/LOC/dev/CR0-OCCT691-7-CR0-OCCT691-occt-64/inc/HLRBRep_EdgeIList.hxx
+M HLRBRep:privinclude:HLRBRep_EdgeIList.jxx /misc/dn61/LocalWOK/wok_entities/LOC/dev/CR0-OCCT691-7-CR0-OCCT691-occt-64/drv/HLRBRep/HLRBRep_EdgeIList.jxx
+M HLRBRep:privinclude:HLRBRep_EdgeIList.ixx /misc/dn61/LocalWOK/wok_entities/LOC/dev/CR0-OCCT691-7-CR0-OCCT691-occt-64/drv/HLRBRep/HLRBRep_EdgeIList.ixx
+M HLRBRep:pubinclude:Handle_HLRBRep_AreaLimit.hxx /misc/dn61/LocalWOK/wok_entities/LOC/dev/CR0-OCCT691-7-CR0-OCCT691-occt-64/inc/Handle_HLRBRep_AreaLimit.hxx
+M HLRBRep:pubinclude:HLRBRep_AreaLimit.hxx /misc/dn61/LocalWOK/wok_entities/LOC/dev/CR0-OCCT691-7-CR0-OCCT691-occt-64/inc/HLRBRep_AreaLimit.hxx
+M HLRBRep:privinclude:HLRBRep_AreaLimit.jxx /misc/dn61/LocalWOK/wok_entities/LOC/dev/CR0-OCCT691-7-CR0-OCCT691-occt-64/drv/HLRBRep/HLRBRep_AreaLimit.jxx
+M HLRBRep:privinclude:HLRBRep_AreaLimit.ixx /misc/dn61/LocalWOK/wok_entities/LOC/dev/CR0-OCCT691-7-CR0-OCCT691-occt-64/drv/HLRBRep/HLRBRep_AreaLimit.ixx
+M HLRBRep:pubinclude:HLRBRep_EdgeBuilder.hxx /misc/dn61/LocalWOK/wok_entities/LOC/dev/CR0-OCCT691-7-CR0-OCCT691-occt-64/inc/HLRBRep_EdgeBuilder.hxx
+M HLRBRep:privinclude:HLRBRep_EdgeBuilder.jxx /misc/dn61/LocalWOK/wok_entities/LOC/dev/CR0-OCCT691-7-CR0-OCCT691-occt-64/drv/HLRBRep/HLRBRep_EdgeBuilder.jxx
+M HLRBRep:privinclude:HLRBRep_EdgeBuilder.ixx /misc/dn61/LocalWOK/wok_entities/LOC/dev/CR0-OCCT691-7-CR0-OCCT691-occt-64/drv/HLRBRep/HLRBRep_EdgeBuilder.ixx
+M HLRBRep:pubinclude:HLRBRep_Hider.hxx /misc/dn61/LocalWOK/wok_entities/LOC/dev/CR0-OCCT691-7-CR0-OCCT691-occt-64/inc/HLRBRep_Hider.hxx
+M HLRBRep:privinclude:HLRBRep_Hider.jxx /misc/dn61/LocalWOK/wok_entities/LOC/dev/CR0-OCCT691-7-CR0-OCCT691-occt-64/drv/HLRBRep/HLRBRep_Hider.jxx
+M HLRBRep:privinclude:HLRBRep_Hider.ixx /misc/dn61/LocalWOK/wok_entities/LOC/dev/CR0-OCCT691-7-CR0-OCCT691-occt-64/drv/HLRBRep/HLRBRep_Hider.ixx
+M HLRBRep:pubinclude:Handle_HLRBRep_InternalAlgo.hxx /misc/dn61/LocalWOK/wok_entities/LOC/dev/CR0-OCCT691-7-CR0-OCCT691-occt-64/inc/Handle_HLRBRep_InternalAlgo.hxx
+M HLRBRep:pubinclude:HLRBRep_InternalAlgo.hxx /misc/dn61/LocalWOK/wok_entities/LOC/dev/CR0-OCCT691-7-CR0-OCCT691-occt-64/inc/HLRBRep_InternalAlgo.hxx
+M HLRBRep:privinclude:HLRBRep_InternalAlgo.jxx /misc/dn61/LocalWOK/wok_entities/LOC/dev/CR0-OCCT691-7-CR0-OCCT691-occt-64/drv/HLRBRep/HLRBRep_InternalAlgo.jxx
+M HLRBRep:privinclude:HLRBRep_InternalAlgo.ixx /misc/dn61/LocalWOK/wok_entities/LOC/dev/CR0-OCCT691-7-CR0-OCCT691-occt-64/drv/HLRBRep/HLRBRep_InternalAlgo.ixx
+M HLRBRep:pubinclude:Handle_HLRBRep_Algo.hxx /misc/dn61/LocalWOK/wok_entities/LOC/dev/CR0-OCCT691-7-CR0-OCCT691-occt-64/inc/Handle_HLRBRep_Algo.hxx
+M HLRBRep:pubinclude:HLRBRep_Algo.hxx /misc/dn61/LocalWOK/wok_entities/LOC/dev/CR0-OCCT691-7-CR0-OCCT691-occt-64/inc/HLRBRep_Algo.hxx
+M HLRBRep:privinclude:HLRBRep_Algo.jxx /misc/dn61/LocalWOK/wok_entities/LOC/dev/CR0-OCCT691-7-CR0-OCCT691-occt-64/drv/HLRBRep/HLRBRep_Algo.jxx
+M HLRBRep:privinclude:HLRBRep_Algo.ixx /misc/dn61/LocalWOK/wok_entities/LOC/dev/CR0-OCCT691-7-CR0-OCCT691-occt-64/drv/HLRBRep/HLRBRep_Algo.ixx
+M HLRBRep:pubinclude:Handle_HLRBRep_PolyAlgo.hxx /misc/dn61/LocalWOK/wok_entities/LOC/dev/CR0-OCCT691-7-CR0-OCCT691-occt-64/inc/Handle_HLRBRep_PolyAlgo.hxx
+M HLRBRep:pubinclude:HLRBRep_PolyAlgo.hxx /misc/dn61/LocalWOK/wok_entities/LOC/dev/CR0-OCCT691-7-CR0-OCCT691-occt-64/inc/HLRBRep_PolyAlgo.hxx
+M HLRBRep:privinclude:HLRBRep_PolyAlgo.jxx /misc/dn61/LocalWOK/wok_entities/LOC/dev/CR0-OCCT691-7-CR0-OCCT691-occt-64/drv/HLRBRep/HLRBRep_PolyAlgo.jxx
+M HLRBRep:privinclude:HLRBRep_PolyAlgo.ixx /misc/dn61/LocalWOK/wok_entities/LOC/dev/CR0-OCCT691-7-CR0-OCCT691-occt-64/drv/HLRBRep/HLRBRep_PolyAlgo.ixx
+M HLRBRep:pubinclude:HLRBRep_BiPoint.hxx /misc/dn61/LocalWOK/wok_entities/LOC/dev/CR0-OCCT691-7-CR0-OCCT691-occt-64/inc/HLRBRep_BiPoint.hxx
+M HLRBRep:privinclude:HLRBRep_BiPoint.jxx /misc/dn61/LocalWOK/wok_entities/LOC/dev/CR0-OCCT691-7-CR0-OCCT691-occt-64/drv/HLRBRep/HLRBRep_BiPoint.jxx
+M HLRBRep:privinclude:HLRBRep_BiPoint.ixx /misc/dn61/LocalWOK/wok_entities/LOC/dev/CR0-OCCT691-7-CR0-OCCT691-occt-64/drv/HLRBRep/HLRBRep_BiPoint.ixx
+M HLRBRep:pubinclude:HLRBRep_BiPnt2D.hxx /misc/dn61/LocalWOK/wok_entities/LOC/dev/CR0-OCCT691-7-CR0-OCCT691-occt-64/inc/HLRBRep_BiPnt2D.hxx
+M HLRBRep:privinclude:HLRBRep_BiPnt2D.jxx /misc/dn61/LocalWOK/wok_entities/LOC/dev/CR0-OCCT691-7-CR0-OCCT691-occt-64/drv/HLRBRep/HLRBRep_BiPnt2D.jxx
+M HLRBRep:privinclude:HLRBRep_BiPnt2D.ixx /misc/dn61/LocalWOK/wok_entities/LOC/dev/CR0-OCCT691-7-CR0-OCCT691-occt-64/drv/HLRBRep/HLRBRep_BiPnt2D.ixx
+M HLRBRep:pubinclude:HLRBRep_ListOfBPoint.hxx /misc/dn61/LocalWOK/wok_entities/LOC/dev/CR0-OCCT691-7-CR0-OCCT691-occt-64/inc/HLRBRep_ListOfBPoint.hxx
+M HLRBRep:derivated:HLRBRep_ListOfBPoint_0.cxx /misc/dn61/LocalWOK/wok_entities/LOC/dev/CR0-OCCT691-7-CR0-OCCT691-occt-64/drv/HLRBRep/HLRBRep_ListOfBPoint_0.cxx
+M HLRBRep:pubinclude:HLRBRep_ListOfBPnt2D.hxx /misc/dn61/LocalWOK/wok_entities/LOC/dev/CR0-OCCT691-7-CR0-OCCT691-occt-64/inc/HLRBRep_ListOfBPnt2D.hxx
+M HLRBRep:derivated:HLRBRep_ListOfBPnt2D_0.cxx /misc/dn61/LocalWOK/wok_entities/LOC/dev/CR0-OCCT691-7-CR0-OCCT691-occt-64/drv/HLRBRep/HLRBRep_ListOfBPnt2D_0.cxx
+M HLRBRep:pubinclude:HLRBRep_PolyHLRToShape.hxx /misc/dn61/LocalWOK/wok_entities/LOC/dev/CR0-OCCT691-7-CR0-OCCT691-occt-64/inc/HLRBRep_PolyHLRToShape.hxx
+M HLRBRep:privinclude:HLRBRep_PolyHLRToShape.jxx /misc/dn61/LocalWOK/wok_entities/LOC/dev/CR0-OCCT691-7-CR0-OCCT691-occt-64/drv/HLRBRep/HLRBRep_PolyHLRToShape.jxx
+M HLRBRep:privinclude:HLRBRep_PolyHLRToShape.ixx /misc/dn61/LocalWOK/wok_entities/LOC/dev/CR0-OCCT691-7-CR0-OCCT691-occt-64/drv/HLRBRep/HLRBRep_PolyHLRToShape.ixx
+M HLRBRep:pubinclude:HLRBRep_TheCurveLocatorOfTheProjPCurOfCInter.hxx /misc/dn61/LocalWOK/wok_entities/LOC/dev/CR0-OCCT691-7-CR0-OCCT691-occt-64/inc/HLRBRep_TheCurveLocatorOfTheProjPCurOfCInter.hxx
+M HLRBRep:derivated:HLRBRep_TheCurveLocatorOfTheProjPCurOfCInter_0.cxx /misc/dn61/LocalWOK/wok_entities/LOC/dev/CR0-OCCT691-7-CR0-OCCT691-occt-64/drv/HLRBRep/HLRBRep_TheCurveLocatorOfTheProjPCurOfCInter_0.cxx
+M HLRBRep:pubinclude:Handle_HLRBRep_SequenceNodeOfSeqPCOfPCLocFOfTheLocateExtPCOfTheProjPCurOfCInter.hxx /misc/dn61/LocalWOK/wok_entities/LOC/dev/CR0-OCCT691-7-CR0-OCCT691-occt-64/inc/Handle_HLRBRep_SequenceNodeOfSeqPCOfPCLocFOfTheLocateExtPCOfTheProjPCurOfCInter.hxx
+M HLRBRep:pubinclude:HLRBRep_SequenceNodeOfSeqPCOfPCLocFOfTheLocateExtPCOfTheProjPCurOfCInter.hxx /misc/dn61/LocalWOK/wok_entities/LOC/dev/CR0-OCCT691-7-CR0-OCCT691-occt-64/inc/HLRBRep_SequenceNodeOfSeqPCOfPCLocFOfTheLocateExtPCOfTheProjPCurOfCInter.hxx
+M HLRBRep:derivated:HLRBRep_SequenceNodeOfSeqPCOfPCLocFOfTheLocateExtPCOfTheProjPCurOfCInter_0.cxx /misc/dn61/LocalWOK/wok_entities/LOC/dev/CR0-OCCT691-7-CR0-OCCT691-occt-64/drv/HLRBRep/HLRBRep_SequenceNodeOfSeqPCOfPCLocFOfTheLocateExtPCOfTheProjPCurOfCInter_0.cxx
+M HLRBRep:pubinclude:HLRBRep_SeqPCOfPCLocFOfTheLocateExtPCOfTheProjPCurOfCInter.hxx /misc/dn61/LocalWOK/wok_entities/LOC/dev/CR0-OCCT691-7-CR0-OCCT691-occt-64/inc/HLRBRep_SeqPCOfPCLocFOfTheLocateExtPCOfTheProjPCurOfCInter.hxx
+M HLRBRep:derivated:HLRBRep_SeqPCOfPCLocFOfTheLocateExtPCOfTheProjPCurOfCInter_0.cxx /misc/dn61/LocalWOK/wok_entities/LOC/dev/CR0-OCCT691-7-CR0-OCCT691-occt-64/drv/HLRBRep/HLRBRep_SeqPCOfPCLocFOfTheLocateExtPCOfTheProjPCurOfCInter_0.cxx
+M HLRBRep:pubinclude:HLRBRep_PCLocFOfTheLocateExtPCOfTheProjPCurOfCInter.hxx /misc/dn61/LocalWOK/wok_entities/LOC/dev/CR0-OCCT691-7-CR0-OCCT691-occt-64/inc/HLRBRep_PCLocFOfTheLocateExtPCOfTheProjPCurOfCInter.hxx
+M HLRBRep:derivated:HLRBRep_PCLocFOfTheLocateExtPCOfTheProjPCurOfCInter_0.cxx /misc/dn61/LocalWOK/wok_entities/LOC/dev/CR0-OCCT691-7-CR0-OCCT691-occt-64/drv/HLRBRep/HLRBRep_PCLocFOfTheLocateExtPCOfTheProjPCurOfCInter_0.cxx
+M HLRBRep:pubinclude:HLRBRep_TheLocateExtPCOfTheProjPCurOfCInter.hxx /misc/dn61/LocalWOK/wok_entities/LOC/dev/CR0-OCCT691-7-CR0-OCCT691-occt-64/inc/HLRBRep_TheLocateExtPCOfTheProjPCurOfCInter.hxx
+M HLRBRep:derivated:HLRBRep_TheLocateExtPCOfTheProjPCurOfCInter_0.cxx /misc/dn61/LocalWOK/wok_entities/LOC/dev/CR0-OCCT691-7-CR0-OCCT691-occt-64/drv/HLRBRep/HLRBRep_TheLocateExtPCOfTheProjPCurOfCInter_0.cxx
+M HLRBRep:pubinclude:HLRBRep_TheProjPCurOfCInter.hxx /misc/dn61/LocalWOK/wok_entities/LOC/dev/CR0-OCCT691-7-CR0-OCCT691-occt-64/inc/HLRBRep_TheProjPCurOfCInter.hxx
+M HLRBRep:derivated:HLRBRep_TheProjPCurOfCInter_0.cxx /misc/dn61/LocalWOK/wok_entities/LOC/dev/CR0-OCCT691-7-CR0-OCCT691-occt-64/drv/HLRBRep/HLRBRep_TheProjPCurOfCInter_0.cxx
+M HLRBRep:pubinclude:HLRBRep_MyImpParToolOfTheIntersectorOfTheIntConicCurveOfCInter.hxx /misc/dn61/LocalWOK/wok_entities/LOC/dev/CR0-OCCT691-7-CR0-OCCT691-occt-64/inc/HLRBRep_MyImpParToolOfTheIntersectorOfTheIntConicCurveOfCInter.hxx
+M HLRBRep:derivated:HLRBRep_MyImpParToolOfTheIntersectorOfTheIntConicCurveOfCInter_0.cxx /misc/dn61/LocalWOK/wok_entities/LOC/dev/CR0-OCCT691-7-CR0-OCCT691-occt-64/drv/HLRBRep/HLRBRep_MyImpParToolOfTheIntersectorOfTheIntConicCurveOfCInter_0.cxx
+M HLRBRep:pubinclude:HLRBRep_TheIntersectorOfTheIntConicCurveOfCInter.hxx /misc/dn61/LocalWOK/wok_entities/LOC/dev/CR0-OCCT691-7-CR0-OCCT691-occt-64/inc/HLRBRep_TheIntersectorOfTheIntConicCurveOfCInter.hxx
+M HLRBRep:derivated:HLRBRep_TheIntersectorOfTheIntConicCurveOfCInter_0.cxx /misc/dn61/LocalWOK/wok_entities/LOC/dev/CR0-OCCT691-7-CR0-OCCT691-occt-64/drv/HLRBRep/HLRBRep_TheIntersectorOfTheIntConicCurveOfCInter_0.cxx
+M HLRBRep:pubinclude:HLRBRep_TheIntConicCurveOfCInter.hxx /misc/dn61/LocalWOK/wok_entities/LOC/dev/CR0-OCCT691-7-CR0-OCCT691-occt-64/inc/HLRBRep_TheIntConicCurveOfCInter.hxx
+M HLRBRep:derivated:HLRBRep_TheIntConicCurveOfCInter_0.cxx /misc/dn61/LocalWOK/wok_entities/LOC/dev/CR0-OCCT691-7-CR0-OCCT691-occt-64/drv/HLRBRep/HLRBRep_TheIntConicCurveOfCInter_0.cxx
+M HLRBRep:pubinclude:HLRBRep_IntConicCurveOfCInter.hxx /misc/dn61/LocalWOK/wok_entities/LOC/dev/CR0-OCCT691-7-CR0-OCCT691-occt-64/inc/HLRBRep_IntConicCurveOfCInter.hxx
+M HLRBRep:derivated:HLRBRep_IntConicCurveOfCInter_0.cxx /misc/dn61/LocalWOK/wok_entities/LOC/dev/CR0-OCCT691-7-CR0-OCCT691-occt-64/drv/HLRBRep/HLRBRep_IntConicCurveOfCInter_0.cxx
+M HLRBRep:pubinclude:HLRBRep_ThePolygon2dOfTheIntPCurvePCurveOfCInter.hxx /misc/dn61/LocalWOK/wok_entities/LOC/dev/CR0-OCCT691-7-CR0-OCCT691-occt-64/inc/HLRBRep_ThePolygon2dOfTheIntPCurvePCurveOfCInter.hxx
+M HLRBRep:derivated:HLRBRep_ThePolygon2dOfTheIntPCurvePCurveOfCInter_0.cxx /misc/dn61/LocalWOK/wok_entities/LOC/dev/CR0-OCCT691-7-CR0-OCCT691-occt-64/drv/HLRBRep/HLRBRep_ThePolygon2dOfTheIntPCurvePCurveOfCInter_0.cxx
+M HLRBRep:pubinclude:HLRBRep_TheDistBetweenPCurvesOfTheIntPCurvePCurveOfCInter.hxx /misc/dn61/LocalWOK/wok_entities/LOC/dev/CR0-OCCT691-7-CR0-OCCT691-occt-64/inc/HLRBRep_TheDistBetweenPCurvesOfTheIntPCurvePCurveOfCInter.hxx
+M HLRBRep:derivated:HLRBRep_TheDistBetweenPCurvesOfTheIntPCurvePCurveOfCInter_0.cxx /misc/dn61/LocalWOK/wok_entities/LOC/dev/CR0-OCCT691-7-CR0-OCCT691-occt-64/drv/HLRBRep/HLRBRep_TheDistBetweenPCurvesOfTheIntPCurvePCurveOfCInter_0.cxx
+M HLRBRep:pubinclude:HLRBRep_ExactIntersectionPointOfTheIntPCurvePCurveOfCInter.hxx /misc/dn61/LocalWOK/wok_entities/LOC/dev/CR0-OCCT691-7-CR0-OCCT691-occt-64/inc/HLRBRep_ExactIntersectionPointOfTheIntPCurvePCurveOfCInter.hxx
+M HLRBRep:derivated:HLRBRep_ExactIntersectionPointOfTheIntPCurvePCurveOfCInter_0.cxx /misc/dn61/LocalWOK/wok_entities/LOC/dev/CR0-OCCT691-7-CR0-OCCT691-occt-64/drv/HLRBRep/HLRBRep_ExactIntersectionPointOfTheIntPCurvePCurveOfCInter_0.cxx
+M HLRBRep:pubinclude:HLRBRep_TheIntPCurvePCurveOfCInter.hxx /misc/dn61/LocalWOK/wok_entities/LOC/dev/CR0-OCCT691-7-CR0-OCCT691-occt-64/inc/HLRBRep_TheIntPCurvePCurveOfCInter.hxx
+M HLRBRep:derivated:HLRBRep_TheIntPCurvePCurveOfCInter_0.cxx /misc/dn61/LocalWOK/wok_entities/LOC/dev/CR0-OCCT691-7-CR0-OCCT691-occt-64/drv/HLRBRep/HLRBRep_TheIntPCurvePCurveOfCInter_0.cxx
+M HLRBRep:pubinclude:HLRBRep_ThePolygonOfInterCSurf.hxx /misc/dn61/LocalWOK/wok_entities/LOC/dev/CR0-OCCT691-7-CR0-OCCT691-occt-64/inc/HLRBRep_ThePolygonOfInterCSurf.hxx
+M HLRBRep:derivated:HLRBRep_ThePolygonOfInterCSurf_0.cxx /misc/dn61/LocalWOK/wok_entities/LOC/dev/CR0-OCCT691-7-CR0-OCCT691-occt-64/drv/HLRBRep/HLRBRep_ThePolygonOfInterCSurf_0.cxx
+M HLRBRep:pubinclude:HLRBRep_ThePolygonToolOfInterCSurf.hxx /misc/dn61/LocalWOK/wok_entities/LOC/dev/CR0-OCCT691-7-CR0-OCCT691-occt-64/inc/HLRBRep_ThePolygonToolOfInterCSurf.hxx
+M HLRBRep:derivated:HLRBRep_ThePolygonToolOfInterCSurf_0.cxx /misc/dn61/LocalWOK/wok_entities/LOC/dev/CR0-OCCT691-7-CR0-OCCT691-occt-64/drv/HLRBRep/HLRBRep_ThePolygonToolOfInterCSurf_0.cxx
+M HLRBRep:pubinclude:HLRBRep_ThePolyhedronOfInterCSurf.hxx /misc/dn61/LocalWOK/wok_entities/LOC/dev/CR0-OCCT691-7-CR0-OCCT691-occt-64/inc/HLRBRep_ThePolyhedronOfInterCSurf.hxx
+M HLRBRep:derivated:HLRBRep_ThePolyhedronOfInterCSurf_0.cxx /misc/dn61/LocalWOK/wok_entities/LOC/dev/CR0-OCCT691-7-CR0-OCCT691-occt-64/drv/HLRBRep/HLRBRep_ThePolyhedronOfInterCSurf_0.cxx
+M HLRBRep:pubinclude:HLRBRep_ThePolyhedronToolOfInterCSurf.hxx /misc/dn61/LocalWOK/wok_entities/LOC/dev/CR0-OCCT691-7-CR0-OCCT691-occt-64/inc/HLRBRep_ThePolyhedronToolOfInterCSurf.hxx
+M HLRBRep:derivated:HLRBRep_ThePolyhedronToolOfInterCSurf_0.cxx /misc/dn61/LocalWOK/wok_entities/LOC/dev/CR0-OCCT691-7-CR0-OCCT691-occt-64/drv/HLRBRep/HLRBRep_ThePolyhedronToolOfInterCSurf_0.cxx
+M HLRBRep:pubinclude:HLRBRep_TheInterferenceOfInterCSurf.hxx /misc/dn61/LocalWOK/wok_entities/LOC/dev/CR0-OCCT691-7-CR0-OCCT691-occt-64/inc/HLRBRep_TheInterferenceOfInterCSurf.hxx
+M HLRBRep:derivated:HLRBRep_TheInterferenceOfInterCSurf_0.cxx /misc/dn61/LocalWOK/wok_entities/LOC/dev/CR0-OCCT691-7-CR0-OCCT691-occt-64/drv/HLRBRep/HLRBRep_TheInterferenceOfInterCSurf_0.cxx
+M HLRBRep:pubinclude:HLRBRep_TheCSFunctionOfInterCSurf.hxx /misc/dn61/LocalWOK/wok_entities/LOC/dev/CR0-OCCT691-7-CR0-OCCT691-occt-64/inc/HLRBRep_TheCSFunctionOfInterCSurf.hxx
+M HLRBRep:derivated:HLRBRep_TheCSFunctionOfInterCSurf_0.cxx /misc/dn61/LocalWOK/wok_entities/LOC/dev/CR0-OCCT691-7-CR0-OCCT691-occt-64/drv/HLRBRep/HLRBRep_TheCSFunctionOfInterCSurf_0.cxx
+M HLRBRep:pubinclude:HLRBRep_TheExactInterCSurf.hxx /misc/dn61/LocalWOK/wok_entities/LOC/dev/CR0-OCCT691-7-CR0-OCCT691-occt-64/inc/HLRBRep_TheExactInterCSurf.hxx
+M HLRBRep:derivated:HLRBRep_TheExactInterCSurf_0.cxx /misc/dn61/LocalWOK/wok_entities/LOC/dev/CR0-OCCT691-7-CR0-OCCT691-occt-64/drv/HLRBRep/HLRBRep_TheExactInterCSurf_0.cxx
+M HLRBRep:pubinclude:HLRBRep_TheQuadCurvFuncOfTheQuadCurvExactInterCSurf.hxx /misc/dn61/LocalWOK/wok_entities/LOC/dev/CR0-OCCT691-7-CR0-OCCT691-occt-64/inc/HLRBRep_TheQuadCurvFuncOfTheQuadCurvExactInterCSurf.hxx
+M HLRBRep:derivated:HLRBRep_TheQuadCurvFuncOfTheQuadCurvExactInterCSurf_0.cxx /misc/dn61/LocalWOK/wok_entities/LOC/dev/CR0-OCCT691-7-CR0-OCCT691-occt-64/drv/HLRBRep/HLRBRep_TheQuadCurvFuncOfTheQuadCurvExactInterCSurf_0.cxx
+M HLRBRep:pubinclude:HLRBRep_TheQuadCurvExactInterCSurf.hxx /misc/dn61/LocalWOK/wok_entities/LOC/dev/CR0-OCCT691-7-CR0-OCCT691-occt-64/inc/HLRBRep_TheQuadCurvExactInterCSurf.hxx
+M HLRBRep:derivated:HLRBRep_TheQuadCurvExactInterCSurf_0.cxx /misc/dn61/LocalWOK/wok_entities/LOC/dev/CR0-OCCT691-7-CR0-OCCT691-occt-64/drv/HLRBRep/HLRBRep_TheQuadCurvExactInterCSurf_0.cxx
+M HLRBRep:pubinclude:Handle_HLRBRep_SequenceNodeOfSeqOfShapeBounds.hxx /misc/dn61/LocalWOK/wok_entities/LOC/dev/CR0-OCCT691-7-CR0-OCCT691-occt-64/inc/Handle_HLRBRep_SequenceNodeOfSeqOfShapeBounds.hxx
+M HLRBRep:pubinclude:HLRBRep_SequenceNodeOfSeqOfShapeBounds.hxx /misc/dn61/LocalWOK/wok_entities/LOC/dev/CR0-OCCT691-7-CR0-OCCT691-occt-64/inc/HLRBRep_SequenceNodeOfSeqOfShapeBounds.hxx
+M HLRBRep:derivated:HLRBRep_SequenceNodeOfSeqOfShapeBounds_0.cxx /misc/dn61/LocalWOK/wok_entities/LOC/dev/CR0-OCCT691-7-CR0-OCCT691-occt-64/drv/HLRBRep/HLRBRep_SequenceNodeOfSeqOfShapeBounds_0.cxx
+M HLRBRep:pubinclude:Handle_HLRBRep_ListNodeOfListOfBPoint.hxx /misc/dn61/LocalWOK/wok_entities/LOC/dev/CR0-OCCT691-7-CR0-OCCT691-occt-64/inc/Handle_HLRBRep_ListNodeOfListOfBPoint.hxx
+M HLRBRep:pubinclude:HLRBRep_ListNodeOfListOfBPoint.hxx /misc/dn61/LocalWOK/wok_entities/LOC/dev/CR0-OCCT691-7-CR0-OCCT691-occt-64/inc/HLRBRep_ListNodeOfListOfBPoint.hxx
+M HLRBRep:derivated:HLRBRep_ListNodeOfListOfBPoint_0.cxx /misc/dn61/LocalWOK/wok_entities/LOC/dev/CR0-OCCT691-7-CR0-OCCT691-occt-64/drv/HLRBRep/HLRBRep_ListNodeOfListOfBPoint_0.cxx
+M HLRBRep:pubinclude:HLRBRep_ListIteratorOfListOfBPoint.hxx /misc/dn61/LocalWOK/wok_entities/LOC/dev/CR0-OCCT691-7-CR0-OCCT691-occt-64/inc/HLRBRep_ListIteratorOfListOfBPoint.hxx
+M HLRBRep:derivated:HLRBRep_ListIteratorOfListOfBPoint_0.cxx /misc/dn61/LocalWOK/wok_entities/LOC/dev/CR0-OCCT691-7-CR0-OCCT691-occt-64/drv/HLRBRep/HLRBRep_ListIteratorOfListOfBPoint_0.cxx
+M HLRBRep:pubinclude:Handle_HLRBRep_ListNodeOfListOfBPnt2D.hxx /misc/dn61/LocalWOK/wok_entities/LOC/dev/CR0-OCCT691-7-CR0-OCCT691-occt-64/inc/Handle_HLRBRep_ListNodeOfListOfBPnt2D.hxx
+M HLRBRep:pubinclude:HLRBRep_ListNodeOfListOfBPnt2D.hxx /misc/dn61/LocalWOK/wok_entities/LOC/dev/CR0-OCCT691-7-CR0-OCCT691-occt-64/inc/HLRBRep_ListNodeOfListOfBPnt2D.hxx
+M HLRBRep:derivated:HLRBRep_ListNodeOfListOfBPnt2D_0.cxx /misc/dn61/LocalWOK/wok_entities/LOC/dev/CR0-OCCT691-7-CR0-OCCT691-occt-64/drv/HLRBRep/HLRBRep_ListNodeOfListOfBPnt2D_0.cxx
+M HLRBRep:pubinclude:HLRBRep_ListIteratorOfListOfBPnt2D.hxx /misc/dn61/LocalWOK/wok_entities/LOC/dev/CR0-OCCT691-7-CR0-OCCT691-occt-64/inc/HLRBRep_ListIteratorOfListOfBPnt2D.hxx
+M HLRBRep:derivated:HLRBRep_ListIteratorOfListOfBPnt2D_0.cxx /misc/dn61/LocalWOK/wok_entities/LOC/dev/CR0-OCCT691-7-CR0-OCCT691-occt-64/drv/HLRBRep/HLRBRep_ListIteratorOfListOfBPnt2D_0.cxx
+M HLRBRep:dbadmfile:HLRBRep_xcpp_header.In /misc/dn61/LocalWOK/wok_entities/LOC/dev/CR0-OCCT691-7-CR0-OCCT691-occt-64/drv/HLRBRep/.adm/HLRBRep_xcpp_header.In
+M HLRBRep:dbadmfile:HLRBRep_xcpp_header.Out /misc/dn61/LocalWOK/wok_entities/LOC/dev/CR0-OCCT691-7-CR0-OCCT691-occt-64/drv/HLRBRep/.adm/HLRBRep_xcpp_header.Out
+M HLRBRep:dbadmfile:HLRBRep_xcpp_header.Dep /misc/dn61/LocalWOK/wok_entities/LOC/dev/CR0-OCCT691-7-CR0-OCCT691-occt-64/drv/HLRBRep/.adm/HLRBRep_xcpp_header.Dep
