+M HLRBRep:pubinclude:HLRBRep_CurveTool.lxx /misc/dn61/LocalWOK/wok_entities/LOC/dev/CR0-OCCT691-7-CR0-OCCT691-occt-64/inc/HLRBRep_CurveTool.lxx
+M HLRBRep:pubinclude:HLRBRep_BCurveTool.lxx /misc/dn61/LocalWOK/wok_entities/LOC/dev/CR0-OCCT691-7-CR0-OCCT691-occt-64/inc/HLRBRep_BCurveTool.lxx
+M HLRBRep:pubinclude:HLRBRep_Curve.lxx /misc/dn61/LocalWOK/wok_entities/LOC/dev/CR0-OCCT691-7-CR0-OCCT691-occt-64/inc/HLRBRep_Curve.lxx
+M HLRBRep:pubinclude:HLRBRep_SurfaceTool.lxx /misc/dn61/LocalWOK/wok_entities/LOC/dev/CR0-OCCT691-7-CR0-OCCT691-occt-64/inc/HLRBRep_SurfaceTool.lxx
+M HLRBRep:pubinclude:HLRBRep_BSurfaceTool.lxx /misc/dn61/LocalWOK/wok_entities/LOC/dev/CR0-OCCT691-7-CR0-OCCT691-occt-64/inc/HLRBRep_BSurfaceTool.lxx
+M HLRBRep:pubinclude:HLRBRep_Surface.lxx /misc/dn61/LocalWOK/wok_entities/LOC/dev/CR0-OCCT691-7-CR0-OCCT691-occt-64/inc/HLRBRep_Surface.lxx
+M HLRBRep:pubinclude:HLRBRep_CLPropsATool.lxx /misc/dn61/LocalWOK/wok_entities/LOC/dev/CR0-OCCT691-7-CR0-OCCT691-occt-64/inc/HLRBRep_CLPropsATool.lxx
+M HLRBRep:pubinclude:HLRBRep_SLPropsATool.lxx /misc/dn61/LocalWOK/wok_entities/LOC/dev/CR0-OCCT691-7-CR0-OCCT691-occt-64/inc/HLRBRep_SLPropsATool.lxx
+M HLRBRep:pubinclude:HLRBRep_LineTool.lxx /misc/dn61/LocalWOK/wok_entities/LOC/dev/CR0-OCCT691-7-CR0-OCCT691-occt-64/inc/HLRBRep_LineTool.lxx
+M HLRBRep:pubinclude:HLRBRep_EdgeData.lxx /misc/dn61/LocalWOK/wok_entities/LOC/dev/CR0-OCCT691-7-CR0-OCCT691-occt-64/inc/HLRBRep_EdgeData.lxx
+M HLRBRep:pubinclude:HLRBRep_FaceData.lxx /misc/dn61/LocalWOK/wok_entities/LOC/dev/CR0-OCCT691-7-CR0-OCCT691-occt-64/inc/HLRBRep_FaceData.lxx
+M HLRBRep:pubinclude:HLRBRep_FaceIterator.lxx /misc/dn61/LocalWOK/wok_entities/LOC/dev/CR0-OCCT691-7-CR0-OCCT691-occt-64/inc/HLRBRep_FaceIterator.lxx
+M HLRBRep:pubinclude:HLRBRep_Data.lxx /misc/dn61/LocalWOK/wok_entities/LOC/dev/CR0-OCCT691-7-CR0-OCCT691-occt-64/inc/HLRBRep_Data.lxx
+M HLRBRep:pubinclude:HLRBRep_HLRToShape.lxx /misc/dn61/LocalWOK/wok_entities/LOC/dev/CR0-OCCT691-7-CR0-OCCT691-occt-64/inc/HLRBRep_HLRToShape.lxx
+M HLRBRep:pubinclude:HLRBRep_ShapeBounds.lxx /misc/dn61/LocalWOK/wok_entities/LOC/dev/CR0-OCCT691-7-CR0-OCCT691-occt-64/inc/HLRBRep_ShapeBounds.lxx
+M HLRBRep:pubinclude:HLRBRep_EdgeInterferenceTool.lxx /misc/dn61/LocalWOK/wok_entities/LOC/dev/CR0-OCCT691-7-CR0-OCCT691-occt-64/inc/HLRBRep_EdgeInterferenceTool.lxx
+M HLRBRep:pubinclude:HLRBRep_PolyAlgo.lxx /misc/dn61/LocalWOK/wok_entities/LOC/dev/CR0-OCCT691-7-CR0-OCCT691-occt-64/inc/HLRBRep_PolyAlgo.lxx
+M HLRBRep:pubinclude:HLRBRep_BiPoint.lxx /misc/dn61/LocalWOK/wok_entities/LOC/dev/CR0-OCCT691-7-CR0-OCCT691-occt-64/inc/HLRBRep_BiPoint.lxx
+M HLRBRep:pubinclude:HLRBRep_BiPnt2D.lxx /misc/dn61/LocalWOK/wok_entities/LOC/dev/CR0-OCCT691-7-CR0-OCCT691-occt-64/inc/HLRBRep_BiPnt2D.lxx
+M HLRBRep:pubinclude:HLRBRep_PolyHLRToShape.lxx /misc/dn61/LocalWOK/wok_entities/LOC/dev/CR0-OCCT691-7-CR0-OCCT691-occt-64/inc/HLRBRep_PolyHLRToShape.lxx
+M HLRBRep:dbadmfile:HLRBRep_obj_inc.In /misc/dn61/LocalWOK/wok_entities/LOC/dev/CR0-OCCT691-7-CR0-OCCT691-occt-64/drv/HLRBRep/.adm/HLRBRep_obj_inc.In
+M HLRBRep:dbadmfile:HLRBRep_obj_inc.Out /misc/dn61/LocalWOK/wok_entities/LOC/dev/CR0-OCCT691-7-CR0-OCCT691-occt-64/drv/HLRBRep/.adm/HLRBRep_obj_inc.Out
+M HLRBRep:dbadmfile:HLRBRep_obj_inc.Dep /misc/dn61/LocalWOK/wok_entities/LOC/dev/CR0-OCCT691-7-CR0-OCCT691-occt-64/drv/HLRBRep/.adm/HLRBRep_obj_inc.Dep
