+M GCE2d:pubinclude:GCE2d_Root.hxx /misc/dn61/LocalWOK/wok_entities/LOC/dev/CR0-OCCT691-7-CR0-OCCT691-occt-64/inc/GCE2d_Root.hxx
+M GCE2d:privinclude:GCE2d_Root.jxx /misc/dn61/LocalWOK/wok_entities/LOC/dev/CR0-OCCT691-7-CR0-OCCT691-occt-64/drv/GCE2d/GCE2d_Root.jxx
+M GCE2d:privinclude:GCE2d_Root.ixx /misc/dn61/LocalWOK/wok_entities/LOC/dev/CR0-OCCT691-7-CR0-OCCT691-occt-64/drv/GCE2d/GCE2d_Root.ixx
+M GCE2d:pubinclude:GCE2d_MakeLine.hxx /misc/dn61/LocalWOK/wok_entities/LOC/dev/CR0-OCCT691-7-CR0-OCCT691-occt-64/inc/GCE2d_MakeLine.hxx
+M GCE2d:privinclude:GCE2d_MakeLine.jxx /misc/dn61/LocalWOK/wok_entities/LOC/dev/CR0-OCCT691-7-CR0-OCCT691-occt-64/drv/GCE2d/GCE2d_MakeLine.jxx
+M GCE2d:privinclude:GCE2d_MakeLine.ixx /misc/dn61/LocalWOK/wok_entities/LOC/dev/CR0-OCCT691-7-CR0-OCCT691-occt-64/drv/GCE2d/GCE2d_MakeLine.ixx
+M GCE2d:pubinclude:GCE2d_MakeCircle.hxx /misc/dn61/LocalWOK/wok_entities/LOC/dev/CR0-OCCT691-7-CR0-OCCT691-occt-64/inc/GCE2d_MakeCircle.hxx
+M GCE2d:privinclude:GCE2d_MakeCircle.jxx /misc/dn61/LocalWOK/wok_entities/LOC/dev/CR0-OCCT691-7-CR0-OCCT691-occt-64/drv/GCE2d/GCE2d_MakeCircle.jxx
+M GCE2d:privinclude:GCE2d_MakeCircle.ixx /misc/dn61/LocalWOK/wok_entities/LOC/dev/CR0-OCCT691-7-CR0-OCCT691-occt-64/drv/GCE2d/GCE2d_MakeCircle.ixx
+M GCE2d:pubinclude:GCE2d_MakeHyperbola.hxx /misc/dn61/LocalWOK/wok_entities/LOC/dev/CR0-OCCT691-7-CR0-OCCT691-occt-64/inc/GCE2d_MakeHyperbola.hxx
+M GCE2d:privinclude:GCE2d_MakeHyperbola.jxx /misc/dn61/LocalWOK/wok_entities/LOC/dev/CR0-OCCT691-7-CR0-OCCT691-occt-64/drv/GCE2d/GCE2d_MakeHyperbola.jxx
+M GCE2d:privinclude:GCE2d_MakeHyperbola.ixx /misc/dn61/LocalWOK/wok_entities/LOC/dev/CR0-OCCT691-7-CR0-OCCT691-occt-64/drv/GCE2d/GCE2d_MakeHyperbola.ixx
+M GCE2d:pubinclude:GCE2d_MakeEllipse.hxx /misc/dn61/LocalWOK/wok_entities/LOC/dev/CR0-OCCT691-7-CR0-OCCT691-occt-64/inc/GCE2d_MakeEllipse.hxx
+M GCE2d:privinclude:GCE2d_MakeEllipse.jxx /misc/dn61/LocalWOK/wok_entities/LOC/dev/CR0-OCCT691-7-CR0-OCCT691-occt-64/drv/GCE2d/GCE2d_MakeEllipse.jxx
+M GCE2d:privinclude:GCE2d_MakeEllipse.ixx /misc/dn61/LocalWOK/wok_entities/LOC/dev/CR0-OCCT691-7-CR0-OCCT691-occt-64/drv/GCE2d/GCE2d_MakeEllipse.ixx
+M GCE2d:pubinclude:GCE2d_MakeParabola.hxx /misc/dn61/LocalWOK/wok_entities/LOC/dev/CR0-OCCT691-7-CR0-OCCT691-occt-64/inc/GCE2d_MakeParabola.hxx
+M GCE2d:privinclude:GCE2d_MakeParabola.jxx /misc/dn61/LocalWOK/wok_entities/LOC/dev/CR0-OCCT691-7-CR0-OCCT691-occt-64/drv/GCE2d/GCE2d_MakeParabola.jxx
+M GCE2d:privinclude:GCE2d_MakeParabola.ixx /misc/dn61/LocalWOK/wok_entities/LOC/dev/CR0-OCCT691-7-CR0-OCCT691-occt-64/drv/GCE2d/GCE2d_MakeParabola.ixx
+M GCE2d:pubinclude:GCE2d_MakeSegment.hxx /misc/dn61/LocalWOK/wok_entities/LOC/dev/CR0-OCCT691-7-CR0-OCCT691-occt-64/inc/GCE2d_MakeSegment.hxx
+M GCE2d:privinclude:GCE2d_MakeSegment.jxx /misc/dn61/LocalWOK/wok_entities/LOC/dev/CR0-OCCT691-7-CR0-OCCT691-occt-64/drv/GCE2d/GCE2d_MakeSegment.jxx
+M GCE2d:privinclude:GCE2d_MakeSegment.ixx /misc/dn61/LocalWOK/wok_entities/LOC/dev/CR0-OCCT691-7-CR0-OCCT691-occt-64/drv/GCE2d/GCE2d_MakeSegment.ixx
+M GCE2d:pubinclude:GCE2d_MakeArcOfCircle.hxx /misc/dn61/LocalWOK/wok_entities/LOC/dev/CR0-OCCT691-7-CR0-OCCT691-occt-64/inc/GCE2d_MakeArcOfCircle.hxx
+M GCE2d:privinclude:GCE2d_MakeArcOfCircle.jxx /misc/dn61/LocalWOK/wok_entities/LOC/dev/CR0-OCCT691-7-CR0-OCCT691-occt-64/drv/GCE2d/GCE2d_MakeArcOfCircle.jxx
+M GCE2d:privinclude:GCE2d_MakeArcOfCircle.ixx /misc/dn61/LocalWOK/wok_entities/LOC/dev/CR0-OCCT691-7-CR0-OCCT691-occt-64/drv/GCE2d/GCE2d_MakeArcOfCircle.ixx
+M GCE2d:pubinclude:GCE2d_MakeArcOfEllipse.hxx /misc/dn61/LocalWOK/wok_entities/LOC/dev/CR0-OCCT691-7-CR0-OCCT691-occt-64/inc/GCE2d_MakeArcOfEllipse.hxx
+M GCE2d:privinclude:GCE2d_MakeArcOfEllipse.jxx /misc/dn61/LocalWOK/wok_entities/LOC/dev/CR0-OCCT691-7-CR0-OCCT691-occt-64/drv/GCE2d/GCE2d_MakeArcOfEllipse.jxx
+M GCE2d:privinclude:GCE2d_MakeArcOfEllipse.ixx /misc/dn61/LocalWOK/wok_entities/LOC/dev/CR0-OCCT691-7-CR0-OCCT691-occt-64/drv/GCE2d/GCE2d_MakeArcOfEllipse.ixx
+M GCE2d:pubinclude:GCE2d_MakeArcOfParabola.hxx /misc/dn61/LocalWOK/wok_entities/LOC/dev/CR0-OCCT691-7-CR0-OCCT691-occt-64/inc/GCE2d_MakeArcOfParabola.hxx
+M GCE2d:privinclude:GCE2d_MakeArcOfParabola.jxx /misc/dn61/LocalWOK/wok_entities/LOC/dev/CR0-OCCT691-7-CR0-OCCT691-occt-64/drv/GCE2d/GCE2d_MakeArcOfParabola.jxx
+M GCE2d:privinclude:GCE2d_MakeArcOfParabola.ixx /misc/dn61/LocalWOK/wok_entities/LOC/dev/CR0-OCCT691-7-CR0-OCCT691-occt-64/drv/GCE2d/GCE2d_MakeArcOfParabola.ixx
+M GCE2d:pubinclude:GCE2d_MakeArcOfHyperbola.hxx /misc/dn61/LocalWOK/wok_entities/LOC/dev/CR0-OCCT691-7-CR0-OCCT691-occt-64/inc/GCE2d_MakeArcOfHyperbola.hxx
+M GCE2d:privinclude:GCE2d_MakeArcOfHyperbola.jxx /misc/dn61/LocalWOK/wok_entities/LOC/dev/CR0-OCCT691-7-CR0-OCCT691-occt-64/drv/GCE2d/GCE2d_MakeArcOfHyperbola.jxx
+M GCE2d:privinclude:GCE2d_MakeArcOfHyperbola.ixx /misc/dn61/LocalWOK/wok_entities/LOC/dev/CR0-OCCT691-7-CR0-OCCT691-occt-64/drv/GCE2d/GCE2d_MakeArcOfHyperbola.ixx
+M GCE2d:pubinclude:GCE2d_MakeTranslation.hxx /misc/dn61/LocalWOK/wok_entities/LOC/dev/CR0-OCCT691-7-CR0-OCCT691-occt-64/inc/GCE2d_MakeTranslation.hxx
+M GCE2d:privinclude:GCE2d_MakeTranslation.jxx /misc/dn61/LocalWOK/wok_entities/LOC/dev/CR0-OCCT691-7-CR0-OCCT691-occt-64/drv/GCE2d/GCE2d_MakeTranslation.jxx
+M GCE2d:privinclude:GCE2d_MakeTranslation.ixx /misc/dn61/LocalWOK/wok_entities/LOC/dev/CR0-OCCT691-7-CR0-OCCT691-occt-64/drv/GCE2d/GCE2d_MakeTranslation.ixx
+M GCE2d:pubinclude:GCE2d_MakeMirror.hxx /misc/dn61/LocalWOK/wok_entities/LOC/dev/CR0-OCCT691-7-CR0-OCCT691-occt-64/inc/GCE2d_MakeMirror.hxx
+M GCE2d:privinclude:GCE2d_MakeMirror.jxx /misc/dn61/LocalWOK/wok_entities/LOC/dev/CR0-OCCT691-7-CR0-OCCT691-occt-64/drv/GCE2d/GCE2d_MakeMirror.jxx
+M GCE2d:privinclude:GCE2d_MakeMirror.ixx /misc/dn61/LocalWOK/wok_entities/LOC/dev/CR0-OCCT691-7-CR0-OCCT691-occt-64/drv/GCE2d/GCE2d_MakeMirror.ixx
+M GCE2d:pubinclude:GCE2d_MakeRotation.hxx /misc/dn61/LocalWOK/wok_entities/LOC/dev/CR0-OCCT691-7-CR0-OCCT691-occt-64/inc/GCE2d_MakeRotation.hxx
+M GCE2d:privinclude:GCE2d_MakeRotation.jxx /misc/dn61/LocalWOK/wok_entities/LOC/dev/CR0-OCCT691-7-CR0-OCCT691-occt-64/drv/GCE2d/GCE2d_MakeRotation.jxx
+M GCE2d:privinclude:GCE2d_MakeRotation.ixx /misc/dn61/LocalWOK/wok_entities/LOC/dev/CR0-OCCT691-7-CR0-OCCT691-occt-64/drv/GCE2d/GCE2d_MakeRotation.ixx
+M GCE2d:pubinclude:GCE2d_MakeScale.hxx /misc/dn61/LocalWOK/wok_entities/LOC/dev/CR0-OCCT691-7-CR0-OCCT691-occt-64/inc/GCE2d_MakeScale.hxx
+M GCE2d:privinclude:GCE2d_MakeScale.jxx /misc/dn61/LocalWOK/wok_entities/LOC/dev/CR0-OCCT691-7-CR0-OCCT691-occt-64/drv/GCE2d/GCE2d_MakeScale.jxx
+M GCE2d:privinclude:GCE2d_MakeScale.ixx /misc/dn61/LocalWOK/wok_entities/LOC/dev/CR0-OCCT691-7-CR0-OCCT691-occt-64/drv/GCE2d/GCE2d_MakeScale.ixx
+M GCE2d:dbadmfile:GCE2d_xcpp_header.In /misc/dn61/LocalWOK/wok_entities/LOC/dev/CR0-OCCT691-7-CR0-OCCT691-occt-64/drv/GCE2d/.adm/GCE2d_xcpp_header.In
+M GCE2d:dbadmfile:GCE2d_xcpp_header.Out /misc/dn61/LocalWOK/wok_entities/LOC/dev/CR0-OCCT691-7-CR0-OCCT691-occt-64/drv/GCE2d/.adm/GCE2d_xcpp_header.Out
+M GCE2d:dbadmfile:GCE2d_xcpp_header.Dep /misc/dn61/LocalWOK/wok_entities/LOC/dev/CR0-OCCT691-7-CR0-OCCT691-occt-64/drv/GCE2d/.adm/GCE2d_xcpp_header.Dep
