+M ShapeCustom:pubinclude:ShapeCustom.hxx /misc/dn61/LocalWOK/wok_entities/LOC/dev/CR0-OCCT691-7-CR0-OCCT691-occt-64/inc/ShapeCustom.hxx
+M ShapeCustom:privinclude:ShapeCustom.jxx /misc/dn61/LocalWOK/wok_entities/LOC/dev/CR0-OCCT691-7-CR0-OCCT691-occt-64/drv/ShapeCustom/ShapeCustom.jxx
+M ShapeCustom:privinclude:ShapeCustom.ixx /misc/dn61/LocalWOK/wok_entities/LOC/dev/CR0-OCCT691-7-CR0-OCCT691-occt-64/drv/ShapeCustom/ShapeCustom.ixx
+M ShapeCustom:pubinclude:ShapeCustom_Surface.hxx /misc/dn61/LocalWOK/wok_entities/LOC/dev/CR0-OCCT691-7-CR0-OCCT691-occt-64/inc/ShapeCustom_Surface.hxx
+M ShapeCustom:privinclude:ShapeCustom_Surface.jxx /misc/dn61/LocalWOK/wok_entities/LOC/dev/CR0-OCCT691-7-CR0-OCCT691-occt-64/drv/ShapeCustom/ShapeCustom_Surface.jxx
+M ShapeCustom:privinclude:ShapeCustom_Surface.ixx /misc/dn61/LocalWOK/wok_entities/LOC/dev/CR0-OCCT691-7-CR0-OCCT691-occt-64/drv/ShapeCustom/ShapeCustom_Surface.ixx
+M ShapeCustom:pubinclude:ShapeCustom_Curve.hxx /misc/dn61/LocalWOK/wok_entities/LOC/dev/CR0-OCCT691-7-CR0-OCCT691-occt-64/inc/ShapeCustom_Curve.hxx
+M ShapeCustom:privinclude:ShapeCustom_Curve.jxx /misc/dn61/LocalWOK/wok_entities/LOC/dev/CR0-OCCT691-7-CR0-OCCT691-occt-64/drv/ShapeCustom/ShapeCustom_Curve.jxx
+M ShapeCustom:privinclude:ShapeCustom_Curve.ixx /misc/dn61/LocalWOK/wok_entities/LOC/dev/CR0-OCCT691-7-CR0-OCCT691-occt-64/drv/ShapeCustom/ShapeCustom_Curve.ixx
+M ShapeCustom:pubinclude:ShapeCustom_Curve2d.hxx /misc/dn61/LocalWOK/wok_entities/LOC/dev/CR0-OCCT691-7-CR0-OCCT691-occt-64/inc/ShapeCustom_Curve2d.hxx
+M ShapeCustom:privinclude:ShapeCustom_Curve2d.jxx /misc/dn61/LocalWOK/wok_entities/LOC/dev/CR0-OCCT691-7-CR0-OCCT691-occt-64/drv/ShapeCustom/ShapeCustom_Curve2d.jxx
+M ShapeCustom:privinclude:ShapeCustom_Curve2d.ixx /misc/dn61/LocalWOK/wok_entities/LOC/dev/CR0-OCCT691-7-CR0-OCCT691-occt-64/drv/ShapeCustom/ShapeCustom_Curve2d.ixx
+M ShapeCustom:pubinclude:Handle_ShapeCustom_RestrictionParameters.hxx /misc/dn61/LocalWOK/wok_entities/LOC/dev/CR0-OCCT691-7-CR0-OCCT691-occt-64/inc/Handle_ShapeCustom_RestrictionParameters.hxx
+M ShapeCustom:pubinclude:ShapeCustom_RestrictionParameters.hxx /misc/dn61/LocalWOK/wok_entities/LOC/dev/CR0-OCCT691-7-CR0-OCCT691-occt-64/inc/ShapeCustom_RestrictionParameters.hxx
+M ShapeCustom:privinclude:ShapeCustom_RestrictionParameters.jxx /misc/dn61/LocalWOK/wok_entities/LOC/dev/CR0-OCCT691-7-CR0-OCCT691-occt-64/drv/ShapeCustom/ShapeCustom_RestrictionParameters.jxx
+M ShapeCustom:privinclude:ShapeCustom_RestrictionParameters.ixx /misc/dn61/LocalWOK/wok_entities/LOC/dev/CR0-OCCT691-7-CR0-OCCT691-occt-64/drv/ShapeCustom/ShapeCustom_RestrictionParameters.ixx
+M ShapeCustom:pubinclude:Handle_ShapeCustom_Modification.hxx /misc/dn61/LocalWOK/wok_entities/LOC/dev/CR0-OCCT691-7-CR0-OCCT691-occt-64/inc/Handle_ShapeCustom_Modification.hxx
+M ShapeCustom:pubinclude:ShapeCustom_Modification.hxx /misc/dn61/LocalWOK/wok_entities/LOC/dev/CR0-OCCT691-7-CR0-OCCT691-occt-64/inc/ShapeCustom_Modification.hxx
+M ShapeCustom:privinclude:ShapeCustom_Modification.jxx /misc/dn61/LocalWOK/wok_entities/LOC/dev/CR0-OCCT691-7-CR0-OCCT691-occt-64/drv/ShapeCustom/ShapeCustom_Modification.jxx
+M ShapeCustom:privinclude:ShapeCustom_Modification.ixx /misc/dn61/LocalWOK/wok_entities/LOC/dev/CR0-OCCT691-7-CR0-OCCT691-occt-64/drv/ShapeCustom/ShapeCustom_Modification.ixx
+M ShapeCustom:pubinclude:Handle_ShapeCustom_DirectModification.hxx /misc/dn61/LocalWOK/wok_entities/LOC/dev/CR0-OCCT691-7-CR0-OCCT691-occt-64/inc/Handle_ShapeCustom_DirectModification.hxx
+M ShapeCustom:pubinclude:ShapeCustom_DirectModification.hxx /misc/dn61/LocalWOK/wok_entities/LOC/dev/CR0-OCCT691-7-CR0-OCCT691-occt-64/inc/ShapeCustom_DirectModification.hxx
+M ShapeCustom:privinclude:ShapeCustom_DirectModification.jxx /misc/dn61/LocalWOK/wok_entities/LOC/dev/CR0-OCCT691-7-CR0-OCCT691-occt-64/drv/ShapeCustom/ShapeCustom_DirectModification.jxx
+M ShapeCustom:privinclude:ShapeCustom_DirectModification.ixx /misc/dn61/LocalWOK/wok_entities/LOC/dev/CR0-OCCT691-7-CR0-OCCT691-occt-64/drv/ShapeCustom/ShapeCustom_DirectModification.ixx
+M ShapeCustom:pubinclude:Handle_ShapeCustom_TrsfModification.hxx /misc/dn61/LocalWOK/wok_entities/LOC/dev/CR0-OCCT691-7-CR0-OCCT691-occt-64/inc/Handle_ShapeCustom_TrsfModification.hxx
+M ShapeCustom:pubinclude:ShapeCustom_TrsfModification.hxx /misc/dn61/LocalWOK/wok_entities/LOC/dev/CR0-OCCT691-7-CR0-OCCT691-occt-64/inc/ShapeCustom_TrsfModification.hxx
+M ShapeCustom:privinclude:ShapeCustom_TrsfModification.jxx /misc/dn61/LocalWOK/wok_entities/LOC/dev/CR0-OCCT691-7-CR0-OCCT691-occt-64/drv/ShapeCustom/ShapeCustom_TrsfModification.jxx
+M ShapeCustom:privinclude:ShapeCustom_TrsfModification.ixx /misc/dn61/LocalWOK/wok_entities/LOC/dev/CR0-OCCT691-7-CR0-OCCT691-occt-64/drv/ShapeCustom/ShapeCustom_TrsfModification.ixx
+M ShapeCustom:pubinclude:Handle_ShapeCustom_BSplineRestriction.hxx /misc/dn61/LocalWOK/wok_entities/LOC/dev/CR0-OCCT691-7-CR0-OCCT691-occt-64/inc/Handle_ShapeCustom_BSplineRestriction.hxx
+M ShapeCustom:pubinclude:ShapeCustom_BSplineRestriction.hxx /misc/dn61/LocalWOK/wok_entities/LOC/dev/CR0-OCCT691-7-CR0-OCCT691-occt-64/inc/ShapeCustom_BSplineRestriction.hxx
+M ShapeCustom:privinclude:ShapeCustom_BSplineRestriction.jxx /misc/dn61/LocalWOK/wok_entities/LOC/dev/CR0-OCCT691-7-CR0-OCCT691-occt-64/drv/ShapeCustom/ShapeCustom_BSplineRestriction.jxx
+M ShapeCustom:privinclude:ShapeCustom_BSplineRestriction.ixx /misc/dn61/LocalWOK/wok_entities/LOC/dev/CR0-OCCT691-7-CR0-OCCT691-occt-64/drv/ShapeCustom/ShapeCustom_BSplineRestriction.ixx
+M ShapeCustom:pubinclude:Handle_ShapeCustom_ConvertToRevolution.hxx /misc/dn61/LocalWOK/wok_entities/LOC/dev/CR0-OCCT691-7-CR0-OCCT691-occt-64/inc/Handle_ShapeCustom_ConvertToRevolution.hxx
+M ShapeCustom:pubinclude:ShapeCustom_ConvertToRevolution.hxx /misc/dn61/LocalWOK/wok_entities/LOC/dev/CR0-OCCT691-7-CR0-OCCT691-occt-64/inc/ShapeCustom_ConvertToRevolution.hxx
+M ShapeCustom:privinclude:ShapeCustom_ConvertToRevolution.jxx /misc/dn61/LocalWOK/wok_entities/LOC/dev/CR0-OCCT691-7-CR0-OCCT691-occt-64/drv/ShapeCustom/ShapeCustom_ConvertToRevolution.jxx
+M ShapeCustom:privinclude:ShapeCustom_ConvertToRevolution.ixx /misc/dn61/LocalWOK/wok_entities/LOC/dev/CR0-OCCT691-7-CR0-OCCT691-occt-64/drv/ShapeCustom/ShapeCustom_ConvertToRevolution.ixx
+M ShapeCustom:pubinclude:Handle_ShapeCustom_SweptToElementary.hxx /misc/dn61/LocalWOK/wok_entities/LOC/dev/CR0-OCCT691-7-CR0-OCCT691-occt-64/inc/Handle_ShapeCustom_SweptToElementary.hxx
+M ShapeCustom:pubinclude:ShapeCustom_SweptToElementary.hxx /misc/dn61/LocalWOK/wok_entities/LOC/dev/CR0-OCCT691-7-CR0-OCCT691-occt-64/inc/ShapeCustom_SweptToElementary.hxx
+M ShapeCustom:privinclude:ShapeCustom_SweptToElementary.jxx /misc/dn61/LocalWOK/wok_entities/LOC/dev/CR0-OCCT691-7-CR0-OCCT691-occt-64/drv/ShapeCustom/ShapeCustom_SweptToElementary.jxx
+M ShapeCustom:privinclude:ShapeCustom_SweptToElementary.ixx /misc/dn61/LocalWOK/wok_entities/LOC/dev/CR0-OCCT691-7-CR0-OCCT691-occt-64/drv/ShapeCustom/ShapeCustom_SweptToElementary.ixx
+M ShapeCustom:pubinclude:Handle_ShapeCustom_ConvertToBSpline.hxx /misc/dn61/LocalWOK/wok_entities/LOC/dev/CR0-OCCT691-7-CR0-OCCT691-occt-64/inc/Handle_ShapeCustom_ConvertToBSpline.hxx
+M ShapeCustom:pubinclude:ShapeCustom_ConvertToBSpline.hxx /misc/dn61/LocalWOK/wok_entities/LOC/dev/CR0-OCCT691-7-CR0-OCCT691-occt-64/inc/ShapeCustom_ConvertToBSpline.hxx
+M ShapeCustom:privinclude:ShapeCustom_ConvertToBSpline.jxx /misc/dn61/LocalWOK/wok_entities/LOC/dev/CR0-OCCT691-7-CR0-OCCT691-occt-64/drv/ShapeCustom/ShapeCustom_ConvertToBSpline.jxx
+M ShapeCustom:privinclude:ShapeCustom_ConvertToBSpline.ixx /misc/dn61/LocalWOK/wok_entities/LOC/dev/CR0-OCCT691-7-CR0-OCCT691-occt-64/drv/ShapeCustom/ShapeCustom_ConvertToBSpline.ixx
+M ShapeCustom:dbadmfile:ShapeCustom_xcpp_header.In /misc/dn61/LocalWOK/wok_entities/LOC/dev/CR0-OCCT691-7-CR0-OCCT691-occt-64/drv/ShapeCustom/.adm/ShapeCustom_xcpp_header.In
+M ShapeCustom:dbadmfile:ShapeCustom_xcpp_header.Out /misc/dn61/LocalWOK/wok_entities/LOC/dev/CR0-OCCT691-7-CR0-OCCT691-occt-64/drv/ShapeCustom/.adm/ShapeCustom_xcpp_header.Out
+M ShapeCustom:dbadmfile:ShapeCustom_xcpp_header.Dep /misc/dn61/LocalWOK/wok_entities/LOC/dev/CR0-OCCT691-7-CR0-OCCT691-occt-64/drv/ShapeCustom/.adm/ShapeCustom_xcpp_header.Dep
