+M FairCurve:pubinclude:FairCurve_Batten.hxx /misc/dn61/LocalWOK/wok_entities/LOC/dev/CR0-OCCT691-7-CR0-OCCT691-occt-64/inc/FairCurve_Batten.hxx
+M FairCurve:privinclude:FairCurve_Batten.jxx /misc/dn61/LocalWOK/wok_entities/LOC/dev/CR0-OCCT691-7-CR0-OCCT691-occt-64/drv/FairCurve/FairCurve_Batten.jxx
+M FairCurve:privinclude:FairCurve_Batten.ixx /misc/dn61/LocalWOK/wok_entities/LOC/dev/CR0-OCCT691-7-CR0-OCCT691-occt-64/drv/FairCurve/FairCurve_Batten.ixx
+M FairCurve:pubinclude:FairCurve_MinimalVariation.hxx /misc/dn61/LocalWOK/wok_entities/LOC/dev/CR0-OCCT691-7-CR0-OCCT691-occt-64/inc/FairCurve_MinimalVariation.hxx
+M FairCurve:privinclude:FairCurve_MinimalVariation.jxx /misc/dn61/LocalWOK/wok_entities/LOC/dev/CR0-OCCT691-7-CR0-OCCT691-occt-64/drv/FairCurve/FairCurve_MinimalVariation.jxx
+M FairCurve:privinclude:FairCurve_MinimalVariation.ixx /misc/dn61/LocalWOK/wok_entities/LOC/dev/CR0-OCCT691-7-CR0-OCCT691-occt-64/drv/FairCurve/FairCurve_MinimalVariation.ixx
+M FairCurve:pubinclude:FairCurve_BattenLaw.hxx /misc/dn61/LocalWOK/wok_entities/LOC/dev/CR0-OCCT691-7-CR0-OCCT691-occt-64/inc/FairCurve_BattenLaw.hxx
+M FairCurve:privinclude:FairCurve_BattenLaw.jxx /misc/dn61/LocalWOK/wok_entities/LOC/dev/CR0-OCCT691-7-CR0-OCCT691-occt-64/drv/FairCurve/FairCurve_BattenLaw.jxx
+M FairCurve:privinclude:FairCurve_BattenLaw.ixx /misc/dn61/LocalWOK/wok_entities/LOC/dev/CR0-OCCT691-7-CR0-OCCT691-occt-64/drv/FairCurve/FairCurve_BattenLaw.ixx
+M FairCurve:pubinclude:FairCurve_DistributionOfEnergy.hxx /misc/dn61/LocalWOK/wok_entities/LOC/dev/CR0-OCCT691-7-CR0-OCCT691-occt-64/inc/FairCurve_DistributionOfEnergy.hxx
+M FairCurve:privinclude:FairCurve_DistributionOfEnergy.jxx /misc/dn61/LocalWOK/wok_entities/LOC/dev/CR0-OCCT691-7-CR0-OCCT691-occt-64/drv/FairCurve/FairCurve_DistributionOfEnergy.jxx
+M FairCurve:privinclude:FairCurve_DistributionOfEnergy.ixx /misc/dn61/LocalWOK/wok_entities/LOC/dev/CR0-OCCT691-7-CR0-OCCT691-occt-64/drv/FairCurve/FairCurve_DistributionOfEnergy.ixx
+M FairCurve:pubinclude:FairCurve_DistributionOfSagging.hxx /misc/dn61/LocalWOK/wok_entities/LOC/dev/CR0-OCCT691-7-CR0-OCCT691-occt-64/inc/FairCurve_DistributionOfSagging.hxx
+M FairCurve:privinclude:FairCurve_DistributionOfSagging.jxx /misc/dn61/LocalWOK/wok_entities/LOC/dev/CR0-OCCT691-7-CR0-OCCT691-occt-64/drv/FairCurve/FairCurve_DistributionOfSagging.jxx
+M FairCurve:privinclude:FairCurve_DistributionOfSagging.ixx /misc/dn61/LocalWOK/wok_entities/LOC/dev/CR0-OCCT691-7-CR0-OCCT691-occt-64/drv/FairCurve/FairCurve_DistributionOfSagging.ixx
+M FairCurve:pubinclude:FairCurve_DistributionOfTension.hxx /misc/dn61/LocalWOK/wok_entities/LOC/dev/CR0-OCCT691-7-CR0-OCCT691-occt-64/inc/FairCurve_DistributionOfTension.hxx
+M FairCurve:privinclude:FairCurve_DistributionOfTension.jxx /misc/dn61/LocalWOK/wok_entities/LOC/dev/CR0-OCCT691-7-CR0-OCCT691-occt-64/drv/FairCurve/FairCurve_DistributionOfTension.jxx
+M FairCurve:privinclude:FairCurve_DistributionOfTension.ixx /misc/dn61/LocalWOK/wok_entities/LOC/dev/CR0-OCCT691-7-CR0-OCCT691-occt-64/drv/FairCurve/FairCurve_DistributionOfTension.ixx
+M FairCurve:pubinclude:FairCurve_DistributionOfJerk.hxx /misc/dn61/LocalWOK/wok_entities/LOC/dev/CR0-OCCT691-7-CR0-OCCT691-occt-64/inc/FairCurve_DistributionOfJerk.hxx
+M FairCurve:privinclude:FairCurve_DistributionOfJerk.jxx /misc/dn61/LocalWOK/wok_entities/LOC/dev/CR0-OCCT691-7-CR0-OCCT691-occt-64/drv/FairCurve/FairCurve_DistributionOfJerk.jxx
+M FairCurve:privinclude:FairCurve_DistributionOfJerk.ixx /misc/dn61/LocalWOK/wok_entities/LOC/dev/CR0-OCCT691-7-CR0-OCCT691-occt-64/drv/FairCurve/FairCurve_DistributionOfJerk.ixx
+M FairCurve:pubinclude:FairCurve_Energy.hxx /misc/dn61/LocalWOK/wok_entities/LOC/dev/CR0-OCCT691-7-CR0-OCCT691-occt-64/inc/FairCurve_Energy.hxx
+M FairCurve:privinclude:FairCurve_Energy.jxx /misc/dn61/LocalWOK/wok_entities/LOC/dev/CR0-OCCT691-7-CR0-OCCT691-occt-64/drv/FairCurve/FairCurve_Energy.jxx
+M FairCurve:privinclude:FairCurve_Energy.ixx /misc/dn61/LocalWOK/wok_entities/LOC/dev/CR0-OCCT691-7-CR0-OCCT691-occt-64/drv/FairCurve/FairCurve_Energy.ixx
+M FairCurve:pubinclude:FairCurve_EnergyOfBatten.hxx /misc/dn61/LocalWOK/wok_entities/LOC/dev/CR0-OCCT691-7-CR0-OCCT691-occt-64/inc/FairCurve_EnergyOfBatten.hxx
+M FairCurve:privinclude:FairCurve_EnergyOfBatten.jxx /misc/dn61/LocalWOK/wok_entities/LOC/dev/CR0-OCCT691-7-CR0-OCCT691-occt-64/drv/FairCurve/FairCurve_EnergyOfBatten.jxx
+M FairCurve:privinclude:FairCurve_EnergyOfBatten.ixx /misc/dn61/LocalWOK/wok_entities/LOC/dev/CR0-OCCT691-7-CR0-OCCT691-occt-64/drv/FairCurve/FairCurve_EnergyOfBatten.ixx
+M FairCurve:pubinclude:FairCurve_EnergyOfMVC.hxx /misc/dn61/LocalWOK/wok_entities/LOC/dev/CR0-OCCT691-7-CR0-OCCT691-occt-64/inc/FairCurve_EnergyOfMVC.hxx
+M FairCurve:privinclude:FairCurve_EnergyOfMVC.jxx /misc/dn61/LocalWOK/wok_entities/LOC/dev/CR0-OCCT691-7-CR0-OCCT691-occt-64/drv/FairCurve/FairCurve_EnergyOfMVC.jxx
+M FairCurve:privinclude:FairCurve_EnergyOfMVC.ixx /misc/dn61/LocalWOK/wok_entities/LOC/dev/CR0-OCCT691-7-CR0-OCCT691-occt-64/drv/FairCurve/FairCurve_EnergyOfMVC.ixx
+M FairCurve:pubinclude:FairCurve_Newton.hxx /misc/dn61/LocalWOK/wok_entities/LOC/dev/CR0-OCCT691-7-CR0-OCCT691-occt-64/inc/FairCurve_Newton.hxx
+M FairCurve:privinclude:FairCurve_Newton.jxx /misc/dn61/LocalWOK/wok_entities/LOC/dev/CR0-OCCT691-7-CR0-OCCT691-occt-64/drv/FairCurve/FairCurve_Newton.jxx
+M FairCurve:privinclude:FairCurve_Newton.ixx /misc/dn61/LocalWOK/wok_entities/LOC/dev/CR0-OCCT691-7-CR0-OCCT691-occt-64/drv/FairCurve/FairCurve_Newton.ixx
+M FairCurve:pubinclude:FairCurve_AnalysisCode.hxx /misc/dn61/LocalWOK/wok_entities/LOC/dev/CR0-OCCT691-7-CR0-OCCT691-occt-64/inc/FairCurve_AnalysisCode.hxx
+M FairCurve:dbadmfile:FairCurve_xcpp_header.In /misc/dn61/LocalWOK/wok_entities/LOC/dev/CR0-OCCT691-7-CR0-OCCT691-occt-64/drv/FairCurve/.adm/FairCurve_xcpp_header.In
+M FairCurve:dbadmfile:FairCurve_xcpp_header.Out /misc/dn61/LocalWOK/wok_entities/LOC/dev/CR0-OCCT691-7-CR0-OCCT691-occt-64/drv/FairCurve/.adm/FairCurve_xcpp_header.Out
+M FairCurve:dbadmfile:FairCurve_xcpp_header.Dep /misc/dn61/LocalWOK/wok_entities/LOC/dev/CR0-OCCT691-7-CR0-OCCT691-occt-64/drv/FairCurve/.adm/FairCurve_xcpp_header.Dep
