+M ShapeUpgrade:pubinclude:ShapeUpgrade.hxx /misc/dn61/LocalWOK/wok_entities/LOC/dev/CR0-OCCT691-7-CR0-OCCT691-occt-64/inc/ShapeUpgrade.hxx
+M ShapeUpgrade:privinclude:ShapeUpgrade.jxx /misc/dn61/LocalWOK/wok_entities/LOC/dev/CR0-OCCT691-7-CR0-OCCT691-occt-64/drv/ShapeUpgrade/ShapeUpgrade.jxx
+M ShapeUpgrade:privinclude:ShapeUpgrade.ixx /misc/dn61/LocalWOK/wok_entities/LOC/dev/CR0-OCCT691-7-CR0-OCCT691-occt-64/drv/ShapeUpgrade/ShapeUpgrade.ixx
+M ShapeUpgrade:pubinclude:Handle_ShapeUpgrade_Tool.hxx /misc/dn61/LocalWOK/wok_entities/LOC/dev/CR0-OCCT691-7-CR0-OCCT691-occt-64/inc/Handle_ShapeUpgrade_Tool.hxx
+M ShapeUpgrade:pubinclude:ShapeUpgrade_Tool.hxx /misc/dn61/LocalWOK/wok_entities/LOC/dev/CR0-OCCT691-7-CR0-OCCT691-occt-64/inc/ShapeUpgrade_Tool.hxx
+M ShapeUpgrade:privinclude:ShapeUpgrade_Tool.jxx /misc/dn61/LocalWOK/wok_entities/LOC/dev/CR0-OCCT691-7-CR0-OCCT691-occt-64/drv/ShapeUpgrade/ShapeUpgrade_Tool.jxx
+M ShapeUpgrade:privinclude:ShapeUpgrade_Tool.ixx /misc/dn61/LocalWOK/wok_entities/LOC/dev/CR0-OCCT691-7-CR0-OCCT691-occt-64/drv/ShapeUpgrade/ShapeUpgrade_Tool.ixx
+M ShapeUpgrade:pubinclude:Handle_ShapeUpgrade_EdgeDivide.hxx /misc/dn61/LocalWOK/wok_entities/LOC/dev/CR0-OCCT691-7-CR0-OCCT691-occt-64/inc/Handle_ShapeUpgrade_EdgeDivide.hxx
+M ShapeUpgrade:pubinclude:ShapeUpgrade_EdgeDivide.hxx /misc/dn61/LocalWOK/wok_entities/LOC/dev/CR0-OCCT691-7-CR0-OCCT691-occt-64/inc/ShapeUpgrade_EdgeDivide.hxx
+M ShapeUpgrade:privinclude:ShapeUpgrade_EdgeDivide.jxx /misc/dn61/LocalWOK/wok_entities/LOC/dev/CR0-OCCT691-7-CR0-OCCT691-occt-64/drv/ShapeUpgrade/ShapeUpgrade_EdgeDivide.jxx
+M ShapeUpgrade:privinclude:ShapeUpgrade_EdgeDivide.ixx /misc/dn61/LocalWOK/wok_entities/LOC/dev/CR0-OCCT691-7-CR0-OCCT691-occt-64/drv/ShapeUpgrade/ShapeUpgrade_EdgeDivide.ixx
+M ShapeUpgrade:pubinclude:Handle_ShapeUpgrade_ClosedEdgeDivide.hxx /misc/dn61/LocalWOK/wok_entities/LOC/dev/CR0-OCCT691-7-CR0-OCCT691-occt-64/inc/Handle_ShapeUpgrade_ClosedEdgeDivide.hxx
+M ShapeUpgrade:pubinclude:ShapeUpgrade_ClosedEdgeDivide.hxx /misc/dn61/LocalWOK/wok_entities/LOC/dev/CR0-OCCT691-7-CR0-OCCT691-occt-64/inc/ShapeUpgrade_ClosedEdgeDivide.hxx
+M ShapeUpgrade:privinclude:ShapeUpgrade_ClosedEdgeDivide.jxx /misc/dn61/LocalWOK/wok_entities/LOC/dev/CR0-OCCT691-7-CR0-OCCT691-occt-64/drv/ShapeUpgrade/ShapeUpgrade_ClosedEdgeDivide.jxx
+M ShapeUpgrade:privinclude:ShapeUpgrade_ClosedEdgeDivide.ixx /misc/dn61/LocalWOK/wok_entities/LOC/dev/CR0-OCCT691-7-CR0-OCCT691-occt-64/drv/ShapeUpgrade/ShapeUpgrade_ClosedEdgeDivide.ixx
+M ShapeUpgrade:pubinclude:Handle_ShapeUpgrade_WireDivide.hxx /misc/dn61/LocalWOK/wok_entities/LOC/dev/CR0-OCCT691-7-CR0-OCCT691-occt-64/inc/Handle_ShapeUpgrade_WireDivide.hxx
+M ShapeUpgrade:pubinclude:ShapeUpgrade_WireDivide.hxx /misc/dn61/LocalWOK/wok_entities/LOC/dev/CR0-OCCT691-7-CR0-OCCT691-occt-64/inc/ShapeUpgrade_WireDivide.hxx
+M ShapeUpgrade:privinclude:ShapeUpgrade_WireDivide.jxx /misc/dn61/LocalWOK/wok_entities/LOC/dev/CR0-OCCT691-7-CR0-OCCT691-occt-64/drv/ShapeUpgrade/ShapeUpgrade_WireDivide.jxx
+M ShapeUpgrade:privinclude:ShapeUpgrade_WireDivide.ixx /misc/dn61/LocalWOK/wok_entities/LOC/dev/CR0-OCCT691-7-CR0-OCCT691-occt-64/drv/ShapeUpgrade/ShapeUpgrade_WireDivide.ixx
+M ShapeUpgrade:pubinclude:Handle_ShapeUpgrade_FaceDivide.hxx /misc/dn61/LocalWOK/wok_entities/LOC/dev/CR0-OCCT691-7-CR0-OCCT691-occt-64/inc/Handle_ShapeUpgrade_FaceDivide.hxx
+M ShapeUpgrade:pubinclude:ShapeUpgrade_FaceDivide.hxx /misc/dn61/LocalWOK/wok_entities/LOC/dev/CR0-OCCT691-7-CR0-OCCT691-occt-64/inc/ShapeUpgrade_FaceDivide.hxx
+M ShapeUpgrade:privinclude:ShapeUpgrade_FaceDivide.jxx /misc/dn61/LocalWOK/wok_entities/LOC/dev/CR0-OCCT691-7-CR0-OCCT691-occt-64/drv/ShapeUpgrade/ShapeUpgrade_FaceDivide.jxx
+M ShapeUpgrade:privinclude:ShapeUpgrade_FaceDivide.ixx /misc/dn61/LocalWOK/wok_entities/LOC/dev/CR0-OCCT691-7-CR0-OCCT691-occt-64/drv/ShapeUpgrade/ShapeUpgrade_FaceDivide.ixx
+M ShapeUpgrade:pubinclude:Handle_ShapeUpgrade_ClosedFaceDivide.hxx /misc/dn61/LocalWOK/wok_entities/LOC/dev/CR0-OCCT691-7-CR0-OCCT691-occt-64/inc/Handle_ShapeUpgrade_ClosedFaceDivide.hxx
+M ShapeUpgrade:pubinclude:ShapeUpgrade_ClosedFaceDivide.hxx /misc/dn61/LocalWOK/wok_entities/LOC/dev/CR0-OCCT691-7-CR0-OCCT691-occt-64/inc/ShapeUpgrade_ClosedFaceDivide.hxx
+M ShapeUpgrade:privinclude:ShapeUpgrade_ClosedFaceDivide.jxx /misc/dn61/LocalWOK/wok_entities/LOC/dev/CR0-OCCT691-7-CR0-OCCT691-occt-64/drv/ShapeUpgrade/ShapeUpgrade_ClosedFaceDivide.jxx
+M ShapeUpgrade:privinclude:ShapeUpgrade_ClosedFaceDivide.ixx /misc/dn61/LocalWOK/wok_entities/LOC/dev/CR0-OCCT691-7-CR0-OCCT691-occt-64/drv/ShapeUpgrade/ShapeUpgrade_ClosedFaceDivide.ixx
+M ShapeUpgrade:pubinclude:Handle_ShapeUpgrade_FaceDivideArea.hxx /misc/dn61/LocalWOK/wok_entities/LOC/dev/CR0-OCCT691-7-CR0-OCCT691-occt-64/inc/Handle_ShapeUpgrade_FaceDivideArea.hxx
+M ShapeUpgrade:pubinclude:ShapeUpgrade_FaceDivideArea.hxx /misc/dn61/LocalWOK/wok_entities/LOC/dev/CR0-OCCT691-7-CR0-OCCT691-occt-64/inc/ShapeUpgrade_FaceDivideArea.hxx
+M ShapeUpgrade:privinclude:ShapeUpgrade_FaceDivideArea.jxx /misc/dn61/LocalWOK/wok_entities/LOC/dev/CR0-OCCT691-7-CR0-OCCT691-occt-64/drv/ShapeUpgrade/ShapeUpgrade_FaceDivideArea.jxx
+M ShapeUpgrade:privinclude:ShapeUpgrade_FaceDivideArea.ixx /misc/dn61/LocalWOK/wok_entities/LOC/dev/CR0-OCCT691-7-CR0-OCCT691-occt-64/drv/ShapeUpgrade/ShapeUpgrade_FaceDivideArea.ixx
+M ShapeUpgrade:pubinclude:ShapeUpgrade_ShapeDivide.hxx /misc/dn61/LocalWOK/wok_entities/LOC/dev/CR0-OCCT691-7-CR0-OCCT691-occt-64/inc/ShapeUpgrade_ShapeDivide.hxx
+M ShapeUpgrade:privinclude:ShapeUpgrade_ShapeDivide.jxx /misc/dn61/LocalWOK/wok_entities/LOC/dev/CR0-OCCT691-7-CR0-OCCT691-occt-64/drv/ShapeUpgrade/ShapeUpgrade_ShapeDivide.jxx
+M ShapeUpgrade:privinclude:ShapeUpgrade_ShapeDivide.ixx /misc/dn61/LocalWOK/wok_entities/LOC/dev/CR0-OCCT691-7-CR0-OCCT691-occt-64/drv/ShapeUpgrade/ShapeUpgrade_ShapeDivide.ixx
+M ShapeUpgrade:pubinclude:ShapeUpgrade_ShapeDivideArea.hxx /misc/dn61/LocalWOK/wok_entities/LOC/dev/CR0-OCCT691-7-CR0-OCCT691-occt-64/inc/ShapeUpgrade_ShapeDivideArea.hxx
+M ShapeUpgrade:privinclude:ShapeUpgrade_ShapeDivideArea.jxx /misc/dn61/LocalWOK/wok_entities/LOC/dev/CR0-OCCT691-7-CR0-OCCT691-occt-64/drv/ShapeUpgrade/ShapeUpgrade_ShapeDivideArea.jxx
+M ShapeUpgrade:privinclude:ShapeUpgrade_ShapeDivideArea.ixx /misc/dn61/LocalWOK/wok_entities/LOC/dev/CR0-OCCT691-7-CR0-OCCT691-occt-64/drv/ShapeUpgrade/ShapeUpgrade_ShapeDivideArea.ixx
+M ShapeUpgrade:pubinclude:ShapeUpgrade_ShapeDivideContinuity.hxx /misc/dn61/LocalWOK/wok_entities/LOC/dev/CR0-OCCT691-7-CR0-OCCT691-occt-64/inc/ShapeUpgrade_ShapeDivideContinuity.hxx
+M ShapeUpgrade:privinclude:ShapeUpgrade_ShapeDivideContinuity.jxx /misc/dn61/LocalWOK/wok_entities/LOC/dev/CR0-OCCT691-7-CR0-OCCT691-occt-64/drv/ShapeUpgrade/ShapeUpgrade_ShapeDivideContinuity.jxx
+M ShapeUpgrade:privinclude:ShapeUpgrade_ShapeDivideContinuity.ixx /misc/dn61/LocalWOK/wok_entities/LOC/dev/CR0-OCCT691-7-CR0-OCCT691-occt-64/drv/ShapeUpgrade/ShapeUpgrade_ShapeDivideContinuity.ixx
+M ShapeUpgrade:pubinclude:ShapeUpgrade_ShapeDivideAngle.hxx /misc/dn61/LocalWOK/wok_entities/LOC/dev/CR0-OCCT691-7-CR0-OCCT691-occt-64/inc/ShapeUpgrade_ShapeDivideAngle.hxx
+M ShapeUpgrade:privinclude:ShapeUpgrade_ShapeDivideAngle.jxx /misc/dn61/LocalWOK/wok_entities/LOC/dev/CR0-OCCT691-7-CR0-OCCT691-occt-64/drv/ShapeUpgrade/ShapeUpgrade_ShapeDivideAngle.jxx
+M ShapeUpgrade:privinclude:ShapeUpgrade_ShapeDivideAngle.ixx /misc/dn61/LocalWOK/wok_entities/LOC/dev/CR0-OCCT691-7-CR0-OCCT691-occt-64/drv/ShapeUpgrade/ShapeUpgrade_ShapeDivideAngle.ixx
+M ShapeUpgrade:pubinclude:ShapeUpgrade_ShapeConvertToBezier.hxx /misc/dn61/LocalWOK/wok_entities/LOC/dev/CR0-OCCT691-7-CR0-OCCT691-occt-64/inc/ShapeUpgrade_ShapeConvertToBezier.hxx
+M ShapeUpgrade:privinclude:ShapeUpgrade_ShapeConvertToBezier.jxx /misc/dn61/LocalWOK/wok_entities/LOC/dev/CR0-OCCT691-7-CR0-OCCT691-occt-64/drv/ShapeUpgrade/ShapeUpgrade_ShapeConvertToBezier.jxx
+M ShapeUpgrade:privinclude:ShapeUpgrade_ShapeConvertToBezier.ixx /misc/dn61/LocalWOK/wok_entities/LOC/dev/CR0-OCCT691-7-CR0-OCCT691-occt-64/drv/ShapeUpgrade/ShapeUpgrade_ShapeConvertToBezier.ixx
+M ShapeUpgrade:pubinclude:ShapeUpgrade_ShapeDivideClosed.hxx /misc/dn61/LocalWOK/wok_entities/LOC/dev/CR0-OCCT691-7-CR0-OCCT691-occt-64/inc/ShapeUpgrade_ShapeDivideClosed.hxx
+M ShapeUpgrade:privinclude:ShapeUpgrade_ShapeDivideClosed.jxx /misc/dn61/LocalWOK/wok_entities/LOC/dev/CR0-OCCT691-7-CR0-OCCT691-occt-64/drv/ShapeUpgrade/ShapeUpgrade_ShapeDivideClosed.jxx
+M ShapeUpgrade:privinclude:ShapeUpgrade_ShapeDivideClosed.ixx /misc/dn61/LocalWOK/wok_entities/LOC/dev/CR0-OCCT691-7-CR0-OCCT691-occt-64/drv/ShapeUpgrade/ShapeUpgrade_ShapeDivideClosed.ixx
+M ShapeUpgrade:pubinclude:ShapeUpgrade_ShapeDivideClosedEdges.hxx /misc/dn61/LocalWOK/wok_entities/LOC/dev/CR0-OCCT691-7-CR0-OCCT691-occt-64/inc/ShapeUpgrade_ShapeDivideClosedEdges.hxx
+M ShapeUpgrade:privinclude:ShapeUpgrade_ShapeDivideClosedEdges.jxx /misc/dn61/LocalWOK/wok_entities/LOC/dev/CR0-OCCT691-7-CR0-OCCT691-occt-64/drv/ShapeUpgrade/ShapeUpgrade_ShapeDivideClosedEdges.jxx
+M ShapeUpgrade:privinclude:ShapeUpgrade_ShapeDivideClosedEdges.ixx /misc/dn61/LocalWOK/wok_entities/LOC/dev/CR0-OCCT691-7-CR0-OCCT691-occt-64/drv/ShapeUpgrade/ShapeUpgrade_ShapeDivideClosedEdges.ixx
+M ShapeUpgrade:pubinclude:Handle_ShapeUpgrade_SplitCurve.hxx /misc/dn61/LocalWOK/wok_entities/LOC/dev/CR0-OCCT691-7-CR0-OCCT691-occt-64/inc/Handle_ShapeUpgrade_SplitCurve.hxx
+M ShapeUpgrade:pubinclude:ShapeUpgrade_SplitCurve.hxx /misc/dn61/LocalWOK/wok_entities/LOC/dev/CR0-OCCT691-7-CR0-OCCT691-occt-64/inc/ShapeUpgrade_SplitCurve.hxx
+M ShapeUpgrade:privinclude:ShapeUpgrade_SplitCurve.jxx /misc/dn61/LocalWOK/wok_entities/LOC/dev/CR0-OCCT691-7-CR0-OCCT691-occt-64/drv/ShapeUpgrade/ShapeUpgrade_SplitCurve.jxx
+M ShapeUpgrade:privinclude:ShapeUpgrade_SplitCurve.ixx /misc/dn61/LocalWOK/wok_entities/LOC/dev/CR0-OCCT691-7-CR0-OCCT691-occt-64/drv/ShapeUpgrade/ShapeUpgrade_SplitCurve.ixx
+M ShapeUpgrade:pubinclude:Handle_ShapeUpgrade_SplitCurve2d.hxx /misc/dn61/LocalWOK/wok_entities/LOC/dev/CR0-OCCT691-7-CR0-OCCT691-occt-64/inc/Handle_ShapeUpgrade_SplitCurve2d.hxx
+M ShapeUpgrade:pubinclude:ShapeUpgrade_SplitCurve2d.hxx /misc/dn61/LocalWOK/wok_entities/LOC/dev/CR0-OCCT691-7-CR0-OCCT691-occt-64/inc/ShapeUpgrade_SplitCurve2d.hxx
+M ShapeUpgrade:privinclude:ShapeUpgrade_SplitCurve2d.jxx /misc/dn61/LocalWOK/wok_entities/LOC/dev/CR0-OCCT691-7-CR0-OCCT691-occt-64/drv/ShapeUpgrade/ShapeUpgrade_SplitCurve2d.jxx
+M ShapeUpgrade:privinclude:ShapeUpgrade_SplitCurve2d.ixx /misc/dn61/LocalWOK/wok_entities/LOC/dev/CR0-OCCT691-7-CR0-OCCT691-occt-64/drv/ShapeUpgrade/ShapeUpgrade_SplitCurve2d.ixx
+M ShapeUpgrade:pubinclude:Handle_ShapeUpgrade_SplitCurve2dContinuity.hxx /misc/dn61/LocalWOK/wok_entities/LOC/dev/CR0-OCCT691-7-CR0-OCCT691-occt-64/inc/Handle_ShapeUpgrade_SplitCurve2dContinuity.hxx
+M ShapeUpgrade:pubinclude:ShapeUpgrade_SplitCurve2dContinuity.hxx /misc/dn61/LocalWOK/wok_entities/LOC/dev/CR0-OCCT691-7-CR0-OCCT691-occt-64/inc/ShapeUpgrade_SplitCurve2dContinuity.hxx
+M ShapeUpgrade:privinclude:ShapeUpgrade_SplitCurve2dContinuity.jxx /misc/dn61/LocalWOK/wok_entities/LOC/dev/CR0-OCCT691-7-CR0-OCCT691-occt-64/drv/ShapeUpgrade/ShapeUpgrade_SplitCurve2dContinuity.jxx
+M ShapeUpgrade:privinclude:ShapeUpgrade_SplitCurve2dContinuity.ixx /misc/dn61/LocalWOK/wok_entities/LOC/dev/CR0-OCCT691-7-CR0-OCCT691-occt-64/drv/ShapeUpgrade/ShapeUpgrade_SplitCurve2dContinuity.ixx
+M ShapeUpgrade:pubinclude:Handle_ShapeUpgrade_ConvertCurve2dToBezier.hxx /misc/dn61/LocalWOK/wok_entities/LOC/dev/CR0-OCCT691-7-CR0-OCCT691-occt-64/inc/Handle_ShapeUpgrade_ConvertCurve2dToBezier.hxx
+M ShapeUpgrade:pubinclude:ShapeUpgrade_ConvertCurve2dToBezier.hxx /misc/dn61/LocalWOK/wok_entities/LOC/dev/CR0-OCCT691-7-CR0-OCCT691-occt-64/inc/ShapeUpgrade_ConvertCurve2dToBezier.hxx
+M ShapeUpgrade:privinclude:ShapeUpgrade_ConvertCurve2dToBezier.jxx /misc/dn61/LocalWOK/wok_entities/LOC/dev/CR0-OCCT691-7-CR0-OCCT691-occt-64/drv/ShapeUpgrade/ShapeUpgrade_ConvertCurve2dToBezier.jxx
+M ShapeUpgrade:privinclude:ShapeUpgrade_ConvertCurve2dToBezier.ixx /misc/dn61/LocalWOK/wok_entities/LOC/dev/CR0-OCCT691-7-CR0-OCCT691-occt-64/drv/ShapeUpgrade/ShapeUpgrade_ConvertCurve2dToBezier.ixx
+M ShapeUpgrade:pubinclude:Handle_ShapeUpgrade_SplitCurve3d.hxx /misc/dn61/LocalWOK/wok_entities/LOC/dev/CR0-OCCT691-7-CR0-OCCT691-occt-64/inc/Handle_ShapeUpgrade_SplitCurve3d.hxx
+M ShapeUpgrade:pubinclude:ShapeUpgrade_SplitCurve3d.hxx /misc/dn61/LocalWOK/wok_entities/LOC/dev/CR0-OCCT691-7-CR0-OCCT691-occt-64/inc/ShapeUpgrade_SplitCurve3d.hxx
+M ShapeUpgrade:privinclude:ShapeUpgrade_SplitCurve3d.jxx /misc/dn61/LocalWOK/wok_entities/LOC/dev/CR0-OCCT691-7-CR0-OCCT691-occt-64/drv/ShapeUpgrade/ShapeUpgrade_SplitCurve3d.jxx
+M ShapeUpgrade:privinclude:ShapeUpgrade_SplitCurve3d.ixx /misc/dn61/LocalWOK/wok_entities/LOC/dev/CR0-OCCT691-7-CR0-OCCT691-occt-64/drv/ShapeUpgrade/ShapeUpgrade_SplitCurve3d.ixx
+M ShapeUpgrade:pubinclude:Handle_ShapeUpgrade_SplitCurve3dContinuity.hxx /misc/dn61/LocalWOK/wok_entities/LOC/dev/CR0-OCCT691-7-CR0-OCCT691-occt-64/inc/Handle_ShapeUpgrade_SplitCurve3dContinuity.hxx
+M ShapeUpgrade:pubinclude:ShapeUpgrade_SplitCurve3dContinuity.hxx /misc/dn61/LocalWOK/wok_entities/LOC/dev/CR0-OCCT691-7-CR0-OCCT691-occt-64/inc/ShapeUpgrade_SplitCurve3dContinuity.hxx
+M ShapeUpgrade:privinclude:ShapeUpgrade_SplitCurve3dContinuity.jxx /misc/dn61/LocalWOK/wok_entities/LOC/dev/CR0-OCCT691-7-CR0-OCCT691-occt-64/drv/ShapeUpgrade/ShapeUpgrade_SplitCurve3dContinuity.jxx
+M ShapeUpgrade:privinclude:ShapeUpgrade_SplitCurve3dContinuity.ixx /misc/dn61/LocalWOK/wok_entities/LOC/dev/CR0-OCCT691-7-CR0-OCCT691-occt-64/drv/ShapeUpgrade/ShapeUpgrade_SplitCurve3dContinuity.ixx
+M ShapeUpgrade:pubinclude:Handle_ShapeUpgrade_ConvertCurve3dToBezier.hxx /misc/dn61/LocalWOK/wok_entities/LOC/dev/CR0-OCCT691-7-CR0-OCCT691-occt-64/inc/Handle_ShapeUpgrade_ConvertCurve3dToBezier.hxx
+M ShapeUpgrade:pubinclude:ShapeUpgrade_ConvertCurve3dToBezier.hxx /misc/dn61/LocalWOK/wok_entities/LOC/dev/CR0-OCCT691-7-CR0-OCCT691-occt-64/inc/ShapeUpgrade_ConvertCurve3dToBezier.hxx
+M ShapeUpgrade:privinclude:ShapeUpgrade_ConvertCurve3dToBezier.jxx /misc/dn61/LocalWOK/wok_entities/LOC/dev/CR0-OCCT691-7-CR0-OCCT691-occt-64/drv/ShapeUpgrade/ShapeUpgrade_ConvertCurve3dToBezier.jxx
+M ShapeUpgrade:privinclude:ShapeUpgrade_ConvertCurve3dToBezier.ixx /misc/dn61/LocalWOK/wok_entities/LOC/dev/CR0-OCCT691-7-CR0-OCCT691-occt-64/drv/ShapeUpgrade/ShapeUpgrade_ConvertCurve3dToBezier.ixx
+M ShapeUpgrade:pubinclude:Handle_ShapeUpgrade_SplitSurface.hxx /misc/dn61/LocalWOK/wok_entities/LOC/dev/CR0-OCCT691-7-CR0-OCCT691-occt-64/inc/Handle_ShapeUpgrade_SplitSurface.hxx
+M ShapeUpgrade:pubinclude:ShapeUpgrade_SplitSurface.hxx /misc/dn61/LocalWOK/wok_entities/LOC/dev/CR0-OCCT691-7-CR0-OCCT691-occt-64/inc/ShapeUpgrade_SplitSurface.hxx
+M ShapeUpgrade:privinclude:ShapeUpgrade_SplitSurface.jxx /misc/dn61/LocalWOK/wok_entities/LOC/dev/CR0-OCCT691-7-CR0-OCCT691-occt-64/drv/ShapeUpgrade/ShapeUpgrade_SplitSurface.jxx
+M ShapeUpgrade:privinclude:ShapeUpgrade_SplitSurface.ixx /misc/dn61/LocalWOK/wok_entities/LOC/dev/CR0-OCCT691-7-CR0-OCCT691-occt-64/drv/ShapeUpgrade/ShapeUpgrade_SplitSurface.ixx
+M ShapeUpgrade:pubinclude:Handle_ShapeUpgrade_SplitSurfaceContinuity.hxx /misc/dn61/LocalWOK/wok_entities/LOC/dev/CR0-OCCT691-7-CR0-OCCT691-occt-64/inc/Handle_ShapeUpgrade_SplitSurfaceContinuity.hxx
+M ShapeUpgrade:pubinclude:ShapeUpgrade_SplitSurfaceContinuity.hxx /misc/dn61/LocalWOK/wok_entities/LOC/dev/CR0-OCCT691-7-CR0-OCCT691-occt-64/inc/ShapeUpgrade_SplitSurfaceContinuity.hxx
+M ShapeUpgrade:privinclude:ShapeUpgrade_SplitSurfaceContinuity.jxx /misc/dn61/LocalWOK/wok_entities/LOC/dev/CR0-OCCT691-7-CR0-OCCT691-occt-64/drv/ShapeUpgrade/ShapeUpgrade_SplitSurfaceContinuity.jxx
+M ShapeUpgrade:privinclude:ShapeUpgrade_SplitSurfaceContinuity.ixx /misc/dn61/LocalWOK/wok_entities/LOC/dev/CR0-OCCT691-7-CR0-OCCT691-occt-64/drv/ShapeUpgrade/ShapeUpgrade_SplitSurfaceContinuity.ixx
+M ShapeUpgrade:pubinclude:Handle_ShapeUpgrade_SplitSurfaceAngle.hxx /misc/dn61/LocalWOK/wok_entities/LOC/dev/CR0-OCCT691-7-CR0-OCCT691-occt-64/inc/Handle_ShapeUpgrade_SplitSurfaceAngle.hxx
+M ShapeUpgrade:pubinclude:ShapeUpgrade_SplitSurfaceAngle.hxx /misc/dn61/LocalWOK/wok_entities/LOC/dev/CR0-OCCT691-7-CR0-OCCT691-occt-64/inc/ShapeUpgrade_SplitSurfaceAngle.hxx
+M ShapeUpgrade:privinclude:ShapeUpgrade_SplitSurfaceAngle.jxx /misc/dn61/LocalWOK/wok_entities/LOC/dev/CR0-OCCT691-7-CR0-OCCT691-occt-64/drv/ShapeUpgrade/ShapeUpgrade_SplitSurfaceAngle.jxx
+M ShapeUpgrade:privinclude:ShapeUpgrade_SplitSurfaceAngle.ixx /misc/dn61/LocalWOK/wok_entities/LOC/dev/CR0-OCCT691-7-CR0-OCCT691-occt-64/drv/ShapeUpgrade/ShapeUpgrade_SplitSurfaceAngle.ixx
+M ShapeUpgrade:pubinclude:Handle_ShapeUpgrade_ConvertSurfaceToBezierBasis.hxx /misc/dn61/LocalWOK/wok_entities/LOC/dev/CR0-OCCT691-7-CR0-OCCT691-occt-64/inc/Handle_ShapeUpgrade_ConvertSurfaceToBezierBasis.hxx
+M ShapeUpgrade:pubinclude:ShapeUpgrade_ConvertSurfaceToBezierBasis.hxx /misc/dn61/LocalWOK/wok_entities/LOC/dev/CR0-OCCT691-7-CR0-OCCT691-occt-64/inc/ShapeUpgrade_ConvertSurfaceToBezierBasis.hxx
+M ShapeUpgrade:privinclude:ShapeUpgrade_ConvertSurfaceToBezierBasis.jxx /misc/dn61/LocalWOK/wok_entities/LOC/dev/CR0-OCCT691-7-CR0-OCCT691-occt-64/drv/ShapeUpgrade/ShapeUpgrade_ConvertSurfaceToBezierBasis.jxx
+M ShapeUpgrade:privinclude:ShapeUpgrade_ConvertSurfaceToBezierBasis.ixx /misc/dn61/LocalWOK/wok_entities/LOC/dev/CR0-OCCT691-7-CR0-OCCT691-occt-64/drv/ShapeUpgrade/ShapeUpgrade_ConvertSurfaceToBezierBasis.ixx
+M ShapeUpgrade:pubinclude:Handle_ShapeUpgrade_SplitSurfaceArea.hxx /misc/dn61/LocalWOK/wok_entities/LOC/dev/CR0-OCCT691-7-CR0-OCCT691-occt-64/inc/Handle_ShapeUpgrade_SplitSurfaceArea.hxx
+M ShapeUpgrade:pubinclude:ShapeUpgrade_SplitSurfaceArea.hxx /misc/dn61/LocalWOK/wok_entities/LOC/dev/CR0-OCCT691-7-CR0-OCCT691-occt-64/inc/ShapeUpgrade_SplitSurfaceArea.hxx
+M ShapeUpgrade:privinclude:ShapeUpgrade_SplitSurfaceArea.jxx /misc/dn61/LocalWOK/wok_entities/LOC/dev/CR0-OCCT691-7-CR0-OCCT691-occt-64/drv/ShapeUpgrade/ShapeUpgrade_SplitSurfaceArea.jxx
+M ShapeUpgrade:privinclude:ShapeUpgrade_SplitSurfaceArea.ixx /misc/dn61/LocalWOK/wok_entities/LOC/dev/CR0-OCCT691-7-CR0-OCCT691-occt-64/drv/ShapeUpgrade/ShapeUpgrade_SplitSurfaceArea.ixx
+M ShapeUpgrade:pubinclude:ShapeUpgrade_ShellSewing.hxx /misc/dn61/LocalWOK/wok_entities/LOC/dev/CR0-OCCT691-7-CR0-OCCT691-occt-64/inc/ShapeUpgrade_ShellSewing.hxx
+M ShapeUpgrade:privinclude:ShapeUpgrade_ShellSewing.jxx /misc/dn61/LocalWOK/wok_entities/LOC/dev/CR0-OCCT691-7-CR0-OCCT691-occt-64/drv/ShapeUpgrade/ShapeUpgrade_ShellSewing.jxx
+M ShapeUpgrade:privinclude:ShapeUpgrade_ShellSewing.ixx /misc/dn61/LocalWOK/wok_entities/LOC/dev/CR0-OCCT691-7-CR0-OCCT691-occt-64/drv/ShapeUpgrade/ShapeUpgrade_ShellSewing.ixx
+M ShapeUpgrade:pubinclude:Handle_ShapeUpgrade_FixSmallCurves.hxx /misc/dn61/LocalWOK/wok_entities/LOC/dev/CR0-OCCT691-7-CR0-OCCT691-occt-64/inc/Handle_ShapeUpgrade_FixSmallCurves.hxx
+M ShapeUpgrade:pubinclude:ShapeUpgrade_FixSmallCurves.hxx /misc/dn61/LocalWOK/wok_entities/LOC/dev/CR0-OCCT691-7-CR0-OCCT691-occt-64/inc/ShapeUpgrade_FixSmallCurves.hxx
+M ShapeUpgrade:privinclude:ShapeUpgrade_FixSmallCurves.jxx /misc/dn61/LocalWOK/wok_entities/LOC/dev/CR0-OCCT691-7-CR0-OCCT691-occt-64/drv/ShapeUpgrade/ShapeUpgrade_FixSmallCurves.jxx
+M ShapeUpgrade:privinclude:ShapeUpgrade_FixSmallCurves.ixx /misc/dn61/LocalWOK/wok_entities/LOC/dev/CR0-OCCT691-7-CR0-OCCT691-occt-64/drv/ShapeUpgrade/ShapeUpgrade_FixSmallCurves.ixx
+M ShapeUpgrade:pubinclude:Handle_ShapeUpgrade_FixSmallBezierCurves.hxx /misc/dn61/LocalWOK/wok_entities/LOC/dev/CR0-OCCT691-7-CR0-OCCT691-occt-64/inc/Handle_ShapeUpgrade_FixSmallBezierCurves.hxx
+M ShapeUpgrade:pubinclude:ShapeUpgrade_FixSmallBezierCurves.hxx /misc/dn61/LocalWOK/wok_entities/LOC/dev/CR0-OCCT691-7-CR0-OCCT691-occt-64/inc/ShapeUpgrade_FixSmallBezierCurves.hxx
+M ShapeUpgrade:privinclude:ShapeUpgrade_FixSmallBezierCurves.jxx /misc/dn61/LocalWOK/wok_entities/LOC/dev/CR0-OCCT691-7-CR0-OCCT691-occt-64/drv/ShapeUpgrade/ShapeUpgrade_FixSmallBezierCurves.jxx
+M ShapeUpgrade:privinclude:ShapeUpgrade_FixSmallBezierCurves.ixx /misc/dn61/LocalWOK/wok_entities/LOC/dev/CR0-OCCT691-7-CR0-OCCT691-occt-64/drv/ShapeUpgrade/ShapeUpgrade_FixSmallBezierCurves.ixx
+M ShapeUpgrade:pubinclude:Handle_ShapeUpgrade_RemoveLocations.hxx /misc/dn61/LocalWOK/wok_entities/LOC/dev/CR0-OCCT691-7-CR0-OCCT691-occt-64/inc/Handle_ShapeUpgrade_RemoveLocations.hxx
+M ShapeUpgrade:pubinclude:ShapeUpgrade_RemoveLocations.hxx /misc/dn61/LocalWOK/wok_entities/LOC/dev/CR0-OCCT691-7-CR0-OCCT691-occt-64/inc/ShapeUpgrade_RemoveLocations.hxx
+M ShapeUpgrade:privinclude:ShapeUpgrade_RemoveLocations.jxx /misc/dn61/LocalWOK/wok_entities/LOC/dev/CR0-OCCT691-7-CR0-OCCT691-occt-64/drv/ShapeUpgrade/ShapeUpgrade_RemoveLocations.jxx
+M ShapeUpgrade:privinclude:ShapeUpgrade_RemoveLocations.ixx /misc/dn61/LocalWOK/wok_entities/LOC/dev/CR0-OCCT691-7-CR0-OCCT691-occt-64/drv/ShapeUpgrade/ShapeUpgrade_RemoveLocations.ixx
+M ShapeUpgrade:pubinclude:Handle_ShapeUpgrade_RemoveInternalWires.hxx /misc/dn61/LocalWOK/wok_entities/LOC/dev/CR0-OCCT691-7-CR0-OCCT691-occt-64/inc/Handle_ShapeUpgrade_RemoveInternalWires.hxx
+M ShapeUpgrade:pubinclude:ShapeUpgrade_RemoveInternalWires.hxx /misc/dn61/LocalWOK/wok_entities/LOC/dev/CR0-OCCT691-7-CR0-OCCT691-occt-64/inc/ShapeUpgrade_RemoveInternalWires.hxx
+M ShapeUpgrade:privinclude:ShapeUpgrade_RemoveInternalWires.jxx /misc/dn61/LocalWOK/wok_entities/LOC/dev/CR0-OCCT691-7-CR0-OCCT691-occt-64/drv/ShapeUpgrade/ShapeUpgrade_RemoveInternalWires.jxx
+M ShapeUpgrade:privinclude:ShapeUpgrade_RemoveInternalWires.ixx /misc/dn61/LocalWOK/wok_entities/LOC/dev/CR0-OCCT691-7-CR0-OCCT691-occt-64/drv/ShapeUpgrade/ShapeUpgrade_RemoveInternalWires.ixx
+M ShapeUpgrade:pubinclude:Handle_ShapeUpgrade_UnifySameDomain.hxx /misc/dn61/LocalWOK/wok_entities/LOC/dev/CR0-OCCT691-7-CR0-OCCT691-occt-64/inc/Handle_ShapeUpgrade_UnifySameDomain.hxx
+M ShapeUpgrade:pubinclude:ShapeUpgrade_UnifySameDomain.hxx /misc/dn61/LocalWOK/wok_entities/LOC/dev/CR0-OCCT691-7-CR0-OCCT691-occt-64/inc/ShapeUpgrade_UnifySameDomain.hxx
+M ShapeUpgrade:privinclude:ShapeUpgrade_UnifySameDomain.jxx /misc/dn61/LocalWOK/wok_entities/LOC/dev/CR0-OCCT691-7-CR0-OCCT691-occt-64/drv/ShapeUpgrade/ShapeUpgrade_UnifySameDomain.jxx
+M ShapeUpgrade:privinclude:ShapeUpgrade_UnifySameDomain.ixx /misc/dn61/LocalWOK/wok_entities/LOC/dev/CR0-OCCT691-7-CR0-OCCT691-occt-64/drv/ShapeUpgrade/ShapeUpgrade_UnifySameDomain.ixx
+M ShapeUpgrade:dbadmfile:ShapeUpgrade_xcpp_header.In /misc/dn61/LocalWOK/wok_entities/LOC/dev/CR0-OCCT691-7-CR0-OCCT691-occt-64/drv/ShapeUpgrade/.adm/ShapeUpgrade_xcpp_header.In
+M ShapeUpgrade:dbadmfile:ShapeUpgrade_xcpp_header.Out /misc/dn61/LocalWOK/wok_entities/LOC/dev/CR0-OCCT691-7-CR0-OCCT691-occt-64/drv/ShapeUpgrade/.adm/ShapeUpgrade_xcpp_header.Out
+M ShapeUpgrade:dbadmfile:ShapeUpgrade_xcpp_header.Dep /misc/dn61/LocalWOK/wok_entities/LOC/dev/CR0-OCCT691-7-CR0-OCCT691-occt-64/drv/ShapeUpgrade/.adm/ShapeUpgrade_xcpp_header.Dep
