+M TNaming:pubinclude:TNaming.hxx /misc/dn61/LocalWOK/wok_entities/LOC/dev/CR0-OCCT691-7-CR0-OCCT691-occt-64/inc/TNaming.hxx
+M TNaming:privinclude:TNaming.jxx /misc/dn61/LocalWOK/wok_entities/LOC/dev/CR0-OCCT691-7-CR0-OCCT691-occt-64/drv/TNaming/TNaming.jxx
+M TNaming:privinclude:TNaming.ixx /misc/dn61/LocalWOK/wok_entities/LOC/dev/CR0-OCCT691-7-CR0-OCCT691-occt-64/drv/TNaming/TNaming.ixx
+M TNaming:pubinclude:TNaming_CopyShape.hxx /misc/dn61/LocalWOK/wok_entities/LOC/dev/CR0-OCCT691-7-CR0-OCCT691-occt-64/inc/TNaming_CopyShape.hxx
+M TNaming:privinclude:TNaming_CopyShape.jxx /misc/dn61/LocalWOK/wok_entities/LOC/dev/CR0-OCCT691-7-CR0-OCCT691-occt-64/drv/TNaming/TNaming_CopyShape.jxx
+M TNaming:privinclude:TNaming_CopyShape.ixx /misc/dn61/LocalWOK/wok_entities/LOC/dev/CR0-OCCT691-7-CR0-OCCT691-occt-64/drv/TNaming/TNaming_CopyShape.ixx
+M TNaming:pubinclude:Handle_TNaming_TranslateTool.hxx /misc/dn61/LocalWOK/wok_entities/LOC/dev/CR0-OCCT691-7-CR0-OCCT691-occt-64/inc/Handle_TNaming_TranslateTool.hxx
+M TNaming:pubinclude:TNaming_TranslateTool.hxx /misc/dn61/LocalWOK/wok_entities/LOC/dev/CR0-OCCT691-7-CR0-OCCT691-occt-64/inc/TNaming_TranslateTool.hxx
+M TNaming:privinclude:TNaming_TranslateTool.jxx /misc/dn61/LocalWOK/wok_entities/LOC/dev/CR0-OCCT691-7-CR0-OCCT691-occt-64/drv/TNaming/TNaming_TranslateTool.jxx
+M TNaming:privinclude:TNaming_TranslateTool.ixx /misc/dn61/LocalWOK/wok_entities/LOC/dev/CR0-OCCT691-7-CR0-OCCT691-occt-64/drv/TNaming/TNaming_TranslateTool.ixx
+M TNaming:pubinclude:TNaming_Translator.hxx /misc/dn61/LocalWOK/wok_entities/LOC/dev/CR0-OCCT691-7-CR0-OCCT691-occt-64/inc/TNaming_Translator.hxx
+M TNaming:privinclude:TNaming_Translator.jxx /misc/dn61/LocalWOK/wok_entities/LOC/dev/CR0-OCCT691-7-CR0-OCCT691-occt-64/drv/TNaming/TNaming_Translator.jxx
+M TNaming:privinclude:TNaming_Translator.ixx /misc/dn61/LocalWOK/wok_entities/LOC/dev/CR0-OCCT691-7-CR0-OCCT691-occt-64/drv/TNaming/TNaming_Translator.ixx
+M TNaming:pubinclude:Handle_TNaming_NamedShape.hxx /misc/dn61/LocalWOK/wok_entities/LOC/dev/CR0-OCCT691-7-CR0-OCCT691-occt-64/inc/Handle_TNaming_NamedShape.hxx
+M TNaming:pubinclude:TNaming_NamedShape.hxx /misc/dn61/LocalWOK/wok_entities/LOC/dev/CR0-OCCT691-7-CR0-OCCT691-occt-64/inc/TNaming_NamedShape.hxx
+M TNaming:privinclude:TNaming_NamedShape.jxx /misc/dn61/LocalWOK/wok_entities/LOC/dev/CR0-OCCT691-7-CR0-OCCT691-occt-64/drv/TNaming/TNaming_NamedShape.jxx
+M TNaming:privinclude:TNaming_NamedShape.ixx /misc/dn61/LocalWOK/wok_entities/LOC/dev/CR0-OCCT691-7-CR0-OCCT691-occt-64/drv/TNaming/TNaming_NamedShape.ixx
+M TNaming:pubinclude:Handle_TNaming_UsedShapes.hxx /misc/dn61/LocalWOK/wok_entities/LOC/dev/CR0-OCCT691-7-CR0-OCCT691-occt-64/inc/Handle_TNaming_UsedShapes.hxx
+M TNaming:pubinclude:TNaming_UsedShapes.hxx /misc/dn61/LocalWOK/wok_entities/LOC/dev/CR0-OCCT691-7-CR0-OCCT691-occt-64/inc/TNaming_UsedShapes.hxx
+M TNaming:privinclude:TNaming_UsedShapes.jxx /misc/dn61/LocalWOK/wok_entities/LOC/dev/CR0-OCCT691-7-CR0-OCCT691-occt-64/drv/TNaming/TNaming_UsedShapes.jxx
+M TNaming:privinclude:TNaming_UsedShapes.ixx /misc/dn61/LocalWOK/wok_entities/LOC/dev/CR0-OCCT691-7-CR0-OCCT691-occt-64/drv/TNaming/TNaming_UsedShapes.ixx
+M TNaming:pubinclude:TNaming_Builder.hxx /misc/dn61/LocalWOK/wok_entities/LOC/dev/CR0-OCCT691-7-CR0-OCCT691-occt-64/inc/TNaming_Builder.hxx
+M TNaming:privinclude:TNaming_Builder.jxx /misc/dn61/LocalWOK/wok_entities/LOC/dev/CR0-OCCT691-7-CR0-OCCT691-occt-64/drv/TNaming/TNaming_Builder.jxx
+M TNaming:privinclude:TNaming_Builder.ixx /misc/dn61/LocalWOK/wok_entities/LOC/dev/CR0-OCCT691-7-CR0-OCCT691-occt-64/drv/TNaming/TNaming_Builder.ixx
+M TNaming:pubinclude:TNaming_Tool.hxx /misc/dn61/LocalWOK/wok_entities/LOC/dev/CR0-OCCT691-7-CR0-OCCT691-occt-64/inc/TNaming_Tool.hxx
+M TNaming:privinclude:TNaming_Tool.jxx /misc/dn61/LocalWOK/wok_entities/LOC/dev/CR0-OCCT691-7-CR0-OCCT691-occt-64/drv/TNaming/TNaming_Tool.jxx
+M TNaming:privinclude:TNaming_Tool.ixx /misc/dn61/LocalWOK/wok_entities/LOC/dev/CR0-OCCT691-7-CR0-OCCT691-occt-64/drv/TNaming/TNaming_Tool.ixx
+M TNaming:pubinclude:TNaming_Iterator.hxx /misc/dn61/LocalWOK/wok_entities/LOC/dev/CR0-OCCT691-7-CR0-OCCT691-occt-64/inc/TNaming_Iterator.hxx
+M TNaming:privinclude:TNaming_Iterator.jxx /misc/dn61/LocalWOK/wok_entities/LOC/dev/CR0-OCCT691-7-CR0-OCCT691-occt-64/drv/TNaming/TNaming_Iterator.jxx
+M TNaming:privinclude:TNaming_Iterator.ixx /misc/dn61/LocalWOK/wok_entities/LOC/dev/CR0-OCCT691-7-CR0-OCCT691-occt-64/drv/TNaming/TNaming_Iterator.ixx
+M TNaming:pubinclude:TNaming_NewShapeIterator.hxx /misc/dn61/LocalWOK/wok_entities/LOC/dev/CR0-OCCT691-7-CR0-OCCT691-occt-64/inc/TNaming_NewShapeIterator.hxx
+M TNaming:privinclude:TNaming_NewShapeIterator.jxx /misc/dn61/LocalWOK/wok_entities/LOC/dev/CR0-OCCT691-7-CR0-OCCT691-occt-64/drv/TNaming/TNaming_NewShapeIterator.jxx
+M TNaming:privinclude:TNaming_NewShapeIterator.ixx /misc/dn61/LocalWOK/wok_entities/LOC/dev/CR0-OCCT691-7-CR0-OCCT691-occt-64/drv/TNaming/TNaming_NewShapeIterator.ixx
+M TNaming:pubinclude:TNaming_OldShapeIterator.hxx /misc/dn61/LocalWOK/wok_entities/LOC/dev/CR0-OCCT691-7-CR0-OCCT691-occt-64/inc/TNaming_OldShapeIterator.hxx
+M TNaming:privinclude:TNaming_OldShapeIterator.jxx /misc/dn61/LocalWOK/wok_entities/LOC/dev/CR0-OCCT691-7-CR0-OCCT691-occt-64/drv/TNaming/TNaming_OldShapeIterator.jxx
+M TNaming:privinclude:TNaming_OldShapeIterator.ixx /misc/dn61/LocalWOK/wok_entities/LOC/dev/CR0-OCCT691-7-CR0-OCCT691-occt-64/drv/TNaming/TNaming_OldShapeIterator.ixx
+M TNaming:pubinclude:TNaming_SameShapeIterator.hxx /misc/dn61/LocalWOK/wok_entities/LOC/dev/CR0-OCCT691-7-CR0-OCCT691-occt-64/inc/TNaming_SameShapeIterator.hxx
+M TNaming:privinclude:TNaming_SameShapeIterator.jxx /misc/dn61/LocalWOK/wok_entities/LOC/dev/CR0-OCCT691-7-CR0-OCCT691-occt-64/drv/TNaming/TNaming_SameShapeIterator.jxx
+M TNaming:privinclude:TNaming_SameShapeIterator.ixx /misc/dn61/LocalWOK/wok_entities/LOC/dev/CR0-OCCT691-7-CR0-OCCT691-occt-64/drv/TNaming/TNaming_SameShapeIterator.ixx
+M TNaming:pubinclude:TNaming_NamedShapeHasher.hxx /misc/dn61/LocalWOK/wok_entities/LOC/dev/CR0-OCCT691-7-CR0-OCCT691-occt-64/inc/TNaming_NamedShapeHasher.hxx
+M TNaming:derivated:TNaming_NamedShapeHasher_0.cxx /misc/dn61/LocalWOK/wok_entities/LOC/dev/CR0-OCCT691-7-CR0-OCCT691-occt-64/drv/TNaming/TNaming_NamedShapeHasher_0.cxx
+M TNaming:pubinclude:TNaming_MapOfNamedShape.hxx /misc/dn61/LocalWOK/wok_entities/LOC/dev/CR0-OCCT691-7-CR0-OCCT691-occt-64/inc/TNaming_MapOfNamedShape.hxx
+M TNaming:derivated:TNaming_MapOfNamedShape_0.cxx /misc/dn61/LocalWOK/wok_entities/LOC/dev/CR0-OCCT691-7-CR0-OCCT691-occt-64/drv/TNaming/TNaming_MapOfNamedShape_0.cxx
+M TNaming:pubinclude:TNaming_ListOfNamedShape.hxx /misc/dn61/LocalWOK/wok_entities/LOC/dev/CR0-OCCT691-7-CR0-OCCT691-occt-64/inc/TNaming_ListOfNamedShape.hxx
+M TNaming:derivated:TNaming_ListOfNamedShape_0.cxx /misc/dn61/LocalWOK/wok_entities/LOC/dev/CR0-OCCT691-7-CR0-OCCT691-occt-64/drv/TNaming/TNaming_ListOfNamedShape_0.cxx
+M TNaming:pubinclude:TNaming_Name.hxx /misc/dn61/LocalWOK/wok_entities/LOC/dev/CR0-OCCT691-7-CR0-OCCT691-occt-64/inc/TNaming_Name.hxx
+M TNaming:privinclude:TNaming_Name.jxx /misc/dn61/LocalWOK/wok_entities/LOC/dev/CR0-OCCT691-7-CR0-OCCT691-occt-64/drv/TNaming/TNaming_Name.jxx
+M TNaming:privinclude:TNaming_Name.ixx /misc/dn61/LocalWOK/wok_entities/LOC/dev/CR0-OCCT691-7-CR0-OCCT691-occt-64/drv/TNaming/TNaming_Name.ixx
+M TNaming:pubinclude:Handle_TNaming_Naming.hxx /misc/dn61/LocalWOK/wok_entities/LOC/dev/CR0-OCCT691-7-CR0-OCCT691-occt-64/inc/Handle_TNaming_Naming.hxx
+M TNaming:pubinclude:TNaming_Naming.hxx /misc/dn61/LocalWOK/wok_entities/LOC/dev/CR0-OCCT691-7-CR0-OCCT691-occt-64/inc/TNaming_Naming.hxx
+M TNaming:privinclude:TNaming_Naming.jxx /misc/dn61/LocalWOK/wok_entities/LOC/dev/CR0-OCCT691-7-CR0-OCCT691-occt-64/drv/TNaming/TNaming_Naming.jxx
+M TNaming:privinclude:TNaming_Naming.ixx /misc/dn61/LocalWOK/wok_entities/LOC/dev/CR0-OCCT691-7-CR0-OCCT691-occt-64/drv/TNaming/TNaming_Naming.ixx
+M TNaming:pubinclude:TNaming_Selector.hxx /misc/dn61/LocalWOK/wok_entities/LOC/dev/CR0-OCCT691-7-CR0-OCCT691-occt-64/inc/TNaming_Selector.hxx
+M TNaming:privinclude:TNaming_Selector.jxx /misc/dn61/LocalWOK/wok_entities/LOC/dev/CR0-OCCT691-7-CR0-OCCT691-occt-64/drv/TNaming/TNaming_Selector.jxx
+M TNaming:privinclude:TNaming_Selector.ixx /misc/dn61/LocalWOK/wok_entities/LOC/dev/CR0-OCCT691-7-CR0-OCCT691-occt-64/drv/TNaming/TNaming_Selector.ixx
+M TNaming:pubinclude:Handle_TNaming_DeltaOnRemoval.hxx /misc/dn61/LocalWOK/wok_entities/LOC/dev/CR0-OCCT691-7-CR0-OCCT691-occt-64/inc/Handle_TNaming_DeltaOnRemoval.hxx
+M TNaming:pubinclude:TNaming_DeltaOnRemoval.hxx /misc/dn61/LocalWOK/wok_entities/LOC/dev/CR0-OCCT691-7-CR0-OCCT691-occt-64/inc/TNaming_DeltaOnRemoval.hxx
+M TNaming:privinclude:TNaming_DeltaOnRemoval.jxx /misc/dn61/LocalWOK/wok_entities/LOC/dev/CR0-OCCT691-7-CR0-OCCT691-occt-64/drv/TNaming/TNaming_DeltaOnRemoval.jxx
+M TNaming:privinclude:TNaming_DeltaOnRemoval.ixx /misc/dn61/LocalWOK/wok_entities/LOC/dev/CR0-OCCT691-7-CR0-OCCT691-occt-64/drv/TNaming/TNaming_DeltaOnRemoval.ixx
+M TNaming:pubinclude:Handle_TNaming_DeltaOnModification.hxx /misc/dn61/LocalWOK/wok_entities/LOC/dev/CR0-OCCT691-7-CR0-OCCT691-occt-64/inc/Handle_TNaming_DeltaOnModification.hxx
+M TNaming:pubinclude:TNaming_DeltaOnModification.hxx /misc/dn61/LocalWOK/wok_entities/LOC/dev/CR0-OCCT691-7-CR0-OCCT691-occt-64/inc/TNaming_DeltaOnModification.hxx
+M TNaming:privinclude:TNaming_DeltaOnModification.jxx /misc/dn61/LocalWOK/wok_entities/LOC/dev/CR0-OCCT691-7-CR0-OCCT691-occt-64/drv/TNaming/TNaming_DeltaOnModification.jxx
+M TNaming:privinclude:TNaming_DeltaOnModification.ixx /misc/dn61/LocalWOK/wok_entities/LOC/dev/CR0-OCCT691-7-CR0-OCCT691-occt-64/drv/TNaming/TNaming_DeltaOnModification.ixx
+M TNaming:pubinclude:TNaming_RefShape.hxx /misc/dn61/LocalWOK/wok_entities/LOC/dev/CR0-OCCT691-7-CR0-OCCT691-occt-64/inc/TNaming_RefShape.hxx
+M TNaming:privinclude:TNaming_RefShape.jxx /misc/dn61/LocalWOK/wok_entities/LOC/dev/CR0-OCCT691-7-CR0-OCCT691-occt-64/drv/TNaming/TNaming_RefShape.jxx
+M TNaming:privinclude:TNaming_RefShape.ixx /misc/dn61/LocalWOK/wok_entities/LOC/dev/CR0-OCCT691-7-CR0-OCCT691-occt-64/drv/TNaming/TNaming_RefShape.ixx
+M TNaming:pubinclude:TNaming_DataMapOfShapePtrRefShape.hxx /misc/dn61/LocalWOK/wok_entities/LOC/dev/CR0-OCCT691-7-CR0-OCCT691-occt-64/inc/TNaming_DataMapOfShapePtrRefShape.hxx
+M TNaming:derivated:TNaming_DataMapOfShapePtrRefShape_0.cxx /misc/dn61/LocalWOK/wok_entities/LOC/dev/CR0-OCCT691-7-CR0-OCCT691-occt-64/drv/TNaming/TNaming_DataMapOfShapePtrRefShape_0.cxx
+M TNaming:pubinclude:TNaming_Scope.hxx /misc/dn61/LocalWOK/wok_entities/LOC/dev/CR0-OCCT691-7-CR0-OCCT691-occt-64/inc/TNaming_Scope.hxx
+M TNaming:privinclude:TNaming_Scope.jxx /misc/dn61/LocalWOK/wok_entities/LOC/dev/CR0-OCCT691-7-CR0-OCCT691-occt-64/drv/TNaming/TNaming_Scope.jxx
+M TNaming:privinclude:TNaming_Scope.ixx /misc/dn61/LocalWOK/wok_entities/LOC/dev/CR0-OCCT691-7-CR0-OCCT691-occt-64/drv/TNaming/TNaming_Scope.ixx
+M TNaming:pubinclude:TNaming_Identifier.hxx /misc/dn61/LocalWOK/wok_entities/LOC/dev/CR0-OCCT691-7-CR0-OCCT691-occt-64/inc/TNaming_Identifier.hxx
+M TNaming:privinclude:TNaming_Identifier.jxx /misc/dn61/LocalWOK/wok_entities/LOC/dev/CR0-OCCT691-7-CR0-OCCT691-occt-64/drv/TNaming/TNaming_Identifier.jxx
+M TNaming:privinclude:TNaming_Identifier.ixx /misc/dn61/LocalWOK/wok_entities/LOC/dev/CR0-OCCT691-7-CR0-OCCT691-occt-64/drv/TNaming/TNaming_Identifier.ixx
+M TNaming:pubinclude:TNaming_Localizer.hxx /misc/dn61/LocalWOK/wok_entities/LOC/dev/CR0-OCCT691-7-CR0-OCCT691-occt-64/inc/TNaming_Localizer.hxx
+M TNaming:privinclude:TNaming_Localizer.jxx /misc/dn61/LocalWOK/wok_entities/LOC/dev/CR0-OCCT691-7-CR0-OCCT691-occt-64/drv/TNaming/TNaming_Localizer.jxx
+M TNaming:privinclude:TNaming_Localizer.ixx /misc/dn61/LocalWOK/wok_entities/LOC/dev/CR0-OCCT691-7-CR0-OCCT691-occt-64/drv/TNaming/TNaming_Localizer.ixx
+M TNaming:pubinclude:TNaming_ShapesSet.hxx /misc/dn61/LocalWOK/wok_entities/LOC/dev/CR0-OCCT691-7-CR0-OCCT691-occt-64/inc/TNaming_ShapesSet.hxx
+M TNaming:privinclude:TNaming_ShapesSet.jxx /misc/dn61/LocalWOK/wok_entities/LOC/dev/CR0-OCCT691-7-CR0-OCCT691-occt-64/drv/TNaming/TNaming_ShapesSet.jxx
+M TNaming:privinclude:TNaming_ShapesSet.ixx /misc/dn61/LocalWOK/wok_entities/LOC/dev/CR0-OCCT691-7-CR0-OCCT691-occt-64/drv/TNaming/TNaming_ShapesSet.ixx
+M TNaming:pubinclude:TNaming_IteratorOnShapesSet.hxx /misc/dn61/LocalWOK/wok_entities/LOC/dev/CR0-OCCT691-7-CR0-OCCT691-occt-64/inc/TNaming_IteratorOnShapesSet.hxx
+M TNaming:privinclude:TNaming_IteratorOnShapesSet.jxx /misc/dn61/LocalWOK/wok_entities/LOC/dev/CR0-OCCT691-7-CR0-OCCT691-occt-64/drv/TNaming/TNaming_IteratorOnShapesSet.jxx
+M TNaming:privinclude:TNaming_IteratorOnShapesSet.ixx /misc/dn61/LocalWOK/wok_entities/LOC/dev/CR0-OCCT691-7-CR0-OCCT691-occt-64/drv/TNaming/TNaming_IteratorOnShapesSet.ixx
+M TNaming:pubinclude:TNaming_DataMapOfShapeShapesSet.hxx /misc/dn61/LocalWOK/wok_entities/LOC/dev/CR0-OCCT691-7-CR0-OCCT691-occt-64/inc/TNaming_DataMapOfShapeShapesSet.hxx
+M TNaming:derivated:TNaming_DataMapOfShapeShapesSet_0.cxx /misc/dn61/LocalWOK/wok_entities/LOC/dev/CR0-OCCT691-7-CR0-OCCT691-occt-64/drv/TNaming/TNaming_DataMapOfShapeShapesSet_0.cxx
+M TNaming:pubinclude:TNaming_ListOfMapOfShape.hxx /misc/dn61/LocalWOK/wok_entities/LOC/dev/CR0-OCCT691-7-CR0-OCCT691-occt-64/inc/TNaming_ListOfMapOfShape.hxx
+M TNaming:derivated:TNaming_ListOfMapOfShape_0.cxx /misc/dn61/LocalWOK/wok_entities/LOC/dev/CR0-OCCT691-7-CR0-OCCT691-occt-64/drv/TNaming/TNaming_ListOfMapOfShape_0.cxx
+M TNaming:pubinclude:TNaming_ListOfIndexedDataMapOfShapeListOfShape.hxx /misc/dn61/LocalWOK/wok_entities/LOC/dev/CR0-OCCT691-7-CR0-OCCT691-occt-64/inc/TNaming_ListOfIndexedDataMapOfShapeListOfShape.hxx
+M TNaming:derivated:TNaming_ListOfIndexedDataMapOfShapeListOfShape_0.cxx /misc/dn61/LocalWOK/wok_entities/LOC/dev/CR0-OCCT691-7-CR0-OCCT691-occt-64/drv/TNaming/TNaming_ListOfIndexedDataMapOfShapeListOfShape_0.cxx
+M TNaming:pubinclude:TNaming_NamingTool.hxx /misc/dn61/LocalWOK/wok_entities/LOC/dev/CR0-OCCT691-7-CR0-OCCT691-occt-64/inc/TNaming_NamingTool.hxx
+M TNaming:privinclude:TNaming_NamingTool.jxx /misc/dn61/LocalWOK/wok_entities/LOC/dev/CR0-OCCT691-7-CR0-OCCT691-occt-64/drv/TNaming/TNaming_NamingTool.jxx
+M TNaming:privinclude:TNaming_NamingTool.ixx /misc/dn61/LocalWOK/wok_entities/LOC/dev/CR0-OCCT691-7-CR0-OCCT691-occt-64/drv/TNaming/TNaming_NamingTool.ixx
+M TNaming:pubinclude:Handle_TNaming_StdMapNodeOfMapOfNamedShape.hxx /misc/dn61/LocalWOK/wok_entities/LOC/dev/CR0-OCCT691-7-CR0-OCCT691-occt-64/inc/Handle_TNaming_StdMapNodeOfMapOfNamedShape.hxx
+M TNaming:pubinclude:TNaming_StdMapNodeOfMapOfNamedShape.hxx /misc/dn61/LocalWOK/wok_entities/LOC/dev/CR0-OCCT691-7-CR0-OCCT691-occt-64/inc/TNaming_StdMapNodeOfMapOfNamedShape.hxx
+M TNaming:derivated:TNaming_StdMapNodeOfMapOfNamedShape_0.cxx /misc/dn61/LocalWOK/wok_entities/LOC/dev/CR0-OCCT691-7-CR0-OCCT691-occt-64/drv/TNaming/TNaming_StdMapNodeOfMapOfNamedShape_0.cxx
+M TNaming:pubinclude:TNaming_MapIteratorOfMapOfNamedShape.hxx /misc/dn61/LocalWOK/wok_entities/LOC/dev/CR0-OCCT691-7-CR0-OCCT691-occt-64/inc/TNaming_MapIteratorOfMapOfNamedShape.hxx
+M TNaming:derivated:TNaming_MapIteratorOfMapOfNamedShape_0.cxx /misc/dn61/LocalWOK/wok_entities/LOC/dev/CR0-OCCT691-7-CR0-OCCT691-occt-64/drv/TNaming/TNaming_MapIteratorOfMapOfNamedShape_0.cxx
+M TNaming:pubinclude:Handle_TNaming_ListNodeOfListOfNamedShape.hxx /misc/dn61/LocalWOK/wok_entities/LOC/dev/CR0-OCCT691-7-CR0-OCCT691-occt-64/inc/Handle_TNaming_ListNodeOfListOfNamedShape.hxx
+M TNaming:pubinclude:TNaming_ListNodeOfListOfNamedShape.hxx /misc/dn61/LocalWOK/wok_entities/LOC/dev/CR0-OCCT691-7-CR0-OCCT691-occt-64/inc/TNaming_ListNodeOfListOfNamedShape.hxx
+M TNaming:derivated:TNaming_ListNodeOfListOfNamedShape_0.cxx /misc/dn61/LocalWOK/wok_entities/LOC/dev/CR0-OCCT691-7-CR0-OCCT691-occt-64/drv/TNaming/TNaming_ListNodeOfListOfNamedShape_0.cxx
+M TNaming:pubinclude:TNaming_ListIteratorOfListOfNamedShape.hxx /misc/dn61/LocalWOK/wok_entities/LOC/dev/CR0-OCCT691-7-CR0-OCCT691-occt-64/inc/TNaming_ListIteratorOfListOfNamedShape.hxx
+M TNaming:derivated:TNaming_ListIteratorOfListOfNamedShape_0.cxx /misc/dn61/LocalWOK/wok_entities/LOC/dev/CR0-OCCT691-7-CR0-OCCT691-occt-64/drv/TNaming/TNaming_ListIteratorOfListOfNamedShape_0.cxx
+M TNaming:pubinclude:Handle_TNaming_DataMapNodeOfDataMapOfShapePtrRefShape.hxx /misc/dn61/LocalWOK/wok_entities/LOC/dev/CR0-OCCT691-7-CR0-OCCT691-occt-64/inc/Handle_TNaming_DataMapNodeOfDataMapOfShapePtrRefShape.hxx
+M TNaming:pubinclude:TNaming_DataMapNodeOfDataMapOfShapePtrRefShape.hxx /misc/dn61/LocalWOK/wok_entities/LOC/dev/CR0-OCCT691-7-CR0-OCCT691-occt-64/inc/TNaming_DataMapNodeOfDataMapOfShapePtrRefShape.hxx
+M TNaming:derivated:TNaming_DataMapNodeOfDataMapOfShapePtrRefShape_0.cxx /misc/dn61/LocalWOK/wok_entities/LOC/dev/CR0-OCCT691-7-CR0-OCCT691-occt-64/drv/TNaming/TNaming_DataMapNodeOfDataMapOfShapePtrRefShape_0.cxx
+M TNaming:pubinclude:TNaming_DataMapIteratorOfDataMapOfShapePtrRefShape.hxx /misc/dn61/LocalWOK/wok_entities/LOC/dev/CR0-OCCT691-7-CR0-OCCT691-occt-64/inc/TNaming_DataMapIteratorOfDataMapOfShapePtrRefShape.hxx
+M TNaming:derivated:TNaming_DataMapIteratorOfDataMapOfShapePtrRefShape_0.cxx /misc/dn61/LocalWOK/wok_entities/LOC/dev/CR0-OCCT691-7-CR0-OCCT691-occt-64/drv/TNaming/TNaming_DataMapIteratorOfDataMapOfShapePtrRefShape_0.cxx
+M TNaming:pubinclude:Handle_TNaming_DataMapNodeOfDataMapOfShapeShapesSet.hxx /misc/dn61/LocalWOK/wok_entities/LOC/dev/CR0-OCCT691-7-CR0-OCCT691-occt-64/inc/Handle_TNaming_DataMapNodeOfDataMapOfShapeShapesSet.hxx
+M TNaming:pubinclude:TNaming_DataMapNodeOfDataMapOfShapeShapesSet.hxx /misc/dn61/LocalWOK/wok_entities/LOC/dev/CR0-OCCT691-7-CR0-OCCT691-occt-64/inc/TNaming_DataMapNodeOfDataMapOfShapeShapesSet.hxx
+M TNaming:derivated:TNaming_DataMapNodeOfDataMapOfShapeShapesSet_0.cxx /misc/dn61/LocalWOK/wok_entities/LOC/dev/CR0-OCCT691-7-CR0-OCCT691-occt-64/drv/TNaming/TNaming_DataMapNodeOfDataMapOfShapeShapesSet_0.cxx
+M TNaming:pubinclude:TNaming_DataMapIteratorOfDataMapOfShapeShapesSet.hxx /misc/dn61/LocalWOK/wok_entities/LOC/dev/CR0-OCCT691-7-CR0-OCCT691-occt-64/inc/TNaming_DataMapIteratorOfDataMapOfShapeShapesSet.hxx
+M TNaming:derivated:TNaming_DataMapIteratorOfDataMapOfShapeShapesSet_0.cxx /misc/dn61/LocalWOK/wok_entities/LOC/dev/CR0-OCCT691-7-CR0-OCCT691-occt-64/drv/TNaming/TNaming_DataMapIteratorOfDataMapOfShapeShapesSet_0.cxx
+M TNaming:pubinclude:Handle_TNaming_ListNodeOfListOfMapOfShape.hxx /misc/dn61/LocalWOK/wok_entities/LOC/dev/CR0-OCCT691-7-CR0-OCCT691-occt-64/inc/Handle_TNaming_ListNodeOfListOfMapOfShape.hxx
+M TNaming:pubinclude:TNaming_ListNodeOfListOfMapOfShape.hxx /misc/dn61/LocalWOK/wok_entities/LOC/dev/CR0-OCCT691-7-CR0-OCCT691-occt-64/inc/TNaming_ListNodeOfListOfMapOfShape.hxx
+M TNaming:derivated:TNaming_ListNodeOfListOfMapOfShape_0.cxx /misc/dn61/LocalWOK/wok_entities/LOC/dev/CR0-OCCT691-7-CR0-OCCT691-occt-64/drv/TNaming/TNaming_ListNodeOfListOfMapOfShape_0.cxx
+M TNaming:pubinclude:TNaming_ListIteratorOfListOfMapOfShape.hxx /misc/dn61/LocalWOK/wok_entities/LOC/dev/CR0-OCCT691-7-CR0-OCCT691-occt-64/inc/TNaming_ListIteratorOfListOfMapOfShape.hxx
+M TNaming:derivated:TNaming_ListIteratorOfListOfMapOfShape_0.cxx /misc/dn61/LocalWOK/wok_entities/LOC/dev/CR0-OCCT691-7-CR0-OCCT691-occt-64/drv/TNaming/TNaming_ListIteratorOfListOfMapOfShape_0.cxx
+M TNaming:pubinclude:Handle_TNaming_ListNodeOfListOfIndexedDataMapOfShapeListOfShape.hxx /misc/dn61/LocalWOK/wok_entities/LOC/dev/CR0-OCCT691-7-CR0-OCCT691-occt-64/inc/Handle_TNaming_ListNodeOfListOfIndexedDataMapOfShapeListOfShape.hxx
+M TNaming:pubinclude:TNaming_ListNodeOfListOfIndexedDataMapOfShapeListOfShape.hxx /misc/dn61/LocalWOK/wok_entities/LOC/dev/CR0-OCCT691-7-CR0-OCCT691-occt-64/inc/TNaming_ListNodeOfListOfIndexedDataMapOfShapeListOfShape.hxx
+M TNaming:derivated:TNaming_ListNodeOfListOfIndexedDataMapOfShapeListOfShape_0.cxx /misc/dn61/LocalWOK/wok_entities/LOC/dev/CR0-OCCT691-7-CR0-OCCT691-occt-64/drv/TNaming/TNaming_ListNodeOfListOfIndexedDataMapOfShapeListOfShape_0.cxx
+M TNaming:pubinclude:TNaming_ListIteratorOfListOfIndexedDataMapOfShapeListOfShape.hxx /misc/dn61/LocalWOK/wok_entities/LOC/dev/CR0-OCCT691-7-CR0-OCCT691-occt-64/inc/TNaming_ListIteratorOfListOfIndexedDataMapOfShapeListOfShape.hxx
+M TNaming:derivated:TNaming_ListIteratorOfListOfIndexedDataMapOfShapeListOfShape_0.cxx /misc/dn61/LocalWOK/wok_entities/LOC/dev/CR0-OCCT691-7-CR0-OCCT691-occt-64/drv/TNaming/TNaming_ListIteratorOfListOfIndexedDataMapOfShapeListOfShape_0.cxx
+M TNaming:pubinclude:TNaming_Evolution.hxx /misc/dn61/LocalWOK/wok_entities/LOC/dev/CR0-OCCT691-7-CR0-OCCT691-occt-64/inc/TNaming_Evolution.hxx
+M TNaming:pubinclude:TNaming_NameType.hxx /misc/dn61/LocalWOK/wok_entities/LOC/dev/CR0-OCCT691-7-CR0-OCCT691-occt-64/inc/TNaming_NameType.hxx
+M TNaming:pubinclude:TNaming_PtrAttribute.hxx /misc/dn61/LocalWOK/wok_entities/LOC/dev/CR0-OCCT691-7-CR0-OCCT691-occt-64/inc/TNaming_PtrAttribute.hxx
+M TNaming:pubinclude:TNaming_PtrNode.hxx /misc/dn61/LocalWOK/wok_entities/LOC/dev/CR0-OCCT691-7-CR0-OCCT691-occt-64/inc/TNaming_PtrNode.hxx
+M TNaming:pubinclude:TNaming_PtrRefShape.hxx /misc/dn61/LocalWOK/wok_entities/LOC/dev/CR0-OCCT691-7-CR0-OCCT691-occt-64/inc/TNaming_PtrRefShape.hxx
+M TNaming:pubinclude:TNaming_PtrDataMapOfShapePtrRefShape.hxx /misc/dn61/LocalWOK/wok_entities/LOC/dev/CR0-OCCT691-7-CR0-OCCT691-occt-64/inc/TNaming_PtrDataMapOfShapePtrRefShape.hxx
+M TNaming:dbadmfile:TNaming_xcpp_header.In /misc/dn61/LocalWOK/wok_entities/LOC/dev/CR0-OCCT691-7-CR0-OCCT691-occt-64/drv/TNaming/.adm/TNaming_xcpp_header.In
+M TNaming:dbadmfile:TNaming_xcpp_header.Out /misc/dn61/LocalWOK/wok_entities/LOC/dev/CR0-OCCT691-7-CR0-OCCT691-occt-64/drv/TNaming/.adm/TNaming_xcpp_header.Out
+M TNaming:dbadmfile:TNaming_xcpp_header.Dep /misc/dn61/LocalWOK/wok_entities/LOC/dev/CR0-OCCT691-7-CR0-OCCT691-occt-64/drv/TNaming/.adm/TNaming_xcpp_header.Dep
