+M IGESAppli:pubinclude:IGESAppli.hxx /misc/dn61/LocalWOK/wok_entities/LOC/dev/CR0-OCCT691-7-CR0-OCCT691-occt-64/inc/IGESAppli.hxx
+M IGESAppli:privinclude:IGESAppli.jxx /misc/dn61/LocalWOK/wok_entities/LOC/dev/CR0-OCCT691-7-CR0-OCCT691-occt-64/drv/IGESAppli/IGESAppli.jxx
+M IGESAppli:privinclude:IGESAppli.ixx /misc/dn61/LocalWOK/wok_entities/LOC/dev/CR0-OCCT691-7-CR0-OCCT691-occt-64/drv/IGESAppli/IGESAppli.ixx
+M IGESAppli:pubinclude:Handle_IGESAppli_Node.hxx /misc/dn61/LocalWOK/wok_entities/LOC/dev/CR0-OCCT691-7-CR0-OCCT691-occt-64/inc/Handle_IGESAppli_Node.hxx
+M IGESAppli:pubinclude:IGESAppli_Node.hxx /misc/dn61/LocalWOK/wok_entities/LOC/dev/CR0-OCCT691-7-CR0-OCCT691-occt-64/inc/IGESAppli_Node.hxx
+M IGESAppli:privinclude:IGESAppli_Node.jxx /misc/dn61/LocalWOK/wok_entities/LOC/dev/CR0-OCCT691-7-CR0-OCCT691-occt-64/drv/IGESAppli/IGESAppli_Node.jxx
+M IGESAppli:privinclude:IGESAppli_Node.ixx /misc/dn61/LocalWOK/wok_entities/LOC/dev/CR0-OCCT691-7-CR0-OCCT691-occt-64/drv/IGESAppli/IGESAppli_Node.ixx
+M IGESAppli:pubinclude:Handle_IGESAppli_FiniteElement.hxx /misc/dn61/LocalWOK/wok_entities/LOC/dev/CR0-OCCT691-7-CR0-OCCT691-occt-64/inc/Handle_IGESAppli_FiniteElement.hxx
+M IGESAppli:pubinclude:IGESAppli_FiniteElement.hxx /misc/dn61/LocalWOK/wok_entities/LOC/dev/CR0-OCCT691-7-CR0-OCCT691-occt-64/inc/IGESAppli_FiniteElement.hxx
+M IGESAppli:privinclude:IGESAppli_FiniteElement.jxx /misc/dn61/LocalWOK/wok_entities/LOC/dev/CR0-OCCT691-7-CR0-OCCT691-occt-64/drv/IGESAppli/IGESAppli_FiniteElement.jxx
+M IGESAppli:privinclude:IGESAppli_FiniteElement.ixx /misc/dn61/LocalWOK/wok_entities/LOC/dev/CR0-OCCT691-7-CR0-OCCT691-occt-64/drv/IGESAppli/IGESAppli_FiniteElement.ixx
+M IGESAppli:pubinclude:Handle_IGESAppli_NodalDisplAndRot.hxx /misc/dn61/LocalWOK/wok_entities/LOC/dev/CR0-OCCT691-7-CR0-OCCT691-occt-64/inc/Handle_IGESAppli_NodalDisplAndRot.hxx
+M IGESAppli:pubinclude:IGESAppli_NodalDisplAndRot.hxx /misc/dn61/LocalWOK/wok_entities/LOC/dev/CR0-OCCT691-7-CR0-OCCT691-occt-64/inc/IGESAppli_NodalDisplAndRot.hxx
+M IGESAppli:privinclude:IGESAppli_NodalDisplAndRot.jxx /misc/dn61/LocalWOK/wok_entities/LOC/dev/CR0-OCCT691-7-CR0-OCCT691-occt-64/drv/IGESAppli/IGESAppli_NodalDisplAndRot.jxx
+M IGESAppli:privinclude:IGESAppli_NodalDisplAndRot.ixx /misc/dn61/LocalWOK/wok_entities/LOC/dev/CR0-OCCT691-7-CR0-OCCT691-occt-64/drv/IGESAppli/IGESAppli_NodalDisplAndRot.ixx
+M IGESAppli:pubinclude:Handle_IGESAppli_NodalResults.hxx /misc/dn61/LocalWOK/wok_entities/LOC/dev/CR0-OCCT691-7-CR0-OCCT691-occt-64/inc/Handle_IGESAppli_NodalResults.hxx
+M IGESAppli:pubinclude:IGESAppli_NodalResults.hxx /misc/dn61/LocalWOK/wok_entities/LOC/dev/CR0-OCCT691-7-CR0-OCCT691-occt-64/inc/IGESAppli_NodalResults.hxx
+M IGESAppli:privinclude:IGESAppli_NodalResults.jxx /misc/dn61/LocalWOK/wok_entities/LOC/dev/CR0-OCCT691-7-CR0-OCCT691-occt-64/drv/IGESAppli/IGESAppli_NodalResults.jxx
+M IGESAppli:privinclude:IGESAppli_NodalResults.ixx /misc/dn61/LocalWOK/wok_entities/LOC/dev/CR0-OCCT691-7-CR0-OCCT691-occt-64/drv/IGESAppli/IGESAppli_NodalResults.ixx
+M IGESAppli:pubinclude:Handle_IGESAppli_ElementResults.hxx /misc/dn61/LocalWOK/wok_entities/LOC/dev/CR0-OCCT691-7-CR0-OCCT691-occt-64/inc/Handle_IGESAppli_ElementResults.hxx
+M IGESAppli:pubinclude:IGESAppli_ElementResults.hxx /misc/dn61/LocalWOK/wok_entities/LOC/dev/CR0-OCCT691-7-CR0-OCCT691-occt-64/inc/IGESAppli_ElementResults.hxx
+M IGESAppli:privinclude:IGESAppli_ElementResults.jxx /misc/dn61/LocalWOK/wok_entities/LOC/dev/CR0-OCCT691-7-CR0-OCCT691-occt-64/drv/IGESAppli/IGESAppli_ElementResults.jxx
+M IGESAppli:privinclude:IGESAppli_ElementResults.ixx /misc/dn61/LocalWOK/wok_entities/LOC/dev/CR0-OCCT691-7-CR0-OCCT691-occt-64/drv/IGESAppli/IGESAppli_ElementResults.ixx
+M IGESAppli:pubinclude:Handle_IGESAppli_Flow.hxx /misc/dn61/LocalWOK/wok_entities/LOC/dev/CR0-OCCT691-7-CR0-OCCT691-occt-64/inc/Handle_IGESAppli_Flow.hxx
+M IGESAppli:pubinclude:IGESAppli_Flow.hxx /misc/dn61/LocalWOK/wok_entities/LOC/dev/CR0-OCCT691-7-CR0-OCCT691-occt-64/inc/IGESAppli_Flow.hxx
+M IGESAppli:privinclude:IGESAppli_Flow.jxx /misc/dn61/LocalWOK/wok_entities/LOC/dev/CR0-OCCT691-7-CR0-OCCT691-occt-64/drv/IGESAppli/IGESAppli_Flow.jxx
+M IGESAppli:privinclude:IGESAppli_Flow.ixx /misc/dn61/LocalWOK/wok_entities/LOC/dev/CR0-OCCT691-7-CR0-OCCT691-occt-64/drv/IGESAppli/IGESAppli_Flow.ixx
+M IGESAppli:pubinclude:Handle_IGESAppli_PipingFlow.hxx /misc/dn61/LocalWOK/wok_entities/LOC/dev/CR0-OCCT691-7-CR0-OCCT691-occt-64/inc/Handle_IGESAppli_PipingFlow.hxx
+M IGESAppli:pubinclude:IGESAppli_PipingFlow.hxx /misc/dn61/LocalWOK/wok_entities/LOC/dev/CR0-OCCT691-7-CR0-OCCT691-occt-64/inc/IGESAppli_PipingFlow.hxx
+M IGESAppli:privinclude:IGESAppli_PipingFlow.jxx /misc/dn61/LocalWOK/wok_entities/LOC/dev/CR0-OCCT691-7-CR0-OCCT691-occt-64/drv/IGESAppli/IGESAppli_PipingFlow.jxx
+M IGESAppli:privinclude:IGESAppli_PipingFlow.ixx /misc/dn61/LocalWOK/wok_entities/LOC/dev/CR0-OCCT691-7-CR0-OCCT691-occt-64/drv/IGESAppli/IGESAppli_PipingFlow.ixx
+M IGESAppli:pubinclude:Handle_IGESAppli_RegionRestriction.hxx /misc/dn61/LocalWOK/wok_entities/LOC/dev/CR0-OCCT691-7-CR0-OCCT691-occt-64/inc/Handle_IGESAppli_RegionRestriction.hxx
+M IGESAppli:pubinclude:IGESAppli_RegionRestriction.hxx /misc/dn61/LocalWOK/wok_entities/LOC/dev/CR0-OCCT691-7-CR0-OCCT691-occt-64/inc/IGESAppli_RegionRestriction.hxx
+M IGESAppli:privinclude:IGESAppli_RegionRestriction.jxx /misc/dn61/LocalWOK/wok_entities/LOC/dev/CR0-OCCT691-7-CR0-OCCT691-occt-64/drv/IGESAppli/IGESAppli_RegionRestriction.jxx
+M IGESAppli:privinclude:IGESAppli_RegionRestriction.ixx /misc/dn61/LocalWOK/wok_entities/LOC/dev/CR0-OCCT691-7-CR0-OCCT691-occt-64/drv/IGESAppli/IGESAppli_RegionRestriction.ixx
+M IGESAppli:pubinclude:Handle_IGESAppli_LevelFunction.hxx /misc/dn61/LocalWOK/wok_entities/LOC/dev/CR0-OCCT691-7-CR0-OCCT691-occt-64/inc/Handle_IGESAppli_LevelFunction.hxx
+M IGESAppli:pubinclude:IGESAppli_LevelFunction.hxx /misc/dn61/LocalWOK/wok_entities/LOC/dev/CR0-OCCT691-7-CR0-OCCT691-occt-64/inc/IGESAppli_LevelFunction.hxx
+M IGESAppli:privinclude:IGESAppli_LevelFunction.jxx /misc/dn61/LocalWOK/wok_entities/LOC/dev/CR0-OCCT691-7-CR0-OCCT691-occt-64/drv/IGESAppli/IGESAppli_LevelFunction.jxx
+M IGESAppli:privinclude:IGESAppli_LevelFunction.ixx /misc/dn61/LocalWOK/wok_entities/LOC/dev/CR0-OCCT691-7-CR0-OCCT691-occt-64/drv/IGESAppli/IGESAppli_LevelFunction.ixx
+M IGESAppli:pubinclude:Handle_IGESAppli_LineWidening.hxx /misc/dn61/LocalWOK/wok_entities/LOC/dev/CR0-OCCT691-7-CR0-OCCT691-occt-64/inc/Handle_IGESAppli_LineWidening.hxx
+M IGESAppli:pubinclude:IGESAppli_LineWidening.hxx /misc/dn61/LocalWOK/wok_entities/LOC/dev/CR0-OCCT691-7-CR0-OCCT691-occt-64/inc/IGESAppli_LineWidening.hxx
+M IGESAppli:privinclude:IGESAppli_LineWidening.jxx /misc/dn61/LocalWOK/wok_entities/LOC/dev/CR0-OCCT691-7-CR0-OCCT691-occt-64/drv/IGESAppli/IGESAppli_LineWidening.jxx
+M IGESAppli:privinclude:IGESAppli_LineWidening.ixx /misc/dn61/LocalWOK/wok_entities/LOC/dev/CR0-OCCT691-7-CR0-OCCT691-occt-64/drv/IGESAppli/IGESAppli_LineWidening.ixx
+M IGESAppli:pubinclude:Handle_IGESAppli_DrilledHole.hxx /misc/dn61/LocalWOK/wok_entities/LOC/dev/CR0-OCCT691-7-CR0-OCCT691-occt-64/inc/Handle_IGESAppli_DrilledHole.hxx
+M IGESAppli:pubinclude:IGESAppli_DrilledHole.hxx /misc/dn61/LocalWOK/wok_entities/LOC/dev/CR0-OCCT691-7-CR0-OCCT691-occt-64/inc/IGESAppli_DrilledHole.hxx
+M IGESAppli:privinclude:IGESAppli_DrilledHole.jxx /misc/dn61/LocalWOK/wok_entities/LOC/dev/CR0-OCCT691-7-CR0-OCCT691-occt-64/drv/IGESAppli/IGESAppli_DrilledHole.jxx
+M IGESAppli:privinclude:IGESAppli_DrilledHole.ixx /misc/dn61/LocalWOK/wok_entities/LOC/dev/CR0-OCCT691-7-CR0-OCCT691-occt-64/drv/IGESAppli/IGESAppli_DrilledHole.ixx
+M IGESAppli:pubinclude:Handle_IGESAppli_ReferenceDesignator.hxx /misc/dn61/LocalWOK/wok_entities/LOC/dev/CR0-OCCT691-7-CR0-OCCT691-occt-64/inc/Handle_IGESAppli_ReferenceDesignator.hxx
+M IGESAppli:pubinclude:IGESAppli_ReferenceDesignator.hxx /misc/dn61/LocalWOK/wok_entities/LOC/dev/CR0-OCCT691-7-CR0-OCCT691-occt-64/inc/IGESAppli_ReferenceDesignator.hxx
+M IGESAppli:privinclude:IGESAppli_ReferenceDesignator.jxx /misc/dn61/LocalWOK/wok_entities/LOC/dev/CR0-OCCT691-7-CR0-OCCT691-occt-64/drv/IGESAppli/IGESAppli_ReferenceDesignator.jxx
+M IGESAppli:privinclude:IGESAppli_ReferenceDesignator.ixx /misc/dn61/LocalWOK/wok_entities/LOC/dev/CR0-OCCT691-7-CR0-OCCT691-occt-64/drv/IGESAppli/IGESAppli_ReferenceDesignator.ixx
+M IGESAppli:pubinclude:Handle_IGESAppli_PinNumber.hxx /misc/dn61/LocalWOK/wok_entities/LOC/dev/CR0-OCCT691-7-CR0-OCCT691-occt-64/inc/Handle_IGESAppli_PinNumber.hxx
+M IGESAppli:pubinclude:IGESAppli_PinNumber.hxx /misc/dn61/LocalWOK/wok_entities/LOC/dev/CR0-OCCT691-7-CR0-OCCT691-occt-64/inc/IGESAppli_PinNumber.hxx
+M IGESAppli:privinclude:IGESAppli_PinNumber.jxx /misc/dn61/LocalWOK/wok_entities/LOC/dev/CR0-OCCT691-7-CR0-OCCT691-occt-64/drv/IGESAppli/IGESAppli_PinNumber.jxx
+M IGESAppli:privinclude:IGESAppli_PinNumber.ixx /misc/dn61/LocalWOK/wok_entities/LOC/dev/CR0-OCCT691-7-CR0-OCCT691-occt-64/drv/IGESAppli/IGESAppli_PinNumber.ixx
+M IGESAppli:pubinclude:Handle_IGESAppli_PartNumber.hxx /misc/dn61/LocalWOK/wok_entities/LOC/dev/CR0-OCCT691-7-CR0-OCCT691-occt-64/inc/Handle_IGESAppli_PartNumber.hxx
+M IGESAppli:pubinclude:IGESAppli_PartNumber.hxx /misc/dn61/LocalWOK/wok_entities/LOC/dev/CR0-OCCT691-7-CR0-OCCT691-occt-64/inc/IGESAppli_PartNumber.hxx
+M IGESAppli:privinclude:IGESAppli_PartNumber.jxx /misc/dn61/LocalWOK/wok_entities/LOC/dev/CR0-OCCT691-7-CR0-OCCT691-occt-64/drv/IGESAppli/IGESAppli_PartNumber.jxx
+M IGESAppli:privinclude:IGESAppli_PartNumber.ixx /misc/dn61/LocalWOK/wok_entities/LOC/dev/CR0-OCCT691-7-CR0-OCCT691-occt-64/drv/IGESAppli/IGESAppli_PartNumber.ixx
+M IGESAppli:pubinclude:Handle_IGESAppli_FlowLineSpec.hxx /misc/dn61/LocalWOK/wok_entities/LOC/dev/CR0-OCCT691-7-CR0-OCCT691-occt-64/inc/Handle_IGESAppli_FlowLineSpec.hxx
+M IGESAppli:pubinclude:IGESAppli_FlowLineSpec.hxx /misc/dn61/LocalWOK/wok_entities/LOC/dev/CR0-OCCT691-7-CR0-OCCT691-occt-64/inc/IGESAppli_FlowLineSpec.hxx
+M IGESAppli:privinclude:IGESAppli_FlowLineSpec.jxx /misc/dn61/LocalWOK/wok_entities/LOC/dev/CR0-OCCT691-7-CR0-OCCT691-occt-64/drv/IGESAppli/IGESAppli_FlowLineSpec.jxx
+M IGESAppli:privinclude:IGESAppli_FlowLineSpec.ixx /misc/dn61/LocalWOK/wok_entities/LOC/dev/CR0-OCCT691-7-CR0-OCCT691-occt-64/drv/IGESAppli/IGESAppli_FlowLineSpec.ixx
+M IGESAppli:pubinclude:Handle_IGESAppli_LevelToPWBLayerMap.hxx /misc/dn61/LocalWOK/wok_entities/LOC/dev/CR0-OCCT691-7-CR0-OCCT691-occt-64/inc/Handle_IGESAppli_LevelToPWBLayerMap.hxx
+M IGESAppli:pubinclude:IGESAppli_LevelToPWBLayerMap.hxx /misc/dn61/LocalWOK/wok_entities/LOC/dev/CR0-OCCT691-7-CR0-OCCT691-occt-64/inc/IGESAppli_LevelToPWBLayerMap.hxx
+M IGESAppli:privinclude:IGESAppli_LevelToPWBLayerMap.jxx /misc/dn61/LocalWOK/wok_entities/LOC/dev/CR0-OCCT691-7-CR0-OCCT691-occt-64/drv/IGESAppli/IGESAppli_LevelToPWBLayerMap.jxx
+M IGESAppli:privinclude:IGESAppli_LevelToPWBLayerMap.ixx /misc/dn61/LocalWOK/wok_entities/LOC/dev/CR0-OCCT691-7-CR0-OCCT691-occt-64/drv/IGESAppli/IGESAppli_LevelToPWBLayerMap.ixx
+M IGESAppli:pubinclude:Handle_IGESAppli_PWBArtworkStackup.hxx /misc/dn61/LocalWOK/wok_entities/LOC/dev/CR0-OCCT691-7-CR0-OCCT691-occt-64/inc/Handle_IGESAppli_PWBArtworkStackup.hxx
+M IGESAppli:pubinclude:IGESAppli_PWBArtworkStackup.hxx /misc/dn61/LocalWOK/wok_entities/LOC/dev/CR0-OCCT691-7-CR0-OCCT691-occt-64/inc/IGESAppli_PWBArtworkStackup.hxx
+M IGESAppli:privinclude:IGESAppli_PWBArtworkStackup.jxx /misc/dn61/LocalWOK/wok_entities/LOC/dev/CR0-OCCT691-7-CR0-OCCT691-occt-64/drv/IGESAppli/IGESAppli_PWBArtworkStackup.jxx
+M IGESAppli:privinclude:IGESAppli_PWBArtworkStackup.ixx /misc/dn61/LocalWOK/wok_entities/LOC/dev/CR0-OCCT691-7-CR0-OCCT691-occt-64/drv/IGESAppli/IGESAppli_PWBArtworkStackup.ixx
+M IGESAppli:pubinclude:Handle_IGESAppli_PWBDrilledHole.hxx /misc/dn61/LocalWOK/wok_entities/LOC/dev/CR0-OCCT691-7-CR0-OCCT691-occt-64/inc/Handle_IGESAppli_PWBDrilledHole.hxx
+M IGESAppli:pubinclude:IGESAppli_PWBDrilledHole.hxx /misc/dn61/LocalWOK/wok_entities/LOC/dev/CR0-OCCT691-7-CR0-OCCT691-occt-64/inc/IGESAppli_PWBDrilledHole.hxx
+M IGESAppli:privinclude:IGESAppli_PWBDrilledHole.jxx /misc/dn61/LocalWOK/wok_entities/LOC/dev/CR0-OCCT691-7-CR0-OCCT691-occt-64/drv/IGESAppli/IGESAppli_PWBDrilledHole.jxx
+M IGESAppli:privinclude:IGESAppli_PWBDrilledHole.ixx /misc/dn61/LocalWOK/wok_entities/LOC/dev/CR0-OCCT691-7-CR0-OCCT691-occt-64/drv/IGESAppli/IGESAppli_PWBDrilledHole.ixx
+M IGESAppli:pubinclude:Handle_IGESAppli_NodalConstraint.hxx /misc/dn61/LocalWOK/wok_entities/LOC/dev/CR0-OCCT691-7-CR0-OCCT691-occt-64/inc/Handle_IGESAppli_NodalConstraint.hxx
+M IGESAppli:pubinclude:IGESAppli_NodalConstraint.hxx /misc/dn61/LocalWOK/wok_entities/LOC/dev/CR0-OCCT691-7-CR0-OCCT691-occt-64/inc/IGESAppli_NodalConstraint.hxx
+M IGESAppli:privinclude:IGESAppli_NodalConstraint.jxx /misc/dn61/LocalWOK/wok_entities/LOC/dev/CR0-OCCT691-7-CR0-OCCT691-occt-64/drv/IGESAppli/IGESAppli_NodalConstraint.jxx
+M IGESAppli:privinclude:IGESAppli_NodalConstraint.ixx /misc/dn61/LocalWOK/wok_entities/LOC/dev/CR0-OCCT691-7-CR0-OCCT691-occt-64/drv/IGESAppli/IGESAppli_NodalConstraint.ixx
+M IGESAppli:pubinclude:IGESAppli_ToolNode.hxx /misc/dn61/LocalWOK/wok_entities/LOC/dev/CR0-OCCT691-7-CR0-OCCT691-occt-64/inc/IGESAppli_ToolNode.hxx
+M IGESAppli:privinclude:IGESAppli_ToolNode.jxx /misc/dn61/LocalWOK/wok_entities/LOC/dev/CR0-OCCT691-7-CR0-OCCT691-occt-64/drv/IGESAppli/IGESAppli_ToolNode.jxx
+M IGESAppli:privinclude:IGESAppli_ToolNode.ixx /misc/dn61/LocalWOK/wok_entities/LOC/dev/CR0-OCCT691-7-CR0-OCCT691-occt-64/drv/IGESAppli/IGESAppli_ToolNode.ixx
+M IGESAppli:pubinclude:IGESAppli_ToolFiniteElement.hxx /misc/dn61/LocalWOK/wok_entities/LOC/dev/CR0-OCCT691-7-CR0-OCCT691-occt-64/inc/IGESAppli_ToolFiniteElement.hxx
+M IGESAppli:privinclude:IGESAppli_ToolFiniteElement.jxx /misc/dn61/LocalWOK/wok_entities/LOC/dev/CR0-OCCT691-7-CR0-OCCT691-occt-64/drv/IGESAppli/IGESAppli_ToolFiniteElement.jxx
+M IGESAppli:privinclude:IGESAppli_ToolFiniteElement.ixx /misc/dn61/LocalWOK/wok_entities/LOC/dev/CR0-OCCT691-7-CR0-OCCT691-occt-64/drv/IGESAppli/IGESAppli_ToolFiniteElement.ixx
+M IGESAppli:pubinclude:IGESAppli_ToolNodalDisplAndRot.hxx /misc/dn61/LocalWOK/wok_entities/LOC/dev/CR0-OCCT691-7-CR0-OCCT691-occt-64/inc/IGESAppli_ToolNodalDisplAndRot.hxx
+M IGESAppli:privinclude:IGESAppli_ToolNodalDisplAndRot.jxx /misc/dn61/LocalWOK/wok_entities/LOC/dev/CR0-OCCT691-7-CR0-OCCT691-occt-64/drv/IGESAppli/IGESAppli_ToolNodalDisplAndRot.jxx
+M IGESAppli:privinclude:IGESAppli_ToolNodalDisplAndRot.ixx /misc/dn61/LocalWOK/wok_entities/LOC/dev/CR0-OCCT691-7-CR0-OCCT691-occt-64/drv/IGESAppli/IGESAppli_ToolNodalDisplAndRot.ixx
+M IGESAppli:pubinclude:IGESAppli_ToolNodalResults.hxx /misc/dn61/LocalWOK/wok_entities/LOC/dev/CR0-OCCT691-7-CR0-OCCT691-occt-64/inc/IGESAppli_ToolNodalResults.hxx
+M IGESAppli:privinclude:IGESAppli_ToolNodalResults.jxx /misc/dn61/LocalWOK/wok_entities/LOC/dev/CR0-OCCT691-7-CR0-OCCT691-occt-64/drv/IGESAppli/IGESAppli_ToolNodalResults.jxx
+M IGESAppli:privinclude:IGESAppli_ToolNodalResults.ixx /misc/dn61/LocalWOK/wok_entities/LOC/dev/CR0-OCCT691-7-CR0-OCCT691-occt-64/drv/IGESAppli/IGESAppli_ToolNodalResults.ixx
+M IGESAppli:pubinclude:IGESAppli_ToolElementResults.hxx /misc/dn61/LocalWOK/wok_entities/LOC/dev/CR0-OCCT691-7-CR0-OCCT691-occt-64/inc/IGESAppli_ToolElementResults.hxx
+M IGESAppli:privinclude:IGESAppli_ToolElementResults.jxx /misc/dn61/LocalWOK/wok_entities/LOC/dev/CR0-OCCT691-7-CR0-OCCT691-occt-64/drv/IGESAppli/IGESAppli_ToolElementResults.jxx
+M IGESAppli:privinclude:IGESAppli_ToolElementResults.ixx /misc/dn61/LocalWOK/wok_entities/LOC/dev/CR0-OCCT691-7-CR0-OCCT691-occt-64/drv/IGESAppli/IGESAppli_ToolElementResults.ixx
+M IGESAppli:pubinclude:IGESAppli_ToolFlow.hxx /misc/dn61/LocalWOK/wok_entities/LOC/dev/CR0-OCCT691-7-CR0-OCCT691-occt-64/inc/IGESAppli_ToolFlow.hxx
+M IGESAppli:privinclude:IGESAppli_ToolFlow.jxx /misc/dn61/LocalWOK/wok_entities/LOC/dev/CR0-OCCT691-7-CR0-OCCT691-occt-64/drv/IGESAppli/IGESAppli_ToolFlow.jxx
+M IGESAppli:privinclude:IGESAppli_ToolFlow.ixx /misc/dn61/LocalWOK/wok_entities/LOC/dev/CR0-OCCT691-7-CR0-OCCT691-occt-64/drv/IGESAppli/IGESAppli_ToolFlow.ixx
+M IGESAppli:pubinclude:IGESAppli_ToolPipingFlow.hxx /misc/dn61/LocalWOK/wok_entities/LOC/dev/CR0-OCCT691-7-CR0-OCCT691-occt-64/inc/IGESAppli_ToolPipingFlow.hxx
+M IGESAppli:privinclude:IGESAppli_ToolPipingFlow.jxx /misc/dn61/LocalWOK/wok_entities/LOC/dev/CR0-OCCT691-7-CR0-OCCT691-occt-64/drv/IGESAppli/IGESAppli_ToolPipingFlow.jxx
+M IGESAppli:privinclude:IGESAppli_ToolPipingFlow.ixx /misc/dn61/LocalWOK/wok_entities/LOC/dev/CR0-OCCT691-7-CR0-OCCT691-occt-64/drv/IGESAppli/IGESAppli_ToolPipingFlow.ixx
+M IGESAppli:pubinclude:IGESAppli_ToolRegionRestriction.hxx /misc/dn61/LocalWOK/wok_entities/LOC/dev/CR0-OCCT691-7-CR0-OCCT691-occt-64/inc/IGESAppli_ToolRegionRestriction.hxx
+M IGESAppli:privinclude:IGESAppli_ToolRegionRestriction.jxx /misc/dn61/LocalWOK/wok_entities/LOC/dev/CR0-OCCT691-7-CR0-OCCT691-occt-64/drv/IGESAppli/IGESAppli_ToolRegionRestriction.jxx
+M IGESAppli:privinclude:IGESAppli_ToolRegionRestriction.ixx /misc/dn61/LocalWOK/wok_entities/LOC/dev/CR0-OCCT691-7-CR0-OCCT691-occt-64/drv/IGESAppli/IGESAppli_ToolRegionRestriction.ixx
+M IGESAppli:pubinclude:IGESAppli_ToolLevelFunction.hxx /misc/dn61/LocalWOK/wok_entities/LOC/dev/CR0-OCCT691-7-CR0-OCCT691-occt-64/inc/IGESAppli_ToolLevelFunction.hxx
+M IGESAppli:privinclude:IGESAppli_ToolLevelFunction.jxx /misc/dn61/LocalWOK/wok_entities/LOC/dev/CR0-OCCT691-7-CR0-OCCT691-occt-64/drv/IGESAppli/IGESAppli_ToolLevelFunction.jxx
+M IGESAppli:privinclude:IGESAppli_ToolLevelFunction.ixx /misc/dn61/LocalWOK/wok_entities/LOC/dev/CR0-OCCT691-7-CR0-OCCT691-occt-64/drv/IGESAppli/IGESAppli_ToolLevelFunction.ixx
+M IGESAppli:pubinclude:IGESAppli_ToolLineWidening.hxx /misc/dn61/LocalWOK/wok_entities/LOC/dev/CR0-OCCT691-7-CR0-OCCT691-occt-64/inc/IGESAppli_ToolLineWidening.hxx
+M IGESAppli:privinclude:IGESAppli_ToolLineWidening.jxx /misc/dn61/LocalWOK/wok_entities/LOC/dev/CR0-OCCT691-7-CR0-OCCT691-occt-64/drv/IGESAppli/IGESAppli_ToolLineWidening.jxx
+M IGESAppli:privinclude:IGESAppli_ToolLineWidening.ixx /misc/dn61/LocalWOK/wok_entities/LOC/dev/CR0-OCCT691-7-CR0-OCCT691-occt-64/drv/IGESAppli/IGESAppli_ToolLineWidening.ixx
+M IGESAppli:pubinclude:IGESAppli_ToolDrilledHole.hxx /misc/dn61/LocalWOK/wok_entities/LOC/dev/CR0-OCCT691-7-CR0-OCCT691-occt-64/inc/IGESAppli_ToolDrilledHole.hxx
+M IGESAppli:privinclude:IGESAppli_ToolDrilledHole.jxx /misc/dn61/LocalWOK/wok_entities/LOC/dev/CR0-OCCT691-7-CR0-OCCT691-occt-64/drv/IGESAppli/IGESAppli_ToolDrilledHole.jxx
+M IGESAppli:privinclude:IGESAppli_ToolDrilledHole.ixx /misc/dn61/LocalWOK/wok_entities/LOC/dev/CR0-OCCT691-7-CR0-OCCT691-occt-64/drv/IGESAppli/IGESAppli_ToolDrilledHole.ixx
+M IGESAppli:pubinclude:IGESAppli_ToolReferenceDesignator.hxx /misc/dn61/LocalWOK/wok_entities/LOC/dev/CR0-OCCT691-7-CR0-OCCT691-occt-64/inc/IGESAppli_ToolReferenceDesignator.hxx
+M IGESAppli:privinclude:IGESAppli_ToolReferenceDesignator.jxx /misc/dn61/LocalWOK/wok_entities/LOC/dev/CR0-OCCT691-7-CR0-OCCT691-occt-64/drv/IGESAppli/IGESAppli_ToolReferenceDesignator.jxx
+M IGESAppli:privinclude:IGESAppli_ToolReferenceDesignator.ixx /misc/dn61/LocalWOK/wok_entities/LOC/dev/CR0-OCCT691-7-CR0-OCCT691-occt-64/drv/IGESAppli/IGESAppli_ToolReferenceDesignator.ixx
+M IGESAppli:pubinclude:IGESAppli_ToolPinNumber.hxx /misc/dn61/LocalWOK/wok_entities/LOC/dev/CR0-OCCT691-7-CR0-OCCT691-occt-64/inc/IGESAppli_ToolPinNumber.hxx
+M IGESAppli:privinclude:IGESAppli_ToolPinNumber.jxx /misc/dn61/LocalWOK/wok_entities/LOC/dev/CR0-OCCT691-7-CR0-OCCT691-occt-64/drv/IGESAppli/IGESAppli_ToolPinNumber.jxx
+M IGESAppli:privinclude:IGESAppli_ToolPinNumber.ixx /misc/dn61/LocalWOK/wok_entities/LOC/dev/CR0-OCCT691-7-CR0-OCCT691-occt-64/drv/IGESAppli/IGESAppli_ToolPinNumber.ixx
+M IGESAppli:pubinclude:IGESAppli_ToolPartNumber.hxx /misc/dn61/LocalWOK/wok_entities/LOC/dev/CR0-OCCT691-7-CR0-OCCT691-occt-64/inc/IGESAppli_ToolPartNumber.hxx
+M IGESAppli:privinclude:IGESAppli_ToolPartNumber.jxx /misc/dn61/LocalWOK/wok_entities/LOC/dev/CR0-OCCT691-7-CR0-OCCT691-occt-64/drv/IGESAppli/IGESAppli_ToolPartNumber.jxx
+M IGESAppli:privinclude:IGESAppli_ToolPartNumber.ixx /misc/dn61/LocalWOK/wok_entities/LOC/dev/CR0-OCCT691-7-CR0-OCCT691-occt-64/drv/IGESAppli/IGESAppli_ToolPartNumber.ixx
+M IGESAppli:pubinclude:IGESAppli_ToolFlowLineSpec.hxx /misc/dn61/LocalWOK/wok_entities/LOC/dev/CR0-OCCT691-7-CR0-OCCT691-occt-64/inc/IGESAppli_ToolFlowLineSpec.hxx
+M IGESAppli:privinclude:IGESAppli_ToolFlowLineSpec.jxx /misc/dn61/LocalWOK/wok_entities/LOC/dev/CR0-OCCT691-7-CR0-OCCT691-occt-64/drv/IGESAppli/IGESAppli_ToolFlowLineSpec.jxx
+M IGESAppli:privinclude:IGESAppli_ToolFlowLineSpec.ixx /misc/dn61/LocalWOK/wok_entities/LOC/dev/CR0-OCCT691-7-CR0-OCCT691-occt-64/drv/IGESAppli/IGESAppli_ToolFlowLineSpec.ixx
+M IGESAppli:pubinclude:IGESAppli_ToolLevelToPWBLayerMap.hxx /misc/dn61/LocalWOK/wok_entities/LOC/dev/CR0-OCCT691-7-CR0-OCCT691-occt-64/inc/IGESAppli_ToolLevelToPWBLayerMap.hxx
+M IGESAppli:privinclude:IGESAppli_ToolLevelToPWBLayerMap.jxx /misc/dn61/LocalWOK/wok_entities/LOC/dev/CR0-OCCT691-7-CR0-OCCT691-occt-64/drv/IGESAppli/IGESAppli_ToolLevelToPWBLayerMap.jxx
+M IGESAppli:privinclude:IGESAppli_ToolLevelToPWBLayerMap.ixx /misc/dn61/LocalWOK/wok_entities/LOC/dev/CR0-OCCT691-7-CR0-OCCT691-occt-64/drv/IGESAppli/IGESAppli_ToolLevelToPWBLayerMap.ixx
+M IGESAppli:pubinclude:IGESAppli_ToolPWBArtworkStackup.hxx /misc/dn61/LocalWOK/wok_entities/LOC/dev/CR0-OCCT691-7-CR0-OCCT691-occt-64/inc/IGESAppli_ToolPWBArtworkStackup.hxx
+M IGESAppli:privinclude:IGESAppli_ToolPWBArtworkStackup.jxx /misc/dn61/LocalWOK/wok_entities/LOC/dev/CR0-OCCT691-7-CR0-OCCT691-occt-64/drv/IGESAppli/IGESAppli_ToolPWBArtworkStackup.jxx
+M IGESAppli:privinclude:IGESAppli_ToolPWBArtworkStackup.ixx /misc/dn61/LocalWOK/wok_entities/LOC/dev/CR0-OCCT691-7-CR0-OCCT691-occt-64/drv/IGESAppli/IGESAppli_ToolPWBArtworkStackup.ixx
+M IGESAppli:pubinclude:IGESAppli_ToolPWBDrilledHole.hxx /misc/dn61/LocalWOK/wok_entities/LOC/dev/CR0-OCCT691-7-CR0-OCCT691-occt-64/inc/IGESAppli_ToolPWBDrilledHole.hxx
+M IGESAppli:privinclude:IGESAppli_ToolPWBDrilledHole.jxx /misc/dn61/LocalWOK/wok_entities/LOC/dev/CR0-OCCT691-7-CR0-OCCT691-occt-64/drv/IGESAppli/IGESAppli_ToolPWBDrilledHole.jxx
+M IGESAppli:privinclude:IGESAppli_ToolPWBDrilledHole.ixx /misc/dn61/LocalWOK/wok_entities/LOC/dev/CR0-OCCT691-7-CR0-OCCT691-occt-64/drv/IGESAppli/IGESAppli_ToolPWBDrilledHole.ixx
+M IGESAppli:pubinclude:IGESAppli_ToolNodalConstraint.hxx /misc/dn61/LocalWOK/wok_entities/LOC/dev/CR0-OCCT691-7-CR0-OCCT691-occt-64/inc/IGESAppli_ToolNodalConstraint.hxx
+M IGESAppli:privinclude:IGESAppli_ToolNodalConstraint.jxx /misc/dn61/LocalWOK/wok_entities/LOC/dev/CR0-OCCT691-7-CR0-OCCT691-occt-64/drv/IGESAppli/IGESAppli_ToolNodalConstraint.jxx
+M IGESAppli:privinclude:IGESAppli_ToolNodalConstraint.ixx /misc/dn61/LocalWOK/wok_entities/LOC/dev/CR0-OCCT691-7-CR0-OCCT691-occt-64/drv/IGESAppli/IGESAppli_ToolNodalConstraint.ixx
+M IGESAppli:pubinclude:Handle_IGESAppli_Protocol.hxx /misc/dn61/LocalWOK/wok_entities/LOC/dev/CR0-OCCT691-7-CR0-OCCT691-occt-64/inc/Handle_IGESAppli_Protocol.hxx
+M IGESAppli:pubinclude:IGESAppli_Protocol.hxx /misc/dn61/LocalWOK/wok_entities/LOC/dev/CR0-OCCT691-7-CR0-OCCT691-occt-64/inc/IGESAppli_Protocol.hxx
+M IGESAppli:privinclude:IGESAppli_Protocol.jxx /misc/dn61/LocalWOK/wok_entities/LOC/dev/CR0-OCCT691-7-CR0-OCCT691-occt-64/drv/IGESAppli/IGESAppli_Protocol.jxx
+M IGESAppli:privinclude:IGESAppli_Protocol.ixx /misc/dn61/LocalWOK/wok_entities/LOC/dev/CR0-OCCT691-7-CR0-OCCT691-occt-64/drv/IGESAppli/IGESAppli_Protocol.ixx
+M IGESAppli:pubinclude:Handle_IGESAppli_ReadWriteModule.hxx /misc/dn61/LocalWOK/wok_entities/LOC/dev/CR0-OCCT691-7-CR0-OCCT691-occt-64/inc/Handle_IGESAppli_ReadWriteModule.hxx
+M IGESAppli:pubinclude:IGESAppli_ReadWriteModule.hxx /misc/dn61/LocalWOK/wok_entities/LOC/dev/CR0-OCCT691-7-CR0-OCCT691-occt-64/inc/IGESAppli_ReadWriteModule.hxx
+M IGESAppli:privinclude:IGESAppli_ReadWriteModule.jxx /misc/dn61/LocalWOK/wok_entities/LOC/dev/CR0-OCCT691-7-CR0-OCCT691-occt-64/drv/IGESAppli/IGESAppli_ReadWriteModule.jxx
+M IGESAppli:privinclude:IGESAppli_ReadWriteModule.ixx /misc/dn61/LocalWOK/wok_entities/LOC/dev/CR0-OCCT691-7-CR0-OCCT691-occt-64/drv/IGESAppli/IGESAppli_ReadWriteModule.ixx
+M IGESAppli:pubinclude:Handle_IGESAppli_GeneralModule.hxx /misc/dn61/LocalWOK/wok_entities/LOC/dev/CR0-OCCT691-7-CR0-OCCT691-occt-64/inc/Handle_IGESAppli_GeneralModule.hxx
+M IGESAppli:pubinclude:IGESAppli_GeneralModule.hxx /misc/dn61/LocalWOK/wok_entities/LOC/dev/CR0-OCCT691-7-CR0-OCCT691-occt-64/inc/IGESAppli_GeneralModule.hxx
+M IGESAppli:privinclude:IGESAppli_GeneralModule.jxx /misc/dn61/LocalWOK/wok_entities/LOC/dev/CR0-OCCT691-7-CR0-OCCT691-occt-64/drv/IGESAppli/IGESAppli_GeneralModule.jxx
+M IGESAppli:privinclude:IGESAppli_GeneralModule.ixx /misc/dn61/LocalWOK/wok_entities/LOC/dev/CR0-OCCT691-7-CR0-OCCT691-occt-64/drv/IGESAppli/IGESAppli_GeneralModule.ixx
+M IGESAppli:pubinclude:Handle_IGESAppli_SpecificModule.hxx /misc/dn61/LocalWOK/wok_entities/LOC/dev/CR0-OCCT691-7-CR0-OCCT691-occt-64/inc/Handle_IGESAppli_SpecificModule.hxx
+M IGESAppli:pubinclude:IGESAppli_SpecificModule.hxx /misc/dn61/LocalWOK/wok_entities/LOC/dev/CR0-OCCT691-7-CR0-OCCT691-occt-64/inc/IGESAppli_SpecificModule.hxx
+M IGESAppli:privinclude:IGESAppli_SpecificModule.jxx /misc/dn61/LocalWOK/wok_entities/LOC/dev/CR0-OCCT691-7-CR0-OCCT691-occt-64/drv/IGESAppli/IGESAppli_SpecificModule.jxx
+M IGESAppli:privinclude:IGESAppli_SpecificModule.ixx /misc/dn61/LocalWOK/wok_entities/LOC/dev/CR0-OCCT691-7-CR0-OCCT691-occt-64/drv/IGESAppli/IGESAppli_SpecificModule.ixx
+M IGESAppli:pubinclude:IGESAppli_Array1OfFlow.hxx /misc/dn61/LocalWOK/wok_entities/LOC/dev/CR0-OCCT691-7-CR0-OCCT691-occt-64/inc/IGESAppli_Array1OfFlow.hxx
+M IGESAppli:derivated:IGESAppli_Array1OfFlow_0.cxx /misc/dn61/LocalWOK/wok_entities/LOC/dev/CR0-OCCT691-7-CR0-OCCT691-occt-64/drv/IGESAppli/IGESAppli_Array1OfFlow_0.cxx
+M IGESAppli:pubinclude:IGESAppli_Array1OfNode.hxx /misc/dn61/LocalWOK/wok_entities/LOC/dev/CR0-OCCT691-7-CR0-OCCT691-occt-64/inc/IGESAppli_Array1OfNode.hxx
+M IGESAppli:derivated:IGESAppli_Array1OfNode_0.cxx /misc/dn61/LocalWOK/wok_entities/LOC/dev/CR0-OCCT691-7-CR0-OCCT691-occt-64/drv/IGESAppli/IGESAppli_Array1OfNode_0.cxx
+M IGESAppli:pubinclude:IGESAppli_Array1OfFiniteElement.hxx /misc/dn61/LocalWOK/wok_entities/LOC/dev/CR0-OCCT691-7-CR0-OCCT691-occt-64/inc/IGESAppli_Array1OfFiniteElement.hxx
+M IGESAppli:derivated:IGESAppli_Array1OfFiniteElement_0.cxx /misc/dn61/LocalWOK/wok_entities/LOC/dev/CR0-OCCT691-7-CR0-OCCT691-occt-64/drv/IGESAppli/IGESAppli_Array1OfFiniteElement_0.cxx
+M IGESAppli:pubinclude:Handle_IGESAppli_HArray1OfFlow.hxx /misc/dn61/LocalWOK/wok_entities/LOC/dev/CR0-OCCT691-7-CR0-OCCT691-occt-64/inc/Handle_IGESAppli_HArray1OfFlow.hxx
+M IGESAppli:pubinclude:IGESAppli_HArray1OfFlow.hxx /misc/dn61/LocalWOK/wok_entities/LOC/dev/CR0-OCCT691-7-CR0-OCCT691-occt-64/inc/IGESAppli_HArray1OfFlow.hxx
+M IGESAppli:derivated:IGESAppli_HArray1OfFlow_0.cxx /misc/dn61/LocalWOK/wok_entities/LOC/dev/CR0-OCCT691-7-CR0-OCCT691-occt-64/drv/IGESAppli/IGESAppli_HArray1OfFlow_0.cxx
+M IGESAppli:pubinclude:Handle_IGESAppli_HArray1OfNode.hxx /misc/dn61/LocalWOK/wok_entities/LOC/dev/CR0-OCCT691-7-CR0-OCCT691-occt-64/inc/Handle_IGESAppli_HArray1OfNode.hxx
+M IGESAppli:pubinclude:IGESAppli_HArray1OfNode.hxx /misc/dn61/LocalWOK/wok_entities/LOC/dev/CR0-OCCT691-7-CR0-OCCT691-occt-64/inc/IGESAppli_HArray1OfNode.hxx
+M IGESAppli:derivated:IGESAppli_HArray1OfNode_0.cxx /misc/dn61/LocalWOK/wok_entities/LOC/dev/CR0-OCCT691-7-CR0-OCCT691-occt-64/drv/IGESAppli/IGESAppli_HArray1OfNode_0.cxx
+M IGESAppli:pubinclude:Handle_IGESAppli_HArray1OfFiniteElement.hxx /misc/dn61/LocalWOK/wok_entities/LOC/dev/CR0-OCCT691-7-CR0-OCCT691-occt-64/inc/Handle_IGESAppli_HArray1OfFiniteElement.hxx
+M IGESAppli:pubinclude:IGESAppli_HArray1OfFiniteElement.hxx /misc/dn61/LocalWOK/wok_entities/LOC/dev/CR0-OCCT691-7-CR0-OCCT691-occt-64/inc/IGESAppli_HArray1OfFiniteElement.hxx
+M IGESAppli:derivated:IGESAppli_HArray1OfFiniteElement_0.cxx /misc/dn61/LocalWOK/wok_entities/LOC/dev/CR0-OCCT691-7-CR0-OCCT691-occt-64/drv/IGESAppli/IGESAppli_HArray1OfFiniteElement_0.cxx
+M IGESAppli:dbadmfile:IGESAppli_xcpp_header.In /misc/dn61/LocalWOK/wok_entities/LOC/dev/CR0-OCCT691-7-CR0-OCCT691-occt-64/drv/IGESAppli/.adm/IGESAppli_xcpp_header.In
+M IGESAppli:dbadmfile:IGESAppli_xcpp_header.Out /misc/dn61/LocalWOK/wok_entities/LOC/dev/CR0-OCCT691-7-CR0-OCCT691-occt-64/drv/IGESAppli/.adm/IGESAppli_xcpp_header.Out
+M IGESAppli:dbadmfile:IGESAppli_xcpp_header.Dep /misc/dn61/LocalWOK/wok_entities/LOC/dev/CR0-OCCT691-7-CR0-OCCT691-occt-64/drv/IGESAppli/.adm/IGESAppli_xcpp_header.Dep
