+M BRepMesh:pubinclude:BRepMesh.hxx /misc/dn61/LocalWOK/wok_entities/LOC/dev/CR0-OCCT691-7-CR0-OCCT691-occt-64/inc/BRepMesh.hxx
+M BRepMesh:pubinclude:BRepMesh_PluginEntryType.hxx /misc/dn61/LocalWOK/wok_entities/LOC/dev/CR0-OCCT691-7-CR0-OCCT691-occt-64/inc/BRepMesh_PluginEntryType.hxx
+M BRepMesh:pubinclude:BRepMesh_PluginMacro.hxx /misc/dn61/LocalWOK/wok_entities/LOC/dev/CR0-OCCT691-7-CR0-OCCT691-occt-64/inc/BRepMesh_PluginMacro.hxx
+M BRepMesh:pubinclude:BRepMesh_DegreeOfFreedom.hxx /misc/dn61/LocalWOK/wok_entities/LOC/dev/CR0-OCCT691-7-CR0-OCCT691-occt-64/inc/BRepMesh_DegreeOfFreedom.hxx
+M BRepMesh:pubinclude:BRepMesh_FactoryError.hxx /misc/dn61/LocalWOK/wok_entities/LOC/dev/CR0-OCCT691-7-CR0-OCCT691-occt-64/inc/BRepMesh_FactoryError.hxx
+M BRepMesh:pubinclude:BRepMesh_Vertex.hxx /misc/dn61/LocalWOK/wok_entities/LOC/dev/CR0-OCCT691-7-CR0-OCCT691-occt-64/inc/BRepMesh_Vertex.hxx
+M BRepMesh:pubinclude:BRepMesh_OrientedEdge.hxx /misc/dn61/LocalWOK/wok_entities/LOC/dev/CR0-OCCT691-7-CR0-OCCT691-occt-64/inc/BRepMesh_OrientedEdge.hxx
+M BRepMesh:pubinclude:BRepMesh_Edge.hxx /misc/dn61/LocalWOK/wok_entities/LOC/dev/CR0-OCCT691-7-CR0-OCCT691-occt-64/inc/BRepMesh_Edge.hxx
+M BRepMesh:pubinclude:BRepMesh_Triangle.hxx /misc/dn61/LocalWOK/wok_entities/LOC/dev/CR0-OCCT691-7-CR0-OCCT691-occt-64/inc/BRepMesh_Triangle.hxx
+M BRepMesh:pubinclude:BRepMesh_Circle.hxx /misc/dn61/LocalWOK/wok_entities/LOC/dev/CR0-OCCT691-7-CR0-OCCT691-occt-64/inc/BRepMesh_Circle.hxx
+M BRepMesh:pubinclude:BRepMesh_Classifier.hxx /misc/dn61/LocalWOK/wok_entities/LOC/dev/CR0-OCCT691-7-CR0-OCCT691-occt-64/inc/BRepMesh_Classifier.hxx
+M BRepMesh:pubinclude:BRepMesh_WireInterferenceChecker.hxx /misc/dn61/LocalWOK/wok_entities/LOC/dev/CR0-OCCT691-7-CR0-OCCT691-occt-64/inc/BRepMesh_WireInterferenceChecker.hxx
+M BRepMesh:pubinclude:BRepMesh_WireChecker.hxx /misc/dn61/LocalWOK/wok_entities/LOC/dev/CR0-OCCT691-7-CR0-OCCT691-occt-64/inc/BRepMesh_WireChecker.hxx
+M BRepMesh:pubinclude:BRepMesh_DiscretRoot.hxx /misc/dn61/LocalWOK/wok_entities/LOC/dev/CR0-OCCT691-7-CR0-OCCT691-occt-64/inc/BRepMesh_DiscretRoot.hxx
+M BRepMesh:pubinclude:BRepMesh_DiscretFactory.hxx /misc/dn61/LocalWOK/wok_entities/LOC/dev/CR0-OCCT691-7-CR0-OCCT691-occt-64/inc/BRepMesh_DiscretFactory.hxx
+M BRepMesh:pubinclude:BRepMesh_DataStructureOfDelaun.hxx /misc/dn61/LocalWOK/wok_entities/LOC/dev/CR0-OCCT691-7-CR0-OCCT691-occt-64/inc/BRepMesh_DataStructureOfDelaun.hxx
+M BRepMesh:pubinclude:BRepMesh_CircleTool.hxx /misc/dn61/LocalWOK/wok_entities/LOC/dev/CR0-OCCT691-7-CR0-OCCT691-occt-64/inc/BRepMesh_CircleTool.hxx
+M BRepMesh:pubinclude:BRepMesh_VertexTool.hxx /misc/dn61/LocalWOK/wok_entities/LOC/dev/CR0-OCCT691-7-CR0-OCCT691-occt-64/inc/BRepMesh_VertexTool.hxx
+M BRepMesh:pubinclude:BRepMesh_ShapeTool.hxx /misc/dn61/LocalWOK/wok_entities/LOC/dev/CR0-OCCT691-7-CR0-OCCT691-occt-64/inc/BRepMesh_ShapeTool.hxx
+M BRepMesh:pubinclude:BRepMesh_Delaun.hxx /misc/dn61/LocalWOK/wok_entities/LOC/dev/CR0-OCCT691-7-CR0-OCCT691-occt-64/inc/BRepMesh_Delaun.hxx
+M BRepMesh:pubinclude:BRepMesh_CircleInspector.hxx /misc/dn61/LocalWOK/wok_entities/LOC/dev/CR0-OCCT691-7-CR0-OCCT691-occt-64/inc/BRepMesh_CircleInspector.hxx
+M BRepMesh:pubinclude:BRepMesh_PairOfIndex.hxx /misc/dn61/LocalWOK/wok_entities/LOC/dev/CR0-OCCT691-7-CR0-OCCT691-occt-64/inc/BRepMesh_PairOfIndex.hxx
+M BRepMesh:pubinclude:BRepMesh_Status.hxx /misc/dn61/LocalWOK/wok_entities/LOC/dev/CR0-OCCT691-7-CR0-OCCT691-occt-64/inc/BRepMesh_Status.hxx
+M BRepMesh:pubinclude:BRepMesh_VertexInspector.hxx /misc/dn61/LocalWOK/wok_entities/LOC/dev/CR0-OCCT691-7-CR0-OCCT691-occt-64/inc/BRepMesh_VertexInspector.hxx
+M BRepMesh:pubinclude:BRepMesh_SelectorOfDataStructureOfDelaun.hxx /misc/dn61/LocalWOK/wok_entities/LOC/dev/CR0-OCCT691-7-CR0-OCCT691-occt-64/inc/BRepMesh_SelectorOfDataStructureOfDelaun.hxx
+M BRepMesh:pubinclude:BRepMesh_EdgeParameterProvider.hxx /misc/dn61/LocalWOK/wok_entities/LOC/dev/CR0-OCCT691-7-CR0-OCCT691-occt-64/inc/BRepMesh_EdgeParameterProvider.hxx
+M BRepMesh:pubinclude:BRepMesh_IEdgeTool.hxx /misc/dn61/LocalWOK/wok_entities/LOC/dev/CR0-OCCT691-7-CR0-OCCT691-occt-64/inc/BRepMesh_IEdgeTool.hxx
+M BRepMesh:pubinclude:BRepMesh_EdgeTessellationExtractor.hxx /misc/dn61/LocalWOK/wok_entities/LOC/dev/CR0-OCCT691-7-CR0-OCCT691-occt-64/inc/BRepMesh_EdgeTessellationExtractor.hxx
+M BRepMesh:pubinclude:BRepMesh_EdgeTessellator.hxx /misc/dn61/LocalWOK/wok_entities/LOC/dev/CR0-OCCT691-7-CR0-OCCT691-occt-64/inc/BRepMesh_EdgeTessellator.hxx
+M BRepMesh:pubinclude:BRepMesh_FastDiscretFace.hxx /misc/dn61/LocalWOK/wok_entities/LOC/dev/CR0-OCCT691-7-CR0-OCCT691-occt-64/inc/BRepMesh_FastDiscretFace.hxx
+M BRepMesh:pubinclude:BRepMesh_FastDiscret.hxx /misc/dn61/LocalWOK/wok_entities/LOC/dev/CR0-OCCT691-7-CR0-OCCT691-occt-64/inc/BRepMesh_FastDiscret.hxx
+M BRepMesh:pubinclude:BRepMesh_FaceAttribute.hxx /misc/dn61/LocalWOK/wok_entities/LOC/dev/CR0-OCCT691-7-CR0-OCCT691-occt-64/inc/BRepMesh_FaceAttribute.hxx
+M BRepMesh:pubinclude:BRepMesh_IncrementalMesh.hxx /misc/dn61/LocalWOK/wok_entities/LOC/dev/CR0-OCCT691-7-CR0-OCCT691-occt-64/inc/BRepMesh_IncrementalMesh.hxx
+M BRepMesh:pubinclude:BRepMesh_GeomTool.hxx /misc/dn61/LocalWOK/wok_entities/LOC/dev/CR0-OCCT691-7-CR0-OCCT691-occt-64/inc/BRepMesh_GeomTool.hxx
+M BRepMesh:pubinclude:BRepMesh_PairOfPolygon.hxx /misc/dn61/LocalWOK/wok_entities/LOC/dev/CR0-OCCT691-7-CR0-OCCT691-occt-64/inc/BRepMesh_PairOfPolygon.hxx
+M BRepMesh:dbadmfile:BRepMesh_obj_inc.In /misc/dn61/LocalWOK/wok_entities/LOC/dev/CR0-OCCT691-7-CR0-OCCT691-occt-64/drv/BRepMesh/.adm/BRepMesh_obj_inc.In
+M BRepMesh:dbadmfile:BRepMesh_obj_inc.Out /misc/dn61/LocalWOK/wok_entities/LOC/dev/CR0-OCCT691-7-CR0-OCCT691-occt-64/drv/BRepMesh/.adm/BRepMesh_obj_inc.Out
+M BRepMesh:dbadmfile:BRepMesh_obj_inc.Dep /misc/dn61/LocalWOK/wok_entities/LOC/dev/CR0-OCCT691-7-CR0-OCCT691-occt-64/drv/BRepMesh/.adm/BRepMesh_obj_inc.Dep
