+M RWStepDimTol:pubinclude:RWStepDimTol_RWAngularityTolerance.hxx /misc/dn61/LocalWOK/wok_entities/LOC/dev/CR0-OCCT691-7-CR0-OCCT691-occt-64/inc/RWStepDimTol_RWAngularityTolerance.hxx
+M RWStepDimTol:privinclude:RWStepDimTol_RWAngularityTolerance.jxx /misc/dn61/LocalWOK/wok_entities/LOC/dev/CR0-OCCT691-7-CR0-OCCT691-occt-64/drv/RWStepDimTol/RWStepDimTol_RWAngularityTolerance.jxx
+M RWStepDimTol:privinclude:RWStepDimTol_RWAngularityTolerance.ixx /misc/dn61/LocalWOK/wok_entities/LOC/dev/CR0-OCCT691-7-CR0-OCCT691-occt-64/drv/RWStepDimTol/RWStepDimTol_RWAngularityTolerance.ixx
+M RWStepDimTol:pubinclude:RWStepDimTol_RWCircularRunoutTolerance.hxx /misc/dn61/LocalWOK/wok_entities/LOC/dev/CR0-OCCT691-7-CR0-OCCT691-occt-64/inc/RWStepDimTol_RWCircularRunoutTolerance.hxx
+M RWStepDimTol:privinclude:RWStepDimTol_RWCircularRunoutTolerance.jxx /misc/dn61/LocalWOK/wok_entities/LOC/dev/CR0-OCCT691-7-CR0-OCCT691-occt-64/drv/RWStepDimTol/RWStepDimTol_RWCircularRunoutTolerance.jxx
+M RWStepDimTol:privinclude:RWStepDimTol_RWCircularRunoutTolerance.ixx /misc/dn61/LocalWOK/wok_entities/LOC/dev/CR0-OCCT691-7-CR0-OCCT691-occt-64/drv/RWStepDimTol/RWStepDimTol_RWCircularRunoutTolerance.ixx
+M RWStepDimTol:pubinclude:RWStepDimTol_RWConcentricityTolerance.hxx /misc/dn61/LocalWOK/wok_entities/LOC/dev/CR0-OCCT691-7-CR0-OCCT691-occt-64/inc/RWStepDimTol_RWConcentricityTolerance.hxx
+M RWStepDimTol:privinclude:RWStepDimTol_RWConcentricityTolerance.jxx /misc/dn61/LocalWOK/wok_entities/LOC/dev/CR0-OCCT691-7-CR0-OCCT691-occt-64/drv/RWStepDimTol/RWStepDimTol_RWConcentricityTolerance.jxx
+M RWStepDimTol:privinclude:RWStepDimTol_RWConcentricityTolerance.ixx /misc/dn61/LocalWOK/wok_entities/LOC/dev/CR0-OCCT691-7-CR0-OCCT691-occt-64/drv/RWStepDimTol/RWStepDimTol_RWConcentricityTolerance.ixx
+M RWStepDimTol:pubinclude:RWStepDimTol_RWCylindricityTolerance.hxx /misc/dn61/LocalWOK/wok_entities/LOC/dev/CR0-OCCT691-7-CR0-OCCT691-occt-64/inc/RWStepDimTol_RWCylindricityTolerance.hxx
+M RWStepDimTol:privinclude:RWStepDimTol_RWCylindricityTolerance.jxx /misc/dn61/LocalWOK/wok_entities/LOC/dev/CR0-OCCT691-7-CR0-OCCT691-occt-64/drv/RWStepDimTol/RWStepDimTol_RWCylindricityTolerance.jxx
+M RWStepDimTol:privinclude:RWStepDimTol_RWCylindricityTolerance.ixx /misc/dn61/LocalWOK/wok_entities/LOC/dev/CR0-OCCT691-7-CR0-OCCT691-occt-64/drv/RWStepDimTol/RWStepDimTol_RWCylindricityTolerance.ixx
+M RWStepDimTol:pubinclude:RWStepDimTol_RWCoaxialityTolerance.hxx /misc/dn61/LocalWOK/wok_entities/LOC/dev/CR0-OCCT691-7-CR0-OCCT691-occt-64/inc/RWStepDimTol_RWCoaxialityTolerance.hxx
+M RWStepDimTol:privinclude:RWStepDimTol_RWCoaxialityTolerance.jxx /misc/dn61/LocalWOK/wok_entities/LOC/dev/CR0-OCCT691-7-CR0-OCCT691-occt-64/drv/RWStepDimTol/RWStepDimTol_RWCoaxialityTolerance.jxx
+M RWStepDimTol:privinclude:RWStepDimTol_RWCoaxialityTolerance.ixx /misc/dn61/LocalWOK/wok_entities/LOC/dev/CR0-OCCT691-7-CR0-OCCT691-occt-64/drv/RWStepDimTol/RWStepDimTol_RWCoaxialityTolerance.ixx
+M RWStepDimTol:pubinclude:RWStepDimTol_RWFlatnessTolerance.hxx /misc/dn61/LocalWOK/wok_entities/LOC/dev/CR0-OCCT691-7-CR0-OCCT691-occt-64/inc/RWStepDimTol_RWFlatnessTolerance.hxx
+M RWStepDimTol:privinclude:RWStepDimTol_RWFlatnessTolerance.jxx /misc/dn61/LocalWOK/wok_entities/LOC/dev/CR0-OCCT691-7-CR0-OCCT691-occt-64/drv/RWStepDimTol/RWStepDimTol_RWFlatnessTolerance.jxx
+M RWStepDimTol:privinclude:RWStepDimTol_RWFlatnessTolerance.ixx /misc/dn61/LocalWOK/wok_entities/LOC/dev/CR0-OCCT691-7-CR0-OCCT691-occt-64/drv/RWStepDimTol/RWStepDimTol_RWFlatnessTolerance.ixx
+M RWStepDimTol:pubinclude:RWStepDimTol_RWLineProfileTolerance.hxx /misc/dn61/LocalWOK/wok_entities/LOC/dev/CR0-OCCT691-7-CR0-OCCT691-occt-64/inc/RWStepDimTol_RWLineProfileTolerance.hxx
+M RWStepDimTol:privinclude:RWStepDimTol_RWLineProfileTolerance.jxx /misc/dn61/LocalWOK/wok_entities/LOC/dev/CR0-OCCT691-7-CR0-OCCT691-occt-64/drv/RWStepDimTol/RWStepDimTol_RWLineProfileTolerance.jxx
+M RWStepDimTol:privinclude:RWStepDimTol_RWLineProfileTolerance.ixx /misc/dn61/LocalWOK/wok_entities/LOC/dev/CR0-OCCT691-7-CR0-OCCT691-occt-64/drv/RWStepDimTol/RWStepDimTol_RWLineProfileTolerance.ixx
+M RWStepDimTol:pubinclude:RWStepDimTol_RWParallelismTolerance.hxx /misc/dn61/LocalWOK/wok_entities/LOC/dev/CR0-OCCT691-7-CR0-OCCT691-occt-64/inc/RWStepDimTol_RWParallelismTolerance.hxx
+M RWStepDimTol:privinclude:RWStepDimTol_RWParallelismTolerance.jxx /misc/dn61/LocalWOK/wok_entities/LOC/dev/CR0-OCCT691-7-CR0-OCCT691-occt-64/drv/RWStepDimTol/RWStepDimTol_RWParallelismTolerance.jxx
+M RWStepDimTol:privinclude:RWStepDimTol_RWParallelismTolerance.ixx /misc/dn61/LocalWOK/wok_entities/LOC/dev/CR0-OCCT691-7-CR0-OCCT691-occt-64/drv/RWStepDimTol/RWStepDimTol_RWParallelismTolerance.ixx
+M RWStepDimTol:pubinclude:RWStepDimTol_RWPerpendicularityTolerance.hxx /misc/dn61/LocalWOK/wok_entities/LOC/dev/CR0-OCCT691-7-CR0-OCCT691-occt-64/inc/RWStepDimTol_RWPerpendicularityTolerance.hxx
+M RWStepDimTol:privinclude:RWStepDimTol_RWPerpendicularityTolerance.jxx /misc/dn61/LocalWOK/wok_entities/LOC/dev/CR0-OCCT691-7-CR0-OCCT691-occt-64/drv/RWStepDimTol/RWStepDimTol_RWPerpendicularityTolerance.jxx
+M RWStepDimTol:privinclude:RWStepDimTol_RWPerpendicularityTolerance.ixx /misc/dn61/LocalWOK/wok_entities/LOC/dev/CR0-OCCT691-7-CR0-OCCT691-occt-64/drv/RWStepDimTol/RWStepDimTol_RWPerpendicularityTolerance.ixx
+M RWStepDimTol:pubinclude:RWStepDimTol_RWPositionTolerance.hxx /misc/dn61/LocalWOK/wok_entities/LOC/dev/CR0-OCCT691-7-CR0-OCCT691-occt-64/inc/RWStepDimTol_RWPositionTolerance.hxx
+M RWStepDimTol:privinclude:RWStepDimTol_RWPositionTolerance.jxx /misc/dn61/LocalWOK/wok_entities/LOC/dev/CR0-OCCT691-7-CR0-OCCT691-occt-64/drv/RWStepDimTol/RWStepDimTol_RWPositionTolerance.jxx
+M RWStepDimTol:privinclude:RWStepDimTol_RWPositionTolerance.ixx /misc/dn61/LocalWOK/wok_entities/LOC/dev/CR0-OCCT691-7-CR0-OCCT691-occt-64/drv/RWStepDimTol/RWStepDimTol_RWPositionTolerance.ixx
+M RWStepDimTol:pubinclude:RWStepDimTol_RWRoundnessTolerance.hxx /misc/dn61/LocalWOK/wok_entities/LOC/dev/CR0-OCCT691-7-CR0-OCCT691-occt-64/inc/RWStepDimTol_RWRoundnessTolerance.hxx
+M RWStepDimTol:privinclude:RWStepDimTol_RWRoundnessTolerance.jxx /misc/dn61/LocalWOK/wok_entities/LOC/dev/CR0-OCCT691-7-CR0-OCCT691-occt-64/drv/RWStepDimTol/RWStepDimTol_RWRoundnessTolerance.jxx
+M RWStepDimTol:privinclude:RWStepDimTol_RWRoundnessTolerance.ixx /misc/dn61/LocalWOK/wok_entities/LOC/dev/CR0-OCCT691-7-CR0-OCCT691-occt-64/drv/RWStepDimTol/RWStepDimTol_RWRoundnessTolerance.ixx
+M RWStepDimTol:pubinclude:RWStepDimTol_RWStraightnessTolerance.hxx /misc/dn61/LocalWOK/wok_entities/LOC/dev/CR0-OCCT691-7-CR0-OCCT691-occt-64/inc/RWStepDimTol_RWStraightnessTolerance.hxx
+M RWStepDimTol:privinclude:RWStepDimTol_RWStraightnessTolerance.jxx /misc/dn61/LocalWOK/wok_entities/LOC/dev/CR0-OCCT691-7-CR0-OCCT691-occt-64/drv/RWStepDimTol/RWStepDimTol_RWStraightnessTolerance.jxx
+M RWStepDimTol:privinclude:RWStepDimTol_RWStraightnessTolerance.ixx /misc/dn61/LocalWOK/wok_entities/LOC/dev/CR0-OCCT691-7-CR0-OCCT691-occt-64/drv/RWStepDimTol/RWStepDimTol_RWStraightnessTolerance.ixx
+M RWStepDimTol:pubinclude:RWStepDimTol_RWSurfaceProfileTolerance.hxx /misc/dn61/LocalWOK/wok_entities/LOC/dev/CR0-OCCT691-7-CR0-OCCT691-occt-64/inc/RWStepDimTol_RWSurfaceProfileTolerance.hxx
+M RWStepDimTol:privinclude:RWStepDimTol_RWSurfaceProfileTolerance.jxx /misc/dn61/LocalWOK/wok_entities/LOC/dev/CR0-OCCT691-7-CR0-OCCT691-occt-64/drv/RWStepDimTol/RWStepDimTol_RWSurfaceProfileTolerance.jxx
+M RWStepDimTol:privinclude:RWStepDimTol_RWSurfaceProfileTolerance.ixx /misc/dn61/LocalWOK/wok_entities/LOC/dev/CR0-OCCT691-7-CR0-OCCT691-occt-64/drv/RWStepDimTol/RWStepDimTol_RWSurfaceProfileTolerance.ixx
+M RWStepDimTol:pubinclude:RWStepDimTol_RWSymmetryTolerance.hxx /misc/dn61/LocalWOK/wok_entities/LOC/dev/CR0-OCCT691-7-CR0-OCCT691-occt-64/inc/RWStepDimTol_RWSymmetryTolerance.hxx
+M RWStepDimTol:privinclude:RWStepDimTol_RWSymmetryTolerance.jxx /misc/dn61/LocalWOK/wok_entities/LOC/dev/CR0-OCCT691-7-CR0-OCCT691-occt-64/drv/RWStepDimTol/RWStepDimTol_RWSymmetryTolerance.jxx
+M RWStepDimTol:privinclude:RWStepDimTol_RWSymmetryTolerance.ixx /misc/dn61/LocalWOK/wok_entities/LOC/dev/CR0-OCCT691-7-CR0-OCCT691-occt-64/drv/RWStepDimTol/RWStepDimTol_RWSymmetryTolerance.ixx
+M RWStepDimTol:pubinclude:RWStepDimTol_RWTotalRunoutTolerance.hxx /misc/dn61/LocalWOK/wok_entities/LOC/dev/CR0-OCCT691-7-CR0-OCCT691-occt-64/inc/RWStepDimTol_RWTotalRunoutTolerance.hxx
+M RWStepDimTol:privinclude:RWStepDimTol_RWTotalRunoutTolerance.jxx /misc/dn61/LocalWOK/wok_entities/LOC/dev/CR0-OCCT691-7-CR0-OCCT691-occt-64/drv/RWStepDimTol/RWStepDimTol_RWTotalRunoutTolerance.jxx
+M RWStepDimTol:privinclude:RWStepDimTol_RWTotalRunoutTolerance.ixx /misc/dn61/LocalWOK/wok_entities/LOC/dev/CR0-OCCT691-7-CR0-OCCT691-occt-64/drv/RWStepDimTol/RWStepDimTol_RWTotalRunoutTolerance.ixx
+M RWStepDimTol:pubinclude:RWStepDimTol_RWGeometricTolerance.hxx /misc/dn61/LocalWOK/wok_entities/LOC/dev/CR0-OCCT691-7-CR0-OCCT691-occt-64/inc/RWStepDimTol_RWGeometricTolerance.hxx
+M RWStepDimTol:privinclude:RWStepDimTol_RWGeometricTolerance.jxx /misc/dn61/LocalWOK/wok_entities/LOC/dev/CR0-OCCT691-7-CR0-OCCT691-occt-64/drv/RWStepDimTol/RWStepDimTol_RWGeometricTolerance.jxx
+M RWStepDimTol:privinclude:RWStepDimTol_RWGeometricTolerance.ixx /misc/dn61/LocalWOK/wok_entities/LOC/dev/CR0-OCCT691-7-CR0-OCCT691-occt-64/drv/RWStepDimTol/RWStepDimTol_RWGeometricTolerance.ixx
+M RWStepDimTol:pubinclude:RWStepDimTol_RWGeometricToleranceRelationship.hxx /misc/dn61/LocalWOK/wok_entities/LOC/dev/CR0-OCCT691-7-CR0-OCCT691-occt-64/inc/RWStepDimTol_RWGeometricToleranceRelationship.hxx
+M RWStepDimTol:privinclude:RWStepDimTol_RWGeometricToleranceRelationship.jxx /misc/dn61/LocalWOK/wok_entities/LOC/dev/CR0-OCCT691-7-CR0-OCCT691-occt-64/drv/RWStepDimTol/RWStepDimTol_RWGeometricToleranceRelationship.jxx
+M RWStepDimTol:privinclude:RWStepDimTol_RWGeometricToleranceRelationship.ixx /misc/dn61/LocalWOK/wok_entities/LOC/dev/CR0-OCCT691-7-CR0-OCCT691-occt-64/drv/RWStepDimTol/RWStepDimTol_RWGeometricToleranceRelationship.ixx
+M RWStepDimTol:pubinclude:RWStepDimTol_RWGeometricToleranceWithDatumReference.hxx /misc/dn61/LocalWOK/wok_entities/LOC/dev/CR0-OCCT691-7-CR0-OCCT691-occt-64/inc/RWStepDimTol_RWGeometricToleranceWithDatumReference.hxx
+M RWStepDimTol:privinclude:RWStepDimTol_RWGeometricToleranceWithDatumReference.jxx /misc/dn61/LocalWOK/wok_entities/LOC/dev/CR0-OCCT691-7-CR0-OCCT691-occt-64/drv/RWStepDimTol/RWStepDimTol_RWGeometricToleranceWithDatumReference.jxx
+M RWStepDimTol:privinclude:RWStepDimTol_RWGeometricToleranceWithDatumReference.ixx /misc/dn61/LocalWOK/wok_entities/LOC/dev/CR0-OCCT691-7-CR0-OCCT691-occt-64/drv/RWStepDimTol/RWStepDimTol_RWGeometricToleranceWithDatumReference.ixx
+M RWStepDimTol:pubinclude:RWStepDimTol_RWModifiedGeometricTolerance.hxx /misc/dn61/LocalWOK/wok_entities/LOC/dev/CR0-OCCT691-7-CR0-OCCT691-occt-64/inc/RWStepDimTol_RWModifiedGeometricTolerance.hxx
+M RWStepDimTol:privinclude:RWStepDimTol_RWModifiedGeometricTolerance.jxx /misc/dn61/LocalWOK/wok_entities/LOC/dev/CR0-OCCT691-7-CR0-OCCT691-occt-64/drv/RWStepDimTol/RWStepDimTol_RWModifiedGeometricTolerance.jxx
+M RWStepDimTol:privinclude:RWStepDimTol_RWModifiedGeometricTolerance.ixx /misc/dn61/LocalWOK/wok_entities/LOC/dev/CR0-OCCT691-7-CR0-OCCT691-occt-64/drv/RWStepDimTol/RWStepDimTol_RWModifiedGeometricTolerance.ixx
+M RWStepDimTol:pubinclude:RWStepDimTol_RWDatum.hxx /misc/dn61/LocalWOK/wok_entities/LOC/dev/CR0-OCCT691-7-CR0-OCCT691-occt-64/inc/RWStepDimTol_RWDatum.hxx
+M RWStepDimTol:privinclude:RWStepDimTol_RWDatum.jxx /misc/dn61/LocalWOK/wok_entities/LOC/dev/CR0-OCCT691-7-CR0-OCCT691-occt-64/drv/RWStepDimTol/RWStepDimTol_RWDatum.jxx
+M RWStepDimTol:privinclude:RWStepDimTol_RWDatum.ixx /misc/dn61/LocalWOK/wok_entities/LOC/dev/CR0-OCCT691-7-CR0-OCCT691-occt-64/drv/RWStepDimTol/RWStepDimTol_RWDatum.ixx
+M RWStepDimTol:pubinclude:RWStepDimTol_RWDatumFeature.hxx /misc/dn61/LocalWOK/wok_entities/LOC/dev/CR0-OCCT691-7-CR0-OCCT691-occt-64/inc/RWStepDimTol_RWDatumFeature.hxx
+M RWStepDimTol:privinclude:RWStepDimTol_RWDatumFeature.jxx /misc/dn61/LocalWOK/wok_entities/LOC/dev/CR0-OCCT691-7-CR0-OCCT691-occt-64/drv/RWStepDimTol/RWStepDimTol_RWDatumFeature.jxx
+M RWStepDimTol:privinclude:RWStepDimTol_RWDatumFeature.ixx /misc/dn61/LocalWOK/wok_entities/LOC/dev/CR0-OCCT691-7-CR0-OCCT691-occt-64/drv/RWStepDimTol/RWStepDimTol_RWDatumFeature.ixx
+M RWStepDimTol:pubinclude:RWStepDimTol_RWDatumReference.hxx /misc/dn61/LocalWOK/wok_entities/LOC/dev/CR0-OCCT691-7-CR0-OCCT691-occt-64/inc/RWStepDimTol_RWDatumReference.hxx
+M RWStepDimTol:privinclude:RWStepDimTol_RWDatumReference.jxx /misc/dn61/LocalWOK/wok_entities/LOC/dev/CR0-OCCT691-7-CR0-OCCT691-occt-64/drv/RWStepDimTol/RWStepDimTol_RWDatumReference.jxx
+M RWStepDimTol:privinclude:RWStepDimTol_RWDatumReference.ixx /misc/dn61/LocalWOK/wok_entities/LOC/dev/CR0-OCCT691-7-CR0-OCCT691-occt-64/drv/RWStepDimTol/RWStepDimTol_RWDatumReference.ixx
+M RWStepDimTol:pubinclude:RWStepDimTol_RWCommonDatum.hxx /misc/dn61/LocalWOK/wok_entities/LOC/dev/CR0-OCCT691-7-CR0-OCCT691-occt-64/inc/RWStepDimTol_RWCommonDatum.hxx
+M RWStepDimTol:privinclude:RWStepDimTol_RWCommonDatum.jxx /misc/dn61/LocalWOK/wok_entities/LOC/dev/CR0-OCCT691-7-CR0-OCCT691-occt-64/drv/RWStepDimTol/RWStepDimTol_RWCommonDatum.jxx
+M RWStepDimTol:privinclude:RWStepDimTol_RWCommonDatum.ixx /misc/dn61/LocalWOK/wok_entities/LOC/dev/CR0-OCCT691-7-CR0-OCCT691-occt-64/drv/RWStepDimTol/RWStepDimTol_RWCommonDatum.ixx
+M RWStepDimTol:pubinclude:RWStepDimTol_RWDatumTarget.hxx /misc/dn61/LocalWOK/wok_entities/LOC/dev/CR0-OCCT691-7-CR0-OCCT691-occt-64/inc/RWStepDimTol_RWDatumTarget.hxx
+M RWStepDimTol:privinclude:RWStepDimTol_RWDatumTarget.jxx /misc/dn61/LocalWOK/wok_entities/LOC/dev/CR0-OCCT691-7-CR0-OCCT691-occt-64/drv/RWStepDimTol/RWStepDimTol_RWDatumTarget.jxx
+M RWStepDimTol:privinclude:RWStepDimTol_RWDatumTarget.ixx /misc/dn61/LocalWOK/wok_entities/LOC/dev/CR0-OCCT691-7-CR0-OCCT691-occt-64/drv/RWStepDimTol/RWStepDimTol_RWDatumTarget.ixx
+M RWStepDimTol:pubinclude:RWStepDimTol_RWPlacedDatumTargetFeature.hxx /misc/dn61/LocalWOK/wok_entities/LOC/dev/CR0-OCCT691-7-CR0-OCCT691-occt-64/inc/RWStepDimTol_RWPlacedDatumTargetFeature.hxx
+M RWStepDimTol:privinclude:RWStepDimTol_RWPlacedDatumTargetFeature.jxx /misc/dn61/LocalWOK/wok_entities/LOC/dev/CR0-OCCT691-7-CR0-OCCT691-occt-64/drv/RWStepDimTol/RWStepDimTol_RWPlacedDatumTargetFeature.jxx
+M RWStepDimTol:privinclude:RWStepDimTol_RWPlacedDatumTargetFeature.ixx /misc/dn61/LocalWOK/wok_entities/LOC/dev/CR0-OCCT691-7-CR0-OCCT691-occt-64/drv/RWStepDimTol/RWStepDimTol_RWPlacedDatumTargetFeature.ixx
+M RWStepDimTol:pubinclude:RWStepDimTol_RWGeoTolAndGeoTolWthDatRefAndModGeoTolAndPosTol.hxx /misc/dn61/LocalWOK/wok_entities/LOC/dev/CR0-OCCT691-7-CR0-OCCT691-occt-64/inc/RWStepDimTol_RWGeoTolAndGeoTolWthDatRefAndModGeoTolAndPosTol.hxx
+M RWStepDimTol:privinclude:RWStepDimTol_RWGeoTolAndGeoTolWthDatRefAndModGeoTolAndPosTol.jxx /misc/dn61/LocalWOK/wok_entities/LOC/dev/CR0-OCCT691-7-CR0-OCCT691-occt-64/drv/RWStepDimTol/RWStepDimTol_RWGeoTolAndGeoTolWthDatRefAndModGeoTolAndPosTol.jxx
+M RWStepDimTol:privinclude:RWStepDimTol_RWGeoTolAndGeoTolWthDatRefAndModGeoTolAndPosTol.ixx /misc/dn61/LocalWOK/wok_entities/LOC/dev/CR0-OCCT691-7-CR0-OCCT691-occt-64/drv/RWStepDimTol/RWStepDimTol_RWGeoTolAndGeoTolWthDatRefAndModGeoTolAndPosTol.ixx
+M RWStepDimTol:dbadmfile:RWStepDimTol_xcpp_header.In /misc/dn61/LocalWOK/wok_entities/LOC/dev/CR0-OCCT691-7-CR0-OCCT691-occt-64/drv/RWStepDimTol/.adm/RWStepDimTol_xcpp_header.In
+M RWStepDimTol:dbadmfile:RWStepDimTol_xcpp_header.Out /misc/dn61/LocalWOK/wok_entities/LOC/dev/CR0-OCCT691-7-CR0-OCCT691-occt-64/drv/RWStepDimTol/.adm/RWStepDimTol_xcpp_header.Out
+M RWStepDimTol:dbadmfile:RWStepDimTol_xcpp_header.Dep /misc/dn61/LocalWOK/wok_entities/LOC/dev/CR0-OCCT691-7-CR0-OCCT691-occt-64/drv/RWStepDimTol/.adm/RWStepDimTol_xcpp_header.Dep
