+M Storage:pubinclude:Storage.hxx /misc/dn61/LocalWOK/wok_entities/LOC/dev/CR0-OCCT691-7-CR0-OCCT691-occt-64/inc/Storage.hxx
+M Storage:privinclude:Storage.jxx /misc/dn61/LocalWOK/wok_entities/LOC/dev/CR0-OCCT691-7-CR0-OCCT691-occt-64/drv/Storage/Storage.jxx
+M Storage:privinclude:Storage.ixx /misc/dn61/LocalWOK/wok_entities/LOC/dev/CR0-OCCT691-7-CR0-OCCT691-occt-64/drv/Storage/Storage.ixx
+M Storage:pubinclude:Storage_BaseDriver.hxx /misc/dn61/LocalWOK/wok_entities/LOC/dev/CR0-OCCT691-7-CR0-OCCT691-occt-64/inc/Storage_BaseDriver.hxx
+M Storage:privinclude:Storage_BaseDriver.jxx /misc/dn61/LocalWOK/wok_entities/LOC/dev/CR0-OCCT691-7-CR0-OCCT691-occt-64/drv/Storage/Storage_BaseDriver.jxx
+M Storage:privinclude:Storage_BaseDriver.ixx /misc/dn61/LocalWOK/wok_entities/LOC/dev/CR0-OCCT691-7-CR0-OCCT691-occt-64/drv/Storage/Storage_BaseDriver.ixx
+M Storage:pubinclude:Handle_Storage_CallBack.hxx /misc/dn61/LocalWOK/wok_entities/LOC/dev/CR0-OCCT691-7-CR0-OCCT691-occt-64/inc/Handle_Storage_CallBack.hxx
+M Storage:pubinclude:Storage_CallBack.hxx /misc/dn61/LocalWOK/wok_entities/LOC/dev/CR0-OCCT691-7-CR0-OCCT691-occt-64/inc/Storage_CallBack.hxx
+M Storage:privinclude:Storage_CallBack.jxx /misc/dn61/LocalWOK/wok_entities/LOC/dev/CR0-OCCT691-7-CR0-OCCT691-occt-64/drv/Storage/Storage_CallBack.jxx
+M Storage:privinclude:Storage_CallBack.ixx /misc/dn61/LocalWOK/wok_entities/LOC/dev/CR0-OCCT691-7-CR0-OCCT691-occt-64/drv/Storage/Storage_CallBack.ixx
+M Storage:pubinclude:Handle_Storage_DefaultCallBack.hxx /misc/dn61/LocalWOK/wok_entities/LOC/dev/CR0-OCCT691-7-CR0-OCCT691-occt-64/inc/Handle_Storage_DefaultCallBack.hxx
+M Storage:pubinclude:Storage_DefaultCallBack.hxx /misc/dn61/LocalWOK/wok_entities/LOC/dev/CR0-OCCT691-7-CR0-OCCT691-occt-64/inc/Storage_DefaultCallBack.hxx
+M Storage:privinclude:Storage_DefaultCallBack.jxx /misc/dn61/LocalWOK/wok_entities/LOC/dev/CR0-OCCT691-7-CR0-OCCT691-occt-64/drv/Storage/Storage_DefaultCallBack.jxx
+M Storage:privinclude:Storage_DefaultCallBack.ixx /misc/dn61/LocalWOK/wok_entities/LOC/dev/CR0-OCCT691-7-CR0-OCCT691-occt-64/drv/Storage/Storage_DefaultCallBack.ixx
+M Storage:pubinclude:Handle_Storage_HeaderData.hxx /misc/dn61/LocalWOK/wok_entities/LOC/dev/CR0-OCCT691-7-CR0-OCCT691-occt-64/inc/Handle_Storage_HeaderData.hxx
+M Storage:pubinclude:Storage_HeaderData.hxx /misc/dn61/LocalWOK/wok_entities/LOC/dev/CR0-OCCT691-7-CR0-OCCT691-occt-64/inc/Storage_HeaderData.hxx
+M Storage:privinclude:Storage_HeaderData.jxx /misc/dn61/LocalWOK/wok_entities/LOC/dev/CR0-OCCT691-7-CR0-OCCT691-occt-64/drv/Storage/Storage_HeaderData.jxx
+M Storage:privinclude:Storage_HeaderData.ixx /misc/dn61/LocalWOK/wok_entities/LOC/dev/CR0-OCCT691-7-CR0-OCCT691-occt-64/drv/Storage/Storage_HeaderData.ixx
+M Storage:pubinclude:Handle_Storage_Data.hxx /misc/dn61/LocalWOK/wok_entities/LOC/dev/CR0-OCCT691-7-CR0-OCCT691-occt-64/inc/Handle_Storage_Data.hxx
+M Storage:pubinclude:Storage_Data.hxx /misc/dn61/LocalWOK/wok_entities/LOC/dev/CR0-OCCT691-7-CR0-OCCT691-occt-64/inc/Storage_Data.hxx
+M Storage:privinclude:Storage_Data.jxx /misc/dn61/LocalWOK/wok_entities/LOC/dev/CR0-OCCT691-7-CR0-OCCT691-occt-64/drv/Storage/Storage_Data.jxx
+M Storage:privinclude:Storage_Data.ixx /misc/dn61/LocalWOK/wok_entities/LOC/dev/CR0-OCCT691-7-CR0-OCCT691-occt-64/drv/Storage/Storage_Data.ixx
+M Storage:pubinclude:Handle_Storage_TypeData.hxx /misc/dn61/LocalWOK/wok_entities/LOC/dev/CR0-OCCT691-7-CR0-OCCT691-occt-64/inc/Handle_Storage_TypeData.hxx
+M Storage:pubinclude:Storage_TypeData.hxx /misc/dn61/LocalWOK/wok_entities/LOC/dev/CR0-OCCT691-7-CR0-OCCT691-occt-64/inc/Storage_TypeData.hxx
+M Storage:privinclude:Storage_TypeData.jxx /misc/dn61/LocalWOK/wok_entities/LOC/dev/CR0-OCCT691-7-CR0-OCCT691-occt-64/drv/Storage/Storage_TypeData.jxx
+M Storage:privinclude:Storage_TypeData.ixx /misc/dn61/LocalWOK/wok_entities/LOC/dev/CR0-OCCT691-7-CR0-OCCT691-occt-64/drv/Storage/Storage_TypeData.ixx
+M Storage:pubinclude:Handle_Storage_RootData.hxx /misc/dn61/LocalWOK/wok_entities/LOC/dev/CR0-OCCT691-7-CR0-OCCT691-occt-64/inc/Handle_Storage_RootData.hxx
+M Storage:pubinclude:Storage_RootData.hxx /misc/dn61/LocalWOK/wok_entities/LOC/dev/CR0-OCCT691-7-CR0-OCCT691-occt-64/inc/Storage_RootData.hxx
+M Storage:privinclude:Storage_RootData.jxx /misc/dn61/LocalWOK/wok_entities/LOC/dev/CR0-OCCT691-7-CR0-OCCT691-occt-64/drv/Storage/Storage_RootData.jxx
+M Storage:privinclude:Storage_RootData.ixx /misc/dn61/LocalWOK/wok_entities/LOC/dev/CR0-OCCT691-7-CR0-OCCT691-occt-64/drv/Storage/Storage_RootData.ixx
+M Storage:pubinclude:Handle_Storage_Root.hxx /misc/dn61/LocalWOK/wok_entities/LOC/dev/CR0-OCCT691-7-CR0-OCCT691-occt-64/inc/Handle_Storage_Root.hxx
+M Storage:pubinclude:Storage_Root.hxx /misc/dn61/LocalWOK/wok_entities/LOC/dev/CR0-OCCT691-7-CR0-OCCT691-occt-64/inc/Storage_Root.hxx
+M Storage:privinclude:Storage_Root.jxx /misc/dn61/LocalWOK/wok_entities/LOC/dev/CR0-OCCT691-7-CR0-OCCT691-occt-64/drv/Storage/Storage_Root.jxx
+M Storage:privinclude:Storage_Root.ixx /misc/dn61/LocalWOK/wok_entities/LOC/dev/CR0-OCCT691-7-CR0-OCCT691-occt-64/drv/Storage/Storage_Root.ixx
+M Storage:pubinclude:Handle_Storage_Schema.hxx /misc/dn61/LocalWOK/wok_entities/LOC/dev/CR0-OCCT691-7-CR0-OCCT691-occt-64/inc/Handle_Storage_Schema.hxx
+M Storage:pubinclude:Storage_Schema.hxx /misc/dn61/LocalWOK/wok_entities/LOC/dev/CR0-OCCT691-7-CR0-OCCT691-occt-64/inc/Storage_Schema.hxx
+M Storage:privinclude:Storage_Schema.jxx /misc/dn61/LocalWOK/wok_entities/LOC/dev/CR0-OCCT691-7-CR0-OCCT691-occt-64/drv/Storage/Storage_Schema.jxx
+M Storage:privinclude:Storage_Schema.ixx /misc/dn61/LocalWOK/wok_entities/LOC/dev/CR0-OCCT691-7-CR0-OCCT691-occt-64/drv/Storage/Storage_Schema.ixx
+M Storage:pubinclude:Storage_SeqOfRoot.hxx /misc/dn61/LocalWOK/wok_entities/LOC/dev/CR0-OCCT691-7-CR0-OCCT691-occt-64/inc/Storage_SeqOfRoot.hxx
+M Storage:derivated:Storage_SeqOfRoot_0.cxx /misc/dn61/LocalWOK/wok_entities/LOC/dev/CR0-OCCT691-7-CR0-OCCT691-occt-64/drv/Storage/Storage_SeqOfRoot_0.cxx
+M Storage:pubinclude:Handle_Storage_HSeqOfRoot.hxx /misc/dn61/LocalWOK/wok_entities/LOC/dev/CR0-OCCT691-7-CR0-OCCT691-occt-64/inc/Handle_Storage_HSeqOfRoot.hxx
+M Storage:pubinclude:Storage_HSeqOfRoot.hxx /misc/dn61/LocalWOK/wok_entities/LOC/dev/CR0-OCCT691-7-CR0-OCCT691-occt-64/inc/Storage_HSeqOfRoot.hxx
+M Storage:derivated:Storage_HSeqOfRoot_0.cxx /misc/dn61/LocalWOK/wok_entities/LOC/dev/CR0-OCCT691-7-CR0-OCCT691-occt-64/drv/Storage/Storage_HSeqOfRoot_0.cxx
+M Storage:pubinclude:Handle_Storage_InternalData.hxx /misc/dn61/LocalWOK/wok_entities/LOC/dev/CR0-OCCT691-7-CR0-OCCT691-occt-64/inc/Handle_Storage_InternalData.hxx
+M Storage:pubinclude:Storage_InternalData.hxx /misc/dn61/LocalWOK/wok_entities/LOC/dev/CR0-OCCT691-7-CR0-OCCT691-occt-64/inc/Storage_InternalData.hxx
+M Storage:privinclude:Storage_InternalData.jxx /misc/dn61/LocalWOK/wok_entities/LOC/dev/CR0-OCCT691-7-CR0-OCCT691-occt-64/drv/Storage/Storage_InternalData.jxx
+M Storage:privinclude:Storage_InternalData.ixx /misc/dn61/LocalWOK/wok_entities/LOC/dev/CR0-OCCT691-7-CR0-OCCT691-occt-64/drv/Storage/Storage_InternalData.ixx
+M Storage:pubinclude:Storage_stCONSTclCOM.hxx /misc/dn61/LocalWOK/wok_entities/LOC/dev/CR0-OCCT691-7-CR0-OCCT691-occt-64/inc/Storage_stCONSTclCOM.hxx
+M Storage:privinclude:Storage_stCONSTclCOM.jxx /misc/dn61/LocalWOK/wok_entities/LOC/dev/CR0-OCCT691-7-CR0-OCCT691-occt-64/drv/Storage/Storage_stCONSTclCOM.jxx
+M Storage:privinclude:Storage_stCONSTclCOM.ixx /misc/dn61/LocalWOK/wok_entities/LOC/dev/CR0-OCCT691-7-CR0-OCCT691-occt-64/drv/Storage/Storage_stCONSTclCOM.ixx
+M Storage:pubinclude:Handle_Storage_TypedCallBack.hxx /misc/dn61/LocalWOK/wok_entities/LOC/dev/CR0-OCCT691-7-CR0-OCCT691-occt-64/inc/Handle_Storage_TypedCallBack.hxx
+M Storage:pubinclude:Storage_TypedCallBack.hxx /misc/dn61/LocalWOK/wok_entities/LOC/dev/CR0-OCCT691-7-CR0-OCCT691-occt-64/inc/Storage_TypedCallBack.hxx
+M Storage:privinclude:Storage_TypedCallBack.jxx /misc/dn61/LocalWOK/wok_entities/LOC/dev/CR0-OCCT691-7-CR0-OCCT691-occt-64/drv/Storage/Storage_TypedCallBack.jxx
+M Storage:privinclude:Storage_TypedCallBack.ixx /misc/dn61/LocalWOK/wok_entities/LOC/dev/CR0-OCCT691-7-CR0-OCCT691-occt-64/drv/Storage/Storage_TypedCallBack.ixx
+M Storage:pubinclude:Storage_PType.hxx /misc/dn61/LocalWOK/wok_entities/LOC/dev/CR0-OCCT691-7-CR0-OCCT691-occt-64/inc/Storage_PType.hxx
+M Storage:derivated:Storage_PType_0.cxx /misc/dn61/LocalWOK/wok_entities/LOC/dev/CR0-OCCT691-7-CR0-OCCT691-occt-64/drv/Storage/Storage_PType_0.cxx
+M Storage:pubinclude:Storage_MapOfPers.hxx /misc/dn61/LocalWOK/wok_entities/LOC/dev/CR0-OCCT691-7-CR0-OCCT691-occt-64/inc/Storage_MapOfPers.hxx
+M Storage:derivated:Storage_MapOfPers_0.cxx /misc/dn61/LocalWOK/wok_entities/LOC/dev/CR0-OCCT691-7-CR0-OCCT691-occt-64/drv/Storage/Storage_MapOfPers_0.cxx
+M Storage:pubinclude:Storage_MapOfCallBack.hxx /misc/dn61/LocalWOK/wok_entities/LOC/dev/CR0-OCCT691-7-CR0-OCCT691-occt-64/inc/Storage_MapOfCallBack.hxx
+M Storage:derivated:Storage_MapOfCallBack_0.cxx /misc/dn61/LocalWOK/wok_entities/LOC/dev/CR0-OCCT691-7-CR0-OCCT691-occt-64/drv/Storage/Storage_MapOfCallBack_0.cxx
+M Storage:pubinclude:Storage_ArrayOfCallBack.hxx /misc/dn61/LocalWOK/wok_entities/LOC/dev/CR0-OCCT691-7-CR0-OCCT691-occt-64/inc/Storage_ArrayOfCallBack.hxx
+M Storage:derivated:Storage_ArrayOfCallBack_0.cxx /misc/dn61/LocalWOK/wok_entities/LOC/dev/CR0-OCCT691-7-CR0-OCCT691-occt-64/drv/Storage/Storage_ArrayOfCallBack_0.cxx
+M Storage:pubinclude:Handle_Storage_HArrayOfCallBack.hxx /misc/dn61/LocalWOK/wok_entities/LOC/dev/CR0-OCCT691-7-CR0-OCCT691-occt-64/inc/Handle_Storage_HArrayOfCallBack.hxx
+M Storage:pubinclude:Storage_HArrayOfCallBack.hxx /misc/dn61/LocalWOK/wok_entities/LOC/dev/CR0-OCCT691-7-CR0-OCCT691-occt-64/inc/Storage_HArrayOfCallBack.hxx
+M Storage:derivated:Storage_HArrayOfCallBack_0.cxx /misc/dn61/LocalWOK/wok_entities/LOC/dev/CR0-OCCT691-7-CR0-OCCT691-occt-64/drv/Storage/Storage_HArrayOfCallBack_0.cxx
+M Storage:pubinclude:Storage_ArrayOfSchema.hxx /misc/dn61/LocalWOK/wok_entities/LOC/dev/CR0-OCCT691-7-CR0-OCCT691-occt-64/inc/Storage_ArrayOfSchema.hxx
+M Storage:derivated:Storage_ArrayOfSchema_0.cxx /misc/dn61/LocalWOK/wok_entities/LOC/dev/CR0-OCCT691-7-CR0-OCCT691-occt-64/drv/Storage/Storage_ArrayOfSchema_0.cxx
+M Storage:pubinclude:Handle_Storage_HArrayOfSchema.hxx /misc/dn61/LocalWOK/wok_entities/LOC/dev/CR0-OCCT691-7-CR0-OCCT691-occt-64/inc/Handle_Storage_HArrayOfSchema.hxx
+M Storage:pubinclude:Storage_HArrayOfSchema.hxx /misc/dn61/LocalWOK/wok_entities/LOC/dev/CR0-OCCT691-7-CR0-OCCT691-occt-64/inc/Storage_HArrayOfSchema.hxx
+M Storage:derivated:Storage_HArrayOfSchema_0.cxx /misc/dn61/LocalWOK/wok_entities/LOC/dev/CR0-OCCT691-7-CR0-OCCT691-occt-64/drv/Storage/Storage_HArrayOfSchema_0.cxx
+M Storage:pubinclude:Storage_PArray.hxx /misc/dn61/LocalWOK/wok_entities/LOC/dev/CR0-OCCT691-7-CR0-OCCT691-occt-64/inc/Storage_PArray.hxx
+M Storage:derivated:Storage_PArray_0.cxx /misc/dn61/LocalWOK/wok_entities/LOC/dev/CR0-OCCT691-7-CR0-OCCT691-occt-64/drv/Storage/Storage_PArray_0.cxx
+M Storage:pubinclude:Handle_Storage_HPArray.hxx /misc/dn61/LocalWOK/wok_entities/LOC/dev/CR0-OCCT691-7-CR0-OCCT691-occt-64/inc/Handle_Storage_HPArray.hxx
+M Storage:pubinclude:Storage_HPArray.hxx /misc/dn61/LocalWOK/wok_entities/LOC/dev/CR0-OCCT691-7-CR0-OCCT691-occt-64/inc/Storage_HPArray.hxx
+M Storage:derivated:Storage_HPArray_0.cxx /misc/dn61/LocalWOK/wok_entities/LOC/dev/CR0-OCCT691-7-CR0-OCCT691-occt-64/drv/Storage/Storage_HPArray_0.cxx
+M Storage:pubinclude:Handle_Storage_SequenceNodeOfSeqOfRoot.hxx /misc/dn61/LocalWOK/wok_entities/LOC/dev/CR0-OCCT691-7-CR0-OCCT691-occt-64/inc/Handle_Storage_SequenceNodeOfSeqOfRoot.hxx
+M Storage:pubinclude:Storage_SequenceNodeOfSeqOfRoot.hxx /misc/dn61/LocalWOK/wok_entities/LOC/dev/CR0-OCCT691-7-CR0-OCCT691-occt-64/inc/Storage_SequenceNodeOfSeqOfRoot.hxx
+M Storage:derivated:Storage_SequenceNodeOfSeqOfRoot_0.cxx /misc/dn61/LocalWOK/wok_entities/LOC/dev/CR0-OCCT691-7-CR0-OCCT691-occt-64/drv/Storage/Storage_SequenceNodeOfSeqOfRoot_0.cxx
+M Storage:pubinclude:Handle_Storage_IndexedDataMapNodeOfPType.hxx /misc/dn61/LocalWOK/wok_entities/LOC/dev/CR0-OCCT691-7-CR0-OCCT691-occt-64/inc/Handle_Storage_IndexedDataMapNodeOfPType.hxx
+M Storage:pubinclude:Storage_IndexedDataMapNodeOfPType.hxx /misc/dn61/LocalWOK/wok_entities/LOC/dev/CR0-OCCT691-7-CR0-OCCT691-occt-64/inc/Storage_IndexedDataMapNodeOfPType.hxx
+M Storage:derivated:Storage_IndexedDataMapNodeOfPType_0.cxx /misc/dn61/LocalWOK/wok_entities/LOC/dev/CR0-OCCT691-7-CR0-OCCT691-occt-64/drv/Storage/Storage_IndexedDataMapNodeOfPType_0.cxx
+M Storage:pubinclude:Handle_Storage_DataMapNodeOfMapOfPers.hxx /misc/dn61/LocalWOK/wok_entities/LOC/dev/CR0-OCCT691-7-CR0-OCCT691-occt-64/inc/Handle_Storage_DataMapNodeOfMapOfPers.hxx
+M Storage:pubinclude:Storage_DataMapNodeOfMapOfPers.hxx /misc/dn61/LocalWOK/wok_entities/LOC/dev/CR0-OCCT691-7-CR0-OCCT691-occt-64/inc/Storage_DataMapNodeOfMapOfPers.hxx
+M Storage:derivated:Storage_DataMapNodeOfMapOfPers_0.cxx /misc/dn61/LocalWOK/wok_entities/LOC/dev/CR0-OCCT691-7-CR0-OCCT691-occt-64/drv/Storage/Storage_DataMapNodeOfMapOfPers_0.cxx
+M Storage:pubinclude:Storage_DataMapIteratorOfMapOfPers.hxx /misc/dn61/LocalWOK/wok_entities/LOC/dev/CR0-OCCT691-7-CR0-OCCT691-occt-64/inc/Storage_DataMapIteratorOfMapOfPers.hxx
+M Storage:derivated:Storage_DataMapIteratorOfMapOfPers_0.cxx /misc/dn61/LocalWOK/wok_entities/LOC/dev/CR0-OCCT691-7-CR0-OCCT691-occt-64/drv/Storage/Storage_DataMapIteratorOfMapOfPers_0.cxx
+M Storage:pubinclude:Handle_Storage_DataMapNodeOfMapOfCallBack.hxx /misc/dn61/LocalWOK/wok_entities/LOC/dev/CR0-OCCT691-7-CR0-OCCT691-occt-64/inc/Handle_Storage_DataMapNodeOfMapOfCallBack.hxx
+M Storage:pubinclude:Storage_DataMapNodeOfMapOfCallBack.hxx /misc/dn61/LocalWOK/wok_entities/LOC/dev/CR0-OCCT691-7-CR0-OCCT691-occt-64/inc/Storage_DataMapNodeOfMapOfCallBack.hxx
+M Storage:derivated:Storage_DataMapNodeOfMapOfCallBack_0.cxx /misc/dn61/LocalWOK/wok_entities/LOC/dev/CR0-OCCT691-7-CR0-OCCT691-occt-64/drv/Storage/Storage_DataMapNodeOfMapOfCallBack_0.cxx
+M Storage:pubinclude:Storage_DataMapIteratorOfMapOfCallBack.hxx /misc/dn61/LocalWOK/wok_entities/LOC/dev/CR0-OCCT691-7-CR0-OCCT691-occt-64/inc/Storage_DataMapIteratorOfMapOfCallBack.hxx
+M Storage:derivated:Storage_DataMapIteratorOfMapOfCallBack_0.cxx /misc/dn61/LocalWOK/wok_entities/LOC/dev/CR0-OCCT691-7-CR0-OCCT691-occt-64/drv/Storage/Storage_DataMapIteratorOfMapOfCallBack_0.cxx
+M Storage:pubinclude:Handle_Storage_StreamModeError.hxx /misc/dn61/LocalWOK/wok_entities/LOC/dev/CR0-OCCT691-7-CR0-OCCT691-occt-64/inc/Handle_Storage_StreamModeError.hxx
+M Storage:pubinclude:Storage_StreamModeError.hxx /misc/dn61/LocalWOK/wok_entities/LOC/dev/CR0-OCCT691-7-CR0-OCCT691-occt-64/inc/Storage_StreamModeError.hxx
+M Storage:derivated:Storage_StreamModeError_0.cxx /misc/dn61/LocalWOK/wok_entities/LOC/dev/CR0-OCCT691-7-CR0-OCCT691-occt-64/drv/Storage/Storage_StreamModeError_0.cxx
+M Storage:pubinclude:Handle_Storage_StreamFormatError.hxx /misc/dn61/LocalWOK/wok_entities/LOC/dev/CR0-OCCT691-7-CR0-OCCT691-occt-64/inc/Handle_Storage_StreamFormatError.hxx
+M Storage:pubinclude:Storage_StreamFormatError.hxx /misc/dn61/LocalWOK/wok_entities/LOC/dev/CR0-OCCT691-7-CR0-OCCT691-occt-64/inc/Storage_StreamFormatError.hxx
+M Storage:derivated:Storage_StreamFormatError_0.cxx /misc/dn61/LocalWOK/wok_entities/LOC/dev/CR0-OCCT691-7-CR0-OCCT691-occt-64/drv/Storage/Storage_StreamFormatError_0.cxx
+M Storage:pubinclude:Handle_Storage_StreamWriteError.hxx /misc/dn61/LocalWOK/wok_entities/LOC/dev/CR0-OCCT691-7-CR0-OCCT691-occt-64/inc/Handle_Storage_StreamWriteError.hxx
+M Storage:pubinclude:Storage_StreamWriteError.hxx /misc/dn61/LocalWOK/wok_entities/LOC/dev/CR0-OCCT691-7-CR0-OCCT691-occt-64/inc/Storage_StreamWriteError.hxx
+M Storage:derivated:Storage_StreamWriteError_0.cxx /misc/dn61/LocalWOK/wok_entities/LOC/dev/CR0-OCCT691-7-CR0-OCCT691-occt-64/drv/Storage/Storage_StreamWriteError_0.cxx
+M Storage:pubinclude:Handle_Storage_StreamReadError.hxx /misc/dn61/LocalWOK/wok_entities/LOC/dev/CR0-OCCT691-7-CR0-OCCT691-occt-64/inc/Handle_Storage_StreamReadError.hxx
+M Storage:pubinclude:Storage_StreamReadError.hxx /misc/dn61/LocalWOK/wok_entities/LOC/dev/CR0-OCCT691-7-CR0-OCCT691-occt-64/inc/Storage_StreamReadError.hxx
+M Storage:derivated:Storage_StreamReadError_0.cxx /misc/dn61/LocalWOK/wok_entities/LOC/dev/CR0-OCCT691-7-CR0-OCCT691-occt-64/drv/Storage/Storage_StreamReadError_0.cxx
+M Storage:pubinclude:Handle_Storage_StreamUnknownTypeError.hxx /misc/dn61/LocalWOK/wok_entities/LOC/dev/CR0-OCCT691-7-CR0-OCCT691-occt-64/inc/Handle_Storage_StreamUnknownTypeError.hxx
+M Storage:pubinclude:Storage_StreamUnknownTypeError.hxx /misc/dn61/LocalWOK/wok_entities/LOC/dev/CR0-OCCT691-7-CR0-OCCT691-occt-64/inc/Storage_StreamUnknownTypeError.hxx
+M Storage:derivated:Storage_StreamUnknownTypeError_0.cxx /misc/dn61/LocalWOK/wok_entities/LOC/dev/CR0-OCCT691-7-CR0-OCCT691-occt-64/drv/Storage/Storage_StreamUnknownTypeError_0.cxx
+M Storage:pubinclude:Handle_Storage_StreamTypeMismatchError.hxx /misc/dn61/LocalWOK/wok_entities/LOC/dev/CR0-OCCT691-7-CR0-OCCT691-occt-64/inc/Handle_Storage_StreamTypeMismatchError.hxx
+M Storage:pubinclude:Storage_StreamTypeMismatchError.hxx /misc/dn61/LocalWOK/wok_entities/LOC/dev/CR0-OCCT691-7-CR0-OCCT691-occt-64/inc/Storage_StreamTypeMismatchError.hxx
+M Storage:derivated:Storage_StreamTypeMismatchError_0.cxx /misc/dn61/LocalWOK/wok_entities/LOC/dev/CR0-OCCT691-7-CR0-OCCT691-occt-64/drv/Storage/Storage_StreamTypeMismatchError_0.cxx
+M Storage:pubinclude:Handle_Storage_StreamExtCharParityError.hxx /misc/dn61/LocalWOK/wok_entities/LOC/dev/CR0-OCCT691-7-CR0-OCCT691-occt-64/inc/Handle_Storage_StreamExtCharParityError.hxx
+M Storage:pubinclude:Storage_StreamExtCharParityError.hxx /misc/dn61/LocalWOK/wok_entities/LOC/dev/CR0-OCCT691-7-CR0-OCCT691-occt-64/inc/Storage_StreamExtCharParityError.hxx
+M Storage:derivated:Storage_StreamExtCharParityError_0.cxx /misc/dn61/LocalWOK/wok_entities/LOC/dev/CR0-OCCT691-7-CR0-OCCT691-occt-64/drv/Storage/Storage_StreamExtCharParityError_0.cxx
+M Storage:pubinclude:Storage_Error.hxx /misc/dn61/LocalWOK/wok_entities/LOC/dev/CR0-OCCT691-7-CR0-OCCT691-occt-64/inc/Storage_Error.hxx
+M Storage:pubinclude:Storage_OpenMode.hxx /misc/dn61/LocalWOK/wok_entities/LOC/dev/CR0-OCCT691-7-CR0-OCCT691-occt-64/inc/Storage_OpenMode.hxx
+M Storage:pubinclude:Storage_SolveMode.hxx /misc/dn61/LocalWOK/wok_entities/LOC/dev/CR0-OCCT691-7-CR0-OCCT691-occt-64/inc/Storage_SolveMode.hxx
+M Storage:dbadmfile:Storage_xcpp_header.In /misc/dn61/LocalWOK/wok_entities/LOC/dev/CR0-OCCT691-7-CR0-OCCT691-occt-64/drv/Storage/.adm/Storage_xcpp_header.In
+M Storage:dbadmfile:Storage_xcpp_header.Out /misc/dn61/LocalWOK/wok_entities/LOC/dev/CR0-OCCT691-7-CR0-OCCT691-occt-64/drv/Storage/.adm/Storage_xcpp_header.Out
+M Storage:dbadmfile:Storage_xcpp_header.Dep /misc/dn61/LocalWOK/wok_entities/LOC/dev/CR0-OCCT691-7-CR0-OCCT691-occt-64/drv/Storage/.adm/Storage_xcpp_header.Dep
