+M gp:pubinclude:gp.hxx /misc/dn61/LocalWOK/wok_entities/LOC/dev/CR0-OCCT691-7-CR0-OCCT691-occt-64/inc/gp.hxx
+M gp:privinclude:gp.jxx /misc/dn61/LocalWOK/wok_entities/LOC/dev/CR0-OCCT691-7-CR0-OCCT691-occt-64/drv/gp/gp.jxx
+M gp:privinclude:gp.ixx /misc/dn61/LocalWOK/wok_entities/LOC/dev/CR0-OCCT691-7-CR0-OCCT691-occt-64/drv/gp/gp.ixx
+M gp:pubinclude:gp_XYZ.hxx /misc/dn61/LocalWOK/wok_entities/LOC/dev/CR0-OCCT691-7-CR0-OCCT691-occt-64/inc/gp_XYZ.hxx
+M gp:privinclude:gp_XYZ.jxx /misc/dn61/LocalWOK/wok_entities/LOC/dev/CR0-OCCT691-7-CR0-OCCT691-occt-64/drv/gp/gp_XYZ.jxx
+M gp:privinclude:gp_XYZ.ixx /misc/dn61/LocalWOK/wok_entities/LOC/dev/CR0-OCCT691-7-CR0-OCCT691-occt-64/drv/gp/gp_XYZ.ixx
+M gp:pubinclude:gp_Mat.hxx /misc/dn61/LocalWOK/wok_entities/LOC/dev/CR0-OCCT691-7-CR0-OCCT691-occt-64/inc/gp_Mat.hxx
+M gp:privinclude:gp_Mat.jxx /misc/dn61/LocalWOK/wok_entities/LOC/dev/CR0-OCCT691-7-CR0-OCCT691-occt-64/drv/gp/gp_Mat.jxx
+M gp:privinclude:gp_Mat.ixx /misc/dn61/LocalWOK/wok_entities/LOC/dev/CR0-OCCT691-7-CR0-OCCT691-occt-64/drv/gp/gp_Mat.ixx
+M gp:pubinclude:gp_Quaternion.hxx /misc/dn61/LocalWOK/wok_entities/LOC/dev/CR0-OCCT691-7-CR0-OCCT691-occt-64/inc/gp_Quaternion.hxx
+M gp:privinclude:gp_Quaternion.jxx /misc/dn61/LocalWOK/wok_entities/LOC/dev/CR0-OCCT691-7-CR0-OCCT691-occt-64/drv/gp/gp_Quaternion.jxx
+M gp:privinclude:gp_Quaternion.ixx /misc/dn61/LocalWOK/wok_entities/LOC/dev/CR0-OCCT691-7-CR0-OCCT691-occt-64/drv/gp/gp_Quaternion.ixx
+M gp:pubinclude:gp_Trsf.hxx /misc/dn61/LocalWOK/wok_entities/LOC/dev/CR0-OCCT691-7-CR0-OCCT691-occt-64/inc/gp_Trsf.hxx
+M gp:privinclude:gp_Trsf.jxx /misc/dn61/LocalWOK/wok_entities/LOC/dev/CR0-OCCT691-7-CR0-OCCT691-occt-64/drv/gp/gp_Trsf.jxx
+M gp:privinclude:gp_Trsf.ixx /misc/dn61/LocalWOK/wok_entities/LOC/dev/CR0-OCCT691-7-CR0-OCCT691-occt-64/drv/gp/gp_Trsf.ixx
+M gp:pubinclude:gp_GTrsf.hxx /misc/dn61/LocalWOK/wok_entities/LOC/dev/CR0-OCCT691-7-CR0-OCCT691-occt-64/inc/gp_GTrsf.hxx
+M gp:privinclude:gp_GTrsf.jxx /misc/dn61/LocalWOK/wok_entities/LOC/dev/CR0-OCCT691-7-CR0-OCCT691-occt-64/drv/gp/gp_GTrsf.jxx
+M gp:privinclude:gp_GTrsf.ixx /misc/dn61/LocalWOK/wok_entities/LOC/dev/CR0-OCCT691-7-CR0-OCCT691-occt-64/drv/gp/gp_GTrsf.ixx
+M gp:pubinclude:gp_Pnt.hxx /misc/dn61/LocalWOK/wok_entities/LOC/dev/CR0-OCCT691-7-CR0-OCCT691-occt-64/inc/gp_Pnt.hxx
+M gp:privinclude:gp_Pnt.jxx /misc/dn61/LocalWOK/wok_entities/LOC/dev/CR0-OCCT691-7-CR0-OCCT691-occt-64/drv/gp/gp_Pnt.jxx
+M gp:privinclude:gp_Pnt.ixx /misc/dn61/LocalWOK/wok_entities/LOC/dev/CR0-OCCT691-7-CR0-OCCT691-occt-64/drv/gp/gp_Pnt.ixx
+M gp:pubinclude:gp_Vec.hxx /misc/dn61/LocalWOK/wok_entities/LOC/dev/CR0-OCCT691-7-CR0-OCCT691-occt-64/inc/gp_Vec.hxx
+M gp:privinclude:gp_Vec.jxx /misc/dn61/LocalWOK/wok_entities/LOC/dev/CR0-OCCT691-7-CR0-OCCT691-occt-64/drv/gp/gp_Vec.jxx
+M gp:privinclude:gp_Vec.ixx /misc/dn61/LocalWOK/wok_entities/LOC/dev/CR0-OCCT691-7-CR0-OCCT691-occt-64/drv/gp/gp_Vec.ixx
+M gp:pubinclude:gp_Dir.hxx /misc/dn61/LocalWOK/wok_entities/LOC/dev/CR0-OCCT691-7-CR0-OCCT691-occt-64/inc/gp_Dir.hxx
+M gp:privinclude:gp_Dir.jxx /misc/dn61/LocalWOK/wok_entities/LOC/dev/CR0-OCCT691-7-CR0-OCCT691-occt-64/drv/gp/gp_Dir.jxx
+M gp:privinclude:gp_Dir.ixx /misc/dn61/LocalWOK/wok_entities/LOC/dev/CR0-OCCT691-7-CR0-OCCT691-occt-64/drv/gp/gp_Dir.ixx
+M gp:pubinclude:gp_Ax1.hxx /misc/dn61/LocalWOK/wok_entities/LOC/dev/CR0-OCCT691-7-CR0-OCCT691-occt-64/inc/gp_Ax1.hxx
+M gp:privinclude:gp_Ax1.jxx /misc/dn61/LocalWOK/wok_entities/LOC/dev/CR0-OCCT691-7-CR0-OCCT691-occt-64/drv/gp/gp_Ax1.jxx
+M gp:privinclude:gp_Ax1.ixx /misc/dn61/LocalWOK/wok_entities/LOC/dev/CR0-OCCT691-7-CR0-OCCT691-occt-64/drv/gp/gp_Ax1.ixx
+M gp:pubinclude:gp_Ax2.hxx /misc/dn61/LocalWOK/wok_entities/LOC/dev/CR0-OCCT691-7-CR0-OCCT691-occt-64/inc/gp_Ax2.hxx
+M gp:privinclude:gp_Ax2.jxx /misc/dn61/LocalWOK/wok_entities/LOC/dev/CR0-OCCT691-7-CR0-OCCT691-occt-64/drv/gp/gp_Ax2.jxx
+M gp:privinclude:gp_Ax2.ixx /misc/dn61/LocalWOK/wok_entities/LOC/dev/CR0-OCCT691-7-CR0-OCCT691-occt-64/drv/gp/gp_Ax2.ixx
+M gp:pubinclude:gp_Ax3.hxx /misc/dn61/LocalWOK/wok_entities/LOC/dev/CR0-OCCT691-7-CR0-OCCT691-occt-64/inc/gp_Ax3.hxx
+M gp:privinclude:gp_Ax3.jxx /misc/dn61/LocalWOK/wok_entities/LOC/dev/CR0-OCCT691-7-CR0-OCCT691-occt-64/drv/gp/gp_Ax3.jxx
+M gp:privinclude:gp_Ax3.ixx /misc/dn61/LocalWOK/wok_entities/LOC/dev/CR0-OCCT691-7-CR0-OCCT691-occt-64/drv/gp/gp_Ax3.ixx
+M gp:pubinclude:gp_Lin.hxx /misc/dn61/LocalWOK/wok_entities/LOC/dev/CR0-OCCT691-7-CR0-OCCT691-occt-64/inc/gp_Lin.hxx
+M gp:privinclude:gp_Lin.jxx /misc/dn61/LocalWOK/wok_entities/LOC/dev/CR0-OCCT691-7-CR0-OCCT691-occt-64/drv/gp/gp_Lin.jxx
+M gp:privinclude:gp_Lin.ixx /misc/dn61/LocalWOK/wok_entities/LOC/dev/CR0-OCCT691-7-CR0-OCCT691-occt-64/drv/gp/gp_Lin.ixx
+M gp:pubinclude:gp_Circ.hxx /misc/dn61/LocalWOK/wok_entities/LOC/dev/CR0-OCCT691-7-CR0-OCCT691-occt-64/inc/gp_Circ.hxx
+M gp:privinclude:gp_Circ.jxx /misc/dn61/LocalWOK/wok_entities/LOC/dev/CR0-OCCT691-7-CR0-OCCT691-occt-64/drv/gp/gp_Circ.jxx
+M gp:privinclude:gp_Circ.ixx /misc/dn61/LocalWOK/wok_entities/LOC/dev/CR0-OCCT691-7-CR0-OCCT691-occt-64/drv/gp/gp_Circ.ixx
+M gp:pubinclude:gp_Elips.hxx /misc/dn61/LocalWOK/wok_entities/LOC/dev/CR0-OCCT691-7-CR0-OCCT691-occt-64/inc/gp_Elips.hxx
+M gp:privinclude:gp_Elips.jxx /misc/dn61/LocalWOK/wok_entities/LOC/dev/CR0-OCCT691-7-CR0-OCCT691-occt-64/drv/gp/gp_Elips.jxx
+M gp:privinclude:gp_Elips.ixx /misc/dn61/LocalWOK/wok_entities/LOC/dev/CR0-OCCT691-7-CR0-OCCT691-occt-64/drv/gp/gp_Elips.ixx
+M gp:pubinclude:gp_Hypr.hxx /misc/dn61/LocalWOK/wok_entities/LOC/dev/CR0-OCCT691-7-CR0-OCCT691-occt-64/inc/gp_Hypr.hxx
+M gp:privinclude:gp_Hypr.jxx /misc/dn61/LocalWOK/wok_entities/LOC/dev/CR0-OCCT691-7-CR0-OCCT691-occt-64/drv/gp/gp_Hypr.jxx
+M gp:privinclude:gp_Hypr.ixx /misc/dn61/LocalWOK/wok_entities/LOC/dev/CR0-OCCT691-7-CR0-OCCT691-occt-64/drv/gp/gp_Hypr.ixx
+M gp:pubinclude:gp_Parab.hxx /misc/dn61/LocalWOK/wok_entities/LOC/dev/CR0-OCCT691-7-CR0-OCCT691-occt-64/inc/gp_Parab.hxx
+M gp:privinclude:gp_Parab.jxx /misc/dn61/LocalWOK/wok_entities/LOC/dev/CR0-OCCT691-7-CR0-OCCT691-occt-64/drv/gp/gp_Parab.jxx
+M gp:privinclude:gp_Parab.ixx /misc/dn61/LocalWOK/wok_entities/LOC/dev/CR0-OCCT691-7-CR0-OCCT691-occt-64/drv/gp/gp_Parab.ixx
+M gp:pubinclude:gp_Pln.hxx /misc/dn61/LocalWOK/wok_entities/LOC/dev/CR0-OCCT691-7-CR0-OCCT691-occt-64/inc/gp_Pln.hxx
+M gp:privinclude:gp_Pln.jxx /misc/dn61/LocalWOK/wok_entities/LOC/dev/CR0-OCCT691-7-CR0-OCCT691-occt-64/drv/gp/gp_Pln.jxx
+M gp:privinclude:gp_Pln.ixx /misc/dn61/LocalWOK/wok_entities/LOC/dev/CR0-OCCT691-7-CR0-OCCT691-occt-64/drv/gp/gp_Pln.ixx
+M gp:pubinclude:gp_Cylinder.hxx /misc/dn61/LocalWOK/wok_entities/LOC/dev/CR0-OCCT691-7-CR0-OCCT691-occt-64/inc/gp_Cylinder.hxx
+M gp:privinclude:gp_Cylinder.jxx /misc/dn61/LocalWOK/wok_entities/LOC/dev/CR0-OCCT691-7-CR0-OCCT691-occt-64/drv/gp/gp_Cylinder.jxx
+M gp:privinclude:gp_Cylinder.ixx /misc/dn61/LocalWOK/wok_entities/LOC/dev/CR0-OCCT691-7-CR0-OCCT691-occt-64/drv/gp/gp_Cylinder.ixx
+M gp:pubinclude:gp_Sphere.hxx /misc/dn61/LocalWOK/wok_entities/LOC/dev/CR0-OCCT691-7-CR0-OCCT691-occt-64/inc/gp_Sphere.hxx
+M gp:privinclude:gp_Sphere.jxx /misc/dn61/LocalWOK/wok_entities/LOC/dev/CR0-OCCT691-7-CR0-OCCT691-occt-64/drv/gp/gp_Sphere.jxx
+M gp:privinclude:gp_Sphere.ixx /misc/dn61/LocalWOK/wok_entities/LOC/dev/CR0-OCCT691-7-CR0-OCCT691-occt-64/drv/gp/gp_Sphere.ixx
+M gp:pubinclude:gp_Torus.hxx /misc/dn61/LocalWOK/wok_entities/LOC/dev/CR0-OCCT691-7-CR0-OCCT691-occt-64/inc/gp_Torus.hxx
+M gp:privinclude:gp_Torus.jxx /misc/dn61/LocalWOK/wok_entities/LOC/dev/CR0-OCCT691-7-CR0-OCCT691-occt-64/drv/gp/gp_Torus.jxx
+M gp:privinclude:gp_Torus.ixx /misc/dn61/LocalWOK/wok_entities/LOC/dev/CR0-OCCT691-7-CR0-OCCT691-occt-64/drv/gp/gp_Torus.ixx
+M gp:pubinclude:gp_Cone.hxx /misc/dn61/LocalWOK/wok_entities/LOC/dev/CR0-OCCT691-7-CR0-OCCT691-occt-64/inc/gp_Cone.hxx
+M gp:privinclude:gp_Cone.jxx /misc/dn61/LocalWOK/wok_entities/LOC/dev/CR0-OCCT691-7-CR0-OCCT691-occt-64/drv/gp/gp_Cone.jxx
+M gp:privinclude:gp_Cone.ixx /misc/dn61/LocalWOK/wok_entities/LOC/dev/CR0-OCCT691-7-CR0-OCCT691-occt-64/drv/gp/gp_Cone.ixx
+M gp:pubinclude:gp_XY.hxx /misc/dn61/LocalWOK/wok_entities/LOC/dev/CR0-OCCT691-7-CR0-OCCT691-occt-64/inc/gp_XY.hxx
+M gp:privinclude:gp_XY.jxx /misc/dn61/LocalWOK/wok_entities/LOC/dev/CR0-OCCT691-7-CR0-OCCT691-occt-64/drv/gp/gp_XY.jxx
+M gp:privinclude:gp_XY.ixx /misc/dn61/LocalWOK/wok_entities/LOC/dev/CR0-OCCT691-7-CR0-OCCT691-occt-64/drv/gp/gp_XY.ixx
+M gp:pubinclude:gp_Mat2d.hxx /misc/dn61/LocalWOK/wok_entities/LOC/dev/CR0-OCCT691-7-CR0-OCCT691-occt-64/inc/gp_Mat2d.hxx
+M gp:privinclude:gp_Mat2d.jxx /misc/dn61/LocalWOK/wok_entities/LOC/dev/CR0-OCCT691-7-CR0-OCCT691-occt-64/drv/gp/gp_Mat2d.jxx
+M gp:privinclude:gp_Mat2d.ixx /misc/dn61/LocalWOK/wok_entities/LOC/dev/CR0-OCCT691-7-CR0-OCCT691-occt-64/drv/gp/gp_Mat2d.ixx
+M gp:pubinclude:gp_Trsf2d.hxx /misc/dn61/LocalWOK/wok_entities/LOC/dev/CR0-OCCT691-7-CR0-OCCT691-occt-64/inc/gp_Trsf2d.hxx
+M gp:privinclude:gp_Trsf2d.jxx /misc/dn61/LocalWOK/wok_entities/LOC/dev/CR0-OCCT691-7-CR0-OCCT691-occt-64/drv/gp/gp_Trsf2d.jxx
+M gp:privinclude:gp_Trsf2d.ixx /misc/dn61/LocalWOK/wok_entities/LOC/dev/CR0-OCCT691-7-CR0-OCCT691-occt-64/drv/gp/gp_Trsf2d.ixx
+M gp:pubinclude:gp_GTrsf2d.hxx /misc/dn61/LocalWOK/wok_entities/LOC/dev/CR0-OCCT691-7-CR0-OCCT691-occt-64/inc/gp_GTrsf2d.hxx
+M gp:privinclude:gp_GTrsf2d.jxx /misc/dn61/LocalWOK/wok_entities/LOC/dev/CR0-OCCT691-7-CR0-OCCT691-occt-64/drv/gp/gp_GTrsf2d.jxx
+M gp:privinclude:gp_GTrsf2d.ixx /misc/dn61/LocalWOK/wok_entities/LOC/dev/CR0-OCCT691-7-CR0-OCCT691-occt-64/drv/gp/gp_GTrsf2d.ixx
+M gp:pubinclude:gp_Pnt2d.hxx /misc/dn61/LocalWOK/wok_entities/LOC/dev/CR0-OCCT691-7-CR0-OCCT691-occt-64/inc/gp_Pnt2d.hxx
+M gp:privinclude:gp_Pnt2d.jxx /misc/dn61/LocalWOK/wok_entities/LOC/dev/CR0-OCCT691-7-CR0-OCCT691-occt-64/drv/gp/gp_Pnt2d.jxx
+M gp:privinclude:gp_Pnt2d.ixx /misc/dn61/LocalWOK/wok_entities/LOC/dev/CR0-OCCT691-7-CR0-OCCT691-occt-64/drv/gp/gp_Pnt2d.ixx
+M gp:pubinclude:gp_Vec2d.hxx /misc/dn61/LocalWOK/wok_entities/LOC/dev/CR0-OCCT691-7-CR0-OCCT691-occt-64/inc/gp_Vec2d.hxx
+M gp:privinclude:gp_Vec2d.jxx /misc/dn61/LocalWOK/wok_entities/LOC/dev/CR0-OCCT691-7-CR0-OCCT691-occt-64/drv/gp/gp_Vec2d.jxx
+M gp:privinclude:gp_Vec2d.ixx /misc/dn61/LocalWOK/wok_entities/LOC/dev/CR0-OCCT691-7-CR0-OCCT691-occt-64/drv/gp/gp_Vec2d.ixx
+M gp:pubinclude:gp_Dir2d.hxx /misc/dn61/LocalWOK/wok_entities/LOC/dev/CR0-OCCT691-7-CR0-OCCT691-occt-64/inc/gp_Dir2d.hxx
+M gp:privinclude:gp_Dir2d.jxx /misc/dn61/LocalWOK/wok_entities/LOC/dev/CR0-OCCT691-7-CR0-OCCT691-occt-64/drv/gp/gp_Dir2d.jxx
+M gp:privinclude:gp_Dir2d.ixx /misc/dn61/LocalWOK/wok_entities/LOC/dev/CR0-OCCT691-7-CR0-OCCT691-occt-64/drv/gp/gp_Dir2d.ixx
+M gp:pubinclude:gp_Ax2d.hxx /misc/dn61/LocalWOK/wok_entities/LOC/dev/CR0-OCCT691-7-CR0-OCCT691-occt-64/inc/gp_Ax2d.hxx
+M gp:privinclude:gp_Ax2d.jxx /misc/dn61/LocalWOK/wok_entities/LOC/dev/CR0-OCCT691-7-CR0-OCCT691-occt-64/drv/gp/gp_Ax2d.jxx
+M gp:privinclude:gp_Ax2d.ixx /misc/dn61/LocalWOK/wok_entities/LOC/dev/CR0-OCCT691-7-CR0-OCCT691-occt-64/drv/gp/gp_Ax2d.ixx
+M gp:pubinclude:gp_Ax22d.hxx /misc/dn61/LocalWOK/wok_entities/LOC/dev/CR0-OCCT691-7-CR0-OCCT691-occt-64/inc/gp_Ax22d.hxx
+M gp:privinclude:gp_Ax22d.jxx /misc/dn61/LocalWOK/wok_entities/LOC/dev/CR0-OCCT691-7-CR0-OCCT691-occt-64/drv/gp/gp_Ax22d.jxx
+M gp:privinclude:gp_Ax22d.ixx /misc/dn61/LocalWOK/wok_entities/LOC/dev/CR0-OCCT691-7-CR0-OCCT691-occt-64/drv/gp/gp_Ax22d.ixx
+M gp:pubinclude:gp_Lin2d.hxx /misc/dn61/LocalWOK/wok_entities/LOC/dev/CR0-OCCT691-7-CR0-OCCT691-occt-64/inc/gp_Lin2d.hxx
+M gp:privinclude:gp_Lin2d.jxx /misc/dn61/LocalWOK/wok_entities/LOC/dev/CR0-OCCT691-7-CR0-OCCT691-occt-64/drv/gp/gp_Lin2d.jxx
+M gp:privinclude:gp_Lin2d.ixx /misc/dn61/LocalWOK/wok_entities/LOC/dev/CR0-OCCT691-7-CR0-OCCT691-occt-64/drv/gp/gp_Lin2d.ixx
+M gp:pubinclude:gp_Circ2d.hxx /misc/dn61/LocalWOK/wok_entities/LOC/dev/CR0-OCCT691-7-CR0-OCCT691-occt-64/inc/gp_Circ2d.hxx
+M gp:privinclude:gp_Circ2d.jxx /misc/dn61/LocalWOK/wok_entities/LOC/dev/CR0-OCCT691-7-CR0-OCCT691-occt-64/drv/gp/gp_Circ2d.jxx
+M gp:privinclude:gp_Circ2d.ixx /misc/dn61/LocalWOK/wok_entities/LOC/dev/CR0-OCCT691-7-CR0-OCCT691-occt-64/drv/gp/gp_Circ2d.ixx
+M gp:pubinclude:gp_Elips2d.hxx /misc/dn61/LocalWOK/wok_entities/LOC/dev/CR0-OCCT691-7-CR0-OCCT691-occt-64/inc/gp_Elips2d.hxx
+M gp:privinclude:gp_Elips2d.jxx /misc/dn61/LocalWOK/wok_entities/LOC/dev/CR0-OCCT691-7-CR0-OCCT691-occt-64/drv/gp/gp_Elips2d.jxx
+M gp:privinclude:gp_Elips2d.ixx /misc/dn61/LocalWOK/wok_entities/LOC/dev/CR0-OCCT691-7-CR0-OCCT691-occt-64/drv/gp/gp_Elips2d.ixx
+M gp:pubinclude:gp_Hypr2d.hxx /misc/dn61/LocalWOK/wok_entities/LOC/dev/CR0-OCCT691-7-CR0-OCCT691-occt-64/inc/gp_Hypr2d.hxx
+M gp:privinclude:gp_Hypr2d.jxx /misc/dn61/LocalWOK/wok_entities/LOC/dev/CR0-OCCT691-7-CR0-OCCT691-occt-64/drv/gp/gp_Hypr2d.jxx
+M gp:privinclude:gp_Hypr2d.ixx /misc/dn61/LocalWOK/wok_entities/LOC/dev/CR0-OCCT691-7-CR0-OCCT691-occt-64/drv/gp/gp_Hypr2d.ixx
+M gp:pubinclude:gp_Parab2d.hxx /misc/dn61/LocalWOK/wok_entities/LOC/dev/CR0-OCCT691-7-CR0-OCCT691-occt-64/inc/gp_Parab2d.hxx
+M gp:privinclude:gp_Parab2d.jxx /misc/dn61/LocalWOK/wok_entities/LOC/dev/CR0-OCCT691-7-CR0-OCCT691-occt-64/drv/gp/gp_Parab2d.jxx
+M gp:privinclude:gp_Parab2d.ixx /misc/dn61/LocalWOK/wok_entities/LOC/dev/CR0-OCCT691-7-CR0-OCCT691-occt-64/drv/gp/gp_Parab2d.ixx
+M gp:pubinclude:Handle_gp_VectorWithNullMagnitude.hxx /misc/dn61/LocalWOK/wok_entities/LOC/dev/CR0-OCCT691-7-CR0-OCCT691-occt-64/inc/Handle_gp_VectorWithNullMagnitude.hxx
+M gp:pubinclude:gp_VectorWithNullMagnitude.hxx /misc/dn61/LocalWOK/wok_entities/LOC/dev/CR0-OCCT691-7-CR0-OCCT691-occt-64/inc/gp_VectorWithNullMagnitude.hxx
+M gp:derivated:gp_VectorWithNullMagnitude_0.cxx /misc/dn61/LocalWOK/wok_entities/LOC/dev/CR0-OCCT691-7-CR0-OCCT691-occt-64/drv/gp/gp_VectorWithNullMagnitude_0.cxx
+M gp:pubinclude:gp_TrsfForm.hxx /misc/dn61/LocalWOK/wok_entities/LOC/dev/CR0-OCCT691-7-CR0-OCCT691-occt-64/inc/gp_TrsfForm.hxx
+M gp:pubinclude:gp_EulerSequence.hxx /misc/dn61/LocalWOK/wok_entities/LOC/dev/CR0-OCCT691-7-CR0-OCCT691-occt-64/inc/gp_EulerSequence.hxx
+M gp:dbadmfile:gp_xcpp_header.In /misc/dn61/LocalWOK/wok_entities/LOC/dev/CR0-OCCT691-7-CR0-OCCT691-occt-64/drv/gp/.adm/gp_xcpp_header.In
+M gp:dbadmfile:gp_xcpp_header.Out /misc/dn61/LocalWOK/wok_entities/LOC/dev/CR0-OCCT691-7-CR0-OCCT691-occt-64/drv/gp/.adm/gp_xcpp_header.Out
+M gp:dbadmfile:gp_xcpp_header.Dep /misc/dn61/LocalWOK/wok_entities/LOC/dev/CR0-OCCT691-7-CR0-OCCT691-occt-64/drv/gp/.adm/gp_xcpp_header.Dep
