+M IGESDimen:pubinclude:IGESDimen.hxx /misc/dn61/LocalWOK/wok_entities/LOC/dev/CR0-OCCT691-7-CR0-OCCT691-occt-64/inc/IGESDimen.hxx
+M IGESDimen:privinclude:IGESDimen.jxx /misc/dn61/LocalWOK/wok_entities/LOC/dev/CR0-OCCT691-7-CR0-OCCT691-occt-64/drv/IGESDimen/IGESDimen.jxx
+M IGESDimen:privinclude:IGESDimen.ixx /misc/dn61/LocalWOK/wok_entities/LOC/dev/CR0-OCCT691-7-CR0-OCCT691-occt-64/drv/IGESDimen/IGESDimen.ixx
+M IGESDimen:pubinclude:Handle_IGESDimen_CenterLine.hxx /misc/dn61/LocalWOK/wok_entities/LOC/dev/CR0-OCCT691-7-CR0-OCCT691-occt-64/inc/Handle_IGESDimen_CenterLine.hxx
+M IGESDimen:pubinclude:IGESDimen_CenterLine.hxx /misc/dn61/LocalWOK/wok_entities/LOC/dev/CR0-OCCT691-7-CR0-OCCT691-occt-64/inc/IGESDimen_CenterLine.hxx
+M IGESDimen:privinclude:IGESDimen_CenterLine.jxx /misc/dn61/LocalWOK/wok_entities/LOC/dev/CR0-OCCT691-7-CR0-OCCT691-occt-64/drv/IGESDimen/IGESDimen_CenterLine.jxx
+M IGESDimen:privinclude:IGESDimen_CenterLine.ixx /misc/dn61/LocalWOK/wok_entities/LOC/dev/CR0-OCCT691-7-CR0-OCCT691-occt-64/drv/IGESDimen/IGESDimen_CenterLine.ixx
+M IGESDimen:pubinclude:Handle_IGESDimen_Section.hxx /misc/dn61/LocalWOK/wok_entities/LOC/dev/CR0-OCCT691-7-CR0-OCCT691-occt-64/inc/Handle_IGESDimen_Section.hxx
+M IGESDimen:pubinclude:IGESDimen_Section.hxx /misc/dn61/LocalWOK/wok_entities/LOC/dev/CR0-OCCT691-7-CR0-OCCT691-occt-64/inc/IGESDimen_Section.hxx
+M IGESDimen:privinclude:IGESDimen_Section.jxx /misc/dn61/LocalWOK/wok_entities/LOC/dev/CR0-OCCT691-7-CR0-OCCT691-occt-64/drv/IGESDimen/IGESDimen_Section.jxx
+M IGESDimen:privinclude:IGESDimen_Section.ixx /misc/dn61/LocalWOK/wok_entities/LOC/dev/CR0-OCCT691-7-CR0-OCCT691-occt-64/drv/IGESDimen/IGESDimen_Section.ixx
+M IGESDimen:pubinclude:Handle_IGESDimen_WitnessLine.hxx /misc/dn61/LocalWOK/wok_entities/LOC/dev/CR0-OCCT691-7-CR0-OCCT691-occt-64/inc/Handle_IGESDimen_WitnessLine.hxx
+M IGESDimen:pubinclude:IGESDimen_WitnessLine.hxx /misc/dn61/LocalWOK/wok_entities/LOC/dev/CR0-OCCT691-7-CR0-OCCT691-occt-64/inc/IGESDimen_WitnessLine.hxx
+M IGESDimen:privinclude:IGESDimen_WitnessLine.jxx /misc/dn61/LocalWOK/wok_entities/LOC/dev/CR0-OCCT691-7-CR0-OCCT691-occt-64/drv/IGESDimen/IGESDimen_WitnessLine.jxx
+M IGESDimen:privinclude:IGESDimen_WitnessLine.ixx /misc/dn61/LocalWOK/wok_entities/LOC/dev/CR0-OCCT691-7-CR0-OCCT691-occt-64/drv/IGESDimen/IGESDimen_WitnessLine.ixx
+M IGESDimen:pubinclude:Handle_IGESDimen_AngularDimension.hxx /misc/dn61/LocalWOK/wok_entities/LOC/dev/CR0-OCCT691-7-CR0-OCCT691-occt-64/inc/Handle_IGESDimen_AngularDimension.hxx
+M IGESDimen:pubinclude:IGESDimen_AngularDimension.hxx /misc/dn61/LocalWOK/wok_entities/LOC/dev/CR0-OCCT691-7-CR0-OCCT691-occt-64/inc/IGESDimen_AngularDimension.hxx
+M IGESDimen:privinclude:IGESDimen_AngularDimension.jxx /misc/dn61/LocalWOK/wok_entities/LOC/dev/CR0-OCCT691-7-CR0-OCCT691-occt-64/drv/IGESDimen/IGESDimen_AngularDimension.jxx
+M IGESDimen:privinclude:IGESDimen_AngularDimension.ixx /misc/dn61/LocalWOK/wok_entities/LOC/dev/CR0-OCCT691-7-CR0-OCCT691-occt-64/drv/IGESDimen/IGESDimen_AngularDimension.ixx
+M IGESDimen:pubinclude:Handle_IGESDimen_CurveDimension.hxx /misc/dn61/LocalWOK/wok_entities/LOC/dev/CR0-OCCT691-7-CR0-OCCT691-occt-64/inc/Handle_IGESDimen_CurveDimension.hxx
+M IGESDimen:pubinclude:IGESDimen_CurveDimension.hxx /misc/dn61/LocalWOK/wok_entities/LOC/dev/CR0-OCCT691-7-CR0-OCCT691-occt-64/inc/IGESDimen_CurveDimension.hxx
+M IGESDimen:privinclude:IGESDimen_CurveDimension.jxx /misc/dn61/LocalWOK/wok_entities/LOC/dev/CR0-OCCT691-7-CR0-OCCT691-occt-64/drv/IGESDimen/IGESDimen_CurveDimension.jxx
+M IGESDimen:privinclude:IGESDimen_CurveDimension.ixx /misc/dn61/LocalWOK/wok_entities/LOC/dev/CR0-OCCT691-7-CR0-OCCT691-occt-64/drv/IGESDimen/IGESDimen_CurveDimension.ixx
+M IGESDimen:pubinclude:Handle_IGESDimen_DiameterDimension.hxx /misc/dn61/LocalWOK/wok_entities/LOC/dev/CR0-OCCT691-7-CR0-OCCT691-occt-64/inc/Handle_IGESDimen_DiameterDimension.hxx
+M IGESDimen:pubinclude:IGESDimen_DiameterDimension.hxx /misc/dn61/LocalWOK/wok_entities/LOC/dev/CR0-OCCT691-7-CR0-OCCT691-occt-64/inc/IGESDimen_DiameterDimension.hxx
+M IGESDimen:privinclude:IGESDimen_DiameterDimension.jxx /misc/dn61/LocalWOK/wok_entities/LOC/dev/CR0-OCCT691-7-CR0-OCCT691-occt-64/drv/IGESDimen/IGESDimen_DiameterDimension.jxx
+M IGESDimen:privinclude:IGESDimen_DiameterDimension.ixx /misc/dn61/LocalWOK/wok_entities/LOC/dev/CR0-OCCT691-7-CR0-OCCT691-occt-64/drv/IGESDimen/IGESDimen_DiameterDimension.ixx
+M IGESDimen:pubinclude:Handle_IGESDimen_FlagNote.hxx /misc/dn61/LocalWOK/wok_entities/LOC/dev/CR0-OCCT691-7-CR0-OCCT691-occt-64/inc/Handle_IGESDimen_FlagNote.hxx
+M IGESDimen:pubinclude:IGESDimen_FlagNote.hxx /misc/dn61/LocalWOK/wok_entities/LOC/dev/CR0-OCCT691-7-CR0-OCCT691-occt-64/inc/IGESDimen_FlagNote.hxx
+M IGESDimen:privinclude:IGESDimen_FlagNote.jxx /misc/dn61/LocalWOK/wok_entities/LOC/dev/CR0-OCCT691-7-CR0-OCCT691-occt-64/drv/IGESDimen/IGESDimen_FlagNote.jxx
+M IGESDimen:privinclude:IGESDimen_FlagNote.ixx /misc/dn61/LocalWOK/wok_entities/LOC/dev/CR0-OCCT691-7-CR0-OCCT691-occt-64/drv/IGESDimen/IGESDimen_FlagNote.ixx
+M IGESDimen:pubinclude:Handle_IGESDimen_GeneralLabel.hxx /misc/dn61/LocalWOK/wok_entities/LOC/dev/CR0-OCCT691-7-CR0-OCCT691-occt-64/inc/Handle_IGESDimen_GeneralLabel.hxx
+M IGESDimen:pubinclude:IGESDimen_GeneralLabel.hxx /misc/dn61/LocalWOK/wok_entities/LOC/dev/CR0-OCCT691-7-CR0-OCCT691-occt-64/inc/IGESDimen_GeneralLabel.hxx
+M IGESDimen:privinclude:IGESDimen_GeneralLabel.jxx /misc/dn61/LocalWOK/wok_entities/LOC/dev/CR0-OCCT691-7-CR0-OCCT691-occt-64/drv/IGESDimen/IGESDimen_GeneralLabel.jxx
+M IGESDimen:privinclude:IGESDimen_GeneralLabel.ixx /misc/dn61/LocalWOK/wok_entities/LOC/dev/CR0-OCCT691-7-CR0-OCCT691-occt-64/drv/IGESDimen/IGESDimen_GeneralLabel.ixx
+M IGESDimen:pubinclude:Handle_IGESDimen_GeneralNote.hxx /misc/dn61/LocalWOK/wok_entities/LOC/dev/CR0-OCCT691-7-CR0-OCCT691-occt-64/inc/Handle_IGESDimen_GeneralNote.hxx
+M IGESDimen:pubinclude:IGESDimen_GeneralNote.hxx /misc/dn61/LocalWOK/wok_entities/LOC/dev/CR0-OCCT691-7-CR0-OCCT691-occt-64/inc/IGESDimen_GeneralNote.hxx
+M IGESDimen:privinclude:IGESDimen_GeneralNote.jxx /misc/dn61/LocalWOK/wok_entities/LOC/dev/CR0-OCCT691-7-CR0-OCCT691-occt-64/drv/IGESDimen/IGESDimen_GeneralNote.jxx
+M IGESDimen:privinclude:IGESDimen_GeneralNote.ixx /misc/dn61/LocalWOK/wok_entities/LOC/dev/CR0-OCCT691-7-CR0-OCCT691-occt-64/drv/IGESDimen/IGESDimen_GeneralNote.ixx
+M IGESDimen:pubinclude:Handle_IGESDimen_NewGeneralNote.hxx /misc/dn61/LocalWOK/wok_entities/LOC/dev/CR0-OCCT691-7-CR0-OCCT691-occt-64/inc/Handle_IGESDimen_NewGeneralNote.hxx
+M IGESDimen:pubinclude:IGESDimen_NewGeneralNote.hxx /misc/dn61/LocalWOK/wok_entities/LOC/dev/CR0-OCCT691-7-CR0-OCCT691-occt-64/inc/IGESDimen_NewGeneralNote.hxx
+M IGESDimen:privinclude:IGESDimen_NewGeneralNote.jxx /misc/dn61/LocalWOK/wok_entities/LOC/dev/CR0-OCCT691-7-CR0-OCCT691-occt-64/drv/IGESDimen/IGESDimen_NewGeneralNote.jxx
+M IGESDimen:privinclude:IGESDimen_NewGeneralNote.ixx /misc/dn61/LocalWOK/wok_entities/LOC/dev/CR0-OCCT691-7-CR0-OCCT691-occt-64/drv/IGESDimen/IGESDimen_NewGeneralNote.ixx
+M IGESDimen:pubinclude:Handle_IGESDimen_LeaderArrow.hxx /misc/dn61/LocalWOK/wok_entities/LOC/dev/CR0-OCCT691-7-CR0-OCCT691-occt-64/inc/Handle_IGESDimen_LeaderArrow.hxx
+M IGESDimen:pubinclude:IGESDimen_LeaderArrow.hxx /misc/dn61/LocalWOK/wok_entities/LOC/dev/CR0-OCCT691-7-CR0-OCCT691-occt-64/inc/IGESDimen_LeaderArrow.hxx
+M IGESDimen:privinclude:IGESDimen_LeaderArrow.jxx /misc/dn61/LocalWOK/wok_entities/LOC/dev/CR0-OCCT691-7-CR0-OCCT691-occt-64/drv/IGESDimen/IGESDimen_LeaderArrow.jxx
+M IGESDimen:privinclude:IGESDimen_LeaderArrow.ixx /misc/dn61/LocalWOK/wok_entities/LOC/dev/CR0-OCCT691-7-CR0-OCCT691-occt-64/drv/IGESDimen/IGESDimen_LeaderArrow.ixx
+M IGESDimen:pubinclude:Handle_IGESDimen_LinearDimension.hxx /misc/dn61/LocalWOK/wok_entities/LOC/dev/CR0-OCCT691-7-CR0-OCCT691-occt-64/inc/Handle_IGESDimen_LinearDimension.hxx
+M IGESDimen:pubinclude:IGESDimen_LinearDimension.hxx /misc/dn61/LocalWOK/wok_entities/LOC/dev/CR0-OCCT691-7-CR0-OCCT691-occt-64/inc/IGESDimen_LinearDimension.hxx
+M IGESDimen:privinclude:IGESDimen_LinearDimension.jxx /misc/dn61/LocalWOK/wok_entities/LOC/dev/CR0-OCCT691-7-CR0-OCCT691-occt-64/drv/IGESDimen/IGESDimen_LinearDimension.jxx
+M IGESDimen:privinclude:IGESDimen_LinearDimension.ixx /misc/dn61/LocalWOK/wok_entities/LOC/dev/CR0-OCCT691-7-CR0-OCCT691-occt-64/drv/IGESDimen/IGESDimen_LinearDimension.ixx
+M IGESDimen:pubinclude:Handle_IGESDimen_OrdinateDimension.hxx /misc/dn61/LocalWOK/wok_entities/LOC/dev/CR0-OCCT691-7-CR0-OCCT691-occt-64/inc/Handle_IGESDimen_OrdinateDimension.hxx
+M IGESDimen:pubinclude:IGESDimen_OrdinateDimension.hxx /misc/dn61/LocalWOK/wok_entities/LOC/dev/CR0-OCCT691-7-CR0-OCCT691-occt-64/inc/IGESDimen_OrdinateDimension.hxx
+M IGESDimen:privinclude:IGESDimen_OrdinateDimension.jxx /misc/dn61/LocalWOK/wok_entities/LOC/dev/CR0-OCCT691-7-CR0-OCCT691-occt-64/drv/IGESDimen/IGESDimen_OrdinateDimension.jxx
+M IGESDimen:privinclude:IGESDimen_OrdinateDimension.ixx /misc/dn61/LocalWOK/wok_entities/LOC/dev/CR0-OCCT691-7-CR0-OCCT691-occt-64/drv/IGESDimen/IGESDimen_OrdinateDimension.ixx
+M IGESDimen:pubinclude:Handle_IGESDimen_PointDimension.hxx /misc/dn61/LocalWOK/wok_entities/LOC/dev/CR0-OCCT691-7-CR0-OCCT691-occt-64/inc/Handle_IGESDimen_PointDimension.hxx
+M IGESDimen:pubinclude:IGESDimen_PointDimension.hxx /misc/dn61/LocalWOK/wok_entities/LOC/dev/CR0-OCCT691-7-CR0-OCCT691-occt-64/inc/IGESDimen_PointDimension.hxx
+M IGESDimen:privinclude:IGESDimen_PointDimension.jxx /misc/dn61/LocalWOK/wok_entities/LOC/dev/CR0-OCCT691-7-CR0-OCCT691-occt-64/drv/IGESDimen/IGESDimen_PointDimension.jxx
+M IGESDimen:privinclude:IGESDimen_PointDimension.ixx /misc/dn61/LocalWOK/wok_entities/LOC/dev/CR0-OCCT691-7-CR0-OCCT691-occt-64/drv/IGESDimen/IGESDimen_PointDimension.ixx
+M IGESDimen:pubinclude:Handle_IGESDimen_RadiusDimension.hxx /misc/dn61/LocalWOK/wok_entities/LOC/dev/CR0-OCCT691-7-CR0-OCCT691-occt-64/inc/Handle_IGESDimen_RadiusDimension.hxx
+M IGESDimen:pubinclude:IGESDimen_RadiusDimension.hxx /misc/dn61/LocalWOK/wok_entities/LOC/dev/CR0-OCCT691-7-CR0-OCCT691-occt-64/inc/IGESDimen_RadiusDimension.hxx
+M IGESDimen:privinclude:IGESDimen_RadiusDimension.jxx /misc/dn61/LocalWOK/wok_entities/LOC/dev/CR0-OCCT691-7-CR0-OCCT691-occt-64/drv/IGESDimen/IGESDimen_RadiusDimension.jxx
+M IGESDimen:privinclude:IGESDimen_RadiusDimension.ixx /misc/dn61/LocalWOK/wok_entities/LOC/dev/CR0-OCCT691-7-CR0-OCCT691-occt-64/drv/IGESDimen/IGESDimen_RadiusDimension.ixx
+M IGESDimen:pubinclude:Handle_IGESDimen_GeneralSymbol.hxx /misc/dn61/LocalWOK/wok_entities/LOC/dev/CR0-OCCT691-7-CR0-OCCT691-occt-64/inc/Handle_IGESDimen_GeneralSymbol.hxx
+M IGESDimen:pubinclude:IGESDimen_GeneralSymbol.hxx /misc/dn61/LocalWOK/wok_entities/LOC/dev/CR0-OCCT691-7-CR0-OCCT691-occt-64/inc/IGESDimen_GeneralSymbol.hxx
+M IGESDimen:privinclude:IGESDimen_GeneralSymbol.jxx /misc/dn61/LocalWOK/wok_entities/LOC/dev/CR0-OCCT691-7-CR0-OCCT691-occt-64/drv/IGESDimen/IGESDimen_GeneralSymbol.jxx
+M IGESDimen:privinclude:IGESDimen_GeneralSymbol.ixx /misc/dn61/LocalWOK/wok_entities/LOC/dev/CR0-OCCT691-7-CR0-OCCT691-occt-64/drv/IGESDimen/IGESDimen_GeneralSymbol.ixx
+M IGESDimen:pubinclude:Handle_IGESDimen_SectionedArea.hxx /misc/dn61/LocalWOK/wok_entities/LOC/dev/CR0-OCCT691-7-CR0-OCCT691-occt-64/inc/Handle_IGESDimen_SectionedArea.hxx
+M IGESDimen:pubinclude:IGESDimen_SectionedArea.hxx /misc/dn61/LocalWOK/wok_entities/LOC/dev/CR0-OCCT691-7-CR0-OCCT691-occt-64/inc/IGESDimen_SectionedArea.hxx
+M IGESDimen:privinclude:IGESDimen_SectionedArea.jxx /misc/dn61/LocalWOK/wok_entities/LOC/dev/CR0-OCCT691-7-CR0-OCCT691-occt-64/drv/IGESDimen/IGESDimen_SectionedArea.jxx
+M IGESDimen:privinclude:IGESDimen_SectionedArea.ixx /misc/dn61/LocalWOK/wok_entities/LOC/dev/CR0-OCCT691-7-CR0-OCCT691-occt-64/drv/IGESDimen/IGESDimen_SectionedArea.ixx
+M IGESDimen:pubinclude:Handle_IGESDimen_DimensionedGeometry.hxx /misc/dn61/LocalWOK/wok_entities/LOC/dev/CR0-OCCT691-7-CR0-OCCT691-occt-64/inc/Handle_IGESDimen_DimensionedGeometry.hxx
+M IGESDimen:pubinclude:IGESDimen_DimensionedGeometry.hxx /misc/dn61/LocalWOK/wok_entities/LOC/dev/CR0-OCCT691-7-CR0-OCCT691-occt-64/inc/IGESDimen_DimensionedGeometry.hxx
+M IGESDimen:privinclude:IGESDimen_DimensionedGeometry.jxx /misc/dn61/LocalWOK/wok_entities/LOC/dev/CR0-OCCT691-7-CR0-OCCT691-occt-64/drv/IGESDimen/IGESDimen_DimensionedGeometry.jxx
+M IGESDimen:privinclude:IGESDimen_DimensionedGeometry.ixx /misc/dn61/LocalWOK/wok_entities/LOC/dev/CR0-OCCT691-7-CR0-OCCT691-occt-64/drv/IGESDimen/IGESDimen_DimensionedGeometry.ixx
+M IGESDimen:pubinclude:Handle_IGESDimen_NewDimensionedGeometry.hxx /misc/dn61/LocalWOK/wok_entities/LOC/dev/CR0-OCCT691-7-CR0-OCCT691-occt-64/inc/Handle_IGESDimen_NewDimensionedGeometry.hxx
+M IGESDimen:pubinclude:IGESDimen_NewDimensionedGeometry.hxx /misc/dn61/LocalWOK/wok_entities/LOC/dev/CR0-OCCT691-7-CR0-OCCT691-occt-64/inc/IGESDimen_NewDimensionedGeometry.hxx
+M IGESDimen:privinclude:IGESDimen_NewDimensionedGeometry.jxx /misc/dn61/LocalWOK/wok_entities/LOC/dev/CR0-OCCT691-7-CR0-OCCT691-occt-64/drv/IGESDimen/IGESDimen_NewDimensionedGeometry.jxx
+M IGESDimen:privinclude:IGESDimen_NewDimensionedGeometry.ixx /misc/dn61/LocalWOK/wok_entities/LOC/dev/CR0-OCCT691-7-CR0-OCCT691-occt-64/drv/IGESDimen/IGESDimen_NewDimensionedGeometry.ixx
+M IGESDimen:pubinclude:Handle_IGESDimen_DimensionUnits.hxx /misc/dn61/LocalWOK/wok_entities/LOC/dev/CR0-OCCT691-7-CR0-OCCT691-occt-64/inc/Handle_IGESDimen_DimensionUnits.hxx
+M IGESDimen:pubinclude:IGESDimen_DimensionUnits.hxx /misc/dn61/LocalWOK/wok_entities/LOC/dev/CR0-OCCT691-7-CR0-OCCT691-occt-64/inc/IGESDimen_DimensionUnits.hxx
+M IGESDimen:privinclude:IGESDimen_DimensionUnits.jxx /misc/dn61/LocalWOK/wok_entities/LOC/dev/CR0-OCCT691-7-CR0-OCCT691-occt-64/drv/IGESDimen/IGESDimen_DimensionUnits.jxx
+M IGESDimen:privinclude:IGESDimen_DimensionUnits.ixx /misc/dn61/LocalWOK/wok_entities/LOC/dev/CR0-OCCT691-7-CR0-OCCT691-occt-64/drv/IGESDimen/IGESDimen_DimensionUnits.ixx
+M IGESDimen:pubinclude:Handle_IGESDimen_DimensionTolerance.hxx /misc/dn61/LocalWOK/wok_entities/LOC/dev/CR0-OCCT691-7-CR0-OCCT691-occt-64/inc/Handle_IGESDimen_DimensionTolerance.hxx
+M IGESDimen:pubinclude:IGESDimen_DimensionTolerance.hxx /misc/dn61/LocalWOK/wok_entities/LOC/dev/CR0-OCCT691-7-CR0-OCCT691-occt-64/inc/IGESDimen_DimensionTolerance.hxx
+M IGESDimen:privinclude:IGESDimen_DimensionTolerance.jxx /misc/dn61/LocalWOK/wok_entities/LOC/dev/CR0-OCCT691-7-CR0-OCCT691-occt-64/drv/IGESDimen/IGESDimen_DimensionTolerance.jxx
+M IGESDimen:privinclude:IGESDimen_DimensionTolerance.ixx /misc/dn61/LocalWOK/wok_entities/LOC/dev/CR0-OCCT691-7-CR0-OCCT691-occt-64/drv/IGESDimen/IGESDimen_DimensionTolerance.ixx
+M IGESDimen:pubinclude:Handle_IGESDimen_DimensionDisplayData.hxx /misc/dn61/LocalWOK/wok_entities/LOC/dev/CR0-OCCT691-7-CR0-OCCT691-occt-64/inc/Handle_IGESDimen_DimensionDisplayData.hxx
+M IGESDimen:pubinclude:IGESDimen_DimensionDisplayData.hxx /misc/dn61/LocalWOK/wok_entities/LOC/dev/CR0-OCCT691-7-CR0-OCCT691-occt-64/inc/IGESDimen_DimensionDisplayData.hxx
+M IGESDimen:privinclude:IGESDimen_DimensionDisplayData.jxx /misc/dn61/LocalWOK/wok_entities/LOC/dev/CR0-OCCT691-7-CR0-OCCT691-occt-64/drv/IGESDimen/IGESDimen_DimensionDisplayData.jxx
+M IGESDimen:privinclude:IGESDimen_DimensionDisplayData.ixx /misc/dn61/LocalWOK/wok_entities/LOC/dev/CR0-OCCT691-7-CR0-OCCT691-occt-64/drv/IGESDimen/IGESDimen_DimensionDisplayData.ixx
+M IGESDimen:pubinclude:Handle_IGESDimen_BasicDimension.hxx /misc/dn61/LocalWOK/wok_entities/LOC/dev/CR0-OCCT691-7-CR0-OCCT691-occt-64/inc/Handle_IGESDimen_BasicDimension.hxx
+M IGESDimen:pubinclude:IGESDimen_BasicDimension.hxx /misc/dn61/LocalWOK/wok_entities/LOC/dev/CR0-OCCT691-7-CR0-OCCT691-occt-64/inc/IGESDimen_BasicDimension.hxx
+M IGESDimen:privinclude:IGESDimen_BasicDimension.jxx /misc/dn61/LocalWOK/wok_entities/LOC/dev/CR0-OCCT691-7-CR0-OCCT691-occt-64/drv/IGESDimen/IGESDimen_BasicDimension.jxx
+M IGESDimen:privinclude:IGESDimen_BasicDimension.ixx /misc/dn61/LocalWOK/wok_entities/LOC/dev/CR0-OCCT691-7-CR0-OCCT691-occt-64/drv/IGESDimen/IGESDimen_BasicDimension.ixx
+M IGESDimen:pubinclude:IGESDimen_ToolCenterLine.hxx /misc/dn61/LocalWOK/wok_entities/LOC/dev/CR0-OCCT691-7-CR0-OCCT691-occt-64/inc/IGESDimen_ToolCenterLine.hxx
+M IGESDimen:privinclude:IGESDimen_ToolCenterLine.jxx /misc/dn61/LocalWOK/wok_entities/LOC/dev/CR0-OCCT691-7-CR0-OCCT691-occt-64/drv/IGESDimen/IGESDimen_ToolCenterLine.jxx
+M IGESDimen:privinclude:IGESDimen_ToolCenterLine.ixx /misc/dn61/LocalWOK/wok_entities/LOC/dev/CR0-OCCT691-7-CR0-OCCT691-occt-64/drv/IGESDimen/IGESDimen_ToolCenterLine.ixx
+M IGESDimen:pubinclude:IGESDimen_ToolSection.hxx /misc/dn61/LocalWOK/wok_entities/LOC/dev/CR0-OCCT691-7-CR0-OCCT691-occt-64/inc/IGESDimen_ToolSection.hxx
+M IGESDimen:privinclude:IGESDimen_ToolSection.jxx /misc/dn61/LocalWOK/wok_entities/LOC/dev/CR0-OCCT691-7-CR0-OCCT691-occt-64/drv/IGESDimen/IGESDimen_ToolSection.jxx
+M IGESDimen:privinclude:IGESDimen_ToolSection.ixx /misc/dn61/LocalWOK/wok_entities/LOC/dev/CR0-OCCT691-7-CR0-OCCT691-occt-64/drv/IGESDimen/IGESDimen_ToolSection.ixx
+M IGESDimen:pubinclude:IGESDimen_ToolWitnessLine.hxx /misc/dn61/LocalWOK/wok_entities/LOC/dev/CR0-OCCT691-7-CR0-OCCT691-occt-64/inc/IGESDimen_ToolWitnessLine.hxx
+M IGESDimen:privinclude:IGESDimen_ToolWitnessLine.jxx /misc/dn61/LocalWOK/wok_entities/LOC/dev/CR0-OCCT691-7-CR0-OCCT691-occt-64/drv/IGESDimen/IGESDimen_ToolWitnessLine.jxx
+M IGESDimen:privinclude:IGESDimen_ToolWitnessLine.ixx /misc/dn61/LocalWOK/wok_entities/LOC/dev/CR0-OCCT691-7-CR0-OCCT691-occt-64/drv/IGESDimen/IGESDimen_ToolWitnessLine.ixx
+M IGESDimen:pubinclude:IGESDimen_ToolAngularDimension.hxx /misc/dn61/LocalWOK/wok_entities/LOC/dev/CR0-OCCT691-7-CR0-OCCT691-occt-64/inc/IGESDimen_ToolAngularDimension.hxx
+M IGESDimen:privinclude:IGESDimen_ToolAngularDimension.jxx /misc/dn61/LocalWOK/wok_entities/LOC/dev/CR0-OCCT691-7-CR0-OCCT691-occt-64/drv/IGESDimen/IGESDimen_ToolAngularDimension.jxx
+M IGESDimen:privinclude:IGESDimen_ToolAngularDimension.ixx /misc/dn61/LocalWOK/wok_entities/LOC/dev/CR0-OCCT691-7-CR0-OCCT691-occt-64/drv/IGESDimen/IGESDimen_ToolAngularDimension.ixx
+M IGESDimen:pubinclude:IGESDimen_ToolCurveDimension.hxx /misc/dn61/LocalWOK/wok_entities/LOC/dev/CR0-OCCT691-7-CR0-OCCT691-occt-64/inc/IGESDimen_ToolCurveDimension.hxx
+M IGESDimen:privinclude:IGESDimen_ToolCurveDimension.jxx /misc/dn61/LocalWOK/wok_entities/LOC/dev/CR0-OCCT691-7-CR0-OCCT691-occt-64/drv/IGESDimen/IGESDimen_ToolCurveDimension.jxx
+M IGESDimen:privinclude:IGESDimen_ToolCurveDimension.ixx /misc/dn61/LocalWOK/wok_entities/LOC/dev/CR0-OCCT691-7-CR0-OCCT691-occt-64/drv/IGESDimen/IGESDimen_ToolCurveDimension.ixx
+M IGESDimen:pubinclude:IGESDimen_ToolDiameterDimension.hxx /misc/dn61/LocalWOK/wok_entities/LOC/dev/CR0-OCCT691-7-CR0-OCCT691-occt-64/inc/IGESDimen_ToolDiameterDimension.hxx
+M IGESDimen:privinclude:IGESDimen_ToolDiameterDimension.jxx /misc/dn61/LocalWOK/wok_entities/LOC/dev/CR0-OCCT691-7-CR0-OCCT691-occt-64/drv/IGESDimen/IGESDimen_ToolDiameterDimension.jxx
+M IGESDimen:privinclude:IGESDimen_ToolDiameterDimension.ixx /misc/dn61/LocalWOK/wok_entities/LOC/dev/CR0-OCCT691-7-CR0-OCCT691-occt-64/drv/IGESDimen/IGESDimen_ToolDiameterDimension.ixx
+M IGESDimen:pubinclude:IGESDimen_ToolFlagNote.hxx /misc/dn61/LocalWOK/wok_entities/LOC/dev/CR0-OCCT691-7-CR0-OCCT691-occt-64/inc/IGESDimen_ToolFlagNote.hxx
+M IGESDimen:privinclude:IGESDimen_ToolFlagNote.jxx /misc/dn61/LocalWOK/wok_entities/LOC/dev/CR0-OCCT691-7-CR0-OCCT691-occt-64/drv/IGESDimen/IGESDimen_ToolFlagNote.jxx
+M IGESDimen:privinclude:IGESDimen_ToolFlagNote.ixx /misc/dn61/LocalWOK/wok_entities/LOC/dev/CR0-OCCT691-7-CR0-OCCT691-occt-64/drv/IGESDimen/IGESDimen_ToolFlagNote.ixx
+M IGESDimen:pubinclude:IGESDimen_ToolGeneralLabel.hxx /misc/dn61/LocalWOK/wok_entities/LOC/dev/CR0-OCCT691-7-CR0-OCCT691-occt-64/inc/IGESDimen_ToolGeneralLabel.hxx
+M IGESDimen:privinclude:IGESDimen_ToolGeneralLabel.jxx /misc/dn61/LocalWOK/wok_entities/LOC/dev/CR0-OCCT691-7-CR0-OCCT691-occt-64/drv/IGESDimen/IGESDimen_ToolGeneralLabel.jxx
+M IGESDimen:privinclude:IGESDimen_ToolGeneralLabel.ixx /misc/dn61/LocalWOK/wok_entities/LOC/dev/CR0-OCCT691-7-CR0-OCCT691-occt-64/drv/IGESDimen/IGESDimen_ToolGeneralLabel.ixx
+M IGESDimen:pubinclude:IGESDimen_ToolGeneralNote.hxx /misc/dn61/LocalWOK/wok_entities/LOC/dev/CR0-OCCT691-7-CR0-OCCT691-occt-64/inc/IGESDimen_ToolGeneralNote.hxx
+M IGESDimen:privinclude:IGESDimen_ToolGeneralNote.jxx /misc/dn61/LocalWOK/wok_entities/LOC/dev/CR0-OCCT691-7-CR0-OCCT691-occt-64/drv/IGESDimen/IGESDimen_ToolGeneralNote.jxx
+M IGESDimen:privinclude:IGESDimen_ToolGeneralNote.ixx /misc/dn61/LocalWOK/wok_entities/LOC/dev/CR0-OCCT691-7-CR0-OCCT691-occt-64/drv/IGESDimen/IGESDimen_ToolGeneralNote.ixx
+M IGESDimen:pubinclude:IGESDimen_ToolNewGeneralNote.hxx /misc/dn61/LocalWOK/wok_entities/LOC/dev/CR0-OCCT691-7-CR0-OCCT691-occt-64/inc/IGESDimen_ToolNewGeneralNote.hxx
+M IGESDimen:privinclude:IGESDimen_ToolNewGeneralNote.jxx /misc/dn61/LocalWOK/wok_entities/LOC/dev/CR0-OCCT691-7-CR0-OCCT691-occt-64/drv/IGESDimen/IGESDimen_ToolNewGeneralNote.jxx
+M IGESDimen:privinclude:IGESDimen_ToolNewGeneralNote.ixx /misc/dn61/LocalWOK/wok_entities/LOC/dev/CR0-OCCT691-7-CR0-OCCT691-occt-64/drv/IGESDimen/IGESDimen_ToolNewGeneralNote.ixx
+M IGESDimen:pubinclude:IGESDimen_ToolLeaderArrow.hxx /misc/dn61/LocalWOK/wok_entities/LOC/dev/CR0-OCCT691-7-CR0-OCCT691-occt-64/inc/IGESDimen_ToolLeaderArrow.hxx
+M IGESDimen:privinclude:IGESDimen_ToolLeaderArrow.jxx /misc/dn61/LocalWOK/wok_entities/LOC/dev/CR0-OCCT691-7-CR0-OCCT691-occt-64/drv/IGESDimen/IGESDimen_ToolLeaderArrow.jxx
+M IGESDimen:privinclude:IGESDimen_ToolLeaderArrow.ixx /misc/dn61/LocalWOK/wok_entities/LOC/dev/CR0-OCCT691-7-CR0-OCCT691-occt-64/drv/IGESDimen/IGESDimen_ToolLeaderArrow.ixx
+M IGESDimen:pubinclude:IGESDimen_ToolLinearDimension.hxx /misc/dn61/LocalWOK/wok_entities/LOC/dev/CR0-OCCT691-7-CR0-OCCT691-occt-64/inc/IGESDimen_ToolLinearDimension.hxx
+M IGESDimen:privinclude:IGESDimen_ToolLinearDimension.jxx /misc/dn61/LocalWOK/wok_entities/LOC/dev/CR0-OCCT691-7-CR0-OCCT691-occt-64/drv/IGESDimen/IGESDimen_ToolLinearDimension.jxx
+M IGESDimen:privinclude:IGESDimen_ToolLinearDimension.ixx /misc/dn61/LocalWOK/wok_entities/LOC/dev/CR0-OCCT691-7-CR0-OCCT691-occt-64/drv/IGESDimen/IGESDimen_ToolLinearDimension.ixx
+M IGESDimen:pubinclude:IGESDimen_ToolOrdinateDimension.hxx /misc/dn61/LocalWOK/wok_entities/LOC/dev/CR0-OCCT691-7-CR0-OCCT691-occt-64/inc/IGESDimen_ToolOrdinateDimension.hxx
+M IGESDimen:privinclude:IGESDimen_ToolOrdinateDimension.jxx /misc/dn61/LocalWOK/wok_entities/LOC/dev/CR0-OCCT691-7-CR0-OCCT691-occt-64/drv/IGESDimen/IGESDimen_ToolOrdinateDimension.jxx
+M IGESDimen:privinclude:IGESDimen_ToolOrdinateDimension.ixx /misc/dn61/LocalWOK/wok_entities/LOC/dev/CR0-OCCT691-7-CR0-OCCT691-occt-64/drv/IGESDimen/IGESDimen_ToolOrdinateDimension.ixx
+M IGESDimen:pubinclude:IGESDimen_ToolPointDimension.hxx /misc/dn61/LocalWOK/wok_entities/LOC/dev/CR0-OCCT691-7-CR0-OCCT691-occt-64/inc/IGESDimen_ToolPointDimension.hxx
+M IGESDimen:privinclude:IGESDimen_ToolPointDimension.jxx /misc/dn61/LocalWOK/wok_entities/LOC/dev/CR0-OCCT691-7-CR0-OCCT691-occt-64/drv/IGESDimen/IGESDimen_ToolPointDimension.jxx
+M IGESDimen:privinclude:IGESDimen_ToolPointDimension.ixx /misc/dn61/LocalWOK/wok_entities/LOC/dev/CR0-OCCT691-7-CR0-OCCT691-occt-64/drv/IGESDimen/IGESDimen_ToolPointDimension.ixx
+M IGESDimen:pubinclude:IGESDimen_ToolRadiusDimension.hxx /misc/dn61/LocalWOK/wok_entities/LOC/dev/CR0-OCCT691-7-CR0-OCCT691-occt-64/inc/IGESDimen_ToolRadiusDimension.hxx
+M IGESDimen:privinclude:IGESDimen_ToolRadiusDimension.jxx /misc/dn61/LocalWOK/wok_entities/LOC/dev/CR0-OCCT691-7-CR0-OCCT691-occt-64/drv/IGESDimen/IGESDimen_ToolRadiusDimension.jxx
+M IGESDimen:privinclude:IGESDimen_ToolRadiusDimension.ixx /misc/dn61/LocalWOK/wok_entities/LOC/dev/CR0-OCCT691-7-CR0-OCCT691-occt-64/drv/IGESDimen/IGESDimen_ToolRadiusDimension.ixx
+M IGESDimen:pubinclude:IGESDimen_ToolGeneralSymbol.hxx /misc/dn61/LocalWOK/wok_entities/LOC/dev/CR0-OCCT691-7-CR0-OCCT691-occt-64/inc/IGESDimen_ToolGeneralSymbol.hxx
+M IGESDimen:privinclude:IGESDimen_ToolGeneralSymbol.jxx /misc/dn61/LocalWOK/wok_entities/LOC/dev/CR0-OCCT691-7-CR0-OCCT691-occt-64/drv/IGESDimen/IGESDimen_ToolGeneralSymbol.jxx
+M IGESDimen:privinclude:IGESDimen_ToolGeneralSymbol.ixx /misc/dn61/LocalWOK/wok_entities/LOC/dev/CR0-OCCT691-7-CR0-OCCT691-occt-64/drv/IGESDimen/IGESDimen_ToolGeneralSymbol.ixx
+M IGESDimen:pubinclude:IGESDimen_ToolSectionedArea.hxx /misc/dn61/LocalWOK/wok_entities/LOC/dev/CR0-OCCT691-7-CR0-OCCT691-occt-64/inc/IGESDimen_ToolSectionedArea.hxx
+M IGESDimen:privinclude:IGESDimen_ToolSectionedArea.jxx /misc/dn61/LocalWOK/wok_entities/LOC/dev/CR0-OCCT691-7-CR0-OCCT691-occt-64/drv/IGESDimen/IGESDimen_ToolSectionedArea.jxx
+M IGESDimen:privinclude:IGESDimen_ToolSectionedArea.ixx /misc/dn61/LocalWOK/wok_entities/LOC/dev/CR0-OCCT691-7-CR0-OCCT691-occt-64/drv/IGESDimen/IGESDimen_ToolSectionedArea.ixx
+M IGESDimen:pubinclude:IGESDimen_ToolDimensionedGeometry.hxx /misc/dn61/LocalWOK/wok_entities/LOC/dev/CR0-OCCT691-7-CR0-OCCT691-occt-64/inc/IGESDimen_ToolDimensionedGeometry.hxx
+M IGESDimen:privinclude:IGESDimen_ToolDimensionedGeometry.jxx /misc/dn61/LocalWOK/wok_entities/LOC/dev/CR0-OCCT691-7-CR0-OCCT691-occt-64/drv/IGESDimen/IGESDimen_ToolDimensionedGeometry.jxx
+M IGESDimen:privinclude:IGESDimen_ToolDimensionedGeometry.ixx /misc/dn61/LocalWOK/wok_entities/LOC/dev/CR0-OCCT691-7-CR0-OCCT691-occt-64/drv/IGESDimen/IGESDimen_ToolDimensionedGeometry.ixx
+M IGESDimen:pubinclude:IGESDimen_ToolNewDimensionedGeometry.hxx /misc/dn61/LocalWOK/wok_entities/LOC/dev/CR0-OCCT691-7-CR0-OCCT691-occt-64/inc/IGESDimen_ToolNewDimensionedGeometry.hxx
+M IGESDimen:privinclude:IGESDimen_ToolNewDimensionedGeometry.jxx /misc/dn61/LocalWOK/wok_entities/LOC/dev/CR0-OCCT691-7-CR0-OCCT691-occt-64/drv/IGESDimen/IGESDimen_ToolNewDimensionedGeometry.jxx
+M IGESDimen:privinclude:IGESDimen_ToolNewDimensionedGeometry.ixx /misc/dn61/LocalWOK/wok_entities/LOC/dev/CR0-OCCT691-7-CR0-OCCT691-occt-64/drv/IGESDimen/IGESDimen_ToolNewDimensionedGeometry.ixx
+M IGESDimen:pubinclude:IGESDimen_ToolDimensionUnits.hxx /misc/dn61/LocalWOK/wok_entities/LOC/dev/CR0-OCCT691-7-CR0-OCCT691-occt-64/inc/IGESDimen_ToolDimensionUnits.hxx
+M IGESDimen:privinclude:IGESDimen_ToolDimensionUnits.jxx /misc/dn61/LocalWOK/wok_entities/LOC/dev/CR0-OCCT691-7-CR0-OCCT691-occt-64/drv/IGESDimen/IGESDimen_ToolDimensionUnits.jxx
+M IGESDimen:privinclude:IGESDimen_ToolDimensionUnits.ixx /misc/dn61/LocalWOK/wok_entities/LOC/dev/CR0-OCCT691-7-CR0-OCCT691-occt-64/drv/IGESDimen/IGESDimen_ToolDimensionUnits.ixx
+M IGESDimen:pubinclude:IGESDimen_ToolDimensionTolerance.hxx /misc/dn61/LocalWOK/wok_entities/LOC/dev/CR0-OCCT691-7-CR0-OCCT691-occt-64/inc/IGESDimen_ToolDimensionTolerance.hxx
+M IGESDimen:privinclude:IGESDimen_ToolDimensionTolerance.jxx /misc/dn61/LocalWOK/wok_entities/LOC/dev/CR0-OCCT691-7-CR0-OCCT691-occt-64/drv/IGESDimen/IGESDimen_ToolDimensionTolerance.jxx
+M IGESDimen:privinclude:IGESDimen_ToolDimensionTolerance.ixx /misc/dn61/LocalWOK/wok_entities/LOC/dev/CR0-OCCT691-7-CR0-OCCT691-occt-64/drv/IGESDimen/IGESDimen_ToolDimensionTolerance.ixx
+M IGESDimen:pubinclude:IGESDimen_ToolDimensionDisplayData.hxx /misc/dn61/LocalWOK/wok_entities/LOC/dev/CR0-OCCT691-7-CR0-OCCT691-occt-64/inc/IGESDimen_ToolDimensionDisplayData.hxx
+M IGESDimen:privinclude:IGESDimen_ToolDimensionDisplayData.jxx /misc/dn61/LocalWOK/wok_entities/LOC/dev/CR0-OCCT691-7-CR0-OCCT691-occt-64/drv/IGESDimen/IGESDimen_ToolDimensionDisplayData.jxx
+M IGESDimen:privinclude:IGESDimen_ToolDimensionDisplayData.ixx /misc/dn61/LocalWOK/wok_entities/LOC/dev/CR0-OCCT691-7-CR0-OCCT691-occt-64/drv/IGESDimen/IGESDimen_ToolDimensionDisplayData.ixx
+M IGESDimen:pubinclude:IGESDimen_ToolBasicDimension.hxx /misc/dn61/LocalWOK/wok_entities/LOC/dev/CR0-OCCT691-7-CR0-OCCT691-occt-64/inc/IGESDimen_ToolBasicDimension.hxx
+M IGESDimen:privinclude:IGESDimen_ToolBasicDimension.jxx /misc/dn61/LocalWOK/wok_entities/LOC/dev/CR0-OCCT691-7-CR0-OCCT691-occt-64/drv/IGESDimen/IGESDimen_ToolBasicDimension.jxx
+M IGESDimen:privinclude:IGESDimen_ToolBasicDimension.ixx /misc/dn61/LocalWOK/wok_entities/LOC/dev/CR0-OCCT691-7-CR0-OCCT691-occt-64/drv/IGESDimen/IGESDimen_ToolBasicDimension.ixx
+M IGESDimen:pubinclude:Handle_IGESDimen_Protocol.hxx /misc/dn61/LocalWOK/wok_entities/LOC/dev/CR0-OCCT691-7-CR0-OCCT691-occt-64/inc/Handle_IGESDimen_Protocol.hxx
+M IGESDimen:pubinclude:IGESDimen_Protocol.hxx /misc/dn61/LocalWOK/wok_entities/LOC/dev/CR0-OCCT691-7-CR0-OCCT691-occt-64/inc/IGESDimen_Protocol.hxx
+M IGESDimen:privinclude:IGESDimen_Protocol.jxx /misc/dn61/LocalWOK/wok_entities/LOC/dev/CR0-OCCT691-7-CR0-OCCT691-occt-64/drv/IGESDimen/IGESDimen_Protocol.jxx
+M IGESDimen:privinclude:IGESDimen_Protocol.ixx /misc/dn61/LocalWOK/wok_entities/LOC/dev/CR0-OCCT691-7-CR0-OCCT691-occt-64/drv/IGESDimen/IGESDimen_Protocol.ixx
+M IGESDimen:pubinclude:Handle_IGESDimen_ReadWriteModule.hxx /misc/dn61/LocalWOK/wok_entities/LOC/dev/CR0-OCCT691-7-CR0-OCCT691-occt-64/inc/Handle_IGESDimen_ReadWriteModule.hxx
+M IGESDimen:pubinclude:IGESDimen_ReadWriteModule.hxx /misc/dn61/LocalWOK/wok_entities/LOC/dev/CR0-OCCT691-7-CR0-OCCT691-occt-64/inc/IGESDimen_ReadWriteModule.hxx
+M IGESDimen:privinclude:IGESDimen_ReadWriteModule.jxx /misc/dn61/LocalWOK/wok_entities/LOC/dev/CR0-OCCT691-7-CR0-OCCT691-occt-64/drv/IGESDimen/IGESDimen_ReadWriteModule.jxx
+M IGESDimen:privinclude:IGESDimen_ReadWriteModule.ixx /misc/dn61/LocalWOK/wok_entities/LOC/dev/CR0-OCCT691-7-CR0-OCCT691-occt-64/drv/IGESDimen/IGESDimen_ReadWriteModule.ixx
+M IGESDimen:pubinclude:Handle_IGESDimen_GeneralModule.hxx /misc/dn61/LocalWOK/wok_entities/LOC/dev/CR0-OCCT691-7-CR0-OCCT691-occt-64/inc/Handle_IGESDimen_GeneralModule.hxx
+M IGESDimen:pubinclude:IGESDimen_GeneralModule.hxx /misc/dn61/LocalWOK/wok_entities/LOC/dev/CR0-OCCT691-7-CR0-OCCT691-occt-64/inc/IGESDimen_GeneralModule.hxx
+M IGESDimen:privinclude:IGESDimen_GeneralModule.jxx /misc/dn61/LocalWOK/wok_entities/LOC/dev/CR0-OCCT691-7-CR0-OCCT691-occt-64/drv/IGESDimen/IGESDimen_GeneralModule.jxx
+M IGESDimen:privinclude:IGESDimen_GeneralModule.ixx /misc/dn61/LocalWOK/wok_entities/LOC/dev/CR0-OCCT691-7-CR0-OCCT691-occt-64/drv/IGESDimen/IGESDimen_GeneralModule.ixx
+M IGESDimen:pubinclude:Handle_IGESDimen_SpecificModule.hxx /misc/dn61/LocalWOK/wok_entities/LOC/dev/CR0-OCCT691-7-CR0-OCCT691-occt-64/inc/Handle_IGESDimen_SpecificModule.hxx
+M IGESDimen:pubinclude:IGESDimen_SpecificModule.hxx /misc/dn61/LocalWOK/wok_entities/LOC/dev/CR0-OCCT691-7-CR0-OCCT691-occt-64/inc/IGESDimen_SpecificModule.hxx
+M IGESDimen:privinclude:IGESDimen_SpecificModule.jxx /misc/dn61/LocalWOK/wok_entities/LOC/dev/CR0-OCCT691-7-CR0-OCCT691-occt-64/drv/IGESDimen/IGESDimen_SpecificModule.jxx
+M IGESDimen:privinclude:IGESDimen_SpecificModule.ixx /misc/dn61/LocalWOK/wok_entities/LOC/dev/CR0-OCCT691-7-CR0-OCCT691-occt-64/drv/IGESDimen/IGESDimen_SpecificModule.ixx
+M IGESDimen:pubinclude:IGESDimen_Array1OfLeaderArrow.hxx /misc/dn61/LocalWOK/wok_entities/LOC/dev/CR0-OCCT691-7-CR0-OCCT691-occt-64/inc/IGESDimen_Array1OfLeaderArrow.hxx
+M IGESDimen:derivated:IGESDimen_Array1OfLeaderArrow_0.cxx /misc/dn61/LocalWOK/wok_entities/LOC/dev/CR0-OCCT691-7-CR0-OCCT691-occt-64/drv/IGESDimen/IGESDimen_Array1OfLeaderArrow_0.cxx
+M IGESDimen:pubinclude:IGESDimen_Array1OfGeneralNote.hxx /misc/dn61/LocalWOK/wok_entities/LOC/dev/CR0-OCCT691-7-CR0-OCCT691-occt-64/inc/IGESDimen_Array1OfGeneralNote.hxx
+M IGESDimen:derivated:IGESDimen_Array1OfGeneralNote_0.cxx /misc/dn61/LocalWOK/wok_entities/LOC/dev/CR0-OCCT691-7-CR0-OCCT691-occt-64/drv/IGESDimen/IGESDimen_Array1OfGeneralNote_0.cxx
+M IGESDimen:pubinclude:Handle_IGESDimen_HArray1OfLeaderArrow.hxx /misc/dn61/LocalWOK/wok_entities/LOC/dev/CR0-OCCT691-7-CR0-OCCT691-occt-64/inc/Handle_IGESDimen_HArray1OfLeaderArrow.hxx
+M IGESDimen:pubinclude:IGESDimen_HArray1OfLeaderArrow.hxx /misc/dn61/LocalWOK/wok_entities/LOC/dev/CR0-OCCT691-7-CR0-OCCT691-occt-64/inc/IGESDimen_HArray1OfLeaderArrow.hxx
+M IGESDimen:derivated:IGESDimen_HArray1OfLeaderArrow_0.cxx /misc/dn61/LocalWOK/wok_entities/LOC/dev/CR0-OCCT691-7-CR0-OCCT691-occt-64/drv/IGESDimen/IGESDimen_HArray1OfLeaderArrow_0.cxx
+M IGESDimen:pubinclude:Handle_IGESDimen_HArray1OfGeneralNote.hxx /misc/dn61/LocalWOK/wok_entities/LOC/dev/CR0-OCCT691-7-CR0-OCCT691-occt-64/inc/Handle_IGESDimen_HArray1OfGeneralNote.hxx
+M IGESDimen:pubinclude:IGESDimen_HArray1OfGeneralNote.hxx /misc/dn61/LocalWOK/wok_entities/LOC/dev/CR0-OCCT691-7-CR0-OCCT691-occt-64/inc/IGESDimen_HArray1OfGeneralNote.hxx
+M IGESDimen:derivated:IGESDimen_HArray1OfGeneralNote_0.cxx /misc/dn61/LocalWOK/wok_entities/LOC/dev/CR0-OCCT691-7-CR0-OCCT691-occt-64/drv/IGESDimen/IGESDimen_HArray1OfGeneralNote_0.cxx
+M IGESDimen:dbadmfile:IGESDimen_xcpp_header.In /misc/dn61/LocalWOK/wok_entities/LOC/dev/CR0-OCCT691-7-CR0-OCCT691-occt-64/drv/IGESDimen/.adm/IGESDimen_xcpp_header.In
+M IGESDimen:dbadmfile:IGESDimen_xcpp_header.Out /misc/dn61/LocalWOK/wok_entities/LOC/dev/CR0-OCCT691-7-CR0-OCCT691-occt-64/drv/IGESDimen/.adm/IGESDimen_xcpp_header.Out
+M IGESDimen:dbadmfile:IGESDimen_xcpp_header.Dep /misc/dn61/LocalWOK/wok_entities/LOC/dev/CR0-OCCT691-7-CR0-OCCT691-occt-64/drv/IGESDimen/.adm/IGESDimen_xcpp_header.Dep
