+M AdvApp2Var:pubinclude:AdvApp2Var_ApproxAFunc2Var.hxx /misc/dn61/LocalWOK/wok_entities/LOC/dev/CR0-OCCT691-7-CR0-OCCT691-occt-64/inc/AdvApp2Var_ApproxAFunc2Var.hxx
+M AdvApp2Var:privinclude:AdvApp2Var_ApproxAFunc2Var.jxx /misc/dn61/LocalWOK/wok_entities/LOC/dev/CR0-OCCT691-7-CR0-OCCT691-occt-64/drv/AdvApp2Var/AdvApp2Var_ApproxAFunc2Var.jxx
+M AdvApp2Var:privinclude:AdvApp2Var_ApproxAFunc2Var.ixx /misc/dn61/LocalWOK/wok_entities/LOC/dev/CR0-OCCT691-7-CR0-OCCT691-occt-64/drv/AdvApp2Var/AdvApp2Var_ApproxAFunc2Var.ixx
+M AdvApp2Var:pubinclude:AdvApp2Var_Criterion.hxx /misc/dn61/LocalWOK/wok_entities/LOC/dev/CR0-OCCT691-7-CR0-OCCT691-occt-64/inc/AdvApp2Var_Criterion.hxx
+M AdvApp2Var:privinclude:AdvApp2Var_Criterion.jxx /misc/dn61/LocalWOK/wok_entities/LOC/dev/CR0-OCCT691-7-CR0-OCCT691-occt-64/drv/AdvApp2Var/AdvApp2Var_Criterion.jxx
+M AdvApp2Var:privinclude:AdvApp2Var_Criterion.ixx /misc/dn61/LocalWOK/wok_entities/LOC/dev/CR0-OCCT691-7-CR0-OCCT691-occt-64/drv/AdvApp2Var/AdvApp2Var_Criterion.ixx
+M AdvApp2Var:pubinclude:AdvApp2Var_Context.hxx /misc/dn61/LocalWOK/wok_entities/LOC/dev/CR0-OCCT691-7-CR0-OCCT691-occt-64/inc/AdvApp2Var_Context.hxx
+M AdvApp2Var:privinclude:AdvApp2Var_Context.jxx /misc/dn61/LocalWOK/wok_entities/LOC/dev/CR0-OCCT691-7-CR0-OCCT691-occt-64/drv/AdvApp2Var/AdvApp2Var_Context.jxx
+M AdvApp2Var:privinclude:AdvApp2Var_Context.ixx /misc/dn61/LocalWOK/wok_entities/LOC/dev/CR0-OCCT691-7-CR0-OCCT691-occt-64/drv/AdvApp2Var/AdvApp2Var_Context.ixx
+M AdvApp2Var:pubinclude:AdvApp2Var_Node.hxx /misc/dn61/LocalWOK/wok_entities/LOC/dev/CR0-OCCT691-7-CR0-OCCT691-occt-64/inc/AdvApp2Var_Node.hxx
+M AdvApp2Var:privinclude:AdvApp2Var_Node.jxx /misc/dn61/LocalWOK/wok_entities/LOC/dev/CR0-OCCT691-7-CR0-OCCT691-occt-64/drv/AdvApp2Var/AdvApp2Var_Node.jxx
+M AdvApp2Var:privinclude:AdvApp2Var_Node.ixx /misc/dn61/LocalWOK/wok_entities/LOC/dev/CR0-OCCT691-7-CR0-OCCT691-occt-64/drv/AdvApp2Var/AdvApp2Var_Node.ixx
+M AdvApp2Var:pubinclude:AdvApp2Var_Iso.hxx /misc/dn61/LocalWOK/wok_entities/LOC/dev/CR0-OCCT691-7-CR0-OCCT691-occt-64/inc/AdvApp2Var_Iso.hxx
+M AdvApp2Var:privinclude:AdvApp2Var_Iso.jxx /misc/dn61/LocalWOK/wok_entities/LOC/dev/CR0-OCCT691-7-CR0-OCCT691-occt-64/drv/AdvApp2Var/AdvApp2Var_Iso.jxx
+M AdvApp2Var:privinclude:AdvApp2Var_Iso.ixx /misc/dn61/LocalWOK/wok_entities/LOC/dev/CR0-OCCT691-7-CR0-OCCT691-occt-64/drv/AdvApp2Var/AdvApp2Var_Iso.ixx
+M AdvApp2Var:pubinclude:AdvApp2Var_Patch.hxx /misc/dn61/LocalWOK/wok_entities/LOC/dev/CR0-OCCT691-7-CR0-OCCT691-occt-64/inc/AdvApp2Var_Patch.hxx
+M AdvApp2Var:privinclude:AdvApp2Var_Patch.jxx /misc/dn61/LocalWOK/wok_entities/LOC/dev/CR0-OCCT691-7-CR0-OCCT691-occt-64/drv/AdvApp2Var/AdvApp2Var_Patch.jxx
+M AdvApp2Var:privinclude:AdvApp2Var_Patch.ixx /misc/dn61/LocalWOK/wok_entities/LOC/dev/CR0-OCCT691-7-CR0-OCCT691-occt-64/drv/AdvApp2Var/AdvApp2Var_Patch.ixx
+M AdvApp2Var:pubinclude:AdvApp2Var_Strip.hxx /misc/dn61/LocalWOK/wok_entities/LOC/dev/CR0-OCCT691-7-CR0-OCCT691-occt-64/inc/AdvApp2Var_Strip.hxx
+M AdvApp2Var:derivated:AdvApp2Var_Strip_0.cxx /misc/dn61/LocalWOK/wok_entities/LOC/dev/CR0-OCCT691-7-CR0-OCCT691-occt-64/drv/AdvApp2Var/AdvApp2Var_Strip_0.cxx
+M AdvApp2Var:pubinclude:AdvApp2Var_SequenceOfNode.hxx /misc/dn61/LocalWOK/wok_entities/LOC/dev/CR0-OCCT691-7-CR0-OCCT691-occt-64/inc/AdvApp2Var_SequenceOfNode.hxx
+M AdvApp2Var:derivated:AdvApp2Var_SequenceOfNode_0.cxx /misc/dn61/LocalWOK/wok_entities/LOC/dev/CR0-OCCT691-7-CR0-OCCT691-occt-64/drv/AdvApp2Var/AdvApp2Var_SequenceOfNode_0.cxx
+M AdvApp2Var:pubinclude:AdvApp2Var_SequenceOfPatch.hxx /misc/dn61/LocalWOK/wok_entities/LOC/dev/CR0-OCCT691-7-CR0-OCCT691-occt-64/inc/AdvApp2Var_SequenceOfPatch.hxx
+M AdvApp2Var:derivated:AdvApp2Var_SequenceOfPatch_0.cxx /misc/dn61/LocalWOK/wok_entities/LOC/dev/CR0-OCCT691-7-CR0-OCCT691-occt-64/drv/AdvApp2Var/AdvApp2Var_SequenceOfPatch_0.cxx
+M AdvApp2Var:pubinclude:AdvApp2Var_SequenceOfStrip.hxx /misc/dn61/LocalWOK/wok_entities/LOC/dev/CR0-OCCT691-7-CR0-OCCT691-occt-64/inc/AdvApp2Var_SequenceOfStrip.hxx
+M AdvApp2Var:derivated:AdvApp2Var_SequenceOfStrip_0.cxx /misc/dn61/LocalWOK/wok_entities/LOC/dev/CR0-OCCT691-7-CR0-OCCT691-occt-64/drv/AdvApp2Var/AdvApp2Var_SequenceOfStrip_0.cxx
+M AdvApp2Var:pubinclude:AdvApp2Var_Network.hxx /misc/dn61/LocalWOK/wok_entities/LOC/dev/CR0-OCCT691-7-CR0-OCCT691-occt-64/inc/AdvApp2Var_Network.hxx
+M AdvApp2Var:privinclude:AdvApp2Var_Network.jxx /misc/dn61/LocalWOK/wok_entities/LOC/dev/CR0-OCCT691-7-CR0-OCCT691-occt-64/drv/AdvApp2Var/AdvApp2Var_Network.jxx
+M AdvApp2Var:privinclude:AdvApp2Var_Network.ixx /misc/dn61/LocalWOK/wok_entities/LOC/dev/CR0-OCCT691-7-CR0-OCCT691-occt-64/drv/AdvApp2Var/AdvApp2Var_Network.ixx
+M AdvApp2Var:pubinclude:AdvApp2Var_Framework.hxx /misc/dn61/LocalWOK/wok_entities/LOC/dev/CR0-OCCT691-7-CR0-OCCT691-occt-64/inc/AdvApp2Var_Framework.hxx
+M AdvApp2Var:privinclude:AdvApp2Var_Framework.jxx /misc/dn61/LocalWOK/wok_entities/LOC/dev/CR0-OCCT691-7-CR0-OCCT691-occt-64/drv/AdvApp2Var/AdvApp2Var_Framework.jxx
+M AdvApp2Var:privinclude:AdvApp2Var_Framework.ixx /misc/dn61/LocalWOK/wok_entities/LOC/dev/CR0-OCCT691-7-CR0-OCCT691-occt-64/drv/AdvApp2Var/AdvApp2Var_Framework.ixx
+M AdvApp2Var:pubinclude:Handle_AdvApp2Var_SequenceNodeOfStrip.hxx /misc/dn61/LocalWOK/wok_entities/LOC/dev/CR0-OCCT691-7-CR0-OCCT691-occt-64/inc/Handle_AdvApp2Var_SequenceNodeOfStrip.hxx
+M AdvApp2Var:pubinclude:AdvApp2Var_SequenceNodeOfStrip.hxx /misc/dn61/LocalWOK/wok_entities/LOC/dev/CR0-OCCT691-7-CR0-OCCT691-occt-64/inc/AdvApp2Var_SequenceNodeOfStrip.hxx
+M AdvApp2Var:derivated:AdvApp2Var_SequenceNodeOfStrip_0.cxx /misc/dn61/LocalWOK/wok_entities/LOC/dev/CR0-OCCT691-7-CR0-OCCT691-occt-64/drv/AdvApp2Var/AdvApp2Var_SequenceNodeOfStrip_0.cxx
+M AdvApp2Var:pubinclude:Handle_AdvApp2Var_SequenceNodeOfSequenceOfNode.hxx /misc/dn61/LocalWOK/wok_entities/LOC/dev/CR0-OCCT691-7-CR0-OCCT691-occt-64/inc/Handle_AdvApp2Var_SequenceNodeOfSequenceOfNode.hxx
+M AdvApp2Var:pubinclude:AdvApp2Var_SequenceNodeOfSequenceOfNode.hxx /misc/dn61/LocalWOK/wok_entities/LOC/dev/CR0-OCCT691-7-CR0-OCCT691-occt-64/inc/AdvApp2Var_SequenceNodeOfSequenceOfNode.hxx
+M AdvApp2Var:derivated:AdvApp2Var_SequenceNodeOfSequenceOfNode_0.cxx /misc/dn61/LocalWOK/wok_entities/LOC/dev/CR0-OCCT691-7-CR0-OCCT691-occt-64/drv/AdvApp2Var/AdvApp2Var_SequenceNodeOfSequenceOfNode_0.cxx
+M AdvApp2Var:pubinclude:Handle_AdvApp2Var_SequenceNodeOfSequenceOfPatch.hxx /misc/dn61/LocalWOK/wok_entities/LOC/dev/CR0-OCCT691-7-CR0-OCCT691-occt-64/inc/Handle_AdvApp2Var_SequenceNodeOfSequenceOfPatch.hxx
+M AdvApp2Var:pubinclude:AdvApp2Var_SequenceNodeOfSequenceOfPatch.hxx /misc/dn61/LocalWOK/wok_entities/LOC/dev/CR0-OCCT691-7-CR0-OCCT691-occt-64/inc/AdvApp2Var_SequenceNodeOfSequenceOfPatch.hxx
+M AdvApp2Var:derivated:AdvApp2Var_SequenceNodeOfSequenceOfPatch_0.cxx /misc/dn61/LocalWOK/wok_entities/LOC/dev/CR0-OCCT691-7-CR0-OCCT691-occt-64/drv/AdvApp2Var/AdvApp2Var_SequenceNodeOfSequenceOfPatch_0.cxx
+M AdvApp2Var:pubinclude:Handle_AdvApp2Var_SequenceNodeOfSequenceOfStrip.hxx /misc/dn61/LocalWOK/wok_entities/LOC/dev/CR0-OCCT691-7-CR0-OCCT691-occt-64/inc/Handle_AdvApp2Var_SequenceNodeOfSequenceOfStrip.hxx
+M AdvApp2Var:pubinclude:AdvApp2Var_SequenceNodeOfSequenceOfStrip.hxx /misc/dn61/LocalWOK/wok_entities/LOC/dev/CR0-OCCT691-7-CR0-OCCT691-occt-64/inc/AdvApp2Var_SequenceNodeOfSequenceOfStrip.hxx
+M AdvApp2Var:derivated:AdvApp2Var_SequenceNodeOfSequenceOfStrip_0.cxx /misc/dn61/LocalWOK/wok_entities/LOC/dev/CR0-OCCT691-7-CR0-OCCT691-occt-64/drv/AdvApp2Var/AdvApp2Var_SequenceNodeOfSequenceOfStrip_0.cxx
+M AdvApp2Var:pubinclude:AdvApp2Var_CriterionType.hxx /misc/dn61/LocalWOK/wok_entities/LOC/dev/CR0-OCCT691-7-CR0-OCCT691-occt-64/inc/AdvApp2Var_CriterionType.hxx
+M AdvApp2Var:pubinclude:AdvApp2Var_CriterionRepartition.hxx /misc/dn61/LocalWOK/wok_entities/LOC/dev/CR0-OCCT691-7-CR0-OCCT691-occt-64/inc/AdvApp2Var_CriterionRepartition.hxx
+M AdvApp2Var:dbadmfile:AdvApp2Var_xcpp_header.In /misc/dn61/LocalWOK/wok_entities/LOC/dev/CR0-OCCT691-7-CR0-OCCT691-occt-64/drv/AdvApp2Var/.adm/AdvApp2Var_xcpp_header.In
+M AdvApp2Var:dbadmfile:AdvApp2Var_xcpp_header.Out /misc/dn61/LocalWOK/wok_entities/LOC/dev/CR0-OCCT691-7-CR0-OCCT691-occt-64/drv/AdvApp2Var/.adm/AdvApp2Var_xcpp_header.Out
+M AdvApp2Var:dbadmfile:AdvApp2Var_xcpp_header.Dep /misc/dn61/LocalWOK/wok_entities/LOC/dev/CR0-OCCT691-7-CR0-OCCT691-occt-64/drv/AdvApp2Var/.adm/AdvApp2Var_xcpp_header.Dep
