+M BRepClass:pubinclude:BRepClass_Edge.hxx /misc/dn61/LocalWOK/wok_entities/LOC/dev/CR0-OCCT691-7-CR0-OCCT691-occt-64/inc/BRepClass_Edge.hxx
+M BRepClass:privinclude:BRepClass_Edge.jxx /misc/dn61/LocalWOK/wok_entities/LOC/dev/CR0-OCCT691-7-CR0-OCCT691-occt-64/drv/BRepClass/BRepClass_Edge.jxx
+M BRepClass:privinclude:BRepClass_Edge.ixx /misc/dn61/LocalWOK/wok_entities/LOC/dev/CR0-OCCT691-7-CR0-OCCT691-occt-64/drv/BRepClass/BRepClass_Edge.ixx
+M BRepClass:pubinclude:BRepClass_Intersector.hxx /misc/dn61/LocalWOK/wok_entities/LOC/dev/CR0-OCCT691-7-CR0-OCCT691-occt-64/inc/BRepClass_Intersector.hxx
+M BRepClass:privinclude:BRepClass_Intersector.jxx /misc/dn61/LocalWOK/wok_entities/LOC/dev/CR0-OCCT691-7-CR0-OCCT691-occt-64/drv/BRepClass/BRepClass_Intersector.jxx
+M BRepClass:privinclude:BRepClass_Intersector.ixx /misc/dn61/LocalWOK/wok_entities/LOC/dev/CR0-OCCT691-7-CR0-OCCT691-occt-64/drv/BRepClass/BRepClass_Intersector.ixx
+M BRepClass:pubinclude:BRepClass_FacePassiveClassifier.hxx /misc/dn61/LocalWOK/wok_entities/LOC/dev/CR0-OCCT691-7-CR0-OCCT691-occt-64/inc/BRepClass_FacePassiveClassifier.hxx
+M BRepClass:derivated:BRepClass_FacePassiveClassifier_0.cxx /misc/dn61/LocalWOK/wok_entities/LOC/dev/CR0-OCCT691-7-CR0-OCCT691-occt-64/drv/BRepClass/BRepClass_FacePassiveClassifier_0.cxx
+M BRepClass:pubinclude:BRepClass_FaceExplorer.hxx /misc/dn61/LocalWOK/wok_entities/LOC/dev/CR0-OCCT691-7-CR0-OCCT691-occt-64/inc/BRepClass_FaceExplorer.hxx
+M BRepClass:privinclude:BRepClass_FaceExplorer.jxx /misc/dn61/LocalWOK/wok_entities/LOC/dev/CR0-OCCT691-7-CR0-OCCT691-occt-64/drv/BRepClass/BRepClass_FaceExplorer.jxx
+M BRepClass:privinclude:BRepClass_FaceExplorer.ixx /misc/dn61/LocalWOK/wok_entities/LOC/dev/CR0-OCCT691-7-CR0-OCCT691-occt-64/drv/BRepClass/BRepClass_FaceExplorer.ixx
+M BRepClass:pubinclude:BRepClass_FClassifier.hxx /misc/dn61/LocalWOK/wok_entities/LOC/dev/CR0-OCCT691-7-CR0-OCCT691-occt-64/inc/BRepClass_FClassifier.hxx
+M BRepClass:derivated:BRepClass_FClassifier_0.cxx /misc/dn61/LocalWOK/wok_entities/LOC/dev/CR0-OCCT691-7-CR0-OCCT691-occt-64/drv/BRepClass/BRepClass_FClassifier_0.cxx
+M BRepClass:pubinclude:BRepClass_FaceClassifier.hxx /misc/dn61/LocalWOK/wok_entities/LOC/dev/CR0-OCCT691-7-CR0-OCCT691-occt-64/inc/BRepClass_FaceClassifier.hxx
+M BRepClass:privinclude:BRepClass_FaceClassifier.jxx /misc/dn61/LocalWOK/wok_entities/LOC/dev/CR0-OCCT691-7-CR0-OCCT691-occt-64/drv/BRepClass/BRepClass_FaceClassifier.jxx
+M BRepClass:privinclude:BRepClass_FaceClassifier.ixx /misc/dn61/LocalWOK/wok_entities/LOC/dev/CR0-OCCT691-7-CR0-OCCT691-occt-64/drv/BRepClass/BRepClass_FaceClassifier.ixx
+M BRepClass:pubinclude:BRepClass_FClass2dOfFClassifier.hxx /misc/dn61/LocalWOK/wok_entities/LOC/dev/CR0-OCCT691-7-CR0-OCCT691-occt-64/inc/BRepClass_FClass2dOfFClassifier.hxx
+M BRepClass:derivated:BRepClass_FClass2dOfFClassifier_0.cxx /misc/dn61/LocalWOK/wok_entities/LOC/dev/CR0-OCCT691-7-CR0-OCCT691-occt-64/drv/BRepClass/BRepClass_FClass2dOfFClassifier_0.cxx
+M BRepClass:dbadmfile:BRepClass_xcpp_header.In /misc/dn61/LocalWOK/wok_entities/LOC/dev/CR0-OCCT691-7-CR0-OCCT691-occt-64/drv/BRepClass/.adm/BRepClass_xcpp_header.In
+M BRepClass:dbadmfile:BRepClass_xcpp_header.Out /misc/dn61/LocalWOK/wok_entities/LOC/dev/CR0-OCCT691-7-CR0-OCCT691-occt-64/drv/BRepClass/.adm/BRepClass_xcpp_header.Out
+M BRepClass:dbadmfile:BRepClass_xcpp_header.Dep /misc/dn61/LocalWOK/wok_entities/LOC/dev/CR0-OCCT691-7-CR0-OCCT691-occt-64/drv/BRepClass/.adm/BRepClass_xcpp_header.Dep
