+M BRepFeat:pubinclude:BRepFeat.hxx /misc/dn61/LocalWOK/wok_entities/LOC/dev/CR0-OCCT691-7-CR0-OCCT691-occt-64/inc/BRepFeat.hxx
+M BRepFeat:privinclude:BRepFeat.jxx /misc/dn61/LocalWOK/wok_entities/LOC/dev/CR0-OCCT691-7-CR0-OCCT691-occt-64/drv/BRepFeat/BRepFeat.jxx
+M BRepFeat:privinclude:BRepFeat.ixx /misc/dn61/LocalWOK/wok_entities/LOC/dev/CR0-OCCT691-7-CR0-OCCT691-occt-64/drv/BRepFeat/BRepFeat.ixx
+M BRepFeat:pubinclude:BRepFeat_Builder.hxx /misc/dn61/LocalWOK/wok_entities/LOC/dev/CR0-OCCT691-7-CR0-OCCT691-occt-64/inc/BRepFeat_Builder.hxx
+M BRepFeat:privinclude:BRepFeat_Builder.jxx /misc/dn61/LocalWOK/wok_entities/LOC/dev/CR0-OCCT691-7-CR0-OCCT691-occt-64/drv/BRepFeat/BRepFeat_Builder.jxx
+M BRepFeat:privinclude:BRepFeat_Builder.ixx /misc/dn61/LocalWOK/wok_entities/LOC/dev/CR0-OCCT691-7-CR0-OCCT691-occt-64/drv/BRepFeat/BRepFeat_Builder.ixx
+M BRepFeat:pubinclude:BRepFeat_MakeCylindricalHole.hxx /misc/dn61/LocalWOK/wok_entities/LOC/dev/CR0-OCCT691-7-CR0-OCCT691-occt-64/inc/BRepFeat_MakeCylindricalHole.hxx
+M BRepFeat:privinclude:BRepFeat_MakeCylindricalHole.jxx /misc/dn61/LocalWOK/wok_entities/LOC/dev/CR0-OCCT691-7-CR0-OCCT691-occt-64/drv/BRepFeat/BRepFeat_MakeCylindricalHole.jxx
+M BRepFeat:privinclude:BRepFeat_MakeCylindricalHole.ixx /misc/dn61/LocalWOK/wok_entities/LOC/dev/CR0-OCCT691-7-CR0-OCCT691-occt-64/drv/BRepFeat/BRepFeat_MakeCylindricalHole.ixx
+M BRepFeat:pubinclude:BRepFeat_SplitShape.hxx /misc/dn61/LocalWOK/wok_entities/LOC/dev/CR0-OCCT691-7-CR0-OCCT691-occt-64/inc/BRepFeat_SplitShape.hxx
+M BRepFeat:privinclude:BRepFeat_SplitShape.jxx /misc/dn61/LocalWOK/wok_entities/LOC/dev/CR0-OCCT691-7-CR0-OCCT691-occt-64/drv/BRepFeat/BRepFeat_SplitShape.jxx
+M BRepFeat:privinclude:BRepFeat_SplitShape.ixx /misc/dn61/LocalWOK/wok_entities/LOC/dev/CR0-OCCT691-7-CR0-OCCT691-occt-64/drv/BRepFeat/BRepFeat_SplitShape.ixx
+M BRepFeat:pubinclude:BRepFeat_Form.hxx /misc/dn61/LocalWOK/wok_entities/LOC/dev/CR0-OCCT691-7-CR0-OCCT691-occt-64/inc/BRepFeat_Form.hxx
+M BRepFeat:privinclude:BRepFeat_Form.jxx /misc/dn61/LocalWOK/wok_entities/LOC/dev/CR0-OCCT691-7-CR0-OCCT691-occt-64/drv/BRepFeat/BRepFeat_Form.jxx
+M BRepFeat:privinclude:BRepFeat_Form.ixx /misc/dn61/LocalWOK/wok_entities/LOC/dev/CR0-OCCT691-7-CR0-OCCT691-occt-64/drv/BRepFeat/BRepFeat_Form.ixx
+M BRepFeat:pubinclude:BRepFeat_RibSlot.hxx /misc/dn61/LocalWOK/wok_entities/LOC/dev/CR0-OCCT691-7-CR0-OCCT691-occt-64/inc/BRepFeat_RibSlot.hxx
+M BRepFeat:privinclude:BRepFeat_RibSlot.jxx /misc/dn61/LocalWOK/wok_entities/LOC/dev/CR0-OCCT691-7-CR0-OCCT691-occt-64/drv/BRepFeat/BRepFeat_RibSlot.jxx
+M BRepFeat:privinclude:BRepFeat_RibSlot.ixx /misc/dn61/LocalWOK/wok_entities/LOC/dev/CR0-OCCT691-7-CR0-OCCT691-occt-64/drv/BRepFeat/BRepFeat_RibSlot.ixx
+M BRepFeat:pubinclude:BRepFeat_MakePrism.hxx /misc/dn61/LocalWOK/wok_entities/LOC/dev/CR0-OCCT691-7-CR0-OCCT691-occt-64/inc/BRepFeat_MakePrism.hxx
+M BRepFeat:privinclude:BRepFeat_MakePrism.jxx /misc/dn61/LocalWOK/wok_entities/LOC/dev/CR0-OCCT691-7-CR0-OCCT691-occt-64/drv/BRepFeat/BRepFeat_MakePrism.jxx
+M BRepFeat:privinclude:BRepFeat_MakePrism.ixx /misc/dn61/LocalWOK/wok_entities/LOC/dev/CR0-OCCT691-7-CR0-OCCT691-occt-64/drv/BRepFeat/BRepFeat_MakePrism.ixx
+M BRepFeat:pubinclude:BRepFeat_MakeRevol.hxx /misc/dn61/LocalWOK/wok_entities/LOC/dev/CR0-OCCT691-7-CR0-OCCT691-occt-64/inc/BRepFeat_MakeRevol.hxx
+M BRepFeat:privinclude:BRepFeat_MakeRevol.jxx /misc/dn61/LocalWOK/wok_entities/LOC/dev/CR0-OCCT691-7-CR0-OCCT691-occt-64/drv/BRepFeat/BRepFeat_MakeRevol.jxx
+M BRepFeat:privinclude:BRepFeat_MakeRevol.ixx /misc/dn61/LocalWOK/wok_entities/LOC/dev/CR0-OCCT691-7-CR0-OCCT691-occt-64/drv/BRepFeat/BRepFeat_MakeRevol.ixx
+M BRepFeat:pubinclude:BRepFeat_MakePipe.hxx /misc/dn61/LocalWOK/wok_entities/LOC/dev/CR0-OCCT691-7-CR0-OCCT691-occt-64/inc/BRepFeat_MakePipe.hxx
+M BRepFeat:privinclude:BRepFeat_MakePipe.jxx /misc/dn61/LocalWOK/wok_entities/LOC/dev/CR0-OCCT691-7-CR0-OCCT691-occt-64/drv/BRepFeat/BRepFeat_MakePipe.jxx
+M BRepFeat:privinclude:BRepFeat_MakePipe.ixx /misc/dn61/LocalWOK/wok_entities/LOC/dev/CR0-OCCT691-7-CR0-OCCT691-occt-64/drv/BRepFeat/BRepFeat_MakePipe.ixx
+M BRepFeat:pubinclude:BRepFeat_Gluer.hxx /misc/dn61/LocalWOK/wok_entities/LOC/dev/CR0-OCCT691-7-CR0-OCCT691-occt-64/inc/BRepFeat_Gluer.hxx
+M BRepFeat:privinclude:BRepFeat_Gluer.jxx /misc/dn61/LocalWOK/wok_entities/LOC/dev/CR0-OCCT691-7-CR0-OCCT691-occt-64/drv/BRepFeat/BRepFeat_Gluer.jxx
+M BRepFeat:privinclude:BRepFeat_Gluer.ixx /misc/dn61/LocalWOK/wok_entities/LOC/dev/CR0-OCCT691-7-CR0-OCCT691-occt-64/drv/BRepFeat/BRepFeat_Gluer.ixx
+M BRepFeat:pubinclude:BRepFeat_MakeDPrism.hxx /misc/dn61/LocalWOK/wok_entities/LOC/dev/CR0-OCCT691-7-CR0-OCCT691-occt-64/inc/BRepFeat_MakeDPrism.hxx
+M BRepFeat:privinclude:BRepFeat_MakeDPrism.jxx /misc/dn61/LocalWOK/wok_entities/LOC/dev/CR0-OCCT691-7-CR0-OCCT691-occt-64/drv/BRepFeat/BRepFeat_MakeDPrism.jxx
+M BRepFeat:privinclude:BRepFeat_MakeDPrism.ixx /misc/dn61/LocalWOK/wok_entities/LOC/dev/CR0-OCCT691-7-CR0-OCCT691-occt-64/drv/BRepFeat/BRepFeat_MakeDPrism.ixx
+M BRepFeat:pubinclude:BRepFeat_MakeLinearForm.hxx /misc/dn61/LocalWOK/wok_entities/LOC/dev/CR0-OCCT691-7-CR0-OCCT691-occt-64/inc/BRepFeat_MakeLinearForm.hxx
+M BRepFeat:privinclude:BRepFeat_MakeLinearForm.jxx /misc/dn61/LocalWOK/wok_entities/LOC/dev/CR0-OCCT691-7-CR0-OCCT691-occt-64/drv/BRepFeat/BRepFeat_MakeLinearForm.jxx
+M BRepFeat:privinclude:BRepFeat_MakeLinearForm.ixx /misc/dn61/LocalWOK/wok_entities/LOC/dev/CR0-OCCT691-7-CR0-OCCT691-occt-64/drv/BRepFeat/BRepFeat_MakeLinearForm.ixx
+M BRepFeat:pubinclude:BRepFeat_MakeRevolutionForm.hxx /misc/dn61/LocalWOK/wok_entities/LOC/dev/CR0-OCCT691-7-CR0-OCCT691-occt-64/inc/BRepFeat_MakeRevolutionForm.hxx
+M BRepFeat:privinclude:BRepFeat_MakeRevolutionForm.jxx /misc/dn61/LocalWOK/wok_entities/LOC/dev/CR0-OCCT691-7-CR0-OCCT691-occt-64/drv/BRepFeat/BRepFeat_MakeRevolutionForm.jxx
+M BRepFeat:privinclude:BRepFeat_MakeRevolutionForm.ixx /misc/dn61/LocalWOK/wok_entities/LOC/dev/CR0-OCCT691-7-CR0-OCCT691-occt-64/drv/BRepFeat/BRepFeat_MakeRevolutionForm.ixx
+M BRepFeat:pubinclude:BRepFeat_StatusError.hxx /misc/dn61/LocalWOK/wok_entities/LOC/dev/CR0-OCCT691-7-CR0-OCCT691-occt-64/inc/BRepFeat_StatusError.hxx
+M BRepFeat:pubinclude:BRepFeat_Status.hxx /misc/dn61/LocalWOK/wok_entities/LOC/dev/CR0-OCCT691-7-CR0-OCCT691-occt-64/inc/BRepFeat_Status.hxx
+M BRepFeat:pubinclude:BRepFeat_PerfSelection.hxx /misc/dn61/LocalWOK/wok_entities/LOC/dev/CR0-OCCT691-7-CR0-OCCT691-occt-64/inc/BRepFeat_PerfSelection.hxx
+M BRepFeat:dbadmfile:BRepFeat_xcpp_header.In /misc/dn61/LocalWOK/wok_entities/LOC/dev/CR0-OCCT691-7-CR0-OCCT691-occt-64/drv/BRepFeat/.adm/BRepFeat_xcpp_header.In
+M BRepFeat:dbadmfile:BRepFeat_xcpp_header.Out /misc/dn61/LocalWOK/wok_entities/LOC/dev/CR0-OCCT691-7-CR0-OCCT691-occt-64/drv/BRepFeat/.adm/BRepFeat_xcpp_header.Out
+M BRepFeat:dbadmfile:BRepFeat_xcpp_header.Dep /misc/dn61/LocalWOK/wok_entities/LOC/dev/CR0-OCCT691-7-CR0-OCCT691-occt-64/drv/BRepFeat/.adm/BRepFeat_xcpp_header.Dep
