+M LProp:pubinclude:LProp_CurAndInf.hxx /misc/dn61/LocalWOK/wok_entities/LOC/dev/CR0-OCCT691-7-CR0-OCCT691-occt-64/inc/LProp_CurAndInf.hxx
+M LProp:privinclude:LProp_CurAndInf.jxx /misc/dn61/LocalWOK/wok_entities/LOC/dev/CR0-OCCT691-7-CR0-OCCT691-occt-64/drv/LProp/LProp_CurAndInf.jxx
+M LProp:privinclude:LProp_CurAndInf.ixx /misc/dn61/LocalWOK/wok_entities/LOC/dev/CR0-OCCT691-7-CR0-OCCT691-occt-64/drv/LProp/LProp_CurAndInf.ixx
+M LProp:pubinclude:LProp_AnalyticCurInf.hxx /misc/dn61/LocalWOK/wok_entities/LOC/dev/CR0-OCCT691-7-CR0-OCCT691-occt-64/inc/LProp_AnalyticCurInf.hxx
+M LProp:privinclude:LProp_AnalyticCurInf.jxx /misc/dn61/LocalWOK/wok_entities/LOC/dev/CR0-OCCT691-7-CR0-OCCT691-occt-64/drv/LProp/LProp_AnalyticCurInf.jxx
+M LProp:privinclude:LProp_AnalyticCurInf.ixx /misc/dn61/LocalWOK/wok_entities/LOC/dev/CR0-OCCT691-7-CR0-OCCT691-occt-64/drv/LProp/LProp_AnalyticCurInf.ixx
+M LProp:pubinclude:LProp_SequenceOfCIType.hxx /misc/dn61/LocalWOK/wok_entities/LOC/dev/CR0-OCCT691-7-CR0-OCCT691-occt-64/inc/LProp_SequenceOfCIType.hxx
+M LProp:derivated:LProp_SequenceOfCIType_0.cxx /misc/dn61/LocalWOK/wok_entities/LOC/dev/CR0-OCCT691-7-CR0-OCCT691-occt-64/drv/LProp/LProp_SequenceOfCIType_0.cxx
+M LProp:pubinclude:Handle_LProp_SequenceNodeOfSequenceOfCIType.hxx /misc/dn61/LocalWOK/wok_entities/LOC/dev/CR0-OCCT691-7-CR0-OCCT691-occt-64/inc/Handle_LProp_SequenceNodeOfSequenceOfCIType.hxx
+M LProp:pubinclude:LProp_SequenceNodeOfSequenceOfCIType.hxx /misc/dn61/LocalWOK/wok_entities/LOC/dev/CR0-OCCT691-7-CR0-OCCT691-occt-64/inc/LProp_SequenceNodeOfSequenceOfCIType.hxx
+M LProp:derivated:LProp_SequenceNodeOfSequenceOfCIType_0.cxx /misc/dn61/LocalWOK/wok_entities/LOC/dev/CR0-OCCT691-7-CR0-OCCT691-occt-64/drv/LProp/LProp_SequenceNodeOfSequenceOfCIType_0.cxx
+M LProp:pubinclude:Handle_LProp_BadContinuity.hxx /misc/dn61/LocalWOK/wok_entities/LOC/dev/CR0-OCCT691-7-CR0-OCCT691-occt-64/inc/Handle_LProp_BadContinuity.hxx
+M LProp:pubinclude:LProp_BadContinuity.hxx /misc/dn61/LocalWOK/wok_entities/LOC/dev/CR0-OCCT691-7-CR0-OCCT691-occt-64/inc/LProp_BadContinuity.hxx
+M LProp:derivated:LProp_BadContinuity_0.cxx /misc/dn61/LocalWOK/wok_entities/LOC/dev/CR0-OCCT691-7-CR0-OCCT691-occt-64/drv/LProp/LProp_BadContinuity_0.cxx
+M LProp:pubinclude:Handle_LProp_NotDefined.hxx /misc/dn61/LocalWOK/wok_entities/LOC/dev/CR0-OCCT691-7-CR0-OCCT691-occt-64/inc/Handle_LProp_NotDefined.hxx
+M LProp:pubinclude:LProp_NotDefined.hxx /misc/dn61/LocalWOK/wok_entities/LOC/dev/CR0-OCCT691-7-CR0-OCCT691-occt-64/inc/LProp_NotDefined.hxx
+M LProp:derivated:LProp_NotDefined_0.cxx /misc/dn61/LocalWOK/wok_entities/LOC/dev/CR0-OCCT691-7-CR0-OCCT691-occt-64/drv/LProp/LProp_NotDefined_0.cxx
+M LProp:pubinclude:LProp_Status.hxx /misc/dn61/LocalWOK/wok_entities/LOC/dev/CR0-OCCT691-7-CR0-OCCT691-occt-64/inc/LProp_Status.hxx
+M LProp:pubinclude:LProp_CIType.hxx /misc/dn61/LocalWOK/wok_entities/LOC/dev/CR0-OCCT691-7-CR0-OCCT691-occt-64/inc/LProp_CIType.hxx
+M LProp:dbadmfile:LProp_xcpp_header.In /misc/dn61/LocalWOK/wok_entities/LOC/dev/CR0-OCCT691-7-CR0-OCCT691-occt-64/drv/LProp/.adm/LProp_xcpp_header.In
+M LProp:dbadmfile:LProp_xcpp_header.Out /misc/dn61/LocalWOK/wok_entities/LOC/dev/CR0-OCCT691-7-CR0-OCCT691-occt-64/drv/LProp/.adm/LProp_xcpp_header.Out
+M LProp:dbadmfile:LProp_xcpp_header.Dep /misc/dn61/LocalWOK/wok_entities/LOC/dev/CR0-OCCT691-7-CR0-OCCT691-occt-64/drv/LProp/.adm/LProp_xcpp_header.Dep
