+M Voxel:pubinclude:Voxel_DS.hxx /misc/dn61/LocalWOK/wok_entities/LOC/dev/CR0-OCCT691-7-CR0-OCCT691-occt-64/inc/Voxel_DS.hxx
+M Voxel:privinclude:Voxel_DS.jxx /misc/dn61/LocalWOK/wok_entities/LOC/dev/CR0-OCCT691-7-CR0-OCCT691-occt-64/drv/Voxel/Voxel_DS.jxx
+M Voxel:privinclude:Voxel_DS.ixx /misc/dn61/LocalWOK/wok_entities/LOC/dev/CR0-OCCT691-7-CR0-OCCT691-occt-64/drv/Voxel/Voxel_DS.ixx
+M Voxel:pubinclude:Voxel_BoolDS.hxx /misc/dn61/LocalWOK/wok_entities/LOC/dev/CR0-OCCT691-7-CR0-OCCT691-occt-64/inc/Voxel_BoolDS.hxx
+M Voxel:privinclude:Voxel_BoolDS.jxx /misc/dn61/LocalWOK/wok_entities/LOC/dev/CR0-OCCT691-7-CR0-OCCT691-occt-64/drv/Voxel/Voxel_BoolDS.jxx
+M Voxel:privinclude:Voxel_BoolDS.ixx /misc/dn61/LocalWOK/wok_entities/LOC/dev/CR0-OCCT691-7-CR0-OCCT691-occt-64/drv/Voxel/Voxel_BoolDS.ixx
+M Voxel:pubinclude:Voxel_OctBoolDS.hxx /misc/dn61/LocalWOK/wok_entities/LOC/dev/CR0-OCCT691-7-CR0-OCCT691-occt-64/inc/Voxel_OctBoolDS.hxx
+M Voxel:privinclude:Voxel_OctBoolDS.jxx /misc/dn61/LocalWOK/wok_entities/LOC/dev/CR0-OCCT691-7-CR0-OCCT691-occt-64/drv/Voxel/Voxel_OctBoolDS.jxx
+M Voxel:privinclude:Voxel_OctBoolDS.ixx /misc/dn61/LocalWOK/wok_entities/LOC/dev/CR0-OCCT691-7-CR0-OCCT691-occt-64/drv/Voxel/Voxel_OctBoolDS.ixx
+M Voxel:pubinclude:Voxel_ROctBoolDS.hxx /misc/dn61/LocalWOK/wok_entities/LOC/dev/CR0-OCCT691-7-CR0-OCCT691-occt-64/inc/Voxel_ROctBoolDS.hxx
+M Voxel:privinclude:Voxel_ROctBoolDS.jxx /misc/dn61/LocalWOK/wok_entities/LOC/dev/CR0-OCCT691-7-CR0-OCCT691-occt-64/drv/Voxel/Voxel_ROctBoolDS.jxx
+M Voxel:privinclude:Voxel_ROctBoolDS.ixx /misc/dn61/LocalWOK/wok_entities/LOC/dev/CR0-OCCT691-7-CR0-OCCT691-occt-64/drv/Voxel/Voxel_ROctBoolDS.ixx
+M Voxel:pubinclude:Voxel_SplitData.hxx /misc/dn61/LocalWOK/wok_entities/LOC/dev/CR0-OCCT691-7-CR0-OCCT691-occt-64/inc/Voxel_SplitData.hxx
+M Voxel:privinclude:Voxel_SplitData.jxx /misc/dn61/LocalWOK/wok_entities/LOC/dev/CR0-OCCT691-7-CR0-OCCT691-occt-64/drv/Voxel/Voxel_SplitData.jxx
+M Voxel:privinclude:Voxel_SplitData.ixx /misc/dn61/LocalWOK/wok_entities/LOC/dev/CR0-OCCT691-7-CR0-OCCT691-occt-64/drv/Voxel/Voxel_SplitData.ixx
+M Voxel:pubinclude:Voxel_ColorDS.hxx /misc/dn61/LocalWOK/wok_entities/LOC/dev/CR0-OCCT691-7-CR0-OCCT691-occt-64/inc/Voxel_ColorDS.hxx
+M Voxel:privinclude:Voxel_ColorDS.jxx /misc/dn61/LocalWOK/wok_entities/LOC/dev/CR0-OCCT691-7-CR0-OCCT691-occt-64/drv/Voxel/Voxel_ColorDS.jxx
+M Voxel:privinclude:Voxel_ColorDS.ixx /misc/dn61/LocalWOK/wok_entities/LOC/dev/CR0-OCCT691-7-CR0-OCCT691-occt-64/drv/Voxel/Voxel_ColorDS.ixx
+M Voxel:pubinclude:Voxel_FloatDS.hxx /misc/dn61/LocalWOK/wok_entities/LOC/dev/CR0-OCCT691-7-CR0-OCCT691-occt-64/inc/Voxel_FloatDS.hxx
+M Voxel:privinclude:Voxel_FloatDS.jxx /misc/dn61/LocalWOK/wok_entities/LOC/dev/CR0-OCCT691-7-CR0-OCCT691-occt-64/drv/Voxel/Voxel_FloatDS.jxx
+M Voxel:privinclude:Voxel_FloatDS.ixx /misc/dn61/LocalWOK/wok_entities/LOC/dev/CR0-OCCT691-7-CR0-OCCT691-occt-64/drv/Voxel/Voxel_FloatDS.ixx
+M Voxel:pubinclude:Voxel_FastConverter.hxx /misc/dn61/LocalWOK/wok_entities/LOC/dev/CR0-OCCT691-7-CR0-OCCT691-occt-64/inc/Voxel_FastConverter.hxx
+M Voxel:privinclude:Voxel_FastConverter.jxx /misc/dn61/LocalWOK/wok_entities/LOC/dev/CR0-OCCT691-7-CR0-OCCT691-occt-64/drv/Voxel/Voxel_FastConverter.jxx
+M Voxel:privinclude:Voxel_FastConverter.ixx /misc/dn61/LocalWOK/wok_entities/LOC/dev/CR0-OCCT691-7-CR0-OCCT691-occt-64/drv/Voxel/Voxel_FastConverter.ixx
+M Voxel:pubinclude:Handle_Voxel_Prs.hxx /misc/dn61/LocalWOK/wok_entities/LOC/dev/CR0-OCCT691-7-CR0-OCCT691-occt-64/inc/Handle_Voxel_Prs.hxx
+M Voxel:pubinclude:Voxel_Prs.hxx /misc/dn61/LocalWOK/wok_entities/LOC/dev/CR0-OCCT691-7-CR0-OCCT691-occt-64/inc/Voxel_Prs.hxx
+M Voxel:privinclude:Voxel_Prs.jxx /misc/dn61/LocalWOK/wok_entities/LOC/dev/CR0-OCCT691-7-CR0-OCCT691-occt-64/drv/Voxel/Voxel_Prs.jxx
+M Voxel:privinclude:Voxel_Prs.ixx /misc/dn61/LocalWOK/wok_entities/LOC/dev/CR0-OCCT691-7-CR0-OCCT691-occt-64/drv/Voxel/Voxel_Prs.ixx
+M Voxel:pubinclude:Voxel_BooleanOperation.hxx /misc/dn61/LocalWOK/wok_entities/LOC/dev/CR0-OCCT691-7-CR0-OCCT691-occt-64/inc/Voxel_BooleanOperation.hxx
+M Voxel:privinclude:Voxel_BooleanOperation.jxx /misc/dn61/LocalWOK/wok_entities/LOC/dev/CR0-OCCT691-7-CR0-OCCT691-occt-64/drv/Voxel/Voxel_BooleanOperation.jxx
+M Voxel:privinclude:Voxel_BooleanOperation.ixx /misc/dn61/LocalWOK/wok_entities/LOC/dev/CR0-OCCT691-7-CR0-OCCT691-occt-64/drv/Voxel/Voxel_BooleanOperation.ixx
+M Voxel:pubinclude:Voxel_CollisionDetection.hxx /misc/dn61/LocalWOK/wok_entities/LOC/dev/CR0-OCCT691-7-CR0-OCCT691-occt-64/inc/Voxel_CollisionDetection.hxx
+M Voxel:privinclude:Voxel_CollisionDetection.jxx /misc/dn61/LocalWOK/wok_entities/LOC/dev/CR0-OCCT691-7-CR0-OCCT691-occt-64/drv/Voxel/Voxel_CollisionDetection.jxx
+M Voxel:privinclude:Voxel_CollisionDetection.ixx /misc/dn61/LocalWOK/wok_entities/LOC/dev/CR0-OCCT691-7-CR0-OCCT691-occt-64/drv/Voxel/Voxel_CollisionDetection.ixx
+M Voxel:pubinclude:Voxel_Selector.hxx /misc/dn61/LocalWOK/wok_entities/LOC/dev/CR0-OCCT691-7-CR0-OCCT691-occt-64/inc/Voxel_Selector.hxx
+M Voxel:privinclude:Voxel_Selector.jxx /misc/dn61/LocalWOK/wok_entities/LOC/dev/CR0-OCCT691-7-CR0-OCCT691-occt-64/drv/Voxel/Voxel_Selector.jxx
+M Voxel:privinclude:Voxel_Selector.ixx /misc/dn61/LocalWOK/wok_entities/LOC/dev/CR0-OCCT691-7-CR0-OCCT691-occt-64/drv/Voxel/Voxel_Selector.ixx
+M Voxel:pubinclude:Voxel_Writer.hxx /misc/dn61/LocalWOK/wok_entities/LOC/dev/CR0-OCCT691-7-CR0-OCCT691-occt-64/inc/Voxel_Writer.hxx
+M Voxel:privinclude:Voxel_Writer.jxx /misc/dn61/LocalWOK/wok_entities/LOC/dev/CR0-OCCT691-7-CR0-OCCT691-occt-64/drv/Voxel/Voxel_Writer.jxx
+M Voxel:privinclude:Voxel_Writer.ixx /misc/dn61/LocalWOK/wok_entities/LOC/dev/CR0-OCCT691-7-CR0-OCCT691-occt-64/drv/Voxel/Voxel_Writer.ixx
+M Voxel:pubinclude:Voxel_Reader.hxx /misc/dn61/LocalWOK/wok_entities/LOC/dev/CR0-OCCT691-7-CR0-OCCT691-occt-64/inc/Voxel_Reader.hxx
+M Voxel:privinclude:Voxel_Reader.jxx /misc/dn61/LocalWOK/wok_entities/LOC/dev/CR0-OCCT691-7-CR0-OCCT691-occt-64/drv/Voxel/Voxel_Reader.jxx
+M Voxel:privinclude:Voxel_Reader.ixx /misc/dn61/LocalWOK/wok_entities/LOC/dev/CR0-OCCT691-7-CR0-OCCT691-occt-64/drv/Voxel/Voxel_Reader.ixx
+M Voxel:pubinclude:Voxel_VoxelDisplayMode.hxx /misc/dn61/LocalWOK/wok_entities/LOC/dev/CR0-OCCT691-7-CR0-OCCT691-occt-64/inc/Voxel_VoxelDisplayMode.hxx
+M Voxel:pubinclude:Voxel_VoxelFileFormat.hxx /misc/dn61/LocalWOK/wok_entities/LOC/dev/CR0-OCCT691-7-CR0-OCCT691-occt-64/inc/Voxel_VoxelFileFormat.hxx
+M Voxel:dbadmfile:Voxel_xcpp_header.In /misc/dn61/LocalWOK/wok_entities/LOC/dev/CR0-OCCT691-7-CR0-OCCT691-occt-64/drv/Voxel/.adm/Voxel_xcpp_header.In
+M Voxel:dbadmfile:Voxel_xcpp_header.Out /misc/dn61/LocalWOK/wok_entities/LOC/dev/CR0-OCCT691-7-CR0-OCCT691-occt-64/drv/Voxel/.adm/Voxel_xcpp_header.Out
+M Voxel:dbadmfile:Voxel_xcpp_header.Dep /misc/dn61/LocalWOK/wok_entities/LOC/dev/CR0-OCCT691-7-CR0-OCCT691-occt-64/drv/Voxel/.adm/Voxel_xcpp_header.Dep
