+M AdvApprox:pubinclude:AdvApprox_ApproxAFunction.hxx /misc/dn61/LocalWOK/wok_entities/LOC/dev/CR0-OCCT691-7-CR0-OCCT691-occt-64/inc/AdvApprox_ApproxAFunction.hxx
+M AdvApprox:privinclude:AdvApprox_ApproxAFunction.jxx /misc/dn61/LocalWOK/wok_entities/LOC/dev/CR0-OCCT691-7-CR0-OCCT691-occt-64/drv/AdvApprox/AdvApprox_ApproxAFunction.jxx
+M AdvApprox:privinclude:AdvApprox_ApproxAFunction.ixx /misc/dn61/LocalWOK/wok_entities/LOC/dev/CR0-OCCT691-7-CR0-OCCT691-occt-64/drv/AdvApprox/AdvApprox_ApproxAFunction.ixx
+M AdvApprox:pubinclude:AdvApprox_SimpleApprox.hxx /misc/dn61/LocalWOK/wok_entities/LOC/dev/CR0-OCCT691-7-CR0-OCCT691-occt-64/inc/AdvApprox_SimpleApprox.hxx
+M AdvApprox:privinclude:AdvApprox_SimpleApprox.jxx /misc/dn61/LocalWOK/wok_entities/LOC/dev/CR0-OCCT691-7-CR0-OCCT691-occt-64/drv/AdvApprox/AdvApprox_SimpleApprox.jxx
+M AdvApprox:privinclude:AdvApprox_SimpleApprox.ixx /misc/dn61/LocalWOK/wok_entities/LOC/dev/CR0-OCCT691-7-CR0-OCCT691-occt-64/drv/AdvApprox/AdvApprox_SimpleApprox.ixx
+M AdvApprox:pubinclude:AdvApprox_Cutting.hxx /misc/dn61/LocalWOK/wok_entities/LOC/dev/CR0-OCCT691-7-CR0-OCCT691-occt-64/inc/AdvApprox_Cutting.hxx
+M AdvApprox:privinclude:AdvApprox_Cutting.jxx /misc/dn61/LocalWOK/wok_entities/LOC/dev/CR0-OCCT691-7-CR0-OCCT691-occt-64/drv/AdvApprox/AdvApprox_Cutting.jxx
+M AdvApprox:privinclude:AdvApprox_Cutting.ixx /misc/dn61/LocalWOK/wok_entities/LOC/dev/CR0-OCCT691-7-CR0-OCCT691-occt-64/drv/AdvApprox/AdvApprox_Cutting.ixx
+M AdvApprox:pubinclude:AdvApprox_DichoCutting.hxx /misc/dn61/LocalWOK/wok_entities/LOC/dev/CR0-OCCT691-7-CR0-OCCT691-occt-64/inc/AdvApprox_DichoCutting.hxx
+M AdvApprox:privinclude:AdvApprox_DichoCutting.jxx /misc/dn61/LocalWOK/wok_entities/LOC/dev/CR0-OCCT691-7-CR0-OCCT691-occt-64/drv/AdvApprox/AdvApprox_DichoCutting.jxx
+M AdvApprox:privinclude:AdvApprox_DichoCutting.ixx /misc/dn61/LocalWOK/wok_entities/LOC/dev/CR0-OCCT691-7-CR0-OCCT691-occt-64/drv/AdvApprox/AdvApprox_DichoCutting.ixx
+M AdvApprox:pubinclude:AdvApprox_PrefCutting.hxx /misc/dn61/LocalWOK/wok_entities/LOC/dev/CR0-OCCT691-7-CR0-OCCT691-occt-64/inc/AdvApprox_PrefCutting.hxx
+M AdvApprox:privinclude:AdvApprox_PrefCutting.jxx /misc/dn61/LocalWOK/wok_entities/LOC/dev/CR0-OCCT691-7-CR0-OCCT691-occt-64/drv/AdvApprox/AdvApprox_PrefCutting.jxx
+M AdvApprox:privinclude:AdvApprox_PrefCutting.ixx /misc/dn61/LocalWOK/wok_entities/LOC/dev/CR0-OCCT691-7-CR0-OCCT691-occt-64/drv/AdvApprox/AdvApprox_PrefCutting.ixx
+M AdvApprox:pubinclude:AdvApprox_PrefAndRec.hxx /misc/dn61/LocalWOK/wok_entities/LOC/dev/CR0-OCCT691-7-CR0-OCCT691-occt-64/inc/AdvApprox_PrefAndRec.hxx
+M AdvApprox:privinclude:AdvApprox_PrefAndRec.jxx /misc/dn61/LocalWOK/wok_entities/LOC/dev/CR0-OCCT691-7-CR0-OCCT691-occt-64/drv/AdvApprox/AdvApprox_PrefAndRec.jxx
+M AdvApprox:privinclude:AdvApprox_PrefAndRec.ixx /misc/dn61/LocalWOK/wok_entities/LOC/dev/CR0-OCCT691-7-CR0-OCCT691-occt-64/drv/AdvApprox/AdvApprox_PrefAndRec.ixx
+M AdvApprox:dbadmfile:AdvApprox_xcpp_header.In /misc/dn61/LocalWOK/wok_entities/LOC/dev/CR0-OCCT691-7-CR0-OCCT691-occt-64/drv/AdvApprox/.adm/AdvApprox_xcpp_header.In
+M AdvApprox:dbadmfile:AdvApprox_xcpp_header.Out /misc/dn61/LocalWOK/wok_entities/LOC/dev/CR0-OCCT691-7-CR0-OCCT691-occt-64/drv/AdvApprox/.adm/AdvApprox_xcpp_header.Out
+M AdvApprox:dbadmfile:AdvApprox_xcpp_header.Dep /misc/dn61/LocalWOK/wok_entities/LOC/dev/CR0-OCCT691-7-CR0-OCCT691-occt-64/drv/AdvApprox/.adm/AdvApprox_xcpp_header.Dep
