+M ShapeConstruct:pubinclude:ShapeConstruct.hxx /misc/dn61/LocalWOK/wok_entities/LOC/dev/CR0-OCCT691-7-CR0-OCCT691-occt-64/inc/ShapeConstruct.hxx
+M ShapeConstruct:privinclude:ShapeConstruct.jxx /misc/dn61/LocalWOK/wok_entities/LOC/dev/CR0-OCCT691-7-CR0-OCCT691-occt-64/drv/ShapeConstruct/ShapeConstruct.jxx
+M ShapeConstruct:privinclude:ShapeConstruct.ixx /misc/dn61/LocalWOK/wok_entities/LOC/dev/CR0-OCCT691-7-CR0-OCCT691-occt-64/drv/ShapeConstruct/ShapeConstruct.ixx
+M ShapeConstruct:pubinclude:ShapeConstruct_Curve.hxx /misc/dn61/LocalWOK/wok_entities/LOC/dev/CR0-OCCT691-7-CR0-OCCT691-occt-64/inc/ShapeConstruct_Curve.hxx
+M ShapeConstruct:privinclude:ShapeConstruct_Curve.jxx /misc/dn61/LocalWOK/wok_entities/LOC/dev/CR0-OCCT691-7-CR0-OCCT691-occt-64/drv/ShapeConstruct/ShapeConstruct_Curve.jxx
+M ShapeConstruct:privinclude:ShapeConstruct_Curve.ixx /misc/dn61/LocalWOK/wok_entities/LOC/dev/CR0-OCCT691-7-CR0-OCCT691-occt-64/drv/ShapeConstruct/ShapeConstruct_Curve.ixx
+M ShapeConstruct:pubinclude:Handle_ShapeConstruct_ProjectCurveOnSurface.hxx /misc/dn61/LocalWOK/wok_entities/LOC/dev/CR0-OCCT691-7-CR0-OCCT691-occt-64/inc/Handle_ShapeConstruct_ProjectCurveOnSurface.hxx
+M ShapeConstruct:pubinclude:ShapeConstruct_ProjectCurveOnSurface.hxx /misc/dn61/LocalWOK/wok_entities/LOC/dev/CR0-OCCT691-7-CR0-OCCT691-occt-64/inc/ShapeConstruct_ProjectCurveOnSurface.hxx
+M ShapeConstruct:privinclude:ShapeConstruct_ProjectCurveOnSurface.jxx /misc/dn61/LocalWOK/wok_entities/LOC/dev/CR0-OCCT691-7-CR0-OCCT691-occt-64/drv/ShapeConstruct/ShapeConstruct_ProjectCurveOnSurface.jxx
+M ShapeConstruct:privinclude:ShapeConstruct_ProjectCurveOnSurface.ixx /misc/dn61/LocalWOK/wok_entities/LOC/dev/CR0-OCCT691-7-CR0-OCCT691-occt-64/drv/ShapeConstruct/ShapeConstruct_ProjectCurveOnSurface.ixx
+M ShapeConstruct:pubinclude:ShapeConstruct_CompBezierCurvesToBSplineCurve.hxx /misc/dn61/LocalWOK/wok_entities/LOC/dev/CR0-OCCT691-7-CR0-OCCT691-occt-64/inc/ShapeConstruct_CompBezierCurvesToBSplineCurve.hxx
+M ShapeConstruct:privinclude:ShapeConstruct_CompBezierCurvesToBSplineCurve.jxx /misc/dn61/LocalWOK/wok_entities/LOC/dev/CR0-OCCT691-7-CR0-OCCT691-occt-64/drv/ShapeConstruct/ShapeConstruct_CompBezierCurvesToBSplineCurve.jxx
+M ShapeConstruct:privinclude:ShapeConstruct_CompBezierCurvesToBSplineCurve.ixx /misc/dn61/LocalWOK/wok_entities/LOC/dev/CR0-OCCT691-7-CR0-OCCT691-occt-64/drv/ShapeConstruct/ShapeConstruct_CompBezierCurvesToBSplineCurve.ixx
+M ShapeConstruct:pubinclude:ShapeConstruct_CompBezierCurves2dToBSplineCurve2d.hxx /misc/dn61/LocalWOK/wok_entities/LOC/dev/CR0-OCCT691-7-CR0-OCCT691-occt-64/inc/ShapeConstruct_CompBezierCurves2dToBSplineCurve2d.hxx
+M ShapeConstruct:privinclude:ShapeConstruct_CompBezierCurves2dToBSplineCurve2d.jxx /misc/dn61/LocalWOK/wok_entities/LOC/dev/CR0-OCCT691-7-CR0-OCCT691-occt-64/drv/ShapeConstruct/ShapeConstruct_CompBezierCurves2dToBSplineCurve2d.jxx
+M ShapeConstruct:privinclude:ShapeConstruct_CompBezierCurves2dToBSplineCurve2d.ixx /misc/dn61/LocalWOK/wok_entities/LOC/dev/CR0-OCCT691-7-CR0-OCCT691-occt-64/drv/ShapeConstruct/ShapeConstruct_CompBezierCurves2dToBSplineCurve2d.ixx
+M ShapeConstruct:pubinclude:ShapeConstruct_MakeTriangulation.hxx /misc/dn61/LocalWOK/wok_entities/LOC/dev/CR0-OCCT691-7-CR0-OCCT691-occt-64/inc/ShapeConstruct_MakeTriangulation.hxx
+M ShapeConstruct:privinclude:ShapeConstruct_MakeTriangulation.jxx /misc/dn61/LocalWOK/wok_entities/LOC/dev/CR0-OCCT691-7-CR0-OCCT691-occt-64/drv/ShapeConstruct/ShapeConstruct_MakeTriangulation.jxx
+M ShapeConstruct:privinclude:ShapeConstruct_MakeTriangulation.ixx /misc/dn61/LocalWOK/wok_entities/LOC/dev/CR0-OCCT691-7-CR0-OCCT691-occt-64/drv/ShapeConstruct/ShapeConstruct_MakeTriangulation.ixx
+M ShapeConstruct:dbadmfile:ShapeConstruct_xcpp_header.In /misc/dn61/LocalWOK/wok_entities/LOC/dev/CR0-OCCT691-7-CR0-OCCT691-occt-64/drv/ShapeConstruct/.adm/ShapeConstruct_xcpp_header.In
+M ShapeConstruct:dbadmfile:ShapeConstruct_xcpp_header.Out /misc/dn61/LocalWOK/wok_entities/LOC/dev/CR0-OCCT691-7-CR0-OCCT691-occt-64/drv/ShapeConstruct/.adm/ShapeConstruct_xcpp_header.Out
+M ShapeConstruct:dbadmfile:ShapeConstruct_xcpp_header.Dep /misc/dn61/LocalWOK/wok_entities/LOC/dev/CR0-OCCT691-7-CR0-OCCT691-occt-64/drv/ShapeConstruct/.adm/ShapeConstruct_xcpp_header.Dep
