+M ShapeFix:pubinclude:ShapeFix.hxx /misc/dn61/LocalWOK/wok_entities/LOC/dev/CR0-OCCT691-7-CR0-OCCT691-occt-64/inc/ShapeFix.hxx
+M ShapeFix:privinclude:ShapeFix.jxx /misc/dn61/LocalWOK/wok_entities/LOC/dev/CR0-OCCT691-7-CR0-OCCT691-occt-64/drv/ShapeFix/ShapeFix.jxx
+M ShapeFix:privinclude:ShapeFix.ixx /misc/dn61/LocalWOK/wok_entities/LOC/dev/CR0-OCCT691-7-CR0-OCCT691-occt-64/drv/ShapeFix/ShapeFix.ixx
+M ShapeFix:pubinclude:Handle_ShapeFix_Root.hxx /misc/dn61/LocalWOK/wok_entities/LOC/dev/CR0-OCCT691-7-CR0-OCCT691-occt-64/inc/Handle_ShapeFix_Root.hxx
+M ShapeFix:pubinclude:ShapeFix_Root.hxx /misc/dn61/LocalWOK/wok_entities/LOC/dev/CR0-OCCT691-7-CR0-OCCT691-occt-64/inc/ShapeFix_Root.hxx
+M ShapeFix:privinclude:ShapeFix_Root.jxx /misc/dn61/LocalWOK/wok_entities/LOC/dev/CR0-OCCT691-7-CR0-OCCT691-occt-64/drv/ShapeFix/ShapeFix_Root.jxx
+M ShapeFix:privinclude:ShapeFix_Root.ixx /misc/dn61/LocalWOK/wok_entities/LOC/dev/CR0-OCCT691-7-CR0-OCCT691-occt-64/drv/ShapeFix/ShapeFix_Root.ixx
+M ShapeFix:pubinclude:Handle_ShapeFix_EdgeProjAux.hxx /misc/dn61/LocalWOK/wok_entities/LOC/dev/CR0-OCCT691-7-CR0-OCCT691-occt-64/inc/Handle_ShapeFix_EdgeProjAux.hxx
+M ShapeFix:pubinclude:ShapeFix_EdgeProjAux.hxx /misc/dn61/LocalWOK/wok_entities/LOC/dev/CR0-OCCT691-7-CR0-OCCT691-occt-64/inc/ShapeFix_EdgeProjAux.hxx
+M ShapeFix:privinclude:ShapeFix_EdgeProjAux.jxx /misc/dn61/LocalWOK/wok_entities/LOC/dev/CR0-OCCT691-7-CR0-OCCT691-occt-64/drv/ShapeFix/ShapeFix_EdgeProjAux.jxx
+M ShapeFix:privinclude:ShapeFix_EdgeProjAux.ixx /misc/dn61/LocalWOK/wok_entities/LOC/dev/CR0-OCCT691-7-CR0-OCCT691-occt-64/drv/ShapeFix/ShapeFix_EdgeProjAux.ixx
+M ShapeFix:pubinclude:Handle_ShapeFix_Edge.hxx /misc/dn61/LocalWOK/wok_entities/LOC/dev/CR0-OCCT691-7-CR0-OCCT691-occt-64/inc/Handle_ShapeFix_Edge.hxx
+M ShapeFix:pubinclude:ShapeFix_Edge.hxx /misc/dn61/LocalWOK/wok_entities/LOC/dev/CR0-OCCT691-7-CR0-OCCT691-occt-64/inc/ShapeFix_Edge.hxx
+M ShapeFix:privinclude:ShapeFix_Edge.jxx /misc/dn61/LocalWOK/wok_entities/LOC/dev/CR0-OCCT691-7-CR0-OCCT691-occt-64/drv/ShapeFix/ShapeFix_Edge.jxx
+M ShapeFix:privinclude:ShapeFix_Edge.ixx /misc/dn61/LocalWOK/wok_entities/LOC/dev/CR0-OCCT691-7-CR0-OCCT691-occt-64/drv/ShapeFix/ShapeFix_Edge.ixx
+M ShapeFix:pubinclude:Handle_ShapeFix_Wire.hxx /misc/dn61/LocalWOK/wok_entities/LOC/dev/CR0-OCCT691-7-CR0-OCCT691-occt-64/inc/Handle_ShapeFix_Wire.hxx
+M ShapeFix:pubinclude:ShapeFix_Wire.hxx /misc/dn61/LocalWOK/wok_entities/LOC/dev/CR0-OCCT691-7-CR0-OCCT691-occt-64/inc/ShapeFix_Wire.hxx
+M ShapeFix:privinclude:ShapeFix_Wire.jxx /misc/dn61/LocalWOK/wok_entities/LOC/dev/CR0-OCCT691-7-CR0-OCCT691-occt-64/drv/ShapeFix/ShapeFix_Wire.jxx
+M ShapeFix:privinclude:ShapeFix_Wire.ixx /misc/dn61/LocalWOK/wok_entities/LOC/dev/CR0-OCCT691-7-CR0-OCCT691-occt-64/drv/ShapeFix/ShapeFix_Wire.ixx
+M ShapeFix:pubinclude:Handle_ShapeFix_Face.hxx /misc/dn61/LocalWOK/wok_entities/LOC/dev/CR0-OCCT691-7-CR0-OCCT691-occt-64/inc/Handle_ShapeFix_Face.hxx
+M ShapeFix:pubinclude:ShapeFix_Face.hxx /misc/dn61/LocalWOK/wok_entities/LOC/dev/CR0-OCCT691-7-CR0-OCCT691-occt-64/inc/ShapeFix_Face.hxx
+M ShapeFix:privinclude:ShapeFix_Face.jxx /misc/dn61/LocalWOK/wok_entities/LOC/dev/CR0-OCCT691-7-CR0-OCCT691-occt-64/drv/ShapeFix/ShapeFix_Face.jxx
+M ShapeFix:privinclude:ShapeFix_Face.ixx /misc/dn61/LocalWOK/wok_entities/LOC/dev/CR0-OCCT691-7-CR0-OCCT691-occt-64/drv/ShapeFix/ShapeFix_Face.ixx
+M ShapeFix:pubinclude:Handle_ShapeFix_FixSmallFace.hxx /misc/dn61/LocalWOK/wok_entities/LOC/dev/CR0-OCCT691-7-CR0-OCCT691-occt-64/inc/Handle_ShapeFix_FixSmallFace.hxx
+M ShapeFix:pubinclude:ShapeFix_FixSmallFace.hxx /misc/dn61/LocalWOK/wok_entities/LOC/dev/CR0-OCCT691-7-CR0-OCCT691-occt-64/inc/ShapeFix_FixSmallFace.hxx
+M ShapeFix:privinclude:ShapeFix_FixSmallFace.jxx /misc/dn61/LocalWOK/wok_entities/LOC/dev/CR0-OCCT691-7-CR0-OCCT691-occt-64/drv/ShapeFix/ShapeFix_FixSmallFace.jxx
+M ShapeFix:privinclude:ShapeFix_FixSmallFace.ixx /misc/dn61/LocalWOK/wok_entities/LOC/dev/CR0-OCCT691-7-CR0-OCCT691-occt-64/drv/ShapeFix/ShapeFix_FixSmallFace.ixx
+M ShapeFix:pubinclude:Handle_ShapeFix_FixSmallSolid.hxx /misc/dn61/LocalWOK/wok_entities/LOC/dev/CR0-OCCT691-7-CR0-OCCT691-occt-64/inc/Handle_ShapeFix_FixSmallSolid.hxx
+M ShapeFix:pubinclude:ShapeFix_FixSmallSolid.hxx /misc/dn61/LocalWOK/wok_entities/LOC/dev/CR0-OCCT691-7-CR0-OCCT691-occt-64/inc/ShapeFix_FixSmallSolid.hxx
+M ShapeFix:privinclude:ShapeFix_FixSmallSolid.jxx /misc/dn61/LocalWOK/wok_entities/LOC/dev/CR0-OCCT691-7-CR0-OCCT691-occt-64/drv/ShapeFix/ShapeFix_FixSmallSolid.jxx
+M ShapeFix:privinclude:ShapeFix_FixSmallSolid.ixx /misc/dn61/LocalWOK/wok_entities/LOC/dev/CR0-OCCT691-7-CR0-OCCT691-occt-64/drv/ShapeFix/ShapeFix_FixSmallSolid.ixx
+M ShapeFix:pubinclude:ShapeFix_WireVertex.hxx /misc/dn61/LocalWOK/wok_entities/LOC/dev/CR0-OCCT691-7-CR0-OCCT691-occt-64/inc/ShapeFix_WireVertex.hxx
+M ShapeFix:privinclude:ShapeFix_WireVertex.jxx /misc/dn61/LocalWOK/wok_entities/LOC/dev/CR0-OCCT691-7-CR0-OCCT691-occt-64/drv/ShapeFix/ShapeFix_WireVertex.jxx
+M ShapeFix:privinclude:ShapeFix_WireVertex.ixx /misc/dn61/LocalWOK/wok_entities/LOC/dev/CR0-OCCT691-7-CR0-OCCT691-occt-64/drv/ShapeFix/ShapeFix_WireVertex.ixx
+M ShapeFix:pubinclude:Handle_ShapeFix_Wireframe.hxx /misc/dn61/LocalWOK/wok_entities/LOC/dev/CR0-OCCT691-7-CR0-OCCT691-occt-64/inc/Handle_ShapeFix_Wireframe.hxx
+M ShapeFix:pubinclude:ShapeFix_Wireframe.hxx /misc/dn61/LocalWOK/wok_entities/LOC/dev/CR0-OCCT691-7-CR0-OCCT691-occt-64/inc/ShapeFix_Wireframe.hxx
+M ShapeFix:privinclude:ShapeFix_Wireframe.jxx /misc/dn61/LocalWOK/wok_entities/LOC/dev/CR0-OCCT691-7-CR0-OCCT691-occt-64/drv/ShapeFix/ShapeFix_Wireframe.jxx
+M ShapeFix:privinclude:ShapeFix_Wireframe.ixx /misc/dn61/LocalWOK/wok_entities/LOC/dev/CR0-OCCT691-7-CR0-OCCT691-occt-64/drv/ShapeFix/ShapeFix_Wireframe.ixx
+M ShapeFix:pubinclude:ShapeFix_FreeBounds.hxx /misc/dn61/LocalWOK/wok_entities/LOC/dev/CR0-OCCT691-7-CR0-OCCT691-occt-64/inc/ShapeFix_FreeBounds.hxx
+M ShapeFix:privinclude:ShapeFix_FreeBounds.jxx /misc/dn61/LocalWOK/wok_entities/LOC/dev/CR0-OCCT691-7-CR0-OCCT691-occt-64/drv/ShapeFix/ShapeFix_FreeBounds.jxx
+M ShapeFix:privinclude:ShapeFix_FreeBounds.ixx /misc/dn61/LocalWOK/wok_entities/LOC/dev/CR0-OCCT691-7-CR0-OCCT691-occt-64/drv/ShapeFix/ShapeFix_FreeBounds.ixx
+M ShapeFix:pubinclude:ShapeFix_FaceConnect.hxx /misc/dn61/LocalWOK/wok_entities/LOC/dev/CR0-OCCT691-7-CR0-OCCT691-occt-64/inc/ShapeFix_FaceConnect.hxx
+M ShapeFix:privinclude:ShapeFix_FaceConnect.jxx /misc/dn61/LocalWOK/wok_entities/LOC/dev/CR0-OCCT691-7-CR0-OCCT691-occt-64/drv/ShapeFix/ShapeFix_FaceConnect.jxx
+M ShapeFix:privinclude:ShapeFix_FaceConnect.ixx /misc/dn61/LocalWOK/wok_entities/LOC/dev/CR0-OCCT691-7-CR0-OCCT691-occt-64/drv/ShapeFix/ShapeFix_FaceConnect.ixx
+M ShapeFix:pubinclude:Handle_ShapeFix_Shell.hxx /misc/dn61/LocalWOK/wok_entities/LOC/dev/CR0-OCCT691-7-CR0-OCCT691-occt-64/inc/Handle_ShapeFix_Shell.hxx
+M ShapeFix:pubinclude:ShapeFix_Shell.hxx /misc/dn61/LocalWOK/wok_entities/LOC/dev/CR0-OCCT691-7-CR0-OCCT691-occt-64/inc/ShapeFix_Shell.hxx
+M ShapeFix:privinclude:ShapeFix_Shell.jxx /misc/dn61/LocalWOK/wok_entities/LOC/dev/CR0-OCCT691-7-CR0-OCCT691-occt-64/drv/ShapeFix/ShapeFix_Shell.jxx
+M ShapeFix:privinclude:ShapeFix_Shell.ixx /misc/dn61/LocalWOK/wok_entities/LOC/dev/CR0-OCCT691-7-CR0-OCCT691-occt-64/drv/ShapeFix/ShapeFix_Shell.ixx
+M ShapeFix:pubinclude:Handle_ShapeFix_Solid.hxx /misc/dn61/LocalWOK/wok_entities/LOC/dev/CR0-OCCT691-7-CR0-OCCT691-occt-64/inc/Handle_ShapeFix_Solid.hxx
+M ShapeFix:pubinclude:ShapeFix_Solid.hxx /misc/dn61/LocalWOK/wok_entities/LOC/dev/CR0-OCCT691-7-CR0-OCCT691-occt-64/inc/ShapeFix_Solid.hxx
+M ShapeFix:privinclude:ShapeFix_Solid.jxx /misc/dn61/LocalWOK/wok_entities/LOC/dev/CR0-OCCT691-7-CR0-OCCT691-occt-64/drv/ShapeFix/ShapeFix_Solid.jxx
+M ShapeFix:privinclude:ShapeFix_Solid.ixx /misc/dn61/LocalWOK/wok_entities/LOC/dev/CR0-OCCT691-7-CR0-OCCT691-occt-64/drv/ShapeFix/ShapeFix_Solid.ixx
+M ShapeFix:pubinclude:ShapeFix_ShapeTolerance.hxx /misc/dn61/LocalWOK/wok_entities/LOC/dev/CR0-OCCT691-7-CR0-OCCT691-occt-64/inc/ShapeFix_ShapeTolerance.hxx
+M ShapeFix:privinclude:ShapeFix_ShapeTolerance.jxx /misc/dn61/LocalWOK/wok_entities/LOC/dev/CR0-OCCT691-7-CR0-OCCT691-occt-64/drv/ShapeFix/ShapeFix_ShapeTolerance.jxx
+M ShapeFix:privinclude:ShapeFix_ShapeTolerance.ixx /misc/dn61/LocalWOK/wok_entities/LOC/dev/CR0-OCCT691-7-CR0-OCCT691-occt-64/drv/ShapeFix/ShapeFix_ShapeTolerance.ixx
+M ShapeFix:pubinclude:Handle_ShapeFix_Shape.hxx /misc/dn61/LocalWOK/wok_entities/LOC/dev/CR0-OCCT691-7-CR0-OCCT691-occt-64/inc/Handle_ShapeFix_Shape.hxx
+M ShapeFix:pubinclude:ShapeFix_Shape.hxx /misc/dn61/LocalWOK/wok_entities/LOC/dev/CR0-OCCT691-7-CR0-OCCT691-occt-64/inc/ShapeFix_Shape.hxx
+M ShapeFix:privinclude:ShapeFix_Shape.jxx /misc/dn61/LocalWOK/wok_entities/LOC/dev/CR0-OCCT691-7-CR0-OCCT691-occt-64/drv/ShapeFix/ShapeFix_Shape.jxx
+M ShapeFix:privinclude:ShapeFix_Shape.ixx /misc/dn61/LocalWOK/wok_entities/LOC/dev/CR0-OCCT691-7-CR0-OCCT691-occt-64/drv/ShapeFix/ShapeFix_Shape.ixx
+M ShapeFix:pubinclude:ShapeFix_EdgeConnect.hxx /misc/dn61/LocalWOK/wok_entities/LOC/dev/CR0-OCCT691-7-CR0-OCCT691-occt-64/inc/ShapeFix_EdgeConnect.hxx
+M ShapeFix:privinclude:ShapeFix_EdgeConnect.jxx /misc/dn61/LocalWOK/wok_entities/LOC/dev/CR0-OCCT691-7-CR0-OCCT691-occt-64/drv/ShapeFix/ShapeFix_EdgeConnect.jxx
+M ShapeFix:privinclude:ShapeFix_EdgeConnect.ixx /misc/dn61/LocalWOK/wok_entities/LOC/dev/CR0-OCCT691-7-CR0-OCCT691-occt-64/drv/ShapeFix/ShapeFix_EdgeConnect.ixx
+M ShapeFix:pubinclude:Handle_ShapeFix_ComposeShell.hxx /misc/dn61/LocalWOK/wok_entities/LOC/dev/CR0-OCCT691-7-CR0-OCCT691-occt-64/inc/Handle_ShapeFix_ComposeShell.hxx
+M ShapeFix:pubinclude:ShapeFix_ComposeShell.hxx /misc/dn61/LocalWOK/wok_entities/LOC/dev/CR0-OCCT691-7-CR0-OCCT691-occt-64/inc/ShapeFix_ComposeShell.hxx
+M ShapeFix:privinclude:ShapeFix_ComposeShell.jxx /misc/dn61/LocalWOK/wok_entities/LOC/dev/CR0-OCCT691-7-CR0-OCCT691-occt-64/drv/ShapeFix/ShapeFix_ComposeShell.jxx
+M ShapeFix:privinclude:ShapeFix_ComposeShell.ixx /misc/dn61/LocalWOK/wok_entities/LOC/dev/CR0-OCCT691-7-CR0-OCCT691-occt-64/drv/ShapeFix/ShapeFix_ComposeShell.ixx
+M ShapeFix:pubinclude:Handle_ShapeFix_SplitCommonVertex.hxx /misc/dn61/LocalWOK/wok_entities/LOC/dev/CR0-OCCT691-7-CR0-OCCT691-occt-64/inc/Handle_ShapeFix_SplitCommonVertex.hxx
+M ShapeFix:pubinclude:ShapeFix_SplitCommonVertex.hxx /misc/dn61/LocalWOK/wok_entities/LOC/dev/CR0-OCCT691-7-CR0-OCCT691-occt-64/inc/ShapeFix_SplitCommonVertex.hxx
+M ShapeFix:privinclude:ShapeFix_SplitCommonVertex.jxx /misc/dn61/LocalWOK/wok_entities/LOC/dev/CR0-OCCT691-7-CR0-OCCT691-occt-64/drv/ShapeFix/ShapeFix_SplitCommonVertex.jxx
+M ShapeFix:privinclude:ShapeFix_SplitCommonVertex.ixx /misc/dn61/LocalWOK/wok_entities/LOC/dev/CR0-OCCT691-7-CR0-OCCT691-occt-64/drv/ShapeFix/ShapeFix_SplitCommonVertex.ixx
+M ShapeFix:pubinclude:ShapeFix_WireSegment.hxx /misc/dn61/LocalWOK/wok_entities/LOC/dev/CR0-OCCT691-7-CR0-OCCT691-occt-64/inc/ShapeFix_WireSegment.hxx
+M ShapeFix:privinclude:ShapeFix_WireSegment.jxx /misc/dn61/LocalWOK/wok_entities/LOC/dev/CR0-OCCT691-7-CR0-OCCT691-occt-64/drv/ShapeFix/ShapeFix_WireSegment.jxx
+M ShapeFix:privinclude:ShapeFix_WireSegment.ixx /misc/dn61/LocalWOK/wok_entities/LOC/dev/CR0-OCCT691-7-CR0-OCCT691-occt-64/drv/ShapeFix/ShapeFix_WireSegment.ixx
+M ShapeFix:pubinclude:ShapeFix_IntersectionTool.hxx /misc/dn61/LocalWOK/wok_entities/LOC/dev/CR0-OCCT691-7-CR0-OCCT691-occt-64/inc/ShapeFix_IntersectionTool.hxx
+M ShapeFix:privinclude:ShapeFix_IntersectionTool.jxx /misc/dn61/LocalWOK/wok_entities/LOC/dev/CR0-OCCT691-7-CR0-OCCT691-occt-64/drv/ShapeFix/ShapeFix_IntersectionTool.jxx
+M ShapeFix:privinclude:ShapeFix_IntersectionTool.ixx /misc/dn61/LocalWOK/wok_entities/LOC/dev/CR0-OCCT691-7-CR0-OCCT691-occt-64/drv/ShapeFix/ShapeFix_IntersectionTool.ixx
+M ShapeFix:pubinclude:ShapeFix_SplitTool.hxx /misc/dn61/LocalWOK/wok_entities/LOC/dev/CR0-OCCT691-7-CR0-OCCT691-occt-64/inc/ShapeFix_SplitTool.hxx
+M ShapeFix:privinclude:ShapeFix_SplitTool.jxx /misc/dn61/LocalWOK/wok_entities/LOC/dev/CR0-OCCT691-7-CR0-OCCT691-occt-64/drv/ShapeFix/ShapeFix_SplitTool.jxx
+M ShapeFix:privinclude:ShapeFix_SplitTool.ixx /misc/dn61/LocalWOK/wok_entities/LOC/dev/CR0-OCCT691-7-CR0-OCCT691-occt-64/drv/ShapeFix/ShapeFix_SplitTool.ixx
+M ShapeFix:pubinclude:ShapeFix_SequenceOfWireSegment.hxx /misc/dn61/LocalWOK/wok_entities/LOC/dev/CR0-OCCT691-7-CR0-OCCT691-occt-64/inc/ShapeFix_SequenceOfWireSegment.hxx
+M ShapeFix:derivated:ShapeFix_SequenceOfWireSegment_0.cxx /misc/dn61/LocalWOK/wok_entities/LOC/dev/CR0-OCCT691-7-CR0-OCCT691-occt-64/drv/ShapeFix/ShapeFix_SequenceOfWireSegment_0.cxx
+M ShapeFix:pubinclude:ShapeFix_DataMapOfShapeBox2d.hxx /misc/dn61/LocalWOK/wok_entities/LOC/dev/CR0-OCCT691-7-CR0-OCCT691-occt-64/inc/ShapeFix_DataMapOfShapeBox2d.hxx
+M ShapeFix:derivated:ShapeFix_DataMapOfShapeBox2d_0.cxx /misc/dn61/LocalWOK/wok_entities/LOC/dev/CR0-OCCT691-7-CR0-OCCT691-occt-64/drv/ShapeFix/ShapeFix_DataMapOfShapeBox2d_0.cxx
+M ShapeFix:pubinclude:Handle_ShapeFix_SequenceNodeOfSequenceOfWireSegment.hxx /misc/dn61/LocalWOK/wok_entities/LOC/dev/CR0-OCCT691-7-CR0-OCCT691-occt-64/inc/Handle_ShapeFix_SequenceNodeOfSequenceOfWireSegment.hxx
+M ShapeFix:pubinclude:ShapeFix_SequenceNodeOfSequenceOfWireSegment.hxx /misc/dn61/LocalWOK/wok_entities/LOC/dev/CR0-OCCT691-7-CR0-OCCT691-occt-64/inc/ShapeFix_SequenceNodeOfSequenceOfWireSegment.hxx
+M ShapeFix:derivated:ShapeFix_SequenceNodeOfSequenceOfWireSegment_0.cxx /misc/dn61/LocalWOK/wok_entities/LOC/dev/CR0-OCCT691-7-CR0-OCCT691-occt-64/drv/ShapeFix/ShapeFix_SequenceNodeOfSequenceOfWireSegment_0.cxx
+M ShapeFix:pubinclude:Handle_ShapeFix_DataMapNodeOfDataMapOfShapeBox2d.hxx /misc/dn61/LocalWOK/wok_entities/LOC/dev/CR0-OCCT691-7-CR0-OCCT691-occt-64/inc/Handle_ShapeFix_DataMapNodeOfDataMapOfShapeBox2d.hxx
+M ShapeFix:pubinclude:ShapeFix_DataMapNodeOfDataMapOfShapeBox2d.hxx /misc/dn61/LocalWOK/wok_entities/LOC/dev/CR0-OCCT691-7-CR0-OCCT691-occt-64/inc/ShapeFix_DataMapNodeOfDataMapOfShapeBox2d.hxx
+M ShapeFix:derivated:ShapeFix_DataMapNodeOfDataMapOfShapeBox2d_0.cxx /misc/dn61/LocalWOK/wok_entities/LOC/dev/CR0-OCCT691-7-CR0-OCCT691-occt-64/drv/ShapeFix/ShapeFix_DataMapNodeOfDataMapOfShapeBox2d_0.cxx
+M ShapeFix:pubinclude:ShapeFix_DataMapIteratorOfDataMapOfShapeBox2d.hxx /misc/dn61/LocalWOK/wok_entities/LOC/dev/CR0-OCCT691-7-CR0-OCCT691-occt-64/inc/ShapeFix_DataMapIteratorOfDataMapOfShapeBox2d.hxx
+M ShapeFix:derivated:ShapeFix_DataMapIteratorOfDataMapOfShapeBox2d_0.cxx /misc/dn61/LocalWOK/wok_entities/LOC/dev/CR0-OCCT691-7-CR0-OCCT691-occt-64/drv/ShapeFix/ShapeFix_DataMapIteratorOfDataMapOfShapeBox2d_0.cxx
+M ShapeFix:dbadmfile:ShapeFix_xcpp_header.In /misc/dn61/LocalWOK/wok_entities/LOC/dev/CR0-OCCT691-7-CR0-OCCT691-occt-64/drv/ShapeFix/.adm/ShapeFix_xcpp_header.In
+M ShapeFix:dbadmfile:ShapeFix_xcpp_header.Out /misc/dn61/LocalWOK/wok_entities/LOC/dev/CR0-OCCT691-7-CR0-OCCT691-occt-64/drv/ShapeFix/.adm/ShapeFix_xcpp_header.Out
+M ShapeFix:dbadmfile:ShapeFix_xcpp_header.Dep /misc/dn61/LocalWOK/wok_entities/LOC/dev/CR0-OCCT691-7-CR0-OCCT691-occt-64/drv/ShapeFix/.adm/ShapeFix_xcpp_header.Dep
