+M TPrsStd:pubinclude:Handle_TPrsStd_AISViewer.hxx /misc/dn61/LocalWOK/wok_entities/LOC/dev/CR0-OCCT691-7-CR0-OCCT691-occt-64/inc/Handle_TPrsStd_AISViewer.hxx
+M TPrsStd:pubinclude:TPrsStd_AISViewer.hxx /misc/dn61/LocalWOK/wok_entities/LOC/dev/CR0-OCCT691-7-CR0-OCCT691-occt-64/inc/TPrsStd_AISViewer.hxx
+M TPrsStd:privinclude:TPrsStd_AISViewer.jxx /misc/dn61/LocalWOK/wok_entities/LOC/dev/CR0-OCCT691-7-CR0-OCCT691-occt-64/drv/TPrsStd/TPrsStd_AISViewer.jxx
+M TPrsStd:privinclude:TPrsStd_AISViewer.ixx /misc/dn61/LocalWOK/wok_entities/LOC/dev/CR0-OCCT691-7-CR0-OCCT691-occt-64/drv/TPrsStd/TPrsStd_AISViewer.ixx
+M TPrsStd:pubinclude:Handle_TPrsStd_AISPresentation.hxx /misc/dn61/LocalWOK/wok_entities/LOC/dev/CR0-OCCT691-7-CR0-OCCT691-occt-64/inc/Handle_TPrsStd_AISPresentation.hxx
+M TPrsStd:pubinclude:TPrsStd_AISPresentation.hxx /misc/dn61/LocalWOK/wok_entities/LOC/dev/CR0-OCCT691-7-CR0-OCCT691-occt-64/inc/TPrsStd_AISPresentation.hxx
+M TPrsStd:privinclude:TPrsStd_AISPresentation.jxx /misc/dn61/LocalWOK/wok_entities/LOC/dev/CR0-OCCT691-7-CR0-OCCT691-occt-64/drv/TPrsStd/TPrsStd_AISPresentation.jxx
+M TPrsStd:privinclude:TPrsStd_AISPresentation.ixx /misc/dn61/LocalWOK/wok_entities/LOC/dev/CR0-OCCT691-7-CR0-OCCT691-occt-64/drv/TPrsStd/TPrsStd_AISPresentation.ixx
+M TPrsStd:pubinclude:Handle_TPrsStd_Driver.hxx /misc/dn61/LocalWOK/wok_entities/LOC/dev/CR0-OCCT691-7-CR0-OCCT691-occt-64/inc/Handle_TPrsStd_Driver.hxx
+M TPrsStd:pubinclude:TPrsStd_Driver.hxx /misc/dn61/LocalWOK/wok_entities/LOC/dev/CR0-OCCT691-7-CR0-OCCT691-occt-64/inc/TPrsStd_Driver.hxx
+M TPrsStd:privinclude:TPrsStd_Driver.jxx /misc/dn61/LocalWOK/wok_entities/LOC/dev/CR0-OCCT691-7-CR0-OCCT691-occt-64/drv/TPrsStd/TPrsStd_Driver.jxx
+M TPrsStd:privinclude:TPrsStd_Driver.ixx /misc/dn61/LocalWOK/wok_entities/LOC/dev/CR0-OCCT691-7-CR0-OCCT691-occt-64/drv/TPrsStd/TPrsStd_Driver.ixx
+M TPrsStd:pubinclude:Handle_TPrsStd_PointDriver.hxx /misc/dn61/LocalWOK/wok_entities/LOC/dev/CR0-OCCT691-7-CR0-OCCT691-occt-64/inc/Handle_TPrsStd_PointDriver.hxx
+M TPrsStd:pubinclude:TPrsStd_PointDriver.hxx /misc/dn61/LocalWOK/wok_entities/LOC/dev/CR0-OCCT691-7-CR0-OCCT691-occt-64/inc/TPrsStd_PointDriver.hxx
+M TPrsStd:privinclude:TPrsStd_PointDriver.jxx /misc/dn61/LocalWOK/wok_entities/LOC/dev/CR0-OCCT691-7-CR0-OCCT691-occt-64/drv/TPrsStd/TPrsStd_PointDriver.jxx
+M TPrsStd:privinclude:TPrsStd_PointDriver.ixx /misc/dn61/LocalWOK/wok_entities/LOC/dev/CR0-OCCT691-7-CR0-OCCT691-occt-64/drv/TPrsStd/TPrsStd_PointDriver.ixx
+M TPrsStd:pubinclude:Handle_TPrsStd_AxisDriver.hxx /misc/dn61/LocalWOK/wok_entities/LOC/dev/CR0-OCCT691-7-CR0-OCCT691-occt-64/inc/Handle_TPrsStd_AxisDriver.hxx
+M TPrsStd:pubinclude:TPrsStd_AxisDriver.hxx /misc/dn61/LocalWOK/wok_entities/LOC/dev/CR0-OCCT691-7-CR0-OCCT691-occt-64/inc/TPrsStd_AxisDriver.hxx
+M TPrsStd:privinclude:TPrsStd_AxisDriver.jxx /misc/dn61/LocalWOK/wok_entities/LOC/dev/CR0-OCCT691-7-CR0-OCCT691-occt-64/drv/TPrsStd/TPrsStd_AxisDriver.jxx
+M TPrsStd:privinclude:TPrsStd_AxisDriver.ixx /misc/dn61/LocalWOK/wok_entities/LOC/dev/CR0-OCCT691-7-CR0-OCCT691-occt-64/drv/TPrsStd/TPrsStd_AxisDriver.ixx
+M TPrsStd:pubinclude:Handle_TPrsStd_PlaneDriver.hxx /misc/dn61/LocalWOK/wok_entities/LOC/dev/CR0-OCCT691-7-CR0-OCCT691-occt-64/inc/Handle_TPrsStd_PlaneDriver.hxx
+M TPrsStd:pubinclude:TPrsStd_PlaneDriver.hxx /misc/dn61/LocalWOK/wok_entities/LOC/dev/CR0-OCCT691-7-CR0-OCCT691-occt-64/inc/TPrsStd_PlaneDriver.hxx
+M TPrsStd:privinclude:TPrsStd_PlaneDriver.jxx /misc/dn61/LocalWOK/wok_entities/LOC/dev/CR0-OCCT691-7-CR0-OCCT691-occt-64/drv/TPrsStd/TPrsStd_PlaneDriver.jxx
+M TPrsStd:privinclude:TPrsStd_PlaneDriver.ixx /misc/dn61/LocalWOK/wok_entities/LOC/dev/CR0-OCCT691-7-CR0-OCCT691-occt-64/drv/TPrsStd/TPrsStd_PlaneDriver.ixx
+M TPrsStd:pubinclude:Handle_TPrsStd_GeometryDriver.hxx /misc/dn61/LocalWOK/wok_entities/LOC/dev/CR0-OCCT691-7-CR0-OCCT691-occt-64/inc/Handle_TPrsStd_GeometryDriver.hxx
+M TPrsStd:pubinclude:TPrsStd_GeometryDriver.hxx /misc/dn61/LocalWOK/wok_entities/LOC/dev/CR0-OCCT691-7-CR0-OCCT691-occt-64/inc/TPrsStd_GeometryDriver.hxx
+M TPrsStd:privinclude:TPrsStd_GeometryDriver.jxx /misc/dn61/LocalWOK/wok_entities/LOC/dev/CR0-OCCT691-7-CR0-OCCT691-occt-64/drv/TPrsStd/TPrsStd_GeometryDriver.jxx
+M TPrsStd:privinclude:TPrsStd_GeometryDriver.ixx /misc/dn61/LocalWOK/wok_entities/LOC/dev/CR0-OCCT691-7-CR0-OCCT691-occt-64/drv/TPrsStd/TPrsStd_GeometryDriver.ixx
+M TPrsStd:pubinclude:Handle_TPrsStd_ConstraintDriver.hxx /misc/dn61/LocalWOK/wok_entities/LOC/dev/CR0-OCCT691-7-CR0-OCCT691-occt-64/inc/Handle_TPrsStd_ConstraintDriver.hxx
+M TPrsStd:pubinclude:TPrsStd_ConstraintDriver.hxx /misc/dn61/LocalWOK/wok_entities/LOC/dev/CR0-OCCT691-7-CR0-OCCT691-occt-64/inc/TPrsStd_ConstraintDriver.hxx
+M TPrsStd:privinclude:TPrsStd_ConstraintDriver.jxx /misc/dn61/LocalWOK/wok_entities/LOC/dev/CR0-OCCT691-7-CR0-OCCT691-occt-64/drv/TPrsStd/TPrsStd_ConstraintDriver.jxx
+M TPrsStd:privinclude:TPrsStd_ConstraintDriver.ixx /misc/dn61/LocalWOK/wok_entities/LOC/dev/CR0-OCCT691-7-CR0-OCCT691-occt-64/drv/TPrsStd/TPrsStd_ConstraintDriver.ixx
+M TPrsStd:pubinclude:Handle_TPrsStd_NamedShapeDriver.hxx /misc/dn61/LocalWOK/wok_entities/LOC/dev/CR0-OCCT691-7-CR0-OCCT691-occt-64/inc/Handle_TPrsStd_NamedShapeDriver.hxx
+M TPrsStd:pubinclude:TPrsStd_NamedShapeDriver.hxx /misc/dn61/LocalWOK/wok_entities/LOC/dev/CR0-OCCT691-7-CR0-OCCT691-occt-64/inc/TPrsStd_NamedShapeDriver.hxx
+M TPrsStd:privinclude:TPrsStd_NamedShapeDriver.jxx /misc/dn61/LocalWOK/wok_entities/LOC/dev/CR0-OCCT691-7-CR0-OCCT691-occt-64/drv/TPrsStd/TPrsStd_NamedShapeDriver.jxx
+M TPrsStd:privinclude:TPrsStd_NamedShapeDriver.ixx /misc/dn61/LocalWOK/wok_entities/LOC/dev/CR0-OCCT691-7-CR0-OCCT691-occt-64/drv/TPrsStd/TPrsStd_NamedShapeDriver.ixx
+M TPrsStd:pubinclude:Handle_TPrsStd_DriverTable.hxx /misc/dn61/LocalWOK/wok_entities/LOC/dev/CR0-OCCT691-7-CR0-OCCT691-occt-64/inc/Handle_TPrsStd_DriverTable.hxx
+M TPrsStd:pubinclude:TPrsStd_DriverTable.hxx /misc/dn61/LocalWOK/wok_entities/LOC/dev/CR0-OCCT691-7-CR0-OCCT691-occt-64/inc/TPrsStd_DriverTable.hxx
+M TPrsStd:privinclude:TPrsStd_DriverTable.jxx /misc/dn61/LocalWOK/wok_entities/LOC/dev/CR0-OCCT691-7-CR0-OCCT691-occt-64/drv/TPrsStd/TPrsStd_DriverTable.jxx
+M TPrsStd:privinclude:TPrsStd_DriverTable.ixx /misc/dn61/LocalWOK/wok_entities/LOC/dev/CR0-OCCT691-7-CR0-OCCT691-occt-64/drv/TPrsStd/TPrsStd_DriverTable.ixx
+M TPrsStd:pubinclude:TPrsStd_ConstraintTools.hxx /misc/dn61/LocalWOK/wok_entities/LOC/dev/CR0-OCCT691-7-CR0-OCCT691-occt-64/inc/TPrsStd_ConstraintTools.hxx
+M TPrsStd:privinclude:TPrsStd_ConstraintTools.jxx /misc/dn61/LocalWOK/wok_entities/LOC/dev/CR0-OCCT691-7-CR0-OCCT691-occt-64/drv/TPrsStd/TPrsStd_ConstraintTools.jxx
+M TPrsStd:privinclude:TPrsStd_ConstraintTools.ixx /misc/dn61/LocalWOK/wok_entities/LOC/dev/CR0-OCCT691-7-CR0-OCCT691-occt-64/drv/TPrsStd/TPrsStd_ConstraintTools.ixx
+M TPrsStd:pubinclude:TPrsStd_DataMapOfGUIDDriver.hxx /misc/dn61/LocalWOK/wok_entities/LOC/dev/CR0-OCCT691-7-CR0-OCCT691-occt-64/inc/TPrsStd_DataMapOfGUIDDriver.hxx
+M TPrsStd:derivated:TPrsStd_DataMapOfGUIDDriver_0.cxx /misc/dn61/LocalWOK/wok_entities/LOC/dev/CR0-OCCT691-7-CR0-OCCT691-occt-64/drv/TPrsStd/TPrsStd_DataMapOfGUIDDriver_0.cxx
+M TPrsStd:pubinclude:Handle_TPrsStd_DataMapNodeOfDataMapOfGUIDDriver.hxx /misc/dn61/LocalWOK/wok_entities/LOC/dev/CR0-OCCT691-7-CR0-OCCT691-occt-64/inc/Handle_TPrsStd_DataMapNodeOfDataMapOfGUIDDriver.hxx
+M TPrsStd:pubinclude:TPrsStd_DataMapNodeOfDataMapOfGUIDDriver.hxx /misc/dn61/LocalWOK/wok_entities/LOC/dev/CR0-OCCT691-7-CR0-OCCT691-occt-64/inc/TPrsStd_DataMapNodeOfDataMapOfGUIDDriver.hxx
+M TPrsStd:derivated:TPrsStd_DataMapNodeOfDataMapOfGUIDDriver_0.cxx /misc/dn61/LocalWOK/wok_entities/LOC/dev/CR0-OCCT691-7-CR0-OCCT691-occt-64/drv/TPrsStd/TPrsStd_DataMapNodeOfDataMapOfGUIDDriver_0.cxx
+M TPrsStd:pubinclude:TPrsStd_DataMapIteratorOfDataMapOfGUIDDriver.hxx /misc/dn61/LocalWOK/wok_entities/LOC/dev/CR0-OCCT691-7-CR0-OCCT691-occt-64/inc/TPrsStd_DataMapIteratorOfDataMapOfGUIDDriver.hxx
+M TPrsStd:derivated:TPrsStd_DataMapIteratorOfDataMapOfGUIDDriver_0.cxx /misc/dn61/LocalWOK/wok_entities/LOC/dev/CR0-OCCT691-7-CR0-OCCT691-occt-64/drv/TPrsStd/TPrsStd_DataMapIteratorOfDataMapOfGUIDDriver_0.cxx
+M TPrsStd:dbadmfile:TPrsStd_xcpp_header.In /misc/dn61/LocalWOK/wok_entities/LOC/dev/CR0-OCCT691-7-CR0-OCCT691-occt-64/drv/TPrsStd/.adm/TPrsStd_xcpp_header.In
+M TPrsStd:dbadmfile:TPrsStd_xcpp_header.Out /misc/dn61/LocalWOK/wok_entities/LOC/dev/CR0-OCCT691-7-CR0-OCCT691-occt-64/drv/TPrsStd/.adm/TPrsStd_xcpp_header.Out
+M TPrsStd:dbadmfile:TPrsStd_xcpp_header.Dep /misc/dn61/LocalWOK/wok_entities/LOC/dev/CR0-OCCT691-7-CR0-OCCT691-occt-64/drv/TPrsStd/.adm/TPrsStd_xcpp_header.Dep
