+M MDF:pubinclude:MDF.hxx /misc/dn61/LocalWOK/wok_entities/LOC/dev/CR0-OCCT691-7-CR0-OCCT691-occt-64/inc/MDF.hxx
+M MDF:privinclude:MDF.jxx /misc/dn61/LocalWOK/wok_entities/LOC/dev/CR0-OCCT691-7-CR0-OCCT691-occt-64/drv/MDF/MDF.jxx
+M MDF:privinclude:MDF.ixx /misc/dn61/LocalWOK/wok_entities/LOC/dev/CR0-OCCT691-7-CR0-OCCT691-occt-64/drv/MDF/MDF.ixx
+M MDF:pubinclude:Handle_MDF_ASDriver.hxx /misc/dn61/LocalWOK/wok_entities/LOC/dev/CR0-OCCT691-7-CR0-OCCT691-occt-64/inc/Handle_MDF_ASDriver.hxx
+M MDF:pubinclude:MDF_ASDriver.hxx /misc/dn61/LocalWOK/wok_entities/LOC/dev/CR0-OCCT691-7-CR0-OCCT691-occt-64/inc/MDF_ASDriver.hxx
+M MDF:privinclude:MDF_ASDriver.jxx /misc/dn61/LocalWOK/wok_entities/LOC/dev/CR0-OCCT691-7-CR0-OCCT691-occt-64/drv/MDF/MDF_ASDriver.jxx
+M MDF:privinclude:MDF_ASDriver.ixx /misc/dn61/LocalWOK/wok_entities/LOC/dev/CR0-OCCT691-7-CR0-OCCT691-occt-64/drv/MDF/MDF_ASDriver.ixx
+M MDF:pubinclude:Handle_MDF_ARDriver.hxx /misc/dn61/LocalWOK/wok_entities/LOC/dev/CR0-OCCT691-7-CR0-OCCT691-occt-64/inc/Handle_MDF_ARDriver.hxx
+M MDF:pubinclude:MDF_ARDriver.hxx /misc/dn61/LocalWOK/wok_entities/LOC/dev/CR0-OCCT691-7-CR0-OCCT691-occt-64/inc/MDF_ARDriver.hxx
+M MDF:privinclude:MDF_ARDriver.jxx /misc/dn61/LocalWOK/wok_entities/LOC/dev/CR0-OCCT691-7-CR0-OCCT691-occt-64/drv/MDF/MDF_ARDriver.jxx
+M MDF:privinclude:MDF_ARDriver.ixx /misc/dn61/LocalWOK/wok_entities/LOC/dev/CR0-OCCT691-7-CR0-OCCT691-occt-64/drv/MDF/MDF_ARDriver.ixx
+M MDF:pubinclude:MDF_Tool.hxx /misc/dn61/LocalWOK/wok_entities/LOC/dev/CR0-OCCT691-7-CR0-OCCT691-occt-64/inc/MDF_Tool.hxx
+M MDF:privinclude:MDF_Tool.jxx /misc/dn61/LocalWOK/wok_entities/LOC/dev/CR0-OCCT691-7-CR0-OCCT691-occt-64/drv/MDF/MDF_Tool.jxx
+M MDF:privinclude:MDF_Tool.ixx /misc/dn61/LocalWOK/wok_entities/LOC/dev/CR0-OCCT691-7-CR0-OCCT691-occt-64/drv/MDF/MDF_Tool.ixx
+M MDF:pubinclude:Handle_MDF_TagSourceStorageDriver.hxx /misc/dn61/LocalWOK/wok_entities/LOC/dev/CR0-OCCT691-7-CR0-OCCT691-occt-64/inc/Handle_MDF_TagSourceStorageDriver.hxx
+M MDF:pubinclude:MDF_TagSourceStorageDriver.hxx /misc/dn61/LocalWOK/wok_entities/LOC/dev/CR0-OCCT691-7-CR0-OCCT691-occt-64/inc/MDF_TagSourceStorageDriver.hxx
+M MDF:privinclude:MDF_TagSourceStorageDriver.jxx /misc/dn61/LocalWOK/wok_entities/LOC/dev/CR0-OCCT691-7-CR0-OCCT691-occt-64/drv/MDF/MDF_TagSourceStorageDriver.jxx
+M MDF:privinclude:MDF_TagSourceStorageDriver.ixx /misc/dn61/LocalWOK/wok_entities/LOC/dev/CR0-OCCT691-7-CR0-OCCT691-occt-64/drv/MDF/MDF_TagSourceStorageDriver.ixx
+M MDF:pubinclude:Handle_MDF_TagSourceRetrievalDriver.hxx /misc/dn61/LocalWOK/wok_entities/LOC/dev/CR0-OCCT691-7-CR0-OCCT691-occt-64/inc/Handle_MDF_TagSourceRetrievalDriver.hxx
+M MDF:pubinclude:MDF_TagSourceRetrievalDriver.hxx /misc/dn61/LocalWOK/wok_entities/LOC/dev/CR0-OCCT691-7-CR0-OCCT691-occt-64/inc/MDF_TagSourceRetrievalDriver.hxx
+M MDF:privinclude:MDF_TagSourceRetrievalDriver.jxx /misc/dn61/LocalWOK/wok_entities/LOC/dev/CR0-OCCT691-7-CR0-OCCT691-occt-64/drv/MDF/MDF_TagSourceRetrievalDriver.jxx
+M MDF:privinclude:MDF_TagSourceRetrievalDriver.ixx /misc/dn61/LocalWOK/wok_entities/LOC/dev/CR0-OCCT691-7-CR0-OCCT691-occt-64/drv/MDF/MDF_TagSourceRetrievalDriver.ixx
+M MDF:pubinclude:Handle_MDF_ReferenceStorageDriver.hxx /misc/dn61/LocalWOK/wok_entities/LOC/dev/CR0-OCCT691-7-CR0-OCCT691-occt-64/inc/Handle_MDF_ReferenceStorageDriver.hxx
+M MDF:pubinclude:MDF_ReferenceStorageDriver.hxx /misc/dn61/LocalWOK/wok_entities/LOC/dev/CR0-OCCT691-7-CR0-OCCT691-occt-64/inc/MDF_ReferenceStorageDriver.hxx
+M MDF:privinclude:MDF_ReferenceStorageDriver.jxx /misc/dn61/LocalWOK/wok_entities/LOC/dev/CR0-OCCT691-7-CR0-OCCT691-occt-64/drv/MDF/MDF_ReferenceStorageDriver.jxx
+M MDF:privinclude:MDF_ReferenceStorageDriver.ixx /misc/dn61/LocalWOK/wok_entities/LOC/dev/CR0-OCCT691-7-CR0-OCCT691-occt-64/drv/MDF/MDF_ReferenceStorageDriver.ixx
+M MDF:pubinclude:Handle_MDF_ReferenceRetrievalDriver.hxx /misc/dn61/LocalWOK/wok_entities/LOC/dev/CR0-OCCT691-7-CR0-OCCT691-occt-64/inc/Handle_MDF_ReferenceRetrievalDriver.hxx
+M MDF:pubinclude:MDF_ReferenceRetrievalDriver.hxx /misc/dn61/LocalWOK/wok_entities/LOC/dev/CR0-OCCT691-7-CR0-OCCT691-occt-64/inc/MDF_ReferenceRetrievalDriver.hxx
+M MDF:privinclude:MDF_ReferenceRetrievalDriver.jxx /misc/dn61/LocalWOK/wok_entities/LOC/dev/CR0-OCCT691-7-CR0-OCCT691-occt-64/drv/MDF/MDF_ReferenceRetrievalDriver.jxx
+M MDF:privinclude:MDF_ReferenceRetrievalDriver.ixx /misc/dn61/LocalWOK/wok_entities/LOC/dev/CR0-OCCT691-7-CR0-OCCT691-occt-64/drv/MDF/MDF_ReferenceRetrievalDriver.ixx
+M MDF:pubinclude:MDF_ASDriverSequence.hxx /misc/dn61/LocalWOK/wok_entities/LOC/dev/CR0-OCCT691-7-CR0-OCCT691-occt-64/inc/MDF_ASDriverSequence.hxx
+M MDF:derivated:MDF_ASDriverSequence_0.cxx /misc/dn61/LocalWOK/wok_entities/LOC/dev/CR0-OCCT691-7-CR0-OCCT691-occt-64/drv/MDF/MDF_ASDriverSequence_0.cxx
+M MDF:pubinclude:Handle_MDF_ASDriverHSequence.hxx /misc/dn61/LocalWOK/wok_entities/LOC/dev/CR0-OCCT691-7-CR0-OCCT691-occt-64/inc/Handle_MDF_ASDriverHSequence.hxx
+M MDF:pubinclude:MDF_ASDriverHSequence.hxx /misc/dn61/LocalWOK/wok_entities/LOC/dev/CR0-OCCT691-7-CR0-OCCT691-occt-64/inc/MDF_ASDriverHSequence.hxx
+M MDF:derivated:MDF_ASDriverHSequence_0.cxx /misc/dn61/LocalWOK/wok_entities/LOC/dev/CR0-OCCT691-7-CR0-OCCT691-occt-64/drv/MDF/MDF_ASDriverHSequence_0.cxx
+M MDF:pubinclude:MDF_ARDriverSequence.hxx /misc/dn61/LocalWOK/wok_entities/LOC/dev/CR0-OCCT691-7-CR0-OCCT691-occt-64/inc/MDF_ARDriverSequence.hxx
+M MDF:derivated:MDF_ARDriverSequence_0.cxx /misc/dn61/LocalWOK/wok_entities/LOC/dev/CR0-OCCT691-7-CR0-OCCT691-occt-64/drv/MDF/MDF_ARDriverSequence_0.cxx
+M MDF:pubinclude:Handle_MDF_ARDriverHSequence.hxx /misc/dn61/LocalWOK/wok_entities/LOC/dev/CR0-OCCT691-7-CR0-OCCT691-occt-64/inc/Handle_MDF_ARDriverHSequence.hxx
+M MDF:pubinclude:MDF_ARDriverHSequence.hxx /misc/dn61/LocalWOK/wok_entities/LOC/dev/CR0-OCCT691-7-CR0-OCCT691-occt-64/inc/MDF_ARDriverHSequence.hxx
+M MDF:derivated:MDF_ARDriverHSequence_0.cxx /misc/dn61/LocalWOK/wok_entities/LOC/dev/CR0-OCCT691-7-CR0-OCCT691-occt-64/drv/MDF/MDF_ARDriverHSequence_0.cxx
+M MDF:pubinclude:Handle_MDF_SRelocationTable.hxx /misc/dn61/LocalWOK/wok_entities/LOC/dev/CR0-OCCT691-7-CR0-OCCT691-occt-64/inc/Handle_MDF_SRelocationTable.hxx
+M MDF:pubinclude:MDF_SRelocationTable.hxx /misc/dn61/LocalWOK/wok_entities/LOC/dev/CR0-OCCT691-7-CR0-OCCT691-occt-64/inc/MDF_SRelocationTable.hxx
+M MDF:derivated:MDF_SRelocationTable_0.cxx /misc/dn61/LocalWOK/wok_entities/LOC/dev/CR0-OCCT691-7-CR0-OCCT691-occt-64/drv/MDF/MDF_SRelocationTable_0.cxx
+M MDF:pubinclude:Handle_MDF_RRelocationTable.hxx /misc/dn61/LocalWOK/wok_entities/LOC/dev/CR0-OCCT691-7-CR0-OCCT691-occt-64/inc/Handle_MDF_RRelocationTable.hxx
+M MDF:pubinclude:MDF_RRelocationTable.hxx /misc/dn61/LocalWOK/wok_entities/LOC/dev/CR0-OCCT691-7-CR0-OCCT691-occt-64/inc/MDF_RRelocationTable.hxx
+M MDF:derivated:MDF_RRelocationTable_0.cxx /misc/dn61/LocalWOK/wok_entities/LOC/dev/CR0-OCCT691-7-CR0-OCCT691-occt-64/drv/MDF/MDF_RRelocationTable_0.cxx
+M MDF:pubinclude:MDF_TypeASDriverMap.hxx /misc/dn61/LocalWOK/wok_entities/LOC/dev/CR0-OCCT691-7-CR0-OCCT691-occt-64/inc/MDF_TypeASDriverMap.hxx
+M MDF:derivated:MDF_TypeASDriverMap_0.cxx /misc/dn61/LocalWOK/wok_entities/LOC/dev/CR0-OCCT691-7-CR0-OCCT691-occt-64/drv/MDF/MDF_TypeASDriverMap_0.cxx
+M MDF:pubinclude:MDF_TypeARDriverMap.hxx /misc/dn61/LocalWOK/wok_entities/LOC/dev/CR0-OCCT691-7-CR0-OCCT691-occt-64/inc/MDF_TypeARDriverMap.hxx
+M MDF:derivated:MDF_TypeARDriverMap_0.cxx /misc/dn61/LocalWOK/wok_entities/LOC/dev/CR0-OCCT691-7-CR0-OCCT691-occt-64/drv/MDF/MDF_TypeARDriverMap_0.cxx
+M MDF:pubinclude:Handle_MDF_ASDriverTable.hxx /misc/dn61/LocalWOK/wok_entities/LOC/dev/CR0-OCCT691-7-CR0-OCCT691-occt-64/inc/Handle_MDF_ASDriverTable.hxx
+M MDF:pubinclude:MDF_ASDriverTable.hxx /misc/dn61/LocalWOK/wok_entities/LOC/dev/CR0-OCCT691-7-CR0-OCCT691-occt-64/inc/MDF_ASDriverTable.hxx
+M MDF:derivated:MDF_ASDriverTable_0.cxx /misc/dn61/LocalWOK/wok_entities/LOC/dev/CR0-OCCT691-7-CR0-OCCT691-occt-64/drv/MDF/MDF_ASDriverTable_0.cxx
+M MDF:pubinclude:Handle_MDF_ARDriverTable.hxx /misc/dn61/LocalWOK/wok_entities/LOC/dev/CR0-OCCT691-7-CR0-OCCT691-occt-64/inc/Handle_MDF_ARDriverTable.hxx
+M MDF:pubinclude:MDF_ARDriverTable.hxx /misc/dn61/LocalWOK/wok_entities/LOC/dev/CR0-OCCT691-7-CR0-OCCT691-occt-64/inc/MDF_ARDriverTable.hxx
+M MDF:derivated:MDF_ARDriverTable_0.cxx /misc/dn61/LocalWOK/wok_entities/LOC/dev/CR0-OCCT691-7-CR0-OCCT691-occt-64/drv/MDF/MDF_ARDriverTable_0.cxx
+M MDF:pubinclude:Handle_MDF_SequenceNodeOfASDriverSequence.hxx /misc/dn61/LocalWOK/wok_entities/LOC/dev/CR0-OCCT691-7-CR0-OCCT691-occt-64/inc/Handle_MDF_SequenceNodeOfASDriverSequence.hxx
+M MDF:pubinclude:MDF_SequenceNodeOfASDriverSequence.hxx /misc/dn61/LocalWOK/wok_entities/LOC/dev/CR0-OCCT691-7-CR0-OCCT691-occt-64/inc/MDF_SequenceNodeOfASDriverSequence.hxx
+M MDF:derivated:MDF_SequenceNodeOfASDriverSequence_0.cxx /misc/dn61/LocalWOK/wok_entities/LOC/dev/CR0-OCCT691-7-CR0-OCCT691-occt-64/drv/MDF/MDF_SequenceNodeOfASDriverSequence_0.cxx
+M MDF:pubinclude:Handle_MDF_SequenceNodeOfARDriverSequence.hxx /misc/dn61/LocalWOK/wok_entities/LOC/dev/CR0-OCCT691-7-CR0-OCCT691-occt-64/inc/Handle_MDF_SequenceNodeOfARDriverSequence.hxx
+M MDF:pubinclude:MDF_SequenceNodeOfARDriverSequence.hxx /misc/dn61/LocalWOK/wok_entities/LOC/dev/CR0-OCCT691-7-CR0-OCCT691-occt-64/inc/MDF_SequenceNodeOfARDriverSequence.hxx
+M MDF:derivated:MDF_SequenceNodeOfARDriverSequence_0.cxx /misc/dn61/LocalWOK/wok_entities/LOC/dev/CR0-OCCT691-7-CR0-OCCT691-occt-64/drv/MDF/MDF_SequenceNodeOfARDriverSequence_0.cxx
+M MDF:pubinclude:Handle_MDF_DataMapNodeOfTypeASDriverMap.hxx /misc/dn61/LocalWOK/wok_entities/LOC/dev/CR0-OCCT691-7-CR0-OCCT691-occt-64/inc/Handle_MDF_DataMapNodeOfTypeASDriverMap.hxx
+M MDF:pubinclude:MDF_DataMapNodeOfTypeASDriverMap.hxx /misc/dn61/LocalWOK/wok_entities/LOC/dev/CR0-OCCT691-7-CR0-OCCT691-occt-64/inc/MDF_DataMapNodeOfTypeASDriverMap.hxx
+M MDF:derivated:MDF_DataMapNodeOfTypeASDriverMap_0.cxx /misc/dn61/LocalWOK/wok_entities/LOC/dev/CR0-OCCT691-7-CR0-OCCT691-occt-64/drv/MDF/MDF_DataMapNodeOfTypeASDriverMap_0.cxx
+M MDF:pubinclude:MDF_DataMapIteratorOfTypeASDriverMap.hxx /misc/dn61/LocalWOK/wok_entities/LOC/dev/CR0-OCCT691-7-CR0-OCCT691-occt-64/inc/MDF_DataMapIteratorOfTypeASDriverMap.hxx
+M MDF:derivated:MDF_DataMapIteratorOfTypeASDriverMap_0.cxx /misc/dn61/LocalWOK/wok_entities/LOC/dev/CR0-OCCT691-7-CR0-OCCT691-occt-64/drv/MDF/MDF_DataMapIteratorOfTypeASDriverMap_0.cxx
+M MDF:pubinclude:Handle_MDF_DataMapNodeOfTypeARDriverMap.hxx /misc/dn61/LocalWOK/wok_entities/LOC/dev/CR0-OCCT691-7-CR0-OCCT691-occt-64/inc/Handle_MDF_DataMapNodeOfTypeARDriverMap.hxx
+M MDF:pubinclude:MDF_DataMapNodeOfTypeARDriverMap.hxx /misc/dn61/LocalWOK/wok_entities/LOC/dev/CR0-OCCT691-7-CR0-OCCT691-occt-64/inc/MDF_DataMapNodeOfTypeARDriverMap.hxx
+M MDF:derivated:MDF_DataMapNodeOfTypeARDriverMap_0.cxx /misc/dn61/LocalWOK/wok_entities/LOC/dev/CR0-OCCT691-7-CR0-OCCT691-occt-64/drv/MDF/MDF_DataMapNodeOfTypeARDriverMap_0.cxx
+M MDF:pubinclude:MDF_DataMapIteratorOfTypeARDriverMap.hxx /misc/dn61/LocalWOK/wok_entities/LOC/dev/CR0-OCCT691-7-CR0-OCCT691-occt-64/inc/MDF_DataMapIteratorOfTypeARDriverMap.hxx
+M MDF:derivated:MDF_DataMapIteratorOfTypeARDriverMap_0.cxx /misc/dn61/LocalWOK/wok_entities/LOC/dev/CR0-OCCT691-7-CR0-OCCT691-occt-64/drv/MDF/MDF_DataMapIteratorOfTypeARDriverMap_0.cxx
+M MDF:pubinclude:Handle_MDF_ListNodeOfDriverListOfASDriverTable.hxx /misc/dn61/LocalWOK/wok_entities/LOC/dev/CR0-OCCT691-7-CR0-OCCT691-occt-64/inc/Handle_MDF_ListNodeOfDriverListOfASDriverTable.hxx
+M MDF:pubinclude:MDF_ListNodeOfDriverListOfASDriverTable.hxx /misc/dn61/LocalWOK/wok_entities/LOC/dev/CR0-OCCT691-7-CR0-OCCT691-occt-64/inc/MDF_ListNodeOfDriverListOfASDriverTable.hxx
+M MDF:derivated:MDF_ListNodeOfDriverListOfASDriverTable_0.cxx /misc/dn61/LocalWOK/wok_entities/LOC/dev/CR0-OCCT691-7-CR0-OCCT691-occt-64/drv/MDF/MDF_ListNodeOfDriverListOfASDriverTable_0.cxx
+M MDF:pubinclude:MDF_ListIteratorOfDriverListOfASDriverTable.hxx /misc/dn61/LocalWOK/wok_entities/LOC/dev/CR0-OCCT691-7-CR0-OCCT691-occt-64/inc/MDF_ListIteratorOfDriverListOfASDriverTable.hxx
+M MDF:derivated:MDF_ListIteratorOfDriverListOfASDriverTable_0.cxx /misc/dn61/LocalWOK/wok_entities/LOC/dev/CR0-OCCT691-7-CR0-OCCT691-occt-64/drv/MDF/MDF_ListIteratorOfDriverListOfASDriverTable_0.cxx
+M MDF:pubinclude:MDF_DriverListOfASDriverTable.hxx /misc/dn61/LocalWOK/wok_entities/LOC/dev/CR0-OCCT691-7-CR0-OCCT691-occt-64/inc/MDF_DriverListOfASDriverTable.hxx
+M MDF:derivated:MDF_DriverListOfASDriverTable_0.cxx /misc/dn61/LocalWOK/wok_entities/LOC/dev/CR0-OCCT691-7-CR0-OCCT691-occt-64/drv/MDF/MDF_DriverListOfASDriverTable_0.cxx
+M MDF:pubinclude:Handle_MDF_DataMapNodeOfTypeDriverListMapOfASDriverTable.hxx /misc/dn61/LocalWOK/wok_entities/LOC/dev/CR0-OCCT691-7-CR0-OCCT691-occt-64/inc/Handle_MDF_DataMapNodeOfTypeDriverListMapOfASDriverTable.hxx
+M MDF:pubinclude:MDF_DataMapNodeOfTypeDriverListMapOfASDriverTable.hxx /misc/dn61/LocalWOK/wok_entities/LOC/dev/CR0-OCCT691-7-CR0-OCCT691-occt-64/inc/MDF_DataMapNodeOfTypeDriverListMapOfASDriverTable.hxx
+M MDF:derivated:MDF_DataMapNodeOfTypeDriverListMapOfASDriverTable_0.cxx /misc/dn61/LocalWOK/wok_entities/LOC/dev/CR0-OCCT691-7-CR0-OCCT691-occt-64/drv/MDF/MDF_DataMapNodeOfTypeDriverListMapOfASDriverTable_0.cxx
+M MDF:pubinclude:MDF_DataMapIteratorOfTypeDriverListMapOfASDriverTable.hxx /misc/dn61/LocalWOK/wok_entities/LOC/dev/CR0-OCCT691-7-CR0-OCCT691-occt-64/inc/MDF_DataMapIteratorOfTypeDriverListMapOfASDriverTable.hxx
+M MDF:derivated:MDF_DataMapIteratorOfTypeDriverListMapOfASDriverTable_0.cxx /misc/dn61/LocalWOK/wok_entities/LOC/dev/CR0-OCCT691-7-CR0-OCCT691-occt-64/drv/MDF/MDF_DataMapIteratorOfTypeDriverListMapOfASDriverTable_0.cxx
+M MDF:pubinclude:MDF_TypeDriverListMapOfASDriverTable.hxx /misc/dn61/LocalWOK/wok_entities/LOC/dev/CR0-OCCT691-7-CR0-OCCT691-occt-64/inc/MDF_TypeDriverListMapOfASDriverTable.hxx
+M MDF:derivated:MDF_TypeDriverListMapOfASDriverTable_0.cxx /misc/dn61/LocalWOK/wok_entities/LOC/dev/CR0-OCCT691-7-CR0-OCCT691-occt-64/drv/MDF/MDF_TypeDriverListMapOfASDriverTable_0.cxx
+M MDF:pubinclude:Handle_MDF_ListNodeOfDriverListOfARDriverTable.hxx /misc/dn61/LocalWOK/wok_entities/LOC/dev/CR0-OCCT691-7-CR0-OCCT691-occt-64/inc/Handle_MDF_ListNodeOfDriverListOfARDriverTable.hxx
+M MDF:pubinclude:MDF_ListNodeOfDriverListOfARDriverTable.hxx /misc/dn61/LocalWOK/wok_entities/LOC/dev/CR0-OCCT691-7-CR0-OCCT691-occt-64/inc/MDF_ListNodeOfDriverListOfARDriverTable.hxx
+M MDF:derivated:MDF_ListNodeOfDriverListOfARDriverTable_0.cxx /misc/dn61/LocalWOK/wok_entities/LOC/dev/CR0-OCCT691-7-CR0-OCCT691-occt-64/drv/MDF/MDF_ListNodeOfDriverListOfARDriverTable_0.cxx
+M MDF:pubinclude:MDF_ListIteratorOfDriverListOfARDriverTable.hxx /misc/dn61/LocalWOK/wok_entities/LOC/dev/CR0-OCCT691-7-CR0-OCCT691-occt-64/inc/MDF_ListIteratorOfDriverListOfARDriverTable.hxx
+M MDF:derivated:MDF_ListIteratorOfDriverListOfARDriverTable_0.cxx /misc/dn61/LocalWOK/wok_entities/LOC/dev/CR0-OCCT691-7-CR0-OCCT691-occt-64/drv/MDF/MDF_ListIteratorOfDriverListOfARDriverTable_0.cxx
+M MDF:pubinclude:MDF_DriverListOfARDriverTable.hxx /misc/dn61/LocalWOK/wok_entities/LOC/dev/CR0-OCCT691-7-CR0-OCCT691-occt-64/inc/MDF_DriverListOfARDriverTable.hxx
+M MDF:derivated:MDF_DriverListOfARDriverTable_0.cxx /misc/dn61/LocalWOK/wok_entities/LOC/dev/CR0-OCCT691-7-CR0-OCCT691-occt-64/drv/MDF/MDF_DriverListOfARDriverTable_0.cxx
+M MDF:pubinclude:Handle_MDF_DataMapNodeOfTypeDriverListMapOfARDriverTable.hxx /misc/dn61/LocalWOK/wok_entities/LOC/dev/CR0-OCCT691-7-CR0-OCCT691-occt-64/inc/Handle_MDF_DataMapNodeOfTypeDriverListMapOfARDriverTable.hxx
+M MDF:pubinclude:MDF_DataMapNodeOfTypeDriverListMapOfARDriverTable.hxx /misc/dn61/LocalWOK/wok_entities/LOC/dev/CR0-OCCT691-7-CR0-OCCT691-occt-64/inc/MDF_DataMapNodeOfTypeDriverListMapOfARDriverTable.hxx
+M MDF:derivated:MDF_DataMapNodeOfTypeDriverListMapOfARDriverTable_0.cxx /misc/dn61/LocalWOK/wok_entities/LOC/dev/CR0-OCCT691-7-CR0-OCCT691-occt-64/drv/MDF/MDF_DataMapNodeOfTypeDriverListMapOfARDriverTable_0.cxx
+M MDF:pubinclude:MDF_DataMapIteratorOfTypeDriverListMapOfARDriverTable.hxx /misc/dn61/LocalWOK/wok_entities/LOC/dev/CR0-OCCT691-7-CR0-OCCT691-occt-64/inc/MDF_DataMapIteratorOfTypeDriverListMapOfARDriverTable.hxx
+M MDF:derivated:MDF_DataMapIteratorOfTypeDriverListMapOfARDriverTable_0.cxx /misc/dn61/LocalWOK/wok_entities/LOC/dev/CR0-OCCT691-7-CR0-OCCT691-occt-64/drv/MDF/MDF_DataMapIteratorOfTypeDriverListMapOfARDriverTable_0.cxx
+M MDF:pubinclude:MDF_TypeDriverListMapOfARDriverTable.hxx /misc/dn61/LocalWOK/wok_entities/LOC/dev/CR0-OCCT691-7-CR0-OCCT691-occt-64/inc/MDF_TypeDriverListMapOfARDriverTable.hxx
+M MDF:derivated:MDF_TypeDriverListMapOfARDriverTable_0.cxx /misc/dn61/LocalWOK/wok_entities/LOC/dev/CR0-OCCT691-7-CR0-OCCT691-occt-64/drv/MDF/MDF_TypeDriverListMapOfARDriverTable_0.cxx
+M MDF:dbadmfile:MDF_xcpp_header.In /misc/dn61/LocalWOK/wok_entities/LOC/dev/CR0-OCCT691-7-CR0-OCCT691-occt-64/drv/MDF/.adm/MDF_xcpp_header.In
+M MDF:dbadmfile:MDF_xcpp_header.Out /misc/dn61/LocalWOK/wok_entities/LOC/dev/CR0-OCCT691-7-CR0-OCCT691-occt-64/drv/MDF/.adm/MDF_xcpp_header.Out
+M MDF:dbadmfile:MDF_xcpp_header.Dep /misc/dn61/LocalWOK/wok_entities/LOC/dev/CR0-OCCT691-7-CR0-OCCT691-occt-64/drv/MDF/.adm/MDF_xcpp_header.Dep
