+M MDocStd:pubinclude:MDocStd.hxx /misc/dn61/LocalWOK/wok_entities/LOC/dev/CR0-OCCT691-7-CR0-OCCT691-occt-64/inc/MDocStd.hxx
+M MDocStd:privinclude:MDocStd.jxx /misc/dn61/LocalWOK/wok_entities/LOC/dev/CR0-OCCT691-7-CR0-OCCT691-occt-64/drv/MDocStd/MDocStd.jxx
+M MDocStd:privinclude:MDocStd.ixx /misc/dn61/LocalWOK/wok_entities/LOC/dev/CR0-OCCT691-7-CR0-OCCT691-occt-64/drv/MDocStd/MDocStd.ixx
+M MDocStd:pubinclude:Handle_MDocStd_DocumentStorageDriver.hxx /misc/dn61/LocalWOK/wok_entities/LOC/dev/CR0-OCCT691-7-CR0-OCCT691-occt-64/inc/Handle_MDocStd_DocumentStorageDriver.hxx
+M MDocStd:pubinclude:MDocStd_DocumentStorageDriver.hxx /misc/dn61/LocalWOK/wok_entities/LOC/dev/CR0-OCCT691-7-CR0-OCCT691-occt-64/inc/MDocStd_DocumentStorageDriver.hxx
+M MDocStd:privinclude:MDocStd_DocumentStorageDriver.jxx /misc/dn61/LocalWOK/wok_entities/LOC/dev/CR0-OCCT691-7-CR0-OCCT691-occt-64/drv/MDocStd/MDocStd_DocumentStorageDriver.jxx
+M MDocStd:privinclude:MDocStd_DocumentStorageDriver.ixx /misc/dn61/LocalWOK/wok_entities/LOC/dev/CR0-OCCT691-7-CR0-OCCT691-occt-64/drv/MDocStd/MDocStd_DocumentStorageDriver.ixx
+M MDocStd:pubinclude:Handle_MDocStd_DocumentRetrievalDriver.hxx /misc/dn61/LocalWOK/wok_entities/LOC/dev/CR0-OCCT691-7-CR0-OCCT691-occt-64/inc/Handle_MDocStd_DocumentRetrievalDriver.hxx
+M MDocStd:pubinclude:MDocStd_DocumentRetrievalDriver.hxx /misc/dn61/LocalWOK/wok_entities/LOC/dev/CR0-OCCT691-7-CR0-OCCT691-occt-64/inc/MDocStd_DocumentRetrievalDriver.hxx
+M MDocStd:privinclude:MDocStd_DocumentRetrievalDriver.jxx /misc/dn61/LocalWOK/wok_entities/LOC/dev/CR0-OCCT691-7-CR0-OCCT691-occt-64/drv/MDocStd/MDocStd_DocumentRetrievalDriver.jxx
+M MDocStd:privinclude:MDocStd_DocumentRetrievalDriver.ixx /misc/dn61/LocalWOK/wok_entities/LOC/dev/CR0-OCCT691-7-CR0-OCCT691-occt-64/drv/MDocStd/MDocStd_DocumentRetrievalDriver.ixx
+M MDocStd:pubinclude:Handle_MDocStd_XLinkStorageDriver.hxx /misc/dn61/LocalWOK/wok_entities/LOC/dev/CR0-OCCT691-7-CR0-OCCT691-occt-64/inc/Handle_MDocStd_XLinkStorageDriver.hxx
+M MDocStd:pubinclude:MDocStd_XLinkStorageDriver.hxx /misc/dn61/LocalWOK/wok_entities/LOC/dev/CR0-OCCT691-7-CR0-OCCT691-occt-64/inc/MDocStd_XLinkStorageDriver.hxx
+M MDocStd:privinclude:MDocStd_XLinkStorageDriver.jxx /misc/dn61/LocalWOK/wok_entities/LOC/dev/CR0-OCCT691-7-CR0-OCCT691-occt-64/drv/MDocStd/MDocStd_XLinkStorageDriver.jxx
+M MDocStd:privinclude:MDocStd_XLinkStorageDriver.ixx /misc/dn61/LocalWOK/wok_entities/LOC/dev/CR0-OCCT691-7-CR0-OCCT691-occt-64/drv/MDocStd/MDocStd_XLinkStorageDriver.ixx
+M MDocStd:pubinclude:Handle_MDocStd_XLinkRetrievalDriver.hxx /misc/dn61/LocalWOK/wok_entities/LOC/dev/CR0-OCCT691-7-CR0-OCCT691-occt-64/inc/Handle_MDocStd_XLinkRetrievalDriver.hxx
+M MDocStd:pubinclude:MDocStd_XLinkRetrievalDriver.hxx /misc/dn61/LocalWOK/wok_entities/LOC/dev/CR0-OCCT691-7-CR0-OCCT691-occt-64/inc/MDocStd_XLinkRetrievalDriver.hxx
+M MDocStd:privinclude:MDocStd_XLinkRetrievalDriver.jxx /misc/dn61/LocalWOK/wok_entities/LOC/dev/CR0-OCCT691-7-CR0-OCCT691-occt-64/drv/MDocStd/MDocStd_XLinkRetrievalDriver.jxx
+M MDocStd:privinclude:MDocStd_XLinkRetrievalDriver.ixx /misc/dn61/LocalWOK/wok_entities/LOC/dev/CR0-OCCT691-7-CR0-OCCT691-occt-64/drv/MDocStd/MDocStd_XLinkRetrievalDriver.ixx
+M MDocStd:dbadmfile:MDocStd_xcpp_header.In /misc/dn61/LocalWOK/wok_entities/LOC/dev/CR0-OCCT691-7-CR0-OCCT691-occt-64/drv/MDocStd/.adm/MDocStd_xcpp_header.In
+M MDocStd:dbadmfile:MDocStd_xcpp_header.Out /misc/dn61/LocalWOK/wok_entities/LOC/dev/CR0-OCCT691-7-CR0-OCCT691-occt-64/drv/MDocStd/.adm/MDocStd_xcpp_header.Out
+M MDocStd:dbadmfile:MDocStd_xcpp_header.Dep /misc/dn61/LocalWOK/wok_entities/LOC/dev/CR0-OCCT691-7-CR0-OCCT691-occt-64/drv/MDocStd/.adm/MDocStd_xcpp_header.Dep
