+M StepDimTol:pubinclude:StepDimTol_ShapeToleranceSelect.hxx /misc/dn61/LocalWOK/wok_entities/LOC/dev/CR0-OCCT691-7-CR0-OCCT691-occt-64/inc/StepDimTol_ShapeToleranceSelect.hxx
+M StepDimTol:privinclude:StepDimTol_ShapeToleranceSelect.jxx /misc/dn61/LocalWOK/wok_entities/LOC/dev/CR0-OCCT691-7-CR0-OCCT691-occt-64/drv/StepDimTol/StepDimTol_ShapeToleranceSelect.jxx
+M StepDimTol:privinclude:StepDimTol_ShapeToleranceSelect.ixx /misc/dn61/LocalWOK/wok_entities/LOC/dev/CR0-OCCT691-7-CR0-OCCT691-occt-64/drv/StepDimTol/StepDimTol_ShapeToleranceSelect.ixx
+M StepDimTol:pubinclude:Handle_StepDimTol_AngularityTolerance.hxx /misc/dn61/LocalWOK/wok_entities/LOC/dev/CR0-OCCT691-7-CR0-OCCT691-occt-64/inc/Handle_StepDimTol_AngularityTolerance.hxx
+M StepDimTol:pubinclude:StepDimTol_AngularityTolerance.hxx /misc/dn61/LocalWOK/wok_entities/LOC/dev/CR0-OCCT691-7-CR0-OCCT691-occt-64/inc/StepDimTol_AngularityTolerance.hxx
+M StepDimTol:privinclude:StepDimTol_AngularityTolerance.jxx /misc/dn61/LocalWOK/wok_entities/LOC/dev/CR0-OCCT691-7-CR0-OCCT691-occt-64/drv/StepDimTol/StepDimTol_AngularityTolerance.jxx
+M StepDimTol:privinclude:StepDimTol_AngularityTolerance.ixx /misc/dn61/LocalWOK/wok_entities/LOC/dev/CR0-OCCT691-7-CR0-OCCT691-occt-64/drv/StepDimTol/StepDimTol_AngularityTolerance.ixx
+M StepDimTol:pubinclude:Handle_StepDimTol_CircularRunoutTolerance.hxx /misc/dn61/LocalWOK/wok_entities/LOC/dev/CR0-OCCT691-7-CR0-OCCT691-occt-64/inc/Handle_StepDimTol_CircularRunoutTolerance.hxx
+M StepDimTol:pubinclude:StepDimTol_CircularRunoutTolerance.hxx /misc/dn61/LocalWOK/wok_entities/LOC/dev/CR0-OCCT691-7-CR0-OCCT691-occt-64/inc/StepDimTol_CircularRunoutTolerance.hxx
+M StepDimTol:privinclude:StepDimTol_CircularRunoutTolerance.jxx /misc/dn61/LocalWOK/wok_entities/LOC/dev/CR0-OCCT691-7-CR0-OCCT691-occt-64/drv/StepDimTol/StepDimTol_CircularRunoutTolerance.jxx
+M StepDimTol:privinclude:StepDimTol_CircularRunoutTolerance.ixx /misc/dn61/LocalWOK/wok_entities/LOC/dev/CR0-OCCT691-7-CR0-OCCT691-occt-64/drv/StepDimTol/StepDimTol_CircularRunoutTolerance.ixx
+M StepDimTol:pubinclude:Handle_StepDimTol_ConcentricityTolerance.hxx /misc/dn61/LocalWOK/wok_entities/LOC/dev/CR0-OCCT691-7-CR0-OCCT691-occt-64/inc/Handle_StepDimTol_ConcentricityTolerance.hxx
+M StepDimTol:pubinclude:StepDimTol_ConcentricityTolerance.hxx /misc/dn61/LocalWOK/wok_entities/LOC/dev/CR0-OCCT691-7-CR0-OCCT691-occt-64/inc/StepDimTol_ConcentricityTolerance.hxx
+M StepDimTol:privinclude:StepDimTol_ConcentricityTolerance.jxx /misc/dn61/LocalWOK/wok_entities/LOC/dev/CR0-OCCT691-7-CR0-OCCT691-occt-64/drv/StepDimTol/StepDimTol_ConcentricityTolerance.jxx
+M StepDimTol:privinclude:StepDimTol_ConcentricityTolerance.ixx /misc/dn61/LocalWOK/wok_entities/LOC/dev/CR0-OCCT691-7-CR0-OCCT691-occt-64/drv/StepDimTol/StepDimTol_ConcentricityTolerance.ixx
+M StepDimTol:pubinclude:Handle_StepDimTol_CylindricityTolerance.hxx /misc/dn61/LocalWOK/wok_entities/LOC/dev/CR0-OCCT691-7-CR0-OCCT691-occt-64/inc/Handle_StepDimTol_CylindricityTolerance.hxx
+M StepDimTol:pubinclude:StepDimTol_CylindricityTolerance.hxx /misc/dn61/LocalWOK/wok_entities/LOC/dev/CR0-OCCT691-7-CR0-OCCT691-occt-64/inc/StepDimTol_CylindricityTolerance.hxx
+M StepDimTol:privinclude:StepDimTol_CylindricityTolerance.jxx /misc/dn61/LocalWOK/wok_entities/LOC/dev/CR0-OCCT691-7-CR0-OCCT691-occt-64/drv/StepDimTol/StepDimTol_CylindricityTolerance.jxx
+M StepDimTol:privinclude:StepDimTol_CylindricityTolerance.ixx /misc/dn61/LocalWOK/wok_entities/LOC/dev/CR0-OCCT691-7-CR0-OCCT691-occt-64/drv/StepDimTol/StepDimTol_CylindricityTolerance.ixx
+M StepDimTol:pubinclude:Handle_StepDimTol_CoaxialityTolerance.hxx /misc/dn61/LocalWOK/wok_entities/LOC/dev/CR0-OCCT691-7-CR0-OCCT691-occt-64/inc/Handle_StepDimTol_CoaxialityTolerance.hxx
+M StepDimTol:pubinclude:StepDimTol_CoaxialityTolerance.hxx /misc/dn61/LocalWOK/wok_entities/LOC/dev/CR0-OCCT691-7-CR0-OCCT691-occt-64/inc/StepDimTol_CoaxialityTolerance.hxx
+M StepDimTol:privinclude:StepDimTol_CoaxialityTolerance.jxx /misc/dn61/LocalWOK/wok_entities/LOC/dev/CR0-OCCT691-7-CR0-OCCT691-occt-64/drv/StepDimTol/StepDimTol_CoaxialityTolerance.jxx
+M StepDimTol:privinclude:StepDimTol_CoaxialityTolerance.ixx /misc/dn61/LocalWOK/wok_entities/LOC/dev/CR0-OCCT691-7-CR0-OCCT691-occt-64/drv/StepDimTol/StepDimTol_CoaxialityTolerance.ixx
+M StepDimTol:pubinclude:Handle_StepDimTol_FlatnessTolerance.hxx /misc/dn61/LocalWOK/wok_entities/LOC/dev/CR0-OCCT691-7-CR0-OCCT691-occt-64/inc/Handle_StepDimTol_FlatnessTolerance.hxx
+M StepDimTol:pubinclude:StepDimTol_FlatnessTolerance.hxx /misc/dn61/LocalWOK/wok_entities/LOC/dev/CR0-OCCT691-7-CR0-OCCT691-occt-64/inc/StepDimTol_FlatnessTolerance.hxx
+M StepDimTol:privinclude:StepDimTol_FlatnessTolerance.jxx /misc/dn61/LocalWOK/wok_entities/LOC/dev/CR0-OCCT691-7-CR0-OCCT691-occt-64/drv/StepDimTol/StepDimTol_FlatnessTolerance.jxx
+M StepDimTol:privinclude:StepDimTol_FlatnessTolerance.ixx /misc/dn61/LocalWOK/wok_entities/LOC/dev/CR0-OCCT691-7-CR0-OCCT691-occt-64/drv/StepDimTol/StepDimTol_FlatnessTolerance.ixx
+M StepDimTol:pubinclude:Handle_StepDimTol_LineProfileTolerance.hxx /misc/dn61/LocalWOK/wok_entities/LOC/dev/CR0-OCCT691-7-CR0-OCCT691-occt-64/inc/Handle_StepDimTol_LineProfileTolerance.hxx
+M StepDimTol:pubinclude:StepDimTol_LineProfileTolerance.hxx /misc/dn61/LocalWOK/wok_entities/LOC/dev/CR0-OCCT691-7-CR0-OCCT691-occt-64/inc/StepDimTol_LineProfileTolerance.hxx
+M StepDimTol:privinclude:StepDimTol_LineProfileTolerance.jxx /misc/dn61/LocalWOK/wok_entities/LOC/dev/CR0-OCCT691-7-CR0-OCCT691-occt-64/drv/StepDimTol/StepDimTol_LineProfileTolerance.jxx
+M StepDimTol:privinclude:StepDimTol_LineProfileTolerance.ixx /misc/dn61/LocalWOK/wok_entities/LOC/dev/CR0-OCCT691-7-CR0-OCCT691-occt-64/drv/StepDimTol/StepDimTol_LineProfileTolerance.ixx
+M StepDimTol:pubinclude:Handle_StepDimTol_ParallelismTolerance.hxx /misc/dn61/LocalWOK/wok_entities/LOC/dev/CR0-OCCT691-7-CR0-OCCT691-occt-64/inc/Handle_StepDimTol_ParallelismTolerance.hxx
+M StepDimTol:pubinclude:StepDimTol_ParallelismTolerance.hxx /misc/dn61/LocalWOK/wok_entities/LOC/dev/CR0-OCCT691-7-CR0-OCCT691-occt-64/inc/StepDimTol_ParallelismTolerance.hxx
+M StepDimTol:privinclude:StepDimTol_ParallelismTolerance.jxx /misc/dn61/LocalWOK/wok_entities/LOC/dev/CR0-OCCT691-7-CR0-OCCT691-occt-64/drv/StepDimTol/StepDimTol_ParallelismTolerance.jxx
+M StepDimTol:privinclude:StepDimTol_ParallelismTolerance.ixx /misc/dn61/LocalWOK/wok_entities/LOC/dev/CR0-OCCT691-7-CR0-OCCT691-occt-64/drv/StepDimTol/StepDimTol_ParallelismTolerance.ixx
+M StepDimTol:pubinclude:Handle_StepDimTol_PerpendicularityTolerance.hxx /misc/dn61/LocalWOK/wok_entities/LOC/dev/CR0-OCCT691-7-CR0-OCCT691-occt-64/inc/Handle_StepDimTol_PerpendicularityTolerance.hxx
+M StepDimTol:pubinclude:StepDimTol_PerpendicularityTolerance.hxx /misc/dn61/LocalWOK/wok_entities/LOC/dev/CR0-OCCT691-7-CR0-OCCT691-occt-64/inc/StepDimTol_PerpendicularityTolerance.hxx
+M StepDimTol:privinclude:StepDimTol_PerpendicularityTolerance.jxx /misc/dn61/LocalWOK/wok_entities/LOC/dev/CR0-OCCT691-7-CR0-OCCT691-occt-64/drv/StepDimTol/StepDimTol_PerpendicularityTolerance.jxx
+M StepDimTol:privinclude:StepDimTol_PerpendicularityTolerance.ixx /misc/dn61/LocalWOK/wok_entities/LOC/dev/CR0-OCCT691-7-CR0-OCCT691-occt-64/drv/StepDimTol/StepDimTol_PerpendicularityTolerance.ixx
+M StepDimTol:pubinclude:Handle_StepDimTol_PositionTolerance.hxx /misc/dn61/LocalWOK/wok_entities/LOC/dev/CR0-OCCT691-7-CR0-OCCT691-occt-64/inc/Handle_StepDimTol_PositionTolerance.hxx
+M StepDimTol:pubinclude:StepDimTol_PositionTolerance.hxx /misc/dn61/LocalWOK/wok_entities/LOC/dev/CR0-OCCT691-7-CR0-OCCT691-occt-64/inc/StepDimTol_PositionTolerance.hxx
+M StepDimTol:privinclude:StepDimTol_PositionTolerance.jxx /misc/dn61/LocalWOK/wok_entities/LOC/dev/CR0-OCCT691-7-CR0-OCCT691-occt-64/drv/StepDimTol/StepDimTol_PositionTolerance.jxx
+M StepDimTol:privinclude:StepDimTol_PositionTolerance.ixx /misc/dn61/LocalWOK/wok_entities/LOC/dev/CR0-OCCT691-7-CR0-OCCT691-occt-64/drv/StepDimTol/StepDimTol_PositionTolerance.ixx
+M StepDimTol:pubinclude:Handle_StepDimTol_RoundnessTolerance.hxx /misc/dn61/LocalWOK/wok_entities/LOC/dev/CR0-OCCT691-7-CR0-OCCT691-occt-64/inc/Handle_StepDimTol_RoundnessTolerance.hxx
+M StepDimTol:pubinclude:StepDimTol_RoundnessTolerance.hxx /misc/dn61/LocalWOK/wok_entities/LOC/dev/CR0-OCCT691-7-CR0-OCCT691-occt-64/inc/StepDimTol_RoundnessTolerance.hxx
+M StepDimTol:privinclude:StepDimTol_RoundnessTolerance.jxx /misc/dn61/LocalWOK/wok_entities/LOC/dev/CR0-OCCT691-7-CR0-OCCT691-occt-64/drv/StepDimTol/StepDimTol_RoundnessTolerance.jxx
+M StepDimTol:privinclude:StepDimTol_RoundnessTolerance.ixx /misc/dn61/LocalWOK/wok_entities/LOC/dev/CR0-OCCT691-7-CR0-OCCT691-occt-64/drv/StepDimTol/StepDimTol_RoundnessTolerance.ixx
+M StepDimTol:pubinclude:Handle_StepDimTol_StraightnessTolerance.hxx /misc/dn61/LocalWOK/wok_entities/LOC/dev/CR0-OCCT691-7-CR0-OCCT691-occt-64/inc/Handle_StepDimTol_StraightnessTolerance.hxx
+M StepDimTol:pubinclude:StepDimTol_StraightnessTolerance.hxx /misc/dn61/LocalWOK/wok_entities/LOC/dev/CR0-OCCT691-7-CR0-OCCT691-occt-64/inc/StepDimTol_StraightnessTolerance.hxx
+M StepDimTol:privinclude:StepDimTol_StraightnessTolerance.jxx /misc/dn61/LocalWOK/wok_entities/LOC/dev/CR0-OCCT691-7-CR0-OCCT691-occt-64/drv/StepDimTol/StepDimTol_StraightnessTolerance.jxx
+M StepDimTol:privinclude:StepDimTol_StraightnessTolerance.ixx /misc/dn61/LocalWOK/wok_entities/LOC/dev/CR0-OCCT691-7-CR0-OCCT691-occt-64/drv/StepDimTol/StepDimTol_StraightnessTolerance.ixx
+M StepDimTol:pubinclude:Handle_StepDimTol_SurfaceProfileTolerance.hxx /misc/dn61/LocalWOK/wok_entities/LOC/dev/CR0-OCCT691-7-CR0-OCCT691-occt-64/inc/Handle_StepDimTol_SurfaceProfileTolerance.hxx
+M StepDimTol:pubinclude:StepDimTol_SurfaceProfileTolerance.hxx /misc/dn61/LocalWOK/wok_entities/LOC/dev/CR0-OCCT691-7-CR0-OCCT691-occt-64/inc/StepDimTol_SurfaceProfileTolerance.hxx
+M StepDimTol:privinclude:StepDimTol_SurfaceProfileTolerance.jxx /misc/dn61/LocalWOK/wok_entities/LOC/dev/CR0-OCCT691-7-CR0-OCCT691-occt-64/drv/StepDimTol/StepDimTol_SurfaceProfileTolerance.jxx
+M StepDimTol:privinclude:StepDimTol_SurfaceProfileTolerance.ixx /misc/dn61/LocalWOK/wok_entities/LOC/dev/CR0-OCCT691-7-CR0-OCCT691-occt-64/drv/StepDimTol/StepDimTol_SurfaceProfileTolerance.ixx
+M StepDimTol:pubinclude:Handle_StepDimTol_SymmetryTolerance.hxx /misc/dn61/LocalWOK/wok_entities/LOC/dev/CR0-OCCT691-7-CR0-OCCT691-occt-64/inc/Handle_StepDimTol_SymmetryTolerance.hxx
+M StepDimTol:pubinclude:StepDimTol_SymmetryTolerance.hxx /misc/dn61/LocalWOK/wok_entities/LOC/dev/CR0-OCCT691-7-CR0-OCCT691-occt-64/inc/StepDimTol_SymmetryTolerance.hxx
+M StepDimTol:privinclude:StepDimTol_SymmetryTolerance.jxx /misc/dn61/LocalWOK/wok_entities/LOC/dev/CR0-OCCT691-7-CR0-OCCT691-occt-64/drv/StepDimTol/StepDimTol_SymmetryTolerance.jxx
+M StepDimTol:privinclude:StepDimTol_SymmetryTolerance.ixx /misc/dn61/LocalWOK/wok_entities/LOC/dev/CR0-OCCT691-7-CR0-OCCT691-occt-64/drv/StepDimTol/StepDimTol_SymmetryTolerance.ixx
+M StepDimTol:pubinclude:Handle_StepDimTol_TotalRunoutTolerance.hxx /misc/dn61/LocalWOK/wok_entities/LOC/dev/CR0-OCCT691-7-CR0-OCCT691-occt-64/inc/Handle_StepDimTol_TotalRunoutTolerance.hxx
+M StepDimTol:pubinclude:StepDimTol_TotalRunoutTolerance.hxx /misc/dn61/LocalWOK/wok_entities/LOC/dev/CR0-OCCT691-7-CR0-OCCT691-occt-64/inc/StepDimTol_TotalRunoutTolerance.hxx
+M StepDimTol:privinclude:StepDimTol_TotalRunoutTolerance.jxx /misc/dn61/LocalWOK/wok_entities/LOC/dev/CR0-OCCT691-7-CR0-OCCT691-occt-64/drv/StepDimTol/StepDimTol_TotalRunoutTolerance.jxx
+M StepDimTol:privinclude:StepDimTol_TotalRunoutTolerance.ixx /misc/dn61/LocalWOK/wok_entities/LOC/dev/CR0-OCCT691-7-CR0-OCCT691-occt-64/drv/StepDimTol/StepDimTol_TotalRunoutTolerance.ixx
+M StepDimTol:pubinclude:Handle_StepDimTol_GeometricTolerance.hxx /misc/dn61/LocalWOK/wok_entities/LOC/dev/CR0-OCCT691-7-CR0-OCCT691-occt-64/inc/Handle_StepDimTol_GeometricTolerance.hxx
+M StepDimTol:pubinclude:StepDimTol_GeometricTolerance.hxx /misc/dn61/LocalWOK/wok_entities/LOC/dev/CR0-OCCT691-7-CR0-OCCT691-occt-64/inc/StepDimTol_GeometricTolerance.hxx
+M StepDimTol:privinclude:StepDimTol_GeometricTolerance.jxx /misc/dn61/LocalWOK/wok_entities/LOC/dev/CR0-OCCT691-7-CR0-OCCT691-occt-64/drv/StepDimTol/StepDimTol_GeometricTolerance.jxx
+M StepDimTol:privinclude:StepDimTol_GeometricTolerance.ixx /misc/dn61/LocalWOK/wok_entities/LOC/dev/CR0-OCCT691-7-CR0-OCCT691-occt-64/drv/StepDimTol/StepDimTol_GeometricTolerance.ixx
+M StepDimTol:pubinclude:Handle_StepDimTol_GeometricToleranceRelationship.hxx /misc/dn61/LocalWOK/wok_entities/LOC/dev/CR0-OCCT691-7-CR0-OCCT691-occt-64/inc/Handle_StepDimTol_GeometricToleranceRelationship.hxx
+M StepDimTol:pubinclude:StepDimTol_GeometricToleranceRelationship.hxx /misc/dn61/LocalWOK/wok_entities/LOC/dev/CR0-OCCT691-7-CR0-OCCT691-occt-64/inc/StepDimTol_GeometricToleranceRelationship.hxx
+M StepDimTol:privinclude:StepDimTol_GeometricToleranceRelationship.jxx /misc/dn61/LocalWOK/wok_entities/LOC/dev/CR0-OCCT691-7-CR0-OCCT691-occt-64/drv/StepDimTol/StepDimTol_GeometricToleranceRelationship.jxx
+M StepDimTol:privinclude:StepDimTol_GeometricToleranceRelationship.ixx /misc/dn61/LocalWOK/wok_entities/LOC/dev/CR0-OCCT691-7-CR0-OCCT691-occt-64/drv/StepDimTol/StepDimTol_GeometricToleranceRelationship.ixx
+M StepDimTol:pubinclude:Handle_StepDimTol_GeometricToleranceWithDatumReference.hxx /misc/dn61/LocalWOK/wok_entities/LOC/dev/CR0-OCCT691-7-CR0-OCCT691-occt-64/inc/Handle_StepDimTol_GeometricToleranceWithDatumReference.hxx
+M StepDimTol:pubinclude:StepDimTol_GeometricToleranceWithDatumReference.hxx /misc/dn61/LocalWOK/wok_entities/LOC/dev/CR0-OCCT691-7-CR0-OCCT691-occt-64/inc/StepDimTol_GeometricToleranceWithDatumReference.hxx
+M StepDimTol:privinclude:StepDimTol_GeometricToleranceWithDatumReference.jxx /misc/dn61/LocalWOK/wok_entities/LOC/dev/CR0-OCCT691-7-CR0-OCCT691-occt-64/drv/StepDimTol/StepDimTol_GeometricToleranceWithDatumReference.jxx
+M StepDimTol:privinclude:StepDimTol_GeometricToleranceWithDatumReference.ixx /misc/dn61/LocalWOK/wok_entities/LOC/dev/CR0-OCCT691-7-CR0-OCCT691-occt-64/drv/StepDimTol/StepDimTol_GeometricToleranceWithDatumReference.ixx
+M StepDimTol:pubinclude:Handle_StepDimTol_ModifiedGeometricTolerance.hxx /misc/dn61/LocalWOK/wok_entities/LOC/dev/CR0-OCCT691-7-CR0-OCCT691-occt-64/inc/Handle_StepDimTol_ModifiedGeometricTolerance.hxx
+M StepDimTol:pubinclude:StepDimTol_ModifiedGeometricTolerance.hxx /misc/dn61/LocalWOK/wok_entities/LOC/dev/CR0-OCCT691-7-CR0-OCCT691-occt-64/inc/StepDimTol_ModifiedGeometricTolerance.hxx
+M StepDimTol:privinclude:StepDimTol_ModifiedGeometricTolerance.jxx /misc/dn61/LocalWOK/wok_entities/LOC/dev/CR0-OCCT691-7-CR0-OCCT691-occt-64/drv/StepDimTol/StepDimTol_ModifiedGeometricTolerance.jxx
+M StepDimTol:privinclude:StepDimTol_ModifiedGeometricTolerance.ixx /misc/dn61/LocalWOK/wok_entities/LOC/dev/CR0-OCCT691-7-CR0-OCCT691-occt-64/drv/StepDimTol/StepDimTol_ModifiedGeometricTolerance.ixx
+M StepDimTol:pubinclude:Handle_StepDimTol_Datum.hxx /misc/dn61/LocalWOK/wok_entities/LOC/dev/CR0-OCCT691-7-CR0-OCCT691-occt-64/inc/Handle_StepDimTol_Datum.hxx
+M StepDimTol:pubinclude:StepDimTol_Datum.hxx /misc/dn61/LocalWOK/wok_entities/LOC/dev/CR0-OCCT691-7-CR0-OCCT691-occt-64/inc/StepDimTol_Datum.hxx
+M StepDimTol:privinclude:StepDimTol_Datum.jxx /misc/dn61/LocalWOK/wok_entities/LOC/dev/CR0-OCCT691-7-CR0-OCCT691-occt-64/drv/StepDimTol/StepDimTol_Datum.jxx
+M StepDimTol:privinclude:StepDimTol_Datum.ixx /misc/dn61/LocalWOK/wok_entities/LOC/dev/CR0-OCCT691-7-CR0-OCCT691-occt-64/drv/StepDimTol/StepDimTol_Datum.ixx
+M StepDimTol:pubinclude:Handle_StepDimTol_DatumFeature.hxx /misc/dn61/LocalWOK/wok_entities/LOC/dev/CR0-OCCT691-7-CR0-OCCT691-occt-64/inc/Handle_StepDimTol_DatumFeature.hxx
+M StepDimTol:pubinclude:StepDimTol_DatumFeature.hxx /misc/dn61/LocalWOK/wok_entities/LOC/dev/CR0-OCCT691-7-CR0-OCCT691-occt-64/inc/StepDimTol_DatumFeature.hxx
+M StepDimTol:privinclude:StepDimTol_DatumFeature.jxx /misc/dn61/LocalWOK/wok_entities/LOC/dev/CR0-OCCT691-7-CR0-OCCT691-occt-64/drv/StepDimTol/StepDimTol_DatumFeature.jxx
+M StepDimTol:privinclude:StepDimTol_DatumFeature.ixx /misc/dn61/LocalWOK/wok_entities/LOC/dev/CR0-OCCT691-7-CR0-OCCT691-occt-64/drv/StepDimTol/StepDimTol_DatumFeature.ixx
+M StepDimTol:pubinclude:Handle_StepDimTol_DatumReference.hxx /misc/dn61/LocalWOK/wok_entities/LOC/dev/CR0-OCCT691-7-CR0-OCCT691-occt-64/inc/Handle_StepDimTol_DatumReference.hxx
+M StepDimTol:pubinclude:StepDimTol_DatumReference.hxx /misc/dn61/LocalWOK/wok_entities/LOC/dev/CR0-OCCT691-7-CR0-OCCT691-occt-64/inc/StepDimTol_DatumReference.hxx
+M StepDimTol:privinclude:StepDimTol_DatumReference.jxx /misc/dn61/LocalWOK/wok_entities/LOC/dev/CR0-OCCT691-7-CR0-OCCT691-occt-64/drv/StepDimTol/StepDimTol_DatumReference.jxx
+M StepDimTol:privinclude:StepDimTol_DatumReference.ixx /misc/dn61/LocalWOK/wok_entities/LOC/dev/CR0-OCCT691-7-CR0-OCCT691-occt-64/drv/StepDimTol/StepDimTol_DatumReference.ixx
+M StepDimTol:pubinclude:Handle_StepDimTol_CommonDatum.hxx /misc/dn61/LocalWOK/wok_entities/LOC/dev/CR0-OCCT691-7-CR0-OCCT691-occt-64/inc/Handle_StepDimTol_CommonDatum.hxx
+M StepDimTol:pubinclude:StepDimTol_CommonDatum.hxx /misc/dn61/LocalWOK/wok_entities/LOC/dev/CR0-OCCT691-7-CR0-OCCT691-occt-64/inc/StepDimTol_CommonDatum.hxx
+M StepDimTol:privinclude:StepDimTol_CommonDatum.jxx /misc/dn61/LocalWOK/wok_entities/LOC/dev/CR0-OCCT691-7-CR0-OCCT691-occt-64/drv/StepDimTol/StepDimTol_CommonDatum.jxx
+M StepDimTol:privinclude:StepDimTol_CommonDatum.ixx /misc/dn61/LocalWOK/wok_entities/LOC/dev/CR0-OCCT691-7-CR0-OCCT691-occt-64/drv/StepDimTol/StepDimTol_CommonDatum.ixx
+M StepDimTol:pubinclude:Handle_StepDimTol_DatumTarget.hxx /misc/dn61/LocalWOK/wok_entities/LOC/dev/CR0-OCCT691-7-CR0-OCCT691-occt-64/inc/Handle_StepDimTol_DatumTarget.hxx
+M StepDimTol:pubinclude:StepDimTol_DatumTarget.hxx /misc/dn61/LocalWOK/wok_entities/LOC/dev/CR0-OCCT691-7-CR0-OCCT691-occt-64/inc/StepDimTol_DatumTarget.hxx
+M StepDimTol:privinclude:StepDimTol_DatumTarget.jxx /misc/dn61/LocalWOK/wok_entities/LOC/dev/CR0-OCCT691-7-CR0-OCCT691-occt-64/drv/StepDimTol/StepDimTol_DatumTarget.jxx
+M StepDimTol:privinclude:StepDimTol_DatumTarget.ixx /misc/dn61/LocalWOK/wok_entities/LOC/dev/CR0-OCCT691-7-CR0-OCCT691-occt-64/drv/StepDimTol/StepDimTol_DatumTarget.ixx
+M StepDimTol:pubinclude:Handle_StepDimTol_PlacedDatumTargetFeature.hxx /misc/dn61/LocalWOK/wok_entities/LOC/dev/CR0-OCCT691-7-CR0-OCCT691-occt-64/inc/Handle_StepDimTol_PlacedDatumTargetFeature.hxx
+M StepDimTol:pubinclude:StepDimTol_PlacedDatumTargetFeature.hxx /misc/dn61/LocalWOK/wok_entities/LOC/dev/CR0-OCCT691-7-CR0-OCCT691-occt-64/inc/StepDimTol_PlacedDatumTargetFeature.hxx
+M StepDimTol:privinclude:StepDimTol_PlacedDatumTargetFeature.jxx /misc/dn61/LocalWOK/wok_entities/LOC/dev/CR0-OCCT691-7-CR0-OCCT691-occt-64/drv/StepDimTol/StepDimTol_PlacedDatumTargetFeature.jxx
+M StepDimTol:privinclude:StepDimTol_PlacedDatumTargetFeature.ixx /misc/dn61/LocalWOK/wok_entities/LOC/dev/CR0-OCCT691-7-CR0-OCCT691-occt-64/drv/StepDimTol/StepDimTol_PlacedDatumTargetFeature.ixx
+M StepDimTol:pubinclude:Handle_StepDimTol_GeoTolAndGeoTolWthDatRefAndModGeoTolAndPosTol.hxx /misc/dn61/LocalWOK/wok_entities/LOC/dev/CR0-OCCT691-7-CR0-OCCT691-occt-64/inc/Handle_StepDimTol_GeoTolAndGeoTolWthDatRefAndModGeoTolAndPosTol.hxx
+M StepDimTol:pubinclude:StepDimTol_GeoTolAndGeoTolWthDatRefAndModGeoTolAndPosTol.hxx /misc/dn61/LocalWOK/wok_entities/LOC/dev/CR0-OCCT691-7-CR0-OCCT691-occt-64/inc/StepDimTol_GeoTolAndGeoTolWthDatRefAndModGeoTolAndPosTol.hxx
+M StepDimTol:privinclude:StepDimTol_GeoTolAndGeoTolWthDatRefAndModGeoTolAndPosTol.jxx /misc/dn61/LocalWOK/wok_entities/LOC/dev/CR0-OCCT691-7-CR0-OCCT691-occt-64/drv/StepDimTol/StepDimTol_GeoTolAndGeoTolWthDatRefAndModGeoTolAndPosTol.jxx
+M StepDimTol:privinclude:StepDimTol_GeoTolAndGeoTolWthDatRefAndModGeoTolAndPosTol.ixx /misc/dn61/LocalWOK/wok_entities/LOC/dev/CR0-OCCT691-7-CR0-OCCT691-occt-64/drv/StepDimTol/StepDimTol_GeoTolAndGeoTolWthDatRefAndModGeoTolAndPosTol.ixx
+M StepDimTol:pubinclude:StepDimTol_Array1OfDatumReference.hxx /misc/dn61/LocalWOK/wok_entities/LOC/dev/CR0-OCCT691-7-CR0-OCCT691-occt-64/inc/StepDimTol_Array1OfDatumReference.hxx
+M StepDimTol:derivated:StepDimTol_Array1OfDatumReference_0.cxx /misc/dn61/LocalWOK/wok_entities/LOC/dev/CR0-OCCT691-7-CR0-OCCT691-occt-64/drv/StepDimTol/StepDimTol_Array1OfDatumReference_0.cxx
+M StepDimTol:pubinclude:Handle_StepDimTol_HArray1OfDatumReference.hxx /misc/dn61/LocalWOK/wok_entities/LOC/dev/CR0-OCCT691-7-CR0-OCCT691-occt-64/inc/Handle_StepDimTol_HArray1OfDatumReference.hxx
+M StepDimTol:pubinclude:StepDimTol_HArray1OfDatumReference.hxx /misc/dn61/LocalWOK/wok_entities/LOC/dev/CR0-OCCT691-7-CR0-OCCT691-occt-64/inc/StepDimTol_HArray1OfDatumReference.hxx
+M StepDimTol:derivated:StepDimTol_HArray1OfDatumReference_0.cxx /misc/dn61/LocalWOK/wok_entities/LOC/dev/CR0-OCCT691-7-CR0-OCCT691-occt-64/drv/StepDimTol/StepDimTol_HArray1OfDatumReference_0.cxx
+M StepDimTol:pubinclude:StepDimTol_LimitCondition.hxx /misc/dn61/LocalWOK/wok_entities/LOC/dev/CR0-OCCT691-7-CR0-OCCT691-occt-64/inc/StepDimTol_LimitCondition.hxx
+M StepDimTol:dbadmfile:StepDimTol_xcpp_header.In /misc/dn61/LocalWOK/wok_entities/LOC/dev/CR0-OCCT691-7-CR0-OCCT691-occt-64/drv/StepDimTol/.adm/StepDimTol_xcpp_header.In
+M StepDimTol:dbadmfile:StepDimTol_xcpp_header.Out /misc/dn61/LocalWOK/wok_entities/LOC/dev/CR0-OCCT691-7-CR0-OCCT691-occt-64/drv/StepDimTol/.adm/StepDimTol_xcpp_header.Out
+M StepDimTol:dbadmfile:StepDimTol_xcpp_header.Dep /misc/dn61/LocalWOK/wok_entities/LOC/dev/CR0-OCCT691-7-CR0-OCCT691-occt-64/drv/StepDimTol/.adm/StepDimTol_xcpp_header.Dep
