+M BRepOffsetAPI:pubinclude:BRepOffsetAPI_MakePipe.hxx /misc/dn61/LocalWOK/wok_entities/LOC/dev/CR0-OCCT691-7-CR0-OCCT691-occt-64/inc/BRepOffsetAPI_MakePipe.hxx
+M BRepOffsetAPI:privinclude:BRepOffsetAPI_MakePipe.jxx /misc/dn61/LocalWOK/wok_entities/LOC/dev/CR0-OCCT691-7-CR0-OCCT691-occt-64/drv/BRepOffsetAPI/BRepOffsetAPI_MakePipe.jxx
+M BRepOffsetAPI:privinclude:BRepOffsetAPI_MakePipe.ixx /misc/dn61/LocalWOK/wok_entities/LOC/dev/CR0-OCCT691-7-CR0-OCCT691-occt-64/drv/BRepOffsetAPI/BRepOffsetAPI_MakePipe.ixx
+M BRepOffsetAPI:pubinclude:BRepOffsetAPI_MakePipeShell.hxx /misc/dn61/LocalWOK/wok_entities/LOC/dev/CR0-OCCT691-7-CR0-OCCT691-occt-64/inc/BRepOffsetAPI_MakePipeShell.hxx
+M BRepOffsetAPI:privinclude:BRepOffsetAPI_MakePipeShell.jxx /misc/dn61/LocalWOK/wok_entities/LOC/dev/CR0-OCCT691-7-CR0-OCCT691-occt-64/drv/BRepOffsetAPI/BRepOffsetAPI_MakePipeShell.jxx
+M BRepOffsetAPI:privinclude:BRepOffsetAPI_MakePipeShell.ixx /misc/dn61/LocalWOK/wok_entities/LOC/dev/CR0-OCCT691-7-CR0-OCCT691-occt-64/drv/BRepOffsetAPI/BRepOffsetAPI_MakePipeShell.ixx
+M BRepOffsetAPI:pubinclude:BRepOffsetAPI_MakeDraft.hxx /misc/dn61/LocalWOK/wok_entities/LOC/dev/CR0-OCCT691-7-CR0-OCCT691-occt-64/inc/BRepOffsetAPI_MakeDraft.hxx
+M BRepOffsetAPI:privinclude:BRepOffsetAPI_MakeDraft.jxx /misc/dn61/LocalWOK/wok_entities/LOC/dev/CR0-OCCT691-7-CR0-OCCT691-occt-64/drv/BRepOffsetAPI/BRepOffsetAPI_MakeDraft.jxx
+M BRepOffsetAPI:privinclude:BRepOffsetAPI_MakeDraft.ixx /misc/dn61/LocalWOK/wok_entities/LOC/dev/CR0-OCCT691-7-CR0-OCCT691-occt-64/drv/BRepOffsetAPI/BRepOffsetAPI_MakeDraft.ixx
+M BRepOffsetAPI:pubinclude:BRepOffsetAPI_DraftAngle.hxx /misc/dn61/LocalWOK/wok_entities/LOC/dev/CR0-OCCT691-7-CR0-OCCT691-occt-64/inc/BRepOffsetAPI_DraftAngle.hxx
+M BRepOffsetAPI:privinclude:BRepOffsetAPI_DraftAngle.jxx /misc/dn61/LocalWOK/wok_entities/LOC/dev/CR0-OCCT691-7-CR0-OCCT691-occt-64/drv/BRepOffsetAPI/BRepOffsetAPI_DraftAngle.jxx
+M BRepOffsetAPI:privinclude:BRepOffsetAPI_DraftAngle.ixx /misc/dn61/LocalWOK/wok_entities/LOC/dev/CR0-OCCT691-7-CR0-OCCT691-occt-64/drv/BRepOffsetAPI/BRepOffsetAPI_DraftAngle.ixx
+M BRepOffsetAPI:pubinclude:BRepOffsetAPI_FindContigousEdges.hxx /misc/dn61/LocalWOK/wok_entities/LOC/dev/CR0-OCCT691-7-CR0-OCCT691-occt-64/inc/BRepOffsetAPI_FindContigousEdges.hxx
+M BRepOffsetAPI:privinclude:BRepOffsetAPI_FindContigousEdges.jxx /misc/dn61/LocalWOK/wok_entities/LOC/dev/CR0-OCCT691-7-CR0-OCCT691-occt-64/drv/BRepOffsetAPI/BRepOffsetAPI_FindContigousEdges.jxx
+M BRepOffsetAPI:privinclude:BRepOffsetAPI_FindContigousEdges.ixx /misc/dn61/LocalWOK/wok_entities/LOC/dev/CR0-OCCT691-7-CR0-OCCT691-occt-64/drv/BRepOffsetAPI/BRepOffsetAPI_FindContigousEdges.ixx
+M BRepOffsetAPI:pubinclude:BRepOffsetAPI_MakeOffset.hxx /misc/dn61/LocalWOK/wok_entities/LOC/dev/CR0-OCCT691-7-CR0-OCCT691-occt-64/inc/BRepOffsetAPI_MakeOffset.hxx
+M BRepOffsetAPI:privinclude:BRepOffsetAPI_MakeOffset.jxx /misc/dn61/LocalWOK/wok_entities/LOC/dev/CR0-OCCT691-7-CR0-OCCT691-occt-64/drv/BRepOffsetAPI/BRepOffsetAPI_MakeOffset.jxx
+M BRepOffsetAPI:privinclude:BRepOffsetAPI_MakeOffset.ixx /misc/dn61/LocalWOK/wok_entities/LOC/dev/CR0-OCCT691-7-CR0-OCCT691-occt-64/drv/BRepOffsetAPI/BRepOffsetAPI_MakeOffset.ixx
+M BRepOffsetAPI:pubinclude:BRepOffsetAPI_MakeOffsetShape.hxx /misc/dn61/LocalWOK/wok_entities/LOC/dev/CR0-OCCT691-7-CR0-OCCT691-occt-64/inc/BRepOffsetAPI_MakeOffsetShape.hxx
+M BRepOffsetAPI:privinclude:BRepOffsetAPI_MakeOffsetShape.jxx /misc/dn61/LocalWOK/wok_entities/LOC/dev/CR0-OCCT691-7-CR0-OCCT691-occt-64/drv/BRepOffsetAPI/BRepOffsetAPI_MakeOffsetShape.jxx
+M BRepOffsetAPI:privinclude:BRepOffsetAPI_MakeOffsetShape.ixx /misc/dn61/LocalWOK/wok_entities/LOC/dev/CR0-OCCT691-7-CR0-OCCT691-occt-64/drv/BRepOffsetAPI/BRepOffsetAPI_MakeOffsetShape.ixx
+M BRepOffsetAPI:pubinclude:BRepOffsetAPI_MakeThickSolid.hxx /misc/dn61/LocalWOK/wok_entities/LOC/dev/CR0-OCCT691-7-CR0-OCCT691-occt-64/inc/BRepOffsetAPI_MakeThickSolid.hxx
+M BRepOffsetAPI:privinclude:BRepOffsetAPI_MakeThickSolid.jxx /misc/dn61/LocalWOK/wok_entities/LOC/dev/CR0-OCCT691-7-CR0-OCCT691-occt-64/drv/BRepOffsetAPI/BRepOffsetAPI_MakeThickSolid.jxx
+M BRepOffsetAPI:privinclude:BRepOffsetAPI_MakeThickSolid.ixx /misc/dn61/LocalWOK/wok_entities/LOC/dev/CR0-OCCT691-7-CR0-OCCT691-occt-64/drv/BRepOffsetAPI/BRepOffsetAPI_MakeThickSolid.ixx
+M BRepOffsetAPI:pubinclude:BRepOffsetAPI_MakeEvolved.hxx /misc/dn61/LocalWOK/wok_entities/LOC/dev/CR0-OCCT691-7-CR0-OCCT691-occt-64/inc/BRepOffsetAPI_MakeEvolved.hxx
+M BRepOffsetAPI:privinclude:BRepOffsetAPI_MakeEvolved.jxx /misc/dn61/LocalWOK/wok_entities/LOC/dev/CR0-OCCT691-7-CR0-OCCT691-occt-64/drv/BRepOffsetAPI/BRepOffsetAPI_MakeEvolved.jxx
+M BRepOffsetAPI:privinclude:BRepOffsetAPI_MakeEvolved.ixx /misc/dn61/LocalWOK/wok_entities/LOC/dev/CR0-OCCT691-7-CR0-OCCT691-occt-64/drv/BRepOffsetAPI/BRepOffsetAPI_MakeEvolved.ixx
+M BRepOffsetAPI:pubinclude:BRepOffsetAPI_ThruSections.hxx /misc/dn61/LocalWOK/wok_entities/LOC/dev/CR0-OCCT691-7-CR0-OCCT691-occt-64/inc/BRepOffsetAPI_ThruSections.hxx
+M BRepOffsetAPI:privinclude:BRepOffsetAPI_ThruSections.jxx /misc/dn61/LocalWOK/wok_entities/LOC/dev/CR0-OCCT691-7-CR0-OCCT691-occt-64/drv/BRepOffsetAPI/BRepOffsetAPI_ThruSections.jxx
+M BRepOffsetAPI:privinclude:BRepOffsetAPI_ThruSections.ixx /misc/dn61/LocalWOK/wok_entities/LOC/dev/CR0-OCCT691-7-CR0-OCCT691-occt-64/drv/BRepOffsetAPI/BRepOffsetAPI_ThruSections.ixx
+M BRepOffsetAPI:pubinclude:BRepOffsetAPI_NormalProjection.hxx /misc/dn61/LocalWOK/wok_entities/LOC/dev/CR0-OCCT691-7-CR0-OCCT691-occt-64/inc/BRepOffsetAPI_NormalProjection.hxx
+M BRepOffsetAPI:privinclude:BRepOffsetAPI_NormalProjection.jxx /misc/dn61/LocalWOK/wok_entities/LOC/dev/CR0-OCCT691-7-CR0-OCCT691-occt-64/drv/BRepOffsetAPI/BRepOffsetAPI_NormalProjection.jxx
+M BRepOffsetAPI:privinclude:BRepOffsetAPI_NormalProjection.ixx /misc/dn61/LocalWOK/wok_entities/LOC/dev/CR0-OCCT691-7-CR0-OCCT691-occt-64/drv/BRepOffsetAPI/BRepOffsetAPI_NormalProjection.ixx
+M BRepOffsetAPI:pubinclude:BRepOffsetAPI_MiddlePath.hxx /misc/dn61/LocalWOK/wok_entities/LOC/dev/CR0-OCCT691-7-CR0-OCCT691-occt-64/inc/BRepOffsetAPI_MiddlePath.hxx
+M BRepOffsetAPI:privinclude:BRepOffsetAPI_MiddlePath.jxx /misc/dn61/LocalWOK/wok_entities/LOC/dev/CR0-OCCT691-7-CR0-OCCT691-occt-64/drv/BRepOffsetAPI/BRepOffsetAPI_MiddlePath.jxx
+M BRepOffsetAPI:privinclude:BRepOffsetAPI_MiddlePath.ixx /misc/dn61/LocalWOK/wok_entities/LOC/dev/CR0-OCCT691-7-CR0-OCCT691-occt-64/drv/BRepOffsetAPI/BRepOffsetAPI_MiddlePath.ixx
+M BRepOffsetAPI:pubinclude:BRepOffsetAPI_MakeFilling.hxx /misc/dn61/LocalWOK/wok_entities/LOC/dev/CR0-OCCT691-7-CR0-OCCT691-occt-64/inc/BRepOffsetAPI_MakeFilling.hxx
+M BRepOffsetAPI:privinclude:BRepOffsetAPI_MakeFilling.jxx /misc/dn61/LocalWOK/wok_entities/LOC/dev/CR0-OCCT691-7-CR0-OCCT691-occt-64/drv/BRepOffsetAPI/BRepOffsetAPI_MakeFilling.jxx
+M BRepOffsetAPI:privinclude:BRepOffsetAPI_MakeFilling.ixx /misc/dn61/LocalWOK/wok_entities/LOC/dev/CR0-OCCT691-7-CR0-OCCT691-occt-64/drv/BRepOffsetAPI/BRepOffsetAPI_MakeFilling.ixx
+M BRepOffsetAPI:pubinclude:BRepOffsetAPI_SequenceOfSequenceOfReal.hxx /misc/dn61/LocalWOK/wok_entities/LOC/dev/CR0-OCCT691-7-CR0-OCCT691-occt-64/inc/BRepOffsetAPI_SequenceOfSequenceOfReal.hxx
+M BRepOffsetAPI:derivated:BRepOffsetAPI_SequenceOfSequenceOfReal_0.cxx /misc/dn61/LocalWOK/wok_entities/LOC/dev/CR0-OCCT691-7-CR0-OCCT691-occt-64/drv/BRepOffsetAPI/BRepOffsetAPI_SequenceOfSequenceOfReal_0.cxx
+M BRepOffsetAPI:pubinclude:BRepOffsetAPI_SequenceOfSequenceOfShape.hxx /misc/dn61/LocalWOK/wok_entities/LOC/dev/CR0-OCCT691-7-CR0-OCCT691-occt-64/inc/BRepOffsetAPI_SequenceOfSequenceOfShape.hxx
+M BRepOffsetAPI:derivated:BRepOffsetAPI_SequenceOfSequenceOfShape_0.cxx /misc/dn61/LocalWOK/wok_entities/LOC/dev/CR0-OCCT691-7-CR0-OCCT691-occt-64/drv/BRepOffsetAPI/BRepOffsetAPI_SequenceOfSequenceOfShape_0.cxx
+M BRepOffsetAPI:pubinclude:Handle_BRepOffsetAPI_SequenceNodeOfSequenceOfSequenceOfReal.hxx /misc/dn61/LocalWOK/wok_entities/LOC/dev/CR0-OCCT691-7-CR0-OCCT691-occt-64/inc/Handle_BRepOffsetAPI_SequenceNodeOfSequenceOfSequenceOfReal.hxx
+M BRepOffsetAPI:pubinclude:BRepOffsetAPI_SequenceNodeOfSequenceOfSequenceOfReal.hxx /misc/dn61/LocalWOK/wok_entities/LOC/dev/CR0-OCCT691-7-CR0-OCCT691-occt-64/inc/BRepOffsetAPI_SequenceNodeOfSequenceOfSequenceOfReal.hxx
+M BRepOffsetAPI:derivated:BRepOffsetAPI_SequenceNodeOfSequenceOfSequenceOfReal_0.cxx /misc/dn61/LocalWOK/wok_entities/LOC/dev/CR0-OCCT691-7-CR0-OCCT691-occt-64/drv/BRepOffsetAPI/BRepOffsetAPI_SequenceNodeOfSequenceOfSequenceOfReal_0.cxx
+M BRepOffsetAPI:pubinclude:Handle_BRepOffsetAPI_SequenceNodeOfSequenceOfSequenceOfShape.hxx /misc/dn61/LocalWOK/wok_entities/LOC/dev/CR0-OCCT691-7-CR0-OCCT691-occt-64/inc/Handle_BRepOffsetAPI_SequenceNodeOfSequenceOfSequenceOfShape.hxx
+M BRepOffsetAPI:pubinclude:BRepOffsetAPI_SequenceNodeOfSequenceOfSequenceOfShape.hxx /misc/dn61/LocalWOK/wok_entities/LOC/dev/CR0-OCCT691-7-CR0-OCCT691-occt-64/inc/BRepOffsetAPI_SequenceNodeOfSequenceOfSequenceOfShape.hxx
+M BRepOffsetAPI:derivated:BRepOffsetAPI_SequenceNodeOfSequenceOfSequenceOfShape_0.cxx /misc/dn61/LocalWOK/wok_entities/LOC/dev/CR0-OCCT691-7-CR0-OCCT691-occt-64/drv/BRepOffsetAPI/BRepOffsetAPI_SequenceNodeOfSequenceOfSequenceOfShape_0.cxx
+M BRepOffsetAPI:pubinclude:BRepOffsetAPI_Sewing.hxx /misc/dn61/LocalWOK/wok_entities/LOC/dev/CR0-OCCT691-7-CR0-OCCT691-occt-64/inc/BRepOffsetAPI_Sewing.hxx
+M BRepOffsetAPI:dbadmfile:BRepOffsetAPI_xcpp_header.In /misc/dn61/LocalWOK/wok_entities/LOC/dev/CR0-OCCT691-7-CR0-OCCT691-occt-64/drv/BRepOffsetAPI/.adm/BRepOffsetAPI_xcpp_header.In
+M BRepOffsetAPI:dbadmfile:BRepOffsetAPI_xcpp_header.Out /misc/dn61/LocalWOK/wok_entities/LOC/dev/CR0-OCCT691-7-CR0-OCCT691-occt-64/drv/BRepOffsetAPI/.adm/BRepOffsetAPI_xcpp_header.Out
+M BRepOffsetAPI:dbadmfile:BRepOffsetAPI_xcpp_header.Dep /misc/dn61/LocalWOK/wok_entities/LOC/dev/CR0-OCCT691-7-CR0-OCCT691-occt-64/drv/BRepOffsetAPI/.adm/BRepOffsetAPI_xcpp_header.Dep
