+M BRepCheck:pubinclude:BRepCheck.hxx /misc/dn61/LocalWOK/wok_entities/LOC/dev/CR0-OCCT691-7-CR0-OCCT691-occt-64/inc/BRepCheck.hxx
+M BRepCheck:privinclude:BRepCheck.jxx /misc/dn61/LocalWOK/wok_entities/LOC/dev/CR0-OCCT691-7-CR0-OCCT691-occt-64/drv/BRepCheck/BRepCheck.jxx
+M BRepCheck:privinclude:BRepCheck.ixx /misc/dn61/LocalWOK/wok_entities/LOC/dev/CR0-OCCT691-7-CR0-OCCT691-occt-64/drv/BRepCheck/BRepCheck.ixx
+M BRepCheck:pubinclude:Handle_BRepCheck_Result.hxx /misc/dn61/LocalWOK/wok_entities/LOC/dev/CR0-OCCT691-7-CR0-OCCT691-occt-64/inc/Handle_BRepCheck_Result.hxx
+M BRepCheck:pubinclude:BRepCheck_Result.hxx /misc/dn61/LocalWOK/wok_entities/LOC/dev/CR0-OCCT691-7-CR0-OCCT691-occt-64/inc/BRepCheck_Result.hxx
+M BRepCheck:privinclude:BRepCheck_Result.jxx /misc/dn61/LocalWOK/wok_entities/LOC/dev/CR0-OCCT691-7-CR0-OCCT691-occt-64/drv/BRepCheck/BRepCheck_Result.jxx
+M BRepCheck:privinclude:BRepCheck_Result.ixx /misc/dn61/LocalWOK/wok_entities/LOC/dev/CR0-OCCT691-7-CR0-OCCT691-occt-64/drv/BRepCheck/BRepCheck_Result.ixx
+M BRepCheck:pubinclude:Handle_BRepCheck_Vertex.hxx /misc/dn61/LocalWOK/wok_entities/LOC/dev/CR0-OCCT691-7-CR0-OCCT691-occt-64/inc/Handle_BRepCheck_Vertex.hxx
+M BRepCheck:pubinclude:BRepCheck_Vertex.hxx /misc/dn61/LocalWOK/wok_entities/LOC/dev/CR0-OCCT691-7-CR0-OCCT691-occt-64/inc/BRepCheck_Vertex.hxx
+M BRepCheck:privinclude:BRepCheck_Vertex.jxx /misc/dn61/LocalWOK/wok_entities/LOC/dev/CR0-OCCT691-7-CR0-OCCT691-occt-64/drv/BRepCheck/BRepCheck_Vertex.jxx
+M BRepCheck:privinclude:BRepCheck_Vertex.ixx /misc/dn61/LocalWOK/wok_entities/LOC/dev/CR0-OCCT691-7-CR0-OCCT691-occt-64/drv/BRepCheck/BRepCheck_Vertex.ixx
+M BRepCheck:pubinclude:Handle_BRepCheck_Edge.hxx /misc/dn61/LocalWOK/wok_entities/LOC/dev/CR0-OCCT691-7-CR0-OCCT691-occt-64/inc/Handle_BRepCheck_Edge.hxx
+M BRepCheck:pubinclude:BRepCheck_Edge.hxx /misc/dn61/LocalWOK/wok_entities/LOC/dev/CR0-OCCT691-7-CR0-OCCT691-occt-64/inc/BRepCheck_Edge.hxx
+M BRepCheck:privinclude:BRepCheck_Edge.jxx /misc/dn61/LocalWOK/wok_entities/LOC/dev/CR0-OCCT691-7-CR0-OCCT691-occt-64/drv/BRepCheck/BRepCheck_Edge.jxx
+M BRepCheck:privinclude:BRepCheck_Edge.ixx /misc/dn61/LocalWOK/wok_entities/LOC/dev/CR0-OCCT691-7-CR0-OCCT691-occt-64/drv/BRepCheck/BRepCheck_Edge.ixx
+M BRepCheck:pubinclude:Handle_BRepCheck_Wire.hxx /misc/dn61/LocalWOK/wok_entities/LOC/dev/CR0-OCCT691-7-CR0-OCCT691-occt-64/inc/Handle_BRepCheck_Wire.hxx
+M BRepCheck:pubinclude:BRepCheck_Wire.hxx /misc/dn61/LocalWOK/wok_entities/LOC/dev/CR0-OCCT691-7-CR0-OCCT691-occt-64/inc/BRepCheck_Wire.hxx
+M BRepCheck:privinclude:BRepCheck_Wire.jxx /misc/dn61/LocalWOK/wok_entities/LOC/dev/CR0-OCCT691-7-CR0-OCCT691-occt-64/drv/BRepCheck/BRepCheck_Wire.jxx
+M BRepCheck:privinclude:BRepCheck_Wire.ixx /misc/dn61/LocalWOK/wok_entities/LOC/dev/CR0-OCCT691-7-CR0-OCCT691-occt-64/drv/BRepCheck/BRepCheck_Wire.ixx
+M BRepCheck:pubinclude:Handle_BRepCheck_Face.hxx /misc/dn61/LocalWOK/wok_entities/LOC/dev/CR0-OCCT691-7-CR0-OCCT691-occt-64/inc/Handle_BRepCheck_Face.hxx
+M BRepCheck:pubinclude:BRepCheck_Face.hxx /misc/dn61/LocalWOK/wok_entities/LOC/dev/CR0-OCCT691-7-CR0-OCCT691-occt-64/inc/BRepCheck_Face.hxx
+M BRepCheck:privinclude:BRepCheck_Face.jxx /misc/dn61/LocalWOK/wok_entities/LOC/dev/CR0-OCCT691-7-CR0-OCCT691-occt-64/drv/BRepCheck/BRepCheck_Face.jxx
+M BRepCheck:privinclude:BRepCheck_Face.ixx /misc/dn61/LocalWOK/wok_entities/LOC/dev/CR0-OCCT691-7-CR0-OCCT691-occt-64/drv/BRepCheck/BRepCheck_Face.ixx
+M BRepCheck:pubinclude:Handle_BRepCheck_Shell.hxx /misc/dn61/LocalWOK/wok_entities/LOC/dev/CR0-OCCT691-7-CR0-OCCT691-occt-64/inc/Handle_BRepCheck_Shell.hxx
+M BRepCheck:pubinclude:BRepCheck_Shell.hxx /misc/dn61/LocalWOK/wok_entities/LOC/dev/CR0-OCCT691-7-CR0-OCCT691-occt-64/inc/BRepCheck_Shell.hxx
+M BRepCheck:privinclude:BRepCheck_Shell.jxx /misc/dn61/LocalWOK/wok_entities/LOC/dev/CR0-OCCT691-7-CR0-OCCT691-occt-64/drv/BRepCheck/BRepCheck_Shell.jxx
+M BRepCheck:privinclude:BRepCheck_Shell.ixx /misc/dn61/LocalWOK/wok_entities/LOC/dev/CR0-OCCT691-7-CR0-OCCT691-occt-64/drv/BRepCheck/BRepCheck_Shell.ixx
+M BRepCheck:pubinclude:Handle_BRepCheck_Solid.hxx /misc/dn61/LocalWOK/wok_entities/LOC/dev/CR0-OCCT691-7-CR0-OCCT691-occt-64/inc/Handle_BRepCheck_Solid.hxx
+M BRepCheck:pubinclude:BRepCheck_Solid.hxx /misc/dn61/LocalWOK/wok_entities/LOC/dev/CR0-OCCT691-7-CR0-OCCT691-occt-64/inc/BRepCheck_Solid.hxx
+M BRepCheck:privinclude:BRepCheck_Solid.jxx /misc/dn61/LocalWOK/wok_entities/LOC/dev/CR0-OCCT691-7-CR0-OCCT691-occt-64/drv/BRepCheck/BRepCheck_Solid.jxx
+M BRepCheck:privinclude:BRepCheck_Solid.ixx /misc/dn61/LocalWOK/wok_entities/LOC/dev/CR0-OCCT691-7-CR0-OCCT691-occt-64/drv/BRepCheck/BRepCheck_Solid.ixx
+M BRepCheck:pubinclude:BRepCheck_Analyzer.hxx /misc/dn61/LocalWOK/wok_entities/LOC/dev/CR0-OCCT691-7-CR0-OCCT691-occt-64/inc/BRepCheck_Analyzer.hxx
+M BRepCheck:privinclude:BRepCheck_Analyzer.jxx /misc/dn61/LocalWOK/wok_entities/LOC/dev/CR0-OCCT691-7-CR0-OCCT691-occt-64/drv/BRepCheck/BRepCheck_Analyzer.jxx
+M BRepCheck:privinclude:BRepCheck_Analyzer.ixx /misc/dn61/LocalWOK/wok_entities/LOC/dev/CR0-OCCT691-7-CR0-OCCT691-occt-64/drv/BRepCheck/BRepCheck_Analyzer.ixx
+M BRepCheck:pubinclude:BRepCheck_ListOfStatus.hxx /misc/dn61/LocalWOK/wok_entities/LOC/dev/CR0-OCCT691-7-CR0-OCCT691-occt-64/inc/BRepCheck_ListOfStatus.hxx
+M BRepCheck:derivated:BRepCheck_ListOfStatus_0.cxx /misc/dn61/LocalWOK/wok_entities/LOC/dev/CR0-OCCT691-7-CR0-OCCT691-occt-64/drv/BRepCheck/BRepCheck_ListOfStatus_0.cxx
+M BRepCheck:pubinclude:BRepCheck_DataMapOfShapeListOfStatus.hxx /misc/dn61/LocalWOK/wok_entities/LOC/dev/CR0-OCCT691-7-CR0-OCCT691-occt-64/inc/BRepCheck_DataMapOfShapeListOfStatus.hxx
+M BRepCheck:derivated:BRepCheck_DataMapOfShapeListOfStatus_0.cxx /misc/dn61/LocalWOK/wok_entities/LOC/dev/CR0-OCCT691-7-CR0-OCCT691-occt-64/drv/BRepCheck/BRepCheck_DataMapOfShapeListOfStatus_0.cxx
+M BRepCheck:pubinclude:BRepCheck_DataMapOfShapeResult.hxx /misc/dn61/LocalWOK/wok_entities/LOC/dev/CR0-OCCT691-7-CR0-OCCT691-occt-64/inc/BRepCheck_DataMapOfShapeResult.hxx
+M BRepCheck:derivated:BRepCheck_DataMapOfShapeResult_0.cxx /misc/dn61/LocalWOK/wok_entities/LOC/dev/CR0-OCCT691-7-CR0-OCCT691-occt-64/drv/BRepCheck/BRepCheck_DataMapOfShapeResult_0.cxx
+M BRepCheck:pubinclude:Handle_BRepCheck_ListNodeOfListOfStatus.hxx /misc/dn61/LocalWOK/wok_entities/LOC/dev/CR0-OCCT691-7-CR0-OCCT691-occt-64/inc/Handle_BRepCheck_ListNodeOfListOfStatus.hxx
+M BRepCheck:pubinclude:BRepCheck_ListNodeOfListOfStatus.hxx /misc/dn61/LocalWOK/wok_entities/LOC/dev/CR0-OCCT691-7-CR0-OCCT691-occt-64/inc/BRepCheck_ListNodeOfListOfStatus.hxx
+M BRepCheck:derivated:BRepCheck_ListNodeOfListOfStatus_0.cxx /misc/dn61/LocalWOK/wok_entities/LOC/dev/CR0-OCCT691-7-CR0-OCCT691-occt-64/drv/BRepCheck/BRepCheck_ListNodeOfListOfStatus_0.cxx
+M BRepCheck:pubinclude:BRepCheck_ListIteratorOfListOfStatus.hxx /misc/dn61/LocalWOK/wok_entities/LOC/dev/CR0-OCCT691-7-CR0-OCCT691-occt-64/inc/BRepCheck_ListIteratorOfListOfStatus.hxx
+M BRepCheck:derivated:BRepCheck_ListIteratorOfListOfStatus_0.cxx /misc/dn61/LocalWOK/wok_entities/LOC/dev/CR0-OCCT691-7-CR0-OCCT691-occt-64/drv/BRepCheck/BRepCheck_ListIteratorOfListOfStatus_0.cxx
+M BRepCheck:pubinclude:Handle_BRepCheck_DataMapNodeOfDataMapOfShapeListOfStatus.hxx /misc/dn61/LocalWOK/wok_entities/LOC/dev/CR0-OCCT691-7-CR0-OCCT691-occt-64/inc/Handle_BRepCheck_DataMapNodeOfDataMapOfShapeListOfStatus.hxx
+M BRepCheck:pubinclude:BRepCheck_DataMapNodeOfDataMapOfShapeListOfStatus.hxx /misc/dn61/LocalWOK/wok_entities/LOC/dev/CR0-OCCT691-7-CR0-OCCT691-occt-64/inc/BRepCheck_DataMapNodeOfDataMapOfShapeListOfStatus.hxx
+M BRepCheck:derivated:BRepCheck_DataMapNodeOfDataMapOfShapeListOfStatus_0.cxx /misc/dn61/LocalWOK/wok_entities/LOC/dev/CR0-OCCT691-7-CR0-OCCT691-occt-64/drv/BRepCheck/BRepCheck_DataMapNodeOfDataMapOfShapeListOfStatus_0.cxx
+M BRepCheck:pubinclude:BRepCheck_DataMapIteratorOfDataMapOfShapeListOfStatus.hxx /misc/dn61/LocalWOK/wok_entities/LOC/dev/CR0-OCCT691-7-CR0-OCCT691-occt-64/inc/BRepCheck_DataMapIteratorOfDataMapOfShapeListOfStatus.hxx
+M BRepCheck:derivated:BRepCheck_DataMapIteratorOfDataMapOfShapeListOfStatus_0.cxx /misc/dn61/LocalWOK/wok_entities/LOC/dev/CR0-OCCT691-7-CR0-OCCT691-occt-64/drv/BRepCheck/BRepCheck_DataMapIteratorOfDataMapOfShapeListOfStatus_0.cxx
+M BRepCheck:pubinclude:Handle_BRepCheck_DataMapNodeOfDataMapOfShapeResult.hxx /misc/dn61/LocalWOK/wok_entities/LOC/dev/CR0-OCCT691-7-CR0-OCCT691-occt-64/inc/Handle_BRepCheck_DataMapNodeOfDataMapOfShapeResult.hxx
+M BRepCheck:pubinclude:BRepCheck_DataMapNodeOfDataMapOfShapeResult.hxx /misc/dn61/LocalWOK/wok_entities/LOC/dev/CR0-OCCT691-7-CR0-OCCT691-occt-64/inc/BRepCheck_DataMapNodeOfDataMapOfShapeResult.hxx
+M BRepCheck:derivated:BRepCheck_DataMapNodeOfDataMapOfShapeResult_0.cxx /misc/dn61/LocalWOK/wok_entities/LOC/dev/CR0-OCCT691-7-CR0-OCCT691-occt-64/drv/BRepCheck/BRepCheck_DataMapNodeOfDataMapOfShapeResult_0.cxx
+M BRepCheck:pubinclude:BRepCheck_DataMapIteratorOfDataMapOfShapeResult.hxx /misc/dn61/LocalWOK/wok_entities/LOC/dev/CR0-OCCT691-7-CR0-OCCT691-occt-64/inc/BRepCheck_DataMapIteratorOfDataMapOfShapeResult.hxx
+M BRepCheck:derivated:BRepCheck_DataMapIteratorOfDataMapOfShapeResult_0.cxx /misc/dn61/LocalWOK/wok_entities/LOC/dev/CR0-OCCT691-7-CR0-OCCT691-occt-64/drv/BRepCheck/BRepCheck_DataMapIteratorOfDataMapOfShapeResult_0.cxx
+M BRepCheck:pubinclude:BRepCheck_Status.hxx /misc/dn61/LocalWOK/wok_entities/LOC/dev/CR0-OCCT691-7-CR0-OCCT691-occt-64/inc/BRepCheck_Status.hxx
+M BRepCheck:dbadmfile:BRepCheck_xcpp_header.In /misc/dn61/LocalWOK/wok_entities/LOC/dev/CR0-OCCT691-7-CR0-OCCT691-occt-64/drv/BRepCheck/.adm/BRepCheck_xcpp_header.In
+M BRepCheck:dbadmfile:BRepCheck_xcpp_header.Out /misc/dn61/LocalWOK/wok_entities/LOC/dev/CR0-OCCT691-7-CR0-OCCT691-occt-64/drv/BRepCheck/.adm/BRepCheck_xcpp_header.Out
+M BRepCheck:dbadmfile:BRepCheck_xcpp_header.Dep /misc/dn61/LocalWOK/wok_entities/LOC/dev/CR0-OCCT691-7-CR0-OCCT691-occt-64/drv/BRepCheck/.adm/BRepCheck_xcpp_header.Dep
