+M IntAna:pubinclude:IntAna_QuadQuadGeo.hxx /misc/dn61/LocalWOK/wok_entities/LOC/dev/CR0-OCCT691-7-CR0-OCCT691-occt-64/inc/IntAna_QuadQuadGeo.hxx
+M IntAna:privinclude:IntAna_QuadQuadGeo.jxx /misc/dn61/LocalWOK/wok_entities/LOC/dev/CR0-OCCT691-7-CR0-OCCT691-occt-64/drv/IntAna/IntAna_QuadQuadGeo.jxx
+M IntAna:privinclude:IntAna_QuadQuadGeo.ixx /misc/dn61/LocalWOK/wok_entities/LOC/dev/CR0-OCCT691-7-CR0-OCCT691-occt-64/drv/IntAna/IntAna_QuadQuadGeo.ixx
+M IntAna:pubinclude:IntAna_IntQuadQuad.hxx /misc/dn61/LocalWOK/wok_entities/LOC/dev/CR0-OCCT691-7-CR0-OCCT691-occt-64/inc/IntAna_IntQuadQuad.hxx
+M IntAna:privinclude:IntAna_IntQuadQuad.jxx /misc/dn61/LocalWOK/wok_entities/LOC/dev/CR0-OCCT691-7-CR0-OCCT691-occt-64/drv/IntAna/IntAna_IntQuadQuad.jxx
+M IntAna:privinclude:IntAna_IntQuadQuad.ixx /misc/dn61/LocalWOK/wok_entities/LOC/dev/CR0-OCCT691-7-CR0-OCCT691-occt-64/drv/IntAna/IntAna_IntQuadQuad.ixx
+M IntAna:pubinclude:IntAna_Int3Pln.hxx /misc/dn61/LocalWOK/wok_entities/LOC/dev/CR0-OCCT691-7-CR0-OCCT691-occt-64/inc/IntAna_Int3Pln.hxx
+M IntAna:privinclude:IntAna_Int3Pln.jxx /misc/dn61/LocalWOK/wok_entities/LOC/dev/CR0-OCCT691-7-CR0-OCCT691-occt-64/drv/IntAna/IntAna_Int3Pln.jxx
+M IntAna:privinclude:IntAna_Int3Pln.ixx /misc/dn61/LocalWOK/wok_entities/LOC/dev/CR0-OCCT691-7-CR0-OCCT691-occt-64/drv/IntAna/IntAna_Int3Pln.ixx
+M IntAna:pubinclude:IntAna_IntLinTorus.hxx /misc/dn61/LocalWOK/wok_entities/LOC/dev/CR0-OCCT691-7-CR0-OCCT691-occt-64/inc/IntAna_IntLinTorus.hxx
+M IntAna:privinclude:IntAna_IntLinTorus.jxx /misc/dn61/LocalWOK/wok_entities/LOC/dev/CR0-OCCT691-7-CR0-OCCT691-occt-64/drv/IntAna/IntAna_IntLinTorus.jxx
+M IntAna:privinclude:IntAna_IntLinTorus.ixx /misc/dn61/LocalWOK/wok_entities/LOC/dev/CR0-OCCT691-7-CR0-OCCT691-occt-64/drv/IntAna/IntAna_IntLinTorus.ixx
+M IntAna:pubinclude:IntAna_IntConicQuad.hxx /misc/dn61/LocalWOK/wok_entities/LOC/dev/CR0-OCCT691-7-CR0-OCCT691-occt-64/inc/IntAna_IntConicQuad.hxx
+M IntAna:privinclude:IntAna_IntConicQuad.jxx /misc/dn61/LocalWOK/wok_entities/LOC/dev/CR0-OCCT691-7-CR0-OCCT691-occt-64/drv/IntAna/IntAna_IntConicQuad.jxx
+M IntAna:privinclude:IntAna_IntConicQuad.ixx /misc/dn61/LocalWOK/wok_entities/LOC/dev/CR0-OCCT691-7-CR0-OCCT691-occt-64/drv/IntAna/IntAna_IntConicQuad.ixx
+M IntAna:pubinclude:IntAna_Curve.hxx /misc/dn61/LocalWOK/wok_entities/LOC/dev/CR0-OCCT691-7-CR0-OCCT691-occt-64/inc/IntAna_Curve.hxx
+M IntAna:privinclude:IntAna_Curve.jxx /misc/dn61/LocalWOK/wok_entities/LOC/dev/CR0-OCCT691-7-CR0-OCCT691-occt-64/drv/IntAna/IntAna_Curve.jxx
+M IntAna:privinclude:IntAna_Curve.ixx /misc/dn61/LocalWOK/wok_entities/LOC/dev/CR0-OCCT691-7-CR0-OCCT691-occt-64/drv/IntAna/IntAna_Curve.ixx
+M IntAna:pubinclude:IntAna_Quadric.hxx /misc/dn61/LocalWOK/wok_entities/LOC/dev/CR0-OCCT691-7-CR0-OCCT691-occt-64/inc/IntAna_Quadric.hxx
+M IntAna:privinclude:IntAna_Quadric.jxx /misc/dn61/LocalWOK/wok_entities/LOC/dev/CR0-OCCT691-7-CR0-OCCT691-occt-64/drv/IntAna/IntAna_Quadric.jxx
+M IntAna:privinclude:IntAna_Quadric.ixx /misc/dn61/LocalWOK/wok_entities/LOC/dev/CR0-OCCT691-7-CR0-OCCT691-occt-64/drv/IntAna/IntAna_Quadric.ixx
+M IntAna:pubinclude:IntAna_ListOfCurve.hxx /misc/dn61/LocalWOK/wok_entities/LOC/dev/CR0-OCCT691-7-CR0-OCCT691-occt-64/inc/IntAna_ListOfCurve.hxx
+M IntAna:derivated:IntAna_ListOfCurve_0.cxx /misc/dn61/LocalWOK/wok_entities/LOC/dev/CR0-OCCT691-7-CR0-OCCT691-occt-64/drv/IntAna/IntAna_ListOfCurve_0.cxx
+M IntAna:pubinclude:Handle_IntAna_ListNodeOfListOfCurve.hxx /misc/dn61/LocalWOK/wok_entities/LOC/dev/CR0-OCCT691-7-CR0-OCCT691-occt-64/inc/Handle_IntAna_ListNodeOfListOfCurve.hxx
+M IntAna:pubinclude:IntAna_ListNodeOfListOfCurve.hxx /misc/dn61/LocalWOK/wok_entities/LOC/dev/CR0-OCCT691-7-CR0-OCCT691-occt-64/inc/IntAna_ListNodeOfListOfCurve.hxx
+M IntAna:derivated:IntAna_ListNodeOfListOfCurve_0.cxx /misc/dn61/LocalWOK/wok_entities/LOC/dev/CR0-OCCT691-7-CR0-OCCT691-occt-64/drv/IntAna/IntAna_ListNodeOfListOfCurve_0.cxx
+M IntAna:pubinclude:IntAna_ListIteratorOfListOfCurve.hxx /misc/dn61/LocalWOK/wok_entities/LOC/dev/CR0-OCCT691-7-CR0-OCCT691-occt-64/inc/IntAna_ListIteratorOfListOfCurve.hxx
+M IntAna:derivated:IntAna_ListIteratorOfListOfCurve_0.cxx /misc/dn61/LocalWOK/wok_entities/LOC/dev/CR0-OCCT691-7-CR0-OCCT691-occt-64/drv/IntAna/IntAna_ListIteratorOfListOfCurve_0.cxx
+M IntAna:pubinclude:IntAna_ResultType.hxx /misc/dn61/LocalWOK/wok_entities/LOC/dev/CR0-OCCT691-7-CR0-OCCT691-occt-64/inc/IntAna_ResultType.hxx
+M IntAna:dbadmfile:IntAna_xcpp_header.In /misc/dn61/LocalWOK/wok_entities/LOC/dev/CR0-OCCT691-7-CR0-OCCT691-occt-64/drv/IntAna/.adm/IntAna_xcpp_header.In
+M IntAna:dbadmfile:IntAna_xcpp_header.Out /misc/dn61/LocalWOK/wok_entities/LOC/dev/CR0-OCCT691-7-CR0-OCCT691-occt-64/drv/IntAna/.adm/IntAna_xcpp_header.Out
+M IntAna:dbadmfile:IntAna_xcpp_header.Dep /misc/dn61/LocalWOK/wok_entities/LOC/dev/CR0-OCCT691-7-CR0-OCCT691-occt-64/drv/IntAna/.adm/IntAna_xcpp_header.Dep
