+M BRepFill:pubinclude:BRepFill.hxx /misc/dn61/LocalWOK/wok_entities/LOC/dev/CR0-OCCT691-7-CR0-OCCT691-occt-64/inc/BRepFill.hxx
+M BRepFill:privinclude:BRepFill.jxx /misc/dn61/LocalWOK/wok_entities/LOC/dev/CR0-OCCT691-7-CR0-OCCT691-occt-64/drv/BRepFill/BRepFill.jxx
+M BRepFill:privinclude:BRepFill.ixx /misc/dn61/LocalWOK/wok_entities/LOC/dev/CR0-OCCT691-7-CR0-OCCT691-occt-64/drv/BRepFill/BRepFill.ixx
+M BRepFill:pubinclude:BRepFill_Generator.hxx /misc/dn61/LocalWOK/wok_entities/LOC/dev/CR0-OCCT691-7-CR0-OCCT691-occt-64/inc/BRepFill_Generator.hxx
+M BRepFill:privinclude:BRepFill_Generator.jxx /misc/dn61/LocalWOK/wok_entities/LOC/dev/CR0-OCCT691-7-CR0-OCCT691-occt-64/drv/BRepFill/BRepFill_Generator.jxx
+M BRepFill:privinclude:BRepFill_Generator.ixx /misc/dn61/LocalWOK/wok_entities/LOC/dev/CR0-OCCT691-7-CR0-OCCT691-occt-64/drv/BRepFill/BRepFill_Generator.ixx
+M BRepFill:pubinclude:Handle_BRepFill_SectionLaw.hxx /misc/dn61/LocalWOK/wok_entities/LOC/dev/CR0-OCCT691-7-CR0-OCCT691-occt-64/inc/Handle_BRepFill_SectionLaw.hxx
+M BRepFill:pubinclude:BRepFill_SectionLaw.hxx /misc/dn61/LocalWOK/wok_entities/LOC/dev/CR0-OCCT691-7-CR0-OCCT691-occt-64/inc/BRepFill_SectionLaw.hxx
+M BRepFill:privinclude:BRepFill_SectionLaw.jxx /misc/dn61/LocalWOK/wok_entities/LOC/dev/CR0-OCCT691-7-CR0-OCCT691-occt-64/drv/BRepFill/BRepFill_SectionLaw.jxx
+M BRepFill:privinclude:BRepFill_SectionLaw.ixx /misc/dn61/LocalWOK/wok_entities/LOC/dev/CR0-OCCT691-7-CR0-OCCT691-occt-64/drv/BRepFill/BRepFill_SectionLaw.ixx
+M BRepFill:pubinclude:Handle_BRepFill_ShapeLaw.hxx /misc/dn61/LocalWOK/wok_entities/LOC/dev/CR0-OCCT691-7-CR0-OCCT691-occt-64/inc/Handle_BRepFill_ShapeLaw.hxx
+M BRepFill:pubinclude:BRepFill_ShapeLaw.hxx /misc/dn61/LocalWOK/wok_entities/LOC/dev/CR0-OCCT691-7-CR0-OCCT691-occt-64/inc/BRepFill_ShapeLaw.hxx
+M BRepFill:privinclude:BRepFill_ShapeLaw.jxx /misc/dn61/LocalWOK/wok_entities/LOC/dev/CR0-OCCT691-7-CR0-OCCT691-occt-64/drv/BRepFill/BRepFill_ShapeLaw.jxx
+M BRepFill:privinclude:BRepFill_ShapeLaw.ixx /misc/dn61/LocalWOK/wok_entities/LOC/dev/CR0-OCCT691-7-CR0-OCCT691-occt-64/drv/BRepFill/BRepFill_ShapeLaw.ixx
+M BRepFill:pubinclude:Handle_BRepFill_NSections.hxx /misc/dn61/LocalWOK/wok_entities/LOC/dev/CR0-OCCT691-7-CR0-OCCT691-occt-64/inc/Handle_BRepFill_NSections.hxx
+M BRepFill:pubinclude:BRepFill_NSections.hxx /misc/dn61/LocalWOK/wok_entities/LOC/dev/CR0-OCCT691-7-CR0-OCCT691-occt-64/inc/BRepFill_NSections.hxx
+M BRepFill:privinclude:BRepFill_NSections.jxx /misc/dn61/LocalWOK/wok_entities/LOC/dev/CR0-OCCT691-7-CR0-OCCT691-occt-64/drv/BRepFill/BRepFill_NSections.jxx
+M BRepFill:privinclude:BRepFill_NSections.ixx /misc/dn61/LocalWOK/wok_entities/LOC/dev/CR0-OCCT691-7-CR0-OCCT691-occt-64/drv/BRepFill/BRepFill_NSections.ixx
+M BRepFill:pubinclude:BRepFill_Draft.hxx /misc/dn61/LocalWOK/wok_entities/LOC/dev/CR0-OCCT691-7-CR0-OCCT691-occt-64/inc/BRepFill_Draft.hxx
+M BRepFill:privinclude:BRepFill_Draft.jxx /misc/dn61/LocalWOK/wok_entities/LOC/dev/CR0-OCCT691-7-CR0-OCCT691-occt-64/drv/BRepFill/BRepFill_Draft.jxx
+M BRepFill:privinclude:BRepFill_Draft.ixx /misc/dn61/LocalWOK/wok_entities/LOC/dev/CR0-OCCT691-7-CR0-OCCT691-occt-64/drv/BRepFill/BRepFill_Draft.ixx
+M BRepFill:pubinclude:Handle_BRepFill_LocationLaw.hxx /misc/dn61/LocalWOK/wok_entities/LOC/dev/CR0-OCCT691-7-CR0-OCCT691-occt-64/inc/Handle_BRepFill_LocationLaw.hxx
+M BRepFill:pubinclude:BRepFill_LocationLaw.hxx /misc/dn61/LocalWOK/wok_entities/LOC/dev/CR0-OCCT691-7-CR0-OCCT691-occt-64/inc/BRepFill_LocationLaw.hxx
+M BRepFill:privinclude:BRepFill_LocationLaw.jxx /misc/dn61/LocalWOK/wok_entities/LOC/dev/CR0-OCCT691-7-CR0-OCCT691-occt-64/drv/BRepFill/BRepFill_LocationLaw.jxx
+M BRepFill:privinclude:BRepFill_LocationLaw.ixx /misc/dn61/LocalWOK/wok_entities/LOC/dev/CR0-OCCT691-7-CR0-OCCT691-occt-64/drv/BRepFill/BRepFill_LocationLaw.ixx
+M BRepFill:pubinclude:Handle_BRepFill_DraftLaw.hxx /misc/dn61/LocalWOK/wok_entities/LOC/dev/CR0-OCCT691-7-CR0-OCCT691-occt-64/inc/Handle_BRepFill_DraftLaw.hxx
+M BRepFill:pubinclude:BRepFill_DraftLaw.hxx /misc/dn61/LocalWOK/wok_entities/LOC/dev/CR0-OCCT691-7-CR0-OCCT691-occt-64/inc/BRepFill_DraftLaw.hxx
+M BRepFill:privinclude:BRepFill_DraftLaw.jxx /misc/dn61/LocalWOK/wok_entities/LOC/dev/CR0-OCCT691-7-CR0-OCCT691-occt-64/drv/BRepFill/BRepFill_DraftLaw.jxx
+M BRepFill:privinclude:BRepFill_DraftLaw.ixx /misc/dn61/LocalWOK/wok_entities/LOC/dev/CR0-OCCT691-7-CR0-OCCT691-occt-64/drv/BRepFill/BRepFill_DraftLaw.ixx
+M BRepFill:pubinclude:Handle_BRepFill_Edge3DLaw.hxx /misc/dn61/LocalWOK/wok_entities/LOC/dev/CR0-OCCT691-7-CR0-OCCT691-occt-64/inc/Handle_BRepFill_Edge3DLaw.hxx
+M BRepFill:pubinclude:BRepFill_Edge3DLaw.hxx /misc/dn61/LocalWOK/wok_entities/LOC/dev/CR0-OCCT691-7-CR0-OCCT691-occt-64/inc/BRepFill_Edge3DLaw.hxx
+M BRepFill:privinclude:BRepFill_Edge3DLaw.jxx /misc/dn61/LocalWOK/wok_entities/LOC/dev/CR0-OCCT691-7-CR0-OCCT691-occt-64/drv/BRepFill/BRepFill_Edge3DLaw.jxx
+M BRepFill:privinclude:BRepFill_Edge3DLaw.ixx /misc/dn61/LocalWOK/wok_entities/LOC/dev/CR0-OCCT691-7-CR0-OCCT691-occt-64/drv/BRepFill/BRepFill_Edge3DLaw.ixx
+M BRepFill:pubinclude:Handle_BRepFill_EdgeOnSurfLaw.hxx /misc/dn61/LocalWOK/wok_entities/LOC/dev/CR0-OCCT691-7-CR0-OCCT691-occt-64/inc/Handle_BRepFill_EdgeOnSurfLaw.hxx
+M BRepFill:pubinclude:BRepFill_EdgeOnSurfLaw.hxx /misc/dn61/LocalWOK/wok_entities/LOC/dev/CR0-OCCT691-7-CR0-OCCT691-occt-64/inc/BRepFill_EdgeOnSurfLaw.hxx
+M BRepFill:privinclude:BRepFill_EdgeOnSurfLaw.jxx /misc/dn61/LocalWOK/wok_entities/LOC/dev/CR0-OCCT691-7-CR0-OCCT691-occt-64/drv/BRepFill/BRepFill_EdgeOnSurfLaw.jxx
+M BRepFill:privinclude:BRepFill_EdgeOnSurfLaw.ixx /misc/dn61/LocalWOK/wok_entities/LOC/dev/CR0-OCCT691-7-CR0-OCCT691-occt-64/drv/BRepFill/BRepFill_EdgeOnSurfLaw.ixx
+M BRepFill:pubinclude:Handle_BRepFill_ACRLaw.hxx /misc/dn61/LocalWOK/wok_entities/LOC/dev/CR0-OCCT691-7-CR0-OCCT691-occt-64/inc/Handle_BRepFill_ACRLaw.hxx
+M BRepFill:pubinclude:BRepFill_ACRLaw.hxx /misc/dn61/LocalWOK/wok_entities/LOC/dev/CR0-OCCT691-7-CR0-OCCT691-occt-64/inc/BRepFill_ACRLaw.hxx
+M BRepFill:privinclude:BRepFill_ACRLaw.jxx /misc/dn61/LocalWOK/wok_entities/LOC/dev/CR0-OCCT691-7-CR0-OCCT691-occt-64/drv/BRepFill/BRepFill_ACRLaw.jxx
+M BRepFill:privinclude:BRepFill_ACRLaw.ixx /misc/dn61/LocalWOK/wok_entities/LOC/dev/CR0-OCCT691-7-CR0-OCCT691-occt-64/drv/BRepFill/BRepFill_ACRLaw.ixx
+M BRepFill:pubinclude:BRepFill_Pipe.hxx /misc/dn61/LocalWOK/wok_entities/LOC/dev/CR0-OCCT691-7-CR0-OCCT691-occt-64/inc/BRepFill_Pipe.hxx
+M BRepFill:privinclude:BRepFill_Pipe.jxx /misc/dn61/LocalWOK/wok_entities/LOC/dev/CR0-OCCT691-7-CR0-OCCT691-occt-64/drv/BRepFill/BRepFill_Pipe.jxx
+M BRepFill:privinclude:BRepFill_Pipe.ixx /misc/dn61/LocalWOK/wok_entities/LOC/dev/CR0-OCCT691-7-CR0-OCCT691-occt-64/drv/BRepFill/BRepFill_Pipe.ixx
+M BRepFill:pubinclude:Handle_BRepFill_PipeShell.hxx /misc/dn61/LocalWOK/wok_entities/LOC/dev/CR0-OCCT691-7-CR0-OCCT691-occt-64/inc/Handle_BRepFill_PipeShell.hxx
+M BRepFill:pubinclude:BRepFill_PipeShell.hxx /misc/dn61/LocalWOK/wok_entities/LOC/dev/CR0-OCCT691-7-CR0-OCCT691-occt-64/inc/BRepFill_PipeShell.hxx
+M BRepFill:privinclude:BRepFill_PipeShell.jxx /misc/dn61/LocalWOK/wok_entities/LOC/dev/CR0-OCCT691-7-CR0-OCCT691-occt-64/drv/BRepFill/BRepFill_PipeShell.jxx
+M BRepFill:privinclude:BRepFill_PipeShell.ixx /misc/dn61/LocalWOK/wok_entities/LOC/dev/CR0-OCCT691-7-CR0-OCCT691-occt-64/drv/BRepFill/BRepFill_PipeShell.ixx
+M BRepFill:pubinclude:BRepFill_Evolved.hxx /misc/dn61/LocalWOK/wok_entities/LOC/dev/CR0-OCCT691-7-CR0-OCCT691-occt-64/inc/BRepFill_Evolved.hxx
+M BRepFill:privinclude:BRepFill_Evolved.jxx /misc/dn61/LocalWOK/wok_entities/LOC/dev/CR0-OCCT691-7-CR0-OCCT691-occt-64/drv/BRepFill/BRepFill_Evolved.jxx
+M BRepFill:privinclude:BRepFill_Evolved.ixx /misc/dn61/LocalWOK/wok_entities/LOC/dev/CR0-OCCT691-7-CR0-OCCT691-occt-64/drv/BRepFill/BRepFill_Evolved.ixx
+M BRepFill:pubinclude:BRepFill_Sweep.hxx /misc/dn61/LocalWOK/wok_entities/LOC/dev/CR0-OCCT691-7-CR0-OCCT691-occt-64/inc/BRepFill_Sweep.hxx
+M BRepFill:privinclude:BRepFill_Sweep.jxx /misc/dn61/LocalWOK/wok_entities/LOC/dev/CR0-OCCT691-7-CR0-OCCT691-occt-64/drv/BRepFill/BRepFill_Sweep.jxx
+M BRepFill:privinclude:BRepFill_Sweep.ixx /misc/dn61/LocalWOK/wok_entities/LOC/dev/CR0-OCCT691-7-CR0-OCCT691-occt-64/drv/BRepFill/BRepFill_Sweep.ixx
+M BRepFill:pubinclude:BRepFill_CompatibleWires.hxx /misc/dn61/LocalWOK/wok_entities/LOC/dev/CR0-OCCT691-7-CR0-OCCT691-occt-64/inc/BRepFill_CompatibleWires.hxx
+M BRepFill:privinclude:BRepFill_CompatibleWires.jxx /misc/dn61/LocalWOK/wok_entities/LOC/dev/CR0-OCCT691-7-CR0-OCCT691-occt-64/drv/BRepFill/BRepFill_CompatibleWires.jxx
+M BRepFill:privinclude:BRepFill_CompatibleWires.ixx /misc/dn61/LocalWOK/wok_entities/LOC/dev/CR0-OCCT691-7-CR0-OCCT691-occt-64/drv/BRepFill/BRepFill_CompatibleWires.ixx
+M BRepFill:pubinclude:BRepFill_OffsetWire.hxx /misc/dn61/LocalWOK/wok_entities/LOC/dev/CR0-OCCT691-7-CR0-OCCT691-occt-64/inc/BRepFill_OffsetWire.hxx
+M BRepFill:privinclude:BRepFill_OffsetWire.jxx /misc/dn61/LocalWOK/wok_entities/LOC/dev/CR0-OCCT691-7-CR0-OCCT691-occt-64/drv/BRepFill/BRepFill_OffsetWire.jxx
+M BRepFill:privinclude:BRepFill_OffsetWire.ixx /misc/dn61/LocalWOK/wok_entities/LOC/dev/CR0-OCCT691-7-CR0-OCCT691-occt-64/drv/BRepFill/BRepFill_OffsetWire.ixx
+M BRepFill:pubinclude:BRepFill_OffsetAncestors.hxx /misc/dn61/LocalWOK/wok_entities/LOC/dev/CR0-OCCT691-7-CR0-OCCT691-occt-64/inc/BRepFill_OffsetAncestors.hxx
+M BRepFill:privinclude:BRepFill_OffsetAncestors.jxx /misc/dn61/LocalWOK/wok_entities/LOC/dev/CR0-OCCT691-7-CR0-OCCT691-occt-64/drv/BRepFill/BRepFill_OffsetAncestors.jxx
+M BRepFill:privinclude:BRepFill_OffsetAncestors.ixx /misc/dn61/LocalWOK/wok_entities/LOC/dev/CR0-OCCT691-7-CR0-OCCT691-occt-64/drv/BRepFill/BRepFill_OffsetAncestors.ixx
+M BRepFill:pubinclude:BRepFill_ListOfOffsetWire.hxx /misc/dn61/LocalWOK/wok_entities/LOC/dev/CR0-OCCT691-7-CR0-OCCT691-occt-64/inc/BRepFill_ListOfOffsetWire.hxx
+M BRepFill:derivated:BRepFill_ListOfOffsetWire_0.cxx /misc/dn61/LocalWOK/wok_entities/LOC/dev/CR0-OCCT691-7-CR0-OCCT691-occt-64/drv/BRepFill/BRepFill_ListOfOffsetWire_0.cxx
+M BRepFill:pubinclude:BRepFill_ApproxSeewing.hxx /misc/dn61/LocalWOK/wok_entities/LOC/dev/CR0-OCCT691-7-CR0-OCCT691-occt-64/inc/BRepFill_ApproxSeewing.hxx
+M BRepFill:privinclude:BRepFill_ApproxSeewing.jxx /misc/dn61/LocalWOK/wok_entities/LOC/dev/CR0-OCCT691-7-CR0-OCCT691-occt-64/drv/BRepFill/BRepFill_ApproxSeewing.jxx
+M BRepFill:privinclude:BRepFill_ApproxSeewing.ixx /misc/dn61/LocalWOK/wok_entities/LOC/dev/CR0-OCCT691-7-CR0-OCCT691-occt-64/drv/BRepFill/BRepFill_ApproxSeewing.ixx
+M BRepFill:pubinclude:BRepFill_ComputeCLine.hxx /misc/dn61/LocalWOK/wok_entities/LOC/dev/CR0-OCCT691-7-CR0-OCCT691-occt-64/inc/BRepFill_ComputeCLine.hxx
+M BRepFill:derivated:BRepFill_ComputeCLine_0.cxx /misc/dn61/LocalWOK/wok_entities/LOC/dev/CR0-OCCT691-7-CR0-OCCT691-occt-64/drv/BRepFill/BRepFill_ComputeCLine_0.cxx
+M BRepFill:pubinclude:BRepFill_TrimSurfaceTool.hxx /misc/dn61/LocalWOK/wok_entities/LOC/dev/CR0-OCCT691-7-CR0-OCCT691-occt-64/inc/BRepFill_TrimSurfaceTool.hxx
+M BRepFill:privinclude:BRepFill_TrimSurfaceTool.jxx /misc/dn61/LocalWOK/wok_entities/LOC/dev/CR0-OCCT691-7-CR0-OCCT691-occt-64/drv/BRepFill/BRepFill_TrimSurfaceTool.jxx
+M BRepFill:privinclude:BRepFill_TrimSurfaceTool.ixx /misc/dn61/LocalWOK/wok_entities/LOC/dev/CR0-OCCT691-7-CR0-OCCT691-occt-64/drv/BRepFill/BRepFill_TrimSurfaceTool.ixx
+M BRepFill:pubinclude:BRepFill_TrimEdgeTool.hxx /misc/dn61/LocalWOK/wok_entities/LOC/dev/CR0-OCCT691-7-CR0-OCCT691-occt-64/inc/BRepFill_TrimEdgeTool.hxx
+M BRepFill:privinclude:BRepFill_TrimEdgeTool.jxx /misc/dn61/LocalWOK/wok_entities/LOC/dev/CR0-OCCT691-7-CR0-OCCT691-occt-64/drv/BRepFill/BRepFill_TrimEdgeTool.jxx
+M BRepFill:privinclude:BRepFill_TrimEdgeTool.ixx /misc/dn61/LocalWOK/wok_entities/LOC/dev/CR0-OCCT691-7-CR0-OCCT691-occt-64/drv/BRepFill/BRepFill_TrimEdgeTool.ixx
+M BRepFill:pubinclude:BRepFill_SectionPlacement.hxx /misc/dn61/LocalWOK/wok_entities/LOC/dev/CR0-OCCT691-7-CR0-OCCT691-occt-64/inc/BRepFill_SectionPlacement.hxx
+M BRepFill:privinclude:BRepFill_SectionPlacement.jxx /misc/dn61/LocalWOK/wok_entities/LOC/dev/CR0-OCCT691-7-CR0-OCCT691-occt-64/drv/BRepFill/BRepFill_SectionPlacement.jxx
+M BRepFill:privinclude:BRepFill_SectionPlacement.ixx /misc/dn61/LocalWOK/wok_entities/LOC/dev/CR0-OCCT691-7-CR0-OCCT691-occt-64/drv/BRepFill/BRepFill_SectionPlacement.ixx
+M BRepFill:pubinclude:BRepFill_Section.hxx /misc/dn61/LocalWOK/wok_entities/LOC/dev/CR0-OCCT691-7-CR0-OCCT691-occt-64/inc/BRepFill_Section.hxx
+M BRepFill:privinclude:BRepFill_Section.jxx /misc/dn61/LocalWOK/wok_entities/LOC/dev/CR0-OCCT691-7-CR0-OCCT691-occt-64/drv/BRepFill/BRepFill_Section.jxx
+M BRepFill:privinclude:BRepFill_Section.ixx /misc/dn61/LocalWOK/wok_entities/LOC/dev/CR0-OCCT691-7-CR0-OCCT691-occt-64/drv/BRepFill/BRepFill_Section.ixx
+M BRepFill:pubinclude:BRepFill_TrimShellCorner.hxx /misc/dn61/LocalWOK/wok_entities/LOC/dev/CR0-OCCT691-7-CR0-OCCT691-occt-64/inc/BRepFill_TrimShellCorner.hxx
+M BRepFill:privinclude:BRepFill_TrimShellCorner.jxx /misc/dn61/LocalWOK/wok_entities/LOC/dev/CR0-OCCT691-7-CR0-OCCT691-occt-64/drv/BRepFill/BRepFill_TrimShellCorner.jxx
+M BRepFill:privinclude:BRepFill_TrimShellCorner.ixx /misc/dn61/LocalWOK/wok_entities/LOC/dev/CR0-OCCT691-7-CR0-OCCT691-occt-64/drv/BRepFill/BRepFill_TrimShellCorner.ixx
+M BRepFill:pubinclude:BRepFill_SequenceOfSection.hxx /misc/dn61/LocalWOK/wok_entities/LOC/dev/CR0-OCCT691-7-CR0-OCCT691-occt-64/inc/BRepFill_SequenceOfSection.hxx
+M BRepFill:derivated:BRepFill_SequenceOfSection_0.cxx /misc/dn61/LocalWOK/wok_entities/LOC/dev/CR0-OCCT691-7-CR0-OCCT691-occt-64/drv/BRepFill/BRepFill_SequenceOfSection_0.cxx
+M BRepFill:pubinclude:BRepFill_DataMapOfNodeDataMapOfShapeShape.hxx /misc/dn61/LocalWOK/wok_entities/LOC/dev/CR0-OCCT691-7-CR0-OCCT691-occt-64/inc/BRepFill_DataMapOfNodeDataMapOfShapeShape.hxx
+M BRepFill:derivated:BRepFill_DataMapOfNodeDataMapOfShapeShape_0.cxx /misc/dn61/LocalWOK/wok_entities/LOC/dev/CR0-OCCT691-7-CR0-OCCT691-occt-64/drv/BRepFill/BRepFill_DataMapOfNodeDataMapOfShapeShape_0.cxx
+M BRepFill:pubinclude:BRepFill_DataMapOfNodeShape.hxx /misc/dn61/LocalWOK/wok_entities/LOC/dev/CR0-OCCT691-7-CR0-OCCT691-occt-64/inc/BRepFill_DataMapOfNodeShape.hxx
+M BRepFill:derivated:BRepFill_DataMapOfNodeShape_0.cxx /misc/dn61/LocalWOK/wok_entities/LOC/dev/CR0-OCCT691-7-CR0-OCCT691-occt-64/drv/BRepFill/BRepFill_DataMapOfNodeShape_0.cxx
+M BRepFill:pubinclude:BRepFill_DataMapOfShapeDataMapOfShapeListOfShape.hxx /misc/dn61/LocalWOK/wok_entities/LOC/dev/CR0-OCCT691-7-CR0-OCCT691-occt-64/inc/BRepFill_DataMapOfShapeDataMapOfShapeListOfShape.hxx
+M BRepFill:derivated:BRepFill_DataMapOfShapeDataMapOfShapeListOfShape_0.cxx /misc/dn61/LocalWOK/wok_entities/LOC/dev/CR0-OCCT691-7-CR0-OCCT691-occt-64/drv/BRepFill/BRepFill_DataMapOfShapeDataMapOfShapeListOfShape_0.cxx
+M BRepFill:pubinclude:BRepFill_DataMapOfShapeSequenceOfReal.hxx /misc/dn61/LocalWOK/wok_entities/LOC/dev/CR0-OCCT691-7-CR0-OCCT691-occt-64/inc/BRepFill_DataMapOfShapeSequenceOfReal.hxx
+M BRepFill:derivated:BRepFill_DataMapOfShapeSequenceOfReal_0.cxx /misc/dn61/LocalWOK/wok_entities/LOC/dev/CR0-OCCT691-7-CR0-OCCT691-occt-64/drv/BRepFill/BRepFill_DataMapOfShapeSequenceOfReal_0.cxx
+M BRepFill:pubinclude:BRepFill_DataMapOfShapeSequenceOfPnt.hxx /misc/dn61/LocalWOK/wok_entities/LOC/dev/CR0-OCCT691-7-CR0-OCCT691-occt-64/inc/BRepFill_DataMapOfShapeSequenceOfPnt.hxx
+M BRepFill:derivated:BRepFill_DataMapOfShapeSequenceOfPnt_0.cxx /misc/dn61/LocalWOK/wok_entities/LOC/dev/CR0-OCCT691-7-CR0-OCCT691-occt-64/drv/BRepFill/BRepFill_DataMapOfShapeSequenceOfPnt_0.cxx
+M BRepFill:pubinclude:BRepFill_DataMapOfOrientedShapeListOfShape.hxx /misc/dn61/LocalWOK/wok_entities/LOC/dev/CR0-OCCT691-7-CR0-OCCT691-occt-64/inc/BRepFill_DataMapOfOrientedShapeListOfShape.hxx
+M BRepFill:derivated:BRepFill_DataMapOfOrientedShapeListOfShape_0.cxx /misc/dn61/LocalWOK/wok_entities/LOC/dev/CR0-OCCT691-7-CR0-OCCT691-occt-64/drv/BRepFill/BRepFill_DataMapOfOrientedShapeListOfShape_0.cxx
+M BRepFill:pubinclude:BRepFill_IndexedDataMapOfOrientedShapeListOfShape.hxx /misc/dn61/LocalWOK/wok_entities/LOC/dev/CR0-OCCT691-7-CR0-OCCT691-occt-64/inc/BRepFill_IndexedDataMapOfOrientedShapeListOfShape.hxx
+M BRepFill:derivated:BRepFill_IndexedDataMapOfOrientedShapeListOfShape_0.cxx /misc/dn61/LocalWOK/wok_entities/LOC/dev/CR0-OCCT691-7-CR0-OCCT691-occt-64/drv/BRepFill/BRepFill_IndexedDataMapOfOrientedShapeListOfShape_0.cxx
+M BRepFill:pubinclude:BRepFill_DataMapOfShapeHArray2OfShape.hxx /misc/dn61/LocalWOK/wok_entities/LOC/dev/CR0-OCCT691-7-CR0-OCCT691-occt-64/inc/BRepFill_DataMapOfShapeHArray2OfShape.hxx
+M BRepFill:derivated:BRepFill_DataMapOfShapeHArray2OfShape_0.cxx /misc/dn61/LocalWOK/wok_entities/LOC/dev/CR0-OCCT691-7-CR0-OCCT691-occt-64/drv/BRepFill/BRepFill_DataMapOfShapeHArray2OfShape_0.cxx
+M BRepFill:pubinclude:Handle_BRepFill_CurveConstraint.hxx /misc/dn61/LocalWOK/wok_entities/LOC/dev/CR0-OCCT691-7-CR0-OCCT691-occt-64/inc/Handle_BRepFill_CurveConstraint.hxx
+M BRepFill:pubinclude:BRepFill_CurveConstraint.hxx /misc/dn61/LocalWOK/wok_entities/LOC/dev/CR0-OCCT691-7-CR0-OCCT691-occt-64/inc/BRepFill_CurveConstraint.hxx
+M BRepFill:privinclude:BRepFill_CurveConstraint.jxx /misc/dn61/LocalWOK/wok_entities/LOC/dev/CR0-OCCT691-7-CR0-OCCT691-occt-64/drv/BRepFill/BRepFill_CurveConstraint.jxx
+M BRepFill:privinclude:BRepFill_CurveConstraint.ixx /misc/dn61/LocalWOK/wok_entities/LOC/dev/CR0-OCCT691-7-CR0-OCCT691-occt-64/drv/BRepFill/BRepFill_CurveConstraint.ixx
+M BRepFill:pubinclude:BRepFill_Filling.hxx /misc/dn61/LocalWOK/wok_entities/LOC/dev/CR0-OCCT691-7-CR0-OCCT691-occt-64/inc/BRepFill_Filling.hxx
+M BRepFill:privinclude:BRepFill_Filling.jxx /misc/dn61/LocalWOK/wok_entities/LOC/dev/CR0-OCCT691-7-CR0-OCCT691-occt-64/drv/BRepFill/BRepFill_Filling.jxx
+M BRepFill:privinclude:BRepFill_Filling.ixx /misc/dn61/LocalWOK/wok_entities/LOC/dev/CR0-OCCT691-7-CR0-OCCT691-occt-64/drv/BRepFill/BRepFill_Filling.ixx
+M BRepFill:pubinclude:BRepFill_FaceAndOrder.hxx /misc/dn61/LocalWOK/wok_entities/LOC/dev/CR0-OCCT691-7-CR0-OCCT691-occt-64/inc/BRepFill_FaceAndOrder.hxx
+M BRepFill:privinclude:BRepFill_FaceAndOrder.jxx /misc/dn61/LocalWOK/wok_entities/LOC/dev/CR0-OCCT691-7-CR0-OCCT691-occt-64/drv/BRepFill/BRepFill_FaceAndOrder.jxx
+M BRepFill:privinclude:BRepFill_FaceAndOrder.ixx /misc/dn61/LocalWOK/wok_entities/LOC/dev/CR0-OCCT691-7-CR0-OCCT691-occt-64/drv/BRepFill/BRepFill_FaceAndOrder.ixx
+M BRepFill:pubinclude:BRepFill_EdgeFaceAndOrder.hxx /misc/dn61/LocalWOK/wok_entities/LOC/dev/CR0-OCCT691-7-CR0-OCCT691-occt-64/inc/BRepFill_EdgeFaceAndOrder.hxx
+M BRepFill:privinclude:BRepFill_EdgeFaceAndOrder.jxx /misc/dn61/LocalWOK/wok_entities/LOC/dev/CR0-OCCT691-7-CR0-OCCT691-occt-64/drv/BRepFill/BRepFill_EdgeFaceAndOrder.jxx
+M BRepFill:privinclude:BRepFill_EdgeFaceAndOrder.ixx /misc/dn61/LocalWOK/wok_entities/LOC/dev/CR0-OCCT691-7-CR0-OCCT691-occt-64/drv/BRepFill/BRepFill_EdgeFaceAndOrder.ixx
+M BRepFill:pubinclude:BRepFill_SequenceOfFaceAndOrder.hxx /misc/dn61/LocalWOK/wok_entities/LOC/dev/CR0-OCCT691-7-CR0-OCCT691-occt-64/inc/BRepFill_SequenceOfFaceAndOrder.hxx
+M BRepFill:derivated:BRepFill_SequenceOfFaceAndOrder_0.cxx /misc/dn61/LocalWOK/wok_entities/LOC/dev/CR0-OCCT691-7-CR0-OCCT691-occt-64/drv/BRepFill/BRepFill_SequenceOfFaceAndOrder_0.cxx
+M BRepFill:pubinclude:BRepFill_SequenceOfEdgeFaceAndOrder.hxx /misc/dn61/LocalWOK/wok_entities/LOC/dev/CR0-OCCT691-7-CR0-OCCT691-occt-64/inc/BRepFill_SequenceOfEdgeFaceAndOrder.hxx
+M BRepFill:derivated:BRepFill_SequenceOfEdgeFaceAndOrder_0.cxx /misc/dn61/LocalWOK/wok_entities/LOC/dev/CR0-OCCT691-7-CR0-OCCT691-occt-64/drv/BRepFill/BRepFill_SequenceOfEdgeFaceAndOrder_0.cxx
+M BRepFill:pubinclude:Handle_BRepFill_ListNodeOfListOfOffsetWire.hxx /misc/dn61/LocalWOK/wok_entities/LOC/dev/CR0-OCCT691-7-CR0-OCCT691-occt-64/inc/Handle_BRepFill_ListNodeOfListOfOffsetWire.hxx
+M BRepFill:pubinclude:BRepFill_ListNodeOfListOfOffsetWire.hxx /misc/dn61/LocalWOK/wok_entities/LOC/dev/CR0-OCCT691-7-CR0-OCCT691-occt-64/inc/BRepFill_ListNodeOfListOfOffsetWire.hxx
+M BRepFill:derivated:BRepFill_ListNodeOfListOfOffsetWire_0.cxx /misc/dn61/LocalWOK/wok_entities/LOC/dev/CR0-OCCT691-7-CR0-OCCT691-occt-64/drv/BRepFill/BRepFill_ListNodeOfListOfOffsetWire_0.cxx
+M BRepFill:pubinclude:BRepFill_ListIteratorOfListOfOffsetWire.hxx /misc/dn61/LocalWOK/wok_entities/LOC/dev/CR0-OCCT691-7-CR0-OCCT691-occt-64/inc/BRepFill_ListIteratorOfListOfOffsetWire.hxx
+M BRepFill:derivated:BRepFill_ListIteratorOfListOfOffsetWire_0.cxx /misc/dn61/LocalWOK/wok_entities/LOC/dev/CR0-OCCT691-7-CR0-OCCT691-occt-64/drv/BRepFill/BRepFill_ListIteratorOfListOfOffsetWire_0.cxx
+M BRepFill:pubinclude:Handle_BRepFill_SequenceNodeOfSequenceOfSection.hxx /misc/dn61/LocalWOK/wok_entities/LOC/dev/CR0-OCCT691-7-CR0-OCCT691-occt-64/inc/Handle_BRepFill_SequenceNodeOfSequenceOfSection.hxx
+M BRepFill:pubinclude:BRepFill_SequenceNodeOfSequenceOfSection.hxx /misc/dn61/LocalWOK/wok_entities/LOC/dev/CR0-OCCT691-7-CR0-OCCT691-occt-64/inc/BRepFill_SequenceNodeOfSequenceOfSection.hxx
+M BRepFill:derivated:BRepFill_SequenceNodeOfSequenceOfSection_0.cxx /misc/dn61/LocalWOK/wok_entities/LOC/dev/CR0-OCCT691-7-CR0-OCCT691-occt-64/drv/BRepFill/BRepFill_SequenceNodeOfSequenceOfSection_0.cxx
+M BRepFill:pubinclude:Handle_BRepFill_DataMapNodeOfDataMapOfNodeDataMapOfShapeShape.hxx /misc/dn61/LocalWOK/wok_entities/LOC/dev/CR0-OCCT691-7-CR0-OCCT691-occt-64/inc/Handle_BRepFill_DataMapNodeOfDataMapOfNodeDataMapOfShapeShape.hxx
+M BRepFill:pubinclude:BRepFill_DataMapNodeOfDataMapOfNodeDataMapOfShapeShape.hxx /misc/dn61/LocalWOK/wok_entities/LOC/dev/CR0-OCCT691-7-CR0-OCCT691-occt-64/inc/BRepFill_DataMapNodeOfDataMapOfNodeDataMapOfShapeShape.hxx
+M BRepFill:derivated:BRepFill_DataMapNodeOfDataMapOfNodeDataMapOfShapeShape_0.cxx /misc/dn61/LocalWOK/wok_entities/LOC/dev/CR0-OCCT691-7-CR0-OCCT691-occt-64/drv/BRepFill/BRepFill_DataMapNodeOfDataMapOfNodeDataMapOfShapeShape_0.cxx
+M BRepFill:pubinclude:BRepFill_DataMapIteratorOfDataMapOfNodeDataMapOfShapeShape.hxx /misc/dn61/LocalWOK/wok_entities/LOC/dev/CR0-OCCT691-7-CR0-OCCT691-occt-64/inc/BRepFill_DataMapIteratorOfDataMapOfNodeDataMapOfShapeShape.hxx
+M BRepFill:derivated:BRepFill_DataMapIteratorOfDataMapOfNodeDataMapOfShapeShape_0.cxx /misc/dn61/LocalWOK/wok_entities/LOC/dev/CR0-OCCT691-7-CR0-OCCT691-occt-64/drv/BRepFill/BRepFill_DataMapIteratorOfDataMapOfNodeDataMapOfShapeShape_0.cxx
+M BRepFill:pubinclude:Handle_BRepFill_DataMapNodeOfDataMapOfNodeShape.hxx /misc/dn61/LocalWOK/wok_entities/LOC/dev/CR0-OCCT691-7-CR0-OCCT691-occt-64/inc/Handle_BRepFill_DataMapNodeOfDataMapOfNodeShape.hxx
+M BRepFill:pubinclude:BRepFill_DataMapNodeOfDataMapOfNodeShape.hxx /misc/dn61/LocalWOK/wok_entities/LOC/dev/CR0-OCCT691-7-CR0-OCCT691-occt-64/inc/BRepFill_DataMapNodeOfDataMapOfNodeShape.hxx
+M BRepFill:derivated:BRepFill_DataMapNodeOfDataMapOfNodeShape_0.cxx /misc/dn61/LocalWOK/wok_entities/LOC/dev/CR0-OCCT691-7-CR0-OCCT691-occt-64/drv/BRepFill/BRepFill_DataMapNodeOfDataMapOfNodeShape_0.cxx
+M BRepFill:pubinclude:BRepFill_DataMapIteratorOfDataMapOfNodeShape.hxx /misc/dn61/LocalWOK/wok_entities/LOC/dev/CR0-OCCT691-7-CR0-OCCT691-occt-64/inc/BRepFill_DataMapIteratorOfDataMapOfNodeShape.hxx
+M BRepFill:derivated:BRepFill_DataMapIteratorOfDataMapOfNodeShape_0.cxx /misc/dn61/LocalWOK/wok_entities/LOC/dev/CR0-OCCT691-7-CR0-OCCT691-occt-64/drv/BRepFill/BRepFill_DataMapIteratorOfDataMapOfNodeShape_0.cxx
+M BRepFill:pubinclude:Handle_BRepFill_DataMapNodeOfDataMapOfShapeDataMapOfShapeListOfShape.hxx /misc/dn61/LocalWOK/wok_entities/LOC/dev/CR0-OCCT691-7-CR0-OCCT691-occt-64/inc/Handle_BRepFill_DataMapNodeOfDataMapOfShapeDataMapOfShapeListOfShape.hxx
+M BRepFill:pubinclude:BRepFill_DataMapNodeOfDataMapOfShapeDataMapOfShapeListOfShape.hxx /misc/dn61/LocalWOK/wok_entities/LOC/dev/CR0-OCCT691-7-CR0-OCCT691-occt-64/inc/BRepFill_DataMapNodeOfDataMapOfShapeDataMapOfShapeListOfShape.hxx
+M BRepFill:derivated:BRepFill_DataMapNodeOfDataMapOfShapeDataMapOfShapeListOfShape_0.cxx /misc/dn61/LocalWOK/wok_entities/LOC/dev/CR0-OCCT691-7-CR0-OCCT691-occt-64/drv/BRepFill/BRepFill_DataMapNodeOfDataMapOfShapeDataMapOfShapeListOfShape_0.cxx
+M BRepFill:pubinclude:BRepFill_DataMapIteratorOfDataMapOfShapeDataMapOfShapeListOfShape.hxx /misc/dn61/LocalWOK/wok_entities/LOC/dev/CR0-OCCT691-7-CR0-OCCT691-occt-64/inc/BRepFill_DataMapIteratorOfDataMapOfShapeDataMapOfShapeListOfShape.hxx
+M BRepFill:derivated:BRepFill_DataMapIteratorOfDataMapOfShapeDataMapOfShapeListOfShape_0.cxx /misc/dn61/LocalWOK/wok_entities/LOC/dev/CR0-OCCT691-7-CR0-OCCT691-occt-64/drv/BRepFill/BRepFill_DataMapIteratorOfDataMapOfShapeDataMapOfShapeListOfShape_0.cxx
+M BRepFill:pubinclude:Handle_BRepFill_DataMapNodeOfDataMapOfShapeSequenceOfReal.hxx /misc/dn61/LocalWOK/wok_entities/LOC/dev/CR0-OCCT691-7-CR0-OCCT691-occt-64/inc/Handle_BRepFill_DataMapNodeOfDataMapOfShapeSequenceOfReal.hxx
+M BRepFill:pubinclude:BRepFill_DataMapNodeOfDataMapOfShapeSequenceOfReal.hxx /misc/dn61/LocalWOK/wok_entities/LOC/dev/CR0-OCCT691-7-CR0-OCCT691-occt-64/inc/BRepFill_DataMapNodeOfDataMapOfShapeSequenceOfReal.hxx
+M BRepFill:derivated:BRepFill_DataMapNodeOfDataMapOfShapeSequenceOfReal_0.cxx /misc/dn61/LocalWOK/wok_entities/LOC/dev/CR0-OCCT691-7-CR0-OCCT691-occt-64/drv/BRepFill/BRepFill_DataMapNodeOfDataMapOfShapeSequenceOfReal_0.cxx
+M BRepFill:pubinclude:BRepFill_DataMapIteratorOfDataMapOfShapeSequenceOfReal.hxx /misc/dn61/LocalWOK/wok_entities/LOC/dev/CR0-OCCT691-7-CR0-OCCT691-occt-64/inc/BRepFill_DataMapIteratorOfDataMapOfShapeSequenceOfReal.hxx
+M BRepFill:derivated:BRepFill_DataMapIteratorOfDataMapOfShapeSequenceOfReal_0.cxx /misc/dn61/LocalWOK/wok_entities/LOC/dev/CR0-OCCT691-7-CR0-OCCT691-occt-64/drv/BRepFill/BRepFill_DataMapIteratorOfDataMapOfShapeSequenceOfReal_0.cxx
+M BRepFill:pubinclude:Handle_BRepFill_DataMapNodeOfDataMapOfShapeSequenceOfPnt.hxx /misc/dn61/LocalWOK/wok_entities/LOC/dev/CR0-OCCT691-7-CR0-OCCT691-occt-64/inc/Handle_BRepFill_DataMapNodeOfDataMapOfShapeSequenceOfPnt.hxx
+M BRepFill:pubinclude:BRepFill_DataMapNodeOfDataMapOfShapeSequenceOfPnt.hxx /misc/dn61/LocalWOK/wok_entities/LOC/dev/CR0-OCCT691-7-CR0-OCCT691-occt-64/inc/BRepFill_DataMapNodeOfDataMapOfShapeSequenceOfPnt.hxx
+M BRepFill:derivated:BRepFill_DataMapNodeOfDataMapOfShapeSequenceOfPnt_0.cxx /misc/dn61/LocalWOK/wok_entities/LOC/dev/CR0-OCCT691-7-CR0-OCCT691-occt-64/drv/BRepFill/BRepFill_DataMapNodeOfDataMapOfShapeSequenceOfPnt_0.cxx
+M BRepFill:pubinclude:BRepFill_DataMapIteratorOfDataMapOfShapeSequenceOfPnt.hxx /misc/dn61/LocalWOK/wok_entities/LOC/dev/CR0-OCCT691-7-CR0-OCCT691-occt-64/inc/BRepFill_DataMapIteratorOfDataMapOfShapeSequenceOfPnt.hxx
+M BRepFill:derivated:BRepFill_DataMapIteratorOfDataMapOfShapeSequenceOfPnt_0.cxx /misc/dn61/LocalWOK/wok_entities/LOC/dev/CR0-OCCT691-7-CR0-OCCT691-occt-64/drv/BRepFill/BRepFill_DataMapIteratorOfDataMapOfShapeSequenceOfPnt_0.cxx
+M BRepFill:pubinclude:Handle_BRepFill_DataMapNodeOfDataMapOfOrientedShapeListOfShape.hxx /misc/dn61/LocalWOK/wok_entities/LOC/dev/CR0-OCCT691-7-CR0-OCCT691-occt-64/inc/Handle_BRepFill_DataMapNodeOfDataMapOfOrientedShapeListOfShape.hxx
+M BRepFill:pubinclude:BRepFill_DataMapNodeOfDataMapOfOrientedShapeListOfShape.hxx /misc/dn61/LocalWOK/wok_entities/LOC/dev/CR0-OCCT691-7-CR0-OCCT691-occt-64/inc/BRepFill_DataMapNodeOfDataMapOfOrientedShapeListOfShape.hxx
+M BRepFill:derivated:BRepFill_DataMapNodeOfDataMapOfOrientedShapeListOfShape_0.cxx /misc/dn61/LocalWOK/wok_entities/LOC/dev/CR0-OCCT691-7-CR0-OCCT691-occt-64/drv/BRepFill/BRepFill_DataMapNodeOfDataMapOfOrientedShapeListOfShape_0.cxx
+M BRepFill:pubinclude:BRepFill_DataMapIteratorOfDataMapOfOrientedShapeListOfShape.hxx /misc/dn61/LocalWOK/wok_entities/LOC/dev/CR0-OCCT691-7-CR0-OCCT691-occt-64/inc/BRepFill_DataMapIteratorOfDataMapOfOrientedShapeListOfShape.hxx
+M BRepFill:derivated:BRepFill_DataMapIteratorOfDataMapOfOrientedShapeListOfShape_0.cxx /misc/dn61/LocalWOK/wok_entities/LOC/dev/CR0-OCCT691-7-CR0-OCCT691-occt-64/drv/BRepFill/BRepFill_DataMapIteratorOfDataMapOfOrientedShapeListOfShape_0.cxx
+M BRepFill:pubinclude:Handle_BRepFill_IndexedDataMapNodeOfIndexedDataMapOfOrientedShapeListOfShape.hxx /misc/dn61/LocalWOK/wok_entities/LOC/dev/CR0-OCCT691-7-CR0-OCCT691-occt-64/inc/Handle_BRepFill_IndexedDataMapNodeOfIndexedDataMapOfOrientedShapeListOfShape.hxx
+M BRepFill:pubinclude:BRepFill_IndexedDataMapNodeOfIndexedDataMapOfOrientedShapeListOfShape.hxx /misc/dn61/LocalWOK/wok_entities/LOC/dev/CR0-OCCT691-7-CR0-OCCT691-occt-64/inc/BRepFill_IndexedDataMapNodeOfIndexedDataMapOfOrientedShapeListOfShape.hxx
+M BRepFill:derivated:BRepFill_IndexedDataMapNodeOfIndexedDataMapOfOrientedShapeListOfShape_0.cxx /misc/dn61/LocalWOK/wok_entities/LOC/dev/CR0-OCCT691-7-CR0-OCCT691-occt-64/drv/BRepFill/BRepFill_IndexedDataMapNodeOfIndexedDataMapOfOrientedShapeListOfShape_0.cxx
+M BRepFill:pubinclude:Handle_BRepFill_DataMapNodeOfDataMapOfShapeHArray2OfShape.hxx /misc/dn61/LocalWOK/wok_entities/LOC/dev/CR0-OCCT691-7-CR0-OCCT691-occt-64/inc/Handle_BRepFill_DataMapNodeOfDataMapOfShapeHArray2OfShape.hxx
+M BRepFill:pubinclude:BRepFill_DataMapNodeOfDataMapOfShapeHArray2OfShape.hxx /misc/dn61/LocalWOK/wok_entities/LOC/dev/CR0-OCCT691-7-CR0-OCCT691-occt-64/inc/BRepFill_DataMapNodeOfDataMapOfShapeHArray2OfShape.hxx
+M BRepFill:derivated:BRepFill_DataMapNodeOfDataMapOfShapeHArray2OfShape_0.cxx /misc/dn61/LocalWOK/wok_entities/LOC/dev/CR0-OCCT691-7-CR0-OCCT691-occt-64/drv/BRepFill/BRepFill_DataMapNodeOfDataMapOfShapeHArray2OfShape_0.cxx
+M BRepFill:pubinclude:BRepFill_DataMapIteratorOfDataMapOfShapeHArray2OfShape.hxx /misc/dn61/LocalWOK/wok_entities/LOC/dev/CR0-OCCT691-7-CR0-OCCT691-occt-64/inc/BRepFill_DataMapIteratorOfDataMapOfShapeHArray2OfShape.hxx
+M BRepFill:derivated:BRepFill_DataMapIteratorOfDataMapOfShapeHArray2OfShape_0.cxx /misc/dn61/LocalWOK/wok_entities/LOC/dev/CR0-OCCT691-7-CR0-OCCT691-occt-64/drv/BRepFill/BRepFill_DataMapIteratorOfDataMapOfShapeHArray2OfShape_0.cxx
+M BRepFill:pubinclude:Handle_BRepFill_SequenceNodeOfSequenceOfFaceAndOrder.hxx /misc/dn61/LocalWOK/wok_entities/LOC/dev/CR0-OCCT691-7-CR0-OCCT691-occt-64/inc/Handle_BRepFill_SequenceNodeOfSequenceOfFaceAndOrder.hxx
+M BRepFill:pubinclude:BRepFill_SequenceNodeOfSequenceOfFaceAndOrder.hxx /misc/dn61/LocalWOK/wok_entities/LOC/dev/CR0-OCCT691-7-CR0-OCCT691-occt-64/inc/BRepFill_SequenceNodeOfSequenceOfFaceAndOrder.hxx
+M BRepFill:derivated:BRepFill_SequenceNodeOfSequenceOfFaceAndOrder_0.cxx /misc/dn61/LocalWOK/wok_entities/LOC/dev/CR0-OCCT691-7-CR0-OCCT691-occt-64/drv/BRepFill/BRepFill_SequenceNodeOfSequenceOfFaceAndOrder_0.cxx
+M BRepFill:pubinclude:Handle_BRepFill_SequenceNodeOfSequenceOfEdgeFaceAndOrder.hxx /misc/dn61/LocalWOK/wok_entities/LOC/dev/CR0-OCCT691-7-CR0-OCCT691-occt-64/inc/Handle_BRepFill_SequenceNodeOfSequenceOfEdgeFaceAndOrder.hxx
+M BRepFill:pubinclude:BRepFill_SequenceNodeOfSequenceOfEdgeFaceAndOrder.hxx /misc/dn61/LocalWOK/wok_entities/LOC/dev/CR0-OCCT691-7-CR0-OCCT691-occt-64/inc/BRepFill_SequenceNodeOfSequenceOfEdgeFaceAndOrder.hxx
+M BRepFill:derivated:BRepFill_SequenceNodeOfSequenceOfEdgeFaceAndOrder_0.cxx /misc/dn61/LocalWOK/wok_entities/LOC/dev/CR0-OCCT691-7-CR0-OCCT691-occt-64/drv/BRepFill/BRepFill_SequenceNodeOfSequenceOfEdgeFaceAndOrder_0.cxx
+M BRepFill:pubinclude:BRepFill_TransitionStyle.hxx /misc/dn61/LocalWOK/wok_entities/LOC/dev/CR0-OCCT691-7-CR0-OCCT691-occt-64/inc/BRepFill_TransitionStyle.hxx
+M BRepFill:pubinclude:BRepFill_TypeOfContact.hxx /misc/dn61/LocalWOK/wok_entities/LOC/dev/CR0-OCCT691-7-CR0-OCCT691-occt-64/inc/BRepFill_TypeOfContact.hxx
+M BRepFill:dbadmfile:BRepFill_xcpp_header.In /misc/dn61/LocalWOK/wok_entities/LOC/dev/CR0-OCCT691-7-CR0-OCCT691-occt-64/drv/BRepFill/.adm/BRepFill_xcpp_header.In
+M BRepFill:dbadmfile:BRepFill_xcpp_header.Out /misc/dn61/LocalWOK/wok_entities/LOC/dev/CR0-OCCT691-7-CR0-OCCT691-occt-64/drv/BRepFill/.adm/BRepFill_xcpp_header.Out
+M BRepFill:dbadmfile:BRepFill_xcpp_header.Dep /misc/dn61/LocalWOK/wok_entities/LOC/dev/CR0-OCCT691-7-CR0-OCCT691-occt-64/drv/BRepFill/.adm/BRepFill_xcpp_header.Dep
