+M TopoDS:pubinclude:TopoDS.lxx /misc/dn61/LocalWOK/wok_entities/LOC/dev/CR0-OCCT691-7-CR0-OCCT691-occt-64/inc/TopoDS.lxx
+M TopoDS:pubinclude:TopoDS_Shape.lxx /misc/dn61/LocalWOK/wok_entities/LOC/dev/CR0-OCCT691-7-CR0-OCCT691-occt-64/inc/TopoDS_Shape.lxx
+M TopoDS:pubinclude:TopoDS_HShape.lxx /misc/dn61/LocalWOK/wok_entities/LOC/dev/CR0-OCCT691-7-CR0-OCCT691-occt-64/inc/TopoDS_HShape.lxx
+M TopoDS:pubinclude:TopoDS_TShape.lxx /misc/dn61/LocalWOK/wok_entities/LOC/dev/CR0-OCCT691-7-CR0-OCCT691-occt-64/inc/TopoDS_TShape.lxx
+M TopoDS:pubinclude:TopoDS_TVertex.lxx /misc/dn61/LocalWOK/wok_entities/LOC/dev/CR0-OCCT691-7-CR0-OCCT691-occt-64/inc/TopoDS_TVertex.lxx
+M TopoDS:pubinclude:TopoDS_Vertex.lxx /misc/dn61/LocalWOK/wok_entities/LOC/dev/CR0-OCCT691-7-CR0-OCCT691-occt-64/inc/TopoDS_Vertex.lxx
+M TopoDS:pubinclude:TopoDS_TEdge.lxx /misc/dn61/LocalWOK/wok_entities/LOC/dev/CR0-OCCT691-7-CR0-OCCT691-occt-64/inc/TopoDS_TEdge.lxx
+M TopoDS:pubinclude:TopoDS_Edge.lxx /misc/dn61/LocalWOK/wok_entities/LOC/dev/CR0-OCCT691-7-CR0-OCCT691-occt-64/inc/TopoDS_Edge.lxx
+M TopoDS:pubinclude:TopoDS_TWire.lxx /misc/dn61/LocalWOK/wok_entities/LOC/dev/CR0-OCCT691-7-CR0-OCCT691-occt-64/inc/TopoDS_TWire.lxx
+M TopoDS:pubinclude:TopoDS_Wire.lxx /misc/dn61/LocalWOK/wok_entities/LOC/dev/CR0-OCCT691-7-CR0-OCCT691-occt-64/inc/TopoDS_Wire.lxx
+M TopoDS:pubinclude:TopoDS_TFace.lxx /misc/dn61/LocalWOK/wok_entities/LOC/dev/CR0-OCCT691-7-CR0-OCCT691-occt-64/inc/TopoDS_TFace.lxx
+M TopoDS:pubinclude:TopoDS_Face.lxx /misc/dn61/LocalWOK/wok_entities/LOC/dev/CR0-OCCT691-7-CR0-OCCT691-occt-64/inc/TopoDS_Face.lxx
+M TopoDS:pubinclude:TopoDS_TShell.lxx /misc/dn61/LocalWOK/wok_entities/LOC/dev/CR0-OCCT691-7-CR0-OCCT691-occt-64/inc/TopoDS_TShell.lxx
+M TopoDS:pubinclude:TopoDS_Shell.lxx /misc/dn61/LocalWOK/wok_entities/LOC/dev/CR0-OCCT691-7-CR0-OCCT691-occt-64/inc/TopoDS_Shell.lxx
+M TopoDS:pubinclude:TopoDS_TSolid.lxx /misc/dn61/LocalWOK/wok_entities/LOC/dev/CR0-OCCT691-7-CR0-OCCT691-occt-64/inc/TopoDS_TSolid.lxx
+M TopoDS:pubinclude:TopoDS_Solid.lxx /misc/dn61/LocalWOK/wok_entities/LOC/dev/CR0-OCCT691-7-CR0-OCCT691-occt-64/inc/TopoDS_Solid.lxx
+M TopoDS:pubinclude:TopoDS_TCompSolid.lxx /misc/dn61/LocalWOK/wok_entities/LOC/dev/CR0-OCCT691-7-CR0-OCCT691-occt-64/inc/TopoDS_TCompSolid.lxx
+M TopoDS:pubinclude:TopoDS_CompSolid.lxx /misc/dn61/LocalWOK/wok_entities/LOC/dev/CR0-OCCT691-7-CR0-OCCT691-occt-64/inc/TopoDS_CompSolid.lxx
+M TopoDS:pubinclude:TopoDS_TCompound.lxx /misc/dn61/LocalWOK/wok_entities/LOC/dev/CR0-OCCT691-7-CR0-OCCT691-occt-64/inc/TopoDS_TCompound.lxx
+M TopoDS:pubinclude:TopoDS_Compound.lxx /misc/dn61/LocalWOK/wok_entities/LOC/dev/CR0-OCCT691-7-CR0-OCCT691-occt-64/inc/TopoDS_Compound.lxx
+M TopoDS:pubinclude:TopoDS_Builder.lxx /misc/dn61/LocalWOK/wok_entities/LOC/dev/CR0-OCCT691-7-CR0-OCCT691-occt-64/inc/TopoDS_Builder.lxx
+M TopoDS:pubinclude:TopoDS_Iterator.lxx /misc/dn61/LocalWOK/wok_entities/LOC/dev/CR0-OCCT691-7-CR0-OCCT691-occt-64/inc/TopoDS_Iterator.lxx
+M TopoDS:dbadmfile:TopoDS_obj_inc.In /misc/dn61/LocalWOK/wok_entities/LOC/dev/CR0-OCCT691-7-CR0-OCCT691-occt-64/drv/TopoDS/.adm/TopoDS_obj_inc.In
+M TopoDS:dbadmfile:TopoDS_obj_inc.Out /misc/dn61/LocalWOK/wok_entities/LOC/dev/CR0-OCCT691-7-CR0-OCCT691-occt-64/drv/TopoDS/.adm/TopoDS_obj_inc.Out
+M TopoDS:dbadmfile:TopoDS_obj_inc.Dep /misc/dn61/LocalWOK/wok_entities/LOC/dev/CR0-OCCT691-7-CR0-OCCT691-occt-64/drv/TopoDS/.adm/TopoDS_obj_inc.Dep
