+M TopoDS:pubinclude:TopoDS.hxx /misc/dn61/LocalWOK/wok_entities/LOC/dev/CR0-OCCT691-7-CR0-OCCT691-occt-64/inc/TopoDS.hxx
+M TopoDS:privinclude:TopoDS.jxx /misc/dn61/LocalWOK/wok_entities/LOC/dev/CR0-OCCT691-7-CR0-OCCT691-occt-64/drv/TopoDS/TopoDS.jxx
+M TopoDS:privinclude:TopoDS.ixx /misc/dn61/LocalWOK/wok_entities/LOC/dev/CR0-OCCT691-7-CR0-OCCT691-occt-64/drv/TopoDS/TopoDS.ixx
+M TopoDS:pubinclude:TopoDS_Shape.hxx /misc/dn61/LocalWOK/wok_entities/LOC/dev/CR0-OCCT691-7-CR0-OCCT691-occt-64/inc/TopoDS_Shape.hxx
+M TopoDS:privinclude:TopoDS_Shape.jxx /misc/dn61/LocalWOK/wok_entities/LOC/dev/CR0-OCCT691-7-CR0-OCCT691-occt-64/drv/TopoDS/TopoDS_Shape.jxx
+M TopoDS:privinclude:TopoDS_Shape.ixx /misc/dn61/LocalWOK/wok_entities/LOC/dev/CR0-OCCT691-7-CR0-OCCT691-occt-64/drv/TopoDS/TopoDS_Shape.ixx
+M TopoDS:pubinclude:Handle_TopoDS_HShape.hxx /misc/dn61/LocalWOK/wok_entities/LOC/dev/CR0-OCCT691-7-CR0-OCCT691-occt-64/inc/Handle_TopoDS_HShape.hxx
+M TopoDS:pubinclude:TopoDS_HShape.hxx /misc/dn61/LocalWOK/wok_entities/LOC/dev/CR0-OCCT691-7-CR0-OCCT691-occt-64/inc/TopoDS_HShape.hxx
+M TopoDS:privinclude:TopoDS_HShape.jxx /misc/dn61/LocalWOK/wok_entities/LOC/dev/CR0-OCCT691-7-CR0-OCCT691-occt-64/drv/TopoDS/TopoDS_HShape.jxx
+M TopoDS:privinclude:TopoDS_HShape.ixx /misc/dn61/LocalWOK/wok_entities/LOC/dev/CR0-OCCT691-7-CR0-OCCT691-occt-64/drv/TopoDS/TopoDS_HShape.ixx
+M TopoDS:pubinclude:TopoDS_ListOfShape.hxx /misc/dn61/LocalWOK/wok_entities/LOC/dev/CR0-OCCT691-7-CR0-OCCT691-occt-64/inc/TopoDS_ListOfShape.hxx
+M TopoDS:derivated:TopoDS_ListOfShape_0.cxx /misc/dn61/LocalWOK/wok_entities/LOC/dev/CR0-OCCT691-7-CR0-OCCT691-occt-64/drv/TopoDS/TopoDS_ListOfShape_0.cxx
+M TopoDS:pubinclude:Handle_TopoDS_TShape.hxx /misc/dn61/LocalWOK/wok_entities/LOC/dev/CR0-OCCT691-7-CR0-OCCT691-occt-64/inc/Handle_TopoDS_TShape.hxx
+M TopoDS:pubinclude:TopoDS_TShape.hxx /misc/dn61/LocalWOK/wok_entities/LOC/dev/CR0-OCCT691-7-CR0-OCCT691-occt-64/inc/TopoDS_TShape.hxx
+M TopoDS:privinclude:TopoDS_TShape.jxx /misc/dn61/LocalWOK/wok_entities/LOC/dev/CR0-OCCT691-7-CR0-OCCT691-occt-64/drv/TopoDS/TopoDS_TShape.jxx
+M TopoDS:privinclude:TopoDS_TShape.ixx /misc/dn61/LocalWOK/wok_entities/LOC/dev/CR0-OCCT691-7-CR0-OCCT691-occt-64/drv/TopoDS/TopoDS_TShape.ixx
+M TopoDS:pubinclude:Handle_TopoDS_TVertex.hxx /misc/dn61/LocalWOK/wok_entities/LOC/dev/CR0-OCCT691-7-CR0-OCCT691-occt-64/inc/Handle_TopoDS_TVertex.hxx
+M TopoDS:pubinclude:TopoDS_TVertex.hxx /misc/dn61/LocalWOK/wok_entities/LOC/dev/CR0-OCCT691-7-CR0-OCCT691-occt-64/inc/TopoDS_TVertex.hxx
+M TopoDS:privinclude:TopoDS_TVertex.jxx /misc/dn61/LocalWOK/wok_entities/LOC/dev/CR0-OCCT691-7-CR0-OCCT691-occt-64/drv/TopoDS/TopoDS_TVertex.jxx
+M TopoDS:privinclude:TopoDS_TVertex.ixx /misc/dn61/LocalWOK/wok_entities/LOC/dev/CR0-OCCT691-7-CR0-OCCT691-occt-64/drv/TopoDS/TopoDS_TVertex.ixx
+M TopoDS:pubinclude:TopoDS_Vertex.hxx /misc/dn61/LocalWOK/wok_entities/LOC/dev/CR0-OCCT691-7-CR0-OCCT691-occt-64/inc/TopoDS_Vertex.hxx
+M TopoDS:privinclude:TopoDS_Vertex.jxx /misc/dn61/LocalWOK/wok_entities/LOC/dev/CR0-OCCT691-7-CR0-OCCT691-occt-64/drv/TopoDS/TopoDS_Vertex.jxx
+M TopoDS:privinclude:TopoDS_Vertex.ixx /misc/dn61/LocalWOK/wok_entities/LOC/dev/CR0-OCCT691-7-CR0-OCCT691-occt-64/drv/TopoDS/TopoDS_Vertex.ixx
+M TopoDS:pubinclude:Handle_TopoDS_TEdge.hxx /misc/dn61/LocalWOK/wok_entities/LOC/dev/CR0-OCCT691-7-CR0-OCCT691-occt-64/inc/Handle_TopoDS_TEdge.hxx
+M TopoDS:pubinclude:TopoDS_TEdge.hxx /misc/dn61/LocalWOK/wok_entities/LOC/dev/CR0-OCCT691-7-CR0-OCCT691-occt-64/inc/TopoDS_TEdge.hxx
+M TopoDS:privinclude:TopoDS_TEdge.jxx /misc/dn61/LocalWOK/wok_entities/LOC/dev/CR0-OCCT691-7-CR0-OCCT691-occt-64/drv/TopoDS/TopoDS_TEdge.jxx
+M TopoDS:privinclude:TopoDS_TEdge.ixx /misc/dn61/LocalWOK/wok_entities/LOC/dev/CR0-OCCT691-7-CR0-OCCT691-occt-64/drv/TopoDS/TopoDS_TEdge.ixx
+M TopoDS:pubinclude:TopoDS_Edge.hxx /misc/dn61/LocalWOK/wok_entities/LOC/dev/CR0-OCCT691-7-CR0-OCCT691-occt-64/inc/TopoDS_Edge.hxx
+M TopoDS:privinclude:TopoDS_Edge.jxx /misc/dn61/LocalWOK/wok_entities/LOC/dev/CR0-OCCT691-7-CR0-OCCT691-occt-64/drv/TopoDS/TopoDS_Edge.jxx
+M TopoDS:privinclude:TopoDS_Edge.ixx /misc/dn61/LocalWOK/wok_entities/LOC/dev/CR0-OCCT691-7-CR0-OCCT691-occt-64/drv/TopoDS/TopoDS_Edge.ixx
+M TopoDS:pubinclude:Handle_TopoDS_TWire.hxx /misc/dn61/LocalWOK/wok_entities/LOC/dev/CR0-OCCT691-7-CR0-OCCT691-occt-64/inc/Handle_TopoDS_TWire.hxx
+M TopoDS:pubinclude:TopoDS_TWire.hxx /misc/dn61/LocalWOK/wok_entities/LOC/dev/CR0-OCCT691-7-CR0-OCCT691-occt-64/inc/TopoDS_TWire.hxx
+M TopoDS:privinclude:TopoDS_TWire.jxx /misc/dn61/LocalWOK/wok_entities/LOC/dev/CR0-OCCT691-7-CR0-OCCT691-occt-64/drv/TopoDS/TopoDS_TWire.jxx
+M TopoDS:privinclude:TopoDS_TWire.ixx /misc/dn61/LocalWOK/wok_entities/LOC/dev/CR0-OCCT691-7-CR0-OCCT691-occt-64/drv/TopoDS/TopoDS_TWire.ixx
+M TopoDS:pubinclude:TopoDS_Wire.hxx /misc/dn61/LocalWOK/wok_entities/LOC/dev/CR0-OCCT691-7-CR0-OCCT691-occt-64/inc/TopoDS_Wire.hxx
+M TopoDS:privinclude:TopoDS_Wire.jxx /misc/dn61/LocalWOK/wok_entities/LOC/dev/CR0-OCCT691-7-CR0-OCCT691-occt-64/drv/TopoDS/TopoDS_Wire.jxx
+M TopoDS:privinclude:TopoDS_Wire.ixx /misc/dn61/LocalWOK/wok_entities/LOC/dev/CR0-OCCT691-7-CR0-OCCT691-occt-64/drv/TopoDS/TopoDS_Wire.ixx
+M TopoDS:pubinclude:Handle_TopoDS_TFace.hxx /misc/dn61/LocalWOK/wok_entities/LOC/dev/CR0-OCCT691-7-CR0-OCCT691-occt-64/inc/Handle_TopoDS_TFace.hxx
+M TopoDS:pubinclude:TopoDS_TFace.hxx /misc/dn61/LocalWOK/wok_entities/LOC/dev/CR0-OCCT691-7-CR0-OCCT691-occt-64/inc/TopoDS_TFace.hxx
+M TopoDS:privinclude:TopoDS_TFace.jxx /misc/dn61/LocalWOK/wok_entities/LOC/dev/CR0-OCCT691-7-CR0-OCCT691-occt-64/drv/TopoDS/TopoDS_TFace.jxx
+M TopoDS:privinclude:TopoDS_TFace.ixx /misc/dn61/LocalWOK/wok_entities/LOC/dev/CR0-OCCT691-7-CR0-OCCT691-occt-64/drv/TopoDS/TopoDS_TFace.ixx
+M TopoDS:pubinclude:TopoDS_Face.hxx /misc/dn61/LocalWOK/wok_entities/LOC/dev/CR0-OCCT691-7-CR0-OCCT691-occt-64/inc/TopoDS_Face.hxx
+M TopoDS:privinclude:TopoDS_Face.jxx /misc/dn61/LocalWOK/wok_entities/LOC/dev/CR0-OCCT691-7-CR0-OCCT691-occt-64/drv/TopoDS/TopoDS_Face.jxx
+M TopoDS:privinclude:TopoDS_Face.ixx /misc/dn61/LocalWOK/wok_entities/LOC/dev/CR0-OCCT691-7-CR0-OCCT691-occt-64/drv/TopoDS/TopoDS_Face.ixx
+M TopoDS:pubinclude:Handle_TopoDS_TShell.hxx /misc/dn61/LocalWOK/wok_entities/LOC/dev/CR0-OCCT691-7-CR0-OCCT691-occt-64/inc/Handle_TopoDS_TShell.hxx
+M TopoDS:pubinclude:TopoDS_TShell.hxx /misc/dn61/LocalWOK/wok_entities/LOC/dev/CR0-OCCT691-7-CR0-OCCT691-occt-64/inc/TopoDS_TShell.hxx
+M TopoDS:privinclude:TopoDS_TShell.jxx /misc/dn61/LocalWOK/wok_entities/LOC/dev/CR0-OCCT691-7-CR0-OCCT691-occt-64/drv/TopoDS/TopoDS_TShell.jxx
+M TopoDS:privinclude:TopoDS_TShell.ixx /misc/dn61/LocalWOK/wok_entities/LOC/dev/CR0-OCCT691-7-CR0-OCCT691-occt-64/drv/TopoDS/TopoDS_TShell.ixx
+M TopoDS:pubinclude:TopoDS_Shell.hxx /misc/dn61/LocalWOK/wok_entities/LOC/dev/CR0-OCCT691-7-CR0-OCCT691-occt-64/inc/TopoDS_Shell.hxx
+M TopoDS:privinclude:TopoDS_Shell.jxx /misc/dn61/LocalWOK/wok_entities/LOC/dev/CR0-OCCT691-7-CR0-OCCT691-occt-64/drv/TopoDS/TopoDS_Shell.jxx
+M TopoDS:privinclude:TopoDS_Shell.ixx /misc/dn61/LocalWOK/wok_entities/LOC/dev/CR0-OCCT691-7-CR0-OCCT691-occt-64/drv/TopoDS/TopoDS_Shell.ixx
+M TopoDS:pubinclude:Handle_TopoDS_TSolid.hxx /misc/dn61/LocalWOK/wok_entities/LOC/dev/CR0-OCCT691-7-CR0-OCCT691-occt-64/inc/Handle_TopoDS_TSolid.hxx
+M TopoDS:pubinclude:TopoDS_TSolid.hxx /misc/dn61/LocalWOK/wok_entities/LOC/dev/CR0-OCCT691-7-CR0-OCCT691-occt-64/inc/TopoDS_TSolid.hxx
+M TopoDS:privinclude:TopoDS_TSolid.jxx /misc/dn61/LocalWOK/wok_entities/LOC/dev/CR0-OCCT691-7-CR0-OCCT691-occt-64/drv/TopoDS/TopoDS_TSolid.jxx
+M TopoDS:privinclude:TopoDS_TSolid.ixx /misc/dn61/LocalWOK/wok_entities/LOC/dev/CR0-OCCT691-7-CR0-OCCT691-occt-64/drv/TopoDS/TopoDS_TSolid.ixx
+M TopoDS:pubinclude:TopoDS_Solid.hxx /misc/dn61/LocalWOK/wok_entities/LOC/dev/CR0-OCCT691-7-CR0-OCCT691-occt-64/inc/TopoDS_Solid.hxx
+M TopoDS:privinclude:TopoDS_Solid.jxx /misc/dn61/LocalWOK/wok_entities/LOC/dev/CR0-OCCT691-7-CR0-OCCT691-occt-64/drv/TopoDS/TopoDS_Solid.jxx
+M TopoDS:privinclude:TopoDS_Solid.ixx /misc/dn61/LocalWOK/wok_entities/LOC/dev/CR0-OCCT691-7-CR0-OCCT691-occt-64/drv/TopoDS/TopoDS_Solid.ixx
+M TopoDS:pubinclude:Handle_TopoDS_TCompSolid.hxx /misc/dn61/LocalWOK/wok_entities/LOC/dev/CR0-OCCT691-7-CR0-OCCT691-occt-64/inc/Handle_TopoDS_TCompSolid.hxx
+M TopoDS:pubinclude:TopoDS_TCompSolid.hxx /misc/dn61/LocalWOK/wok_entities/LOC/dev/CR0-OCCT691-7-CR0-OCCT691-occt-64/inc/TopoDS_TCompSolid.hxx
+M TopoDS:privinclude:TopoDS_TCompSolid.jxx /misc/dn61/LocalWOK/wok_entities/LOC/dev/CR0-OCCT691-7-CR0-OCCT691-occt-64/drv/TopoDS/TopoDS_TCompSolid.jxx
+M TopoDS:privinclude:TopoDS_TCompSolid.ixx /misc/dn61/LocalWOK/wok_entities/LOC/dev/CR0-OCCT691-7-CR0-OCCT691-occt-64/drv/TopoDS/TopoDS_TCompSolid.ixx
+M TopoDS:pubinclude:TopoDS_CompSolid.hxx /misc/dn61/LocalWOK/wok_entities/LOC/dev/CR0-OCCT691-7-CR0-OCCT691-occt-64/inc/TopoDS_CompSolid.hxx
+M TopoDS:privinclude:TopoDS_CompSolid.jxx /misc/dn61/LocalWOK/wok_entities/LOC/dev/CR0-OCCT691-7-CR0-OCCT691-occt-64/drv/TopoDS/TopoDS_CompSolid.jxx
+M TopoDS:privinclude:TopoDS_CompSolid.ixx /misc/dn61/LocalWOK/wok_entities/LOC/dev/CR0-OCCT691-7-CR0-OCCT691-occt-64/drv/TopoDS/TopoDS_CompSolid.ixx
+M TopoDS:pubinclude:Handle_TopoDS_TCompound.hxx /misc/dn61/LocalWOK/wok_entities/LOC/dev/CR0-OCCT691-7-CR0-OCCT691-occt-64/inc/Handle_TopoDS_TCompound.hxx
+M TopoDS:pubinclude:TopoDS_TCompound.hxx /misc/dn61/LocalWOK/wok_entities/LOC/dev/CR0-OCCT691-7-CR0-OCCT691-occt-64/inc/TopoDS_TCompound.hxx
+M TopoDS:privinclude:TopoDS_TCompound.jxx /misc/dn61/LocalWOK/wok_entities/LOC/dev/CR0-OCCT691-7-CR0-OCCT691-occt-64/drv/TopoDS/TopoDS_TCompound.jxx
+M TopoDS:privinclude:TopoDS_TCompound.ixx /misc/dn61/LocalWOK/wok_entities/LOC/dev/CR0-OCCT691-7-CR0-OCCT691-occt-64/drv/TopoDS/TopoDS_TCompound.ixx
+M TopoDS:pubinclude:TopoDS_Compound.hxx /misc/dn61/LocalWOK/wok_entities/LOC/dev/CR0-OCCT691-7-CR0-OCCT691-occt-64/inc/TopoDS_Compound.hxx
+M TopoDS:privinclude:TopoDS_Compound.jxx /misc/dn61/LocalWOK/wok_entities/LOC/dev/CR0-OCCT691-7-CR0-OCCT691-occt-64/drv/TopoDS/TopoDS_Compound.jxx
+M TopoDS:privinclude:TopoDS_Compound.ixx /misc/dn61/LocalWOK/wok_entities/LOC/dev/CR0-OCCT691-7-CR0-OCCT691-occt-64/drv/TopoDS/TopoDS_Compound.ixx
+M TopoDS:pubinclude:TopoDS_Builder.hxx /misc/dn61/LocalWOK/wok_entities/LOC/dev/CR0-OCCT691-7-CR0-OCCT691-occt-64/inc/TopoDS_Builder.hxx
+M TopoDS:privinclude:TopoDS_Builder.jxx /misc/dn61/LocalWOK/wok_entities/LOC/dev/CR0-OCCT691-7-CR0-OCCT691-occt-64/drv/TopoDS/TopoDS_Builder.jxx
+M TopoDS:privinclude:TopoDS_Builder.ixx /misc/dn61/LocalWOK/wok_entities/LOC/dev/CR0-OCCT691-7-CR0-OCCT691-occt-64/drv/TopoDS/TopoDS_Builder.ixx
+M TopoDS:pubinclude:TopoDS_Iterator.hxx /misc/dn61/LocalWOK/wok_entities/LOC/dev/CR0-OCCT691-7-CR0-OCCT691-occt-64/inc/TopoDS_Iterator.hxx
+M TopoDS:privinclude:TopoDS_Iterator.jxx /misc/dn61/LocalWOK/wok_entities/LOC/dev/CR0-OCCT691-7-CR0-OCCT691-occt-64/drv/TopoDS/TopoDS_Iterator.jxx
+M TopoDS:privinclude:TopoDS_Iterator.ixx /misc/dn61/LocalWOK/wok_entities/LOC/dev/CR0-OCCT691-7-CR0-OCCT691-occt-64/drv/TopoDS/TopoDS_Iterator.ixx
+M TopoDS:pubinclude:Handle_TopoDS_ListNodeOfListOfShape.hxx /misc/dn61/LocalWOK/wok_entities/LOC/dev/CR0-OCCT691-7-CR0-OCCT691-occt-64/inc/Handle_TopoDS_ListNodeOfListOfShape.hxx
+M TopoDS:pubinclude:TopoDS_ListNodeOfListOfShape.hxx /misc/dn61/LocalWOK/wok_entities/LOC/dev/CR0-OCCT691-7-CR0-OCCT691-occt-64/inc/TopoDS_ListNodeOfListOfShape.hxx
+M TopoDS:derivated:TopoDS_ListNodeOfListOfShape_0.cxx /misc/dn61/LocalWOK/wok_entities/LOC/dev/CR0-OCCT691-7-CR0-OCCT691-occt-64/drv/TopoDS/TopoDS_ListNodeOfListOfShape_0.cxx
+M TopoDS:pubinclude:TopoDS_ListIteratorOfListOfShape.hxx /misc/dn61/LocalWOK/wok_entities/LOC/dev/CR0-OCCT691-7-CR0-OCCT691-occt-64/inc/TopoDS_ListIteratorOfListOfShape.hxx
+M TopoDS:derivated:TopoDS_ListIteratorOfListOfShape_0.cxx /misc/dn61/LocalWOK/wok_entities/LOC/dev/CR0-OCCT691-7-CR0-OCCT691-occt-64/drv/TopoDS/TopoDS_ListIteratorOfListOfShape_0.cxx
+M TopoDS:pubinclude:Handle_TopoDS_FrozenShape.hxx /misc/dn61/LocalWOK/wok_entities/LOC/dev/CR0-OCCT691-7-CR0-OCCT691-occt-64/inc/Handle_TopoDS_FrozenShape.hxx
+M TopoDS:pubinclude:TopoDS_FrozenShape.hxx /misc/dn61/LocalWOK/wok_entities/LOC/dev/CR0-OCCT691-7-CR0-OCCT691-occt-64/inc/TopoDS_FrozenShape.hxx
+M TopoDS:derivated:TopoDS_FrozenShape_0.cxx /misc/dn61/LocalWOK/wok_entities/LOC/dev/CR0-OCCT691-7-CR0-OCCT691-occt-64/drv/TopoDS/TopoDS_FrozenShape_0.cxx
+M TopoDS:pubinclude:Handle_TopoDS_LockedShape.hxx /misc/dn61/LocalWOK/wok_entities/LOC/dev/CR0-OCCT691-7-CR0-OCCT691-occt-64/inc/Handle_TopoDS_LockedShape.hxx
+M TopoDS:pubinclude:TopoDS_LockedShape.hxx /misc/dn61/LocalWOK/wok_entities/LOC/dev/CR0-OCCT691-7-CR0-OCCT691-occt-64/inc/TopoDS_LockedShape.hxx
+M TopoDS:derivated:TopoDS_LockedShape_0.cxx /misc/dn61/LocalWOK/wok_entities/LOC/dev/CR0-OCCT691-7-CR0-OCCT691-occt-64/drv/TopoDS/TopoDS_LockedShape_0.cxx
+M TopoDS:pubinclude:Handle_TopoDS_UnCompatibleShapes.hxx /misc/dn61/LocalWOK/wok_entities/LOC/dev/CR0-OCCT691-7-CR0-OCCT691-occt-64/inc/Handle_TopoDS_UnCompatibleShapes.hxx
+M TopoDS:pubinclude:TopoDS_UnCompatibleShapes.hxx /misc/dn61/LocalWOK/wok_entities/LOC/dev/CR0-OCCT691-7-CR0-OCCT691-occt-64/inc/TopoDS_UnCompatibleShapes.hxx
+M TopoDS:derivated:TopoDS_UnCompatibleShapes_0.cxx /misc/dn61/LocalWOK/wok_entities/LOC/dev/CR0-OCCT691-7-CR0-OCCT691-occt-64/drv/TopoDS/TopoDS_UnCompatibleShapes_0.cxx
+M TopoDS:dbadmfile:TopoDS_xcpp_header.In /misc/dn61/LocalWOK/wok_entities/LOC/dev/CR0-OCCT691-7-CR0-OCCT691-occt-64/drv/TopoDS/.adm/TopoDS_xcpp_header.In
+M TopoDS:dbadmfile:TopoDS_xcpp_header.Out /misc/dn61/LocalWOK/wok_entities/LOC/dev/CR0-OCCT691-7-CR0-OCCT691-occt-64/drv/TopoDS/.adm/TopoDS_xcpp_header.Out
+M TopoDS:dbadmfile:TopoDS_xcpp_header.Dep /misc/dn61/LocalWOK/wok_entities/LOC/dev/CR0-OCCT691-7-CR0-OCCT691-occt-64/drv/TopoDS/.adm/TopoDS_xcpp_header.Dep
