+M Extrema:pubinclude:Extrema_HUBTreeOfSphere.hxx /misc/dn61/LocalWOK/wok_entities/LOC/dev/CR0-OCCT691-7-CR0-OCCT691-occt-64/inc/Extrema_HUBTreeOfSphere.hxx
+M Extrema:pubinclude:Extrema_GlobOptFuncCC.hxx /misc/dn61/LocalWOK/wok_entities/LOC/dev/CR0-OCCT691-7-CR0-OCCT691-occt-64/inc/Extrema_GlobOptFuncCC.hxx
+M Extrema:pubinclude:Extrema_GlobOptFuncCS.hxx /misc/dn61/LocalWOK/wok_entities/LOC/dev/CR0-OCCT691-7-CR0-OCCT691-occt-64/inc/Extrema_GlobOptFuncCS.hxx
+M Extrema:pubinclude:Extrema_CurveTool.lxx /misc/dn61/LocalWOK/wok_entities/LOC/dev/CR0-OCCT691-7-CR0-OCCT691-occt-64/inc/Extrema_CurveTool.lxx
+M Extrema:pubinclude:Extrema_Curve2dTool.lxx /misc/dn61/LocalWOK/wok_entities/LOC/dev/CR0-OCCT691-7-CR0-OCCT691-occt-64/inc/Extrema_Curve2dTool.lxx
+M Extrema:pubinclude:Extrema_Point.gxx /misc/dn61/LocalWOK/wok_entities/LOC/dev/CR0-OCCT691-7-CR0-OCCT691-occt-64/inc/Extrema_Point.gxx
+M Extrema:pubinclude:Extrema_Point.lxx /misc/dn61/LocalWOK/wok_entities/LOC/dev/CR0-OCCT691-7-CR0-OCCT691-occt-64/inc/Extrema_Point.lxx
+M Extrema:pubinclude:Extrema_POnSurf.lxx /misc/dn61/LocalWOK/wok_entities/LOC/dev/CR0-OCCT691-7-CR0-OCCT691-occt-64/inc/Extrema_POnSurf.lxx
+M Extrema:pubinclude:Extrema_POnSurfParams.lxx /misc/dn61/LocalWOK/wok_entities/LOC/dev/CR0-OCCT691-7-CR0-OCCT691-occt-64/inc/Extrema_POnSurfParams.lxx
+M Extrema:pubinclude:Extrema_FuncExtPC.gxx /misc/dn61/LocalWOK/wok_entities/LOC/dev/CR0-OCCT691-7-CR0-OCCT691-occt-64/inc/Extrema_FuncExtPC.gxx
+M Extrema:pubinclude:Extrema_GenExtPC.gxx /misc/dn61/LocalWOK/wok_entities/LOC/dev/CR0-OCCT691-7-CR0-OCCT691-occt-64/inc/Extrema_GenExtPC.gxx
+M Extrema:pubinclude:Extrema_GenLocateExtPC.gxx /misc/dn61/LocalWOK/wok_entities/LOC/dev/CR0-OCCT691-7-CR0-OCCT691-occt-64/inc/Extrema_GenLocateExtPC.gxx
+M Extrema:pubinclude:Extrema_FuncExtCC.gxx /misc/dn61/LocalWOK/wok_entities/LOC/dev/CR0-OCCT691-7-CR0-OCCT691-occt-64/inc/Extrema_FuncExtCC.gxx
+M Extrema:pubinclude:Extrema_FuncExtCC.lxx /misc/dn61/LocalWOK/wok_entities/LOC/dev/CR0-OCCT691-7-CR0-OCCT691-occt-64/inc/Extrema_FuncExtCC.lxx
+M Extrema:pubinclude:Extrema_GenExtCC.gxx /misc/dn61/LocalWOK/wok_entities/LOC/dev/CR0-OCCT691-7-CR0-OCCT691-occt-64/inc/Extrema_GenExtCC.gxx
+M Extrema:pubinclude:Extrema_GenLocateExtCC.gxx /misc/dn61/LocalWOK/wok_entities/LOC/dev/CR0-OCCT691-7-CR0-OCCT691-occt-64/inc/Extrema_GenLocateExtCC.gxx
+M Extrema:pubinclude:Extrema_GExtPC.gxx /misc/dn61/LocalWOK/wok_entities/LOC/dev/CR0-OCCT691-7-CR0-OCCT691-occt-64/inc/Extrema_GExtPC.gxx
+M Extrema:pubinclude:Extrema_GLocateExtPC.gxx /misc/dn61/LocalWOK/wok_entities/LOC/dev/CR0-OCCT691-7-CR0-OCCT691-occt-64/inc/Extrema_GLocateExtPC.gxx
+M Extrema:pubinclude:Extrema_CurveLocator.gxx /misc/dn61/LocalWOK/wok_entities/LOC/dev/CR0-OCCT691-7-CR0-OCCT691-occt-64/inc/Extrema_CurveLocator.gxx
+M Extrema:dbadmfile:Extrema_obj_inc.In /misc/dn61/LocalWOK/wok_entities/LOC/dev/CR0-OCCT691-7-CR0-OCCT691-occt-64/drv/Extrema/.adm/Extrema_obj_inc.In
+M Extrema:dbadmfile:Extrema_obj_inc.Out /misc/dn61/LocalWOK/wok_entities/LOC/dev/CR0-OCCT691-7-CR0-OCCT691-occt-64/drv/Extrema/.adm/Extrema_obj_inc.Out
+M Extrema:dbadmfile:Extrema_obj_inc.Dep /misc/dn61/LocalWOK/wok_entities/LOC/dev/CR0-OCCT691-7-CR0-OCCT691-occt-64/drv/Extrema/.adm/Extrema_obj_inc.Dep
