+M Extrema:pubinclude:Extrema_CurveTool.hxx /misc/dn61/LocalWOK/wok_entities/LOC/dev/CR0-OCCT691-7-CR0-OCCT691-occt-64/inc/Extrema_CurveTool.hxx
+M Extrema:privinclude:Extrema_CurveTool.jxx /misc/dn61/LocalWOK/wok_entities/LOC/dev/CR0-OCCT691-7-CR0-OCCT691-occt-64/drv/Extrema/Extrema_CurveTool.jxx
+M Extrema:privinclude:Extrema_CurveTool.ixx /misc/dn61/LocalWOK/wok_entities/LOC/dev/CR0-OCCT691-7-CR0-OCCT691-occt-64/drv/Extrema/Extrema_CurveTool.ixx
+M Extrema:pubinclude:Extrema_Curve2dTool.hxx /misc/dn61/LocalWOK/wok_entities/LOC/dev/CR0-OCCT691-7-CR0-OCCT691-occt-64/inc/Extrema_Curve2dTool.hxx
+M Extrema:privinclude:Extrema_Curve2dTool.jxx /misc/dn61/LocalWOK/wok_entities/LOC/dev/CR0-OCCT691-7-CR0-OCCT691-occt-64/drv/Extrema/Extrema_Curve2dTool.jxx
+M Extrema:privinclude:Extrema_Curve2dTool.ixx /misc/dn61/LocalWOK/wok_entities/LOC/dev/CR0-OCCT691-7-CR0-OCCT691-occt-64/drv/Extrema/Extrema_Curve2dTool.ixx
+M Extrema:pubinclude:Extrema_POnSurf.hxx /misc/dn61/LocalWOK/wok_entities/LOC/dev/CR0-OCCT691-7-CR0-OCCT691-occt-64/inc/Extrema_POnSurf.hxx
+M Extrema:privinclude:Extrema_POnSurf.jxx /misc/dn61/LocalWOK/wok_entities/LOC/dev/CR0-OCCT691-7-CR0-OCCT691-occt-64/drv/Extrema/Extrema_POnSurf.jxx
+M Extrema:privinclude:Extrema_POnSurf.ixx /misc/dn61/LocalWOK/wok_entities/LOC/dev/CR0-OCCT691-7-CR0-OCCT691-occt-64/drv/Extrema/Extrema_POnSurf.ixx
+M Extrema:pubinclude:Extrema_POnSurfParams.hxx /misc/dn61/LocalWOK/wok_entities/LOC/dev/CR0-OCCT691-7-CR0-OCCT691-occt-64/inc/Extrema_POnSurfParams.hxx
+M Extrema:privinclude:Extrema_POnSurfParams.jxx /misc/dn61/LocalWOK/wok_entities/LOC/dev/CR0-OCCT691-7-CR0-OCCT691-occt-64/drv/Extrema/Extrema_POnSurfParams.jxx
+M Extrema:privinclude:Extrema_POnSurfParams.ixx /misc/dn61/LocalWOK/wok_entities/LOC/dev/CR0-OCCT691-7-CR0-OCCT691-occt-64/drv/Extrema/Extrema_POnSurfParams.ixx
+M Extrema:pubinclude:Extrema_ExtPElC.hxx /misc/dn61/LocalWOK/wok_entities/LOC/dev/CR0-OCCT691-7-CR0-OCCT691-occt-64/inc/Extrema_ExtPElC.hxx
+M Extrema:privinclude:Extrema_ExtPElC.jxx /misc/dn61/LocalWOK/wok_entities/LOC/dev/CR0-OCCT691-7-CR0-OCCT691-occt-64/drv/Extrema/Extrema_ExtPElC.jxx
+M Extrema:privinclude:Extrema_ExtPElC.ixx /misc/dn61/LocalWOK/wok_entities/LOC/dev/CR0-OCCT691-7-CR0-OCCT691-occt-64/drv/Extrema/Extrema_ExtPElC.ixx
+M Extrema:pubinclude:Extrema_ExtPElC2d.hxx /misc/dn61/LocalWOK/wok_entities/LOC/dev/CR0-OCCT691-7-CR0-OCCT691-occt-64/inc/Extrema_ExtPElC2d.hxx
+M Extrema:privinclude:Extrema_ExtPElC2d.jxx /misc/dn61/LocalWOK/wok_entities/LOC/dev/CR0-OCCT691-7-CR0-OCCT691-occt-64/drv/Extrema/Extrema_ExtPElC2d.jxx
+M Extrema:privinclude:Extrema_ExtPElC2d.ixx /misc/dn61/LocalWOK/wok_entities/LOC/dev/CR0-OCCT691-7-CR0-OCCT691-occt-64/drv/Extrema/Extrema_ExtPElC2d.ixx
+M Extrema:pubinclude:Extrema_ExtPElS.hxx /misc/dn61/LocalWOK/wok_entities/LOC/dev/CR0-OCCT691-7-CR0-OCCT691-occt-64/inc/Extrema_ExtPElS.hxx
+M Extrema:privinclude:Extrema_ExtPElS.jxx /misc/dn61/LocalWOK/wok_entities/LOC/dev/CR0-OCCT691-7-CR0-OCCT691-occt-64/drv/Extrema/Extrema_ExtPElS.jxx
+M Extrema:privinclude:Extrema_ExtPElS.ixx /misc/dn61/LocalWOK/wok_entities/LOC/dev/CR0-OCCT691-7-CR0-OCCT691-occt-64/drv/Extrema/Extrema_ExtPElS.ixx
+M Extrema:pubinclude:Handle_Extrema_ExtPExtS.hxx /misc/dn61/LocalWOK/wok_entities/LOC/dev/CR0-OCCT691-7-CR0-OCCT691-occt-64/inc/Handle_Extrema_ExtPExtS.hxx
+M Extrema:pubinclude:Extrema_ExtPExtS.hxx /misc/dn61/LocalWOK/wok_entities/LOC/dev/CR0-OCCT691-7-CR0-OCCT691-occt-64/inc/Extrema_ExtPExtS.hxx
+M Extrema:privinclude:Extrema_ExtPExtS.jxx /misc/dn61/LocalWOK/wok_entities/LOC/dev/CR0-OCCT691-7-CR0-OCCT691-occt-64/drv/Extrema/Extrema_ExtPExtS.jxx
+M Extrema:privinclude:Extrema_ExtPExtS.ixx /misc/dn61/LocalWOK/wok_entities/LOC/dev/CR0-OCCT691-7-CR0-OCCT691-occt-64/drv/Extrema/Extrema_ExtPExtS.ixx
+M Extrema:pubinclude:Handle_Extrema_ExtPRevS.hxx /misc/dn61/LocalWOK/wok_entities/LOC/dev/CR0-OCCT691-7-CR0-OCCT691-occt-64/inc/Handle_Extrema_ExtPRevS.hxx
+M Extrema:pubinclude:Extrema_ExtPRevS.hxx /misc/dn61/LocalWOK/wok_entities/LOC/dev/CR0-OCCT691-7-CR0-OCCT691-occt-64/inc/Extrema_ExtPRevS.hxx
+M Extrema:privinclude:Extrema_ExtPRevS.jxx /misc/dn61/LocalWOK/wok_entities/LOC/dev/CR0-OCCT691-7-CR0-OCCT691-occt-64/drv/Extrema/Extrema_ExtPRevS.jxx
+M Extrema:privinclude:Extrema_ExtPRevS.ixx /misc/dn61/LocalWOK/wok_entities/LOC/dev/CR0-OCCT691-7-CR0-OCCT691-occt-64/drv/Extrema/Extrema_ExtPRevS.ixx
+M Extrema:pubinclude:Extrema_ExtElC.hxx /misc/dn61/LocalWOK/wok_entities/LOC/dev/CR0-OCCT691-7-CR0-OCCT691-occt-64/inc/Extrema_ExtElC.hxx
+M Extrema:privinclude:Extrema_ExtElC.jxx /misc/dn61/LocalWOK/wok_entities/LOC/dev/CR0-OCCT691-7-CR0-OCCT691-occt-64/drv/Extrema/Extrema_ExtElC.jxx
+M Extrema:privinclude:Extrema_ExtElC.ixx /misc/dn61/LocalWOK/wok_entities/LOC/dev/CR0-OCCT691-7-CR0-OCCT691-occt-64/drv/Extrema/Extrema_ExtElC.ixx
+M Extrema:pubinclude:Extrema_ExtElC2d.hxx /misc/dn61/LocalWOK/wok_entities/LOC/dev/CR0-OCCT691-7-CR0-OCCT691-occt-64/inc/Extrema_ExtElC2d.hxx
+M Extrema:privinclude:Extrema_ExtElC2d.jxx /misc/dn61/LocalWOK/wok_entities/LOC/dev/CR0-OCCT691-7-CR0-OCCT691-occt-64/drv/Extrema/Extrema_ExtElC2d.jxx
+M Extrema:privinclude:Extrema_ExtElC2d.ixx /misc/dn61/LocalWOK/wok_entities/LOC/dev/CR0-OCCT691-7-CR0-OCCT691-occt-64/drv/Extrema/Extrema_ExtElC2d.ixx
+M Extrema:pubinclude:Extrema_ExtElCS.hxx /misc/dn61/LocalWOK/wok_entities/LOC/dev/CR0-OCCT691-7-CR0-OCCT691-occt-64/inc/Extrema_ExtElCS.hxx
+M Extrema:privinclude:Extrema_ExtElCS.jxx /misc/dn61/LocalWOK/wok_entities/LOC/dev/CR0-OCCT691-7-CR0-OCCT691-occt-64/drv/Extrema/Extrema_ExtElCS.jxx
+M Extrema:privinclude:Extrema_ExtElCS.ixx /misc/dn61/LocalWOK/wok_entities/LOC/dev/CR0-OCCT691-7-CR0-OCCT691-occt-64/drv/Extrema/Extrema_ExtElCS.ixx
+M Extrema:pubinclude:Extrema_ExtElSS.hxx /misc/dn61/LocalWOK/wok_entities/LOC/dev/CR0-OCCT691-7-CR0-OCCT691-occt-64/inc/Extrema_ExtElSS.hxx
+M Extrema:privinclude:Extrema_ExtElSS.jxx /misc/dn61/LocalWOK/wok_entities/LOC/dev/CR0-OCCT691-7-CR0-OCCT691-occt-64/drv/Extrema/Extrema_ExtElSS.jxx
+M Extrema:privinclude:Extrema_ExtElSS.ixx /misc/dn61/LocalWOK/wok_entities/LOC/dev/CR0-OCCT691-7-CR0-OCCT691-occt-64/drv/Extrema/Extrema_ExtElSS.ixx
+M Extrema:pubinclude:Extrema_FuncExtPS.hxx /misc/dn61/LocalWOK/wok_entities/LOC/dev/CR0-OCCT691-7-CR0-OCCT691-occt-64/inc/Extrema_FuncExtPS.hxx
+M Extrema:privinclude:Extrema_FuncExtPS.jxx /misc/dn61/LocalWOK/wok_entities/LOC/dev/CR0-OCCT691-7-CR0-OCCT691-occt-64/drv/Extrema/Extrema_FuncExtPS.jxx
+M Extrema:privinclude:Extrema_FuncExtPS.ixx /misc/dn61/LocalWOK/wok_entities/LOC/dev/CR0-OCCT691-7-CR0-OCCT691-occt-64/drv/Extrema/Extrema_FuncExtPS.ixx
+M Extrema:pubinclude:Extrema_GenExtPS.hxx /misc/dn61/LocalWOK/wok_entities/LOC/dev/CR0-OCCT691-7-CR0-OCCT691-occt-64/inc/Extrema_GenExtPS.hxx
+M Extrema:privinclude:Extrema_GenExtPS.jxx /misc/dn61/LocalWOK/wok_entities/LOC/dev/CR0-OCCT691-7-CR0-OCCT691-occt-64/drv/Extrema/Extrema_GenExtPS.jxx
+M Extrema:privinclude:Extrema_GenExtPS.ixx /misc/dn61/LocalWOK/wok_entities/LOC/dev/CR0-OCCT691-7-CR0-OCCT691-occt-64/drv/Extrema/Extrema_GenExtPS.ixx
+M Extrema:pubinclude:Extrema_GenLocateExtPS.hxx /misc/dn61/LocalWOK/wok_entities/LOC/dev/CR0-OCCT691-7-CR0-OCCT691-occt-64/inc/Extrema_GenLocateExtPS.hxx
+M Extrema:privinclude:Extrema_GenLocateExtPS.jxx /misc/dn61/LocalWOK/wok_entities/LOC/dev/CR0-OCCT691-7-CR0-OCCT691-occt-64/drv/Extrema/Extrema_GenLocateExtPS.jxx
+M Extrema:privinclude:Extrema_GenLocateExtPS.ixx /misc/dn61/LocalWOK/wok_entities/LOC/dev/CR0-OCCT691-7-CR0-OCCT691-occt-64/drv/Extrema/Extrema_GenLocateExtPS.ixx
+M Extrema:pubinclude:Extrema_FuncExtCS.hxx /misc/dn61/LocalWOK/wok_entities/LOC/dev/CR0-OCCT691-7-CR0-OCCT691-occt-64/inc/Extrema_FuncExtCS.hxx
+M Extrema:privinclude:Extrema_FuncExtCS.jxx /misc/dn61/LocalWOK/wok_entities/LOC/dev/CR0-OCCT691-7-CR0-OCCT691-occt-64/drv/Extrema/Extrema_FuncExtCS.jxx
+M Extrema:privinclude:Extrema_FuncExtCS.ixx /misc/dn61/LocalWOK/wok_entities/LOC/dev/CR0-OCCT691-7-CR0-OCCT691-occt-64/drv/Extrema/Extrema_FuncExtCS.ixx
+M Extrema:pubinclude:Extrema_GenExtCS.hxx /misc/dn61/LocalWOK/wok_entities/LOC/dev/CR0-OCCT691-7-CR0-OCCT691-occt-64/inc/Extrema_GenExtCS.hxx
+M Extrema:privinclude:Extrema_GenExtCS.jxx /misc/dn61/LocalWOK/wok_entities/LOC/dev/CR0-OCCT691-7-CR0-OCCT691-occt-64/drv/Extrema/Extrema_GenExtCS.jxx
+M Extrema:privinclude:Extrema_GenExtCS.ixx /misc/dn61/LocalWOK/wok_entities/LOC/dev/CR0-OCCT691-7-CR0-OCCT691-occt-64/drv/Extrema/Extrema_GenExtCS.ixx
+M Extrema:pubinclude:Extrema_GenLocateExtCS.hxx /misc/dn61/LocalWOK/wok_entities/LOC/dev/CR0-OCCT691-7-CR0-OCCT691-occt-64/inc/Extrema_GenLocateExtCS.hxx
+M Extrema:privinclude:Extrema_GenLocateExtCS.jxx /misc/dn61/LocalWOK/wok_entities/LOC/dev/CR0-OCCT691-7-CR0-OCCT691-occt-64/drv/Extrema/Extrema_GenLocateExtCS.jxx
+M Extrema:privinclude:Extrema_GenLocateExtCS.ixx /misc/dn61/LocalWOK/wok_entities/LOC/dev/CR0-OCCT691-7-CR0-OCCT691-occt-64/drv/Extrema/Extrema_GenLocateExtCS.ixx
+M Extrema:pubinclude:Extrema_FuncExtSS.hxx /misc/dn61/LocalWOK/wok_entities/LOC/dev/CR0-OCCT691-7-CR0-OCCT691-occt-64/inc/Extrema_FuncExtSS.hxx
+M Extrema:privinclude:Extrema_FuncExtSS.jxx /misc/dn61/LocalWOK/wok_entities/LOC/dev/CR0-OCCT691-7-CR0-OCCT691-occt-64/drv/Extrema/Extrema_FuncExtSS.jxx
+M Extrema:privinclude:Extrema_FuncExtSS.ixx /misc/dn61/LocalWOK/wok_entities/LOC/dev/CR0-OCCT691-7-CR0-OCCT691-occt-64/drv/Extrema/Extrema_FuncExtSS.ixx
+M Extrema:pubinclude:Extrema_GenExtSS.hxx /misc/dn61/LocalWOK/wok_entities/LOC/dev/CR0-OCCT691-7-CR0-OCCT691-occt-64/inc/Extrema_GenExtSS.hxx
+M Extrema:privinclude:Extrema_GenExtSS.jxx /misc/dn61/LocalWOK/wok_entities/LOC/dev/CR0-OCCT691-7-CR0-OCCT691-occt-64/drv/Extrema/Extrema_GenExtSS.jxx
+M Extrema:privinclude:Extrema_GenExtSS.ixx /misc/dn61/LocalWOK/wok_entities/LOC/dev/CR0-OCCT691-7-CR0-OCCT691-occt-64/drv/Extrema/Extrema_GenExtSS.ixx
+M Extrema:pubinclude:Extrema_GenLocateExtSS.hxx /misc/dn61/LocalWOK/wok_entities/LOC/dev/CR0-OCCT691-7-CR0-OCCT691-occt-64/inc/Extrema_GenLocateExtSS.hxx
+M Extrema:privinclude:Extrema_GenLocateExtSS.jxx /misc/dn61/LocalWOK/wok_entities/LOC/dev/CR0-OCCT691-7-CR0-OCCT691-occt-64/drv/Extrema/Extrema_GenLocateExtSS.jxx
+M Extrema:privinclude:Extrema_GenLocateExtSS.ixx /misc/dn61/LocalWOK/wok_entities/LOC/dev/CR0-OCCT691-7-CR0-OCCT691-occt-64/drv/Extrema/Extrema_GenLocateExtSS.ixx
+M Extrema:pubinclude:Extrema_ExtPS.hxx /misc/dn61/LocalWOK/wok_entities/LOC/dev/CR0-OCCT691-7-CR0-OCCT691-occt-64/inc/Extrema_ExtPS.hxx
+M Extrema:privinclude:Extrema_ExtPS.jxx /misc/dn61/LocalWOK/wok_entities/LOC/dev/CR0-OCCT691-7-CR0-OCCT691-occt-64/drv/Extrema/Extrema_ExtPS.jxx
+M Extrema:privinclude:Extrema_ExtPS.ixx /misc/dn61/LocalWOK/wok_entities/LOC/dev/CR0-OCCT691-7-CR0-OCCT691-occt-64/drv/Extrema/Extrema_ExtPS.ixx
+M Extrema:pubinclude:Extrema_ExtCC.hxx /misc/dn61/LocalWOK/wok_entities/LOC/dev/CR0-OCCT691-7-CR0-OCCT691-occt-64/inc/Extrema_ExtCC.hxx
+M Extrema:privinclude:Extrema_ExtCC.jxx /misc/dn61/LocalWOK/wok_entities/LOC/dev/CR0-OCCT691-7-CR0-OCCT691-occt-64/drv/Extrema/Extrema_ExtCC.jxx
+M Extrema:privinclude:Extrema_ExtCC.ixx /misc/dn61/LocalWOK/wok_entities/LOC/dev/CR0-OCCT691-7-CR0-OCCT691-occt-64/drv/Extrema/Extrema_ExtCC.ixx
+M Extrema:pubinclude:Extrema_ECC.hxx /misc/dn61/LocalWOK/wok_entities/LOC/dev/CR0-OCCT691-7-CR0-OCCT691-occt-64/inc/Extrema_ECC.hxx
+M Extrema:derivated:Extrema_ECC_0.cxx /misc/dn61/LocalWOK/wok_entities/LOC/dev/CR0-OCCT691-7-CR0-OCCT691-occt-64/drv/Extrema/Extrema_ECC_0.cxx
+M Extrema:pubinclude:Extrema_LocateExtCC.hxx /misc/dn61/LocalWOK/wok_entities/LOC/dev/CR0-OCCT691-7-CR0-OCCT691-occt-64/inc/Extrema_LocateExtCC.hxx
+M Extrema:privinclude:Extrema_LocateExtCC.jxx /misc/dn61/LocalWOK/wok_entities/LOC/dev/CR0-OCCT691-7-CR0-OCCT691-occt-64/drv/Extrema/Extrema_LocateExtCC.jxx
+M Extrema:privinclude:Extrema_LocateExtCC.ixx /misc/dn61/LocalWOK/wok_entities/LOC/dev/CR0-OCCT691-7-CR0-OCCT691-occt-64/drv/Extrema/Extrema_LocateExtCC.ixx
+M Extrema:pubinclude:Extrema_LocECC.hxx /misc/dn61/LocalWOK/wok_entities/LOC/dev/CR0-OCCT691-7-CR0-OCCT691-occt-64/inc/Extrema_LocECC.hxx
+M Extrema:derivated:Extrema_LocECC_0.cxx /misc/dn61/LocalWOK/wok_entities/LOC/dev/CR0-OCCT691-7-CR0-OCCT691-occt-64/drv/Extrema/Extrema_LocECC_0.cxx
+M Extrema:pubinclude:Extrema_ExtCC2d.hxx /misc/dn61/LocalWOK/wok_entities/LOC/dev/CR0-OCCT691-7-CR0-OCCT691-occt-64/inc/Extrema_ExtCC2d.hxx
+M Extrema:privinclude:Extrema_ExtCC2d.jxx /misc/dn61/LocalWOK/wok_entities/LOC/dev/CR0-OCCT691-7-CR0-OCCT691-occt-64/drv/Extrema/Extrema_ExtCC2d.jxx
+M Extrema:privinclude:Extrema_ExtCC2d.ixx /misc/dn61/LocalWOK/wok_entities/LOC/dev/CR0-OCCT691-7-CR0-OCCT691-occt-64/drv/Extrema/Extrema_ExtCC2d.ixx
+M Extrema:pubinclude:Extrema_ECC2d.hxx /misc/dn61/LocalWOK/wok_entities/LOC/dev/CR0-OCCT691-7-CR0-OCCT691-occt-64/inc/Extrema_ECC2d.hxx
+M Extrema:derivated:Extrema_ECC2d_0.cxx /misc/dn61/LocalWOK/wok_entities/LOC/dev/CR0-OCCT691-7-CR0-OCCT691-occt-64/drv/Extrema/Extrema_ECC2d_0.cxx
+M Extrema:pubinclude:Extrema_LocateExtCC2d.hxx /misc/dn61/LocalWOK/wok_entities/LOC/dev/CR0-OCCT691-7-CR0-OCCT691-occt-64/inc/Extrema_LocateExtCC2d.hxx
+M Extrema:privinclude:Extrema_LocateExtCC2d.jxx /misc/dn61/LocalWOK/wok_entities/LOC/dev/CR0-OCCT691-7-CR0-OCCT691-occt-64/drv/Extrema/Extrema_LocateExtCC2d.jxx
+M Extrema:privinclude:Extrema_LocateExtCC2d.ixx /misc/dn61/LocalWOK/wok_entities/LOC/dev/CR0-OCCT691-7-CR0-OCCT691-occt-64/drv/Extrema/Extrema_LocateExtCC2d.ixx
+M Extrema:pubinclude:Extrema_LocECC2d.hxx /misc/dn61/LocalWOK/wok_entities/LOC/dev/CR0-OCCT691-7-CR0-OCCT691-occt-64/inc/Extrema_LocECC2d.hxx
+M Extrema:derivated:Extrema_LocECC2d_0.cxx /misc/dn61/LocalWOK/wok_entities/LOC/dev/CR0-OCCT691-7-CR0-OCCT691-occt-64/drv/Extrema/Extrema_LocECC2d_0.cxx
+M Extrema:pubinclude:Extrema_ExtCS.hxx /misc/dn61/LocalWOK/wok_entities/LOC/dev/CR0-OCCT691-7-CR0-OCCT691-occt-64/inc/Extrema_ExtCS.hxx
+M Extrema:privinclude:Extrema_ExtCS.jxx /misc/dn61/LocalWOK/wok_entities/LOC/dev/CR0-OCCT691-7-CR0-OCCT691-occt-64/drv/Extrema/Extrema_ExtCS.jxx
+M Extrema:privinclude:Extrema_ExtCS.ixx /misc/dn61/LocalWOK/wok_entities/LOC/dev/CR0-OCCT691-7-CR0-OCCT691-occt-64/drv/Extrema/Extrema_ExtCS.ixx
+M Extrema:pubinclude:Extrema_ExtSS.hxx /misc/dn61/LocalWOK/wok_entities/LOC/dev/CR0-OCCT691-7-CR0-OCCT691-occt-64/inc/Extrema_ExtSS.hxx
+M Extrema:privinclude:Extrema_ExtSS.jxx /misc/dn61/LocalWOK/wok_entities/LOC/dev/CR0-OCCT691-7-CR0-OCCT691-occt-64/drv/Extrema/Extrema_ExtSS.jxx
+M Extrema:privinclude:Extrema_ExtSS.ixx /misc/dn61/LocalWOK/wok_entities/LOC/dev/CR0-OCCT691-7-CR0-OCCT691-occt-64/drv/Extrema/Extrema_ExtSS.ixx
+M Extrema:pubinclude:Extrema_POnCurv.hxx /misc/dn61/LocalWOK/wok_entities/LOC/dev/CR0-OCCT691-7-CR0-OCCT691-occt-64/inc/Extrema_POnCurv.hxx
+M Extrema:derivated:Extrema_POnCurv_0.cxx /misc/dn61/LocalWOK/wok_entities/LOC/dev/CR0-OCCT691-7-CR0-OCCT691-occt-64/drv/Extrema/Extrema_POnCurv_0.cxx
+M Extrema:pubinclude:Extrema_POnCurv2d.hxx /misc/dn61/LocalWOK/wok_entities/LOC/dev/CR0-OCCT691-7-CR0-OCCT691-occt-64/inc/Extrema_POnCurv2d.hxx
+M Extrema:derivated:Extrema_POnCurv2d_0.cxx /misc/dn61/LocalWOK/wok_entities/LOC/dev/CR0-OCCT691-7-CR0-OCCT691-occt-64/drv/Extrema/Extrema_POnCurv2d_0.cxx
+M Extrema:pubinclude:Extrema_Array1OfPOnCurv.hxx /misc/dn61/LocalWOK/wok_entities/LOC/dev/CR0-OCCT691-7-CR0-OCCT691-occt-64/inc/Extrema_Array1OfPOnCurv.hxx
+M Extrema:derivated:Extrema_Array1OfPOnCurv_0.cxx /misc/dn61/LocalWOK/wok_entities/LOC/dev/CR0-OCCT691-7-CR0-OCCT691-occt-64/drv/Extrema/Extrema_Array1OfPOnCurv_0.cxx
+M Extrema:pubinclude:Extrema_Array2OfPOnCurv.hxx /misc/dn61/LocalWOK/wok_entities/LOC/dev/CR0-OCCT691-7-CR0-OCCT691-occt-64/inc/Extrema_Array2OfPOnCurv.hxx
+M Extrema:derivated:Extrema_Array2OfPOnCurv_0.cxx /misc/dn61/LocalWOK/wok_entities/LOC/dev/CR0-OCCT691-7-CR0-OCCT691-occt-64/drv/Extrema/Extrema_Array2OfPOnCurv_0.cxx
+M Extrema:pubinclude:Extrema_Array1OfPOnCurv2d.hxx /misc/dn61/LocalWOK/wok_entities/LOC/dev/CR0-OCCT691-7-CR0-OCCT691-occt-64/inc/Extrema_Array1OfPOnCurv2d.hxx
+M Extrema:derivated:Extrema_Array1OfPOnCurv2d_0.cxx /misc/dn61/LocalWOK/wok_entities/LOC/dev/CR0-OCCT691-7-CR0-OCCT691-occt-64/drv/Extrema/Extrema_Array1OfPOnCurv2d_0.cxx
+M Extrema:pubinclude:Extrema_Array2OfPOnCurv2d.hxx /misc/dn61/LocalWOK/wok_entities/LOC/dev/CR0-OCCT691-7-CR0-OCCT691-occt-64/inc/Extrema_Array2OfPOnCurv2d.hxx
+M Extrema:derivated:Extrema_Array2OfPOnCurv2d_0.cxx /misc/dn61/LocalWOK/wok_entities/LOC/dev/CR0-OCCT691-7-CR0-OCCT691-occt-64/drv/Extrema/Extrema_Array2OfPOnCurv2d_0.cxx
+M Extrema:pubinclude:Extrema_Array1OfPOnSurf.hxx /misc/dn61/LocalWOK/wok_entities/LOC/dev/CR0-OCCT691-7-CR0-OCCT691-occt-64/inc/Extrema_Array1OfPOnSurf.hxx
+M Extrema:derivated:Extrema_Array1OfPOnSurf_0.cxx /misc/dn61/LocalWOK/wok_entities/LOC/dev/CR0-OCCT691-7-CR0-OCCT691-occt-64/drv/Extrema/Extrema_Array1OfPOnSurf_0.cxx
+M Extrema:pubinclude:Extrema_Array2OfPOnSurf.hxx /misc/dn61/LocalWOK/wok_entities/LOC/dev/CR0-OCCT691-7-CR0-OCCT691-occt-64/inc/Extrema_Array2OfPOnSurf.hxx
+M Extrema:derivated:Extrema_Array2OfPOnSurf_0.cxx /misc/dn61/LocalWOK/wok_entities/LOC/dev/CR0-OCCT691-7-CR0-OCCT691-occt-64/drv/Extrema/Extrema_Array2OfPOnSurf_0.cxx
+M Extrema:pubinclude:Extrema_Array2OfPOnSurfParams.hxx /misc/dn61/LocalWOK/wok_entities/LOC/dev/CR0-OCCT691-7-CR0-OCCT691-occt-64/inc/Extrema_Array2OfPOnSurfParams.hxx
+M Extrema:derivated:Extrema_Array2OfPOnSurfParams_0.cxx /misc/dn61/LocalWOK/wok_entities/LOC/dev/CR0-OCCT691-7-CR0-OCCT691-occt-64/drv/Extrema/Extrema_Array2OfPOnSurfParams_0.cxx
+M Extrema:pubinclude:Handle_Extrema_HArray1OfPOnCurv.hxx /misc/dn61/LocalWOK/wok_entities/LOC/dev/CR0-OCCT691-7-CR0-OCCT691-occt-64/inc/Handle_Extrema_HArray1OfPOnCurv.hxx
+M Extrema:pubinclude:Extrema_HArray1OfPOnCurv.hxx /misc/dn61/LocalWOK/wok_entities/LOC/dev/CR0-OCCT691-7-CR0-OCCT691-occt-64/inc/Extrema_HArray1OfPOnCurv.hxx
+M Extrema:derivated:Extrema_HArray1OfPOnCurv_0.cxx /misc/dn61/LocalWOK/wok_entities/LOC/dev/CR0-OCCT691-7-CR0-OCCT691-occt-64/drv/Extrema/Extrema_HArray1OfPOnCurv_0.cxx
+M Extrema:pubinclude:Handle_Extrema_HArray2OfPOnCurv.hxx /misc/dn61/LocalWOK/wok_entities/LOC/dev/CR0-OCCT691-7-CR0-OCCT691-occt-64/inc/Handle_Extrema_HArray2OfPOnCurv.hxx
+M Extrema:pubinclude:Extrema_HArray2OfPOnCurv.hxx /misc/dn61/LocalWOK/wok_entities/LOC/dev/CR0-OCCT691-7-CR0-OCCT691-occt-64/inc/Extrema_HArray2OfPOnCurv.hxx
+M Extrema:derivated:Extrema_HArray2OfPOnCurv_0.cxx /misc/dn61/LocalWOK/wok_entities/LOC/dev/CR0-OCCT691-7-CR0-OCCT691-occt-64/drv/Extrema/Extrema_HArray2OfPOnCurv_0.cxx
+M Extrema:pubinclude:Handle_Extrema_HArray1OfPOnCurv2d.hxx /misc/dn61/LocalWOK/wok_entities/LOC/dev/CR0-OCCT691-7-CR0-OCCT691-occt-64/inc/Handle_Extrema_HArray1OfPOnCurv2d.hxx
+M Extrema:pubinclude:Extrema_HArray1OfPOnCurv2d.hxx /misc/dn61/LocalWOK/wok_entities/LOC/dev/CR0-OCCT691-7-CR0-OCCT691-occt-64/inc/Extrema_HArray1OfPOnCurv2d.hxx
+M Extrema:derivated:Extrema_HArray1OfPOnCurv2d_0.cxx /misc/dn61/LocalWOK/wok_entities/LOC/dev/CR0-OCCT691-7-CR0-OCCT691-occt-64/drv/Extrema/Extrema_HArray1OfPOnCurv2d_0.cxx
+M Extrema:pubinclude:Handle_Extrema_HArray2OfPOnCurv2d.hxx /misc/dn61/LocalWOK/wok_entities/LOC/dev/CR0-OCCT691-7-CR0-OCCT691-occt-64/inc/Handle_Extrema_HArray2OfPOnCurv2d.hxx
+M Extrema:pubinclude:Extrema_HArray2OfPOnCurv2d.hxx /misc/dn61/LocalWOK/wok_entities/LOC/dev/CR0-OCCT691-7-CR0-OCCT691-occt-64/inc/Extrema_HArray2OfPOnCurv2d.hxx
+M Extrema:derivated:Extrema_HArray2OfPOnCurv2d_0.cxx /misc/dn61/LocalWOK/wok_entities/LOC/dev/CR0-OCCT691-7-CR0-OCCT691-occt-64/drv/Extrema/Extrema_HArray2OfPOnCurv2d_0.cxx
+M Extrema:pubinclude:Handle_Extrema_HArray1OfPOnSurf.hxx /misc/dn61/LocalWOK/wok_entities/LOC/dev/CR0-OCCT691-7-CR0-OCCT691-occt-64/inc/Handle_Extrema_HArray1OfPOnSurf.hxx
+M Extrema:pubinclude:Extrema_HArray1OfPOnSurf.hxx /misc/dn61/LocalWOK/wok_entities/LOC/dev/CR0-OCCT691-7-CR0-OCCT691-occt-64/inc/Extrema_HArray1OfPOnSurf.hxx
+M Extrema:derivated:Extrema_HArray1OfPOnSurf_0.cxx /misc/dn61/LocalWOK/wok_entities/LOC/dev/CR0-OCCT691-7-CR0-OCCT691-occt-64/drv/Extrema/Extrema_HArray1OfPOnSurf_0.cxx
+M Extrema:pubinclude:Handle_Extrema_HArray2OfPOnSurf.hxx /misc/dn61/LocalWOK/wok_entities/LOC/dev/CR0-OCCT691-7-CR0-OCCT691-occt-64/inc/Handle_Extrema_HArray2OfPOnSurf.hxx
+M Extrema:pubinclude:Extrema_HArray2OfPOnSurf.hxx /misc/dn61/LocalWOK/wok_entities/LOC/dev/CR0-OCCT691-7-CR0-OCCT691-occt-64/inc/Extrema_HArray2OfPOnSurf.hxx
+M Extrema:derivated:Extrema_HArray2OfPOnSurf_0.cxx /misc/dn61/LocalWOK/wok_entities/LOC/dev/CR0-OCCT691-7-CR0-OCCT691-occt-64/drv/Extrema/Extrema_HArray2OfPOnSurf_0.cxx
+M Extrema:pubinclude:Handle_Extrema_HArray2OfPOnSurfParams.hxx /misc/dn61/LocalWOK/wok_entities/LOC/dev/CR0-OCCT691-7-CR0-OCCT691-occt-64/inc/Handle_Extrema_HArray2OfPOnSurfParams.hxx
+M Extrema:pubinclude:Extrema_HArray2OfPOnSurfParams.hxx /misc/dn61/LocalWOK/wok_entities/LOC/dev/CR0-OCCT691-7-CR0-OCCT691-occt-64/inc/Extrema_HArray2OfPOnSurfParams.hxx
+M Extrema:derivated:Extrema_HArray2OfPOnSurfParams_0.cxx /misc/dn61/LocalWOK/wok_entities/LOC/dev/CR0-OCCT691-7-CR0-OCCT691-occt-64/drv/Extrema/Extrema_HArray2OfPOnSurfParams_0.cxx
+M Extrema:pubinclude:Extrema_SequenceOfPOnCurv.hxx /misc/dn61/LocalWOK/wok_entities/LOC/dev/CR0-OCCT691-7-CR0-OCCT691-occt-64/inc/Extrema_SequenceOfPOnCurv.hxx
+M Extrema:derivated:Extrema_SequenceOfPOnCurv_0.cxx /misc/dn61/LocalWOK/wok_entities/LOC/dev/CR0-OCCT691-7-CR0-OCCT691-occt-64/drv/Extrema/Extrema_SequenceOfPOnCurv_0.cxx
+M Extrema:pubinclude:Extrema_SequenceOfPOnCurv2d.hxx /misc/dn61/LocalWOK/wok_entities/LOC/dev/CR0-OCCT691-7-CR0-OCCT691-occt-64/inc/Extrema_SequenceOfPOnCurv2d.hxx
+M Extrema:derivated:Extrema_SequenceOfPOnCurv2d_0.cxx /misc/dn61/LocalWOK/wok_entities/LOC/dev/CR0-OCCT691-7-CR0-OCCT691-occt-64/drv/Extrema/Extrema_SequenceOfPOnCurv2d_0.cxx
+M Extrema:pubinclude:Extrema_SequenceOfPOnSurf.hxx /misc/dn61/LocalWOK/wok_entities/LOC/dev/CR0-OCCT691-7-CR0-OCCT691-occt-64/inc/Extrema_SequenceOfPOnSurf.hxx
+M Extrema:derivated:Extrema_SequenceOfPOnSurf_0.cxx /misc/dn61/LocalWOK/wok_entities/LOC/dev/CR0-OCCT691-7-CR0-OCCT691-occt-64/drv/Extrema/Extrema_SequenceOfPOnSurf_0.cxx
+M Extrema:pubinclude:Extrema_ExtPC.hxx /misc/dn61/LocalWOK/wok_entities/LOC/dev/CR0-OCCT691-7-CR0-OCCT691-occt-64/inc/Extrema_ExtPC.hxx
+M Extrema:derivated:Extrema_ExtPC_0.cxx /misc/dn61/LocalWOK/wok_entities/LOC/dev/CR0-OCCT691-7-CR0-OCCT691-occt-64/drv/Extrema/Extrema_ExtPC_0.cxx
+M Extrema:pubinclude:Extrema_LocateExtPC.hxx /misc/dn61/LocalWOK/wok_entities/LOC/dev/CR0-OCCT691-7-CR0-OCCT691-occt-64/inc/Extrema_LocateExtPC.hxx
+M Extrema:derivated:Extrema_LocateExtPC_0.cxx /misc/dn61/LocalWOK/wok_entities/LOC/dev/CR0-OCCT691-7-CR0-OCCT691-occt-64/drv/Extrema/Extrema_LocateExtPC_0.cxx
+M Extrema:pubinclude:Extrema_ExtPC2d.hxx /misc/dn61/LocalWOK/wok_entities/LOC/dev/CR0-OCCT691-7-CR0-OCCT691-occt-64/inc/Extrema_ExtPC2d.hxx
+M Extrema:derivated:Extrema_ExtPC2d_0.cxx /misc/dn61/LocalWOK/wok_entities/LOC/dev/CR0-OCCT691-7-CR0-OCCT691-occt-64/drv/Extrema/Extrema_ExtPC2d_0.cxx
+M Extrema:pubinclude:Extrema_LocateExtPC2d.hxx /misc/dn61/LocalWOK/wok_entities/LOC/dev/CR0-OCCT691-7-CR0-OCCT691-occt-64/inc/Extrema_LocateExtPC2d.hxx
+M Extrema:derivated:Extrema_LocateExtPC2d_0.cxx /misc/dn61/LocalWOK/wok_entities/LOC/dev/CR0-OCCT691-7-CR0-OCCT691-occt-64/drv/Extrema/Extrema_LocateExtPC2d_0.cxx
+M Extrema:pubinclude:Handle_Extrema_SequenceNodeOfSeqPOnCOfCCLocFOfLocECC.hxx /misc/dn61/LocalWOK/wok_entities/LOC/dev/CR0-OCCT691-7-CR0-OCCT691-occt-64/inc/Handle_Extrema_SequenceNodeOfSeqPOnCOfCCLocFOfLocECC.hxx
+M Extrema:pubinclude:Extrema_SequenceNodeOfSeqPOnCOfCCLocFOfLocECC.hxx /misc/dn61/LocalWOK/wok_entities/LOC/dev/CR0-OCCT691-7-CR0-OCCT691-occt-64/inc/Extrema_SequenceNodeOfSeqPOnCOfCCLocFOfLocECC.hxx
+M Extrema:derivated:Extrema_SequenceNodeOfSeqPOnCOfCCLocFOfLocECC_0.cxx /misc/dn61/LocalWOK/wok_entities/LOC/dev/CR0-OCCT691-7-CR0-OCCT691-occt-64/drv/Extrema/Extrema_SequenceNodeOfSeqPOnCOfCCLocFOfLocECC_0.cxx
+M Extrema:pubinclude:Extrema_SeqPOnCOfCCLocFOfLocECC.hxx /misc/dn61/LocalWOK/wok_entities/LOC/dev/CR0-OCCT691-7-CR0-OCCT691-occt-64/inc/Extrema_SeqPOnCOfCCLocFOfLocECC.hxx
+M Extrema:derivated:Extrema_SeqPOnCOfCCLocFOfLocECC_0.cxx /misc/dn61/LocalWOK/wok_entities/LOC/dev/CR0-OCCT691-7-CR0-OCCT691-occt-64/drv/Extrema/Extrema_SeqPOnCOfCCLocFOfLocECC_0.cxx
+M Extrema:pubinclude:Extrema_CCLocFOfLocECC.hxx /misc/dn61/LocalWOK/wok_entities/LOC/dev/CR0-OCCT691-7-CR0-OCCT691-occt-64/inc/Extrema_CCLocFOfLocECC.hxx
+M Extrema:derivated:Extrema_CCLocFOfLocECC_0.cxx /misc/dn61/LocalWOK/wok_entities/LOC/dev/CR0-OCCT691-7-CR0-OCCT691-occt-64/drv/Extrema/Extrema_CCLocFOfLocECC_0.cxx
+M Extrema:pubinclude:Handle_Extrema_SequenceNodeOfSeqPOnCOfCCLocFOfLocECC2d.hxx /misc/dn61/LocalWOK/wok_entities/LOC/dev/CR0-OCCT691-7-CR0-OCCT691-occt-64/inc/Handle_Extrema_SequenceNodeOfSeqPOnCOfCCLocFOfLocECC2d.hxx
+M Extrema:pubinclude:Extrema_SequenceNodeOfSeqPOnCOfCCLocFOfLocECC2d.hxx /misc/dn61/LocalWOK/wok_entities/LOC/dev/CR0-OCCT691-7-CR0-OCCT691-occt-64/inc/Extrema_SequenceNodeOfSeqPOnCOfCCLocFOfLocECC2d.hxx
+M Extrema:derivated:Extrema_SequenceNodeOfSeqPOnCOfCCLocFOfLocECC2d_0.cxx /misc/dn61/LocalWOK/wok_entities/LOC/dev/CR0-OCCT691-7-CR0-OCCT691-occt-64/drv/Extrema/Extrema_SequenceNodeOfSeqPOnCOfCCLocFOfLocECC2d_0.cxx
+M Extrema:pubinclude:Extrema_SeqPOnCOfCCLocFOfLocECC2d.hxx /misc/dn61/LocalWOK/wok_entities/LOC/dev/CR0-OCCT691-7-CR0-OCCT691-occt-64/inc/Extrema_SeqPOnCOfCCLocFOfLocECC2d.hxx
+M Extrema:derivated:Extrema_SeqPOnCOfCCLocFOfLocECC2d_0.cxx /misc/dn61/LocalWOK/wok_entities/LOC/dev/CR0-OCCT691-7-CR0-OCCT691-occt-64/drv/Extrema/Extrema_SeqPOnCOfCCLocFOfLocECC2d_0.cxx
+M Extrema:pubinclude:Extrema_CCLocFOfLocECC2d.hxx /misc/dn61/LocalWOK/wok_entities/LOC/dev/CR0-OCCT691-7-CR0-OCCT691-occt-64/inc/Extrema_CCLocFOfLocECC2d.hxx
+M Extrema:derivated:Extrema_CCLocFOfLocECC2d_0.cxx /misc/dn61/LocalWOK/wok_entities/LOC/dev/CR0-OCCT691-7-CR0-OCCT691-occt-64/drv/Extrema/Extrema_CCLocFOfLocECC2d_0.cxx
+M Extrema:pubinclude:Handle_Extrema_SequenceNodeOfSequenceOfPOnCurv.hxx /misc/dn61/LocalWOK/wok_entities/LOC/dev/CR0-OCCT691-7-CR0-OCCT691-occt-64/inc/Handle_Extrema_SequenceNodeOfSequenceOfPOnCurv.hxx
+M Extrema:pubinclude:Extrema_SequenceNodeOfSequenceOfPOnCurv.hxx /misc/dn61/LocalWOK/wok_entities/LOC/dev/CR0-OCCT691-7-CR0-OCCT691-occt-64/inc/Extrema_SequenceNodeOfSequenceOfPOnCurv.hxx
+M Extrema:derivated:Extrema_SequenceNodeOfSequenceOfPOnCurv_0.cxx /misc/dn61/LocalWOK/wok_entities/LOC/dev/CR0-OCCT691-7-CR0-OCCT691-occt-64/drv/Extrema/Extrema_SequenceNodeOfSequenceOfPOnCurv_0.cxx
+M Extrema:pubinclude:Handle_Extrema_SequenceNodeOfSequenceOfPOnCurv2d.hxx /misc/dn61/LocalWOK/wok_entities/LOC/dev/CR0-OCCT691-7-CR0-OCCT691-occt-64/inc/Handle_Extrema_SequenceNodeOfSequenceOfPOnCurv2d.hxx
+M Extrema:pubinclude:Extrema_SequenceNodeOfSequenceOfPOnCurv2d.hxx /misc/dn61/LocalWOK/wok_entities/LOC/dev/CR0-OCCT691-7-CR0-OCCT691-occt-64/inc/Extrema_SequenceNodeOfSequenceOfPOnCurv2d.hxx
+M Extrema:derivated:Extrema_SequenceNodeOfSequenceOfPOnCurv2d_0.cxx /misc/dn61/LocalWOK/wok_entities/LOC/dev/CR0-OCCT691-7-CR0-OCCT691-occt-64/drv/Extrema/Extrema_SequenceNodeOfSequenceOfPOnCurv2d_0.cxx
+M Extrema:pubinclude:Handle_Extrema_SequenceNodeOfSequenceOfPOnSurf.hxx /misc/dn61/LocalWOK/wok_entities/LOC/dev/CR0-OCCT691-7-CR0-OCCT691-occt-64/inc/Handle_Extrema_SequenceNodeOfSequenceOfPOnSurf.hxx
+M Extrema:pubinclude:Extrema_SequenceNodeOfSequenceOfPOnSurf.hxx /misc/dn61/LocalWOK/wok_entities/LOC/dev/CR0-OCCT691-7-CR0-OCCT691-occt-64/inc/Extrema_SequenceNodeOfSequenceOfPOnSurf.hxx
+M Extrema:derivated:Extrema_SequenceNodeOfSequenceOfPOnSurf_0.cxx /misc/dn61/LocalWOK/wok_entities/LOC/dev/CR0-OCCT691-7-CR0-OCCT691-occt-64/drv/Extrema/Extrema_SequenceNodeOfSequenceOfPOnSurf_0.cxx
+M Extrema:pubinclude:Handle_Extrema_SequenceNodeOfSeqPCOfPCFOfEPCOfExtPC.hxx /misc/dn61/LocalWOK/wok_entities/LOC/dev/CR0-OCCT691-7-CR0-OCCT691-occt-64/inc/Handle_Extrema_SequenceNodeOfSeqPCOfPCFOfEPCOfExtPC.hxx
+M Extrema:pubinclude:Extrema_SequenceNodeOfSeqPCOfPCFOfEPCOfExtPC.hxx /misc/dn61/LocalWOK/wok_entities/LOC/dev/CR0-OCCT691-7-CR0-OCCT691-occt-64/inc/Extrema_SequenceNodeOfSeqPCOfPCFOfEPCOfExtPC.hxx
+M Extrema:derivated:Extrema_SequenceNodeOfSeqPCOfPCFOfEPCOfExtPC_0.cxx /misc/dn61/LocalWOK/wok_entities/LOC/dev/CR0-OCCT691-7-CR0-OCCT691-occt-64/drv/Extrema/Extrema_SequenceNodeOfSeqPCOfPCFOfEPCOfExtPC_0.cxx
+M Extrema:pubinclude:Extrema_SeqPCOfPCFOfEPCOfExtPC.hxx /misc/dn61/LocalWOK/wok_entities/LOC/dev/CR0-OCCT691-7-CR0-OCCT691-occt-64/inc/Extrema_SeqPCOfPCFOfEPCOfExtPC.hxx
+M Extrema:derivated:Extrema_SeqPCOfPCFOfEPCOfExtPC_0.cxx /misc/dn61/LocalWOK/wok_entities/LOC/dev/CR0-OCCT691-7-CR0-OCCT691-occt-64/drv/Extrema/Extrema_SeqPCOfPCFOfEPCOfExtPC_0.cxx
+M Extrema:pubinclude:Extrema_PCFOfEPCOfExtPC.hxx /misc/dn61/LocalWOK/wok_entities/LOC/dev/CR0-OCCT691-7-CR0-OCCT691-occt-64/inc/Extrema_PCFOfEPCOfExtPC.hxx
+M Extrema:derivated:Extrema_PCFOfEPCOfExtPC_0.cxx /misc/dn61/LocalWOK/wok_entities/LOC/dev/CR0-OCCT691-7-CR0-OCCT691-occt-64/drv/Extrema/Extrema_PCFOfEPCOfExtPC_0.cxx
+M Extrema:pubinclude:Extrema_EPCOfExtPC.hxx /misc/dn61/LocalWOK/wok_entities/LOC/dev/CR0-OCCT691-7-CR0-OCCT691-occt-64/inc/Extrema_EPCOfExtPC.hxx
+M Extrema:derivated:Extrema_EPCOfExtPC_0.cxx /misc/dn61/LocalWOK/wok_entities/LOC/dev/CR0-OCCT691-7-CR0-OCCT691-occt-64/drv/Extrema/Extrema_EPCOfExtPC_0.cxx
+M Extrema:pubinclude:Handle_Extrema_SequenceNodeOfSeqPCOfPCFOfEPCOfELPCOfLocateExtPC.hxx /misc/dn61/LocalWOK/wok_entities/LOC/dev/CR0-OCCT691-7-CR0-OCCT691-occt-64/inc/Handle_Extrema_SequenceNodeOfSeqPCOfPCFOfEPCOfELPCOfLocateExtPC.hxx
+M Extrema:pubinclude:Extrema_SequenceNodeOfSeqPCOfPCFOfEPCOfELPCOfLocateExtPC.hxx /misc/dn61/LocalWOK/wok_entities/LOC/dev/CR0-OCCT691-7-CR0-OCCT691-occt-64/inc/Extrema_SequenceNodeOfSeqPCOfPCFOfEPCOfELPCOfLocateExtPC.hxx
+M Extrema:derivated:Extrema_SequenceNodeOfSeqPCOfPCFOfEPCOfELPCOfLocateExtPC_0.cxx /misc/dn61/LocalWOK/wok_entities/LOC/dev/CR0-OCCT691-7-CR0-OCCT691-occt-64/drv/Extrema/Extrema_SequenceNodeOfSeqPCOfPCFOfEPCOfELPCOfLocateExtPC_0.cxx
+M Extrema:pubinclude:Extrema_SeqPCOfPCFOfEPCOfELPCOfLocateExtPC.hxx /misc/dn61/LocalWOK/wok_entities/LOC/dev/CR0-OCCT691-7-CR0-OCCT691-occt-64/inc/Extrema_SeqPCOfPCFOfEPCOfELPCOfLocateExtPC.hxx
+M Extrema:derivated:Extrema_SeqPCOfPCFOfEPCOfELPCOfLocateExtPC_0.cxx /misc/dn61/LocalWOK/wok_entities/LOC/dev/CR0-OCCT691-7-CR0-OCCT691-occt-64/drv/Extrema/Extrema_SeqPCOfPCFOfEPCOfELPCOfLocateExtPC_0.cxx
+M Extrema:pubinclude:Extrema_PCFOfEPCOfELPCOfLocateExtPC.hxx /misc/dn61/LocalWOK/wok_entities/LOC/dev/CR0-OCCT691-7-CR0-OCCT691-occt-64/inc/Extrema_PCFOfEPCOfELPCOfLocateExtPC.hxx
+M Extrema:derivated:Extrema_PCFOfEPCOfELPCOfLocateExtPC_0.cxx /misc/dn61/LocalWOK/wok_entities/LOC/dev/CR0-OCCT691-7-CR0-OCCT691-occt-64/drv/Extrema/Extrema_PCFOfEPCOfELPCOfLocateExtPC_0.cxx
+M Extrema:pubinclude:Extrema_EPCOfELPCOfLocateExtPC.hxx /misc/dn61/LocalWOK/wok_entities/LOC/dev/CR0-OCCT691-7-CR0-OCCT691-occt-64/inc/Extrema_EPCOfELPCOfLocateExtPC.hxx
+M Extrema:derivated:Extrema_EPCOfELPCOfLocateExtPC_0.cxx /misc/dn61/LocalWOK/wok_entities/LOC/dev/CR0-OCCT691-7-CR0-OCCT691-occt-64/drv/Extrema/Extrema_EPCOfELPCOfLocateExtPC_0.cxx
+M Extrema:pubinclude:Extrema_ELPCOfLocateExtPC.hxx /misc/dn61/LocalWOK/wok_entities/LOC/dev/CR0-OCCT691-7-CR0-OCCT691-occt-64/inc/Extrema_ELPCOfLocateExtPC.hxx
+M Extrema:derivated:Extrema_ELPCOfLocateExtPC_0.cxx /misc/dn61/LocalWOK/wok_entities/LOC/dev/CR0-OCCT691-7-CR0-OCCT691-occt-64/drv/Extrema/Extrema_ELPCOfLocateExtPC_0.cxx
+M Extrema:pubinclude:Handle_Extrema_SequenceNodeOfSeqPCOfPCLocFOfLocEPCOfLocateExtPC.hxx /misc/dn61/LocalWOK/wok_entities/LOC/dev/CR0-OCCT691-7-CR0-OCCT691-occt-64/inc/Handle_Extrema_SequenceNodeOfSeqPCOfPCLocFOfLocEPCOfLocateExtPC.hxx
+M Extrema:pubinclude:Extrema_SequenceNodeOfSeqPCOfPCLocFOfLocEPCOfLocateExtPC.hxx /misc/dn61/LocalWOK/wok_entities/LOC/dev/CR0-OCCT691-7-CR0-OCCT691-occt-64/inc/Extrema_SequenceNodeOfSeqPCOfPCLocFOfLocEPCOfLocateExtPC.hxx
+M Extrema:derivated:Extrema_SequenceNodeOfSeqPCOfPCLocFOfLocEPCOfLocateExtPC_0.cxx /misc/dn61/LocalWOK/wok_entities/LOC/dev/CR0-OCCT691-7-CR0-OCCT691-occt-64/drv/Extrema/Extrema_SequenceNodeOfSeqPCOfPCLocFOfLocEPCOfLocateExtPC_0.cxx
+M Extrema:pubinclude:Extrema_SeqPCOfPCLocFOfLocEPCOfLocateExtPC.hxx /misc/dn61/LocalWOK/wok_entities/LOC/dev/CR0-OCCT691-7-CR0-OCCT691-occt-64/inc/Extrema_SeqPCOfPCLocFOfLocEPCOfLocateExtPC.hxx
+M Extrema:derivated:Extrema_SeqPCOfPCLocFOfLocEPCOfLocateExtPC_0.cxx /misc/dn61/LocalWOK/wok_entities/LOC/dev/CR0-OCCT691-7-CR0-OCCT691-occt-64/drv/Extrema/Extrema_SeqPCOfPCLocFOfLocEPCOfLocateExtPC_0.cxx
+M Extrema:pubinclude:Extrema_PCLocFOfLocEPCOfLocateExtPC.hxx /misc/dn61/LocalWOK/wok_entities/LOC/dev/CR0-OCCT691-7-CR0-OCCT691-occt-64/inc/Extrema_PCLocFOfLocEPCOfLocateExtPC.hxx
+M Extrema:derivated:Extrema_PCLocFOfLocEPCOfLocateExtPC_0.cxx /misc/dn61/LocalWOK/wok_entities/LOC/dev/CR0-OCCT691-7-CR0-OCCT691-occt-64/drv/Extrema/Extrema_PCLocFOfLocEPCOfLocateExtPC_0.cxx
+M Extrema:pubinclude:Extrema_LocEPCOfLocateExtPC.hxx /misc/dn61/LocalWOK/wok_entities/LOC/dev/CR0-OCCT691-7-CR0-OCCT691-occt-64/inc/Extrema_LocEPCOfLocateExtPC.hxx
+M Extrema:derivated:Extrema_LocEPCOfLocateExtPC_0.cxx /misc/dn61/LocalWOK/wok_entities/LOC/dev/CR0-OCCT691-7-CR0-OCCT691-occt-64/drv/Extrema/Extrema_LocEPCOfLocateExtPC_0.cxx
+M Extrema:pubinclude:Handle_Extrema_SequenceNodeOfSeqPCOfPCFOfEPCOfExtPC2d.hxx /misc/dn61/LocalWOK/wok_entities/LOC/dev/CR0-OCCT691-7-CR0-OCCT691-occt-64/inc/Handle_Extrema_SequenceNodeOfSeqPCOfPCFOfEPCOfExtPC2d.hxx
+M Extrema:pubinclude:Extrema_SequenceNodeOfSeqPCOfPCFOfEPCOfExtPC2d.hxx /misc/dn61/LocalWOK/wok_entities/LOC/dev/CR0-OCCT691-7-CR0-OCCT691-occt-64/inc/Extrema_SequenceNodeOfSeqPCOfPCFOfEPCOfExtPC2d.hxx
+M Extrema:derivated:Extrema_SequenceNodeOfSeqPCOfPCFOfEPCOfExtPC2d_0.cxx /misc/dn61/LocalWOK/wok_entities/LOC/dev/CR0-OCCT691-7-CR0-OCCT691-occt-64/drv/Extrema/Extrema_SequenceNodeOfSeqPCOfPCFOfEPCOfExtPC2d_0.cxx
+M Extrema:pubinclude:Extrema_SeqPCOfPCFOfEPCOfExtPC2d.hxx /misc/dn61/LocalWOK/wok_entities/LOC/dev/CR0-OCCT691-7-CR0-OCCT691-occt-64/inc/Extrema_SeqPCOfPCFOfEPCOfExtPC2d.hxx
+M Extrema:derivated:Extrema_SeqPCOfPCFOfEPCOfExtPC2d_0.cxx /misc/dn61/LocalWOK/wok_entities/LOC/dev/CR0-OCCT691-7-CR0-OCCT691-occt-64/drv/Extrema/Extrema_SeqPCOfPCFOfEPCOfExtPC2d_0.cxx
+M Extrema:pubinclude:Extrema_PCFOfEPCOfExtPC2d.hxx /misc/dn61/LocalWOK/wok_entities/LOC/dev/CR0-OCCT691-7-CR0-OCCT691-occt-64/inc/Extrema_PCFOfEPCOfExtPC2d.hxx
+M Extrema:derivated:Extrema_PCFOfEPCOfExtPC2d_0.cxx /misc/dn61/LocalWOK/wok_entities/LOC/dev/CR0-OCCT691-7-CR0-OCCT691-occt-64/drv/Extrema/Extrema_PCFOfEPCOfExtPC2d_0.cxx
+M Extrema:pubinclude:Extrema_EPCOfExtPC2d.hxx /misc/dn61/LocalWOK/wok_entities/LOC/dev/CR0-OCCT691-7-CR0-OCCT691-occt-64/inc/Extrema_EPCOfExtPC2d.hxx
+M Extrema:derivated:Extrema_EPCOfExtPC2d_0.cxx /misc/dn61/LocalWOK/wok_entities/LOC/dev/CR0-OCCT691-7-CR0-OCCT691-occt-64/drv/Extrema/Extrema_EPCOfExtPC2d_0.cxx
+M Extrema:pubinclude:Handle_Extrema_SequenceNodeOfSeqPCOfPCFOfEPCOfELPCOfLocateExtPC2d.hxx /misc/dn61/LocalWOK/wok_entities/LOC/dev/CR0-OCCT691-7-CR0-OCCT691-occt-64/inc/Handle_Extrema_SequenceNodeOfSeqPCOfPCFOfEPCOfELPCOfLocateExtPC2d.hxx
+M Extrema:pubinclude:Extrema_SequenceNodeOfSeqPCOfPCFOfEPCOfELPCOfLocateExtPC2d.hxx /misc/dn61/LocalWOK/wok_entities/LOC/dev/CR0-OCCT691-7-CR0-OCCT691-occt-64/inc/Extrema_SequenceNodeOfSeqPCOfPCFOfEPCOfELPCOfLocateExtPC2d.hxx
+M Extrema:derivated:Extrema_SequenceNodeOfSeqPCOfPCFOfEPCOfELPCOfLocateExtPC2d_0.cxx /misc/dn61/LocalWOK/wok_entities/LOC/dev/CR0-OCCT691-7-CR0-OCCT691-occt-64/drv/Extrema/Extrema_SequenceNodeOfSeqPCOfPCFOfEPCOfELPCOfLocateExtPC2d_0.cxx
+M Extrema:pubinclude:Extrema_SeqPCOfPCFOfEPCOfELPCOfLocateExtPC2d.hxx /misc/dn61/LocalWOK/wok_entities/LOC/dev/CR0-OCCT691-7-CR0-OCCT691-occt-64/inc/Extrema_SeqPCOfPCFOfEPCOfELPCOfLocateExtPC2d.hxx
+M Extrema:derivated:Extrema_SeqPCOfPCFOfEPCOfELPCOfLocateExtPC2d_0.cxx /misc/dn61/LocalWOK/wok_entities/LOC/dev/CR0-OCCT691-7-CR0-OCCT691-occt-64/drv/Extrema/Extrema_SeqPCOfPCFOfEPCOfELPCOfLocateExtPC2d_0.cxx
+M Extrema:pubinclude:Extrema_PCFOfEPCOfELPCOfLocateExtPC2d.hxx /misc/dn61/LocalWOK/wok_entities/LOC/dev/CR0-OCCT691-7-CR0-OCCT691-occt-64/inc/Extrema_PCFOfEPCOfELPCOfLocateExtPC2d.hxx
+M Extrema:derivated:Extrema_PCFOfEPCOfELPCOfLocateExtPC2d_0.cxx /misc/dn61/LocalWOK/wok_entities/LOC/dev/CR0-OCCT691-7-CR0-OCCT691-occt-64/drv/Extrema/Extrema_PCFOfEPCOfELPCOfLocateExtPC2d_0.cxx
+M Extrema:pubinclude:Extrema_EPCOfELPCOfLocateExtPC2d.hxx /misc/dn61/LocalWOK/wok_entities/LOC/dev/CR0-OCCT691-7-CR0-OCCT691-occt-64/inc/Extrema_EPCOfELPCOfLocateExtPC2d.hxx
+M Extrema:derivated:Extrema_EPCOfELPCOfLocateExtPC2d_0.cxx /misc/dn61/LocalWOK/wok_entities/LOC/dev/CR0-OCCT691-7-CR0-OCCT691-occt-64/drv/Extrema/Extrema_EPCOfELPCOfLocateExtPC2d_0.cxx
+M Extrema:pubinclude:Extrema_ELPCOfLocateExtPC2d.hxx /misc/dn61/LocalWOK/wok_entities/LOC/dev/CR0-OCCT691-7-CR0-OCCT691-occt-64/inc/Extrema_ELPCOfLocateExtPC2d.hxx
+M Extrema:derivated:Extrema_ELPCOfLocateExtPC2d_0.cxx /misc/dn61/LocalWOK/wok_entities/LOC/dev/CR0-OCCT691-7-CR0-OCCT691-occt-64/drv/Extrema/Extrema_ELPCOfLocateExtPC2d_0.cxx
+M Extrema:pubinclude:Handle_Extrema_SequenceNodeOfSeqPCOfPCLocFOfLocEPCOfLocateExtPC2d.hxx /misc/dn61/LocalWOK/wok_entities/LOC/dev/CR0-OCCT691-7-CR0-OCCT691-occt-64/inc/Handle_Extrema_SequenceNodeOfSeqPCOfPCLocFOfLocEPCOfLocateExtPC2d.hxx
+M Extrema:pubinclude:Extrema_SequenceNodeOfSeqPCOfPCLocFOfLocEPCOfLocateExtPC2d.hxx /misc/dn61/LocalWOK/wok_entities/LOC/dev/CR0-OCCT691-7-CR0-OCCT691-occt-64/inc/Extrema_SequenceNodeOfSeqPCOfPCLocFOfLocEPCOfLocateExtPC2d.hxx
+M Extrema:derivated:Extrema_SequenceNodeOfSeqPCOfPCLocFOfLocEPCOfLocateExtPC2d_0.cxx /misc/dn61/LocalWOK/wok_entities/LOC/dev/CR0-OCCT691-7-CR0-OCCT691-occt-64/drv/Extrema/Extrema_SequenceNodeOfSeqPCOfPCLocFOfLocEPCOfLocateExtPC2d_0.cxx
+M Extrema:pubinclude:Extrema_SeqPCOfPCLocFOfLocEPCOfLocateExtPC2d.hxx /misc/dn61/LocalWOK/wok_entities/LOC/dev/CR0-OCCT691-7-CR0-OCCT691-occt-64/inc/Extrema_SeqPCOfPCLocFOfLocEPCOfLocateExtPC2d.hxx
+M Extrema:derivated:Extrema_SeqPCOfPCLocFOfLocEPCOfLocateExtPC2d_0.cxx /misc/dn61/LocalWOK/wok_entities/LOC/dev/CR0-OCCT691-7-CR0-OCCT691-occt-64/drv/Extrema/Extrema_SeqPCOfPCLocFOfLocEPCOfLocateExtPC2d_0.cxx
+M Extrema:pubinclude:Extrema_PCLocFOfLocEPCOfLocateExtPC2d.hxx /misc/dn61/LocalWOK/wok_entities/LOC/dev/CR0-OCCT691-7-CR0-OCCT691-occt-64/inc/Extrema_PCLocFOfLocEPCOfLocateExtPC2d.hxx
+M Extrema:derivated:Extrema_PCLocFOfLocEPCOfLocateExtPC2d_0.cxx /misc/dn61/LocalWOK/wok_entities/LOC/dev/CR0-OCCT691-7-CR0-OCCT691-occt-64/drv/Extrema/Extrema_PCLocFOfLocEPCOfLocateExtPC2d_0.cxx
+M Extrema:pubinclude:Extrema_LocEPCOfLocateExtPC2d.hxx /misc/dn61/LocalWOK/wok_entities/LOC/dev/CR0-OCCT691-7-CR0-OCCT691-occt-64/inc/Extrema_LocEPCOfLocateExtPC2d.hxx
+M Extrema:derivated:Extrema_LocEPCOfLocateExtPC2d_0.cxx /misc/dn61/LocalWOK/wok_entities/LOC/dev/CR0-OCCT691-7-CR0-OCCT691-occt-64/drv/Extrema/Extrema_LocEPCOfLocateExtPC2d_0.cxx
+M Extrema:pubinclude:Extrema_ExtFlag.hxx /misc/dn61/LocalWOK/wok_entities/LOC/dev/CR0-OCCT691-7-CR0-OCCT691-occt-64/inc/Extrema_ExtFlag.hxx
+M Extrema:pubinclude:Extrema_ExtAlgo.hxx /misc/dn61/LocalWOK/wok_entities/LOC/dev/CR0-OCCT691-7-CR0-OCCT691-occt-64/inc/Extrema_ExtAlgo.hxx
+M Extrema:pubinclude:Extrema_ElementType.hxx /misc/dn61/LocalWOK/wok_entities/LOC/dev/CR0-OCCT691-7-CR0-OCCT691-occt-64/inc/Extrema_ElementType.hxx
+M Extrema:dbadmfile:Extrema_xcpp_header.In /misc/dn61/LocalWOK/wok_entities/LOC/dev/CR0-OCCT691-7-CR0-OCCT691-occt-64/drv/Extrema/.adm/Extrema_xcpp_header.In
+M Extrema:dbadmfile:Extrema_xcpp_header.Out /misc/dn61/LocalWOK/wok_entities/LOC/dev/CR0-OCCT691-7-CR0-OCCT691-occt-64/drv/Extrema/.adm/Extrema_xcpp_header.Out
+M Extrema:dbadmfile:Extrema_xcpp_header.Dep /misc/dn61/LocalWOK/wok_entities/LOC/dev/CR0-OCCT691-7-CR0-OCCT691-occt-64/drv/Extrema/.adm/Extrema_xcpp_header.Dep
