+M STEPCAFControl:pubinclude:STEPCAFControl_Reader.hxx /misc/dn61/LocalWOK/wok_entities/LOC/dev/CR0-OCCT691-7-CR0-OCCT691-occt-64/inc/STEPCAFControl_Reader.hxx
+M STEPCAFControl:privinclude:STEPCAFControl_Reader.jxx /misc/dn61/LocalWOK/wok_entities/LOC/dev/CR0-OCCT691-7-CR0-OCCT691-occt-64/drv/STEPCAFControl/STEPCAFControl_Reader.jxx
+M STEPCAFControl:privinclude:STEPCAFControl_Reader.ixx /misc/dn61/LocalWOK/wok_entities/LOC/dev/CR0-OCCT691-7-CR0-OCCT691-occt-64/drv/STEPCAFControl/STEPCAFControl_Reader.ixx
+M STEPCAFControl:pubinclude:STEPCAFControl_Writer.hxx /misc/dn61/LocalWOK/wok_entities/LOC/dev/CR0-OCCT691-7-CR0-OCCT691-occt-64/inc/STEPCAFControl_Writer.hxx
+M STEPCAFControl:privinclude:STEPCAFControl_Writer.jxx /misc/dn61/LocalWOK/wok_entities/LOC/dev/CR0-OCCT691-7-CR0-OCCT691-occt-64/drv/STEPCAFControl/STEPCAFControl_Writer.jxx
+M STEPCAFControl:privinclude:STEPCAFControl_Writer.ixx /misc/dn61/LocalWOK/wok_entities/LOC/dev/CR0-OCCT691-7-CR0-OCCT691-occt-64/drv/STEPCAFControl/STEPCAFControl_Writer.ixx
+M STEPCAFControl:pubinclude:Handle_STEPCAFControl_ExternFile.hxx /misc/dn61/LocalWOK/wok_entities/LOC/dev/CR0-OCCT691-7-CR0-OCCT691-occt-64/inc/Handle_STEPCAFControl_ExternFile.hxx
+M STEPCAFControl:pubinclude:STEPCAFControl_ExternFile.hxx /misc/dn61/LocalWOK/wok_entities/LOC/dev/CR0-OCCT691-7-CR0-OCCT691-occt-64/inc/STEPCAFControl_ExternFile.hxx
+M STEPCAFControl:privinclude:STEPCAFControl_ExternFile.jxx /misc/dn61/LocalWOK/wok_entities/LOC/dev/CR0-OCCT691-7-CR0-OCCT691-occt-64/drv/STEPCAFControl/STEPCAFControl_ExternFile.jxx
+M STEPCAFControl:privinclude:STEPCAFControl_ExternFile.ixx /misc/dn61/LocalWOK/wok_entities/LOC/dev/CR0-OCCT691-7-CR0-OCCT691-occt-64/drv/STEPCAFControl/STEPCAFControl_ExternFile.ixx
+M STEPCAFControl:pubinclude:Handle_STEPCAFControl_ActorWrite.hxx /misc/dn61/LocalWOK/wok_entities/LOC/dev/CR0-OCCT691-7-CR0-OCCT691-occt-64/inc/Handle_STEPCAFControl_ActorWrite.hxx
+M STEPCAFControl:pubinclude:STEPCAFControl_ActorWrite.hxx /misc/dn61/LocalWOK/wok_entities/LOC/dev/CR0-OCCT691-7-CR0-OCCT691-occt-64/inc/STEPCAFControl_ActorWrite.hxx
+M STEPCAFControl:privinclude:STEPCAFControl_ActorWrite.jxx /misc/dn61/LocalWOK/wok_entities/LOC/dev/CR0-OCCT691-7-CR0-OCCT691-occt-64/drv/STEPCAFControl/STEPCAFControl_ActorWrite.jxx
+M STEPCAFControl:privinclude:STEPCAFControl_ActorWrite.ixx /misc/dn61/LocalWOK/wok_entities/LOC/dev/CR0-OCCT691-7-CR0-OCCT691-occt-64/drv/STEPCAFControl/STEPCAFControl_ActorWrite.ixx
+M STEPCAFControl:pubinclude:Handle_STEPCAFControl_Controller.hxx /misc/dn61/LocalWOK/wok_entities/LOC/dev/CR0-OCCT691-7-CR0-OCCT691-occt-64/inc/Handle_STEPCAFControl_Controller.hxx
+M STEPCAFControl:pubinclude:STEPCAFControl_Controller.hxx /misc/dn61/LocalWOK/wok_entities/LOC/dev/CR0-OCCT691-7-CR0-OCCT691-occt-64/inc/STEPCAFControl_Controller.hxx
+M STEPCAFControl:privinclude:STEPCAFControl_Controller.jxx /misc/dn61/LocalWOK/wok_entities/LOC/dev/CR0-OCCT691-7-CR0-OCCT691-occt-64/drv/STEPCAFControl/STEPCAFControl_Controller.jxx
+M STEPCAFControl:privinclude:STEPCAFControl_Controller.ixx /misc/dn61/LocalWOK/wok_entities/LOC/dev/CR0-OCCT691-7-CR0-OCCT691-occt-64/drv/STEPCAFControl/STEPCAFControl_Controller.ixx
+M STEPCAFControl:pubinclude:Handle_STEPCAFControl_DictionaryOfExternFile.hxx /misc/dn61/LocalWOK/wok_entities/LOC/dev/CR0-OCCT691-7-CR0-OCCT691-occt-64/inc/Handle_STEPCAFControl_DictionaryOfExternFile.hxx
+M STEPCAFControl:pubinclude:STEPCAFControl_DictionaryOfExternFile.hxx /misc/dn61/LocalWOK/wok_entities/LOC/dev/CR0-OCCT691-7-CR0-OCCT691-occt-64/inc/STEPCAFControl_DictionaryOfExternFile.hxx
+M STEPCAFControl:derivated:STEPCAFControl_DictionaryOfExternFile_0.cxx /misc/dn61/LocalWOK/wok_entities/LOC/dev/CR0-OCCT691-7-CR0-OCCT691-occt-64/drv/STEPCAFControl/STEPCAFControl_DictionaryOfExternFile_0.cxx
+M STEPCAFControl:pubinclude:STEPCAFControl_DataMapOfShapeSDR.hxx /misc/dn61/LocalWOK/wok_entities/LOC/dev/CR0-OCCT691-7-CR0-OCCT691-occt-64/inc/STEPCAFControl_DataMapOfShapeSDR.hxx
+M STEPCAFControl:derivated:STEPCAFControl_DataMapOfShapeSDR_0.cxx /misc/dn61/LocalWOK/wok_entities/LOC/dev/CR0-OCCT691-7-CR0-OCCT691-occt-64/drv/STEPCAFControl/STEPCAFControl_DataMapOfShapeSDR_0.cxx
+M STEPCAFControl:pubinclude:STEPCAFControl_DataMapOfShapePD.hxx /misc/dn61/LocalWOK/wok_entities/LOC/dev/CR0-OCCT691-7-CR0-OCCT691-occt-64/inc/STEPCAFControl_DataMapOfShapePD.hxx
+M STEPCAFControl:derivated:STEPCAFControl_DataMapOfShapePD_0.cxx /misc/dn61/LocalWOK/wok_entities/LOC/dev/CR0-OCCT691-7-CR0-OCCT691-occt-64/drv/STEPCAFControl/STEPCAFControl_DataMapOfShapePD_0.cxx
+M STEPCAFControl:pubinclude:STEPCAFControl_DataMapOfSDRExternFile.hxx /misc/dn61/LocalWOK/wok_entities/LOC/dev/CR0-OCCT691-7-CR0-OCCT691-occt-64/inc/STEPCAFControl_DataMapOfSDRExternFile.hxx
+M STEPCAFControl:derivated:STEPCAFControl_DataMapOfSDRExternFile_0.cxx /misc/dn61/LocalWOK/wok_entities/LOC/dev/CR0-OCCT691-7-CR0-OCCT691-occt-64/drv/STEPCAFControl/STEPCAFControl_DataMapOfSDRExternFile_0.cxx
+M STEPCAFControl:pubinclude:STEPCAFControl_DataMapOfPDExternFile.hxx /misc/dn61/LocalWOK/wok_entities/LOC/dev/CR0-OCCT691-7-CR0-OCCT691-occt-64/inc/STEPCAFControl_DataMapOfPDExternFile.hxx
+M STEPCAFControl:derivated:STEPCAFControl_DataMapOfPDExternFile_0.cxx /misc/dn61/LocalWOK/wok_entities/LOC/dev/CR0-OCCT691-7-CR0-OCCT691-occt-64/drv/STEPCAFControl/STEPCAFControl_DataMapOfPDExternFile_0.cxx
+M STEPCAFControl:pubinclude:STEPCAFControl_DataMapOfLabelShape.hxx /misc/dn61/LocalWOK/wok_entities/LOC/dev/CR0-OCCT691-7-CR0-OCCT691-occt-64/inc/STEPCAFControl_DataMapOfLabelShape.hxx
+M STEPCAFControl:derivated:STEPCAFControl_DataMapOfLabelShape_0.cxx /misc/dn61/LocalWOK/wok_entities/LOC/dev/CR0-OCCT691-7-CR0-OCCT691-occt-64/drv/STEPCAFControl/STEPCAFControl_DataMapOfLabelShape_0.cxx
+M STEPCAFControl:pubinclude:STEPCAFControl_DataMapOfLabelExternFile.hxx /misc/dn61/LocalWOK/wok_entities/LOC/dev/CR0-OCCT691-7-CR0-OCCT691-occt-64/inc/STEPCAFControl_DataMapOfLabelExternFile.hxx
+M STEPCAFControl:derivated:STEPCAFControl_DataMapOfLabelExternFile_0.cxx /misc/dn61/LocalWOK/wok_entities/LOC/dev/CR0-OCCT691-7-CR0-OCCT691-occt-64/drv/STEPCAFControl/STEPCAFControl_DataMapOfLabelExternFile_0.cxx
+M STEPCAFControl:pubinclude:STEPCAFControl_IteratorOfDictionaryOfExternFile.hxx /misc/dn61/LocalWOK/wok_entities/LOC/dev/CR0-OCCT691-7-CR0-OCCT691-occt-64/inc/STEPCAFControl_IteratorOfDictionaryOfExternFile.hxx
+M STEPCAFControl:derivated:STEPCAFControl_IteratorOfDictionaryOfExternFile_0.cxx /misc/dn61/LocalWOK/wok_entities/LOC/dev/CR0-OCCT691-7-CR0-OCCT691-occt-64/drv/STEPCAFControl/STEPCAFControl_IteratorOfDictionaryOfExternFile_0.cxx
+M STEPCAFControl:pubinclude:Handle_STEPCAFControl_StackItemOfDictionaryOfExternFile.hxx /misc/dn61/LocalWOK/wok_entities/LOC/dev/CR0-OCCT691-7-CR0-OCCT691-occt-64/inc/Handle_STEPCAFControl_StackItemOfDictionaryOfExternFile.hxx
+M STEPCAFControl:pubinclude:STEPCAFControl_StackItemOfDictionaryOfExternFile.hxx /misc/dn61/LocalWOK/wok_entities/LOC/dev/CR0-OCCT691-7-CR0-OCCT691-occt-64/inc/STEPCAFControl_StackItemOfDictionaryOfExternFile.hxx
+M STEPCAFControl:derivated:STEPCAFControl_StackItemOfDictionaryOfExternFile_0.cxx /misc/dn61/LocalWOK/wok_entities/LOC/dev/CR0-OCCT691-7-CR0-OCCT691-occt-64/drv/STEPCAFControl/STEPCAFControl_StackItemOfDictionaryOfExternFile_0.cxx
+M STEPCAFControl:pubinclude:Handle_STEPCAFControl_DataMapNodeOfDataMapOfShapeSDR.hxx /misc/dn61/LocalWOK/wok_entities/LOC/dev/CR0-OCCT691-7-CR0-OCCT691-occt-64/inc/Handle_STEPCAFControl_DataMapNodeOfDataMapOfShapeSDR.hxx
+M STEPCAFControl:pubinclude:STEPCAFControl_DataMapNodeOfDataMapOfShapeSDR.hxx /misc/dn61/LocalWOK/wok_entities/LOC/dev/CR0-OCCT691-7-CR0-OCCT691-occt-64/inc/STEPCAFControl_DataMapNodeOfDataMapOfShapeSDR.hxx
+M STEPCAFControl:derivated:STEPCAFControl_DataMapNodeOfDataMapOfShapeSDR_0.cxx /misc/dn61/LocalWOK/wok_entities/LOC/dev/CR0-OCCT691-7-CR0-OCCT691-occt-64/drv/STEPCAFControl/STEPCAFControl_DataMapNodeOfDataMapOfShapeSDR_0.cxx
+M STEPCAFControl:pubinclude:STEPCAFControl_DataMapIteratorOfDataMapOfShapeSDR.hxx /misc/dn61/LocalWOK/wok_entities/LOC/dev/CR0-OCCT691-7-CR0-OCCT691-occt-64/inc/STEPCAFControl_DataMapIteratorOfDataMapOfShapeSDR.hxx
+M STEPCAFControl:derivated:STEPCAFControl_DataMapIteratorOfDataMapOfShapeSDR_0.cxx /misc/dn61/LocalWOK/wok_entities/LOC/dev/CR0-OCCT691-7-CR0-OCCT691-occt-64/drv/STEPCAFControl/STEPCAFControl_DataMapIteratorOfDataMapOfShapeSDR_0.cxx
+M STEPCAFControl:pubinclude:Handle_STEPCAFControl_DataMapNodeOfDataMapOfShapePD.hxx /misc/dn61/LocalWOK/wok_entities/LOC/dev/CR0-OCCT691-7-CR0-OCCT691-occt-64/inc/Handle_STEPCAFControl_DataMapNodeOfDataMapOfShapePD.hxx
+M STEPCAFControl:pubinclude:STEPCAFControl_DataMapNodeOfDataMapOfShapePD.hxx /misc/dn61/LocalWOK/wok_entities/LOC/dev/CR0-OCCT691-7-CR0-OCCT691-occt-64/inc/STEPCAFControl_DataMapNodeOfDataMapOfShapePD.hxx
+M STEPCAFControl:derivated:STEPCAFControl_DataMapNodeOfDataMapOfShapePD_0.cxx /misc/dn61/LocalWOK/wok_entities/LOC/dev/CR0-OCCT691-7-CR0-OCCT691-occt-64/drv/STEPCAFControl/STEPCAFControl_DataMapNodeOfDataMapOfShapePD_0.cxx
+M STEPCAFControl:pubinclude:STEPCAFControl_DataMapIteratorOfDataMapOfShapePD.hxx /misc/dn61/LocalWOK/wok_entities/LOC/dev/CR0-OCCT691-7-CR0-OCCT691-occt-64/inc/STEPCAFControl_DataMapIteratorOfDataMapOfShapePD.hxx
+M STEPCAFControl:derivated:STEPCAFControl_DataMapIteratorOfDataMapOfShapePD_0.cxx /misc/dn61/LocalWOK/wok_entities/LOC/dev/CR0-OCCT691-7-CR0-OCCT691-occt-64/drv/STEPCAFControl/STEPCAFControl_DataMapIteratorOfDataMapOfShapePD_0.cxx
+M STEPCAFControl:pubinclude:Handle_STEPCAFControl_DataMapNodeOfDataMapOfSDRExternFile.hxx /misc/dn61/LocalWOK/wok_entities/LOC/dev/CR0-OCCT691-7-CR0-OCCT691-occt-64/inc/Handle_STEPCAFControl_DataMapNodeOfDataMapOfSDRExternFile.hxx
+M STEPCAFControl:pubinclude:STEPCAFControl_DataMapNodeOfDataMapOfSDRExternFile.hxx /misc/dn61/LocalWOK/wok_entities/LOC/dev/CR0-OCCT691-7-CR0-OCCT691-occt-64/inc/STEPCAFControl_DataMapNodeOfDataMapOfSDRExternFile.hxx
+M STEPCAFControl:derivated:STEPCAFControl_DataMapNodeOfDataMapOfSDRExternFile_0.cxx /misc/dn61/LocalWOK/wok_entities/LOC/dev/CR0-OCCT691-7-CR0-OCCT691-occt-64/drv/STEPCAFControl/STEPCAFControl_DataMapNodeOfDataMapOfSDRExternFile_0.cxx
+M STEPCAFControl:pubinclude:STEPCAFControl_DataMapIteratorOfDataMapOfSDRExternFile.hxx /misc/dn61/LocalWOK/wok_entities/LOC/dev/CR0-OCCT691-7-CR0-OCCT691-occt-64/inc/STEPCAFControl_DataMapIteratorOfDataMapOfSDRExternFile.hxx
+M STEPCAFControl:derivated:STEPCAFControl_DataMapIteratorOfDataMapOfSDRExternFile_0.cxx /misc/dn61/LocalWOK/wok_entities/LOC/dev/CR0-OCCT691-7-CR0-OCCT691-occt-64/drv/STEPCAFControl/STEPCAFControl_DataMapIteratorOfDataMapOfSDRExternFile_0.cxx
+M STEPCAFControl:pubinclude:Handle_STEPCAFControl_DataMapNodeOfDataMapOfPDExternFile.hxx /misc/dn61/LocalWOK/wok_entities/LOC/dev/CR0-OCCT691-7-CR0-OCCT691-occt-64/inc/Handle_STEPCAFControl_DataMapNodeOfDataMapOfPDExternFile.hxx
+M STEPCAFControl:pubinclude:STEPCAFControl_DataMapNodeOfDataMapOfPDExternFile.hxx /misc/dn61/LocalWOK/wok_entities/LOC/dev/CR0-OCCT691-7-CR0-OCCT691-occt-64/inc/STEPCAFControl_DataMapNodeOfDataMapOfPDExternFile.hxx
+M STEPCAFControl:derivated:STEPCAFControl_DataMapNodeOfDataMapOfPDExternFile_0.cxx /misc/dn61/LocalWOK/wok_entities/LOC/dev/CR0-OCCT691-7-CR0-OCCT691-occt-64/drv/STEPCAFControl/STEPCAFControl_DataMapNodeOfDataMapOfPDExternFile_0.cxx
+M STEPCAFControl:pubinclude:STEPCAFControl_DataMapIteratorOfDataMapOfPDExternFile.hxx /misc/dn61/LocalWOK/wok_entities/LOC/dev/CR0-OCCT691-7-CR0-OCCT691-occt-64/inc/STEPCAFControl_DataMapIteratorOfDataMapOfPDExternFile.hxx
+M STEPCAFControl:derivated:STEPCAFControl_DataMapIteratorOfDataMapOfPDExternFile_0.cxx /misc/dn61/LocalWOK/wok_entities/LOC/dev/CR0-OCCT691-7-CR0-OCCT691-occt-64/drv/STEPCAFControl/STEPCAFControl_DataMapIteratorOfDataMapOfPDExternFile_0.cxx
+M STEPCAFControl:pubinclude:Handle_STEPCAFControl_DataMapNodeOfDataMapOfLabelShape.hxx /misc/dn61/LocalWOK/wok_entities/LOC/dev/CR0-OCCT691-7-CR0-OCCT691-occt-64/inc/Handle_STEPCAFControl_DataMapNodeOfDataMapOfLabelShape.hxx
+M STEPCAFControl:pubinclude:STEPCAFControl_DataMapNodeOfDataMapOfLabelShape.hxx /misc/dn61/LocalWOK/wok_entities/LOC/dev/CR0-OCCT691-7-CR0-OCCT691-occt-64/inc/STEPCAFControl_DataMapNodeOfDataMapOfLabelShape.hxx
+M STEPCAFControl:derivated:STEPCAFControl_DataMapNodeOfDataMapOfLabelShape_0.cxx /misc/dn61/LocalWOK/wok_entities/LOC/dev/CR0-OCCT691-7-CR0-OCCT691-occt-64/drv/STEPCAFControl/STEPCAFControl_DataMapNodeOfDataMapOfLabelShape_0.cxx
+M STEPCAFControl:pubinclude:STEPCAFControl_DataMapIteratorOfDataMapOfLabelShape.hxx /misc/dn61/LocalWOK/wok_entities/LOC/dev/CR0-OCCT691-7-CR0-OCCT691-occt-64/inc/STEPCAFControl_DataMapIteratorOfDataMapOfLabelShape.hxx
+M STEPCAFControl:derivated:STEPCAFControl_DataMapIteratorOfDataMapOfLabelShape_0.cxx /misc/dn61/LocalWOK/wok_entities/LOC/dev/CR0-OCCT691-7-CR0-OCCT691-occt-64/drv/STEPCAFControl/STEPCAFControl_DataMapIteratorOfDataMapOfLabelShape_0.cxx
+M STEPCAFControl:pubinclude:Handle_STEPCAFControl_DataMapNodeOfDataMapOfLabelExternFile.hxx /misc/dn61/LocalWOK/wok_entities/LOC/dev/CR0-OCCT691-7-CR0-OCCT691-occt-64/inc/Handle_STEPCAFControl_DataMapNodeOfDataMapOfLabelExternFile.hxx
+M STEPCAFControl:pubinclude:STEPCAFControl_DataMapNodeOfDataMapOfLabelExternFile.hxx /misc/dn61/LocalWOK/wok_entities/LOC/dev/CR0-OCCT691-7-CR0-OCCT691-occt-64/inc/STEPCAFControl_DataMapNodeOfDataMapOfLabelExternFile.hxx
+M STEPCAFControl:derivated:STEPCAFControl_DataMapNodeOfDataMapOfLabelExternFile_0.cxx /misc/dn61/LocalWOK/wok_entities/LOC/dev/CR0-OCCT691-7-CR0-OCCT691-occt-64/drv/STEPCAFControl/STEPCAFControl_DataMapNodeOfDataMapOfLabelExternFile_0.cxx
+M STEPCAFControl:pubinclude:STEPCAFControl_DataMapIteratorOfDataMapOfLabelExternFile.hxx /misc/dn61/LocalWOK/wok_entities/LOC/dev/CR0-OCCT691-7-CR0-OCCT691-occt-64/inc/STEPCAFControl_DataMapIteratorOfDataMapOfLabelExternFile.hxx
+M STEPCAFControl:derivated:STEPCAFControl_DataMapIteratorOfDataMapOfLabelExternFile_0.cxx /misc/dn61/LocalWOK/wok_entities/LOC/dev/CR0-OCCT691-7-CR0-OCCT691-occt-64/drv/STEPCAFControl/STEPCAFControl_DataMapIteratorOfDataMapOfLabelExternFile_0.cxx
+M STEPCAFControl:dbadmfile:STEPCAFControl_xcpp_header.In /misc/dn61/LocalWOK/wok_entities/LOC/dev/CR0-OCCT691-7-CR0-OCCT691-occt-64/drv/STEPCAFControl/.adm/STEPCAFControl_xcpp_header.In
+M STEPCAFControl:dbadmfile:STEPCAFControl_xcpp_header.Out /misc/dn61/LocalWOK/wok_entities/LOC/dev/CR0-OCCT691-7-CR0-OCCT691-occt-64/drv/STEPCAFControl/.adm/STEPCAFControl_xcpp_header.Out
+M STEPCAFControl:dbadmfile:STEPCAFControl_xcpp_header.Dep /misc/dn61/LocalWOK/wok_entities/LOC/dev/CR0-OCCT691-7-CR0-OCCT691-occt-64/drv/STEPCAFControl/.adm/STEPCAFControl_xcpp_header.Dep
