+M math:pubinclude:math_Recipes.hxx /misc/dn61/LocalWOK/wok_entities/LOC/dev/CR0-OCCT691-7-CR0-OCCT691-occt-64/inc/math_Recipes.hxx
+M math:pubinclude:math_GaussPoints.hxx /misc/dn61/LocalWOK/wok_entities/LOC/dev/CR0-OCCT691-7-CR0-OCCT691-occt-64/inc/math_GaussPoints.hxx
+M math:pubinclude:math_Vector.hxx /misc/dn61/LocalWOK/wok_entities/LOC/dev/CR0-OCCT691-7-CR0-OCCT691-occt-64/inc/math_Vector.hxx
+M math:pubinclude:math_IntegerVector.hxx /misc/dn61/LocalWOK/wok_entities/LOC/dev/CR0-OCCT691-7-CR0-OCCT691-occt-64/inc/math_IntegerVector.hxx
+M math:pubinclude:math_SingleTab.hxx /misc/dn61/LocalWOK/wok_entities/LOC/dev/CR0-OCCT691-7-CR0-OCCT691-occt-64/inc/math_SingleTab.hxx
+M math:pubinclude:math_GlobOptMin.hxx /misc/dn61/LocalWOK/wok_entities/LOC/dev/CR0-OCCT691-7-CR0-OCCT691-occt-64/inc/math_GlobOptMin.hxx
+M math:pubinclude:math_PSO.hxx /misc/dn61/LocalWOK/wok_entities/LOC/dev/CR0-OCCT691-7-CR0-OCCT691-occt-64/inc/math_PSO.hxx
+M math:pubinclude:math_BullardGenerator.hxx /misc/dn61/LocalWOK/wok_entities/LOC/dev/CR0-OCCT691-7-CR0-OCCT691-occt-64/inc/math_BullardGenerator.hxx
+M math:pubinclude:math_PSOParticlesPool.hxx /misc/dn61/LocalWOK/wok_entities/LOC/dev/CR0-OCCT691-7-CR0-OCCT691-occt-64/inc/math_PSOParticlesPool.hxx
+M math:pubinclude:math_Matrix.lxx /misc/dn61/LocalWOK/wok_entities/LOC/dev/CR0-OCCT691-7-CR0-OCCT691-occt-64/inc/math_Matrix.lxx
+M math:pubinclude:math_Gauss.lxx /misc/dn61/LocalWOK/wok_entities/LOC/dev/CR0-OCCT691-7-CR0-OCCT691-occt-64/inc/math_Gauss.lxx
+M math:pubinclude:math_GaussLeastSquare.lxx /misc/dn61/LocalWOK/wok_entities/LOC/dev/CR0-OCCT691-7-CR0-OCCT691-occt-64/inc/math_GaussLeastSquare.lxx
+M math:pubinclude:math_SVD.lxx /misc/dn61/LocalWOK/wok_entities/LOC/dev/CR0-OCCT691-7-CR0-OCCT691-occt-64/inc/math_SVD.lxx
+M math:pubinclude:math_DirectPolynomialRoots.lxx /misc/dn61/LocalWOK/wok_entities/LOC/dev/CR0-OCCT691-7-CR0-OCCT691-occt-64/inc/math_DirectPolynomialRoots.lxx
+M math:pubinclude:math_FunctionRoots.lxx /misc/dn61/LocalWOK/wok_entities/LOC/dev/CR0-OCCT691-7-CR0-OCCT691-occt-64/inc/math_FunctionRoots.lxx
+M math:pubinclude:math_BissecNewton.lxx /misc/dn61/LocalWOK/wok_entities/LOC/dev/CR0-OCCT691-7-CR0-OCCT691-occt-64/inc/math_BissecNewton.lxx
+M math:pubinclude:math_FunctionRoot.lxx /misc/dn61/LocalWOK/wok_entities/LOC/dev/CR0-OCCT691-7-CR0-OCCT691-occt-64/inc/math_FunctionRoot.lxx
+M math:pubinclude:math_NewtonFunctionRoot.lxx /misc/dn61/LocalWOK/wok_entities/LOC/dev/CR0-OCCT691-7-CR0-OCCT691-occt-64/inc/math_NewtonFunctionRoot.lxx
+M math:pubinclude:math_BracketedRoot.lxx /misc/dn61/LocalWOK/wok_entities/LOC/dev/CR0-OCCT691-7-CR0-OCCT691-occt-64/inc/math_BracketedRoot.lxx
+M math:pubinclude:math_FunctionSetRoot.lxx /misc/dn61/LocalWOK/wok_entities/LOC/dev/CR0-OCCT691-7-CR0-OCCT691-occt-64/inc/math_FunctionSetRoot.lxx
+M math:pubinclude:math_NewtonFunctionSetRoot.lxx /misc/dn61/LocalWOK/wok_entities/LOC/dev/CR0-OCCT691-7-CR0-OCCT691-occt-64/inc/math_NewtonFunctionSetRoot.lxx
+M math:pubinclude:math_BracketMinimum.lxx /misc/dn61/LocalWOK/wok_entities/LOC/dev/CR0-OCCT691-7-CR0-OCCT691-occt-64/inc/math_BracketMinimum.lxx
+M math:pubinclude:math_BrentMinimum.lxx /misc/dn61/LocalWOK/wok_entities/LOC/dev/CR0-OCCT691-7-CR0-OCCT691-occt-64/inc/math_BrentMinimum.lxx
+M math:pubinclude:math_Powell.lxx /misc/dn61/LocalWOK/wok_entities/LOC/dev/CR0-OCCT691-7-CR0-OCCT691-occt-64/inc/math_Powell.lxx
+M math:pubinclude:math_FRPR.lxx /misc/dn61/LocalWOK/wok_entities/LOC/dev/CR0-OCCT691-7-CR0-OCCT691-occt-64/inc/math_FRPR.lxx
+M math:pubinclude:math_BFGS.lxx /misc/dn61/LocalWOK/wok_entities/LOC/dev/CR0-OCCT691-7-CR0-OCCT691-occt-64/inc/math_BFGS.lxx
+M math:pubinclude:math_NewtonMinimum.lxx /misc/dn61/LocalWOK/wok_entities/LOC/dev/CR0-OCCT691-7-CR0-OCCT691-occt-64/inc/math_NewtonMinimum.lxx
+M math:pubinclude:math_Jacobi.lxx /misc/dn61/LocalWOK/wok_entities/LOC/dev/CR0-OCCT691-7-CR0-OCCT691-occt-64/inc/math_Jacobi.lxx
+M math:pubinclude:math_GaussSingleIntegration.lxx /misc/dn61/LocalWOK/wok_entities/LOC/dev/CR0-OCCT691-7-CR0-OCCT691-occt-64/inc/math_GaussSingleIntegration.lxx
+M math:pubinclude:math_GaussMultipleIntegration.lxx /misc/dn61/LocalWOK/wok_entities/LOC/dev/CR0-OCCT691-7-CR0-OCCT691-occt-64/inc/math_GaussMultipleIntegration.lxx
+M math:pubinclude:math_GaussSetIntegration.lxx /misc/dn61/LocalWOK/wok_entities/LOC/dev/CR0-OCCT691-7-CR0-OCCT691-occt-64/inc/math_GaussSetIntegration.lxx
+M math:pubinclude:math_FunctionAllRoots.lxx /misc/dn61/LocalWOK/wok_entities/LOC/dev/CR0-OCCT691-7-CR0-OCCT691-occt-64/inc/math_FunctionAllRoots.lxx
+M math:pubinclude:math_Householder.lxx /misc/dn61/LocalWOK/wok_entities/LOC/dev/CR0-OCCT691-7-CR0-OCCT691-occt-64/inc/math_Householder.lxx
+M math:pubinclude:math_Crout.lxx /misc/dn61/LocalWOK/wok_entities/LOC/dev/CR0-OCCT691-7-CR0-OCCT691-occt-64/inc/math_Crout.lxx
+M math:pubinclude:math_Uzawa.lxx /misc/dn61/LocalWOK/wok_entities/LOC/dev/CR0-OCCT691-7-CR0-OCCT691-occt-64/inc/math_Uzawa.lxx
+M math:pubinclude:math_TrigonometricFunctionRoots.lxx /misc/dn61/LocalWOK/wok_entities/LOC/dev/CR0-OCCT691-7-CR0-OCCT691-occt-64/inc/math_TrigonometricFunctionRoots.lxx
+M math:pubinclude:math_KronrodSingleIntegration.lxx /misc/dn61/LocalWOK/wok_entities/LOC/dev/CR0-OCCT691-7-CR0-OCCT691-occt-64/inc/math_KronrodSingleIntegration.lxx
+M math:pubinclude:math_DoubleTab.lxx /misc/dn61/LocalWOK/wok_entities/LOC/dev/CR0-OCCT691-7-CR0-OCCT691-occt-64/inc/math_DoubleTab.lxx
+M math:dbadmfile:math_obj_inc.In /misc/dn61/LocalWOK/wok_entities/LOC/dev/CR0-OCCT691-7-CR0-OCCT691-occt-64/drv/math/.adm/math_obj_inc.In
+M math:dbadmfile:math_obj_inc.Out /misc/dn61/LocalWOK/wok_entities/LOC/dev/CR0-OCCT691-7-CR0-OCCT691-occt-64/drv/math/.adm/math_obj_inc.Out
+M math:dbadmfile:math_obj_inc.Dep /misc/dn61/LocalWOK/wok_entities/LOC/dev/CR0-OCCT691-7-CR0-OCCT691-occt-64/drv/math/.adm/math_obj_inc.Dep
