+M math:pubinclude:math.hxx /misc/dn61/LocalWOK/wok_entities/LOC/dev/CR0-OCCT691-7-CR0-OCCT691-occt-64/inc/math.hxx
+M math:privinclude:math.jxx /misc/dn61/LocalWOK/wok_entities/LOC/dev/CR0-OCCT691-7-CR0-OCCT691-occt-64/drv/math/math.jxx
+M math:privinclude:math.ixx /misc/dn61/LocalWOK/wok_entities/LOC/dev/CR0-OCCT691-7-CR0-OCCT691-occt-64/drv/math/math.ixx
+M math:pubinclude:math_Matrix.hxx /misc/dn61/LocalWOK/wok_entities/LOC/dev/CR0-OCCT691-7-CR0-OCCT691-occt-64/inc/math_Matrix.hxx
+M math:privinclude:math_Matrix.jxx /misc/dn61/LocalWOK/wok_entities/LOC/dev/CR0-OCCT691-7-CR0-OCCT691-occt-64/drv/math/math_Matrix.jxx
+M math:privinclude:math_Matrix.ixx /misc/dn61/LocalWOK/wok_entities/LOC/dev/CR0-OCCT691-7-CR0-OCCT691-occt-64/drv/math/math_Matrix.ixx
+M math:pubinclude:math_Function.hxx /misc/dn61/LocalWOK/wok_entities/LOC/dev/CR0-OCCT691-7-CR0-OCCT691-occt-64/inc/math_Function.hxx
+M math:privinclude:math_Function.jxx /misc/dn61/LocalWOK/wok_entities/LOC/dev/CR0-OCCT691-7-CR0-OCCT691-occt-64/drv/math/math_Function.jxx
+M math:privinclude:math_Function.ixx /misc/dn61/LocalWOK/wok_entities/LOC/dev/CR0-OCCT691-7-CR0-OCCT691-occt-64/drv/math/math_Function.ixx
+M math:pubinclude:math_FunctionWithDerivative.hxx /misc/dn61/LocalWOK/wok_entities/LOC/dev/CR0-OCCT691-7-CR0-OCCT691-occt-64/inc/math_FunctionWithDerivative.hxx
+M math:privinclude:math_FunctionWithDerivative.jxx /misc/dn61/LocalWOK/wok_entities/LOC/dev/CR0-OCCT691-7-CR0-OCCT691-occt-64/drv/math/math_FunctionWithDerivative.jxx
+M math:privinclude:math_FunctionWithDerivative.ixx /misc/dn61/LocalWOK/wok_entities/LOC/dev/CR0-OCCT691-7-CR0-OCCT691-occt-64/drv/math/math_FunctionWithDerivative.ixx
+M math:pubinclude:math_MultipleVarFunction.hxx /misc/dn61/LocalWOK/wok_entities/LOC/dev/CR0-OCCT691-7-CR0-OCCT691-occt-64/inc/math_MultipleVarFunction.hxx
+M math:privinclude:math_MultipleVarFunction.jxx /misc/dn61/LocalWOK/wok_entities/LOC/dev/CR0-OCCT691-7-CR0-OCCT691-occt-64/drv/math/math_MultipleVarFunction.jxx
+M math:privinclude:math_MultipleVarFunction.ixx /misc/dn61/LocalWOK/wok_entities/LOC/dev/CR0-OCCT691-7-CR0-OCCT691-occt-64/drv/math/math_MultipleVarFunction.ixx
+M math:pubinclude:math_MultipleVarFunctionWithGradient.hxx /misc/dn61/LocalWOK/wok_entities/LOC/dev/CR0-OCCT691-7-CR0-OCCT691-occt-64/inc/math_MultipleVarFunctionWithGradient.hxx
+M math:privinclude:math_MultipleVarFunctionWithGradient.jxx /misc/dn61/LocalWOK/wok_entities/LOC/dev/CR0-OCCT691-7-CR0-OCCT691-occt-64/drv/math/math_MultipleVarFunctionWithGradient.jxx
+M math:privinclude:math_MultipleVarFunctionWithGradient.ixx /misc/dn61/LocalWOK/wok_entities/LOC/dev/CR0-OCCT691-7-CR0-OCCT691-occt-64/drv/math/math_MultipleVarFunctionWithGradient.ixx
+M math:pubinclude:math_MultipleVarFunctionWithHessian.hxx /misc/dn61/LocalWOK/wok_entities/LOC/dev/CR0-OCCT691-7-CR0-OCCT691-occt-64/inc/math_MultipleVarFunctionWithHessian.hxx
+M math:privinclude:math_MultipleVarFunctionWithHessian.jxx /misc/dn61/LocalWOK/wok_entities/LOC/dev/CR0-OCCT691-7-CR0-OCCT691-occt-64/drv/math/math_MultipleVarFunctionWithHessian.jxx
+M math:privinclude:math_MultipleVarFunctionWithHessian.ixx /misc/dn61/LocalWOK/wok_entities/LOC/dev/CR0-OCCT691-7-CR0-OCCT691-occt-64/drv/math/math_MultipleVarFunctionWithHessian.ixx
+M math:pubinclude:math_FunctionSet.hxx /misc/dn61/LocalWOK/wok_entities/LOC/dev/CR0-OCCT691-7-CR0-OCCT691-occt-64/inc/math_FunctionSet.hxx
+M math:privinclude:math_FunctionSet.jxx /misc/dn61/LocalWOK/wok_entities/LOC/dev/CR0-OCCT691-7-CR0-OCCT691-occt-64/drv/math/math_FunctionSet.jxx
+M math:privinclude:math_FunctionSet.ixx /misc/dn61/LocalWOK/wok_entities/LOC/dev/CR0-OCCT691-7-CR0-OCCT691-occt-64/drv/math/math_FunctionSet.ixx
+M math:pubinclude:math_FunctionSetWithDerivatives.hxx /misc/dn61/LocalWOK/wok_entities/LOC/dev/CR0-OCCT691-7-CR0-OCCT691-occt-64/inc/math_FunctionSetWithDerivatives.hxx
+M math:privinclude:math_FunctionSetWithDerivatives.jxx /misc/dn61/LocalWOK/wok_entities/LOC/dev/CR0-OCCT691-7-CR0-OCCT691-occt-64/drv/math/math_FunctionSetWithDerivatives.jxx
+M math:privinclude:math_FunctionSetWithDerivatives.ixx /misc/dn61/LocalWOK/wok_entities/LOC/dev/CR0-OCCT691-7-CR0-OCCT691-occt-64/drv/math/math_FunctionSetWithDerivatives.ixx
+M math:pubinclude:math_Gauss.hxx /misc/dn61/LocalWOK/wok_entities/LOC/dev/CR0-OCCT691-7-CR0-OCCT691-occt-64/inc/math_Gauss.hxx
+M math:privinclude:math_Gauss.jxx /misc/dn61/LocalWOK/wok_entities/LOC/dev/CR0-OCCT691-7-CR0-OCCT691-occt-64/drv/math/math_Gauss.jxx
+M math:privinclude:math_Gauss.ixx /misc/dn61/LocalWOK/wok_entities/LOC/dev/CR0-OCCT691-7-CR0-OCCT691-occt-64/drv/math/math_Gauss.ixx
+M math:pubinclude:math_GaussLeastSquare.hxx /misc/dn61/LocalWOK/wok_entities/LOC/dev/CR0-OCCT691-7-CR0-OCCT691-occt-64/inc/math_GaussLeastSquare.hxx
+M math:privinclude:math_GaussLeastSquare.jxx /misc/dn61/LocalWOK/wok_entities/LOC/dev/CR0-OCCT691-7-CR0-OCCT691-occt-64/drv/math/math_GaussLeastSquare.jxx
+M math:privinclude:math_GaussLeastSquare.ixx /misc/dn61/LocalWOK/wok_entities/LOC/dev/CR0-OCCT691-7-CR0-OCCT691-occt-64/drv/math/math_GaussLeastSquare.ixx
+M math:pubinclude:math_SVD.hxx /misc/dn61/LocalWOK/wok_entities/LOC/dev/CR0-OCCT691-7-CR0-OCCT691-occt-64/inc/math_SVD.hxx
+M math:privinclude:math_SVD.jxx /misc/dn61/LocalWOK/wok_entities/LOC/dev/CR0-OCCT691-7-CR0-OCCT691-occt-64/drv/math/math_SVD.jxx
+M math:privinclude:math_SVD.ixx /misc/dn61/LocalWOK/wok_entities/LOC/dev/CR0-OCCT691-7-CR0-OCCT691-occt-64/drv/math/math_SVD.ixx
+M math:pubinclude:math_DirectPolynomialRoots.hxx /misc/dn61/LocalWOK/wok_entities/LOC/dev/CR0-OCCT691-7-CR0-OCCT691-occt-64/inc/math_DirectPolynomialRoots.hxx
+M math:privinclude:math_DirectPolynomialRoots.jxx /misc/dn61/LocalWOK/wok_entities/LOC/dev/CR0-OCCT691-7-CR0-OCCT691-occt-64/drv/math/math_DirectPolynomialRoots.jxx
+M math:privinclude:math_DirectPolynomialRoots.ixx /misc/dn61/LocalWOK/wok_entities/LOC/dev/CR0-OCCT691-7-CR0-OCCT691-occt-64/drv/math/math_DirectPolynomialRoots.ixx
+M math:pubinclude:math_FunctionRoots.hxx /misc/dn61/LocalWOK/wok_entities/LOC/dev/CR0-OCCT691-7-CR0-OCCT691-occt-64/inc/math_FunctionRoots.hxx
+M math:privinclude:math_FunctionRoots.jxx /misc/dn61/LocalWOK/wok_entities/LOC/dev/CR0-OCCT691-7-CR0-OCCT691-occt-64/drv/math/math_FunctionRoots.jxx
+M math:privinclude:math_FunctionRoots.ixx /misc/dn61/LocalWOK/wok_entities/LOC/dev/CR0-OCCT691-7-CR0-OCCT691-occt-64/drv/math/math_FunctionRoots.ixx
+M math:pubinclude:math_BissecNewton.hxx /misc/dn61/LocalWOK/wok_entities/LOC/dev/CR0-OCCT691-7-CR0-OCCT691-occt-64/inc/math_BissecNewton.hxx
+M math:privinclude:math_BissecNewton.jxx /misc/dn61/LocalWOK/wok_entities/LOC/dev/CR0-OCCT691-7-CR0-OCCT691-occt-64/drv/math/math_BissecNewton.jxx
+M math:privinclude:math_BissecNewton.ixx /misc/dn61/LocalWOK/wok_entities/LOC/dev/CR0-OCCT691-7-CR0-OCCT691-occt-64/drv/math/math_BissecNewton.ixx
+M math:pubinclude:math_FunctionRoot.hxx /misc/dn61/LocalWOK/wok_entities/LOC/dev/CR0-OCCT691-7-CR0-OCCT691-occt-64/inc/math_FunctionRoot.hxx
+M math:privinclude:math_FunctionRoot.jxx /misc/dn61/LocalWOK/wok_entities/LOC/dev/CR0-OCCT691-7-CR0-OCCT691-occt-64/drv/math/math_FunctionRoot.jxx
+M math:privinclude:math_FunctionRoot.ixx /misc/dn61/LocalWOK/wok_entities/LOC/dev/CR0-OCCT691-7-CR0-OCCT691-occt-64/drv/math/math_FunctionRoot.ixx
+M math:pubinclude:math_NewtonFunctionRoot.hxx /misc/dn61/LocalWOK/wok_entities/LOC/dev/CR0-OCCT691-7-CR0-OCCT691-occt-64/inc/math_NewtonFunctionRoot.hxx
+M math:privinclude:math_NewtonFunctionRoot.jxx /misc/dn61/LocalWOK/wok_entities/LOC/dev/CR0-OCCT691-7-CR0-OCCT691-occt-64/drv/math/math_NewtonFunctionRoot.jxx
+M math:privinclude:math_NewtonFunctionRoot.ixx /misc/dn61/LocalWOK/wok_entities/LOC/dev/CR0-OCCT691-7-CR0-OCCT691-occt-64/drv/math/math_NewtonFunctionRoot.ixx
+M math:pubinclude:math_BracketedRoot.hxx /misc/dn61/LocalWOK/wok_entities/LOC/dev/CR0-OCCT691-7-CR0-OCCT691-occt-64/inc/math_BracketedRoot.hxx
+M math:privinclude:math_BracketedRoot.jxx /misc/dn61/LocalWOK/wok_entities/LOC/dev/CR0-OCCT691-7-CR0-OCCT691-occt-64/drv/math/math_BracketedRoot.jxx
+M math:privinclude:math_BracketedRoot.ixx /misc/dn61/LocalWOK/wok_entities/LOC/dev/CR0-OCCT691-7-CR0-OCCT691-occt-64/drv/math/math_BracketedRoot.ixx
+M math:pubinclude:math_FunctionSetRoot.hxx /misc/dn61/LocalWOK/wok_entities/LOC/dev/CR0-OCCT691-7-CR0-OCCT691-occt-64/inc/math_FunctionSetRoot.hxx
+M math:privinclude:math_FunctionSetRoot.jxx /misc/dn61/LocalWOK/wok_entities/LOC/dev/CR0-OCCT691-7-CR0-OCCT691-occt-64/drv/math/math_FunctionSetRoot.jxx
+M math:privinclude:math_FunctionSetRoot.ixx /misc/dn61/LocalWOK/wok_entities/LOC/dev/CR0-OCCT691-7-CR0-OCCT691-occt-64/drv/math/math_FunctionSetRoot.ixx
+M math:pubinclude:math_NewtonFunctionSetRoot.hxx /misc/dn61/LocalWOK/wok_entities/LOC/dev/CR0-OCCT691-7-CR0-OCCT691-occt-64/inc/math_NewtonFunctionSetRoot.hxx
+M math:privinclude:math_NewtonFunctionSetRoot.jxx /misc/dn61/LocalWOK/wok_entities/LOC/dev/CR0-OCCT691-7-CR0-OCCT691-occt-64/drv/math/math_NewtonFunctionSetRoot.jxx
+M math:privinclude:math_NewtonFunctionSetRoot.ixx /misc/dn61/LocalWOK/wok_entities/LOC/dev/CR0-OCCT691-7-CR0-OCCT691-occt-64/drv/math/math_NewtonFunctionSetRoot.ixx
+M math:pubinclude:math_BracketMinimum.hxx /misc/dn61/LocalWOK/wok_entities/LOC/dev/CR0-OCCT691-7-CR0-OCCT691-occt-64/inc/math_BracketMinimum.hxx
+M math:privinclude:math_BracketMinimum.jxx /misc/dn61/LocalWOK/wok_entities/LOC/dev/CR0-OCCT691-7-CR0-OCCT691-occt-64/drv/math/math_BracketMinimum.jxx
+M math:privinclude:math_BracketMinimum.ixx /misc/dn61/LocalWOK/wok_entities/LOC/dev/CR0-OCCT691-7-CR0-OCCT691-occt-64/drv/math/math_BracketMinimum.ixx
+M math:pubinclude:math_BrentMinimum.hxx /misc/dn61/LocalWOK/wok_entities/LOC/dev/CR0-OCCT691-7-CR0-OCCT691-occt-64/inc/math_BrentMinimum.hxx
+M math:privinclude:math_BrentMinimum.jxx /misc/dn61/LocalWOK/wok_entities/LOC/dev/CR0-OCCT691-7-CR0-OCCT691-occt-64/drv/math/math_BrentMinimum.jxx
+M math:privinclude:math_BrentMinimum.ixx /misc/dn61/LocalWOK/wok_entities/LOC/dev/CR0-OCCT691-7-CR0-OCCT691-occt-64/drv/math/math_BrentMinimum.ixx
+M math:pubinclude:math_Powell.hxx /misc/dn61/LocalWOK/wok_entities/LOC/dev/CR0-OCCT691-7-CR0-OCCT691-occt-64/inc/math_Powell.hxx
+M math:privinclude:math_Powell.jxx /misc/dn61/LocalWOK/wok_entities/LOC/dev/CR0-OCCT691-7-CR0-OCCT691-occt-64/drv/math/math_Powell.jxx
+M math:privinclude:math_Powell.ixx /misc/dn61/LocalWOK/wok_entities/LOC/dev/CR0-OCCT691-7-CR0-OCCT691-occt-64/drv/math/math_Powell.ixx
+M math:pubinclude:math_FRPR.hxx /misc/dn61/LocalWOK/wok_entities/LOC/dev/CR0-OCCT691-7-CR0-OCCT691-occt-64/inc/math_FRPR.hxx
+M math:privinclude:math_FRPR.jxx /misc/dn61/LocalWOK/wok_entities/LOC/dev/CR0-OCCT691-7-CR0-OCCT691-occt-64/drv/math/math_FRPR.jxx
+M math:privinclude:math_FRPR.ixx /misc/dn61/LocalWOK/wok_entities/LOC/dev/CR0-OCCT691-7-CR0-OCCT691-occt-64/drv/math/math_FRPR.ixx
+M math:pubinclude:math_BFGS.hxx /misc/dn61/LocalWOK/wok_entities/LOC/dev/CR0-OCCT691-7-CR0-OCCT691-occt-64/inc/math_BFGS.hxx
+M math:privinclude:math_BFGS.jxx /misc/dn61/LocalWOK/wok_entities/LOC/dev/CR0-OCCT691-7-CR0-OCCT691-occt-64/drv/math/math_BFGS.jxx
+M math:privinclude:math_BFGS.ixx /misc/dn61/LocalWOK/wok_entities/LOC/dev/CR0-OCCT691-7-CR0-OCCT691-occt-64/drv/math/math_BFGS.ixx
+M math:pubinclude:math_NewtonMinimum.hxx /misc/dn61/LocalWOK/wok_entities/LOC/dev/CR0-OCCT691-7-CR0-OCCT691-occt-64/inc/math_NewtonMinimum.hxx
+M math:privinclude:math_NewtonMinimum.jxx /misc/dn61/LocalWOK/wok_entities/LOC/dev/CR0-OCCT691-7-CR0-OCCT691-occt-64/drv/math/math_NewtonMinimum.jxx
+M math:privinclude:math_NewtonMinimum.ixx /misc/dn61/LocalWOK/wok_entities/LOC/dev/CR0-OCCT691-7-CR0-OCCT691-occt-64/drv/math/math_NewtonMinimum.ixx
+M math:pubinclude:math_Jacobi.hxx /misc/dn61/LocalWOK/wok_entities/LOC/dev/CR0-OCCT691-7-CR0-OCCT691-occt-64/inc/math_Jacobi.hxx
+M math:privinclude:math_Jacobi.jxx /misc/dn61/LocalWOK/wok_entities/LOC/dev/CR0-OCCT691-7-CR0-OCCT691-occt-64/drv/math/math_Jacobi.jxx
+M math:privinclude:math_Jacobi.ixx /misc/dn61/LocalWOK/wok_entities/LOC/dev/CR0-OCCT691-7-CR0-OCCT691-occt-64/drv/math/math_Jacobi.ixx
+M math:pubinclude:math_GaussSingleIntegration.hxx /misc/dn61/LocalWOK/wok_entities/LOC/dev/CR0-OCCT691-7-CR0-OCCT691-occt-64/inc/math_GaussSingleIntegration.hxx
+M math:privinclude:math_GaussSingleIntegration.jxx /misc/dn61/LocalWOK/wok_entities/LOC/dev/CR0-OCCT691-7-CR0-OCCT691-occt-64/drv/math/math_GaussSingleIntegration.jxx
+M math:privinclude:math_GaussSingleIntegration.ixx /misc/dn61/LocalWOK/wok_entities/LOC/dev/CR0-OCCT691-7-CR0-OCCT691-occt-64/drv/math/math_GaussSingleIntegration.ixx
+M math:pubinclude:math_GaussMultipleIntegration.hxx /misc/dn61/LocalWOK/wok_entities/LOC/dev/CR0-OCCT691-7-CR0-OCCT691-occt-64/inc/math_GaussMultipleIntegration.hxx
+M math:privinclude:math_GaussMultipleIntegration.jxx /misc/dn61/LocalWOK/wok_entities/LOC/dev/CR0-OCCT691-7-CR0-OCCT691-occt-64/drv/math/math_GaussMultipleIntegration.jxx
+M math:privinclude:math_GaussMultipleIntegration.ixx /misc/dn61/LocalWOK/wok_entities/LOC/dev/CR0-OCCT691-7-CR0-OCCT691-occt-64/drv/math/math_GaussMultipleIntegration.ixx
+M math:pubinclude:math_GaussSetIntegration.hxx /misc/dn61/LocalWOK/wok_entities/LOC/dev/CR0-OCCT691-7-CR0-OCCT691-occt-64/inc/math_GaussSetIntegration.hxx
+M math:privinclude:math_GaussSetIntegration.jxx /misc/dn61/LocalWOK/wok_entities/LOC/dev/CR0-OCCT691-7-CR0-OCCT691-occt-64/drv/math/math_GaussSetIntegration.jxx
+M math:privinclude:math_GaussSetIntegration.ixx /misc/dn61/LocalWOK/wok_entities/LOC/dev/CR0-OCCT691-7-CR0-OCCT691-occt-64/drv/math/math_GaussSetIntegration.ixx
+M math:pubinclude:math_FunctionSample.hxx /misc/dn61/LocalWOK/wok_entities/LOC/dev/CR0-OCCT691-7-CR0-OCCT691-occt-64/inc/math_FunctionSample.hxx
+M math:privinclude:math_FunctionSample.jxx /misc/dn61/LocalWOK/wok_entities/LOC/dev/CR0-OCCT691-7-CR0-OCCT691-occt-64/drv/math/math_FunctionSample.jxx
+M math:privinclude:math_FunctionSample.ixx /misc/dn61/LocalWOK/wok_entities/LOC/dev/CR0-OCCT691-7-CR0-OCCT691-occt-64/drv/math/math_FunctionSample.ixx
+M math:pubinclude:math_FunctionAllRoots.hxx /misc/dn61/LocalWOK/wok_entities/LOC/dev/CR0-OCCT691-7-CR0-OCCT691-occt-64/inc/math_FunctionAllRoots.hxx
+M math:privinclude:math_FunctionAllRoots.jxx /misc/dn61/LocalWOK/wok_entities/LOC/dev/CR0-OCCT691-7-CR0-OCCT691-occt-64/drv/math/math_FunctionAllRoots.jxx
+M math:privinclude:math_FunctionAllRoots.ixx /misc/dn61/LocalWOK/wok_entities/LOC/dev/CR0-OCCT691-7-CR0-OCCT691-occt-64/drv/math/math_FunctionAllRoots.ixx
+M math:pubinclude:math_Householder.hxx /misc/dn61/LocalWOK/wok_entities/LOC/dev/CR0-OCCT691-7-CR0-OCCT691-occt-64/inc/math_Householder.hxx
+M math:privinclude:math_Householder.jxx /misc/dn61/LocalWOK/wok_entities/LOC/dev/CR0-OCCT691-7-CR0-OCCT691-occt-64/drv/math/math_Householder.jxx
+M math:privinclude:math_Householder.ixx /misc/dn61/LocalWOK/wok_entities/LOC/dev/CR0-OCCT691-7-CR0-OCCT691-occt-64/drv/math/math_Householder.ixx
+M math:pubinclude:math_Crout.hxx /misc/dn61/LocalWOK/wok_entities/LOC/dev/CR0-OCCT691-7-CR0-OCCT691-occt-64/inc/math_Crout.hxx
+M math:privinclude:math_Crout.jxx /misc/dn61/LocalWOK/wok_entities/LOC/dev/CR0-OCCT691-7-CR0-OCCT691-occt-64/drv/math/math_Crout.jxx
+M math:privinclude:math_Crout.ixx /misc/dn61/LocalWOK/wok_entities/LOC/dev/CR0-OCCT691-7-CR0-OCCT691-occt-64/drv/math/math_Crout.ixx
+M math:pubinclude:math_Uzawa.hxx /misc/dn61/LocalWOK/wok_entities/LOC/dev/CR0-OCCT691-7-CR0-OCCT691-occt-64/inc/math_Uzawa.hxx
+M math:privinclude:math_Uzawa.jxx /misc/dn61/LocalWOK/wok_entities/LOC/dev/CR0-OCCT691-7-CR0-OCCT691-occt-64/drv/math/math_Uzawa.jxx
+M math:privinclude:math_Uzawa.ixx /misc/dn61/LocalWOK/wok_entities/LOC/dev/CR0-OCCT691-7-CR0-OCCT691-occt-64/drv/math/math_Uzawa.ixx
+M math:pubinclude:math_TrigonometricFunctionRoots.hxx /misc/dn61/LocalWOK/wok_entities/LOC/dev/CR0-OCCT691-7-CR0-OCCT691-occt-64/inc/math_TrigonometricFunctionRoots.hxx
+M math:privinclude:math_TrigonometricFunctionRoots.jxx /misc/dn61/LocalWOK/wok_entities/LOC/dev/CR0-OCCT691-7-CR0-OCCT691-occt-64/drv/math/math_TrigonometricFunctionRoots.jxx
+M math:privinclude:math_TrigonometricFunctionRoots.ixx /misc/dn61/LocalWOK/wok_entities/LOC/dev/CR0-OCCT691-7-CR0-OCCT691-occt-64/drv/math/math_TrigonometricFunctionRoots.ixx
+M math:pubinclude:math_KronrodSingleIntegration.hxx /misc/dn61/LocalWOK/wok_entities/LOC/dev/CR0-OCCT691-7-CR0-OCCT691-occt-64/inc/math_KronrodSingleIntegration.hxx
+M math:privinclude:math_KronrodSingleIntegration.jxx /misc/dn61/LocalWOK/wok_entities/LOC/dev/CR0-OCCT691-7-CR0-OCCT691-occt-64/drv/math/math_KronrodSingleIntegration.jxx
+M math:privinclude:math_KronrodSingleIntegration.ixx /misc/dn61/LocalWOK/wok_entities/LOC/dev/CR0-OCCT691-7-CR0-OCCT691-occt-64/drv/math/math_KronrodSingleIntegration.ixx
+M math:pubinclude:math_EigenValuesSearcher.hxx /misc/dn61/LocalWOK/wok_entities/LOC/dev/CR0-OCCT691-7-CR0-OCCT691-occt-64/inc/math_EigenValuesSearcher.hxx
+M math:privinclude:math_EigenValuesSearcher.jxx /misc/dn61/LocalWOK/wok_entities/LOC/dev/CR0-OCCT691-7-CR0-OCCT691-occt-64/drv/math/math_EigenValuesSearcher.jxx
+M math:privinclude:math_EigenValuesSearcher.ixx /misc/dn61/LocalWOK/wok_entities/LOC/dev/CR0-OCCT691-7-CR0-OCCT691-occt-64/drv/math/math_EigenValuesSearcher.ixx
+M math:pubinclude:math_ComputeGaussPointsAndWeights.hxx /misc/dn61/LocalWOK/wok_entities/LOC/dev/CR0-OCCT691-7-CR0-OCCT691-occt-64/inc/math_ComputeGaussPointsAndWeights.hxx
+M math:privinclude:math_ComputeGaussPointsAndWeights.jxx /misc/dn61/LocalWOK/wok_entities/LOC/dev/CR0-OCCT691-7-CR0-OCCT691-occt-64/drv/math/math_ComputeGaussPointsAndWeights.jxx
+M math:privinclude:math_ComputeGaussPointsAndWeights.ixx /misc/dn61/LocalWOK/wok_entities/LOC/dev/CR0-OCCT691-7-CR0-OCCT691-occt-64/drv/math/math_ComputeGaussPointsAndWeights.ixx
+M math:pubinclude:math_ComputeKronrodPointsAndWeights.hxx /misc/dn61/LocalWOK/wok_entities/LOC/dev/CR0-OCCT691-7-CR0-OCCT691-occt-64/inc/math_ComputeKronrodPointsAndWeights.hxx
+M math:privinclude:math_ComputeKronrodPointsAndWeights.jxx /misc/dn61/LocalWOK/wok_entities/LOC/dev/CR0-OCCT691-7-CR0-OCCT691-occt-64/drv/math/math_ComputeKronrodPointsAndWeights.jxx
+M math:privinclude:math_ComputeKronrodPointsAndWeights.ixx /misc/dn61/LocalWOK/wok_entities/LOC/dev/CR0-OCCT691-7-CR0-OCCT691-occt-64/drv/math/math_ComputeKronrodPointsAndWeights.ixx
+M math:pubinclude:math_ValueAndWeight.hxx /misc/dn61/LocalWOK/wok_entities/LOC/dev/CR0-OCCT691-7-CR0-OCCT691-occt-64/inc/math_ValueAndWeight.hxx
+M math:privinclude:math_ValueAndWeight.jxx /misc/dn61/LocalWOK/wok_entities/LOC/dev/CR0-OCCT691-7-CR0-OCCT691-occt-64/drv/math/math_ValueAndWeight.jxx
+M math:privinclude:math_ValueAndWeight.ixx /misc/dn61/LocalWOK/wok_entities/LOC/dev/CR0-OCCT691-7-CR0-OCCT691-occt-64/drv/math/math_ValueAndWeight.ixx
+M math:pubinclude:math_Array1OfValueAndWeight.hxx /misc/dn61/LocalWOK/wok_entities/LOC/dev/CR0-OCCT691-7-CR0-OCCT691-occt-64/inc/math_Array1OfValueAndWeight.hxx
+M math:derivated:math_Array1OfValueAndWeight_0.cxx /misc/dn61/LocalWOK/wok_entities/LOC/dev/CR0-OCCT691-7-CR0-OCCT691-occt-64/drv/math/math_Array1OfValueAndWeight_0.cxx
+M math:pubinclude:math_CompareOfValueAndWeight.hxx /misc/dn61/LocalWOK/wok_entities/LOC/dev/CR0-OCCT691-7-CR0-OCCT691-occt-64/inc/math_CompareOfValueAndWeight.hxx
+M math:privinclude:math_CompareOfValueAndWeight.jxx /misc/dn61/LocalWOK/wok_entities/LOC/dev/CR0-OCCT691-7-CR0-OCCT691-occt-64/drv/math/math_CompareOfValueAndWeight.jxx
+M math:privinclude:math_CompareOfValueAndWeight.ixx /misc/dn61/LocalWOK/wok_entities/LOC/dev/CR0-OCCT691-7-CR0-OCCT691-occt-64/drv/math/math_CompareOfValueAndWeight.ixx
+M math:pubinclude:math_QuickSortOfValueAndWeight.hxx /misc/dn61/LocalWOK/wok_entities/LOC/dev/CR0-OCCT691-7-CR0-OCCT691-occt-64/inc/math_QuickSortOfValueAndWeight.hxx
+M math:derivated:math_QuickSortOfValueAndWeight_0.cxx /misc/dn61/LocalWOK/wok_entities/LOC/dev/CR0-OCCT691-7-CR0-OCCT691-occt-64/drv/math/math_QuickSortOfValueAndWeight_0.cxx
+M math:pubinclude:math_DoubleTab.hxx /misc/dn61/LocalWOK/wok_entities/LOC/dev/CR0-OCCT691-7-CR0-OCCT691-occt-64/inc/math_DoubleTab.hxx
+M math:privinclude:math_DoubleTab.jxx /misc/dn61/LocalWOK/wok_entities/LOC/dev/CR0-OCCT691-7-CR0-OCCT691-occt-64/drv/math/math_DoubleTab.jxx
+M math:privinclude:math_DoubleTab.ixx /misc/dn61/LocalWOK/wok_entities/LOC/dev/CR0-OCCT691-7-CR0-OCCT691-occt-64/drv/math/math_DoubleTab.ixx
+M math:pubinclude:Handle_math_NotSquare.hxx /misc/dn61/LocalWOK/wok_entities/LOC/dev/CR0-OCCT691-7-CR0-OCCT691-occt-64/inc/Handle_math_NotSquare.hxx
+M math:pubinclude:math_NotSquare.hxx /misc/dn61/LocalWOK/wok_entities/LOC/dev/CR0-OCCT691-7-CR0-OCCT691-occt-64/inc/math_NotSquare.hxx
+M math:derivated:math_NotSquare_0.cxx /misc/dn61/LocalWOK/wok_entities/LOC/dev/CR0-OCCT691-7-CR0-OCCT691-occt-64/drv/math/math_NotSquare_0.cxx
+M math:pubinclude:Handle_math_SingularMatrix.hxx /misc/dn61/LocalWOK/wok_entities/LOC/dev/CR0-OCCT691-7-CR0-OCCT691-occt-64/inc/Handle_math_SingularMatrix.hxx
+M math:pubinclude:math_SingularMatrix.hxx /misc/dn61/LocalWOK/wok_entities/LOC/dev/CR0-OCCT691-7-CR0-OCCT691-occt-64/inc/math_SingularMatrix.hxx
+M math:derivated:math_SingularMatrix_0.cxx /misc/dn61/LocalWOK/wok_entities/LOC/dev/CR0-OCCT691-7-CR0-OCCT691-occt-64/drv/math/math_SingularMatrix_0.cxx
+M math:pubinclude:math_Status.hxx /misc/dn61/LocalWOK/wok_entities/LOC/dev/CR0-OCCT691-7-CR0-OCCT691-occt-64/inc/math_Status.hxx
+M math:dbadmfile:math_xcpp_header.In /misc/dn61/LocalWOK/wok_entities/LOC/dev/CR0-OCCT691-7-CR0-OCCT691-occt-64/drv/math/.adm/math_xcpp_header.In
+M math:dbadmfile:math_xcpp_header.Out /misc/dn61/LocalWOK/wok_entities/LOC/dev/CR0-OCCT691-7-CR0-OCCT691-occt-64/drv/math/.adm/math_xcpp_header.Out
+M math:dbadmfile:math_xcpp_header.Dep /misc/dn61/LocalWOK/wok_entities/LOC/dev/CR0-OCCT691-7-CR0-OCCT691-occt-64/drv/math/.adm/math_xcpp_header.Dep
