+M TopoDSToStep:pubinclude:TopoDSToStep.hxx /misc/dn61/LocalWOK/wok_entities/LOC/dev/CR0-OCCT691-7-CR0-OCCT691-occt-64/inc/TopoDSToStep.hxx
+M TopoDSToStep:privinclude:TopoDSToStep.jxx /misc/dn61/LocalWOK/wok_entities/LOC/dev/CR0-OCCT691-7-CR0-OCCT691-occt-64/drv/TopoDSToStep/TopoDSToStep.jxx
+M TopoDSToStep:privinclude:TopoDSToStep.ixx /misc/dn61/LocalWOK/wok_entities/LOC/dev/CR0-OCCT691-7-CR0-OCCT691-occt-64/drv/TopoDSToStep/TopoDSToStep.ixx
+M TopoDSToStep:pubinclude:TopoDSToStep_Root.hxx /misc/dn61/LocalWOK/wok_entities/LOC/dev/CR0-OCCT691-7-CR0-OCCT691-occt-64/inc/TopoDSToStep_Root.hxx
+M TopoDSToStep:privinclude:TopoDSToStep_Root.jxx /misc/dn61/LocalWOK/wok_entities/LOC/dev/CR0-OCCT691-7-CR0-OCCT691-occt-64/drv/TopoDSToStep/TopoDSToStep_Root.jxx
+M TopoDSToStep:privinclude:TopoDSToStep_Root.ixx /misc/dn61/LocalWOK/wok_entities/LOC/dev/CR0-OCCT691-7-CR0-OCCT691-occt-64/drv/TopoDSToStep/TopoDSToStep_Root.ixx
+M TopoDSToStep:pubinclude:TopoDSToStep_MakeManifoldSolidBrep.hxx /misc/dn61/LocalWOK/wok_entities/LOC/dev/CR0-OCCT691-7-CR0-OCCT691-occt-64/inc/TopoDSToStep_MakeManifoldSolidBrep.hxx
+M TopoDSToStep:privinclude:TopoDSToStep_MakeManifoldSolidBrep.jxx /misc/dn61/LocalWOK/wok_entities/LOC/dev/CR0-OCCT691-7-CR0-OCCT691-occt-64/drv/TopoDSToStep/TopoDSToStep_MakeManifoldSolidBrep.jxx
+M TopoDSToStep:privinclude:TopoDSToStep_MakeManifoldSolidBrep.ixx /misc/dn61/LocalWOK/wok_entities/LOC/dev/CR0-OCCT691-7-CR0-OCCT691-occt-64/drv/TopoDSToStep/TopoDSToStep_MakeManifoldSolidBrep.ixx
+M TopoDSToStep:pubinclude:TopoDSToStep_MakeBrepWithVoids.hxx /misc/dn61/LocalWOK/wok_entities/LOC/dev/CR0-OCCT691-7-CR0-OCCT691-occt-64/inc/TopoDSToStep_MakeBrepWithVoids.hxx
+M TopoDSToStep:privinclude:TopoDSToStep_MakeBrepWithVoids.jxx /misc/dn61/LocalWOK/wok_entities/LOC/dev/CR0-OCCT691-7-CR0-OCCT691-occt-64/drv/TopoDSToStep/TopoDSToStep_MakeBrepWithVoids.jxx
+M TopoDSToStep:privinclude:TopoDSToStep_MakeBrepWithVoids.ixx /misc/dn61/LocalWOK/wok_entities/LOC/dev/CR0-OCCT691-7-CR0-OCCT691-occt-64/drv/TopoDSToStep/TopoDSToStep_MakeBrepWithVoids.ixx
+M TopoDSToStep:pubinclude:TopoDSToStep_MakeFacetedBrep.hxx /misc/dn61/LocalWOK/wok_entities/LOC/dev/CR0-OCCT691-7-CR0-OCCT691-occt-64/inc/TopoDSToStep_MakeFacetedBrep.hxx
+M TopoDSToStep:privinclude:TopoDSToStep_MakeFacetedBrep.jxx /misc/dn61/LocalWOK/wok_entities/LOC/dev/CR0-OCCT691-7-CR0-OCCT691-occt-64/drv/TopoDSToStep/TopoDSToStep_MakeFacetedBrep.jxx
+M TopoDSToStep:privinclude:TopoDSToStep_MakeFacetedBrep.ixx /misc/dn61/LocalWOK/wok_entities/LOC/dev/CR0-OCCT691-7-CR0-OCCT691-occt-64/drv/TopoDSToStep/TopoDSToStep_MakeFacetedBrep.ixx
+M TopoDSToStep:pubinclude:TopoDSToStep_MakeFacetedBrepAndBrepWithVoids.hxx /misc/dn61/LocalWOK/wok_entities/LOC/dev/CR0-OCCT691-7-CR0-OCCT691-occt-64/inc/TopoDSToStep_MakeFacetedBrepAndBrepWithVoids.hxx
+M TopoDSToStep:privinclude:TopoDSToStep_MakeFacetedBrepAndBrepWithVoids.jxx /misc/dn61/LocalWOK/wok_entities/LOC/dev/CR0-OCCT691-7-CR0-OCCT691-occt-64/drv/TopoDSToStep/TopoDSToStep_MakeFacetedBrepAndBrepWithVoids.jxx
+M TopoDSToStep:privinclude:TopoDSToStep_MakeFacetedBrepAndBrepWithVoids.ixx /misc/dn61/LocalWOK/wok_entities/LOC/dev/CR0-OCCT691-7-CR0-OCCT691-occt-64/drv/TopoDSToStep/TopoDSToStep_MakeFacetedBrepAndBrepWithVoids.ixx
+M TopoDSToStep:pubinclude:TopoDSToStep_MakeShellBasedSurfaceModel.hxx /misc/dn61/LocalWOK/wok_entities/LOC/dev/CR0-OCCT691-7-CR0-OCCT691-occt-64/inc/TopoDSToStep_MakeShellBasedSurfaceModel.hxx
+M TopoDSToStep:privinclude:TopoDSToStep_MakeShellBasedSurfaceModel.jxx /misc/dn61/LocalWOK/wok_entities/LOC/dev/CR0-OCCT691-7-CR0-OCCT691-occt-64/drv/TopoDSToStep/TopoDSToStep_MakeShellBasedSurfaceModel.jxx
+M TopoDSToStep:privinclude:TopoDSToStep_MakeShellBasedSurfaceModel.ixx /misc/dn61/LocalWOK/wok_entities/LOC/dev/CR0-OCCT691-7-CR0-OCCT691-occt-64/drv/TopoDSToStep/TopoDSToStep_MakeShellBasedSurfaceModel.ixx
+M TopoDSToStep:pubinclude:TopoDSToStep_MakeGeometricCurveSet.hxx /misc/dn61/LocalWOK/wok_entities/LOC/dev/CR0-OCCT691-7-CR0-OCCT691-occt-64/inc/TopoDSToStep_MakeGeometricCurveSet.hxx
+M TopoDSToStep:privinclude:TopoDSToStep_MakeGeometricCurveSet.jxx /misc/dn61/LocalWOK/wok_entities/LOC/dev/CR0-OCCT691-7-CR0-OCCT691-occt-64/drv/TopoDSToStep/TopoDSToStep_MakeGeometricCurveSet.jxx
+M TopoDSToStep:privinclude:TopoDSToStep_MakeGeometricCurveSet.ixx /misc/dn61/LocalWOK/wok_entities/LOC/dev/CR0-OCCT691-7-CR0-OCCT691-occt-64/drv/TopoDSToStep/TopoDSToStep_MakeGeometricCurveSet.ixx
+M TopoDSToStep:pubinclude:TopoDSToStep_Builder.hxx /misc/dn61/LocalWOK/wok_entities/LOC/dev/CR0-OCCT691-7-CR0-OCCT691-occt-64/inc/TopoDSToStep_Builder.hxx
+M TopoDSToStep:privinclude:TopoDSToStep_Builder.jxx /misc/dn61/LocalWOK/wok_entities/LOC/dev/CR0-OCCT691-7-CR0-OCCT691-occt-64/drv/TopoDSToStep/TopoDSToStep_Builder.jxx
+M TopoDSToStep:privinclude:TopoDSToStep_Builder.ixx /misc/dn61/LocalWOK/wok_entities/LOC/dev/CR0-OCCT691-7-CR0-OCCT691-occt-64/drv/TopoDSToStep/TopoDSToStep_Builder.ixx
+M TopoDSToStep:pubinclude:TopoDSToStep_WireframeBuilder.hxx /misc/dn61/LocalWOK/wok_entities/LOC/dev/CR0-OCCT691-7-CR0-OCCT691-occt-64/inc/TopoDSToStep_WireframeBuilder.hxx
+M TopoDSToStep:privinclude:TopoDSToStep_WireframeBuilder.jxx /misc/dn61/LocalWOK/wok_entities/LOC/dev/CR0-OCCT691-7-CR0-OCCT691-occt-64/drv/TopoDSToStep/TopoDSToStep_WireframeBuilder.jxx
+M TopoDSToStep:privinclude:TopoDSToStep_WireframeBuilder.ixx /misc/dn61/LocalWOK/wok_entities/LOC/dev/CR0-OCCT691-7-CR0-OCCT691-occt-64/drv/TopoDSToStep/TopoDSToStep_WireframeBuilder.ixx
+M TopoDSToStep:pubinclude:TopoDSToStep_Tool.hxx /misc/dn61/LocalWOK/wok_entities/LOC/dev/CR0-OCCT691-7-CR0-OCCT691-occt-64/inc/TopoDSToStep_Tool.hxx
+M TopoDSToStep:privinclude:TopoDSToStep_Tool.jxx /misc/dn61/LocalWOK/wok_entities/LOC/dev/CR0-OCCT691-7-CR0-OCCT691-occt-64/drv/TopoDSToStep/TopoDSToStep_Tool.jxx
+M TopoDSToStep:privinclude:TopoDSToStep_Tool.ixx /misc/dn61/LocalWOK/wok_entities/LOC/dev/CR0-OCCT691-7-CR0-OCCT691-occt-64/drv/TopoDSToStep/TopoDSToStep_Tool.ixx
+M TopoDSToStep:pubinclude:TopoDSToStep_FacetedTool.hxx /misc/dn61/LocalWOK/wok_entities/LOC/dev/CR0-OCCT691-7-CR0-OCCT691-occt-64/inc/TopoDSToStep_FacetedTool.hxx
+M TopoDSToStep:privinclude:TopoDSToStep_FacetedTool.jxx /misc/dn61/LocalWOK/wok_entities/LOC/dev/CR0-OCCT691-7-CR0-OCCT691-occt-64/drv/TopoDSToStep/TopoDSToStep_FacetedTool.jxx
+M TopoDSToStep:privinclude:TopoDSToStep_FacetedTool.ixx /misc/dn61/LocalWOK/wok_entities/LOC/dev/CR0-OCCT691-7-CR0-OCCT691-occt-64/drv/TopoDSToStep/TopoDSToStep_FacetedTool.ixx
+M TopoDSToStep:pubinclude:TopoDSToStep_MakeStepFace.hxx /misc/dn61/LocalWOK/wok_entities/LOC/dev/CR0-OCCT691-7-CR0-OCCT691-occt-64/inc/TopoDSToStep_MakeStepFace.hxx
+M TopoDSToStep:privinclude:TopoDSToStep_MakeStepFace.jxx /misc/dn61/LocalWOK/wok_entities/LOC/dev/CR0-OCCT691-7-CR0-OCCT691-occt-64/drv/TopoDSToStep/TopoDSToStep_MakeStepFace.jxx
+M TopoDSToStep:privinclude:TopoDSToStep_MakeStepFace.ixx /misc/dn61/LocalWOK/wok_entities/LOC/dev/CR0-OCCT691-7-CR0-OCCT691-occt-64/drv/TopoDSToStep/TopoDSToStep_MakeStepFace.ixx
+M TopoDSToStep:pubinclude:TopoDSToStep_MakeStepWire.hxx /misc/dn61/LocalWOK/wok_entities/LOC/dev/CR0-OCCT691-7-CR0-OCCT691-occt-64/inc/TopoDSToStep_MakeStepWire.hxx
+M TopoDSToStep:privinclude:TopoDSToStep_MakeStepWire.jxx /misc/dn61/LocalWOK/wok_entities/LOC/dev/CR0-OCCT691-7-CR0-OCCT691-occt-64/drv/TopoDSToStep/TopoDSToStep_MakeStepWire.jxx
+M TopoDSToStep:privinclude:TopoDSToStep_MakeStepWire.ixx /misc/dn61/LocalWOK/wok_entities/LOC/dev/CR0-OCCT691-7-CR0-OCCT691-occt-64/drv/TopoDSToStep/TopoDSToStep_MakeStepWire.ixx
+M TopoDSToStep:pubinclude:TopoDSToStep_MakeStepEdge.hxx /misc/dn61/LocalWOK/wok_entities/LOC/dev/CR0-OCCT691-7-CR0-OCCT691-occt-64/inc/TopoDSToStep_MakeStepEdge.hxx
+M TopoDSToStep:privinclude:TopoDSToStep_MakeStepEdge.jxx /misc/dn61/LocalWOK/wok_entities/LOC/dev/CR0-OCCT691-7-CR0-OCCT691-occt-64/drv/TopoDSToStep/TopoDSToStep_MakeStepEdge.jxx
+M TopoDSToStep:privinclude:TopoDSToStep_MakeStepEdge.ixx /misc/dn61/LocalWOK/wok_entities/LOC/dev/CR0-OCCT691-7-CR0-OCCT691-occt-64/drv/TopoDSToStep/TopoDSToStep_MakeStepEdge.ixx
+M TopoDSToStep:pubinclude:TopoDSToStep_MakeStepVertex.hxx /misc/dn61/LocalWOK/wok_entities/LOC/dev/CR0-OCCT691-7-CR0-OCCT691-occt-64/inc/TopoDSToStep_MakeStepVertex.hxx
+M TopoDSToStep:privinclude:TopoDSToStep_MakeStepVertex.jxx /misc/dn61/LocalWOK/wok_entities/LOC/dev/CR0-OCCT691-7-CR0-OCCT691-occt-64/drv/TopoDSToStep/TopoDSToStep_MakeStepVertex.jxx
+M TopoDSToStep:privinclude:TopoDSToStep_MakeStepVertex.ixx /misc/dn61/LocalWOK/wok_entities/LOC/dev/CR0-OCCT691-7-CR0-OCCT691-occt-64/drv/TopoDSToStep/TopoDSToStep_MakeStepVertex.ixx
+M TopoDSToStep:pubinclude:TopoDSToStep_BuilderError.hxx /misc/dn61/LocalWOK/wok_entities/LOC/dev/CR0-OCCT691-7-CR0-OCCT691-occt-64/inc/TopoDSToStep_BuilderError.hxx
+M TopoDSToStep:pubinclude:TopoDSToStep_MakeFaceError.hxx /misc/dn61/LocalWOK/wok_entities/LOC/dev/CR0-OCCT691-7-CR0-OCCT691-occt-64/inc/TopoDSToStep_MakeFaceError.hxx
+M TopoDSToStep:pubinclude:TopoDSToStep_MakeWireError.hxx /misc/dn61/LocalWOK/wok_entities/LOC/dev/CR0-OCCT691-7-CR0-OCCT691-occt-64/inc/TopoDSToStep_MakeWireError.hxx
+M TopoDSToStep:pubinclude:TopoDSToStep_MakeEdgeError.hxx /misc/dn61/LocalWOK/wok_entities/LOC/dev/CR0-OCCT691-7-CR0-OCCT691-occt-64/inc/TopoDSToStep_MakeEdgeError.hxx
+M TopoDSToStep:pubinclude:TopoDSToStep_MakeVertexError.hxx /misc/dn61/LocalWOK/wok_entities/LOC/dev/CR0-OCCT691-7-CR0-OCCT691-occt-64/inc/TopoDSToStep_MakeVertexError.hxx
+M TopoDSToStep:pubinclude:TopoDSToStep_FacetedError.hxx /misc/dn61/LocalWOK/wok_entities/LOC/dev/CR0-OCCT691-7-CR0-OCCT691-occt-64/inc/TopoDSToStep_FacetedError.hxx
+M TopoDSToStep:dbadmfile:TopoDSToStep_xcpp_header.In /misc/dn61/LocalWOK/wok_entities/LOC/dev/CR0-OCCT691-7-CR0-OCCT691-occt-64/drv/TopoDSToStep/.adm/TopoDSToStep_xcpp_header.In
+M TopoDSToStep:dbadmfile:TopoDSToStep_xcpp_header.Out /misc/dn61/LocalWOK/wok_entities/LOC/dev/CR0-OCCT691-7-CR0-OCCT691-occt-64/drv/TopoDSToStep/.adm/TopoDSToStep_xcpp_header.Out
+M TopoDSToStep:dbadmfile:TopoDSToStep_xcpp_header.Dep /misc/dn61/LocalWOK/wok_entities/LOC/dev/CR0-OCCT691-7-CR0-OCCT691-occt-64/drv/TopoDSToStep/.adm/TopoDSToStep_xcpp_header.Dep
