+M StepShape:pubinclude:StepShape_BooleanOperand.hxx /misc/dn61/LocalWOK/wok_entities/LOC/dev/CR0-OCCT691-7-CR0-OCCT691-occt-64/inc/StepShape_BooleanOperand.hxx
+M StepShape:privinclude:StepShape_BooleanOperand.jxx /misc/dn61/LocalWOK/wok_entities/LOC/dev/CR0-OCCT691-7-CR0-OCCT691-occt-64/drv/StepShape/StepShape_BooleanOperand.jxx
+M StepShape:privinclude:StepShape_BooleanOperand.ixx /misc/dn61/LocalWOK/wok_entities/LOC/dev/CR0-OCCT691-7-CR0-OCCT691-occt-64/drv/StepShape/StepShape_BooleanOperand.ixx
+M StepShape:pubinclude:StepShape_CsgPrimitive.hxx /misc/dn61/LocalWOK/wok_entities/LOC/dev/CR0-OCCT691-7-CR0-OCCT691-occt-64/inc/StepShape_CsgPrimitive.hxx
+M StepShape:privinclude:StepShape_CsgPrimitive.jxx /misc/dn61/LocalWOK/wok_entities/LOC/dev/CR0-OCCT691-7-CR0-OCCT691-occt-64/drv/StepShape/StepShape_CsgPrimitive.jxx
+M StepShape:privinclude:StepShape_CsgPrimitive.ixx /misc/dn61/LocalWOK/wok_entities/LOC/dev/CR0-OCCT691-7-CR0-OCCT691-occt-64/drv/StepShape/StepShape_CsgPrimitive.ixx
+M StepShape:pubinclude:StepShape_CsgSelect.hxx /misc/dn61/LocalWOK/wok_entities/LOC/dev/CR0-OCCT691-7-CR0-OCCT691-occt-64/inc/StepShape_CsgSelect.hxx
+M StepShape:privinclude:StepShape_CsgSelect.jxx /misc/dn61/LocalWOK/wok_entities/LOC/dev/CR0-OCCT691-7-CR0-OCCT691-occt-64/drv/StepShape/StepShape_CsgSelect.jxx
+M StepShape:privinclude:StepShape_CsgSelect.ixx /misc/dn61/LocalWOK/wok_entities/LOC/dev/CR0-OCCT691-7-CR0-OCCT691-occt-64/drv/StepShape/StepShape_CsgSelect.ixx
+M StepShape:pubinclude:StepShape_GeometricSetSelect.hxx /misc/dn61/LocalWOK/wok_entities/LOC/dev/CR0-OCCT691-7-CR0-OCCT691-occt-64/inc/StepShape_GeometricSetSelect.hxx
+M StepShape:privinclude:StepShape_GeometricSetSelect.jxx /misc/dn61/LocalWOK/wok_entities/LOC/dev/CR0-OCCT691-7-CR0-OCCT691-occt-64/drv/StepShape/StepShape_GeometricSetSelect.jxx
+M StepShape:privinclude:StepShape_GeometricSetSelect.ixx /misc/dn61/LocalWOK/wok_entities/LOC/dev/CR0-OCCT691-7-CR0-OCCT691-occt-64/drv/StepShape/StepShape_GeometricSetSelect.ixx
+M StepShape:pubinclude:StepShape_ReversibleTopologyItem.hxx /misc/dn61/LocalWOK/wok_entities/LOC/dev/CR0-OCCT691-7-CR0-OCCT691-occt-64/inc/StepShape_ReversibleTopologyItem.hxx
+M StepShape:privinclude:StepShape_ReversibleTopologyItem.jxx /misc/dn61/LocalWOK/wok_entities/LOC/dev/CR0-OCCT691-7-CR0-OCCT691-occt-64/drv/StepShape/StepShape_ReversibleTopologyItem.jxx
+M StepShape:privinclude:StepShape_ReversibleTopologyItem.ixx /misc/dn61/LocalWOK/wok_entities/LOC/dev/CR0-OCCT691-7-CR0-OCCT691-occt-64/drv/StepShape/StepShape_ReversibleTopologyItem.ixx
+M StepShape:pubinclude:StepShape_Shell.hxx /misc/dn61/LocalWOK/wok_entities/LOC/dev/CR0-OCCT691-7-CR0-OCCT691-occt-64/inc/StepShape_Shell.hxx
+M StepShape:privinclude:StepShape_Shell.jxx /misc/dn61/LocalWOK/wok_entities/LOC/dev/CR0-OCCT691-7-CR0-OCCT691-occt-64/drv/StepShape/StepShape_Shell.jxx
+M StepShape:privinclude:StepShape_Shell.ixx /misc/dn61/LocalWOK/wok_entities/LOC/dev/CR0-OCCT691-7-CR0-OCCT691-occt-64/drv/StepShape/StepShape_Shell.ixx
+M StepShape:pubinclude:StepShape_SurfaceModel.hxx /misc/dn61/LocalWOK/wok_entities/LOC/dev/CR0-OCCT691-7-CR0-OCCT691-occt-64/inc/StepShape_SurfaceModel.hxx
+M StepShape:privinclude:StepShape_SurfaceModel.jxx /misc/dn61/LocalWOK/wok_entities/LOC/dev/CR0-OCCT691-7-CR0-OCCT691-occt-64/drv/StepShape/StepShape_SurfaceModel.jxx
+M StepShape:privinclude:StepShape_SurfaceModel.ixx /misc/dn61/LocalWOK/wok_entities/LOC/dev/CR0-OCCT691-7-CR0-OCCT691-occt-64/drv/StepShape/StepShape_SurfaceModel.ixx
+M StepShape:pubinclude:Handle_StepShape_BoxDomain.hxx /misc/dn61/LocalWOK/wok_entities/LOC/dev/CR0-OCCT691-7-CR0-OCCT691-occt-64/inc/Handle_StepShape_BoxDomain.hxx
+M StepShape:pubinclude:StepShape_BoxDomain.hxx /misc/dn61/LocalWOK/wok_entities/LOC/dev/CR0-OCCT691-7-CR0-OCCT691-occt-64/inc/StepShape_BoxDomain.hxx
+M StepShape:privinclude:StepShape_BoxDomain.jxx /misc/dn61/LocalWOK/wok_entities/LOC/dev/CR0-OCCT691-7-CR0-OCCT691-occt-64/drv/StepShape/StepShape_BoxDomain.jxx
+M StepShape:privinclude:StepShape_BoxDomain.ixx /misc/dn61/LocalWOK/wok_entities/LOC/dev/CR0-OCCT691-7-CR0-OCCT691-occt-64/drv/StepShape/StepShape_BoxDomain.ixx
+M StepShape:pubinclude:Handle_StepShape_ShapeDefinitionRepresentation.hxx /misc/dn61/LocalWOK/wok_entities/LOC/dev/CR0-OCCT691-7-CR0-OCCT691-occt-64/inc/Handle_StepShape_ShapeDefinitionRepresentation.hxx
+M StepShape:pubinclude:StepShape_ShapeDefinitionRepresentation.hxx /misc/dn61/LocalWOK/wok_entities/LOC/dev/CR0-OCCT691-7-CR0-OCCT691-occt-64/inc/StepShape_ShapeDefinitionRepresentation.hxx
+M StepShape:privinclude:StepShape_ShapeDefinitionRepresentation.jxx /misc/dn61/LocalWOK/wok_entities/LOC/dev/CR0-OCCT691-7-CR0-OCCT691-occt-64/drv/StepShape/StepShape_ShapeDefinitionRepresentation.jxx
+M StepShape:privinclude:StepShape_ShapeDefinitionRepresentation.ixx /misc/dn61/LocalWOK/wok_entities/LOC/dev/CR0-OCCT691-7-CR0-OCCT691-occt-64/drv/StepShape/StepShape_ShapeDefinitionRepresentation.ixx
+M StepShape:pubinclude:Handle_StepShape_ShapeRepresentation.hxx /misc/dn61/LocalWOK/wok_entities/LOC/dev/CR0-OCCT691-7-CR0-OCCT691-occt-64/inc/Handle_StepShape_ShapeRepresentation.hxx
+M StepShape:pubinclude:StepShape_ShapeRepresentation.hxx /misc/dn61/LocalWOK/wok_entities/LOC/dev/CR0-OCCT691-7-CR0-OCCT691-occt-64/inc/StepShape_ShapeRepresentation.hxx
+M StepShape:privinclude:StepShape_ShapeRepresentation.jxx /misc/dn61/LocalWOK/wok_entities/LOC/dev/CR0-OCCT691-7-CR0-OCCT691-occt-64/drv/StepShape/StepShape_ShapeRepresentation.jxx
+M StepShape:privinclude:StepShape_ShapeRepresentation.ixx /misc/dn61/LocalWOK/wok_entities/LOC/dev/CR0-OCCT691-7-CR0-OCCT691-occt-64/drv/StepShape/StepShape_ShapeRepresentation.ixx
+M StepShape:pubinclude:Handle_StepShape_AdvancedBrepShapeRepresentation.hxx /misc/dn61/LocalWOK/wok_entities/LOC/dev/CR0-OCCT691-7-CR0-OCCT691-occt-64/inc/Handle_StepShape_AdvancedBrepShapeRepresentation.hxx
+M StepShape:pubinclude:StepShape_AdvancedBrepShapeRepresentation.hxx /misc/dn61/LocalWOK/wok_entities/LOC/dev/CR0-OCCT691-7-CR0-OCCT691-occt-64/inc/StepShape_AdvancedBrepShapeRepresentation.hxx
+M StepShape:privinclude:StepShape_AdvancedBrepShapeRepresentation.jxx /misc/dn61/LocalWOK/wok_entities/LOC/dev/CR0-OCCT691-7-CR0-OCCT691-occt-64/drv/StepShape/StepShape_AdvancedBrepShapeRepresentation.jxx
+M StepShape:privinclude:StepShape_AdvancedBrepShapeRepresentation.ixx /misc/dn61/LocalWOK/wok_entities/LOC/dev/CR0-OCCT691-7-CR0-OCCT691-occt-64/drv/StepShape/StepShape_AdvancedBrepShapeRepresentation.ixx
+M StepShape:pubinclude:Handle_StepShape_CsgShapeRepresentation.hxx /misc/dn61/LocalWOK/wok_entities/LOC/dev/CR0-OCCT691-7-CR0-OCCT691-occt-64/inc/Handle_StepShape_CsgShapeRepresentation.hxx
+M StepShape:pubinclude:StepShape_CsgShapeRepresentation.hxx /misc/dn61/LocalWOK/wok_entities/LOC/dev/CR0-OCCT691-7-CR0-OCCT691-occt-64/inc/StepShape_CsgShapeRepresentation.hxx
+M StepShape:privinclude:StepShape_CsgShapeRepresentation.jxx /misc/dn61/LocalWOK/wok_entities/LOC/dev/CR0-OCCT691-7-CR0-OCCT691-occt-64/drv/StepShape/StepShape_CsgShapeRepresentation.jxx
+M StepShape:privinclude:StepShape_CsgShapeRepresentation.ixx /misc/dn61/LocalWOK/wok_entities/LOC/dev/CR0-OCCT691-7-CR0-OCCT691-occt-64/drv/StepShape/StepShape_CsgShapeRepresentation.ixx
+M StepShape:pubinclude:Handle_StepShape_FacetedBrepShapeRepresentation.hxx /misc/dn61/LocalWOK/wok_entities/LOC/dev/CR0-OCCT691-7-CR0-OCCT691-occt-64/inc/Handle_StepShape_FacetedBrepShapeRepresentation.hxx
+M StepShape:pubinclude:StepShape_FacetedBrepShapeRepresentation.hxx /misc/dn61/LocalWOK/wok_entities/LOC/dev/CR0-OCCT691-7-CR0-OCCT691-occt-64/inc/StepShape_FacetedBrepShapeRepresentation.hxx
+M StepShape:privinclude:StepShape_FacetedBrepShapeRepresentation.jxx /misc/dn61/LocalWOK/wok_entities/LOC/dev/CR0-OCCT691-7-CR0-OCCT691-occt-64/drv/StepShape/StepShape_FacetedBrepShapeRepresentation.jxx
+M StepShape:privinclude:StepShape_FacetedBrepShapeRepresentation.ixx /misc/dn61/LocalWOK/wok_entities/LOC/dev/CR0-OCCT691-7-CR0-OCCT691-occt-64/drv/StepShape/StepShape_FacetedBrepShapeRepresentation.ixx
+M StepShape:pubinclude:Handle_StepShape_GeometricallyBoundedSurfaceShapeRepresentation.hxx /misc/dn61/LocalWOK/wok_entities/LOC/dev/CR0-OCCT691-7-CR0-OCCT691-occt-64/inc/Handle_StepShape_GeometricallyBoundedSurfaceShapeRepresentation.hxx
+M StepShape:pubinclude:StepShape_GeometricallyBoundedSurfaceShapeRepresentation.hxx /misc/dn61/LocalWOK/wok_entities/LOC/dev/CR0-OCCT691-7-CR0-OCCT691-occt-64/inc/StepShape_GeometricallyBoundedSurfaceShapeRepresentation.hxx
+M StepShape:privinclude:StepShape_GeometricallyBoundedSurfaceShapeRepresentation.jxx /misc/dn61/LocalWOK/wok_entities/LOC/dev/CR0-OCCT691-7-CR0-OCCT691-occt-64/drv/StepShape/StepShape_GeometricallyBoundedSurfaceShapeRepresentation.jxx
+M StepShape:privinclude:StepShape_GeometricallyBoundedSurfaceShapeRepresentation.ixx /misc/dn61/LocalWOK/wok_entities/LOC/dev/CR0-OCCT691-7-CR0-OCCT691-occt-64/drv/StepShape/StepShape_GeometricallyBoundedSurfaceShapeRepresentation.ixx
+M StepShape:pubinclude:Handle_StepShape_GeometricallyBoundedWireframeShapeRepresentation.hxx /misc/dn61/LocalWOK/wok_entities/LOC/dev/CR0-OCCT691-7-CR0-OCCT691-occt-64/inc/Handle_StepShape_GeometricallyBoundedWireframeShapeRepresentation.hxx
+M StepShape:pubinclude:StepShape_GeometricallyBoundedWireframeShapeRepresentation.hxx /misc/dn61/LocalWOK/wok_entities/LOC/dev/CR0-OCCT691-7-CR0-OCCT691-occt-64/inc/StepShape_GeometricallyBoundedWireframeShapeRepresentation.hxx
+M StepShape:privinclude:StepShape_GeometricallyBoundedWireframeShapeRepresentation.jxx /misc/dn61/LocalWOK/wok_entities/LOC/dev/CR0-OCCT691-7-CR0-OCCT691-occt-64/drv/StepShape/StepShape_GeometricallyBoundedWireframeShapeRepresentation.jxx
+M StepShape:privinclude:StepShape_GeometricallyBoundedWireframeShapeRepresentation.ixx /misc/dn61/LocalWOK/wok_entities/LOC/dev/CR0-OCCT691-7-CR0-OCCT691-occt-64/drv/StepShape/StepShape_GeometricallyBoundedWireframeShapeRepresentation.ixx
+M StepShape:pubinclude:Handle_StepShape_ManifoldSurfaceShapeRepresentation.hxx /misc/dn61/LocalWOK/wok_entities/LOC/dev/CR0-OCCT691-7-CR0-OCCT691-occt-64/inc/Handle_StepShape_ManifoldSurfaceShapeRepresentation.hxx
+M StepShape:pubinclude:StepShape_ManifoldSurfaceShapeRepresentation.hxx /misc/dn61/LocalWOK/wok_entities/LOC/dev/CR0-OCCT691-7-CR0-OCCT691-occt-64/inc/StepShape_ManifoldSurfaceShapeRepresentation.hxx
+M StepShape:privinclude:StepShape_ManifoldSurfaceShapeRepresentation.jxx /misc/dn61/LocalWOK/wok_entities/LOC/dev/CR0-OCCT691-7-CR0-OCCT691-occt-64/drv/StepShape/StepShape_ManifoldSurfaceShapeRepresentation.jxx
+M StepShape:privinclude:StepShape_ManifoldSurfaceShapeRepresentation.ixx /misc/dn61/LocalWOK/wok_entities/LOC/dev/CR0-OCCT691-7-CR0-OCCT691-occt-64/drv/StepShape/StepShape_ManifoldSurfaceShapeRepresentation.ixx
+M StepShape:pubinclude:Handle_StepShape_NonManifoldSurfaceShapeRepresentation.hxx /misc/dn61/LocalWOK/wok_entities/LOC/dev/CR0-OCCT691-7-CR0-OCCT691-occt-64/inc/Handle_StepShape_NonManifoldSurfaceShapeRepresentation.hxx
+M StepShape:pubinclude:StepShape_NonManifoldSurfaceShapeRepresentation.hxx /misc/dn61/LocalWOK/wok_entities/LOC/dev/CR0-OCCT691-7-CR0-OCCT691-occt-64/inc/StepShape_NonManifoldSurfaceShapeRepresentation.hxx
+M StepShape:privinclude:StepShape_NonManifoldSurfaceShapeRepresentation.jxx /misc/dn61/LocalWOK/wok_entities/LOC/dev/CR0-OCCT691-7-CR0-OCCT691-occt-64/drv/StepShape/StepShape_NonManifoldSurfaceShapeRepresentation.jxx
+M StepShape:privinclude:StepShape_NonManifoldSurfaceShapeRepresentation.ixx /misc/dn61/LocalWOK/wok_entities/LOC/dev/CR0-OCCT691-7-CR0-OCCT691-occt-64/drv/StepShape/StepShape_NonManifoldSurfaceShapeRepresentation.ixx
+M StepShape:pubinclude:Handle_StepShape_TransitionalShapeRepresentation.hxx /misc/dn61/LocalWOK/wok_entities/LOC/dev/CR0-OCCT691-7-CR0-OCCT691-occt-64/inc/Handle_StepShape_TransitionalShapeRepresentation.hxx
+M StepShape:pubinclude:StepShape_TransitionalShapeRepresentation.hxx /misc/dn61/LocalWOK/wok_entities/LOC/dev/CR0-OCCT691-7-CR0-OCCT691-occt-64/inc/StepShape_TransitionalShapeRepresentation.hxx
+M StepShape:privinclude:StepShape_TransitionalShapeRepresentation.jxx /misc/dn61/LocalWOK/wok_entities/LOC/dev/CR0-OCCT691-7-CR0-OCCT691-occt-64/drv/StepShape/StepShape_TransitionalShapeRepresentation.jxx
+M StepShape:privinclude:StepShape_TransitionalShapeRepresentation.ixx /misc/dn61/LocalWOK/wok_entities/LOC/dev/CR0-OCCT691-7-CR0-OCCT691-occt-64/drv/StepShape/StepShape_TransitionalShapeRepresentation.ixx
+M StepShape:pubinclude:Handle_StepShape_CompoundShapeRepresentation.hxx /misc/dn61/LocalWOK/wok_entities/LOC/dev/CR0-OCCT691-7-CR0-OCCT691-occt-64/inc/Handle_StepShape_CompoundShapeRepresentation.hxx
+M StepShape:pubinclude:StepShape_CompoundShapeRepresentation.hxx /misc/dn61/LocalWOK/wok_entities/LOC/dev/CR0-OCCT691-7-CR0-OCCT691-occt-64/inc/StepShape_CompoundShapeRepresentation.hxx
+M StepShape:privinclude:StepShape_CompoundShapeRepresentation.jxx /misc/dn61/LocalWOK/wok_entities/LOC/dev/CR0-OCCT691-7-CR0-OCCT691-occt-64/drv/StepShape/StepShape_CompoundShapeRepresentation.jxx
+M StepShape:privinclude:StepShape_CompoundShapeRepresentation.ixx /misc/dn61/LocalWOK/wok_entities/LOC/dev/CR0-OCCT691-7-CR0-OCCT691-occt-64/drv/StepShape/StepShape_CompoundShapeRepresentation.ixx
+M StepShape:pubinclude:Handle_StepShape_EdgeBasedWireframeShapeRepresentation.hxx /misc/dn61/LocalWOK/wok_entities/LOC/dev/CR0-OCCT691-7-CR0-OCCT691-occt-64/inc/Handle_StepShape_EdgeBasedWireframeShapeRepresentation.hxx
+M StepShape:pubinclude:StepShape_EdgeBasedWireframeShapeRepresentation.hxx /misc/dn61/LocalWOK/wok_entities/LOC/dev/CR0-OCCT691-7-CR0-OCCT691-occt-64/inc/StepShape_EdgeBasedWireframeShapeRepresentation.hxx
+M StepShape:privinclude:StepShape_EdgeBasedWireframeShapeRepresentation.jxx /misc/dn61/LocalWOK/wok_entities/LOC/dev/CR0-OCCT691-7-CR0-OCCT691-occt-64/drv/StepShape/StepShape_EdgeBasedWireframeShapeRepresentation.jxx
+M StepShape:privinclude:StepShape_EdgeBasedWireframeShapeRepresentation.ixx /misc/dn61/LocalWOK/wok_entities/LOC/dev/CR0-OCCT691-7-CR0-OCCT691-occt-64/drv/StepShape/StepShape_EdgeBasedWireframeShapeRepresentation.ixx
+M StepShape:pubinclude:Handle_StepShape_ConnectedFaceShapeRepresentation.hxx /misc/dn61/LocalWOK/wok_entities/LOC/dev/CR0-OCCT691-7-CR0-OCCT691-occt-64/inc/Handle_StepShape_ConnectedFaceShapeRepresentation.hxx
+M StepShape:pubinclude:StepShape_ConnectedFaceShapeRepresentation.hxx /misc/dn61/LocalWOK/wok_entities/LOC/dev/CR0-OCCT691-7-CR0-OCCT691-occt-64/inc/StepShape_ConnectedFaceShapeRepresentation.hxx
+M StepShape:privinclude:StepShape_ConnectedFaceShapeRepresentation.jxx /misc/dn61/LocalWOK/wok_entities/LOC/dev/CR0-OCCT691-7-CR0-OCCT691-occt-64/drv/StepShape/StepShape_ConnectedFaceShapeRepresentation.jxx
+M StepShape:privinclude:StepShape_ConnectedFaceShapeRepresentation.ixx /misc/dn61/LocalWOK/wok_entities/LOC/dev/CR0-OCCT691-7-CR0-OCCT691-occt-64/drv/StepShape/StepShape_ConnectedFaceShapeRepresentation.ixx
+M StepShape:pubinclude:Handle_StepShape_Block.hxx /misc/dn61/LocalWOK/wok_entities/LOC/dev/CR0-OCCT691-7-CR0-OCCT691-occt-64/inc/Handle_StepShape_Block.hxx
+M StepShape:pubinclude:StepShape_Block.hxx /misc/dn61/LocalWOK/wok_entities/LOC/dev/CR0-OCCT691-7-CR0-OCCT691-occt-64/inc/StepShape_Block.hxx
+M StepShape:privinclude:StepShape_Block.jxx /misc/dn61/LocalWOK/wok_entities/LOC/dev/CR0-OCCT691-7-CR0-OCCT691-occt-64/drv/StepShape/StepShape_Block.jxx
+M StepShape:privinclude:StepShape_Block.ixx /misc/dn61/LocalWOK/wok_entities/LOC/dev/CR0-OCCT691-7-CR0-OCCT691-occt-64/drv/StepShape/StepShape_Block.ixx
+M StepShape:pubinclude:Handle_StepShape_BooleanResult.hxx /misc/dn61/LocalWOK/wok_entities/LOC/dev/CR0-OCCT691-7-CR0-OCCT691-occt-64/inc/Handle_StepShape_BooleanResult.hxx
+M StepShape:pubinclude:StepShape_BooleanResult.hxx /misc/dn61/LocalWOK/wok_entities/LOC/dev/CR0-OCCT691-7-CR0-OCCT691-occt-64/inc/StepShape_BooleanResult.hxx
+M StepShape:privinclude:StepShape_BooleanResult.jxx /misc/dn61/LocalWOK/wok_entities/LOC/dev/CR0-OCCT691-7-CR0-OCCT691-occt-64/drv/StepShape/StepShape_BooleanResult.jxx
+M StepShape:privinclude:StepShape_BooleanResult.ixx /misc/dn61/LocalWOK/wok_entities/LOC/dev/CR0-OCCT691-7-CR0-OCCT691-occt-64/drv/StepShape/StepShape_BooleanResult.ixx
+M StepShape:pubinclude:Handle_StepShape_GeometricSet.hxx /misc/dn61/LocalWOK/wok_entities/LOC/dev/CR0-OCCT691-7-CR0-OCCT691-occt-64/inc/Handle_StepShape_GeometricSet.hxx
+M StepShape:pubinclude:StepShape_GeometricSet.hxx /misc/dn61/LocalWOK/wok_entities/LOC/dev/CR0-OCCT691-7-CR0-OCCT691-occt-64/inc/StepShape_GeometricSet.hxx
+M StepShape:privinclude:StepShape_GeometricSet.jxx /misc/dn61/LocalWOK/wok_entities/LOC/dev/CR0-OCCT691-7-CR0-OCCT691-occt-64/drv/StepShape/StepShape_GeometricSet.jxx
+M StepShape:privinclude:StepShape_GeometricSet.ixx /misc/dn61/LocalWOK/wok_entities/LOC/dev/CR0-OCCT691-7-CR0-OCCT691-occt-64/drv/StepShape/StepShape_GeometricSet.ixx
+M StepShape:pubinclude:Handle_StepShape_GeometricCurveSet.hxx /misc/dn61/LocalWOK/wok_entities/LOC/dev/CR0-OCCT691-7-CR0-OCCT691-occt-64/inc/Handle_StepShape_GeometricCurveSet.hxx
+M StepShape:pubinclude:StepShape_GeometricCurveSet.hxx /misc/dn61/LocalWOK/wok_entities/LOC/dev/CR0-OCCT691-7-CR0-OCCT691-occt-64/inc/StepShape_GeometricCurveSet.hxx
+M StepShape:privinclude:StepShape_GeometricCurveSet.jxx /misc/dn61/LocalWOK/wok_entities/LOC/dev/CR0-OCCT691-7-CR0-OCCT691-occt-64/drv/StepShape/StepShape_GeometricCurveSet.jxx
+M StepShape:privinclude:StepShape_GeometricCurveSet.ixx /misc/dn61/LocalWOK/wok_entities/LOC/dev/CR0-OCCT691-7-CR0-OCCT691-occt-64/drv/StepShape/StepShape_GeometricCurveSet.ixx
+M StepShape:pubinclude:Handle_StepShape_HalfSpaceSolid.hxx /misc/dn61/LocalWOK/wok_entities/LOC/dev/CR0-OCCT691-7-CR0-OCCT691-occt-64/inc/Handle_StepShape_HalfSpaceSolid.hxx
+M StepShape:pubinclude:StepShape_HalfSpaceSolid.hxx /misc/dn61/LocalWOK/wok_entities/LOC/dev/CR0-OCCT691-7-CR0-OCCT691-occt-64/inc/StepShape_HalfSpaceSolid.hxx
+M StepShape:privinclude:StepShape_HalfSpaceSolid.jxx /misc/dn61/LocalWOK/wok_entities/LOC/dev/CR0-OCCT691-7-CR0-OCCT691-occt-64/drv/StepShape/StepShape_HalfSpaceSolid.jxx
+M StepShape:privinclude:StepShape_HalfSpaceSolid.ixx /misc/dn61/LocalWOK/wok_entities/LOC/dev/CR0-OCCT691-7-CR0-OCCT691-occt-64/drv/StepShape/StepShape_HalfSpaceSolid.ixx
+M StepShape:pubinclude:Handle_StepShape_BoxedHalfSpace.hxx /misc/dn61/LocalWOK/wok_entities/LOC/dev/CR0-OCCT691-7-CR0-OCCT691-occt-64/inc/Handle_StepShape_BoxedHalfSpace.hxx
+M StepShape:pubinclude:StepShape_BoxedHalfSpace.hxx /misc/dn61/LocalWOK/wok_entities/LOC/dev/CR0-OCCT691-7-CR0-OCCT691-occt-64/inc/StepShape_BoxedHalfSpace.hxx
+M StepShape:privinclude:StepShape_BoxedHalfSpace.jxx /misc/dn61/LocalWOK/wok_entities/LOC/dev/CR0-OCCT691-7-CR0-OCCT691-occt-64/drv/StepShape/StepShape_BoxedHalfSpace.jxx
+M StepShape:privinclude:StepShape_BoxedHalfSpace.ixx /misc/dn61/LocalWOK/wok_entities/LOC/dev/CR0-OCCT691-7-CR0-OCCT691-occt-64/drv/StepShape/StepShape_BoxedHalfSpace.ixx
+M StepShape:pubinclude:Handle_StepShape_ConnectedEdgeSet.hxx /misc/dn61/LocalWOK/wok_entities/LOC/dev/CR0-OCCT691-7-CR0-OCCT691-occt-64/inc/Handle_StepShape_ConnectedEdgeSet.hxx
+M StepShape:pubinclude:StepShape_ConnectedEdgeSet.hxx /misc/dn61/LocalWOK/wok_entities/LOC/dev/CR0-OCCT691-7-CR0-OCCT691-occt-64/inc/StepShape_ConnectedEdgeSet.hxx
+M StepShape:privinclude:StepShape_ConnectedEdgeSet.jxx /misc/dn61/LocalWOK/wok_entities/LOC/dev/CR0-OCCT691-7-CR0-OCCT691-occt-64/drv/StepShape/StepShape_ConnectedEdgeSet.jxx
+M StepShape:privinclude:StepShape_ConnectedEdgeSet.ixx /misc/dn61/LocalWOK/wok_entities/LOC/dev/CR0-OCCT691-7-CR0-OCCT691-occt-64/drv/StepShape/StepShape_ConnectedEdgeSet.ixx
+M StepShape:pubinclude:Handle_StepShape_RightAngularWedge.hxx /misc/dn61/LocalWOK/wok_entities/LOC/dev/CR0-OCCT691-7-CR0-OCCT691-occt-64/inc/Handle_StepShape_RightAngularWedge.hxx
+M StepShape:pubinclude:StepShape_RightAngularWedge.hxx /misc/dn61/LocalWOK/wok_entities/LOC/dev/CR0-OCCT691-7-CR0-OCCT691-occt-64/inc/StepShape_RightAngularWedge.hxx
+M StepShape:privinclude:StepShape_RightAngularWedge.jxx /misc/dn61/LocalWOK/wok_entities/LOC/dev/CR0-OCCT691-7-CR0-OCCT691-occt-64/drv/StepShape/StepShape_RightAngularWedge.jxx
+M StepShape:privinclude:StepShape_RightAngularWedge.ixx /misc/dn61/LocalWOK/wok_entities/LOC/dev/CR0-OCCT691-7-CR0-OCCT691-occt-64/drv/StepShape/StepShape_RightAngularWedge.ixx
+M StepShape:pubinclude:Handle_StepShape_RightCircularCone.hxx /misc/dn61/LocalWOK/wok_entities/LOC/dev/CR0-OCCT691-7-CR0-OCCT691-occt-64/inc/Handle_StepShape_RightCircularCone.hxx
+M StepShape:pubinclude:StepShape_RightCircularCone.hxx /misc/dn61/LocalWOK/wok_entities/LOC/dev/CR0-OCCT691-7-CR0-OCCT691-occt-64/inc/StepShape_RightCircularCone.hxx
+M StepShape:privinclude:StepShape_RightCircularCone.jxx /misc/dn61/LocalWOK/wok_entities/LOC/dev/CR0-OCCT691-7-CR0-OCCT691-occt-64/drv/StepShape/StepShape_RightCircularCone.jxx
+M StepShape:privinclude:StepShape_RightCircularCone.ixx /misc/dn61/LocalWOK/wok_entities/LOC/dev/CR0-OCCT691-7-CR0-OCCT691-occt-64/drv/StepShape/StepShape_RightCircularCone.ixx
+M StepShape:pubinclude:Handle_StepShape_RightCircularCylinder.hxx /misc/dn61/LocalWOK/wok_entities/LOC/dev/CR0-OCCT691-7-CR0-OCCT691-occt-64/inc/Handle_StepShape_RightCircularCylinder.hxx
+M StepShape:pubinclude:StepShape_RightCircularCylinder.hxx /misc/dn61/LocalWOK/wok_entities/LOC/dev/CR0-OCCT691-7-CR0-OCCT691-occt-64/inc/StepShape_RightCircularCylinder.hxx
+M StepShape:privinclude:StepShape_RightCircularCylinder.jxx /misc/dn61/LocalWOK/wok_entities/LOC/dev/CR0-OCCT691-7-CR0-OCCT691-occt-64/drv/StepShape/StepShape_RightCircularCylinder.jxx
+M StepShape:privinclude:StepShape_RightCircularCylinder.ixx /misc/dn61/LocalWOK/wok_entities/LOC/dev/CR0-OCCT691-7-CR0-OCCT691-occt-64/drv/StepShape/StepShape_RightCircularCylinder.ixx
+M StepShape:pubinclude:Handle_StepShape_ShellBasedSurfaceModel.hxx /misc/dn61/LocalWOK/wok_entities/LOC/dev/CR0-OCCT691-7-CR0-OCCT691-occt-64/inc/Handle_StepShape_ShellBasedSurfaceModel.hxx
+M StepShape:pubinclude:StepShape_ShellBasedSurfaceModel.hxx /misc/dn61/LocalWOK/wok_entities/LOC/dev/CR0-OCCT691-7-CR0-OCCT691-occt-64/inc/StepShape_ShellBasedSurfaceModel.hxx
+M StepShape:privinclude:StepShape_ShellBasedSurfaceModel.jxx /misc/dn61/LocalWOK/wok_entities/LOC/dev/CR0-OCCT691-7-CR0-OCCT691-occt-64/drv/StepShape/StepShape_ShellBasedSurfaceModel.jxx
+M StepShape:privinclude:StepShape_ShellBasedSurfaceModel.ixx /misc/dn61/LocalWOK/wok_entities/LOC/dev/CR0-OCCT691-7-CR0-OCCT691-occt-64/drv/StepShape/StepShape_ShellBasedSurfaceModel.ixx
+M StepShape:pubinclude:Handle_StepShape_EdgeBasedWireframeModel.hxx /misc/dn61/LocalWOK/wok_entities/LOC/dev/CR0-OCCT691-7-CR0-OCCT691-occt-64/inc/Handle_StepShape_EdgeBasedWireframeModel.hxx
+M StepShape:pubinclude:StepShape_EdgeBasedWireframeModel.hxx /misc/dn61/LocalWOK/wok_entities/LOC/dev/CR0-OCCT691-7-CR0-OCCT691-occt-64/inc/StepShape_EdgeBasedWireframeModel.hxx
+M StepShape:privinclude:StepShape_EdgeBasedWireframeModel.jxx /misc/dn61/LocalWOK/wok_entities/LOC/dev/CR0-OCCT691-7-CR0-OCCT691-occt-64/drv/StepShape/StepShape_EdgeBasedWireframeModel.jxx
+M StepShape:privinclude:StepShape_EdgeBasedWireframeModel.ixx /misc/dn61/LocalWOK/wok_entities/LOC/dev/CR0-OCCT691-7-CR0-OCCT691-occt-64/drv/StepShape/StepShape_EdgeBasedWireframeModel.ixx
+M StepShape:pubinclude:Handle_StepShape_FaceBasedSurfaceModel.hxx /misc/dn61/LocalWOK/wok_entities/LOC/dev/CR0-OCCT691-7-CR0-OCCT691-occt-64/inc/Handle_StepShape_FaceBasedSurfaceModel.hxx
+M StepShape:pubinclude:StepShape_FaceBasedSurfaceModel.hxx /misc/dn61/LocalWOK/wok_entities/LOC/dev/CR0-OCCT691-7-CR0-OCCT691-occt-64/inc/StepShape_FaceBasedSurfaceModel.hxx
+M StepShape:privinclude:StepShape_FaceBasedSurfaceModel.jxx /misc/dn61/LocalWOK/wok_entities/LOC/dev/CR0-OCCT691-7-CR0-OCCT691-occt-64/drv/StepShape/StepShape_FaceBasedSurfaceModel.jxx
+M StepShape:privinclude:StepShape_FaceBasedSurfaceModel.ixx /misc/dn61/LocalWOK/wok_entities/LOC/dev/CR0-OCCT691-7-CR0-OCCT691-occt-64/drv/StepShape/StepShape_FaceBasedSurfaceModel.ixx
+M StepShape:pubinclude:Handle_StepShape_SolidModel.hxx /misc/dn61/LocalWOK/wok_entities/LOC/dev/CR0-OCCT691-7-CR0-OCCT691-occt-64/inc/Handle_StepShape_SolidModel.hxx
+M StepShape:pubinclude:StepShape_SolidModel.hxx /misc/dn61/LocalWOK/wok_entities/LOC/dev/CR0-OCCT691-7-CR0-OCCT691-occt-64/inc/StepShape_SolidModel.hxx
+M StepShape:privinclude:StepShape_SolidModel.jxx /misc/dn61/LocalWOK/wok_entities/LOC/dev/CR0-OCCT691-7-CR0-OCCT691-occt-64/drv/StepShape/StepShape_SolidModel.jxx
+M StepShape:privinclude:StepShape_SolidModel.ixx /misc/dn61/LocalWOK/wok_entities/LOC/dev/CR0-OCCT691-7-CR0-OCCT691-occt-64/drv/StepShape/StepShape_SolidModel.ixx
+M StepShape:pubinclude:Handle_StepShape_CsgSolid.hxx /misc/dn61/LocalWOK/wok_entities/LOC/dev/CR0-OCCT691-7-CR0-OCCT691-occt-64/inc/Handle_StepShape_CsgSolid.hxx
+M StepShape:pubinclude:StepShape_CsgSolid.hxx /misc/dn61/LocalWOK/wok_entities/LOC/dev/CR0-OCCT691-7-CR0-OCCT691-occt-64/inc/StepShape_CsgSolid.hxx
+M StepShape:privinclude:StepShape_CsgSolid.jxx /misc/dn61/LocalWOK/wok_entities/LOC/dev/CR0-OCCT691-7-CR0-OCCT691-occt-64/drv/StepShape/StepShape_CsgSolid.jxx
+M StepShape:privinclude:StepShape_CsgSolid.ixx /misc/dn61/LocalWOK/wok_entities/LOC/dev/CR0-OCCT691-7-CR0-OCCT691-occt-64/drv/StepShape/StepShape_CsgSolid.ixx
+M StepShape:pubinclude:Handle_StepShape_ManifoldSolidBrep.hxx /misc/dn61/LocalWOK/wok_entities/LOC/dev/CR0-OCCT691-7-CR0-OCCT691-occt-64/inc/Handle_StepShape_ManifoldSolidBrep.hxx
+M StepShape:pubinclude:StepShape_ManifoldSolidBrep.hxx /misc/dn61/LocalWOK/wok_entities/LOC/dev/CR0-OCCT691-7-CR0-OCCT691-occt-64/inc/StepShape_ManifoldSolidBrep.hxx
+M StepShape:privinclude:StepShape_ManifoldSolidBrep.jxx /misc/dn61/LocalWOK/wok_entities/LOC/dev/CR0-OCCT691-7-CR0-OCCT691-occt-64/drv/StepShape/StepShape_ManifoldSolidBrep.jxx
+M StepShape:privinclude:StepShape_ManifoldSolidBrep.ixx /misc/dn61/LocalWOK/wok_entities/LOC/dev/CR0-OCCT691-7-CR0-OCCT691-occt-64/drv/StepShape/StepShape_ManifoldSolidBrep.ixx
+M StepShape:pubinclude:Handle_StepShape_BrepWithVoids.hxx /misc/dn61/LocalWOK/wok_entities/LOC/dev/CR0-OCCT691-7-CR0-OCCT691-occt-64/inc/Handle_StepShape_BrepWithVoids.hxx
+M StepShape:pubinclude:StepShape_BrepWithVoids.hxx /misc/dn61/LocalWOK/wok_entities/LOC/dev/CR0-OCCT691-7-CR0-OCCT691-occt-64/inc/StepShape_BrepWithVoids.hxx
+M StepShape:privinclude:StepShape_BrepWithVoids.jxx /misc/dn61/LocalWOK/wok_entities/LOC/dev/CR0-OCCT691-7-CR0-OCCT691-occt-64/drv/StepShape/StepShape_BrepWithVoids.jxx
+M StepShape:privinclude:StepShape_BrepWithVoids.ixx /misc/dn61/LocalWOK/wok_entities/LOC/dev/CR0-OCCT691-7-CR0-OCCT691-occt-64/drv/StepShape/StepShape_BrepWithVoids.ixx
+M StepShape:pubinclude:Handle_StepShape_FacetedBrep.hxx /misc/dn61/LocalWOK/wok_entities/LOC/dev/CR0-OCCT691-7-CR0-OCCT691-occt-64/inc/Handle_StepShape_FacetedBrep.hxx
+M StepShape:pubinclude:StepShape_FacetedBrep.hxx /misc/dn61/LocalWOK/wok_entities/LOC/dev/CR0-OCCT691-7-CR0-OCCT691-occt-64/inc/StepShape_FacetedBrep.hxx
+M StepShape:privinclude:StepShape_FacetedBrep.jxx /misc/dn61/LocalWOK/wok_entities/LOC/dev/CR0-OCCT691-7-CR0-OCCT691-occt-64/drv/StepShape/StepShape_FacetedBrep.jxx
+M StepShape:privinclude:StepShape_FacetedBrep.ixx /misc/dn61/LocalWOK/wok_entities/LOC/dev/CR0-OCCT691-7-CR0-OCCT691-occt-64/drv/StepShape/StepShape_FacetedBrep.ixx
+M StepShape:pubinclude:Handle_StepShape_FacetedBrepAndBrepWithVoids.hxx /misc/dn61/LocalWOK/wok_entities/LOC/dev/CR0-OCCT691-7-CR0-OCCT691-occt-64/inc/Handle_StepShape_FacetedBrepAndBrepWithVoids.hxx
+M StepShape:pubinclude:StepShape_FacetedBrepAndBrepWithVoids.hxx /misc/dn61/LocalWOK/wok_entities/LOC/dev/CR0-OCCT691-7-CR0-OCCT691-occt-64/inc/StepShape_FacetedBrepAndBrepWithVoids.hxx
+M StepShape:privinclude:StepShape_FacetedBrepAndBrepWithVoids.jxx /misc/dn61/LocalWOK/wok_entities/LOC/dev/CR0-OCCT691-7-CR0-OCCT691-occt-64/drv/StepShape/StepShape_FacetedBrepAndBrepWithVoids.jxx
+M StepShape:privinclude:StepShape_FacetedBrepAndBrepWithVoids.ixx /misc/dn61/LocalWOK/wok_entities/LOC/dev/CR0-OCCT691-7-CR0-OCCT691-occt-64/drv/StepShape/StepShape_FacetedBrepAndBrepWithVoids.ixx
+M StepShape:pubinclude:Handle_StepShape_SolidReplica.hxx /misc/dn61/LocalWOK/wok_entities/LOC/dev/CR0-OCCT691-7-CR0-OCCT691-occt-64/inc/Handle_StepShape_SolidReplica.hxx
+M StepShape:pubinclude:StepShape_SolidReplica.hxx /misc/dn61/LocalWOK/wok_entities/LOC/dev/CR0-OCCT691-7-CR0-OCCT691-occt-64/inc/StepShape_SolidReplica.hxx
+M StepShape:privinclude:StepShape_SolidReplica.jxx /misc/dn61/LocalWOK/wok_entities/LOC/dev/CR0-OCCT691-7-CR0-OCCT691-occt-64/drv/StepShape/StepShape_SolidReplica.jxx
+M StepShape:privinclude:StepShape_SolidReplica.ixx /misc/dn61/LocalWOK/wok_entities/LOC/dev/CR0-OCCT691-7-CR0-OCCT691-occt-64/drv/StepShape/StepShape_SolidReplica.ixx
+M StepShape:pubinclude:Handle_StepShape_SweptAreaSolid.hxx /misc/dn61/LocalWOK/wok_entities/LOC/dev/CR0-OCCT691-7-CR0-OCCT691-occt-64/inc/Handle_StepShape_SweptAreaSolid.hxx
+M StepShape:pubinclude:StepShape_SweptAreaSolid.hxx /misc/dn61/LocalWOK/wok_entities/LOC/dev/CR0-OCCT691-7-CR0-OCCT691-occt-64/inc/StepShape_SweptAreaSolid.hxx
+M StepShape:privinclude:StepShape_SweptAreaSolid.jxx /misc/dn61/LocalWOK/wok_entities/LOC/dev/CR0-OCCT691-7-CR0-OCCT691-occt-64/drv/StepShape/StepShape_SweptAreaSolid.jxx
+M StepShape:privinclude:StepShape_SweptAreaSolid.ixx /misc/dn61/LocalWOK/wok_entities/LOC/dev/CR0-OCCT691-7-CR0-OCCT691-occt-64/drv/StepShape/StepShape_SweptAreaSolid.ixx
+M StepShape:pubinclude:Handle_StepShape_ExtrudedAreaSolid.hxx /misc/dn61/LocalWOK/wok_entities/LOC/dev/CR0-OCCT691-7-CR0-OCCT691-occt-64/inc/Handle_StepShape_ExtrudedAreaSolid.hxx
+M StepShape:pubinclude:StepShape_ExtrudedAreaSolid.hxx /misc/dn61/LocalWOK/wok_entities/LOC/dev/CR0-OCCT691-7-CR0-OCCT691-occt-64/inc/StepShape_ExtrudedAreaSolid.hxx
+M StepShape:privinclude:StepShape_ExtrudedAreaSolid.jxx /misc/dn61/LocalWOK/wok_entities/LOC/dev/CR0-OCCT691-7-CR0-OCCT691-occt-64/drv/StepShape/StepShape_ExtrudedAreaSolid.jxx
+M StepShape:privinclude:StepShape_ExtrudedAreaSolid.ixx /misc/dn61/LocalWOK/wok_entities/LOC/dev/CR0-OCCT691-7-CR0-OCCT691-occt-64/drv/StepShape/StepShape_ExtrudedAreaSolid.ixx
+M StepShape:pubinclude:Handle_StepShape_RevolvedAreaSolid.hxx /misc/dn61/LocalWOK/wok_entities/LOC/dev/CR0-OCCT691-7-CR0-OCCT691-occt-64/inc/Handle_StepShape_RevolvedAreaSolid.hxx
+M StepShape:pubinclude:StepShape_RevolvedAreaSolid.hxx /misc/dn61/LocalWOK/wok_entities/LOC/dev/CR0-OCCT691-7-CR0-OCCT691-occt-64/inc/StepShape_RevolvedAreaSolid.hxx
+M StepShape:privinclude:StepShape_RevolvedAreaSolid.jxx /misc/dn61/LocalWOK/wok_entities/LOC/dev/CR0-OCCT691-7-CR0-OCCT691-occt-64/drv/StepShape/StepShape_RevolvedAreaSolid.jxx
+M StepShape:privinclude:StepShape_RevolvedAreaSolid.ixx /misc/dn61/LocalWOK/wok_entities/LOC/dev/CR0-OCCT691-7-CR0-OCCT691-occt-64/drv/StepShape/StepShape_RevolvedAreaSolid.ixx
+M StepShape:pubinclude:Handle_StepShape_SweptFaceSolid.hxx /misc/dn61/LocalWOK/wok_entities/LOC/dev/CR0-OCCT691-7-CR0-OCCT691-occt-64/inc/Handle_StepShape_SweptFaceSolid.hxx
+M StepShape:pubinclude:StepShape_SweptFaceSolid.hxx /misc/dn61/LocalWOK/wok_entities/LOC/dev/CR0-OCCT691-7-CR0-OCCT691-occt-64/inc/StepShape_SweptFaceSolid.hxx
+M StepShape:privinclude:StepShape_SweptFaceSolid.jxx /misc/dn61/LocalWOK/wok_entities/LOC/dev/CR0-OCCT691-7-CR0-OCCT691-occt-64/drv/StepShape/StepShape_SweptFaceSolid.jxx
+M StepShape:privinclude:StepShape_SweptFaceSolid.ixx /misc/dn61/LocalWOK/wok_entities/LOC/dev/CR0-OCCT691-7-CR0-OCCT691-occt-64/drv/StepShape/StepShape_SweptFaceSolid.ixx
+M StepShape:pubinclude:Handle_StepShape_ExtrudedFaceSolid.hxx /misc/dn61/LocalWOK/wok_entities/LOC/dev/CR0-OCCT691-7-CR0-OCCT691-occt-64/inc/Handle_StepShape_ExtrudedFaceSolid.hxx
+M StepShape:pubinclude:StepShape_ExtrudedFaceSolid.hxx /misc/dn61/LocalWOK/wok_entities/LOC/dev/CR0-OCCT691-7-CR0-OCCT691-occt-64/inc/StepShape_ExtrudedFaceSolid.hxx
+M StepShape:privinclude:StepShape_ExtrudedFaceSolid.jxx /misc/dn61/LocalWOK/wok_entities/LOC/dev/CR0-OCCT691-7-CR0-OCCT691-occt-64/drv/StepShape/StepShape_ExtrudedFaceSolid.jxx
+M StepShape:privinclude:StepShape_ExtrudedFaceSolid.ixx /misc/dn61/LocalWOK/wok_entities/LOC/dev/CR0-OCCT691-7-CR0-OCCT691-occt-64/drv/StepShape/StepShape_ExtrudedFaceSolid.ixx
+M StepShape:pubinclude:Handle_StepShape_RevolvedFaceSolid.hxx /misc/dn61/LocalWOK/wok_entities/LOC/dev/CR0-OCCT691-7-CR0-OCCT691-occt-64/inc/Handle_StepShape_RevolvedFaceSolid.hxx
+M StepShape:pubinclude:StepShape_RevolvedFaceSolid.hxx /misc/dn61/LocalWOK/wok_entities/LOC/dev/CR0-OCCT691-7-CR0-OCCT691-occt-64/inc/StepShape_RevolvedFaceSolid.hxx
+M StepShape:privinclude:StepShape_RevolvedFaceSolid.jxx /misc/dn61/LocalWOK/wok_entities/LOC/dev/CR0-OCCT691-7-CR0-OCCT691-occt-64/drv/StepShape/StepShape_RevolvedFaceSolid.jxx
+M StepShape:privinclude:StepShape_RevolvedFaceSolid.ixx /misc/dn61/LocalWOK/wok_entities/LOC/dev/CR0-OCCT691-7-CR0-OCCT691-occt-64/drv/StepShape/StepShape_RevolvedFaceSolid.ixx
+M StepShape:pubinclude:Handle_StepShape_Sphere.hxx /misc/dn61/LocalWOK/wok_entities/LOC/dev/CR0-OCCT691-7-CR0-OCCT691-occt-64/inc/Handle_StepShape_Sphere.hxx
+M StepShape:pubinclude:StepShape_Sphere.hxx /misc/dn61/LocalWOK/wok_entities/LOC/dev/CR0-OCCT691-7-CR0-OCCT691-occt-64/inc/StepShape_Sphere.hxx
+M StepShape:privinclude:StepShape_Sphere.jxx /misc/dn61/LocalWOK/wok_entities/LOC/dev/CR0-OCCT691-7-CR0-OCCT691-occt-64/drv/StepShape/StepShape_Sphere.jxx
+M StepShape:privinclude:StepShape_Sphere.ixx /misc/dn61/LocalWOK/wok_entities/LOC/dev/CR0-OCCT691-7-CR0-OCCT691-occt-64/drv/StepShape/StepShape_Sphere.ixx
+M StepShape:pubinclude:Handle_StepShape_Torus.hxx /misc/dn61/LocalWOK/wok_entities/LOC/dev/CR0-OCCT691-7-CR0-OCCT691-occt-64/inc/Handle_StepShape_Torus.hxx
+M StepShape:pubinclude:StepShape_Torus.hxx /misc/dn61/LocalWOK/wok_entities/LOC/dev/CR0-OCCT691-7-CR0-OCCT691-occt-64/inc/StepShape_Torus.hxx
+M StepShape:privinclude:StepShape_Torus.jxx /misc/dn61/LocalWOK/wok_entities/LOC/dev/CR0-OCCT691-7-CR0-OCCT691-occt-64/drv/StepShape/StepShape_Torus.jxx
+M StepShape:privinclude:StepShape_Torus.ixx /misc/dn61/LocalWOK/wok_entities/LOC/dev/CR0-OCCT691-7-CR0-OCCT691-occt-64/drv/StepShape/StepShape_Torus.ixx
+M StepShape:pubinclude:Handle_StepShape_DefinitionalRepresentationAndShapeRepresentation.hxx /misc/dn61/LocalWOK/wok_entities/LOC/dev/CR0-OCCT691-7-CR0-OCCT691-occt-64/inc/Handle_StepShape_DefinitionalRepresentationAndShapeRepresentation.hxx
+M StepShape:pubinclude:StepShape_DefinitionalRepresentationAndShapeRepresentation.hxx /misc/dn61/LocalWOK/wok_entities/LOC/dev/CR0-OCCT691-7-CR0-OCCT691-occt-64/inc/StepShape_DefinitionalRepresentationAndShapeRepresentation.hxx
+M StepShape:privinclude:StepShape_DefinitionalRepresentationAndShapeRepresentation.jxx /misc/dn61/LocalWOK/wok_entities/LOC/dev/CR0-OCCT691-7-CR0-OCCT691-occt-64/drv/StepShape/StepShape_DefinitionalRepresentationAndShapeRepresentation.jxx
+M StepShape:privinclude:StepShape_DefinitionalRepresentationAndShapeRepresentation.ixx /misc/dn61/LocalWOK/wok_entities/LOC/dev/CR0-OCCT691-7-CR0-OCCT691-occt-64/drv/StepShape/StepShape_DefinitionalRepresentationAndShapeRepresentation.ixx
+M StepShape:pubinclude:Handle_StepShape_TopologicalRepresentationItem.hxx /misc/dn61/LocalWOK/wok_entities/LOC/dev/CR0-OCCT691-7-CR0-OCCT691-occt-64/inc/Handle_StepShape_TopologicalRepresentationItem.hxx
+M StepShape:pubinclude:StepShape_TopologicalRepresentationItem.hxx /misc/dn61/LocalWOK/wok_entities/LOC/dev/CR0-OCCT691-7-CR0-OCCT691-occt-64/inc/StepShape_TopologicalRepresentationItem.hxx
+M StepShape:privinclude:StepShape_TopologicalRepresentationItem.jxx /misc/dn61/LocalWOK/wok_entities/LOC/dev/CR0-OCCT691-7-CR0-OCCT691-occt-64/drv/StepShape/StepShape_TopologicalRepresentationItem.jxx
+M StepShape:privinclude:StepShape_TopologicalRepresentationItem.ixx /misc/dn61/LocalWOK/wok_entities/LOC/dev/CR0-OCCT691-7-CR0-OCCT691-occt-64/drv/StepShape/StepShape_TopologicalRepresentationItem.ixx
+M StepShape:pubinclude:Handle_StepShape_ConnectedFaceSet.hxx /misc/dn61/LocalWOK/wok_entities/LOC/dev/CR0-OCCT691-7-CR0-OCCT691-occt-64/inc/Handle_StepShape_ConnectedFaceSet.hxx
+M StepShape:pubinclude:StepShape_ConnectedFaceSet.hxx /misc/dn61/LocalWOK/wok_entities/LOC/dev/CR0-OCCT691-7-CR0-OCCT691-occt-64/inc/StepShape_ConnectedFaceSet.hxx
+M StepShape:privinclude:StepShape_ConnectedFaceSet.jxx /misc/dn61/LocalWOK/wok_entities/LOC/dev/CR0-OCCT691-7-CR0-OCCT691-occt-64/drv/StepShape/StepShape_ConnectedFaceSet.jxx
+M StepShape:privinclude:StepShape_ConnectedFaceSet.ixx /misc/dn61/LocalWOK/wok_entities/LOC/dev/CR0-OCCT691-7-CR0-OCCT691-occt-64/drv/StepShape/StepShape_ConnectedFaceSet.ixx
+M StepShape:pubinclude:Handle_StepShape_ClosedShell.hxx /misc/dn61/LocalWOK/wok_entities/LOC/dev/CR0-OCCT691-7-CR0-OCCT691-occt-64/inc/Handle_StepShape_ClosedShell.hxx
+M StepShape:pubinclude:StepShape_ClosedShell.hxx /misc/dn61/LocalWOK/wok_entities/LOC/dev/CR0-OCCT691-7-CR0-OCCT691-occt-64/inc/StepShape_ClosedShell.hxx
+M StepShape:privinclude:StepShape_ClosedShell.jxx /misc/dn61/LocalWOK/wok_entities/LOC/dev/CR0-OCCT691-7-CR0-OCCT691-occt-64/drv/StepShape/StepShape_ClosedShell.jxx
+M StepShape:privinclude:StepShape_ClosedShell.ixx /misc/dn61/LocalWOK/wok_entities/LOC/dev/CR0-OCCT691-7-CR0-OCCT691-occt-64/drv/StepShape/StepShape_ClosedShell.ixx
+M StepShape:pubinclude:Handle_StepShape_OrientedClosedShell.hxx /misc/dn61/LocalWOK/wok_entities/LOC/dev/CR0-OCCT691-7-CR0-OCCT691-occt-64/inc/Handle_StepShape_OrientedClosedShell.hxx
+M StepShape:pubinclude:StepShape_OrientedClosedShell.hxx /misc/dn61/LocalWOK/wok_entities/LOC/dev/CR0-OCCT691-7-CR0-OCCT691-occt-64/inc/StepShape_OrientedClosedShell.hxx
+M StepShape:privinclude:StepShape_OrientedClosedShell.jxx /misc/dn61/LocalWOK/wok_entities/LOC/dev/CR0-OCCT691-7-CR0-OCCT691-occt-64/drv/StepShape/StepShape_OrientedClosedShell.jxx
+M StepShape:privinclude:StepShape_OrientedClosedShell.ixx /misc/dn61/LocalWOK/wok_entities/LOC/dev/CR0-OCCT691-7-CR0-OCCT691-occt-64/drv/StepShape/StepShape_OrientedClosedShell.ixx
+M StepShape:pubinclude:Handle_StepShape_OpenShell.hxx /misc/dn61/LocalWOK/wok_entities/LOC/dev/CR0-OCCT691-7-CR0-OCCT691-occt-64/inc/Handle_StepShape_OpenShell.hxx
+M StepShape:pubinclude:StepShape_OpenShell.hxx /misc/dn61/LocalWOK/wok_entities/LOC/dev/CR0-OCCT691-7-CR0-OCCT691-occt-64/inc/StepShape_OpenShell.hxx
+M StepShape:privinclude:StepShape_OpenShell.jxx /misc/dn61/LocalWOK/wok_entities/LOC/dev/CR0-OCCT691-7-CR0-OCCT691-occt-64/drv/StepShape/StepShape_OpenShell.jxx
+M StepShape:privinclude:StepShape_OpenShell.ixx /misc/dn61/LocalWOK/wok_entities/LOC/dev/CR0-OCCT691-7-CR0-OCCT691-occt-64/drv/StepShape/StepShape_OpenShell.ixx
+M StepShape:pubinclude:Handle_StepShape_OrientedOpenShell.hxx /misc/dn61/LocalWOK/wok_entities/LOC/dev/CR0-OCCT691-7-CR0-OCCT691-occt-64/inc/Handle_StepShape_OrientedOpenShell.hxx
+M StepShape:pubinclude:StepShape_OrientedOpenShell.hxx /misc/dn61/LocalWOK/wok_entities/LOC/dev/CR0-OCCT691-7-CR0-OCCT691-occt-64/inc/StepShape_OrientedOpenShell.hxx
+M StepShape:privinclude:StepShape_OrientedOpenShell.jxx /misc/dn61/LocalWOK/wok_entities/LOC/dev/CR0-OCCT691-7-CR0-OCCT691-occt-64/drv/StepShape/StepShape_OrientedOpenShell.jxx
+M StepShape:privinclude:StepShape_OrientedOpenShell.ixx /misc/dn61/LocalWOK/wok_entities/LOC/dev/CR0-OCCT691-7-CR0-OCCT691-occt-64/drv/StepShape/StepShape_OrientedOpenShell.ixx
+M StepShape:pubinclude:Handle_StepShape_ConnectedFaceSubSet.hxx /misc/dn61/LocalWOK/wok_entities/LOC/dev/CR0-OCCT691-7-CR0-OCCT691-occt-64/inc/Handle_StepShape_ConnectedFaceSubSet.hxx
+M StepShape:pubinclude:StepShape_ConnectedFaceSubSet.hxx /misc/dn61/LocalWOK/wok_entities/LOC/dev/CR0-OCCT691-7-CR0-OCCT691-occt-64/inc/StepShape_ConnectedFaceSubSet.hxx
+M StepShape:privinclude:StepShape_ConnectedFaceSubSet.jxx /misc/dn61/LocalWOK/wok_entities/LOC/dev/CR0-OCCT691-7-CR0-OCCT691-occt-64/drv/StepShape/StepShape_ConnectedFaceSubSet.jxx
+M StepShape:privinclude:StepShape_ConnectedFaceSubSet.ixx /misc/dn61/LocalWOK/wok_entities/LOC/dev/CR0-OCCT691-7-CR0-OCCT691-occt-64/drv/StepShape/StepShape_ConnectedFaceSubSet.ixx
+M StepShape:pubinclude:Handle_StepShape_Edge.hxx /misc/dn61/LocalWOK/wok_entities/LOC/dev/CR0-OCCT691-7-CR0-OCCT691-occt-64/inc/Handle_StepShape_Edge.hxx
+M StepShape:pubinclude:StepShape_Edge.hxx /misc/dn61/LocalWOK/wok_entities/LOC/dev/CR0-OCCT691-7-CR0-OCCT691-occt-64/inc/StepShape_Edge.hxx
+M StepShape:privinclude:StepShape_Edge.jxx /misc/dn61/LocalWOK/wok_entities/LOC/dev/CR0-OCCT691-7-CR0-OCCT691-occt-64/drv/StepShape/StepShape_Edge.jxx
+M StepShape:privinclude:StepShape_Edge.ixx /misc/dn61/LocalWOK/wok_entities/LOC/dev/CR0-OCCT691-7-CR0-OCCT691-occt-64/drv/StepShape/StepShape_Edge.ixx
+M StepShape:pubinclude:Handle_StepShape_EdgeCurve.hxx /misc/dn61/LocalWOK/wok_entities/LOC/dev/CR0-OCCT691-7-CR0-OCCT691-occt-64/inc/Handle_StepShape_EdgeCurve.hxx
+M StepShape:pubinclude:StepShape_EdgeCurve.hxx /misc/dn61/LocalWOK/wok_entities/LOC/dev/CR0-OCCT691-7-CR0-OCCT691-occt-64/inc/StepShape_EdgeCurve.hxx
+M StepShape:privinclude:StepShape_EdgeCurve.jxx /misc/dn61/LocalWOK/wok_entities/LOC/dev/CR0-OCCT691-7-CR0-OCCT691-occt-64/drv/StepShape/StepShape_EdgeCurve.jxx
+M StepShape:privinclude:StepShape_EdgeCurve.ixx /misc/dn61/LocalWOK/wok_entities/LOC/dev/CR0-OCCT691-7-CR0-OCCT691-occt-64/drv/StepShape/StepShape_EdgeCurve.ixx
+M StepShape:pubinclude:Handle_StepShape_OrientedEdge.hxx /misc/dn61/LocalWOK/wok_entities/LOC/dev/CR0-OCCT691-7-CR0-OCCT691-occt-64/inc/Handle_StepShape_OrientedEdge.hxx
+M StepShape:pubinclude:StepShape_OrientedEdge.hxx /misc/dn61/LocalWOK/wok_entities/LOC/dev/CR0-OCCT691-7-CR0-OCCT691-occt-64/inc/StepShape_OrientedEdge.hxx
+M StepShape:privinclude:StepShape_OrientedEdge.jxx /misc/dn61/LocalWOK/wok_entities/LOC/dev/CR0-OCCT691-7-CR0-OCCT691-occt-64/drv/StepShape/StepShape_OrientedEdge.jxx
+M StepShape:privinclude:StepShape_OrientedEdge.ixx /misc/dn61/LocalWOK/wok_entities/LOC/dev/CR0-OCCT691-7-CR0-OCCT691-occt-64/drv/StepShape/StepShape_OrientedEdge.ixx
+M StepShape:pubinclude:Handle_StepShape_Subedge.hxx /misc/dn61/LocalWOK/wok_entities/LOC/dev/CR0-OCCT691-7-CR0-OCCT691-occt-64/inc/Handle_StepShape_Subedge.hxx
+M StepShape:pubinclude:StepShape_Subedge.hxx /misc/dn61/LocalWOK/wok_entities/LOC/dev/CR0-OCCT691-7-CR0-OCCT691-occt-64/inc/StepShape_Subedge.hxx
+M StepShape:privinclude:StepShape_Subedge.jxx /misc/dn61/LocalWOK/wok_entities/LOC/dev/CR0-OCCT691-7-CR0-OCCT691-occt-64/drv/StepShape/StepShape_Subedge.jxx
+M StepShape:privinclude:StepShape_Subedge.ixx /misc/dn61/LocalWOK/wok_entities/LOC/dev/CR0-OCCT691-7-CR0-OCCT691-occt-64/drv/StepShape/StepShape_Subedge.ixx
+M StepShape:pubinclude:Handle_StepShape_SeamEdge.hxx /misc/dn61/LocalWOK/wok_entities/LOC/dev/CR0-OCCT691-7-CR0-OCCT691-occt-64/inc/Handle_StepShape_SeamEdge.hxx
+M StepShape:pubinclude:StepShape_SeamEdge.hxx /misc/dn61/LocalWOK/wok_entities/LOC/dev/CR0-OCCT691-7-CR0-OCCT691-occt-64/inc/StepShape_SeamEdge.hxx
+M StepShape:privinclude:StepShape_SeamEdge.jxx /misc/dn61/LocalWOK/wok_entities/LOC/dev/CR0-OCCT691-7-CR0-OCCT691-occt-64/drv/StepShape/StepShape_SeamEdge.jxx
+M StepShape:privinclude:StepShape_SeamEdge.ixx /misc/dn61/LocalWOK/wok_entities/LOC/dev/CR0-OCCT691-7-CR0-OCCT691-occt-64/drv/StepShape/StepShape_SeamEdge.ixx
+M StepShape:pubinclude:Handle_StepShape_Face.hxx /misc/dn61/LocalWOK/wok_entities/LOC/dev/CR0-OCCT691-7-CR0-OCCT691-occt-64/inc/Handle_StepShape_Face.hxx
+M StepShape:pubinclude:StepShape_Face.hxx /misc/dn61/LocalWOK/wok_entities/LOC/dev/CR0-OCCT691-7-CR0-OCCT691-occt-64/inc/StepShape_Face.hxx
+M StepShape:privinclude:StepShape_Face.jxx /misc/dn61/LocalWOK/wok_entities/LOC/dev/CR0-OCCT691-7-CR0-OCCT691-occt-64/drv/StepShape/StepShape_Face.jxx
+M StepShape:privinclude:StepShape_Face.ixx /misc/dn61/LocalWOK/wok_entities/LOC/dev/CR0-OCCT691-7-CR0-OCCT691-occt-64/drv/StepShape/StepShape_Face.ixx
+M StepShape:pubinclude:Handle_StepShape_FaceSurface.hxx /misc/dn61/LocalWOK/wok_entities/LOC/dev/CR0-OCCT691-7-CR0-OCCT691-occt-64/inc/Handle_StepShape_FaceSurface.hxx
+M StepShape:pubinclude:StepShape_FaceSurface.hxx /misc/dn61/LocalWOK/wok_entities/LOC/dev/CR0-OCCT691-7-CR0-OCCT691-occt-64/inc/StepShape_FaceSurface.hxx
+M StepShape:privinclude:StepShape_FaceSurface.jxx /misc/dn61/LocalWOK/wok_entities/LOC/dev/CR0-OCCT691-7-CR0-OCCT691-occt-64/drv/StepShape/StepShape_FaceSurface.jxx
+M StepShape:privinclude:StepShape_FaceSurface.ixx /misc/dn61/LocalWOK/wok_entities/LOC/dev/CR0-OCCT691-7-CR0-OCCT691-occt-64/drv/StepShape/StepShape_FaceSurface.ixx
+M StepShape:pubinclude:Handle_StepShape_AdvancedFace.hxx /misc/dn61/LocalWOK/wok_entities/LOC/dev/CR0-OCCT691-7-CR0-OCCT691-occt-64/inc/Handle_StepShape_AdvancedFace.hxx
+M StepShape:pubinclude:StepShape_AdvancedFace.hxx /misc/dn61/LocalWOK/wok_entities/LOC/dev/CR0-OCCT691-7-CR0-OCCT691-occt-64/inc/StepShape_AdvancedFace.hxx
+M StepShape:privinclude:StepShape_AdvancedFace.jxx /misc/dn61/LocalWOK/wok_entities/LOC/dev/CR0-OCCT691-7-CR0-OCCT691-occt-64/drv/StepShape/StepShape_AdvancedFace.jxx
+M StepShape:privinclude:StepShape_AdvancedFace.ixx /misc/dn61/LocalWOK/wok_entities/LOC/dev/CR0-OCCT691-7-CR0-OCCT691-occt-64/drv/StepShape/StepShape_AdvancedFace.ixx
+M StepShape:pubinclude:Handle_StepShape_OrientedFace.hxx /misc/dn61/LocalWOK/wok_entities/LOC/dev/CR0-OCCT691-7-CR0-OCCT691-occt-64/inc/Handle_StepShape_OrientedFace.hxx
+M StepShape:pubinclude:StepShape_OrientedFace.hxx /misc/dn61/LocalWOK/wok_entities/LOC/dev/CR0-OCCT691-7-CR0-OCCT691-occt-64/inc/StepShape_OrientedFace.hxx
+M StepShape:privinclude:StepShape_OrientedFace.jxx /misc/dn61/LocalWOK/wok_entities/LOC/dev/CR0-OCCT691-7-CR0-OCCT691-occt-64/drv/StepShape/StepShape_OrientedFace.jxx
+M StepShape:privinclude:StepShape_OrientedFace.ixx /misc/dn61/LocalWOK/wok_entities/LOC/dev/CR0-OCCT691-7-CR0-OCCT691-occt-64/drv/StepShape/StepShape_OrientedFace.ixx
+M StepShape:pubinclude:Handle_StepShape_Subface.hxx /misc/dn61/LocalWOK/wok_entities/LOC/dev/CR0-OCCT691-7-CR0-OCCT691-occt-64/inc/Handle_StepShape_Subface.hxx
+M StepShape:pubinclude:StepShape_Subface.hxx /misc/dn61/LocalWOK/wok_entities/LOC/dev/CR0-OCCT691-7-CR0-OCCT691-occt-64/inc/StepShape_Subface.hxx
+M StepShape:privinclude:StepShape_Subface.jxx /misc/dn61/LocalWOK/wok_entities/LOC/dev/CR0-OCCT691-7-CR0-OCCT691-occt-64/drv/StepShape/StepShape_Subface.jxx
+M StepShape:privinclude:StepShape_Subface.ixx /misc/dn61/LocalWOK/wok_entities/LOC/dev/CR0-OCCT691-7-CR0-OCCT691-occt-64/drv/StepShape/StepShape_Subface.ixx
+M StepShape:pubinclude:Handle_StepShape_FaceBound.hxx /misc/dn61/LocalWOK/wok_entities/LOC/dev/CR0-OCCT691-7-CR0-OCCT691-occt-64/inc/Handle_StepShape_FaceBound.hxx
+M StepShape:pubinclude:StepShape_FaceBound.hxx /misc/dn61/LocalWOK/wok_entities/LOC/dev/CR0-OCCT691-7-CR0-OCCT691-occt-64/inc/StepShape_FaceBound.hxx
+M StepShape:privinclude:StepShape_FaceBound.jxx /misc/dn61/LocalWOK/wok_entities/LOC/dev/CR0-OCCT691-7-CR0-OCCT691-occt-64/drv/StepShape/StepShape_FaceBound.jxx
+M StepShape:privinclude:StepShape_FaceBound.ixx /misc/dn61/LocalWOK/wok_entities/LOC/dev/CR0-OCCT691-7-CR0-OCCT691-occt-64/drv/StepShape/StepShape_FaceBound.ixx
+M StepShape:pubinclude:Handle_StepShape_FaceOuterBound.hxx /misc/dn61/LocalWOK/wok_entities/LOC/dev/CR0-OCCT691-7-CR0-OCCT691-occt-64/inc/Handle_StepShape_FaceOuterBound.hxx
+M StepShape:pubinclude:StepShape_FaceOuterBound.hxx /misc/dn61/LocalWOK/wok_entities/LOC/dev/CR0-OCCT691-7-CR0-OCCT691-occt-64/inc/StepShape_FaceOuterBound.hxx
+M StepShape:privinclude:StepShape_FaceOuterBound.jxx /misc/dn61/LocalWOK/wok_entities/LOC/dev/CR0-OCCT691-7-CR0-OCCT691-occt-64/drv/StepShape/StepShape_FaceOuterBound.jxx
+M StepShape:privinclude:StepShape_FaceOuterBound.ixx /misc/dn61/LocalWOK/wok_entities/LOC/dev/CR0-OCCT691-7-CR0-OCCT691-occt-64/drv/StepShape/StepShape_FaceOuterBound.ixx
+M StepShape:pubinclude:Handle_StepShape_Loop.hxx /misc/dn61/LocalWOK/wok_entities/LOC/dev/CR0-OCCT691-7-CR0-OCCT691-occt-64/inc/Handle_StepShape_Loop.hxx
+M StepShape:pubinclude:StepShape_Loop.hxx /misc/dn61/LocalWOK/wok_entities/LOC/dev/CR0-OCCT691-7-CR0-OCCT691-occt-64/inc/StepShape_Loop.hxx
+M StepShape:privinclude:StepShape_Loop.jxx /misc/dn61/LocalWOK/wok_entities/LOC/dev/CR0-OCCT691-7-CR0-OCCT691-occt-64/drv/StepShape/StepShape_Loop.jxx
+M StepShape:privinclude:StepShape_Loop.ixx /misc/dn61/LocalWOK/wok_entities/LOC/dev/CR0-OCCT691-7-CR0-OCCT691-occt-64/drv/StepShape/StepShape_Loop.ixx
+M StepShape:pubinclude:Handle_StepShape_EdgeLoop.hxx /misc/dn61/LocalWOK/wok_entities/LOC/dev/CR0-OCCT691-7-CR0-OCCT691-occt-64/inc/Handle_StepShape_EdgeLoop.hxx
+M StepShape:pubinclude:StepShape_EdgeLoop.hxx /misc/dn61/LocalWOK/wok_entities/LOC/dev/CR0-OCCT691-7-CR0-OCCT691-occt-64/inc/StepShape_EdgeLoop.hxx
+M StepShape:privinclude:StepShape_EdgeLoop.jxx /misc/dn61/LocalWOK/wok_entities/LOC/dev/CR0-OCCT691-7-CR0-OCCT691-occt-64/drv/StepShape/StepShape_EdgeLoop.jxx
+M StepShape:privinclude:StepShape_EdgeLoop.ixx /misc/dn61/LocalWOK/wok_entities/LOC/dev/CR0-OCCT691-7-CR0-OCCT691-occt-64/drv/StepShape/StepShape_EdgeLoop.ixx
+M StepShape:pubinclude:Handle_StepShape_PolyLoop.hxx /misc/dn61/LocalWOK/wok_entities/LOC/dev/CR0-OCCT691-7-CR0-OCCT691-occt-64/inc/Handle_StepShape_PolyLoop.hxx
+M StepShape:pubinclude:StepShape_PolyLoop.hxx /misc/dn61/LocalWOK/wok_entities/LOC/dev/CR0-OCCT691-7-CR0-OCCT691-occt-64/inc/StepShape_PolyLoop.hxx
+M StepShape:privinclude:StepShape_PolyLoop.jxx /misc/dn61/LocalWOK/wok_entities/LOC/dev/CR0-OCCT691-7-CR0-OCCT691-occt-64/drv/StepShape/StepShape_PolyLoop.jxx
+M StepShape:privinclude:StepShape_PolyLoop.ixx /misc/dn61/LocalWOK/wok_entities/LOC/dev/CR0-OCCT691-7-CR0-OCCT691-occt-64/drv/StepShape/StepShape_PolyLoop.ixx
+M StepShape:pubinclude:Handle_StepShape_VertexLoop.hxx /misc/dn61/LocalWOK/wok_entities/LOC/dev/CR0-OCCT691-7-CR0-OCCT691-occt-64/inc/Handle_StepShape_VertexLoop.hxx
+M StepShape:pubinclude:StepShape_VertexLoop.hxx /misc/dn61/LocalWOK/wok_entities/LOC/dev/CR0-OCCT691-7-CR0-OCCT691-occt-64/inc/StepShape_VertexLoop.hxx
+M StepShape:privinclude:StepShape_VertexLoop.jxx /misc/dn61/LocalWOK/wok_entities/LOC/dev/CR0-OCCT691-7-CR0-OCCT691-occt-64/drv/StepShape/StepShape_VertexLoop.jxx
+M StepShape:privinclude:StepShape_VertexLoop.ixx /misc/dn61/LocalWOK/wok_entities/LOC/dev/CR0-OCCT691-7-CR0-OCCT691-occt-64/drv/StepShape/StepShape_VertexLoop.ixx
+M StepShape:pubinclude:Handle_StepShape_Path.hxx /misc/dn61/LocalWOK/wok_entities/LOC/dev/CR0-OCCT691-7-CR0-OCCT691-occt-64/inc/Handle_StepShape_Path.hxx
+M StepShape:pubinclude:StepShape_Path.hxx /misc/dn61/LocalWOK/wok_entities/LOC/dev/CR0-OCCT691-7-CR0-OCCT691-occt-64/inc/StepShape_Path.hxx
+M StepShape:privinclude:StepShape_Path.jxx /misc/dn61/LocalWOK/wok_entities/LOC/dev/CR0-OCCT691-7-CR0-OCCT691-occt-64/drv/StepShape/StepShape_Path.jxx
+M StepShape:privinclude:StepShape_Path.ixx /misc/dn61/LocalWOK/wok_entities/LOC/dev/CR0-OCCT691-7-CR0-OCCT691-occt-64/drv/StepShape/StepShape_Path.ixx
+M StepShape:pubinclude:Handle_StepShape_OrientedPath.hxx /misc/dn61/LocalWOK/wok_entities/LOC/dev/CR0-OCCT691-7-CR0-OCCT691-occt-64/inc/Handle_StepShape_OrientedPath.hxx
+M StepShape:pubinclude:StepShape_OrientedPath.hxx /misc/dn61/LocalWOK/wok_entities/LOC/dev/CR0-OCCT691-7-CR0-OCCT691-occt-64/inc/StepShape_OrientedPath.hxx
+M StepShape:privinclude:StepShape_OrientedPath.jxx /misc/dn61/LocalWOK/wok_entities/LOC/dev/CR0-OCCT691-7-CR0-OCCT691-occt-64/drv/StepShape/StepShape_OrientedPath.jxx
+M StepShape:privinclude:StepShape_OrientedPath.ixx /misc/dn61/LocalWOK/wok_entities/LOC/dev/CR0-OCCT691-7-CR0-OCCT691-occt-64/drv/StepShape/StepShape_OrientedPath.ixx
+M StepShape:pubinclude:Handle_StepShape_Vertex.hxx /misc/dn61/LocalWOK/wok_entities/LOC/dev/CR0-OCCT691-7-CR0-OCCT691-occt-64/inc/Handle_StepShape_Vertex.hxx
+M StepShape:pubinclude:StepShape_Vertex.hxx /misc/dn61/LocalWOK/wok_entities/LOC/dev/CR0-OCCT691-7-CR0-OCCT691-occt-64/inc/StepShape_Vertex.hxx
+M StepShape:privinclude:StepShape_Vertex.jxx /misc/dn61/LocalWOK/wok_entities/LOC/dev/CR0-OCCT691-7-CR0-OCCT691-occt-64/drv/StepShape/StepShape_Vertex.jxx
+M StepShape:privinclude:StepShape_Vertex.ixx /misc/dn61/LocalWOK/wok_entities/LOC/dev/CR0-OCCT691-7-CR0-OCCT691-occt-64/drv/StepShape/StepShape_Vertex.ixx
+M StepShape:pubinclude:Handle_StepShape_VertexPoint.hxx /misc/dn61/LocalWOK/wok_entities/LOC/dev/CR0-OCCT691-7-CR0-OCCT691-occt-64/inc/Handle_StepShape_VertexPoint.hxx
+M StepShape:pubinclude:StepShape_VertexPoint.hxx /misc/dn61/LocalWOK/wok_entities/LOC/dev/CR0-OCCT691-7-CR0-OCCT691-occt-64/inc/StepShape_VertexPoint.hxx
+M StepShape:privinclude:StepShape_VertexPoint.jxx /misc/dn61/LocalWOK/wok_entities/LOC/dev/CR0-OCCT691-7-CR0-OCCT691-occt-64/drv/StepShape/StepShape_VertexPoint.jxx
+M StepShape:privinclude:StepShape_VertexPoint.ixx /misc/dn61/LocalWOK/wok_entities/LOC/dev/CR0-OCCT691-7-CR0-OCCT691-occt-64/drv/StepShape/StepShape_VertexPoint.ixx
+M StepShape:pubinclude:Handle_StepShape_LoopAndPath.hxx /misc/dn61/LocalWOK/wok_entities/LOC/dev/CR0-OCCT691-7-CR0-OCCT691-occt-64/inc/Handle_StepShape_LoopAndPath.hxx
+M StepShape:pubinclude:StepShape_LoopAndPath.hxx /misc/dn61/LocalWOK/wok_entities/LOC/dev/CR0-OCCT691-7-CR0-OCCT691-occt-64/inc/StepShape_LoopAndPath.hxx
+M StepShape:privinclude:StepShape_LoopAndPath.jxx /misc/dn61/LocalWOK/wok_entities/LOC/dev/CR0-OCCT691-7-CR0-OCCT691-occt-64/drv/StepShape/StepShape_LoopAndPath.jxx
+M StepShape:privinclude:StepShape_LoopAndPath.ixx /misc/dn61/LocalWOK/wok_entities/LOC/dev/CR0-OCCT691-7-CR0-OCCT691-occt-64/drv/StepShape/StepShape_LoopAndPath.ixx
+M StepShape:pubinclude:Handle_StepShape_ShapeRepresentationWithParameters.hxx /misc/dn61/LocalWOK/wok_entities/LOC/dev/CR0-OCCT691-7-CR0-OCCT691-occt-64/inc/Handle_StepShape_ShapeRepresentationWithParameters.hxx
+M StepShape:pubinclude:StepShape_ShapeRepresentationWithParameters.hxx /misc/dn61/LocalWOK/wok_entities/LOC/dev/CR0-OCCT691-7-CR0-OCCT691-occt-64/inc/StepShape_ShapeRepresentationWithParameters.hxx
+M StepShape:privinclude:StepShape_ShapeRepresentationWithParameters.jxx /misc/dn61/LocalWOK/wok_entities/LOC/dev/CR0-OCCT691-7-CR0-OCCT691-occt-64/drv/StepShape/StepShape_ShapeRepresentationWithParameters.jxx
+M StepShape:privinclude:StepShape_ShapeRepresentationWithParameters.ixx /misc/dn61/LocalWOK/wok_entities/LOC/dev/CR0-OCCT691-7-CR0-OCCT691-occt-64/drv/StepShape/StepShape_ShapeRepresentationWithParameters.ixx
+M StepShape:pubinclude:Handle_StepShape_ContextDependentShapeRepresentation.hxx /misc/dn61/LocalWOK/wok_entities/LOC/dev/CR0-OCCT691-7-CR0-OCCT691-occt-64/inc/Handle_StepShape_ContextDependentShapeRepresentation.hxx
+M StepShape:pubinclude:StepShape_ContextDependentShapeRepresentation.hxx /misc/dn61/LocalWOK/wok_entities/LOC/dev/CR0-OCCT691-7-CR0-OCCT691-occt-64/inc/StepShape_ContextDependentShapeRepresentation.hxx
+M StepShape:privinclude:StepShape_ContextDependentShapeRepresentation.jxx /misc/dn61/LocalWOK/wok_entities/LOC/dev/CR0-OCCT691-7-CR0-OCCT691-occt-64/drv/StepShape/StepShape_ContextDependentShapeRepresentation.jxx
+M StepShape:privinclude:StepShape_ContextDependentShapeRepresentation.ixx /misc/dn61/LocalWOK/wok_entities/LOC/dev/CR0-OCCT691-7-CR0-OCCT691-occt-64/drv/StepShape/StepShape_ContextDependentShapeRepresentation.ixx
+M StepShape:pubinclude:StepShape_Array1OfOrientedClosedShell.hxx /misc/dn61/LocalWOK/wok_entities/LOC/dev/CR0-OCCT691-7-CR0-OCCT691-occt-64/inc/StepShape_Array1OfOrientedClosedShell.hxx
+M StepShape:derivated:StepShape_Array1OfOrientedClosedShell_0.cxx /misc/dn61/LocalWOK/wok_entities/LOC/dev/CR0-OCCT691-7-CR0-OCCT691-occt-64/drv/StepShape/StepShape_Array1OfOrientedClosedShell_0.cxx
+M StepShape:pubinclude:Handle_StepShape_HArray1OfOrientedClosedShell.hxx /misc/dn61/LocalWOK/wok_entities/LOC/dev/CR0-OCCT691-7-CR0-OCCT691-occt-64/inc/Handle_StepShape_HArray1OfOrientedClosedShell.hxx
+M StepShape:pubinclude:StepShape_HArray1OfOrientedClosedShell.hxx /misc/dn61/LocalWOK/wok_entities/LOC/dev/CR0-OCCT691-7-CR0-OCCT691-occt-64/inc/StepShape_HArray1OfOrientedClosedShell.hxx
+M StepShape:derivated:StepShape_HArray1OfOrientedClosedShell_0.cxx /misc/dn61/LocalWOK/wok_entities/LOC/dev/CR0-OCCT691-7-CR0-OCCT691-occt-64/drv/StepShape/StepShape_HArray1OfOrientedClosedShell_0.cxx
+M StepShape:pubinclude:StepShape_Array1OfEdge.hxx /misc/dn61/LocalWOK/wok_entities/LOC/dev/CR0-OCCT691-7-CR0-OCCT691-occt-64/inc/StepShape_Array1OfEdge.hxx
+M StepShape:derivated:StepShape_Array1OfEdge_0.cxx /misc/dn61/LocalWOK/wok_entities/LOC/dev/CR0-OCCT691-7-CR0-OCCT691-occt-64/drv/StepShape/StepShape_Array1OfEdge_0.cxx
+M StepShape:pubinclude:Handle_StepShape_HArray1OfEdge.hxx /misc/dn61/LocalWOK/wok_entities/LOC/dev/CR0-OCCT691-7-CR0-OCCT691-occt-64/inc/Handle_StepShape_HArray1OfEdge.hxx
+M StepShape:pubinclude:StepShape_HArray1OfEdge.hxx /misc/dn61/LocalWOK/wok_entities/LOC/dev/CR0-OCCT691-7-CR0-OCCT691-occt-64/inc/StepShape_HArray1OfEdge.hxx
+M StepShape:derivated:StepShape_HArray1OfEdge_0.cxx /misc/dn61/LocalWOK/wok_entities/LOC/dev/CR0-OCCT691-7-CR0-OCCT691-occt-64/drv/StepShape/StepShape_HArray1OfEdge_0.cxx
+M StepShape:pubinclude:StepShape_Array1OfFace.hxx /misc/dn61/LocalWOK/wok_entities/LOC/dev/CR0-OCCT691-7-CR0-OCCT691-occt-64/inc/StepShape_Array1OfFace.hxx
+M StepShape:derivated:StepShape_Array1OfFace_0.cxx /misc/dn61/LocalWOK/wok_entities/LOC/dev/CR0-OCCT691-7-CR0-OCCT691-occt-64/drv/StepShape/StepShape_Array1OfFace_0.cxx
+M StepShape:pubinclude:Handle_StepShape_HArray1OfFace.hxx /misc/dn61/LocalWOK/wok_entities/LOC/dev/CR0-OCCT691-7-CR0-OCCT691-occt-64/inc/Handle_StepShape_HArray1OfFace.hxx
+M StepShape:pubinclude:StepShape_HArray1OfFace.hxx /misc/dn61/LocalWOK/wok_entities/LOC/dev/CR0-OCCT691-7-CR0-OCCT691-occt-64/inc/StepShape_HArray1OfFace.hxx
+M StepShape:derivated:StepShape_HArray1OfFace_0.cxx /misc/dn61/LocalWOK/wok_entities/LOC/dev/CR0-OCCT691-7-CR0-OCCT691-occt-64/drv/StepShape/StepShape_HArray1OfFace_0.cxx
+M StepShape:pubinclude:StepShape_Array1OfFaceBound.hxx /misc/dn61/LocalWOK/wok_entities/LOC/dev/CR0-OCCT691-7-CR0-OCCT691-occt-64/inc/StepShape_Array1OfFaceBound.hxx
+M StepShape:derivated:StepShape_Array1OfFaceBound_0.cxx /misc/dn61/LocalWOK/wok_entities/LOC/dev/CR0-OCCT691-7-CR0-OCCT691-occt-64/drv/StepShape/StepShape_Array1OfFaceBound_0.cxx
+M StepShape:pubinclude:Handle_StepShape_HArray1OfFaceBound.hxx /misc/dn61/LocalWOK/wok_entities/LOC/dev/CR0-OCCT691-7-CR0-OCCT691-occt-64/inc/Handle_StepShape_HArray1OfFaceBound.hxx
+M StepShape:pubinclude:StepShape_HArray1OfFaceBound.hxx /misc/dn61/LocalWOK/wok_entities/LOC/dev/CR0-OCCT691-7-CR0-OCCT691-occt-64/inc/StepShape_HArray1OfFaceBound.hxx
+M StepShape:derivated:StepShape_HArray1OfFaceBound_0.cxx /misc/dn61/LocalWOK/wok_entities/LOC/dev/CR0-OCCT691-7-CR0-OCCT691-occt-64/drv/StepShape/StepShape_HArray1OfFaceBound_0.cxx
+M StepShape:pubinclude:StepShape_Array1OfConnectedEdgeSet.hxx /misc/dn61/LocalWOK/wok_entities/LOC/dev/CR0-OCCT691-7-CR0-OCCT691-occt-64/inc/StepShape_Array1OfConnectedEdgeSet.hxx
+M StepShape:derivated:StepShape_Array1OfConnectedEdgeSet_0.cxx /misc/dn61/LocalWOK/wok_entities/LOC/dev/CR0-OCCT691-7-CR0-OCCT691-occt-64/drv/StepShape/StepShape_Array1OfConnectedEdgeSet_0.cxx
+M StepShape:pubinclude:Handle_StepShape_HArray1OfConnectedEdgeSet.hxx /misc/dn61/LocalWOK/wok_entities/LOC/dev/CR0-OCCT691-7-CR0-OCCT691-occt-64/inc/Handle_StepShape_HArray1OfConnectedEdgeSet.hxx
+M StepShape:pubinclude:StepShape_HArray1OfConnectedEdgeSet.hxx /misc/dn61/LocalWOK/wok_entities/LOC/dev/CR0-OCCT691-7-CR0-OCCT691-occt-64/inc/StepShape_HArray1OfConnectedEdgeSet.hxx
+M StepShape:derivated:StepShape_HArray1OfConnectedEdgeSet_0.cxx /misc/dn61/LocalWOK/wok_entities/LOC/dev/CR0-OCCT691-7-CR0-OCCT691-occt-64/drv/StepShape/StepShape_HArray1OfConnectedEdgeSet_0.cxx
+M StepShape:pubinclude:StepShape_Array1OfConnectedFaceSet.hxx /misc/dn61/LocalWOK/wok_entities/LOC/dev/CR0-OCCT691-7-CR0-OCCT691-occt-64/inc/StepShape_Array1OfConnectedFaceSet.hxx
+M StepShape:derivated:StepShape_Array1OfConnectedFaceSet_0.cxx /misc/dn61/LocalWOK/wok_entities/LOC/dev/CR0-OCCT691-7-CR0-OCCT691-occt-64/drv/StepShape/StepShape_Array1OfConnectedFaceSet_0.cxx
+M StepShape:pubinclude:Handle_StepShape_HArray1OfConnectedFaceSet.hxx /misc/dn61/LocalWOK/wok_entities/LOC/dev/CR0-OCCT691-7-CR0-OCCT691-occt-64/inc/Handle_StepShape_HArray1OfConnectedFaceSet.hxx
+M StepShape:pubinclude:StepShape_HArray1OfConnectedFaceSet.hxx /misc/dn61/LocalWOK/wok_entities/LOC/dev/CR0-OCCT691-7-CR0-OCCT691-occt-64/inc/StepShape_HArray1OfConnectedFaceSet.hxx
+M StepShape:derivated:StepShape_HArray1OfConnectedFaceSet_0.cxx /misc/dn61/LocalWOK/wok_entities/LOC/dev/CR0-OCCT691-7-CR0-OCCT691-occt-64/drv/StepShape/StepShape_HArray1OfConnectedFaceSet_0.cxx
+M StepShape:pubinclude:StepShape_Array1OfGeometricSetSelect.hxx /misc/dn61/LocalWOK/wok_entities/LOC/dev/CR0-OCCT691-7-CR0-OCCT691-occt-64/inc/StepShape_Array1OfGeometricSetSelect.hxx
+M StepShape:derivated:StepShape_Array1OfGeometricSetSelect_0.cxx /misc/dn61/LocalWOK/wok_entities/LOC/dev/CR0-OCCT691-7-CR0-OCCT691-occt-64/drv/StepShape/StepShape_Array1OfGeometricSetSelect_0.cxx
+M StepShape:pubinclude:Handle_StepShape_HArray1OfGeometricSetSelect.hxx /misc/dn61/LocalWOK/wok_entities/LOC/dev/CR0-OCCT691-7-CR0-OCCT691-occt-64/inc/Handle_StepShape_HArray1OfGeometricSetSelect.hxx
+M StepShape:pubinclude:StepShape_HArray1OfGeometricSetSelect.hxx /misc/dn61/LocalWOK/wok_entities/LOC/dev/CR0-OCCT691-7-CR0-OCCT691-occt-64/inc/StepShape_HArray1OfGeometricSetSelect.hxx
+M StepShape:derivated:StepShape_HArray1OfGeometricSetSelect_0.cxx /misc/dn61/LocalWOK/wok_entities/LOC/dev/CR0-OCCT691-7-CR0-OCCT691-occt-64/drv/StepShape/StepShape_HArray1OfGeometricSetSelect_0.cxx
+M StepShape:pubinclude:StepShape_Array1OfOrientedEdge.hxx /misc/dn61/LocalWOK/wok_entities/LOC/dev/CR0-OCCT691-7-CR0-OCCT691-occt-64/inc/StepShape_Array1OfOrientedEdge.hxx
+M StepShape:derivated:StepShape_Array1OfOrientedEdge_0.cxx /misc/dn61/LocalWOK/wok_entities/LOC/dev/CR0-OCCT691-7-CR0-OCCT691-occt-64/drv/StepShape/StepShape_Array1OfOrientedEdge_0.cxx
+M StepShape:pubinclude:Handle_StepShape_HArray1OfOrientedEdge.hxx /misc/dn61/LocalWOK/wok_entities/LOC/dev/CR0-OCCT691-7-CR0-OCCT691-occt-64/inc/Handle_StepShape_HArray1OfOrientedEdge.hxx
+M StepShape:pubinclude:StepShape_HArray1OfOrientedEdge.hxx /misc/dn61/LocalWOK/wok_entities/LOC/dev/CR0-OCCT691-7-CR0-OCCT691-occt-64/inc/StepShape_HArray1OfOrientedEdge.hxx
+M StepShape:derivated:StepShape_HArray1OfOrientedEdge_0.cxx /misc/dn61/LocalWOK/wok_entities/LOC/dev/CR0-OCCT691-7-CR0-OCCT691-occt-64/drv/StepShape/StepShape_HArray1OfOrientedEdge_0.cxx
+M StepShape:pubinclude:StepShape_Array1OfShell.hxx /misc/dn61/LocalWOK/wok_entities/LOC/dev/CR0-OCCT691-7-CR0-OCCT691-occt-64/inc/StepShape_Array1OfShell.hxx
+M StepShape:derivated:StepShape_Array1OfShell_0.cxx /misc/dn61/LocalWOK/wok_entities/LOC/dev/CR0-OCCT691-7-CR0-OCCT691-occt-64/drv/StepShape/StepShape_Array1OfShell_0.cxx
+M StepShape:pubinclude:Handle_StepShape_HArray1OfShell.hxx /misc/dn61/LocalWOK/wok_entities/LOC/dev/CR0-OCCT691-7-CR0-OCCT691-occt-64/inc/Handle_StepShape_HArray1OfShell.hxx
+M StepShape:pubinclude:StepShape_HArray1OfShell.hxx /misc/dn61/LocalWOK/wok_entities/LOC/dev/CR0-OCCT691-7-CR0-OCCT691-occt-64/inc/StepShape_HArray1OfShell.hxx
+M StepShape:derivated:StepShape_HArray1OfShell_0.cxx /misc/dn61/LocalWOK/wok_entities/LOC/dev/CR0-OCCT691-7-CR0-OCCT691-occt-64/drv/StepShape/StepShape_HArray1OfShell_0.cxx
+M StepShape:pubinclude:StepShape_DimensionalCharacteristic.hxx /misc/dn61/LocalWOK/wok_entities/LOC/dev/CR0-OCCT691-7-CR0-OCCT691-occt-64/inc/StepShape_DimensionalCharacteristic.hxx
+M StepShape:privinclude:StepShape_DimensionalCharacteristic.jxx /misc/dn61/LocalWOK/wok_entities/LOC/dev/CR0-OCCT691-7-CR0-OCCT691-occt-64/drv/StepShape/StepShape_DimensionalCharacteristic.jxx
+M StepShape:privinclude:StepShape_DimensionalCharacteristic.ixx /misc/dn61/LocalWOK/wok_entities/LOC/dev/CR0-OCCT691-7-CR0-OCCT691-occt-64/drv/StepShape/StepShape_DimensionalCharacteristic.ixx
+M StepShape:pubinclude:Handle_StepShape_AngularLocation.hxx /misc/dn61/LocalWOK/wok_entities/LOC/dev/CR0-OCCT691-7-CR0-OCCT691-occt-64/inc/Handle_StepShape_AngularLocation.hxx
+M StepShape:pubinclude:StepShape_AngularLocation.hxx /misc/dn61/LocalWOK/wok_entities/LOC/dev/CR0-OCCT691-7-CR0-OCCT691-occt-64/inc/StepShape_AngularLocation.hxx
+M StepShape:privinclude:StepShape_AngularLocation.jxx /misc/dn61/LocalWOK/wok_entities/LOC/dev/CR0-OCCT691-7-CR0-OCCT691-occt-64/drv/StepShape/StepShape_AngularLocation.jxx
+M StepShape:privinclude:StepShape_AngularLocation.ixx /misc/dn61/LocalWOK/wok_entities/LOC/dev/CR0-OCCT691-7-CR0-OCCT691-occt-64/drv/StepShape/StepShape_AngularLocation.ixx
+M StepShape:pubinclude:Handle_StepShape_AngularSize.hxx /misc/dn61/LocalWOK/wok_entities/LOC/dev/CR0-OCCT691-7-CR0-OCCT691-occt-64/inc/Handle_StepShape_AngularSize.hxx
+M StepShape:pubinclude:StepShape_AngularSize.hxx /misc/dn61/LocalWOK/wok_entities/LOC/dev/CR0-OCCT691-7-CR0-OCCT691-occt-64/inc/StepShape_AngularSize.hxx
+M StepShape:privinclude:StepShape_AngularSize.jxx /misc/dn61/LocalWOK/wok_entities/LOC/dev/CR0-OCCT691-7-CR0-OCCT691-occt-64/drv/StepShape/StepShape_AngularSize.jxx
+M StepShape:privinclude:StepShape_AngularSize.ixx /misc/dn61/LocalWOK/wok_entities/LOC/dev/CR0-OCCT691-7-CR0-OCCT691-occt-64/drv/StepShape/StepShape_AngularSize.ixx
+M StepShape:pubinclude:Handle_StepShape_DimensionalCharacteristicRepresentation.hxx /misc/dn61/LocalWOK/wok_entities/LOC/dev/CR0-OCCT691-7-CR0-OCCT691-occt-64/inc/Handle_StepShape_DimensionalCharacteristicRepresentation.hxx
+M StepShape:pubinclude:StepShape_DimensionalCharacteristicRepresentation.hxx /misc/dn61/LocalWOK/wok_entities/LOC/dev/CR0-OCCT691-7-CR0-OCCT691-occt-64/inc/StepShape_DimensionalCharacteristicRepresentation.hxx
+M StepShape:privinclude:StepShape_DimensionalCharacteristicRepresentation.jxx /misc/dn61/LocalWOK/wok_entities/LOC/dev/CR0-OCCT691-7-CR0-OCCT691-occt-64/drv/StepShape/StepShape_DimensionalCharacteristicRepresentation.jxx
+M StepShape:privinclude:StepShape_DimensionalCharacteristicRepresentation.ixx /misc/dn61/LocalWOK/wok_entities/LOC/dev/CR0-OCCT691-7-CR0-OCCT691-occt-64/drv/StepShape/StepShape_DimensionalCharacteristicRepresentation.ixx
+M StepShape:pubinclude:Handle_StepShape_DimensionalLocation.hxx /misc/dn61/LocalWOK/wok_entities/LOC/dev/CR0-OCCT691-7-CR0-OCCT691-occt-64/inc/Handle_StepShape_DimensionalLocation.hxx
+M StepShape:pubinclude:StepShape_DimensionalLocation.hxx /misc/dn61/LocalWOK/wok_entities/LOC/dev/CR0-OCCT691-7-CR0-OCCT691-occt-64/inc/StepShape_DimensionalLocation.hxx
+M StepShape:privinclude:StepShape_DimensionalLocation.jxx /misc/dn61/LocalWOK/wok_entities/LOC/dev/CR0-OCCT691-7-CR0-OCCT691-occt-64/drv/StepShape/StepShape_DimensionalLocation.jxx
+M StepShape:privinclude:StepShape_DimensionalLocation.ixx /misc/dn61/LocalWOK/wok_entities/LOC/dev/CR0-OCCT691-7-CR0-OCCT691-occt-64/drv/StepShape/StepShape_DimensionalLocation.ixx
+M StepShape:pubinclude:Handle_StepShape_DirectedDimensionalLocation.hxx /misc/dn61/LocalWOK/wok_entities/LOC/dev/CR0-OCCT691-7-CR0-OCCT691-occt-64/inc/Handle_StepShape_DirectedDimensionalLocation.hxx
+M StepShape:pubinclude:StepShape_DirectedDimensionalLocation.hxx /misc/dn61/LocalWOK/wok_entities/LOC/dev/CR0-OCCT691-7-CR0-OCCT691-occt-64/inc/StepShape_DirectedDimensionalLocation.hxx
+M StepShape:privinclude:StepShape_DirectedDimensionalLocation.jxx /misc/dn61/LocalWOK/wok_entities/LOC/dev/CR0-OCCT691-7-CR0-OCCT691-occt-64/drv/StepShape/StepShape_DirectedDimensionalLocation.jxx
+M StepShape:privinclude:StepShape_DirectedDimensionalLocation.ixx /misc/dn61/LocalWOK/wok_entities/LOC/dev/CR0-OCCT691-7-CR0-OCCT691-occt-64/drv/StepShape/StepShape_DirectedDimensionalLocation.ixx
+M StepShape:pubinclude:Handle_StepShape_DimensionalLocationWithPath.hxx /misc/dn61/LocalWOK/wok_entities/LOC/dev/CR0-OCCT691-7-CR0-OCCT691-occt-64/inc/Handle_StepShape_DimensionalLocationWithPath.hxx
+M StepShape:pubinclude:StepShape_DimensionalLocationWithPath.hxx /misc/dn61/LocalWOK/wok_entities/LOC/dev/CR0-OCCT691-7-CR0-OCCT691-occt-64/inc/StepShape_DimensionalLocationWithPath.hxx
+M StepShape:privinclude:StepShape_DimensionalLocationWithPath.jxx /misc/dn61/LocalWOK/wok_entities/LOC/dev/CR0-OCCT691-7-CR0-OCCT691-occt-64/drv/StepShape/StepShape_DimensionalLocationWithPath.jxx
+M StepShape:privinclude:StepShape_DimensionalLocationWithPath.ixx /misc/dn61/LocalWOK/wok_entities/LOC/dev/CR0-OCCT691-7-CR0-OCCT691-occt-64/drv/StepShape/StepShape_DimensionalLocationWithPath.ixx
+M StepShape:pubinclude:Handle_StepShape_DimensionalSize.hxx /misc/dn61/LocalWOK/wok_entities/LOC/dev/CR0-OCCT691-7-CR0-OCCT691-occt-64/inc/Handle_StepShape_DimensionalSize.hxx
+M StepShape:pubinclude:StepShape_DimensionalSize.hxx /misc/dn61/LocalWOK/wok_entities/LOC/dev/CR0-OCCT691-7-CR0-OCCT691-occt-64/inc/StepShape_DimensionalSize.hxx
+M StepShape:privinclude:StepShape_DimensionalSize.jxx /misc/dn61/LocalWOK/wok_entities/LOC/dev/CR0-OCCT691-7-CR0-OCCT691-occt-64/drv/StepShape/StepShape_DimensionalSize.jxx
+M StepShape:privinclude:StepShape_DimensionalSize.ixx /misc/dn61/LocalWOK/wok_entities/LOC/dev/CR0-OCCT691-7-CR0-OCCT691-occt-64/drv/StepShape/StepShape_DimensionalSize.ixx
+M StepShape:pubinclude:Handle_StepShape_DimensionalSizeWithPath.hxx /misc/dn61/LocalWOK/wok_entities/LOC/dev/CR0-OCCT691-7-CR0-OCCT691-occt-64/inc/Handle_StepShape_DimensionalSizeWithPath.hxx
+M StepShape:pubinclude:StepShape_DimensionalSizeWithPath.hxx /misc/dn61/LocalWOK/wok_entities/LOC/dev/CR0-OCCT691-7-CR0-OCCT691-occt-64/inc/StepShape_DimensionalSizeWithPath.hxx
+M StepShape:privinclude:StepShape_DimensionalSizeWithPath.jxx /misc/dn61/LocalWOK/wok_entities/LOC/dev/CR0-OCCT691-7-CR0-OCCT691-occt-64/drv/StepShape/StepShape_DimensionalSizeWithPath.jxx
+M StepShape:privinclude:StepShape_DimensionalSizeWithPath.ixx /misc/dn61/LocalWOK/wok_entities/LOC/dev/CR0-OCCT691-7-CR0-OCCT691-occt-64/drv/StepShape/StepShape_DimensionalSizeWithPath.ixx
+M StepShape:pubinclude:Handle_StepShape_ShapeDimensionRepresentation.hxx /misc/dn61/LocalWOK/wok_entities/LOC/dev/CR0-OCCT691-7-CR0-OCCT691-occt-64/inc/Handle_StepShape_ShapeDimensionRepresentation.hxx
+M StepShape:pubinclude:StepShape_ShapeDimensionRepresentation.hxx /misc/dn61/LocalWOK/wok_entities/LOC/dev/CR0-OCCT691-7-CR0-OCCT691-occt-64/inc/StepShape_ShapeDimensionRepresentation.hxx
+M StepShape:privinclude:StepShape_ShapeDimensionRepresentation.jxx /misc/dn61/LocalWOK/wok_entities/LOC/dev/CR0-OCCT691-7-CR0-OCCT691-occt-64/drv/StepShape/StepShape_ShapeDimensionRepresentation.jxx
+M StepShape:privinclude:StepShape_ShapeDimensionRepresentation.ixx /misc/dn61/LocalWOK/wok_entities/LOC/dev/CR0-OCCT691-7-CR0-OCCT691-occt-64/drv/StepShape/StepShape_ShapeDimensionRepresentation.ixx
+M StepShape:pubinclude:Handle_StepShape_LimitsAndFits.hxx /misc/dn61/LocalWOK/wok_entities/LOC/dev/CR0-OCCT691-7-CR0-OCCT691-occt-64/inc/Handle_StepShape_LimitsAndFits.hxx
+M StepShape:pubinclude:StepShape_LimitsAndFits.hxx /misc/dn61/LocalWOK/wok_entities/LOC/dev/CR0-OCCT691-7-CR0-OCCT691-occt-64/inc/StepShape_LimitsAndFits.hxx
+M StepShape:privinclude:StepShape_LimitsAndFits.jxx /misc/dn61/LocalWOK/wok_entities/LOC/dev/CR0-OCCT691-7-CR0-OCCT691-occt-64/drv/StepShape/StepShape_LimitsAndFits.jxx
+M StepShape:privinclude:StepShape_LimitsAndFits.ixx /misc/dn61/LocalWOK/wok_entities/LOC/dev/CR0-OCCT691-7-CR0-OCCT691-occt-64/drv/StepShape/StepShape_LimitsAndFits.ixx
+M StepShape:pubinclude:Handle_StepShape_ToleranceValue.hxx /misc/dn61/LocalWOK/wok_entities/LOC/dev/CR0-OCCT691-7-CR0-OCCT691-occt-64/inc/Handle_StepShape_ToleranceValue.hxx
+M StepShape:pubinclude:StepShape_ToleranceValue.hxx /misc/dn61/LocalWOK/wok_entities/LOC/dev/CR0-OCCT691-7-CR0-OCCT691-occt-64/inc/StepShape_ToleranceValue.hxx
+M StepShape:privinclude:StepShape_ToleranceValue.jxx /misc/dn61/LocalWOK/wok_entities/LOC/dev/CR0-OCCT691-7-CR0-OCCT691-occt-64/drv/StepShape/StepShape_ToleranceValue.jxx
+M StepShape:privinclude:StepShape_ToleranceValue.ixx /misc/dn61/LocalWOK/wok_entities/LOC/dev/CR0-OCCT691-7-CR0-OCCT691-occt-64/drv/StepShape/StepShape_ToleranceValue.ixx
+M StepShape:pubinclude:Handle_StepShape_MeasureQualification.hxx /misc/dn61/LocalWOK/wok_entities/LOC/dev/CR0-OCCT691-7-CR0-OCCT691-occt-64/inc/Handle_StepShape_MeasureQualification.hxx
+M StepShape:pubinclude:StepShape_MeasureQualification.hxx /misc/dn61/LocalWOK/wok_entities/LOC/dev/CR0-OCCT691-7-CR0-OCCT691-occt-64/inc/StepShape_MeasureQualification.hxx
+M StepShape:privinclude:StepShape_MeasureQualification.jxx /misc/dn61/LocalWOK/wok_entities/LOC/dev/CR0-OCCT691-7-CR0-OCCT691-occt-64/drv/StepShape/StepShape_MeasureQualification.jxx
+M StepShape:privinclude:StepShape_MeasureQualification.ixx /misc/dn61/LocalWOK/wok_entities/LOC/dev/CR0-OCCT691-7-CR0-OCCT691-occt-64/drv/StepShape/StepShape_MeasureQualification.ixx
+M StepShape:pubinclude:Handle_StepShape_PlusMinusTolerance.hxx /misc/dn61/LocalWOK/wok_entities/LOC/dev/CR0-OCCT691-7-CR0-OCCT691-occt-64/inc/Handle_StepShape_PlusMinusTolerance.hxx
+M StepShape:pubinclude:StepShape_PlusMinusTolerance.hxx /misc/dn61/LocalWOK/wok_entities/LOC/dev/CR0-OCCT691-7-CR0-OCCT691-occt-64/inc/StepShape_PlusMinusTolerance.hxx
+M StepShape:privinclude:StepShape_PlusMinusTolerance.jxx /misc/dn61/LocalWOK/wok_entities/LOC/dev/CR0-OCCT691-7-CR0-OCCT691-occt-64/drv/StepShape/StepShape_PlusMinusTolerance.jxx
+M StepShape:privinclude:StepShape_PlusMinusTolerance.ixx /misc/dn61/LocalWOK/wok_entities/LOC/dev/CR0-OCCT691-7-CR0-OCCT691-occt-64/drv/StepShape/StepShape_PlusMinusTolerance.ixx
+M StepShape:pubinclude:Handle_StepShape_PrecisionQualifier.hxx /misc/dn61/LocalWOK/wok_entities/LOC/dev/CR0-OCCT691-7-CR0-OCCT691-occt-64/inc/Handle_StepShape_PrecisionQualifier.hxx
+M StepShape:pubinclude:StepShape_PrecisionQualifier.hxx /misc/dn61/LocalWOK/wok_entities/LOC/dev/CR0-OCCT691-7-CR0-OCCT691-occt-64/inc/StepShape_PrecisionQualifier.hxx
+M StepShape:privinclude:StepShape_PrecisionQualifier.jxx /misc/dn61/LocalWOK/wok_entities/LOC/dev/CR0-OCCT691-7-CR0-OCCT691-occt-64/drv/StepShape/StepShape_PrecisionQualifier.jxx
+M StepShape:privinclude:StepShape_PrecisionQualifier.ixx /misc/dn61/LocalWOK/wok_entities/LOC/dev/CR0-OCCT691-7-CR0-OCCT691-occt-64/drv/StepShape/StepShape_PrecisionQualifier.ixx
+M StepShape:pubinclude:Handle_StepShape_TypeQualifier.hxx /misc/dn61/LocalWOK/wok_entities/LOC/dev/CR0-OCCT691-7-CR0-OCCT691-occt-64/inc/Handle_StepShape_TypeQualifier.hxx
+M StepShape:pubinclude:StepShape_TypeQualifier.hxx /misc/dn61/LocalWOK/wok_entities/LOC/dev/CR0-OCCT691-7-CR0-OCCT691-occt-64/inc/StepShape_TypeQualifier.hxx
+M StepShape:privinclude:StepShape_TypeQualifier.jxx /misc/dn61/LocalWOK/wok_entities/LOC/dev/CR0-OCCT691-7-CR0-OCCT691-occt-64/drv/StepShape/StepShape_TypeQualifier.jxx
+M StepShape:privinclude:StepShape_TypeQualifier.ixx /misc/dn61/LocalWOK/wok_entities/LOC/dev/CR0-OCCT691-7-CR0-OCCT691-occt-64/drv/StepShape/StepShape_TypeQualifier.ixx
+M StepShape:pubinclude:StepShape_ValueQualifier.hxx /misc/dn61/LocalWOK/wok_entities/LOC/dev/CR0-OCCT691-7-CR0-OCCT691-occt-64/inc/StepShape_ValueQualifier.hxx
+M StepShape:privinclude:StepShape_ValueQualifier.jxx /misc/dn61/LocalWOK/wok_entities/LOC/dev/CR0-OCCT691-7-CR0-OCCT691-occt-64/drv/StepShape/StepShape_ValueQualifier.jxx
+M StepShape:privinclude:StepShape_ValueQualifier.ixx /misc/dn61/LocalWOK/wok_entities/LOC/dev/CR0-OCCT691-7-CR0-OCCT691-occt-64/drv/StepShape/StepShape_ValueQualifier.ixx
+M StepShape:pubinclude:StepShape_ToleranceMethodDefinition.hxx /misc/dn61/LocalWOK/wok_entities/LOC/dev/CR0-OCCT691-7-CR0-OCCT691-occt-64/inc/StepShape_ToleranceMethodDefinition.hxx
+M StepShape:privinclude:StepShape_ToleranceMethodDefinition.jxx /misc/dn61/LocalWOK/wok_entities/LOC/dev/CR0-OCCT691-7-CR0-OCCT691-occt-64/drv/StepShape/StepShape_ToleranceMethodDefinition.jxx
+M StepShape:privinclude:StepShape_ToleranceMethodDefinition.ixx /misc/dn61/LocalWOK/wok_entities/LOC/dev/CR0-OCCT691-7-CR0-OCCT691-occt-64/drv/StepShape/StepShape_ToleranceMethodDefinition.ixx
+M StepShape:pubinclude:Handle_StepShape_QualifiedRepresentationItem.hxx /misc/dn61/LocalWOK/wok_entities/LOC/dev/CR0-OCCT691-7-CR0-OCCT691-occt-64/inc/Handle_StepShape_QualifiedRepresentationItem.hxx
+M StepShape:pubinclude:StepShape_QualifiedRepresentationItem.hxx /misc/dn61/LocalWOK/wok_entities/LOC/dev/CR0-OCCT691-7-CR0-OCCT691-occt-64/inc/StepShape_QualifiedRepresentationItem.hxx
+M StepShape:privinclude:StepShape_QualifiedRepresentationItem.jxx /misc/dn61/LocalWOK/wok_entities/LOC/dev/CR0-OCCT691-7-CR0-OCCT691-occt-64/drv/StepShape/StepShape_QualifiedRepresentationItem.jxx
+M StepShape:privinclude:StepShape_QualifiedRepresentationItem.ixx /misc/dn61/LocalWOK/wok_entities/LOC/dev/CR0-OCCT691-7-CR0-OCCT691-occt-64/drv/StepShape/StepShape_QualifiedRepresentationItem.ixx
+M StepShape:pubinclude:Handle_StepShape_MeasureRepresentationItemAndQualifiedRepresentationItem.hxx /misc/dn61/LocalWOK/wok_entities/LOC/dev/CR0-OCCT691-7-CR0-OCCT691-occt-64/inc/Handle_StepShape_MeasureRepresentationItemAndQualifiedRepresentationItem.hxx
+M StepShape:pubinclude:StepShape_MeasureRepresentationItemAndQualifiedRepresentationItem.hxx /misc/dn61/LocalWOK/wok_entities/LOC/dev/CR0-OCCT691-7-CR0-OCCT691-occt-64/inc/StepShape_MeasureRepresentationItemAndQualifiedRepresentationItem.hxx
+M StepShape:privinclude:StepShape_MeasureRepresentationItemAndQualifiedRepresentationItem.jxx /misc/dn61/LocalWOK/wok_entities/LOC/dev/CR0-OCCT691-7-CR0-OCCT691-occt-64/drv/StepShape/StepShape_MeasureRepresentationItemAndQualifiedRepresentationItem.jxx
+M StepShape:privinclude:StepShape_MeasureRepresentationItemAndQualifiedRepresentationItem.ixx /misc/dn61/LocalWOK/wok_entities/LOC/dev/CR0-OCCT691-7-CR0-OCCT691-occt-64/drv/StepShape/StepShape_MeasureRepresentationItemAndQualifiedRepresentationItem.ixx
+M StepShape:pubinclude:StepShape_Array1OfValueQualifier.hxx /misc/dn61/LocalWOK/wok_entities/LOC/dev/CR0-OCCT691-7-CR0-OCCT691-occt-64/inc/StepShape_Array1OfValueQualifier.hxx
+M StepShape:derivated:StepShape_Array1OfValueQualifier_0.cxx /misc/dn61/LocalWOK/wok_entities/LOC/dev/CR0-OCCT691-7-CR0-OCCT691-occt-64/drv/StepShape/StepShape_Array1OfValueQualifier_0.cxx
+M StepShape:pubinclude:Handle_StepShape_HArray1OfValueQualifier.hxx /misc/dn61/LocalWOK/wok_entities/LOC/dev/CR0-OCCT691-7-CR0-OCCT691-occt-64/inc/Handle_StepShape_HArray1OfValueQualifier.hxx
+M StepShape:pubinclude:StepShape_HArray1OfValueQualifier.hxx /misc/dn61/LocalWOK/wok_entities/LOC/dev/CR0-OCCT691-7-CR0-OCCT691-occt-64/inc/StepShape_HArray1OfValueQualifier.hxx
+M StepShape:derivated:StepShape_HArray1OfValueQualifier_0.cxx /misc/dn61/LocalWOK/wok_entities/LOC/dev/CR0-OCCT691-7-CR0-OCCT691-occt-64/drv/StepShape/StepShape_HArray1OfValueQualifier_0.cxx
+M StepShape:pubinclude:Handle_StepShape_PointRepresentation.hxx /misc/dn61/LocalWOK/wok_entities/LOC/dev/CR0-OCCT691-7-CR0-OCCT691-occt-64/inc/Handle_StepShape_PointRepresentation.hxx
+M StepShape:pubinclude:StepShape_PointRepresentation.hxx /misc/dn61/LocalWOK/wok_entities/LOC/dev/CR0-OCCT691-7-CR0-OCCT691-occt-64/inc/StepShape_PointRepresentation.hxx
+M StepShape:privinclude:StepShape_PointRepresentation.jxx /misc/dn61/LocalWOK/wok_entities/LOC/dev/CR0-OCCT691-7-CR0-OCCT691-occt-64/drv/StepShape/StepShape_PointRepresentation.jxx
+M StepShape:privinclude:StepShape_PointRepresentation.ixx /misc/dn61/LocalWOK/wok_entities/LOC/dev/CR0-OCCT691-7-CR0-OCCT691-occt-64/drv/StepShape/StepShape_PointRepresentation.ixx
+M StepShape:pubinclude:StepShape_BooleanOperator.hxx /misc/dn61/LocalWOK/wok_entities/LOC/dev/CR0-OCCT691-7-CR0-OCCT691-occt-64/inc/StepShape_BooleanOperator.hxx
+M StepShape:pubinclude:StepShape_AngleRelator.hxx /misc/dn61/LocalWOK/wok_entities/LOC/dev/CR0-OCCT691-7-CR0-OCCT691-occt-64/inc/StepShape_AngleRelator.hxx
+M StepShape:dbadmfile:StepShape_xcpp_header.In /misc/dn61/LocalWOK/wok_entities/LOC/dev/CR0-OCCT691-7-CR0-OCCT691-occt-64/drv/StepShape/.adm/StepShape_xcpp_header.In
+M StepShape:dbadmfile:StepShape_xcpp_header.Out /misc/dn61/LocalWOK/wok_entities/LOC/dev/CR0-OCCT691-7-CR0-OCCT691-occt-64/drv/StepShape/.adm/StepShape_xcpp_header.Out
+M StepShape:dbadmfile:StepShape_xcpp_header.Dep /misc/dn61/LocalWOK/wok_entities/LOC/dev/CR0-OCCT691-7-CR0-OCCT691-occt-64/drv/StepShape/.adm/StepShape_xcpp_header.Dep
