+M StdSelect:pubinclude:StdSelect.hxx /misc/dn61/LocalWOK/wok_entities/LOC/dev/CR0-OCCT691-7-CR0-OCCT691-occt-64/inc/StdSelect.hxx
+M StdSelect:privinclude:StdSelect.jxx /misc/dn61/LocalWOK/wok_entities/LOC/dev/CR0-OCCT691-7-CR0-OCCT691-occt-64/drv/StdSelect/StdSelect.jxx
+M StdSelect:privinclude:StdSelect.ixx /misc/dn61/LocalWOK/wok_entities/LOC/dev/CR0-OCCT691-7-CR0-OCCT691-occt-64/drv/StdSelect/StdSelect.ixx
+M StdSelect:pubinclude:StdSelect_BRepSelectionTool.hxx /misc/dn61/LocalWOK/wok_entities/LOC/dev/CR0-OCCT691-7-CR0-OCCT691-occt-64/inc/StdSelect_BRepSelectionTool.hxx
+M StdSelect:privinclude:StdSelect_BRepSelectionTool.jxx /misc/dn61/LocalWOK/wok_entities/LOC/dev/CR0-OCCT691-7-CR0-OCCT691-occt-64/drv/StdSelect/StdSelect_BRepSelectionTool.jxx
+M StdSelect:privinclude:StdSelect_BRepSelectionTool.ixx /misc/dn61/LocalWOK/wok_entities/LOC/dev/CR0-OCCT691-7-CR0-OCCT691-occt-64/drv/StdSelect/StdSelect_BRepSelectionTool.ixx
+M StdSelect:pubinclude:Handle_StdSelect_BRepOwner.hxx /misc/dn61/LocalWOK/wok_entities/LOC/dev/CR0-OCCT691-7-CR0-OCCT691-occt-64/inc/Handle_StdSelect_BRepOwner.hxx
+M StdSelect:pubinclude:StdSelect_BRepOwner.hxx /misc/dn61/LocalWOK/wok_entities/LOC/dev/CR0-OCCT691-7-CR0-OCCT691-occt-64/inc/StdSelect_BRepOwner.hxx
+M StdSelect:privinclude:StdSelect_BRepOwner.jxx /misc/dn61/LocalWOK/wok_entities/LOC/dev/CR0-OCCT691-7-CR0-OCCT691-occt-64/drv/StdSelect/StdSelect_BRepOwner.jxx
+M StdSelect:privinclude:StdSelect_BRepOwner.ixx /misc/dn61/LocalWOK/wok_entities/LOC/dev/CR0-OCCT691-7-CR0-OCCT691-occt-64/drv/StdSelect/StdSelect_BRepOwner.ixx
+M StdSelect:pubinclude:Handle_StdSelect_EdgeFilter.hxx /misc/dn61/LocalWOK/wok_entities/LOC/dev/CR0-OCCT691-7-CR0-OCCT691-occt-64/inc/Handle_StdSelect_EdgeFilter.hxx
+M StdSelect:pubinclude:StdSelect_EdgeFilter.hxx /misc/dn61/LocalWOK/wok_entities/LOC/dev/CR0-OCCT691-7-CR0-OCCT691-occt-64/inc/StdSelect_EdgeFilter.hxx
+M StdSelect:privinclude:StdSelect_EdgeFilter.jxx /misc/dn61/LocalWOK/wok_entities/LOC/dev/CR0-OCCT691-7-CR0-OCCT691-occt-64/drv/StdSelect/StdSelect_EdgeFilter.jxx
+M StdSelect:privinclude:StdSelect_EdgeFilter.ixx /misc/dn61/LocalWOK/wok_entities/LOC/dev/CR0-OCCT691-7-CR0-OCCT691-occt-64/drv/StdSelect/StdSelect_EdgeFilter.ixx
+M StdSelect:pubinclude:Handle_StdSelect_FaceFilter.hxx /misc/dn61/LocalWOK/wok_entities/LOC/dev/CR0-OCCT691-7-CR0-OCCT691-occt-64/inc/Handle_StdSelect_FaceFilter.hxx
+M StdSelect:pubinclude:StdSelect_FaceFilter.hxx /misc/dn61/LocalWOK/wok_entities/LOC/dev/CR0-OCCT691-7-CR0-OCCT691-occt-64/inc/StdSelect_FaceFilter.hxx
+M StdSelect:privinclude:StdSelect_FaceFilter.jxx /misc/dn61/LocalWOK/wok_entities/LOC/dev/CR0-OCCT691-7-CR0-OCCT691-occt-64/drv/StdSelect/StdSelect_FaceFilter.jxx
+M StdSelect:privinclude:StdSelect_FaceFilter.ixx /misc/dn61/LocalWOK/wok_entities/LOC/dev/CR0-OCCT691-7-CR0-OCCT691-occt-64/drv/StdSelect/StdSelect_FaceFilter.ixx
+M StdSelect:pubinclude:Handle_StdSelect_ShapeTypeFilter.hxx /misc/dn61/LocalWOK/wok_entities/LOC/dev/CR0-OCCT691-7-CR0-OCCT691-occt-64/inc/Handle_StdSelect_ShapeTypeFilter.hxx
+M StdSelect:pubinclude:StdSelect_ShapeTypeFilter.hxx /misc/dn61/LocalWOK/wok_entities/LOC/dev/CR0-OCCT691-7-CR0-OCCT691-occt-64/inc/StdSelect_ShapeTypeFilter.hxx
+M StdSelect:privinclude:StdSelect_ShapeTypeFilter.jxx /misc/dn61/LocalWOK/wok_entities/LOC/dev/CR0-OCCT691-7-CR0-OCCT691-occt-64/drv/StdSelect/StdSelect_ShapeTypeFilter.jxx
+M StdSelect:privinclude:StdSelect_ShapeTypeFilter.ixx /misc/dn61/LocalWOK/wok_entities/LOC/dev/CR0-OCCT691-7-CR0-OCCT691-occt-64/drv/StdSelect/StdSelect_ShapeTypeFilter.ixx
+M StdSelect:pubinclude:Handle_StdSelect_Prs.hxx /misc/dn61/LocalWOK/wok_entities/LOC/dev/CR0-OCCT691-7-CR0-OCCT691-occt-64/inc/Handle_StdSelect_Prs.hxx
+M StdSelect:pubinclude:StdSelect_Prs.hxx /misc/dn61/LocalWOK/wok_entities/LOC/dev/CR0-OCCT691-7-CR0-OCCT691-occt-64/inc/StdSelect_Prs.hxx
+M StdSelect:privinclude:StdSelect_Prs.jxx /misc/dn61/LocalWOK/wok_entities/LOC/dev/CR0-OCCT691-7-CR0-OCCT691-occt-64/drv/StdSelect/StdSelect_Prs.jxx
+M StdSelect:privinclude:StdSelect_Prs.ixx /misc/dn61/LocalWOK/wok_entities/LOC/dev/CR0-OCCT691-7-CR0-OCCT691-occt-64/drv/StdSelect/StdSelect_Prs.ixx
+M StdSelect:pubinclude:Handle_StdSelect_Shape.hxx /misc/dn61/LocalWOK/wok_entities/LOC/dev/CR0-OCCT691-7-CR0-OCCT691-occt-64/inc/Handle_StdSelect_Shape.hxx
+M StdSelect:pubinclude:StdSelect_Shape.hxx /misc/dn61/LocalWOK/wok_entities/LOC/dev/CR0-OCCT691-7-CR0-OCCT691-occt-64/inc/StdSelect_Shape.hxx
+M StdSelect:privinclude:StdSelect_Shape.jxx /misc/dn61/LocalWOK/wok_entities/LOC/dev/CR0-OCCT691-7-CR0-OCCT691-occt-64/drv/StdSelect/StdSelect_Shape.jxx
+M StdSelect:privinclude:StdSelect_Shape.ixx /misc/dn61/LocalWOK/wok_entities/LOC/dev/CR0-OCCT691-7-CR0-OCCT691-occt-64/drv/StdSelect/StdSelect_Shape.ixx
+M StdSelect:pubinclude:StdSelect_IndexedDataMapOfOwnerPrs.hxx /misc/dn61/LocalWOK/wok_entities/LOC/dev/CR0-OCCT691-7-CR0-OCCT691-occt-64/inc/StdSelect_IndexedDataMapOfOwnerPrs.hxx
+M StdSelect:derivated:StdSelect_IndexedDataMapOfOwnerPrs_0.cxx /misc/dn61/LocalWOK/wok_entities/LOC/dev/CR0-OCCT691-7-CR0-OCCT691-occt-64/drv/StdSelect/StdSelect_IndexedDataMapOfOwnerPrs_0.cxx
+M StdSelect:pubinclude:Handle_StdSelect_IndexedDataMapNodeOfIndexedDataMapOfOwnerPrs.hxx /misc/dn61/LocalWOK/wok_entities/LOC/dev/CR0-OCCT691-7-CR0-OCCT691-occt-64/inc/Handle_StdSelect_IndexedDataMapNodeOfIndexedDataMapOfOwnerPrs.hxx
+M StdSelect:pubinclude:StdSelect_IndexedDataMapNodeOfIndexedDataMapOfOwnerPrs.hxx /misc/dn61/LocalWOK/wok_entities/LOC/dev/CR0-OCCT691-7-CR0-OCCT691-occt-64/inc/StdSelect_IndexedDataMapNodeOfIndexedDataMapOfOwnerPrs.hxx
+M StdSelect:derivated:StdSelect_IndexedDataMapNodeOfIndexedDataMapOfOwnerPrs_0.cxx /misc/dn61/LocalWOK/wok_entities/LOC/dev/CR0-OCCT691-7-CR0-OCCT691-occt-64/drv/StdSelect/StdSelect_IndexedDataMapNodeOfIndexedDataMapOfOwnerPrs_0.cxx
+M StdSelect:pubinclude:StdSelect_TypeOfResult.hxx /misc/dn61/LocalWOK/wok_entities/LOC/dev/CR0-OCCT691-7-CR0-OCCT691-occt-64/inc/StdSelect_TypeOfResult.hxx
+M StdSelect:pubinclude:StdSelect_DisplayMode.hxx /misc/dn61/LocalWOK/wok_entities/LOC/dev/CR0-OCCT691-7-CR0-OCCT691-occt-64/inc/StdSelect_DisplayMode.hxx
+M StdSelect:pubinclude:StdSelect_TypeOfFace.hxx /misc/dn61/LocalWOK/wok_entities/LOC/dev/CR0-OCCT691-7-CR0-OCCT691-occt-64/inc/StdSelect_TypeOfFace.hxx
+M StdSelect:pubinclude:StdSelect_TypeOfEdge.hxx /misc/dn61/LocalWOK/wok_entities/LOC/dev/CR0-OCCT691-7-CR0-OCCT691-occt-64/inc/StdSelect_TypeOfEdge.hxx
+M StdSelect:pubinclude:StdSelect_SensitivityMode.hxx /misc/dn61/LocalWOK/wok_entities/LOC/dev/CR0-OCCT691-7-CR0-OCCT691-occt-64/inc/StdSelect_SensitivityMode.hxx
+M StdSelect:dbadmfile:StdSelect_xcpp_header.In /misc/dn61/LocalWOK/wok_entities/LOC/dev/CR0-OCCT691-7-CR0-OCCT691-occt-64/drv/StdSelect/.adm/StdSelect_xcpp_header.In
+M StdSelect:dbadmfile:StdSelect_xcpp_header.Out /misc/dn61/LocalWOK/wok_entities/LOC/dev/CR0-OCCT691-7-CR0-OCCT691-occt-64/drv/StdSelect/.adm/StdSelect_xcpp_header.Out
+M StdSelect:dbadmfile:StdSelect_xcpp_header.Dep /misc/dn61/LocalWOK/wok_entities/LOC/dev/CR0-OCCT691-7-CR0-OCCT691-occt-64/drv/StdSelect/.adm/StdSelect_xcpp_header.Dep
