+M BRepOffset:pubinclude:BRepOffset.hxx /misc/dn61/LocalWOK/wok_entities/LOC/dev/CR0-OCCT691-7-CR0-OCCT691-occt-64/inc/BRepOffset.hxx
+M BRepOffset:privinclude:BRepOffset.jxx /misc/dn61/LocalWOK/wok_entities/LOC/dev/CR0-OCCT691-7-CR0-OCCT691-occt-64/drv/BRepOffset/BRepOffset.jxx
+M BRepOffset:privinclude:BRepOffset.ixx /misc/dn61/LocalWOK/wok_entities/LOC/dev/CR0-OCCT691-7-CR0-OCCT691-occt-64/drv/BRepOffset/BRepOffset.ixx
+M BRepOffset:pubinclude:BRepOffset_MakeOffset.hxx /misc/dn61/LocalWOK/wok_entities/LOC/dev/CR0-OCCT691-7-CR0-OCCT691-occt-64/inc/BRepOffset_MakeOffset.hxx
+M BRepOffset:privinclude:BRepOffset_MakeOffset.jxx /misc/dn61/LocalWOK/wok_entities/LOC/dev/CR0-OCCT691-7-CR0-OCCT691-occt-64/drv/BRepOffset/BRepOffset_MakeOffset.jxx
+M BRepOffset:privinclude:BRepOffset_MakeOffset.ixx /misc/dn61/LocalWOK/wok_entities/LOC/dev/CR0-OCCT691-7-CR0-OCCT691-occt-64/drv/BRepOffset/BRepOffset_MakeOffset.ixx
+M BRepOffset:pubinclude:BRepOffset_Inter3d.hxx /misc/dn61/LocalWOK/wok_entities/LOC/dev/CR0-OCCT691-7-CR0-OCCT691-occt-64/inc/BRepOffset_Inter3d.hxx
+M BRepOffset:privinclude:BRepOffset_Inter3d.jxx /misc/dn61/LocalWOK/wok_entities/LOC/dev/CR0-OCCT691-7-CR0-OCCT691-occt-64/drv/BRepOffset/BRepOffset_Inter3d.jxx
+M BRepOffset:privinclude:BRepOffset_Inter3d.ixx /misc/dn61/LocalWOK/wok_entities/LOC/dev/CR0-OCCT691-7-CR0-OCCT691-occt-64/drv/BRepOffset/BRepOffset_Inter3d.ixx
+M BRepOffset:pubinclude:BRepOffset_Inter2d.hxx /misc/dn61/LocalWOK/wok_entities/LOC/dev/CR0-OCCT691-7-CR0-OCCT691-occt-64/inc/BRepOffset_Inter2d.hxx
+M BRepOffset:privinclude:BRepOffset_Inter2d.jxx /misc/dn61/LocalWOK/wok_entities/LOC/dev/CR0-OCCT691-7-CR0-OCCT691-occt-64/drv/BRepOffset/BRepOffset_Inter2d.jxx
+M BRepOffset:privinclude:BRepOffset_Inter2d.ixx /misc/dn61/LocalWOK/wok_entities/LOC/dev/CR0-OCCT691-7-CR0-OCCT691-occt-64/drv/BRepOffset/BRepOffset_Inter2d.ixx
+M BRepOffset:pubinclude:BRepOffset_Offset.hxx /misc/dn61/LocalWOK/wok_entities/LOC/dev/CR0-OCCT691-7-CR0-OCCT691-occt-64/inc/BRepOffset_Offset.hxx
+M BRepOffset:privinclude:BRepOffset_Offset.jxx /misc/dn61/LocalWOK/wok_entities/LOC/dev/CR0-OCCT691-7-CR0-OCCT691-occt-64/drv/BRepOffset/BRepOffset_Offset.jxx
+M BRepOffset:privinclude:BRepOffset_Offset.ixx /misc/dn61/LocalWOK/wok_entities/LOC/dev/CR0-OCCT691-7-CR0-OCCT691-occt-64/drv/BRepOffset/BRepOffset_Offset.ixx
+M BRepOffset:pubinclude:BRepOffset_Analyse.hxx /misc/dn61/LocalWOK/wok_entities/LOC/dev/CR0-OCCT691-7-CR0-OCCT691-occt-64/inc/BRepOffset_Analyse.hxx
+M BRepOffset:privinclude:BRepOffset_Analyse.jxx /misc/dn61/LocalWOK/wok_entities/LOC/dev/CR0-OCCT691-7-CR0-OCCT691-occt-64/drv/BRepOffset/BRepOffset_Analyse.jxx
+M BRepOffset:privinclude:BRepOffset_Analyse.ixx /misc/dn61/LocalWOK/wok_entities/LOC/dev/CR0-OCCT691-7-CR0-OCCT691-occt-64/drv/BRepOffset/BRepOffset_Analyse.ixx
+M BRepOffset:pubinclude:BRepOffset_MakeLoops.hxx /misc/dn61/LocalWOK/wok_entities/LOC/dev/CR0-OCCT691-7-CR0-OCCT691-occt-64/inc/BRepOffset_MakeLoops.hxx
+M BRepOffset:privinclude:BRepOffset_MakeLoops.jxx /misc/dn61/LocalWOK/wok_entities/LOC/dev/CR0-OCCT691-7-CR0-OCCT691-occt-64/drv/BRepOffset/BRepOffset_MakeLoops.jxx
+M BRepOffset:privinclude:BRepOffset_MakeLoops.ixx /misc/dn61/LocalWOK/wok_entities/LOC/dev/CR0-OCCT691-7-CR0-OCCT691-occt-64/drv/BRepOffset/BRepOffset_MakeLoops.ixx
+M BRepOffset:pubinclude:BRepOffset_Tool.hxx /misc/dn61/LocalWOK/wok_entities/LOC/dev/CR0-OCCT691-7-CR0-OCCT691-occt-64/inc/BRepOffset_Tool.hxx
+M BRepOffset:privinclude:BRepOffset_Tool.jxx /misc/dn61/LocalWOK/wok_entities/LOC/dev/CR0-OCCT691-7-CR0-OCCT691-occt-64/drv/BRepOffset/BRepOffset_Tool.jxx
+M BRepOffset:privinclude:BRepOffset_Tool.ixx /misc/dn61/LocalWOK/wok_entities/LOC/dev/CR0-OCCT691-7-CR0-OCCT691-occt-64/drv/BRepOffset/BRepOffset_Tool.ixx
+M BRepOffset:pubinclude:BRepOffset_Interval.hxx /misc/dn61/LocalWOK/wok_entities/LOC/dev/CR0-OCCT691-7-CR0-OCCT691-occt-64/inc/BRepOffset_Interval.hxx
+M BRepOffset:privinclude:BRepOffset_Interval.jxx /misc/dn61/LocalWOK/wok_entities/LOC/dev/CR0-OCCT691-7-CR0-OCCT691-occt-64/drv/BRepOffset/BRepOffset_Interval.jxx
+M BRepOffset:privinclude:BRepOffset_Interval.ixx /misc/dn61/LocalWOK/wok_entities/LOC/dev/CR0-OCCT691-7-CR0-OCCT691-occt-64/drv/BRepOffset/BRepOffset_Interval.ixx
+M BRepOffset:pubinclude:BRepOffset_ListOfInterval.hxx /misc/dn61/LocalWOK/wok_entities/LOC/dev/CR0-OCCT691-7-CR0-OCCT691-occt-64/inc/BRepOffset_ListOfInterval.hxx
+M BRepOffset:derivated:BRepOffset_ListOfInterval_0.cxx /misc/dn61/LocalWOK/wok_entities/LOC/dev/CR0-OCCT691-7-CR0-OCCT691-occt-64/drv/BRepOffset/BRepOffset_ListOfInterval_0.cxx
+M BRepOffset:pubinclude:BRepOffset_DataMapOfShapeListOfInterval.hxx /misc/dn61/LocalWOK/wok_entities/LOC/dev/CR0-OCCT691-7-CR0-OCCT691-occt-64/inc/BRepOffset_DataMapOfShapeListOfInterval.hxx
+M BRepOffset:derivated:BRepOffset_DataMapOfShapeListOfInterval_0.cxx /misc/dn61/LocalWOK/wok_entities/LOC/dev/CR0-OCCT691-7-CR0-OCCT691-occt-64/drv/BRepOffset/BRepOffset_DataMapOfShapeListOfInterval_0.cxx
+M BRepOffset:pubinclude:BRepOffset_DataMapOfShapeOffset.hxx /misc/dn61/LocalWOK/wok_entities/LOC/dev/CR0-OCCT691-7-CR0-OCCT691-occt-64/inc/BRepOffset_DataMapOfShapeOffset.hxx
+M BRepOffset:derivated:BRepOffset_DataMapOfShapeOffset_0.cxx /misc/dn61/LocalWOK/wok_entities/LOC/dev/CR0-OCCT691-7-CR0-OCCT691-occt-64/drv/BRepOffset/BRepOffset_DataMapOfShapeOffset_0.cxx
+M BRepOffset:pubinclude:BRepOffset_DataMapOfShapeMapOfShape.hxx /misc/dn61/LocalWOK/wok_entities/LOC/dev/CR0-OCCT691-7-CR0-OCCT691-occt-64/inc/BRepOffset_DataMapOfShapeMapOfShape.hxx
+M BRepOffset:derivated:BRepOffset_DataMapOfShapeMapOfShape_0.cxx /misc/dn61/LocalWOK/wok_entities/LOC/dev/CR0-OCCT691-7-CR0-OCCT691-occt-64/drv/BRepOffset/BRepOffset_DataMapOfShapeMapOfShape_0.cxx
+M BRepOffset:pubinclude:Handle_BRepOffset_ListNodeOfListOfInterval.hxx /misc/dn61/LocalWOK/wok_entities/LOC/dev/CR0-OCCT691-7-CR0-OCCT691-occt-64/inc/Handle_BRepOffset_ListNodeOfListOfInterval.hxx
+M BRepOffset:pubinclude:BRepOffset_ListNodeOfListOfInterval.hxx /misc/dn61/LocalWOK/wok_entities/LOC/dev/CR0-OCCT691-7-CR0-OCCT691-occt-64/inc/BRepOffset_ListNodeOfListOfInterval.hxx
+M BRepOffset:derivated:BRepOffset_ListNodeOfListOfInterval_0.cxx /misc/dn61/LocalWOK/wok_entities/LOC/dev/CR0-OCCT691-7-CR0-OCCT691-occt-64/drv/BRepOffset/BRepOffset_ListNodeOfListOfInterval_0.cxx
+M BRepOffset:pubinclude:BRepOffset_ListIteratorOfListOfInterval.hxx /misc/dn61/LocalWOK/wok_entities/LOC/dev/CR0-OCCT691-7-CR0-OCCT691-occt-64/inc/BRepOffset_ListIteratorOfListOfInterval.hxx
+M BRepOffset:derivated:BRepOffset_ListIteratorOfListOfInterval_0.cxx /misc/dn61/LocalWOK/wok_entities/LOC/dev/CR0-OCCT691-7-CR0-OCCT691-occt-64/drv/BRepOffset/BRepOffset_ListIteratorOfListOfInterval_0.cxx
+M BRepOffset:pubinclude:Handle_BRepOffset_DataMapNodeOfDataMapOfShapeListOfInterval.hxx /misc/dn61/LocalWOK/wok_entities/LOC/dev/CR0-OCCT691-7-CR0-OCCT691-occt-64/inc/Handle_BRepOffset_DataMapNodeOfDataMapOfShapeListOfInterval.hxx
+M BRepOffset:pubinclude:BRepOffset_DataMapNodeOfDataMapOfShapeListOfInterval.hxx /misc/dn61/LocalWOK/wok_entities/LOC/dev/CR0-OCCT691-7-CR0-OCCT691-occt-64/inc/BRepOffset_DataMapNodeOfDataMapOfShapeListOfInterval.hxx
+M BRepOffset:derivated:BRepOffset_DataMapNodeOfDataMapOfShapeListOfInterval_0.cxx /misc/dn61/LocalWOK/wok_entities/LOC/dev/CR0-OCCT691-7-CR0-OCCT691-occt-64/drv/BRepOffset/BRepOffset_DataMapNodeOfDataMapOfShapeListOfInterval_0.cxx
+M BRepOffset:pubinclude:BRepOffset_DataMapIteratorOfDataMapOfShapeListOfInterval.hxx /misc/dn61/LocalWOK/wok_entities/LOC/dev/CR0-OCCT691-7-CR0-OCCT691-occt-64/inc/BRepOffset_DataMapIteratorOfDataMapOfShapeListOfInterval.hxx
+M BRepOffset:derivated:BRepOffset_DataMapIteratorOfDataMapOfShapeListOfInterval_0.cxx /misc/dn61/LocalWOK/wok_entities/LOC/dev/CR0-OCCT691-7-CR0-OCCT691-occt-64/drv/BRepOffset/BRepOffset_DataMapIteratorOfDataMapOfShapeListOfInterval_0.cxx
+M BRepOffset:pubinclude:Handle_BRepOffset_DataMapNodeOfDataMapOfShapeOffset.hxx /misc/dn61/LocalWOK/wok_entities/LOC/dev/CR0-OCCT691-7-CR0-OCCT691-occt-64/inc/Handle_BRepOffset_DataMapNodeOfDataMapOfShapeOffset.hxx
+M BRepOffset:pubinclude:BRepOffset_DataMapNodeOfDataMapOfShapeOffset.hxx /misc/dn61/LocalWOK/wok_entities/LOC/dev/CR0-OCCT691-7-CR0-OCCT691-occt-64/inc/BRepOffset_DataMapNodeOfDataMapOfShapeOffset.hxx
+M BRepOffset:derivated:BRepOffset_DataMapNodeOfDataMapOfShapeOffset_0.cxx /misc/dn61/LocalWOK/wok_entities/LOC/dev/CR0-OCCT691-7-CR0-OCCT691-occt-64/drv/BRepOffset/BRepOffset_DataMapNodeOfDataMapOfShapeOffset_0.cxx
+M BRepOffset:pubinclude:BRepOffset_DataMapIteratorOfDataMapOfShapeOffset.hxx /misc/dn61/LocalWOK/wok_entities/LOC/dev/CR0-OCCT691-7-CR0-OCCT691-occt-64/inc/BRepOffset_DataMapIteratorOfDataMapOfShapeOffset.hxx
+M BRepOffset:derivated:BRepOffset_DataMapIteratorOfDataMapOfShapeOffset_0.cxx /misc/dn61/LocalWOK/wok_entities/LOC/dev/CR0-OCCT691-7-CR0-OCCT691-occt-64/drv/BRepOffset/BRepOffset_DataMapIteratorOfDataMapOfShapeOffset_0.cxx
+M BRepOffset:pubinclude:Handle_BRepOffset_DataMapNodeOfDataMapOfShapeMapOfShape.hxx /misc/dn61/LocalWOK/wok_entities/LOC/dev/CR0-OCCT691-7-CR0-OCCT691-occt-64/inc/Handle_BRepOffset_DataMapNodeOfDataMapOfShapeMapOfShape.hxx
+M BRepOffset:pubinclude:BRepOffset_DataMapNodeOfDataMapOfShapeMapOfShape.hxx /misc/dn61/LocalWOK/wok_entities/LOC/dev/CR0-OCCT691-7-CR0-OCCT691-occt-64/inc/BRepOffset_DataMapNodeOfDataMapOfShapeMapOfShape.hxx
+M BRepOffset:derivated:BRepOffset_DataMapNodeOfDataMapOfShapeMapOfShape_0.cxx /misc/dn61/LocalWOK/wok_entities/LOC/dev/CR0-OCCT691-7-CR0-OCCT691-occt-64/drv/BRepOffset/BRepOffset_DataMapNodeOfDataMapOfShapeMapOfShape_0.cxx
+M BRepOffset:pubinclude:BRepOffset_DataMapIteratorOfDataMapOfShapeMapOfShape.hxx /misc/dn61/LocalWOK/wok_entities/LOC/dev/CR0-OCCT691-7-CR0-OCCT691-occt-64/inc/BRepOffset_DataMapIteratorOfDataMapOfShapeMapOfShape.hxx
+M BRepOffset:derivated:BRepOffset_DataMapIteratorOfDataMapOfShapeMapOfShape_0.cxx /misc/dn61/LocalWOK/wok_entities/LOC/dev/CR0-OCCT691-7-CR0-OCCT691-occt-64/drv/BRepOffset/BRepOffset_DataMapIteratorOfDataMapOfShapeMapOfShape_0.cxx
+M BRepOffset:pubinclude:BRepOffset_Type.hxx /misc/dn61/LocalWOK/wok_entities/LOC/dev/CR0-OCCT691-7-CR0-OCCT691-occt-64/inc/BRepOffset_Type.hxx
+M BRepOffset:pubinclude:BRepOffset_Mode.hxx /misc/dn61/LocalWOK/wok_entities/LOC/dev/CR0-OCCT691-7-CR0-OCCT691-occt-64/inc/BRepOffset_Mode.hxx
+M BRepOffset:pubinclude:BRepOffset_Status.hxx /misc/dn61/LocalWOK/wok_entities/LOC/dev/CR0-OCCT691-7-CR0-OCCT691-occt-64/inc/BRepOffset_Status.hxx
+M BRepOffset:pubinclude:BRepOffset_Error.hxx /misc/dn61/LocalWOK/wok_entities/LOC/dev/CR0-OCCT691-7-CR0-OCCT691-occt-64/inc/BRepOffset_Error.hxx
+M BRepOffset:dbadmfile:BRepOffset_xcpp_header.In /misc/dn61/LocalWOK/wok_entities/LOC/dev/CR0-OCCT691-7-CR0-OCCT691-occt-64/drv/BRepOffset/.adm/BRepOffset_xcpp_header.In
+M BRepOffset:dbadmfile:BRepOffset_xcpp_header.Out /misc/dn61/LocalWOK/wok_entities/LOC/dev/CR0-OCCT691-7-CR0-OCCT691-occt-64/drv/BRepOffset/.adm/BRepOffset_xcpp_header.Out
+M BRepOffset:dbadmfile:BRepOffset_xcpp_header.Dep /misc/dn61/LocalWOK/wok_entities/LOC/dev/CR0-OCCT691-7-CR0-OCCT691-occt-64/drv/BRepOffset/.adm/BRepOffset_xcpp_header.Dep
