+M RWStepGeom:pubinclude:RWStepGeom_RWAxis1Placement.hxx /misc/dn61/LocalWOK/wok_entities/LOC/dev/CR0-OCCT691-7-CR0-OCCT691-occt-64/inc/RWStepGeom_RWAxis1Placement.hxx
+M RWStepGeom:privinclude:RWStepGeom_RWAxis1Placement.jxx /misc/dn61/LocalWOK/wok_entities/LOC/dev/CR0-OCCT691-7-CR0-OCCT691-occt-64/drv/RWStepGeom/RWStepGeom_RWAxis1Placement.jxx
+M RWStepGeom:privinclude:RWStepGeom_RWAxis1Placement.ixx /misc/dn61/LocalWOK/wok_entities/LOC/dev/CR0-OCCT691-7-CR0-OCCT691-occt-64/drv/RWStepGeom/RWStepGeom_RWAxis1Placement.ixx
+M RWStepGeom:pubinclude:RWStepGeom_RWAxis2Placement2d.hxx /misc/dn61/LocalWOK/wok_entities/LOC/dev/CR0-OCCT691-7-CR0-OCCT691-occt-64/inc/RWStepGeom_RWAxis2Placement2d.hxx
+M RWStepGeom:privinclude:RWStepGeom_RWAxis2Placement2d.jxx /misc/dn61/LocalWOK/wok_entities/LOC/dev/CR0-OCCT691-7-CR0-OCCT691-occt-64/drv/RWStepGeom/RWStepGeom_RWAxis2Placement2d.jxx
+M RWStepGeom:privinclude:RWStepGeom_RWAxis2Placement2d.ixx /misc/dn61/LocalWOK/wok_entities/LOC/dev/CR0-OCCT691-7-CR0-OCCT691-occt-64/drv/RWStepGeom/RWStepGeom_RWAxis2Placement2d.ixx
+M RWStepGeom:pubinclude:RWStepGeom_RWAxis2Placement3d.hxx /misc/dn61/LocalWOK/wok_entities/LOC/dev/CR0-OCCT691-7-CR0-OCCT691-occt-64/inc/RWStepGeom_RWAxis2Placement3d.hxx
+M RWStepGeom:privinclude:RWStepGeom_RWAxis2Placement3d.jxx /misc/dn61/LocalWOK/wok_entities/LOC/dev/CR0-OCCT691-7-CR0-OCCT691-occt-64/drv/RWStepGeom/RWStepGeom_RWAxis2Placement3d.jxx
+M RWStepGeom:privinclude:RWStepGeom_RWAxis2Placement3d.ixx /misc/dn61/LocalWOK/wok_entities/LOC/dev/CR0-OCCT691-7-CR0-OCCT691-occt-64/drv/RWStepGeom/RWStepGeom_RWAxis2Placement3d.ixx
+M RWStepGeom:pubinclude:RWStepGeom_RWBSplineCurve.hxx /misc/dn61/LocalWOK/wok_entities/LOC/dev/CR0-OCCT691-7-CR0-OCCT691-occt-64/inc/RWStepGeom_RWBSplineCurve.hxx
+M RWStepGeom:privinclude:RWStepGeom_RWBSplineCurve.jxx /misc/dn61/LocalWOK/wok_entities/LOC/dev/CR0-OCCT691-7-CR0-OCCT691-occt-64/drv/RWStepGeom/RWStepGeom_RWBSplineCurve.jxx
+M RWStepGeom:privinclude:RWStepGeom_RWBSplineCurve.ixx /misc/dn61/LocalWOK/wok_entities/LOC/dev/CR0-OCCT691-7-CR0-OCCT691-occt-64/drv/RWStepGeom/RWStepGeom_RWBSplineCurve.ixx
+M RWStepGeom:pubinclude:RWStepGeom_RWBSplineCurveWithKnots.hxx /misc/dn61/LocalWOK/wok_entities/LOC/dev/CR0-OCCT691-7-CR0-OCCT691-occt-64/inc/RWStepGeom_RWBSplineCurveWithKnots.hxx
+M RWStepGeom:privinclude:RWStepGeom_RWBSplineCurveWithKnots.jxx /misc/dn61/LocalWOK/wok_entities/LOC/dev/CR0-OCCT691-7-CR0-OCCT691-occt-64/drv/RWStepGeom/RWStepGeom_RWBSplineCurveWithKnots.jxx
+M RWStepGeom:privinclude:RWStepGeom_RWBSplineCurveWithKnots.ixx /misc/dn61/LocalWOK/wok_entities/LOC/dev/CR0-OCCT691-7-CR0-OCCT691-occt-64/drv/RWStepGeom/RWStepGeom_RWBSplineCurveWithKnots.ixx
+M RWStepGeom:pubinclude:RWStepGeom_RWBSplineSurface.hxx /misc/dn61/LocalWOK/wok_entities/LOC/dev/CR0-OCCT691-7-CR0-OCCT691-occt-64/inc/RWStepGeom_RWBSplineSurface.hxx
+M RWStepGeom:privinclude:RWStepGeom_RWBSplineSurface.jxx /misc/dn61/LocalWOK/wok_entities/LOC/dev/CR0-OCCT691-7-CR0-OCCT691-occt-64/drv/RWStepGeom/RWStepGeom_RWBSplineSurface.jxx
+M RWStepGeom:privinclude:RWStepGeom_RWBSplineSurface.ixx /misc/dn61/LocalWOK/wok_entities/LOC/dev/CR0-OCCT691-7-CR0-OCCT691-occt-64/drv/RWStepGeom/RWStepGeom_RWBSplineSurface.ixx
+M RWStepGeom:pubinclude:RWStepGeom_RWBSplineSurfaceWithKnots.hxx /misc/dn61/LocalWOK/wok_entities/LOC/dev/CR0-OCCT691-7-CR0-OCCT691-occt-64/inc/RWStepGeom_RWBSplineSurfaceWithKnots.hxx
+M RWStepGeom:privinclude:RWStepGeom_RWBSplineSurfaceWithKnots.jxx /misc/dn61/LocalWOK/wok_entities/LOC/dev/CR0-OCCT691-7-CR0-OCCT691-occt-64/drv/RWStepGeom/RWStepGeom_RWBSplineSurfaceWithKnots.jxx
+M RWStepGeom:privinclude:RWStepGeom_RWBSplineSurfaceWithKnots.ixx /misc/dn61/LocalWOK/wok_entities/LOC/dev/CR0-OCCT691-7-CR0-OCCT691-occt-64/drv/RWStepGeom/RWStepGeom_RWBSplineSurfaceWithKnots.ixx
+M RWStepGeom:pubinclude:RWStepGeom_RWBezierCurve.hxx /misc/dn61/LocalWOK/wok_entities/LOC/dev/CR0-OCCT691-7-CR0-OCCT691-occt-64/inc/RWStepGeom_RWBezierCurve.hxx
+M RWStepGeom:privinclude:RWStepGeom_RWBezierCurve.jxx /misc/dn61/LocalWOK/wok_entities/LOC/dev/CR0-OCCT691-7-CR0-OCCT691-occt-64/drv/RWStepGeom/RWStepGeom_RWBezierCurve.jxx
+M RWStepGeom:privinclude:RWStepGeom_RWBezierCurve.ixx /misc/dn61/LocalWOK/wok_entities/LOC/dev/CR0-OCCT691-7-CR0-OCCT691-occt-64/drv/RWStepGeom/RWStepGeom_RWBezierCurve.ixx
+M RWStepGeom:pubinclude:RWStepGeom_RWBezierSurface.hxx /misc/dn61/LocalWOK/wok_entities/LOC/dev/CR0-OCCT691-7-CR0-OCCT691-occt-64/inc/RWStepGeom_RWBezierSurface.hxx
+M RWStepGeom:privinclude:RWStepGeom_RWBezierSurface.jxx /misc/dn61/LocalWOK/wok_entities/LOC/dev/CR0-OCCT691-7-CR0-OCCT691-occt-64/drv/RWStepGeom/RWStepGeom_RWBezierSurface.jxx
+M RWStepGeom:privinclude:RWStepGeom_RWBezierSurface.ixx /misc/dn61/LocalWOK/wok_entities/LOC/dev/CR0-OCCT691-7-CR0-OCCT691-occt-64/drv/RWStepGeom/RWStepGeom_RWBezierSurface.ixx
+M RWStepGeom:pubinclude:RWStepGeom_RWBoundaryCurve.hxx /misc/dn61/LocalWOK/wok_entities/LOC/dev/CR0-OCCT691-7-CR0-OCCT691-occt-64/inc/RWStepGeom_RWBoundaryCurve.hxx
+M RWStepGeom:privinclude:RWStepGeom_RWBoundaryCurve.jxx /misc/dn61/LocalWOK/wok_entities/LOC/dev/CR0-OCCT691-7-CR0-OCCT691-occt-64/drv/RWStepGeom/RWStepGeom_RWBoundaryCurve.jxx
+M RWStepGeom:privinclude:RWStepGeom_RWBoundaryCurve.ixx /misc/dn61/LocalWOK/wok_entities/LOC/dev/CR0-OCCT691-7-CR0-OCCT691-occt-64/drv/RWStepGeom/RWStepGeom_RWBoundaryCurve.ixx
+M RWStepGeom:pubinclude:RWStepGeom_RWBoundedCurve.hxx /misc/dn61/LocalWOK/wok_entities/LOC/dev/CR0-OCCT691-7-CR0-OCCT691-occt-64/inc/RWStepGeom_RWBoundedCurve.hxx
+M RWStepGeom:privinclude:RWStepGeom_RWBoundedCurve.jxx /misc/dn61/LocalWOK/wok_entities/LOC/dev/CR0-OCCT691-7-CR0-OCCT691-occt-64/drv/RWStepGeom/RWStepGeom_RWBoundedCurve.jxx
+M RWStepGeom:privinclude:RWStepGeom_RWBoundedCurve.ixx /misc/dn61/LocalWOK/wok_entities/LOC/dev/CR0-OCCT691-7-CR0-OCCT691-occt-64/drv/RWStepGeom/RWStepGeom_RWBoundedCurve.ixx
+M RWStepGeom:pubinclude:RWStepGeom_RWBoundedSurface.hxx /misc/dn61/LocalWOK/wok_entities/LOC/dev/CR0-OCCT691-7-CR0-OCCT691-occt-64/inc/RWStepGeom_RWBoundedSurface.hxx
+M RWStepGeom:privinclude:RWStepGeom_RWBoundedSurface.jxx /misc/dn61/LocalWOK/wok_entities/LOC/dev/CR0-OCCT691-7-CR0-OCCT691-occt-64/drv/RWStepGeom/RWStepGeom_RWBoundedSurface.jxx
+M RWStepGeom:privinclude:RWStepGeom_RWBoundedSurface.ixx /misc/dn61/LocalWOK/wok_entities/LOC/dev/CR0-OCCT691-7-CR0-OCCT691-occt-64/drv/RWStepGeom/RWStepGeom_RWBoundedSurface.ixx
+M RWStepGeom:pubinclude:RWStepGeom_RWCartesianPoint.hxx /misc/dn61/LocalWOK/wok_entities/LOC/dev/CR0-OCCT691-7-CR0-OCCT691-occt-64/inc/RWStepGeom_RWCartesianPoint.hxx
+M RWStepGeom:privinclude:RWStepGeom_RWCartesianPoint.jxx /misc/dn61/LocalWOK/wok_entities/LOC/dev/CR0-OCCT691-7-CR0-OCCT691-occt-64/drv/RWStepGeom/RWStepGeom_RWCartesianPoint.jxx
+M RWStepGeom:privinclude:RWStepGeom_RWCartesianPoint.ixx /misc/dn61/LocalWOK/wok_entities/LOC/dev/CR0-OCCT691-7-CR0-OCCT691-occt-64/drv/RWStepGeom/RWStepGeom_RWCartesianPoint.ixx
+M RWStepGeom:pubinclude:RWStepGeom_RWCartesianTransformationOperator.hxx /misc/dn61/LocalWOK/wok_entities/LOC/dev/CR0-OCCT691-7-CR0-OCCT691-occt-64/inc/RWStepGeom_RWCartesianTransformationOperator.hxx
+M RWStepGeom:privinclude:RWStepGeom_RWCartesianTransformationOperator.jxx /misc/dn61/LocalWOK/wok_entities/LOC/dev/CR0-OCCT691-7-CR0-OCCT691-occt-64/drv/RWStepGeom/RWStepGeom_RWCartesianTransformationOperator.jxx
+M RWStepGeom:privinclude:RWStepGeom_RWCartesianTransformationOperator.ixx /misc/dn61/LocalWOK/wok_entities/LOC/dev/CR0-OCCT691-7-CR0-OCCT691-occt-64/drv/RWStepGeom/RWStepGeom_RWCartesianTransformationOperator.ixx
+M RWStepGeom:pubinclude:RWStepGeom_RWCartesianTransformationOperator3d.hxx /misc/dn61/LocalWOK/wok_entities/LOC/dev/CR0-OCCT691-7-CR0-OCCT691-occt-64/inc/RWStepGeom_RWCartesianTransformationOperator3d.hxx
+M RWStepGeom:privinclude:RWStepGeom_RWCartesianTransformationOperator3d.jxx /misc/dn61/LocalWOK/wok_entities/LOC/dev/CR0-OCCT691-7-CR0-OCCT691-occt-64/drv/RWStepGeom/RWStepGeom_RWCartesianTransformationOperator3d.jxx
+M RWStepGeom:privinclude:RWStepGeom_RWCartesianTransformationOperator3d.ixx /misc/dn61/LocalWOK/wok_entities/LOC/dev/CR0-OCCT691-7-CR0-OCCT691-occt-64/drv/RWStepGeom/RWStepGeom_RWCartesianTransformationOperator3d.ixx
+M RWStepGeom:pubinclude:RWStepGeom_RWCircle.hxx /misc/dn61/LocalWOK/wok_entities/LOC/dev/CR0-OCCT691-7-CR0-OCCT691-occt-64/inc/RWStepGeom_RWCircle.hxx
+M RWStepGeom:privinclude:RWStepGeom_RWCircle.jxx /misc/dn61/LocalWOK/wok_entities/LOC/dev/CR0-OCCT691-7-CR0-OCCT691-occt-64/drv/RWStepGeom/RWStepGeom_RWCircle.jxx
+M RWStepGeom:privinclude:RWStepGeom_RWCircle.ixx /misc/dn61/LocalWOK/wok_entities/LOC/dev/CR0-OCCT691-7-CR0-OCCT691-occt-64/drv/RWStepGeom/RWStepGeom_RWCircle.ixx
+M RWStepGeom:pubinclude:RWStepGeom_RWCompositeCurve.hxx /misc/dn61/LocalWOK/wok_entities/LOC/dev/CR0-OCCT691-7-CR0-OCCT691-occt-64/inc/RWStepGeom_RWCompositeCurve.hxx
+M RWStepGeom:privinclude:RWStepGeom_RWCompositeCurve.jxx /misc/dn61/LocalWOK/wok_entities/LOC/dev/CR0-OCCT691-7-CR0-OCCT691-occt-64/drv/RWStepGeom/RWStepGeom_RWCompositeCurve.jxx
+M RWStepGeom:privinclude:RWStepGeom_RWCompositeCurve.ixx /misc/dn61/LocalWOK/wok_entities/LOC/dev/CR0-OCCT691-7-CR0-OCCT691-occt-64/drv/RWStepGeom/RWStepGeom_RWCompositeCurve.ixx
+M RWStepGeom:pubinclude:RWStepGeom_RWCompositeCurveOnSurface.hxx /misc/dn61/LocalWOK/wok_entities/LOC/dev/CR0-OCCT691-7-CR0-OCCT691-occt-64/inc/RWStepGeom_RWCompositeCurveOnSurface.hxx
+M RWStepGeom:privinclude:RWStepGeom_RWCompositeCurveOnSurface.jxx /misc/dn61/LocalWOK/wok_entities/LOC/dev/CR0-OCCT691-7-CR0-OCCT691-occt-64/drv/RWStepGeom/RWStepGeom_RWCompositeCurveOnSurface.jxx
+M RWStepGeom:privinclude:RWStepGeom_RWCompositeCurveOnSurface.ixx /misc/dn61/LocalWOK/wok_entities/LOC/dev/CR0-OCCT691-7-CR0-OCCT691-occt-64/drv/RWStepGeom/RWStepGeom_RWCompositeCurveOnSurface.ixx
+M RWStepGeom:pubinclude:RWStepGeom_RWCompositeCurveSegment.hxx /misc/dn61/LocalWOK/wok_entities/LOC/dev/CR0-OCCT691-7-CR0-OCCT691-occt-64/inc/RWStepGeom_RWCompositeCurveSegment.hxx
+M RWStepGeom:privinclude:RWStepGeom_RWCompositeCurveSegment.jxx /misc/dn61/LocalWOK/wok_entities/LOC/dev/CR0-OCCT691-7-CR0-OCCT691-occt-64/drv/RWStepGeom/RWStepGeom_RWCompositeCurveSegment.jxx
+M RWStepGeom:privinclude:RWStepGeom_RWCompositeCurveSegment.ixx /misc/dn61/LocalWOK/wok_entities/LOC/dev/CR0-OCCT691-7-CR0-OCCT691-occt-64/drv/RWStepGeom/RWStepGeom_RWCompositeCurveSegment.ixx
+M RWStepGeom:pubinclude:RWStepGeom_RWConic.hxx /misc/dn61/LocalWOK/wok_entities/LOC/dev/CR0-OCCT691-7-CR0-OCCT691-occt-64/inc/RWStepGeom_RWConic.hxx
+M RWStepGeom:privinclude:RWStepGeom_RWConic.jxx /misc/dn61/LocalWOK/wok_entities/LOC/dev/CR0-OCCT691-7-CR0-OCCT691-occt-64/drv/RWStepGeom/RWStepGeom_RWConic.jxx
+M RWStepGeom:privinclude:RWStepGeom_RWConic.ixx /misc/dn61/LocalWOK/wok_entities/LOC/dev/CR0-OCCT691-7-CR0-OCCT691-occt-64/drv/RWStepGeom/RWStepGeom_RWConic.ixx
+M RWStepGeom:pubinclude:RWStepGeom_RWConicalSurface.hxx /misc/dn61/LocalWOK/wok_entities/LOC/dev/CR0-OCCT691-7-CR0-OCCT691-occt-64/inc/RWStepGeom_RWConicalSurface.hxx
+M RWStepGeom:privinclude:RWStepGeom_RWConicalSurface.jxx /misc/dn61/LocalWOK/wok_entities/LOC/dev/CR0-OCCT691-7-CR0-OCCT691-occt-64/drv/RWStepGeom/RWStepGeom_RWConicalSurface.jxx
+M RWStepGeom:privinclude:RWStepGeom_RWConicalSurface.ixx /misc/dn61/LocalWOK/wok_entities/LOC/dev/CR0-OCCT691-7-CR0-OCCT691-occt-64/drv/RWStepGeom/RWStepGeom_RWConicalSurface.ixx
+M RWStepGeom:pubinclude:RWStepGeom_RWCurve.hxx /misc/dn61/LocalWOK/wok_entities/LOC/dev/CR0-OCCT691-7-CR0-OCCT691-occt-64/inc/RWStepGeom_RWCurve.hxx
+M RWStepGeom:privinclude:RWStepGeom_RWCurve.jxx /misc/dn61/LocalWOK/wok_entities/LOC/dev/CR0-OCCT691-7-CR0-OCCT691-occt-64/drv/RWStepGeom/RWStepGeom_RWCurve.jxx
+M RWStepGeom:privinclude:RWStepGeom_RWCurve.ixx /misc/dn61/LocalWOK/wok_entities/LOC/dev/CR0-OCCT691-7-CR0-OCCT691-occt-64/drv/RWStepGeom/RWStepGeom_RWCurve.ixx
+M RWStepGeom:pubinclude:RWStepGeom_RWCurveBoundedSurface.hxx /misc/dn61/LocalWOK/wok_entities/LOC/dev/CR0-OCCT691-7-CR0-OCCT691-occt-64/inc/RWStepGeom_RWCurveBoundedSurface.hxx
+M RWStepGeom:privinclude:RWStepGeom_RWCurveBoundedSurface.jxx /misc/dn61/LocalWOK/wok_entities/LOC/dev/CR0-OCCT691-7-CR0-OCCT691-occt-64/drv/RWStepGeom/RWStepGeom_RWCurveBoundedSurface.jxx
+M RWStepGeom:privinclude:RWStepGeom_RWCurveBoundedSurface.ixx /misc/dn61/LocalWOK/wok_entities/LOC/dev/CR0-OCCT691-7-CR0-OCCT691-occt-64/drv/RWStepGeom/RWStepGeom_RWCurveBoundedSurface.ixx
+M RWStepGeom:pubinclude:RWStepGeom_RWCurveReplica.hxx /misc/dn61/LocalWOK/wok_entities/LOC/dev/CR0-OCCT691-7-CR0-OCCT691-occt-64/inc/RWStepGeom_RWCurveReplica.hxx
+M RWStepGeom:privinclude:RWStepGeom_RWCurveReplica.jxx /misc/dn61/LocalWOK/wok_entities/LOC/dev/CR0-OCCT691-7-CR0-OCCT691-occt-64/drv/RWStepGeom/RWStepGeom_RWCurveReplica.jxx
+M RWStepGeom:privinclude:RWStepGeom_RWCurveReplica.ixx /misc/dn61/LocalWOK/wok_entities/LOC/dev/CR0-OCCT691-7-CR0-OCCT691-occt-64/drv/RWStepGeom/RWStepGeom_RWCurveReplica.ixx
+M RWStepGeom:pubinclude:RWStepGeom_RWCylindricalSurface.hxx /misc/dn61/LocalWOK/wok_entities/LOC/dev/CR0-OCCT691-7-CR0-OCCT691-occt-64/inc/RWStepGeom_RWCylindricalSurface.hxx
+M RWStepGeom:privinclude:RWStepGeom_RWCylindricalSurface.jxx /misc/dn61/LocalWOK/wok_entities/LOC/dev/CR0-OCCT691-7-CR0-OCCT691-occt-64/drv/RWStepGeom/RWStepGeom_RWCylindricalSurface.jxx
+M RWStepGeom:privinclude:RWStepGeom_RWCylindricalSurface.ixx /misc/dn61/LocalWOK/wok_entities/LOC/dev/CR0-OCCT691-7-CR0-OCCT691-occt-64/drv/RWStepGeom/RWStepGeom_RWCylindricalSurface.ixx
+M RWStepGeom:pubinclude:RWStepGeom_RWDegeneratePcurve.hxx /misc/dn61/LocalWOK/wok_entities/LOC/dev/CR0-OCCT691-7-CR0-OCCT691-occt-64/inc/RWStepGeom_RWDegeneratePcurve.hxx
+M RWStepGeom:privinclude:RWStepGeom_RWDegeneratePcurve.jxx /misc/dn61/LocalWOK/wok_entities/LOC/dev/CR0-OCCT691-7-CR0-OCCT691-occt-64/drv/RWStepGeom/RWStepGeom_RWDegeneratePcurve.jxx
+M RWStepGeom:privinclude:RWStepGeom_RWDegeneratePcurve.ixx /misc/dn61/LocalWOK/wok_entities/LOC/dev/CR0-OCCT691-7-CR0-OCCT691-occt-64/drv/RWStepGeom/RWStepGeom_RWDegeneratePcurve.ixx
+M RWStepGeom:pubinclude:RWStepGeom_RWDegenerateToroidalSurface.hxx /misc/dn61/LocalWOK/wok_entities/LOC/dev/CR0-OCCT691-7-CR0-OCCT691-occt-64/inc/RWStepGeom_RWDegenerateToroidalSurface.hxx
+M RWStepGeom:privinclude:RWStepGeom_RWDegenerateToroidalSurface.jxx /misc/dn61/LocalWOK/wok_entities/LOC/dev/CR0-OCCT691-7-CR0-OCCT691-occt-64/drv/RWStepGeom/RWStepGeom_RWDegenerateToroidalSurface.jxx
+M RWStepGeom:privinclude:RWStepGeom_RWDegenerateToroidalSurface.ixx /misc/dn61/LocalWOK/wok_entities/LOC/dev/CR0-OCCT691-7-CR0-OCCT691-occt-64/drv/RWStepGeom/RWStepGeom_RWDegenerateToroidalSurface.ixx
+M RWStepGeom:pubinclude:RWStepGeom_RWDirection.hxx /misc/dn61/LocalWOK/wok_entities/LOC/dev/CR0-OCCT691-7-CR0-OCCT691-occt-64/inc/RWStepGeom_RWDirection.hxx
+M RWStepGeom:privinclude:RWStepGeom_RWDirection.jxx /misc/dn61/LocalWOK/wok_entities/LOC/dev/CR0-OCCT691-7-CR0-OCCT691-occt-64/drv/RWStepGeom/RWStepGeom_RWDirection.jxx
+M RWStepGeom:privinclude:RWStepGeom_RWDirection.ixx /misc/dn61/LocalWOK/wok_entities/LOC/dev/CR0-OCCT691-7-CR0-OCCT691-occt-64/drv/RWStepGeom/RWStepGeom_RWDirection.ixx
+M RWStepGeom:pubinclude:RWStepGeom_RWElementarySurface.hxx /misc/dn61/LocalWOK/wok_entities/LOC/dev/CR0-OCCT691-7-CR0-OCCT691-occt-64/inc/RWStepGeom_RWElementarySurface.hxx
+M RWStepGeom:privinclude:RWStepGeom_RWElementarySurface.jxx /misc/dn61/LocalWOK/wok_entities/LOC/dev/CR0-OCCT691-7-CR0-OCCT691-occt-64/drv/RWStepGeom/RWStepGeom_RWElementarySurface.jxx
+M RWStepGeom:privinclude:RWStepGeom_RWElementarySurface.ixx /misc/dn61/LocalWOK/wok_entities/LOC/dev/CR0-OCCT691-7-CR0-OCCT691-occt-64/drv/RWStepGeom/RWStepGeom_RWElementarySurface.ixx
+M RWStepGeom:pubinclude:RWStepGeom_RWEllipse.hxx /misc/dn61/LocalWOK/wok_entities/LOC/dev/CR0-OCCT691-7-CR0-OCCT691-occt-64/inc/RWStepGeom_RWEllipse.hxx
+M RWStepGeom:privinclude:RWStepGeom_RWEllipse.jxx /misc/dn61/LocalWOK/wok_entities/LOC/dev/CR0-OCCT691-7-CR0-OCCT691-occt-64/drv/RWStepGeom/RWStepGeom_RWEllipse.jxx
+M RWStepGeom:privinclude:RWStepGeom_RWEllipse.ixx /misc/dn61/LocalWOK/wok_entities/LOC/dev/CR0-OCCT691-7-CR0-OCCT691-occt-64/drv/RWStepGeom/RWStepGeom_RWEllipse.ixx
+M RWStepGeom:pubinclude:RWStepGeom_RWEvaluatedDegeneratePcurve.hxx /misc/dn61/LocalWOK/wok_entities/LOC/dev/CR0-OCCT691-7-CR0-OCCT691-occt-64/inc/RWStepGeom_RWEvaluatedDegeneratePcurve.hxx
+M RWStepGeom:privinclude:RWStepGeom_RWEvaluatedDegeneratePcurve.jxx /misc/dn61/LocalWOK/wok_entities/LOC/dev/CR0-OCCT691-7-CR0-OCCT691-occt-64/drv/RWStepGeom/RWStepGeom_RWEvaluatedDegeneratePcurve.jxx
+M RWStepGeom:privinclude:RWStepGeom_RWEvaluatedDegeneratePcurve.ixx /misc/dn61/LocalWOK/wok_entities/LOC/dev/CR0-OCCT691-7-CR0-OCCT691-occt-64/drv/RWStepGeom/RWStepGeom_RWEvaluatedDegeneratePcurve.ixx
+M RWStepGeom:pubinclude:RWStepGeom_RWGeometricRepresentationContext.hxx /misc/dn61/LocalWOK/wok_entities/LOC/dev/CR0-OCCT691-7-CR0-OCCT691-occt-64/inc/RWStepGeom_RWGeometricRepresentationContext.hxx
+M RWStepGeom:privinclude:RWStepGeom_RWGeometricRepresentationContext.jxx /misc/dn61/LocalWOK/wok_entities/LOC/dev/CR0-OCCT691-7-CR0-OCCT691-occt-64/drv/RWStepGeom/RWStepGeom_RWGeometricRepresentationContext.jxx
+M RWStepGeom:privinclude:RWStepGeom_RWGeometricRepresentationContext.ixx /misc/dn61/LocalWOK/wok_entities/LOC/dev/CR0-OCCT691-7-CR0-OCCT691-occt-64/drv/RWStepGeom/RWStepGeom_RWGeometricRepresentationContext.ixx
+M RWStepGeom:pubinclude:RWStepGeom_RWGeometricRepresentationContextAndGlobalUnitAssignedContext.hxx /misc/dn61/LocalWOK/wok_entities/LOC/dev/CR0-OCCT691-7-CR0-OCCT691-occt-64/inc/RWStepGeom_RWGeometricRepresentationContextAndGlobalUnitAssignedContext.hxx
+M RWStepGeom:privinclude:RWStepGeom_RWGeometricRepresentationContextAndGlobalUnitAssignedContext.jxx /misc/dn61/LocalWOK/wok_entities/LOC/dev/CR0-OCCT691-7-CR0-OCCT691-occt-64/drv/RWStepGeom/RWStepGeom_RWGeometricRepresentationContextAndGlobalUnitAssignedContext.jxx
+M RWStepGeom:privinclude:RWStepGeom_RWGeometricRepresentationContextAndGlobalUnitAssignedContext.ixx /misc/dn61/LocalWOK/wok_entities/LOC/dev/CR0-OCCT691-7-CR0-OCCT691-occt-64/drv/RWStepGeom/RWStepGeom_RWGeometricRepresentationContextAndGlobalUnitAssignedContext.ixx
+M RWStepGeom:pubinclude:RWStepGeom_RWGeometricRepresentationContextAndParametricRepresentationContext.hxx /misc/dn61/LocalWOK/wok_entities/LOC/dev/CR0-OCCT691-7-CR0-OCCT691-occt-64/inc/RWStepGeom_RWGeometricRepresentationContextAndParametricRepresentationContext.hxx
+M RWStepGeom:privinclude:RWStepGeom_RWGeometricRepresentationContextAndParametricRepresentationContext.jxx /misc/dn61/LocalWOK/wok_entities/LOC/dev/CR0-OCCT691-7-CR0-OCCT691-occt-64/drv/RWStepGeom/RWStepGeom_RWGeometricRepresentationContextAndParametricRepresentationContext.jxx
+M RWStepGeom:privinclude:RWStepGeom_RWGeometricRepresentationContextAndParametricRepresentationContext.ixx /misc/dn61/LocalWOK/wok_entities/LOC/dev/CR0-OCCT691-7-CR0-OCCT691-occt-64/drv/RWStepGeom/RWStepGeom_RWGeometricRepresentationContextAndParametricRepresentationContext.ixx
+M RWStepGeom:pubinclude:RWStepGeom_RWGeomRepContextAndGlobUnitAssCtxAndGlobUncertaintyAssCtx.hxx /misc/dn61/LocalWOK/wok_entities/LOC/dev/CR0-OCCT691-7-CR0-OCCT691-occt-64/inc/RWStepGeom_RWGeomRepContextAndGlobUnitAssCtxAndGlobUncertaintyAssCtx.hxx
+M RWStepGeom:privinclude:RWStepGeom_RWGeomRepContextAndGlobUnitAssCtxAndGlobUncertaintyAssCtx.jxx /misc/dn61/LocalWOK/wok_entities/LOC/dev/CR0-OCCT691-7-CR0-OCCT691-occt-64/drv/RWStepGeom/RWStepGeom_RWGeomRepContextAndGlobUnitAssCtxAndGlobUncertaintyAssCtx.jxx
+M RWStepGeom:privinclude:RWStepGeom_RWGeomRepContextAndGlobUnitAssCtxAndGlobUncertaintyAssCtx.ixx /misc/dn61/LocalWOK/wok_entities/LOC/dev/CR0-OCCT691-7-CR0-OCCT691-occt-64/drv/RWStepGeom/RWStepGeom_RWGeomRepContextAndGlobUnitAssCtxAndGlobUncertaintyAssCtx.ixx
+M RWStepGeom:pubinclude:RWStepGeom_RWGeometricRepresentationItem.hxx /misc/dn61/LocalWOK/wok_entities/LOC/dev/CR0-OCCT691-7-CR0-OCCT691-occt-64/inc/RWStepGeom_RWGeometricRepresentationItem.hxx
+M RWStepGeom:privinclude:RWStepGeom_RWGeometricRepresentationItem.jxx /misc/dn61/LocalWOK/wok_entities/LOC/dev/CR0-OCCT691-7-CR0-OCCT691-occt-64/drv/RWStepGeom/RWStepGeom_RWGeometricRepresentationItem.jxx
+M RWStepGeom:privinclude:RWStepGeom_RWGeometricRepresentationItem.ixx /misc/dn61/LocalWOK/wok_entities/LOC/dev/CR0-OCCT691-7-CR0-OCCT691-occt-64/drv/RWStepGeom/RWStepGeom_RWGeometricRepresentationItem.ixx
+M RWStepGeom:pubinclude:RWStepGeom_RWHyperbola.hxx /misc/dn61/LocalWOK/wok_entities/LOC/dev/CR0-OCCT691-7-CR0-OCCT691-occt-64/inc/RWStepGeom_RWHyperbola.hxx
+M RWStepGeom:privinclude:RWStepGeom_RWHyperbola.jxx /misc/dn61/LocalWOK/wok_entities/LOC/dev/CR0-OCCT691-7-CR0-OCCT691-occt-64/drv/RWStepGeom/RWStepGeom_RWHyperbola.jxx
+M RWStepGeom:privinclude:RWStepGeom_RWHyperbola.ixx /misc/dn61/LocalWOK/wok_entities/LOC/dev/CR0-OCCT691-7-CR0-OCCT691-occt-64/drv/RWStepGeom/RWStepGeom_RWHyperbola.ixx
+M RWStepGeom:pubinclude:RWStepGeom_RWIntersectionCurve.hxx /misc/dn61/LocalWOK/wok_entities/LOC/dev/CR0-OCCT691-7-CR0-OCCT691-occt-64/inc/RWStepGeom_RWIntersectionCurve.hxx
+M RWStepGeom:privinclude:RWStepGeom_RWIntersectionCurve.jxx /misc/dn61/LocalWOK/wok_entities/LOC/dev/CR0-OCCT691-7-CR0-OCCT691-occt-64/drv/RWStepGeom/RWStepGeom_RWIntersectionCurve.jxx
+M RWStepGeom:privinclude:RWStepGeom_RWIntersectionCurve.ixx /misc/dn61/LocalWOK/wok_entities/LOC/dev/CR0-OCCT691-7-CR0-OCCT691-occt-64/drv/RWStepGeom/RWStepGeom_RWIntersectionCurve.ixx
+M RWStepGeom:pubinclude:RWStepGeom_RWLine.hxx /misc/dn61/LocalWOK/wok_entities/LOC/dev/CR0-OCCT691-7-CR0-OCCT691-occt-64/inc/RWStepGeom_RWLine.hxx
+M RWStepGeom:privinclude:RWStepGeom_RWLine.jxx /misc/dn61/LocalWOK/wok_entities/LOC/dev/CR0-OCCT691-7-CR0-OCCT691-occt-64/drv/RWStepGeom/RWStepGeom_RWLine.jxx
+M RWStepGeom:privinclude:RWStepGeom_RWLine.ixx /misc/dn61/LocalWOK/wok_entities/LOC/dev/CR0-OCCT691-7-CR0-OCCT691-occt-64/drv/RWStepGeom/RWStepGeom_RWLine.ixx
+M RWStepGeom:pubinclude:RWStepGeom_RWOffsetCurve3d.hxx /misc/dn61/LocalWOK/wok_entities/LOC/dev/CR0-OCCT691-7-CR0-OCCT691-occt-64/inc/RWStepGeom_RWOffsetCurve3d.hxx
+M RWStepGeom:privinclude:RWStepGeom_RWOffsetCurve3d.jxx /misc/dn61/LocalWOK/wok_entities/LOC/dev/CR0-OCCT691-7-CR0-OCCT691-occt-64/drv/RWStepGeom/RWStepGeom_RWOffsetCurve3d.jxx
+M RWStepGeom:privinclude:RWStepGeom_RWOffsetCurve3d.ixx /misc/dn61/LocalWOK/wok_entities/LOC/dev/CR0-OCCT691-7-CR0-OCCT691-occt-64/drv/RWStepGeom/RWStepGeom_RWOffsetCurve3d.ixx
+M RWStepGeom:pubinclude:RWStepGeom_RWOffsetSurface.hxx /misc/dn61/LocalWOK/wok_entities/LOC/dev/CR0-OCCT691-7-CR0-OCCT691-occt-64/inc/RWStepGeom_RWOffsetSurface.hxx
+M RWStepGeom:privinclude:RWStepGeom_RWOffsetSurface.jxx /misc/dn61/LocalWOK/wok_entities/LOC/dev/CR0-OCCT691-7-CR0-OCCT691-occt-64/drv/RWStepGeom/RWStepGeom_RWOffsetSurface.jxx
+M RWStepGeom:privinclude:RWStepGeom_RWOffsetSurface.ixx /misc/dn61/LocalWOK/wok_entities/LOC/dev/CR0-OCCT691-7-CR0-OCCT691-occt-64/drv/RWStepGeom/RWStepGeom_RWOffsetSurface.ixx
+M RWStepGeom:pubinclude:RWStepGeom_RWOuterBoundaryCurve.hxx /misc/dn61/LocalWOK/wok_entities/LOC/dev/CR0-OCCT691-7-CR0-OCCT691-occt-64/inc/RWStepGeom_RWOuterBoundaryCurve.hxx
+M RWStepGeom:privinclude:RWStepGeom_RWOuterBoundaryCurve.jxx /misc/dn61/LocalWOK/wok_entities/LOC/dev/CR0-OCCT691-7-CR0-OCCT691-occt-64/drv/RWStepGeom/RWStepGeom_RWOuterBoundaryCurve.jxx
+M RWStepGeom:privinclude:RWStepGeom_RWOuterBoundaryCurve.ixx /misc/dn61/LocalWOK/wok_entities/LOC/dev/CR0-OCCT691-7-CR0-OCCT691-occt-64/drv/RWStepGeom/RWStepGeom_RWOuterBoundaryCurve.ixx
+M RWStepGeom:pubinclude:RWStepGeom_RWParabola.hxx /misc/dn61/LocalWOK/wok_entities/LOC/dev/CR0-OCCT691-7-CR0-OCCT691-occt-64/inc/RWStepGeom_RWParabola.hxx
+M RWStepGeom:privinclude:RWStepGeom_RWParabola.jxx /misc/dn61/LocalWOK/wok_entities/LOC/dev/CR0-OCCT691-7-CR0-OCCT691-occt-64/drv/RWStepGeom/RWStepGeom_RWParabola.jxx
+M RWStepGeom:privinclude:RWStepGeom_RWParabola.ixx /misc/dn61/LocalWOK/wok_entities/LOC/dev/CR0-OCCT691-7-CR0-OCCT691-occt-64/drv/RWStepGeom/RWStepGeom_RWParabola.ixx
+M RWStepGeom:pubinclude:RWStepGeom_RWPcurve.hxx /misc/dn61/LocalWOK/wok_entities/LOC/dev/CR0-OCCT691-7-CR0-OCCT691-occt-64/inc/RWStepGeom_RWPcurve.hxx
+M RWStepGeom:privinclude:RWStepGeom_RWPcurve.jxx /misc/dn61/LocalWOK/wok_entities/LOC/dev/CR0-OCCT691-7-CR0-OCCT691-occt-64/drv/RWStepGeom/RWStepGeom_RWPcurve.jxx
+M RWStepGeom:privinclude:RWStepGeom_RWPcurve.ixx /misc/dn61/LocalWOK/wok_entities/LOC/dev/CR0-OCCT691-7-CR0-OCCT691-occt-64/drv/RWStepGeom/RWStepGeom_RWPcurve.ixx
+M RWStepGeom:pubinclude:RWStepGeom_RWPlacement.hxx /misc/dn61/LocalWOK/wok_entities/LOC/dev/CR0-OCCT691-7-CR0-OCCT691-occt-64/inc/RWStepGeom_RWPlacement.hxx
+M RWStepGeom:privinclude:RWStepGeom_RWPlacement.jxx /misc/dn61/LocalWOK/wok_entities/LOC/dev/CR0-OCCT691-7-CR0-OCCT691-occt-64/drv/RWStepGeom/RWStepGeom_RWPlacement.jxx
+M RWStepGeom:privinclude:RWStepGeom_RWPlacement.ixx /misc/dn61/LocalWOK/wok_entities/LOC/dev/CR0-OCCT691-7-CR0-OCCT691-occt-64/drv/RWStepGeom/RWStepGeom_RWPlacement.ixx
+M RWStepGeom:pubinclude:RWStepGeom_RWPlane.hxx /misc/dn61/LocalWOK/wok_entities/LOC/dev/CR0-OCCT691-7-CR0-OCCT691-occt-64/inc/RWStepGeom_RWPlane.hxx
+M RWStepGeom:privinclude:RWStepGeom_RWPlane.jxx /misc/dn61/LocalWOK/wok_entities/LOC/dev/CR0-OCCT691-7-CR0-OCCT691-occt-64/drv/RWStepGeom/RWStepGeom_RWPlane.jxx
+M RWStepGeom:privinclude:RWStepGeom_RWPlane.ixx /misc/dn61/LocalWOK/wok_entities/LOC/dev/CR0-OCCT691-7-CR0-OCCT691-occt-64/drv/RWStepGeom/RWStepGeom_RWPlane.ixx
+M RWStepGeom:pubinclude:RWStepGeom_RWPoint.hxx /misc/dn61/LocalWOK/wok_entities/LOC/dev/CR0-OCCT691-7-CR0-OCCT691-occt-64/inc/RWStepGeom_RWPoint.hxx
+M RWStepGeom:privinclude:RWStepGeom_RWPoint.jxx /misc/dn61/LocalWOK/wok_entities/LOC/dev/CR0-OCCT691-7-CR0-OCCT691-occt-64/drv/RWStepGeom/RWStepGeom_RWPoint.jxx
+M RWStepGeom:privinclude:RWStepGeom_RWPoint.ixx /misc/dn61/LocalWOK/wok_entities/LOC/dev/CR0-OCCT691-7-CR0-OCCT691-occt-64/drv/RWStepGeom/RWStepGeom_RWPoint.ixx
+M RWStepGeom:pubinclude:RWStepGeom_RWPointOnCurve.hxx /misc/dn61/LocalWOK/wok_entities/LOC/dev/CR0-OCCT691-7-CR0-OCCT691-occt-64/inc/RWStepGeom_RWPointOnCurve.hxx
+M RWStepGeom:privinclude:RWStepGeom_RWPointOnCurve.jxx /misc/dn61/LocalWOK/wok_entities/LOC/dev/CR0-OCCT691-7-CR0-OCCT691-occt-64/drv/RWStepGeom/RWStepGeom_RWPointOnCurve.jxx
+M RWStepGeom:privinclude:RWStepGeom_RWPointOnCurve.ixx /misc/dn61/LocalWOK/wok_entities/LOC/dev/CR0-OCCT691-7-CR0-OCCT691-occt-64/drv/RWStepGeom/RWStepGeom_RWPointOnCurve.ixx
+M RWStepGeom:pubinclude:RWStepGeom_RWPointOnSurface.hxx /misc/dn61/LocalWOK/wok_entities/LOC/dev/CR0-OCCT691-7-CR0-OCCT691-occt-64/inc/RWStepGeom_RWPointOnSurface.hxx
+M RWStepGeom:privinclude:RWStepGeom_RWPointOnSurface.jxx /misc/dn61/LocalWOK/wok_entities/LOC/dev/CR0-OCCT691-7-CR0-OCCT691-occt-64/drv/RWStepGeom/RWStepGeom_RWPointOnSurface.jxx
+M RWStepGeom:privinclude:RWStepGeom_RWPointOnSurface.ixx /misc/dn61/LocalWOK/wok_entities/LOC/dev/CR0-OCCT691-7-CR0-OCCT691-occt-64/drv/RWStepGeom/RWStepGeom_RWPointOnSurface.ixx
+M RWStepGeom:pubinclude:RWStepGeom_RWPointReplica.hxx /misc/dn61/LocalWOK/wok_entities/LOC/dev/CR0-OCCT691-7-CR0-OCCT691-occt-64/inc/RWStepGeom_RWPointReplica.hxx
+M RWStepGeom:privinclude:RWStepGeom_RWPointReplica.jxx /misc/dn61/LocalWOK/wok_entities/LOC/dev/CR0-OCCT691-7-CR0-OCCT691-occt-64/drv/RWStepGeom/RWStepGeom_RWPointReplica.jxx
+M RWStepGeom:privinclude:RWStepGeom_RWPointReplica.ixx /misc/dn61/LocalWOK/wok_entities/LOC/dev/CR0-OCCT691-7-CR0-OCCT691-occt-64/drv/RWStepGeom/RWStepGeom_RWPointReplica.ixx
+M RWStepGeom:pubinclude:RWStepGeom_RWPolyline.hxx /misc/dn61/LocalWOK/wok_entities/LOC/dev/CR0-OCCT691-7-CR0-OCCT691-occt-64/inc/RWStepGeom_RWPolyline.hxx
+M RWStepGeom:privinclude:RWStepGeom_RWPolyline.jxx /misc/dn61/LocalWOK/wok_entities/LOC/dev/CR0-OCCT691-7-CR0-OCCT691-occt-64/drv/RWStepGeom/RWStepGeom_RWPolyline.jxx
+M RWStepGeom:privinclude:RWStepGeom_RWPolyline.ixx /misc/dn61/LocalWOK/wok_entities/LOC/dev/CR0-OCCT691-7-CR0-OCCT691-occt-64/drv/RWStepGeom/RWStepGeom_RWPolyline.ixx
+M RWStepGeom:pubinclude:RWStepGeom_RWQuasiUniformCurve.hxx /misc/dn61/LocalWOK/wok_entities/LOC/dev/CR0-OCCT691-7-CR0-OCCT691-occt-64/inc/RWStepGeom_RWQuasiUniformCurve.hxx
+M RWStepGeom:privinclude:RWStepGeom_RWQuasiUniformCurve.jxx /misc/dn61/LocalWOK/wok_entities/LOC/dev/CR0-OCCT691-7-CR0-OCCT691-occt-64/drv/RWStepGeom/RWStepGeom_RWQuasiUniformCurve.jxx
+M RWStepGeom:privinclude:RWStepGeom_RWQuasiUniformCurve.ixx /misc/dn61/LocalWOK/wok_entities/LOC/dev/CR0-OCCT691-7-CR0-OCCT691-occt-64/drv/RWStepGeom/RWStepGeom_RWQuasiUniformCurve.ixx
+M RWStepGeom:pubinclude:RWStepGeom_RWQuasiUniformSurface.hxx /misc/dn61/LocalWOK/wok_entities/LOC/dev/CR0-OCCT691-7-CR0-OCCT691-occt-64/inc/RWStepGeom_RWQuasiUniformSurface.hxx
+M RWStepGeom:privinclude:RWStepGeom_RWQuasiUniformSurface.jxx /misc/dn61/LocalWOK/wok_entities/LOC/dev/CR0-OCCT691-7-CR0-OCCT691-occt-64/drv/RWStepGeom/RWStepGeom_RWQuasiUniformSurface.jxx
+M RWStepGeom:privinclude:RWStepGeom_RWQuasiUniformSurface.ixx /misc/dn61/LocalWOK/wok_entities/LOC/dev/CR0-OCCT691-7-CR0-OCCT691-occt-64/drv/RWStepGeom/RWStepGeom_RWQuasiUniformSurface.ixx
+M RWStepGeom:pubinclude:RWStepGeom_RWRationalBSplineCurve.hxx /misc/dn61/LocalWOK/wok_entities/LOC/dev/CR0-OCCT691-7-CR0-OCCT691-occt-64/inc/RWStepGeom_RWRationalBSplineCurve.hxx
+M RWStepGeom:privinclude:RWStepGeom_RWRationalBSplineCurve.jxx /misc/dn61/LocalWOK/wok_entities/LOC/dev/CR0-OCCT691-7-CR0-OCCT691-occt-64/drv/RWStepGeom/RWStepGeom_RWRationalBSplineCurve.jxx
+M RWStepGeom:privinclude:RWStepGeom_RWRationalBSplineCurve.ixx /misc/dn61/LocalWOK/wok_entities/LOC/dev/CR0-OCCT691-7-CR0-OCCT691-occt-64/drv/RWStepGeom/RWStepGeom_RWRationalBSplineCurve.ixx
+M RWStepGeom:pubinclude:RWStepGeom_RWRationalBSplineSurface.hxx /misc/dn61/LocalWOK/wok_entities/LOC/dev/CR0-OCCT691-7-CR0-OCCT691-occt-64/inc/RWStepGeom_RWRationalBSplineSurface.hxx
+M RWStepGeom:privinclude:RWStepGeom_RWRationalBSplineSurface.jxx /misc/dn61/LocalWOK/wok_entities/LOC/dev/CR0-OCCT691-7-CR0-OCCT691-occt-64/drv/RWStepGeom/RWStepGeom_RWRationalBSplineSurface.jxx
+M RWStepGeom:privinclude:RWStepGeom_RWRationalBSplineSurface.ixx /misc/dn61/LocalWOK/wok_entities/LOC/dev/CR0-OCCT691-7-CR0-OCCT691-occt-64/drv/RWStepGeom/RWStepGeom_RWRationalBSplineSurface.ixx
+M RWStepGeom:pubinclude:RWStepGeom_RWRectangularCompositeSurface.hxx /misc/dn61/LocalWOK/wok_entities/LOC/dev/CR0-OCCT691-7-CR0-OCCT691-occt-64/inc/RWStepGeom_RWRectangularCompositeSurface.hxx
+M RWStepGeom:privinclude:RWStepGeom_RWRectangularCompositeSurface.jxx /misc/dn61/LocalWOK/wok_entities/LOC/dev/CR0-OCCT691-7-CR0-OCCT691-occt-64/drv/RWStepGeom/RWStepGeom_RWRectangularCompositeSurface.jxx
+M RWStepGeom:privinclude:RWStepGeom_RWRectangularCompositeSurface.ixx /misc/dn61/LocalWOK/wok_entities/LOC/dev/CR0-OCCT691-7-CR0-OCCT691-occt-64/drv/RWStepGeom/RWStepGeom_RWRectangularCompositeSurface.ixx
+M RWStepGeom:pubinclude:RWStepGeom_RWRectangularTrimmedSurface.hxx /misc/dn61/LocalWOK/wok_entities/LOC/dev/CR0-OCCT691-7-CR0-OCCT691-occt-64/inc/RWStepGeom_RWRectangularTrimmedSurface.hxx
+M RWStepGeom:privinclude:RWStepGeom_RWRectangularTrimmedSurface.jxx /misc/dn61/LocalWOK/wok_entities/LOC/dev/CR0-OCCT691-7-CR0-OCCT691-occt-64/drv/RWStepGeom/RWStepGeom_RWRectangularTrimmedSurface.jxx
+M RWStepGeom:privinclude:RWStepGeom_RWRectangularTrimmedSurface.ixx /misc/dn61/LocalWOK/wok_entities/LOC/dev/CR0-OCCT691-7-CR0-OCCT691-occt-64/drv/RWStepGeom/RWStepGeom_RWRectangularTrimmedSurface.ixx
+M RWStepGeom:pubinclude:RWStepGeom_RWReparametrisedCompositeCurveSegment.hxx /misc/dn61/LocalWOK/wok_entities/LOC/dev/CR0-OCCT691-7-CR0-OCCT691-occt-64/inc/RWStepGeom_RWReparametrisedCompositeCurveSegment.hxx
+M RWStepGeom:privinclude:RWStepGeom_RWReparametrisedCompositeCurveSegment.jxx /misc/dn61/LocalWOK/wok_entities/LOC/dev/CR0-OCCT691-7-CR0-OCCT691-occt-64/drv/RWStepGeom/RWStepGeom_RWReparametrisedCompositeCurveSegment.jxx
+M RWStepGeom:privinclude:RWStepGeom_RWReparametrisedCompositeCurveSegment.ixx /misc/dn61/LocalWOK/wok_entities/LOC/dev/CR0-OCCT691-7-CR0-OCCT691-occt-64/drv/RWStepGeom/RWStepGeom_RWReparametrisedCompositeCurveSegment.ixx
+M RWStepGeom:pubinclude:RWStepGeom_RWSeamCurve.hxx /misc/dn61/LocalWOK/wok_entities/LOC/dev/CR0-OCCT691-7-CR0-OCCT691-occt-64/inc/RWStepGeom_RWSeamCurve.hxx
+M RWStepGeom:privinclude:RWStepGeom_RWSeamCurve.jxx /misc/dn61/LocalWOK/wok_entities/LOC/dev/CR0-OCCT691-7-CR0-OCCT691-occt-64/drv/RWStepGeom/RWStepGeom_RWSeamCurve.jxx
+M RWStepGeom:privinclude:RWStepGeom_RWSeamCurve.ixx /misc/dn61/LocalWOK/wok_entities/LOC/dev/CR0-OCCT691-7-CR0-OCCT691-occt-64/drv/RWStepGeom/RWStepGeom_RWSeamCurve.ixx
+M RWStepGeom:pubinclude:RWStepGeom_RWSphericalSurface.hxx /misc/dn61/LocalWOK/wok_entities/LOC/dev/CR0-OCCT691-7-CR0-OCCT691-occt-64/inc/RWStepGeom_RWSphericalSurface.hxx
+M RWStepGeom:privinclude:RWStepGeom_RWSphericalSurface.jxx /misc/dn61/LocalWOK/wok_entities/LOC/dev/CR0-OCCT691-7-CR0-OCCT691-occt-64/drv/RWStepGeom/RWStepGeom_RWSphericalSurface.jxx
+M RWStepGeom:privinclude:RWStepGeom_RWSphericalSurface.ixx /misc/dn61/LocalWOK/wok_entities/LOC/dev/CR0-OCCT691-7-CR0-OCCT691-occt-64/drv/RWStepGeom/RWStepGeom_RWSphericalSurface.ixx
+M RWStepGeom:pubinclude:RWStepGeom_RWSurface.hxx /misc/dn61/LocalWOK/wok_entities/LOC/dev/CR0-OCCT691-7-CR0-OCCT691-occt-64/inc/RWStepGeom_RWSurface.hxx
+M RWStepGeom:privinclude:RWStepGeom_RWSurface.jxx /misc/dn61/LocalWOK/wok_entities/LOC/dev/CR0-OCCT691-7-CR0-OCCT691-occt-64/drv/RWStepGeom/RWStepGeom_RWSurface.jxx
+M RWStepGeom:privinclude:RWStepGeom_RWSurface.ixx /misc/dn61/LocalWOK/wok_entities/LOC/dev/CR0-OCCT691-7-CR0-OCCT691-occt-64/drv/RWStepGeom/RWStepGeom_RWSurface.ixx
+M RWStepGeom:pubinclude:RWStepGeom_RWSurfaceCurve.hxx /misc/dn61/LocalWOK/wok_entities/LOC/dev/CR0-OCCT691-7-CR0-OCCT691-occt-64/inc/RWStepGeom_RWSurfaceCurve.hxx
+M RWStepGeom:privinclude:RWStepGeom_RWSurfaceCurve.jxx /misc/dn61/LocalWOK/wok_entities/LOC/dev/CR0-OCCT691-7-CR0-OCCT691-occt-64/drv/RWStepGeom/RWStepGeom_RWSurfaceCurve.jxx
+M RWStepGeom:privinclude:RWStepGeom_RWSurfaceCurve.ixx /misc/dn61/LocalWOK/wok_entities/LOC/dev/CR0-OCCT691-7-CR0-OCCT691-occt-64/drv/RWStepGeom/RWStepGeom_RWSurfaceCurve.ixx
+M RWStepGeom:pubinclude:RWStepGeom_RWSurfaceOfLinearExtrusion.hxx /misc/dn61/LocalWOK/wok_entities/LOC/dev/CR0-OCCT691-7-CR0-OCCT691-occt-64/inc/RWStepGeom_RWSurfaceOfLinearExtrusion.hxx
+M RWStepGeom:privinclude:RWStepGeom_RWSurfaceOfLinearExtrusion.jxx /misc/dn61/LocalWOK/wok_entities/LOC/dev/CR0-OCCT691-7-CR0-OCCT691-occt-64/drv/RWStepGeom/RWStepGeom_RWSurfaceOfLinearExtrusion.jxx
+M RWStepGeom:privinclude:RWStepGeom_RWSurfaceOfLinearExtrusion.ixx /misc/dn61/LocalWOK/wok_entities/LOC/dev/CR0-OCCT691-7-CR0-OCCT691-occt-64/drv/RWStepGeom/RWStepGeom_RWSurfaceOfLinearExtrusion.ixx
+M RWStepGeom:pubinclude:RWStepGeom_RWSurfaceOfRevolution.hxx /misc/dn61/LocalWOK/wok_entities/LOC/dev/CR0-OCCT691-7-CR0-OCCT691-occt-64/inc/RWStepGeom_RWSurfaceOfRevolution.hxx
+M RWStepGeom:privinclude:RWStepGeom_RWSurfaceOfRevolution.jxx /misc/dn61/LocalWOK/wok_entities/LOC/dev/CR0-OCCT691-7-CR0-OCCT691-occt-64/drv/RWStepGeom/RWStepGeom_RWSurfaceOfRevolution.jxx
+M RWStepGeom:privinclude:RWStepGeom_RWSurfaceOfRevolution.ixx /misc/dn61/LocalWOK/wok_entities/LOC/dev/CR0-OCCT691-7-CR0-OCCT691-occt-64/drv/RWStepGeom/RWStepGeom_RWSurfaceOfRevolution.ixx
+M RWStepGeom:pubinclude:RWStepGeom_RWSurfaceCurveAndBoundedCurve.hxx /misc/dn61/LocalWOK/wok_entities/LOC/dev/CR0-OCCT691-7-CR0-OCCT691-occt-64/inc/RWStepGeom_RWSurfaceCurveAndBoundedCurve.hxx
+M RWStepGeom:privinclude:RWStepGeom_RWSurfaceCurveAndBoundedCurve.jxx /misc/dn61/LocalWOK/wok_entities/LOC/dev/CR0-OCCT691-7-CR0-OCCT691-occt-64/drv/RWStepGeom/RWStepGeom_RWSurfaceCurveAndBoundedCurve.jxx
+M RWStepGeom:privinclude:RWStepGeom_RWSurfaceCurveAndBoundedCurve.ixx /misc/dn61/LocalWOK/wok_entities/LOC/dev/CR0-OCCT691-7-CR0-OCCT691-occt-64/drv/RWStepGeom/RWStepGeom_RWSurfaceCurveAndBoundedCurve.ixx
+M RWStepGeom:pubinclude:RWStepGeom_RWSurfacePatch.hxx /misc/dn61/LocalWOK/wok_entities/LOC/dev/CR0-OCCT691-7-CR0-OCCT691-occt-64/inc/RWStepGeom_RWSurfacePatch.hxx
+M RWStepGeom:privinclude:RWStepGeom_RWSurfacePatch.jxx /misc/dn61/LocalWOK/wok_entities/LOC/dev/CR0-OCCT691-7-CR0-OCCT691-occt-64/drv/RWStepGeom/RWStepGeom_RWSurfacePatch.jxx
+M RWStepGeom:privinclude:RWStepGeom_RWSurfacePatch.ixx /misc/dn61/LocalWOK/wok_entities/LOC/dev/CR0-OCCT691-7-CR0-OCCT691-occt-64/drv/RWStepGeom/RWStepGeom_RWSurfacePatch.ixx
+M RWStepGeom:pubinclude:RWStepGeom_RWSurfaceReplica.hxx /misc/dn61/LocalWOK/wok_entities/LOC/dev/CR0-OCCT691-7-CR0-OCCT691-occt-64/inc/RWStepGeom_RWSurfaceReplica.hxx
+M RWStepGeom:privinclude:RWStepGeom_RWSurfaceReplica.jxx /misc/dn61/LocalWOK/wok_entities/LOC/dev/CR0-OCCT691-7-CR0-OCCT691-occt-64/drv/RWStepGeom/RWStepGeom_RWSurfaceReplica.jxx
+M RWStepGeom:privinclude:RWStepGeom_RWSurfaceReplica.ixx /misc/dn61/LocalWOK/wok_entities/LOC/dev/CR0-OCCT691-7-CR0-OCCT691-occt-64/drv/RWStepGeom/RWStepGeom_RWSurfaceReplica.ixx
+M RWStepGeom:pubinclude:RWStepGeom_RWSweptSurface.hxx /misc/dn61/LocalWOK/wok_entities/LOC/dev/CR0-OCCT691-7-CR0-OCCT691-occt-64/inc/RWStepGeom_RWSweptSurface.hxx
+M RWStepGeom:privinclude:RWStepGeom_RWSweptSurface.jxx /misc/dn61/LocalWOK/wok_entities/LOC/dev/CR0-OCCT691-7-CR0-OCCT691-occt-64/drv/RWStepGeom/RWStepGeom_RWSweptSurface.jxx
+M RWStepGeom:privinclude:RWStepGeom_RWSweptSurface.ixx /misc/dn61/LocalWOK/wok_entities/LOC/dev/CR0-OCCT691-7-CR0-OCCT691-occt-64/drv/RWStepGeom/RWStepGeom_RWSweptSurface.ixx
+M RWStepGeom:pubinclude:RWStepGeom_RWToroidalSurface.hxx /misc/dn61/LocalWOK/wok_entities/LOC/dev/CR0-OCCT691-7-CR0-OCCT691-occt-64/inc/RWStepGeom_RWToroidalSurface.hxx
+M RWStepGeom:privinclude:RWStepGeom_RWToroidalSurface.jxx /misc/dn61/LocalWOK/wok_entities/LOC/dev/CR0-OCCT691-7-CR0-OCCT691-occt-64/drv/RWStepGeom/RWStepGeom_RWToroidalSurface.jxx
+M RWStepGeom:privinclude:RWStepGeom_RWToroidalSurface.ixx /misc/dn61/LocalWOK/wok_entities/LOC/dev/CR0-OCCT691-7-CR0-OCCT691-occt-64/drv/RWStepGeom/RWStepGeom_RWToroidalSurface.ixx
+M RWStepGeom:pubinclude:RWStepGeom_RWTrimmedCurve.hxx /misc/dn61/LocalWOK/wok_entities/LOC/dev/CR0-OCCT691-7-CR0-OCCT691-occt-64/inc/RWStepGeom_RWTrimmedCurve.hxx
+M RWStepGeom:privinclude:RWStepGeom_RWTrimmedCurve.jxx /misc/dn61/LocalWOK/wok_entities/LOC/dev/CR0-OCCT691-7-CR0-OCCT691-occt-64/drv/RWStepGeom/RWStepGeom_RWTrimmedCurve.jxx
+M RWStepGeom:privinclude:RWStepGeom_RWTrimmedCurve.ixx /misc/dn61/LocalWOK/wok_entities/LOC/dev/CR0-OCCT691-7-CR0-OCCT691-occt-64/drv/RWStepGeom/RWStepGeom_RWTrimmedCurve.ixx
+M RWStepGeom:pubinclude:RWStepGeom_RWUniformCurve.hxx /misc/dn61/LocalWOK/wok_entities/LOC/dev/CR0-OCCT691-7-CR0-OCCT691-occt-64/inc/RWStepGeom_RWUniformCurve.hxx
+M RWStepGeom:privinclude:RWStepGeom_RWUniformCurve.jxx /misc/dn61/LocalWOK/wok_entities/LOC/dev/CR0-OCCT691-7-CR0-OCCT691-occt-64/drv/RWStepGeom/RWStepGeom_RWUniformCurve.jxx
+M RWStepGeom:privinclude:RWStepGeom_RWUniformCurve.ixx /misc/dn61/LocalWOK/wok_entities/LOC/dev/CR0-OCCT691-7-CR0-OCCT691-occt-64/drv/RWStepGeom/RWStepGeom_RWUniformCurve.ixx
+M RWStepGeom:pubinclude:RWStepGeom_RWUniformSurface.hxx /misc/dn61/LocalWOK/wok_entities/LOC/dev/CR0-OCCT691-7-CR0-OCCT691-occt-64/inc/RWStepGeom_RWUniformSurface.hxx
+M RWStepGeom:privinclude:RWStepGeom_RWUniformSurface.jxx /misc/dn61/LocalWOK/wok_entities/LOC/dev/CR0-OCCT691-7-CR0-OCCT691-occt-64/drv/RWStepGeom/RWStepGeom_RWUniformSurface.jxx
+M RWStepGeom:privinclude:RWStepGeom_RWUniformSurface.ixx /misc/dn61/LocalWOK/wok_entities/LOC/dev/CR0-OCCT691-7-CR0-OCCT691-occt-64/drv/RWStepGeom/RWStepGeom_RWUniformSurface.ixx
+M RWStepGeom:pubinclude:RWStepGeom_RWOrientedSurface.hxx /misc/dn61/LocalWOK/wok_entities/LOC/dev/CR0-OCCT691-7-CR0-OCCT691-occt-64/inc/RWStepGeom_RWOrientedSurface.hxx
+M RWStepGeom:privinclude:RWStepGeom_RWOrientedSurface.jxx /misc/dn61/LocalWOK/wok_entities/LOC/dev/CR0-OCCT691-7-CR0-OCCT691-occt-64/drv/RWStepGeom/RWStepGeom_RWOrientedSurface.jxx
+M RWStepGeom:privinclude:RWStepGeom_RWOrientedSurface.ixx /misc/dn61/LocalWOK/wok_entities/LOC/dev/CR0-OCCT691-7-CR0-OCCT691-occt-64/drv/RWStepGeom/RWStepGeom_RWOrientedSurface.ixx
+M RWStepGeom:pubinclude:RWStepGeom_RWVector.hxx /misc/dn61/LocalWOK/wok_entities/LOC/dev/CR0-OCCT691-7-CR0-OCCT691-occt-64/inc/RWStepGeom_RWVector.hxx
+M RWStepGeom:privinclude:RWStepGeom_RWVector.jxx /misc/dn61/LocalWOK/wok_entities/LOC/dev/CR0-OCCT691-7-CR0-OCCT691-occt-64/drv/RWStepGeom/RWStepGeom_RWVector.jxx
+M RWStepGeom:privinclude:RWStepGeom_RWVector.ixx /misc/dn61/LocalWOK/wok_entities/LOC/dev/CR0-OCCT691-7-CR0-OCCT691-occt-64/drv/RWStepGeom/RWStepGeom_RWVector.ixx
+M RWStepGeom:pubinclude:RWStepGeom_RWUniformCurveAndRationalBSplineCurve.hxx /misc/dn61/LocalWOK/wok_entities/LOC/dev/CR0-OCCT691-7-CR0-OCCT691-occt-64/inc/RWStepGeom_RWUniformCurveAndRationalBSplineCurve.hxx
+M RWStepGeom:privinclude:RWStepGeom_RWUniformCurveAndRationalBSplineCurve.jxx /misc/dn61/LocalWOK/wok_entities/LOC/dev/CR0-OCCT691-7-CR0-OCCT691-occt-64/drv/RWStepGeom/RWStepGeom_RWUniformCurveAndRationalBSplineCurve.jxx
+M RWStepGeom:privinclude:RWStepGeom_RWUniformCurveAndRationalBSplineCurve.ixx /misc/dn61/LocalWOK/wok_entities/LOC/dev/CR0-OCCT691-7-CR0-OCCT691-occt-64/drv/RWStepGeom/RWStepGeom_RWUniformCurveAndRationalBSplineCurve.ixx
+M RWStepGeom:pubinclude:RWStepGeom_RWBSplineCurveWithKnotsAndRationalBSplineCurve.hxx /misc/dn61/LocalWOK/wok_entities/LOC/dev/CR0-OCCT691-7-CR0-OCCT691-occt-64/inc/RWStepGeom_RWBSplineCurveWithKnotsAndRationalBSplineCurve.hxx
+M RWStepGeom:privinclude:RWStepGeom_RWBSplineCurveWithKnotsAndRationalBSplineCurve.jxx /misc/dn61/LocalWOK/wok_entities/LOC/dev/CR0-OCCT691-7-CR0-OCCT691-occt-64/drv/RWStepGeom/RWStepGeom_RWBSplineCurveWithKnotsAndRationalBSplineCurve.jxx
+M RWStepGeom:privinclude:RWStepGeom_RWBSplineCurveWithKnotsAndRationalBSplineCurve.ixx /misc/dn61/LocalWOK/wok_entities/LOC/dev/CR0-OCCT691-7-CR0-OCCT691-occt-64/drv/RWStepGeom/RWStepGeom_RWBSplineCurveWithKnotsAndRationalBSplineCurve.ixx
+M RWStepGeom:pubinclude:RWStepGeom_RWQuasiUniformCurveAndRationalBSplineCurve.hxx /misc/dn61/LocalWOK/wok_entities/LOC/dev/CR0-OCCT691-7-CR0-OCCT691-occt-64/inc/RWStepGeom_RWQuasiUniformCurveAndRationalBSplineCurve.hxx
+M RWStepGeom:privinclude:RWStepGeom_RWQuasiUniformCurveAndRationalBSplineCurve.jxx /misc/dn61/LocalWOK/wok_entities/LOC/dev/CR0-OCCT691-7-CR0-OCCT691-occt-64/drv/RWStepGeom/RWStepGeom_RWQuasiUniformCurveAndRationalBSplineCurve.jxx
+M RWStepGeom:privinclude:RWStepGeom_RWQuasiUniformCurveAndRationalBSplineCurve.ixx /misc/dn61/LocalWOK/wok_entities/LOC/dev/CR0-OCCT691-7-CR0-OCCT691-occt-64/drv/RWStepGeom/RWStepGeom_RWQuasiUniformCurveAndRationalBSplineCurve.ixx
+M RWStepGeom:pubinclude:RWStepGeom_RWBezierCurveAndRationalBSplineCurve.hxx /misc/dn61/LocalWOK/wok_entities/LOC/dev/CR0-OCCT691-7-CR0-OCCT691-occt-64/inc/RWStepGeom_RWBezierCurveAndRationalBSplineCurve.hxx
+M RWStepGeom:privinclude:RWStepGeom_RWBezierCurveAndRationalBSplineCurve.jxx /misc/dn61/LocalWOK/wok_entities/LOC/dev/CR0-OCCT691-7-CR0-OCCT691-occt-64/drv/RWStepGeom/RWStepGeom_RWBezierCurveAndRationalBSplineCurve.jxx
+M RWStepGeom:privinclude:RWStepGeom_RWBezierCurveAndRationalBSplineCurve.ixx /misc/dn61/LocalWOK/wok_entities/LOC/dev/CR0-OCCT691-7-CR0-OCCT691-occt-64/drv/RWStepGeom/RWStepGeom_RWBezierCurveAndRationalBSplineCurve.ixx
+M RWStepGeom:pubinclude:RWStepGeom_RWBSplineSurfaceWithKnotsAndRationalBSplineSurface.hxx /misc/dn61/LocalWOK/wok_entities/LOC/dev/CR0-OCCT691-7-CR0-OCCT691-occt-64/inc/RWStepGeom_RWBSplineSurfaceWithKnotsAndRationalBSplineSurface.hxx
+M RWStepGeom:privinclude:RWStepGeom_RWBSplineSurfaceWithKnotsAndRationalBSplineSurface.jxx /misc/dn61/LocalWOK/wok_entities/LOC/dev/CR0-OCCT691-7-CR0-OCCT691-occt-64/drv/RWStepGeom/RWStepGeom_RWBSplineSurfaceWithKnotsAndRationalBSplineSurface.jxx
+M RWStepGeom:privinclude:RWStepGeom_RWBSplineSurfaceWithKnotsAndRationalBSplineSurface.ixx /misc/dn61/LocalWOK/wok_entities/LOC/dev/CR0-OCCT691-7-CR0-OCCT691-occt-64/drv/RWStepGeom/RWStepGeom_RWBSplineSurfaceWithKnotsAndRationalBSplineSurface.ixx
+M RWStepGeom:pubinclude:RWStepGeom_RWUniformSurfaceAndRationalBSplineSurface.hxx /misc/dn61/LocalWOK/wok_entities/LOC/dev/CR0-OCCT691-7-CR0-OCCT691-occt-64/inc/RWStepGeom_RWUniformSurfaceAndRationalBSplineSurface.hxx
+M RWStepGeom:privinclude:RWStepGeom_RWUniformSurfaceAndRationalBSplineSurface.jxx /misc/dn61/LocalWOK/wok_entities/LOC/dev/CR0-OCCT691-7-CR0-OCCT691-occt-64/drv/RWStepGeom/RWStepGeom_RWUniformSurfaceAndRationalBSplineSurface.jxx
+M RWStepGeom:privinclude:RWStepGeom_RWUniformSurfaceAndRationalBSplineSurface.ixx /misc/dn61/LocalWOK/wok_entities/LOC/dev/CR0-OCCT691-7-CR0-OCCT691-occt-64/drv/RWStepGeom/RWStepGeom_RWUniformSurfaceAndRationalBSplineSurface.ixx
+M RWStepGeom:pubinclude:RWStepGeom_RWQuasiUniformSurfaceAndRationalBSplineSurface.hxx /misc/dn61/LocalWOK/wok_entities/LOC/dev/CR0-OCCT691-7-CR0-OCCT691-occt-64/inc/RWStepGeom_RWQuasiUniformSurfaceAndRationalBSplineSurface.hxx
+M RWStepGeom:privinclude:RWStepGeom_RWQuasiUniformSurfaceAndRationalBSplineSurface.jxx /misc/dn61/LocalWOK/wok_entities/LOC/dev/CR0-OCCT691-7-CR0-OCCT691-occt-64/drv/RWStepGeom/RWStepGeom_RWQuasiUniformSurfaceAndRationalBSplineSurface.jxx
+M RWStepGeom:privinclude:RWStepGeom_RWQuasiUniformSurfaceAndRationalBSplineSurface.ixx /misc/dn61/LocalWOK/wok_entities/LOC/dev/CR0-OCCT691-7-CR0-OCCT691-occt-64/drv/RWStepGeom/RWStepGeom_RWQuasiUniformSurfaceAndRationalBSplineSurface.ixx
+M RWStepGeom:pubinclude:RWStepGeom_RWBezierSurfaceAndRationalBSplineSurface.hxx /misc/dn61/LocalWOK/wok_entities/LOC/dev/CR0-OCCT691-7-CR0-OCCT691-occt-64/inc/RWStepGeom_RWBezierSurfaceAndRationalBSplineSurface.hxx
+M RWStepGeom:privinclude:RWStepGeom_RWBezierSurfaceAndRationalBSplineSurface.jxx /misc/dn61/LocalWOK/wok_entities/LOC/dev/CR0-OCCT691-7-CR0-OCCT691-occt-64/drv/RWStepGeom/RWStepGeom_RWBezierSurfaceAndRationalBSplineSurface.jxx
+M RWStepGeom:privinclude:RWStepGeom_RWBezierSurfaceAndRationalBSplineSurface.ixx /misc/dn61/LocalWOK/wok_entities/LOC/dev/CR0-OCCT691-7-CR0-OCCT691-occt-64/drv/RWStepGeom/RWStepGeom_RWBezierSurfaceAndRationalBSplineSurface.ixx
+M RWStepGeom:dbadmfile:RWStepGeom_xcpp_header.In /misc/dn61/LocalWOK/wok_entities/LOC/dev/CR0-OCCT691-7-CR0-OCCT691-occt-64/drv/RWStepGeom/.adm/RWStepGeom_xcpp_header.In
+M RWStepGeom:dbadmfile:RWStepGeom_xcpp_header.Out /misc/dn61/LocalWOK/wok_entities/LOC/dev/CR0-OCCT691-7-CR0-OCCT691-occt-64/drv/RWStepGeom/.adm/RWStepGeom_xcpp_header.Out
+M RWStepGeom:dbadmfile:RWStepGeom_xcpp_header.Dep /misc/dn61/LocalWOK/wok_entities/LOC/dev/CR0-OCCT691-7-CR0-OCCT691-occt-64/drv/RWStepGeom/.adm/RWStepGeom_xcpp_header.Dep
