+M ExprIntrp:pubinclude:ExprIntrp.hxx /misc/dn61/LocalWOK/wok_entities/LOC/dev/CR0-OCCT691-7-CR0-OCCT691-occt-64/inc/ExprIntrp.hxx
+M ExprIntrp:privinclude:ExprIntrp.jxx /misc/dn61/LocalWOK/wok_entities/LOC/dev/CR0-OCCT691-7-CR0-OCCT691-occt-64/drv/ExprIntrp/ExprIntrp.jxx
+M ExprIntrp:privinclude:ExprIntrp.ixx /misc/dn61/LocalWOK/wok_entities/LOC/dev/CR0-OCCT691-7-CR0-OCCT691-occt-64/drv/ExprIntrp/ExprIntrp.ixx
+M ExprIntrp:pubinclude:Handle_ExprIntrp_Generator.hxx /misc/dn61/LocalWOK/wok_entities/LOC/dev/CR0-OCCT691-7-CR0-OCCT691-occt-64/inc/Handle_ExprIntrp_Generator.hxx
+M ExprIntrp:pubinclude:ExprIntrp_Generator.hxx /misc/dn61/LocalWOK/wok_entities/LOC/dev/CR0-OCCT691-7-CR0-OCCT691-occt-64/inc/ExprIntrp_Generator.hxx
+M ExprIntrp:privinclude:ExprIntrp_Generator.jxx /misc/dn61/LocalWOK/wok_entities/LOC/dev/CR0-OCCT691-7-CR0-OCCT691-occt-64/drv/ExprIntrp/ExprIntrp_Generator.jxx
+M ExprIntrp:privinclude:ExprIntrp_Generator.ixx /misc/dn61/LocalWOK/wok_entities/LOC/dev/CR0-OCCT691-7-CR0-OCCT691-occt-64/drv/ExprIntrp/ExprIntrp_Generator.ixx
+M ExprIntrp:pubinclude:Handle_ExprIntrp_GenExp.hxx /misc/dn61/LocalWOK/wok_entities/LOC/dev/CR0-OCCT691-7-CR0-OCCT691-occt-64/inc/Handle_ExprIntrp_GenExp.hxx
+M ExprIntrp:pubinclude:ExprIntrp_GenExp.hxx /misc/dn61/LocalWOK/wok_entities/LOC/dev/CR0-OCCT691-7-CR0-OCCT691-occt-64/inc/ExprIntrp_GenExp.hxx
+M ExprIntrp:privinclude:ExprIntrp_GenExp.jxx /misc/dn61/LocalWOK/wok_entities/LOC/dev/CR0-OCCT691-7-CR0-OCCT691-occt-64/drv/ExprIntrp/ExprIntrp_GenExp.jxx
+M ExprIntrp:privinclude:ExprIntrp_GenExp.ixx /misc/dn61/LocalWOK/wok_entities/LOC/dev/CR0-OCCT691-7-CR0-OCCT691-occt-64/drv/ExprIntrp/ExprIntrp_GenExp.ixx
+M ExprIntrp:pubinclude:Handle_ExprIntrp_GenFct.hxx /misc/dn61/LocalWOK/wok_entities/LOC/dev/CR0-OCCT691-7-CR0-OCCT691-occt-64/inc/Handle_ExprIntrp_GenFct.hxx
+M ExprIntrp:pubinclude:ExprIntrp_GenFct.hxx /misc/dn61/LocalWOK/wok_entities/LOC/dev/CR0-OCCT691-7-CR0-OCCT691-occt-64/inc/ExprIntrp_GenFct.hxx
+M ExprIntrp:privinclude:ExprIntrp_GenFct.jxx /misc/dn61/LocalWOK/wok_entities/LOC/dev/CR0-OCCT691-7-CR0-OCCT691-occt-64/drv/ExprIntrp/ExprIntrp_GenFct.jxx
+M ExprIntrp:privinclude:ExprIntrp_GenFct.ixx /misc/dn61/LocalWOK/wok_entities/LOC/dev/CR0-OCCT691-7-CR0-OCCT691-occt-64/drv/ExprIntrp/ExprIntrp_GenFct.ixx
+M ExprIntrp:pubinclude:Handle_ExprIntrp_GenRel.hxx /misc/dn61/LocalWOK/wok_entities/LOC/dev/CR0-OCCT691-7-CR0-OCCT691-occt-64/inc/Handle_ExprIntrp_GenRel.hxx
+M ExprIntrp:pubinclude:ExprIntrp_GenRel.hxx /misc/dn61/LocalWOK/wok_entities/LOC/dev/CR0-OCCT691-7-CR0-OCCT691-occt-64/inc/ExprIntrp_GenRel.hxx
+M ExprIntrp:privinclude:ExprIntrp_GenRel.jxx /misc/dn61/LocalWOK/wok_entities/LOC/dev/CR0-OCCT691-7-CR0-OCCT691-occt-64/drv/ExprIntrp/ExprIntrp_GenRel.jxx
+M ExprIntrp:privinclude:ExprIntrp_GenRel.ixx /misc/dn61/LocalWOK/wok_entities/LOC/dev/CR0-OCCT691-7-CR0-OCCT691-occt-64/drv/ExprIntrp/ExprIntrp_GenRel.ixx
+M ExprIntrp:pubinclude:ExprIntrp_Analysis.hxx /misc/dn61/LocalWOK/wok_entities/LOC/dev/CR0-OCCT691-7-CR0-OCCT691-occt-64/inc/ExprIntrp_Analysis.hxx
+M ExprIntrp:privinclude:ExprIntrp_Analysis.jxx /misc/dn61/LocalWOK/wok_entities/LOC/dev/CR0-OCCT691-7-CR0-OCCT691-occt-64/drv/ExprIntrp/ExprIntrp_Analysis.jxx
+M ExprIntrp:privinclude:ExprIntrp_Analysis.ixx /misc/dn61/LocalWOK/wok_entities/LOC/dev/CR0-OCCT691-7-CR0-OCCT691-occt-64/drv/ExprIntrp/ExprIntrp_Analysis.ixx
+M ExprIntrp:pubinclude:ExprIntrp_SequenceOfNamedFunction.hxx /misc/dn61/LocalWOK/wok_entities/LOC/dev/CR0-OCCT691-7-CR0-OCCT691-occt-64/inc/ExprIntrp_SequenceOfNamedFunction.hxx
+M ExprIntrp:derivated:ExprIntrp_SequenceOfNamedFunction_0.cxx /misc/dn61/LocalWOK/wok_entities/LOC/dev/CR0-OCCT691-7-CR0-OCCT691-occt-64/drv/ExprIntrp/ExprIntrp_SequenceOfNamedFunction_0.cxx
+M ExprIntrp:pubinclude:ExprIntrp_SequenceOfNamedExpression.hxx /misc/dn61/LocalWOK/wok_entities/LOC/dev/CR0-OCCT691-7-CR0-OCCT691-occt-64/inc/ExprIntrp_SequenceOfNamedExpression.hxx
+M ExprIntrp:derivated:ExprIntrp_SequenceOfNamedExpression_0.cxx /misc/dn61/LocalWOK/wok_entities/LOC/dev/CR0-OCCT691-7-CR0-OCCT691-occt-64/drv/ExprIntrp/ExprIntrp_SequenceOfNamedExpression_0.cxx
+M ExprIntrp:pubinclude:ExprIntrp_StackOfGeneralExpression.hxx /misc/dn61/LocalWOK/wok_entities/LOC/dev/CR0-OCCT691-7-CR0-OCCT691-occt-64/inc/ExprIntrp_StackOfGeneralExpression.hxx
+M ExprIntrp:derivated:ExprIntrp_StackOfGeneralExpression_0.cxx /misc/dn61/LocalWOK/wok_entities/LOC/dev/CR0-OCCT691-7-CR0-OCCT691-occt-64/drv/ExprIntrp/ExprIntrp_StackOfGeneralExpression_0.cxx
+M ExprIntrp:pubinclude:ExprIntrp_StackOfGeneralRelation.hxx /misc/dn61/LocalWOK/wok_entities/LOC/dev/CR0-OCCT691-7-CR0-OCCT691-occt-64/inc/ExprIntrp_StackOfGeneralRelation.hxx
+M ExprIntrp:derivated:ExprIntrp_StackOfGeneralRelation_0.cxx /misc/dn61/LocalWOK/wok_entities/LOC/dev/CR0-OCCT691-7-CR0-OCCT691-occt-64/drv/ExprIntrp/ExprIntrp_StackOfGeneralRelation_0.cxx
+M ExprIntrp:pubinclude:ExprIntrp_StackOfGeneralFunction.hxx /misc/dn61/LocalWOK/wok_entities/LOC/dev/CR0-OCCT691-7-CR0-OCCT691-occt-64/inc/ExprIntrp_StackOfGeneralFunction.hxx
+M ExprIntrp:derivated:ExprIntrp_StackOfGeneralFunction_0.cxx /misc/dn61/LocalWOK/wok_entities/LOC/dev/CR0-OCCT691-7-CR0-OCCT691-occt-64/drv/ExprIntrp/ExprIntrp_StackOfGeneralFunction_0.cxx
+M ExprIntrp:pubinclude:Handle_ExprIntrp_SequenceNodeOfSequenceOfNamedFunction.hxx /misc/dn61/LocalWOK/wok_entities/LOC/dev/CR0-OCCT691-7-CR0-OCCT691-occt-64/inc/Handle_ExprIntrp_SequenceNodeOfSequenceOfNamedFunction.hxx
+M ExprIntrp:pubinclude:ExprIntrp_SequenceNodeOfSequenceOfNamedFunction.hxx /misc/dn61/LocalWOK/wok_entities/LOC/dev/CR0-OCCT691-7-CR0-OCCT691-occt-64/inc/ExprIntrp_SequenceNodeOfSequenceOfNamedFunction.hxx
+M ExprIntrp:derivated:ExprIntrp_SequenceNodeOfSequenceOfNamedFunction_0.cxx /misc/dn61/LocalWOK/wok_entities/LOC/dev/CR0-OCCT691-7-CR0-OCCT691-occt-64/drv/ExprIntrp/ExprIntrp_SequenceNodeOfSequenceOfNamedFunction_0.cxx
+M ExprIntrp:pubinclude:Handle_ExprIntrp_SequenceNodeOfSequenceOfNamedExpression.hxx /misc/dn61/LocalWOK/wok_entities/LOC/dev/CR0-OCCT691-7-CR0-OCCT691-occt-64/inc/Handle_ExprIntrp_SequenceNodeOfSequenceOfNamedExpression.hxx
+M ExprIntrp:pubinclude:ExprIntrp_SequenceNodeOfSequenceOfNamedExpression.hxx /misc/dn61/LocalWOK/wok_entities/LOC/dev/CR0-OCCT691-7-CR0-OCCT691-occt-64/inc/ExprIntrp_SequenceNodeOfSequenceOfNamedExpression.hxx
+M ExprIntrp:derivated:ExprIntrp_SequenceNodeOfSequenceOfNamedExpression_0.cxx /misc/dn61/LocalWOK/wok_entities/LOC/dev/CR0-OCCT691-7-CR0-OCCT691-occt-64/drv/ExprIntrp/ExprIntrp_SequenceNodeOfSequenceOfNamedExpression_0.cxx
+M ExprIntrp:pubinclude:Handle_ExprIntrp_ListNodeOfStackOfGeneralExpression.hxx /misc/dn61/LocalWOK/wok_entities/LOC/dev/CR0-OCCT691-7-CR0-OCCT691-occt-64/inc/Handle_ExprIntrp_ListNodeOfStackOfGeneralExpression.hxx
+M ExprIntrp:pubinclude:ExprIntrp_ListNodeOfStackOfGeneralExpression.hxx /misc/dn61/LocalWOK/wok_entities/LOC/dev/CR0-OCCT691-7-CR0-OCCT691-occt-64/inc/ExprIntrp_ListNodeOfStackOfGeneralExpression.hxx
+M ExprIntrp:derivated:ExprIntrp_ListNodeOfStackOfGeneralExpression_0.cxx /misc/dn61/LocalWOK/wok_entities/LOC/dev/CR0-OCCT691-7-CR0-OCCT691-occt-64/drv/ExprIntrp/ExprIntrp_ListNodeOfStackOfGeneralExpression_0.cxx
+M ExprIntrp:pubinclude:ExprIntrp_ListIteratorOfStackOfGeneralExpression.hxx /misc/dn61/LocalWOK/wok_entities/LOC/dev/CR0-OCCT691-7-CR0-OCCT691-occt-64/inc/ExprIntrp_ListIteratorOfStackOfGeneralExpression.hxx
+M ExprIntrp:derivated:ExprIntrp_ListIteratorOfStackOfGeneralExpression_0.cxx /misc/dn61/LocalWOK/wok_entities/LOC/dev/CR0-OCCT691-7-CR0-OCCT691-occt-64/drv/ExprIntrp/ExprIntrp_ListIteratorOfStackOfGeneralExpression_0.cxx
+M ExprIntrp:pubinclude:Handle_ExprIntrp_ListNodeOfStackOfGeneralRelation.hxx /misc/dn61/LocalWOK/wok_entities/LOC/dev/CR0-OCCT691-7-CR0-OCCT691-occt-64/inc/Handle_ExprIntrp_ListNodeOfStackOfGeneralRelation.hxx
+M ExprIntrp:pubinclude:ExprIntrp_ListNodeOfStackOfGeneralRelation.hxx /misc/dn61/LocalWOK/wok_entities/LOC/dev/CR0-OCCT691-7-CR0-OCCT691-occt-64/inc/ExprIntrp_ListNodeOfStackOfGeneralRelation.hxx
+M ExprIntrp:derivated:ExprIntrp_ListNodeOfStackOfGeneralRelation_0.cxx /misc/dn61/LocalWOK/wok_entities/LOC/dev/CR0-OCCT691-7-CR0-OCCT691-occt-64/drv/ExprIntrp/ExprIntrp_ListNodeOfStackOfGeneralRelation_0.cxx
+M ExprIntrp:pubinclude:ExprIntrp_ListIteratorOfStackOfGeneralRelation.hxx /misc/dn61/LocalWOK/wok_entities/LOC/dev/CR0-OCCT691-7-CR0-OCCT691-occt-64/inc/ExprIntrp_ListIteratorOfStackOfGeneralRelation.hxx
+M ExprIntrp:derivated:ExprIntrp_ListIteratorOfStackOfGeneralRelation_0.cxx /misc/dn61/LocalWOK/wok_entities/LOC/dev/CR0-OCCT691-7-CR0-OCCT691-occt-64/drv/ExprIntrp/ExprIntrp_ListIteratorOfStackOfGeneralRelation_0.cxx
+M ExprIntrp:pubinclude:Handle_ExprIntrp_ListNodeOfStackOfGeneralFunction.hxx /misc/dn61/LocalWOK/wok_entities/LOC/dev/CR0-OCCT691-7-CR0-OCCT691-occt-64/inc/Handle_ExprIntrp_ListNodeOfStackOfGeneralFunction.hxx
+M ExprIntrp:pubinclude:ExprIntrp_ListNodeOfStackOfGeneralFunction.hxx /misc/dn61/LocalWOK/wok_entities/LOC/dev/CR0-OCCT691-7-CR0-OCCT691-occt-64/inc/ExprIntrp_ListNodeOfStackOfGeneralFunction.hxx
+M ExprIntrp:derivated:ExprIntrp_ListNodeOfStackOfGeneralFunction_0.cxx /misc/dn61/LocalWOK/wok_entities/LOC/dev/CR0-OCCT691-7-CR0-OCCT691-occt-64/drv/ExprIntrp/ExprIntrp_ListNodeOfStackOfGeneralFunction_0.cxx
+M ExprIntrp:pubinclude:ExprIntrp_ListIteratorOfStackOfGeneralFunction.hxx /misc/dn61/LocalWOK/wok_entities/LOC/dev/CR0-OCCT691-7-CR0-OCCT691-occt-64/inc/ExprIntrp_ListIteratorOfStackOfGeneralFunction.hxx
+M ExprIntrp:derivated:ExprIntrp_ListIteratorOfStackOfGeneralFunction_0.cxx /misc/dn61/LocalWOK/wok_entities/LOC/dev/CR0-OCCT691-7-CR0-OCCT691-occt-64/drv/ExprIntrp/ExprIntrp_ListIteratorOfStackOfGeneralFunction_0.cxx
+M ExprIntrp:pubinclude:Handle_ExprIntrp_SyntaxError.hxx /misc/dn61/LocalWOK/wok_entities/LOC/dev/CR0-OCCT691-7-CR0-OCCT691-occt-64/inc/Handle_ExprIntrp_SyntaxError.hxx
+M ExprIntrp:pubinclude:ExprIntrp_SyntaxError.hxx /misc/dn61/LocalWOK/wok_entities/LOC/dev/CR0-OCCT691-7-CR0-OCCT691-occt-64/inc/ExprIntrp_SyntaxError.hxx
+M ExprIntrp:derivated:ExprIntrp_SyntaxError_0.cxx /misc/dn61/LocalWOK/wok_entities/LOC/dev/CR0-OCCT691-7-CR0-OCCT691-occt-64/drv/ExprIntrp/ExprIntrp_SyntaxError_0.cxx
+M ExprIntrp:dbadmfile:ExprIntrp_xcpp_header.In /misc/dn61/LocalWOK/wok_entities/LOC/dev/CR0-OCCT691-7-CR0-OCCT691-occt-64/drv/ExprIntrp/.adm/ExprIntrp_xcpp_header.In
+M ExprIntrp:dbadmfile:ExprIntrp_xcpp_header.Out /misc/dn61/LocalWOK/wok_entities/LOC/dev/CR0-OCCT691-7-CR0-OCCT691-occt-64/drv/ExprIntrp/.adm/ExprIntrp_xcpp_header.Out
+M ExprIntrp:dbadmfile:ExprIntrp_xcpp_header.Dep /misc/dn61/LocalWOK/wok_entities/LOC/dev/CR0-OCCT691-7-CR0-OCCT691-occt-64/drv/ExprIntrp/.adm/ExprIntrp_xcpp_header.Dep
