+M BOPDS:pubinclude:BOPDS_ShapeInfo.hxx /misc/dn61/LocalWOK/wok_entities/LOC/dev/CR0-OCCT691-7-CR0-OCCT691-occt-64/inc/BOPDS_ShapeInfo.hxx
+M BOPDS:privinclude:BOPDS_ShapeInfo.jxx /misc/dn61/LocalWOK/wok_entities/LOC/dev/CR0-OCCT691-7-CR0-OCCT691-occt-64/drv/BOPDS/BOPDS_ShapeInfo.jxx
+M BOPDS:privinclude:BOPDS_ShapeInfo.ixx /misc/dn61/LocalWOK/wok_entities/LOC/dev/CR0-OCCT691-7-CR0-OCCT691-occt-64/drv/BOPDS/BOPDS_ShapeInfo.ixx
+M BOPDS:pubinclude:BOPDS_IndexRange.hxx /misc/dn61/LocalWOK/wok_entities/LOC/dev/CR0-OCCT691-7-CR0-OCCT691-occt-64/inc/BOPDS_IndexRange.hxx
+M BOPDS:privinclude:BOPDS_IndexRange.jxx /misc/dn61/LocalWOK/wok_entities/LOC/dev/CR0-OCCT691-7-CR0-OCCT691-occt-64/drv/BOPDS/BOPDS_IndexRange.jxx
+M BOPDS:privinclude:BOPDS_IndexRange.ixx /misc/dn61/LocalWOK/wok_entities/LOC/dev/CR0-OCCT691-7-CR0-OCCT691-occt-64/drv/BOPDS/BOPDS_IndexRange.ixx
+M BOPDS:pubinclude:BOPDS_DS.hxx /misc/dn61/LocalWOK/wok_entities/LOC/dev/CR0-OCCT691-7-CR0-OCCT691-occt-64/inc/BOPDS_DS.hxx
+M BOPDS:privinclude:BOPDS_DS.jxx /misc/dn61/LocalWOK/wok_entities/LOC/dev/CR0-OCCT691-7-CR0-OCCT691-occt-64/drv/BOPDS/BOPDS_DS.jxx
+M BOPDS:privinclude:BOPDS_DS.ixx /misc/dn61/LocalWOK/wok_entities/LOC/dev/CR0-OCCT691-7-CR0-OCCT691-occt-64/drv/BOPDS/BOPDS_DS.ixx
+M BOPDS:pubinclude:BOPDS_PassKey.hxx /misc/dn61/LocalWOK/wok_entities/LOC/dev/CR0-OCCT691-7-CR0-OCCT691-occt-64/inc/BOPDS_PassKey.hxx
+M BOPDS:privinclude:BOPDS_PassKey.jxx /misc/dn61/LocalWOK/wok_entities/LOC/dev/CR0-OCCT691-7-CR0-OCCT691-occt-64/drv/BOPDS/BOPDS_PassKey.jxx
+M BOPDS:privinclude:BOPDS_PassKey.ixx /misc/dn61/LocalWOK/wok_entities/LOC/dev/CR0-OCCT691-7-CR0-OCCT691-occt-64/drv/BOPDS/BOPDS_PassKey.ixx
+M BOPDS:pubinclude:BOPDS_PassKeyBoolean.hxx /misc/dn61/LocalWOK/wok_entities/LOC/dev/CR0-OCCT691-7-CR0-OCCT691-occt-64/inc/BOPDS_PassKeyBoolean.hxx
+M BOPDS:privinclude:BOPDS_PassKeyBoolean.jxx /misc/dn61/LocalWOK/wok_entities/LOC/dev/CR0-OCCT691-7-CR0-OCCT691-occt-64/drv/BOPDS/BOPDS_PassKeyBoolean.jxx
+M BOPDS:privinclude:BOPDS_PassKeyBoolean.ixx /misc/dn61/LocalWOK/wok_entities/LOC/dev/CR0-OCCT691-7-CR0-OCCT691-occt-64/drv/BOPDS/BOPDS_PassKeyBoolean.ixx
+M BOPDS:pubinclude:BOPDS_PassKeyMapHasher.hxx /misc/dn61/LocalWOK/wok_entities/LOC/dev/CR0-OCCT691-7-CR0-OCCT691-occt-64/inc/BOPDS_PassKeyMapHasher.hxx
+M BOPDS:privinclude:BOPDS_PassKeyMapHasher.jxx /misc/dn61/LocalWOK/wok_entities/LOC/dev/CR0-OCCT691-7-CR0-OCCT691-occt-64/drv/BOPDS/BOPDS_PassKeyMapHasher.jxx
+M BOPDS:privinclude:BOPDS_PassKeyMapHasher.ixx /misc/dn61/LocalWOK/wok_entities/LOC/dev/CR0-OCCT691-7-CR0-OCCT691-occt-64/drv/BOPDS/BOPDS_PassKeyMapHasher.ixx
+M BOPDS:pubinclude:BOPDS_Tools.hxx /misc/dn61/LocalWOK/wok_entities/LOC/dev/CR0-OCCT691-7-CR0-OCCT691-occt-64/inc/BOPDS_Tools.hxx
+M BOPDS:privinclude:BOPDS_Tools.jxx /misc/dn61/LocalWOK/wok_entities/LOC/dev/CR0-OCCT691-7-CR0-OCCT691-occt-64/drv/BOPDS/BOPDS_Tools.jxx
+M BOPDS:privinclude:BOPDS_Tools.ixx /misc/dn61/LocalWOK/wok_entities/LOC/dev/CR0-OCCT691-7-CR0-OCCT691-occt-64/drv/BOPDS/BOPDS_Tools.ixx
+M BOPDS:pubinclude:BOPDS_Iterator.hxx /misc/dn61/LocalWOK/wok_entities/LOC/dev/CR0-OCCT691-7-CR0-OCCT691-occt-64/inc/BOPDS_Iterator.hxx
+M BOPDS:privinclude:BOPDS_Iterator.jxx /misc/dn61/LocalWOK/wok_entities/LOC/dev/CR0-OCCT691-7-CR0-OCCT691-occt-64/drv/BOPDS/BOPDS_Iterator.jxx
+M BOPDS:privinclude:BOPDS_Iterator.ixx /misc/dn61/LocalWOK/wok_entities/LOC/dev/CR0-OCCT691-7-CR0-OCCT691-occt-64/drv/BOPDS/BOPDS_Iterator.ixx
+M BOPDS:pubinclude:BOPDS_Pave.hxx /misc/dn61/LocalWOK/wok_entities/LOC/dev/CR0-OCCT691-7-CR0-OCCT691-occt-64/inc/BOPDS_Pave.hxx
+M BOPDS:privinclude:BOPDS_Pave.jxx /misc/dn61/LocalWOK/wok_entities/LOC/dev/CR0-OCCT691-7-CR0-OCCT691-occt-64/drv/BOPDS/BOPDS_Pave.jxx
+M BOPDS:privinclude:BOPDS_Pave.ixx /misc/dn61/LocalWOK/wok_entities/LOC/dev/CR0-OCCT691-7-CR0-OCCT691-occt-64/drv/BOPDS/BOPDS_Pave.ixx
+M BOPDS:pubinclude:BOPDS_PaveMapHasher.hxx /misc/dn61/LocalWOK/wok_entities/LOC/dev/CR0-OCCT691-7-CR0-OCCT691-occt-64/inc/BOPDS_PaveMapHasher.hxx
+M BOPDS:privinclude:BOPDS_PaveMapHasher.jxx /misc/dn61/LocalWOK/wok_entities/LOC/dev/CR0-OCCT691-7-CR0-OCCT691-occt-64/drv/BOPDS/BOPDS_PaveMapHasher.jxx
+M BOPDS:privinclude:BOPDS_PaveMapHasher.ixx /misc/dn61/LocalWOK/wok_entities/LOC/dev/CR0-OCCT691-7-CR0-OCCT691-occt-64/drv/BOPDS/BOPDS_PaveMapHasher.ixx
+M BOPDS:pubinclude:Handle_BOPDS_PaveBlock.hxx /misc/dn61/LocalWOK/wok_entities/LOC/dev/CR0-OCCT691-7-CR0-OCCT691-occt-64/inc/Handle_BOPDS_PaveBlock.hxx
+M BOPDS:pubinclude:BOPDS_PaveBlock.hxx /misc/dn61/LocalWOK/wok_entities/LOC/dev/CR0-OCCT691-7-CR0-OCCT691-occt-64/inc/BOPDS_PaveBlock.hxx
+M BOPDS:privinclude:BOPDS_PaveBlock.jxx /misc/dn61/LocalWOK/wok_entities/LOC/dev/CR0-OCCT691-7-CR0-OCCT691-occt-64/drv/BOPDS/BOPDS_PaveBlock.jxx
+M BOPDS:privinclude:BOPDS_PaveBlock.ixx /misc/dn61/LocalWOK/wok_entities/LOC/dev/CR0-OCCT691-7-CR0-OCCT691-occt-64/drv/BOPDS/BOPDS_PaveBlock.ixx
+M BOPDS:pubinclude:Handle_BOPDS_CommonBlock.hxx /misc/dn61/LocalWOK/wok_entities/LOC/dev/CR0-OCCT691-7-CR0-OCCT691-occt-64/inc/Handle_BOPDS_CommonBlock.hxx
+M BOPDS:pubinclude:BOPDS_CommonBlock.hxx /misc/dn61/LocalWOK/wok_entities/LOC/dev/CR0-OCCT691-7-CR0-OCCT691-occt-64/inc/BOPDS_CommonBlock.hxx
+M BOPDS:privinclude:BOPDS_CommonBlock.jxx /misc/dn61/LocalWOK/wok_entities/LOC/dev/CR0-OCCT691-7-CR0-OCCT691-occt-64/drv/BOPDS/BOPDS_CommonBlock.jxx
+M BOPDS:privinclude:BOPDS_CommonBlock.ixx /misc/dn61/LocalWOK/wok_entities/LOC/dev/CR0-OCCT691-7-CR0-OCCT691-occt-64/drv/BOPDS/BOPDS_CommonBlock.ixx
+M BOPDS:pubinclude:BOPDS_SubIterator.hxx /misc/dn61/LocalWOK/wok_entities/LOC/dev/CR0-OCCT691-7-CR0-OCCT691-occt-64/inc/BOPDS_SubIterator.hxx
+M BOPDS:privinclude:BOPDS_SubIterator.jxx /misc/dn61/LocalWOK/wok_entities/LOC/dev/CR0-OCCT691-7-CR0-OCCT691-occt-64/drv/BOPDS/BOPDS_SubIterator.jxx
+M BOPDS:privinclude:BOPDS_SubIterator.ixx /misc/dn61/LocalWOK/wok_entities/LOC/dev/CR0-OCCT691-7-CR0-OCCT691-occt-64/drv/BOPDS/BOPDS_SubIterator.ixx
+M BOPDS:pubinclude:BOPDS_Point.hxx /misc/dn61/LocalWOK/wok_entities/LOC/dev/CR0-OCCT691-7-CR0-OCCT691-occt-64/inc/BOPDS_Point.hxx
+M BOPDS:privinclude:BOPDS_Point.jxx /misc/dn61/LocalWOK/wok_entities/LOC/dev/CR0-OCCT691-7-CR0-OCCT691-occt-64/drv/BOPDS/BOPDS_Point.jxx
+M BOPDS:privinclude:BOPDS_Point.ixx /misc/dn61/LocalWOK/wok_entities/LOC/dev/CR0-OCCT691-7-CR0-OCCT691-occt-64/drv/BOPDS/BOPDS_Point.ixx
+M BOPDS:pubinclude:BOPDS_Curve.hxx /misc/dn61/LocalWOK/wok_entities/LOC/dev/CR0-OCCT691-7-CR0-OCCT691-occt-64/inc/BOPDS_Curve.hxx
+M BOPDS:privinclude:BOPDS_Curve.jxx /misc/dn61/LocalWOK/wok_entities/LOC/dev/CR0-OCCT691-7-CR0-OCCT691-occt-64/drv/BOPDS/BOPDS_Curve.jxx
+M BOPDS:privinclude:BOPDS_Curve.ixx /misc/dn61/LocalWOK/wok_entities/LOC/dev/CR0-OCCT691-7-CR0-OCCT691-occt-64/drv/BOPDS/BOPDS_Curve.ixx
+M BOPDS:pubinclude:BOPDS_FaceInfo.hxx /misc/dn61/LocalWOK/wok_entities/LOC/dev/CR0-OCCT691-7-CR0-OCCT691-occt-64/inc/BOPDS_FaceInfo.hxx
+M BOPDS:privinclude:BOPDS_FaceInfo.jxx /misc/dn61/LocalWOK/wok_entities/LOC/dev/CR0-OCCT691-7-CR0-OCCT691-occt-64/drv/BOPDS/BOPDS_FaceInfo.jxx
+M BOPDS:privinclude:BOPDS_FaceInfo.ixx /misc/dn61/LocalWOK/wok_entities/LOC/dev/CR0-OCCT691-7-CR0-OCCT691-occt-64/drv/BOPDS/BOPDS_FaceInfo.ixx
+M BOPDS:pubinclude:BOPDS_IteratorSI.hxx /misc/dn61/LocalWOK/wok_entities/LOC/dev/CR0-OCCT691-7-CR0-OCCT691-occt-64/inc/BOPDS_IteratorSI.hxx
+M BOPDS:privinclude:BOPDS_IteratorSI.jxx /misc/dn61/LocalWOK/wok_entities/LOC/dev/CR0-OCCT691-7-CR0-OCCT691-occt-64/drv/BOPDS/BOPDS_IteratorSI.jxx
+M BOPDS:privinclude:BOPDS_IteratorSI.ixx /misc/dn61/LocalWOK/wok_entities/LOC/dev/CR0-OCCT691-7-CR0-OCCT691-occt-64/drv/BOPDS/BOPDS_IteratorSI.ixx
+M BOPDS:pubinclude:BOPDS_PDS.hxx /misc/dn61/LocalWOK/wok_entities/LOC/dev/CR0-OCCT691-7-CR0-OCCT691-occt-64/inc/BOPDS_PDS.hxx
+M BOPDS:pubinclude:BOPDS_PIterator.hxx /misc/dn61/LocalWOK/wok_entities/LOC/dev/CR0-OCCT691-7-CR0-OCCT691-occt-64/inc/BOPDS_PIterator.hxx
+M BOPDS:pubinclude:BOPDS_PIteratorSI.hxx /misc/dn61/LocalWOK/wok_entities/LOC/dev/CR0-OCCT691-7-CR0-OCCT691-occt-64/inc/BOPDS_PIteratorSI.hxx
+M BOPDS:dbadmfile:BOPDS_xcpp_header.In /misc/dn61/LocalWOK/wok_entities/LOC/dev/CR0-OCCT691-7-CR0-OCCT691-occt-64/drv/BOPDS/.adm/BOPDS_xcpp_header.In
+M BOPDS:dbadmfile:BOPDS_xcpp_header.Out /misc/dn61/LocalWOK/wok_entities/LOC/dev/CR0-OCCT691-7-CR0-OCCT691-occt-64/drv/BOPDS/.adm/BOPDS_xcpp_header.Out
+M BOPDS:dbadmfile:BOPDS_xcpp_header.Dep /misc/dn61/LocalWOK/wok_entities/LOC/dev/CR0-OCCT691-7-CR0-OCCT691-occt-64/drv/BOPDS/.adm/BOPDS_xcpp_header.Dep
