+M BOPDS:pubinclude:BOPDS_VectorOfShapeInfo.hxx /misc/dn61/LocalWOK/wok_entities/LOC/dev/CR0-OCCT691-7-CR0-OCCT691-occt-64/inc/BOPDS_VectorOfShapeInfo.hxx
+M BOPDS:pubinclude:BOPDS_VectorOfIndexRange.hxx /misc/dn61/LocalWOK/wok_entities/LOC/dev/CR0-OCCT691-7-CR0-OCCT691-occt-64/inc/BOPDS_VectorOfIndexRange.hxx
+M BOPDS:pubinclude:BOPDS_ListOfPassKeyBoolean.hxx /misc/dn61/LocalWOK/wok_entities/LOC/dev/CR0-OCCT691-7-CR0-OCCT691-occt-64/inc/BOPDS_ListOfPassKeyBoolean.hxx
+M BOPDS:pubinclude:BOPDS_MapOfPassKeyBoolean.hxx /misc/dn61/LocalWOK/wok_entities/LOC/dev/CR0-OCCT691-7-CR0-OCCT691-occt-64/inc/BOPDS_MapOfPassKeyBoolean.hxx
+M BOPDS:pubinclude:BOPDS_MapOfPassKey.hxx /misc/dn61/LocalWOK/wok_entities/LOC/dev/CR0-OCCT691-7-CR0-OCCT691-occt-64/inc/BOPDS_MapOfPassKey.hxx
+M BOPDS:pubinclude:BOPDS_ListIteratorOfListOfPassKeyBoolean.hxx /misc/dn61/LocalWOK/wok_entities/LOC/dev/CR0-OCCT691-7-CR0-OCCT691-occt-64/inc/BOPDS_ListIteratorOfListOfPassKeyBoolean.hxx
+M BOPDS:pubinclude:BOPDS_VectorOfListOfPassKeyBoolean.hxx /misc/dn61/LocalWOK/wok_entities/LOC/dev/CR0-OCCT691-7-CR0-OCCT691-occt-64/inc/BOPDS_VectorOfListOfPassKeyBoolean.hxx
+M BOPDS:pubinclude:BOPDS_ListOfPave.hxx /misc/dn61/LocalWOK/wok_entities/LOC/dev/CR0-OCCT691-7-CR0-OCCT691-occt-64/inc/BOPDS_ListOfPave.hxx
+M BOPDS:pubinclude:BOPDS_ListOfPaveBlock.hxx /misc/dn61/LocalWOK/wok_entities/LOC/dev/CR0-OCCT691-7-CR0-OCCT691-occt-64/inc/BOPDS_ListOfPaveBlock.hxx
+M BOPDS:pubinclude:BOPDS_VectorOfListOfPaveBlock.hxx /misc/dn61/LocalWOK/wok_entities/LOC/dev/CR0-OCCT691-7-CR0-OCCT691-occt-64/inc/BOPDS_VectorOfListOfPaveBlock.hxx
+M BOPDS:pubinclude:BOPDS_VectorOfInterfVV.hxx /misc/dn61/LocalWOK/wok_entities/LOC/dev/CR0-OCCT691-7-CR0-OCCT691-occt-64/inc/BOPDS_VectorOfInterfVV.hxx
+M BOPDS:pubinclude:BOPDS_VectorOfInterfVE.hxx /misc/dn61/LocalWOK/wok_entities/LOC/dev/CR0-OCCT691-7-CR0-OCCT691-occt-64/inc/BOPDS_VectorOfInterfVE.hxx
+M BOPDS:pubinclude:BOPDS_VectorOfInterfVF.hxx /misc/dn61/LocalWOK/wok_entities/LOC/dev/CR0-OCCT691-7-CR0-OCCT691-occt-64/inc/BOPDS_VectorOfInterfVF.hxx
+M BOPDS:pubinclude:BOPDS_VectorOfInterfEE.hxx /misc/dn61/LocalWOK/wok_entities/LOC/dev/CR0-OCCT691-7-CR0-OCCT691-occt-64/inc/BOPDS_VectorOfInterfEE.hxx
+M BOPDS:pubinclude:BOPDS_VectorOfInterfEF.hxx /misc/dn61/LocalWOK/wok_entities/LOC/dev/CR0-OCCT691-7-CR0-OCCT691-occt-64/inc/BOPDS_VectorOfInterfEF.hxx
+M BOPDS:pubinclude:BOPDS_VectorOfInterfFF.hxx /misc/dn61/LocalWOK/wok_entities/LOC/dev/CR0-OCCT691-7-CR0-OCCT691-occt-64/inc/BOPDS_VectorOfInterfFF.hxx
+M BOPDS:pubinclude:BOPDS_VectorOfInterfVZ.hxx /misc/dn61/LocalWOK/wok_entities/LOC/dev/CR0-OCCT691-7-CR0-OCCT691-occt-64/inc/BOPDS_VectorOfInterfVZ.hxx
+M BOPDS:pubinclude:BOPDS_VectorOfInterfEZ.hxx /misc/dn61/LocalWOK/wok_entities/LOC/dev/CR0-OCCT691-7-CR0-OCCT691-occt-64/inc/BOPDS_VectorOfInterfEZ.hxx
+M BOPDS:pubinclude:BOPDS_VectorOfInterfFZ.hxx /misc/dn61/LocalWOK/wok_entities/LOC/dev/CR0-OCCT691-7-CR0-OCCT691-occt-64/inc/BOPDS_VectorOfInterfFZ.hxx
+M BOPDS:pubinclude:BOPDS_VectorOfInterfZZ.hxx /misc/dn61/LocalWOK/wok_entities/LOC/dev/CR0-OCCT691-7-CR0-OCCT691-occt-64/inc/BOPDS_VectorOfInterfZZ.hxx
+M BOPDS:pubinclude:BOPDS_Interf.hxx /misc/dn61/LocalWOK/wok_entities/LOC/dev/CR0-OCCT691-7-CR0-OCCT691-occt-64/inc/BOPDS_Interf.hxx
+M BOPDS:pubinclude:BOPDS_DataMapOfPaveBlockListOfPaveBlock.hxx /misc/dn61/LocalWOK/wok_entities/LOC/dev/CR0-OCCT691-7-CR0-OCCT691-occt-64/inc/BOPDS_DataMapOfPaveBlockListOfPaveBlock.hxx
+M BOPDS:pubinclude:BOPDS_MapOfPaveBlock.hxx /misc/dn61/LocalWOK/wok_entities/LOC/dev/CR0-OCCT691-7-CR0-OCCT691-occt-64/inc/BOPDS_MapOfPaveBlock.hxx
+M BOPDS:pubinclude:BOPDS_DataMapOfPaveBlockListOfInteger.hxx /misc/dn61/LocalWOK/wok_entities/LOC/dev/CR0-OCCT691-7-CR0-OCCT691-occt-64/inc/BOPDS_DataMapOfPaveBlockListOfInteger.hxx
+M BOPDS:pubinclude:BOPDS_DataMapOfPassKeyListOfPaveBlock.hxx /misc/dn61/LocalWOK/wok_entities/LOC/dev/CR0-OCCT691-7-CR0-OCCT691-occt-64/inc/BOPDS_DataMapOfPassKeyListOfPaveBlock.hxx
+M BOPDS:pubinclude:BOPDS_CoupleOfPaveBlocks.hxx /misc/dn61/LocalWOK/wok_entities/LOC/dev/CR0-OCCT691-7-CR0-OCCT691-occt-64/inc/BOPDS_CoupleOfPaveBlocks.hxx
+M BOPDS:pubinclude:BOPDS_MapOfCommonBlock.hxx /misc/dn61/LocalWOK/wok_entities/LOC/dev/CR0-OCCT691-7-CR0-OCCT691-occt-64/inc/BOPDS_MapOfCommonBlock.hxx
+M BOPDS:pubinclude:BOPDS_VectorOfFaceInfo.hxx /misc/dn61/LocalWOK/wok_entities/LOC/dev/CR0-OCCT691-7-CR0-OCCT691-occt-64/inc/BOPDS_VectorOfFaceInfo.hxx
+M BOPDS:pubinclude:BOPDS_VectorOfCurve.hxx /misc/dn61/LocalWOK/wok_entities/LOC/dev/CR0-OCCT691-7-CR0-OCCT691-occt-64/inc/BOPDS_VectorOfCurve.hxx
+M BOPDS:pubinclude:BOPDS_VectorOfPoint.hxx /misc/dn61/LocalWOK/wok_entities/LOC/dev/CR0-OCCT691-7-CR0-OCCT691-occt-64/inc/BOPDS_VectorOfPoint.hxx
+M BOPDS:pubinclude:BOPDS_DataMapOfShapeCoupleOfPaveBlocks.hxx /misc/dn61/LocalWOK/wok_entities/LOC/dev/CR0-OCCT691-7-CR0-OCCT691-occt-64/inc/BOPDS_DataMapOfShapeCoupleOfPaveBlocks.hxx
+M BOPDS:pubinclude:BOPDS_MapOfPave.hxx /misc/dn61/LocalWOK/wok_entities/LOC/dev/CR0-OCCT691-7-CR0-OCCT691-occt-64/inc/BOPDS_MapOfPave.hxx
+M BOPDS:pubinclude:BOPDS_IndexedDataMapOfPaveBlockListOfPaveBlock.hxx /misc/dn61/LocalWOK/wok_entities/LOC/dev/CR0-OCCT691-7-CR0-OCCT691-occt-64/inc/BOPDS_IndexedDataMapOfPaveBlockListOfPaveBlock.hxx
+M BOPDS:pubinclude:BOPDS_DataMapOfIntegerListOfPaveBlock.hxx /misc/dn61/LocalWOK/wok_entities/LOC/dev/CR0-OCCT691-7-CR0-OCCT691-occt-64/inc/BOPDS_DataMapOfIntegerListOfPaveBlock.hxx
+M BOPDS:pubinclude:BOPDS_IndexedMapOfPaveBlock.hxx /misc/dn61/LocalWOK/wok_entities/LOC/dev/CR0-OCCT691-7-CR0-OCCT691-occt-64/inc/BOPDS_IndexedMapOfPaveBlock.hxx
+M BOPDS:pubinclude:BOPDS_IndexedDataMapOfPaveBlockListOfInteger.hxx /misc/dn61/LocalWOK/wok_entities/LOC/dev/CR0-OCCT691-7-CR0-OCCT691-occt-64/inc/BOPDS_IndexedDataMapOfPaveBlockListOfInteger.hxx
+M BOPDS:pubinclude:BOPDS_IndexedDataMapOfShapeCoupleOfPaveBlocks.hxx /misc/dn61/LocalWOK/wok_entities/LOC/dev/CR0-OCCT691-7-CR0-OCCT691-occt-64/inc/BOPDS_IndexedDataMapOfShapeCoupleOfPaveBlocks.hxx
+M BOPDS:pubinclude:BOPDS_DataMapOfPaveBlockCommonBlock.hxx /misc/dn61/LocalWOK/wok_entities/LOC/dev/CR0-OCCT691-7-CR0-OCCT691-occt-64/inc/BOPDS_DataMapOfPaveBlockCommonBlock.hxx
+M BOPDS:pubinclude:BOPDS_VectorOfPave.hxx /misc/dn61/LocalWOK/wok_entities/LOC/dev/CR0-OCCT691-7-CR0-OCCT691-occt-64/inc/BOPDS_VectorOfPave.hxx
+M BOPDS:pubinclude:BOPDS_ShapeInfo.lxx /misc/dn61/LocalWOK/wok_entities/LOC/dev/CR0-OCCT691-7-CR0-OCCT691-occt-64/inc/BOPDS_ShapeInfo.lxx
+M BOPDS:pubinclude:BOPDS_IndexRange.lxx /misc/dn61/LocalWOK/wok_entities/LOC/dev/CR0-OCCT691-7-CR0-OCCT691-occt-64/inc/BOPDS_IndexRange.lxx
+M BOPDS:pubinclude:BOPDS_DS.lxx /misc/dn61/LocalWOK/wok_entities/LOC/dev/CR0-OCCT691-7-CR0-OCCT691-occt-64/inc/BOPDS_DS.lxx
+M BOPDS:pubinclude:BOPDS_PassKey.lxx /misc/dn61/LocalWOK/wok_entities/LOC/dev/CR0-OCCT691-7-CR0-OCCT691-occt-64/inc/BOPDS_PassKey.lxx
+M BOPDS:pubinclude:BOPDS_PassKeyBoolean.lxx /misc/dn61/LocalWOK/wok_entities/LOC/dev/CR0-OCCT691-7-CR0-OCCT691-occt-64/inc/BOPDS_PassKeyBoolean.lxx
+M BOPDS:pubinclude:BOPDS_PassKeyMapHasher.lxx /misc/dn61/LocalWOK/wok_entities/LOC/dev/CR0-OCCT691-7-CR0-OCCT691-occt-64/inc/BOPDS_PassKeyMapHasher.lxx
+M BOPDS:pubinclude:BOPDS_Tools.lxx /misc/dn61/LocalWOK/wok_entities/LOC/dev/CR0-OCCT691-7-CR0-OCCT691-occt-64/inc/BOPDS_Tools.lxx
+M BOPDS:pubinclude:BOPDS_Pave.lxx /misc/dn61/LocalWOK/wok_entities/LOC/dev/CR0-OCCT691-7-CR0-OCCT691-occt-64/inc/BOPDS_Pave.lxx
+M BOPDS:pubinclude:BOPDS_PaveMapHasher.lxx /misc/dn61/LocalWOK/wok_entities/LOC/dev/CR0-OCCT691-7-CR0-OCCT691-occt-64/inc/BOPDS_PaveMapHasher.lxx
+M BOPDS:pubinclude:BOPDS_Point.lxx /misc/dn61/LocalWOK/wok_entities/LOC/dev/CR0-OCCT691-7-CR0-OCCT691-occt-64/inc/BOPDS_Point.lxx
+M BOPDS:pubinclude:BOPDS_Curve.lxx /misc/dn61/LocalWOK/wok_entities/LOC/dev/CR0-OCCT691-7-CR0-OCCT691-occt-64/inc/BOPDS_Curve.lxx
+M BOPDS:pubinclude:BOPDS_FaceInfo.lxx /misc/dn61/LocalWOK/wok_entities/LOC/dev/CR0-OCCT691-7-CR0-OCCT691-occt-64/inc/BOPDS_FaceInfo.lxx
+M BOPDS:dbadmfile:BOPDS_obj_inc.In /misc/dn61/LocalWOK/wok_entities/LOC/dev/CR0-OCCT691-7-CR0-OCCT691-occt-64/drv/BOPDS/.adm/BOPDS_obj_inc.In
+M BOPDS:dbadmfile:BOPDS_obj_inc.Out /misc/dn61/LocalWOK/wok_entities/LOC/dev/CR0-OCCT691-7-CR0-OCCT691-occt-64/drv/BOPDS/.adm/BOPDS_obj_inc.Out
+M BOPDS:dbadmfile:BOPDS_obj_inc.Dep /misc/dn61/LocalWOK/wok_entities/LOC/dev/CR0-OCCT691-7-CR0-OCCT691-occt-64/drv/BOPDS/.adm/BOPDS_obj_inc.Dep
