+M GProp:pubinclude:GProp.hxx /misc/dn61/LocalWOK/wok_entities/LOC/dev/CR0-OCCT691-7-CR0-OCCT691-occt-64/inc/GProp.hxx
+M GProp:privinclude:GProp.jxx /misc/dn61/LocalWOK/wok_entities/LOC/dev/CR0-OCCT691-7-CR0-OCCT691-occt-64/drv/GProp/GProp.jxx
+M GProp:privinclude:GProp.ixx /misc/dn61/LocalWOK/wok_entities/LOC/dev/CR0-OCCT691-7-CR0-OCCT691-occt-64/drv/GProp/GProp.ixx
+M GProp:pubinclude:GProp_GProps.hxx /misc/dn61/LocalWOK/wok_entities/LOC/dev/CR0-OCCT691-7-CR0-OCCT691-occt-64/inc/GProp_GProps.hxx
+M GProp:privinclude:GProp_GProps.jxx /misc/dn61/LocalWOK/wok_entities/LOC/dev/CR0-OCCT691-7-CR0-OCCT691-occt-64/drv/GProp/GProp_GProps.jxx
+M GProp:privinclude:GProp_GProps.ixx /misc/dn61/LocalWOK/wok_entities/LOC/dev/CR0-OCCT691-7-CR0-OCCT691-occt-64/drv/GProp/GProp_GProps.ixx
+M GProp:pubinclude:GProp_PGProps.hxx /misc/dn61/LocalWOK/wok_entities/LOC/dev/CR0-OCCT691-7-CR0-OCCT691-occt-64/inc/GProp_PGProps.hxx
+M GProp:privinclude:GProp_PGProps.jxx /misc/dn61/LocalWOK/wok_entities/LOC/dev/CR0-OCCT691-7-CR0-OCCT691-occt-64/drv/GProp/GProp_PGProps.jxx
+M GProp:privinclude:GProp_PGProps.ixx /misc/dn61/LocalWOK/wok_entities/LOC/dev/CR0-OCCT691-7-CR0-OCCT691-occt-64/drv/GProp/GProp_PGProps.ixx
+M GProp:pubinclude:GProp_CelGProps.hxx /misc/dn61/LocalWOK/wok_entities/LOC/dev/CR0-OCCT691-7-CR0-OCCT691-occt-64/inc/GProp_CelGProps.hxx
+M GProp:privinclude:GProp_CelGProps.jxx /misc/dn61/LocalWOK/wok_entities/LOC/dev/CR0-OCCT691-7-CR0-OCCT691-occt-64/drv/GProp/GProp_CelGProps.jxx
+M GProp:privinclude:GProp_CelGProps.ixx /misc/dn61/LocalWOK/wok_entities/LOC/dev/CR0-OCCT691-7-CR0-OCCT691-occt-64/drv/GProp/GProp_CelGProps.ixx
+M GProp:pubinclude:GProp_SelGProps.hxx /misc/dn61/LocalWOK/wok_entities/LOC/dev/CR0-OCCT691-7-CR0-OCCT691-occt-64/inc/GProp_SelGProps.hxx
+M GProp:privinclude:GProp_SelGProps.jxx /misc/dn61/LocalWOK/wok_entities/LOC/dev/CR0-OCCT691-7-CR0-OCCT691-occt-64/drv/GProp/GProp_SelGProps.jxx
+M GProp:privinclude:GProp_SelGProps.ixx /misc/dn61/LocalWOK/wok_entities/LOC/dev/CR0-OCCT691-7-CR0-OCCT691-occt-64/drv/GProp/GProp_SelGProps.ixx
+M GProp:pubinclude:GProp_VelGProps.hxx /misc/dn61/LocalWOK/wok_entities/LOC/dev/CR0-OCCT691-7-CR0-OCCT691-occt-64/inc/GProp_VelGProps.hxx
+M GProp:privinclude:GProp_VelGProps.jxx /misc/dn61/LocalWOK/wok_entities/LOC/dev/CR0-OCCT691-7-CR0-OCCT691-occt-64/drv/GProp/GProp_VelGProps.jxx
+M GProp:privinclude:GProp_VelGProps.ixx /misc/dn61/LocalWOK/wok_entities/LOC/dev/CR0-OCCT691-7-CR0-OCCT691-occt-64/drv/GProp/GProp_VelGProps.ixx
+M GProp:pubinclude:GProp_PrincipalProps.hxx /misc/dn61/LocalWOK/wok_entities/LOC/dev/CR0-OCCT691-7-CR0-OCCT691-occt-64/inc/GProp_PrincipalProps.hxx
+M GProp:privinclude:GProp_PrincipalProps.jxx /misc/dn61/LocalWOK/wok_entities/LOC/dev/CR0-OCCT691-7-CR0-OCCT691-occt-64/drv/GProp/GProp_PrincipalProps.jxx
+M GProp:privinclude:GProp_PrincipalProps.ixx /misc/dn61/LocalWOK/wok_entities/LOC/dev/CR0-OCCT691-7-CR0-OCCT691-occt-64/drv/GProp/GProp_PrincipalProps.ixx
+M GProp:pubinclude:GProp_PEquation.hxx /misc/dn61/LocalWOK/wok_entities/LOC/dev/CR0-OCCT691-7-CR0-OCCT691-occt-64/inc/GProp_PEquation.hxx
+M GProp:privinclude:GProp_PEquation.jxx /misc/dn61/LocalWOK/wok_entities/LOC/dev/CR0-OCCT691-7-CR0-OCCT691-occt-64/drv/GProp/GProp_PEquation.jxx
+M GProp:privinclude:GProp_PEquation.ixx /misc/dn61/LocalWOK/wok_entities/LOC/dev/CR0-OCCT691-7-CR0-OCCT691-occt-64/drv/GProp/GProp_PEquation.ixx
+M GProp:pubinclude:Handle_GProp_UndefinedAxis.hxx /misc/dn61/LocalWOK/wok_entities/LOC/dev/CR0-OCCT691-7-CR0-OCCT691-occt-64/inc/Handle_GProp_UndefinedAxis.hxx
+M GProp:pubinclude:GProp_UndefinedAxis.hxx /misc/dn61/LocalWOK/wok_entities/LOC/dev/CR0-OCCT691-7-CR0-OCCT691-occt-64/inc/GProp_UndefinedAxis.hxx
+M GProp:derivated:GProp_UndefinedAxis_0.cxx /misc/dn61/LocalWOK/wok_entities/LOC/dev/CR0-OCCT691-7-CR0-OCCT691-occt-64/drv/GProp/GProp_UndefinedAxis_0.cxx
+M GProp:pubinclude:GProp_EquaType.hxx /misc/dn61/LocalWOK/wok_entities/LOC/dev/CR0-OCCT691-7-CR0-OCCT691-occt-64/inc/GProp_EquaType.hxx
+M GProp:pubinclude:GProp_ValueType.hxx /misc/dn61/LocalWOK/wok_entities/LOC/dev/CR0-OCCT691-7-CR0-OCCT691-occt-64/inc/GProp_ValueType.hxx
+M GProp:dbadmfile:GProp_xcpp_header.In /misc/dn61/LocalWOK/wok_entities/LOC/dev/CR0-OCCT691-7-CR0-OCCT691-occt-64/drv/GProp/.adm/GProp_xcpp_header.In
+M GProp:dbadmfile:GProp_xcpp_header.Out /misc/dn61/LocalWOK/wok_entities/LOC/dev/CR0-OCCT691-7-CR0-OCCT691-occt-64/drv/GProp/.adm/GProp_xcpp_header.Out
+M GProp:dbadmfile:GProp_xcpp_header.Dep /misc/dn61/LocalWOK/wok_entities/LOC/dev/CR0-OCCT691-7-CR0-OCCT691-occt-64/drv/GProp/.adm/GProp_xcpp_header.Dep
