+M V3d:pubinclude:V3d.hxx /misc/dn61/LocalWOK/wok_entities/LOC/dev/CR0-OCCT691-7-CR0-OCCT691-occt-64/inc/V3d.hxx
+M V3d:privinclude:V3d.jxx /misc/dn61/LocalWOK/wok_entities/LOC/dev/CR0-OCCT691-7-CR0-OCCT691-occt-64/drv/V3d/V3d.jxx
+M V3d:privinclude:V3d.ixx /misc/dn61/LocalWOK/wok_entities/LOC/dev/CR0-OCCT691-7-CR0-OCCT691-occt-64/drv/V3d/V3d.ixx
+M V3d:pubinclude:Handle_V3d_Viewer.hxx /misc/dn61/LocalWOK/wok_entities/LOC/dev/CR0-OCCT691-7-CR0-OCCT691-occt-64/inc/Handle_V3d_Viewer.hxx
+M V3d:pubinclude:V3d_Viewer.hxx /misc/dn61/LocalWOK/wok_entities/LOC/dev/CR0-OCCT691-7-CR0-OCCT691-occt-64/inc/V3d_Viewer.hxx
+M V3d:privinclude:V3d_Viewer.jxx /misc/dn61/LocalWOK/wok_entities/LOC/dev/CR0-OCCT691-7-CR0-OCCT691-occt-64/drv/V3d/V3d_Viewer.jxx
+M V3d:privinclude:V3d_Viewer.ixx /misc/dn61/LocalWOK/wok_entities/LOC/dev/CR0-OCCT691-7-CR0-OCCT691-occt-64/drv/V3d/V3d_Viewer.ixx
+M V3d:pubinclude:Handle_V3d_View.hxx /misc/dn61/LocalWOK/wok_entities/LOC/dev/CR0-OCCT691-7-CR0-OCCT691-occt-64/inc/Handle_V3d_View.hxx
+M V3d:pubinclude:V3d_View.hxx /misc/dn61/LocalWOK/wok_entities/LOC/dev/CR0-OCCT691-7-CR0-OCCT691-occt-64/inc/V3d_View.hxx
+M V3d:privinclude:V3d_View.jxx /misc/dn61/LocalWOK/wok_entities/LOC/dev/CR0-OCCT691-7-CR0-OCCT691-occt-64/drv/V3d/V3d_View.jxx
+M V3d:privinclude:V3d_View.ixx /misc/dn61/LocalWOK/wok_entities/LOC/dev/CR0-OCCT691-7-CR0-OCCT691-occt-64/drv/V3d/V3d_View.ixx
+M V3d:pubinclude:Handle_V3d_LayerMgr.hxx /misc/dn61/LocalWOK/wok_entities/LOC/dev/CR0-OCCT691-7-CR0-OCCT691-occt-64/inc/Handle_V3d_LayerMgr.hxx
+M V3d:pubinclude:V3d_LayerMgr.hxx /misc/dn61/LocalWOK/wok_entities/LOC/dev/CR0-OCCT691-7-CR0-OCCT691-occt-64/inc/V3d_LayerMgr.hxx
+M V3d:privinclude:V3d_LayerMgr.jxx /misc/dn61/LocalWOK/wok_entities/LOC/dev/CR0-OCCT691-7-CR0-OCCT691-occt-64/drv/V3d/V3d_LayerMgr.jxx
+M V3d:privinclude:V3d_LayerMgr.ixx /misc/dn61/LocalWOK/wok_entities/LOC/dev/CR0-OCCT691-7-CR0-OCCT691-occt-64/drv/V3d/V3d_LayerMgr.ixx
+M V3d:pubinclude:Handle_V3d_Light.hxx /misc/dn61/LocalWOK/wok_entities/LOC/dev/CR0-OCCT691-7-CR0-OCCT691-occt-64/inc/Handle_V3d_Light.hxx
+M V3d:pubinclude:V3d_Light.hxx /misc/dn61/LocalWOK/wok_entities/LOC/dev/CR0-OCCT691-7-CR0-OCCT691-occt-64/inc/V3d_Light.hxx
+M V3d:privinclude:V3d_Light.jxx /misc/dn61/LocalWOK/wok_entities/LOC/dev/CR0-OCCT691-7-CR0-OCCT691-occt-64/drv/V3d/V3d_Light.jxx
+M V3d:privinclude:V3d_Light.ixx /misc/dn61/LocalWOK/wok_entities/LOC/dev/CR0-OCCT691-7-CR0-OCCT691-occt-64/drv/V3d/V3d_Light.ixx
+M V3d:pubinclude:Handle_V3d_AmbientLight.hxx /misc/dn61/LocalWOK/wok_entities/LOC/dev/CR0-OCCT691-7-CR0-OCCT691-occt-64/inc/Handle_V3d_AmbientLight.hxx
+M V3d:pubinclude:V3d_AmbientLight.hxx /misc/dn61/LocalWOK/wok_entities/LOC/dev/CR0-OCCT691-7-CR0-OCCT691-occt-64/inc/V3d_AmbientLight.hxx
+M V3d:privinclude:V3d_AmbientLight.jxx /misc/dn61/LocalWOK/wok_entities/LOC/dev/CR0-OCCT691-7-CR0-OCCT691-occt-64/drv/V3d/V3d_AmbientLight.jxx
+M V3d:privinclude:V3d_AmbientLight.ixx /misc/dn61/LocalWOK/wok_entities/LOC/dev/CR0-OCCT691-7-CR0-OCCT691-occt-64/drv/V3d/V3d_AmbientLight.ixx
+M V3d:pubinclude:Handle_V3d_PositionLight.hxx /misc/dn61/LocalWOK/wok_entities/LOC/dev/CR0-OCCT691-7-CR0-OCCT691-occt-64/inc/Handle_V3d_PositionLight.hxx
+M V3d:pubinclude:V3d_PositionLight.hxx /misc/dn61/LocalWOK/wok_entities/LOC/dev/CR0-OCCT691-7-CR0-OCCT691-occt-64/inc/V3d_PositionLight.hxx
+M V3d:privinclude:V3d_PositionLight.jxx /misc/dn61/LocalWOK/wok_entities/LOC/dev/CR0-OCCT691-7-CR0-OCCT691-occt-64/drv/V3d/V3d_PositionLight.jxx
+M V3d:privinclude:V3d_PositionLight.ixx /misc/dn61/LocalWOK/wok_entities/LOC/dev/CR0-OCCT691-7-CR0-OCCT691-occt-64/drv/V3d/V3d_PositionLight.ixx
+M V3d:pubinclude:Handle_V3d_PositionalLight.hxx /misc/dn61/LocalWOK/wok_entities/LOC/dev/CR0-OCCT691-7-CR0-OCCT691-occt-64/inc/Handle_V3d_PositionalLight.hxx
+M V3d:pubinclude:V3d_PositionalLight.hxx /misc/dn61/LocalWOK/wok_entities/LOC/dev/CR0-OCCT691-7-CR0-OCCT691-occt-64/inc/V3d_PositionalLight.hxx
+M V3d:privinclude:V3d_PositionalLight.jxx /misc/dn61/LocalWOK/wok_entities/LOC/dev/CR0-OCCT691-7-CR0-OCCT691-occt-64/drv/V3d/V3d_PositionalLight.jxx
+M V3d:privinclude:V3d_PositionalLight.ixx /misc/dn61/LocalWOK/wok_entities/LOC/dev/CR0-OCCT691-7-CR0-OCCT691-occt-64/drv/V3d/V3d_PositionalLight.ixx
+M V3d:pubinclude:Handle_V3d_DirectionalLight.hxx /misc/dn61/LocalWOK/wok_entities/LOC/dev/CR0-OCCT691-7-CR0-OCCT691-occt-64/inc/Handle_V3d_DirectionalLight.hxx
+M V3d:pubinclude:V3d_DirectionalLight.hxx /misc/dn61/LocalWOK/wok_entities/LOC/dev/CR0-OCCT691-7-CR0-OCCT691-occt-64/inc/V3d_DirectionalLight.hxx
+M V3d:privinclude:V3d_DirectionalLight.jxx /misc/dn61/LocalWOK/wok_entities/LOC/dev/CR0-OCCT691-7-CR0-OCCT691-occt-64/drv/V3d/V3d_DirectionalLight.jxx
+M V3d:privinclude:V3d_DirectionalLight.ixx /misc/dn61/LocalWOK/wok_entities/LOC/dev/CR0-OCCT691-7-CR0-OCCT691-occt-64/drv/V3d/V3d_DirectionalLight.ixx
+M V3d:pubinclude:Handle_V3d_SpotLight.hxx /misc/dn61/LocalWOK/wok_entities/LOC/dev/CR0-OCCT691-7-CR0-OCCT691-occt-64/inc/Handle_V3d_SpotLight.hxx
+M V3d:pubinclude:V3d_SpotLight.hxx /misc/dn61/LocalWOK/wok_entities/LOC/dev/CR0-OCCT691-7-CR0-OCCT691-occt-64/inc/V3d_SpotLight.hxx
+M V3d:privinclude:V3d_SpotLight.jxx /misc/dn61/LocalWOK/wok_entities/LOC/dev/CR0-OCCT691-7-CR0-OCCT691-occt-64/drv/V3d/V3d_SpotLight.jxx
+M V3d:privinclude:V3d_SpotLight.ixx /misc/dn61/LocalWOK/wok_entities/LOC/dev/CR0-OCCT691-7-CR0-OCCT691-occt-64/drv/V3d/V3d_SpotLight.ixx
+M V3d:pubinclude:Handle_V3d_RectangularGrid.hxx /misc/dn61/LocalWOK/wok_entities/LOC/dev/CR0-OCCT691-7-CR0-OCCT691-occt-64/inc/Handle_V3d_RectangularGrid.hxx
+M V3d:pubinclude:V3d_RectangularGrid.hxx /misc/dn61/LocalWOK/wok_entities/LOC/dev/CR0-OCCT691-7-CR0-OCCT691-occt-64/inc/V3d_RectangularGrid.hxx
+M V3d:privinclude:V3d_RectangularGrid.jxx /misc/dn61/LocalWOK/wok_entities/LOC/dev/CR0-OCCT691-7-CR0-OCCT691-occt-64/drv/V3d/V3d_RectangularGrid.jxx
+M V3d:privinclude:V3d_RectangularGrid.ixx /misc/dn61/LocalWOK/wok_entities/LOC/dev/CR0-OCCT691-7-CR0-OCCT691-occt-64/drv/V3d/V3d_RectangularGrid.ixx
+M V3d:pubinclude:Handle_V3d_CircularGrid.hxx /misc/dn61/LocalWOK/wok_entities/LOC/dev/CR0-OCCT691-7-CR0-OCCT691-occt-64/inc/Handle_V3d_CircularGrid.hxx
+M V3d:pubinclude:V3d_CircularGrid.hxx /misc/dn61/LocalWOK/wok_entities/LOC/dev/CR0-OCCT691-7-CR0-OCCT691-occt-64/inc/V3d_CircularGrid.hxx
+M V3d:privinclude:V3d_CircularGrid.jxx /misc/dn61/LocalWOK/wok_entities/LOC/dev/CR0-OCCT691-7-CR0-OCCT691-occt-64/drv/V3d/V3d_CircularGrid.jxx
+M V3d:privinclude:V3d_CircularGrid.ixx /misc/dn61/LocalWOK/wok_entities/LOC/dev/CR0-OCCT691-7-CR0-OCCT691-occt-64/drv/V3d/V3d_CircularGrid.ixx
+M V3d:pubinclude:Handle_V3d_ColorScale.hxx /misc/dn61/LocalWOK/wok_entities/LOC/dev/CR0-OCCT691-7-CR0-OCCT691-occt-64/inc/Handle_V3d_ColorScale.hxx
+M V3d:pubinclude:V3d_ColorScale.hxx /misc/dn61/LocalWOK/wok_entities/LOC/dev/CR0-OCCT691-7-CR0-OCCT691-occt-64/inc/V3d_ColorScale.hxx
+M V3d:privinclude:V3d_ColorScale.jxx /misc/dn61/LocalWOK/wok_entities/LOC/dev/CR0-OCCT691-7-CR0-OCCT691-occt-64/drv/V3d/V3d_ColorScale.jxx
+M V3d:privinclude:V3d_ColorScale.ixx /misc/dn61/LocalWOK/wok_entities/LOC/dev/CR0-OCCT691-7-CR0-OCCT691-occt-64/drv/V3d/V3d_ColorScale.ixx
+M V3d:pubinclude:Handle_V3d_ColorScaleLayerItem.hxx /misc/dn61/LocalWOK/wok_entities/LOC/dev/CR0-OCCT691-7-CR0-OCCT691-occt-64/inc/Handle_V3d_ColorScaleLayerItem.hxx
+M V3d:pubinclude:V3d_ColorScaleLayerItem.hxx /misc/dn61/LocalWOK/wok_entities/LOC/dev/CR0-OCCT691-7-CR0-OCCT691-occt-64/inc/V3d_ColorScaleLayerItem.hxx
+M V3d:privinclude:V3d_ColorScaleLayerItem.jxx /misc/dn61/LocalWOK/wok_entities/LOC/dev/CR0-OCCT691-7-CR0-OCCT691-occt-64/drv/V3d/V3d_ColorScaleLayerItem.jxx
+M V3d:privinclude:V3d_ColorScaleLayerItem.ixx /misc/dn61/LocalWOK/wok_entities/LOC/dev/CR0-OCCT691-7-CR0-OCCT691-occt-64/drv/V3d/V3d_ColorScaleLayerItem.ixx
+M V3d:pubinclude:Handle_V3d_BadValue.hxx /misc/dn61/LocalWOK/wok_entities/LOC/dev/CR0-OCCT691-7-CR0-OCCT691-occt-64/inc/Handle_V3d_BadValue.hxx
+M V3d:pubinclude:V3d_BadValue.hxx /misc/dn61/LocalWOK/wok_entities/LOC/dev/CR0-OCCT691-7-CR0-OCCT691-occt-64/inc/V3d_BadValue.hxx
+M V3d:derivated:V3d_BadValue_0.cxx /misc/dn61/LocalWOK/wok_entities/LOC/dev/CR0-OCCT691-7-CR0-OCCT691-occt-64/drv/V3d/V3d_BadValue_0.cxx
+M V3d:pubinclude:Handle_V3d_UnMapped.hxx /misc/dn61/LocalWOK/wok_entities/LOC/dev/CR0-OCCT691-7-CR0-OCCT691-occt-64/inc/Handle_V3d_UnMapped.hxx
+M V3d:pubinclude:V3d_UnMapped.hxx /misc/dn61/LocalWOK/wok_entities/LOC/dev/CR0-OCCT691-7-CR0-OCCT691-occt-64/inc/V3d_UnMapped.hxx
+M V3d:derivated:V3d_UnMapped_0.cxx /misc/dn61/LocalWOK/wok_entities/LOC/dev/CR0-OCCT691-7-CR0-OCCT691-occt-64/drv/V3d/V3d_UnMapped_0.cxx
+M V3d:pubinclude:V3d_TypeOfView.hxx /misc/dn61/LocalWOK/wok_entities/LOC/dev/CR0-OCCT691-7-CR0-OCCT691-occt-64/inc/V3d_TypeOfView.hxx
+M V3d:pubinclude:V3d_TypeOfShadingModel.hxx /misc/dn61/LocalWOK/wok_entities/LOC/dev/CR0-OCCT691-7-CR0-OCCT691-occt-64/inc/V3d_TypeOfShadingModel.hxx
+M V3d:pubinclude:V3d_TypeOfSurfaceDetail.hxx /misc/dn61/LocalWOK/wok_entities/LOC/dev/CR0-OCCT691-7-CR0-OCCT691-occt-64/inc/V3d_TypeOfSurfaceDetail.hxx
+M V3d:pubinclude:V3d_TypeOfVisualization.hxx /misc/dn61/LocalWOK/wok_entities/LOC/dev/CR0-OCCT691-7-CR0-OCCT691-occt-64/inc/V3d_TypeOfVisualization.hxx
+M V3d:pubinclude:V3d_TypeOfZclipping.hxx /misc/dn61/LocalWOK/wok_entities/LOC/dev/CR0-OCCT691-7-CR0-OCCT691-occt-64/inc/V3d_TypeOfZclipping.hxx
+M V3d:pubinclude:V3d_TypeOfLight.hxx /misc/dn61/LocalWOK/wok_entities/LOC/dev/CR0-OCCT691-7-CR0-OCCT691-occt-64/inc/V3d_TypeOfLight.hxx
+M V3d:pubinclude:V3d_TypeOfUpdate.hxx /misc/dn61/LocalWOK/wok_entities/LOC/dev/CR0-OCCT691-7-CR0-OCCT691-occt-64/inc/V3d_TypeOfUpdate.hxx
+M V3d:pubinclude:V3d_TypeOfAxe.hxx /misc/dn61/LocalWOK/wok_entities/LOC/dev/CR0-OCCT691-7-CR0-OCCT691-occt-64/inc/V3d_TypeOfAxe.hxx
+M V3d:pubinclude:V3d_TypeOfOrientation.hxx /misc/dn61/LocalWOK/wok_entities/LOC/dev/CR0-OCCT691-7-CR0-OCCT691-occt-64/inc/V3d_TypeOfOrientation.hxx
+M V3d:pubinclude:V3d_TypeOfRepresentation.hxx /misc/dn61/LocalWOK/wok_entities/LOC/dev/CR0-OCCT691-7-CR0-OCCT691-occt-64/inc/V3d_TypeOfRepresentation.hxx
+M V3d:pubinclude:V3d_TypeOfPickLight.hxx /misc/dn61/LocalWOK/wok_entities/LOC/dev/CR0-OCCT691-7-CR0-OCCT691-occt-64/inc/V3d_TypeOfPickLight.hxx
+M V3d:pubinclude:V3d_TypeOfPickCamera.hxx /misc/dn61/LocalWOK/wok_entities/LOC/dev/CR0-OCCT691-7-CR0-OCCT691-occt-64/inc/V3d_TypeOfPickCamera.hxx
+M V3d:pubinclude:V3d_TypeOfBackfacingModel.hxx /misc/dn61/LocalWOK/wok_entities/LOC/dev/CR0-OCCT691-7-CR0-OCCT691-occt-64/inc/V3d_TypeOfBackfacingModel.hxx
+M V3d:pubinclude:V3d_Coordinate.hxx /misc/dn61/LocalWOK/wok_entities/LOC/dev/CR0-OCCT691-7-CR0-OCCT691-occt-64/inc/V3d_Coordinate.hxx
+M V3d:pubinclude:V3d_Parameter.hxx /misc/dn61/LocalWOK/wok_entities/LOC/dev/CR0-OCCT691-7-CR0-OCCT691-occt-64/inc/V3d_Parameter.hxx
+M V3d:pubinclude:V3d_ViewerPointer.hxx /misc/dn61/LocalWOK/wok_entities/LOC/dev/CR0-OCCT691-7-CR0-OCCT691-occt-64/inc/V3d_ViewerPointer.hxx
+M V3d:pubinclude:V3d_ViewPointer.hxx /misc/dn61/LocalWOK/wok_entities/LOC/dev/CR0-OCCT691-7-CR0-OCCT691-occt-64/inc/V3d_ViewPointer.hxx
+M V3d:pubinclude:V3d_LayerMgrPointer.hxx /misc/dn61/LocalWOK/wok_entities/LOC/dev/CR0-OCCT691-7-CR0-OCCT691-occt-64/inc/V3d_LayerMgrPointer.hxx
+M V3d:dbadmfile:V3d_xcpp_header.In /misc/dn61/LocalWOK/wok_entities/LOC/dev/CR0-OCCT691-7-CR0-OCCT691-occt-64/drv/V3d/.adm/V3d_xcpp_header.In
+M V3d:dbadmfile:V3d_xcpp_header.Out /misc/dn61/LocalWOK/wok_entities/LOC/dev/CR0-OCCT691-7-CR0-OCCT691-occt-64/drv/V3d/.adm/V3d_xcpp_header.Out
+M V3d:dbadmfile:V3d_xcpp_header.Dep /misc/dn61/LocalWOK/wok_entities/LOC/dev/CR0-OCCT691-7-CR0-OCCT691-occt-64/drv/V3d/.adm/V3d_xcpp_header.Dep
