+M Geom2dGcc:pubinclude:Geom2dGcc.hxx /misc/dn61/LocalWOK/wok_entities/LOC/dev/CR0-OCCT691-7-CR0-OCCT691-occt-64/inc/Geom2dGcc.hxx
+M Geom2dGcc:privinclude:Geom2dGcc.jxx /misc/dn61/LocalWOK/wok_entities/LOC/dev/CR0-OCCT691-7-CR0-OCCT691-occt-64/drv/Geom2dGcc/Geom2dGcc.jxx
+M Geom2dGcc:privinclude:Geom2dGcc.ixx /misc/dn61/LocalWOK/wok_entities/LOC/dev/CR0-OCCT691-7-CR0-OCCT691-occt-64/drv/Geom2dGcc/Geom2dGcc.ixx
+M Geom2dGcc:pubinclude:Geom2dGcc_CurveTool.hxx /misc/dn61/LocalWOK/wok_entities/LOC/dev/CR0-OCCT691-7-CR0-OCCT691-occt-64/inc/Geom2dGcc_CurveTool.hxx
+M Geom2dGcc:privinclude:Geom2dGcc_CurveTool.jxx /misc/dn61/LocalWOK/wok_entities/LOC/dev/CR0-OCCT691-7-CR0-OCCT691-occt-64/drv/Geom2dGcc/Geom2dGcc_CurveTool.jxx
+M Geom2dGcc:privinclude:Geom2dGcc_CurveTool.ixx /misc/dn61/LocalWOK/wok_entities/LOC/dev/CR0-OCCT691-7-CR0-OCCT691-occt-64/drv/Geom2dGcc/Geom2dGcc_CurveTool.ixx
+M Geom2dGcc:pubinclude:Geom2dGcc_QualifiedCurve.hxx /misc/dn61/LocalWOK/wok_entities/LOC/dev/CR0-OCCT691-7-CR0-OCCT691-occt-64/inc/Geom2dGcc_QualifiedCurve.hxx
+M Geom2dGcc:privinclude:Geom2dGcc_QualifiedCurve.jxx /misc/dn61/LocalWOK/wok_entities/LOC/dev/CR0-OCCT691-7-CR0-OCCT691-occt-64/drv/Geom2dGcc/Geom2dGcc_QualifiedCurve.jxx
+M Geom2dGcc:privinclude:Geom2dGcc_QualifiedCurve.ixx /misc/dn61/LocalWOK/wok_entities/LOC/dev/CR0-OCCT691-7-CR0-OCCT691-occt-64/drv/Geom2dGcc/Geom2dGcc_QualifiedCurve.ixx
+M Geom2dGcc:pubinclude:Geom2dGcc_Circ2d3Tan.hxx /misc/dn61/LocalWOK/wok_entities/LOC/dev/CR0-OCCT691-7-CR0-OCCT691-occt-64/inc/Geom2dGcc_Circ2d3Tan.hxx
+M Geom2dGcc:privinclude:Geom2dGcc_Circ2d3Tan.jxx /misc/dn61/LocalWOK/wok_entities/LOC/dev/CR0-OCCT691-7-CR0-OCCT691-occt-64/drv/Geom2dGcc/Geom2dGcc_Circ2d3Tan.jxx
+M Geom2dGcc:privinclude:Geom2dGcc_Circ2d3Tan.ixx /misc/dn61/LocalWOK/wok_entities/LOC/dev/CR0-OCCT691-7-CR0-OCCT691-occt-64/drv/Geom2dGcc/Geom2dGcc_Circ2d3Tan.ixx
+M Geom2dGcc:pubinclude:Geom2dGcc_Circ2d2TanRad.hxx /misc/dn61/LocalWOK/wok_entities/LOC/dev/CR0-OCCT691-7-CR0-OCCT691-occt-64/inc/Geom2dGcc_Circ2d2TanRad.hxx
+M Geom2dGcc:privinclude:Geom2dGcc_Circ2d2TanRad.jxx /misc/dn61/LocalWOK/wok_entities/LOC/dev/CR0-OCCT691-7-CR0-OCCT691-occt-64/drv/Geom2dGcc/Geom2dGcc_Circ2d2TanRad.jxx
+M Geom2dGcc:privinclude:Geom2dGcc_Circ2d2TanRad.ixx /misc/dn61/LocalWOK/wok_entities/LOC/dev/CR0-OCCT691-7-CR0-OCCT691-occt-64/drv/Geom2dGcc/Geom2dGcc_Circ2d2TanRad.ixx
+M Geom2dGcc:pubinclude:Geom2dGcc_Circ2d2TanOn.hxx /misc/dn61/LocalWOK/wok_entities/LOC/dev/CR0-OCCT691-7-CR0-OCCT691-occt-64/inc/Geom2dGcc_Circ2d2TanOn.hxx
+M Geom2dGcc:privinclude:Geom2dGcc_Circ2d2TanOn.jxx /misc/dn61/LocalWOK/wok_entities/LOC/dev/CR0-OCCT691-7-CR0-OCCT691-occt-64/drv/Geom2dGcc/Geom2dGcc_Circ2d2TanOn.jxx
+M Geom2dGcc:privinclude:Geom2dGcc_Circ2d2TanOn.ixx /misc/dn61/LocalWOK/wok_entities/LOC/dev/CR0-OCCT691-7-CR0-OCCT691-occt-64/drv/Geom2dGcc/Geom2dGcc_Circ2d2TanOn.ixx
+M Geom2dGcc:pubinclude:Geom2dGcc_Circ2dTanOnRad.hxx /misc/dn61/LocalWOK/wok_entities/LOC/dev/CR0-OCCT691-7-CR0-OCCT691-occt-64/inc/Geom2dGcc_Circ2dTanOnRad.hxx
+M Geom2dGcc:privinclude:Geom2dGcc_Circ2dTanOnRad.jxx /misc/dn61/LocalWOK/wok_entities/LOC/dev/CR0-OCCT691-7-CR0-OCCT691-occt-64/drv/Geom2dGcc/Geom2dGcc_Circ2dTanOnRad.jxx
+M Geom2dGcc:privinclude:Geom2dGcc_Circ2dTanOnRad.ixx /misc/dn61/LocalWOK/wok_entities/LOC/dev/CR0-OCCT691-7-CR0-OCCT691-occt-64/drv/Geom2dGcc/Geom2dGcc_Circ2dTanOnRad.ixx
+M Geom2dGcc:pubinclude:Geom2dGcc_Circ2dTanCen.hxx /misc/dn61/LocalWOK/wok_entities/LOC/dev/CR0-OCCT691-7-CR0-OCCT691-occt-64/inc/Geom2dGcc_Circ2dTanCen.hxx
+M Geom2dGcc:privinclude:Geom2dGcc_Circ2dTanCen.jxx /misc/dn61/LocalWOK/wok_entities/LOC/dev/CR0-OCCT691-7-CR0-OCCT691-occt-64/drv/Geom2dGcc/Geom2dGcc_Circ2dTanCen.jxx
+M Geom2dGcc:privinclude:Geom2dGcc_Circ2dTanCen.ixx /misc/dn61/LocalWOK/wok_entities/LOC/dev/CR0-OCCT691-7-CR0-OCCT691-occt-64/drv/Geom2dGcc/Geom2dGcc_Circ2dTanCen.ixx
+M Geom2dGcc:pubinclude:Geom2dGcc_Lin2d2Tan.hxx /misc/dn61/LocalWOK/wok_entities/LOC/dev/CR0-OCCT691-7-CR0-OCCT691-occt-64/inc/Geom2dGcc_Lin2d2Tan.hxx
+M Geom2dGcc:privinclude:Geom2dGcc_Lin2d2Tan.jxx /misc/dn61/LocalWOK/wok_entities/LOC/dev/CR0-OCCT691-7-CR0-OCCT691-occt-64/drv/Geom2dGcc/Geom2dGcc_Lin2d2Tan.jxx
+M Geom2dGcc:privinclude:Geom2dGcc_Lin2d2Tan.ixx /misc/dn61/LocalWOK/wok_entities/LOC/dev/CR0-OCCT691-7-CR0-OCCT691-occt-64/drv/Geom2dGcc/Geom2dGcc_Lin2d2Tan.ixx
+M Geom2dGcc:pubinclude:Geom2dGcc_Lin2dTanObl.hxx /misc/dn61/LocalWOK/wok_entities/LOC/dev/CR0-OCCT691-7-CR0-OCCT691-occt-64/inc/Geom2dGcc_Lin2dTanObl.hxx
+M Geom2dGcc:privinclude:Geom2dGcc_Lin2dTanObl.jxx /misc/dn61/LocalWOK/wok_entities/LOC/dev/CR0-OCCT691-7-CR0-OCCT691-occt-64/drv/Geom2dGcc/Geom2dGcc_Lin2dTanObl.jxx
+M Geom2dGcc:privinclude:Geom2dGcc_Lin2dTanObl.ixx /misc/dn61/LocalWOK/wok_entities/LOC/dev/CR0-OCCT691-7-CR0-OCCT691-occt-64/drv/Geom2dGcc/Geom2dGcc_Lin2dTanObl.ixx
+M Geom2dGcc:pubinclude:Geom2dGcc_QCurve.hxx /misc/dn61/LocalWOK/wok_entities/LOC/dev/CR0-OCCT691-7-CR0-OCCT691-occt-64/inc/Geom2dGcc_QCurve.hxx
+M Geom2dGcc:privinclude:Geom2dGcc_QCurve.jxx /misc/dn61/LocalWOK/wok_entities/LOC/dev/CR0-OCCT691-7-CR0-OCCT691-occt-64/drv/Geom2dGcc/Geom2dGcc_QCurve.jxx
+M Geom2dGcc:privinclude:Geom2dGcc_QCurve.ixx /misc/dn61/LocalWOK/wok_entities/LOC/dev/CR0-OCCT691-7-CR0-OCCT691-occt-64/drv/Geom2dGcc/Geom2dGcc_QCurve.ixx
+M Geom2dGcc:pubinclude:Geom2dGcc_CurveToolGeo.hxx /misc/dn61/LocalWOK/wok_entities/LOC/dev/CR0-OCCT691-7-CR0-OCCT691-occt-64/inc/Geom2dGcc_CurveToolGeo.hxx
+M Geom2dGcc:privinclude:Geom2dGcc_CurveToolGeo.jxx /misc/dn61/LocalWOK/wok_entities/LOC/dev/CR0-OCCT691-7-CR0-OCCT691-occt-64/drv/Geom2dGcc/Geom2dGcc_CurveToolGeo.jxx
+M Geom2dGcc:privinclude:Geom2dGcc_CurveToolGeo.ixx /misc/dn61/LocalWOK/wok_entities/LOC/dev/CR0-OCCT691-7-CR0-OCCT691-occt-64/drv/Geom2dGcc/Geom2dGcc_CurveToolGeo.ixx
+M Geom2dGcc:pubinclude:Geom2dGcc_Circ2d2TanOnGeo.hxx /misc/dn61/LocalWOK/wok_entities/LOC/dev/CR0-OCCT691-7-CR0-OCCT691-occt-64/inc/Geom2dGcc_Circ2d2TanOnGeo.hxx
+M Geom2dGcc:privinclude:Geom2dGcc_Circ2d2TanOnGeo.jxx /misc/dn61/LocalWOK/wok_entities/LOC/dev/CR0-OCCT691-7-CR0-OCCT691-occt-64/drv/Geom2dGcc/Geom2dGcc_Circ2d2TanOnGeo.jxx
+M Geom2dGcc:privinclude:Geom2dGcc_Circ2d2TanOnGeo.ixx /misc/dn61/LocalWOK/wok_entities/LOC/dev/CR0-OCCT691-7-CR0-OCCT691-occt-64/drv/Geom2dGcc/Geom2dGcc_Circ2d2TanOnGeo.ixx
+M Geom2dGcc:pubinclude:Geom2dGcc_Circ2d2TanRadGeo.hxx /misc/dn61/LocalWOK/wok_entities/LOC/dev/CR0-OCCT691-7-CR0-OCCT691-occt-64/inc/Geom2dGcc_Circ2d2TanRadGeo.hxx
+M Geom2dGcc:privinclude:Geom2dGcc_Circ2d2TanRadGeo.jxx /misc/dn61/LocalWOK/wok_entities/LOC/dev/CR0-OCCT691-7-CR0-OCCT691-occt-64/drv/Geom2dGcc/Geom2dGcc_Circ2d2TanRadGeo.jxx
+M Geom2dGcc:privinclude:Geom2dGcc_Circ2d2TanRadGeo.ixx /misc/dn61/LocalWOK/wok_entities/LOC/dev/CR0-OCCT691-7-CR0-OCCT691-occt-64/drv/Geom2dGcc/Geom2dGcc_Circ2d2TanRadGeo.ixx
+M Geom2dGcc:pubinclude:Geom2dGcc_Circ2dTanCenGeo.hxx /misc/dn61/LocalWOK/wok_entities/LOC/dev/CR0-OCCT691-7-CR0-OCCT691-occt-64/inc/Geom2dGcc_Circ2dTanCenGeo.hxx
+M Geom2dGcc:privinclude:Geom2dGcc_Circ2dTanCenGeo.jxx /misc/dn61/LocalWOK/wok_entities/LOC/dev/CR0-OCCT691-7-CR0-OCCT691-occt-64/drv/Geom2dGcc/Geom2dGcc_Circ2dTanCenGeo.jxx
+M Geom2dGcc:privinclude:Geom2dGcc_Circ2dTanCenGeo.ixx /misc/dn61/LocalWOK/wok_entities/LOC/dev/CR0-OCCT691-7-CR0-OCCT691-occt-64/drv/Geom2dGcc/Geom2dGcc_Circ2dTanCenGeo.ixx
+M Geom2dGcc:pubinclude:Geom2dGcc_Circ2dTanOnRadGeo.hxx /misc/dn61/LocalWOK/wok_entities/LOC/dev/CR0-OCCT691-7-CR0-OCCT691-occt-64/inc/Geom2dGcc_Circ2dTanOnRadGeo.hxx
+M Geom2dGcc:privinclude:Geom2dGcc_Circ2dTanOnRadGeo.jxx /misc/dn61/LocalWOK/wok_entities/LOC/dev/CR0-OCCT691-7-CR0-OCCT691-occt-64/drv/Geom2dGcc/Geom2dGcc_Circ2dTanOnRadGeo.jxx
+M Geom2dGcc:privinclude:Geom2dGcc_Circ2dTanOnRadGeo.ixx /misc/dn61/LocalWOK/wok_entities/LOC/dev/CR0-OCCT691-7-CR0-OCCT691-occt-64/drv/Geom2dGcc/Geom2dGcc_Circ2dTanOnRadGeo.ixx
+M Geom2dGcc:pubinclude:Geom2dGcc_Circ2d3TanIter.hxx /misc/dn61/LocalWOK/wok_entities/LOC/dev/CR0-OCCT691-7-CR0-OCCT691-occt-64/inc/Geom2dGcc_Circ2d3TanIter.hxx
+M Geom2dGcc:privinclude:Geom2dGcc_Circ2d3TanIter.jxx /misc/dn61/LocalWOK/wok_entities/LOC/dev/CR0-OCCT691-7-CR0-OCCT691-occt-64/drv/Geom2dGcc/Geom2dGcc_Circ2d3TanIter.jxx
+M Geom2dGcc:privinclude:Geom2dGcc_Circ2d3TanIter.ixx /misc/dn61/LocalWOK/wok_entities/LOC/dev/CR0-OCCT691-7-CR0-OCCT691-occt-64/drv/Geom2dGcc/Geom2dGcc_Circ2d3TanIter.ixx
+M Geom2dGcc:pubinclude:Geom2dGcc_FunctionTanCuCuCu.hxx /misc/dn61/LocalWOK/wok_entities/LOC/dev/CR0-OCCT691-7-CR0-OCCT691-occt-64/inc/Geom2dGcc_FunctionTanCuCuCu.hxx
+M Geom2dGcc:privinclude:Geom2dGcc_FunctionTanCuCuCu.jxx /misc/dn61/LocalWOK/wok_entities/LOC/dev/CR0-OCCT691-7-CR0-OCCT691-occt-64/drv/Geom2dGcc/Geom2dGcc_FunctionTanCuCuCu.jxx
+M Geom2dGcc:privinclude:Geom2dGcc_FunctionTanCuCuCu.ixx /misc/dn61/LocalWOK/wok_entities/LOC/dev/CR0-OCCT691-7-CR0-OCCT691-occt-64/drv/Geom2dGcc/Geom2dGcc_FunctionTanCuCuCu.ixx
+M Geom2dGcc:pubinclude:Geom2dGcc_Circ2d2TanOnIter.hxx /misc/dn61/LocalWOK/wok_entities/LOC/dev/CR0-OCCT691-7-CR0-OCCT691-occt-64/inc/Geom2dGcc_Circ2d2TanOnIter.hxx
+M Geom2dGcc:privinclude:Geom2dGcc_Circ2d2TanOnIter.jxx /misc/dn61/LocalWOK/wok_entities/LOC/dev/CR0-OCCT691-7-CR0-OCCT691-occt-64/drv/Geom2dGcc/Geom2dGcc_Circ2d2TanOnIter.jxx
+M Geom2dGcc:privinclude:Geom2dGcc_Circ2d2TanOnIter.ixx /misc/dn61/LocalWOK/wok_entities/LOC/dev/CR0-OCCT691-7-CR0-OCCT691-occt-64/drv/Geom2dGcc/Geom2dGcc_Circ2d2TanOnIter.ixx
+M Geom2dGcc:pubinclude:Geom2dGcc_FunctionTanCuCuOnCu.hxx /misc/dn61/LocalWOK/wok_entities/LOC/dev/CR0-OCCT691-7-CR0-OCCT691-occt-64/inc/Geom2dGcc_FunctionTanCuCuOnCu.hxx
+M Geom2dGcc:privinclude:Geom2dGcc_FunctionTanCuCuOnCu.jxx /misc/dn61/LocalWOK/wok_entities/LOC/dev/CR0-OCCT691-7-CR0-OCCT691-occt-64/drv/Geom2dGcc/Geom2dGcc_FunctionTanCuCuOnCu.jxx
+M Geom2dGcc:privinclude:Geom2dGcc_FunctionTanCuCuOnCu.ixx /misc/dn61/LocalWOK/wok_entities/LOC/dev/CR0-OCCT691-7-CR0-OCCT691-occt-64/drv/Geom2dGcc/Geom2dGcc_FunctionTanCuCuOnCu.ixx
+M Geom2dGcc:pubinclude:Geom2dGcc_Lin2dTanOblIter.hxx /misc/dn61/LocalWOK/wok_entities/LOC/dev/CR0-OCCT691-7-CR0-OCCT691-occt-64/inc/Geom2dGcc_Lin2dTanOblIter.hxx
+M Geom2dGcc:privinclude:Geom2dGcc_Lin2dTanOblIter.jxx /misc/dn61/LocalWOK/wok_entities/LOC/dev/CR0-OCCT691-7-CR0-OCCT691-occt-64/drv/Geom2dGcc/Geom2dGcc_Lin2dTanOblIter.jxx
+M Geom2dGcc:privinclude:Geom2dGcc_Lin2dTanOblIter.ixx /misc/dn61/LocalWOK/wok_entities/LOC/dev/CR0-OCCT691-7-CR0-OCCT691-occt-64/drv/Geom2dGcc/Geom2dGcc_Lin2dTanOblIter.ixx
+M Geom2dGcc:pubinclude:Geom2dGcc_FunctionTanObl.hxx /misc/dn61/LocalWOK/wok_entities/LOC/dev/CR0-OCCT691-7-CR0-OCCT691-occt-64/inc/Geom2dGcc_FunctionTanObl.hxx
+M Geom2dGcc:privinclude:Geom2dGcc_FunctionTanObl.jxx /misc/dn61/LocalWOK/wok_entities/LOC/dev/CR0-OCCT691-7-CR0-OCCT691-occt-64/drv/Geom2dGcc/Geom2dGcc_FunctionTanObl.jxx
+M Geom2dGcc:privinclude:Geom2dGcc_FunctionTanObl.ixx /misc/dn61/LocalWOK/wok_entities/LOC/dev/CR0-OCCT691-7-CR0-OCCT691-occt-64/drv/Geom2dGcc/Geom2dGcc_FunctionTanObl.ixx
+M Geom2dGcc:pubinclude:Geom2dGcc_Lin2d2TanIter.hxx /misc/dn61/LocalWOK/wok_entities/LOC/dev/CR0-OCCT691-7-CR0-OCCT691-occt-64/inc/Geom2dGcc_Lin2d2TanIter.hxx
+M Geom2dGcc:privinclude:Geom2dGcc_Lin2d2TanIter.jxx /misc/dn61/LocalWOK/wok_entities/LOC/dev/CR0-OCCT691-7-CR0-OCCT691-occt-64/drv/Geom2dGcc/Geom2dGcc_Lin2d2TanIter.jxx
+M Geom2dGcc:privinclude:Geom2dGcc_Lin2d2TanIter.ixx /misc/dn61/LocalWOK/wok_entities/LOC/dev/CR0-OCCT691-7-CR0-OCCT691-occt-64/drv/Geom2dGcc/Geom2dGcc_Lin2d2TanIter.ixx
+M Geom2dGcc:pubinclude:Geom2dGcc_FunctionTanCuCu.hxx /misc/dn61/LocalWOK/wok_entities/LOC/dev/CR0-OCCT691-7-CR0-OCCT691-occt-64/inc/Geom2dGcc_FunctionTanCuCu.hxx
+M Geom2dGcc:privinclude:Geom2dGcc_FunctionTanCuCu.jxx /misc/dn61/LocalWOK/wok_entities/LOC/dev/CR0-OCCT691-7-CR0-OCCT691-occt-64/drv/Geom2dGcc/Geom2dGcc_FunctionTanCuCu.jxx
+M Geom2dGcc:privinclude:Geom2dGcc_FunctionTanCuCu.ixx /misc/dn61/LocalWOK/wok_entities/LOC/dev/CR0-OCCT691-7-CR0-OCCT691-occt-64/drv/Geom2dGcc/Geom2dGcc_FunctionTanCuCu.ixx
+M Geom2dGcc:pubinclude:Geom2dGcc_FunctionTanCuPnt.hxx /misc/dn61/LocalWOK/wok_entities/LOC/dev/CR0-OCCT691-7-CR0-OCCT691-occt-64/inc/Geom2dGcc_FunctionTanCuPnt.hxx
+M Geom2dGcc:privinclude:Geom2dGcc_FunctionTanCuPnt.jxx /misc/dn61/LocalWOK/wok_entities/LOC/dev/CR0-OCCT691-7-CR0-OCCT691-occt-64/drv/Geom2dGcc/Geom2dGcc_FunctionTanCuPnt.jxx
+M Geom2dGcc:privinclude:Geom2dGcc_FunctionTanCuPnt.ixx /misc/dn61/LocalWOK/wok_entities/LOC/dev/CR0-OCCT691-7-CR0-OCCT691-occt-64/drv/Geom2dGcc/Geom2dGcc_FunctionTanCuPnt.ixx
+M Geom2dGcc:pubinclude:Geom2dGcc_FunctionTanCirCu.hxx /misc/dn61/LocalWOK/wok_entities/LOC/dev/CR0-OCCT691-7-CR0-OCCT691-occt-64/inc/Geom2dGcc_FunctionTanCirCu.hxx
+M Geom2dGcc:privinclude:Geom2dGcc_FunctionTanCirCu.jxx /misc/dn61/LocalWOK/wok_entities/LOC/dev/CR0-OCCT691-7-CR0-OCCT691-occt-64/drv/Geom2dGcc/Geom2dGcc_FunctionTanCirCu.jxx
+M Geom2dGcc:privinclude:Geom2dGcc_FunctionTanCirCu.ixx /misc/dn61/LocalWOK/wok_entities/LOC/dev/CR0-OCCT691-7-CR0-OCCT691-occt-64/drv/Geom2dGcc/Geom2dGcc_FunctionTanCirCu.ixx
+M Geom2dGcc:pubinclude:Handle_Geom2dGcc_IsParallel.hxx /misc/dn61/LocalWOK/wok_entities/LOC/dev/CR0-OCCT691-7-CR0-OCCT691-occt-64/inc/Handle_Geom2dGcc_IsParallel.hxx
+M Geom2dGcc:pubinclude:Geom2dGcc_IsParallel.hxx /misc/dn61/LocalWOK/wok_entities/LOC/dev/CR0-OCCT691-7-CR0-OCCT691-occt-64/inc/Geom2dGcc_IsParallel.hxx
+M Geom2dGcc:derivated:Geom2dGcc_IsParallel_0.cxx /misc/dn61/LocalWOK/wok_entities/LOC/dev/CR0-OCCT691-7-CR0-OCCT691-occt-64/drv/Geom2dGcc/Geom2dGcc_IsParallel_0.cxx
+M Geom2dGcc:pubinclude:Geom2dGcc_Type1.hxx /misc/dn61/LocalWOK/wok_entities/LOC/dev/CR0-OCCT691-7-CR0-OCCT691-occt-64/inc/Geom2dGcc_Type1.hxx
+M Geom2dGcc:pubinclude:Geom2dGcc_Type2.hxx /misc/dn61/LocalWOK/wok_entities/LOC/dev/CR0-OCCT691-7-CR0-OCCT691-occt-64/inc/Geom2dGcc_Type2.hxx
+M Geom2dGcc:pubinclude:Geom2dGcc_Type3.hxx /misc/dn61/LocalWOK/wok_entities/LOC/dev/CR0-OCCT691-7-CR0-OCCT691-occt-64/inc/Geom2dGcc_Type3.hxx
+M Geom2dGcc:dbadmfile:Geom2dGcc_xcpp_header.In /misc/dn61/LocalWOK/wok_entities/LOC/dev/CR0-OCCT691-7-CR0-OCCT691-occt-64/drv/Geom2dGcc/.adm/Geom2dGcc_xcpp_header.In
+M Geom2dGcc:dbadmfile:Geom2dGcc_xcpp_header.Out /misc/dn61/LocalWOK/wok_entities/LOC/dev/CR0-OCCT691-7-CR0-OCCT691-occt-64/drv/Geom2dGcc/.adm/Geom2dGcc_xcpp_header.Out
+M Geom2dGcc:dbadmfile:Geom2dGcc_xcpp_header.Dep /misc/dn61/LocalWOK/wok_entities/LOC/dev/CR0-OCCT691-7-CR0-OCCT691-occt-64/drv/Geom2dGcc/.adm/Geom2dGcc_xcpp_header.Dep
