+M XmlMDataXtd:pubinclude:XmlMDataXtd.hxx /misc/dn61/LocalWOK/wok_entities/LOC/dev/CR0-OCCT691-7-CR0-OCCT691-occt-64/inc/XmlMDataXtd.hxx
+M XmlMDataXtd:privinclude:XmlMDataXtd.jxx /misc/dn61/LocalWOK/wok_entities/LOC/dev/CR0-OCCT691-7-CR0-OCCT691-occt-64/drv/XmlMDataXtd/XmlMDataXtd.jxx
+M XmlMDataXtd:privinclude:XmlMDataXtd.ixx /misc/dn61/LocalWOK/wok_entities/LOC/dev/CR0-OCCT691-7-CR0-OCCT691-occt-64/drv/XmlMDataXtd/XmlMDataXtd.ixx
+M XmlMDataXtd:pubinclude:Handle_XmlMDataXtd_AxisDriver.hxx /misc/dn61/LocalWOK/wok_entities/LOC/dev/CR0-OCCT691-7-CR0-OCCT691-occt-64/inc/Handle_XmlMDataXtd_AxisDriver.hxx
+M XmlMDataXtd:pubinclude:XmlMDataXtd_AxisDriver.hxx /misc/dn61/LocalWOK/wok_entities/LOC/dev/CR0-OCCT691-7-CR0-OCCT691-occt-64/inc/XmlMDataXtd_AxisDriver.hxx
+M XmlMDataXtd:privinclude:XmlMDataXtd_AxisDriver.jxx /misc/dn61/LocalWOK/wok_entities/LOC/dev/CR0-OCCT691-7-CR0-OCCT691-occt-64/drv/XmlMDataXtd/XmlMDataXtd_AxisDriver.jxx
+M XmlMDataXtd:privinclude:XmlMDataXtd_AxisDriver.ixx /misc/dn61/LocalWOK/wok_entities/LOC/dev/CR0-OCCT691-7-CR0-OCCT691-occt-64/drv/XmlMDataXtd/XmlMDataXtd_AxisDriver.ixx
+M XmlMDataXtd:pubinclude:Handle_XmlMDataXtd_ShapeDriver.hxx /misc/dn61/LocalWOK/wok_entities/LOC/dev/CR0-OCCT691-7-CR0-OCCT691-occt-64/inc/Handle_XmlMDataXtd_ShapeDriver.hxx
+M XmlMDataXtd:pubinclude:XmlMDataXtd_ShapeDriver.hxx /misc/dn61/LocalWOK/wok_entities/LOC/dev/CR0-OCCT691-7-CR0-OCCT691-occt-64/inc/XmlMDataXtd_ShapeDriver.hxx
+M XmlMDataXtd:privinclude:XmlMDataXtd_ShapeDriver.jxx /misc/dn61/LocalWOK/wok_entities/LOC/dev/CR0-OCCT691-7-CR0-OCCT691-occt-64/drv/XmlMDataXtd/XmlMDataXtd_ShapeDriver.jxx
+M XmlMDataXtd:privinclude:XmlMDataXtd_ShapeDriver.ixx /misc/dn61/LocalWOK/wok_entities/LOC/dev/CR0-OCCT691-7-CR0-OCCT691-occt-64/drv/XmlMDataXtd/XmlMDataXtd_ShapeDriver.ixx
+M XmlMDataXtd:pubinclude:Handle_XmlMDataXtd_PointDriver.hxx /misc/dn61/LocalWOK/wok_entities/LOC/dev/CR0-OCCT691-7-CR0-OCCT691-occt-64/inc/Handle_XmlMDataXtd_PointDriver.hxx
+M XmlMDataXtd:pubinclude:XmlMDataXtd_PointDriver.hxx /misc/dn61/LocalWOK/wok_entities/LOC/dev/CR0-OCCT691-7-CR0-OCCT691-occt-64/inc/XmlMDataXtd_PointDriver.hxx
+M XmlMDataXtd:privinclude:XmlMDataXtd_PointDriver.jxx /misc/dn61/LocalWOK/wok_entities/LOC/dev/CR0-OCCT691-7-CR0-OCCT691-occt-64/drv/XmlMDataXtd/XmlMDataXtd_PointDriver.jxx
+M XmlMDataXtd:privinclude:XmlMDataXtd_PointDriver.ixx /misc/dn61/LocalWOK/wok_entities/LOC/dev/CR0-OCCT691-7-CR0-OCCT691-occt-64/drv/XmlMDataXtd/XmlMDataXtd_PointDriver.ixx
+M XmlMDataXtd:pubinclude:Handle_XmlMDataXtd_PlaneDriver.hxx /misc/dn61/LocalWOK/wok_entities/LOC/dev/CR0-OCCT691-7-CR0-OCCT691-occt-64/inc/Handle_XmlMDataXtd_PlaneDriver.hxx
+M XmlMDataXtd:pubinclude:XmlMDataXtd_PlaneDriver.hxx /misc/dn61/LocalWOK/wok_entities/LOC/dev/CR0-OCCT691-7-CR0-OCCT691-occt-64/inc/XmlMDataXtd_PlaneDriver.hxx
+M XmlMDataXtd:privinclude:XmlMDataXtd_PlaneDriver.jxx /misc/dn61/LocalWOK/wok_entities/LOC/dev/CR0-OCCT691-7-CR0-OCCT691-occt-64/drv/XmlMDataXtd/XmlMDataXtd_PlaneDriver.jxx
+M XmlMDataXtd:privinclude:XmlMDataXtd_PlaneDriver.ixx /misc/dn61/LocalWOK/wok_entities/LOC/dev/CR0-OCCT691-7-CR0-OCCT691-occt-64/drv/XmlMDataXtd/XmlMDataXtd_PlaneDriver.ixx
+M XmlMDataXtd:pubinclude:Handle_XmlMDataXtd_GeometryDriver.hxx /misc/dn61/LocalWOK/wok_entities/LOC/dev/CR0-OCCT691-7-CR0-OCCT691-occt-64/inc/Handle_XmlMDataXtd_GeometryDriver.hxx
+M XmlMDataXtd:pubinclude:XmlMDataXtd_GeometryDriver.hxx /misc/dn61/LocalWOK/wok_entities/LOC/dev/CR0-OCCT691-7-CR0-OCCT691-occt-64/inc/XmlMDataXtd_GeometryDriver.hxx
+M XmlMDataXtd:privinclude:XmlMDataXtd_GeometryDriver.jxx /misc/dn61/LocalWOK/wok_entities/LOC/dev/CR0-OCCT691-7-CR0-OCCT691-occt-64/drv/XmlMDataXtd/XmlMDataXtd_GeometryDriver.jxx
+M XmlMDataXtd:privinclude:XmlMDataXtd_GeometryDriver.ixx /misc/dn61/LocalWOK/wok_entities/LOC/dev/CR0-OCCT691-7-CR0-OCCT691-occt-64/drv/XmlMDataXtd/XmlMDataXtd_GeometryDriver.ixx
+M XmlMDataXtd:pubinclude:Handle_XmlMDataXtd_ConstraintDriver.hxx /misc/dn61/LocalWOK/wok_entities/LOC/dev/CR0-OCCT691-7-CR0-OCCT691-occt-64/inc/Handle_XmlMDataXtd_ConstraintDriver.hxx
+M XmlMDataXtd:pubinclude:XmlMDataXtd_ConstraintDriver.hxx /misc/dn61/LocalWOK/wok_entities/LOC/dev/CR0-OCCT691-7-CR0-OCCT691-occt-64/inc/XmlMDataXtd_ConstraintDriver.hxx
+M XmlMDataXtd:privinclude:XmlMDataXtd_ConstraintDriver.jxx /misc/dn61/LocalWOK/wok_entities/LOC/dev/CR0-OCCT691-7-CR0-OCCT691-occt-64/drv/XmlMDataXtd/XmlMDataXtd_ConstraintDriver.jxx
+M XmlMDataXtd:privinclude:XmlMDataXtd_ConstraintDriver.ixx /misc/dn61/LocalWOK/wok_entities/LOC/dev/CR0-OCCT691-7-CR0-OCCT691-occt-64/drv/XmlMDataXtd/XmlMDataXtd_ConstraintDriver.ixx
+M XmlMDataXtd:pubinclude:Handle_XmlMDataXtd_PlacementDriver.hxx /misc/dn61/LocalWOK/wok_entities/LOC/dev/CR0-OCCT691-7-CR0-OCCT691-occt-64/inc/Handle_XmlMDataXtd_PlacementDriver.hxx
+M XmlMDataXtd:pubinclude:XmlMDataXtd_PlacementDriver.hxx /misc/dn61/LocalWOK/wok_entities/LOC/dev/CR0-OCCT691-7-CR0-OCCT691-occt-64/inc/XmlMDataXtd_PlacementDriver.hxx
+M XmlMDataXtd:privinclude:XmlMDataXtd_PlacementDriver.jxx /misc/dn61/LocalWOK/wok_entities/LOC/dev/CR0-OCCT691-7-CR0-OCCT691-occt-64/drv/XmlMDataXtd/XmlMDataXtd_PlacementDriver.jxx
+M XmlMDataXtd:privinclude:XmlMDataXtd_PlacementDriver.ixx /misc/dn61/LocalWOK/wok_entities/LOC/dev/CR0-OCCT691-7-CR0-OCCT691-occt-64/drv/XmlMDataXtd/XmlMDataXtd_PlacementDriver.ixx
+M XmlMDataXtd:pubinclude:Handle_XmlMDataXtd_PatternStdDriver.hxx /misc/dn61/LocalWOK/wok_entities/LOC/dev/CR0-OCCT691-7-CR0-OCCT691-occt-64/inc/Handle_XmlMDataXtd_PatternStdDriver.hxx
+M XmlMDataXtd:pubinclude:XmlMDataXtd_PatternStdDriver.hxx /misc/dn61/LocalWOK/wok_entities/LOC/dev/CR0-OCCT691-7-CR0-OCCT691-occt-64/inc/XmlMDataXtd_PatternStdDriver.hxx
+M XmlMDataXtd:privinclude:XmlMDataXtd_PatternStdDriver.jxx /misc/dn61/LocalWOK/wok_entities/LOC/dev/CR0-OCCT691-7-CR0-OCCT691-occt-64/drv/XmlMDataXtd/XmlMDataXtd_PatternStdDriver.jxx
+M XmlMDataXtd:privinclude:XmlMDataXtd_PatternStdDriver.ixx /misc/dn61/LocalWOK/wok_entities/LOC/dev/CR0-OCCT691-7-CR0-OCCT691-occt-64/drv/XmlMDataXtd/XmlMDataXtd_PatternStdDriver.ixx
+M XmlMDataXtd:dbadmfile:XmlMDataXtd_xcpp_header.In /misc/dn61/LocalWOK/wok_entities/LOC/dev/CR0-OCCT691-7-CR0-OCCT691-occt-64/drv/XmlMDataXtd/.adm/XmlMDataXtd_xcpp_header.In
+M XmlMDataXtd:dbadmfile:XmlMDataXtd_xcpp_header.Out /misc/dn61/LocalWOK/wok_entities/LOC/dev/CR0-OCCT691-7-CR0-OCCT691-occt-64/drv/XmlMDataXtd/.adm/XmlMDataXtd_xcpp_header.Out
+M XmlMDataXtd:dbadmfile:XmlMDataXtd_xcpp_header.Dep /misc/dn61/LocalWOK/wok_entities/LOC/dev/CR0-OCCT691-7-CR0-OCCT691-occt-64/drv/XmlMDataXtd/.adm/XmlMDataXtd_xcpp_header.Dep
