+M GeomConvert:pubinclude:GeomConvert.hxx /misc/dn61/LocalWOK/wok_entities/LOC/dev/CR0-OCCT691-7-CR0-OCCT691-occt-64/inc/GeomConvert.hxx
+M GeomConvert:privinclude:GeomConvert.jxx /misc/dn61/LocalWOK/wok_entities/LOC/dev/CR0-OCCT691-7-CR0-OCCT691-occt-64/drv/GeomConvert/GeomConvert.jxx
+M GeomConvert:privinclude:GeomConvert.ixx /misc/dn61/LocalWOK/wok_entities/LOC/dev/CR0-OCCT691-7-CR0-OCCT691-occt-64/drv/GeomConvert/GeomConvert.ixx
+M GeomConvert:pubinclude:GeomConvert_BSplineCurveKnotSplitting.hxx /misc/dn61/LocalWOK/wok_entities/LOC/dev/CR0-OCCT691-7-CR0-OCCT691-occt-64/inc/GeomConvert_BSplineCurveKnotSplitting.hxx
+M GeomConvert:privinclude:GeomConvert_BSplineCurveKnotSplitting.jxx /misc/dn61/LocalWOK/wok_entities/LOC/dev/CR0-OCCT691-7-CR0-OCCT691-occt-64/drv/GeomConvert/GeomConvert_BSplineCurveKnotSplitting.jxx
+M GeomConvert:privinclude:GeomConvert_BSplineCurveKnotSplitting.ixx /misc/dn61/LocalWOK/wok_entities/LOC/dev/CR0-OCCT691-7-CR0-OCCT691-occt-64/drv/GeomConvert/GeomConvert_BSplineCurveKnotSplitting.ixx
+M GeomConvert:pubinclude:GeomConvert_BSplineSurfaceKnotSplitting.hxx /misc/dn61/LocalWOK/wok_entities/LOC/dev/CR0-OCCT691-7-CR0-OCCT691-occt-64/inc/GeomConvert_BSplineSurfaceKnotSplitting.hxx
+M GeomConvert:privinclude:GeomConvert_BSplineSurfaceKnotSplitting.jxx /misc/dn61/LocalWOK/wok_entities/LOC/dev/CR0-OCCT691-7-CR0-OCCT691-occt-64/drv/GeomConvert/GeomConvert_BSplineSurfaceKnotSplitting.jxx
+M GeomConvert:privinclude:GeomConvert_BSplineSurfaceKnotSplitting.ixx /misc/dn61/LocalWOK/wok_entities/LOC/dev/CR0-OCCT691-7-CR0-OCCT691-occt-64/drv/GeomConvert/GeomConvert_BSplineSurfaceKnotSplitting.ixx
+M GeomConvert:pubinclude:GeomConvert_BSplineCurveToBezierCurve.hxx /misc/dn61/LocalWOK/wok_entities/LOC/dev/CR0-OCCT691-7-CR0-OCCT691-occt-64/inc/GeomConvert_BSplineCurveToBezierCurve.hxx
+M GeomConvert:privinclude:GeomConvert_BSplineCurveToBezierCurve.jxx /misc/dn61/LocalWOK/wok_entities/LOC/dev/CR0-OCCT691-7-CR0-OCCT691-occt-64/drv/GeomConvert/GeomConvert_BSplineCurveToBezierCurve.jxx
+M GeomConvert:privinclude:GeomConvert_BSplineCurveToBezierCurve.ixx /misc/dn61/LocalWOK/wok_entities/LOC/dev/CR0-OCCT691-7-CR0-OCCT691-occt-64/drv/GeomConvert/GeomConvert_BSplineCurveToBezierCurve.ixx
+M GeomConvert:pubinclude:GeomConvert_CompCurveToBSplineCurve.hxx /misc/dn61/LocalWOK/wok_entities/LOC/dev/CR0-OCCT691-7-CR0-OCCT691-occt-64/inc/GeomConvert_CompCurveToBSplineCurve.hxx
+M GeomConvert:privinclude:GeomConvert_CompCurveToBSplineCurve.jxx /misc/dn61/LocalWOK/wok_entities/LOC/dev/CR0-OCCT691-7-CR0-OCCT691-occt-64/drv/GeomConvert/GeomConvert_CompCurveToBSplineCurve.jxx
+M GeomConvert:privinclude:GeomConvert_CompCurveToBSplineCurve.ixx /misc/dn61/LocalWOK/wok_entities/LOC/dev/CR0-OCCT691-7-CR0-OCCT691-occt-64/drv/GeomConvert/GeomConvert_CompCurveToBSplineCurve.ixx
+M GeomConvert:pubinclude:GeomConvert_BSplineSurfaceToBezierSurface.hxx /misc/dn61/LocalWOK/wok_entities/LOC/dev/CR0-OCCT691-7-CR0-OCCT691-occt-64/inc/GeomConvert_BSplineSurfaceToBezierSurface.hxx
+M GeomConvert:privinclude:GeomConvert_BSplineSurfaceToBezierSurface.jxx /misc/dn61/LocalWOK/wok_entities/LOC/dev/CR0-OCCT691-7-CR0-OCCT691-occt-64/drv/GeomConvert/GeomConvert_BSplineSurfaceToBezierSurface.jxx
+M GeomConvert:privinclude:GeomConvert_BSplineSurfaceToBezierSurface.ixx /misc/dn61/LocalWOK/wok_entities/LOC/dev/CR0-OCCT691-7-CR0-OCCT691-occt-64/drv/GeomConvert/GeomConvert_BSplineSurfaceToBezierSurface.ixx
+M GeomConvert:pubinclude:GeomConvert_CompBezierSurfacesToBSplineSurface.hxx /misc/dn61/LocalWOK/wok_entities/LOC/dev/CR0-OCCT691-7-CR0-OCCT691-occt-64/inc/GeomConvert_CompBezierSurfacesToBSplineSurface.hxx
+M GeomConvert:privinclude:GeomConvert_CompBezierSurfacesToBSplineSurface.jxx /misc/dn61/LocalWOK/wok_entities/LOC/dev/CR0-OCCT691-7-CR0-OCCT691-occt-64/drv/GeomConvert/GeomConvert_CompBezierSurfacesToBSplineSurface.jxx
+M GeomConvert:privinclude:GeomConvert_CompBezierSurfacesToBSplineSurface.ixx /misc/dn61/LocalWOK/wok_entities/LOC/dev/CR0-OCCT691-7-CR0-OCCT691-occt-64/drv/GeomConvert/GeomConvert_CompBezierSurfacesToBSplineSurface.ixx
+M GeomConvert:pubinclude:GeomConvert_ApproxSurface.hxx /misc/dn61/LocalWOK/wok_entities/LOC/dev/CR0-OCCT691-7-CR0-OCCT691-occt-64/inc/GeomConvert_ApproxSurface.hxx
+M GeomConvert:privinclude:GeomConvert_ApproxSurface.jxx /misc/dn61/LocalWOK/wok_entities/LOC/dev/CR0-OCCT691-7-CR0-OCCT691-occt-64/drv/GeomConvert/GeomConvert_ApproxSurface.jxx
+M GeomConvert:privinclude:GeomConvert_ApproxSurface.ixx /misc/dn61/LocalWOK/wok_entities/LOC/dev/CR0-OCCT691-7-CR0-OCCT691-occt-64/drv/GeomConvert/GeomConvert_ApproxSurface.ixx
+M GeomConvert:pubinclude:GeomConvert_ApproxCurve.hxx /misc/dn61/LocalWOK/wok_entities/LOC/dev/CR0-OCCT691-7-CR0-OCCT691-occt-64/inc/GeomConvert_ApproxCurve.hxx
+M GeomConvert:privinclude:GeomConvert_ApproxCurve.jxx /misc/dn61/LocalWOK/wok_entities/LOC/dev/CR0-OCCT691-7-CR0-OCCT691-occt-64/drv/GeomConvert/GeomConvert_ApproxCurve.jxx
+M GeomConvert:privinclude:GeomConvert_ApproxCurve.ixx /misc/dn61/LocalWOK/wok_entities/LOC/dev/CR0-OCCT691-7-CR0-OCCT691-occt-64/drv/GeomConvert/GeomConvert_ApproxCurve.ixx
+M GeomConvert:dbadmfile:GeomConvert_xcpp_header.In /misc/dn61/LocalWOK/wok_entities/LOC/dev/CR0-OCCT691-7-CR0-OCCT691-occt-64/drv/GeomConvert/.adm/GeomConvert_xcpp_header.In
+M GeomConvert:dbadmfile:GeomConvert_xcpp_header.Out /misc/dn61/LocalWOK/wok_entities/LOC/dev/CR0-OCCT691-7-CR0-OCCT691-occt-64/drv/GeomConvert/.adm/GeomConvert_xcpp_header.Out
+M GeomConvert:dbadmfile:GeomConvert_xcpp_header.Dep /misc/dn61/LocalWOK/wok_entities/LOC/dev/CR0-OCCT691-7-CR0-OCCT691-occt-64/drv/GeomConvert/.adm/GeomConvert_xcpp_header.Dep
