+M NCollection:pubinclude:NCollection_TypeDef.hxx /misc/dn61/LocalWOK/wok_entities/LOC/dev/CR0-OCCT691-7-CR0-OCCT691-occt-64/inc/NCollection_TypeDef.hxx
+M NCollection:pubinclude:NCollection_AccAllocator.hxx /misc/dn61/LocalWOK/wok_entities/LOC/dev/CR0-OCCT691-7-CR0-OCCT691-occt-64/inc/NCollection_AccAllocator.hxx
+M NCollection:pubinclude:NCollection_BaseAllocator.hxx /misc/dn61/LocalWOK/wok_entities/LOC/dev/CR0-OCCT691-7-CR0-OCCT691-occt-64/inc/NCollection_BaseAllocator.hxx
+M NCollection:pubinclude:NCollection_IncAllocator.hxx /misc/dn61/LocalWOK/wok_entities/LOC/dev/CR0-OCCT691-7-CR0-OCCT691-occt-64/inc/NCollection_IncAllocator.hxx
+M NCollection:pubinclude:NCollection_AlignedAllocator.hxx /misc/dn61/LocalWOK/wok_entities/LOC/dev/CR0-OCCT691-7-CR0-OCCT691-occt-64/inc/NCollection_AlignedAllocator.hxx
+M NCollection:pubinclude:NCollection_HeapAllocator.hxx /misc/dn61/LocalWOK/wok_entities/LOC/dev/CR0-OCCT691-7-CR0-OCCT691-occt-64/inc/NCollection_HeapAllocator.hxx
+M NCollection:pubinclude:NCollection_StdAllocator.hxx /misc/dn61/LocalWOK/wok_entities/LOC/dev/CR0-OCCT691-7-CR0-OCCT691-occt-64/inc/NCollection_StdAllocator.hxx
+M NCollection:pubinclude:NCollection_WinHeapAllocator.hxx /misc/dn61/LocalWOK/wok_entities/LOC/dev/CR0-OCCT691-7-CR0-OCCT691-occt-64/inc/NCollection_WinHeapAllocator.hxx
+M NCollection:pubinclude:NCollection_ListNode.hxx /misc/dn61/LocalWOK/wok_entities/LOC/dev/CR0-OCCT691-7-CR0-OCCT691-occt-64/inc/NCollection_ListNode.hxx
+M NCollection:pubinclude:NCollection_BaseList.hxx /misc/dn61/LocalWOK/wok_entities/LOC/dev/CR0-OCCT691-7-CR0-OCCT691-occt-64/inc/NCollection_BaseList.hxx
+M NCollection:pubinclude:NCollection_BaseSequence.hxx /misc/dn61/LocalWOK/wok_entities/LOC/dev/CR0-OCCT691-7-CR0-OCCT691-occt-64/inc/NCollection_BaseSequence.hxx
+M NCollection:pubinclude:NCollection_BaseMap.hxx /misc/dn61/LocalWOK/wok_entities/LOC/dev/CR0-OCCT691-7-CR0-OCCT691-occt-64/inc/NCollection_BaseMap.hxx
+M NCollection:pubinclude:NCollection_TListNode.hxx /misc/dn61/LocalWOK/wok_entities/LOC/dev/CR0-OCCT691-7-CR0-OCCT691-occt-64/inc/NCollection_TListNode.hxx
+M NCollection:pubinclude:NCollection_TListIterator.hxx /misc/dn61/LocalWOK/wok_entities/LOC/dev/CR0-OCCT691-7-CR0-OCCT691-occt-64/inc/NCollection_TListIterator.hxx
+M NCollection:pubinclude:NCollection_Sequence.hxx /misc/dn61/LocalWOK/wok_entities/LOC/dev/CR0-OCCT691-7-CR0-OCCT691-occt-64/inc/NCollection_Sequence.hxx
+M NCollection:pubinclude:NCollection_HSequence.hxx /misc/dn61/LocalWOK/wok_entities/LOC/dev/CR0-OCCT691-7-CR0-OCCT691-occt-64/inc/NCollection_HSequence.hxx
+M NCollection:pubinclude:NCollection_Array1.hxx /misc/dn61/LocalWOK/wok_entities/LOC/dev/CR0-OCCT691-7-CR0-OCCT691-occt-64/inc/NCollection_Array1.hxx
+M NCollection:pubinclude:NCollection_HArray1.hxx /misc/dn61/LocalWOK/wok_entities/LOC/dev/CR0-OCCT691-7-CR0-OCCT691-occt-64/inc/NCollection_HArray1.hxx
+M NCollection:pubinclude:NCollection_Array2.hxx /misc/dn61/LocalWOK/wok_entities/LOC/dev/CR0-OCCT691-7-CR0-OCCT691-occt-64/inc/NCollection_Array2.hxx
+M NCollection:pubinclude:NCollection_HArray2.hxx /misc/dn61/LocalWOK/wok_entities/LOC/dev/CR0-OCCT691-7-CR0-OCCT691-occt-64/inc/NCollection_HArray2.hxx
+M NCollection:pubinclude:NCollection_List.hxx /misc/dn61/LocalWOK/wok_entities/LOC/dev/CR0-OCCT691-7-CR0-OCCT691-occt-64/inc/NCollection_List.hxx
+M NCollection:pubinclude:NCollection_Map.hxx /misc/dn61/LocalWOK/wok_entities/LOC/dev/CR0-OCCT691-7-CR0-OCCT691-occt-64/inc/NCollection_Map.hxx
+M NCollection:pubinclude:NCollection_DataMap.hxx /misc/dn61/LocalWOK/wok_entities/LOC/dev/CR0-OCCT691-7-CR0-OCCT691-occt-64/inc/NCollection_DataMap.hxx
+M NCollection:pubinclude:NCollection_DoubleMap.hxx /misc/dn61/LocalWOK/wok_entities/LOC/dev/CR0-OCCT691-7-CR0-OCCT691-occt-64/inc/NCollection_DoubleMap.hxx
+M NCollection:pubinclude:NCollection_IndexedMap.hxx /misc/dn61/LocalWOK/wok_entities/LOC/dev/CR0-OCCT691-7-CR0-OCCT691-occt-64/inc/NCollection_IndexedMap.hxx
+M NCollection:pubinclude:NCollection_IndexedDataMap.hxx /misc/dn61/LocalWOK/wok_entities/LOC/dev/CR0-OCCT691-7-CR0-OCCT691-occt-64/inc/NCollection_IndexedDataMap.hxx
+M NCollection:pubinclude:NCollection_DefineArray1.hxx /misc/dn61/LocalWOK/wok_entities/LOC/dev/CR0-OCCT691-7-CR0-OCCT691-occt-64/inc/NCollection_DefineArray1.hxx
+M NCollection:pubinclude:NCollection_DefineHArray1.hxx /misc/dn61/LocalWOK/wok_entities/LOC/dev/CR0-OCCT691-7-CR0-OCCT691-occt-64/inc/NCollection_DefineHArray1.hxx
+M NCollection:pubinclude:NCollection_DefineArray2.hxx /misc/dn61/LocalWOK/wok_entities/LOC/dev/CR0-OCCT691-7-CR0-OCCT691-occt-64/inc/NCollection_DefineArray2.hxx
+M NCollection:pubinclude:NCollection_DefineHArray2.hxx /misc/dn61/LocalWOK/wok_entities/LOC/dev/CR0-OCCT691-7-CR0-OCCT691-occt-64/inc/NCollection_DefineHArray2.hxx
+M NCollection:pubinclude:NCollection_DefineList.hxx /misc/dn61/LocalWOK/wok_entities/LOC/dev/CR0-OCCT691-7-CR0-OCCT691-occt-64/inc/NCollection_DefineList.hxx
+M NCollection:pubinclude:NCollection_DefineMap.hxx /misc/dn61/LocalWOK/wok_entities/LOC/dev/CR0-OCCT691-7-CR0-OCCT691-occt-64/inc/NCollection_DefineMap.hxx
+M NCollection:pubinclude:NCollection_DefineDataMap.hxx /misc/dn61/LocalWOK/wok_entities/LOC/dev/CR0-OCCT691-7-CR0-OCCT691-occt-64/inc/NCollection_DefineDataMap.hxx
+M NCollection:pubinclude:NCollection_DefineDoubleMap.hxx /misc/dn61/LocalWOK/wok_entities/LOC/dev/CR0-OCCT691-7-CR0-OCCT691-occt-64/inc/NCollection_DefineDoubleMap.hxx
+M NCollection:pubinclude:NCollection_DefineIndexedMap.hxx /misc/dn61/LocalWOK/wok_entities/LOC/dev/CR0-OCCT691-7-CR0-OCCT691-occt-64/inc/NCollection_DefineIndexedMap.hxx
+M NCollection:pubinclude:NCollection_DefineIndexedDataMap.hxx /misc/dn61/LocalWOK/wok_entities/LOC/dev/CR0-OCCT691-7-CR0-OCCT691-occt-64/inc/NCollection_DefineIndexedDataMap.hxx
+M NCollection:pubinclude:NCollection_DefineSequence.hxx /misc/dn61/LocalWOK/wok_entities/LOC/dev/CR0-OCCT691-7-CR0-OCCT691-occt-64/inc/NCollection_DefineSequence.hxx
+M NCollection:pubinclude:NCollection_DefineHSequence.hxx /misc/dn61/LocalWOK/wok_entities/LOC/dev/CR0-OCCT691-7-CR0-OCCT691-occt-64/inc/NCollection_DefineHSequence.hxx
+M NCollection:pubinclude:NCollection_BaseVector.hxx /misc/dn61/LocalWOK/wok_entities/LOC/dev/CR0-OCCT691-7-CR0-OCCT691-occt-64/inc/NCollection_BaseVector.hxx
+M NCollection:pubinclude:NCollection_Vector.hxx /misc/dn61/LocalWOK/wok_entities/LOC/dev/CR0-OCCT691-7-CR0-OCCT691-occt-64/inc/NCollection_Vector.hxx
+M NCollection:pubinclude:NCollection_DefineVector.hxx /misc/dn61/LocalWOK/wok_entities/LOC/dev/CR0-OCCT691-7-CR0-OCCT691-occt-64/inc/NCollection_DefineVector.hxx
+M NCollection:pubinclude:NCollection_EBTree.hxx /misc/dn61/LocalWOK/wok_entities/LOC/dev/CR0-OCCT691-7-CR0-OCCT691-occt-64/inc/NCollection_EBTree.hxx
+M NCollection:pubinclude:NCollection_UBTree.hxx /misc/dn61/LocalWOK/wok_entities/LOC/dev/CR0-OCCT691-7-CR0-OCCT691-occt-64/inc/NCollection_UBTree.hxx
+M NCollection:pubinclude:NCollection_UBTreeFiller.hxx /misc/dn61/LocalWOK/wok_entities/LOC/dev/CR0-OCCT691-7-CR0-OCCT691-occt-64/inc/NCollection_UBTreeFiller.hxx
+M NCollection:pubinclude:NCollection_UtfIterator.hxx /misc/dn61/LocalWOK/wok_entities/LOC/dev/CR0-OCCT691-7-CR0-OCCT691-occt-64/inc/NCollection_UtfIterator.hxx
+M NCollection:pubinclude:NCollection_UtfIterator.lxx /misc/dn61/LocalWOK/wok_entities/LOC/dev/CR0-OCCT691-7-CR0-OCCT691-occt-64/inc/NCollection_UtfIterator.lxx
+M NCollection:pubinclude:NCollection_UtfString.hxx /misc/dn61/LocalWOK/wok_entities/LOC/dev/CR0-OCCT691-7-CR0-OCCT691-occt-64/inc/NCollection_UtfString.hxx
+M NCollection:pubinclude:NCollection_UtfString.lxx /misc/dn61/LocalWOK/wok_entities/LOC/dev/CR0-OCCT691-7-CR0-OCCT691-occt-64/inc/NCollection_UtfString.lxx
+M NCollection:pubinclude:NCollection_String.hxx /misc/dn61/LocalWOK/wok_entities/LOC/dev/CR0-OCCT691-7-CR0-OCCT691-occt-64/inc/NCollection_String.hxx
+M NCollection:pubinclude:NCollection_LocalArray.hxx /misc/dn61/LocalWOK/wok_entities/LOC/dev/CR0-OCCT691-7-CR0-OCCT691-occt-64/inc/NCollection_LocalArray.hxx
+M NCollection:pubinclude:NCollection_SparseArray.hxx /misc/dn61/LocalWOK/wok_entities/LOC/dev/CR0-OCCT691-7-CR0-OCCT691-occt-64/inc/NCollection_SparseArray.hxx
+M NCollection:pubinclude:NCollection_SparseArrayBase.hxx /misc/dn61/LocalWOK/wok_entities/LOC/dev/CR0-OCCT691-7-CR0-OCCT691-occt-64/inc/NCollection_SparseArrayBase.hxx
+M NCollection:pubinclude:NCollection_CellFilter.hxx /misc/dn61/LocalWOK/wok_entities/LOC/dev/CR0-OCCT691-7-CR0-OCCT691-occt-64/inc/NCollection_CellFilter.hxx
+M NCollection:pubinclude:NCollection_Handle.hxx /misc/dn61/LocalWOK/wok_entities/LOC/dev/CR0-OCCT691-7-CR0-OCCT691-occt-64/inc/NCollection_Handle.hxx
+M NCollection:pubinclude:NCollection_Comparator.hxx /misc/dn61/LocalWOK/wok_entities/LOC/dev/CR0-OCCT691-7-CR0-OCCT691-occt-64/inc/NCollection_Comparator.hxx
+M NCollection:pubinclude:NCollection_QuickSort.hxx /misc/dn61/LocalWOK/wok_entities/LOC/dev/CR0-OCCT691-7-CR0-OCCT691-occt-64/inc/NCollection_QuickSort.hxx
+M NCollection:pubinclude:NCollection_Haft.h /misc/dn61/LocalWOK/wok_entities/LOC/dev/CR0-OCCT691-7-CR0-OCCT691-occt-64/inc/NCollection_Haft.h
+M NCollection:pubinclude:NCollection_DefaultHasher.hxx /misc/dn61/LocalWOK/wok_entities/LOC/dev/CR0-OCCT691-7-CR0-OCCT691-occt-64/inc/NCollection_DefaultHasher.hxx
+M NCollection:pubinclude:NCollection_DefineAlloc.hxx /misc/dn61/LocalWOK/wok_entities/LOC/dev/CR0-OCCT691-7-CR0-OCCT691-occt-64/inc/NCollection_DefineAlloc.hxx
+M NCollection:pubinclude:NCollection_Buffer.hxx /misc/dn61/LocalWOK/wok_entities/LOC/dev/CR0-OCCT691-7-CR0-OCCT691-occt-64/inc/NCollection_Buffer.hxx
+M NCollection:pubinclude:NCollection_Vec2.hxx /misc/dn61/LocalWOK/wok_entities/LOC/dev/CR0-OCCT691-7-CR0-OCCT691-occt-64/inc/NCollection_Vec2.hxx
+M NCollection:pubinclude:NCollection_Vec3.hxx /misc/dn61/LocalWOK/wok_entities/LOC/dev/CR0-OCCT691-7-CR0-OCCT691-occt-64/inc/NCollection_Vec3.hxx
+M NCollection:pubinclude:NCollection_Vec4.hxx /misc/dn61/LocalWOK/wok_entities/LOC/dev/CR0-OCCT691-7-CR0-OCCT691-occt-64/inc/NCollection_Vec4.hxx
+M NCollection:pubinclude:NCollection_Mat4.hxx /misc/dn61/LocalWOK/wok_entities/LOC/dev/CR0-OCCT691-7-CR0-OCCT691-occt-64/inc/NCollection_Mat4.hxx
+M NCollection:pubinclude:NCollection_StlIterator.hxx /misc/dn61/LocalWOK/wok_entities/LOC/dev/CR0-OCCT691-7-CR0-OCCT691-occt-64/inc/NCollection_StlIterator.hxx
+M NCollection:dbadmfile:NCollection_obj_inc.In /misc/dn61/LocalWOK/wok_entities/LOC/dev/CR0-OCCT691-7-CR0-OCCT691-occt-64/drv/NCollection/.adm/NCollection_obj_inc.In
+M NCollection:dbadmfile:NCollection_obj_inc.Out /misc/dn61/LocalWOK/wok_entities/LOC/dev/CR0-OCCT691-7-CR0-OCCT691-occt-64/drv/NCollection/.adm/NCollection_obj_inc.Out
+M NCollection:dbadmfile:NCollection_obj_inc.Dep /misc/dn61/LocalWOK/wok_entities/LOC/dev/CR0-OCCT691-7-CR0-OCCT691-occt-64/drv/NCollection/.adm/NCollection_obj_inc.Dep
