+M StdPrs:pubinclude:StdPrs_ToolPoint.hxx /misc/dn61/LocalWOK/wok_entities/LOC/dev/CR0-OCCT691-7-CR0-OCCT691-occt-64/inc/StdPrs_ToolPoint.hxx
+M StdPrs:privinclude:StdPrs_ToolPoint.jxx /misc/dn61/LocalWOK/wok_entities/LOC/dev/CR0-OCCT691-7-CR0-OCCT691-occt-64/drv/StdPrs/StdPrs_ToolPoint.jxx
+M StdPrs:privinclude:StdPrs_ToolPoint.ixx /misc/dn61/LocalWOK/wok_entities/LOC/dev/CR0-OCCT691-7-CR0-OCCT691-occt-64/drv/StdPrs/StdPrs_ToolPoint.ixx
+M StdPrs:pubinclude:StdPrs_ToolVertex.hxx /misc/dn61/LocalWOK/wok_entities/LOC/dev/CR0-OCCT691-7-CR0-OCCT691-occt-64/inc/StdPrs_ToolVertex.hxx
+M StdPrs:privinclude:StdPrs_ToolVertex.jxx /misc/dn61/LocalWOK/wok_entities/LOC/dev/CR0-OCCT691-7-CR0-OCCT691-occt-64/drv/StdPrs/StdPrs_ToolVertex.jxx
+M StdPrs:privinclude:StdPrs_ToolVertex.ixx /misc/dn61/LocalWOK/wok_entities/LOC/dev/CR0-OCCT691-7-CR0-OCCT691-occt-64/drv/StdPrs/StdPrs_ToolVertex.ixx
+M StdPrs:pubinclude:StdPrs_ToolRFace.hxx /misc/dn61/LocalWOK/wok_entities/LOC/dev/CR0-OCCT691-7-CR0-OCCT691-occt-64/inc/StdPrs_ToolRFace.hxx
+M StdPrs:privinclude:StdPrs_ToolRFace.jxx /misc/dn61/LocalWOK/wok_entities/LOC/dev/CR0-OCCT691-7-CR0-OCCT691-occt-64/drv/StdPrs/StdPrs_ToolRFace.jxx
+M StdPrs:privinclude:StdPrs_ToolRFace.ixx /misc/dn61/LocalWOK/wok_entities/LOC/dev/CR0-OCCT691-7-CR0-OCCT691-occt-64/drv/StdPrs/StdPrs_ToolRFace.ixx
+M StdPrs:pubinclude:StdPrs_HLRToolShape.hxx /misc/dn61/LocalWOK/wok_entities/LOC/dev/CR0-OCCT691-7-CR0-OCCT691-occt-64/inc/StdPrs_HLRToolShape.hxx
+M StdPrs:privinclude:StdPrs_HLRToolShape.jxx /misc/dn61/LocalWOK/wok_entities/LOC/dev/CR0-OCCT691-7-CR0-OCCT691-occt-64/drv/StdPrs/StdPrs_HLRToolShape.jxx
+M StdPrs:privinclude:StdPrs_HLRToolShape.ixx /misc/dn61/LocalWOK/wok_entities/LOC/dev/CR0-OCCT691-7-CR0-OCCT691-occt-64/drv/StdPrs/StdPrs_HLRToolShape.ixx
+M StdPrs:pubinclude:StdPrs_ShadedShape.hxx /misc/dn61/LocalWOK/wok_entities/LOC/dev/CR0-OCCT691-7-CR0-OCCT691-occt-64/inc/StdPrs_ShadedShape.hxx
+M StdPrs:privinclude:StdPrs_ShadedShape.jxx /misc/dn61/LocalWOK/wok_entities/LOC/dev/CR0-OCCT691-7-CR0-OCCT691-occt-64/drv/StdPrs/StdPrs_ShadedShape.jxx
+M StdPrs:privinclude:StdPrs_ShadedShape.ixx /misc/dn61/LocalWOK/wok_entities/LOC/dev/CR0-OCCT691-7-CR0-OCCT691-occt-64/drv/StdPrs/StdPrs_ShadedShape.ixx
+M StdPrs:pubinclude:StdPrs_PoleCurve.hxx /misc/dn61/LocalWOK/wok_entities/LOC/dev/CR0-OCCT691-7-CR0-OCCT691-occt-64/inc/StdPrs_PoleCurve.hxx
+M StdPrs:privinclude:StdPrs_PoleCurve.jxx /misc/dn61/LocalWOK/wok_entities/LOC/dev/CR0-OCCT691-7-CR0-OCCT691-occt-64/drv/StdPrs/StdPrs_PoleCurve.jxx
+M StdPrs:privinclude:StdPrs_PoleCurve.ixx /misc/dn61/LocalWOK/wok_entities/LOC/dev/CR0-OCCT691-7-CR0-OCCT691-occt-64/drv/StdPrs/StdPrs_PoleCurve.ixx
+M StdPrs:pubinclude:StdPrs_Plane.hxx /misc/dn61/LocalWOK/wok_entities/LOC/dev/CR0-OCCT691-7-CR0-OCCT691-occt-64/inc/StdPrs_Plane.hxx
+M StdPrs:privinclude:StdPrs_Plane.jxx /misc/dn61/LocalWOK/wok_entities/LOC/dev/CR0-OCCT691-7-CR0-OCCT691-occt-64/drv/StdPrs/StdPrs_Plane.jxx
+M StdPrs:privinclude:StdPrs_Plane.ixx /misc/dn61/LocalWOK/wok_entities/LOC/dev/CR0-OCCT691-7-CR0-OCCT691-occt-64/drv/StdPrs/StdPrs_Plane.ixx
+M StdPrs:pubinclude:StdPrs_WFPoleSurface.hxx /misc/dn61/LocalWOK/wok_entities/LOC/dev/CR0-OCCT691-7-CR0-OCCT691-occt-64/inc/StdPrs_WFPoleSurface.hxx
+M StdPrs:privinclude:StdPrs_WFPoleSurface.jxx /misc/dn61/LocalWOK/wok_entities/LOC/dev/CR0-OCCT691-7-CR0-OCCT691-occt-64/drv/StdPrs/StdPrs_WFPoleSurface.jxx
+M StdPrs:privinclude:StdPrs_WFPoleSurface.ixx /misc/dn61/LocalWOK/wok_entities/LOC/dev/CR0-OCCT691-7-CR0-OCCT691-occt-64/drv/StdPrs/StdPrs_WFPoleSurface.ixx
+M StdPrs:pubinclude:StdPrs_DeflectionCurve.hxx /misc/dn61/LocalWOK/wok_entities/LOC/dev/CR0-OCCT691-7-CR0-OCCT691-occt-64/inc/StdPrs_DeflectionCurve.hxx
+M StdPrs:privinclude:StdPrs_DeflectionCurve.jxx /misc/dn61/LocalWOK/wok_entities/LOC/dev/CR0-OCCT691-7-CR0-OCCT691-occt-64/drv/StdPrs/StdPrs_DeflectionCurve.jxx
+M StdPrs:privinclude:StdPrs_DeflectionCurve.ixx /misc/dn61/LocalWOK/wok_entities/LOC/dev/CR0-OCCT691-7-CR0-OCCT691-occt-64/drv/StdPrs/StdPrs_DeflectionCurve.ixx
+M StdPrs:pubinclude:StdPrs_WFDeflectionSurface.hxx /misc/dn61/LocalWOK/wok_entities/LOC/dev/CR0-OCCT691-7-CR0-OCCT691-occt-64/inc/StdPrs_WFDeflectionSurface.hxx
+M StdPrs:privinclude:StdPrs_WFDeflectionSurface.jxx /misc/dn61/LocalWOK/wok_entities/LOC/dev/CR0-OCCT691-7-CR0-OCCT691-occt-64/drv/StdPrs/StdPrs_WFDeflectionSurface.jxx
+M StdPrs:privinclude:StdPrs_WFDeflectionSurface.ixx /misc/dn61/LocalWOK/wok_entities/LOC/dev/CR0-OCCT691-7-CR0-OCCT691-occt-64/drv/StdPrs/StdPrs_WFDeflectionSurface.ixx
+M StdPrs:pubinclude:StdPrs_ShadedSurface.hxx /misc/dn61/LocalWOK/wok_entities/LOC/dev/CR0-OCCT691-7-CR0-OCCT691-occt-64/inc/StdPrs_ShadedSurface.hxx
+M StdPrs:privinclude:StdPrs_ShadedSurface.jxx /misc/dn61/LocalWOK/wok_entities/LOC/dev/CR0-OCCT691-7-CR0-OCCT691-occt-64/drv/StdPrs/StdPrs_ShadedSurface.jxx
+M StdPrs:privinclude:StdPrs_ShadedSurface.ixx /misc/dn61/LocalWOK/wok_entities/LOC/dev/CR0-OCCT691-7-CR0-OCCT691-occt-64/drv/StdPrs/StdPrs_ShadedSurface.ixx
+M StdPrs:pubinclude:StdPrs_WFDeflectionRestrictedFace.hxx /misc/dn61/LocalWOK/wok_entities/LOC/dev/CR0-OCCT691-7-CR0-OCCT691-occt-64/inc/StdPrs_WFDeflectionRestrictedFace.hxx
+M StdPrs:privinclude:StdPrs_WFDeflectionRestrictedFace.jxx /misc/dn61/LocalWOK/wok_entities/LOC/dev/CR0-OCCT691-7-CR0-OCCT691-occt-64/drv/StdPrs/StdPrs_WFDeflectionRestrictedFace.jxx
+M StdPrs:privinclude:StdPrs_WFDeflectionRestrictedFace.ixx /misc/dn61/LocalWOK/wok_entities/LOC/dev/CR0-OCCT691-7-CR0-OCCT691-occt-64/drv/StdPrs/StdPrs_WFDeflectionRestrictedFace.ixx
+M StdPrs:pubinclude:StdPrs_Curve.hxx /misc/dn61/LocalWOK/wok_entities/LOC/dev/CR0-OCCT691-7-CR0-OCCT691-occt-64/inc/StdPrs_Curve.hxx
+M StdPrs:privinclude:StdPrs_Curve.jxx /misc/dn61/LocalWOK/wok_entities/LOC/dev/CR0-OCCT691-7-CR0-OCCT691-occt-64/drv/StdPrs/StdPrs_Curve.jxx
+M StdPrs:privinclude:StdPrs_Curve.ixx /misc/dn61/LocalWOK/wok_entities/LOC/dev/CR0-OCCT691-7-CR0-OCCT691-occt-64/drv/StdPrs/StdPrs_Curve.ixx
+M StdPrs:pubinclude:StdPrs_WFSurface.hxx /misc/dn61/LocalWOK/wok_entities/LOC/dev/CR0-OCCT691-7-CR0-OCCT691-occt-64/inc/StdPrs_WFSurface.hxx
+M StdPrs:privinclude:StdPrs_WFSurface.jxx /misc/dn61/LocalWOK/wok_entities/LOC/dev/CR0-OCCT691-7-CR0-OCCT691-occt-64/drv/StdPrs/StdPrs_WFSurface.jxx
+M StdPrs:privinclude:StdPrs_WFSurface.ixx /misc/dn61/LocalWOK/wok_entities/LOC/dev/CR0-OCCT691-7-CR0-OCCT691-occt-64/drv/StdPrs/StdPrs_WFSurface.ixx
+M StdPrs:pubinclude:StdPrs_HLRPolyShape.hxx /misc/dn61/LocalWOK/wok_entities/LOC/dev/CR0-OCCT691-7-CR0-OCCT691-occt-64/inc/StdPrs_HLRPolyShape.hxx
+M StdPrs:privinclude:StdPrs_HLRPolyShape.jxx /misc/dn61/LocalWOK/wok_entities/LOC/dev/CR0-OCCT691-7-CR0-OCCT691-occt-64/drv/StdPrs/StdPrs_HLRPolyShape.jxx
+M StdPrs:privinclude:StdPrs_HLRPolyShape.ixx /misc/dn61/LocalWOK/wok_entities/LOC/dev/CR0-OCCT691-7-CR0-OCCT691-occt-64/drv/StdPrs/StdPrs_HLRPolyShape.ixx
+M StdPrs:pubinclude:StdPrs_Volume.hxx /misc/dn61/LocalWOK/wok_entities/LOC/dev/CR0-OCCT691-7-CR0-OCCT691-occt-64/inc/StdPrs_Volume.hxx
+M StdPrs:dbadmfile:StdPrs_xcpp_header.In /misc/dn61/LocalWOK/wok_entities/LOC/dev/CR0-OCCT691-7-CR0-OCCT691-occt-64/drv/StdPrs/.adm/StdPrs_xcpp_header.In
+M StdPrs:dbadmfile:StdPrs_xcpp_header.Out /misc/dn61/LocalWOK/wok_entities/LOC/dev/CR0-OCCT691-7-CR0-OCCT691-occt-64/drv/StdPrs/.adm/StdPrs_xcpp_header.Out
+M StdPrs:dbadmfile:StdPrs_xcpp_header.Dep /misc/dn61/LocalWOK/wok_entities/LOC/dev/CR0-OCCT691-7-CR0-OCCT691-occt-64/drv/StdPrs/.adm/StdPrs_xcpp_header.Dep
