+M BinMXCAFDoc:pubinclude:BinMXCAFDoc.hxx /misc/dn61/LocalWOK/wok_entities/LOC/dev/CR0-OCCT691-7-CR0-OCCT691-occt-64/inc/BinMXCAFDoc.hxx
+M BinMXCAFDoc:privinclude:BinMXCAFDoc.jxx /misc/dn61/LocalWOK/wok_entities/LOC/dev/CR0-OCCT691-7-CR0-OCCT691-occt-64/drv/BinMXCAFDoc/BinMXCAFDoc.jxx
+M BinMXCAFDoc:privinclude:BinMXCAFDoc.ixx /misc/dn61/LocalWOK/wok_entities/LOC/dev/CR0-OCCT691-7-CR0-OCCT691-occt-64/drv/BinMXCAFDoc/BinMXCAFDoc.ixx
+M BinMXCAFDoc:pubinclude:Handle_BinMXCAFDoc_AreaDriver.hxx /misc/dn61/LocalWOK/wok_entities/LOC/dev/CR0-OCCT691-7-CR0-OCCT691-occt-64/inc/Handle_BinMXCAFDoc_AreaDriver.hxx
+M BinMXCAFDoc:pubinclude:BinMXCAFDoc_AreaDriver.hxx /misc/dn61/LocalWOK/wok_entities/LOC/dev/CR0-OCCT691-7-CR0-OCCT691-occt-64/inc/BinMXCAFDoc_AreaDriver.hxx
+M BinMXCAFDoc:privinclude:BinMXCAFDoc_AreaDriver.jxx /misc/dn61/LocalWOK/wok_entities/LOC/dev/CR0-OCCT691-7-CR0-OCCT691-occt-64/drv/BinMXCAFDoc/BinMXCAFDoc_AreaDriver.jxx
+M BinMXCAFDoc:privinclude:BinMXCAFDoc_AreaDriver.ixx /misc/dn61/LocalWOK/wok_entities/LOC/dev/CR0-OCCT691-7-CR0-OCCT691-occt-64/drv/BinMXCAFDoc/BinMXCAFDoc_AreaDriver.ixx
+M BinMXCAFDoc:pubinclude:Handle_BinMXCAFDoc_CentroidDriver.hxx /misc/dn61/LocalWOK/wok_entities/LOC/dev/CR0-OCCT691-7-CR0-OCCT691-occt-64/inc/Handle_BinMXCAFDoc_CentroidDriver.hxx
+M BinMXCAFDoc:pubinclude:BinMXCAFDoc_CentroidDriver.hxx /misc/dn61/LocalWOK/wok_entities/LOC/dev/CR0-OCCT691-7-CR0-OCCT691-occt-64/inc/BinMXCAFDoc_CentroidDriver.hxx
+M BinMXCAFDoc:privinclude:BinMXCAFDoc_CentroidDriver.jxx /misc/dn61/LocalWOK/wok_entities/LOC/dev/CR0-OCCT691-7-CR0-OCCT691-occt-64/drv/BinMXCAFDoc/BinMXCAFDoc_CentroidDriver.jxx
+M BinMXCAFDoc:privinclude:BinMXCAFDoc_CentroidDriver.ixx /misc/dn61/LocalWOK/wok_entities/LOC/dev/CR0-OCCT691-7-CR0-OCCT691-occt-64/drv/BinMXCAFDoc/BinMXCAFDoc_CentroidDriver.ixx
+M BinMXCAFDoc:pubinclude:Handle_BinMXCAFDoc_ColorDriver.hxx /misc/dn61/LocalWOK/wok_entities/LOC/dev/CR0-OCCT691-7-CR0-OCCT691-occt-64/inc/Handle_BinMXCAFDoc_ColorDriver.hxx
+M BinMXCAFDoc:pubinclude:BinMXCAFDoc_ColorDriver.hxx /misc/dn61/LocalWOK/wok_entities/LOC/dev/CR0-OCCT691-7-CR0-OCCT691-occt-64/inc/BinMXCAFDoc_ColorDriver.hxx
+M BinMXCAFDoc:privinclude:BinMXCAFDoc_ColorDriver.jxx /misc/dn61/LocalWOK/wok_entities/LOC/dev/CR0-OCCT691-7-CR0-OCCT691-occt-64/drv/BinMXCAFDoc/BinMXCAFDoc_ColorDriver.jxx
+M BinMXCAFDoc:privinclude:BinMXCAFDoc_ColorDriver.ixx /misc/dn61/LocalWOK/wok_entities/LOC/dev/CR0-OCCT691-7-CR0-OCCT691-occt-64/drv/BinMXCAFDoc/BinMXCAFDoc_ColorDriver.ixx
+M BinMXCAFDoc:pubinclude:Handle_BinMXCAFDoc_GraphNodeDriver.hxx /misc/dn61/LocalWOK/wok_entities/LOC/dev/CR0-OCCT691-7-CR0-OCCT691-occt-64/inc/Handle_BinMXCAFDoc_GraphNodeDriver.hxx
+M BinMXCAFDoc:pubinclude:BinMXCAFDoc_GraphNodeDriver.hxx /misc/dn61/LocalWOK/wok_entities/LOC/dev/CR0-OCCT691-7-CR0-OCCT691-occt-64/inc/BinMXCAFDoc_GraphNodeDriver.hxx
+M BinMXCAFDoc:privinclude:BinMXCAFDoc_GraphNodeDriver.jxx /misc/dn61/LocalWOK/wok_entities/LOC/dev/CR0-OCCT691-7-CR0-OCCT691-occt-64/drv/BinMXCAFDoc/BinMXCAFDoc_GraphNodeDriver.jxx
+M BinMXCAFDoc:privinclude:BinMXCAFDoc_GraphNodeDriver.ixx /misc/dn61/LocalWOK/wok_entities/LOC/dev/CR0-OCCT691-7-CR0-OCCT691-occt-64/drv/BinMXCAFDoc/BinMXCAFDoc_GraphNodeDriver.ixx
+M BinMXCAFDoc:pubinclude:Handle_BinMXCAFDoc_LocationDriver.hxx /misc/dn61/LocalWOK/wok_entities/LOC/dev/CR0-OCCT691-7-CR0-OCCT691-occt-64/inc/Handle_BinMXCAFDoc_LocationDriver.hxx
+M BinMXCAFDoc:pubinclude:BinMXCAFDoc_LocationDriver.hxx /misc/dn61/LocalWOK/wok_entities/LOC/dev/CR0-OCCT691-7-CR0-OCCT691-occt-64/inc/BinMXCAFDoc_LocationDriver.hxx
+M BinMXCAFDoc:privinclude:BinMXCAFDoc_LocationDriver.jxx /misc/dn61/LocalWOK/wok_entities/LOC/dev/CR0-OCCT691-7-CR0-OCCT691-occt-64/drv/BinMXCAFDoc/BinMXCAFDoc_LocationDriver.jxx
+M BinMXCAFDoc:privinclude:BinMXCAFDoc_LocationDriver.ixx /misc/dn61/LocalWOK/wok_entities/LOC/dev/CR0-OCCT691-7-CR0-OCCT691-occt-64/drv/BinMXCAFDoc/BinMXCAFDoc_LocationDriver.ixx
+M BinMXCAFDoc:pubinclude:Handle_BinMXCAFDoc_VolumeDriver.hxx /misc/dn61/LocalWOK/wok_entities/LOC/dev/CR0-OCCT691-7-CR0-OCCT691-occt-64/inc/Handle_BinMXCAFDoc_VolumeDriver.hxx
+M BinMXCAFDoc:pubinclude:BinMXCAFDoc_VolumeDriver.hxx /misc/dn61/LocalWOK/wok_entities/LOC/dev/CR0-OCCT691-7-CR0-OCCT691-occt-64/inc/BinMXCAFDoc_VolumeDriver.hxx
+M BinMXCAFDoc:privinclude:BinMXCAFDoc_VolumeDriver.jxx /misc/dn61/LocalWOK/wok_entities/LOC/dev/CR0-OCCT691-7-CR0-OCCT691-occt-64/drv/BinMXCAFDoc/BinMXCAFDoc_VolumeDriver.jxx
+M BinMXCAFDoc:privinclude:BinMXCAFDoc_VolumeDriver.ixx /misc/dn61/LocalWOK/wok_entities/LOC/dev/CR0-OCCT691-7-CR0-OCCT691-occt-64/drv/BinMXCAFDoc/BinMXCAFDoc_VolumeDriver.ixx
+M BinMXCAFDoc:pubinclude:Handle_BinMXCAFDoc_DatumDriver.hxx /misc/dn61/LocalWOK/wok_entities/LOC/dev/CR0-OCCT691-7-CR0-OCCT691-occt-64/inc/Handle_BinMXCAFDoc_DatumDriver.hxx
+M BinMXCAFDoc:pubinclude:BinMXCAFDoc_DatumDriver.hxx /misc/dn61/LocalWOK/wok_entities/LOC/dev/CR0-OCCT691-7-CR0-OCCT691-occt-64/inc/BinMXCAFDoc_DatumDriver.hxx
+M BinMXCAFDoc:privinclude:BinMXCAFDoc_DatumDriver.jxx /misc/dn61/LocalWOK/wok_entities/LOC/dev/CR0-OCCT691-7-CR0-OCCT691-occt-64/drv/BinMXCAFDoc/BinMXCAFDoc_DatumDriver.jxx
+M BinMXCAFDoc:privinclude:BinMXCAFDoc_DatumDriver.ixx /misc/dn61/LocalWOK/wok_entities/LOC/dev/CR0-OCCT691-7-CR0-OCCT691-occt-64/drv/BinMXCAFDoc/BinMXCAFDoc_DatumDriver.ixx
+M BinMXCAFDoc:pubinclude:Handle_BinMXCAFDoc_DimTolDriver.hxx /misc/dn61/LocalWOK/wok_entities/LOC/dev/CR0-OCCT691-7-CR0-OCCT691-occt-64/inc/Handle_BinMXCAFDoc_DimTolDriver.hxx
+M BinMXCAFDoc:pubinclude:BinMXCAFDoc_DimTolDriver.hxx /misc/dn61/LocalWOK/wok_entities/LOC/dev/CR0-OCCT691-7-CR0-OCCT691-occt-64/inc/BinMXCAFDoc_DimTolDriver.hxx
+M BinMXCAFDoc:privinclude:BinMXCAFDoc_DimTolDriver.jxx /misc/dn61/LocalWOK/wok_entities/LOC/dev/CR0-OCCT691-7-CR0-OCCT691-occt-64/drv/BinMXCAFDoc/BinMXCAFDoc_DimTolDriver.jxx
+M BinMXCAFDoc:privinclude:BinMXCAFDoc_DimTolDriver.ixx /misc/dn61/LocalWOK/wok_entities/LOC/dev/CR0-OCCT691-7-CR0-OCCT691-occt-64/drv/BinMXCAFDoc/BinMXCAFDoc_DimTolDriver.ixx
+M BinMXCAFDoc:pubinclude:Handle_BinMXCAFDoc_MaterialDriver.hxx /misc/dn61/LocalWOK/wok_entities/LOC/dev/CR0-OCCT691-7-CR0-OCCT691-occt-64/inc/Handle_BinMXCAFDoc_MaterialDriver.hxx
+M BinMXCAFDoc:pubinclude:BinMXCAFDoc_MaterialDriver.hxx /misc/dn61/LocalWOK/wok_entities/LOC/dev/CR0-OCCT691-7-CR0-OCCT691-occt-64/inc/BinMXCAFDoc_MaterialDriver.hxx
+M BinMXCAFDoc:privinclude:BinMXCAFDoc_MaterialDriver.jxx /misc/dn61/LocalWOK/wok_entities/LOC/dev/CR0-OCCT691-7-CR0-OCCT691-occt-64/drv/BinMXCAFDoc/BinMXCAFDoc_MaterialDriver.jxx
+M BinMXCAFDoc:privinclude:BinMXCAFDoc_MaterialDriver.ixx /misc/dn61/LocalWOK/wok_entities/LOC/dev/CR0-OCCT691-7-CR0-OCCT691-occt-64/drv/BinMXCAFDoc/BinMXCAFDoc_MaterialDriver.ixx
+M BinMXCAFDoc:pubinclude:Handle_BinMXCAFDoc_ColorToolDriver.hxx /misc/dn61/LocalWOK/wok_entities/LOC/dev/CR0-OCCT691-7-CR0-OCCT691-occt-64/inc/Handle_BinMXCAFDoc_ColorToolDriver.hxx
+M BinMXCAFDoc:pubinclude:BinMXCAFDoc_ColorToolDriver.hxx /misc/dn61/LocalWOK/wok_entities/LOC/dev/CR0-OCCT691-7-CR0-OCCT691-occt-64/inc/BinMXCAFDoc_ColorToolDriver.hxx
+M BinMXCAFDoc:privinclude:BinMXCAFDoc_ColorToolDriver.jxx /misc/dn61/LocalWOK/wok_entities/LOC/dev/CR0-OCCT691-7-CR0-OCCT691-occt-64/drv/BinMXCAFDoc/BinMXCAFDoc_ColorToolDriver.jxx
+M BinMXCAFDoc:privinclude:BinMXCAFDoc_ColorToolDriver.ixx /misc/dn61/LocalWOK/wok_entities/LOC/dev/CR0-OCCT691-7-CR0-OCCT691-occt-64/drv/BinMXCAFDoc/BinMXCAFDoc_ColorToolDriver.ixx
+M BinMXCAFDoc:pubinclude:Handle_BinMXCAFDoc_DocumentToolDriver.hxx /misc/dn61/LocalWOK/wok_entities/LOC/dev/CR0-OCCT691-7-CR0-OCCT691-occt-64/inc/Handle_BinMXCAFDoc_DocumentToolDriver.hxx
+M BinMXCAFDoc:pubinclude:BinMXCAFDoc_DocumentToolDriver.hxx /misc/dn61/LocalWOK/wok_entities/LOC/dev/CR0-OCCT691-7-CR0-OCCT691-occt-64/inc/BinMXCAFDoc_DocumentToolDriver.hxx
+M BinMXCAFDoc:privinclude:BinMXCAFDoc_DocumentToolDriver.jxx /misc/dn61/LocalWOK/wok_entities/LOC/dev/CR0-OCCT691-7-CR0-OCCT691-occt-64/drv/BinMXCAFDoc/BinMXCAFDoc_DocumentToolDriver.jxx
+M BinMXCAFDoc:privinclude:BinMXCAFDoc_DocumentToolDriver.ixx /misc/dn61/LocalWOK/wok_entities/LOC/dev/CR0-OCCT691-7-CR0-OCCT691-occt-64/drv/BinMXCAFDoc/BinMXCAFDoc_DocumentToolDriver.ixx
+M BinMXCAFDoc:pubinclude:Handle_BinMXCAFDoc_LayerToolDriver.hxx /misc/dn61/LocalWOK/wok_entities/LOC/dev/CR0-OCCT691-7-CR0-OCCT691-occt-64/inc/Handle_BinMXCAFDoc_LayerToolDriver.hxx
+M BinMXCAFDoc:pubinclude:BinMXCAFDoc_LayerToolDriver.hxx /misc/dn61/LocalWOK/wok_entities/LOC/dev/CR0-OCCT691-7-CR0-OCCT691-occt-64/inc/BinMXCAFDoc_LayerToolDriver.hxx
+M BinMXCAFDoc:privinclude:BinMXCAFDoc_LayerToolDriver.jxx /misc/dn61/LocalWOK/wok_entities/LOC/dev/CR0-OCCT691-7-CR0-OCCT691-occt-64/drv/BinMXCAFDoc/BinMXCAFDoc_LayerToolDriver.jxx
+M BinMXCAFDoc:privinclude:BinMXCAFDoc_LayerToolDriver.ixx /misc/dn61/LocalWOK/wok_entities/LOC/dev/CR0-OCCT691-7-CR0-OCCT691-occt-64/drv/BinMXCAFDoc/BinMXCAFDoc_LayerToolDriver.ixx
+M BinMXCAFDoc:pubinclude:Handle_BinMXCAFDoc_ShapeToolDriver.hxx /misc/dn61/LocalWOK/wok_entities/LOC/dev/CR0-OCCT691-7-CR0-OCCT691-occt-64/inc/Handle_BinMXCAFDoc_ShapeToolDriver.hxx
+M BinMXCAFDoc:pubinclude:BinMXCAFDoc_ShapeToolDriver.hxx /misc/dn61/LocalWOK/wok_entities/LOC/dev/CR0-OCCT691-7-CR0-OCCT691-occt-64/inc/BinMXCAFDoc_ShapeToolDriver.hxx
+M BinMXCAFDoc:privinclude:BinMXCAFDoc_ShapeToolDriver.jxx /misc/dn61/LocalWOK/wok_entities/LOC/dev/CR0-OCCT691-7-CR0-OCCT691-occt-64/drv/BinMXCAFDoc/BinMXCAFDoc_ShapeToolDriver.jxx
+M BinMXCAFDoc:privinclude:BinMXCAFDoc_ShapeToolDriver.ixx /misc/dn61/LocalWOK/wok_entities/LOC/dev/CR0-OCCT691-7-CR0-OCCT691-occt-64/drv/BinMXCAFDoc/BinMXCAFDoc_ShapeToolDriver.ixx
+M BinMXCAFDoc:pubinclude:Handle_BinMXCAFDoc_DimTolToolDriver.hxx /misc/dn61/LocalWOK/wok_entities/LOC/dev/CR0-OCCT691-7-CR0-OCCT691-occt-64/inc/Handle_BinMXCAFDoc_DimTolToolDriver.hxx
+M BinMXCAFDoc:pubinclude:BinMXCAFDoc_DimTolToolDriver.hxx /misc/dn61/LocalWOK/wok_entities/LOC/dev/CR0-OCCT691-7-CR0-OCCT691-occt-64/inc/BinMXCAFDoc_DimTolToolDriver.hxx
+M BinMXCAFDoc:privinclude:BinMXCAFDoc_DimTolToolDriver.jxx /misc/dn61/LocalWOK/wok_entities/LOC/dev/CR0-OCCT691-7-CR0-OCCT691-occt-64/drv/BinMXCAFDoc/BinMXCAFDoc_DimTolToolDriver.jxx
+M BinMXCAFDoc:privinclude:BinMXCAFDoc_DimTolToolDriver.ixx /misc/dn61/LocalWOK/wok_entities/LOC/dev/CR0-OCCT691-7-CR0-OCCT691-occt-64/drv/BinMXCAFDoc/BinMXCAFDoc_DimTolToolDriver.ixx
+M BinMXCAFDoc:pubinclude:Handle_BinMXCAFDoc_MaterialToolDriver.hxx /misc/dn61/LocalWOK/wok_entities/LOC/dev/CR0-OCCT691-7-CR0-OCCT691-occt-64/inc/Handle_BinMXCAFDoc_MaterialToolDriver.hxx
+M BinMXCAFDoc:pubinclude:BinMXCAFDoc_MaterialToolDriver.hxx /misc/dn61/LocalWOK/wok_entities/LOC/dev/CR0-OCCT691-7-CR0-OCCT691-occt-64/inc/BinMXCAFDoc_MaterialToolDriver.hxx
+M BinMXCAFDoc:privinclude:BinMXCAFDoc_MaterialToolDriver.jxx /misc/dn61/LocalWOK/wok_entities/LOC/dev/CR0-OCCT691-7-CR0-OCCT691-occt-64/drv/BinMXCAFDoc/BinMXCAFDoc_MaterialToolDriver.jxx
+M BinMXCAFDoc:privinclude:BinMXCAFDoc_MaterialToolDriver.ixx /misc/dn61/LocalWOK/wok_entities/LOC/dev/CR0-OCCT691-7-CR0-OCCT691-occt-64/drv/BinMXCAFDoc/BinMXCAFDoc_MaterialToolDriver.ixx
+M BinMXCAFDoc:dbadmfile:BinMXCAFDoc_xcpp_header.In /misc/dn61/LocalWOK/wok_entities/LOC/dev/CR0-OCCT691-7-CR0-OCCT691-occt-64/drv/BinMXCAFDoc/.adm/BinMXCAFDoc_xcpp_header.In
+M BinMXCAFDoc:dbadmfile:BinMXCAFDoc_xcpp_header.Out /misc/dn61/LocalWOK/wok_entities/LOC/dev/CR0-OCCT691-7-CR0-OCCT691-occt-64/drv/BinMXCAFDoc/.adm/BinMXCAFDoc_xcpp_header.Out
+M BinMXCAFDoc:dbadmfile:BinMXCAFDoc_xcpp_header.Dep /misc/dn61/LocalWOK/wok_entities/LOC/dev/CR0-OCCT691-7-CR0-OCCT691-occt-64/drv/BinMXCAFDoc/.adm/BinMXCAFDoc_xcpp_header.Dep
