+M PShort:pubinclude:Handle_PShort_HSequenceOfShortReal.hxx /misc/dn61/LocalWOK/wok_entities/LOC/dev/CR0-OCCT691-7-CR0-OCCT691-occt-64/inc/Handle_PShort_HSequenceOfShortReal.hxx
+M PShort:pubinclude:PShort_HSequenceOfShortReal.hxx /misc/dn61/LocalWOK/wok_entities/LOC/dev/CR0-OCCT691-7-CR0-OCCT691-occt-64/inc/PShort_HSequenceOfShortReal.hxx
+M PShort:derivated:PShort_HSequenceOfShortReal_0.cxx /misc/dn61/LocalWOK/wok_entities/LOC/dev/CR0-OCCT691-7-CR0-OCCT691-occt-64/drv/PShort/PShort_HSequenceOfShortReal_0.cxx
+M PShort:pubinclude:Handle_PShort_HArray1OfShortReal.hxx /misc/dn61/LocalWOK/wok_entities/LOC/dev/CR0-OCCT691-7-CR0-OCCT691-occt-64/inc/Handle_PShort_HArray1OfShortReal.hxx
+M PShort:pubinclude:PShort_HArray1OfShortReal.hxx /misc/dn61/LocalWOK/wok_entities/LOC/dev/CR0-OCCT691-7-CR0-OCCT691-occt-64/inc/PShort_HArray1OfShortReal.hxx
+M PShort:derivated:PShort_HArray1OfShortReal_0.cxx /misc/dn61/LocalWOK/wok_entities/LOC/dev/CR0-OCCT691-7-CR0-OCCT691-occt-64/drv/PShort/PShort_HArray1OfShortReal_0.cxx
+M PShort:pubinclude:Handle_PShort_HArray2OfShortReal.hxx /misc/dn61/LocalWOK/wok_entities/LOC/dev/CR0-OCCT691-7-CR0-OCCT691-occt-64/inc/Handle_PShort_HArray2OfShortReal.hxx
+M PShort:pubinclude:PShort_HArray2OfShortReal.hxx /misc/dn61/LocalWOK/wok_entities/LOC/dev/CR0-OCCT691-7-CR0-OCCT691-occt-64/inc/PShort_HArray2OfShortReal.hxx
+M PShort:derivated:PShort_HArray2OfShortReal_0.cxx /misc/dn61/LocalWOK/wok_entities/LOC/dev/CR0-OCCT691-7-CR0-OCCT691-occt-64/drv/PShort/PShort_HArray2OfShortReal_0.cxx
+M PShort:pubinclude:Handle_PShort_SeqNodeOfHSequenceOfShortReal.hxx /misc/dn61/LocalWOK/wok_entities/LOC/dev/CR0-OCCT691-7-CR0-OCCT691-occt-64/inc/Handle_PShort_SeqNodeOfHSequenceOfShortReal.hxx
+M PShort:pubinclude:PShort_SeqNodeOfHSequenceOfShortReal.hxx /misc/dn61/LocalWOK/wok_entities/LOC/dev/CR0-OCCT691-7-CR0-OCCT691-occt-64/inc/PShort_SeqNodeOfHSequenceOfShortReal.hxx
+M PShort:derivated:PShort_SeqNodeOfHSequenceOfShortReal_0.cxx /misc/dn61/LocalWOK/wok_entities/LOC/dev/CR0-OCCT691-7-CR0-OCCT691-occt-64/drv/PShort/PShort_SeqNodeOfHSequenceOfShortReal_0.cxx
+M PShort:pubinclude:PShort_SeqExplorerOfHSequenceOfShortReal.hxx /misc/dn61/LocalWOK/wok_entities/LOC/dev/CR0-OCCT691-7-CR0-OCCT691-occt-64/inc/PShort_SeqExplorerOfHSequenceOfShortReal.hxx
+M PShort:derivated:PShort_SeqExplorerOfHSequenceOfShortReal_0.cxx /misc/dn61/LocalWOK/wok_entities/LOC/dev/CR0-OCCT691-7-CR0-OCCT691-occt-64/drv/PShort/PShort_SeqExplorerOfHSequenceOfShortReal_0.cxx
+M PShort:pubinclude:Handle_PShort_VArrayNodeOfFieldOfHArray1OfShortReal.hxx /misc/dn61/LocalWOK/wok_entities/LOC/dev/CR0-OCCT691-7-CR0-OCCT691-occt-64/inc/Handle_PShort_VArrayNodeOfFieldOfHArray1OfShortReal.hxx
+M PShort:pubinclude:PShort_VArrayNodeOfFieldOfHArray1OfShortReal.hxx /misc/dn61/LocalWOK/wok_entities/LOC/dev/CR0-OCCT691-7-CR0-OCCT691-occt-64/inc/PShort_VArrayNodeOfFieldOfHArray1OfShortReal.hxx
+M PShort:derivated:PShort_VArrayNodeOfFieldOfHArray1OfShortReal_0.cxx /misc/dn61/LocalWOK/wok_entities/LOC/dev/CR0-OCCT691-7-CR0-OCCT691-occt-64/drv/PShort/PShort_VArrayNodeOfFieldOfHArray1OfShortReal_0.cxx
+M PShort:pubinclude:PShort_VArrayTNodeOfFieldOfHArray1OfShortReal.hxx /misc/dn61/LocalWOK/wok_entities/LOC/dev/CR0-OCCT691-7-CR0-OCCT691-occt-64/inc/PShort_VArrayTNodeOfFieldOfHArray1OfShortReal.hxx
+M PShort:derivated:PShort_VArrayTNodeOfFieldOfHArray1OfShortReal_0.cxx /misc/dn61/LocalWOK/wok_entities/LOC/dev/CR0-OCCT691-7-CR0-OCCT691-occt-64/drv/PShort/PShort_VArrayTNodeOfFieldOfHArray1OfShortReal_0.cxx
+M PShort:pubinclude:PShort_FieldOfHArray1OfShortReal.hxx /misc/dn61/LocalWOK/wok_entities/LOC/dev/CR0-OCCT691-7-CR0-OCCT691-occt-64/inc/PShort_FieldOfHArray1OfShortReal.hxx
+M PShort:derivated:PShort_FieldOfHArray1OfShortReal_0.cxx /misc/dn61/LocalWOK/wok_entities/LOC/dev/CR0-OCCT691-7-CR0-OCCT691-occt-64/drv/PShort/PShort_FieldOfHArray1OfShortReal_0.cxx
+M PShort:pubinclude:Handle_PShort_VArrayNodeOfFieldOfHArray2OfShortReal.hxx /misc/dn61/LocalWOK/wok_entities/LOC/dev/CR0-OCCT691-7-CR0-OCCT691-occt-64/inc/Handle_PShort_VArrayNodeOfFieldOfHArray2OfShortReal.hxx
+M PShort:pubinclude:PShort_VArrayNodeOfFieldOfHArray2OfShortReal.hxx /misc/dn61/LocalWOK/wok_entities/LOC/dev/CR0-OCCT691-7-CR0-OCCT691-occt-64/inc/PShort_VArrayNodeOfFieldOfHArray2OfShortReal.hxx
+M PShort:derivated:PShort_VArrayNodeOfFieldOfHArray2OfShortReal_0.cxx /misc/dn61/LocalWOK/wok_entities/LOC/dev/CR0-OCCT691-7-CR0-OCCT691-occt-64/drv/PShort/PShort_VArrayNodeOfFieldOfHArray2OfShortReal_0.cxx
+M PShort:pubinclude:PShort_VArrayTNodeOfFieldOfHArray2OfShortReal.hxx /misc/dn61/LocalWOK/wok_entities/LOC/dev/CR0-OCCT691-7-CR0-OCCT691-occt-64/inc/PShort_VArrayTNodeOfFieldOfHArray2OfShortReal.hxx
+M PShort:derivated:PShort_VArrayTNodeOfFieldOfHArray2OfShortReal_0.cxx /misc/dn61/LocalWOK/wok_entities/LOC/dev/CR0-OCCT691-7-CR0-OCCT691-occt-64/drv/PShort/PShort_VArrayTNodeOfFieldOfHArray2OfShortReal_0.cxx
+M PShort:pubinclude:PShort_FieldOfHArray2OfShortReal.hxx /misc/dn61/LocalWOK/wok_entities/LOC/dev/CR0-OCCT691-7-CR0-OCCT691-occt-64/inc/PShort_FieldOfHArray2OfShortReal.hxx
+M PShort:derivated:PShort_FieldOfHArray2OfShortReal_0.cxx /misc/dn61/LocalWOK/wok_entities/LOC/dev/CR0-OCCT691-7-CR0-OCCT691-occt-64/drv/PShort/PShort_FieldOfHArray2OfShortReal_0.cxx
+M PShort:dbadmfile:PShort_xcpp_header.In /misc/dn61/LocalWOK/wok_entities/LOC/dev/CR0-OCCT691-7-CR0-OCCT691-occt-64/drv/PShort/.adm/PShort_xcpp_header.In
+M PShort:dbadmfile:PShort_xcpp_header.Out /misc/dn61/LocalWOK/wok_entities/LOC/dev/CR0-OCCT691-7-CR0-OCCT691-occt-64/drv/PShort/.adm/PShort_xcpp_header.Out
+M PShort:dbadmfile:PShort_xcpp_header.Dep /misc/dn61/LocalWOK/wok_entities/LOC/dev/CR0-OCCT691-7-CR0-OCCT691-occt-64/drv/PShort/.adm/PShort_xcpp_header.Dep
