+M Geom2d:pubinclude:Handle_Geom2d_Transformation.hxx /misc/dn61/LocalWOK/wok_entities/LOC/dev/CR0-OCCT691-7-CR0-OCCT691-occt-64/inc/Handle_Geom2d_Transformation.hxx
+M Geom2d:pubinclude:Geom2d_Transformation.hxx /misc/dn61/LocalWOK/wok_entities/LOC/dev/CR0-OCCT691-7-CR0-OCCT691-occt-64/inc/Geom2d_Transformation.hxx
+M Geom2d:privinclude:Geom2d_Transformation.jxx /misc/dn61/LocalWOK/wok_entities/LOC/dev/CR0-OCCT691-7-CR0-OCCT691-occt-64/drv/Geom2d/Geom2d_Transformation.jxx
+M Geom2d:privinclude:Geom2d_Transformation.ixx /misc/dn61/LocalWOK/wok_entities/LOC/dev/CR0-OCCT691-7-CR0-OCCT691-occt-64/drv/Geom2d/Geom2d_Transformation.ixx
+M Geom2d:pubinclude:Handle_Geom2d_Geometry.hxx /misc/dn61/LocalWOK/wok_entities/LOC/dev/CR0-OCCT691-7-CR0-OCCT691-occt-64/inc/Handle_Geom2d_Geometry.hxx
+M Geom2d:pubinclude:Geom2d_Geometry.hxx /misc/dn61/LocalWOK/wok_entities/LOC/dev/CR0-OCCT691-7-CR0-OCCT691-occt-64/inc/Geom2d_Geometry.hxx
+M Geom2d:privinclude:Geom2d_Geometry.jxx /misc/dn61/LocalWOK/wok_entities/LOC/dev/CR0-OCCT691-7-CR0-OCCT691-occt-64/drv/Geom2d/Geom2d_Geometry.jxx
+M Geom2d:privinclude:Geom2d_Geometry.ixx /misc/dn61/LocalWOK/wok_entities/LOC/dev/CR0-OCCT691-7-CR0-OCCT691-occt-64/drv/Geom2d/Geom2d_Geometry.ixx
+M Geom2d:pubinclude:Handle_Geom2d_Point.hxx /misc/dn61/LocalWOK/wok_entities/LOC/dev/CR0-OCCT691-7-CR0-OCCT691-occt-64/inc/Handle_Geom2d_Point.hxx
+M Geom2d:pubinclude:Geom2d_Point.hxx /misc/dn61/LocalWOK/wok_entities/LOC/dev/CR0-OCCT691-7-CR0-OCCT691-occt-64/inc/Geom2d_Point.hxx
+M Geom2d:privinclude:Geom2d_Point.jxx /misc/dn61/LocalWOK/wok_entities/LOC/dev/CR0-OCCT691-7-CR0-OCCT691-occt-64/drv/Geom2d/Geom2d_Point.jxx
+M Geom2d:privinclude:Geom2d_Point.ixx /misc/dn61/LocalWOK/wok_entities/LOC/dev/CR0-OCCT691-7-CR0-OCCT691-occt-64/drv/Geom2d/Geom2d_Point.ixx
+M Geom2d:pubinclude:Handle_Geom2d_CartesianPoint.hxx /misc/dn61/LocalWOK/wok_entities/LOC/dev/CR0-OCCT691-7-CR0-OCCT691-occt-64/inc/Handle_Geom2d_CartesianPoint.hxx
+M Geom2d:pubinclude:Geom2d_CartesianPoint.hxx /misc/dn61/LocalWOK/wok_entities/LOC/dev/CR0-OCCT691-7-CR0-OCCT691-occt-64/inc/Geom2d_CartesianPoint.hxx
+M Geom2d:privinclude:Geom2d_CartesianPoint.jxx /misc/dn61/LocalWOK/wok_entities/LOC/dev/CR0-OCCT691-7-CR0-OCCT691-occt-64/drv/Geom2d/Geom2d_CartesianPoint.jxx
+M Geom2d:privinclude:Geom2d_CartesianPoint.ixx /misc/dn61/LocalWOK/wok_entities/LOC/dev/CR0-OCCT691-7-CR0-OCCT691-occt-64/drv/Geom2d/Geom2d_CartesianPoint.ixx
+M Geom2d:pubinclude:Handle_Geom2d_Vector.hxx /misc/dn61/LocalWOK/wok_entities/LOC/dev/CR0-OCCT691-7-CR0-OCCT691-occt-64/inc/Handle_Geom2d_Vector.hxx
+M Geom2d:pubinclude:Geom2d_Vector.hxx /misc/dn61/LocalWOK/wok_entities/LOC/dev/CR0-OCCT691-7-CR0-OCCT691-occt-64/inc/Geom2d_Vector.hxx
+M Geom2d:privinclude:Geom2d_Vector.jxx /misc/dn61/LocalWOK/wok_entities/LOC/dev/CR0-OCCT691-7-CR0-OCCT691-occt-64/drv/Geom2d/Geom2d_Vector.jxx
+M Geom2d:privinclude:Geom2d_Vector.ixx /misc/dn61/LocalWOK/wok_entities/LOC/dev/CR0-OCCT691-7-CR0-OCCT691-occt-64/drv/Geom2d/Geom2d_Vector.ixx
+M Geom2d:pubinclude:Handle_Geom2d_Direction.hxx /misc/dn61/LocalWOK/wok_entities/LOC/dev/CR0-OCCT691-7-CR0-OCCT691-occt-64/inc/Handle_Geom2d_Direction.hxx
+M Geom2d:pubinclude:Geom2d_Direction.hxx /misc/dn61/LocalWOK/wok_entities/LOC/dev/CR0-OCCT691-7-CR0-OCCT691-occt-64/inc/Geom2d_Direction.hxx
+M Geom2d:privinclude:Geom2d_Direction.jxx /misc/dn61/LocalWOK/wok_entities/LOC/dev/CR0-OCCT691-7-CR0-OCCT691-occt-64/drv/Geom2d/Geom2d_Direction.jxx
+M Geom2d:privinclude:Geom2d_Direction.ixx /misc/dn61/LocalWOK/wok_entities/LOC/dev/CR0-OCCT691-7-CR0-OCCT691-occt-64/drv/Geom2d/Geom2d_Direction.ixx
+M Geom2d:pubinclude:Handle_Geom2d_VectorWithMagnitude.hxx /misc/dn61/LocalWOK/wok_entities/LOC/dev/CR0-OCCT691-7-CR0-OCCT691-occt-64/inc/Handle_Geom2d_VectorWithMagnitude.hxx
+M Geom2d:pubinclude:Geom2d_VectorWithMagnitude.hxx /misc/dn61/LocalWOK/wok_entities/LOC/dev/CR0-OCCT691-7-CR0-OCCT691-occt-64/inc/Geom2d_VectorWithMagnitude.hxx
+M Geom2d:privinclude:Geom2d_VectorWithMagnitude.jxx /misc/dn61/LocalWOK/wok_entities/LOC/dev/CR0-OCCT691-7-CR0-OCCT691-occt-64/drv/Geom2d/Geom2d_VectorWithMagnitude.jxx
+M Geom2d:privinclude:Geom2d_VectorWithMagnitude.ixx /misc/dn61/LocalWOK/wok_entities/LOC/dev/CR0-OCCT691-7-CR0-OCCT691-occt-64/drv/Geom2d/Geom2d_VectorWithMagnitude.ixx
+M Geom2d:pubinclude:Handle_Geom2d_AxisPlacement.hxx /misc/dn61/LocalWOK/wok_entities/LOC/dev/CR0-OCCT691-7-CR0-OCCT691-occt-64/inc/Handle_Geom2d_AxisPlacement.hxx
+M Geom2d:pubinclude:Geom2d_AxisPlacement.hxx /misc/dn61/LocalWOK/wok_entities/LOC/dev/CR0-OCCT691-7-CR0-OCCT691-occt-64/inc/Geom2d_AxisPlacement.hxx
+M Geom2d:privinclude:Geom2d_AxisPlacement.jxx /misc/dn61/LocalWOK/wok_entities/LOC/dev/CR0-OCCT691-7-CR0-OCCT691-occt-64/drv/Geom2d/Geom2d_AxisPlacement.jxx
+M Geom2d:privinclude:Geom2d_AxisPlacement.ixx /misc/dn61/LocalWOK/wok_entities/LOC/dev/CR0-OCCT691-7-CR0-OCCT691-occt-64/drv/Geom2d/Geom2d_AxisPlacement.ixx
+M Geom2d:pubinclude:Handle_Geom2d_Curve.hxx /misc/dn61/LocalWOK/wok_entities/LOC/dev/CR0-OCCT691-7-CR0-OCCT691-occt-64/inc/Handle_Geom2d_Curve.hxx
+M Geom2d:pubinclude:Geom2d_Curve.hxx /misc/dn61/LocalWOK/wok_entities/LOC/dev/CR0-OCCT691-7-CR0-OCCT691-occt-64/inc/Geom2d_Curve.hxx
+M Geom2d:privinclude:Geom2d_Curve.jxx /misc/dn61/LocalWOK/wok_entities/LOC/dev/CR0-OCCT691-7-CR0-OCCT691-occt-64/drv/Geom2d/Geom2d_Curve.jxx
+M Geom2d:privinclude:Geom2d_Curve.ixx /misc/dn61/LocalWOK/wok_entities/LOC/dev/CR0-OCCT691-7-CR0-OCCT691-occt-64/drv/Geom2d/Geom2d_Curve.ixx
+M Geom2d:pubinclude:Handle_Geom2d_Line.hxx /misc/dn61/LocalWOK/wok_entities/LOC/dev/CR0-OCCT691-7-CR0-OCCT691-occt-64/inc/Handle_Geom2d_Line.hxx
+M Geom2d:pubinclude:Geom2d_Line.hxx /misc/dn61/LocalWOK/wok_entities/LOC/dev/CR0-OCCT691-7-CR0-OCCT691-occt-64/inc/Geom2d_Line.hxx
+M Geom2d:privinclude:Geom2d_Line.jxx /misc/dn61/LocalWOK/wok_entities/LOC/dev/CR0-OCCT691-7-CR0-OCCT691-occt-64/drv/Geom2d/Geom2d_Line.jxx
+M Geom2d:privinclude:Geom2d_Line.ixx /misc/dn61/LocalWOK/wok_entities/LOC/dev/CR0-OCCT691-7-CR0-OCCT691-occt-64/drv/Geom2d/Geom2d_Line.ixx
+M Geom2d:pubinclude:Handle_Geom2d_Conic.hxx /misc/dn61/LocalWOK/wok_entities/LOC/dev/CR0-OCCT691-7-CR0-OCCT691-occt-64/inc/Handle_Geom2d_Conic.hxx
+M Geom2d:pubinclude:Geom2d_Conic.hxx /misc/dn61/LocalWOK/wok_entities/LOC/dev/CR0-OCCT691-7-CR0-OCCT691-occt-64/inc/Geom2d_Conic.hxx
+M Geom2d:privinclude:Geom2d_Conic.jxx /misc/dn61/LocalWOK/wok_entities/LOC/dev/CR0-OCCT691-7-CR0-OCCT691-occt-64/drv/Geom2d/Geom2d_Conic.jxx
+M Geom2d:privinclude:Geom2d_Conic.ixx /misc/dn61/LocalWOK/wok_entities/LOC/dev/CR0-OCCT691-7-CR0-OCCT691-occt-64/drv/Geom2d/Geom2d_Conic.ixx
+M Geom2d:pubinclude:Handle_Geom2d_Circle.hxx /misc/dn61/LocalWOK/wok_entities/LOC/dev/CR0-OCCT691-7-CR0-OCCT691-occt-64/inc/Handle_Geom2d_Circle.hxx
+M Geom2d:pubinclude:Geom2d_Circle.hxx /misc/dn61/LocalWOK/wok_entities/LOC/dev/CR0-OCCT691-7-CR0-OCCT691-occt-64/inc/Geom2d_Circle.hxx
+M Geom2d:privinclude:Geom2d_Circle.jxx /misc/dn61/LocalWOK/wok_entities/LOC/dev/CR0-OCCT691-7-CR0-OCCT691-occt-64/drv/Geom2d/Geom2d_Circle.jxx
+M Geom2d:privinclude:Geom2d_Circle.ixx /misc/dn61/LocalWOK/wok_entities/LOC/dev/CR0-OCCT691-7-CR0-OCCT691-occt-64/drv/Geom2d/Geom2d_Circle.ixx
+M Geom2d:pubinclude:Handle_Geom2d_Ellipse.hxx /misc/dn61/LocalWOK/wok_entities/LOC/dev/CR0-OCCT691-7-CR0-OCCT691-occt-64/inc/Handle_Geom2d_Ellipse.hxx
+M Geom2d:pubinclude:Geom2d_Ellipse.hxx /misc/dn61/LocalWOK/wok_entities/LOC/dev/CR0-OCCT691-7-CR0-OCCT691-occt-64/inc/Geom2d_Ellipse.hxx
+M Geom2d:privinclude:Geom2d_Ellipse.jxx /misc/dn61/LocalWOK/wok_entities/LOC/dev/CR0-OCCT691-7-CR0-OCCT691-occt-64/drv/Geom2d/Geom2d_Ellipse.jxx
+M Geom2d:privinclude:Geom2d_Ellipse.ixx /misc/dn61/LocalWOK/wok_entities/LOC/dev/CR0-OCCT691-7-CR0-OCCT691-occt-64/drv/Geom2d/Geom2d_Ellipse.ixx
+M Geom2d:pubinclude:Handle_Geom2d_Hyperbola.hxx /misc/dn61/LocalWOK/wok_entities/LOC/dev/CR0-OCCT691-7-CR0-OCCT691-occt-64/inc/Handle_Geom2d_Hyperbola.hxx
+M Geom2d:pubinclude:Geom2d_Hyperbola.hxx /misc/dn61/LocalWOK/wok_entities/LOC/dev/CR0-OCCT691-7-CR0-OCCT691-occt-64/inc/Geom2d_Hyperbola.hxx
+M Geom2d:privinclude:Geom2d_Hyperbola.jxx /misc/dn61/LocalWOK/wok_entities/LOC/dev/CR0-OCCT691-7-CR0-OCCT691-occt-64/drv/Geom2d/Geom2d_Hyperbola.jxx
+M Geom2d:privinclude:Geom2d_Hyperbola.ixx /misc/dn61/LocalWOK/wok_entities/LOC/dev/CR0-OCCT691-7-CR0-OCCT691-occt-64/drv/Geom2d/Geom2d_Hyperbola.ixx
+M Geom2d:pubinclude:Handle_Geom2d_Parabola.hxx /misc/dn61/LocalWOK/wok_entities/LOC/dev/CR0-OCCT691-7-CR0-OCCT691-occt-64/inc/Handle_Geom2d_Parabola.hxx
+M Geom2d:pubinclude:Geom2d_Parabola.hxx /misc/dn61/LocalWOK/wok_entities/LOC/dev/CR0-OCCT691-7-CR0-OCCT691-occt-64/inc/Geom2d_Parabola.hxx
+M Geom2d:privinclude:Geom2d_Parabola.jxx /misc/dn61/LocalWOK/wok_entities/LOC/dev/CR0-OCCT691-7-CR0-OCCT691-occt-64/drv/Geom2d/Geom2d_Parabola.jxx
+M Geom2d:privinclude:Geom2d_Parabola.ixx /misc/dn61/LocalWOK/wok_entities/LOC/dev/CR0-OCCT691-7-CR0-OCCT691-occt-64/drv/Geom2d/Geom2d_Parabola.ixx
+M Geom2d:pubinclude:Handle_Geom2d_BoundedCurve.hxx /misc/dn61/LocalWOK/wok_entities/LOC/dev/CR0-OCCT691-7-CR0-OCCT691-occt-64/inc/Handle_Geom2d_BoundedCurve.hxx
+M Geom2d:pubinclude:Geom2d_BoundedCurve.hxx /misc/dn61/LocalWOK/wok_entities/LOC/dev/CR0-OCCT691-7-CR0-OCCT691-occt-64/inc/Geom2d_BoundedCurve.hxx
+M Geom2d:privinclude:Geom2d_BoundedCurve.jxx /misc/dn61/LocalWOK/wok_entities/LOC/dev/CR0-OCCT691-7-CR0-OCCT691-occt-64/drv/Geom2d/Geom2d_BoundedCurve.jxx
+M Geom2d:privinclude:Geom2d_BoundedCurve.ixx /misc/dn61/LocalWOK/wok_entities/LOC/dev/CR0-OCCT691-7-CR0-OCCT691-occt-64/drv/Geom2d/Geom2d_BoundedCurve.ixx
+M Geom2d:pubinclude:Handle_Geom2d_BezierCurve.hxx /misc/dn61/LocalWOK/wok_entities/LOC/dev/CR0-OCCT691-7-CR0-OCCT691-occt-64/inc/Handle_Geom2d_BezierCurve.hxx
+M Geom2d:pubinclude:Geom2d_BezierCurve.hxx /misc/dn61/LocalWOK/wok_entities/LOC/dev/CR0-OCCT691-7-CR0-OCCT691-occt-64/inc/Geom2d_BezierCurve.hxx
+M Geom2d:privinclude:Geom2d_BezierCurve.jxx /misc/dn61/LocalWOK/wok_entities/LOC/dev/CR0-OCCT691-7-CR0-OCCT691-occt-64/drv/Geom2d/Geom2d_BezierCurve.jxx
+M Geom2d:privinclude:Geom2d_BezierCurve.ixx /misc/dn61/LocalWOK/wok_entities/LOC/dev/CR0-OCCT691-7-CR0-OCCT691-occt-64/drv/Geom2d/Geom2d_BezierCurve.ixx
+M Geom2d:pubinclude:Handle_Geom2d_BSplineCurve.hxx /misc/dn61/LocalWOK/wok_entities/LOC/dev/CR0-OCCT691-7-CR0-OCCT691-occt-64/inc/Handle_Geom2d_BSplineCurve.hxx
+M Geom2d:pubinclude:Geom2d_BSplineCurve.hxx /misc/dn61/LocalWOK/wok_entities/LOC/dev/CR0-OCCT691-7-CR0-OCCT691-occt-64/inc/Geom2d_BSplineCurve.hxx
+M Geom2d:privinclude:Geom2d_BSplineCurve.jxx /misc/dn61/LocalWOK/wok_entities/LOC/dev/CR0-OCCT691-7-CR0-OCCT691-occt-64/drv/Geom2d/Geom2d_BSplineCurve.jxx
+M Geom2d:privinclude:Geom2d_BSplineCurve.ixx /misc/dn61/LocalWOK/wok_entities/LOC/dev/CR0-OCCT691-7-CR0-OCCT691-occt-64/drv/Geom2d/Geom2d_BSplineCurve.ixx
+M Geom2d:pubinclude:Handle_Geom2d_TrimmedCurve.hxx /misc/dn61/LocalWOK/wok_entities/LOC/dev/CR0-OCCT691-7-CR0-OCCT691-occt-64/inc/Handle_Geom2d_TrimmedCurve.hxx
+M Geom2d:pubinclude:Geom2d_TrimmedCurve.hxx /misc/dn61/LocalWOK/wok_entities/LOC/dev/CR0-OCCT691-7-CR0-OCCT691-occt-64/inc/Geom2d_TrimmedCurve.hxx
+M Geom2d:privinclude:Geom2d_TrimmedCurve.jxx /misc/dn61/LocalWOK/wok_entities/LOC/dev/CR0-OCCT691-7-CR0-OCCT691-occt-64/drv/Geom2d/Geom2d_TrimmedCurve.jxx
+M Geom2d:privinclude:Geom2d_TrimmedCurve.ixx /misc/dn61/LocalWOK/wok_entities/LOC/dev/CR0-OCCT691-7-CR0-OCCT691-occt-64/drv/Geom2d/Geom2d_TrimmedCurve.ixx
+M Geom2d:pubinclude:Handle_Geom2d_OffsetCurve.hxx /misc/dn61/LocalWOK/wok_entities/LOC/dev/CR0-OCCT691-7-CR0-OCCT691-occt-64/inc/Handle_Geom2d_OffsetCurve.hxx
+M Geom2d:pubinclude:Geom2d_OffsetCurve.hxx /misc/dn61/LocalWOK/wok_entities/LOC/dev/CR0-OCCT691-7-CR0-OCCT691-occt-64/inc/Geom2d_OffsetCurve.hxx
+M Geom2d:privinclude:Geom2d_OffsetCurve.jxx /misc/dn61/LocalWOK/wok_entities/LOC/dev/CR0-OCCT691-7-CR0-OCCT691-occt-64/drv/Geom2d/Geom2d_OffsetCurve.jxx
+M Geom2d:privinclude:Geom2d_OffsetCurve.ixx /misc/dn61/LocalWOK/wok_entities/LOC/dev/CR0-OCCT691-7-CR0-OCCT691-occt-64/drv/Geom2d/Geom2d_OffsetCurve.ixx
+M Geom2d:pubinclude:Handle_Geom2d_UndefinedDerivative.hxx /misc/dn61/LocalWOK/wok_entities/LOC/dev/CR0-OCCT691-7-CR0-OCCT691-occt-64/inc/Handle_Geom2d_UndefinedDerivative.hxx
+M Geom2d:pubinclude:Geom2d_UndefinedDerivative.hxx /misc/dn61/LocalWOK/wok_entities/LOC/dev/CR0-OCCT691-7-CR0-OCCT691-occt-64/inc/Geom2d_UndefinedDerivative.hxx
+M Geom2d:derivated:Geom2d_UndefinedDerivative_0.cxx /misc/dn61/LocalWOK/wok_entities/LOC/dev/CR0-OCCT691-7-CR0-OCCT691-occt-64/drv/Geom2d/Geom2d_UndefinedDerivative_0.cxx
+M Geom2d:pubinclude:Handle_Geom2d_UndefinedValue.hxx /misc/dn61/LocalWOK/wok_entities/LOC/dev/CR0-OCCT691-7-CR0-OCCT691-occt-64/inc/Handle_Geom2d_UndefinedValue.hxx
+M Geom2d:pubinclude:Geom2d_UndefinedValue.hxx /misc/dn61/LocalWOK/wok_entities/LOC/dev/CR0-OCCT691-7-CR0-OCCT691-occt-64/inc/Geom2d_UndefinedValue.hxx
+M Geom2d:derivated:Geom2d_UndefinedValue_0.cxx /misc/dn61/LocalWOK/wok_entities/LOC/dev/CR0-OCCT691-7-CR0-OCCT691-occt-64/drv/Geom2d/Geom2d_UndefinedValue_0.cxx
+M Geom2d:dbadmfile:Geom2d_xcpp_header.In /misc/dn61/LocalWOK/wok_entities/LOC/dev/CR0-OCCT691-7-CR0-OCCT691-occt-64/drv/Geom2d/.adm/Geom2d_xcpp_header.In
+M Geom2d:dbadmfile:Geom2d_xcpp_header.Out /misc/dn61/LocalWOK/wok_entities/LOC/dev/CR0-OCCT691-7-CR0-OCCT691-occt-64/drv/Geom2d/.adm/Geom2d_xcpp_header.Out
+M Geom2d:dbadmfile:Geom2d_xcpp_header.Dep /misc/dn61/LocalWOK/wok_entities/LOC/dev/CR0-OCCT691-7-CR0-OCCT691-occt-64/drv/Geom2d/.adm/Geom2d_xcpp_header.Dep
