+M Convert:pubinclude:Convert_ConicToBSplineCurve.hxx /misc/dn61/LocalWOK/wok_entities/LOC/dev/CR0-OCCT691-7-CR0-OCCT691-occt-64/inc/Convert_ConicToBSplineCurve.hxx
+M Convert:privinclude:Convert_ConicToBSplineCurve.jxx /misc/dn61/LocalWOK/wok_entities/LOC/dev/CR0-OCCT691-7-CR0-OCCT691-occt-64/drv/Convert/Convert_ConicToBSplineCurve.jxx
+M Convert:privinclude:Convert_ConicToBSplineCurve.ixx /misc/dn61/LocalWOK/wok_entities/LOC/dev/CR0-OCCT691-7-CR0-OCCT691-occt-64/drv/Convert/Convert_ConicToBSplineCurve.ixx
+M Convert:pubinclude:Convert_CircleToBSplineCurve.hxx /misc/dn61/LocalWOK/wok_entities/LOC/dev/CR0-OCCT691-7-CR0-OCCT691-occt-64/inc/Convert_CircleToBSplineCurve.hxx
+M Convert:privinclude:Convert_CircleToBSplineCurve.jxx /misc/dn61/LocalWOK/wok_entities/LOC/dev/CR0-OCCT691-7-CR0-OCCT691-occt-64/drv/Convert/Convert_CircleToBSplineCurve.jxx
+M Convert:privinclude:Convert_CircleToBSplineCurve.ixx /misc/dn61/LocalWOK/wok_entities/LOC/dev/CR0-OCCT691-7-CR0-OCCT691-occt-64/drv/Convert/Convert_CircleToBSplineCurve.ixx
+M Convert:pubinclude:Convert_EllipseToBSplineCurve.hxx /misc/dn61/LocalWOK/wok_entities/LOC/dev/CR0-OCCT691-7-CR0-OCCT691-occt-64/inc/Convert_EllipseToBSplineCurve.hxx
+M Convert:privinclude:Convert_EllipseToBSplineCurve.jxx /misc/dn61/LocalWOK/wok_entities/LOC/dev/CR0-OCCT691-7-CR0-OCCT691-occt-64/drv/Convert/Convert_EllipseToBSplineCurve.jxx
+M Convert:privinclude:Convert_EllipseToBSplineCurve.ixx /misc/dn61/LocalWOK/wok_entities/LOC/dev/CR0-OCCT691-7-CR0-OCCT691-occt-64/drv/Convert/Convert_EllipseToBSplineCurve.ixx
+M Convert:pubinclude:Convert_HyperbolaToBSplineCurve.hxx /misc/dn61/LocalWOK/wok_entities/LOC/dev/CR0-OCCT691-7-CR0-OCCT691-occt-64/inc/Convert_HyperbolaToBSplineCurve.hxx
+M Convert:privinclude:Convert_HyperbolaToBSplineCurve.jxx /misc/dn61/LocalWOK/wok_entities/LOC/dev/CR0-OCCT691-7-CR0-OCCT691-occt-64/drv/Convert/Convert_HyperbolaToBSplineCurve.jxx
+M Convert:privinclude:Convert_HyperbolaToBSplineCurve.ixx /misc/dn61/LocalWOK/wok_entities/LOC/dev/CR0-OCCT691-7-CR0-OCCT691-occt-64/drv/Convert/Convert_HyperbolaToBSplineCurve.ixx
+M Convert:pubinclude:Convert_ParabolaToBSplineCurve.hxx /misc/dn61/LocalWOK/wok_entities/LOC/dev/CR0-OCCT691-7-CR0-OCCT691-occt-64/inc/Convert_ParabolaToBSplineCurve.hxx
+M Convert:privinclude:Convert_ParabolaToBSplineCurve.jxx /misc/dn61/LocalWOK/wok_entities/LOC/dev/CR0-OCCT691-7-CR0-OCCT691-occt-64/drv/Convert/Convert_ParabolaToBSplineCurve.jxx
+M Convert:privinclude:Convert_ParabolaToBSplineCurve.ixx /misc/dn61/LocalWOK/wok_entities/LOC/dev/CR0-OCCT691-7-CR0-OCCT691-occt-64/drv/Convert/Convert_ParabolaToBSplineCurve.ixx
+M Convert:pubinclude:Convert_ElementarySurfaceToBSplineSurface.hxx /misc/dn61/LocalWOK/wok_entities/LOC/dev/CR0-OCCT691-7-CR0-OCCT691-occt-64/inc/Convert_ElementarySurfaceToBSplineSurface.hxx
+M Convert:privinclude:Convert_ElementarySurfaceToBSplineSurface.jxx /misc/dn61/LocalWOK/wok_entities/LOC/dev/CR0-OCCT691-7-CR0-OCCT691-occt-64/drv/Convert/Convert_ElementarySurfaceToBSplineSurface.jxx
+M Convert:privinclude:Convert_ElementarySurfaceToBSplineSurface.ixx /misc/dn61/LocalWOK/wok_entities/LOC/dev/CR0-OCCT691-7-CR0-OCCT691-occt-64/drv/Convert/Convert_ElementarySurfaceToBSplineSurface.ixx
+M Convert:pubinclude:Convert_CylinderToBSplineSurface.hxx /misc/dn61/LocalWOK/wok_entities/LOC/dev/CR0-OCCT691-7-CR0-OCCT691-occt-64/inc/Convert_CylinderToBSplineSurface.hxx
+M Convert:privinclude:Convert_CylinderToBSplineSurface.jxx /misc/dn61/LocalWOK/wok_entities/LOC/dev/CR0-OCCT691-7-CR0-OCCT691-occt-64/drv/Convert/Convert_CylinderToBSplineSurface.jxx
+M Convert:privinclude:Convert_CylinderToBSplineSurface.ixx /misc/dn61/LocalWOK/wok_entities/LOC/dev/CR0-OCCT691-7-CR0-OCCT691-occt-64/drv/Convert/Convert_CylinderToBSplineSurface.ixx
+M Convert:pubinclude:Convert_ConeToBSplineSurface.hxx /misc/dn61/LocalWOK/wok_entities/LOC/dev/CR0-OCCT691-7-CR0-OCCT691-occt-64/inc/Convert_ConeToBSplineSurface.hxx
+M Convert:privinclude:Convert_ConeToBSplineSurface.jxx /misc/dn61/LocalWOK/wok_entities/LOC/dev/CR0-OCCT691-7-CR0-OCCT691-occt-64/drv/Convert/Convert_ConeToBSplineSurface.jxx
+M Convert:privinclude:Convert_ConeToBSplineSurface.ixx /misc/dn61/LocalWOK/wok_entities/LOC/dev/CR0-OCCT691-7-CR0-OCCT691-occt-64/drv/Convert/Convert_ConeToBSplineSurface.ixx
+M Convert:pubinclude:Convert_TorusToBSplineSurface.hxx /misc/dn61/LocalWOK/wok_entities/LOC/dev/CR0-OCCT691-7-CR0-OCCT691-occt-64/inc/Convert_TorusToBSplineSurface.hxx
+M Convert:privinclude:Convert_TorusToBSplineSurface.jxx /misc/dn61/LocalWOK/wok_entities/LOC/dev/CR0-OCCT691-7-CR0-OCCT691-occt-64/drv/Convert/Convert_TorusToBSplineSurface.jxx
+M Convert:privinclude:Convert_TorusToBSplineSurface.ixx /misc/dn61/LocalWOK/wok_entities/LOC/dev/CR0-OCCT691-7-CR0-OCCT691-occt-64/drv/Convert/Convert_TorusToBSplineSurface.ixx
+M Convert:pubinclude:Convert_SphereToBSplineSurface.hxx /misc/dn61/LocalWOK/wok_entities/LOC/dev/CR0-OCCT691-7-CR0-OCCT691-occt-64/inc/Convert_SphereToBSplineSurface.hxx
+M Convert:privinclude:Convert_SphereToBSplineSurface.jxx /misc/dn61/LocalWOK/wok_entities/LOC/dev/CR0-OCCT691-7-CR0-OCCT691-occt-64/drv/Convert/Convert_SphereToBSplineSurface.jxx
+M Convert:privinclude:Convert_SphereToBSplineSurface.ixx /misc/dn61/LocalWOK/wok_entities/LOC/dev/CR0-OCCT691-7-CR0-OCCT691-occt-64/drv/Convert/Convert_SphereToBSplineSurface.ixx
+M Convert:pubinclude:Convert_SequenceOfArray1OfPoles.hxx /misc/dn61/LocalWOK/wok_entities/LOC/dev/CR0-OCCT691-7-CR0-OCCT691-occt-64/inc/Convert_SequenceOfArray1OfPoles.hxx
+M Convert:derivated:Convert_SequenceOfArray1OfPoles_0.cxx /misc/dn61/LocalWOK/wok_entities/LOC/dev/CR0-OCCT691-7-CR0-OCCT691-occt-64/drv/Convert/Convert_SequenceOfArray1OfPoles_0.cxx
+M Convert:pubinclude:Convert_CompBezierCurvesToBSplineCurve.hxx /misc/dn61/LocalWOK/wok_entities/LOC/dev/CR0-OCCT691-7-CR0-OCCT691-occt-64/inc/Convert_CompBezierCurvesToBSplineCurve.hxx
+M Convert:privinclude:Convert_CompBezierCurvesToBSplineCurve.jxx /misc/dn61/LocalWOK/wok_entities/LOC/dev/CR0-OCCT691-7-CR0-OCCT691-occt-64/drv/Convert/Convert_CompBezierCurvesToBSplineCurve.jxx
+M Convert:privinclude:Convert_CompBezierCurvesToBSplineCurve.ixx /misc/dn61/LocalWOK/wok_entities/LOC/dev/CR0-OCCT691-7-CR0-OCCT691-occt-64/drv/Convert/Convert_CompBezierCurvesToBSplineCurve.ixx
+M Convert:pubinclude:Convert_CompBezierCurves2dToBSplineCurve2d.hxx /misc/dn61/LocalWOK/wok_entities/LOC/dev/CR0-OCCT691-7-CR0-OCCT691-occt-64/inc/Convert_CompBezierCurves2dToBSplineCurve2d.hxx
+M Convert:privinclude:Convert_CompBezierCurves2dToBSplineCurve2d.jxx /misc/dn61/LocalWOK/wok_entities/LOC/dev/CR0-OCCT691-7-CR0-OCCT691-occt-64/drv/Convert/Convert_CompBezierCurves2dToBSplineCurve2d.jxx
+M Convert:privinclude:Convert_CompBezierCurves2dToBSplineCurve2d.ixx /misc/dn61/LocalWOK/wok_entities/LOC/dev/CR0-OCCT691-7-CR0-OCCT691-occt-64/drv/Convert/Convert_CompBezierCurves2dToBSplineCurve2d.ixx
+M Convert:pubinclude:Convert_CompPolynomialToPoles.hxx /misc/dn61/LocalWOK/wok_entities/LOC/dev/CR0-OCCT691-7-CR0-OCCT691-occt-64/inc/Convert_CompPolynomialToPoles.hxx
+M Convert:privinclude:Convert_CompPolynomialToPoles.jxx /misc/dn61/LocalWOK/wok_entities/LOC/dev/CR0-OCCT691-7-CR0-OCCT691-occt-64/drv/Convert/Convert_CompPolynomialToPoles.jxx
+M Convert:privinclude:Convert_CompPolynomialToPoles.ixx /misc/dn61/LocalWOK/wok_entities/LOC/dev/CR0-OCCT691-7-CR0-OCCT691-occt-64/drv/Convert/Convert_CompPolynomialToPoles.ixx
+M Convert:pubinclude:Convert_GridPolynomialToPoles.hxx /misc/dn61/LocalWOK/wok_entities/LOC/dev/CR0-OCCT691-7-CR0-OCCT691-occt-64/inc/Convert_GridPolynomialToPoles.hxx
+M Convert:privinclude:Convert_GridPolynomialToPoles.jxx /misc/dn61/LocalWOK/wok_entities/LOC/dev/CR0-OCCT691-7-CR0-OCCT691-occt-64/drv/Convert/Convert_GridPolynomialToPoles.jxx
+M Convert:privinclude:Convert_GridPolynomialToPoles.ixx /misc/dn61/LocalWOK/wok_entities/LOC/dev/CR0-OCCT691-7-CR0-OCCT691-occt-64/drv/Convert/Convert_GridPolynomialToPoles.ixx
+M Convert:pubinclude:Handle_Convert_SequenceNodeOfSequenceOfArray1OfPoles.hxx /misc/dn61/LocalWOK/wok_entities/LOC/dev/CR0-OCCT691-7-CR0-OCCT691-occt-64/inc/Handle_Convert_SequenceNodeOfSequenceOfArray1OfPoles.hxx
+M Convert:pubinclude:Convert_SequenceNodeOfSequenceOfArray1OfPoles.hxx /misc/dn61/LocalWOK/wok_entities/LOC/dev/CR0-OCCT691-7-CR0-OCCT691-occt-64/inc/Convert_SequenceNodeOfSequenceOfArray1OfPoles.hxx
+M Convert:derivated:Convert_SequenceNodeOfSequenceOfArray1OfPoles_0.cxx /misc/dn61/LocalWOK/wok_entities/LOC/dev/CR0-OCCT691-7-CR0-OCCT691-occt-64/drv/Convert/Convert_SequenceNodeOfSequenceOfArray1OfPoles_0.cxx
+M Convert:pubinclude:Convert_ParameterisationType.hxx /misc/dn61/LocalWOK/wok_entities/LOC/dev/CR0-OCCT691-7-CR0-OCCT691-occt-64/inc/Convert_ParameterisationType.hxx
+M Convert:pubinclude:Convert_SequenceOfArray1OfPoles2d.hxx /misc/dn61/LocalWOK/wok_entities/LOC/dev/CR0-OCCT691-7-CR0-OCCT691-occt-64/inc/Convert_SequenceOfArray1OfPoles2d.hxx
+M Convert:dbadmfile:Convert_xcpp_header.In /misc/dn61/LocalWOK/wok_entities/LOC/dev/CR0-OCCT691-7-CR0-OCCT691-occt-64/drv/Convert/.adm/Convert_xcpp_header.In
+M Convert:dbadmfile:Convert_xcpp_header.Out /misc/dn61/LocalWOK/wok_entities/LOC/dev/CR0-OCCT691-7-CR0-OCCT691-occt-64/drv/Convert/.adm/Convert_xcpp_header.Out
+M Convert:dbadmfile:Convert_xcpp_header.Dep /misc/dn61/LocalWOK/wok_entities/LOC/dev/CR0-OCCT691-7-CR0-OCCT691-occt-64/drv/Convert/.adm/Convert_xcpp_header.Dep
