+M XDEDRAW:pubinclude:XDEDRAW.hxx /misc/dn61/LocalWOK/wok_entities/LOC/dev/CR0-OCCT691-7-CR0-OCCT691-occt-64/inc/XDEDRAW.hxx
+M XDEDRAW:privinclude:XDEDRAW.jxx /misc/dn61/LocalWOK/wok_entities/LOC/dev/CR0-OCCT691-7-CR0-OCCT691-occt-64/drv/XDEDRAW/XDEDRAW.jxx
+M XDEDRAW:privinclude:XDEDRAW.ixx /misc/dn61/LocalWOK/wok_entities/LOC/dev/CR0-OCCT691-7-CR0-OCCT691-occt-64/drv/XDEDRAW/XDEDRAW.ixx
+M XDEDRAW:pubinclude:XDEDRAW_Shapes.hxx /misc/dn61/LocalWOK/wok_entities/LOC/dev/CR0-OCCT691-7-CR0-OCCT691-occt-64/inc/XDEDRAW_Shapes.hxx
+M XDEDRAW:privinclude:XDEDRAW_Shapes.jxx /misc/dn61/LocalWOK/wok_entities/LOC/dev/CR0-OCCT691-7-CR0-OCCT691-occt-64/drv/XDEDRAW/XDEDRAW_Shapes.jxx
+M XDEDRAW:privinclude:XDEDRAW_Shapes.ixx /misc/dn61/LocalWOK/wok_entities/LOC/dev/CR0-OCCT691-7-CR0-OCCT691-occt-64/drv/XDEDRAW/XDEDRAW_Shapes.ixx
+M XDEDRAW:pubinclude:XDEDRAW_Colors.hxx /misc/dn61/LocalWOK/wok_entities/LOC/dev/CR0-OCCT691-7-CR0-OCCT691-occt-64/inc/XDEDRAW_Colors.hxx
+M XDEDRAW:privinclude:XDEDRAW_Colors.jxx /misc/dn61/LocalWOK/wok_entities/LOC/dev/CR0-OCCT691-7-CR0-OCCT691-occt-64/drv/XDEDRAW/XDEDRAW_Colors.jxx
+M XDEDRAW:privinclude:XDEDRAW_Colors.ixx /misc/dn61/LocalWOK/wok_entities/LOC/dev/CR0-OCCT691-7-CR0-OCCT691-occt-64/drv/XDEDRAW/XDEDRAW_Colors.ixx
+M XDEDRAW:pubinclude:XDEDRAW_Layers.hxx /misc/dn61/LocalWOK/wok_entities/LOC/dev/CR0-OCCT691-7-CR0-OCCT691-occt-64/inc/XDEDRAW_Layers.hxx
+M XDEDRAW:privinclude:XDEDRAW_Layers.jxx /misc/dn61/LocalWOK/wok_entities/LOC/dev/CR0-OCCT691-7-CR0-OCCT691-occt-64/drv/XDEDRAW/XDEDRAW_Layers.jxx
+M XDEDRAW:privinclude:XDEDRAW_Layers.ixx /misc/dn61/LocalWOK/wok_entities/LOC/dev/CR0-OCCT691-7-CR0-OCCT691-occt-64/drv/XDEDRAW/XDEDRAW_Layers.ixx
+M XDEDRAW:pubinclude:XDEDRAW_Props.hxx /misc/dn61/LocalWOK/wok_entities/LOC/dev/CR0-OCCT691-7-CR0-OCCT691-occt-64/inc/XDEDRAW_Props.hxx
+M XDEDRAW:privinclude:XDEDRAW_Props.jxx /misc/dn61/LocalWOK/wok_entities/LOC/dev/CR0-OCCT691-7-CR0-OCCT691-occt-64/drv/XDEDRAW/XDEDRAW_Props.jxx
+M XDEDRAW:privinclude:XDEDRAW_Props.ixx /misc/dn61/LocalWOK/wok_entities/LOC/dev/CR0-OCCT691-7-CR0-OCCT691-occt-64/drv/XDEDRAW/XDEDRAW_Props.ixx
+M XDEDRAW:pubinclude:XDEDRAW_Common.hxx /misc/dn61/LocalWOK/wok_entities/LOC/dev/CR0-OCCT691-7-CR0-OCCT691-occt-64/inc/XDEDRAW_Common.hxx
+M XDEDRAW:privinclude:XDEDRAW_Common.jxx /misc/dn61/LocalWOK/wok_entities/LOC/dev/CR0-OCCT691-7-CR0-OCCT691-occt-64/drv/XDEDRAW/XDEDRAW_Common.jxx
+M XDEDRAW:privinclude:XDEDRAW_Common.ixx /misc/dn61/LocalWOK/wok_entities/LOC/dev/CR0-OCCT691-7-CR0-OCCT691-occt-64/drv/XDEDRAW/XDEDRAW_Common.ixx
+M XDEDRAW:dbadmfile:XDEDRAW_xcpp_header.In /misc/dn61/LocalWOK/wok_entities/LOC/dev/CR0-OCCT691-7-CR0-OCCT691-occt-64/drv/XDEDRAW/.adm/XDEDRAW_xcpp_header.In
+M XDEDRAW:dbadmfile:XDEDRAW_xcpp_header.Out /misc/dn61/LocalWOK/wok_entities/LOC/dev/CR0-OCCT691-7-CR0-OCCT691-occt-64/drv/XDEDRAW/.adm/XDEDRAW_xcpp_header.Out
+M XDEDRAW:dbadmfile:XDEDRAW_xcpp_header.Dep /misc/dn61/LocalWOK/wok_entities/LOC/dev/CR0-OCCT691-7-CR0-OCCT691-occt-64/drv/XDEDRAW/.adm/XDEDRAW_xcpp_header.Dep
