+M DDF:pubinclude:DDF.hxx /misc/dn61/LocalWOK/wok_entities/LOC/dev/CR0-OCCT691-7-CR0-OCCT691-occt-64/inc/DDF.hxx
+M DDF:privinclude:DDF.jxx /misc/dn61/LocalWOK/wok_entities/LOC/dev/CR0-OCCT691-7-CR0-OCCT691-occt-64/drv/DDF/DDF.jxx
+M DDF:privinclude:DDF.ixx /misc/dn61/LocalWOK/wok_entities/LOC/dev/CR0-OCCT691-7-CR0-OCCT691-occt-64/drv/DDF/DDF.ixx
+M DDF:pubinclude:Handle_DDF_Data.hxx /misc/dn61/LocalWOK/wok_entities/LOC/dev/CR0-OCCT691-7-CR0-OCCT691-occt-64/inc/Handle_DDF_Data.hxx
+M DDF:pubinclude:DDF_Data.hxx /misc/dn61/LocalWOK/wok_entities/LOC/dev/CR0-OCCT691-7-CR0-OCCT691-occt-64/inc/DDF_Data.hxx
+M DDF:privinclude:DDF_Data.jxx /misc/dn61/LocalWOK/wok_entities/LOC/dev/CR0-OCCT691-7-CR0-OCCT691-occt-64/drv/DDF/DDF_Data.jxx
+M DDF:privinclude:DDF_Data.ixx /misc/dn61/LocalWOK/wok_entities/LOC/dev/CR0-OCCT691-7-CR0-OCCT691-occt-64/drv/DDF/DDF_Data.ixx
+M DDF:pubinclude:Handle_DDF_Browser.hxx /misc/dn61/LocalWOK/wok_entities/LOC/dev/CR0-OCCT691-7-CR0-OCCT691-occt-64/inc/Handle_DDF_Browser.hxx
+M DDF:pubinclude:DDF_Browser.hxx /misc/dn61/LocalWOK/wok_entities/LOC/dev/CR0-OCCT691-7-CR0-OCCT691-occt-64/inc/DDF_Browser.hxx
+M DDF:privinclude:DDF_Browser.jxx /misc/dn61/LocalWOK/wok_entities/LOC/dev/CR0-OCCT691-7-CR0-OCCT691-occt-64/drv/DDF/DDF_Browser.jxx
+M DDF:privinclude:DDF_Browser.ixx /misc/dn61/LocalWOK/wok_entities/LOC/dev/CR0-OCCT691-7-CR0-OCCT691-occt-64/drv/DDF/DDF_Browser.ixx
+M DDF:pubinclude:Handle_DDF_Transaction.hxx /misc/dn61/LocalWOK/wok_entities/LOC/dev/CR0-OCCT691-7-CR0-OCCT691-occt-64/inc/Handle_DDF_Transaction.hxx
+M DDF:pubinclude:DDF_Transaction.hxx /misc/dn61/LocalWOK/wok_entities/LOC/dev/CR0-OCCT691-7-CR0-OCCT691-occt-64/inc/DDF_Transaction.hxx
+M DDF:privinclude:DDF_Transaction.jxx /misc/dn61/LocalWOK/wok_entities/LOC/dev/CR0-OCCT691-7-CR0-OCCT691-occt-64/drv/DDF/DDF_Transaction.jxx
+M DDF:privinclude:DDF_Transaction.ixx /misc/dn61/LocalWOK/wok_entities/LOC/dev/CR0-OCCT691-7-CR0-OCCT691-occt-64/drv/DDF/DDF_Transaction.ixx
+M DDF:pubinclude:DDF_TransactionStack.hxx /misc/dn61/LocalWOK/wok_entities/LOC/dev/CR0-OCCT691-7-CR0-OCCT691-occt-64/inc/DDF_TransactionStack.hxx
+M DDF:derivated:DDF_TransactionStack_0.cxx /misc/dn61/LocalWOK/wok_entities/LOC/dev/CR0-OCCT691-7-CR0-OCCT691-occt-64/drv/DDF/DDF_TransactionStack_0.cxx
+M DDF:pubinclude:Handle_DDF_ListNodeOfTransactionStack.hxx /misc/dn61/LocalWOK/wok_entities/LOC/dev/CR0-OCCT691-7-CR0-OCCT691-occt-64/inc/Handle_DDF_ListNodeOfTransactionStack.hxx
+M DDF:pubinclude:DDF_ListNodeOfTransactionStack.hxx /misc/dn61/LocalWOK/wok_entities/LOC/dev/CR0-OCCT691-7-CR0-OCCT691-occt-64/inc/DDF_ListNodeOfTransactionStack.hxx
+M DDF:derivated:DDF_ListNodeOfTransactionStack_0.cxx /misc/dn61/LocalWOK/wok_entities/LOC/dev/CR0-OCCT691-7-CR0-OCCT691-occt-64/drv/DDF/DDF_ListNodeOfTransactionStack_0.cxx
+M DDF:pubinclude:DDF_ListIteratorOfTransactionStack.hxx /misc/dn61/LocalWOK/wok_entities/LOC/dev/CR0-OCCT691-7-CR0-OCCT691-occt-64/inc/DDF_ListIteratorOfTransactionStack.hxx
+M DDF:derivated:DDF_ListIteratorOfTransactionStack_0.cxx /misc/dn61/LocalWOK/wok_entities/LOC/dev/CR0-OCCT691-7-CR0-OCCT691-occt-64/drv/DDF/DDF_ListIteratorOfTransactionStack_0.cxx
+M DDF:dbadmfile:DDF_xcpp_header.In /misc/dn61/LocalWOK/wok_entities/LOC/dev/CR0-OCCT691-7-CR0-OCCT691-occt-64/drv/DDF/.adm/DDF_xcpp_header.In
+M DDF:dbadmfile:DDF_xcpp_header.Out /misc/dn61/LocalWOK/wok_entities/LOC/dev/CR0-OCCT691-7-CR0-OCCT691-occt-64/drv/DDF/.adm/DDF_xcpp_header.Out
+M DDF:dbadmfile:DDF_xcpp_header.Dep /misc/dn61/LocalWOK/wok_entities/LOC/dev/CR0-OCCT691-7-CR0-OCCT691-occt-64/drv/DDF/.adm/DDF_xcpp_header.Dep
