+M DrawDim:pubinclude:DrawDim.hxx /misc/dn61/LocalWOK/wok_entities/LOC/dev/CR0-OCCT691-7-CR0-OCCT691-occt-64/inc/DrawDim.hxx
+M DrawDim:privinclude:DrawDim.jxx /misc/dn61/LocalWOK/wok_entities/LOC/dev/CR0-OCCT691-7-CR0-OCCT691-occt-64/drv/DrawDim/DrawDim.jxx
+M DrawDim:privinclude:DrawDim.ixx /misc/dn61/LocalWOK/wok_entities/LOC/dev/CR0-OCCT691-7-CR0-OCCT691-occt-64/drv/DrawDim/DrawDim.ixx
+M DrawDim:pubinclude:Handle_DrawDim_Dimension.hxx /misc/dn61/LocalWOK/wok_entities/LOC/dev/CR0-OCCT691-7-CR0-OCCT691-occt-64/inc/Handle_DrawDim_Dimension.hxx
+M DrawDim:pubinclude:DrawDim_Dimension.hxx /misc/dn61/LocalWOK/wok_entities/LOC/dev/CR0-OCCT691-7-CR0-OCCT691-occt-64/inc/DrawDim_Dimension.hxx
+M DrawDim:privinclude:DrawDim_Dimension.jxx /misc/dn61/LocalWOK/wok_entities/LOC/dev/CR0-OCCT691-7-CR0-OCCT691-occt-64/drv/DrawDim/DrawDim_Dimension.jxx
+M DrawDim:privinclude:DrawDim_Dimension.ixx /misc/dn61/LocalWOK/wok_entities/LOC/dev/CR0-OCCT691-7-CR0-OCCT691-occt-64/drv/DrawDim/DrawDim_Dimension.ixx
+M DrawDim:pubinclude:Handle_DrawDim_Angle.hxx /misc/dn61/LocalWOK/wok_entities/LOC/dev/CR0-OCCT691-7-CR0-OCCT691-occt-64/inc/Handle_DrawDim_Angle.hxx
+M DrawDim:pubinclude:DrawDim_Angle.hxx /misc/dn61/LocalWOK/wok_entities/LOC/dev/CR0-OCCT691-7-CR0-OCCT691-occt-64/inc/DrawDim_Angle.hxx
+M DrawDim:privinclude:DrawDim_Angle.jxx /misc/dn61/LocalWOK/wok_entities/LOC/dev/CR0-OCCT691-7-CR0-OCCT691-occt-64/drv/DrawDim/DrawDim_Angle.jxx
+M DrawDim:privinclude:DrawDim_Angle.ixx /misc/dn61/LocalWOK/wok_entities/LOC/dev/CR0-OCCT691-7-CR0-OCCT691-occt-64/drv/DrawDim/DrawDim_Angle.ixx
+M DrawDim:pubinclude:Handle_DrawDim_Distance.hxx /misc/dn61/LocalWOK/wok_entities/LOC/dev/CR0-OCCT691-7-CR0-OCCT691-occt-64/inc/Handle_DrawDim_Distance.hxx
+M DrawDim:pubinclude:DrawDim_Distance.hxx /misc/dn61/LocalWOK/wok_entities/LOC/dev/CR0-OCCT691-7-CR0-OCCT691-occt-64/inc/DrawDim_Distance.hxx
+M DrawDim:privinclude:DrawDim_Distance.jxx /misc/dn61/LocalWOK/wok_entities/LOC/dev/CR0-OCCT691-7-CR0-OCCT691-occt-64/drv/DrawDim/DrawDim_Distance.jxx
+M DrawDim:privinclude:DrawDim_Distance.ixx /misc/dn61/LocalWOK/wok_entities/LOC/dev/CR0-OCCT691-7-CR0-OCCT691-occt-64/drv/DrawDim/DrawDim_Distance.ixx
+M DrawDim:pubinclude:Handle_DrawDim_Radius.hxx /misc/dn61/LocalWOK/wok_entities/LOC/dev/CR0-OCCT691-7-CR0-OCCT691-occt-64/inc/Handle_DrawDim_Radius.hxx
+M DrawDim:pubinclude:DrawDim_Radius.hxx /misc/dn61/LocalWOK/wok_entities/LOC/dev/CR0-OCCT691-7-CR0-OCCT691-occt-64/inc/DrawDim_Radius.hxx
+M DrawDim:privinclude:DrawDim_Radius.jxx /misc/dn61/LocalWOK/wok_entities/LOC/dev/CR0-OCCT691-7-CR0-OCCT691-occt-64/drv/DrawDim/DrawDim_Radius.jxx
+M DrawDim:privinclude:DrawDim_Radius.ixx /misc/dn61/LocalWOK/wok_entities/LOC/dev/CR0-OCCT691-7-CR0-OCCT691-occt-64/drv/DrawDim/DrawDim_Radius.ixx
+M DrawDim:pubinclude:Handle_DrawDim_PlanarDimension.hxx /misc/dn61/LocalWOK/wok_entities/LOC/dev/CR0-OCCT691-7-CR0-OCCT691-occt-64/inc/Handle_DrawDim_PlanarDimension.hxx
+M DrawDim:pubinclude:DrawDim_PlanarDimension.hxx /misc/dn61/LocalWOK/wok_entities/LOC/dev/CR0-OCCT691-7-CR0-OCCT691-occt-64/inc/DrawDim_PlanarDimension.hxx
+M DrawDim:privinclude:DrawDim_PlanarDimension.jxx /misc/dn61/LocalWOK/wok_entities/LOC/dev/CR0-OCCT691-7-CR0-OCCT691-occt-64/drv/DrawDim/DrawDim_PlanarDimension.jxx
+M DrawDim:privinclude:DrawDim_PlanarDimension.ixx /misc/dn61/LocalWOK/wok_entities/LOC/dev/CR0-OCCT691-7-CR0-OCCT691-occt-64/drv/DrawDim/DrawDim_PlanarDimension.ixx
+M DrawDim:pubinclude:Handle_DrawDim_PlanarAngle.hxx /misc/dn61/LocalWOK/wok_entities/LOC/dev/CR0-OCCT691-7-CR0-OCCT691-occt-64/inc/Handle_DrawDim_PlanarAngle.hxx
+M DrawDim:pubinclude:DrawDim_PlanarAngle.hxx /misc/dn61/LocalWOK/wok_entities/LOC/dev/CR0-OCCT691-7-CR0-OCCT691-occt-64/inc/DrawDim_PlanarAngle.hxx
+M DrawDim:privinclude:DrawDim_PlanarAngle.jxx /misc/dn61/LocalWOK/wok_entities/LOC/dev/CR0-OCCT691-7-CR0-OCCT691-occt-64/drv/DrawDim/DrawDim_PlanarAngle.jxx
+M DrawDim:privinclude:DrawDim_PlanarAngle.ixx /misc/dn61/LocalWOK/wok_entities/LOC/dev/CR0-OCCT691-7-CR0-OCCT691-occt-64/drv/DrawDim/DrawDim_PlanarAngle.ixx
+M DrawDim:pubinclude:Handle_DrawDim_PlanarDistance.hxx /misc/dn61/LocalWOK/wok_entities/LOC/dev/CR0-OCCT691-7-CR0-OCCT691-occt-64/inc/Handle_DrawDim_PlanarDistance.hxx
+M DrawDim:pubinclude:DrawDim_PlanarDistance.hxx /misc/dn61/LocalWOK/wok_entities/LOC/dev/CR0-OCCT691-7-CR0-OCCT691-occt-64/inc/DrawDim_PlanarDistance.hxx
+M DrawDim:privinclude:DrawDim_PlanarDistance.jxx /misc/dn61/LocalWOK/wok_entities/LOC/dev/CR0-OCCT691-7-CR0-OCCT691-occt-64/drv/DrawDim/DrawDim_PlanarDistance.jxx
+M DrawDim:privinclude:DrawDim_PlanarDistance.ixx /misc/dn61/LocalWOK/wok_entities/LOC/dev/CR0-OCCT691-7-CR0-OCCT691-occt-64/drv/DrawDim/DrawDim_PlanarDistance.ixx
+M DrawDim:pubinclude:Handle_DrawDim_PlanarRadius.hxx /misc/dn61/LocalWOK/wok_entities/LOC/dev/CR0-OCCT691-7-CR0-OCCT691-occt-64/inc/Handle_DrawDim_PlanarRadius.hxx
+M DrawDim:pubinclude:DrawDim_PlanarRadius.hxx /misc/dn61/LocalWOK/wok_entities/LOC/dev/CR0-OCCT691-7-CR0-OCCT691-occt-64/inc/DrawDim_PlanarRadius.hxx
+M DrawDim:privinclude:DrawDim_PlanarRadius.jxx /misc/dn61/LocalWOK/wok_entities/LOC/dev/CR0-OCCT691-7-CR0-OCCT691-occt-64/drv/DrawDim/DrawDim_PlanarRadius.jxx
+M DrawDim:privinclude:DrawDim_PlanarRadius.ixx /misc/dn61/LocalWOK/wok_entities/LOC/dev/CR0-OCCT691-7-CR0-OCCT691-occt-64/drv/DrawDim/DrawDim_PlanarRadius.ixx
+M DrawDim:pubinclude:Handle_DrawDim_PlanarDiameter.hxx /misc/dn61/LocalWOK/wok_entities/LOC/dev/CR0-OCCT691-7-CR0-OCCT691-occt-64/inc/Handle_DrawDim_PlanarDiameter.hxx
+M DrawDim:pubinclude:DrawDim_PlanarDiameter.hxx /misc/dn61/LocalWOK/wok_entities/LOC/dev/CR0-OCCT691-7-CR0-OCCT691-occt-64/inc/DrawDim_PlanarDiameter.hxx
+M DrawDim:privinclude:DrawDim_PlanarDiameter.jxx /misc/dn61/LocalWOK/wok_entities/LOC/dev/CR0-OCCT691-7-CR0-OCCT691-occt-64/drv/DrawDim/DrawDim_PlanarDiameter.jxx
+M DrawDim:privinclude:DrawDim_PlanarDiameter.ixx /misc/dn61/LocalWOK/wok_entities/LOC/dev/CR0-OCCT691-7-CR0-OCCT691-occt-64/drv/DrawDim/DrawDim_PlanarDiameter.ixx
+M DrawDim:dbadmfile:DrawDim_xcpp_header.In /misc/dn61/LocalWOK/wok_entities/LOC/dev/CR0-OCCT691-7-CR0-OCCT691-occt-64/drv/DrawDim/.adm/DrawDim_xcpp_header.In
+M DrawDim:dbadmfile:DrawDim_xcpp_header.Out /misc/dn61/LocalWOK/wok_entities/LOC/dev/CR0-OCCT691-7-CR0-OCCT691-occt-64/drv/DrawDim/.adm/DrawDim_xcpp_header.Out
+M DrawDim:dbadmfile:DrawDim_xcpp_header.Dep /misc/dn61/LocalWOK/wok_entities/LOC/dev/CR0-OCCT691-7-CR0-OCCT691-occt-64/drv/DrawDim/.adm/DrawDim_xcpp_header.Dep
