+M BinTools:pubinclude:BinTools.hxx /misc/dn61/LocalWOK/wok_entities/LOC/dev/CR0-OCCT691-7-CR0-OCCT691-occt-64/inc/BinTools.hxx
+M BinTools:privinclude:BinTools.jxx /misc/dn61/LocalWOK/wok_entities/LOC/dev/CR0-OCCT691-7-CR0-OCCT691-occt-64/drv/BinTools/BinTools.jxx
+M BinTools:privinclude:BinTools.ixx /misc/dn61/LocalWOK/wok_entities/LOC/dev/CR0-OCCT691-7-CR0-OCCT691-occt-64/drv/BinTools/BinTools.ixx
+M BinTools:pubinclude:BinTools_ShapeSet.hxx /misc/dn61/LocalWOK/wok_entities/LOC/dev/CR0-OCCT691-7-CR0-OCCT691-occt-64/inc/BinTools_ShapeSet.hxx
+M BinTools:privinclude:BinTools_ShapeSet.jxx /misc/dn61/LocalWOK/wok_entities/LOC/dev/CR0-OCCT691-7-CR0-OCCT691-occt-64/drv/BinTools/BinTools_ShapeSet.jxx
+M BinTools:privinclude:BinTools_ShapeSet.ixx /misc/dn61/LocalWOK/wok_entities/LOC/dev/CR0-OCCT691-7-CR0-OCCT691-occt-64/drv/BinTools/BinTools_ShapeSet.ixx
+M BinTools:pubinclude:BinTools_Curve2dSet.hxx /misc/dn61/LocalWOK/wok_entities/LOC/dev/CR0-OCCT691-7-CR0-OCCT691-occt-64/inc/BinTools_Curve2dSet.hxx
+M BinTools:privinclude:BinTools_Curve2dSet.jxx /misc/dn61/LocalWOK/wok_entities/LOC/dev/CR0-OCCT691-7-CR0-OCCT691-occt-64/drv/BinTools/BinTools_Curve2dSet.jxx
+M BinTools:privinclude:BinTools_Curve2dSet.ixx /misc/dn61/LocalWOK/wok_entities/LOC/dev/CR0-OCCT691-7-CR0-OCCT691-occt-64/drv/BinTools/BinTools_Curve2dSet.ixx
+M BinTools:pubinclude:BinTools_CurveSet.hxx /misc/dn61/LocalWOK/wok_entities/LOC/dev/CR0-OCCT691-7-CR0-OCCT691-occt-64/inc/BinTools_CurveSet.hxx
+M BinTools:privinclude:BinTools_CurveSet.jxx /misc/dn61/LocalWOK/wok_entities/LOC/dev/CR0-OCCT691-7-CR0-OCCT691-occt-64/drv/BinTools/BinTools_CurveSet.jxx
+M BinTools:privinclude:BinTools_CurveSet.ixx /misc/dn61/LocalWOK/wok_entities/LOC/dev/CR0-OCCT691-7-CR0-OCCT691-occt-64/drv/BinTools/BinTools_CurveSet.ixx
+M BinTools:pubinclude:BinTools_SurfaceSet.hxx /misc/dn61/LocalWOK/wok_entities/LOC/dev/CR0-OCCT691-7-CR0-OCCT691-occt-64/inc/BinTools_SurfaceSet.hxx
+M BinTools:privinclude:BinTools_SurfaceSet.jxx /misc/dn61/LocalWOK/wok_entities/LOC/dev/CR0-OCCT691-7-CR0-OCCT691-occt-64/drv/BinTools/BinTools_SurfaceSet.jxx
+M BinTools:privinclude:BinTools_SurfaceSet.ixx /misc/dn61/LocalWOK/wok_entities/LOC/dev/CR0-OCCT691-7-CR0-OCCT691-occt-64/drv/BinTools/BinTools_SurfaceSet.ixx
+M BinTools:pubinclude:BinTools_LocationSet.hxx /misc/dn61/LocalWOK/wok_entities/LOC/dev/CR0-OCCT691-7-CR0-OCCT691-occt-64/inc/BinTools_LocationSet.hxx
+M BinTools:privinclude:BinTools_LocationSet.jxx /misc/dn61/LocalWOK/wok_entities/LOC/dev/CR0-OCCT691-7-CR0-OCCT691-occt-64/drv/BinTools/BinTools_LocationSet.jxx
+M BinTools:privinclude:BinTools_LocationSet.ixx /misc/dn61/LocalWOK/wok_entities/LOC/dev/CR0-OCCT691-7-CR0-OCCT691-occt-64/drv/BinTools/BinTools_LocationSet.ixx
+M BinTools:pubinclude:BinTools_LocationSetPtr.hxx /misc/dn61/LocalWOK/wok_entities/LOC/dev/CR0-OCCT691-7-CR0-OCCT691-occt-64/inc/BinTools_LocationSetPtr.hxx
+M BinTools:dbadmfile:BinTools_xcpp_header.In /misc/dn61/LocalWOK/wok_entities/LOC/dev/CR0-OCCT691-7-CR0-OCCT691-occt-64/drv/BinTools/.adm/BinTools_xcpp_header.In
+M BinTools:dbadmfile:BinTools_xcpp_header.Out /misc/dn61/LocalWOK/wok_entities/LOC/dev/CR0-OCCT691-7-CR0-OCCT691-occt-64/drv/BinTools/.adm/BinTools_xcpp_header.Out
+M BinTools:dbadmfile:BinTools_xcpp_header.Dep /misc/dn61/LocalWOK/wok_entities/LOC/dev/CR0-OCCT691-7-CR0-OCCT691-occt-64/drv/BinTools/.adm/BinTools_xcpp_header.Dep
