+M IntPolyh:pubinclude:IntPolyh_Intersection.hxx /misc/dn61/LocalWOK/wok_entities/LOC/dev/CR0-OCCT691-7-CR0-OCCT691-occt-64/inc/IntPolyh_Intersection.hxx
+M IntPolyh:privinclude:IntPolyh_Intersection.jxx /misc/dn61/LocalWOK/wok_entities/LOC/dev/CR0-OCCT691-7-CR0-OCCT691-occt-64/drv/IntPolyh/IntPolyh_Intersection.jxx
+M IntPolyh:privinclude:IntPolyh_Intersection.ixx /misc/dn61/LocalWOK/wok_entities/LOC/dev/CR0-OCCT691-7-CR0-OCCT691-occt-64/drv/IntPolyh/IntPolyh_Intersection.ixx
+M IntPolyh:pubinclude:IntPolyh_Couple.hxx /misc/dn61/LocalWOK/wok_entities/LOC/dev/CR0-OCCT691-7-CR0-OCCT691-occt-64/inc/IntPolyh_Couple.hxx
+M IntPolyh:privinclude:IntPolyh_Couple.jxx /misc/dn61/LocalWOK/wok_entities/LOC/dev/CR0-OCCT691-7-CR0-OCCT691-occt-64/drv/IntPolyh/IntPolyh_Couple.jxx
+M IntPolyh:privinclude:IntPolyh_Couple.ixx /misc/dn61/LocalWOK/wok_entities/LOC/dev/CR0-OCCT691-7-CR0-OCCT691-occt-64/drv/IntPolyh/IntPolyh_Couple.ixx
+M IntPolyh:pubinclude:IntPolyh_Point.hxx /misc/dn61/LocalWOK/wok_entities/LOC/dev/CR0-OCCT691-7-CR0-OCCT691-occt-64/inc/IntPolyh_Point.hxx
+M IntPolyh:privinclude:IntPolyh_Point.jxx /misc/dn61/LocalWOK/wok_entities/LOC/dev/CR0-OCCT691-7-CR0-OCCT691-occt-64/drv/IntPolyh/IntPolyh_Point.jxx
+M IntPolyh:privinclude:IntPolyh_Point.ixx /misc/dn61/LocalWOK/wok_entities/LOC/dev/CR0-OCCT691-7-CR0-OCCT691-occt-64/drv/IntPolyh/IntPolyh_Point.ixx
+M IntPolyh:pubinclude:IntPolyh_StartPoint.hxx /misc/dn61/LocalWOK/wok_entities/LOC/dev/CR0-OCCT691-7-CR0-OCCT691-occt-64/inc/IntPolyh_StartPoint.hxx
+M IntPolyh:privinclude:IntPolyh_StartPoint.jxx /misc/dn61/LocalWOK/wok_entities/LOC/dev/CR0-OCCT691-7-CR0-OCCT691-occt-64/drv/IntPolyh/IntPolyh_StartPoint.jxx
+M IntPolyh:privinclude:IntPolyh_StartPoint.ixx /misc/dn61/LocalWOK/wok_entities/LOC/dev/CR0-OCCT691-7-CR0-OCCT691-occt-64/drv/IntPolyh/IntPolyh_StartPoint.ixx
+M IntPolyh:pubinclude:IntPolyh_SeqOfStartPoints.hxx /misc/dn61/LocalWOK/wok_entities/LOC/dev/CR0-OCCT691-7-CR0-OCCT691-occt-64/inc/IntPolyh_SeqOfStartPoints.hxx
+M IntPolyh:derivated:IntPolyh_SeqOfStartPoints_0.cxx /misc/dn61/LocalWOK/wok_entities/LOC/dev/CR0-OCCT691-7-CR0-OCCT691-occt-64/drv/IntPolyh/IntPolyh_SeqOfStartPoints_0.cxx
+M IntPolyh:pubinclude:IntPolyh_Edge.hxx /misc/dn61/LocalWOK/wok_entities/LOC/dev/CR0-OCCT691-7-CR0-OCCT691-occt-64/inc/IntPolyh_Edge.hxx
+M IntPolyh:privinclude:IntPolyh_Edge.jxx /misc/dn61/LocalWOK/wok_entities/LOC/dev/CR0-OCCT691-7-CR0-OCCT691-occt-64/drv/IntPolyh/IntPolyh_Edge.jxx
+M IntPolyh:privinclude:IntPolyh_Edge.ixx /misc/dn61/LocalWOK/wok_entities/LOC/dev/CR0-OCCT691-7-CR0-OCCT691-occt-64/drv/IntPolyh/IntPolyh_Edge.ixx
+M IntPolyh:pubinclude:IntPolyh_Triangle.hxx /misc/dn61/LocalWOK/wok_entities/LOC/dev/CR0-OCCT691-7-CR0-OCCT691-occt-64/inc/IntPolyh_Triangle.hxx
+M IntPolyh:privinclude:IntPolyh_Triangle.jxx /misc/dn61/LocalWOK/wok_entities/LOC/dev/CR0-OCCT691-7-CR0-OCCT691-occt-64/drv/IntPolyh/IntPolyh_Triangle.jxx
+M IntPolyh:privinclude:IntPolyh_Triangle.ixx /misc/dn61/LocalWOK/wok_entities/LOC/dev/CR0-OCCT691-7-CR0-OCCT691-occt-64/drv/IntPolyh/IntPolyh_Triangle.ixx
+M IntPolyh:pubinclude:IntPolyh_MaillageAffinage.hxx /misc/dn61/LocalWOK/wok_entities/LOC/dev/CR0-OCCT691-7-CR0-OCCT691-occt-64/inc/IntPolyh_MaillageAffinage.hxx
+M IntPolyh:privinclude:IntPolyh_MaillageAffinage.jxx /misc/dn61/LocalWOK/wok_entities/LOC/dev/CR0-OCCT691-7-CR0-OCCT691-occt-64/drv/IntPolyh/IntPolyh_MaillageAffinage.jxx
+M IntPolyh:privinclude:IntPolyh_MaillageAffinage.ixx /misc/dn61/LocalWOK/wok_entities/LOC/dev/CR0-OCCT691-7-CR0-OCCT691-occt-64/drv/IntPolyh/IntPolyh_MaillageAffinage.ixx
+M IntPolyh:pubinclude:IntPolyh_SectionLine.hxx /misc/dn61/LocalWOK/wok_entities/LOC/dev/CR0-OCCT691-7-CR0-OCCT691-occt-64/inc/IntPolyh_SectionLine.hxx
+M IntPolyh:privinclude:IntPolyh_SectionLine.jxx /misc/dn61/LocalWOK/wok_entities/LOC/dev/CR0-OCCT691-7-CR0-OCCT691-occt-64/drv/IntPolyh/IntPolyh_SectionLine.jxx
+M IntPolyh:privinclude:IntPolyh_SectionLine.ixx /misc/dn61/LocalWOK/wok_entities/LOC/dev/CR0-OCCT691-7-CR0-OCCT691-occt-64/drv/IntPolyh/IntPolyh_SectionLine.ixx
+M IntPolyh:pubinclude:Handle_IntPolyh_SequenceNodeOfSeqOfStartPoints.hxx /misc/dn61/LocalWOK/wok_entities/LOC/dev/CR0-OCCT691-7-CR0-OCCT691-occt-64/inc/Handle_IntPolyh_SequenceNodeOfSeqOfStartPoints.hxx
+M IntPolyh:pubinclude:IntPolyh_SequenceNodeOfSeqOfStartPoints.hxx /misc/dn61/LocalWOK/wok_entities/LOC/dev/CR0-OCCT691-7-CR0-OCCT691-occt-64/inc/IntPolyh_SequenceNodeOfSeqOfStartPoints.hxx
+M IntPolyh:derivated:IntPolyh_SequenceNodeOfSeqOfStartPoints_0.cxx /misc/dn61/LocalWOK/wok_entities/LOC/dev/CR0-OCCT691-7-CR0-OCCT691-occt-64/drv/IntPolyh/IntPolyh_SequenceNodeOfSeqOfStartPoints_0.cxx
+M IntPolyh:pubinclude:IntPolyh_PMaillageAffinage.hxx /misc/dn61/LocalWOK/wok_entities/LOC/dev/CR0-OCCT691-7-CR0-OCCT691-occt-64/inc/IntPolyh_PMaillageAffinage.hxx
+M IntPolyh:dbadmfile:IntPolyh_xcpp_header.In /misc/dn61/LocalWOK/wok_entities/LOC/dev/CR0-OCCT691-7-CR0-OCCT691-occt-64/drv/IntPolyh/.adm/IntPolyh_xcpp_header.In
+M IntPolyh:dbadmfile:IntPolyh_xcpp_header.Out /misc/dn61/LocalWOK/wok_entities/LOC/dev/CR0-OCCT691-7-CR0-OCCT691-occt-64/drv/IntPolyh/.adm/IntPolyh_xcpp_header.Out
+M IntPolyh:dbadmfile:IntPolyh_xcpp_header.Dep /misc/dn61/LocalWOK/wok_entities/LOC/dev/CR0-OCCT691-7-CR0-OCCT691-occt-64/drv/IntPolyh/.adm/IntPolyh_xcpp_header.Dep
