+M IntSurf:pubinclude:IntSurf.hxx /misc/dn61/LocalWOK/wok_entities/LOC/dev/CR0-OCCT691-7-CR0-OCCT691-occt-64/inc/IntSurf.hxx
+M IntSurf:privinclude:IntSurf.jxx /misc/dn61/LocalWOK/wok_entities/LOC/dev/CR0-OCCT691-7-CR0-OCCT691-occt-64/drv/IntSurf/IntSurf.jxx
+M IntSurf:privinclude:IntSurf.ixx /misc/dn61/LocalWOK/wok_entities/LOC/dev/CR0-OCCT691-7-CR0-OCCT691-occt-64/drv/IntSurf/IntSurf.ixx
+M IntSurf:pubinclude:IntSurf_PntOn2S.hxx /misc/dn61/LocalWOK/wok_entities/LOC/dev/CR0-OCCT691-7-CR0-OCCT691-occt-64/inc/IntSurf_PntOn2S.hxx
+M IntSurf:privinclude:IntSurf_PntOn2S.jxx /misc/dn61/LocalWOK/wok_entities/LOC/dev/CR0-OCCT691-7-CR0-OCCT691-occt-64/drv/IntSurf/IntSurf_PntOn2S.jxx
+M IntSurf:privinclude:IntSurf_PntOn2S.ixx /misc/dn61/LocalWOK/wok_entities/LOC/dev/CR0-OCCT691-7-CR0-OCCT691-occt-64/drv/IntSurf/IntSurf_PntOn2S.ixx
+M IntSurf:pubinclude:IntSurf_Couple.hxx /misc/dn61/LocalWOK/wok_entities/LOC/dev/CR0-OCCT691-7-CR0-OCCT691-occt-64/inc/IntSurf_Couple.hxx
+M IntSurf:privinclude:IntSurf_Couple.jxx /misc/dn61/LocalWOK/wok_entities/LOC/dev/CR0-OCCT691-7-CR0-OCCT691-occt-64/drv/IntSurf/IntSurf_Couple.jxx
+M IntSurf:privinclude:IntSurf_Couple.ixx /misc/dn61/LocalWOK/wok_entities/LOC/dev/CR0-OCCT691-7-CR0-OCCT691-occt-64/drv/IntSurf/IntSurf_Couple.ixx
+M IntSurf:pubinclude:IntSurf_SequenceOfCouple.hxx /misc/dn61/LocalWOK/wok_entities/LOC/dev/CR0-OCCT691-7-CR0-OCCT691-occt-64/inc/IntSurf_SequenceOfCouple.hxx
+M IntSurf:derivated:IntSurf_SequenceOfCouple_0.cxx /misc/dn61/LocalWOK/wok_entities/LOC/dev/CR0-OCCT691-7-CR0-OCCT691-occt-64/drv/IntSurf/IntSurf_SequenceOfCouple_0.cxx
+M IntSurf:pubinclude:Handle_IntSurf_LineOn2S.hxx /misc/dn61/LocalWOK/wok_entities/LOC/dev/CR0-OCCT691-7-CR0-OCCT691-occt-64/inc/Handle_IntSurf_LineOn2S.hxx
+M IntSurf:pubinclude:IntSurf_LineOn2S.hxx /misc/dn61/LocalWOK/wok_entities/LOC/dev/CR0-OCCT691-7-CR0-OCCT691-occt-64/inc/IntSurf_LineOn2S.hxx
+M IntSurf:privinclude:IntSurf_LineOn2S.jxx /misc/dn61/LocalWOK/wok_entities/LOC/dev/CR0-OCCT691-7-CR0-OCCT691-occt-64/drv/IntSurf/IntSurf_LineOn2S.jxx
+M IntSurf:privinclude:IntSurf_LineOn2S.ixx /misc/dn61/LocalWOK/wok_entities/LOC/dev/CR0-OCCT691-7-CR0-OCCT691-occt-64/drv/IntSurf/IntSurf_LineOn2S.ixx
+M IntSurf:pubinclude:IntSurf_Quadric.hxx /misc/dn61/LocalWOK/wok_entities/LOC/dev/CR0-OCCT691-7-CR0-OCCT691-occt-64/inc/IntSurf_Quadric.hxx
+M IntSurf:privinclude:IntSurf_Quadric.jxx /misc/dn61/LocalWOK/wok_entities/LOC/dev/CR0-OCCT691-7-CR0-OCCT691-occt-64/drv/IntSurf/IntSurf_Quadric.jxx
+M IntSurf:privinclude:IntSurf_Quadric.ixx /misc/dn61/LocalWOK/wok_entities/LOC/dev/CR0-OCCT691-7-CR0-OCCT691-occt-64/drv/IntSurf/IntSurf_Quadric.ixx
+M IntSurf:pubinclude:IntSurf_QuadricTool.hxx /misc/dn61/LocalWOK/wok_entities/LOC/dev/CR0-OCCT691-7-CR0-OCCT691-occt-64/inc/IntSurf_QuadricTool.hxx
+M IntSurf:privinclude:IntSurf_QuadricTool.jxx /misc/dn61/LocalWOK/wok_entities/LOC/dev/CR0-OCCT691-7-CR0-OCCT691-occt-64/drv/IntSurf/IntSurf_QuadricTool.jxx
+M IntSurf:privinclude:IntSurf_QuadricTool.ixx /misc/dn61/LocalWOK/wok_entities/LOC/dev/CR0-OCCT691-7-CR0-OCCT691-occt-64/drv/IntSurf/IntSurf_QuadricTool.ixx
+M IntSurf:pubinclude:IntSurf_PathPoint.hxx /misc/dn61/LocalWOK/wok_entities/LOC/dev/CR0-OCCT691-7-CR0-OCCT691-occt-64/inc/IntSurf_PathPoint.hxx
+M IntSurf:privinclude:IntSurf_PathPoint.jxx /misc/dn61/LocalWOK/wok_entities/LOC/dev/CR0-OCCT691-7-CR0-OCCT691-occt-64/drv/IntSurf/IntSurf_PathPoint.jxx
+M IntSurf:privinclude:IntSurf_PathPoint.ixx /misc/dn61/LocalWOK/wok_entities/LOC/dev/CR0-OCCT691-7-CR0-OCCT691-occt-64/drv/IntSurf/IntSurf_PathPoint.ixx
+M IntSurf:pubinclude:IntSurf_SequenceOfPathPoint.hxx /misc/dn61/LocalWOK/wok_entities/LOC/dev/CR0-OCCT691-7-CR0-OCCT691-occt-64/inc/IntSurf_SequenceOfPathPoint.hxx
+M IntSurf:derivated:IntSurf_SequenceOfPathPoint_0.cxx /misc/dn61/LocalWOK/wok_entities/LOC/dev/CR0-OCCT691-7-CR0-OCCT691-occt-64/drv/IntSurf/IntSurf_SequenceOfPathPoint_0.cxx
+M IntSurf:pubinclude:IntSurf_PathPointTool.hxx /misc/dn61/LocalWOK/wok_entities/LOC/dev/CR0-OCCT691-7-CR0-OCCT691-occt-64/inc/IntSurf_PathPointTool.hxx
+M IntSurf:privinclude:IntSurf_PathPointTool.jxx /misc/dn61/LocalWOK/wok_entities/LOC/dev/CR0-OCCT691-7-CR0-OCCT691-occt-64/drv/IntSurf/IntSurf_PathPointTool.jxx
+M IntSurf:privinclude:IntSurf_PathPointTool.ixx /misc/dn61/LocalWOK/wok_entities/LOC/dev/CR0-OCCT691-7-CR0-OCCT691-occt-64/drv/IntSurf/IntSurf_PathPointTool.ixx
+M IntSurf:pubinclude:IntSurf_InteriorPoint.hxx /misc/dn61/LocalWOK/wok_entities/LOC/dev/CR0-OCCT691-7-CR0-OCCT691-occt-64/inc/IntSurf_InteriorPoint.hxx
+M IntSurf:privinclude:IntSurf_InteriorPoint.jxx /misc/dn61/LocalWOK/wok_entities/LOC/dev/CR0-OCCT691-7-CR0-OCCT691-occt-64/drv/IntSurf/IntSurf_InteriorPoint.jxx
+M IntSurf:privinclude:IntSurf_InteriorPoint.ixx /misc/dn61/LocalWOK/wok_entities/LOC/dev/CR0-OCCT691-7-CR0-OCCT691-occt-64/drv/IntSurf/IntSurf_InteriorPoint.ixx
+M IntSurf:pubinclude:IntSurf_SequenceOfInteriorPoint.hxx /misc/dn61/LocalWOK/wok_entities/LOC/dev/CR0-OCCT691-7-CR0-OCCT691-occt-64/inc/IntSurf_SequenceOfInteriorPoint.hxx
+M IntSurf:derivated:IntSurf_SequenceOfInteriorPoint_0.cxx /misc/dn61/LocalWOK/wok_entities/LOC/dev/CR0-OCCT691-7-CR0-OCCT691-occt-64/drv/IntSurf/IntSurf_SequenceOfInteriorPoint_0.cxx
+M IntSurf:pubinclude:IntSurf_InteriorPointTool.hxx /misc/dn61/LocalWOK/wok_entities/LOC/dev/CR0-OCCT691-7-CR0-OCCT691-occt-64/inc/IntSurf_InteriorPointTool.hxx
+M IntSurf:privinclude:IntSurf_InteriorPointTool.jxx /misc/dn61/LocalWOK/wok_entities/LOC/dev/CR0-OCCT691-7-CR0-OCCT691-occt-64/drv/IntSurf/IntSurf_InteriorPointTool.jxx
+M IntSurf:privinclude:IntSurf_InteriorPointTool.ixx /misc/dn61/LocalWOK/wok_entities/LOC/dev/CR0-OCCT691-7-CR0-OCCT691-occt-64/drv/IntSurf/IntSurf_InteriorPointTool.ixx
+M IntSurf:pubinclude:IntSurf_Transition.hxx /misc/dn61/LocalWOK/wok_entities/LOC/dev/CR0-OCCT691-7-CR0-OCCT691-occt-64/inc/IntSurf_Transition.hxx
+M IntSurf:privinclude:IntSurf_Transition.jxx /misc/dn61/LocalWOK/wok_entities/LOC/dev/CR0-OCCT691-7-CR0-OCCT691-occt-64/drv/IntSurf/IntSurf_Transition.jxx
+M IntSurf:privinclude:IntSurf_Transition.ixx /misc/dn61/LocalWOK/wok_entities/LOC/dev/CR0-OCCT691-7-CR0-OCCT691-occt-64/drv/IntSurf/IntSurf_Transition.ixx
+M IntSurf:pubinclude:IntSurf_ListOfPntOn2S.hxx /misc/dn61/LocalWOK/wok_entities/LOC/dev/CR0-OCCT691-7-CR0-OCCT691-occt-64/inc/IntSurf_ListOfPntOn2S.hxx
+M IntSurf:derivated:IntSurf_ListOfPntOn2S_0.cxx /misc/dn61/LocalWOK/wok_entities/LOC/dev/CR0-OCCT691-7-CR0-OCCT691-occt-64/drv/IntSurf/IntSurf_ListOfPntOn2S_0.cxx
+M IntSurf:pubinclude:Handle_IntSurf_SequenceNodeOfSequenceOfCouple.hxx /misc/dn61/LocalWOK/wok_entities/LOC/dev/CR0-OCCT691-7-CR0-OCCT691-occt-64/inc/Handle_IntSurf_SequenceNodeOfSequenceOfCouple.hxx
+M IntSurf:pubinclude:IntSurf_SequenceNodeOfSequenceOfCouple.hxx /misc/dn61/LocalWOK/wok_entities/LOC/dev/CR0-OCCT691-7-CR0-OCCT691-occt-64/inc/IntSurf_SequenceNodeOfSequenceOfCouple.hxx
+M IntSurf:derivated:IntSurf_SequenceNodeOfSequenceOfCouple_0.cxx /misc/dn61/LocalWOK/wok_entities/LOC/dev/CR0-OCCT691-7-CR0-OCCT691-occt-64/drv/IntSurf/IntSurf_SequenceNodeOfSequenceOfCouple_0.cxx
+M IntSurf:pubinclude:Handle_IntSurf_SequenceNodeOfSequenceOfPathPoint.hxx /misc/dn61/LocalWOK/wok_entities/LOC/dev/CR0-OCCT691-7-CR0-OCCT691-occt-64/inc/Handle_IntSurf_SequenceNodeOfSequenceOfPathPoint.hxx
+M IntSurf:pubinclude:IntSurf_SequenceNodeOfSequenceOfPathPoint.hxx /misc/dn61/LocalWOK/wok_entities/LOC/dev/CR0-OCCT691-7-CR0-OCCT691-occt-64/inc/IntSurf_SequenceNodeOfSequenceOfPathPoint.hxx
+M IntSurf:derivated:IntSurf_SequenceNodeOfSequenceOfPathPoint_0.cxx /misc/dn61/LocalWOK/wok_entities/LOC/dev/CR0-OCCT691-7-CR0-OCCT691-occt-64/drv/IntSurf/IntSurf_SequenceNodeOfSequenceOfPathPoint_0.cxx
+M IntSurf:pubinclude:Handle_IntSurf_SequenceNodeOfSequenceOfInteriorPoint.hxx /misc/dn61/LocalWOK/wok_entities/LOC/dev/CR0-OCCT691-7-CR0-OCCT691-occt-64/inc/Handle_IntSurf_SequenceNodeOfSequenceOfInteriorPoint.hxx
+M IntSurf:pubinclude:IntSurf_SequenceNodeOfSequenceOfInteriorPoint.hxx /misc/dn61/LocalWOK/wok_entities/LOC/dev/CR0-OCCT691-7-CR0-OCCT691-occt-64/inc/IntSurf_SequenceNodeOfSequenceOfInteriorPoint.hxx
+M IntSurf:derivated:IntSurf_SequenceNodeOfSequenceOfInteriorPoint_0.cxx /misc/dn61/LocalWOK/wok_entities/LOC/dev/CR0-OCCT691-7-CR0-OCCT691-occt-64/drv/IntSurf/IntSurf_SequenceNodeOfSequenceOfInteriorPoint_0.cxx
+M IntSurf:pubinclude:Handle_IntSurf_ListNodeOfListOfPntOn2S.hxx /misc/dn61/LocalWOK/wok_entities/LOC/dev/CR0-OCCT691-7-CR0-OCCT691-occt-64/inc/Handle_IntSurf_ListNodeOfListOfPntOn2S.hxx
+M IntSurf:pubinclude:IntSurf_ListNodeOfListOfPntOn2S.hxx /misc/dn61/LocalWOK/wok_entities/LOC/dev/CR0-OCCT691-7-CR0-OCCT691-occt-64/inc/IntSurf_ListNodeOfListOfPntOn2S.hxx
+M IntSurf:derivated:IntSurf_ListNodeOfListOfPntOn2S_0.cxx /misc/dn61/LocalWOK/wok_entities/LOC/dev/CR0-OCCT691-7-CR0-OCCT691-occt-64/drv/IntSurf/IntSurf_ListNodeOfListOfPntOn2S_0.cxx
+M IntSurf:pubinclude:IntSurf_ListIteratorOfListOfPntOn2S.hxx /misc/dn61/LocalWOK/wok_entities/LOC/dev/CR0-OCCT691-7-CR0-OCCT691-occt-64/inc/IntSurf_ListIteratorOfListOfPntOn2S.hxx
+M IntSurf:derivated:IntSurf_ListIteratorOfListOfPntOn2S_0.cxx /misc/dn61/LocalWOK/wok_entities/LOC/dev/CR0-OCCT691-7-CR0-OCCT691-occt-64/drv/IntSurf/IntSurf_ListIteratorOfListOfPntOn2S_0.cxx
+M IntSurf:pubinclude:IntSurf_TypeTrans.hxx /misc/dn61/LocalWOK/wok_entities/LOC/dev/CR0-OCCT691-7-CR0-OCCT691-occt-64/inc/IntSurf_TypeTrans.hxx
+M IntSurf:pubinclude:IntSurf_Situation.hxx /misc/dn61/LocalWOK/wok_entities/LOC/dev/CR0-OCCT691-7-CR0-OCCT691-occt-64/inc/IntSurf_Situation.hxx
+M IntSurf:dbadmfile:IntSurf_xcpp_header.In /misc/dn61/LocalWOK/wok_entities/LOC/dev/CR0-OCCT691-7-CR0-OCCT691-occt-64/drv/IntSurf/.adm/IntSurf_xcpp_header.In
+M IntSurf:dbadmfile:IntSurf_xcpp_header.Out /misc/dn61/LocalWOK/wok_entities/LOC/dev/CR0-OCCT691-7-CR0-OCCT691-occt-64/drv/IntSurf/.adm/IntSurf_xcpp_header.Out
+M IntSurf:dbadmfile:IntSurf_xcpp_header.Dep /misc/dn61/LocalWOK/wok_entities/LOC/dev/CR0-OCCT691-7-CR0-OCCT691-occt-64/drv/IntSurf/.adm/IntSurf_xcpp_header.Dep
