+M Draft:pubinclude:Draft.hxx /misc/dn61/LocalWOK/wok_entities/LOC/dev/CR0-OCCT691-7-CR0-OCCT691-occt-64/inc/Draft.hxx
+M Draft:privinclude:Draft.jxx /misc/dn61/LocalWOK/wok_entities/LOC/dev/CR0-OCCT691-7-CR0-OCCT691-occt-64/drv/Draft/Draft.jxx
+M Draft:privinclude:Draft.ixx /misc/dn61/LocalWOK/wok_entities/LOC/dev/CR0-OCCT691-7-CR0-OCCT691-occt-64/drv/Draft/Draft.ixx
+M Draft:pubinclude:Handle_Draft_Modification.hxx /misc/dn61/LocalWOK/wok_entities/LOC/dev/CR0-OCCT691-7-CR0-OCCT691-occt-64/inc/Handle_Draft_Modification.hxx
+M Draft:pubinclude:Draft_Modification.hxx /misc/dn61/LocalWOK/wok_entities/LOC/dev/CR0-OCCT691-7-CR0-OCCT691-occt-64/inc/Draft_Modification.hxx
+M Draft:privinclude:Draft_Modification.jxx /misc/dn61/LocalWOK/wok_entities/LOC/dev/CR0-OCCT691-7-CR0-OCCT691-occt-64/drv/Draft/Draft_Modification.jxx
+M Draft:privinclude:Draft_Modification.ixx /misc/dn61/LocalWOK/wok_entities/LOC/dev/CR0-OCCT691-7-CR0-OCCT691-occt-64/drv/Draft/Draft_Modification.ixx
+M Draft:pubinclude:Draft_FaceInfo.hxx /misc/dn61/LocalWOK/wok_entities/LOC/dev/CR0-OCCT691-7-CR0-OCCT691-occt-64/inc/Draft_FaceInfo.hxx
+M Draft:privinclude:Draft_FaceInfo.jxx /misc/dn61/LocalWOK/wok_entities/LOC/dev/CR0-OCCT691-7-CR0-OCCT691-occt-64/drv/Draft/Draft_FaceInfo.jxx
+M Draft:privinclude:Draft_FaceInfo.ixx /misc/dn61/LocalWOK/wok_entities/LOC/dev/CR0-OCCT691-7-CR0-OCCT691-occt-64/drv/Draft/Draft_FaceInfo.ixx
+M Draft:pubinclude:Draft_EdgeInfo.hxx /misc/dn61/LocalWOK/wok_entities/LOC/dev/CR0-OCCT691-7-CR0-OCCT691-occt-64/inc/Draft_EdgeInfo.hxx
+M Draft:privinclude:Draft_EdgeInfo.jxx /misc/dn61/LocalWOK/wok_entities/LOC/dev/CR0-OCCT691-7-CR0-OCCT691-occt-64/drv/Draft/Draft_EdgeInfo.jxx
+M Draft:privinclude:Draft_EdgeInfo.ixx /misc/dn61/LocalWOK/wok_entities/LOC/dev/CR0-OCCT691-7-CR0-OCCT691-occt-64/drv/Draft/Draft_EdgeInfo.ixx
+M Draft:pubinclude:Draft_VertexInfo.hxx /misc/dn61/LocalWOK/wok_entities/LOC/dev/CR0-OCCT691-7-CR0-OCCT691-occt-64/inc/Draft_VertexInfo.hxx
+M Draft:privinclude:Draft_VertexInfo.jxx /misc/dn61/LocalWOK/wok_entities/LOC/dev/CR0-OCCT691-7-CR0-OCCT691-occt-64/drv/Draft/Draft_VertexInfo.jxx
+M Draft:privinclude:Draft_VertexInfo.ixx /misc/dn61/LocalWOK/wok_entities/LOC/dev/CR0-OCCT691-7-CR0-OCCT691-occt-64/drv/Draft/Draft_VertexInfo.ixx
+M Draft:pubinclude:Draft_DataMapOfFaceFaceInfo.hxx /misc/dn61/LocalWOK/wok_entities/LOC/dev/CR0-OCCT691-7-CR0-OCCT691-occt-64/inc/Draft_DataMapOfFaceFaceInfo.hxx
+M Draft:derivated:Draft_DataMapOfFaceFaceInfo_0.cxx /misc/dn61/LocalWOK/wok_entities/LOC/dev/CR0-OCCT691-7-CR0-OCCT691-occt-64/drv/Draft/Draft_DataMapOfFaceFaceInfo_0.cxx
+M Draft:pubinclude:Draft_DataMapOfEdgeEdgeInfo.hxx /misc/dn61/LocalWOK/wok_entities/LOC/dev/CR0-OCCT691-7-CR0-OCCT691-occt-64/inc/Draft_DataMapOfEdgeEdgeInfo.hxx
+M Draft:derivated:Draft_DataMapOfEdgeEdgeInfo_0.cxx /misc/dn61/LocalWOK/wok_entities/LOC/dev/CR0-OCCT691-7-CR0-OCCT691-occt-64/drv/Draft/Draft_DataMapOfEdgeEdgeInfo_0.cxx
+M Draft:pubinclude:Draft_DataMapOfVertexVertexInfo.hxx /misc/dn61/LocalWOK/wok_entities/LOC/dev/CR0-OCCT691-7-CR0-OCCT691-occt-64/inc/Draft_DataMapOfVertexVertexInfo.hxx
+M Draft:derivated:Draft_DataMapOfVertexVertexInfo_0.cxx /misc/dn61/LocalWOK/wok_entities/LOC/dev/CR0-OCCT691-7-CR0-OCCT691-occt-64/drv/Draft/Draft_DataMapOfVertexVertexInfo_0.cxx
+M Draft:pubinclude:Handle_Draft_DataMapNodeOfDataMapOfFaceFaceInfo.hxx /misc/dn61/LocalWOK/wok_entities/LOC/dev/CR0-OCCT691-7-CR0-OCCT691-occt-64/inc/Handle_Draft_DataMapNodeOfDataMapOfFaceFaceInfo.hxx
+M Draft:pubinclude:Draft_DataMapNodeOfDataMapOfFaceFaceInfo.hxx /misc/dn61/LocalWOK/wok_entities/LOC/dev/CR0-OCCT691-7-CR0-OCCT691-occt-64/inc/Draft_DataMapNodeOfDataMapOfFaceFaceInfo.hxx
+M Draft:derivated:Draft_DataMapNodeOfDataMapOfFaceFaceInfo_0.cxx /misc/dn61/LocalWOK/wok_entities/LOC/dev/CR0-OCCT691-7-CR0-OCCT691-occt-64/drv/Draft/Draft_DataMapNodeOfDataMapOfFaceFaceInfo_0.cxx
+M Draft:pubinclude:Draft_DataMapIteratorOfDataMapOfFaceFaceInfo.hxx /misc/dn61/LocalWOK/wok_entities/LOC/dev/CR0-OCCT691-7-CR0-OCCT691-occt-64/inc/Draft_DataMapIteratorOfDataMapOfFaceFaceInfo.hxx
+M Draft:derivated:Draft_DataMapIteratorOfDataMapOfFaceFaceInfo_0.cxx /misc/dn61/LocalWOK/wok_entities/LOC/dev/CR0-OCCT691-7-CR0-OCCT691-occt-64/drv/Draft/Draft_DataMapIteratorOfDataMapOfFaceFaceInfo_0.cxx
+M Draft:pubinclude:Handle_Draft_DataMapNodeOfDataMapOfEdgeEdgeInfo.hxx /misc/dn61/LocalWOK/wok_entities/LOC/dev/CR0-OCCT691-7-CR0-OCCT691-occt-64/inc/Handle_Draft_DataMapNodeOfDataMapOfEdgeEdgeInfo.hxx
+M Draft:pubinclude:Draft_DataMapNodeOfDataMapOfEdgeEdgeInfo.hxx /misc/dn61/LocalWOK/wok_entities/LOC/dev/CR0-OCCT691-7-CR0-OCCT691-occt-64/inc/Draft_DataMapNodeOfDataMapOfEdgeEdgeInfo.hxx
+M Draft:derivated:Draft_DataMapNodeOfDataMapOfEdgeEdgeInfo_0.cxx /misc/dn61/LocalWOK/wok_entities/LOC/dev/CR0-OCCT691-7-CR0-OCCT691-occt-64/drv/Draft/Draft_DataMapNodeOfDataMapOfEdgeEdgeInfo_0.cxx
+M Draft:pubinclude:Draft_DataMapIteratorOfDataMapOfEdgeEdgeInfo.hxx /misc/dn61/LocalWOK/wok_entities/LOC/dev/CR0-OCCT691-7-CR0-OCCT691-occt-64/inc/Draft_DataMapIteratorOfDataMapOfEdgeEdgeInfo.hxx
+M Draft:derivated:Draft_DataMapIteratorOfDataMapOfEdgeEdgeInfo_0.cxx /misc/dn61/LocalWOK/wok_entities/LOC/dev/CR0-OCCT691-7-CR0-OCCT691-occt-64/drv/Draft/Draft_DataMapIteratorOfDataMapOfEdgeEdgeInfo_0.cxx
+M Draft:pubinclude:Handle_Draft_DataMapNodeOfDataMapOfVertexVertexInfo.hxx /misc/dn61/LocalWOK/wok_entities/LOC/dev/CR0-OCCT691-7-CR0-OCCT691-occt-64/inc/Handle_Draft_DataMapNodeOfDataMapOfVertexVertexInfo.hxx
+M Draft:pubinclude:Draft_DataMapNodeOfDataMapOfVertexVertexInfo.hxx /misc/dn61/LocalWOK/wok_entities/LOC/dev/CR0-OCCT691-7-CR0-OCCT691-occt-64/inc/Draft_DataMapNodeOfDataMapOfVertexVertexInfo.hxx
+M Draft:derivated:Draft_DataMapNodeOfDataMapOfVertexVertexInfo_0.cxx /misc/dn61/LocalWOK/wok_entities/LOC/dev/CR0-OCCT691-7-CR0-OCCT691-occt-64/drv/Draft/Draft_DataMapNodeOfDataMapOfVertexVertexInfo_0.cxx
+M Draft:pubinclude:Draft_DataMapIteratorOfDataMapOfVertexVertexInfo.hxx /misc/dn61/LocalWOK/wok_entities/LOC/dev/CR0-OCCT691-7-CR0-OCCT691-occt-64/inc/Draft_DataMapIteratorOfDataMapOfVertexVertexInfo.hxx
+M Draft:derivated:Draft_DataMapIteratorOfDataMapOfVertexVertexInfo_0.cxx /misc/dn61/LocalWOK/wok_entities/LOC/dev/CR0-OCCT691-7-CR0-OCCT691-occt-64/drv/Draft/Draft_DataMapIteratorOfDataMapOfVertexVertexInfo_0.cxx
+M Draft:pubinclude:Draft_ErrorStatus.hxx /misc/dn61/LocalWOK/wok_entities/LOC/dev/CR0-OCCT691-7-CR0-OCCT691-occt-64/inc/Draft_ErrorStatus.hxx
+M Draft:dbadmfile:Draft_xcpp_header.In /misc/dn61/LocalWOK/wok_entities/LOC/dev/CR0-OCCT691-7-CR0-OCCT691-occt-64/drv/Draft/.adm/Draft_xcpp_header.In
+M Draft:dbadmfile:Draft_xcpp_header.Out /misc/dn61/LocalWOK/wok_entities/LOC/dev/CR0-OCCT691-7-CR0-OCCT691-occt-64/drv/Draft/.adm/Draft_xcpp_header.Out
+M Draft:dbadmfile:Draft_xcpp_header.Dep /misc/dn61/LocalWOK/wok_entities/LOC/dev/CR0-OCCT691-7-CR0-OCCT691-occt-64/drv/Draft/.adm/Draft_xcpp_header.Dep
