+M IGESData:pubinclude:IGESData.hxx /misc/dn61/LocalWOK/wok_entities/LOC/dev/CR0-OCCT691-7-CR0-OCCT691-occt-64/inc/IGESData.hxx
+M IGESData:privinclude:IGESData.jxx /misc/dn61/LocalWOK/wok_entities/LOC/dev/CR0-OCCT691-7-CR0-OCCT691-occt-64/drv/IGESData/IGESData.jxx
+M IGESData:privinclude:IGESData.ixx /misc/dn61/LocalWOK/wok_entities/LOC/dev/CR0-OCCT691-7-CR0-OCCT691-occt-64/drv/IGESData/IGESData.ixx
+M IGESData:pubinclude:Handle_IGESData_Protocol.hxx /misc/dn61/LocalWOK/wok_entities/LOC/dev/CR0-OCCT691-7-CR0-OCCT691-occt-64/inc/Handle_IGESData_Protocol.hxx
+M IGESData:pubinclude:IGESData_Protocol.hxx /misc/dn61/LocalWOK/wok_entities/LOC/dev/CR0-OCCT691-7-CR0-OCCT691-occt-64/inc/IGESData_Protocol.hxx
+M IGESData:privinclude:IGESData_Protocol.jxx /misc/dn61/LocalWOK/wok_entities/LOC/dev/CR0-OCCT691-7-CR0-OCCT691-occt-64/drv/IGESData/IGESData_Protocol.jxx
+M IGESData:privinclude:IGESData_Protocol.ixx /misc/dn61/LocalWOK/wok_entities/LOC/dev/CR0-OCCT691-7-CR0-OCCT691-occt-64/drv/IGESData/IGESData_Protocol.ixx
+M IGESData:pubinclude:Handle_IGESData_IGESModel.hxx /misc/dn61/LocalWOK/wok_entities/LOC/dev/CR0-OCCT691-7-CR0-OCCT691-occt-64/inc/Handle_IGESData_IGESModel.hxx
+M IGESData:pubinclude:IGESData_IGESModel.hxx /misc/dn61/LocalWOK/wok_entities/LOC/dev/CR0-OCCT691-7-CR0-OCCT691-occt-64/inc/IGESData_IGESModel.hxx
+M IGESData:privinclude:IGESData_IGESModel.jxx /misc/dn61/LocalWOK/wok_entities/LOC/dev/CR0-OCCT691-7-CR0-OCCT691-occt-64/drv/IGESData/IGESData_IGESModel.jxx
+M IGESData:privinclude:IGESData_IGESModel.ixx /misc/dn61/LocalWOK/wok_entities/LOC/dev/CR0-OCCT691-7-CR0-OCCT691-occt-64/drv/IGESData/IGESData_IGESModel.ixx
+M IGESData:pubinclude:Handle_IGESData_IGESEntity.hxx /misc/dn61/LocalWOK/wok_entities/LOC/dev/CR0-OCCT691-7-CR0-OCCT691-occt-64/inc/Handle_IGESData_IGESEntity.hxx
+M IGESData:pubinclude:IGESData_IGESEntity.hxx /misc/dn61/LocalWOK/wok_entities/LOC/dev/CR0-OCCT691-7-CR0-OCCT691-occt-64/inc/IGESData_IGESEntity.hxx
+M IGESData:privinclude:IGESData_IGESEntity.jxx /misc/dn61/LocalWOK/wok_entities/LOC/dev/CR0-OCCT691-7-CR0-OCCT691-occt-64/drv/IGESData/IGESData_IGESEntity.jxx
+M IGESData:privinclude:IGESData_IGESEntity.ixx /misc/dn61/LocalWOK/wok_entities/LOC/dev/CR0-OCCT691-7-CR0-OCCT691-occt-64/drv/IGESData/IGESData_IGESEntity.ixx
+M IGESData:pubinclude:Handle_IGESData_LineFontEntity.hxx /misc/dn61/LocalWOK/wok_entities/LOC/dev/CR0-OCCT691-7-CR0-OCCT691-occt-64/inc/Handle_IGESData_LineFontEntity.hxx
+M IGESData:pubinclude:IGESData_LineFontEntity.hxx /misc/dn61/LocalWOK/wok_entities/LOC/dev/CR0-OCCT691-7-CR0-OCCT691-occt-64/inc/IGESData_LineFontEntity.hxx
+M IGESData:privinclude:IGESData_LineFontEntity.jxx /misc/dn61/LocalWOK/wok_entities/LOC/dev/CR0-OCCT691-7-CR0-OCCT691-occt-64/drv/IGESData/IGESData_LineFontEntity.jxx
+M IGESData:privinclude:IGESData_LineFontEntity.ixx /misc/dn61/LocalWOK/wok_entities/LOC/dev/CR0-OCCT691-7-CR0-OCCT691-occt-64/drv/IGESData/IGESData_LineFontEntity.ixx
+M IGESData:pubinclude:Handle_IGESData_LevelListEntity.hxx /misc/dn61/LocalWOK/wok_entities/LOC/dev/CR0-OCCT691-7-CR0-OCCT691-occt-64/inc/Handle_IGESData_LevelListEntity.hxx
+M IGESData:pubinclude:IGESData_LevelListEntity.hxx /misc/dn61/LocalWOK/wok_entities/LOC/dev/CR0-OCCT691-7-CR0-OCCT691-occt-64/inc/IGESData_LevelListEntity.hxx
+M IGESData:privinclude:IGESData_LevelListEntity.jxx /misc/dn61/LocalWOK/wok_entities/LOC/dev/CR0-OCCT691-7-CR0-OCCT691-occt-64/drv/IGESData/IGESData_LevelListEntity.jxx
+M IGESData:privinclude:IGESData_LevelListEntity.ixx /misc/dn61/LocalWOK/wok_entities/LOC/dev/CR0-OCCT691-7-CR0-OCCT691-occt-64/drv/IGESData/IGESData_LevelListEntity.ixx
+M IGESData:pubinclude:Handle_IGESData_TransfEntity.hxx /misc/dn61/LocalWOK/wok_entities/LOC/dev/CR0-OCCT691-7-CR0-OCCT691-occt-64/inc/Handle_IGESData_TransfEntity.hxx
+M IGESData:pubinclude:IGESData_TransfEntity.hxx /misc/dn61/LocalWOK/wok_entities/LOC/dev/CR0-OCCT691-7-CR0-OCCT691-occt-64/inc/IGESData_TransfEntity.hxx
+M IGESData:privinclude:IGESData_TransfEntity.jxx /misc/dn61/LocalWOK/wok_entities/LOC/dev/CR0-OCCT691-7-CR0-OCCT691-occt-64/drv/IGESData/IGESData_TransfEntity.jxx
+M IGESData:privinclude:IGESData_TransfEntity.ixx /misc/dn61/LocalWOK/wok_entities/LOC/dev/CR0-OCCT691-7-CR0-OCCT691-occt-64/drv/IGESData/IGESData_TransfEntity.ixx
+M IGESData:pubinclude:Handle_IGESData_ViewKindEntity.hxx /misc/dn61/LocalWOK/wok_entities/LOC/dev/CR0-OCCT691-7-CR0-OCCT691-occt-64/inc/Handle_IGESData_ViewKindEntity.hxx
+M IGESData:pubinclude:IGESData_ViewKindEntity.hxx /misc/dn61/LocalWOK/wok_entities/LOC/dev/CR0-OCCT691-7-CR0-OCCT691-occt-64/inc/IGESData_ViewKindEntity.hxx
+M IGESData:privinclude:IGESData_ViewKindEntity.jxx /misc/dn61/LocalWOK/wok_entities/LOC/dev/CR0-OCCT691-7-CR0-OCCT691-occt-64/drv/IGESData/IGESData_ViewKindEntity.jxx
+M IGESData:privinclude:IGESData_ViewKindEntity.ixx /misc/dn61/LocalWOK/wok_entities/LOC/dev/CR0-OCCT691-7-CR0-OCCT691-occt-64/drv/IGESData/IGESData_ViewKindEntity.ixx
+M IGESData:pubinclude:Handle_IGESData_LabelDisplayEntity.hxx /misc/dn61/LocalWOK/wok_entities/LOC/dev/CR0-OCCT691-7-CR0-OCCT691-occt-64/inc/Handle_IGESData_LabelDisplayEntity.hxx
+M IGESData:pubinclude:IGESData_LabelDisplayEntity.hxx /misc/dn61/LocalWOK/wok_entities/LOC/dev/CR0-OCCT691-7-CR0-OCCT691-occt-64/inc/IGESData_LabelDisplayEntity.hxx
+M IGESData:privinclude:IGESData_LabelDisplayEntity.jxx /misc/dn61/LocalWOK/wok_entities/LOC/dev/CR0-OCCT691-7-CR0-OCCT691-occt-64/drv/IGESData/IGESData_LabelDisplayEntity.jxx
+M IGESData:privinclude:IGESData_LabelDisplayEntity.ixx /misc/dn61/LocalWOK/wok_entities/LOC/dev/CR0-OCCT691-7-CR0-OCCT691-occt-64/drv/IGESData/IGESData_LabelDisplayEntity.ixx
+M IGESData:pubinclude:Handle_IGESData_ColorEntity.hxx /misc/dn61/LocalWOK/wok_entities/LOC/dev/CR0-OCCT691-7-CR0-OCCT691-occt-64/inc/Handle_IGESData_ColorEntity.hxx
+M IGESData:pubinclude:IGESData_ColorEntity.hxx /misc/dn61/LocalWOK/wok_entities/LOC/dev/CR0-OCCT691-7-CR0-OCCT691-occt-64/inc/IGESData_ColorEntity.hxx
+M IGESData:privinclude:IGESData_ColorEntity.jxx /misc/dn61/LocalWOK/wok_entities/LOC/dev/CR0-OCCT691-7-CR0-OCCT691-occt-64/drv/IGESData/IGESData_ColorEntity.jxx
+M IGESData:privinclude:IGESData_ColorEntity.ixx /misc/dn61/LocalWOK/wok_entities/LOC/dev/CR0-OCCT691-7-CR0-OCCT691-occt-64/drv/IGESData/IGESData_ColorEntity.ixx
+M IGESData:pubinclude:Handle_IGESData_NameEntity.hxx /misc/dn61/LocalWOK/wok_entities/LOC/dev/CR0-OCCT691-7-CR0-OCCT691-occt-64/inc/Handle_IGESData_NameEntity.hxx
+M IGESData:pubinclude:IGESData_NameEntity.hxx /misc/dn61/LocalWOK/wok_entities/LOC/dev/CR0-OCCT691-7-CR0-OCCT691-occt-64/inc/IGESData_NameEntity.hxx
+M IGESData:privinclude:IGESData_NameEntity.jxx /misc/dn61/LocalWOK/wok_entities/LOC/dev/CR0-OCCT691-7-CR0-OCCT691-occt-64/drv/IGESData/IGESData_NameEntity.jxx
+M IGESData:privinclude:IGESData_NameEntity.ixx /misc/dn61/LocalWOK/wok_entities/LOC/dev/CR0-OCCT691-7-CR0-OCCT691-occt-64/drv/IGESData/IGESData_NameEntity.ixx
+M IGESData:pubinclude:Handle_IGESData_SingleParentEntity.hxx /misc/dn61/LocalWOK/wok_entities/LOC/dev/CR0-OCCT691-7-CR0-OCCT691-occt-64/inc/Handle_IGESData_SingleParentEntity.hxx
+M IGESData:pubinclude:IGESData_SingleParentEntity.hxx /misc/dn61/LocalWOK/wok_entities/LOC/dev/CR0-OCCT691-7-CR0-OCCT691-occt-64/inc/IGESData_SingleParentEntity.hxx
+M IGESData:privinclude:IGESData_SingleParentEntity.jxx /misc/dn61/LocalWOK/wok_entities/LOC/dev/CR0-OCCT691-7-CR0-OCCT691-occt-64/drv/IGESData/IGESData_SingleParentEntity.jxx
+M IGESData:privinclude:IGESData_SingleParentEntity.ixx /misc/dn61/LocalWOK/wok_entities/LOC/dev/CR0-OCCT691-7-CR0-OCCT691-occt-64/drv/IGESData/IGESData_SingleParentEntity.ixx
+M IGESData:pubinclude:Handle_IGESData_UndefinedEntity.hxx /misc/dn61/LocalWOK/wok_entities/LOC/dev/CR0-OCCT691-7-CR0-OCCT691-occt-64/inc/Handle_IGESData_UndefinedEntity.hxx
+M IGESData:pubinclude:IGESData_UndefinedEntity.hxx /misc/dn61/LocalWOK/wok_entities/LOC/dev/CR0-OCCT691-7-CR0-OCCT691-occt-64/inc/IGESData_UndefinedEntity.hxx
+M IGESData:privinclude:IGESData_UndefinedEntity.jxx /misc/dn61/LocalWOK/wok_entities/LOC/dev/CR0-OCCT691-7-CR0-OCCT691-occt-64/drv/IGESData/IGESData_UndefinedEntity.jxx
+M IGESData:privinclude:IGESData_UndefinedEntity.ixx /misc/dn61/LocalWOK/wok_entities/LOC/dev/CR0-OCCT691-7-CR0-OCCT691-occt-64/drv/IGESData/IGESData_UndefinedEntity.ixx
+M IGESData:pubinclude:Handle_IGESData_FreeFormatEntity.hxx /misc/dn61/LocalWOK/wok_entities/LOC/dev/CR0-OCCT691-7-CR0-OCCT691-occt-64/inc/Handle_IGESData_FreeFormatEntity.hxx
+M IGESData:pubinclude:IGESData_FreeFormatEntity.hxx /misc/dn61/LocalWOK/wok_entities/LOC/dev/CR0-OCCT691-7-CR0-OCCT691-occt-64/inc/IGESData_FreeFormatEntity.hxx
+M IGESData:privinclude:IGESData_FreeFormatEntity.jxx /misc/dn61/LocalWOK/wok_entities/LOC/dev/CR0-OCCT691-7-CR0-OCCT691-occt-64/drv/IGESData/IGESData_FreeFormatEntity.jxx
+M IGESData:privinclude:IGESData_FreeFormatEntity.ixx /misc/dn61/LocalWOK/wok_entities/LOC/dev/CR0-OCCT691-7-CR0-OCCT691-occt-64/drv/IGESData/IGESData_FreeFormatEntity.ixx
+M IGESData:pubinclude:IGESData_GlobalSection.hxx /misc/dn61/LocalWOK/wok_entities/LOC/dev/CR0-OCCT691-7-CR0-OCCT691-occt-64/inc/IGESData_GlobalSection.hxx
+M IGESData:privinclude:IGESData_GlobalSection.jxx /misc/dn61/LocalWOK/wok_entities/LOC/dev/CR0-OCCT691-7-CR0-OCCT691-occt-64/drv/IGESData/IGESData_GlobalSection.jxx
+M IGESData:privinclude:IGESData_GlobalSection.ixx /misc/dn61/LocalWOK/wok_entities/LOC/dev/CR0-OCCT691-7-CR0-OCCT691-occt-64/drv/IGESData/IGESData_GlobalSection.ixx
+M IGESData:pubinclude:IGESData_DefSwitch.hxx /misc/dn61/LocalWOK/wok_entities/LOC/dev/CR0-OCCT691-7-CR0-OCCT691-occt-64/inc/IGESData_DefSwitch.hxx
+M IGESData:privinclude:IGESData_DefSwitch.jxx /misc/dn61/LocalWOK/wok_entities/LOC/dev/CR0-OCCT691-7-CR0-OCCT691-occt-64/drv/IGESData/IGESData_DefSwitch.jxx
+M IGESData:privinclude:IGESData_DefSwitch.ixx /misc/dn61/LocalWOK/wok_entities/LOC/dev/CR0-OCCT691-7-CR0-OCCT691-occt-64/drv/IGESData/IGESData_DefSwitch.ixx
+M IGESData:pubinclude:IGESData_DirChecker.hxx /misc/dn61/LocalWOK/wok_entities/LOC/dev/CR0-OCCT691-7-CR0-OCCT691-occt-64/inc/IGESData_DirChecker.hxx
+M IGESData:privinclude:IGESData_DirChecker.jxx /misc/dn61/LocalWOK/wok_entities/LOC/dev/CR0-OCCT691-7-CR0-OCCT691-occt-64/drv/IGESData/IGESData_DirChecker.jxx
+M IGESData:privinclude:IGESData_DirChecker.ixx /misc/dn61/LocalWOK/wok_entities/LOC/dev/CR0-OCCT691-7-CR0-OCCT691-occt-64/drv/IGESData/IGESData_DirChecker.ixx
+M IGESData:pubinclude:Handle_IGESData_IGESReaderData.hxx /misc/dn61/LocalWOK/wok_entities/LOC/dev/CR0-OCCT691-7-CR0-OCCT691-occt-64/inc/Handle_IGESData_IGESReaderData.hxx
+M IGESData:pubinclude:IGESData_IGESReaderData.hxx /misc/dn61/LocalWOK/wok_entities/LOC/dev/CR0-OCCT691-7-CR0-OCCT691-occt-64/inc/IGESData_IGESReaderData.hxx
+M IGESData:privinclude:IGESData_IGESReaderData.jxx /misc/dn61/LocalWOK/wok_entities/LOC/dev/CR0-OCCT691-7-CR0-OCCT691-occt-64/drv/IGESData/IGESData_IGESReaderData.jxx
+M IGESData:privinclude:IGESData_IGESReaderData.ixx /misc/dn61/LocalWOK/wok_entities/LOC/dev/CR0-OCCT691-7-CR0-OCCT691-occt-64/drv/IGESData/IGESData_IGESReaderData.ixx
+M IGESData:pubinclude:IGESData_IGESReaderTool.hxx /misc/dn61/LocalWOK/wok_entities/LOC/dev/CR0-OCCT691-7-CR0-OCCT691-occt-64/inc/IGESData_IGESReaderTool.hxx
+M IGESData:privinclude:IGESData_IGESReaderTool.jxx /misc/dn61/LocalWOK/wok_entities/LOC/dev/CR0-OCCT691-7-CR0-OCCT691-occt-64/drv/IGESData/IGESData_IGESReaderTool.jxx
+M IGESData:privinclude:IGESData_IGESReaderTool.ixx /misc/dn61/LocalWOK/wok_entities/LOC/dev/CR0-OCCT691-7-CR0-OCCT691-occt-64/drv/IGESData/IGESData_IGESReaderTool.ixx
+M IGESData:pubinclude:IGESData_ParamReader.hxx /misc/dn61/LocalWOK/wok_entities/LOC/dev/CR0-OCCT691-7-CR0-OCCT691-occt-64/inc/IGESData_ParamReader.hxx
+M IGESData:privinclude:IGESData_ParamReader.jxx /misc/dn61/LocalWOK/wok_entities/LOC/dev/CR0-OCCT691-7-CR0-OCCT691-occt-64/drv/IGESData/IGESData_ParamReader.jxx
+M IGESData:privinclude:IGESData_ParamReader.ixx /misc/dn61/LocalWOK/wok_entities/LOC/dev/CR0-OCCT691-7-CR0-OCCT691-occt-64/drv/IGESData/IGESData_ParamReader.ixx
+M IGESData:pubinclude:IGESData_ParamCursor.hxx /misc/dn61/LocalWOK/wok_entities/LOC/dev/CR0-OCCT691-7-CR0-OCCT691-occt-64/inc/IGESData_ParamCursor.hxx
+M IGESData:privinclude:IGESData_ParamCursor.jxx /misc/dn61/LocalWOK/wok_entities/LOC/dev/CR0-OCCT691-7-CR0-OCCT691-occt-64/drv/IGESData/IGESData_ParamCursor.jxx
+M IGESData:privinclude:IGESData_ParamCursor.ixx /misc/dn61/LocalWOK/wok_entities/LOC/dev/CR0-OCCT691-7-CR0-OCCT691-occt-64/drv/IGESData/IGESData_ParamCursor.ixx
+M IGESData:pubinclude:IGESData_DirPart.hxx /misc/dn61/LocalWOK/wok_entities/LOC/dev/CR0-OCCT691-7-CR0-OCCT691-occt-64/inc/IGESData_DirPart.hxx
+M IGESData:privinclude:IGESData_DirPart.jxx /misc/dn61/LocalWOK/wok_entities/LOC/dev/CR0-OCCT691-7-CR0-OCCT691-occt-64/drv/IGESData/IGESData_DirPart.jxx
+M IGESData:privinclude:IGESData_DirPart.ixx /misc/dn61/LocalWOK/wok_entities/LOC/dev/CR0-OCCT691-7-CR0-OCCT691-occt-64/drv/IGESData/IGESData_DirPart.ixx
+M IGESData:pubinclude:IGESData_IGESType.hxx /misc/dn61/LocalWOK/wok_entities/LOC/dev/CR0-OCCT691-7-CR0-OCCT691-occt-64/inc/IGESData_IGESType.hxx
+M IGESData:privinclude:IGESData_IGESType.jxx /misc/dn61/LocalWOK/wok_entities/LOC/dev/CR0-OCCT691-7-CR0-OCCT691-occt-64/drv/IGESData/IGESData_IGESType.jxx
+M IGESData:privinclude:IGESData_IGESType.ixx /misc/dn61/LocalWOK/wok_entities/LOC/dev/CR0-OCCT691-7-CR0-OCCT691-occt-64/drv/IGESData/IGESData_IGESType.ixx
+M IGESData:pubinclude:Handle_IGESData_FileRecognizer.hxx /misc/dn61/LocalWOK/wok_entities/LOC/dev/CR0-OCCT691-7-CR0-OCCT691-occt-64/inc/Handle_IGESData_FileRecognizer.hxx
+M IGESData:pubinclude:IGESData_FileRecognizer.hxx /misc/dn61/LocalWOK/wok_entities/LOC/dev/CR0-OCCT691-7-CR0-OCCT691-occt-64/inc/IGESData_FileRecognizer.hxx
+M IGESData:derivated:IGESData_FileRecognizer_0.cxx /misc/dn61/LocalWOK/wok_entities/LOC/dev/CR0-OCCT691-7-CR0-OCCT691-occt-64/drv/IGESData/IGESData_FileRecognizer_0.cxx
+M IGESData:pubinclude:IGESData_IGESWriter.hxx /misc/dn61/LocalWOK/wok_entities/LOC/dev/CR0-OCCT691-7-CR0-OCCT691-occt-64/inc/IGESData_IGESWriter.hxx
+M IGESData:privinclude:IGESData_IGESWriter.jxx /misc/dn61/LocalWOK/wok_entities/LOC/dev/CR0-OCCT691-7-CR0-OCCT691-occt-64/drv/IGESData/IGESData_IGESWriter.jxx
+M IGESData:privinclude:IGESData_IGESWriter.ixx /misc/dn61/LocalWOK/wok_entities/LOC/dev/CR0-OCCT691-7-CR0-OCCT691-occt-64/drv/IGESData/IGESData_IGESWriter.ixx
+M IGESData:pubinclude:IGESData_IGESDumper.hxx /misc/dn61/LocalWOK/wok_entities/LOC/dev/CR0-OCCT691-7-CR0-OCCT691-occt-64/inc/IGESData_IGESDumper.hxx
+M IGESData:privinclude:IGESData_IGESDumper.jxx /misc/dn61/LocalWOK/wok_entities/LOC/dev/CR0-OCCT691-7-CR0-OCCT691-occt-64/drv/IGESData/IGESData_IGESDumper.jxx
+M IGESData:privinclude:IGESData_IGESDumper.ixx /misc/dn61/LocalWOK/wok_entities/LOC/dev/CR0-OCCT691-7-CR0-OCCT691-occt-64/drv/IGESData/IGESData_IGESDumper.ixx
+M IGESData:pubinclude:IGESData_BasicEditor.hxx /misc/dn61/LocalWOK/wok_entities/LOC/dev/CR0-OCCT691-7-CR0-OCCT691-occt-64/inc/IGESData_BasicEditor.hxx
+M IGESData:privinclude:IGESData_BasicEditor.jxx /misc/dn61/LocalWOK/wok_entities/LOC/dev/CR0-OCCT691-7-CR0-OCCT691-occt-64/drv/IGESData/IGESData_BasicEditor.jxx
+M IGESData:privinclude:IGESData_BasicEditor.ixx /misc/dn61/LocalWOK/wok_entities/LOC/dev/CR0-OCCT691-7-CR0-OCCT691-occt-64/drv/IGESData/IGESData_BasicEditor.ixx
+M IGESData:pubinclude:Handle_IGESData_ToolLocation.hxx /misc/dn61/LocalWOK/wok_entities/LOC/dev/CR0-OCCT691-7-CR0-OCCT691-occt-64/inc/Handle_IGESData_ToolLocation.hxx
+M IGESData:pubinclude:IGESData_ToolLocation.hxx /misc/dn61/LocalWOK/wok_entities/LOC/dev/CR0-OCCT691-7-CR0-OCCT691-occt-64/inc/IGESData_ToolLocation.hxx
+M IGESData:privinclude:IGESData_ToolLocation.jxx /misc/dn61/LocalWOK/wok_entities/LOC/dev/CR0-OCCT691-7-CR0-OCCT691-occt-64/drv/IGESData/IGESData_ToolLocation.jxx
+M IGESData:privinclude:IGESData_ToolLocation.ixx /misc/dn61/LocalWOK/wok_entities/LOC/dev/CR0-OCCT691-7-CR0-OCCT691-occt-64/drv/IGESData/IGESData_ToolLocation.ixx
+M IGESData:pubinclude:Handle_IGESData_GeneralModule.hxx /misc/dn61/LocalWOK/wok_entities/LOC/dev/CR0-OCCT691-7-CR0-OCCT691-occt-64/inc/Handle_IGESData_GeneralModule.hxx
+M IGESData:pubinclude:IGESData_GeneralModule.hxx /misc/dn61/LocalWOK/wok_entities/LOC/dev/CR0-OCCT691-7-CR0-OCCT691-occt-64/inc/IGESData_GeneralModule.hxx
+M IGESData:privinclude:IGESData_GeneralModule.jxx /misc/dn61/LocalWOK/wok_entities/LOC/dev/CR0-OCCT691-7-CR0-OCCT691-occt-64/drv/IGESData/IGESData_GeneralModule.jxx
+M IGESData:privinclude:IGESData_GeneralModule.ixx /misc/dn61/LocalWOK/wok_entities/LOC/dev/CR0-OCCT691-7-CR0-OCCT691-occt-64/drv/IGESData/IGESData_GeneralModule.ixx
+M IGESData:pubinclude:Handle_IGESData_DefaultGeneral.hxx /misc/dn61/LocalWOK/wok_entities/LOC/dev/CR0-OCCT691-7-CR0-OCCT691-occt-64/inc/Handle_IGESData_DefaultGeneral.hxx
+M IGESData:pubinclude:IGESData_DefaultGeneral.hxx /misc/dn61/LocalWOK/wok_entities/LOC/dev/CR0-OCCT691-7-CR0-OCCT691-occt-64/inc/IGESData_DefaultGeneral.hxx
+M IGESData:privinclude:IGESData_DefaultGeneral.jxx /misc/dn61/LocalWOK/wok_entities/LOC/dev/CR0-OCCT691-7-CR0-OCCT691-occt-64/drv/IGESData/IGESData_DefaultGeneral.jxx
+M IGESData:privinclude:IGESData_DefaultGeneral.ixx /misc/dn61/LocalWOK/wok_entities/LOC/dev/CR0-OCCT691-7-CR0-OCCT691-occt-64/drv/IGESData/IGESData_DefaultGeneral.ixx
+M IGESData:pubinclude:Handle_IGESData_ReadWriteModule.hxx /misc/dn61/LocalWOK/wok_entities/LOC/dev/CR0-OCCT691-7-CR0-OCCT691-occt-64/inc/Handle_IGESData_ReadWriteModule.hxx
+M IGESData:pubinclude:IGESData_ReadWriteModule.hxx /misc/dn61/LocalWOK/wok_entities/LOC/dev/CR0-OCCT691-7-CR0-OCCT691-occt-64/inc/IGESData_ReadWriteModule.hxx
+M IGESData:privinclude:IGESData_ReadWriteModule.jxx /misc/dn61/LocalWOK/wok_entities/LOC/dev/CR0-OCCT691-7-CR0-OCCT691-occt-64/drv/IGESData/IGESData_ReadWriteModule.jxx
+M IGESData:privinclude:IGESData_ReadWriteModule.ixx /misc/dn61/LocalWOK/wok_entities/LOC/dev/CR0-OCCT691-7-CR0-OCCT691-occt-64/drv/IGESData/IGESData_ReadWriteModule.ixx
+M IGESData:pubinclude:Handle_IGESData_SpecificModule.hxx /misc/dn61/LocalWOK/wok_entities/LOC/dev/CR0-OCCT691-7-CR0-OCCT691-occt-64/inc/Handle_IGESData_SpecificModule.hxx
+M IGESData:pubinclude:IGESData_SpecificModule.hxx /misc/dn61/LocalWOK/wok_entities/LOC/dev/CR0-OCCT691-7-CR0-OCCT691-occt-64/inc/IGESData_SpecificModule.hxx
+M IGESData:privinclude:IGESData_SpecificModule.jxx /misc/dn61/LocalWOK/wok_entities/LOC/dev/CR0-OCCT691-7-CR0-OCCT691-occt-64/drv/IGESData/IGESData_SpecificModule.jxx
+M IGESData:privinclude:IGESData_SpecificModule.ixx /misc/dn61/LocalWOK/wok_entities/LOC/dev/CR0-OCCT691-7-CR0-OCCT691-occt-64/drv/IGESData/IGESData_SpecificModule.ixx
+M IGESData:pubinclude:Handle_IGESData_DefaultSpecific.hxx /misc/dn61/LocalWOK/wok_entities/LOC/dev/CR0-OCCT691-7-CR0-OCCT691-occt-64/inc/Handle_IGESData_DefaultSpecific.hxx
+M IGESData:pubinclude:IGESData_DefaultSpecific.hxx /misc/dn61/LocalWOK/wok_entities/LOC/dev/CR0-OCCT691-7-CR0-OCCT691-occt-64/inc/IGESData_DefaultSpecific.hxx
+M IGESData:privinclude:IGESData_DefaultSpecific.jxx /misc/dn61/LocalWOK/wok_entities/LOC/dev/CR0-OCCT691-7-CR0-OCCT691-occt-64/drv/IGESData/IGESData_DefaultSpecific.jxx
+M IGESData:privinclude:IGESData_DefaultSpecific.ixx /misc/dn61/LocalWOK/wok_entities/LOC/dev/CR0-OCCT691-7-CR0-OCCT691-occt-64/drv/IGESData/IGESData_DefaultSpecific.ixx
+M IGESData:pubinclude:Handle_IGESData_FileProtocol.hxx /misc/dn61/LocalWOK/wok_entities/LOC/dev/CR0-OCCT691-7-CR0-OCCT691-occt-64/inc/Handle_IGESData_FileProtocol.hxx
+M IGESData:pubinclude:IGESData_FileProtocol.hxx /misc/dn61/LocalWOK/wok_entities/LOC/dev/CR0-OCCT691-7-CR0-OCCT691-occt-64/inc/IGESData_FileProtocol.hxx
+M IGESData:privinclude:IGESData_FileProtocol.jxx /misc/dn61/LocalWOK/wok_entities/LOC/dev/CR0-OCCT691-7-CR0-OCCT691-occt-64/drv/IGESData/IGESData_FileProtocol.jxx
+M IGESData:privinclude:IGESData_FileProtocol.ixx /misc/dn61/LocalWOK/wok_entities/LOC/dev/CR0-OCCT691-7-CR0-OCCT691-occt-64/drv/IGESData/IGESData_FileProtocol.ixx
+M IGESData:pubinclude:IGESData_WriterLib.hxx /misc/dn61/LocalWOK/wok_entities/LOC/dev/CR0-OCCT691-7-CR0-OCCT691-occt-64/inc/IGESData_WriterLib.hxx
+M IGESData:derivated:IGESData_WriterLib_0.cxx /misc/dn61/LocalWOK/wok_entities/LOC/dev/CR0-OCCT691-7-CR0-OCCT691-occt-64/drv/IGESData/IGESData_WriterLib_0.cxx
+M IGESData:pubinclude:IGESData_SpecificLib.hxx /misc/dn61/LocalWOK/wok_entities/LOC/dev/CR0-OCCT691-7-CR0-OCCT691-occt-64/inc/IGESData_SpecificLib.hxx
+M IGESData:derivated:IGESData_SpecificLib_0.cxx /misc/dn61/LocalWOK/wok_entities/LOC/dev/CR0-OCCT691-7-CR0-OCCT691-occt-64/drv/IGESData/IGESData_SpecificLib_0.cxx
+M IGESData:pubinclude:IGESData_Array1OfDirPart.hxx /misc/dn61/LocalWOK/wok_entities/LOC/dev/CR0-OCCT691-7-CR0-OCCT691-occt-64/inc/IGESData_Array1OfDirPart.hxx
+M IGESData:derivated:IGESData_Array1OfDirPart_0.cxx /misc/dn61/LocalWOK/wok_entities/LOC/dev/CR0-OCCT691-7-CR0-OCCT691-occt-64/drv/IGESData/IGESData_Array1OfDirPart_0.cxx
+M IGESData:pubinclude:IGESData_Array1OfIGESEntity.hxx /misc/dn61/LocalWOK/wok_entities/LOC/dev/CR0-OCCT691-7-CR0-OCCT691-occt-64/inc/IGESData_Array1OfIGESEntity.hxx
+M IGESData:derivated:IGESData_Array1OfIGESEntity_0.cxx /misc/dn61/LocalWOK/wok_entities/LOC/dev/CR0-OCCT691-7-CR0-OCCT691-occt-64/drv/IGESData/IGESData_Array1OfIGESEntity_0.cxx
+M IGESData:pubinclude:Handle_IGESData_HArray1OfIGESEntity.hxx /misc/dn61/LocalWOK/wok_entities/LOC/dev/CR0-OCCT691-7-CR0-OCCT691-occt-64/inc/Handle_IGESData_HArray1OfIGESEntity.hxx
+M IGESData:pubinclude:IGESData_HArray1OfIGESEntity.hxx /misc/dn61/LocalWOK/wok_entities/LOC/dev/CR0-OCCT691-7-CR0-OCCT691-occt-64/inc/IGESData_HArray1OfIGESEntity.hxx
+M IGESData:derivated:IGESData_HArray1OfIGESEntity_0.cxx /misc/dn61/LocalWOK/wok_entities/LOC/dev/CR0-OCCT691-7-CR0-OCCT691-occt-64/drv/IGESData/IGESData_HArray1OfIGESEntity_0.cxx
+M IGESData:pubinclude:Handle_IGESData_GlobalNodeOfWriterLib.hxx /misc/dn61/LocalWOK/wok_entities/LOC/dev/CR0-OCCT691-7-CR0-OCCT691-occt-64/inc/Handle_IGESData_GlobalNodeOfWriterLib.hxx
+M IGESData:pubinclude:IGESData_GlobalNodeOfWriterLib.hxx /misc/dn61/LocalWOK/wok_entities/LOC/dev/CR0-OCCT691-7-CR0-OCCT691-occt-64/inc/IGESData_GlobalNodeOfWriterLib.hxx
+M IGESData:derivated:IGESData_GlobalNodeOfWriterLib_0.cxx /misc/dn61/LocalWOK/wok_entities/LOC/dev/CR0-OCCT691-7-CR0-OCCT691-occt-64/drv/IGESData/IGESData_GlobalNodeOfWriterLib_0.cxx
+M IGESData:pubinclude:Handle_IGESData_NodeOfWriterLib.hxx /misc/dn61/LocalWOK/wok_entities/LOC/dev/CR0-OCCT691-7-CR0-OCCT691-occt-64/inc/Handle_IGESData_NodeOfWriterLib.hxx
+M IGESData:pubinclude:IGESData_NodeOfWriterLib.hxx /misc/dn61/LocalWOK/wok_entities/LOC/dev/CR0-OCCT691-7-CR0-OCCT691-occt-64/inc/IGESData_NodeOfWriterLib.hxx
+M IGESData:derivated:IGESData_NodeOfWriterLib_0.cxx /misc/dn61/LocalWOK/wok_entities/LOC/dev/CR0-OCCT691-7-CR0-OCCT691-occt-64/drv/IGESData/IGESData_NodeOfWriterLib_0.cxx
+M IGESData:pubinclude:Handle_IGESData_GlobalNodeOfSpecificLib.hxx /misc/dn61/LocalWOK/wok_entities/LOC/dev/CR0-OCCT691-7-CR0-OCCT691-occt-64/inc/Handle_IGESData_GlobalNodeOfSpecificLib.hxx
+M IGESData:pubinclude:IGESData_GlobalNodeOfSpecificLib.hxx /misc/dn61/LocalWOK/wok_entities/LOC/dev/CR0-OCCT691-7-CR0-OCCT691-occt-64/inc/IGESData_GlobalNodeOfSpecificLib.hxx
+M IGESData:derivated:IGESData_GlobalNodeOfSpecificLib_0.cxx /misc/dn61/LocalWOK/wok_entities/LOC/dev/CR0-OCCT691-7-CR0-OCCT691-occt-64/drv/IGESData/IGESData_GlobalNodeOfSpecificLib_0.cxx
+M IGESData:pubinclude:Handle_IGESData_NodeOfSpecificLib.hxx /misc/dn61/LocalWOK/wok_entities/LOC/dev/CR0-OCCT691-7-CR0-OCCT691-occt-64/inc/Handle_IGESData_NodeOfSpecificLib.hxx
+M IGESData:pubinclude:IGESData_NodeOfSpecificLib.hxx /misc/dn61/LocalWOK/wok_entities/LOC/dev/CR0-OCCT691-7-CR0-OCCT691-occt-64/inc/IGESData_NodeOfSpecificLib.hxx
+M IGESData:derivated:IGESData_NodeOfSpecificLib_0.cxx /misc/dn61/LocalWOK/wok_entities/LOC/dev/CR0-OCCT691-7-CR0-OCCT691-occt-64/drv/IGESData/IGESData_NodeOfSpecificLib_0.cxx
+M IGESData:pubinclude:IGESData_Status.hxx /misc/dn61/LocalWOK/wok_entities/LOC/dev/CR0-OCCT691-7-CR0-OCCT691-occt-64/inc/IGESData_Status.hxx
+M IGESData:pubinclude:IGESData_DefType.hxx /misc/dn61/LocalWOK/wok_entities/LOC/dev/CR0-OCCT691-7-CR0-OCCT691-occt-64/inc/IGESData_DefType.hxx
+M IGESData:pubinclude:IGESData_DefList.hxx /misc/dn61/LocalWOK/wok_entities/LOC/dev/CR0-OCCT691-7-CR0-OCCT691-occt-64/inc/IGESData_DefList.hxx
+M IGESData:pubinclude:IGESData_ReadStage.hxx /misc/dn61/LocalWOK/wok_entities/LOC/dev/CR0-OCCT691-7-CR0-OCCT691-occt-64/inc/IGESData_ReadStage.hxx
+M IGESData:dbadmfile:IGESData_xcpp_header.In /misc/dn61/LocalWOK/wok_entities/LOC/dev/CR0-OCCT691-7-CR0-OCCT691-occt-64/drv/IGESData/.adm/IGESData_xcpp_header.In
+M IGESData:dbadmfile:IGESData_xcpp_header.Out /misc/dn61/LocalWOK/wok_entities/LOC/dev/CR0-OCCT691-7-CR0-OCCT691-occt-64/drv/IGESData/.adm/IGESData_xcpp_header.Out
+M IGESData:dbadmfile:IGESData_xcpp_header.Dep /misc/dn61/LocalWOK/wok_entities/LOC/dev/CR0-OCCT691-7-CR0-OCCT691-occt-64/drv/IGESData/.adm/IGESData_xcpp_header.Dep
