+M BRepLib:pubinclude:BRepLib.hxx /misc/dn61/LocalWOK/wok_entities/LOC/dev/CR0-OCCT691-7-CR0-OCCT691-occt-64/inc/BRepLib.hxx
+M BRepLib:privinclude:BRepLib.jxx /misc/dn61/LocalWOK/wok_entities/LOC/dev/CR0-OCCT691-7-CR0-OCCT691-occt-64/drv/BRepLib/BRepLib.jxx
+M BRepLib:privinclude:BRepLib.ixx /misc/dn61/LocalWOK/wok_entities/LOC/dev/CR0-OCCT691-7-CR0-OCCT691-occt-64/drv/BRepLib/BRepLib.ixx
+M BRepLib:pubinclude:BRepLib_Command.hxx /misc/dn61/LocalWOK/wok_entities/LOC/dev/CR0-OCCT691-7-CR0-OCCT691-occt-64/inc/BRepLib_Command.hxx
+M BRepLib:privinclude:BRepLib_Command.jxx /misc/dn61/LocalWOK/wok_entities/LOC/dev/CR0-OCCT691-7-CR0-OCCT691-occt-64/drv/BRepLib/BRepLib_Command.jxx
+M BRepLib:privinclude:BRepLib_Command.ixx /misc/dn61/LocalWOK/wok_entities/LOC/dev/CR0-OCCT691-7-CR0-OCCT691-occt-64/drv/BRepLib/BRepLib_Command.ixx
+M BRepLib:pubinclude:BRepLib_MakeShape.hxx /misc/dn61/LocalWOK/wok_entities/LOC/dev/CR0-OCCT691-7-CR0-OCCT691-occt-64/inc/BRepLib_MakeShape.hxx
+M BRepLib:privinclude:BRepLib_MakeShape.jxx /misc/dn61/LocalWOK/wok_entities/LOC/dev/CR0-OCCT691-7-CR0-OCCT691-occt-64/drv/BRepLib/BRepLib_MakeShape.jxx
+M BRepLib:privinclude:BRepLib_MakeShape.ixx /misc/dn61/LocalWOK/wok_entities/LOC/dev/CR0-OCCT691-7-CR0-OCCT691-occt-64/drv/BRepLib/BRepLib_MakeShape.ixx
+M BRepLib:pubinclude:BRepLib_MakeVertex.hxx /misc/dn61/LocalWOK/wok_entities/LOC/dev/CR0-OCCT691-7-CR0-OCCT691-occt-64/inc/BRepLib_MakeVertex.hxx
+M BRepLib:privinclude:BRepLib_MakeVertex.jxx /misc/dn61/LocalWOK/wok_entities/LOC/dev/CR0-OCCT691-7-CR0-OCCT691-occt-64/drv/BRepLib/BRepLib_MakeVertex.jxx
+M BRepLib:privinclude:BRepLib_MakeVertex.ixx /misc/dn61/LocalWOK/wok_entities/LOC/dev/CR0-OCCT691-7-CR0-OCCT691-occt-64/drv/BRepLib/BRepLib_MakeVertex.ixx
+M BRepLib:pubinclude:BRepLib_MakeEdge.hxx /misc/dn61/LocalWOK/wok_entities/LOC/dev/CR0-OCCT691-7-CR0-OCCT691-occt-64/inc/BRepLib_MakeEdge.hxx
+M BRepLib:privinclude:BRepLib_MakeEdge.jxx /misc/dn61/LocalWOK/wok_entities/LOC/dev/CR0-OCCT691-7-CR0-OCCT691-occt-64/drv/BRepLib/BRepLib_MakeEdge.jxx
+M BRepLib:privinclude:BRepLib_MakeEdge.ixx /misc/dn61/LocalWOK/wok_entities/LOC/dev/CR0-OCCT691-7-CR0-OCCT691-occt-64/drv/BRepLib/BRepLib_MakeEdge.ixx
+M BRepLib:pubinclude:BRepLib_MakeEdge2d.hxx /misc/dn61/LocalWOK/wok_entities/LOC/dev/CR0-OCCT691-7-CR0-OCCT691-occt-64/inc/BRepLib_MakeEdge2d.hxx
+M BRepLib:privinclude:BRepLib_MakeEdge2d.jxx /misc/dn61/LocalWOK/wok_entities/LOC/dev/CR0-OCCT691-7-CR0-OCCT691-occt-64/drv/BRepLib/BRepLib_MakeEdge2d.jxx
+M BRepLib:privinclude:BRepLib_MakeEdge2d.ixx /misc/dn61/LocalWOK/wok_entities/LOC/dev/CR0-OCCT691-7-CR0-OCCT691-occt-64/drv/BRepLib/BRepLib_MakeEdge2d.ixx
+M BRepLib:pubinclude:BRepLib_MakePolygon.hxx /misc/dn61/LocalWOK/wok_entities/LOC/dev/CR0-OCCT691-7-CR0-OCCT691-occt-64/inc/BRepLib_MakePolygon.hxx
+M BRepLib:privinclude:BRepLib_MakePolygon.jxx /misc/dn61/LocalWOK/wok_entities/LOC/dev/CR0-OCCT691-7-CR0-OCCT691-occt-64/drv/BRepLib/BRepLib_MakePolygon.jxx
+M BRepLib:privinclude:BRepLib_MakePolygon.ixx /misc/dn61/LocalWOK/wok_entities/LOC/dev/CR0-OCCT691-7-CR0-OCCT691-occt-64/drv/BRepLib/BRepLib_MakePolygon.ixx
+M BRepLib:pubinclude:BRepLib_MakeFace.hxx /misc/dn61/LocalWOK/wok_entities/LOC/dev/CR0-OCCT691-7-CR0-OCCT691-occt-64/inc/BRepLib_MakeFace.hxx
+M BRepLib:privinclude:BRepLib_MakeFace.jxx /misc/dn61/LocalWOK/wok_entities/LOC/dev/CR0-OCCT691-7-CR0-OCCT691-occt-64/drv/BRepLib/BRepLib_MakeFace.jxx
+M BRepLib:privinclude:BRepLib_MakeFace.ixx /misc/dn61/LocalWOK/wok_entities/LOC/dev/CR0-OCCT691-7-CR0-OCCT691-occt-64/drv/BRepLib/BRepLib_MakeFace.ixx
+M BRepLib:pubinclude:BRepLib_MakeWire.hxx /misc/dn61/LocalWOK/wok_entities/LOC/dev/CR0-OCCT691-7-CR0-OCCT691-occt-64/inc/BRepLib_MakeWire.hxx
+M BRepLib:privinclude:BRepLib_MakeWire.jxx /misc/dn61/LocalWOK/wok_entities/LOC/dev/CR0-OCCT691-7-CR0-OCCT691-occt-64/drv/BRepLib/BRepLib_MakeWire.jxx
+M BRepLib:privinclude:BRepLib_MakeWire.ixx /misc/dn61/LocalWOK/wok_entities/LOC/dev/CR0-OCCT691-7-CR0-OCCT691-occt-64/drv/BRepLib/BRepLib_MakeWire.ixx
+M BRepLib:pubinclude:BRepLib_MakeShell.hxx /misc/dn61/LocalWOK/wok_entities/LOC/dev/CR0-OCCT691-7-CR0-OCCT691-occt-64/inc/BRepLib_MakeShell.hxx
+M BRepLib:privinclude:BRepLib_MakeShell.jxx /misc/dn61/LocalWOK/wok_entities/LOC/dev/CR0-OCCT691-7-CR0-OCCT691-occt-64/drv/BRepLib/BRepLib_MakeShell.jxx
+M BRepLib:privinclude:BRepLib_MakeShell.ixx /misc/dn61/LocalWOK/wok_entities/LOC/dev/CR0-OCCT691-7-CR0-OCCT691-occt-64/drv/BRepLib/BRepLib_MakeShell.ixx
+M BRepLib:pubinclude:BRepLib_MakeSolid.hxx /misc/dn61/LocalWOK/wok_entities/LOC/dev/CR0-OCCT691-7-CR0-OCCT691-occt-64/inc/BRepLib_MakeSolid.hxx
+M BRepLib:privinclude:BRepLib_MakeSolid.jxx /misc/dn61/LocalWOK/wok_entities/LOC/dev/CR0-OCCT691-7-CR0-OCCT691-occt-64/drv/BRepLib/BRepLib_MakeSolid.jxx
+M BRepLib:privinclude:BRepLib_MakeSolid.ixx /misc/dn61/LocalWOK/wok_entities/LOC/dev/CR0-OCCT691-7-CR0-OCCT691-occt-64/drv/BRepLib/BRepLib_MakeSolid.ixx
+M BRepLib:pubinclude:BRepLib_FindSurface.hxx /misc/dn61/LocalWOK/wok_entities/LOC/dev/CR0-OCCT691-7-CR0-OCCT691-occt-64/inc/BRepLib_FindSurface.hxx
+M BRepLib:privinclude:BRepLib_FindSurface.jxx /misc/dn61/LocalWOK/wok_entities/LOC/dev/CR0-OCCT691-7-CR0-OCCT691-occt-64/drv/BRepLib/BRepLib_FindSurface.jxx
+M BRepLib:privinclude:BRepLib_FindSurface.ixx /misc/dn61/LocalWOK/wok_entities/LOC/dev/CR0-OCCT691-7-CR0-OCCT691-occt-64/drv/BRepLib/BRepLib_FindSurface.ixx
+M BRepLib:pubinclude:BRepLib_FuseEdges.hxx /misc/dn61/LocalWOK/wok_entities/LOC/dev/CR0-OCCT691-7-CR0-OCCT691-occt-64/inc/BRepLib_FuseEdges.hxx
+M BRepLib:privinclude:BRepLib_FuseEdges.jxx /misc/dn61/LocalWOK/wok_entities/LOC/dev/CR0-OCCT691-7-CR0-OCCT691-occt-64/drv/BRepLib/BRepLib_FuseEdges.jxx
+M BRepLib:privinclude:BRepLib_FuseEdges.ixx /misc/dn61/LocalWOK/wok_entities/LOC/dev/CR0-OCCT691-7-CR0-OCCT691-occt-64/drv/BRepLib/BRepLib_FuseEdges.ixx
+M BRepLib:pubinclude:BRepLib_CheckCurveOnSurface.hxx /misc/dn61/LocalWOK/wok_entities/LOC/dev/CR0-OCCT691-7-CR0-OCCT691-occt-64/inc/BRepLib_CheckCurveOnSurface.hxx
+M BRepLib:privinclude:BRepLib_CheckCurveOnSurface.jxx /misc/dn61/LocalWOK/wok_entities/LOC/dev/CR0-OCCT691-7-CR0-OCCT691-occt-64/drv/BRepLib/BRepLib_CheckCurveOnSurface.jxx
+M BRepLib:privinclude:BRepLib_CheckCurveOnSurface.ixx /misc/dn61/LocalWOK/wok_entities/LOC/dev/CR0-OCCT691-7-CR0-OCCT691-occt-64/drv/BRepLib/BRepLib_CheckCurveOnSurface.ixx
+M BRepLib:pubinclude:BRepLib_EdgeError.hxx /misc/dn61/LocalWOK/wok_entities/LOC/dev/CR0-OCCT691-7-CR0-OCCT691-occt-64/inc/BRepLib_EdgeError.hxx
+M BRepLib:pubinclude:BRepLib_WireError.hxx /misc/dn61/LocalWOK/wok_entities/LOC/dev/CR0-OCCT691-7-CR0-OCCT691-occt-64/inc/BRepLib_WireError.hxx
+M BRepLib:pubinclude:BRepLib_FaceError.hxx /misc/dn61/LocalWOK/wok_entities/LOC/dev/CR0-OCCT691-7-CR0-OCCT691-occt-64/inc/BRepLib_FaceError.hxx
+M BRepLib:pubinclude:BRepLib_ShellError.hxx /misc/dn61/LocalWOK/wok_entities/LOC/dev/CR0-OCCT691-7-CR0-OCCT691-occt-64/inc/BRepLib_ShellError.hxx
+M BRepLib:pubinclude:BRepLib_ShapeModification.hxx /misc/dn61/LocalWOK/wok_entities/LOC/dev/CR0-OCCT691-7-CR0-OCCT691-occt-64/inc/BRepLib_ShapeModification.hxx
+M BRepLib:dbadmfile:BRepLib_xcpp_header.In /misc/dn61/LocalWOK/wok_entities/LOC/dev/CR0-OCCT691-7-CR0-OCCT691-occt-64/drv/BRepLib/.adm/BRepLib_xcpp_header.In
+M BRepLib:dbadmfile:BRepLib_xcpp_header.Out /misc/dn61/LocalWOK/wok_entities/LOC/dev/CR0-OCCT691-7-CR0-OCCT691-occt-64/drv/BRepLib/.adm/BRepLib_xcpp_header.Out
+M BRepLib:dbadmfile:BRepLib_xcpp_header.Dep /misc/dn61/LocalWOK/wok_entities/LOC/dev/CR0-OCCT691-7-CR0-OCCT691-occt-64/drv/BRepLib/.adm/BRepLib_xcpp_header.Dep
