+M ChFiDS:pubinclude:ChFiDS_Regul.hxx /misc/dn61/LocalWOK/wok_entities/LOC/dev/CR0-OCCT691-7-CR0-OCCT691-occt-64/inc/ChFiDS_Regul.hxx
+M ChFiDS:privinclude:ChFiDS_Regul.jxx /misc/dn61/LocalWOK/wok_entities/LOC/dev/CR0-OCCT691-7-CR0-OCCT691-occt-64/drv/ChFiDS/ChFiDS_Regul.jxx
+M ChFiDS:privinclude:ChFiDS_Regul.ixx /misc/dn61/LocalWOK/wok_entities/LOC/dev/CR0-OCCT691-7-CR0-OCCT691-occt-64/drv/ChFiDS/ChFiDS_Regul.ixx
+M ChFiDS:pubinclude:ChFiDS_Regularities.hxx /misc/dn61/LocalWOK/wok_entities/LOC/dev/CR0-OCCT691-7-CR0-OCCT691-occt-64/inc/ChFiDS_Regularities.hxx
+M ChFiDS:derivated:ChFiDS_Regularities_0.cxx /misc/dn61/LocalWOK/wok_entities/LOC/dev/CR0-OCCT691-7-CR0-OCCT691-occt-64/drv/ChFiDS/ChFiDS_Regularities_0.cxx
+M ChFiDS:pubinclude:ChFiDS_CircSection.hxx /misc/dn61/LocalWOK/wok_entities/LOC/dev/CR0-OCCT691-7-CR0-OCCT691-occt-64/inc/ChFiDS_CircSection.hxx
+M ChFiDS:privinclude:ChFiDS_CircSection.jxx /misc/dn61/LocalWOK/wok_entities/LOC/dev/CR0-OCCT691-7-CR0-OCCT691-occt-64/drv/ChFiDS/ChFiDS_CircSection.jxx
+M ChFiDS:privinclude:ChFiDS_CircSection.ixx /misc/dn61/LocalWOK/wok_entities/LOC/dev/CR0-OCCT691-7-CR0-OCCT691-occt-64/drv/ChFiDS/ChFiDS_CircSection.ixx
+M ChFiDS:pubinclude:ChFiDS_StripeArray1.hxx /misc/dn61/LocalWOK/wok_entities/LOC/dev/CR0-OCCT691-7-CR0-OCCT691-occt-64/inc/ChFiDS_StripeArray1.hxx
+M ChFiDS:derivated:ChFiDS_StripeArray1_0.cxx /misc/dn61/LocalWOK/wok_entities/LOC/dev/CR0-OCCT691-7-CR0-OCCT691-occt-64/drv/ChFiDS/ChFiDS_StripeArray1_0.cxx
+M ChFiDS:pubinclude:ChFiDS_SecArray1.hxx /misc/dn61/LocalWOK/wok_entities/LOC/dev/CR0-OCCT691-7-CR0-OCCT691-occt-64/inc/ChFiDS_SecArray1.hxx
+M ChFiDS:derivated:ChFiDS_SecArray1_0.cxx /misc/dn61/LocalWOK/wok_entities/LOC/dev/CR0-OCCT691-7-CR0-OCCT691-occt-64/drv/ChFiDS/ChFiDS_SecArray1_0.cxx
+M ChFiDS:pubinclude:Handle_ChFiDS_SecHArray1.hxx /misc/dn61/LocalWOK/wok_entities/LOC/dev/CR0-OCCT691-7-CR0-OCCT691-occt-64/inc/Handle_ChFiDS_SecHArray1.hxx
+M ChFiDS:pubinclude:ChFiDS_SecHArray1.hxx /misc/dn61/LocalWOK/wok_entities/LOC/dev/CR0-OCCT691-7-CR0-OCCT691-occt-64/inc/ChFiDS_SecHArray1.hxx
+M ChFiDS:derivated:ChFiDS_SecHArray1_0.cxx /misc/dn61/LocalWOK/wok_entities/LOC/dev/CR0-OCCT691-7-CR0-OCCT691-occt-64/drv/ChFiDS/ChFiDS_SecHArray1_0.cxx
+M ChFiDS:pubinclude:ChFiDS_Map.hxx /misc/dn61/LocalWOK/wok_entities/LOC/dev/CR0-OCCT691-7-CR0-OCCT691-occt-64/inc/ChFiDS_Map.hxx
+M ChFiDS:privinclude:ChFiDS_Map.jxx /misc/dn61/LocalWOK/wok_entities/LOC/dev/CR0-OCCT691-7-CR0-OCCT691-occt-64/drv/ChFiDS/ChFiDS_Map.jxx
+M ChFiDS:privinclude:ChFiDS_Map.ixx /misc/dn61/LocalWOK/wok_entities/LOC/dev/CR0-OCCT691-7-CR0-OCCT691-occt-64/drv/ChFiDS/ChFiDS_Map.ixx
+M ChFiDS:pubinclude:ChFiDS_CommonPoint.hxx /misc/dn61/LocalWOK/wok_entities/LOC/dev/CR0-OCCT691-7-CR0-OCCT691-occt-64/inc/ChFiDS_CommonPoint.hxx
+M ChFiDS:privinclude:ChFiDS_CommonPoint.jxx /misc/dn61/LocalWOK/wok_entities/LOC/dev/CR0-OCCT691-7-CR0-OCCT691-occt-64/drv/ChFiDS/ChFiDS_CommonPoint.jxx
+M ChFiDS:privinclude:ChFiDS_CommonPoint.ixx /misc/dn61/LocalWOK/wok_entities/LOC/dev/CR0-OCCT691-7-CR0-OCCT691-occt-64/drv/ChFiDS/ChFiDS_CommonPoint.ixx
+M ChFiDS:pubinclude:ChFiDS_FaceInterference.hxx /misc/dn61/LocalWOK/wok_entities/LOC/dev/CR0-OCCT691-7-CR0-OCCT691-occt-64/inc/ChFiDS_FaceInterference.hxx
+M ChFiDS:privinclude:ChFiDS_FaceInterference.jxx /misc/dn61/LocalWOK/wok_entities/LOC/dev/CR0-OCCT691-7-CR0-OCCT691-occt-64/drv/ChFiDS/ChFiDS_FaceInterference.jxx
+M ChFiDS:privinclude:ChFiDS_FaceInterference.ixx /misc/dn61/LocalWOK/wok_entities/LOC/dev/CR0-OCCT691-7-CR0-OCCT691-occt-64/drv/ChFiDS/ChFiDS_FaceInterference.ixx
+M ChFiDS:pubinclude:Handle_ChFiDS_SurfData.hxx /misc/dn61/LocalWOK/wok_entities/LOC/dev/CR0-OCCT691-7-CR0-OCCT691-occt-64/inc/Handle_ChFiDS_SurfData.hxx
+M ChFiDS:pubinclude:ChFiDS_SurfData.hxx /misc/dn61/LocalWOK/wok_entities/LOC/dev/CR0-OCCT691-7-CR0-OCCT691-occt-64/inc/ChFiDS_SurfData.hxx
+M ChFiDS:privinclude:ChFiDS_SurfData.jxx /misc/dn61/LocalWOK/wok_entities/LOC/dev/CR0-OCCT691-7-CR0-OCCT691-occt-64/drv/ChFiDS/ChFiDS_SurfData.jxx
+M ChFiDS:privinclude:ChFiDS_SurfData.ixx /misc/dn61/LocalWOK/wok_entities/LOC/dev/CR0-OCCT691-7-CR0-OCCT691-occt-64/drv/ChFiDS/ChFiDS_SurfData.ixx
+M ChFiDS:pubinclude:ChFiDS_SequenceOfSurfData.hxx /misc/dn61/LocalWOK/wok_entities/LOC/dev/CR0-OCCT691-7-CR0-OCCT691-occt-64/inc/ChFiDS_SequenceOfSurfData.hxx
+M ChFiDS:derivated:ChFiDS_SequenceOfSurfData_0.cxx /misc/dn61/LocalWOK/wok_entities/LOC/dev/CR0-OCCT691-7-CR0-OCCT691-occt-64/drv/ChFiDS/ChFiDS_SequenceOfSurfData_0.cxx
+M ChFiDS:pubinclude:Handle_ChFiDS_HData.hxx /misc/dn61/LocalWOK/wok_entities/LOC/dev/CR0-OCCT691-7-CR0-OCCT691-occt-64/inc/Handle_ChFiDS_HData.hxx
+M ChFiDS:pubinclude:ChFiDS_HData.hxx /misc/dn61/LocalWOK/wok_entities/LOC/dev/CR0-OCCT691-7-CR0-OCCT691-occt-64/inc/ChFiDS_HData.hxx
+M ChFiDS:derivated:ChFiDS_HData_0.cxx /misc/dn61/LocalWOK/wok_entities/LOC/dev/CR0-OCCT691-7-CR0-OCCT691-occt-64/drv/ChFiDS/ChFiDS_HData_0.cxx
+M ChFiDS:pubinclude:Handle_ChFiDS_Stripe.hxx /misc/dn61/LocalWOK/wok_entities/LOC/dev/CR0-OCCT691-7-CR0-OCCT691-occt-64/inc/Handle_ChFiDS_Stripe.hxx
+M ChFiDS:pubinclude:ChFiDS_Stripe.hxx /misc/dn61/LocalWOK/wok_entities/LOC/dev/CR0-OCCT691-7-CR0-OCCT691-occt-64/inc/ChFiDS_Stripe.hxx
+M ChFiDS:privinclude:ChFiDS_Stripe.jxx /misc/dn61/LocalWOK/wok_entities/LOC/dev/CR0-OCCT691-7-CR0-OCCT691-occt-64/drv/ChFiDS/ChFiDS_Stripe.jxx
+M ChFiDS:privinclude:ChFiDS_Stripe.ixx /misc/dn61/LocalWOK/wok_entities/LOC/dev/CR0-OCCT691-7-CR0-OCCT691-occt-64/drv/ChFiDS/ChFiDS_Stripe.ixx
+M ChFiDS:pubinclude:ChFiDS_ListOfStripe.hxx /misc/dn61/LocalWOK/wok_entities/LOC/dev/CR0-OCCT691-7-CR0-OCCT691-occt-64/inc/ChFiDS_ListOfStripe.hxx
+M ChFiDS:derivated:ChFiDS_ListOfStripe_0.cxx /misc/dn61/LocalWOK/wok_entities/LOC/dev/CR0-OCCT691-7-CR0-OCCT691-occt-64/drv/ChFiDS/ChFiDS_ListOfStripe_0.cxx
+M ChFiDS:pubinclude:ChFiDS_IndexedDataMapOfVertexListOfStripe.hxx /misc/dn61/LocalWOK/wok_entities/LOC/dev/CR0-OCCT691-7-CR0-OCCT691-occt-64/inc/ChFiDS_IndexedDataMapOfVertexListOfStripe.hxx
+M ChFiDS:derivated:ChFiDS_IndexedDataMapOfVertexListOfStripe_0.cxx /misc/dn61/LocalWOK/wok_entities/LOC/dev/CR0-OCCT691-7-CR0-OCCT691-occt-64/drv/ChFiDS/ChFiDS_IndexedDataMapOfVertexListOfStripe_0.cxx
+M ChFiDS:pubinclude:ChFiDS_StripeMap.hxx /misc/dn61/LocalWOK/wok_entities/LOC/dev/CR0-OCCT691-7-CR0-OCCT691-occt-64/inc/ChFiDS_StripeMap.hxx
+M ChFiDS:privinclude:ChFiDS_StripeMap.jxx /misc/dn61/LocalWOK/wok_entities/LOC/dev/CR0-OCCT691-7-CR0-OCCT691-occt-64/drv/ChFiDS/ChFiDS_StripeMap.jxx
+M ChFiDS:privinclude:ChFiDS_StripeMap.ixx /misc/dn61/LocalWOK/wok_entities/LOC/dev/CR0-OCCT691-7-CR0-OCCT691-occt-64/drv/ChFiDS/ChFiDS_StripeMap.ixx
+M ChFiDS:pubinclude:ChFiDS_ElSpine.hxx /misc/dn61/LocalWOK/wok_entities/LOC/dev/CR0-OCCT691-7-CR0-OCCT691-occt-64/inc/ChFiDS_ElSpine.hxx
+M ChFiDS:privinclude:ChFiDS_ElSpine.jxx /misc/dn61/LocalWOK/wok_entities/LOC/dev/CR0-OCCT691-7-CR0-OCCT691-occt-64/drv/ChFiDS/ChFiDS_ElSpine.jxx
+M ChFiDS:privinclude:ChFiDS_ElSpine.ixx /misc/dn61/LocalWOK/wok_entities/LOC/dev/CR0-OCCT691-7-CR0-OCCT691-occt-64/drv/ChFiDS/ChFiDS_ElSpine.ixx
+M ChFiDS:pubinclude:Handle_ChFiDS_HElSpine.hxx /misc/dn61/LocalWOK/wok_entities/LOC/dev/CR0-OCCT691-7-CR0-OCCT691-occt-64/inc/Handle_ChFiDS_HElSpine.hxx
+M ChFiDS:pubinclude:ChFiDS_HElSpine.hxx /misc/dn61/LocalWOK/wok_entities/LOC/dev/CR0-OCCT691-7-CR0-OCCT691-occt-64/inc/ChFiDS_HElSpine.hxx
+M ChFiDS:derivated:ChFiDS_HElSpine_0.cxx /misc/dn61/LocalWOK/wok_entities/LOC/dev/CR0-OCCT691-7-CR0-OCCT691-occt-64/drv/ChFiDS/ChFiDS_HElSpine_0.cxx
+M ChFiDS:pubinclude:ChFiDS_ListOfHElSpine.hxx /misc/dn61/LocalWOK/wok_entities/LOC/dev/CR0-OCCT691-7-CR0-OCCT691-occt-64/inc/ChFiDS_ListOfHElSpine.hxx
+M ChFiDS:derivated:ChFiDS_ListOfHElSpine_0.cxx /misc/dn61/LocalWOK/wok_entities/LOC/dev/CR0-OCCT691-7-CR0-OCCT691-occt-64/drv/ChFiDS/ChFiDS_ListOfHElSpine_0.cxx
+M ChFiDS:pubinclude:Handle_ChFiDS_Spine.hxx /misc/dn61/LocalWOK/wok_entities/LOC/dev/CR0-OCCT691-7-CR0-OCCT691-occt-64/inc/Handle_ChFiDS_Spine.hxx
+M ChFiDS:pubinclude:ChFiDS_Spine.hxx /misc/dn61/LocalWOK/wok_entities/LOC/dev/CR0-OCCT691-7-CR0-OCCT691-occt-64/inc/ChFiDS_Spine.hxx
+M ChFiDS:privinclude:ChFiDS_Spine.jxx /misc/dn61/LocalWOK/wok_entities/LOC/dev/CR0-OCCT691-7-CR0-OCCT691-occt-64/drv/ChFiDS/ChFiDS_Spine.jxx
+M ChFiDS:privinclude:ChFiDS_Spine.ixx /misc/dn61/LocalWOK/wok_entities/LOC/dev/CR0-OCCT691-7-CR0-OCCT691-occt-64/drv/ChFiDS/ChFiDS_Spine.ixx
+M ChFiDS:pubinclude:Handle_ChFiDS_FilSpine.hxx /misc/dn61/LocalWOK/wok_entities/LOC/dev/CR0-OCCT691-7-CR0-OCCT691-occt-64/inc/Handle_ChFiDS_FilSpine.hxx
+M ChFiDS:pubinclude:ChFiDS_FilSpine.hxx /misc/dn61/LocalWOK/wok_entities/LOC/dev/CR0-OCCT691-7-CR0-OCCT691-occt-64/inc/ChFiDS_FilSpine.hxx
+M ChFiDS:privinclude:ChFiDS_FilSpine.jxx /misc/dn61/LocalWOK/wok_entities/LOC/dev/CR0-OCCT691-7-CR0-OCCT691-occt-64/drv/ChFiDS/ChFiDS_FilSpine.jxx
+M ChFiDS:privinclude:ChFiDS_FilSpine.ixx /misc/dn61/LocalWOK/wok_entities/LOC/dev/CR0-OCCT691-7-CR0-OCCT691-occt-64/drv/ChFiDS/ChFiDS_FilSpine.ixx
+M ChFiDS:pubinclude:Handle_ChFiDS_ChamfSpine.hxx /misc/dn61/LocalWOK/wok_entities/LOC/dev/CR0-OCCT691-7-CR0-OCCT691-occt-64/inc/Handle_ChFiDS_ChamfSpine.hxx
+M ChFiDS:pubinclude:ChFiDS_ChamfSpine.hxx /misc/dn61/LocalWOK/wok_entities/LOC/dev/CR0-OCCT691-7-CR0-OCCT691-occt-64/inc/ChFiDS_ChamfSpine.hxx
+M ChFiDS:privinclude:ChFiDS_ChamfSpine.jxx /misc/dn61/LocalWOK/wok_entities/LOC/dev/CR0-OCCT691-7-CR0-OCCT691-occt-64/drv/ChFiDS/ChFiDS_ChamfSpine.jxx
+M ChFiDS:privinclude:ChFiDS_ChamfSpine.ixx /misc/dn61/LocalWOK/wok_entities/LOC/dev/CR0-OCCT691-7-CR0-OCCT691-occt-64/drv/ChFiDS/ChFiDS_ChamfSpine.ixx
+M ChFiDS:pubinclude:ChFiDS_SequenceOfSpine.hxx /misc/dn61/LocalWOK/wok_entities/LOC/dev/CR0-OCCT691-7-CR0-OCCT691-occt-64/inc/ChFiDS_SequenceOfSpine.hxx
+M ChFiDS:derivated:ChFiDS_SequenceOfSpine_0.cxx /misc/dn61/LocalWOK/wok_entities/LOC/dev/CR0-OCCT691-7-CR0-OCCT691-occt-64/drv/ChFiDS/ChFiDS_SequenceOfSpine_0.cxx
+M ChFiDS:pubinclude:Handle_ChFiDS_ListNodeOfRegularities.hxx /misc/dn61/LocalWOK/wok_entities/LOC/dev/CR0-OCCT691-7-CR0-OCCT691-occt-64/inc/Handle_ChFiDS_ListNodeOfRegularities.hxx
+M ChFiDS:pubinclude:ChFiDS_ListNodeOfRegularities.hxx /misc/dn61/LocalWOK/wok_entities/LOC/dev/CR0-OCCT691-7-CR0-OCCT691-occt-64/inc/ChFiDS_ListNodeOfRegularities.hxx
+M ChFiDS:derivated:ChFiDS_ListNodeOfRegularities_0.cxx /misc/dn61/LocalWOK/wok_entities/LOC/dev/CR0-OCCT691-7-CR0-OCCT691-occt-64/drv/ChFiDS/ChFiDS_ListNodeOfRegularities_0.cxx
+M ChFiDS:pubinclude:ChFiDS_ListIteratorOfRegularities.hxx /misc/dn61/LocalWOK/wok_entities/LOC/dev/CR0-OCCT691-7-CR0-OCCT691-occt-64/inc/ChFiDS_ListIteratorOfRegularities.hxx
+M ChFiDS:derivated:ChFiDS_ListIteratorOfRegularities_0.cxx /misc/dn61/LocalWOK/wok_entities/LOC/dev/CR0-OCCT691-7-CR0-OCCT691-occt-64/drv/ChFiDS/ChFiDS_ListIteratorOfRegularities_0.cxx
+M ChFiDS:pubinclude:Handle_ChFiDS_SequenceNodeOfSequenceOfSurfData.hxx /misc/dn61/LocalWOK/wok_entities/LOC/dev/CR0-OCCT691-7-CR0-OCCT691-occt-64/inc/Handle_ChFiDS_SequenceNodeOfSequenceOfSurfData.hxx
+M ChFiDS:pubinclude:ChFiDS_SequenceNodeOfSequenceOfSurfData.hxx /misc/dn61/LocalWOK/wok_entities/LOC/dev/CR0-OCCT691-7-CR0-OCCT691-occt-64/inc/ChFiDS_SequenceNodeOfSequenceOfSurfData.hxx
+M ChFiDS:derivated:ChFiDS_SequenceNodeOfSequenceOfSurfData_0.cxx /misc/dn61/LocalWOK/wok_entities/LOC/dev/CR0-OCCT691-7-CR0-OCCT691-occt-64/drv/ChFiDS/ChFiDS_SequenceNodeOfSequenceOfSurfData_0.cxx
+M ChFiDS:pubinclude:Handle_ChFiDS_ListNodeOfListOfStripe.hxx /misc/dn61/LocalWOK/wok_entities/LOC/dev/CR0-OCCT691-7-CR0-OCCT691-occt-64/inc/Handle_ChFiDS_ListNodeOfListOfStripe.hxx
+M ChFiDS:pubinclude:ChFiDS_ListNodeOfListOfStripe.hxx /misc/dn61/LocalWOK/wok_entities/LOC/dev/CR0-OCCT691-7-CR0-OCCT691-occt-64/inc/ChFiDS_ListNodeOfListOfStripe.hxx
+M ChFiDS:derivated:ChFiDS_ListNodeOfListOfStripe_0.cxx /misc/dn61/LocalWOK/wok_entities/LOC/dev/CR0-OCCT691-7-CR0-OCCT691-occt-64/drv/ChFiDS/ChFiDS_ListNodeOfListOfStripe_0.cxx
+M ChFiDS:pubinclude:ChFiDS_ListIteratorOfListOfStripe.hxx /misc/dn61/LocalWOK/wok_entities/LOC/dev/CR0-OCCT691-7-CR0-OCCT691-occt-64/inc/ChFiDS_ListIteratorOfListOfStripe.hxx
+M ChFiDS:derivated:ChFiDS_ListIteratorOfListOfStripe_0.cxx /misc/dn61/LocalWOK/wok_entities/LOC/dev/CR0-OCCT691-7-CR0-OCCT691-occt-64/drv/ChFiDS/ChFiDS_ListIteratorOfListOfStripe_0.cxx
+M ChFiDS:pubinclude:Handle_ChFiDS_IndexedDataMapNodeOfIndexedDataMapOfVertexListOfStripe.hxx /misc/dn61/LocalWOK/wok_entities/LOC/dev/CR0-OCCT691-7-CR0-OCCT691-occt-64/inc/Handle_ChFiDS_IndexedDataMapNodeOfIndexedDataMapOfVertexListOfStripe.hxx
+M ChFiDS:pubinclude:ChFiDS_IndexedDataMapNodeOfIndexedDataMapOfVertexListOfStripe.hxx /misc/dn61/LocalWOK/wok_entities/LOC/dev/CR0-OCCT691-7-CR0-OCCT691-occt-64/inc/ChFiDS_IndexedDataMapNodeOfIndexedDataMapOfVertexListOfStripe.hxx
+M ChFiDS:derivated:ChFiDS_IndexedDataMapNodeOfIndexedDataMapOfVertexListOfStripe_0.cxx /misc/dn61/LocalWOK/wok_entities/LOC/dev/CR0-OCCT691-7-CR0-OCCT691-occt-64/drv/ChFiDS/ChFiDS_IndexedDataMapNodeOfIndexedDataMapOfVertexListOfStripe_0.cxx
+M ChFiDS:pubinclude:Handle_ChFiDS_ListNodeOfListOfHElSpine.hxx /misc/dn61/LocalWOK/wok_entities/LOC/dev/CR0-OCCT691-7-CR0-OCCT691-occt-64/inc/Handle_ChFiDS_ListNodeOfListOfHElSpine.hxx
+M ChFiDS:pubinclude:ChFiDS_ListNodeOfListOfHElSpine.hxx /misc/dn61/LocalWOK/wok_entities/LOC/dev/CR0-OCCT691-7-CR0-OCCT691-occt-64/inc/ChFiDS_ListNodeOfListOfHElSpine.hxx
+M ChFiDS:derivated:ChFiDS_ListNodeOfListOfHElSpine_0.cxx /misc/dn61/LocalWOK/wok_entities/LOC/dev/CR0-OCCT691-7-CR0-OCCT691-occt-64/drv/ChFiDS/ChFiDS_ListNodeOfListOfHElSpine_0.cxx
+M ChFiDS:pubinclude:ChFiDS_ListIteratorOfListOfHElSpine.hxx /misc/dn61/LocalWOK/wok_entities/LOC/dev/CR0-OCCT691-7-CR0-OCCT691-occt-64/inc/ChFiDS_ListIteratorOfListOfHElSpine.hxx
+M ChFiDS:derivated:ChFiDS_ListIteratorOfListOfHElSpine_0.cxx /misc/dn61/LocalWOK/wok_entities/LOC/dev/CR0-OCCT691-7-CR0-OCCT691-occt-64/drv/ChFiDS/ChFiDS_ListIteratorOfListOfHElSpine_0.cxx
+M ChFiDS:pubinclude:Handle_ChFiDS_SequenceNodeOfSequenceOfSpine.hxx /misc/dn61/LocalWOK/wok_entities/LOC/dev/CR0-OCCT691-7-CR0-OCCT691-occt-64/inc/Handle_ChFiDS_SequenceNodeOfSequenceOfSpine.hxx
+M ChFiDS:pubinclude:ChFiDS_SequenceNodeOfSequenceOfSpine.hxx /misc/dn61/LocalWOK/wok_entities/LOC/dev/CR0-OCCT691-7-CR0-OCCT691-occt-64/inc/ChFiDS_SequenceNodeOfSequenceOfSpine.hxx
+M ChFiDS:derivated:ChFiDS_SequenceNodeOfSequenceOfSpine_0.cxx /misc/dn61/LocalWOK/wok_entities/LOC/dev/CR0-OCCT691-7-CR0-OCCT691-occt-64/drv/ChFiDS/ChFiDS_SequenceNodeOfSequenceOfSpine_0.cxx
+M ChFiDS:pubinclude:ChFiDS_State.hxx /misc/dn61/LocalWOK/wok_entities/LOC/dev/CR0-OCCT691-7-CR0-OCCT691-occt-64/inc/ChFiDS_State.hxx
+M ChFiDS:pubinclude:ChFiDS_ChamfMethod.hxx /misc/dn61/LocalWOK/wok_entities/LOC/dev/CR0-OCCT691-7-CR0-OCCT691-occt-64/inc/ChFiDS_ChamfMethod.hxx
+M ChFiDS:pubinclude:ChFiDS_ErrorStatus.hxx /misc/dn61/LocalWOK/wok_entities/LOC/dev/CR0-OCCT691-7-CR0-OCCT691-occt-64/inc/ChFiDS_ErrorStatus.hxx
+M ChFiDS:dbadmfile:ChFiDS_xcpp_header.In /misc/dn61/LocalWOK/wok_entities/LOC/dev/CR0-OCCT691-7-CR0-OCCT691-occt-64/drv/ChFiDS/.adm/ChFiDS_xcpp_header.In
+M ChFiDS:dbadmfile:ChFiDS_xcpp_header.Out /misc/dn61/LocalWOK/wok_entities/LOC/dev/CR0-OCCT691-7-CR0-OCCT691-occt-64/drv/ChFiDS/.adm/ChFiDS_xcpp_header.Out
+M ChFiDS:dbadmfile:ChFiDS_xcpp_header.Dep /misc/dn61/LocalWOK/wok_entities/LOC/dev/CR0-OCCT691-7-CR0-OCCT691-occt-64/drv/ChFiDS/.adm/ChFiDS_xcpp_header.Dep
