+M Expr:pubinclude:Expr.hxx /misc/dn61/LocalWOK/wok_entities/LOC/dev/CR0-OCCT691-7-CR0-OCCT691-occt-64/inc/Expr.hxx
+M Expr:privinclude:Expr.jxx /misc/dn61/LocalWOK/wok_entities/LOC/dev/CR0-OCCT691-7-CR0-OCCT691-occt-64/drv/Expr/Expr.jxx
+M Expr:privinclude:Expr.ixx /misc/dn61/LocalWOK/wok_entities/LOC/dev/CR0-OCCT691-7-CR0-OCCT691-occt-64/drv/Expr/Expr.ixx
+M Expr:pubinclude:Handle_Expr_GeneralExpression.hxx /misc/dn61/LocalWOK/wok_entities/LOC/dev/CR0-OCCT691-7-CR0-OCCT691-occt-64/inc/Handle_Expr_GeneralExpression.hxx
+M Expr:pubinclude:Expr_GeneralExpression.hxx /misc/dn61/LocalWOK/wok_entities/LOC/dev/CR0-OCCT691-7-CR0-OCCT691-occt-64/inc/Expr_GeneralExpression.hxx
+M Expr:privinclude:Expr_GeneralExpression.jxx /misc/dn61/LocalWOK/wok_entities/LOC/dev/CR0-OCCT691-7-CR0-OCCT691-occt-64/drv/Expr/Expr_GeneralExpression.jxx
+M Expr:privinclude:Expr_GeneralExpression.ixx /misc/dn61/LocalWOK/wok_entities/LOC/dev/CR0-OCCT691-7-CR0-OCCT691-occt-64/drv/Expr/Expr_GeneralExpression.ixx
+M Expr:pubinclude:Handle_Expr_NumericValue.hxx /misc/dn61/LocalWOK/wok_entities/LOC/dev/CR0-OCCT691-7-CR0-OCCT691-occt-64/inc/Handle_Expr_NumericValue.hxx
+M Expr:pubinclude:Expr_NumericValue.hxx /misc/dn61/LocalWOK/wok_entities/LOC/dev/CR0-OCCT691-7-CR0-OCCT691-occt-64/inc/Expr_NumericValue.hxx
+M Expr:privinclude:Expr_NumericValue.jxx /misc/dn61/LocalWOK/wok_entities/LOC/dev/CR0-OCCT691-7-CR0-OCCT691-occt-64/drv/Expr/Expr_NumericValue.jxx
+M Expr:privinclude:Expr_NumericValue.ixx /misc/dn61/LocalWOK/wok_entities/LOC/dev/CR0-OCCT691-7-CR0-OCCT691-occt-64/drv/Expr/Expr_NumericValue.ixx
+M Expr:pubinclude:Handle_Expr_NamedExpression.hxx /misc/dn61/LocalWOK/wok_entities/LOC/dev/CR0-OCCT691-7-CR0-OCCT691-occt-64/inc/Handle_Expr_NamedExpression.hxx
+M Expr:pubinclude:Expr_NamedExpression.hxx /misc/dn61/LocalWOK/wok_entities/LOC/dev/CR0-OCCT691-7-CR0-OCCT691-occt-64/inc/Expr_NamedExpression.hxx
+M Expr:privinclude:Expr_NamedExpression.jxx /misc/dn61/LocalWOK/wok_entities/LOC/dev/CR0-OCCT691-7-CR0-OCCT691-occt-64/drv/Expr/Expr_NamedExpression.jxx
+M Expr:privinclude:Expr_NamedExpression.ixx /misc/dn61/LocalWOK/wok_entities/LOC/dev/CR0-OCCT691-7-CR0-OCCT691-occt-64/drv/Expr/Expr_NamedExpression.ixx
+M Expr:pubinclude:Handle_Expr_NamedConstant.hxx /misc/dn61/LocalWOK/wok_entities/LOC/dev/CR0-OCCT691-7-CR0-OCCT691-occt-64/inc/Handle_Expr_NamedConstant.hxx
+M Expr:pubinclude:Expr_NamedConstant.hxx /misc/dn61/LocalWOK/wok_entities/LOC/dev/CR0-OCCT691-7-CR0-OCCT691-occt-64/inc/Expr_NamedConstant.hxx
+M Expr:privinclude:Expr_NamedConstant.jxx /misc/dn61/LocalWOK/wok_entities/LOC/dev/CR0-OCCT691-7-CR0-OCCT691-occt-64/drv/Expr/Expr_NamedConstant.jxx
+M Expr:privinclude:Expr_NamedConstant.ixx /misc/dn61/LocalWOK/wok_entities/LOC/dev/CR0-OCCT691-7-CR0-OCCT691-occt-64/drv/Expr/Expr_NamedConstant.ixx
+M Expr:pubinclude:Handle_Expr_NamedUnknown.hxx /misc/dn61/LocalWOK/wok_entities/LOC/dev/CR0-OCCT691-7-CR0-OCCT691-occt-64/inc/Handle_Expr_NamedUnknown.hxx
+M Expr:pubinclude:Expr_NamedUnknown.hxx /misc/dn61/LocalWOK/wok_entities/LOC/dev/CR0-OCCT691-7-CR0-OCCT691-occt-64/inc/Expr_NamedUnknown.hxx
+M Expr:privinclude:Expr_NamedUnknown.jxx /misc/dn61/LocalWOK/wok_entities/LOC/dev/CR0-OCCT691-7-CR0-OCCT691-occt-64/drv/Expr/Expr_NamedUnknown.jxx
+M Expr:privinclude:Expr_NamedUnknown.ixx /misc/dn61/LocalWOK/wok_entities/LOC/dev/CR0-OCCT691-7-CR0-OCCT691-occt-64/drv/Expr/Expr_NamedUnknown.ixx
+M Expr:pubinclude:Handle_Expr_UnaryExpression.hxx /misc/dn61/LocalWOK/wok_entities/LOC/dev/CR0-OCCT691-7-CR0-OCCT691-occt-64/inc/Handle_Expr_UnaryExpression.hxx
+M Expr:pubinclude:Expr_UnaryExpression.hxx /misc/dn61/LocalWOK/wok_entities/LOC/dev/CR0-OCCT691-7-CR0-OCCT691-occt-64/inc/Expr_UnaryExpression.hxx
+M Expr:privinclude:Expr_UnaryExpression.jxx /misc/dn61/LocalWOK/wok_entities/LOC/dev/CR0-OCCT691-7-CR0-OCCT691-occt-64/drv/Expr/Expr_UnaryExpression.jxx
+M Expr:privinclude:Expr_UnaryExpression.ixx /misc/dn61/LocalWOK/wok_entities/LOC/dev/CR0-OCCT691-7-CR0-OCCT691-occt-64/drv/Expr/Expr_UnaryExpression.ixx
+M Expr:pubinclude:Handle_Expr_Absolute.hxx /misc/dn61/LocalWOK/wok_entities/LOC/dev/CR0-OCCT691-7-CR0-OCCT691-occt-64/inc/Handle_Expr_Absolute.hxx
+M Expr:pubinclude:Expr_Absolute.hxx /misc/dn61/LocalWOK/wok_entities/LOC/dev/CR0-OCCT691-7-CR0-OCCT691-occt-64/inc/Expr_Absolute.hxx
+M Expr:privinclude:Expr_Absolute.jxx /misc/dn61/LocalWOK/wok_entities/LOC/dev/CR0-OCCT691-7-CR0-OCCT691-occt-64/drv/Expr/Expr_Absolute.jxx
+M Expr:privinclude:Expr_Absolute.ixx /misc/dn61/LocalWOK/wok_entities/LOC/dev/CR0-OCCT691-7-CR0-OCCT691-occt-64/drv/Expr/Expr_Absolute.ixx
+M Expr:pubinclude:Handle_Expr_ArcCosine.hxx /misc/dn61/LocalWOK/wok_entities/LOC/dev/CR0-OCCT691-7-CR0-OCCT691-occt-64/inc/Handle_Expr_ArcCosine.hxx
+M Expr:pubinclude:Expr_ArcCosine.hxx /misc/dn61/LocalWOK/wok_entities/LOC/dev/CR0-OCCT691-7-CR0-OCCT691-occt-64/inc/Expr_ArcCosine.hxx
+M Expr:privinclude:Expr_ArcCosine.jxx /misc/dn61/LocalWOK/wok_entities/LOC/dev/CR0-OCCT691-7-CR0-OCCT691-occt-64/drv/Expr/Expr_ArcCosine.jxx
+M Expr:privinclude:Expr_ArcCosine.ixx /misc/dn61/LocalWOK/wok_entities/LOC/dev/CR0-OCCT691-7-CR0-OCCT691-occt-64/drv/Expr/Expr_ArcCosine.ixx
+M Expr:pubinclude:Handle_Expr_ArcSine.hxx /misc/dn61/LocalWOK/wok_entities/LOC/dev/CR0-OCCT691-7-CR0-OCCT691-occt-64/inc/Handle_Expr_ArcSine.hxx
+M Expr:pubinclude:Expr_ArcSine.hxx /misc/dn61/LocalWOK/wok_entities/LOC/dev/CR0-OCCT691-7-CR0-OCCT691-occt-64/inc/Expr_ArcSine.hxx
+M Expr:privinclude:Expr_ArcSine.jxx /misc/dn61/LocalWOK/wok_entities/LOC/dev/CR0-OCCT691-7-CR0-OCCT691-occt-64/drv/Expr/Expr_ArcSine.jxx
+M Expr:privinclude:Expr_ArcSine.ixx /misc/dn61/LocalWOK/wok_entities/LOC/dev/CR0-OCCT691-7-CR0-OCCT691-occt-64/drv/Expr/Expr_ArcSine.ixx
+M Expr:pubinclude:Handle_Expr_ArcTangent.hxx /misc/dn61/LocalWOK/wok_entities/LOC/dev/CR0-OCCT691-7-CR0-OCCT691-occt-64/inc/Handle_Expr_ArcTangent.hxx
+M Expr:pubinclude:Expr_ArcTangent.hxx /misc/dn61/LocalWOK/wok_entities/LOC/dev/CR0-OCCT691-7-CR0-OCCT691-occt-64/inc/Expr_ArcTangent.hxx
+M Expr:privinclude:Expr_ArcTangent.jxx /misc/dn61/LocalWOK/wok_entities/LOC/dev/CR0-OCCT691-7-CR0-OCCT691-occt-64/drv/Expr/Expr_ArcTangent.jxx
+M Expr:privinclude:Expr_ArcTangent.ixx /misc/dn61/LocalWOK/wok_entities/LOC/dev/CR0-OCCT691-7-CR0-OCCT691-occt-64/drv/Expr/Expr_ArcTangent.ixx
+M Expr:pubinclude:Handle_Expr_ArgCosh.hxx /misc/dn61/LocalWOK/wok_entities/LOC/dev/CR0-OCCT691-7-CR0-OCCT691-occt-64/inc/Handle_Expr_ArgCosh.hxx
+M Expr:pubinclude:Expr_ArgCosh.hxx /misc/dn61/LocalWOK/wok_entities/LOC/dev/CR0-OCCT691-7-CR0-OCCT691-occt-64/inc/Expr_ArgCosh.hxx
+M Expr:privinclude:Expr_ArgCosh.jxx /misc/dn61/LocalWOK/wok_entities/LOC/dev/CR0-OCCT691-7-CR0-OCCT691-occt-64/drv/Expr/Expr_ArgCosh.jxx
+M Expr:privinclude:Expr_ArgCosh.ixx /misc/dn61/LocalWOK/wok_entities/LOC/dev/CR0-OCCT691-7-CR0-OCCT691-occt-64/drv/Expr/Expr_ArgCosh.ixx
+M Expr:pubinclude:Handle_Expr_ArgSinh.hxx /misc/dn61/LocalWOK/wok_entities/LOC/dev/CR0-OCCT691-7-CR0-OCCT691-occt-64/inc/Handle_Expr_ArgSinh.hxx
+M Expr:pubinclude:Expr_ArgSinh.hxx /misc/dn61/LocalWOK/wok_entities/LOC/dev/CR0-OCCT691-7-CR0-OCCT691-occt-64/inc/Expr_ArgSinh.hxx
+M Expr:privinclude:Expr_ArgSinh.jxx /misc/dn61/LocalWOK/wok_entities/LOC/dev/CR0-OCCT691-7-CR0-OCCT691-occt-64/drv/Expr/Expr_ArgSinh.jxx
+M Expr:privinclude:Expr_ArgSinh.ixx /misc/dn61/LocalWOK/wok_entities/LOC/dev/CR0-OCCT691-7-CR0-OCCT691-occt-64/drv/Expr/Expr_ArgSinh.ixx
+M Expr:pubinclude:Handle_Expr_ArgTanh.hxx /misc/dn61/LocalWOK/wok_entities/LOC/dev/CR0-OCCT691-7-CR0-OCCT691-occt-64/inc/Handle_Expr_ArgTanh.hxx
+M Expr:pubinclude:Expr_ArgTanh.hxx /misc/dn61/LocalWOK/wok_entities/LOC/dev/CR0-OCCT691-7-CR0-OCCT691-occt-64/inc/Expr_ArgTanh.hxx
+M Expr:privinclude:Expr_ArgTanh.jxx /misc/dn61/LocalWOK/wok_entities/LOC/dev/CR0-OCCT691-7-CR0-OCCT691-occt-64/drv/Expr/Expr_ArgTanh.jxx
+M Expr:privinclude:Expr_ArgTanh.ixx /misc/dn61/LocalWOK/wok_entities/LOC/dev/CR0-OCCT691-7-CR0-OCCT691-occt-64/drv/Expr/Expr_ArgTanh.ixx
+M Expr:pubinclude:Handle_Expr_Cosh.hxx /misc/dn61/LocalWOK/wok_entities/LOC/dev/CR0-OCCT691-7-CR0-OCCT691-occt-64/inc/Handle_Expr_Cosh.hxx
+M Expr:pubinclude:Expr_Cosh.hxx /misc/dn61/LocalWOK/wok_entities/LOC/dev/CR0-OCCT691-7-CR0-OCCT691-occt-64/inc/Expr_Cosh.hxx
+M Expr:privinclude:Expr_Cosh.jxx /misc/dn61/LocalWOK/wok_entities/LOC/dev/CR0-OCCT691-7-CR0-OCCT691-occt-64/drv/Expr/Expr_Cosh.jxx
+M Expr:privinclude:Expr_Cosh.ixx /misc/dn61/LocalWOK/wok_entities/LOC/dev/CR0-OCCT691-7-CR0-OCCT691-occt-64/drv/Expr/Expr_Cosh.ixx
+M Expr:pubinclude:Handle_Expr_Cosine.hxx /misc/dn61/LocalWOK/wok_entities/LOC/dev/CR0-OCCT691-7-CR0-OCCT691-occt-64/inc/Handle_Expr_Cosine.hxx
+M Expr:pubinclude:Expr_Cosine.hxx /misc/dn61/LocalWOK/wok_entities/LOC/dev/CR0-OCCT691-7-CR0-OCCT691-occt-64/inc/Expr_Cosine.hxx
+M Expr:privinclude:Expr_Cosine.jxx /misc/dn61/LocalWOK/wok_entities/LOC/dev/CR0-OCCT691-7-CR0-OCCT691-occt-64/drv/Expr/Expr_Cosine.jxx
+M Expr:privinclude:Expr_Cosine.ixx /misc/dn61/LocalWOK/wok_entities/LOC/dev/CR0-OCCT691-7-CR0-OCCT691-occt-64/drv/Expr/Expr_Cosine.ixx
+M Expr:pubinclude:Handle_Expr_Exponential.hxx /misc/dn61/LocalWOK/wok_entities/LOC/dev/CR0-OCCT691-7-CR0-OCCT691-occt-64/inc/Handle_Expr_Exponential.hxx
+M Expr:pubinclude:Expr_Exponential.hxx /misc/dn61/LocalWOK/wok_entities/LOC/dev/CR0-OCCT691-7-CR0-OCCT691-occt-64/inc/Expr_Exponential.hxx
+M Expr:privinclude:Expr_Exponential.jxx /misc/dn61/LocalWOK/wok_entities/LOC/dev/CR0-OCCT691-7-CR0-OCCT691-occt-64/drv/Expr/Expr_Exponential.jxx
+M Expr:privinclude:Expr_Exponential.ixx /misc/dn61/LocalWOK/wok_entities/LOC/dev/CR0-OCCT691-7-CR0-OCCT691-occt-64/drv/Expr/Expr_Exponential.ixx
+M Expr:pubinclude:Handle_Expr_LogOf10.hxx /misc/dn61/LocalWOK/wok_entities/LOC/dev/CR0-OCCT691-7-CR0-OCCT691-occt-64/inc/Handle_Expr_LogOf10.hxx
+M Expr:pubinclude:Expr_LogOf10.hxx /misc/dn61/LocalWOK/wok_entities/LOC/dev/CR0-OCCT691-7-CR0-OCCT691-occt-64/inc/Expr_LogOf10.hxx
+M Expr:privinclude:Expr_LogOf10.jxx /misc/dn61/LocalWOK/wok_entities/LOC/dev/CR0-OCCT691-7-CR0-OCCT691-occt-64/drv/Expr/Expr_LogOf10.jxx
+M Expr:privinclude:Expr_LogOf10.ixx /misc/dn61/LocalWOK/wok_entities/LOC/dev/CR0-OCCT691-7-CR0-OCCT691-occt-64/drv/Expr/Expr_LogOf10.ixx
+M Expr:pubinclude:Handle_Expr_LogOfe.hxx /misc/dn61/LocalWOK/wok_entities/LOC/dev/CR0-OCCT691-7-CR0-OCCT691-occt-64/inc/Handle_Expr_LogOfe.hxx
+M Expr:pubinclude:Expr_LogOfe.hxx /misc/dn61/LocalWOK/wok_entities/LOC/dev/CR0-OCCT691-7-CR0-OCCT691-occt-64/inc/Expr_LogOfe.hxx
+M Expr:privinclude:Expr_LogOfe.jxx /misc/dn61/LocalWOK/wok_entities/LOC/dev/CR0-OCCT691-7-CR0-OCCT691-occt-64/drv/Expr/Expr_LogOfe.jxx
+M Expr:privinclude:Expr_LogOfe.ixx /misc/dn61/LocalWOK/wok_entities/LOC/dev/CR0-OCCT691-7-CR0-OCCT691-occt-64/drv/Expr/Expr_LogOfe.ixx
+M Expr:pubinclude:Handle_Expr_Sign.hxx /misc/dn61/LocalWOK/wok_entities/LOC/dev/CR0-OCCT691-7-CR0-OCCT691-occt-64/inc/Handle_Expr_Sign.hxx
+M Expr:pubinclude:Expr_Sign.hxx /misc/dn61/LocalWOK/wok_entities/LOC/dev/CR0-OCCT691-7-CR0-OCCT691-occt-64/inc/Expr_Sign.hxx
+M Expr:privinclude:Expr_Sign.jxx /misc/dn61/LocalWOK/wok_entities/LOC/dev/CR0-OCCT691-7-CR0-OCCT691-occt-64/drv/Expr/Expr_Sign.jxx
+M Expr:privinclude:Expr_Sign.ixx /misc/dn61/LocalWOK/wok_entities/LOC/dev/CR0-OCCT691-7-CR0-OCCT691-occt-64/drv/Expr/Expr_Sign.ixx
+M Expr:pubinclude:Handle_Expr_Sine.hxx /misc/dn61/LocalWOK/wok_entities/LOC/dev/CR0-OCCT691-7-CR0-OCCT691-occt-64/inc/Handle_Expr_Sine.hxx
+M Expr:pubinclude:Expr_Sine.hxx /misc/dn61/LocalWOK/wok_entities/LOC/dev/CR0-OCCT691-7-CR0-OCCT691-occt-64/inc/Expr_Sine.hxx
+M Expr:privinclude:Expr_Sine.jxx /misc/dn61/LocalWOK/wok_entities/LOC/dev/CR0-OCCT691-7-CR0-OCCT691-occt-64/drv/Expr/Expr_Sine.jxx
+M Expr:privinclude:Expr_Sine.ixx /misc/dn61/LocalWOK/wok_entities/LOC/dev/CR0-OCCT691-7-CR0-OCCT691-occt-64/drv/Expr/Expr_Sine.ixx
+M Expr:pubinclude:Handle_Expr_Sinh.hxx /misc/dn61/LocalWOK/wok_entities/LOC/dev/CR0-OCCT691-7-CR0-OCCT691-occt-64/inc/Handle_Expr_Sinh.hxx
+M Expr:pubinclude:Expr_Sinh.hxx /misc/dn61/LocalWOK/wok_entities/LOC/dev/CR0-OCCT691-7-CR0-OCCT691-occt-64/inc/Expr_Sinh.hxx
+M Expr:privinclude:Expr_Sinh.jxx /misc/dn61/LocalWOK/wok_entities/LOC/dev/CR0-OCCT691-7-CR0-OCCT691-occt-64/drv/Expr/Expr_Sinh.jxx
+M Expr:privinclude:Expr_Sinh.ixx /misc/dn61/LocalWOK/wok_entities/LOC/dev/CR0-OCCT691-7-CR0-OCCT691-occt-64/drv/Expr/Expr_Sinh.ixx
+M Expr:pubinclude:Handle_Expr_Square.hxx /misc/dn61/LocalWOK/wok_entities/LOC/dev/CR0-OCCT691-7-CR0-OCCT691-occt-64/inc/Handle_Expr_Square.hxx
+M Expr:pubinclude:Expr_Square.hxx /misc/dn61/LocalWOK/wok_entities/LOC/dev/CR0-OCCT691-7-CR0-OCCT691-occt-64/inc/Expr_Square.hxx
+M Expr:privinclude:Expr_Square.jxx /misc/dn61/LocalWOK/wok_entities/LOC/dev/CR0-OCCT691-7-CR0-OCCT691-occt-64/drv/Expr/Expr_Square.jxx
+M Expr:privinclude:Expr_Square.ixx /misc/dn61/LocalWOK/wok_entities/LOC/dev/CR0-OCCT691-7-CR0-OCCT691-occt-64/drv/Expr/Expr_Square.ixx
+M Expr:pubinclude:Handle_Expr_SquareRoot.hxx /misc/dn61/LocalWOK/wok_entities/LOC/dev/CR0-OCCT691-7-CR0-OCCT691-occt-64/inc/Handle_Expr_SquareRoot.hxx
+M Expr:pubinclude:Expr_SquareRoot.hxx /misc/dn61/LocalWOK/wok_entities/LOC/dev/CR0-OCCT691-7-CR0-OCCT691-occt-64/inc/Expr_SquareRoot.hxx
+M Expr:privinclude:Expr_SquareRoot.jxx /misc/dn61/LocalWOK/wok_entities/LOC/dev/CR0-OCCT691-7-CR0-OCCT691-occt-64/drv/Expr/Expr_SquareRoot.jxx
+M Expr:privinclude:Expr_SquareRoot.ixx /misc/dn61/LocalWOK/wok_entities/LOC/dev/CR0-OCCT691-7-CR0-OCCT691-occt-64/drv/Expr/Expr_SquareRoot.ixx
+M Expr:pubinclude:Handle_Expr_Tangent.hxx /misc/dn61/LocalWOK/wok_entities/LOC/dev/CR0-OCCT691-7-CR0-OCCT691-occt-64/inc/Handle_Expr_Tangent.hxx
+M Expr:pubinclude:Expr_Tangent.hxx /misc/dn61/LocalWOK/wok_entities/LOC/dev/CR0-OCCT691-7-CR0-OCCT691-occt-64/inc/Expr_Tangent.hxx
+M Expr:privinclude:Expr_Tangent.jxx /misc/dn61/LocalWOK/wok_entities/LOC/dev/CR0-OCCT691-7-CR0-OCCT691-occt-64/drv/Expr/Expr_Tangent.jxx
+M Expr:privinclude:Expr_Tangent.ixx /misc/dn61/LocalWOK/wok_entities/LOC/dev/CR0-OCCT691-7-CR0-OCCT691-occt-64/drv/Expr/Expr_Tangent.ixx
+M Expr:pubinclude:Handle_Expr_Tanh.hxx /misc/dn61/LocalWOK/wok_entities/LOC/dev/CR0-OCCT691-7-CR0-OCCT691-occt-64/inc/Handle_Expr_Tanh.hxx
+M Expr:pubinclude:Expr_Tanh.hxx /misc/dn61/LocalWOK/wok_entities/LOC/dev/CR0-OCCT691-7-CR0-OCCT691-occt-64/inc/Expr_Tanh.hxx
+M Expr:privinclude:Expr_Tanh.jxx /misc/dn61/LocalWOK/wok_entities/LOC/dev/CR0-OCCT691-7-CR0-OCCT691-occt-64/drv/Expr/Expr_Tanh.jxx
+M Expr:privinclude:Expr_Tanh.ixx /misc/dn61/LocalWOK/wok_entities/LOC/dev/CR0-OCCT691-7-CR0-OCCT691-occt-64/drv/Expr/Expr_Tanh.ixx
+M Expr:pubinclude:Handle_Expr_UnaryFunction.hxx /misc/dn61/LocalWOK/wok_entities/LOC/dev/CR0-OCCT691-7-CR0-OCCT691-occt-64/inc/Handle_Expr_UnaryFunction.hxx
+M Expr:pubinclude:Expr_UnaryFunction.hxx /misc/dn61/LocalWOK/wok_entities/LOC/dev/CR0-OCCT691-7-CR0-OCCT691-occt-64/inc/Expr_UnaryFunction.hxx
+M Expr:privinclude:Expr_UnaryFunction.jxx /misc/dn61/LocalWOK/wok_entities/LOC/dev/CR0-OCCT691-7-CR0-OCCT691-occt-64/drv/Expr/Expr_UnaryFunction.jxx
+M Expr:privinclude:Expr_UnaryFunction.ixx /misc/dn61/LocalWOK/wok_entities/LOC/dev/CR0-OCCT691-7-CR0-OCCT691-occt-64/drv/Expr/Expr_UnaryFunction.ixx
+M Expr:pubinclude:Handle_Expr_UnaryMinus.hxx /misc/dn61/LocalWOK/wok_entities/LOC/dev/CR0-OCCT691-7-CR0-OCCT691-occt-64/inc/Handle_Expr_UnaryMinus.hxx
+M Expr:pubinclude:Expr_UnaryMinus.hxx /misc/dn61/LocalWOK/wok_entities/LOC/dev/CR0-OCCT691-7-CR0-OCCT691-occt-64/inc/Expr_UnaryMinus.hxx
+M Expr:privinclude:Expr_UnaryMinus.jxx /misc/dn61/LocalWOK/wok_entities/LOC/dev/CR0-OCCT691-7-CR0-OCCT691-occt-64/drv/Expr/Expr_UnaryMinus.jxx
+M Expr:privinclude:Expr_UnaryMinus.ixx /misc/dn61/LocalWOK/wok_entities/LOC/dev/CR0-OCCT691-7-CR0-OCCT691-occt-64/drv/Expr/Expr_UnaryMinus.ixx
+M Expr:pubinclude:Handle_Expr_BinaryExpression.hxx /misc/dn61/LocalWOK/wok_entities/LOC/dev/CR0-OCCT691-7-CR0-OCCT691-occt-64/inc/Handle_Expr_BinaryExpression.hxx
+M Expr:pubinclude:Expr_BinaryExpression.hxx /misc/dn61/LocalWOK/wok_entities/LOC/dev/CR0-OCCT691-7-CR0-OCCT691-occt-64/inc/Expr_BinaryExpression.hxx
+M Expr:privinclude:Expr_BinaryExpression.jxx /misc/dn61/LocalWOK/wok_entities/LOC/dev/CR0-OCCT691-7-CR0-OCCT691-occt-64/drv/Expr/Expr_BinaryExpression.jxx
+M Expr:privinclude:Expr_BinaryExpression.ixx /misc/dn61/LocalWOK/wok_entities/LOC/dev/CR0-OCCT691-7-CR0-OCCT691-occt-64/drv/Expr/Expr_BinaryExpression.ixx
+M Expr:pubinclude:Handle_Expr_BinaryFunction.hxx /misc/dn61/LocalWOK/wok_entities/LOC/dev/CR0-OCCT691-7-CR0-OCCT691-occt-64/inc/Handle_Expr_BinaryFunction.hxx
+M Expr:pubinclude:Expr_BinaryFunction.hxx /misc/dn61/LocalWOK/wok_entities/LOC/dev/CR0-OCCT691-7-CR0-OCCT691-occt-64/inc/Expr_BinaryFunction.hxx
+M Expr:privinclude:Expr_BinaryFunction.jxx /misc/dn61/LocalWOK/wok_entities/LOC/dev/CR0-OCCT691-7-CR0-OCCT691-occt-64/drv/Expr/Expr_BinaryFunction.jxx
+M Expr:privinclude:Expr_BinaryFunction.ixx /misc/dn61/LocalWOK/wok_entities/LOC/dev/CR0-OCCT691-7-CR0-OCCT691-occt-64/drv/Expr/Expr_BinaryFunction.ixx
+M Expr:pubinclude:Handle_Expr_Difference.hxx /misc/dn61/LocalWOK/wok_entities/LOC/dev/CR0-OCCT691-7-CR0-OCCT691-occt-64/inc/Handle_Expr_Difference.hxx
+M Expr:pubinclude:Expr_Difference.hxx /misc/dn61/LocalWOK/wok_entities/LOC/dev/CR0-OCCT691-7-CR0-OCCT691-occt-64/inc/Expr_Difference.hxx
+M Expr:privinclude:Expr_Difference.jxx /misc/dn61/LocalWOK/wok_entities/LOC/dev/CR0-OCCT691-7-CR0-OCCT691-occt-64/drv/Expr/Expr_Difference.jxx
+M Expr:privinclude:Expr_Difference.ixx /misc/dn61/LocalWOK/wok_entities/LOC/dev/CR0-OCCT691-7-CR0-OCCT691-occt-64/drv/Expr/Expr_Difference.ixx
+M Expr:pubinclude:Handle_Expr_Division.hxx /misc/dn61/LocalWOK/wok_entities/LOC/dev/CR0-OCCT691-7-CR0-OCCT691-occt-64/inc/Handle_Expr_Division.hxx
+M Expr:pubinclude:Expr_Division.hxx /misc/dn61/LocalWOK/wok_entities/LOC/dev/CR0-OCCT691-7-CR0-OCCT691-occt-64/inc/Expr_Division.hxx
+M Expr:privinclude:Expr_Division.jxx /misc/dn61/LocalWOK/wok_entities/LOC/dev/CR0-OCCT691-7-CR0-OCCT691-occt-64/drv/Expr/Expr_Division.jxx
+M Expr:privinclude:Expr_Division.ixx /misc/dn61/LocalWOK/wok_entities/LOC/dev/CR0-OCCT691-7-CR0-OCCT691-occt-64/drv/Expr/Expr_Division.ixx
+M Expr:pubinclude:Handle_Expr_Exponentiate.hxx /misc/dn61/LocalWOK/wok_entities/LOC/dev/CR0-OCCT691-7-CR0-OCCT691-occt-64/inc/Handle_Expr_Exponentiate.hxx
+M Expr:pubinclude:Expr_Exponentiate.hxx /misc/dn61/LocalWOK/wok_entities/LOC/dev/CR0-OCCT691-7-CR0-OCCT691-occt-64/inc/Expr_Exponentiate.hxx
+M Expr:privinclude:Expr_Exponentiate.jxx /misc/dn61/LocalWOK/wok_entities/LOC/dev/CR0-OCCT691-7-CR0-OCCT691-occt-64/drv/Expr/Expr_Exponentiate.jxx
+M Expr:privinclude:Expr_Exponentiate.ixx /misc/dn61/LocalWOK/wok_entities/LOC/dev/CR0-OCCT691-7-CR0-OCCT691-occt-64/drv/Expr/Expr_Exponentiate.ixx
+M Expr:pubinclude:Handle_Expr_PolyExpression.hxx /misc/dn61/LocalWOK/wok_entities/LOC/dev/CR0-OCCT691-7-CR0-OCCT691-occt-64/inc/Handle_Expr_PolyExpression.hxx
+M Expr:pubinclude:Expr_PolyExpression.hxx /misc/dn61/LocalWOK/wok_entities/LOC/dev/CR0-OCCT691-7-CR0-OCCT691-occt-64/inc/Expr_PolyExpression.hxx
+M Expr:privinclude:Expr_PolyExpression.jxx /misc/dn61/LocalWOK/wok_entities/LOC/dev/CR0-OCCT691-7-CR0-OCCT691-occt-64/drv/Expr/Expr_PolyExpression.jxx
+M Expr:privinclude:Expr_PolyExpression.ixx /misc/dn61/LocalWOK/wok_entities/LOC/dev/CR0-OCCT691-7-CR0-OCCT691-occt-64/drv/Expr/Expr_PolyExpression.ixx
+M Expr:pubinclude:Handle_Expr_PolyFunction.hxx /misc/dn61/LocalWOK/wok_entities/LOC/dev/CR0-OCCT691-7-CR0-OCCT691-occt-64/inc/Handle_Expr_PolyFunction.hxx
+M Expr:pubinclude:Expr_PolyFunction.hxx /misc/dn61/LocalWOK/wok_entities/LOC/dev/CR0-OCCT691-7-CR0-OCCT691-occt-64/inc/Expr_PolyFunction.hxx
+M Expr:privinclude:Expr_PolyFunction.jxx /misc/dn61/LocalWOK/wok_entities/LOC/dev/CR0-OCCT691-7-CR0-OCCT691-occt-64/drv/Expr/Expr_PolyFunction.jxx
+M Expr:privinclude:Expr_PolyFunction.ixx /misc/dn61/LocalWOK/wok_entities/LOC/dev/CR0-OCCT691-7-CR0-OCCT691-occt-64/drv/Expr/Expr_PolyFunction.ixx
+M Expr:pubinclude:Handle_Expr_Product.hxx /misc/dn61/LocalWOK/wok_entities/LOC/dev/CR0-OCCT691-7-CR0-OCCT691-occt-64/inc/Handle_Expr_Product.hxx
+M Expr:pubinclude:Expr_Product.hxx /misc/dn61/LocalWOK/wok_entities/LOC/dev/CR0-OCCT691-7-CR0-OCCT691-occt-64/inc/Expr_Product.hxx
+M Expr:privinclude:Expr_Product.jxx /misc/dn61/LocalWOK/wok_entities/LOC/dev/CR0-OCCT691-7-CR0-OCCT691-occt-64/drv/Expr/Expr_Product.jxx
+M Expr:privinclude:Expr_Product.ixx /misc/dn61/LocalWOK/wok_entities/LOC/dev/CR0-OCCT691-7-CR0-OCCT691-occt-64/drv/Expr/Expr_Product.ixx
+M Expr:pubinclude:Handle_Expr_Sum.hxx /misc/dn61/LocalWOK/wok_entities/LOC/dev/CR0-OCCT691-7-CR0-OCCT691-occt-64/inc/Handle_Expr_Sum.hxx
+M Expr:pubinclude:Expr_Sum.hxx /misc/dn61/LocalWOK/wok_entities/LOC/dev/CR0-OCCT691-7-CR0-OCCT691-occt-64/inc/Expr_Sum.hxx
+M Expr:privinclude:Expr_Sum.jxx /misc/dn61/LocalWOK/wok_entities/LOC/dev/CR0-OCCT691-7-CR0-OCCT691-occt-64/drv/Expr/Expr_Sum.jxx
+M Expr:privinclude:Expr_Sum.ixx /misc/dn61/LocalWOK/wok_entities/LOC/dev/CR0-OCCT691-7-CR0-OCCT691-occt-64/drv/Expr/Expr_Sum.ixx
+M Expr:pubinclude:Expr_UnknownIterator.hxx /misc/dn61/LocalWOK/wok_entities/LOC/dev/CR0-OCCT691-7-CR0-OCCT691-occt-64/inc/Expr_UnknownIterator.hxx
+M Expr:privinclude:Expr_UnknownIterator.jxx /misc/dn61/LocalWOK/wok_entities/LOC/dev/CR0-OCCT691-7-CR0-OCCT691-occt-64/drv/Expr/Expr_UnknownIterator.jxx
+M Expr:privinclude:Expr_UnknownIterator.ixx /misc/dn61/LocalWOK/wok_entities/LOC/dev/CR0-OCCT691-7-CR0-OCCT691-occt-64/drv/Expr/Expr_UnknownIterator.ixx
+M Expr:pubinclude:Handle_Expr_GeneralRelation.hxx /misc/dn61/LocalWOK/wok_entities/LOC/dev/CR0-OCCT691-7-CR0-OCCT691-occt-64/inc/Handle_Expr_GeneralRelation.hxx
+M Expr:pubinclude:Expr_GeneralRelation.hxx /misc/dn61/LocalWOK/wok_entities/LOC/dev/CR0-OCCT691-7-CR0-OCCT691-occt-64/inc/Expr_GeneralRelation.hxx
+M Expr:privinclude:Expr_GeneralRelation.jxx /misc/dn61/LocalWOK/wok_entities/LOC/dev/CR0-OCCT691-7-CR0-OCCT691-occt-64/drv/Expr/Expr_GeneralRelation.jxx
+M Expr:privinclude:Expr_GeneralRelation.ixx /misc/dn61/LocalWOK/wok_entities/LOC/dev/CR0-OCCT691-7-CR0-OCCT691-occt-64/drv/Expr/Expr_GeneralRelation.ixx
+M Expr:pubinclude:Handle_Expr_SingleRelation.hxx /misc/dn61/LocalWOK/wok_entities/LOC/dev/CR0-OCCT691-7-CR0-OCCT691-occt-64/inc/Handle_Expr_SingleRelation.hxx
+M Expr:pubinclude:Expr_SingleRelation.hxx /misc/dn61/LocalWOK/wok_entities/LOC/dev/CR0-OCCT691-7-CR0-OCCT691-occt-64/inc/Expr_SingleRelation.hxx
+M Expr:privinclude:Expr_SingleRelation.jxx /misc/dn61/LocalWOK/wok_entities/LOC/dev/CR0-OCCT691-7-CR0-OCCT691-occt-64/drv/Expr/Expr_SingleRelation.jxx
+M Expr:privinclude:Expr_SingleRelation.ixx /misc/dn61/LocalWOK/wok_entities/LOC/dev/CR0-OCCT691-7-CR0-OCCT691-occt-64/drv/Expr/Expr_SingleRelation.ixx
+M Expr:pubinclude:Handle_Expr_Different.hxx /misc/dn61/LocalWOK/wok_entities/LOC/dev/CR0-OCCT691-7-CR0-OCCT691-occt-64/inc/Handle_Expr_Different.hxx
+M Expr:pubinclude:Expr_Different.hxx /misc/dn61/LocalWOK/wok_entities/LOC/dev/CR0-OCCT691-7-CR0-OCCT691-occt-64/inc/Expr_Different.hxx
+M Expr:privinclude:Expr_Different.jxx /misc/dn61/LocalWOK/wok_entities/LOC/dev/CR0-OCCT691-7-CR0-OCCT691-occt-64/drv/Expr/Expr_Different.jxx
+M Expr:privinclude:Expr_Different.ixx /misc/dn61/LocalWOK/wok_entities/LOC/dev/CR0-OCCT691-7-CR0-OCCT691-occt-64/drv/Expr/Expr_Different.ixx
+M Expr:pubinclude:Handle_Expr_Equal.hxx /misc/dn61/LocalWOK/wok_entities/LOC/dev/CR0-OCCT691-7-CR0-OCCT691-occt-64/inc/Handle_Expr_Equal.hxx
+M Expr:pubinclude:Expr_Equal.hxx /misc/dn61/LocalWOK/wok_entities/LOC/dev/CR0-OCCT691-7-CR0-OCCT691-occt-64/inc/Expr_Equal.hxx
+M Expr:privinclude:Expr_Equal.jxx /misc/dn61/LocalWOK/wok_entities/LOC/dev/CR0-OCCT691-7-CR0-OCCT691-occt-64/drv/Expr/Expr_Equal.jxx
+M Expr:privinclude:Expr_Equal.ixx /misc/dn61/LocalWOK/wok_entities/LOC/dev/CR0-OCCT691-7-CR0-OCCT691-occt-64/drv/Expr/Expr_Equal.ixx
+M Expr:pubinclude:Handle_Expr_GreaterThan.hxx /misc/dn61/LocalWOK/wok_entities/LOC/dev/CR0-OCCT691-7-CR0-OCCT691-occt-64/inc/Handle_Expr_GreaterThan.hxx
+M Expr:pubinclude:Expr_GreaterThan.hxx /misc/dn61/LocalWOK/wok_entities/LOC/dev/CR0-OCCT691-7-CR0-OCCT691-occt-64/inc/Expr_GreaterThan.hxx
+M Expr:privinclude:Expr_GreaterThan.jxx /misc/dn61/LocalWOK/wok_entities/LOC/dev/CR0-OCCT691-7-CR0-OCCT691-occt-64/drv/Expr/Expr_GreaterThan.jxx
+M Expr:privinclude:Expr_GreaterThan.ixx /misc/dn61/LocalWOK/wok_entities/LOC/dev/CR0-OCCT691-7-CR0-OCCT691-occt-64/drv/Expr/Expr_GreaterThan.ixx
+M Expr:pubinclude:Handle_Expr_GreaterThanOrEqual.hxx /misc/dn61/LocalWOK/wok_entities/LOC/dev/CR0-OCCT691-7-CR0-OCCT691-occt-64/inc/Handle_Expr_GreaterThanOrEqual.hxx
+M Expr:pubinclude:Expr_GreaterThanOrEqual.hxx /misc/dn61/LocalWOK/wok_entities/LOC/dev/CR0-OCCT691-7-CR0-OCCT691-occt-64/inc/Expr_GreaterThanOrEqual.hxx
+M Expr:privinclude:Expr_GreaterThanOrEqual.jxx /misc/dn61/LocalWOK/wok_entities/LOC/dev/CR0-OCCT691-7-CR0-OCCT691-occt-64/drv/Expr/Expr_GreaterThanOrEqual.jxx
+M Expr:privinclude:Expr_GreaterThanOrEqual.ixx /misc/dn61/LocalWOK/wok_entities/LOC/dev/CR0-OCCT691-7-CR0-OCCT691-occt-64/drv/Expr/Expr_GreaterThanOrEqual.ixx
+M Expr:pubinclude:Handle_Expr_LessThan.hxx /misc/dn61/LocalWOK/wok_entities/LOC/dev/CR0-OCCT691-7-CR0-OCCT691-occt-64/inc/Handle_Expr_LessThan.hxx
+M Expr:pubinclude:Expr_LessThan.hxx /misc/dn61/LocalWOK/wok_entities/LOC/dev/CR0-OCCT691-7-CR0-OCCT691-occt-64/inc/Expr_LessThan.hxx
+M Expr:privinclude:Expr_LessThan.jxx /misc/dn61/LocalWOK/wok_entities/LOC/dev/CR0-OCCT691-7-CR0-OCCT691-occt-64/drv/Expr/Expr_LessThan.jxx
+M Expr:privinclude:Expr_LessThan.ixx /misc/dn61/LocalWOK/wok_entities/LOC/dev/CR0-OCCT691-7-CR0-OCCT691-occt-64/drv/Expr/Expr_LessThan.ixx
+M Expr:pubinclude:Handle_Expr_LessThanOrEqual.hxx /misc/dn61/LocalWOK/wok_entities/LOC/dev/CR0-OCCT691-7-CR0-OCCT691-occt-64/inc/Handle_Expr_LessThanOrEqual.hxx
+M Expr:pubinclude:Expr_LessThanOrEqual.hxx /misc/dn61/LocalWOK/wok_entities/LOC/dev/CR0-OCCT691-7-CR0-OCCT691-occt-64/inc/Expr_LessThanOrEqual.hxx
+M Expr:privinclude:Expr_LessThanOrEqual.jxx /misc/dn61/LocalWOK/wok_entities/LOC/dev/CR0-OCCT691-7-CR0-OCCT691-occt-64/drv/Expr/Expr_LessThanOrEqual.jxx
+M Expr:privinclude:Expr_LessThanOrEqual.ixx /misc/dn61/LocalWOK/wok_entities/LOC/dev/CR0-OCCT691-7-CR0-OCCT691-occt-64/drv/Expr/Expr_LessThanOrEqual.ixx
+M Expr:pubinclude:Handle_Expr_SystemRelation.hxx /misc/dn61/LocalWOK/wok_entities/LOC/dev/CR0-OCCT691-7-CR0-OCCT691-occt-64/inc/Handle_Expr_SystemRelation.hxx
+M Expr:pubinclude:Expr_SystemRelation.hxx /misc/dn61/LocalWOK/wok_entities/LOC/dev/CR0-OCCT691-7-CR0-OCCT691-occt-64/inc/Expr_SystemRelation.hxx
+M Expr:privinclude:Expr_SystemRelation.jxx /misc/dn61/LocalWOK/wok_entities/LOC/dev/CR0-OCCT691-7-CR0-OCCT691-occt-64/drv/Expr/Expr_SystemRelation.jxx
+M Expr:privinclude:Expr_SystemRelation.ixx /misc/dn61/LocalWOK/wok_entities/LOC/dev/CR0-OCCT691-7-CR0-OCCT691-occt-64/drv/Expr/Expr_SystemRelation.ixx
+M Expr:pubinclude:Expr_RelationIterator.hxx /misc/dn61/LocalWOK/wok_entities/LOC/dev/CR0-OCCT691-7-CR0-OCCT691-occt-64/inc/Expr_RelationIterator.hxx
+M Expr:privinclude:Expr_RelationIterator.jxx /misc/dn61/LocalWOK/wok_entities/LOC/dev/CR0-OCCT691-7-CR0-OCCT691-occt-64/drv/Expr/Expr_RelationIterator.jxx
+M Expr:privinclude:Expr_RelationIterator.ixx /misc/dn61/LocalWOK/wok_entities/LOC/dev/CR0-OCCT691-7-CR0-OCCT691-occt-64/drv/Expr/Expr_RelationIterator.ixx
+M Expr:pubinclude:Expr_RUIterator.hxx /misc/dn61/LocalWOK/wok_entities/LOC/dev/CR0-OCCT691-7-CR0-OCCT691-occt-64/inc/Expr_RUIterator.hxx
+M Expr:privinclude:Expr_RUIterator.jxx /misc/dn61/LocalWOK/wok_entities/LOC/dev/CR0-OCCT691-7-CR0-OCCT691-occt-64/drv/Expr/Expr_RUIterator.jxx
+M Expr:privinclude:Expr_RUIterator.ixx /misc/dn61/LocalWOK/wok_entities/LOC/dev/CR0-OCCT691-7-CR0-OCCT691-occt-64/drv/Expr/Expr_RUIterator.ixx
+M Expr:pubinclude:Handle_Expr_GeneralFunction.hxx /misc/dn61/LocalWOK/wok_entities/LOC/dev/CR0-OCCT691-7-CR0-OCCT691-occt-64/inc/Handle_Expr_GeneralFunction.hxx
+M Expr:pubinclude:Expr_GeneralFunction.hxx /misc/dn61/LocalWOK/wok_entities/LOC/dev/CR0-OCCT691-7-CR0-OCCT691-occt-64/inc/Expr_GeneralFunction.hxx
+M Expr:privinclude:Expr_GeneralFunction.jxx /misc/dn61/LocalWOK/wok_entities/LOC/dev/CR0-OCCT691-7-CR0-OCCT691-occt-64/drv/Expr/Expr_GeneralFunction.jxx
+M Expr:privinclude:Expr_GeneralFunction.ixx /misc/dn61/LocalWOK/wok_entities/LOC/dev/CR0-OCCT691-7-CR0-OCCT691-occt-64/drv/Expr/Expr_GeneralFunction.ixx
+M Expr:pubinclude:Handle_Expr_NamedFunction.hxx /misc/dn61/LocalWOK/wok_entities/LOC/dev/CR0-OCCT691-7-CR0-OCCT691-occt-64/inc/Handle_Expr_NamedFunction.hxx
+M Expr:pubinclude:Expr_NamedFunction.hxx /misc/dn61/LocalWOK/wok_entities/LOC/dev/CR0-OCCT691-7-CR0-OCCT691-occt-64/inc/Expr_NamedFunction.hxx
+M Expr:privinclude:Expr_NamedFunction.jxx /misc/dn61/LocalWOK/wok_entities/LOC/dev/CR0-OCCT691-7-CR0-OCCT691-occt-64/drv/Expr/Expr_NamedFunction.jxx
+M Expr:privinclude:Expr_NamedFunction.ixx /misc/dn61/LocalWOK/wok_entities/LOC/dev/CR0-OCCT691-7-CR0-OCCT691-occt-64/drv/Expr/Expr_NamedFunction.ixx
+M Expr:pubinclude:Handle_Expr_FunctionDerivative.hxx /misc/dn61/LocalWOK/wok_entities/LOC/dev/CR0-OCCT691-7-CR0-OCCT691-occt-64/inc/Handle_Expr_FunctionDerivative.hxx
+M Expr:pubinclude:Expr_FunctionDerivative.hxx /misc/dn61/LocalWOK/wok_entities/LOC/dev/CR0-OCCT691-7-CR0-OCCT691-occt-64/inc/Expr_FunctionDerivative.hxx
+M Expr:privinclude:Expr_FunctionDerivative.jxx /misc/dn61/LocalWOK/wok_entities/LOC/dev/CR0-OCCT691-7-CR0-OCCT691-occt-64/drv/Expr/Expr_FunctionDerivative.jxx
+M Expr:privinclude:Expr_FunctionDerivative.ixx /misc/dn61/LocalWOK/wok_entities/LOC/dev/CR0-OCCT691-7-CR0-OCCT691-occt-64/drv/Expr/Expr_FunctionDerivative.ixx
+M Expr:pubinclude:Expr_SequenceOfGeneralExpression.hxx /misc/dn61/LocalWOK/wok_entities/LOC/dev/CR0-OCCT691-7-CR0-OCCT691-occt-64/inc/Expr_SequenceOfGeneralExpression.hxx
+M Expr:derivated:Expr_SequenceOfGeneralExpression_0.cxx /misc/dn61/LocalWOK/wok_entities/LOC/dev/CR0-OCCT691-7-CR0-OCCT691-occt-64/drv/Expr/Expr_SequenceOfGeneralExpression_0.cxx
+M Expr:pubinclude:Expr_Array1OfGeneralExpression.hxx /misc/dn61/LocalWOK/wok_entities/LOC/dev/CR0-OCCT691-7-CR0-OCCT691-occt-64/inc/Expr_Array1OfGeneralExpression.hxx
+M Expr:derivated:Expr_Array1OfGeneralExpression_0.cxx /misc/dn61/LocalWOK/wok_entities/LOC/dev/CR0-OCCT691-7-CR0-OCCT691-occt-64/drv/Expr/Expr_Array1OfGeneralExpression_0.cxx
+M Expr:pubinclude:Expr_Array1OfNamedUnknown.hxx /misc/dn61/LocalWOK/wok_entities/LOC/dev/CR0-OCCT691-7-CR0-OCCT691-occt-64/inc/Expr_Array1OfNamedUnknown.hxx
+M Expr:derivated:Expr_Array1OfNamedUnknown_0.cxx /misc/dn61/LocalWOK/wok_entities/LOC/dev/CR0-OCCT691-7-CR0-OCCT691-occt-64/drv/Expr/Expr_Array1OfNamedUnknown_0.cxx
+M Expr:pubinclude:Expr_MapOfNamedUnknown.hxx /misc/dn61/LocalWOK/wok_entities/LOC/dev/CR0-OCCT691-7-CR0-OCCT691-occt-64/inc/Expr_MapOfNamedUnknown.hxx
+M Expr:derivated:Expr_MapOfNamedUnknown_0.cxx /misc/dn61/LocalWOK/wok_entities/LOC/dev/CR0-OCCT691-7-CR0-OCCT691-occt-64/drv/Expr/Expr_MapOfNamedUnknown_0.cxx
+M Expr:pubinclude:Expr_Array1OfSingleRelation.hxx /misc/dn61/LocalWOK/wok_entities/LOC/dev/CR0-OCCT691-7-CR0-OCCT691-occt-64/inc/Expr_Array1OfSingleRelation.hxx
+M Expr:derivated:Expr_Array1OfSingleRelation_0.cxx /misc/dn61/LocalWOK/wok_entities/LOC/dev/CR0-OCCT691-7-CR0-OCCT691-occt-64/drv/Expr/Expr_Array1OfSingleRelation_0.cxx
+M Expr:pubinclude:Expr_SequenceOfGeneralRelation.hxx /misc/dn61/LocalWOK/wok_entities/LOC/dev/CR0-OCCT691-7-CR0-OCCT691-occt-64/inc/Expr_SequenceOfGeneralRelation.hxx
+M Expr:derivated:Expr_SequenceOfGeneralRelation_0.cxx /misc/dn61/LocalWOK/wok_entities/LOC/dev/CR0-OCCT691-7-CR0-OCCT691-occt-64/drv/Expr/Expr_SequenceOfGeneralRelation_0.cxx
+M Expr:pubinclude:Handle_Expr_SequenceNodeOfSequenceOfGeneralExpression.hxx /misc/dn61/LocalWOK/wok_entities/LOC/dev/CR0-OCCT691-7-CR0-OCCT691-occt-64/inc/Handle_Expr_SequenceNodeOfSequenceOfGeneralExpression.hxx
+M Expr:pubinclude:Expr_SequenceNodeOfSequenceOfGeneralExpression.hxx /misc/dn61/LocalWOK/wok_entities/LOC/dev/CR0-OCCT691-7-CR0-OCCT691-occt-64/inc/Expr_SequenceNodeOfSequenceOfGeneralExpression.hxx
+M Expr:derivated:Expr_SequenceNodeOfSequenceOfGeneralExpression_0.cxx /misc/dn61/LocalWOK/wok_entities/LOC/dev/CR0-OCCT691-7-CR0-OCCT691-occt-64/drv/Expr/Expr_SequenceNodeOfSequenceOfGeneralExpression_0.cxx
+M Expr:pubinclude:Handle_Expr_IndexedMapNodeOfMapOfNamedUnknown.hxx /misc/dn61/LocalWOK/wok_entities/LOC/dev/CR0-OCCT691-7-CR0-OCCT691-occt-64/inc/Handle_Expr_IndexedMapNodeOfMapOfNamedUnknown.hxx
+M Expr:pubinclude:Expr_IndexedMapNodeOfMapOfNamedUnknown.hxx /misc/dn61/LocalWOK/wok_entities/LOC/dev/CR0-OCCT691-7-CR0-OCCT691-occt-64/inc/Expr_IndexedMapNodeOfMapOfNamedUnknown.hxx
+M Expr:derivated:Expr_IndexedMapNodeOfMapOfNamedUnknown_0.cxx /misc/dn61/LocalWOK/wok_entities/LOC/dev/CR0-OCCT691-7-CR0-OCCT691-occt-64/drv/Expr/Expr_IndexedMapNodeOfMapOfNamedUnknown_0.cxx
+M Expr:pubinclude:Handle_Expr_SequenceNodeOfSequenceOfGeneralRelation.hxx /misc/dn61/LocalWOK/wok_entities/LOC/dev/CR0-OCCT691-7-CR0-OCCT691-occt-64/inc/Handle_Expr_SequenceNodeOfSequenceOfGeneralRelation.hxx
+M Expr:pubinclude:Expr_SequenceNodeOfSequenceOfGeneralRelation.hxx /misc/dn61/LocalWOK/wok_entities/LOC/dev/CR0-OCCT691-7-CR0-OCCT691-occt-64/inc/Expr_SequenceNodeOfSequenceOfGeneralRelation.hxx
+M Expr:derivated:Expr_SequenceNodeOfSequenceOfGeneralRelation_0.cxx /misc/dn61/LocalWOK/wok_entities/LOC/dev/CR0-OCCT691-7-CR0-OCCT691-occt-64/drv/Expr/Expr_SequenceNodeOfSequenceOfGeneralRelation_0.cxx
+M Expr:pubinclude:Handle_Expr_ExprFailure.hxx /misc/dn61/LocalWOK/wok_entities/LOC/dev/CR0-OCCT691-7-CR0-OCCT691-occt-64/inc/Handle_Expr_ExprFailure.hxx
+M Expr:pubinclude:Expr_ExprFailure.hxx /misc/dn61/LocalWOK/wok_entities/LOC/dev/CR0-OCCT691-7-CR0-OCCT691-occt-64/inc/Expr_ExprFailure.hxx
+M Expr:derivated:Expr_ExprFailure_0.cxx /misc/dn61/LocalWOK/wok_entities/LOC/dev/CR0-OCCT691-7-CR0-OCCT691-occt-64/drv/Expr/Expr_ExprFailure_0.cxx
+M Expr:pubinclude:Handle_Expr_NotAssigned.hxx /misc/dn61/LocalWOK/wok_entities/LOC/dev/CR0-OCCT691-7-CR0-OCCT691-occt-64/inc/Handle_Expr_NotAssigned.hxx
+M Expr:pubinclude:Expr_NotAssigned.hxx /misc/dn61/LocalWOK/wok_entities/LOC/dev/CR0-OCCT691-7-CR0-OCCT691-occt-64/inc/Expr_NotAssigned.hxx
+M Expr:derivated:Expr_NotAssigned_0.cxx /misc/dn61/LocalWOK/wok_entities/LOC/dev/CR0-OCCT691-7-CR0-OCCT691-occt-64/drv/Expr/Expr_NotAssigned_0.cxx
+M Expr:pubinclude:Handle_Expr_InvalidAssignment.hxx /misc/dn61/LocalWOK/wok_entities/LOC/dev/CR0-OCCT691-7-CR0-OCCT691-occt-64/inc/Handle_Expr_InvalidAssignment.hxx
+M Expr:pubinclude:Expr_InvalidAssignment.hxx /misc/dn61/LocalWOK/wok_entities/LOC/dev/CR0-OCCT691-7-CR0-OCCT691-occt-64/inc/Expr_InvalidAssignment.hxx
+M Expr:derivated:Expr_InvalidAssignment_0.cxx /misc/dn61/LocalWOK/wok_entities/LOC/dev/CR0-OCCT691-7-CR0-OCCT691-occt-64/drv/Expr/Expr_InvalidAssignment_0.cxx
+M Expr:pubinclude:Handle_Expr_InvalidFunction.hxx /misc/dn61/LocalWOK/wok_entities/LOC/dev/CR0-OCCT691-7-CR0-OCCT691-occt-64/inc/Handle_Expr_InvalidFunction.hxx
+M Expr:pubinclude:Expr_InvalidFunction.hxx /misc/dn61/LocalWOK/wok_entities/LOC/dev/CR0-OCCT691-7-CR0-OCCT691-occt-64/inc/Expr_InvalidFunction.hxx
+M Expr:derivated:Expr_InvalidFunction_0.cxx /misc/dn61/LocalWOK/wok_entities/LOC/dev/CR0-OCCT691-7-CR0-OCCT691-occt-64/drv/Expr/Expr_InvalidFunction_0.cxx
+M Expr:pubinclude:Handle_Expr_InvalidOperand.hxx /misc/dn61/LocalWOK/wok_entities/LOC/dev/CR0-OCCT691-7-CR0-OCCT691-occt-64/inc/Handle_Expr_InvalidOperand.hxx
+M Expr:pubinclude:Expr_InvalidOperand.hxx /misc/dn61/LocalWOK/wok_entities/LOC/dev/CR0-OCCT691-7-CR0-OCCT691-occt-64/inc/Expr_InvalidOperand.hxx
+M Expr:derivated:Expr_InvalidOperand_0.cxx /misc/dn61/LocalWOK/wok_entities/LOC/dev/CR0-OCCT691-7-CR0-OCCT691-occt-64/drv/Expr/Expr_InvalidOperand_0.cxx
+M Expr:pubinclude:Handle_Expr_NotEvaluable.hxx /misc/dn61/LocalWOK/wok_entities/LOC/dev/CR0-OCCT691-7-CR0-OCCT691-occt-64/inc/Handle_Expr_NotEvaluable.hxx
+M Expr:pubinclude:Expr_NotEvaluable.hxx /misc/dn61/LocalWOK/wok_entities/LOC/dev/CR0-OCCT691-7-CR0-OCCT691-occt-64/inc/Expr_NotEvaluable.hxx
+M Expr:derivated:Expr_NotEvaluable_0.cxx /misc/dn61/LocalWOK/wok_entities/LOC/dev/CR0-OCCT691-7-CR0-OCCT691-occt-64/drv/Expr/Expr_NotEvaluable_0.cxx
+M Expr:dbadmfile:Expr_xcpp_header.In /misc/dn61/LocalWOK/wok_entities/LOC/dev/CR0-OCCT691-7-CR0-OCCT691-occt-64/drv/Expr/.adm/Expr_xcpp_header.In
+M Expr:dbadmfile:Expr_xcpp_header.Out /misc/dn61/LocalWOK/wok_entities/LOC/dev/CR0-OCCT691-7-CR0-OCCT691-occt-64/drv/Expr/.adm/Expr_xcpp_header.Out
+M Expr:dbadmfile:Expr_xcpp_header.Dep /misc/dn61/LocalWOK/wok_entities/LOC/dev/CR0-OCCT691-7-CR0-OCCT691-occt-64/drv/Expr/.adm/Expr_xcpp_header.Dep
