+M TopOpeBRepBuild:pubinclude:Handle_TopOpeBRepBuild_Loop.hxx /misc/dn61/LocalWOK/wok_entities/LOC/dev/CR0-OCCT691-7-CR0-OCCT691-occt-64/inc/Handle_TopOpeBRepBuild_Loop.hxx
+M TopOpeBRepBuild:pubinclude:TopOpeBRepBuild_Loop.hxx /misc/dn61/LocalWOK/wok_entities/LOC/dev/CR0-OCCT691-7-CR0-OCCT691-occt-64/inc/TopOpeBRepBuild_Loop.hxx
+M TopOpeBRepBuild:privinclude:TopOpeBRepBuild_Loop.jxx /misc/dn61/LocalWOK/wok_entities/LOC/dev/CR0-OCCT691-7-CR0-OCCT691-occt-64/drv/TopOpeBRepBuild/TopOpeBRepBuild_Loop.jxx
+M TopOpeBRepBuild:privinclude:TopOpeBRepBuild_Loop.ixx /misc/dn61/LocalWOK/wok_entities/LOC/dev/CR0-OCCT691-7-CR0-OCCT691-occt-64/drv/TopOpeBRepBuild/TopOpeBRepBuild_Loop.ixx
+M TopOpeBRepBuild:pubinclude:TopOpeBRepBuild_ListOfLoop.hxx /misc/dn61/LocalWOK/wok_entities/LOC/dev/CR0-OCCT691-7-CR0-OCCT691-occt-64/inc/TopOpeBRepBuild_ListOfLoop.hxx
+M TopOpeBRepBuild:derivated:TopOpeBRepBuild_ListOfLoop_0.cxx /misc/dn61/LocalWOK/wok_entities/LOC/dev/CR0-OCCT691-7-CR0-OCCT691-occt-64/drv/TopOpeBRepBuild/TopOpeBRepBuild_ListOfLoop_0.cxx
+M TopOpeBRepBuild:pubinclude:TopOpeBRepBuild_LoopSet.hxx /misc/dn61/LocalWOK/wok_entities/LOC/dev/CR0-OCCT691-7-CR0-OCCT691-occt-64/inc/TopOpeBRepBuild_LoopSet.hxx
+M TopOpeBRepBuild:privinclude:TopOpeBRepBuild_LoopSet.jxx /misc/dn61/LocalWOK/wok_entities/LOC/dev/CR0-OCCT691-7-CR0-OCCT691-occt-64/drv/TopOpeBRepBuild/TopOpeBRepBuild_LoopSet.jxx
+M TopOpeBRepBuild:privinclude:TopOpeBRepBuild_LoopSet.ixx /misc/dn61/LocalWOK/wok_entities/LOC/dev/CR0-OCCT691-7-CR0-OCCT691-occt-64/drv/TopOpeBRepBuild/TopOpeBRepBuild_LoopSet.ixx
+M TopOpeBRepBuild:pubinclude:TopOpeBRepBuild_LoopClassifier.hxx /misc/dn61/LocalWOK/wok_entities/LOC/dev/CR0-OCCT691-7-CR0-OCCT691-occt-64/inc/TopOpeBRepBuild_LoopClassifier.hxx
+M TopOpeBRepBuild:privinclude:TopOpeBRepBuild_LoopClassifier.jxx /misc/dn61/LocalWOK/wok_entities/LOC/dev/CR0-OCCT691-7-CR0-OCCT691-occt-64/drv/TopOpeBRepBuild/TopOpeBRepBuild_LoopClassifier.jxx
+M TopOpeBRepBuild:privinclude:TopOpeBRepBuild_LoopClassifier.ixx /misc/dn61/LocalWOK/wok_entities/LOC/dev/CR0-OCCT691-7-CR0-OCCT691-occt-64/drv/TopOpeBRepBuild/TopOpeBRepBuild_LoopClassifier.ixx
+M TopOpeBRepBuild:pubinclude:TopOpeBRepBuild_ListOfListOfLoop.hxx /misc/dn61/LocalWOK/wok_entities/LOC/dev/CR0-OCCT691-7-CR0-OCCT691-occt-64/inc/TopOpeBRepBuild_ListOfListOfLoop.hxx
+M TopOpeBRepBuild:derivated:TopOpeBRepBuild_ListOfListOfLoop_0.cxx /misc/dn61/LocalWOK/wok_entities/LOC/dev/CR0-OCCT691-7-CR0-OCCT691-occt-64/drv/TopOpeBRepBuild/TopOpeBRepBuild_ListOfListOfLoop_0.cxx
+M TopOpeBRepBuild:pubinclude:TopOpeBRepBuild_AreaBuilder.hxx /misc/dn61/LocalWOK/wok_entities/LOC/dev/CR0-OCCT691-7-CR0-OCCT691-occt-64/inc/TopOpeBRepBuild_AreaBuilder.hxx
+M TopOpeBRepBuild:privinclude:TopOpeBRepBuild_AreaBuilder.jxx /misc/dn61/LocalWOK/wok_entities/LOC/dev/CR0-OCCT691-7-CR0-OCCT691-occt-64/drv/TopOpeBRepBuild/TopOpeBRepBuild_AreaBuilder.jxx
+M TopOpeBRepBuild:privinclude:TopOpeBRepBuild_AreaBuilder.ixx /misc/dn61/LocalWOK/wok_entities/LOC/dev/CR0-OCCT691-7-CR0-OCCT691-occt-64/drv/TopOpeBRepBuild/TopOpeBRepBuild_AreaBuilder.ixx
+M TopOpeBRepBuild:pubinclude:Handle_TopOpeBRepBuild_Pave.hxx /misc/dn61/LocalWOK/wok_entities/LOC/dev/CR0-OCCT691-7-CR0-OCCT691-occt-64/inc/Handle_TopOpeBRepBuild_Pave.hxx
+M TopOpeBRepBuild:pubinclude:TopOpeBRepBuild_Pave.hxx /misc/dn61/LocalWOK/wok_entities/LOC/dev/CR0-OCCT691-7-CR0-OCCT691-occt-64/inc/TopOpeBRepBuild_Pave.hxx
+M TopOpeBRepBuild:privinclude:TopOpeBRepBuild_Pave.jxx /misc/dn61/LocalWOK/wok_entities/LOC/dev/CR0-OCCT691-7-CR0-OCCT691-occt-64/drv/TopOpeBRepBuild/TopOpeBRepBuild_Pave.jxx
+M TopOpeBRepBuild:privinclude:TopOpeBRepBuild_Pave.ixx /misc/dn61/LocalWOK/wok_entities/LOC/dev/CR0-OCCT691-7-CR0-OCCT691-occt-64/drv/TopOpeBRepBuild/TopOpeBRepBuild_Pave.ixx
+M TopOpeBRepBuild:pubinclude:TopOpeBRepBuild_ListOfPave.hxx /misc/dn61/LocalWOK/wok_entities/LOC/dev/CR0-OCCT691-7-CR0-OCCT691-occt-64/inc/TopOpeBRepBuild_ListOfPave.hxx
+M TopOpeBRepBuild:derivated:TopOpeBRepBuild_ListOfPave_0.cxx /misc/dn61/LocalWOK/wok_entities/LOC/dev/CR0-OCCT691-7-CR0-OCCT691-occt-64/drv/TopOpeBRepBuild/TopOpeBRepBuild_ListOfPave_0.cxx
+M TopOpeBRepBuild:pubinclude:TopOpeBRepBuild_PaveSet.hxx /misc/dn61/LocalWOK/wok_entities/LOC/dev/CR0-OCCT691-7-CR0-OCCT691-occt-64/inc/TopOpeBRepBuild_PaveSet.hxx
+M TopOpeBRepBuild:privinclude:TopOpeBRepBuild_PaveSet.jxx /misc/dn61/LocalWOK/wok_entities/LOC/dev/CR0-OCCT691-7-CR0-OCCT691-occt-64/drv/TopOpeBRepBuild/TopOpeBRepBuild_PaveSet.jxx
+M TopOpeBRepBuild:privinclude:TopOpeBRepBuild_PaveSet.ixx /misc/dn61/LocalWOK/wok_entities/LOC/dev/CR0-OCCT691-7-CR0-OCCT691-occt-64/drv/TopOpeBRepBuild/TopOpeBRepBuild_PaveSet.ixx
+M TopOpeBRepBuild:pubinclude:TopOpeBRepBuild_PaveClassifier.hxx /misc/dn61/LocalWOK/wok_entities/LOC/dev/CR0-OCCT691-7-CR0-OCCT691-occt-64/inc/TopOpeBRepBuild_PaveClassifier.hxx
+M TopOpeBRepBuild:privinclude:TopOpeBRepBuild_PaveClassifier.jxx /misc/dn61/LocalWOK/wok_entities/LOC/dev/CR0-OCCT691-7-CR0-OCCT691-occt-64/drv/TopOpeBRepBuild/TopOpeBRepBuild_PaveClassifier.jxx
+M TopOpeBRepBuild:privinclude:TopOpeBRepBuild_PaveClassifier.ixx /misc/dn61/LocalWOK/wok_entities/LOC/dev/CR0-OCCT691-7-CR0-OCCT691-occt-64/drv/TopOpeBRepBuild/TopOpeBRepBuild_PaveClassifier.ixx
+M TopOpeBRepBuild:pubinclude:TopOpeBRepBuild_Area1dBuilder.hxx /misc/dn61/LocalWOK/wok_entities/LOC/dev/CR0-OCCT691-7-CR0-OCCT691-occt-64/inc/TopOpeBRepBuild_Area1dBuilder.hxx
+M TopOpeBRepBuild:privinclude:TopOpeBRepBuild_Area1dBuilder.jxx /misc/dn61/LocalWOK/wok_entities/LOC/dev/CR0-OCCT691-7-CR0-OCCT691-occt-64/drv/TopOpeBRepBuild/TopOpeBRepBuild_Area1dBuilder.jxx
+M TopOpeBRepBuild:privinclude:TopOpeBRepBuild_Area1dBuilder.ixx /misc/dn61/LocalWOK/wok_entities/LOC/dev/CR0-OCCT691-7-CR0-OCCT691-occt-64/drv/TopOpeBRepBuild/TopOpeBRepBuild_Area1dBuilder.ixx
+M TopOpeBRepBuild:pubinclude:TopOpeBRepBuild_EdgeBuilder.hxx /misc/dn61/LocalWOK/wok_entities/LOC/dev/CR0-OCCT691-7-CR0-OCCT691-occt-64/inc/TopOpeBRepBuild_EdgeBuilder.hxx
+M TopOpeBRepBuild:privinclude:TopOpeBRepBuild_EdgeBuilder.jxx /misc/dn61/LocalWOK/wok_entities/LOC/dev/CR0-OCCT691-7-CR0-OCCT691-occt-64/drv/TopOpeBRepBuild/TopOpeBRepBuild_EdgeBuilder.jxx
+M TopOpeBRepBuild:privinclude:TopOpeBRepBuild_EdgeBuilder.ixx /misc/dn61/LocalWOK/wok_entities/LOC/dev/CR0-OCCT691-7-CR0-OCCT691-occt-64/drv/TopOpeBRepBuild/TopOpeBRepBuild_EdgeBuilder.ixx
+M TopOpeBRepBuild:pubinclude:TopOpeBRepBuild_Tools.hxx /misc/dn61/LocalWOK/wok_entities/LOC/dev/CR0-OCCT691-7-CR0-OCCT691-occt-64/inc/TopOpeBRepBuild_Tools.hxx
+M TopOpeBRepBuild:privinclude:TopOpeBRepBuild_Tools.jxx /misc/dn61/LocalWOK/wok_entities/LOC/dev/CR0-OCCT691-7-CR0-OCCT691-occt-64/drv/TopOpeBRepBuild/TopOpeBRepBuild_Tools.jxx
+M TopOpeBRepBuild:privinclude:TopOpeBRepBuild_Tools.ixx /misc/dn61/LocalWOK/wok_entities/LOC/dev/CR0-OCCT691-7-CR0-OCCT691-occt-64/drv/TopOpeBRepBuild/TopOpeBRepBuild_Tools.ixx
+M TopOpeBRepBuild:pubinclude:TopOpeBRepBuild_ShapeSet.hxx /misc/dn61/LocalWOK/wok_entities/LOC/dev/CR0-OCCT691-7-CR0-OCCT691-occt-64/inc/TopOpeBRepBuild_ShapeSet.hxx
+M TopOpeBRepBuild:privinclude:TopOpeBRepBuild_ShapeSet.jxx /misc/dn61/LocalWOK/wok_entities/LOC/dev/CR0-OCCT691-7-CR0-OCCT691-occt-64/drv/TopOpeBRepBuild/TopOpeBRepBuild_ShapeSet.jxx
+M TopOpeBRepBuild:privinclude:TopOpeBRepBuild_ShapeSet.ixx /misc/dn61/LocalWOK/wok_entities/LOC/dev/CR0-OCCT691-7-CR0-OCCT691-occt-64/drv/TopOpeBRepBuild/TopOpeBRepBuild_ShapeSet.ixx
+M TopOpeBRepBuild:pubinclude:TopOpeBRepBuild_WireEdgeSet.hxx /misc/dn61/LocalWOK/wok_entities/LOC/dev/CR0-OCCT691-7-CR0-OCCT691-occt-64/inc/TopOpeBRepBuild_WireEdgeSet.hxx
+M TopOpeBRepBuild:privinclude:TopOpeBRepBuild_WireEdgeSet.jxx /misc/dn61/LocalWOK/wok_entities/LOC/dev/CR0-OCCT691-7-CR0-OCCT691-occt-64/drv/TopOpeBRepBuild/TopOpeBRepBuild_WireEdgeSet.jxx
+M TopOpeBRepBuild:privinclude:TopOpeBRepBuild_WireEdgeSet.ixx /misc/dn61/LocalWOK/wok_entities/LOC/dev/CR0-OCCT691-7-CR0-OCCT691-occt-64/drv/TopOpeBRepBuild/TopOpeBRepBuild_WireEdgeSet.ixx
+M TopOpeBRepBuild:pubinclude:TopOpeBRepBuild_ShellFaceSet.hxx /misc/dn61/LocalWOK/wok_entities/LOC/dev/CR0-OCCT691-7-CR0-OCCT691-occt-64/inc/TopOpeBRepBuild_ShellFaceSet.hxx
+M TopOpeBRepBuild:privinclude:TopOpeBRepBuild_ShellFaceSet.jxx /misc/dn61/LocalWOK/wok_entities/LOC/dev/CR0-OCCT691-7-CR0-OCCT691-occt-64/drv/TopOpeBRepBuild/TopOpeBRepBuild_ShellFaceSet.jxx
+M TopOpeBRepBuild:privinclude:TopOpeBRepBuild_ShellFaceSet.ixx /misc/dn61/LocalWOK/wok_entities/LOC/dev/CR0-OCCT691-7-CR0-OCCT691-occt-64/drv/TopOpeBRepBuild/TopOpeBRepBuild_ShellFaceSet.ixx
+M TopOpeBRepBuild:pubinclude:TopOpeBRepBuild_BlockIterator.hxx /misc/dn61/LocalWOK/wok_entities/LOC/dev/CR0-OCCT691-7-CR0-OCCT691-occt-64/inc/TopOpeBRepBuild_BlockIterator.hxx
+M TopOpeBRepBuild:privinclude:TopOpeBRepBuild_BlockIterator.jxx /misc/dn61/LocalWOK/wok_entities/LOC/dev/CR0-OCCT691-7-CR0-OCCT691-occt-64/drv/TopOpeBRepBuild/TopOpeBRepBuild_BlockIterator.jxx
+M TopOpeBRepBuild:privinclude:TopOpeBRepBuild_BlockIterator.ixx /misc/dn61/LocalWOK/wok_entities/LOC/dev/CR0-OCCT691-7-CR0-OCCT691-occt-64/drv/TopOpeBRepBuild/TopOpeBRepBuild_BlockIterator.ixx
+M TopOpeBRepBuild:pubinclude:TopOpeBRepBuild_BlockBuilder.hxx /misc/dn61/LocalWOK/wok_entities/LOC/dev/CR0-OCCT691-7-CR0-OCCT691-occt-64/inc/TopOpeBRepBuild_BlockBuilder.hxx
+M TopOpeBRepBuild:privinclude:TopOpeBRepBuild_BlockBuilder.jxx /misc/dn61/LocalWOK/wok_entities/LOC/dev/CR0-OCCT691-7-CR0-OCCT691-occt-64/drv/TopOpeBRepBuild/TopOpeBRepBuild_BlockBuilder.jxx
+M TopOpeBRepBuild:privinclude:TopOpeBRepBuild_BlockBuilder.ixx /misc/dn61/LocalWOK/wok_entities/LOC/dev/CR0-OCCT691-7-CR0-OCCT691-occt-64/drv/TopOpeBRepBuild/TopOpeBRepBuild_BlockBuilder.ixx
+M TopOpeBRepBuild:pubinclude:TopOpeBRepBuild_CompositeClassifier.hxx /misc/dn61/LocalWOK/wok_entities/LOC/dev/CR0-OCCT691-7-CR0-OCCT691-occt-64/inc/TopOpeBRepBuild_CompositeClassifier.hxx
+M TopOpeBRepBuild:privinclude:TopOpeBRepBuild_CompositeClassifier.jxx /misc/dn61/LocalWOK/wok_entities/LOC/dev/CR0-OCCT691-7-CR0-OCCT691-occt-64/drv/TopOpeBRepBuild/TopOpeBRepBuild_CompositeClassifier.jxx
+M TopOpeBRepBuild:privinclude:TopOpeBRepBuild_CompositeClassifier.ixx /misc/dn61/LocalWOK/wok_entities/LOC/dev/CR0-OCCT691-7-CR0-OCCT691-occt-64/drv/TopOpeBRepBuild/TopOpeBRepBuild_CompositeClassifier.ixx
+M TopOpeBRepBuild:pubinclude:TopOpeBRepBuild_WireEdgeClassifier.hxx /misc/dn61/LocalWOK/wok_entities/LOC/dev/CR0-OCCT691-7-CR0-OCCT691-occt-64/inc/TopOpeBRepBuild_WireEdgeClassifier.hxx
+M TopOpeBRepBuild:privinclude:TopOpeBRepBuild_WireEdgeClassifier.jxx /misc/dn61/LocalWOK/wok_entities/LOC/dev/CR0-OCCT691-7-CR0-OCCT691-occt-64/drv/TopOpeBRepBuild/TopOpeBRepBuild_WireEdgeClassifier.jxx
+M TopOpeBRepBuild:privinclude:TopOpeBRepBuild_WireEdgeClassifier.ixx /misc/dn61/LocalWOK/wok_entities/LOC/dev/CR0-OCCT691-7-CR0-OCCT691-occt-64/drv/TopOpeBRepBuild/TopOpeBRepBuild_WireEdgeClassifier.ixx
+M TopOpeBRepBuild:pubinclude:TopOpeBRepBuild_ShellFaceClassifier.hxx /misc/dn61/LocalWOK/wok_entities/LOC/dev/CR0-OCCT691-7-CR0-OCCT691-occt-64/inc/TopOpeBRepBuild_ShellFaceClassifier.hxx
+M TopOpeBRepBuild:privinclude:TopOpeBRepBuild_ShellFaceClassifier.jxx /misc/dn61/LocalWOK/wok_entities/LOC/dev/CR0-OCCT691-7-CR0-OCCT691-occt-64/drv/TopOpeBRepBuild/TopOpeBRepBuild_ShellFaceClassifier.jxx
+M TopOpeBRepBuild:privinclude:TopOpeBRepBuild_ShellFaceClassifier.ixx /misc/dn61/LocalWOK/wok_entities/LOC/dev/CR0-OCCT691-7-CR0-OCCT691-occt-64/drv/TopOpeBRepBuild/TopOpeBRepBuild_ShellFaceClassifier.ixx
+M TopOpeBRepBuild:pubinclude:TopOpeBRepBuild_Area2dBuilder.hxx /misc/dn61/LocalWOK/wok_entities/LOC/dev/CR0-OCCT691-7-CR0-OCCT691-occt-64/inc/TopOpeBRepBuild_Area2dBuilder.hxx
+M TopOpeBRepBuild:privinclude:TopOpeBRepBuild_Area2dBuilder.jxx /misc/dn61/LocalWOK/wok_entities/LOC/dev/CR0-OCCT691-7-CR0-OCCT691-occt-64/drv/TopOpeBRepBuild/TopOpeBRepBuild_Area2dBuilder.jxx
+M TopOpeBRepBuild:privinclude:TopOpeBRepBuild_Area2dBuilder.ixx /misc/dn61/LocalWOK/wok_entities/LOC/dev/CR0-OCCT691-7-CR0-OCCT691-occt-64/drv/TopOpeBRepBuild/TopOpeBRepBuild_Area2dBuilder.ixx
+M TopOpeBRepBuild:pubinclude:TopOpeBRepBuild_FaceAreaBuilder.hxx /misc/dn61/LocalWOK/wok_entities/LOC/dev/CR0-OCCT691-7-CR0-OCCT691-occt-64/inc/TopOpeBRepBuild_FaceAreaBuilder.hxx
+M TopOpeBRepBuild:privinclude:TopOpeBRepBuild_FaceAreaBuilder.jxx /misc/dn61/LocalWOK/wok_entities/LOC/dev/CR0-OCCT691-7-CR0-OCCT691-occt-64/drv/TopOpeBRepBuild/TopOpeBRepBuild_FaceAreaBuilder.jxx
+M TopOpeBRepBuild:privinclude:TopOpeBRepBuild_FaceAreaBuilder.ixx /misc/dn61/LocalWOK/wok_entities/LOC/dev/CR0-OCCT691-7-CR0-OCCT691-occt-64/drv/TopOpeBRepBuild/TopOpeBRepBuild_FaceAreaBuilder.ixx
+M TopOpeBRepBuild:pubinclude:TopOpeBRepBuild_FaceBuilder.hxx /misc/dn61/LocalWOK/wok_entities/LOC/dev/CR0-OCCT691-7-CR0-OCCT691-occt-64/inc/TopOpeBRepBuild_FaceBuilder.hxx
+M TopOpeBRepBuild:privinclude:TopOpeBRepBuild_FaceBuilder.jxx /misc/dn61/LocalWOK/wok_entities/LOC/dev/CR0-OCCT691-7-CR0-OCCT691-occt-64/drv/TopOpeBRepBuild/TopOpeBRepBuild_FaceBuilder.jxx
+M TopOpeBRepBuild:privinclude:TopOpeBRepBuild_FaceBuilder.ixx /misc/dn61/LocalWOK/wok_entities/LOC/dev/CR0-OCCT691-7-CR0-OCCT691-occt-64/drv/TopOpeBRepBuild/TopOpeBRepBuild_FaceBuilder.ixx
+M TopOpeBRepBuild:pubinclude:TopOpeBRepBuild_Area3dBuilder.hxx /misc/dn61/LocalWOK/wok_entities/LOC/dev/CR0-OCCT691-7-CR0-OCCT691-occt-64/inc/TopOpeBRepBuild_Area3dBuilder.hxx
+M TopOpeBRepBuild:privinclude:TopOpeBRepBuild_Area3dBuilder.jxx /misc/dn61/LocalWOK/wok_entities/LOC/dev/CR0-OCCT691-7-CR0-OCCT691-occt-64/drv/TopOpeBRepBuild/TopOpeBRepBuild_Area3dBuilder.jxx
+M TopOpeBRepBuild:privinclude:TopOpeBRepBuild_Area3dBuilder.ixx /misc/dn61/LocalWOK/wok_entities/LOC/dev/CR0-OCCT691-7-CR0-OCCT691-occt-64/drv/TopOpeBRepBuild/TopOpeBRepBuild_Area3dBuilder.ixx
+M TopOpeBRepBuild:pubinclude:TopOpeBRepBuild_SolidAreaBuilder.hxx /misc/dn61/LocalWOK/wok_entities/LOC/dev/CR0-OCCT691-7-CR0-OCCT691-occt-64/inc/TopOpeBRepBuild_SolidAreaBuilder.hxx
+M TopOpeBRepBuild:privinclude:TopOpeBRepBuild_SolidAreaBuilder.jxx /misc/dn61/LocalWOK/wok_entities/LOC/dev/CR0-OCCT691-7-CR0-OCCT691-occt-64/drv/TopOpeBRepBuild/TopOpeBRepBuild_SolidAreaBuilder.jxx
+M TopOpeBRepBuild:privinclude:TopOpeBRepBuild_SolidAreaBuilder.ixx /misc/dn61/LocalWOK/wok_entities/LOC/dev/CR0-OCCT691-7-CR0-OCCT691-occt-64/drv/TopOpeBRepBuild/TopOpeBRepBuild_SolidAreaBuilder.ixx
+M TopOpeBRepBuild:pubinclude:TopOpeBRepBuild_SolidBuilder.hxx /misc/dn61/LocalWOK/wok_entities/LOC/dev/CR0-OCCT691-7-CR0-OCCT691-occt-64/inc/TopOpeBRepBuild_SolidBuilder.hxx
+M TopOpeBRepBuild:privinclude:TopOpeBRepBuild_SolidBuilder.jxx /misc/dn61/LocalWOK/wok_entities/LOC/dev/CR0-OCCT691-7-CR0-OCCT691-occt-64/drv/TopOpeBRepBuild/TopOpeBRepBuild_SolidBuilder.jxx
+M TopOpeBRepBuild:privinclude:TopOpeBRepBuild_SolidBuilder.ixx /misc/dn61/LocalWOK/wok_entities/LOC/dev/CR0-OCCT691-7-CR0-OCCT691-occt-64/drv/TopOpeBRepBuild/TopOpeBRepBuild_SolidBuilder.ixx
+M TopOpeBRepBuild:pubinclude:TopOpeBRepBuild_ShapeListOfShape.hxx /misc/dn61/LocalWOK/wok_entities/LOC/dev/CR0-OCCT691-7-CR0-OCCT691-occt-64/inc/TopOpeBRepBuild_ShapeListOfShape.hxx
+M TopOpeBRepBuild:privinclude:TopOpeBRepBuild_ShapeListOfShape.jxx /misc/dn61/LocalWOK/wok_entities/LOC/dev/CR0-OCCT691-7-CR0-OCCT691-occt-64/drv/TopOpeBRepBuild/TopOpeBRepBuild_ShapeListOfShape.jxx
+M TopOpeBRepBuild:privinclude:TopOpeBRepBuild_ShapeListOfShape.ixx /misc/dn61/LocalWOK/wok_entities/LOC/dev/CR0-OCCT691-7-CR0-OCCT691-occt-64/drv/TopOpeBRepBuild/TopOpeBRepBuild_ShapeListOfShape.ixx
+M TopOpeBRepBuild:pubinclude:TopOpeBRepBuild_ListOfShapeListOfShape.hxx /misc/dn61/LocalWOK/wok_entities/LOC/dev/CR0-OCCT691-7-CR0-OCCT691-occt-64/inc/TopOpeBRepBuild_ListOfShapeListOfShape.hxx
+M TopOpeBRepBuild:derivated:TopOpeBRepBuild_ListOfShapeListOfShape_0.cxx /misc/dn61/LocalWOK/wok_entities/LOC/dev/CR0-OCCT691-7-CR0-OCCT691-occt-64/drv/TopOpeBRepBuild/TopOpeBRepBuild_ListOfShapeListOfShape_0.cxx
+M TopOpeBRepBuild:pubinclude:TopOpeBRepBuild_DataMapOfShapeListOfShapeListOfShape.hxx /misc/dn61/LocalWOK/wok_entities/LOC/dev/CR0-OCCT691-7-CR0-OCCT691-occt-64/inc/TopOpeBRepBuild_DataMapOfShapeListOfShapeListOfShape.hxx
+M TopOpeBRepBuild:derivated:TopOpeBRepBuild_DataMapOfShapeListOfShapeListOfShape_0.cxx /misc/dn61/LocalWOK/wok_entities/LOC/dev/CR0-OCCT691-7-CR0-OCCT691-occt-64/drv/TopOpeBRepBuild/TopOpeBRepBuild_DataMapOfShapeListOfShapeListOfShape_0.cxx
+M TopOpeBRepBuild:pubinclude:TopOpeBRepBuild_GTopo.hxx /misc/dn61/LocalWOK/wok_entities/LOC/dev/CR0-OCCT691-7-CR0-OCCT691-occt-64/inc/TopOpeBRepBuild_GTopo.hxx
+M TopOpeBRepBuild:privinclude:TopOpeBRepBuild_GTopo.jxx /misc/dn61/LocalWOK/wok_entities/LOC/dev/CR0-OCCT691-7-CR0-OCCT691-occt-64/drv/TopOpeBRepBuild/TopOpeBRepBuild_GTopo.jxx
+M TopOpeBRepBuild:privinclude:TopOpeBRepBuild_GTopo.ixx /misc/dn61/LocalWOK/wok_entities/LOC/dev/CR0-OCCT691-7-CR0-OCCT691-occt-64/drv/TopOpeBRepBuild/TopOpeBRepBuild_GTopo.ixx
+M TopOpeBRepBuild:pubinclude:TopOpeBRepBuild_GIter.hxx /misc/dn61/LocalWOK/wok_entities/LOC/dev/CR0-OCCT691-7-CR0-OCCT691-occt-64/inc/TopOpeBRepBuild_GIter.hxx
+M TopOpeBRepBuild:privinclude:TopOpeBRepBuild_GIter.jxx /misc/dn61/LocalWOK/wok_entities/LOC/dev/CR0-OCCT691-7-CR0-OCCT691-occt-64/drv/TopOpeBRepBuild/TopOpeBRepBuild_GIter.jxx
+M TopOpeBRepBuild:privinclude:TopOpeBRepBuild_GIter.ixx /misc/dn61/LocalWOK/wok_entities/LOC/dev/CR0-OCCT691-7-CR0-OCCT691-occt-64/drv/TopOpeBRepBuild/TopOpeBRepBuild_GIter.ixx
+M TopOpeBRepBuild:pubinclude:TopOpeBRepBuild_GTool.hxx /misc/dn61/LocalWOK/wok_entities/LOC/dev/CR0-OCCT691-7-CR0-OCCT691-occt-64/inc/TopOpeBRepBuild_GTool.hxx
+M TopOpeBRepBuild:privinclude:TopOpeBRepBuild_GTool.jxx /misc/dn61/LocalWOK/wok_entities/LOC/dev/CR0-OCCT691-7-CR0-OCCT691-occt-64/drv/TopOpeBRepBuild/TopOpeBRepBuild_GTool.jxx
+M TopOpeBRepBuild:privinclude:TopOpeBRepBuild_GTool.ixx /misc/dn61/LocalWOK/wok_entities/LOC/dev/CR0-OCCT691-7-CR0-OCCT691-occt-64/drv/TopOpeBRepBuild/TopOpeBRepBuild_GTool.ixx
+M TopOpeBRepBuild:pubinclude:TopOpeBRepBuild_Builder.hxx /misc/dn61/LocalWOK/wok_entities/LOC/dev/CR0-OCCT691-7-CR0-OCCT691-occt-64/inc/TopOpeBRepBuild_Builder.hxx
+M TopOpeBRepBuild:privinclude:TopOpeBRepBuild_Builder.jxx /misc/dn61/LocalWOK/wok_entities/LOC/dev/CR0-OCCT691-7-CR0-OCCT691-occt-64/drv/TopOpeBRepBuild/TopOpeBRepBuild_Builder.jxx
+M TopOpeBRepBuild:privinclude:TopOpeBRepBuild_Builder.ixx /misc/dn61/LocalWOK/wok_entities/LOC/dev/CR0-OCCT691-7-CR0-OCCT691-occt-64/drv/TopOpeBRepBuild/TopOpeBRepBuild_Builder.ixx
+M TopOpeBRepBuild:pubinclude:TopOpeBRepBuild_Builder1.hxx /misc/dn61/LocalWOK/wok_entities/LOC/dev/CR0-OCCT691-7-CR0-OCCT691-occt-64/inc/TopOpeBRepBuild_Builder1.hxx
+M TopOpeBRepBuild:privinclude:TopOpeBRepBuild_Builder1.jxx /misc/dn61/LocalWOK/wok_entities/LOC/dev/CR0-OCCT691-7-CR0-OCCT691-occt-64/drv/TopOpeBRepBuild/TopOpeBRepBuild_Builder1.jxx
+M TopOpeBRepBuild:privinclude:TopOpeBRepBuild_Builder1.ixx /misc/dn61/LocalWOK/wok_entities/LOC/dev/CR0-OCCT691-7-CR0-OCCT691-occt-64/drv/TopOpeBRepBuild/TopOpeBRepBuild_Builder1.ixx
+M TopOpeBRepBuild:pubinclude:TopOpeBRepBuild_BuilderON.hxx /misc/dn61/LocalWOK/wok_entities/LOC/dev/CR0-OCCT691-7-CR0-OCCT691-occt-64/inc/TopOpeBRepBuild_BuilderON.hxx
+M TopOpeBRepBuild:privinclude:TopOpeBRepBuild_BuilderON.jxx /misc/dn61/LocalWOK/wok_entities/LOC/dev/CR0-OCCT691-7-CR0-OCCT691-occt-64/drv/TopOpeBRepBuild/TopOpeBRepBuild_BuilderON.jxx
+M TopOpeBRepBuild:privinclude:TopOpeBRepBuild_BuilderON.ixx /misc/dn61/LocalWOK/wok_entities/LOC/dev/CR0-OCCT691-7-CR0-OCCT691-occt-64/drv/TopOpeBRepBuild/TopOpeBRepBuild_BuilderON.ixx
+M TopOpeBRepBuild:pubinclude:Handle_TopOpeBRepBuild_HBuilder.hxx /misc/dn61/LocalWOK/wok_entities/LOC/dev/CR0-OCCT691-7-CR0-OCCT691-occt-64/inc/Handle_TopOpeBRepBuild_HBuilder.hxx
+M TopOpeBRepBuild:pubinclude:TopOpeBRepBuild_HBuilder.hxx /misc/dn61/LocalWOK/wok_entities/LOC/dev/CR0-OCCT691-7-CR0-OCCT691-occt-64/inc/TopOpeBRepBuild_HBuilder.hxx
+M TopOpeBRepBuild:privinclude:TopOpeBRepBuild_HBuilder.jxx /misc/dn61/LocalWOK/wok_entities/LOC/dev/CR0-OCCT691-7-CR0-OCCT691-occt-64/drv/TopOpeBRepBuild/TopOpeBRepBuild_HBuilder.jxx
+M TopOpeBRepBuild:privinclude:TopOpeBRepBuild_HBuilder.ixx /misc/dn61/LocalWOK/wok_entities/LOC/dev/CR0-OCCT691-7-CR0-OCCT691-occt-64/drv/TopOpeBRepBuild/TopOpeBRepBuild_HBuilder.ixx
+M TopOpeBRepBuild:pubinclude:TopOpeBRepBuild_WireToFace.hxx /misc/dn61/LocalWOK/wok_entities/LOC/dev/CR0-OCCT691-7-CR0-OCCT691-occt-64/inc/TopOpeBRepBuild_WireToFace.hxx
+M TopOpeBRepBuild:privinclude:TopOpeBRepBuild_WireToFace.jxx /misc/dn61/LocalWOK/wok_entities/LOC/dev/CR0-OCCT691-7-CR0-OCCT691-occt-64/drv/TopOpeBRepBuild/TopOpeBRepBuild_WireToFace.jxx
+M TopOpeBRepBuild:privinclude:TopOpeBRepBuild_WireToFace.ixx /misc/dn61/LocalWOK/wok_entities/LOC/dev/CR0-OCCT691-7-CR0-OCCT691-occt-64/drv/TopOpeBRepBuild/TopOpeBRepBuild_WireToFace.ixx
+M TopOpeBRepBuild:pubinclude:TopOpeBRepBuild_ShellToSolid.hxx /misc/dn61/LocalWOK/wok_entities/LOC/dev/CR0-OCCT691-7-CR0-OCCT691-occt-64/inc/TopOpeBRepBuild_ShellToSolid.hxx
+M TopOpeBRepBuild:privinclude:TopOpeBRepBuild_ShellToSolid.jxx /misc/dn61/LocalWOK/wok_entities/LOC/dev/CR0-OCCT691-7-CR0-OCCT691-occt-64/drv/TopOpeBRepBuild/TopOpeBRepBuild_ShellToSolid.jxx
+M TopOpeBRepBuild:privinclude:TopOpeBRepBuild_ShellToSolid.ixx /misc/dn61/LocalWOK/wok_entities/LOC/dev/CR0-OCCT691-7-CR0-OCCT691-occt-64/drv/TopOpeBRepBuild/TopOpeBRepBuild_ShellToSolid.ixx
+M TopOpeBRepBuild:pubinclude:TopOpeBRepBuild_FuseFace.hxx /misc/dn61/LocalWOK/wok_entities/LOC/dev/CR0-OCCT691-7-CR0-OCCT691-occt-64/inc/TopOpeBRepBuild_FuseFace.hxx
+M TopOpeBRepBuild:privinclude:TopOpeBRepBuild_FuseFace.jxx /misc/dn61/LocalWOK/wok_entities/LOC/dev/CR0-OCCT691-7-CR0-OCCT691-occt-64/drv/TopOpeBRepBuild/TopOpeBRepBuild_FuseFace.jxx
+M TopOpeBRepBuild:privinclude:TopOpeBRepBuild_FuseFace.ixx /misc/dn61/LocalWOK/wok_entities/LOC/dev/CR0-OCCT691-7-CR0-OCCT691-occt-64/drv/TopOpeBRepBuild/TopOpeBRepBuild_FuseFace.ixx
+M TopOpeBRepBuild:pubinclude:TopOpeBRepBuild_CorrectFace2d.hxx /misc/dn61/LocalWOK/wok_entities/LOC/dev/CR0-OCCT691-7-CR0-OCCT691-occt-64/inc/TopOpeBRepBuild_CorrectFace2d.hxx
+M TopOpeBRepBuild:privinclude:TopOpeBRepBuild_CorrectFace2d.jxx /misc/dn61/LocalWOK/wok_entities/LOC/dev/CR0-OCCT691-7-CR0-OCCT691-occt-64/drv/TopOpeBRepBuild/TopOpeBRepBuild_CorrectFace2d.jxx
+M TopOpeBRepBuild:privinclude:TopOpeBRepBuild_CorrectFace2d.ixx /misc/dn61/LocalWOK/wok_entities/LOC/dev/CR0-OCCT691-7-CR0-OCCT691-occt-64/drv/TopOpeBRepBuild/TopOpeBRepBuild_CorrectFace2d.ixx
+M TopOpeBRepBuild:pubinclude:TopOpeBRepBuild_VertexInfo.hxx /misc/dn61/LocalWOK/wok_entities/LOC/dev/CR0-OCCT691-7-CR0-OCCT691-occt-64/inc/TopOpeBRepBuild_VertexInfo.hxx
+M TopOpeBRepBuild:privinclude:TopOpeBRepBuild_VertexInfo.jxx /misc/dn61/LocalWOK/wok_entities/LOC/dev/CR0-OCCT691-7-CR0-OCCT691-occt-64/drv/TopOpeBRepBuild/TopOpeBRepBuild_VertexInfo.jxx
+M TopOpeBRepBuild:privinclude:TopOpeBRepBuild_VertexInfo.ixx /misc/dn61/LocalWOK/wok_entities/LOC/dev/CR0-OCCT691-7-CR0-OCCT691-occt-64/drv/TopOpeBRepBuild/TopOpeBRepBuild_VertexInfo.ixx
+M TopOpeBRepBuild:pubinclude:TopOpeBRepBuild_Tools2d.hxx /misc/dn61/LocalWOK/wok_entities/LOC/dev/CR0-OCCT691-7-CR0-OCCT691-occt-64/inc/TopOpeBRepBuild_Tools2d.hxx
+M TopOpeBRepBuild:privinclude:TopOpeBRepBuild_Tools2d.jxx /misc/dn61/LocalWOK/wok_entities/LOC/dev/CR0-OCCT691-7-CR0-OCCT691-occt-64/drv/TopOpeBRepBuild/TopOpeBRepBuild_Tools2d.jxx
+M TopOpeBRepBuild:privinclude:TopOpeBRepBuild_Tools2d.ixx /misc/dn61/LocalWOK/wok_entities/LOC/dev/CR0-OCCT691-7-CR0-OCCT691-occt-64/drv/TopOpeBRepBuild/TopOpeBRepBuild_Tools2d.ixx
+M TopOpeBRepBuild:pubinclude:TopOpeBRepBuild_IndexedDataMapOfShapeVertexInfo.hxx /misc/dn61/LocalWOK/wok_entities/LOC/dev/CR0-OCCT691-7-CR0-OCCT691-occt-64/inc/TopOpeBRepBuild_IndexedDataMapOfShapeVertexInfo.hxx
+M TopOpeBRepBuild:derivated:TopOpeBRepBuild_IndexedDataMapOfShapeVertexInfo_0.cxx /misc/dn61/LocalWOK/wok_entities/LOC/dev/CR0-OCCT691-7-CR0-OCCT691-occt-64/drv/TopOpeBRepBuild/TopOpeBRepBuild_IndexedDataMapOfShapeVertexInfo_0.cxx
+M TopOpeBRepBuild:pubinclude:Handle_TopOpeBRepBuild_ListNodeOfListOfLoop.hxx /misc/dn61/LocalWOK/wok_entities/LOC/dev/CR0-OCCT691-7-CR0-OCCT691-occt-64/inc/Handle_TopOpeBRepBuild_ListNodeOfListOfLoop.hxx
+M TopOpeBRepBuild:pubinclude:TopOpeBRepBuild_ListNodeOfListOfLoop.hxx /misc/dn61/LocalWOK/wok_entities/LOC/dev/CR0-OCCT691-7-CR0-OCCT691-occt-64/inc/TopOpeBRepBuild_ListNodeOfListOfLoop.hxx
+M TopOpeBRepBuild:derivated:TopOpeBRepBuild_ListNodeOfListOfLoop_0.cxx /misc/dn61/LocalWOK/wok_entities/LOC/dev/CR0-OCCT691-7-CR0-OCCT691-occt-64/drv/TopOpeBRepBuild/TopOpeBRepBuild_ListNodeOfListOfLoop_0.cxx
+M TopOpeBRepBuild:pubinclude:TopOpeBRepBuild_ListIteratorOfListOfLoop.hxx /misc/dn61/LocalWOK/wok_entities/LOC/dev/CR0-OCCT691-7-CR0-OCCT691-occt-64/inc/TopOpeBRepBuild_ListIteratorOfListOfLoop.hxx
+M TopOpeBRepBuild:derivated:TopOpeBRepBuild_ListIteratorOfListOfLoop_0.cxx /misc/dn61/LocalWOK/wok_entities/LOC/dev/CR0-OCCT691-7-CR0-OCCT691-occt-64/drv/TopOpeBRepBuild/TopOpeBRepBuild_ListIteratorOfListOfLoop_0.cxx
+M TopOpeBRepBuild:pubinclude:Handle_TopOpeBRepBuild_ListNodeOfListOfListOfLoop.hxx /misc/dn61/LocalWOK/wok_entities/LOC/dev/CR0-OCCT691-7-CR0-OCCT691-occt-64/inc/Handle_TopOpeBRepBuild_ListNodeOfListOfListOfLoop.hxx
+M TopOpeBRepBuild:pubinclude:TopOpeBRepBuild_ListNodeOfListOfListOfLoop.hxx /misc/dn61/LocalWOK/wok_entities/LOC/dev/CR0-OCCT691-7-CR0-OCCT691-occt-64/inc/TopOpeBRepBuild_ListNodeOfListOfListOfLoop.hxx
+M TopOpeBRepBuild:derivated:TopOpeBRepBuild_ListNodeOfListOfListOfLoop_0.cxx /misc/dn61/LocalWOK/wok_entities/LOC/dev/CR0-OCCT691-7-CR0-OCCT691-occt-64/drv/TopOpeBRepBuild/TopOpeBRepBuild_ListNodeOfListOfListOfLoop_0.cxx
+M TopOpeBRepBuild:pubinclude:TopOpeBRepBuild_ListIteratorOfListOfListOfLoop.hxx /misc/dn61/LocalWOK/wok_entities/LOC/dev/CR0-OCCT691-7-CR0-OCCT691-occt-64/inc/TopOpeBRepBuild_ListIteratorOfListOfListOfLoop.hxx
+M TopOpeBRepBuild:derivated:TopOpeBRepBuild_ListIteratorOfListOfListOfLoop_0.cxx /misc/dn61/LocalWOK/wok_entities/LOC/dev/CR0-OCCT691-7-CR0-OCCT691-occt-64/drv/TopOpeBRepBuild/TopOpeBRepBuild_ListIteratorOfListOfListOfLoop_0.cxx
+M TopOpeBRepBuild:pubinclude:Handle_TopOpeBRepBuild_ListNodeOfListOfPave.hxx /misc/dn61/LocalWOK/wok_entities/LOC/dev/CR0-OCCT691-7-CR0-OCCT691-occt-64/inc/Handle_TopOpeBRepBuild_ListNodeOfListOfPave.hxx
+M TopOpeBRepBuild:pubinclude:TopOpeBRepBuild_ListNodeOfListOfPave.hxx /misc/dn61/LocalWOK/wok_entities/LOC/dev/CR0-OCCT691-7-CR0-OCCT691-occt-64/inc/TopOpeBRepBuild_ListNodeOfListOfPave.hxx
+M TopOpeBRepBuild:derivated:TopOpeBRepBuild_ListNodeOfListOfPave_0.cxx /misc/dn61/LocalWOK/wok_entities/LOC/dev/CR0-OCCT691-7-CR0-OCCT691-occt-64/drv/TopOpeBRepBuild/TopOpeBRepBuild_ListNodeOfListOfPave_0.cxx
+M TopOpeBRepBuild:pubinclude:TopOpeBRepBuild_ListIteratorOfListOfPave.hxx /misc/dn61/LocalWOK/wok_entities/LOC/dev/CR0-OCCT691-7-CR0-OCCT691-occt-64/inc/TopOpeBRepBuild_ListIteratorOfListOfPave.hxx
+M TopOpeBRepBuild:derivated:TopOpeBRepBuild_ListIteratorOfListOfPave_0.cxx /misc/dn61/LocalWOK/wok_entities/LOC/dev/CR0-OCCT691-7-CR0-OCCT691-occt-64/drv/TopOpeBRepBuild/TopOpeBRepBuild_ListIteratorOfListOfPave_0.cxx
+M TopOpeBRepBuild:pubinclude:Handle_TopOpeBRepBuild_ListNodeOfListOfShapeListOfShape.hxx /misc/dn61/LocalWOK/wok_entities/LOC/dev/CR0-OCCT691-7-CR0-OCCT691-occt-64/inc/Handle_TopOpeBRepBuild_ListNodeOfListOfShapeListOfShape.hxx
+M TopOpeBRepBuild:pubinclude:TopOpeBRepBuild_ListNodeOfListOfShapeListOfShape.hxx /misc/dn61/LocalWOK/wok_entities/LOC/dev/CR0-OCCT691-7-CR0-OCCT691-occt-64/inc/TopOpeBRepBuild_ListNodeOfListOfShapeListOfShape.hxx
+M TopOpeBRepBuild:derivated:TopOpeBRepBuild_ListNodeOfListOfShapeListOfShape_0.cxx /misc/dn61/LocalWOK/wok_entities/LOC/dev/CR0-OCCT691-7-CR0-OCCT691-occt-64/drv/TopOpeBRepBuild/TopOpeBRepBuild_ListNodeOfListOfShapeListOfShape_0.cxx
+M TopOpeBRepBuild:pubinclude:TopOpeBRepBuild_ListIteratorOfListOfShapeListOfShape.hxx /misc/dn61/LocalWOK/wok_entities/LOC/dev/CR0-OCCT691-7-CR0-OCCT691-occt-64/inc/TopOpeBRepBuild_ListIteratorOfListOfShapeListOfShape.hxx
+M TopOpeBRepBuild:derivated:TopOpeBRepBuild_ListIteratorOfListOfShapeListOfShape_0.cxx /misc/dn61/LocalWOK/wok_entities/LOC/dev/CR0-OCCT691-7-CR0-OCCT691-occt-64/drv/TopOpeBRepBuild/TopOpeBRepBuild_ListIteratorOfListOfShapeListOfShape_0.cxx
+M TopOpeBRepBuild:pubinclude:Handle_TopOpeBRepBuild_DataMapNodeOfDataMapOfShapeListOfShapeListOfShape.hxx /misc/dn61/LocalWOK/wok_entities/LOC/dev/CR0-OCCT691-7-CR0-OCCT691-occt-64/inc/Handle_TopOpeBRepBuild_DataMapNodeOfDataMapOfShapeListOfShapeListOfShape.hxx
+M TopOpeBRepBuild:pubinclude:TopOpeBRepBuild_DataMapNodeOfDataMapOfShapeListOfShapeListOfShape.hxx /misc/dn61/LocalWOK/wok_entities/LOC/dev/CR0-OCCT691-7-CR0-OCCT691-occt-64/inc/TopOpeBRepBuild_DataMapNodeOfDataMapOfShapeListOfShapeListOfShape.hxx
+M TopOpeBRepBuild:derivated:TopOpeBRepBuild_DataMapNodeOfDataMapOfShapeListOfShapeListOfShape_0.cxx /misc/dn61/LocalWOK/wok_entities/LOC/dev/CR0-OCCT691-7-CR0-OCCT691-occt-64/drv/TopOpeBRepBuild/TopOpeBRepBuild_DataMapNodeOfDataMapOfShapeListOfShapeListOfShape_0.cxx
+M TopOpeBRepBuild:pubinclude:TopOpeBRepBuild_DataMapIteratorOfDataMapOfShapeListOfShapeListOfShape.hxx /misc/dn61/LocalWOK/wok_entities/LOC/dev/CR0-OCCT691-7-CR0-OCCT691-occt-64/inc/TopOpeBRepBuild_DataMapIteratorOfDataMapOfShapeListOfShapeListOfShape.hxx
+M TopOpeBRepBuild:derivated:TopOpeBRepBuild_DataMapIteratorOfDataMapOfShapeListOfShapeListOfShape_0.cxx /misc/dn61/LocalWOK/wok_entities/LOC/dev/CR0-OCCT691-7-CR0-OCCT691-occt-64/drv/TopOpeBRepBuild/TopOpeBRepBuild_DataMapIteratorOfDataMapOfShapeListOfShapeListOfShape_0.cxx
+M TopOpeBRepBuild:pubinclude:Handle_TopOpeBRepBuild_IndexedDataMapNodeOfIndexedDataMapOfShapeVertexInfo.hxx /misc/dn61/LocalWOK/wok_entities/LOC/dev/CR0-OCCT691-7-CR0-OCCT691-occt-64/inc/Handle_TopOpeBRepBuild_IndexedDataMapNodeOfIndexedDataMapOfShapeVertexInfo.hxx
+M TopOpeBRepBuild:pubinclude:TopOpeBRepBuild_IndexedDataMapNodeOfIndexedDataMapOfShapeVertexInfo.hxx /misc/dn61/LocalWOK/wok_entities/LOC/dev/CR0-OCCT691-7-CR0-OCCT691-occt-64/inc/TopOpeBRepBuild_IndexedDataMapNodeOfIndexedDataMapOfShapeVertexInfo.hxx
+M TopOpeBRepBuild:derivated:TopOpeBRepBuild_IndexedDataMapNodeOfIndexedDataMapOfShapeVertexInfo_0.cxx /misc/dn61/LocalWOK/wok_entities/LOC/dev/CR0-OCCT691-7-CR0-OCCT691-occt-64/drv/TopOpeBRepBuild/TopOpeBRepBuild_IndexedDataMapNodeOfIndexedDataMapOfShapeVertexInfo_0.cxx
+M TopOpeBRepBuild:pubinclude:TopOpeBRepBuild_LoopEnum.hxx /misc/dn61/LocalWOK/wok_entities/LOC/dev/CR0-OCCT691-7-CR0-OCCT691-occt-64/inc/TopOpeBRepBuild_LoopEnum.hxx
+M TopOpeBRepBuild:pubinclude:TopOpeBRepBuild_PWireEdgeSet.hxx /misc/dn61/LocalWOK/wok_entities/LOC/dev/CR0-OCCT691-7-CR0-OCCT691-occt-64/inc/TopOpeBRepBuild_PWireEdgeSet.hxx
+M TopOpeBRepBuild:pubinclude:TopOpeBRepBuild_PGTopo.hxx /misc/dn61/LocalWOK/wok_entities/LOC/dev/CR0-OCCT691-7-CR0-OCCT691-occt-64/inc/TopOpeBRepBuild_PGTopo.hxx
+M TopOpeBRepBuild:pubinclude:TopOpeBRepBuild_PBuilder.hxx /misc/dn61/LocalWOK/wok_entities/LOC/dev/CR0-OCCT691-7-CR0-OCCT691-occt-64/inc/TopOpeBRepBuild_PBuilder.hxx
+M TopOpeBRepBuild:dbadmfile:TopOpeBRepBuild_xcpp_header.In /misc/dn61/LocalWOK/wok_entities/LOC/dev/CR0-OCCT691-7-CR0-OCCT691-occt-64/drv/TopOpeBRepBuild/.adm/TopOpeBRepBuild_xcpp_header.In
+M TopOpeBRepBuild:dbadmfile:TopOpeBRepBuild_xcpp_header.Out /misc/dn61/LocalWOK/wok_entities/LOC/dev/CR0-OCCT691-7-CR0-OCCT691-occt-64/drv/TopOpeBRepBuild/.adm/TopOpeBRepBuild_xcpp_header.Out
+M TopOpeBRepBuild:dbadmfile:TopOpeBRepBuild_xcpp_header.Dep /misc/dn61/LocalWOK/wok_entities/LOC/dev/CR0-OCCT691-7-CR0-OCCT691-occt-64/drv/TopOpeBRepBuild/.adm/TopOpeBRepBuild_xcpp_header.Dep
