+M ShapeProcess:pubinclude:ShapeProcess.hxx /misc/dn61/LocalWOK/wok_entities/LOC/dev/CR0-OCCT691-7-CR0-OCCT691-occt-64/inc/ShapeProcess.hxx
+M ShapeProcess:privinclude:ShapeProcess.jxx /misc/dn61/LocalWOK/wok_entities/LOC/dev/CR0-OCCT691-7-CR0-OCCT691-occt-64/drv/ShapeProcess/ShapeProcess.jxx
+M ShapeProcess:privinclude:ShapeProcess.ixx /misc/dn61/LocalWOK/wok_entities/LOC/dev/CR0-OCCT691-7-CR0-OCCT691-occt-64/drv/ShapeProcess/ShapeProcess.ixx
+M ShapeProcess:pubinclude:Handle_ShapeProcess_Context.hxx /misc/dn61/LocalWOK/wok_entities/LOC/dev/CR0-OCCT691-7-CR0-OCCT691-occt-64/inc/Handle_ShapeProcess_Context.hxx
+M ShapeProcess:pubinclude:ShapeProcess_Context.hxx /misc/dn61/LocalWOK/wok_entities/LOC/dev/CR0-OCCT691-7-CR0-OCCT691-occt-64/inc/ShapeProcess_Context.hxx
+M ShapeProcess:privinclude:ShapeProcess_Context.jxx /misc/dn61/LocalWOK/wok_entities/LOC/dev/CR0-OCCT691-7-CR0-OCCT691-occt-64/drv/ShapeProcess/ShapeProcess_Context.jxx
+M ShapeProcess:privinclude:ShapeProcess_Context.ixx /misc/dn61/LocalWOK/wok_entities/LOC/dev/CR0-OCCT691-7-CR0-OCCT691-occt-64/drv/ShapeProcess/ShapeProcess_Context.ixx
+M ShapeProcess:pubinclude:Handle_ShapeProcess_ShapeContext.hxx /misc/dn61/LocalWOK/wok_entities/LOC/dev/CR0-OCCT691-7-CR0-OCCT691-occt-64/inc/Handle_ShapeProcess_ShapeContext.hxx
+M ShapeProcess:pubinclude:ShapeProcess_ShapeContext.hxx /misc/dn61/LocalWOK/wok_entities/LOC/dev/CR0-OCCT691-7-CR0-OCCT691-occt-64/inc/ShapeProcess_ShapeContext.hxx
+M ShapeProcess:privinclude:ShapeProcess_ShapeContext.jxx /misc/dn61/LocalWOK/wok_entities/LOC/dev/CR0-OCCT691-7-CR0-OCCT691-occt-64/drv/ShapeProcess/ShapeProcess_ShapeContext.jxx
+M ShapeProcess:privinclude:ShapeProcess_ShapeContext.ixx /misc/dn61/LocalWOK/wok_entities/LOC/dev/CR0-OCCT691-7-CR0-OCCT691-occt-64/drv/ShapeProcess/ShapeProcess_ShapeContext.ixx
+M ShapeProcess:pubinclude:Handle_ShapeProcess_Operator.hxx /misc/dn61/LocalWOK/wok_entities/LOC/dev/CR0-OCCT691-7-CR0-OCCT691-occt-64/inc/Handle_ShapeProcess_Operator.hxx
+M ShapeProcess:pubinclude:ShapeProcess_Operator.hxx /misc/dn61/LocalWOK/wok_entities/LOC/dev/CR0-OCCT691-7-CR0-OCCT691-occt-64/inc/ShapeProcess_Operator.hxx
+M ShapeProcess:privinclude:ShapeProcess_Operator.jxx /misc/dn61/LocalWOK/wok_entities/LOC/dev/CR0-OCCT691-7-CR0-OCCT691-occt-64/drv/ShapeProcess/ShapeProcess_Operator.jxx
+M ShapeProcess:privinclude:ShapeProcess_Operator.ixx /misc/dn61/LocalWOK/wok_entities/LOC/dev/CR0-OCCT691-7-CR0-OCCT691-occt-64/drv/ShapeProcess/ShapeProcess_Operator.ixx
+M ShapeProcess:pubinclude:Handle_ShapeProcess_UOperator.hxx /misc/dn61/LocalWOK/wok_entities/LOC/dev/CR0-OCCT691-7-CR0-OCCT691-occt-64/inc/Handle_ShapeProcess_UOperator.hxx
+M ShapeProcess:pubinclude:ShapeProcess_UOperator.hxx /misc/dn61/LocalWOK/wok_entities/LOC/dev/CR0-OCCT691-7-CR0-OCCT691-occt-64/inc/ShapeProcess_UOperator.hxx
+M ShapeProcess:privinclude:ShapeProcess_UOperator.jxx /misc/dn61/LocalWOK/wok_entities/LOC/dev/CR0-OCCT691-7-CR0-OCCT691-occt-64/drv/ShapeProcess/ShapeProcess_UOperator.jxx
+M ShapeProcess:privinclude:ShapeProcess_UOperator.ixx /misc/dn61/LocalWOK/wok_entities/LOC/dev/CR0-OCCT691-7-CR0-OCCT691-occt-64/drv/ShapeProcess/ShapeProcess_UOperator.ixx
+M ShapeProcess:pubinclude:ShapeProcess_OperLibrary.hxx /misc/dn61/LocalWOK/wok_entities/LOC/dev/CR0-OCCT691-7-CR0-OCCT691-occt-64/inc/ShapeProcess_OperLibrary.hxx
+M ShapeProcess:privinclude:ShapeProcess_OperLibrary.jxx /misc/dn61/LocalWOK/wok_entities/LOC/dev/CR0-OCCT691-7-CR0-OCCT691-occt-64/drv/ShapeProcess/ShapeProcess_OperLibrary.jxx
+M ShapeProcess:privinclude:ShapeProcess_OperLibrary.ixx /misc/dn61/LocalWOK/wok_entities/LOC/dev/CR0-OCCT691-7-CR0-OCCT691-occt-64/drv/ShapeProcess/ShapeProcess_OperLibrary.ixx
+M ShapeProcess:pubinclude:Handle_ShapeProcess_DictionaryOfOperator.hxx /misc/dn61/LocalWOK/wok_entities/LOC/dev/CR0-OCCT691-7-CR0-OCCT691-occt-64/inc/Handle_ShapeProcess_DictionaryOfOperator.hxx
+M ShapeProcess:pubinclude:ShapeProcess_DictionaryOfOperator.hxx /misc/dn61/LocalWOK/wok_entities/LOC/dev/CR0-OCCT691-7-CR0-OCCT691-occt-64/inc/ShapeProcess_DictionaryOfOperator.hxx
+M ShapeProcess:derivated:ShapeProcess_DictionaryOfOperator_0.cxx /misc/dn61/LocalWOK/wok_entities/LOC/dev/CR0-OCCT691-7-CR0-OCCT691-occt-64/drv/ShapeProcess/ShapeProcess_DictionaryOfOperator_0.cxx
+M ShapeProcess:pubinclude:ShapeProcess_IteratorOfDictionaryOfOperator.hxx /misc/dn61/LocalWOK/wok_entities/LOC/dev/CR0-OCCT691-7-CR0-OCCT691-occt-64/inc/ShapeProcess_IteratorOfDictionaryOfOperator.hxx
+M ShapeProcess:derivated:ShapeProcess_IteratorOfDictionaryOfOperator_0.cxx /misc/dn61/LocalWOK/wok_entities/LOC/dev/CR0-OCCT691-7-CR0-OCCT691-occt-64/drv/ShapeProcess/ShapeProcess_IteratorOfDictionaryOfOperator_0.cxx
+M ShapeProcess:pubinclude:Handle_ShapeProcess_StackItemOfDictionaryOfOperator.hxx /misc/dn61/LocalWOK/wok_entities/LOC/dev/CR0-OCCT691-7-CR0-OCCT691-occt-64/inc/Handle_ShapeProcess_StackItemOfDictionaryOfOperator.hxx
+M ShapeProcess:pubinclude:ShapeProcess_StackItemOfDictionaryOfOperator.hxx /misc/dn61/LocalWOK/wok_entities/LOC/dev/CR0-OCCT691-7-CR0-OCCT691-occt-64/inc/ShapeProcess_StackItemOfDictionaryOfOperator.hxx
+M ShapeProcess:derivated:ShapeProcess_StackItemOfDictionaryOfOperator_0.cxx /misc/dn61/LocalWOK/wok_entities/LOC/dev/CR0-OCCT691-7-CR0-OCCT691-occt-64/drv/ShapeProcess/ShapeProcess_StackItemOfDictionaryOfOperator_0.cxx
+M ShapeProcess:dbadmfile:ShapeProcess_xcpp_header.In /misc/dn61/LocalWOK/wok_entities/LOC/dev/CR0-OCCT691-7-CR0-OCCT691-occt-64/drv/ShapeProcess/.adm/ShapeProcess_xcpp_header.In
+M ShapeProcess:dbadmfile:ShapeProcess_xcpp_header.Out /misc/dn61/LocalWOK/wok_entities/LOC/dev/CR0-OCCT691-7-CR0-OCCT691-occt-64/drv/ShapeProcess/.adm/ShapeProcess_xcpp_header.Out
+M ShapeProcess:dbadmfile:ShapeProcess_xcpp_header.Dep /misc/dn61/LocalWOK/wok_entities/LOC/dev/CR0-OCCT691-7-CR0-OCCT691-occt-64/drv/ShapeProcess/.adm/ShapeProcess_xcpp_header.Dep
