+M TDataXtd:pubinclude:TDataXtd.hxx /misc/dn61/LocalWOK/wok_entities/LOC/dev/CR0-OCCT691-7-CR0-OCCT691-occt-64/inc/TDataXtd.hxx
+M TDataXtd:privinclude:TDataXtd.jxx /misc/dn61/LocalWOK/wok_entities/LOC/dev/CR0-OCCT691-7-CR0-OCCT691-occt-64/drv/TDataXtd/TDataXtd.jxx
+M TDataXtd:privinclude:TDataXtd.ixx /misc/dn61/LocalWOK/wok_entities/LOC/dev/CR0-OCCT691-7-CR0-OCCT691-occt-64/drv/TDataXtd/TDataXtd.ixx
+M TDataXtd:pubinclude:Handle_TDataXtd_Position.hxx /misc/dn61/LocalWOK/wok_entities/LOC/dev/CR0-OCCT691-7-CR0-OCCT691-occt-64/inc/Handle_TDataXtd_Position.hxx
+M TDataXtd:pubinclude:TDataXtd_Position.hxx /misc/dn61/LocalWOK/wok_entities/LOC/dev/CR0-OCCT691-7-CR0-OCCT691-occt-64/inc/TDataXtd_Position.hxx
+M TDataXtd:privinclude:TDataXtd_Position.jxx /misc/dn61/LocalWOK/wok_entities/LOC/dev/CR0-OCCT691-7-CR0-OCCT691-occt-64/drv/TDataXtd/TDataXtd_Position.jxx
+M TDataXtd:privinclude:TDataXtd_Position.ixx /misc/dn61/LocalWOK/wok_entities/LOC/dev/CR0-OCCT691-7-CR0-OCCT691-occt-64/drv/TDataXtd/TDataXtd_Position.ixx
+M TDataXtd:pubinclude:Handle_TDataXtd_Constraint.hxx /misc/dn61/LocalWOK/wok_entities/LOC/dev/CR0-OCCT691-7-CR0-OCCT691-occt-64/inc/Handle_TDataXtd_Constraint.hxx
+M TDataXtd:pubinclude:TDataXtd_Constraint.hxx /misc/dn61/LocalWOK/wok_entities/LOC/dev/CR0-OCCT691-7-CR0-OCCT691-occt-64/inc/TDataXtd_Constraint.hxx
+M TDataXtd:privinclude:TDataXtd_Constraint.jxx /misc/dn61/LocalWOK/wok_entities/LOC/dev/CR0-OCCT691-7-CR0-OCCT691-occt-64/drv/TDataXtd/TDataXtd_Constraint.jxx
+M TDataXtd:privinclude:TDataXtd_Constraint.ixx /misc/dn61/LocalWOK/wok_entities/LOC/dev/CR0-OCCT691-7-CR0-OCCT691-occt-64/drv/TDataXtd/TDataXtd_Constraint.ixx
+M TDataXtd:pubinclude:Handle_TDataXtd_Placement.hxx /misc/dn61/LocalWOK/wok_entities/LOC/dev/CR0-OCCT691-7-CR0-OCCT691-occt-64/inc/Handle_TDataXtd_Placement.hxx
+M TDataXtd:pubinclude:TDataXtd_Placement.hxx /misc/dn61/LocalWOK/wok_entities/LOC/dev/CR0-OCCT691-7-CR0-OCCT691-occt-64/inc/TDataXtd_Placement.hxx
+M TDataXtd:privinclude:TDataXtd_Placement.jxx /misc/dn61/LocalWOK/wok_entities/LOC/dev/CR0-OCCT691-7-CR0-OCCT691-occt-64/drv/TDataXtd/TDataXtd_Placement.jxx
+M TDataXtd:privinclude:TDataXtd_Placement.ixx /misc/dn61/LocalWOK/wok_entities/LOC/dev/CR0-OCCT691-7-CR0-OCCT691-occt-64/drv/TDataXtd/TDataXtd_Placement.ixx
+M TDataXtd:pubinclude:Handle_TDataXtd_Geometry.hxx /misc/dn61/LocalWOK/wok_entities/LOC/dev/CR0-OCCT691-7-CR0-OCCT691-occt-64/inc/Handle_TDataXtd_Geometry.hxx
+M TDataXtd:pubinclude:TDataXtd_Geometry.hxx /misc/dn61/LocalWOK/wok_entities/LOC/dev/CR0-OCCT691-7-CR0-OCCT691-occt-64/inc/TDataXtd_Geometry.hxx
+M TDataXtd:privinclude:TDataXtd_Geometry.jxx /misc/dn61/LocalWOK/wok_entities/LOC/dev/CR0-OCCT691-7-CR0-OCCT691-occt-64/drv/TDataXtd/TDataXtd_Geometry.jxx
+M TDataXtd:privinclude:TDataXtd_Geometry.ixx /misc/dn61/LocalWOK/wok_entities/LOC/dev/CR0-OCCT691-7-CR0-OCCT691-occt-64/drv/TDataXtd/TDataXtd_Geometry.ixx
+M TDataXtd:pubinclude:Handle_TDataXtd_Point.hxx /misc/dn61/LocalWOK/wok_entities/LOC/dev/CR0-OCCT691-7-CR0-OCCT691-occt-64/inc/Handle_TDataXtd_Point.hxx
+M TDataXtd:pubinclude:TDataXtd_Point.hxx /misc/dn61/LocalWOK/wok_entities/LOC/dev/CR0-OCCT691-7-CR0-OCCT691-occt-64/inc/TDataXtd_Point.hxx
+M TDataXtd:privinclude:TDataXtd_Point.jxx /misc/dn61/LocalWOK/wok_entities/LOC/dev/CR0-OCCT691-7-CR0-OCCT691-occt-64/drv/TDataXtd/TDataXtd_Point.jxx
+M TDataXtd:privinclude:TDataXtd_Point.ixx /misc/dn61/LocalWOK/wok_entities/LOC/dev/CR0-OCCT691-7-CR0-OCCT691-occt-64/drv/TDataXtd/TDataXtd_Point.ixx
+M TDataXtd:pubinclude:Handle_TDataXtd_Axis.hxx /misc/dn61/LocalWOK/wok_entities/LOC/dev/CR0-OCCT691-7-CR0-OCCT691-occt-64/inc/Handle_TDataXtd_Axis.hxx
+M TDataXtd:pubinclude:TDataXtd_Axis.hxx /misc/dn61/LocalWOK/wok_entities/LOC/dev/CR0-OCCT691-7-CR0-OCCT691-occt-64/inc/TDataXtd_Axis.hxx
+M TDataXtd:privinclude:TDataXtd_Axis.jxx /misc/dn61/LocalWOK/wok_entities/LOC/dev/CR0-OCCT691-7-CR0-OCCT691-occt-64/drv/TDataXtd/TDataXtd_Axis.jxx
+M TDataXtd:privinclude:TDataXtd_Axis.ixx /misc/dn61/LocalWOK/wok_entities/LOC/dev/CR0-OCCT691-7-CR0-OCCT691-occt-64/drv/TDataXtd/TDataXtd_Axis.ixx
+M TDataXtd:pubinclude:Handle_TDataXtd_Plane.hxx /misc/dn61/LocalWOK/wok_entities/LOC/dev/CR0-OCCT691-7-CR0-OCCT691-occt-64/inc/Handle_TDataXtd_Plane.hxx
+M TDataXtd:pubinclude:TDataXtd_Plane.hxx /misc/dn61/LocalWOK/wok_entities/LOC/dev/CR0-OCCT691-7-CR0-OCCT691-occt-64/inc/TDataXtd_Plane.hxx
+M TDataXtd:privinclude:TDataXtd_Plane.jxx /misc/dn61/LocalWOK/wok_entities/LOC/dev/CR0-OCCT691-7-CR0-OCCT691-occt-64/drv/TDataXtd/TDataXtd_Plane.jxx
+M TDataXtd:privinclude:TDataXtd_Plane.ixx /misc/dn61/LocalWOK/wok_entities/LOC/dev/CR0-OCCT691-7-CR0-OCCT691-occt-64/drv/TDataXtd/TDataXtd_Plane.ixx
+M TDataXtd:pubinclude:Handle_TDataXtd_Pattern.hxx /misc/dn61/LocalWOK/wok_entities/LOC/dev/CR0-OCCT691-7-CR0-OCCT691-occt-64/inc/Handle_TDataXtd_Pattern.hxx
+M TDataXtd:pubinclude:TDataXtd_Pattern.hxx /misc/dn61/LocalWOK/wok_entities/LOC/dev/CR0-OCCT691-7-CR0-OCCT691-occt-64/inc/TDataXtd_Pattern.hxx
+M TDataXtd:privinclude:TDataXtd_Pattern.jxx /misc/dn61/LocalWOK/wok_entities/LOC/dev/CR0-OCCT691-7-CR0-OCCT691-occt-64/drv/TDataXtd/TDataXtd_Pattern.jxx
+M TDataXtd:privinclude:TDataXtd_Pattern.ixx /misc/dn61/LocalWOK/wok_entities/LOC/dev/CR0-OCCT691-7-CR0-OCCT691-occt-64/drv/TDataXtd/TDataXtd_Pattern.ixx
+M TDataXtd:pubinclude:Handle_TDataXtd_PatternStd.hxx /misc/dn61/LocalWOK/wok_entities/LOC/dev/CR0-OCCT691-7-CR0-OCCT691-occt-64/inc/Handle_TDataXtd_PatternStd.hxx
+M TDataXtd:pubinclude:TDataXtd_PatternStd.hxx /misc/dn61/LocalWOK/wok_entities/LOC/dev/CR0-OCCT691-7-CR0-OCCT691-occt-64/inc/TDataXtd_PatternStd.hxx
+M TDataXtd:privinclude:TDataXtd_PatternStd.jxx /misc/dn61/LocalWOK/wok_entities/LOC/dev/CR0-OCCT691-7-CR0-OCCT691-occt-64/drv/TDataXtd/TDataXtd_PatternStd.jxx
+M TDataXtd:privinclude:TDataXtd_PatternStd.ixx /misc/dn61/LocalWOK/wok_entities/LOC/dev/CR0-OCCT691-7-CR0-OCCT691-occt-64/drv/TDataXtd/TDataXtd_PatternStd.ixx
+M TDataXtd:pubinclude:Handle_TDataXtd_Shape.hxx /misc/dn61/LocalWOK/wok_entities/LOC/dev/CR0-OCCT691-7-CR0-OCCT691-occt-64/inc/Handle_TDataXtd_Shape.hxx
+M TDataXtd:pubinclude:TDataXtd_Shape.hxx /misc/dn61/LocalWOK/wok_entities/LOC/dev/CR0-OCCT691-7-CR0-OCCT691-occt-64/inc/TDataXtd_Shape.hxx
+M TDataXtd:privinclude:TDataXtd_Shape.jxx /misc/dn61/LocalWOK/wok_entities/LOC/dev/CR0-OCCT691-7-CR0-OCCT691-occt-64/drv/TDataXtd/TDataXtd_Shape.jxx
+M TDataXtd:privinclude:TDataXtd_Shape.ixx /misc/dn61/LocalWOK/wok_entities/LOC/dev/CR0-OCCT691-7-CR0-OCCT691-occt-64/drv/TDataXtd/TDataXtd_Shape.ixx
+M TDataXtd:pubinclude:TDataXtd_Array1OfTrsf.hxx /misc/dn61/LocalWOK/wok_entities/LOC/dev/CR0-OCCT691-7-CR0-OCCT691-occt-64/inc/TDataXtd_Array1OfTrsf.hxx
+M TDataXtd:derivated:TDataXtd_Array1OfTrsf_0.cxx /misc/dn61/LocalWOK/wok_entities/LOC/dev/CR0-OCCT691-7-CR0-OCCT691-occt-64/drv/TDataXtd/TDataXtd_Array1OfTrsf_0.cxx
+M TDataXtd:pubinclude:Handle_TDataXtd_HArray1OfTrsf.hxx /misc/dn61/LocalWOK/wok_entities/LOC/dev/CR0-OCCT691-7-CR0-OCCT691-occt-64/inc/Handle_TDataXtd_HArray1OfTrsf.hxx
+M TDataXtd:pubinclude:TDataXtd_HArray1OfTrsf.hxx /misc/dn61/LocalWOK/wok_entities/LOC/dev/CR0-OCCT691-7-CR0-OCCT691-occt-64/inc/TDataXtd_HArray1OfTrsf.hxx
+M TDataXtd:derivated:TDataXtd_HArray1OfTrsf_0.cxx /misc/dn61/LocalWOK/wok_entities/LOC/dev/CR0-OCCT691-7-CR0-OCCT691-occt-64/drv/TDataXtd/TDataXtd_HArray1OfTrsf_0.cxx
+M TDataXtd:pubinclude:TDataXtd_ConstraintEnum.hxx /misc/dn61/LocalWOK/wok_entities/LOC/dev/CR0-OCCT691-7-CR0-OCCT691-occt-64/inc/TDataXtd_ConstraintEnum.hxx
+M TDataXtd:pubinclude:TDataXtd_GeometryEnum.hxx /misc/dn61/LocalWOK/wok_entities/LOC/dev/CR0-OCCT691-7-CR0-OCCT691-occt-64/inc/TDataXtd_GeometryEnum.hxx
+M TDataXtd:dbadmfile:TDataXtd_xcpp_header.In /misc/dn61/LocalWOK/wok_entities/LOC/dev/CR0-OCCT691-7-CR0-OCCT691-occt-64/drv/TDataXtd/.adm/TDataXtd_xcpp_header.In
+M TDataXtd:dbadmfile:TDataXtd_xcpp_header.Out /misc/dn61/LocalWOK/wok_entities/LOC/dev/CR0-OCCT691-7-CR0-OCCT691-occt-64/drv/TDataXtd/.adm/TDataXtd_xcpp_header.Out
+M TDataXtd:dbadmfile:TDataXtd_xcpp_header.Dep /misc/dn61/LocalWOK/wok_entities/LOC/dev/CR0-OCCT691-7-CR0-OCCT691-occt-64/drv/TDataXtd/.adm/TDataXtd_xcpp_header.Dep
