+M BVH:pubinclude:BVH_BinnedBuilder.hxx /misc/dn61/LocalWOK/wok_entities/LOC/dev/CR0-OCCT691-7-CR0-OCCT691-occt-64/inc/BVH_BinnedBuilder.hxx
+M BVH:pubinclude:BVH_BinnedBuilder.lxx /misc/dn61/LocalWOK/wok_entities/LOC/dev/CR0-OCCT691-7-CR0-OCCT691-occt-64/inc/BVH_BinnedBuilder.lxx
+M BVH:pubinclude:BVH_Box.hxx /misc/dn61/LocalWOK/wok_entities/LOC/dev/CR0-OCCT691-7-CR0-OCCT691-occt-64/inc/BVH_Box.hxx
+M BVH:pubinclude:BVH_Box.lxx /misc/dn61/LocalWOK/wok_entities/LOC/dev/CR0-OCCT691-7-CR0-OCCT691-occt-64/inc/BVH_Box.lxx
+M BVH:pubinclude:BVH_Builder.hxx /misc/dn61/LocalWOK/wok_entities/LOC/dev/CR0-OCCT691-7-CR0-OCCT691-occt-64/inc/BVH_Builder.hxx
+M BVH:pubinclude:BVH_Builder.lxx /misc/dn61/LocalWOK/wok_entities/LOC/dev/CR0-OCCT691-7-CR0-OCCT691-occt-64/inc/BVH_Builder.lxx
+M BVH:pubinclude:BVH_Geometry.hxx /misc/dn61/LocalWOK/wok_entities/LOC/dev/CR0-OCCT691-7-CR0-OCCT691-occt-64/inc/BVH_Geometry.hxx
+M BVH:pubinclude:BVH_Geometry.lxx /misc/dn61/LocalWOK/wok_entities/LOC/dev/CR0-OCCT691-7-CR0-OCCT691-occt-64/inc/BVH_Geometry.lxx
+M BVH:pubinclude:BVH_LinearBuilder.hxx /misc/dn61/LocalWOK/wok_entities/LOC/dev/CR0-OCCT691-7-CR0-OCCT691-occt-64/inc/BVH_LinearBuilder.hxx
+M BVH:pubinclude:BVH_LinearBuilder.lxx /misc/dn61/LocalWOK/wok_entities/LOC/dev/CR0-OCCT691-7-CR0-OCCT691-occt-64/inc/BVH_LinearBuilder.lxx
+M BVH:pubinclude:BVH_Object.hxx /misc/dn61/LocalWOK/wok_entities/LOC/dev/CR0-OCCT691-7-CR0-OCCT691-occt-64/inc/BVH_Object.hxx
+M BVH:pubinclude:BVH_Object.lxx /misc/dn61/LocalWOK/wok_entities/LOC/dev/CR0-OCCT691-7-CR0-OCCT691-occt-64/inc/BVH_Object.lxx
+M BVH:pubinclude:BVH_ObjectSet.hxx /misc/dn61/LocalWOK/wok_entities/LOC/dev/CR0-OCCT691-7-CR0-OCCT691-occt-64/inc/BVH_ObjectSet.hxx
+M BVH:pubinclude:BVH_ObjectSet.lxx /misc/dn61/LocalWOK/wok_entities/LOC/dev/CR0-OCCT691-7-CR0-OCCT691-occt-64/inc/BVH_ObjectSet.lxx
+M BVH:pubinclude:BVH_PrimitiveSet.hxx /misc/dn61/LocalWOK/wok_entities/LOC/dev/CR0-OCCT691-7-CR0-OCCT691-occt-64/inc/BVH_PrimitiveSet.hxx
+M BVH:pubinclude:BVH_PrimitiveSet.lxx /misc/dn61/LocalWOK/wok_entities/LOC/dev/CR0-OCCT691-7-CR0-OCCT691-occt-64/inc/BVH_PrimitiveSet.lxx
+M BVH:pubinclude:BVH_Properties.hxx /misc/dn61/LocalWOK/wok_entities/LOC/dev/CR0-OCCT691-7-CR0-OCCT691-occt-64/inc/BVH_Properties.hxx
+M BVH:pubinclude:BVH_Properties.lxx /misc/dn61/LocalWOK/wok_entities/LOC/dev/CR0-OCCT691-7-CR0-OCCT691-occt-64/inc/BVH_Properties.lxx
+M BVH:pubinclude:BVH_Set.hxx /misc/dn61/LocalWOK/wok_entities/LOC/dev/CR0-OCCT691-7-CR0-OCCT691-occt-64/inc/BVH_Set.hxx
+M BVH:pubinclude:BVH_Set.lxx /misc/dn61/LocalWOK/wok_entities/LOC/dev/CR0-OCCT691-7-CR0-OCCT691-occt-64/inc/BVH_Set.lxx
+M BVH:pubinclude:BVH_Sorter.hxx /misc/dn61/LocalWOK/wok_entities/LOC/dev/CR0-OCCT691-7-CR0-OCCT691-occt-64/inc/BVH_Sorter.hxx
+M BVH:pubinclude:BVH_Sorter.lxx /misc/dn61/LocalWOK/wok_entities/LOC/dev/CR0-OCCT691-7-CR0-OCCT691-occt-64/inc/BVH_Sorter.lxx
+M BVH:pubinclude:BVH_SpatialMedianBuilder.hxx /misc/dn61/LocalWOK/wok_entities/LOC/dev/CR0-OCCT691-7-CR0-OCCT691-occt-64/inc/BVH_SpatialMedianBuilder.hxx
+M BVH:pubinclude:BVH_SpatialMedianBuilder.lxx /misc/dn61/LocalWOK/wok_entities/LOC/dev/CR0-OCCT691-7-CR0-OCCT691-occt-64/inc/BVH_SpatialMedianBuilder.lxx
+M BVH:pubinclude:BVH_SweepPlaneBuilder.hxx /misc/dn61/LocalWOK/wok_entities/LOC/dev/CR0-OCCT691-7-CR0-OCCT691-occt-64/inc/BVH_SweepPlaneBuilder.hxx
+M BVH:pubinclude:BVH_SweepPlaneBuilder.lxx /misc/dn61/LocalWOK/wok_entities/LOC/dev/CR0-OCCT691-7-CR0-OCCT691-occt-64/inc/BVH_SweepPlaneBuilder.lxx
+M BVH:pubinclude:BVH_Tree.hxx /misc/dn61/LocalWOK/wok_entities/LOC/dev/CR0-OCCT691-7-CR0-OCCT691-occt-64/inc/BVH_Tree.hxx
+M BVH:pubinclude:BVH_Tree.lxx /misc/dn61/LocalWOK/wok_entities/LOC/dev/CR0-OCCT691-7-CR0-OCCT691-occt-64/inc/BVH_Tree.lxx
+M BVH:pubinclude:BVH_Triangulation.hxx /misc/dn61/LocalWOK/wok_entities/LOC/dev/CR0-OCCT691-7-CR0-OCCT691-occt-64/inc/BVH_Triangulation.hxx
+M BVH:pubinclude:BVH_Triangulation.lxx /misc/dn61/LocalWOK/wok_entities/LOC/dev/CR0-OCCT691-7-CR0-OCCT691-occt-64/inc/BVH_Triangulation.lxx
+M BVH:pubinclude:BVH_Types.hxx /misc/dn61/LocalWOK/wok_entities/LOC/dev/CR0-OCCT691-7-CR0-OCCT691-occt-64/inc/BVH_Types.hxx
+M BVH:pubinclude:BVH_QueueBuilder.hxx /misc/dn61/LocalWOK/wok_entities/LOC/dev/CR0-OCCT691-7-CR0-OCCT691-occt-64/inc/BVH_QueueBuilder.hxx
+M BVH:pubinclude:BVH_QueueBuilder.lxx /misc/dn61/LocalWOK/wok_entities/LOC/dev/CR0-OCCT691-7-CR0-OCCT691-occt-64/inc/BVH_QueueBuilder.lxx
+M BVH:pubinclude:BVH_DistanceField.hxx /misc/dn61/LocalWOK/wok_entities/LOC/dev/CR0-OCCT691-7-CR0-OCCT691-occt-64/inc/BVH_DistanceField.hxx
+M BVH:pubinclude:BVH_DistanceField.lxx /misc/dn61/LocalWOK/wok_entities/LOC/dev/CR0-OCCT691-7-CR0-OCCT691-occt-64/inc/BVH_DistanceField.lxx
+M BVH:dbadmfile:BVH_obj_inc.In /misc/dn61/LocalWOK/wok_entities/LOC/dev/CR0-OCCT691-7-CR0-OCCT691-occt-64/drv/BVH/.adm/BVH_obj_inc.In
+M BVH:dbadmfile:BVH_obj_inc.Out /misc/dn61/LocalWOK/wok_entities/LOC/dev/CR0-OCCT691-7-CR0-OCCT691-occt-64/drv/BVH/.adm/BVH_obj_inc.Out
+M BVH:dbadmfile:BVH_obj_inc.Dep /misc/dn61/LocalWOK/wok_entities/LOC/dev/CR0-OCCT691-7-CR0-OCCT691-occt-64/drv/BVH/.adm/BVH_obj_inc.Dep
