+M BOPAlgo:pubinclude:BOPAlgo_Algo.hxx /misc/dn61/LocalWOK/wok_entities/LOC/dev/CR0-OCCT691-7-CR0-OCCT691-occt-64/inc/BOPAlgo_Algo.hxx
+M BOPAlgo:privinclude:BOPAlgo_Algo.jxx /misc/dn61/LocalWOK/wok_entities/LOC/dev/CR0-OCCT691-7-CR0-OCCT691-occt-64/drv/BOPAlgo/BOPAlgo_Algo.jxx
+M BOPAlgo:privinclude:BOPAlgo_Algo.ixx /misc/dn61/LocalWOK/wok_entities/LOC/dev/CR0-OCCT691-7-CR0-OCCT691-occt-64/drv/BOPAlgo/BOPAlgo_Algo.ixx
+M BOPAlgo:pubinclude:BOPAlgo_BuilderShape.hxx /misc/dn61/LocalWOK/wok_entities/LOC/dev/CR0-OCCT691-7-CR0-OCCT691-occt-64/inc/BOPAlgo_BuilderShape.hxx
+M BOPAlgo:privinclude:BOPAlgo_BuilderShape.jxx /misc/dn61/LocalWOK/wok_entities/LOC/dev/CR0-OCCT691-7-CR0-OCCT691-occt-64/drv/BOPAlgo/BOPAlgo_BuilderShape.jxx
+M BOPAlgo:privinclude:BOPAlgo_BuilderShape.ixx /misc/dn61/LocalWOK/wok_entities/LOC/dev/CR0-OCCT691-7-CR0-OCCT691-occt-64/drv/BOPAlgo/BOPAlgo_BuilderShape.ixx
+M BOPAlgo:pubinclude:BOPAlgo_PaveFiller.hxx /misc/dn61/LocalWOK/wok_entities/LOC/dev/CR0-OCCT691-7-CR0-OCCT691-occt-64/inc/BOPAlgo_PaveFiller.hxx
+M BOPAlgo:privinclude:BOPAlgo_PaveFiller.jxx /misc/dn61/LocalWOK/wok_entities/LOC/dev/CR0-OCCT691-7-CR0-OCCT691-occt-64/drv/BOPAlgo/BOPAlgo_PaveFiller.jxx
+M BOPAlgo:privinclude:BOPAlgo_PaveFiller.ixx /misc/dn61/LocalWOK/wok_entities/LOC/dev/CR0-OCCT691-7-CR0-OCCT691-occt-64/drv/BOPAlgo/BOPAlgo_PaveFiller.ixx
+M BOPAlgo:pubinclude:BOPAlgo_Builder.hxx /misc/dn61/LocalWOK/wok_entities/LOC/dev/CR0-OCCT691-7-CR0-OCCT691-occt-64/inc/BOPAlgo_Builder.hxx
+M BOPAlgo:privinclude:BOPAlgo_Builder.jxx /misc/dn61/LocalWOK/wok_entities/LOC/dev/CR0-OCCT691-7-CR0-OCCT691-occt-64/drv/BOPAlgo/BOPAlgo_Builder.jxx
+M BOPAlgo:privinclude:BOPAlgo_Builder.ixx /misc/dn61/LocalWOK/wok_entities/LOC/dev/CR0-OCCT691-7-CR0-OCCT691-occt-64/drv/BOPAlgo/BOPAlgo_Builder.ixx
+M BOPAlgo:pubinclude:BOPAlgo_BOP.hxx /misc/dn61/LocalWOK/wok_entities/LOC/dev/CR0-OCCT691-7-CR0-OCCT691-occt-64/inc/BOPAlgo_BOP.hxx
+M BOPAlgo:privinclude:BOPAlgo_BOP.jxx /misc/dn61/LocalWOK/wok_entities/LOC/dev/CR0-OCCT691-7-CR0-OCCT691-occt-64/drv/BOPAlgo/BOPAlgo_BOP.jxx
+M BOPAlgo:privinclude:BOPAlgo_BOP.ixx /misc/dn61/LocalWOK/wok_entities/LOC/dev/CR0-OCCT691-7-CR0-OCCT691-occt-64/drv/BOPAlgo/BOPAlgo_BOP.ixx
+M BOPAlgo:pubinclude:BOPAlgo_Section.hxx /misc/dn61/LocalWOK/wok_entities/LOC/dev/CR0-OCCT691-7-CR0-OCCT691-occt-64/inc/BOPAlgo_Section.hxx
+M BOPAlgo:privinclude:BOPAlgo_Section.jxx /misc/dn61/LocalWOK/wok_entities/LOC/dev/CR0-OCCT691-7-CR0-OCCT691-occt-64/drv/BOPAlgo/BOPAlgo_Section.jxx
+M BOPAlgo:privinclude:BOPAlgo_Section.ixx /misc/dn61/LocalWOK/wok_entities/LOC/dev/CR0-OCCT691-7-CR0-OCCT691-occt-64/drv/BOPAlgo/BOPAlgo_Section.ixx
+M BOPAlgo:pubinclude:BOPAlgo_BuilderArea.hxx /misc/dn61/LocalWOK/wok_entities/LOC/dev/CR0-OCCT691-7-CR0-OCCT691-occt-64/inc/BOPAlgo_BuilderArea.hxx
+M BOPAlgo:privinclude:BOPAlgo_BuilderArea.jxx /misc/dn61/LocalWOK/wok_entities/LOC/dev/CR0-OCCT691-7-CR0-OCCT691-occt-64/drv/BOPAlgo/BOPAlgo_BuilderArea.jxx
+M BOPAlgo:privinclude:BOPAlgo_BuilderArea.ixx /misc/dn61/LocalWOK/wok_entities/LOC/dev/CR0-OCCT691-7-CR0-OCCT691-occt-64/drv/BOPAlgo/BOPAlgo_BuilderArea.ixx
+M BOPAlgo:pubinclude:BOPAlgo_BuilderFace.hxx /misc/dn61/LocalWOK/wok_entities/LOC/dev/CR0-OCCT691-7-CR0-OCCT691-occt-64/inc/BOPAlgo_BuilderFace.hxx
+M BOPAlgo:privinclude:BOPAlgo_BuilderFace.jxx /misc/dn61/LocalWOK/wok_entities/LOC/dev/CR0-OCCT691-7-CR0-OCCT691-occt-64/drv/BOPAlgo/BOPAlgo_BuilderFace.jxx
+M BOPAlgo:privinclude:BOPAlgo_BuilderFace.ixx /misc/dn61/LocalWOK/wok_entities/LOC/dev/CR0-OCCT691-7-CR0-OCCT691-occt-64/drv/BOPAlgo/BOPAlgo_BuilderFace.ixx
+M BOPAlgo:pubinclude:BOPAlgo_WireEdgeSet.hxx /misc/dn61/LocalWOK/wok_entities/LOC/dev/CR0-OCCT691-7-CR0-OCCT691-occt-64/inc/BOPAlgo_WireEdgeSet.hxx
+M BOPAlgo:privinclude:BOPAlgo_WireEdgeSet.jxx /misc/dn61/LocalWOK/wok_entities/LOC/dev/CR0-OCCT691-7-CR0-OCCT691-occt-64/drv/BOPAlgo/BOPAlgo_WireEdgeSet.jxx
+M BOPAlgo:privinclude:BOPAlgo_WireEdgeSet.ixx /misc/dn61/LocalWOK/wok_entities/LOC/dev/CR0-OCCT691-7-CR0-OCCT691-occt-64/drv/BOPAlgo/BOPAlgo_WireEdgeSet.ixx
+M BOPAlgo:pubinclude:BOPAlgo_WireSplitter.hxx /misc/dn61/LocalWOK/wok_entities/LOC/dev/CR0-OCCT691-7-CR0-OCCT691-occt-64/inc/BOPAlgo_WireSplitter.hxx
+M BOPAlgo:privinclude:BOPAlgo_WireSplitter.jxx /misc/dn61/LocalWOK/wok_entities/LOC/dev/CR0-OCCT691-7-CR0-OCCT691-occt-64/drv/BOPAlgo/BOPAlgo_WireSplitter.jxx
+M BOPAlgo:privinclude:BOPAlgo_WireSplitter.ixx /misc/dn61/LocalWOK/wok_entities/LOC/dev/CR0-OCCT691-7-CR0-OCCT691-occt-64/drv/BOPAlgo/BOPAlgo_WireSplitter.ixx
+M BOPAlgo:pubinclude:BOPAlgo_ShellSplitter.hxx /misc/dn61/LocalWOK/wok_entities/LOC/dev/CR0-OCCT691-7-CR0-OCCT691-occt-64/inc/BOPAlgo_ShellSplitter.hxx
+M BOPAlgo:privinclude:BOPAlgo_ShellSplitter.jxx /misc/dn61/LocalWOK/wok_entities/LOC/dev/CR0-OCCT691-7-CR0-OCCT691-occt-64/drv/BOPAlgo/BOPAlgo_ShellSplitter.jxx
+M BOPAlgo:privinclude:BOPAlgo_ShellSplitter.ixx /misc/dn61/LocalWOK/wok_entities/LOC/dev/CR0-OCCT691-7-CR0-OCCT691-occt-64/drv/BOPAlgo/BOPAlgo_ShellSplitter.ixx
+M BOPAlgo:pubinclude:BOPAlgo_BuilderSolid.hxx /misc/dn61/LocalWOK/wok_entities/LOC/dev/CR0-OCCT691-7-CR0-OCCT691-occt-64/inc/BOPAlgo_BuilderSolid.hxx
+M BOPAlgo:privinclude:BOPAlgo_BuilderSolid.jxx /misc/dn61/LocalWOK/wok_entities/LOC/dev/CR0-OCCT691-7-CR0-OCCT691-occt-64/drv/BOPAlgo/BOPAlgo_BuilderSolid.jxx
+M BOPAlgo:privinclude:BOPAlgo_BuilderSolid.ixx /misc/dn61/LocalWOK/wok_entities/LOC/dev/CR0-OCCT691-7-CR0-OCCT691-occt-64/drv/BOPAlgo/BOPAlgo_BuilderSolid.ixx
+M BOPAlgo:pubinclude:BOPAlgo_Tools.hxx /misc/dn61/LocalWOK/wok_entities/LOC/dev/CR0-OCCT691-7-CR0-OCCT691-occt-64/inc/BOPAlgo_Tools.hxx
+M BOPAlgo:privinclude:BOPAlgo_Tools.jxx /misc/dn61/LocalWOK/wok_entities/LOC/dev/CR0-OCCT691-7-CR0-OCCT691-occt-64/drv/BOPAlgo/BOPAlgo_Tools.jxx
+M BOPAlgo:privinclude:BOPAlgo_Tools.ixx /misc/dn61/LocalWOK/wok_entities/LOC/dev/CR0-OCCT691-7-CR0-OCCT691-occt-64/drv/BOPAlgo/BOPAlgo_Tools.ixx
+M BOPAlgo:pubinclude:BOPAlgo_SectionAttribute.hxx /misc/dn61/LocalWOK/wok_entities/LOC/dev/CR0-OCCT691-7-CR0-OCCT691-occt-64/inc/BOPAlgo_SectionAttribute.hxx
+M BOPAlgo:privinclude:BOPAlgo_SectionAttribute.jxx /misc/dn61/LocalWOK/wok_entities/LOC/dev/CR0-OCCT691-7-CR0-OCCT691-occt-64/drv/BOPAlgo/BOPAlgo_SectionAttribute.jxx
+M BOPAlgo:privinclude:BOPAlgo_SectionAttribute.ixx /misc/dn61/LocalWOK/wok_entities/LOC/dev/CR0-OCCT691-7-CR0-OCCT691-occt-64/drv/BOPAlgo/BOPAlgo_SectionAttribute.ixx
+M BOPAlgo:pubinclude:BOPAlgo_CheckerSI.hxx /misc/dn61/LocalWOK/wok_entities/LOC/dev/CR0-OCCT691-7-CR0-OCCT691-occt-64/inc/BOPAlgo_CheckerSI.hxx
+M BOPAlgo:privinclude:BOPAlgo_CheckerSI.jxx /misc/dn61/LocalWOK/wok_entities/LOC/dev/CR0-OCCT691-7-CR0-OCCT691-occt-64/drv/BOPAlgo/BOPAlgo_CheckerSI.jxx
+M BOPAlgo:privinclude:BOPAlgo_CheckerSI.ixx /misc/dn61/LocalWOK/wok_entities/LOC/dev/CR0-OCCT691-7-CR0-OCCT691-occt-64/drv/BOPAlgo/BOPAlgo_CheckerSI.ixx
+M BOPAlgo:pubinclude:BOPAlgo_ArgumentAnalyzer.hxx /misc/dn61/LocalWOK/wok_entities/LOC/dev/CR0-OCCT691-7-CR0-OCCT691-occt-64/inc/BOPAlgo_ArgumentAnalyzer.hxx
+M BOPAlgo:privinclude:BOPAlgo_ArgumentAnalyzer.jxx /misc/dn61/LocalWOK/wok_entities/LOC/dev/CR0-OCCT691-7-CR0-OCCT691-occt-64/drv/BOPAlgo/BOPAlgo_ArgumentAnalyzer.jxx
+M BOPAlgo:privinclude:BOPAlgo_ArgumentAnalyzer.ixx /misc/dn61/LocalWOK/wok_entities/LOC/dev/CR0-OCCT691-7-CR0-OCCT691-occt-64/drv/BOPAlgo/BOPAlgo_ArgumentAnalyzer.ixx
+M BOPAlgo:pubinclude:BOPAlgo_CheckResult.hxx /misc/dn61/LocalWOK/wok_entities/LOC/dev/CR0-OCCT691-7-CR0-OCCT691-occt-64/inc/BOPAlgo_CheckResult.hxx
+M BOPAlgo:privinclude:BOPAlgo_CheckResult.jxx /misc/dn61/LocalWOK/wok_entities/LOC/dev/CR0-OCCT691-7-CR0-OCCT691-occt-64/drv/BOPAlgo/BOPAlgo_CheckResult.jxx
+M BOPAlgo:privinclude:BOPAlgo_CheckResult.ixx /misc/dn61/LocalWOK/wok_entities/LOC/dev/CR0-OCCT691-7-CR0-OCCT691-occt-64/drv/BOPAlgo/BOPAlgo_CheckResult.ixx
+M BOPAlgo:pubinclude:BOPAlgo_MakerVolume.hxx /misc/dn61/LocalWOK/wok_entities/LOC/dev/CR0-OCCT691-7-CR0-OCCT691-occt-64/inc/BOPAlgo_MakerVolume.hxx
+M BOPAlgo:privinclude:BOPAlgo_MakerVolume.jxx /misc/dn61/LocalWOK/wok_entities/LOC/dev/CR0-OCCT691-7-CR0-OCCT691-occt-64/drv/BOPAlgo/BOPAlgo_MakerVolume.jxx
+M BOPAlgo:privinclude:BOPAlgo_MakerVolume.ixx /misc/dn61/LocalWOK/wok_entities/LOC/dev/CR0-OCCT691-7-CR0-OCCT691-occt-64/drv/BOPAlgo/BOPAlgo_MakerVolume.ixx
+M BOPAlgo:pubinclude:BOPAlgo_Operation.hxx /misc/dn61/LocalWOK/wok_entities/LOC/dev/CR0-OCCT691-7-CR0-OCCT691-occt-64/inc/BOPAlgo_Operation.hxx
+M BOPAlgo:pubinclude:BOPAlgo_CheckStatus.hxx /misc/dn61/LocalWOK/wok_entities/LOC/dev/CR0-OCCT691-7-CR0-OCCT691-occt-64/inc/BOPAlgo_CheckStatus.hxx
+M BOPAlgo:pubinclude:BOPAlgo_PPaveFiller.hxx /misc/dn61/LocalWOK/wok_entities/LOC/dev/CR0-OCCT691-7-CR0-OCCT691-occt-64/inc/BOPAlgo_PPaveFiller.hxx
+M BOPAlgo:pubinclude:BOPAlgo_PWireEdgeSet.hxx /misc/dn61/LocalWOK/wok_entities/LOC/dev/CR0-OCCT691-7-CR0-OCCT691-occt-64/inc/BOPAlgo_PWireEdgeSet.hxx
+M BOPAlgo:pubinclude:BOPAlgo_PSection.hxx /misc/dn61/LocalWOK/wok_entities/LOC/dev/CR0-OCCT691-7-CR0-OCCT691-occt-64/inc/BOPAlgo_PSection.hxx
+M BOPAlgo:pubinclude:BOPAlgo_PBOP.hxx /misc/dn61/LocalWOK/wok_entities/LOC/dev/CR0-OCCT691-7-CR0-OCCT691-occt-64/inc/BOPAlgo_PBOP.hxx
+M BOPAlgo:pubinclude:BOPAlgo_PBuilder.hxx /misc/dn61/LocalWOK/wok_entities/LOC/dev/CR0-OCCT691-7-CR0-OCCT691-occt-64/inc/BOPAlgo_PBuilder.hxx
+M BOPAlgo:pubinclude:BOPAlgo_PArgumentAnalyzer.hxx /misc/dn61/LocalWOK/wok_entities/LOC/dev/CR0-OCCT691-7-CR0-OCCT691-occt-64/inc/BOPAlgo_PArgumentAnalyzer.hxx
+M BOPAlgo:dbadmfile:BOPAlgo_xcpp_header.In /misc/dn61/LocalWOK/wok_entities/LOC/dev/CR0-OCCT691-7-CR0-OCCT691-occt-64/drv/BOPAlgo/.adm/BOPAlgo_xcpp_header.In
+M BOPAlgo:dbadmfile:BOPAlgo_xcpp_header.Out /misc/dn61/LocalWOK/wok_entities/LOC/dev/CR0-OCCT691-7-CR0-OCCT691-occt-64/drv/BOPAlgo/.adm/BOPAlgo_xcpp_header.Out
+M BOPAlgo:dbadmfile:BOPAlgo_xcpp_header.Dep /misc/dn61/LocalWOK/wok_entities/LOC/dev/CR0-OCCT691-7-CR0-OCCT691-occt-64/drv/BOPAlgo/.adm/BOPAlgo_xcpp_header.Dep
