+M Graphic3d:pubinclude:Handle_Graphic3d_ArrayOfPrimitives.hxx /misc/dn61/LocalWOK/wok_entities/LOC/dev/CR0-OCCT691-7-CR0-OCCT691-occt-64/inc/Handle_Graphic3d_ArrayOfPrimitives.hxx
+M Graphic3d:pubinclude:Graphic3d_ArrayOfPrimitives.hxx /misc/dn61/LocalWOK/wok_entities/LOC/dev/CR0-OCCT691-7-CR0-OCCT691-occt-64/inc/Graphic3d_ArrayOfPrimitives.hxx
+M Graphic3d:privinclude:Graphic3d_ArrayOfPrimitives.jxx /misc/dn61/LocalWOK/wok_entities/LOC/dev/CR0-OCCT691-7-CR0-OCCT691-occt-64/drv/Graphic3d/Graphic3d_ArrayOfPrimitives.jxx
+M Graphic3d:privinclude:Graphic3d_ArrayOfPrimitives.ixx /misc/dn61/LocalWOK/wok_entities/LOC/dev/CR0-OCCT691-7-CR0-OCCT691-occt-64/drv/Graphic3d/Graphic3d_ArrayOfPrimitives.ixx
+M Graphic3d:pubinclude:Handle_Graphic3d_ArrayOfPoints.hxx /misc/dn61/LocalWOK/wok_entities/LOC/dev/CR0-OCCT691-7-CR0-OCCT691-occt-64/inc/Handle_Graphic3d_ArrayOfPoints.hxx
+M Graphic3d:pubinclude:Graphic3d_ArrayOfPoints.hxx /misc/dn61/LocalWOK/wok_entities/LOC/dev/CR0-OCCT691-7-CR0-OCCT691-occt-64/inc/Graphic3d_ArrayOfPoints.hxx
+M Graphic3d:privinclude:Graphic3d_ArrayOfPoints.jxx /misc/dn61/LocalWOK/wok_entities/LOC/dev/CR0-OCCT691-7-CR0-OCCT691-occt-64/drv/Graphic3d/Graphic3d_ArrayOfPoints.jxx
+M Graphic3d:privinclude:Graphic3d_ArrayOfPoints.ixx /misc/dn61/LocalWOK/wok_entities/LOC/dev/CR0-OCCT691-7-CR0-OCCT691-occt-64/drv/Graphic3d/Graphic3d_ArrayOfPoints.ixx
+M Graphic3d:pubinclude:Handle_Graphic3d_ArrayOfPolylines.hxx /misc/dn61/LocalWOK/wok_entities/LOC/dev/CR0-OCCT691-7-CR0-OCCT691-occt-64/inc/Handle_Graphic3d_ArrayOfPolylines.hxx
+M Graphic3d:pubinclude:Graphic3d_ArrayOfPolylines.hxx /misc/dn61/LocalWOK/wok_entities/LOC/dev/CR0-OCCT691-7-CR0-OCCT691-occt-64/inc/Graphic3d_ArrayOfPolylines.hxx
+M Graphic3d:privinclude:Graphic3d_ArrayOfPolylines.jxx /misc/dn61/LocalWOK/wok_entities/LOC/dev/CR0-OCCT691-7-CR0-OCCT691-occt-64/drv/Graphic3d/Graphic3d_ArrayOfPolylines.jxx
+M Graphic3d:privinclude:Graphic3d_ArrayOfPolylines.ixx /misc/dn61/LocalWOK/wok_entities/LOC/dev/CR0-OCCT691-7-CR0-OCCT691-occt-64/drv/Graphic3d/Graphic3d_ArrayOfPolylines.ixx
+M Graphic3d:pubinclude:Handle_Graphic3d_ArrayOfSegments.hxx /misc/dn61/LocalWOK/wok_entities/LOC/dev/CR0-OCCT691-7-CR0-OCCT691-occt-64/inc/Handle_Graphic3d_ArrayOfSegments.hxx
+M Graphic3d:pubinclude:Graphic3d_ArrayOfSegments.hxx /misc/dn61/LocalWOK/wok_entities/LOC/dev/CR0-OCCT691-7-CR0-OCCT691-occt-64/inc/Graphic3d_ArrayOfSegments.hxx
+M Graphic3d:privinclude:Graphic3d_ArrayOfSegments.jxx /misc/dn61/LocalWOK/wok_entities/LOC/dev/CR0-OCCT691-7-CR0-OCCT691-occt-64/drv/Graphic3d/Graphic3d_ArrayOfSegments.jxx
+M Graphic3d:privinclude:Graphic3d_ArrayOfSegments.ixx /misc/dn61/LocalWOK/wok_entities/LOC/dev/CR0-OCCT691-7-CR0-OCCT691-occt-64/drv/Graphic3d/Graphic3d_ArrayOfSegments.ixx
+M Graphic3d:pubinclude:Handle_Graphic3d_ArrayOfPolygons.hxx /misc/dn61/LocalWOK/wok_entities/LOC/dev/CR0-OCCT691-7-CR0-OCCT691-occt-64/inc/Handle_Graphic3d_ArrayOfPolygons.hxx
+M Graphic3d:pubinclude:Graphic3d_ArrayOfPolygons.hxx /misc/dn61/LocalWOK/wok_entities/LOC/dev/CR0-OCCT691-7-CR0-OCCT691-occt-64/inc/Graphic3d_ArrayOfPolygons.hxx
+M Graphic3d:privinclude:Graphic3d_ArrayOfPolygons.jxx /misc/dn61/LocalWOK/wok_entities/LOC/dev/CR0-OCCT691-7-CR0-OCCT691-occt-64/drv/Graphic3d/Graphic3d_ArrayOfPolygons.jxx
+M Graphic3d:privinclude:Graphic3d_ArrayOfPolygons.ixx /misc/dn61/LocalWOK/wok_entities/LOC/dev/CR0-OCCT691-7-CR0-OCCT691-occt-64/drv/Graphic3d/Graphic3d_ArrayOfPolygons.ixx
+M Graphic3d:pubinclude:Handle_Graphic3d_ArrayOfTriangles.hxx /misc/dn61/LocalWOK/wok_entities/LOC/dev/CR0-OCCT691-7-CR0-OCCT691-occt-64/inc/Handle_Graphic3d_ArrayOfTriangles.hxx
+M Graphic3d:pubinclude:Graphic3d_ArrayOfTriangles.hxx /misc/dn61/LocalWOK/wok_entities/LOC/dev/CR0-OCCT691-7-CR0-OCCT691-occt-64/inc/Graphic3d_ArrayOfTriangles.hxx
+M Graphic3d:privinclude:Graphic3d_ArrayOfTriangles.jxx /misc/dn61/LocalWOK/wok_entities/LOC/dev/CR0-OCCT691-7-CR0-OCCT691-occt-64/drv/Graphic3d/Graphic3d_ArrayOfTriangles.jxx
+M Graphic3d:privinclude:Graphic3d_ArrayOfTriangles.ixx /misc/dn61/LocalWOK/wok_entities/LOC/dev/CR0-OCCT691-7-CR0-OCCT691-occt-64/drv/Graphic3d/Graphic3d_ArrayOfTriangles.ixx
+M Graphic3d:pubinclude:Handle_Graphic3d_ArrayOfTriangleStrips.hxx /misc/dn61/LocalWOK/wok_entities/LOC/dev/CR0-OCCT691-7-CR0-OCCT691-occt-64/inc/Handle_Graphic3d_ArrayOfTriangleStrips.hxx
+M Graphic3d:pubinclude:Graphic3d_ArrayOfTriangleStrips.hxx /misc/dn61/LocalWOK/wok_entities/LOC/dev/CR0-OCCT691-7-CR0-OCCT691-occt-64/inc/Graphic3d_ArrayOfTriangleStrips.hxx
+M Graphic3d:privinclude:Graphic3d_ArrayOfTriangleStrips.jxx /misc/dn61/LocalWOK/wok_entities/LOC/dev/CR0-OCCT691-7-CR0-OCCT691-occt-64/drv/Graphic3d/Graphic3d_ArrayOfTriangleStrips.jxx
+M Graphic3d:privinclude:Graphic3d_ArrayOfTriangleStrips.ixx /misc/dn61/LocalWOK/wok_entities/LOC/dev/CR0-OCCT691-7-CR0-OCCT691-occt-64/drv/Graphic3d/Graphic3d_ArrayOfTriangleStrips.ixx
+M Graphic3d:pubinclude:Handle_Graphic3d_ArrayOfTriangleFans.hxx /misc/dn61/LocalWOK/wok_entities/LOC/dev/CR0-OCCT691-7-CR0-OCCT691-occt-64/inc/Handle_Graphic3d_ArrayOfTriangleFans.hxx
+M Graphic3d:pubinclude:Graphic3d_ArrayOfTriangleFans.hxx /misc/dn61/LocalWOK/wok_entities/LOC/dev/CR0-OCCT691-7-CR0-OCCT691-occt-64/inc/Graphic3d_ArrayOfTriangleFans.hxx
+M Graphic3d:privinclude:Graphic3d_ArrayOfTriangleFans.jxx /misc/dn61/LocalWOK/wok_entities/LOC/dev/CR0-OCCT691-7-CR0-OCCT691-occt-64/drv/Graphic3d/Graphic3d_ArrayOfTriangleFans.jxx
+M Graphic3d:privinclude:Graphic3d_ArrayOfTriangleFans.ixx /misc/dn61/LocalWOK/wok_entities/LOC/dev/CR0-OCCT691-7-CR0-OCCT691-occt-64/drv/Graphic3d/Graphic3d_ArrayOfTriangleFans.ixx
+M Graphic3d:pubinclude:Handle_Graphic3d_ArrayOfQuadrangles.hxx /misc/dn61/LocalWOK/wok_entities/LOC/dev/CR0-OCCT691-7-CR0-OCCT691-occt-64/inc/Handle_Graphic3d_ArrayOfQuadrangles.hxx
+M Graphic3d:pubinclude:Graphic3d_ArrayOfQuadrangles.hxx /misc/dn61/LocalWOK/wok_entities/LOC/dev/CR0-OCCT691-7-CR0-OCCT691-occt-64/inc/Graphic3d_ArrayOfQuadrangles.hxx
+M Graphic3d:privinclude:Graphic3d_ArrayOfQuadrangles.jxx /misc/dn61/LocalWOK/wok_entities/LOC/dev/CR0-OCCT691-7-CR0-OCCT691-occt-64/drv/Graphic3d/Graphic3d_ArrayOfQuadrangles.jxx
+M Graphic3d:privinclude:Graphic3d_ArrayOfQuadrangles.ixx /misc/dn61/LocalWOK/wok_entities/LOC/dev/CR0-OCCT691-7-CR0-OCCT691-occt-64/drv/Graphic3d/Graphic3d_ArrayOfQuadrangles.ixx
+M Graphic3d:pubinclude:Handle_Graphic3d_ArrayOfQuadrangleStrips.hxx /misc/dn61/LocalWOK/wok_entities/LOC/dev/CR0-OCCT691-7-CR0-OCCT691-occt-64/inc/Handle_Graphic3d_ArrayOfQuadrangleStrips.hxx
+M Graphic3d:pubinclude:Graphic3d_ArrayOfQuadrangleStrips.hxx /misc/dn61/LocalWOK/wok_entities/LOC/dev/CR0-OCCT691-7-CR0-OCCT691-occt-64/inc/Graphic3d_ArrayOfQuadrangleStrips.hxx
+M Graphic3d:privinclude:Graphic3d_ArrayOfQuadrangleStrips.jxx /misc/dn61/LocalWOK/wok_entities/LOC/dev/CR0-OCCT691-7-CR0-OCCT691-occt-64/drv/Graphic3d/Graphic3d_ArrayOfQuadrangleStrips.jxx
+M Graphic3d:privinclude:Graphic3d_ArrayOfQuadrangleStrips.ixx /misc/dn61/LocalWOK/wok_entities/LOC/dev/CR0-OCCT691-7-CR0-OCCT691-occt-64/drv/Graphic3d/Graphic3d_ArrayOfQuadrangleStrips.ixx
+M Graphic3d:pubinclude:Handle_Graphic3d_AspectLine3d.hxx /misc/dn61/LocalWOK/wok_entities/LOC/dev/CR0-OCCT691-7-CR0-OCCT691-occt-64/inc/Handle_Graphic3d_AspectLine3d.hxx
+M Graphic3d:pubinclude:Graphic3d_AspectLine3d.hxx /misc/dn61/LocalWOK/wok_entities/LOC/dev/CR0-OCCT691-7-CR0-OCCT691-occt-64/inc/Graphic3d_AspectLine3d.hxx
+M Graphic3d:privinclude:Graphic3d_AspectLine3d.jxx /misc/dn61/LocalWOK/wok_entities/LOC/dev/CR0-OCCT691-7-CR0-OCCT691-occt-64/drv/Graphic3d/Graphic3d_AspectLine3d.jxx
+M Graphic3d:privinclude:Graphic3d_AspectLine3d.ixx /misc/dn61/LocalWOK/wok_entities/LOC/dev/CR0-OCCT691-7-CR0-OCCT691-occt-64/drv/Graphic3d/Graphic3d_AspectLine3d.ixx
+M Graphic3d:pubinclude:Handle_Graphic3d_AspectFillArea3d.hxx /misc/dn61/LocalWOK/wok_entities/LOC/dev/CR0-OCCT691-7-CR0-OCCT691-occt-64/inc/Handle_Graphic3d_AspectFillArea3d.hxx
+M Graphic3d:pubinclude:Graphic3d_AspectFillArea3d.hxx /misc/dn61/LocalWOK/wok_entities/LOC/dev/CR0-OCCT691-7-CR0-OCCT691-occt-64/inc/Graphic3d_AspectFillArea3d.hxx
+M Graphic3d:privinclude:Graphic3d_AspectFillArea3d.jxx /misc/dn61/LocalWOK/wok_entities/LOC/dev/CR0-OCCT691-7-CR0-OCCT691-occt-64/drv/Graphic3d/Graphic3d_AspectFillArea3d.jxx
+M Graphic3d:privinclude:Graphic3d_AspectFillArea3d.ixx /misc/dn61/LocalWOK/wok_entities/LOC/dev/CR0-OCCT691-7-CR0-OCCT691-occt-64/drv/Graphic3d/Graphic3d_AspectFillArea3d.ixx
+M Graphic3d:pubinclude:Handle_Graphic3d_AspectMarker3d.hxx /misc/dn61/LocalWOK/wok_entities/LOC/dev/CR0-OCCT691-7-CR0-OCCT691-occt-64/inc/Handle_Graphic3d_AspectMarker3d.hxx
+M Graphic3d:pubinclude:Graphic3d_AspectMarker3d.hxx /misc/dn61/LocalWOK/wok_entities/LOC/dev/CR0-OCCT691-7-CR0-OCCT691-occt-64/inc/Graphic3d_AspectMarker3d.hxx
+M Graphic3d:privinclude:Graphic3d_AspectMarker3d.jxx /misc/dn61/LocalWOK/wok_entities/LOC/dev/CR0-OCCT691-7-CR0-OCCT691-occt-64/drv/Graphic3d/Graphic3d_AspectMarker3d.jxx
+M Graphic3d:privinclude:Graphic3d_AspectMarker3d.ixx /misc/dn61/LocalWOK/wok_entities/LOC/dev/CR0-OCCT691-7-CR0-OCCT691-occt-64/drv/Graphic3d/Graphic3d_AspectMarker3d.ixx
+M Graphic3d:pubinclude:Handle_Graphic3d_AspectText3d.hxx /misc/dn61/LocalWOK/wok_entities/LOC/dev/CR0-OCCT691-7-CR0-OCCT691-occt-64/inc/Handle_Graphic3d_AspectText3d.hxx
+M Graphic3d:pubinclude:Graphic3d_AspectText3d.hxx /misc/dn61/LocalWOK/wok_entities/LOC/dev/CR0-OCCT691-7-CR0-OCCT691-occt-64/inc/Graphic3d_AspectText3d.hxx
+M Graphic3d:privinclude:Graphic3d_AspectText3d.jxx /misc/dn61/LocalWOK/wok_entities/LOC/dev/CR0-OCCT691-7-CR0-OCCT691-occt-64/drv/Graphic3d/Graphic3d_AspectText3d.jxx
+M Graphic3d:privinclude:Graphic3d_AspectText3d.ixx /misc/dn61/LocalWOK/wok_entities/LOC/dev/CR0-OCCT691-7-CR0-OCCT691-occt-64/drv/Graphic3d/Graphic3d_AspectText3d.ixx
+M Graphic3d:pubinclude:Handle_Graphic3d_Group.hxx /misc/dn61/LocalWOK/wok_entities/LOC/dev/CR0-OCCT691-7-CR0-OCCT691-occt-64/inc/Handle_Graphic3d_Group.hxx
+M Graphic3d:pubinclude:Graphic3d_Group.hxx /misc/dn61/LocalWOK/wok_entities/LOC/dev/CR0-OCCT691-7-CR0-OCCT691-occt-64/inc/Graphic3d_Group.hxx
+M Graphic3d:privinclude:Graphic3d_Group.jxx /misc/dn61/LocalWOK/wok_entities/LOC/dev/CR0-OCCT691-7-CR0-OCCT691-occt-64/drv/Graphic3d/Graphic3d_Group.jxx
+M Graphic3d:privinclude:Graphic3d_Group.ixx /misc/dn61/LocalWOK/wok_entities/LOC/dev/CR0-OCCT691-7-CR0-OCCT691-occt-64/drv/Graphic3d/Graphic3d_Group.ixx
+M Graphic3d:pubinclude:Graphic3d_MaterialAspect.hxx /misc/dn61/LocalWOK/wok_entities/LOC/dev/CR0-OCCT691-7-CR0-OCCT691-occt-64/inc/Graphic3d_MaterialAspect.hxx
+M Graphic3d:privinclude:Graphic3d_MaterialAspect.jxx /misc/dn61/LocalWOK/wok_entities/LOC/dev/CR0-OCCT691-7-CR0-OCCT691-occt-64/drv/Graphic3d/Graphic3d_MaterialAspect.jxx
+M Graphic3d:privinclude:Graphic3d_MaterialAspect.ixx /misc/dn61/LocalWOK/wok_entities/LOC/dev/CR0-OCCT691-7-CR0-OCCT691-occt-64/drv/Graphic3d/Graphic3d_MaterialAspect.ixx
+M Graphic3d:pubinclude:Handle_Graphic3d_Structure.hxx /misc/dn61/LocalWOK/wok_entities/LOC/dev/CR0-OCCT691-7-CR0-OCCT691-occt-64/inc/Handle_Graphic3d_Structure.hxx
+M Graphic3d:pubinclude:Graphic3d_Structure.hxx /misc/dn61/LocalWOK/wok_entities/LOC/dev/CR0-OCCT691-7-CR0-OCCT691-occt-64/inc/Graphic3d_Structure.hxx
+M Graphic3d:privinclude:Graphic3d_Structure.jxx /misc/dn61/LocalWOK/wok_entities/LOC/dev/CR0-OCCT691-7-CR0-OCCT691-occt-64/drv/Graphic3d/Graphic3d_Structure.jxx
+M Graphic3d:privinclude:Graphic3d_Structure.ixx /misc/dn61/LocalWOK/wok_entities/LOC/dev/CR0-OCCT691-7-CR0-OCCT691-occt-64/drv/Graphic3d/Graphic3d_Structure.ixx
+M Graphic3d:pubinclude:Handle_Graphic3d_GraphicDriver.hxx /misc/dn61/LocalWOK/wok_entities/LOC/dev/CR0-OCCT691-7-CR0-OCCT691-occt-64/inc/Handle_Graphic3d_GraphicDriver.hxx
+M Graphic3d:pubinclude:Graphic3d_GraphicDriver.hxx /misc/dn61/LocalWOK/wok_entities/LOC/dev/CR0-OCCT691-7-CR0-OCCT691-occt-64/inc/Graphic3d_GraphicDriver.hxx
+M Graphic3d:privinclude:Graphic3d_GraphicDriver.jxx /misc/dn61/LocalWOK/wok_entities/LOC/dev/CR0-OCCT691-7-CR0-OCCT691-occt-64/drv/Graphic3d/Graphic3d_GraphicDriver.jxx
+M Graphic3d:privinclude:Graphic3d_GraphicDriver.ixx /misc/dn61/LocalWOK/wok_entities/LOC/dev/CR0-OCCT691-7-CR0-OCCT691-occt-64/drv/Graphic3d/Graphic3d_GraphicDriver.ixx
+M Graphic3d:pubinclude:Handle_Graphic3d_StructureManager.hxx /misc/dn61/LocalWOK/wok_entities/LOC/dev/CR0-OCCT691-7-CR0-OCCT691-occt-64/inc/Handle_Graphic3d_StructureManager.hxx
+M Graphic3d:pubinclude:Graphic3d_StructureManager.hxx /misc/dn61/LocalWOK/wok_entities/LOC/dev/CR0-OCCT691-7-CR0-OCCT691-occt-64/inc/Graphic3d_StructureManager.hxx
+M Graphic3d:privinclude:Graphic3d_StructureManager.jxx /misc/dn61/LocalWOK/wok_entities/LOC/dev/CR0-OCCT691-7-CR0-OCCT691-occt-64/drv/Graphic3d/Graphic3d_StructureManager.jxx
+M Graphic3d:privinclude:Graphic3d_StructureManager.ixx /misc/dn61/LocalWOK/wok_entities/LOC/dev/CR0-OCCT691-7-CR0-OCCT691-occt-64/drv/Graphic3d/Graphic3d_StructureManager.ixx
+M Graphic3d:pubinclude:Handle_Graphic3d_DataStructureManager.hxx /misc/dn61/LocalWOK/wok_entities/LOC/dev/CR0-OCCT691-7-CR0-OCCT691-occt-64/inc/Handle_Graphic3d_DataStructureManager.hxx
+M Graphic3d:pubinclude:Graphic3d_DataStructureManager.hxx /misc/dn61/LocalWOK/wok_entities/LOC/dev/CR0-OCCT691-7-CR0-OCCT691-occt-64/inc/Graphic3d_DataStructureManager.hxx
+M Graphic3d:privinclude:Graphic3d_DataStructureManager.jxx /misc/dn61/LocalWOK/wok_entities/LOC/dev/CR0-OCCT691-7-CR0-OCCT691-occt-64/drv/Graphic3d/Graphic3d_DataStructureManager.jxx
+M Graphic3d:privinclude:Graphic3d_DataStructureManager.ixx /misc/dn61/LocalWOK/wok_entities/LOC/dev/CR0-OCCT691-7-CR0-OCCT691-occt-64/drv/Graphic3d/Graphic3d_DataStructureManager.ixx
+M Graphic3d:pubinclude:Graphic3d_Vector.hxx /misc/dn61/LocalWOK/wok_entities/LOC/dev/CR0-OCCT691-7-CR0-OCCT691-occt-64/inc/Graphic3d_Vector.hxx
+M Graphic3d:privinclude:Graphic3d_Vector.jxx /misc/dn61/LocalWOK/wok_entities/LOC/dev/CR0-OCCT691-7-CR0-OCCT691-occt-64/drv/Graphic3d/Graphic3d_Vector.jxx
+M Graphic3d:privinclude:Graphic3d_Vector.ixx /misc/dn61/LocalWOK/wok_entities/LOC/dev/CR0-OCCT691-7-CR0-OCCT691-occt-64/drv/Graphic3d/Graphic3d_Vector.ixx
+M Graphic3d:pubinclude:Graphic3d_SequenceOfStructure.hxx /misc/dn61/LocalWOK/wok_entities/LOC/dev/CR0-OCCT691-7-CR0-OCCT691-occt-64/inc/Graphic3d_SequenceOfStructure.hxx
+M Graphic3d:derivated:Graphic3d_SequenceOfStructure_0.cxx /misc/dn61/LocalWOK/wok_entities/LOC/dev/CR0-OCCT691-7-CR0-OCCT691-occt-64/drv/Graphic3d/Graphic3d_SequenceOfStructure_0.cxx
+M Graphic3d:pubinclude:Handle_Graphic3d_HSequenceOfStructure.hxx /misc/dn61/LocalWOK/wok_entities/LOC/dev/CR0-OCCT691-7-CR0-OCCT691-occt-64/inc/Handle_Graphic3d_HSequenceOfStructure.hxx
+M Graphic3d:pubinclude:Graphic3d_HSequenceOfStructure.hxx /misc/dn61/LocalWOK/wok_entities/LOC/dev/CR0-OCCT691-7-CR0-OCCT691-occt-64/inc/Graphic3d_HSequenceOfStructure.hxx
+M Graphic3d:derivated:Graphic3d_HSequenceOfStructure_0.cxx /misc/dn61/LocalWOK/wok_entities/LOC/dev/CR0-OCCT691-7-CR0-OCCT691-occt-64/drv/Graphic3d/Graphic3d_HSequenceOfStructure_0.cxx
+M Graphic3d:pubinclude:Graphic3d_Array1OfVector.hxx /misc/dn61/LocalWOK/wok_entities/LOC/dev/CR0-OCCT691-7-CR0-OCCT691-occt-64/inc/Graphic3d_Array1OfVector.hxx
+M Graphic3d:derivated:Graphic3d_Array1OfVector_0.cxx /misc/dn61/LocalWOK/wok_entities/LOC/dev/CR0-OCCT691-7-CR0-OCCT691-occt-64/drv/Graphic3d/Graphic3d_Array1OfVector_0.cxx
+M Graphic3d:pubinclude:Graphic3d_Array1OfVertex.hxx /misc/dn61/LocalWOK/wok_entities/LOC/dev/CR0-OCCT691-7-CR0-OCCT691-occt-64/inc/Graphic3d_Array1OfVertex.hxx
+M Graphic3d:derivated:Graphic3d_Array1OfVertex_0.cxx /misc/dn61/LocalWOK/wok_entities/LOC/dev/CR0-OCCT691-7-CR0-OCCT691-occt-64/drv/Graphic3d/Graphic3d_Array1OfVertex_0.cxx
+M Graphic3d:pubinclude:Graphic3d_Array2OfVertex.hxx /misc/dn61/LocalWOK/wok_entities/LOC/dev/CR0-OCCT691-7-CR0-OCCT691-occt-64/inc/Graphic3d_Array2OfVertex.hxx
+M Graphic3d:derivated:Graphic3d_Array2OfVertex_0.cxx /misc/dn61/LocalWOK/wok_entities/LOC/dev/CR0-OCCT691-7-CR0-OCCT691-occt-64/drv/Graphic3d/Graphic3d_Array2OfVertex_0.cxx
+M Graphic3d:pubinclude:Graphic3d_ListOfShortReal.hxx /misc/dn61/LocalWOK/wok_entities/LOC/dev/CR0-OCCT691-7-CR0-OCCT691-occt-64/inc/Graphic3d_ListOfShortReal.hxx
+M Graphic3d:derivated:Graphic3d_ListOfShortReal_0.cxx /misc/dn61/LocalWOK/wok_entities/LOC/dev/CR0-OCCT691-7-CR0-OCCT691-occt-64/drv/Graphic3d/Graphic3d_ListOfShortReal_0.cxx
+M Graphic3d:pubinclude:Handle_Graphic3d_TextureRoot.hxx /misc/dn61/LocalWOK/wok_entities/LOC/dev/CR0-OCCT691-7-CR0-OCCT691-occt-64/inc/Handle_Graphic3d_TextureRoot.hxx
+M Graphic3d:pubinclude:Graphic3d_TextureRoot.hxx /misc/dn61/LocalWOK/wok_entities/LOC/dev/CR0-OCCT691-7-CR0-OCCT691-occt-64/inc/Graphic3d_TextureRoot.hxx
+M Graphic3d:privinclude:Graphic3d_TextureRoot.jxx /misc/dn61/LocalWOK/wok_entities/LOC/dev/CR0-OCCT691-7-CR0-OCCT691-occt-64/drv/Graphic3d/Graphic3d_TextureRoot.jxx
+M Graphic3d:privinclude:Graphic3d_TextureRoot.ixx /misc/dn61/LocalWOK/wok_entities/LOC/dev/CR0-OCCT691-7-CR0-OCCT691-occt-64/drv/Graphic3d/Graphic3d_TextureRoot.ixx
+M Graphic3d:pubinclude:Handle_Graphic3d_TextureMap.hxx /misc/dn61/LocalWOK/wok_entities/LOC/dev/CR0-OCCT691-7-CR0-OCCT691-occt-64/inc/Handle_Graphic3d_TextureMap.hxx
+M Graphic3d:pubinclude:Graphic3d_TextureMap.hxx /misc/dn61/LocalWOK/wok_entities/LOC/dev/CR0-OCCT691-7-CR0-OCCT691-occt-64/inc/Graphic3d_TextureMap.hxx
+M Graphic3d:privinclude:Graphic3d_TextureMap.jxx /misc/dn61/LocalWOK/wok_entities/LOC/dev/CR0-OCCT691-7-CR0-OCCT691-occt-64/drv/Graphic3d/Graphic3d_TextureMap.jxx
+M Graphic3d:privinclude:Graphic3d_TextureMap.ixx /misc/dn61/LocalWOK/wok_entities/LOC/dev/CR0-OCCT691-7-CR0-OCCT691-occt-64/drv/Graphic3d/Graphic3d_TextureMap.ixx
+M Graphic3d:pubinclude:Handle_Graphic3d_Texture1D.hxx /misc/dn61/LocalWOK/wok_entities/LOC/dev/CR0-OCCT691-7-CR0-OCCT691-occt-64/inc/Handle_Graphic3d_Texture1D.hxx
+M Graphic3d:pubinclude:Graphic3d_Texture1D.hxx /misc/dn61/LocalWOK/wok_entities/LOC/dev/CR0-OCCT691-7-CR0-OCCT691-occt-64/inc/Graphic3d_Texture1D.hxx
+M Graphic3d:privinclude:Graphic3d_Texture1D.jxx /misc/dn61/LocalWOK/wok_entities/LOC/dev/CR0-OCCT691-7-CR0-OCCT691-occt-64/drv/Graphic3d/Graphic3d_Texture1D.jxx
+M Graphic3d:privinclude:Graphic3d_Texture1D.ixx /misc/dn61/LocalWOK/wok_entities/LOC/dev/CR0-OCCT691-7-CR0-OCCT691-occt-64/drv/Graphic3d/Graphic3d_Texture1D.ixx
+M Graphic3d:pubinclude:Handle_Graphic3d_Texture2D.hxx /misc/dn61/LocalWOK/wok_entities/LOC/dev/CR0-OCCT691-7-CR0-OCCT691-occt-64/inc/Handle_Graphic3d_Texture2D.hxx
+M Graphic3d:pubinclude:Graphic3d_Texture2D.hxx /misc/dn61/LocalWOK/wok_entities/LOC/dev/CR0-OCCT691-7-CR0-OCCT691-occt-64/inc/Graphic3d_Texture2D.hxx
+M Graphic3d:privinclude:Graphic3d_Texture2D.jxx /misc/dn61/LocalWOK/wok_entities/LOC/dev/CR0-OCCT691-7-CR0-OCCT691-occt-64/drv/Graphic3d/Graphic3d_Texture2D.jxx
+M Graphic3d:privinclude:Graphic3d_Texture2D.ixx /misc/dn61/LocalWOK/wok_entities/LOC/dev/CR0-OCCT691-7-CR0-OCCT691-occt-64/drv/Graphic3d/Graphic3d_Texture2D.ixx
+M Graphic3d:pubinclude:Handle_Graphic3d_TextureParams.hxx /misc/dn61/LocalWOK/wok_entities/LOC/dev/CR0-OCCT691-7-CR0-OCCT691-occt-64/inc/Handle_Graphic3d_TextureParams.hxx
+M Graphic3d:pubinclude:Graphic3d_TextureParams.hxx /misc/dn61/LocalWOK/wok_entities/LOC/dev/CR0-OCCT691-7-CR0-OCCT691-occt-64/inc/Graphic3d_TextureParams.hxx
+M Graphic3d:privinclude:Graphic3d_TextureParams.jxx /misc/dn61/LocalWOK/wok_entities/LOC/dev/CR0-OCCT691-7-CR0-OCCT691-occt-64/drv/Graphic3d/Graphic3d_TextureParams.jxx
+M Graphic3d:privinclude:Graphic3d_TextureParams.ixx /misc/dn61/LocalWOK/wok_entities/LOC/dev/CR0-OCCT691-7-CR0-OCCT691-occt-64/drv/Graphic3d/Graphic3d_TextureParams.ixx
+M Graphic3d:pubinclude:Handle_Graphic3d_TextureEnv.hxx /misc/dn61/LocalWOK/wok_entities/LOC/dev/CR0-OCCT691-7-CR0-OCCT691-occt-64/inc/Handle_Graphic3d_TextureEnv.hxx
+M Graphic3d:pubinclude:Graphic3d_TextureEnv.hxx /misc/dn61/LocalWOK/wok_entities/LOC/dev/CR0-OCCT691-7-CR0-OCCT691-occt-64/inc/Graphic3d_TextureEnv.hxx
+M Graphic3d:privinclude:Graphic3d_TextureEnv.jxx /misc/dn61/LocalWOK/wok_entities/LOC/dev/CR0-OCCT691-7-CR0-OCCT691-occt-64/drv/Graphic3d/Graphic3d_TextureEnv.jxx
+M Graphic3d:privinclude:Graphic3d_TextureEnv.ixx /misc/dn61/LocalWOK/wok_entities/LOC/dev/CR0-OCCT691-7-CR0-OCCT691-occt-64/drv/Graphic3d/Graphic3d_TextureEnv.ixx
+M Graphic3d:pubinclude:Handle_Graphic3d_Texture1Dmanual.hxx /misc/dn61/LocalWOK/wok_entities/LOC/dev/CR0-OCCT691-7-CR0-OCCT691-occt-64/inc/Handle_Graphic3d_Texture1Dmanual.hxx
+M Graphic3d:pubinclude:Graphic3d_Texture1Dmanual.hxx /misc/dn61/LocalWOK/wok_entities/LOC/dev/CR0-OCCT691-7-CR0-OCCT691-occt-64/inc/Graphic3d_Texture1Dmanual.hxx
+M Graphic3d:privinclude:Graphic3d_Texture1Dmanual.jxx /misc/dn61/LocalWOK/wok_entities/LOC/dev/CR0-OCCT691-7-CR0-OCCT691-occt-64/drv/Graphic3d/Graphic3d_Texture1Dmanual.jxx
+M Graphic3d:privinclude:Graphic3d_Texture1Dmanual.ixx /misc/dn61/LocalWOK/wok_entities/LOC/dev/CR0-OCCT691-7-CR0-OCCT691-occt-64/drv/Graphic3d/Graphic3d_Texture1Dmanual.ixx
+M Graphic3d:pubinclude:Handle_Graphic3d_Texture1Dsegment.hxx /misc/dn61/LocalWOK/wok_entities/LOC/dev/CR0-OCCT691-7-CR0-OCCT691-occt-64/inc/Handle_Graphic3d_Texture1Dsegment.hxx
+M Graphic3d:pubinclude:Graphic3d_Texture1Dsegment.hxx /misc/dn61/LocalWOK/wok_entities/LOC/dev/CR0-OCCT691-7-CR0-OCCT691-occt-64/inc/Graphic3d_Texture1Dsegment.hxx
+M Graphic3d:privinclude:Graphic3d_Texture1Dsegment.jxx /misc/dn61/LocalWOK/wok_entities/LOC/dev/CR0-OCCT691-7-CR0-OCCT691-occt-64/drv/Graphic3d/Graphic3d_Texture1Dsegment.jxx
+M Graphic3d:privinclude:Graphic3d_Texture1Dsegment.ixx /misc/dn61/LocalWOK/wok_entities/LOC/dev/CR0-OCCT691-7-CR0-OCCT691-occt-64/drv/Graphic3d/Graphic3d_Texture1Dsegment.ixx
+M Graphic3d:pubinclude:Handle_Graphic3d_Texture2Dmanual.hxx /misc/dn61/LocalWOK/wok_entities/LOC/dev/CR0-OCCT691-7-CR0-OCCT691-occt-64/inc/Handle_Graphic3d_Texture2Dmanual.hxx
+M Graphic3d:pubinclude:Graphic3d_Texture2Dmanual.hxx /misc/dn61/LocalWOK/wok_entities/LOC/dev/CR0-OCCT691-7-CR0-OCCT691-occt-64/inc/Graphic3d_Texture2Dmanual.hxx
+M Graphic3d:privinclude:Graphic3d_Texture2Dmanual.jxx /misc/dn61/LocalWOK/wok_entities/LOC/dev/CR0-OCCT691-7-CR0-OCCT691-occt-64/drv/Graphic3d/Graphic3d_Texture2Dmanual.jxx
+M Graphic3d:privinclude:Graphic3d_Texture2Dmanual.ixx /misc/dn61/LocalWOK/wok_entities/LOC/dev/CR0-OCCT691-7-CR0-OCCT691-occt-64/drv/Graphic3d/Graphic3d_Texture2Dmanual.ixx
+M Graphic3d:pubinclude:Handle_Graphic3d_Texture2Dplane.hxx /misc/dn61/LocalWOK/wok_entities/LOC/dev/CR0-OCCT691-7-CR0-OCCT691-occt-64/inc/Handle_Graphic3d_Texture2Dplane.hxx
+M Graphic3d:pubinclude:Graphic3d_Texture2Dplane.hxx /misc/dn61/LocalWOK/wok_entities/LOC/dev/CR0-OCCT691-7-CR0-OCCT691-occt-64/inc/Graphic3d_Texture2Dplane.hxx
+M Graphic3d:privinclude:Graphic3d_Texture2Dplane.jxx /misc/dn61/LocalWOK/wok_entities/LOC/dev/CR0-OCCT691-7-CR0-OCCT691-occt-64/drv/Graphic3d/Graphic3d_Texture2Dplane.jxx
+M Graphic3d:privinclude:Graphic3d_Texture2Dplane.ixx /misc/dn61/LocalWOK/wok_entities/LOC/dev/CR0-OCCT691-7-CR0-OCCT691-occt-64/drv/Graphic3d/Graphic3d_Texture2Dplane.ixx
+M Graphic3d:pubinclude:Handle_Graphic3d_SequenceNodeOfSequenceOfStructure.hxx /misc/dn61/LocalWOK/wok_entities/LOC/dev/CR0-OCCT691-7-CR0-OCCT691-occt-64/inc/Handle_Graphic3d_SequenceNodeOfSequenceOfStructure.hxx
+M Graphic3d:pubinclude:Graphic3d_SequenceNodeOfSequenceOfStructure.hxx /misc/dn61/LocalWOK/wok_entities/LOC/dev/CR0-OCCT691-7-CR0-OCCT691-occt-64/inc/Graphic3d_SequenceNodeOfSequenceOfStructure.hxx
+M Graphic3d:derivated:Graphic3d_SequenceNodeOfSequenceOfStructure_0.cxx /misc/dn61/LocalWOK/wok_entities/LOC/dev/CR0-OCCT691-7-CR0-OCCT691-occt-64/drv/Graphic3d/Graphic3d_SequenceNodeOfSequenceOfStructure_0.cxx
+M Graphic3d:pubinclude:Handle_Graphic3d_ListNodeOfListOfShortReal.hxx /misc/dn61/LocalWOK/wok_entities/LOC/dev/CR0-OCCT691-7-CR0-OCCT691-occt-64/inc/Handle_Graphic3d_ListNodeOfListOfShortReal.hxx
+M Graphic3d:pubinclude:Graphic3d_ListNodeOfListOfShortReal.hxx /misc/dn61/LocalWOK/wok_entities/LOC/dev/CR0-OCCT691-7-CR0-OCCT691-occt-64/inc/Graphic3d_ListNodeOfListOfShortReal.hxx
+M Graphic3d:derivated:Graphic3d_ListNodeOfListOfShortReal_0.cxx /misc/dn61/LocalWOK/wok_entities/LOC/dev/CR0-OCCT691-7-CR0-OCCT691-occt-64/drv/Graphic3d/Graphic3d_ListNodeOfListOfShortReal_0.cxx
+M Graphic3d:pubinclude:Graphic3d_ListIteratorOfListOfShortReal.hxx /misc/dn61/LocalWOK/wok_entities/LOC/dev/CR0-OCCT691-7-CR0-OCCT691-occt-64/inc/Graphic3d_ListIteratorOfListOfShortReal.hxx
+M Graphic3d:derivated:Graphic3d_ListIteratorOfListOfShortReal_0.cxx /misc/dn61/LocalWOK/wok_entities/LOC/dev/CR0-OCCT691-7-CR0-OCCT691-occt-64/drv/Graphic3d/Graphic3d_ListIteratorOfListOfShortReal_0.cxx
+M Graphic3d:pubinclude:Handle_Graphic3d_AspectTextDefinitionError.hxx /misc/dn61/LocalWOK/wok_entities/LOC/dev/CR0-OCCT691-7-CR0-OCCT691-occt-64/inc/Handle_Graphic3d_AspectTextDefinitionError.hxx
+M Graphic3d:pubinclude:Graphic3d_AspectTextDefinitionError.hxx /misc/dn61/LocalWOK/wok_entities/LOC/dev/CR0-OCCT691-7-CR0-OCCT691-occt-64/inc/Graphic3d_AspectTextDefinitionError.hxx
+M Graphic3d:derivated:Graphic3d_AspectTextDefinitionError_0.cxx /misc/dn61/LocalWOK/wok_entities/LOC/dev/CR0-OCCT691-7-CR0-OCCT691-occt-64/drv/Graphic3d/Graphic3d_AspectTextDefinitionError_0.cxx
+M Graphic3d:pubinclude:Handle_Graphic3d_CycleError.hxx /misc/dn61/LocalWOK/wok_entities/LOC/dev/CR0-OCCT691-7-CR0-OCCT691-occt-64/inc/Handle_Graphic3d_CycleError.hxx
+M Graphic3d:pubinclude:Graphic3d_CycleError.hxx /misc/dn61/LocalWOK/wok_entities/LOC/dev/CR0-OCCT691-7-CR0-OCCT691-occt-64/inc/Graphic3d_CycleError.hxx
+M Graphic3d:derivated:Graphic3d_CycleError_0.cxx /misc/dn61/LocalWOK/wok_entities/LOC/dev/CR0-OCCT691-7-CR0-OCCT691-occt-64/drv/Graphic3d/Graphic3d_CycleError_0.cxx
+M Graphic3d:pubinclude:Handle_Graphic3d_GroupDefinitionError.hxx /misc/dn61/LocalWOK/wok_entities/LOC/dev/CR0-OCCT691-7-CR0-OCCT691-occt-64/inc/Handle_Graphic3d_GroupDefinitionError.hxx
+M Graphic3d:pubinclude:Graphic3d_GroupDefinitionError.hxx /misc/dn61/LocalWOK/wok_entities/LOC/dev/CR0-OCCT691-7-CR0-OCCT691-occt-64/inc/Graphic3d_GroupDefinitionError.hxx
+M Graphic3d:derivated:Graphic3d_GroupDefinitionError_0.cxx /misc/dn61/LocalWOK/wok_entities/LOC/dev/CR0-OCCT691-7-CR0-OCCT691-occt-64/drv/Graphic3d/Graphic3d_GroupDefinitionError_0.cxx
+M Graphic3d:pubinclude:Handle_Graphic3d_InitialisationError.hxx /misc/dn61/LocalWOK/wok_entities/LOC/dev/CR0-OCCT691-7-CR0-OCCT691-occt-64/inc/Handle_Graphic3d_InitialisationError.hxx
+M Graphic3d:pubinclude:Graphic3d_InitialisationError.hxx /misc/dn61/LocalWOK/wok_entities/LOC/dev/CR0-OCCT691-7-CR0-OCCT691-occt-64/inc/Graphic3d_InitialisationError.hxx
+M Graphic3d:derivated:Graphic3d_InitialisationError_0.cxx /misc/dn61/LocalWOK/wok_entities/LOC/dev/CR0-OCCT691-7-CR0-OCCT691-occt-64/drv/Graphic3d/Graphic3d_InitialisationError_0.cxx
+M Graphic3d:pubinclude:Handle_Graphic3d_MaterialDefinitionError.hxx /misc/dn61/LocalWOK/wok_entities/LOC/dev/CR0-OCCT691-7-CR0-OCCT691-occt-64/inc/Handle_Graphic3d_MaterialDefinitionError.hxx
+M Graphic3d:pubinclude:Graphic3d_MaterialDefinitionError.hxx /misc/dn61/LocalWOK/wok_entities/LOC/dev/CR0-OCCT691-7-CR0-OCCT691-occt-64/inc/Graphic3d_MaterialDefinitionError.hxx
+M Graphic3d:derivated:Graphic3d_MaterialDefinitionError_0.cxx /misc/dn61/LocalWOK/wok_entities/LOC/dev/CR0-OCCT691-7-CR0-OCCT691-occt-64/drv/Graphic3d/Graphic3d_MaterialDefinitionError_0.cxx
+M Graphic3d:pubinclude:Handle_Graphic3d_PriorityDefinitionError.hxx /misc/dn61/LocalWOK/wok_entities/LOC/dev/CR0-OCCT691-7-CR0-OCCT691-occt-64/inc/Handle_Graphic3d_PriorityDefinitionError.hxx
+M Graphic3d:pubinclude:Graphic3d_PriorityDefinitionError.hxx /misc/dn61/LocalWOK/wok_entities/LOC/dev/CR0-OCCT691-7-CR0-OCCT691-occt-64/inc/Graphic3d_PriorityDefinitionError.hxx
+M Graphic3d:derivated:Graphic3d_PriorityDefinitionError_0.cxx /misc/dn61/LocalWOK/wok_entities/LOC/dev/CR0-OCCT691-7-CR0-OCCT691-occt-64/drv/Graphic3d/Graphic3d_PriorityDefinitionError_0.cxx
+M Graphic3d:pubinclude:Handle_Graphic3d_StructureDefinitionError.hxx /misc/dn61/LocalWOK/wok_entities/LOC/dev/CR0-OCCT691-7-CR0-OCCT691-occt-64/inc/Handle_Graphic3d_StructureDefinitionError.hxx
+M Graphic3d:pubinclude:Graphic3d_StructureDefinitionError.hxx /misc/dn61/LocalWOK/wok_entities/LOC/dev/CR0-OCCT691-7-CR0-OCCT691-occt-64/inc/Graphic3d_StructureDefinitionError.hxx
+M Graphic3d:derivated:Graphic3d_StructureDefinitionError_0.cxx /misc/dn61/LocalWOK/wok_entities/LOC/dev/CR0-OCCT691-7-CR0-OCCT691-occt-64/drv/Graphic3d/Graphic3d_StructureDefinitionError_0.cxx
+M Graphic3d:pubinclude:Handle_Graphic3d_TransformError.hxx /misc/dn61/LocalWOK/wok_entities/LOC/dev/CR0-OCCT691-7-CR0-OCCT691-occt-64/inc/Handle_Graphic3d_TransformError.hxx
+M Graphic3d:pubinclude:Graphic3d_TransformError.hxx /misc/dn61/LocalWOK/wok_entities/LOC/dev/CR0-OCCT691-7-CR0-OCCT691-occt-64/inc/Graphic3d_TransformError.hxx
+M Graphic3d:derivated:Graphic3d_TransformError_0.cxx /misc/dn61/LocalWOK/wok_entities/LOC/dev/CR0-OCCT691-7-CR0-OCCT691-occt-64/drv/Graphic3d/Graphic3d_TransformError_0.cxx
+M Graphic3d:pubinclude:Handle_Graphic3d_VectorError.hxx /misc/dn61/LocalWOK/wok_entities/LOC/dev/CR0-OCCT691-7-CR0-OCCT691-occt-64/inc/Handle_Graphic3d_VectorError.hxx
+M Graphic3d:pubinclude:Graphic3d_VectorError.hxx /misc/dn61/LocalWOK/wok_entities/LOC/dev/CR0-OCCT691-7-CR0-OCCT691-occt-64/inc/Graphic3d_VectorError.hxx
+M Graphic3d:derivated:Graphic3d_VectorError_0.cxx /misc/dn61/LocalWOK/wok_entities/LOC/dev/CR0-OCCT691-7-CR0-OCCT691-occt-64/drv/Graphic3d/Graphic3d_VectorError_0.cxx
+M Graphic3d:pubinclude:Graphic3d_NameOfMaterial.hxx /misc/dn61/LocalWOK/wok_entities/LOC/dev/CR0-OCCT691-7-CR0-OCCT691-occt-64/inc/Graphic3d_NameOfMaterial.hxx
+M Graphic3d:pubinclude:Graphic3d_TypeOfMaterial.hxx /misc/dn61/LocalWOK/wok_entities/LOC/dev/CR0-OCCT691-7-CR0-OCCT691-occt-64/inc/Graphic3d_TypeOfMaterial.hxx
+M Graphic3d:pubinclude:Graphic3d_NameOfTexture1D.hxx /misc/dn61/LocalWOK/wok_entities/LOC/dev/CR0-OCCT691-7-CR0-OCCT691-occt-64/inc/Graphic3d_NameOfTexture1D.hxx
+M Graphic3d:pubinclude:Graphic3d_NameOfTexture2D.hxx /misc/dn61/LocalWOK/wok_entities/LOC/dev/CR0-OCCT691-7-CR0-OCCT691-occt-64/inc/Graphic3d_NameOfTexture2D.hxx
+M Graphic3d:pubinclude:Graphic3d_NameOfTextureEnv.hxx /misc/dn61/LocalWOK/wok_entities/LOC/dev/CR0-OCCT691-7-CR0-OCCT691-occt-64/inc/Graphic3d_NameOfTextureEnv.hxx
+M Graphic3d:pubinclude:Graphic3d_TypeOfTexture.hxx /misc/dn61/LocalWOK/wok_entities/LOC/dev/CR0-OCCT691-7-CR0-OCCT691-occt-64/inc/Graphic3d_TypeOfTexture.hxx
+M Graphic3d:pubinclude:Graphic3d_TypeOfTextureMode.hxx /misc/dn61/LocalWOK/wok_entities/LOC/dev/CR0-OCCT691-7-CR0-OCCT691-occt-64/inc/Graphic3d_TypeOfTextureMode.hxx
+M Graphic3d:pubinclude:Graphic3d_TypeOfTextureFilter.hxx /misc/dn61/LocalWOK/wok_entities/LOC/dev/CR0-OCCT691-7-CR0-OCCT691-occt-64/inc/Graphic3d_TypeOfTextureFilter.hxx
+M Graphic3d:pubinclude:Graphic3d_LevelOfTextureAnisotropy.hxx /misc/dn61/LocalWOK/wok_entities/LOC/dev/CR0-OCCT691-7-CR0-OCCT691-occt-64/inc/Graphic3d_LevelOfTextureAnisotropy.hxx
+M Graphic3d:pubinclude:Graphic3d_NameOfTexturePlane.hxx /misc/dn61/LocalWOK/wok_entities/LOC/dev/CR0-OCCT691-7-CR0-OCCT691-occt-64/inc/Graphic3d_NameOfTexturePlane.hxx
+M Graphic3d:pubinclude:Graphic3d_TypeOfComposition.hxx /misc/dn61/LocalWOK/wok_entities/LOC/dev/CR0-OCCT691-7-CR0-OCCT691-occt-64/inc/Graphic3d_TypeOfComposition.hxx
+M Graphic3d:pubinclude:Graphic3d_TypeOfConnection.hxx /misc/dn61/LocalWOK/wok_entities/LOC/dev/CR0-OCCT691-7-CR0-OCCT691-occt-64/inc/Graphic3d_TypeOfConnection.hxx
+M Graphic3d:pubinclude:Graphic3d_TypeOfPolygon.hxx /misc/dn61/LocalWOK/wok_entities/LOC/dev/CR0-OCCT691-7-CR0-OCCT691-occt-64/inc/Graphic3d_TypeOfPolygon.hxx
+M Graphic3d:pubinclude:Graphic3d_TypeOfPrimitive.hxx /misc/dn61/LocalWOK/wok_entities/LOC/dev/CR0-OCCT691-7-CR0-OCCT691-occt-64/inc/Graphic3d_TypeOfPrimitive.hxx
+M Graphic3d:pubinclude:Graphic3d_TypeOfPrimitiveArray.hxx /misc/dn61/LocalWOK/wok_entities/LOC/dev/CR0-OCCT691-7-CR0-OCCT691-occt-64/inc/Graphic3d_TypeOfPrimitiveArray.hxx
+M Graphic3d:pubinclude:Graphic3d_TypeOfReflection.hxx /misc/dn61/LocalWOK/wok_entities/LOC/dev/CR0-OCCT691-7-CR0-OCCT691-occt-64/inc/Graphic3d_TypeOfReflection.hxx
+M Graphic3d:pubinclude:Graphic3d_TypeOfStructure.hxx /misc/dn61/LocalWOK/wok_entities/LOC/dev/CR0-OCCT691-7-CR0-OCCT691-occt-64/inc/Graphic3d_TypeOfStructure.hxx
+M Graphic3d:pubinclude:Graphic3d_TextPath.hxx /misc/dn61/LocalWOK/wok_entities/LOC/dev/CR0-OCCT691-7-CR0-OCCT691-occt-64/inc/Graphic3d_TextPath.hxx
+M Graphic3d:pubinclude:Graphic3d_HorizontalTextAlignment.hxx /misc/dn61/LocalWOK/wok_entities/LOC/dev/CR0-OCCT691-7-CR0-OCCT691-occt-64/inc/Graphic3d_HorizontalTextAlignment.hxx
+M Graphic3d:pubinclude:Graphic3d_VerticalTextAlignment.hxx /misc/dn61/LocalWOK/wok_entities/LOC/dev/CR0-OCCT691-7-CR0-OCCT691-occt-64/inc/Graphic3d_VerticalTextAlignment.hxx
+M Graphic3d:pubinclude:Graphic3d_GroupAspect.hxx /misc/dn61/LocalWOK/wok_entities/LOC/dev/CR0-OCCT691-7-CR0-OCCT691-occt-64/inc/Graphic3d_GroupAspect.hxx
+M Graphic3d:pubinclude:Graphic3d_RenderingMode.hxx /misc/dn61/LocalWOK/wok_entities/LOC/dev/CR0-OCCT691-7-CR0-OCCT691-occt-64/inc/Graphic3d_RenderingMode.hxx
+M Graphic3d:pubinclude:Graphic3d_TypeOfBackground.hxx /misc/dn61/LocalWOK/wok_entities/LOC/dev/CR0-OCCT691-7-CR0-OCCT691-occt-64/inc/Graphic3d_TypeOfBackground.hxx
+M Graphic3d:pubinclude:Graphic3d_ExportFormat.hxx /misc/dn61/LocalWOK/wok_entities/LOC/dev/CR0-OCCT691-7-CR0-OCCT691-occt-64/inc/Graphic3d_ExportFormat.hxx
+M Graphic3d:pubinclude:Graphic3d_SortType.hxx /misc/dn61/LocalWOK/wok_entities/LOC/dev/CR0-OCCT691-7-CR0-OCCT691-occt-64/inc/Graphic3d_SortType.hxx
+M Graphic3d:pubinclude:Graphic3d_CStructurePtr.hxx /misc/dn61/LocalWOK/wok_entities/LOC/dev/CR0-OCCT691-7-CR0-OCCT691-occt-64/inc/Graphic3d_CStructurePtr.hxx
+M Graphic3d:pubinclude:Graphic3d_StructurePtr.hxx /misc/dn61/LocalWOK/wok_entities/LOC/dev/CR0-OCCT691-7-CR0-OCCT691-occt-64/inc/Graphic3d_StructurePtr.hxx
+M Graphic3d:pubinclude:Graphic3d_StructureManagerPtr.hxx /misc/dn61/LocalWOK/wok_entities/LOC/dev/CR0-OCCT691-7-CR0-OCCT691-occt-64/inc/Graphic3d_StructureManagerPtr.hxx
+M Graphic3d:dbadmfile:Graphic3d_xcpp_header.In /misc/dn61/LocalWOK/wok_entities/LOC/dev/CR0-OCCT691-7-CR0-OCCT691-occt-64/drv/Graphic3d/.adm/Graphic3d_xcpp_header.In
+M Graphic3d:dbadmfile:Graphic3d_xcpp_header.Out /misc/dn61/LocalWOK/wok_entities/LOC/dev/CR0-OCCT691-7-CR0-OCCT691-occt-64/drv/Graphic3d/.adm/Graphic3d_xcpp_header.Out
+M Graphic3d:dbadmfile:Graphic3d_xcpp_header.Dep /misc/dn61/LocalWOK/wok_entities/LOC/dev/CR0-OCCT691-7-CR0-OCCT691-occt-64/drv/Graphic3d/.adm/Graphic3d_xcpp_header.Dep
