+M Graphic3d:pubinclude:Graphic3d_BndBox4d.hxx /misc/dn61/LocalWOK/wok_entities/LOC/dev/CR0-OCCT691-7-CR0-OCCT691-occt-64/inc/Graphic3d_BndBox4d.hxx
+M Graphic3d:pubinclude:Graphic3d_BndBox4f.hxx /misc/dn61/LocalWOK/wok_entities/LOC/dev/CR0-OCCT691-7-CR0-OCCT691-occt-64/inc/Graphic3d_BndBox4f.hxx
+M Graphic3d:pubinclude:Graphic3d_Buffer.hxx /misc/dn61/LocalWOK/wok_entities/LOC/dev/CR0-OCCT691-7-CR0-OCCT691-occt-64/inc/Graphic3d_Buffer.hxx
+M Graphic3d:pubinclude:Graphic3d_BoundBuffer.hxx /misc/dn61/LocalWOK/wok_entities/LOC/dev/CR0-OCCT691-7-CR0-OCCT691-occt-64/inc/Graphic3d_BoundBuffer.hxx
+M Graphic3d:pubinclude:Graphic3d_IndexBuffer.hxx /misc/dn61/LocalWOK/wok_entities/LOC/dev/CR0-OCCT691-7-CR0-OCCT691-occt-64/inc/Graphic3d_IndexBuffer.hxx
+M Graphic3d:pubinclude:Graphic3d_CAspectFillArea.hxx /misc/dn61/LocalWOK/wok_entities/LOC/dev/CR0-OCCT691-7-CR0-OCCT691-occt-64/inc/Graphic3d_CAspectFillArea.hxx
+M Graphic3d:pubinclude:Graphic3d_CAspectLine.hxx /misc/dn61/LocalWOK/wok_entities/LOC/dev/CR0-OCCT691-7-CR0-OCCT691-occt-64/inc/Graphic3d_CAspectLine.hxx
+M Graphic3d:pubinclude:Graphic3d_CAspectMarker.hxx /misc/dn61/LocalWOK/wok_entities/LOC/dev/CR0-OCCT691-7-CR0-OCCT691-occt-64/inc/Graphic3d_CAspectMarker.hxx
+M Graphic3d:pubinclude:Graphic3d_CAspectText.hxx /misc/dn61/LocalWOK/wok_entities/LOC/dev/CR0-OCCT691-7-CR0-OCCT691-occt-64/inc/Graphic3d_CAspectText.hxx
+M Graphic3d:pubinclude:Graphic3d_CStructure.hxx /misc/dn61/LocalWOK/wok_entities/LOC/dev/CR0-OCCT691-7-CR0-OCCT691-occt-64/inc/Graphic3d_CStructure.hxx
+M Graphic3d:pubinclude:Graphic3d_CBitFields16.hxx /misc/dn61/LocalWOK/wok_entities/LOC/dev/CR0-OCCT691-7-CR0-OCCT691-occt-64/inc/Graphic3d_CBitFields16.hxx
+M Graphic3d:pubinclude:Graphic3d_CBitFields20.hxx /misc/dn61/LocalWOK/wok_entities/LOC/dev/CR0-OCCT691-7-CR0-OCCT691-occt-64/inc/Graphic3d_CBitFields20.hxx
+M Graphic3d:pubinclude:Graphic3d_CBitFields8.hxx /misc/dn61/LocalWOK/wok_entities/LOC/dev/CR0-OCCT691-7-CR0-OCCT691-occt-64/inc/Graphic3d_CBitFields8.hxx
+M Graphic3d:pubinclude:Graphic3d_CBitFields4.hxx /misc/dn61/LocalWOK/wok_entities/LOC/dev/CR0-OCCT691-7-CR0-OCCT691-occt-64/inc/Graphic3d_CBitFields4.hxx
+M Graphic3d:pubinclude:Graphic3d_CTexture.hxx /misc/dn61/LocalWOK/wok_entities/LOC/dev/CR0-OCCT691-7-CR0-OCCT691-occt-64/inc/Graphic3d_CTexture.hxx
+M Graphic3d:pubinclude:Graphic3d_CLight.hxx /misc/dn61/LocalWOK/wok_entities/LOC/dev/CR0-OCCT691-7-CR0-OCCT691-occt-64/inc/Graphic3d_CLight.hxx
+M Graphic3d:pubinclude:Graphic3d_CUserDraw.hxx /misc/dn61/LocalWOK/wok_entities/LOC/dev/CR0-OCCT691-7-CR0-OCCT691-occt-64/inc/Graphic3d_CUserDraw.hxx
+M Graphic3d:pubinclude:Graphic3d_CView.hxx /misc/dn61/LocalWOK/wok_entities/LOC/dev/CR0-OCCT691-7-CR0-OCCT691-occt-64/inc/Graphic3d_CView.hxx
+M Graphic3d:pubinclude:Graphic3d_GraduatedTrihedron.hxx /misc/dn61/LocalWOK/wok_entities/LOC/dev/CR0-OCCT691-7-CR0-OCCT691-occt-64/inc/Graphic3d_GraduatedTrihedron.hxx
+M Graphic3d:pubinclude:Graphic3d_ViewAffinity.hxx /misc/dn61/LocalWOK/wok_entities/LOC/dev/CR0-OCCT691-7-CR0-OCCT691-occt-64/inc/Graphic3d_ViewAffinity.hxx
+M Graphic3d:pubinclude:Graphic3d_MapOfObject.hxx /misc/dn61/LocalWOK/wok_entities/LOC/dev/CR0-OCCT691-7-CR0-OCCT691-occt-64/inc/Graphic3d_MapOfObject.hxx
+M Graphic3d:pubinclude:Graphic3d_Structure.lxx /misc/dn61/LocalWOK/wok_entities/LOC/dev/CR0-OCCT691-7-CR0-OCCT691-occt-64/inc/Graphic3d_Structure.lxx
+M Graphic3d:pubinclude:Graphic3d_ShaderObject.hxx /misc/dn61/LocalWOK/wok_entities/LOC/dev/CR0-OCCT691-7-CR0-OCCT691-occt-64/inc/Graphic3d_ShaderObject.hxx
+M Graphic3d:pubinclude:Graphic3d_ShaderProgram.hxx /misc/dn61/LocalWOK/wok_entities/LOC/dev/CR0-OCCT691-7-CR0-OCCT691-occt-64/inc/Graphic3d_ShaderProgram.hxx
+M Graphic3d:pubinclude:Graphic3d_ShaderVariable.hxx /misc/dn61/LocalWOK/wok_entities/LOC/dev/CR0-OCCT691-7-CR0-OCCT691-occt-64/inc/Graphic3d_ShaderVariable.hxx
+M Graphic3d:pubinclude:Graphic3d_ShaderVariable.lxx /misc/dn61/LocalWOK/wok_entities/LOC/dev/CR0-OCCT691-7-CR0-OCCT691-occt-64/inc/Graphic3d_ShaderVariable.lxx
+M Graphic3d:pubinclude:Graphic3d_StereoMode.hxx /misc/dn61/LocalWOK/wok_entities/LOC/dev/CR0-OCCT691-7-CR0-OCCT691-occt-64/inc/Graphic3d_StereoMode.hxx
+M Graphic3d:pubinclude:Graphic3d_MapOfStructure.hxx /misc/dn61/LocalWOK/wok_entities/LOC/dev/CR0-OCCT691-7-CR0-OCCT691-occt-64/inc/Graphic3d_MapOfStructure.hxx
+M Graphic3d:pubinclude:Graphic3d_MapIteratorOfMapOfStructure.hxx /misc/dn61/LocalWOK/wok_entities/LOC/dev/CR0-OCCT691-7-CR0-OCCT691-occt-64/inc/Graphic3d_MapIteratorOfMapOfStructure.hxx
+M Graphic3d:pubinclude:Graphic3d_IndexedMapOfAddress.hxx /misc/dn61/LocalWOK/wok_entities/LOC/dev/CR0-OCCT691-7-CR0-OCCT691-occt-64/inc/Graphic3d_IndexedMapOfAddress.hxx
+M Graphic3d:pubinclude:Graphic3d_TypeOfShaderObject.hxx /misc/dn61/LocalWOK/wok_entities/LOC/dev/CR0-OCCT691-7-CR0-OCCT691-occt-64/inc/Graphic3d_TypeOfShaderObject.hxx
+M Graphic3d:pubinclude:Graphic3d_TransModeFlags.hxx /misc/dn61/LocalWOK/wok_entities/LOC/dev/CR0-OCCT691-7-CR0-OCCT691-occt-64/inc/Graphic3d_TransModeFlags.hxx
+M Graphic3d:pubinclude:Graphic3d_CTransPersStruct.hxx /misc/dn61/LocalWOK/wok_entities/LOC/dev/CR0-OCCT691-7-CR0-OCCT691-occt-64/inc/Graphic3d_CTransPersStruct.hxx
+M Graphic3d:pubinclude:Graphic3d_NListOfHAsciiString.hxx /misc/dn61/LocalWOK/wok_entities/LOC/dev/CR0-OCCT691-7-CR0-OCCT691-occt-64/inc/Graphic3d_NListOfHAsciiString.hxx
+M Graphic3d:pubinclude:Graphic3d_PtrFrameBuffer.hxx /misc/dn61/LocalWOK/wok_entities/LOC/dev/CR0-OCCT691-7-CR0-OCCT691-occt-64/inc/Graphic3d_PtrFrameBuffer.hxx
+M Graphic3d:pubinclude:Graphic3d_BufferType.hxx /misc/dn61/LocalWOK/wok_entities/LOC/dev/CR0-OCCT691-7-CR0-OCCT691-occt-64/inc/Graphic3d_BufferType.hxx
+M Graphic3d:pubinclude:Graphic3d_Vec.hxx /misc/dn61/LocalWOK/wok_entities/LOC/dev/CR0-OCCT691-7-CR0-OCCT691-occt-64/inc/Graphic3d_Vec.hxx
+M Graphic3d:pubinclude:Graphic3d_Vec2.hxx /misc/dn61/LocalWOK/wok_entities/LOC/dev/CR0-OCCT691-7-CR0-OCCT691-occt-64/inc/Graphic3d_Vec2.hxx
+M Graphic3d:pubinclude:Graphic3d_Vec3.hxx /misc/dn61/LocalWOK/wok_entities/LOC/dev/CR0-OCCT691-7-CR0-OCCT691-occt-64/inc/Graphic3d_Vec3.hxx
+M Graphic3d:pubinclude:Graphic3d_Vec4.hxx /misc/dn61/LocalWOK/wok_entities/LOC/dev/CR0-OCCT691-7-CR0-OCCT691-occt-64/inc/Graphic3d_Vec4.hxx
+M Graphic3d:pubinclude:Graphic3d_Mat4.hxx /misc/dn61/LocalWOK/wok_entities/LOC/dev/CR0-OCCT691-7-CR0-OCCT691-occt-64/inc/Graphic3d_Mat4.hxx
+M Graphic3d:pubinclude:Graphic3d_Mat4d.hxx /misc/dn61/LocalWOK/wok_entities/LOC/dev/CR0-OCCT691-7-CR0-OCCT691-occt-64/inc/Graphic3d_Mat4d.hxx
+M Graphic3d:pubinclude:Graphic3d_ZLayerId.hxx /misc/dn61/LocalWOK/wok_entities/LOC/dev/CR0-OCCT691-7-CR0-OCCT691-occt-64/inc/Graphic3d_ZLayerId.hxx
+M Graphic3d:pubinclude:Graphic3d_ZLayerSettings.hxx /misc/dn61/LocalWOK/wok_entities/LOC/dev/CR0-OCCT691-7-CR0-OCCT691-occt-64/inc/Graphic3d_ZLayerSettings.hxx
+M Graphic3d:pubinclude:Graphic3d_Vertex.hxx /misc/dn61/LocalWOK/wok_entities/LOC/dev/CR0-OCCT691-7-CR0-OCCT691-occt-64/inc/Graphic3d_Vertex.hxx
+M Graphic3d:pubinclude:Graphic3d_MarkerImage.hxx /misc/dn61/LocalWOK/wok_entities/LOC/dev/CR0-OCCT691-7-CR0-OCCT691-occt-64/inc/Graphic3d_MarkerImage.hxx
+M Graphic3d:pubinclude:Graphic3d_ClipPlane.hxx /misc/dn61/LocalWOK/wok_entities/LOC/dev/CR0-OCCT691-7-CR0-OCCT691-occt-64/inc/Graphic3d_ClipPlane.hxx
+M Graphic3d:pubinclude:Graphic3d_SequenceOfGroup.hxx /misc/dn61/LocalWOK/wok_entities/LOC/dev/CR0-OCCT691-7-CR0-OCCT691-occt-64/inc/Graphic3d_SequenceOfGroup.hxx
+M Graphic3d:pubinclude:Graphic3d_SequenceOfHClipPlane.hxx /misc/dn61/LocalWOK/wok_entities/LOC/dev/CR0-OCCT691-7-CR0-OCCT691-occt-64/inc/Graphic3d_SequenceOfHClipPlane.hxx
+M Graphic3d:pubinclude:Graphic3d_Camera.hxx /misc/dn61/LocalWOK/wok_entities/LOC/dev/CR0-OCCT691-7-CR0-OCCT691-occt-64/inc/Graphic3d_Camera.hxx
+M Graphic3d:pubinclude:Graphic3d_RenderingParams.hxx /misc/dn61/LocalWOK/wok_entities/LOC/dev/CR0-OCCT691-7-CR0-OCCT691-occt-64/inc/Graphic3d_RenderingParams.hxx
+M Graphic3d:pubinclude:Graphic3d_NMapOfTransient.hxx /misc/dn61/LocalWOK/wok_entities/LOC/dev/CR0-OCCT691-7-CR0-OCCT691-occt-64/inc/Graphic3d_NMapOfTransient.hxx
+M Graphic3d:pubinclude:Graphic3d_ArrayOfPrimitives.lxx /misc/dn61/LocalWOK/wok_entities/LOC/dev/CR0-OCCT691-7-CR0-OCCT691-occt-64/inc/Graphic3d_ArrayOfPrimitives.lxx
+M Graphic3d:dbadmfile:Graphic3d_obj_inc.In /misc/dn61/LocalWOK/wok_entities/LOC/dev/CR0-OCCT691-7-CR0-OCCT691-occt-64/drv/Graphic3d/.adm/Graphic3d_obj_inc.In
+M Graphic3d:dbadmfile:Graphic3d_obj_inc.Out /misc/dn61/LocalWOK/wok_entities/LOC/dev/CR0-OCCT691-7-CR0-OCCT691-occt-64/drv/Graphic3d/.adm/Graphic3d_obj_inc.Out
+M Graphic3d:dbadmfile:Graphic3d_obj_inc.Dep /misc/dn61/LocalWOK/wok_entities/LOC/dev/CR0-OCCT691-7-CR0-OCCT691-occt-64/drv/Graphic3d/.adm/Graphic3d_obj_inc.Dep
