+M XmlMDataStd:pubinclude:XmlMDataStd.hxx /misc/dn61/LocalWOK/wok_entities/LOC/dev/CR0-OCCT691-7-CR0-OCCT691-occt-64/inc/XmlMDataStd.hxx
+M XmlMDataStd:privinclude:XmlMDataStd.jxx /misc/dn61/LocalWOK/wok_entities/LOC/dev/CR0-OCCT691-7-CR0-OCCT691-occt-64/drv/XmlMDataStd/XmlMDataStd.jxx
+M XmlMDataStd:privinclude:XmlMDataStd.ixx /misc/dn61/LocalWOK/wok_entities/LOC/dev/CR0-OCCT691-7-CR0-OCCT691-occt-64/drv/XmlMDataStd/XmlMDataStd.ixx
+M XmlMDataStd:pubinclude:Handle_XmlMDataStd_NameDriver.hxx /misc/dn61/LocalWOK/wok_entities/LOC/dev/CR0-OCCT691-7-CR0-OCCT691-occt-64/inc/Handle_XmlMDataStd_NameDriver.hxx
+M XmlMDataStd:pubinclude:XmlMDataStd_NameDriver.hxx /misc/dn61/LocalWOK/wok_entities/LOC/dev/CR0-OCCT691-7-CR0-OCCT691-occt-64/inc/XmlMDataStd_NameDriver.hxx
+M XmlMDataStd:privinclude:XmlMDataStd_NameDriver.jxx /misc/dn61/LocalWOK/wok_entities/LOC/dev/CR0-OCCT691-7-CR0-OCCT691-occt-64/drv/XmlMDataStd/XmlMDataStd_NameDriver.jxx
+M XmlMDataStd:privinclude:XmlMDataStd_NameDriver.ixx /misc/dn61/LocalWOK/wok_entities/LOC/dev/CR0-OCCT691-7-CR0-OCCT691-occt-64/drv/XmlMDataStd/XmlMDataStd_NameDriver.ixx
+M XmlMDataStd:pubinclude:Handle_XmlMDataStd_IntegerDriver.hxx /misc/dn61/LocalWOK/wok_entities/LOC/dev/CR0-OCCT691-7-CR0-OCCT691-occt-64/inc/Handle_XmlMDataStd_IntegerDriver.hxx
+M XmlMDataStd:pubinclude:XmlMDataStd_IntegerDriver.hxx /misc/dn61/LocalWOK/wok_entities/LOC/dev/CR0-OCCT691-7-CR0-OCCT691-occt-64/inc/XmlMDataStd_IntegerDriver.hxx
+M XmlMDataStd:privinclude:XmlMDataStd_IntegerDriver.jxx /misc/dn61/LocalWOK/wok_entities/LOC/dev/CR0-OCCT691-7-CR0-OCCT691-occt-64/drv/XmlMDataStd/XmlMDataStd_IntegerDriver.jxx
+M XmlMDataStd:privinclude:XmlMDataStd_IntegerDriver.ixx /misc/dn61/LocalWOK/wok_entities/LOC/dev/CR0-OCCT691-7-CR0-OCCT691-occt-64/drv/XmlMDataStd/XmlMDataStd_IntegerDriver.ixx
+M XmlMDataStd:pubinclude:Handle_XmlMDataStd_RealDriver.hxx /misc/dn61/LocalWOK/wok_entities/LOC/dev/CR0-OCCT691-7-CR0-OCCT691-occt-64/inc/Handle_XmlMDataStd_RealDriver.hxx
+M XmlMDataStd:pubinclude:XmlMDataStd_RealDriver.hxx /misc/dn61/LocalWOK/wok_entities/LOC/dev/CR0-OCCT691-7-CR0-OCCT691-occt-64/inc/XmlMDataStd_RealDriver.hxx
+M XmlMDataStd:privinclude:XmlMDataStd_RealDriver.jxx /misc/dn61/LocalWOK/wok_entities/LOC/dev/CR0-OCCT691-7-CR0-OCCT691-occt-64/drv/XmlMDataStd/XmlMDataStd_RealDriver.jxx
+M XmlMDataStd:privinclude:XmlMDataStd_RealDriver.ixx /misc/dn61/LocalWOK/wok_entities/LOC/dev/CR0-OCCT691-7-CR0-OCCT691-occt-64/drv/XmlMDataStd/XmlMDataStd_RealDriver.ixx
+M XmlMDataStd:pubinclude:Handle_XmlMDataStd_IntegerArrayDriver.hxx /misc/dn61/LocalWOK/wok_entities/LOC/dev/CR0-OCCT691-7-CR0-OCCT691-occt-64/inc/Handle_XmlMDataStd_IntegerArrayDriver.hxx
+M XmlMDataStd:pubinclude:XmlMDataStd_IntegerArrayDriver.hxx /misc/dn61/LocalWOK/wok_entities/LOC/dev/CR0-OCCT691-7-CR0-OCCT691-occt-64/inc/XmlMDataStd_IntegerArrayDriver.hxx
+M XmlMDataStd:privinclude:XmlMDataStd_IntegerArrayDriver.jxx /misc/dn61/LocalWOK/wok_entities/LOC/dev/CR0-OCCT691-7-CR0-OCCT691-occt-64/drv/XmlMDataStd/XmlMDataStd_IntegerArrayDriver.jxx
+M XmlMDataStd:privinclude:XmlMDataStd_IntegerArrayDriver.ixx /misc/dn61/LocalWOK/wok_entities/LOC/dev/CR0-OCCT691-7-CR0-OCCT691-occt-64/drv/XmlMDataStd/XmlMDataStd_IntegerArrayDriver.ixx
+M XmlMDataStd:pubinclude:Handle_XmlMDataStd_RealArrayDriver.hxx /misc/dn61/LocalWOK/wok_entities/LOC/dev/CR0-OCCT691-7-CR0-OCCT691-occt-64/inc/Handle_XmlMDataStd_RealArrayDriver.hxx
+M XmlMDataStd:pubinclude:XmlMDataStd_RealArrayDriver.hxx /misc/dn61/LocalWOK/wok_entities/LOC/dev/CR0-OCCT691-7-CR0-OCCT691-occt-64/inc/XmlMDataStd_RealArrayDriver.hxx
+M XmlMDataStd:privinclude:XmlMDataStd_RealArrayDriver.jxx /misc/dn61/LocalWOK/wok_entities/LOC/dev/CR0-OCCT691-7-CR0-OCCT691-occt-64/drv/XmlMDataStd/XmlMDataStd_RealArrayDriver.jxx
+M XmlMDataStd:privinclude:XmlMDataStd_RealArrayDriver.ixx /misc/dn61/LocalWOK/wok_entities/LOC/dev/CR0-OCCT691-7-CR0-OCCT691-occt-64/drv/XmlMDataStd/XmlMDataStd_RealArrayDriver.ixx
+M XmlMDataStd:pubinclude:Handle_XmlMDataStd_ExtStringArrayDriver.hxx /misc/dn61/LocalWOK/wok_entities/LOC/dev/CR0-OCCT691-7-CR0-OCCT691-occt-64/inc/Handle_XmlMDataStd_ExtStringArrayDriver.hxx
+M XmlMDataStd:pubinclude:XmlMDataStd_ExtStringArrayDriver.hxx /misc/dn61/LocalWOK/wok_entities/LOC/dev/CR0-OCCT691-7-CR0-OCCT691-occt-64/inc/XmlMDataStd_ExtStringArrayDriver.hxx
+M XmlMDataStd:privinclude:XmlMDataStd_ExtStringArrayDriver.jxx /misc/dn61/LocalWOK/wok_entities/LOC/dev/CR0-OCCT691-7-CR0-OCCT691-occt-64/drv/XmlMDataStd/XmlMDataStd_ExtStringArrayDriver.jxx
+M XmlMDataStd:privinclude:XmlMDataStd_ExtStringArrayDriver.ixx /misc/dn61/LocalWOK/wok_entities/LOC/dev/CR0-OCCT691-7-CR0-OCCT691-occt-64/drv/XmlMDataStd/XmlMDataStd_ExtStringArrayDriver.ixx
+M XmlMDataStd:pubinclude:Handle_XmlMDataStd_UAttributeDriver.hxx /misc/dn61/LocalWOK/wok_entities/LOC/dev/CR0-OCCT691-7-CR0-OCCT691-occt-64/inc/Handle_XmlMDataStd_UAttributeDriver.hxx
+M XmlMDataStd:pubinclude:XmlMDataStd_UAttributeDriver.hxx /misc/dn61/LocalWOK/wok_entities/LOC/dev/CR0-OCCT691-7-CR0-OCCT691-occt-64/inc/XmlMDataStd_UAttributeDriver.hxx
+M XmlMDataStd:privinclude:XmlMDataStd_UAttributeDriver.jxx /misc/dn61/LocalWOK/wok_entities/LOC/dev/CR0-OCCT691-7-CR0-OCCT691-occt-64/drv/XmlMDataStd/XmlMDataStd_UAttributeDriver.jxx
+M XmlMDataStd:privinclude:XmlMDataStd_UAttributeDriver.ixx /misc/dn61/LocalWOK/wok_entities/LOC/dev/CR0-OCCT691-7-CR0-OCCT691-occt-64/drv/XmlMDataStd/XmlMDataStd_UAttributeDriver.ixx
+M XmlMDataStd:pubinclude:Handle_XmlMDataStd_DirectoryDriver.hxx /misc/dn61/LocalWOK/wok_entities/LOC/dev/CR0-OCCT691-7-CR0-OCCT691-occt-64/inc/Handle_XmlMDataStd_DirectoryDriver.hxx
+M XmlMDataStd:pubinclude:XmlMDataStd_DirectoryDriver.hxx /misc/dn61/LocalWOK/wok_entities/LOC/dev/CR0-OCCT691-7-CR0-OCCT691-occt-64/inc/XmlMDataStd_DirectoryDriver.hxx
+M XmlMDataStd:privinclude:XmlMDataStd_DirectoryDriver.jxx /misc/dn61/LocalWOK/wok_entities/LOC/dev/CR0-OCCT691-7-CR0-OCCT691-occt-64/drv/XmlMDataStd/XmlMDataStd_DirectoryDriver.jxx
+M XmlMDataStd:privinclude:XmlMDataStd_DirectoryDriver.ixx /misc/dn61/LocalWOK/wok_entities/LOC/dev/CR0-OCCT691-7-CR0-OCCT691-occt-64/drv/XmlMDataStd/XmlMDataStd_DirectoryDriver.ixx
+M XmlMDataStd:pubinclude:Handle_XmlMDataStd_CommentDriver.hxx /misc/dn61/LocalWOK/wok_entities/LOC/dev/CR0-OCCT691-7-CR0-OCCT691-occt-64/inc/Handle_XmlMDataStd_CommentDriver.hxx
+M XmlMDataStd:pubinclude:XmlMDataStd_CommentDriver.hxx /misc/dn61/LocalWOK/wok_entities/LOC/dev/CR0-OCCT691-7-CR0-OCCT691-occt-64/inc/XmlMDataStd_CommentDriver.hxx
+M XmlMDataStd:privinclude:XmlMDataStd_CommentDriver.jxx /misc/dn61/LocalWOK/wok_entities/LOC/dev/CR0-OCCT691-7-CR0-OCCT691-occt-64/drv/XmlMDataStd/XmlMDataStd_CommentDriver.jxx
+M XmlMDataStd:privinclude:XmlMDataStd_CommentDriver.ixx /misc/dn61/LocalWOK/wok_entities/LOC/dev/CR0-OCCT691-7-CR0-OCCT691-occt-64/drv/XmlMDataStd/XmlMDataStd_CommentDriver.ixx
+M XmlMDataStd:pubinclude:Handle_XmlMDataStd_VariableDriver.hxx /misc/dn61/LocalWOK/wok_entities/LOC/dev/CR0-OCCT691-7-CR0-OCCT691-occt-64/inc/Handle_XmlMDataStd_VariableDriver.hxx
+M XmlMDataStd:pubinclude:XmlMDataStd_VariableDriver.hxx /misc/dn61/LocalWOK/wok_entities/LOC/dev/CR0-OCCT691-7-CR0-OCCT691-occt-64/inc/XmlMDataStd_VariableDriver.hxx
+M XmlMDataStd:privinclude:XmlMDataStd_VariableDriver.jxx /misc/dn61/LocalWOK/wok_entities/LOC/dev/CR0-OCCT691-7-CR0-OCCT691-occt-64/drv/XmlMDataStd/XmlMDataStd_VariableDriver.jxx
+M XmlMDataStd:privinclude:XmlMDataStd_VariableDriver.ixx /misc/dn61/LocalWOK/wok_entities/LOC/dev/CR0-OCCT691-7-CR0-OCCT691-occt-64/drv/XmlMDataStd/XmlMDataStd_VariableDriver.ixx
+M XmlMDataStd:pubinclude:Handle_XmlMDataStd_ExpressionDriver.hxx /misc/dn61/LocalWOK/wok_entities/LOC/dev/CR0-OCCT691-7-CR0-OCCT691-occt-64/inc/Handle_XmlMDataStd_ExpressionDriver.hxx
+M XmlMDataStd:pubinclude:XmlMDataStd_ExpressionDriver.hxx /misc/dn61/LocalWOK/wok_entities/LOC/dev/CR0-OCCT691-7-CR0-OCCT691-occt-64/inc/XmlMDataStd_ExpressionDriver.hxx
+M XmlMDataStd:privinclude:XmlMDataStd_ExpressionDriver.jxx /misc/dn61/LocalWOK/wok_entities/LOC/dev/CR0-OCCT691-7-CR0-OCCT691-occt-64/drv/XmlMDataStd/XmlMDataStd_ExpressionDriver.jxx
+M XmlMDataStd:privinclude:XmlMDataStd_ExpressionDriver.ixx /misc/dn61/LocalWOK/wok_entities/LOC/dev/CR0-OCCT691-7-CR0-OCCT691-occt-64/drv/XmlMDataStd/XmlMDataStd_ExpressionDriver.ixx
+M XmlMDataStd:pubinclude:Handle_XmlMDataStd_RelationDriver.hxx /misc/dn61/LocalWOK/wok_entities/LOC/dev/CR0-OCCT691-7-CR0-OCCT691-occt-64/inc/Handle_XmlMDataStd_RelationDriver.hxx
+M XmlMDataStd:pubinclude:XmlMDataStd_RelationDriver.hxx /misc/dn61/LocalWOK/wok_entities/LOC/dev/CR0-OCCT691-7-CR0-OCCT691-occt-64/inc/XmlMDataStd_RelationDriver.hxx
+M XmlMDataStd:privinclude:XmlMDataStd_RelationDriver.jxx /misc/dn61/LocalWOK/wok_entities/LOC/dev/CR0-OCCT691-7-CR0-OCCT691-occt-64/drv/XmlMDataStd/XmlMDataStd_RelationDriver.jxx
+M XmlMDataStd:privinclude:XmlMDataStd_RelationDriver.ixx /misc/dn61/LocalWOK/wok_entities/LOC/dev/CR0-OCCT691-7-CR0-OCCT691-occt-64/drv/XmlMDataStd/XmlMDataStd_RelationDriver.ixx
+M XmlMDataStd:pubinclude:Handle_XmlMDataStd_NoteBookDriver.hxx /misc/dn61/LocalWOK/wok_entities/LOC/dev/CR0-OCCT691-7-CR0-OCCT691-occt-64/inc/Handle_XmlMDataStd_NoteBookDriver.hxx
+M XmlMDataStd:pubinclude:XmlMDataStd_NoteBookDriver.hxx /misc/dn61/LocalWOK/wok_entities/LOC/dev/CR0-OCCT691-7-CR0-OCCT691-occt-64/inc/XmlMDataStd_NoteBookDriver.hxx
+M XmlMDataStd:privinclude:XmlMDataStd_NoteBookDriver.jxx /misc/dn61/LocalWOK/wok_entities/LOC/dev/CR0-OCCT691-7-CR0-OCCT691-occt-64/drv/XmlMDataStd/XmlMDataStd_NoteBookDriver.jxx
+M XmlMDataStd:privinclude:XmlMDataStd_NoteBookDriver.ixx /misc/dn61/LocalWOK/wok_entities/LOC/dev/CR0-OCCT691-7-CR0-OCCT691-occt-64/drv/XmlMDataStd/XmlMDataStd_NoteBookDriver.ixx
+M XmlMDataStd:pubinclude:Handle_XmlMDataStd_TreeNodeDriver.hxx /misc/dn61/LocalWOK/wok_entities/LOC/dev/CR0-OCCT691-7-CR0-OCCT691-occt-64/inc/Handle_XmlMDataStd_TreeNodeDriver.hxx
+M XmlMDataStd:pubinclude:XmlMDataStd_TreeNodeDriver.hxx /misc/dn61/LocalWOK/wok_entities/LOC/dev/CR0-OCCT691-7-CR0-OCCT691-occt-64/inc/XmlMDataStd_TreeNodeDriver.hxx
+M XmlMDataStd:privinclude:XmlMDataStd_TreeNodeDriver.jxx /misc/dn61/LocalWOK/wok_entities/LOC/dev/CR0-OCCT691-7-CR0-OCCT691-occt-64/drv/XmlMDataStd/XmlMDataStd_TreeNodeDriver.jxx
+M XmlMDataStd:privinclude:XmlMDataStd_TreeNodeDriver.ixx /misc/dn61/LocalWOK/wok_entities/LOC/dev/CR0-OCCT691-7-CR0-OCCT691-occt-64/drv/XmlMDataStd/XmlMDataStd_TreeNodeDriver.ixx
+M XmlMDataStd:pubinclude:Handle_XmlMDataStd_TickDriver.hxx /misc/dn61/LocalWOK/wok_entities/LOC/dev/CR0-OCCT691-7-CR0-OCCT691-occt-64/inc/Handle_XmlMDataStd_TickDriver.hxx
+M XmlMDataStd:pubinclude:XmlMDataStd_TickDriver.hxx /misc/dn61/LocalWOK/wok_entities/LOC/dev/CR0-OCCT691-7-CR0-OCCT691-occt-64/inc/XmlMDataStd_TickDriver.hxx
+M XmlMDataStd:privinclude:XmlMDataStd_TickDriver.jxx /misc/dn61/LocalWOK/wok_entities/LOC/dev/CR0-OCCT691-7-CR0-OCCT691-occt-64/drv/XmlMDataStd/XmlMDataStd_TickDriver.jxx
+M XmlMDataStd:privinclude:XmlMDataStd_TickDriver.ixx /misc/dn61/LocalWOK/wok_entities/LOC/dev/CR0-OCCT691-7-CR0-OCCT691-occt-64/drv/XmlMDataStd/XmlMDataStd_TickDriver.ixx
+M XmlMDataStd:pubinclude:Handle_XmlMDataStd_IntegerListDriver.hxx /misc/dn61/LocalWOK/wok_entities/LOC/dev/CR0-OCCT691-7-CR0-OCCT691-occt-64/inc/Handle_XmlMDataStd_IntegerListDriver.hxx
+M XmlMDataStd:pubinclude:XmlMDataStd_IntegerListDriver.hxx /misc/dn61/LocalWOK/wok_entities/LOC/dev/CR0-OCCT691-7-CR0-OCCT691-occt-64/inc/XmlMDataStd_IntegerListDriver.hxx
+M XmlMDataStd:privinclude:XmlMDataStd_IntegerListDriver.jxx /misc/dn61/LocalWOK/wok_entities/LOC/dev/CR0-OCCT691-7-CR0-OCCT691-occt-64/drv/XmlMDataStd/XmlMDataStd_IntegerListDriver.jxx
+M XmlMDataStd:privinclude:XmlMDataStd_IntegerListDriver.ixx /misc/dn61/LocalWOK/wok_entities/LOC/dev/CR0-OCCT691-7-CR0-OCCT691-occt-64/drv/XmlMDataStd/XmlMDataStd_IntegerListDriver.ixx
+M XmlMDataStd:pubinclude:Handle_XmlMDataStd_RealListDriver.hxx /misc/dn61/LocalWOK/wok_entities/LOC/dev/CR0-OCCT691-7-CR0-OCCT691-occt-64/inc/Handle_XmlMDataStd_RealListDriver.hxx
+M XmlMDataStd:pubinclude:XmlMDataStd_RealListDriver.hxx /misc/dn61/LocalWOK/wok_entities/LOC/dev/CR0-OCCT691-7-CR0-OCCT691-occt-64/inc/XmlMDataStd_RealListDriver.hxx
+M XmlMDataStd:privinclude:XmlMDataStd_RealListDriver.jxx /misc/dn61/LocalWOK/wok_entities/LOC/dev/CR0-OCCT691-7-CR0-OCCT691-occt-64/drv/XmlMDataStd/XmlMDataStd_RealListDriver.jxx
+M XmlMDataStd:privinclude:XmlMDataStd_RealListDriver.ixx /misc/dn61/LocalWOK/wok_entities/LOC/dev/CR0-OCCT691-7-CR0-OCCT691-occt-64/drv/XmlMDataStd/XmlMDataStd_RealListDriver.ixx
+M XmlMDataStd:pubinclude:Handle_XmlMDataStd_ExtStringListDriver.hxx /misc/dn61/LocalWOK/wok_entities/LOC/dev/CR0-OCCT691-7-CR0-OCCT691-occt-64/inc/Handle_XmlMDataStd_ExtStringListDriver.hxx
+M XmlMDataStd:pubinclude:XmlMDataStd_ExtStringListDriver.hxx /misc/dn61/LocalWOK/wok_entities/LOC/dev/CR0-OCCT691-7-CR0-OCCT691-occt-64/inc/XmlMDataStd_ExtStringListDriver.hxx
+M XmlMDataStd:privinclude:XmlMDataStd_ExtStringListDriver.jxx /misc/dn61/LocalWOK/wok_entities/LOC/dev/CR0-OCCT691-7-CR0-OCCT691-occt-64/drv/XmlMDataStd/XmlMDataStd_ExtStringListDriver.jxx
+M XmlMDataStd:privinclude:XmlMDataStd_ExtStringListDriver.ixx /misc/dn61/LocalWOK/wok_entities/LOC/dev/CR0-OCCT691-7-CR0-OCCT691-occt-64/drv/XmlMDataStd/XmlMDataStd_ExtStringListDriver.ixx
+M XmlMDataStd:pubinclude:Handle_XmlMDataStd_BooleanListDriver.hxx /misc/dn61/LocalWOK/wok_entities/LOC/dev/CR0-OCCT691-7-CR0-OCCT691-occt-64/inc/Handle_XmlMDataStd_BooleanListDriver.hxx
+M XmlMDataStd:pubinclude:XmlMDataStd_BooleanListDriver.hxx /misc/dn61/LocalWOK/wok_entities/LOC/dev/CR0-OCCT691-7-CR0-OCCT691-occt-64/inc/XmlMDataStd_BooleanListDriver.hxx
+M XmlMDataStd:privinclude:XmlMDataStd_BooleanListDriver.jxx /misc/dn61/LocalWOK/wok_entities/LOC/dev/CR0-OCCT691-7-CR0-OCCT691-occt-64/drv/XmlMDataStd/XmlMDataStd_BooleanListDriver.jxx
+M XmlMDataStd:privinclude:XmlMDataStd_BooleanListDriver.ixx /misc/dn61/LocalWOK/wok_entities/LOC/dev/CR0-OCCT691-7-CR0-OCCT691-occt-64/drv/XmlMDataStd/XmlMDataStd_BooleanListDriver.ixx
+M XmlMDataStd:pubinclude:Handle_XmlMDataStd_ReferenceListDriver.hxx /misc/dn61/LocalWOK/wok_entities/LOC/dev/CR0-OCCT691-7-CR0-OCCT691-occt-64/inc/Handle_XmlMDataStd_ReferenceListDriver.hxx
+M XmlMDataStd:pubinclude:XmlMDataStd_ReferenceListDriver.hxx /misc/dn61/LocalWOK/wok_entities/LOC/dev/CR0-OCCT691-7-CR0-OCCT691-occt-64/inc/XmlMDataStd_ReferenceListDriver.hxx
+M XmlMDataStd:privinclude:XmlMDataStd_ReferenceListDriver.jxx /misc/dn61/LocalWOK/wok_entities/LOC/dev/CR0-OCCT691-7-CR0-OCCT691-occt-64/drv/XmlMDataStd/XmlMDataStd_ReferenceListDriver.jxx
+M XmlMDataStd:privinclude:XmlMDataStd_ReferenceListDriver.ixx /misc/dn61/LocalWOK/wok_entities/LOC/dev/CR0-OCCT691-7-CR0-OCCT691-occt-64/drv/XmlMDataStd/XmlMDataStd_ReferenceListDriver.ixx
+M XmlMDataStd:pubinclude:Handle_XmlMDataStd_BooleanArrayDriver.hxx /misc/dn61/LocalWOK/wok_entities/LOC/dev/CR0-OCCT691-7-CR0-OCCT691-occt-64/inc/Handle_XmlMDataStd_BooleanArrayDriver.hxx
+M XmlMDataStd:pubinclude:XmlMDataStd_BooleanArrayDriver.hxx /misc/dn61/LocalWOK/wok_entities/LOC/dev/CR0-OCCT691-7-CR0-OCCT691-occt-64/inc/XmlMDataStd_BooleanArrayDriver.hxx
+M XmlMDataStd:privinclude:XmlMDataStd_BooleanArrayDriver.jxx /misc/dn61/LocalWOK/wok_entities/LOC/dev/CR0-OCCT691-7-CR0-OCCT691-occt-64/drv/XmlMDataStd/XmlMDataStd_BooleanArrayDriver.jxx
+M XmlMDataStd:privinclude:XmlMDataStd_BooleanArrayDriver.ixx /misc/dn61/LocalWOK/wok_entities/LOC/dev/CR0-OCCT691-7-CR0-OCCT691-occt-64/drv/XmlMDataStd/XmlMDataStd_BooleanArrayDriver.ixx
+M XmlMDataStd:pubinclude:Handle_XmlMDataStd_ReferenceArrayDriver.hxx /misc/dn61/LocalWOK/wok_entities/LOC/dev/CR0-OCCT691-7-CR0-OCCT691-occt-64/inc/Handle_XmlMDataStd_ReferenceArrayDriver.hxx
+M XmlMDataStd:pubinclude:XmlMDataStd_ReferenceArrayDriver.hxx /misc/dn61/LocalWOK/wok_entities/LOC/dev/CR0-OCCT691-7-CR0-OCCT691-occt-64/inc/XmlMDataStd_ReferenceArrayDriver.hxx
+M XmlMDataStd:privinclude:XmlMDataStd_ReferenceArrayDriver.jxx /misc/dn61/LocalWOK/wok_entities/LOC/dev/CR0-OCCT691-7-CR0-OCCT691-occt-64/drv/XmlMDataStd/XmlMDataStd_ReferenceArrayDriver.jxx
+M XmlMDataStd:privinclude:XmlMDataStd_ReferenceArrayDriver.ixx /misc/dn61/LocalWOK/wok_entities/LOC/dev/CR0-OCCT691-7-CR0-OCCT691-occt-64/drv/XmlMDataStd/XmlMDataStd_ReferenceArrayDriver.ixx
+M XmlMDataStd:pubinclude:Handle_XmlMDataStd_ByteArrayDriver.hxx /misc/dn61/LocalWOK/wok_entities/LOC/dev/CR0-OCCT691-7-CR0-OCCT691-occt-64/inc/Handle_XmlMDataStd_ByteArrayDriver.hxx
+M XmlMDataStd:pubinclude:XmlMDataStd_ByteArrayDriver.hxx /misc/dn61/LocalWOK/wok_entities/LOC/dev/CR0-OCCT691-7-CR0-OCCT691-occt-64/inc/XmlMDataStd_ByteArrayDriver.hxx
+M XmlMDataStd:privinclude:XmlMDataStd_ByteArrayDriver.jxx /misc/dn61/LocalWOK/wok_entities/LOC/dev/CR0-OCCT691-7-CR0-OCCT691-occt-64/drv/XmlMDataStd/XmlMDataStd_ByteArrayDriver.jxx
+M XmlMDataStd:privinclude:XmlMDataStd_ByteArrayDriver.ixx /misc/dn61/LocalWOK/wok_entities/LOC/dev/CR0-OCCT691-7-CR0-OCCT691-occt-64/drv/XmlMDataStd/XmlMDataStd_ByteArrayDriver.ixx
+M XmlMDataStd:pubinclude:Handle_XmlMDataStd_NamedDataDriver.hxx /misc/dn61/LocalWOK/wok_entities/LOC/dev/CR0-OCCT691-7-CR0-OCCT691-occt-64/inc/Handle_XmlMDataStd_NamedDataDriver.hxx
+M XmlMDataStd:pubinclude:XmlMDataStd_NamedDataDriver.hxx /misc/dn61/LocalWOK/wok_entities/LOC/dev/CR0-OCCT691-7-CR0-OCCT691-occt-64/inc/XmlMDataStd_NamedDataDriver.hxx
+M XmlMDataStd:privinclude:XmlMDataStd_NamedDataDriver.jxx /misc/dn61/LocalWOK/wok_entities/LOC/dev/CR0-OCCT691-7-CR0-OCCT691-occt-64/drv/XmlMDataStd/XmlMDataStd_NamedDataDriver.jxx
+M XmlMDataStd:privinclude:XmlMDataStd_NamedDataDriver.ixx /misc/dn61/LocalWOK/wok_entities/LOC/dev/CR0-OCCT691-7-CR0-OCCT691-occt-64/drv/XmlMDataStd/XmlMDataStd_NamedDataDriver.ixx
+M XmlMDataStd:pubinclude:Handle_XmlMDataStd_AsciiStringDriver.hxx /misc/dn61/LocalWOK/wok_entities/LOC/dev/CR0-OCCT691-7-CR0-OCCT691-occt-64/inc/Handle_XmlMDataStd_AsciiStringDriver.hxx
+M XmlMDataStd:pubinclude:XmlMDataStd_AsciiStringDriver.hxx /misc/dn61/LocalWOK/wok_entities/LOC/dev/CR0-OCCT691-7-CR0-OCCT691-occt-64/inc/XmlMDataStd_AsciiStringDriver.hxx
+M XmlMDataStd:privinclude:XmlMDataStd_AsciiStringDriver.jxx /misc/dn61/LocalWOK/wok_entities/LOC/dev/CR0-OCCT691-7-CR0-OCCT691-occt-64/drv/XmlMDataStd/XmlMDataStd_AsciiStringDriver.jxx
+M XmlMDataStd:privinclude:XmlMDataStd_AsciiStringDriver.ixx /misc/dn61/LocalWOK/wok_entities/LOC/dev/CR0-OCCT691-7-CR0-OCCT691-occt-64/drv/XmlMDataStd/XmlMDataStd_AsciiStringDriver.ixx
+M XmlMDataStd:pubinclude:Handle_XmlMDataStd_IntPackedMapDriver.hxx /misc/dn61/LocalWOK/wok_entities/LOC/dev/CR0-OCCT691-7-CR0-OCCT691-occt-64/inc/Handle_XmlMDataStd_IntPackedMapDriver.hxx
+M XmlMDataStd:pubinclude:XmlMDataStd_IntPackedMapDriver.hxx /misc/dn61/LocalWOK/wok_entities/LOC/dev/CR0-OCCT691-7-CR0-OCCT691-occt-64/inc/XmlMDataStd_IntPackedMapDriver.hxx
+M XmlMDataStd:privinclude:XmlMDataStd_IntPackedMapDriver.jxx /misc/dn61/LocalWOK/wok_entities/LOC/dev/CR0-OCCT691-7-CR0-OCCT691-occt-64/drv/XmlMDataStd/XmlMDataStd_IntPackedMapDriver.jxx
+M XmlMDataStd:privinclude:XmlMDataStd_IntPackedMapDriver.ixx /misc/dn61/LocalWOK/wok_entities/LOC/dev/CR0-OCCT691-7-CR0-OCCT691-occt-64/drv/XmlMDataStd/XmlMDataStd_IntPackedMapDriver.ixx
+M XmlMDataStd:dbadmfile:XmlMDataStd_xcpp_header.In /misc/dn61/LocalWOK/wok_entities/LOC/dev/CR0-OCCT691-7-CR0-OCCT691-occt-64/drv/XmlMDataStd/.adm/XmlMDataStd_xcpp_header.In
+M XmlMDataStd:dbadmfile:XmlMDataStd_xcpp_header.Out /misc/dn61/LocalWOK/wok_entities/LOC/dev/CR0-OCCT691-7-CR0-OCCT691-occt-64/drv/XmlMDataStd/.adm/XmlMDataStd_xcpp_header.Out
+M XmlMDataStd:dbadmfile:XmlMDataStd_xcpp_header.Dep /misc/dn61/LocalWOK/wok_entities/LOC/dev/CR0-OCCT691-7-CR0-OCCT691-occt-64/drv/XmlMDataStd/.adm/XmlMDataStd_xcpp_header.Dep
