+M BRep:pubinclude:Handle_BRep_TFace.hxx /misc/dn61/LocalWOK/wok_entities/LOC/dev/CR0-OCCT691-7-CR0-OCCT691-occt-64/inc/Handle_BRep_TFace.hxx
+M BRep:pubinclude:BRep_TFace.hxx /misc/dn61/LocalWOK/wok_entities/LOC/dev/CR0-OCCT691-7-CR0-OCCT691-occt-64/inc/BRep_TFace.hxx
+M BRep:privinclude:BRep_TFace.jxx /misc/dn61/LocalWOK/wok_entities/LOC/dev/CR0-OCCT691-7-CR0-OCCT691-occt-64/drv/BRep/BRep_TFace.jxx
+M BRep:privinclude:BRep_TFace.ixx /misc/dn61/LocalWOK/wok_entities/LOC/dev/CR0-OCCT691-7-CR0-OCCT691-occt-64/drv/BRep/BRep_TFace.ixx
+M BRep:pubinclude:Handle_BRep_CurveRepresentation.hxx /misc/dn61/LocalWOK/wok_entities/LOC/dev/CR0-OCCT691-7-CR0-OCCT691-occt-64/inc/Handle_BRep_CurveRepresentation.hxx
+M BRep:pubinclude:BRep_CurveRepresentation.hxx /misc/dn61/LocalWOK/wok_entities/LOC/dev/CR0-OCCT691-7-CR0-OCCT691-occt-64/inc/BRep_CurveRepresentation.hxx
+M BRep:privinclude:BRep_CurveRepresentation.jxx /misc/dn61/LocalWOK/wok_entities/LOC/dev/CR0-OCCT691-7-CR0-OCCT691-occt-64/drv/BRep/BRep_CurveRepresentation.jxx
+M BRep:privinclude:BRep_CurveRepresentation.ixx /misc/dn61/LocalWOK/wok_entities/LOC/dev/CR0-OCCT691-7-CR0-OCCT691-occt-64/drv/BRep/BRep_CurveRepresentation.ixx
+M BRep:pubinclude:BRep_ListOfCurveRepresentation.hxx /misc/dn61/LocalWOK/wok_entities/LOC/dev/CR0-OCCT691-7-CR0-OCCT691-occt-64/inc/BRep_ListOfCurveRepresentation.hxx
+M BRep:derivated:BRep_ListOfCurveRepresentation_0.cxx /misc/dn61/LocalWOK/wok_entities/LOC/dev/CR0-OCCT691-7-CR0-OCCT691-occt-64/drv/BRep/BRep_ListOfCurveRepresentation_0.cxx
+M BRep:pubinclude:Handle_BRep_GCurve.hxx /misc/dn61/LocalWOK/wok_entities/LOC/dev/CR0-OCCT691-7-CR0-OCCT691-occt-64/inc/Handle_BRep_GCurve.hxx
+M BRep:pubinclude:BRep_GCurve.hxx /misc/dn61/LocalWOK/wok_entities/LOC/dev/CR0-OCCT691-7-CR0-OCCT691-occt-64/inc/BRep_GCurve.hxx
+M BRep:privinclude:BRep_GCurve.jxx /misc/dn61/LocalWOK/wok_entities/LOC/dev/CR0-OCCT691-7-CR0-OCCT691-occt-64/drv/BRep/BRep_GCurve.jxx
+M BRep:privinclude:BRep_GCurve.ixx /misc/dn61/LocalWOK/wok_entities/LOC/dev/CR0-OCCT691-7-CR0-OCCT691-occt-64/drv/BRep/BRep_GCurve.ixx
+M BRep:pubinclude:Handle_BRep_Curve3D.hxx /misc/dn61/LocalWOK/wok_entities/LOC/dev/CR0-OCCT691-7-CR0-OCCT691-occt-64/inc/Handle_BRep_Curve3D.hxx
+M BRep:pubinclude:BRep_Curve3D.hxx /misc/dn61/LocalWOK/wok_entities/LOC/dev/CR0-OCCT691-7-CR0-OCCT691-occt-64/inc/BRep_Curve3D.hxx
+M BRep:privinclude:BRep_Curve3D.jxx /misc/dn61/LocalWOK/wok_entities/LOC/dev/CR0-OCCT691-7-CR0-OCCT691-occt-64/drv/BRep/BRep_Curve3D.jxx
+M BRep:privinclude:BRep_Curve3D.ixx /misc/dn61/LocalWOK/wok_entities/LOC/dev/CR0-OCCT691-7-CR0-OCCT691-occt-64/drv/BRep/BRep_Curve3D.ixx
+M BRep:pubinclude:Handle_BRep_CurveOnSurface.hxx /misc/dn61/LocalWOK/wok_entities/LOC/dev/CR0-OCCT691-7-CR0-OCCT691-occt-64/inc/Handle_BRep_CurveOnSurface.hxx
+M BRep:pubinclude:BRep_CurveOnSurface.hxx /misc/dn61/LocalWOK/wok_entities/LOC/dev/CR0-OCCT691-7-CR0-OCCT691-occt-64/inc/BRep_CurveOnSurface.hxx
+M BRep:privinclude:BRep_CurveOnSurface.jxx /misc/dn61/LocalWOK/wok_entities/LOC/dev/CR0-OCCT691-7-CR0-OCCT691-occt-64/drv/BRep/BRep_CurveOnSurface.jxx
+M BRep:privinclude:BRep_CurveOnSurface.ixx /misc/dn61/LocalWOK/wok_entities/LOC/dev/CR0-OCCT691-7-CR0-OCCT691-occt-64/drv/BRep/BRep_CurveOnSurface.ixx
+M BRep:pubinclude:Handle_BRep_CurveOnClosedSurface.hxx /misc/dn61/LocalWOK/wok_entities/LOC/dev/CR0-OCCT691-7-CR0-OCCT691-occt-64/inc/Handle_BRep_CurveOnClosedSurface.hxx
+M BRep:pubinclude:BRep_CurveOnClosedSurface.hxx /misc/dn61/LocalWOK/wok_entities/LOC/dev/CR0-OCCT691-7-CR0-OCCT691-occt-64/inc/BRep_CurveOnClosedSurface.hxx
+M BRep:privinclude:BRep_CurveOnClosedSurface.jxx /misc/dn61/LocalWOK/wok_entities/LOC/dev/CR0-OCCT691-7-CR0-OCCT691-occt-64/drv/BRep/BRep_CurveOnClosedSurface.jxx
+M BRep:privinclude:BRep_CurveOnClosedSurface.ixx /misc/dn61/LocalWOK/wok_entities/LOC/dev/CR0-OCCT691-7-CR0-OCCT691-occt-64/drv/BRep/BRep_CurveOnClosedSurface.ixx
+M BRep:pubinclude:Handle_BRep_Polygon3D.hxx /misc/dn61/LocalWOK/wok_entities/LOC/dev/CR0-OCCT691-7-CR0-OCCT691-occt-64/inc/Handle_BRep_Polygon3D.hxx
+M BRep:pubinclude:BRep_Polygon3D.hxx /misc/dn61/LocalWOK/wok_entities/LOC/dev/CR0-OCCT691-7-CR0-OCCT691-occt-64/inc/BRep_Polygon3D.hxx
+M BRep:privinclude:BRep_Polygon3D.jxx /misc/dn61/LocalWOK/wok_entities/LOC/dev/CR0-OCCT691-7-CR0-OCCT691-occt-64/drv/BRep/BRep_Polygon3D.jxx
+M BRep:privinclude:BRep_Polygon3D.ixx /misc/dn61/LocalWOK/wok_entities/LOC/dev/CR0-OCCT691-7-CR0-OCCT691-occt-64/drv/BRep/BRep_Polygon3D.ixx
+M BRep:pubinclude:Handle_BRep_PolygonOnTriangulation.hxx /misc/dn61/LocalWOK/wok_entities/LOC/dev/CR0-OCCT691-7-CR0-OCCT691-occt-64/inc/Handle_BRep_PolygonOnTriangulation.hxx
+M BRep:pubinclude:BRep_PolygonOnTriangulation.hxx /misc/dn61/LocalWOK/wok_entities/LOC/dev/CR0-OCCT691-7-CR0-OCCT691-occt-64/inc/BRep_PolygonOnTriangulation.hxx
+M BRep:privinclude:BRep_PolygonOnTriangulation.jxx /misc/dn61/LocalWOK/wok_entities/LOC/dev/CR0-OCCT691-7-CR0-OCCT691-occt-64/drv/BRep/BRep_PolygonOnTriangulation.jxx
+M BRep:privinclude:BRep_PolygonOnTriangulation.ixx /misc/dn61/LocalWOK/wok_entities/LOC/dev/CR0-OCCT691-7-CR0-OCCT691-occt-64/drv/BRep/BRep_PolygonOnTriangulation.ixx
+M BRep:pubinclude:Handle_BRep_PolygonOnClosedTriangulation.hxx /misc/dn61/LocalWOK/wok_entities/LOC/dev/CR0-OCCT691-7-CR0-OCCT691-occt-64/inc/Handle_BRep_PolygonOnClosedTriangulation.hxx
+M BRep:pubinclude:BRep_PolygonOnClosedTriangulation.hxx /misc/dn61/LocalWOK/wok_entities/LOC/dev/CR0-OCCT691-7-CR0-OCCT691-occt-64/inc/BRep_PolygonOnClosedTriangulation.hxx
+M BRep:privinclude:BRep_PolygonOnClosedTriangulation.jxx /misc/dn61/LocalWOK/wok_entities/LOC/dev/CR0-OCCT691-7-CR0-OCCT691-occt-64/drv/BRep/BRep_PolygonOnClosedTriangulation.jxx
+M BRep:privinclude:BRep_PolygonOnClosedTriangulation.ixx /misc/dn61/LocalWOK/wok_entities/LOC/dev/CR0-OCCT691-7-CR0-OCCT691-occt-64/drv/BRep/BRep_PolygonOnClosedTriangulation.ixx
+M BRep:pubinclude:Handle_BRep_PolygonOnSurface.hxx /misc/dn61/LocalWOK/wok_entities/LOC/dev/CR0-OCCT691-7-CR0-OCCT691-occt-64/inc/Handle_BRep_PolygonOnSurface.hxx
+M BRep:pubinclude:BRep_PolygonOnSurface.hxx /misc/dn61/LocalWOK/wok_entities/LOC/dev/CR0-OCCT691-7-CR0-OCCT691-occt-64/inc/BRep_PolygonOnSurface.hxx
+M BRep:privinclude:BRep_PolygonOnSurface.jxx /misc/dn61/LocalWOK/wok_entities/LOC/dev/CR0-OCCT691-7-CR0-OCCT691-occt-64/drv/BRep/BRep_PolygonOnSurface.jxx
+M BRep:privinclude:BRep_PolygonOnSurface.ixx /misc/dn61/LocalWOK/wok_entities/LOC/dev/CR0-OCCT691-7-CR0-OCCT691-occt-64/drv/BRep/BRep_PolygonOnSurface.ixx
+M BRep:pubinclude:Handle_BRep_PolygonOnClosedSurface.hxx /misc/dn61/LocalWOK/wok_entities/LOC/dev/CR0-OCCT691-7-CR0-OCCT691-occt-64/inc/Handle_BRep_PolygonOnClosedSurface.hxx
+M BRep:pubinclude:BRep_PolygonOnClosedSurface.hxx /misc/dn61/LocalWOK/wok_entities/LOC/dev/CR0-OCCT691-7-CR0-OCCT691-occt-64/inc/BRep_PolygonOnClosedSurface.hxx
+M BRep:privinclude:BRep_PolygonOnClosedSurface.jxx /misc/dn61/LocalWOK/wok_entities/LOC/dev/CR0-OCCT691-7-CR0-OCCT691-occt-64/drv/BRep/BRep_PolygonOnClosedSurface.jxx
+M BRep:privinclude:BRep_PolygonOnClosedSurface.ixx /misc/dn61/LocalWOK/wok_entities/LOC/dev/CR0-OCCT691-7-CR0-OCCT691-occt-64/drv/BRep/BRep_PolygonOnClosedSurface.ixx
+M BRep:pubinclude:Handle_BRep_CurveOn2Surfaces.hxx /misc/dn61/LocalWOK/wok_entities/LOC/dev/CR0-OCCT691-7-CR0-OCCT691-occt-64/inc/Handle_BRep_CurveOn2Surfaces.hxx
+M BRep:pubinclude:BRep_CurveOn2Surfaces.hxx /misc/dn61/LocalWOK/wok_entities/LOC/dev/CR0-OCCT691-7-CR0-OCCT691-occt-64/inc/BRep_CurveOn2Surfaces.hxx
+M BRep:privinclude:BRep_CurveOn2Surfaces.jxx /misc/dn61/LocalWOK/wok_entities/LOC/dev/CR0-OCCT691-7-CR0-OCCT691-occt-64/drv/BRep/BRep_CurveOn2Surfaces.jxx
+M BRep:privinclude:BRep_CurveOn2Surfaces.ixx /misc/dn61/LocalWOK/wok_entities/LOC/dev/CR0-OCCT691-7-CR0-OCCT691-occt-64/drv/BRep/BRep_CurveOn2Surfaces.ixx
+M BRep:pubinclude:Handle_BRep_TEdge.hxx /misc/dn61/LocalWOK/wok_entities/LOC/dev/CR0-OCCT691-7-CR0-OCCT691-occt-64/inc/Handle_BRep_TEdge.hxx
+M BRep:pubinclude:BRep_TEdge.hxx /misc/dn61/LocalWOK/wok_entities/LOC/dev/CR0-OCCT691-7-CR0-OCCT691-occt-64/inc/BRep_TEdge.hxx
+M BRep:privinclude:BRep_TEdge.jxx /misc/dn61/LocalWOK/wok_entities/LOC/dev/CR0-OCCT691-7-CR0-OCCT691-occt-64/drv/BRep/BRep_TEdge.jxx
+M BRep:privinclude:BRep_TEdge.ixx /misc/dn61/LocalWOK/wok_entities/LOC/dev/CR0-OCCT691-7-CR0-OCCT691-occt-64/drv/BRep/BRep_TEdge.ixx
+M BRep:pubinclude:Handle_BRep_PointRepresentation.hxx /misc/dn61/LocalWOK/wok_entities/LOC/dev/CR0-OCCT691-7-CR0-OCCT691-occt-64/inc/Handle_BRep_PointRepresentation.hxx
+M BRep:pubinclude:BRep_PointRepresentation.hxx /misc/dn61/LocalWOK/wok_entities/LOC/dev/CR0-OCCT691-7-CR0-OCCT691-occt-64/inc/BRep_PointRepresentation.hxx
+M BRep:privinclude:BRep_PointRepresentation.jxx /misc/dn61/LocalWOK/wok_entities/LOC/dev/CR0-OCCT691-7-CR0-OCCT691-occt-64/drv/BRep/BRep_PointRepresentation.jxx
+M BRep:privinclude:BRep_PointRepresentation.ixx /misc/dn61/LocalWOK/wok_entities/LOC/dev/CR0-OCCT691-7-CR0-OCCT691-occt-64/drv/BRep/BRep_PointRepresentation.ixx
+M BRep:pubinclude:BRep_ListOfPointRepresentation.hxx /misc/dn61/LocalWOK/wok_entities/LOC/dev/CR0-OCCT691-7-CR0-OCCT691-occt-64/inc/BRep_ListOfPointRepresentation.hxx
+M BRep:derivated:BRep_ListOfPointRepresentation_0.cxx /misc/dn61/LocalWOK/wok_entities/LOC/dev/CR0-OCCT691-7-CR0-OCCT691-occt-64/drv/BRep/BRep_ListOfPointRepresentation_0.cxx
+M BRep:pubinclude:Handle_BRep_PointOnCurve.hxx /misc/dn61/LocalWOK/wok_entities/LOC/dev/CR0-OCCT691-7-CR0-OCCT691-occt-64/inc/Handle_BRep_PointOnCurve.hxx
+M BRep:pubinclude:BRep_PointOnCurve.hxx /misc/dn61/LocalWOK/wok_entities/LOC/dev/CR0-OCCT691-7-CR0-OCCT691-occt-64/inc/BRep_PointOnCurve.hxx
+M BRep:privinclude:BRep_PointOnCurve.jxx /misc/dn61/LocalWOK/wok_entities/LOC/dev/CR0-OCCT691-7-CR0-OCCT691-occt-64/drv/BRep/BRep_PointOnCurve.jxx
+M BRep:privinclude:BRep_PointOnCurve.ixx /misc/dn61/LocalWOK/wok_entities/LOC/dev/CR0-OCCT691-7-CR0-OCCT691-occt-64/drv/BRep/BRep_PointOnCurve.ixx
+M BRep:pubinclude:Handle_BRep_PointsOnSurface.hxx /misc/dn61/LocalWOK/wok_entities/LOC/dev/CR0-OCCT691-7-CR0-OCCT691-occt-64/inc/Handle_BRep_PointsOnSurface.hxx
+M BRep:pubinclude:BRep_PointsOnSurface.hxx /misc/dn61/LocalWOK/wok_entities/LOC/dev/CR0-OCCT691-7-CR0-OCCT691-occt-64/inc/BRep_PointsOnSurface.hxx
+M BRep:privinclude:BRep_PointsOnSurface.jxx /misc/dn61/LocalWOK/wok_entities/LOC/dev/CR0-OCCT691-7-CR0-OCCT691-occt-64/drv/BRep/BRep_PointsOnSurface.jxx
+M BRep:privinclude:BRep_PointsOnSurface.ixx /misc/dn61/LocalWOK/wok_entities/LOC/dev/CR0-OCCT691-7-CR0-OCCT691-occt-64/drv/BRep/BRep_PointsOnSurface.ixx
+M BRep:pubinclude:Handle_BRep_PointOnCurveOnSurface.hxx /misc/dn61/LocalWOK/wok_entities/LOC/dev/CR0-OCCT691-7-CR0-OCCT691-occt-64/inc/Handle_BRep_PointOnCurveOnSurface.hxx
+M BRep:pubinclude:BRep_PointOnCurveOnSurface.hxx /misc/dn61/LocalWOK/wok_entities/LOC/dev/CR0-OCCT691-7-CR0-OCCT691-occt-64/inc/BRep_PointOnCurveOnSurface.hxx
+M BRep:privinclude:BRep_PointOnCurveOnSurface.jxx /misc/dn61/LocalWOK/wok_entities/LOC/dev/CR0-OCCT691-7-CR0-OCCT691-occt-64/drv/BRep/BRep_PointOnCurveOnSurface.jxx
+M BRep:privinclude:BRep_PointOnCurveOnSurface.ixx /misc/dn61/LocalWOK/wok_entities/LOC/dev/CR0-OCCT691-7-CR0-OCCT691-occt-64/drv/BRep/BRep_PointOnCurveOnSurface.ixx
+M BRep:pubinclude:Handle_BRep_PointOnSurface.hxx /misc/dn61/LocalWOK/wok_entities/LOC/dev/CR0-OCCT691-7-CR0-OCCT691-occt-64/inc/Handle_BRep_PointOnSurface.hxx
+M BRep:pubinclude:BRep_PointOnSurface.hxx /misc/dn61/LocalWOK/wok_entities/LOC/dev/CR0-OCCT691-7-CR0-OCCT691-occt-64/inc/BRep_PointOnSurface.hxx
+M BRep:privinclude:BRep_PointOnSurface.jxx /misc/dn61/LocalWOK/wok_entities/LOC/dev/CR0-OCCT691-7-CR0-OCCT691-occt-64/drv/BRep/BRep_PointOnSurface.jxx
+M BRep:privinclude:BRep_PointOnSurface.ixx /misc/dn61/LocalWOK/wok_entities/LOC/dev/CR0-OCCT691-7-CR0-OCCT691-occt-64/drv/BRep/BRep_PointOnSurface.ixx
+M BRep:pubinclude:Handle_BRep_TVertex.hxx /misc/dn61/LocalWOK/wok_entities/LOC/dev/CR0-OCCT691-7-CR0-OCCT691-occt-64/inc/Handle_BRep_TVertex.hxx
+M BRep:pubinclude:BRep_TVertex.hxx /misc/dn61/LocalWOK/wok_entities/LOC/dev/CR0-OCCT691-7-CR0-OCCT691-occt-64/inc/BRep_TVertex.hxx
+M BRep:privinclude:BRep_TVertex.jxx /misc/dn61/LocalWOK/wok_entities/LOC/dev/CR0-OCCT691-7-CR0-OCCT691-occt-64/drv/BRep/BRep_TVertex.jxx
+M BRep:privinclude:BRep_TVertex.ixx /misc/dn61/LocalWOK/wok_entities/LOC/dev/CR0-OCCT691-7-CR0-OCCT691-occt-64/drv/BRep/BRep_TVertex.ixx
+M BRep:pubinclude:BRep_Builder.hxx /misc/dn61/LocalWOK/wok_entities/LOC/dev/CR0-OCCT691-7-CR0-OCCT691-occt-64/inc/BRep_Builder.hxx
+M BRep:privinclude:BRep_Builder.jxx /misc/dn61/LocalWOK/wok_entities/LOC/dev/CR0-OCCT691-7-CR0-OCCT691-occt-64/drv/BRep/BRep_Builder.jxx
+M BRep:privinclude:BRep_Builder.ixx /misc/dn61/LocalWOK/wok_entities/LOC/dev/CR0-OCCT691-7-CR0-OCCT691-occt-64/drv/BRep/BRep_Builder.ixx
+M BRep:pubinclude:BRep_Tool.hxx /misc/dn61/LocalWOK/wok_entities/LOC/dev/CR0-OCCT691-7-CR0-OCCT691-occt-64/inc/BRep_Tool.hxx
+M BRep:privinclude:BRep_Tool.jxx /misc/dn61/LocalWOK/wok_entities/LOC/dev/CR0-OCCT691-7-CR0-OCCT691-occt-64/drv/BRep/BRep_Tool.jxx
+M BRep:privinclude:BRep_Tool.ixx /misc/dn61/LocalWOK/wok_entities/LOC/dev/CR0-OCCT691-7-CR0-OCCT691-occt-64/drv/BRep/BRep_Tool.ixx
+M BRep:pubinclude:Handle_BRep_ListNodeOfListOfCurveRepresentation.hxx /misc/dn61/LocalWOK/wok_entities/LOC/dev/CR0-OCCT691-7-CR0-OCCT691-occt-64/inc/Handle_BRep_ListNodeOfListOfCurveRepresentation.hxx
+M BRep:pubinclude:BRep_ListNodeOfListOfCurveRepresentation.hxx /misc/dn61/LocalWOK/wok_entities/LOC/dev/CR0-OCCT691-7-CR0-OCCT691-occt-64/inc/BRep_ListNodeOfListOfCurveRepresentation.hxx
+M BRep:derivated:BRep_ListNodeOfListOfCurveRepresentation_0.cxx /misc/dn61/LocalWOK/wok_entities/LOC/dev/CR0-OCCT691-7-CR0-OCCT691-occt-64/drv/BRep/BRep_ListNodeOfListOfCurveRepresentation_0.cxx
+M BRep:pubinclude:BRep_ListIteratorOfListOfCurveRepresentation.hxx /misc/dn61/LocalWOK/wok_entities/LOC/dev/CR0-OCCT691-7-CR0-OCCT691-occt-64/inc/BRep_ListIteratorOfListOfCurveRepresentation.hxx
+M BRep:derivated:BRep_ListIteratorOfListOfCurveRepresentation_0.cxx /misc/dn61/LocalWOK/wok_entities/LOC/dev/CR0-OCCT691-7-CR0-OCCT691-occt-64/drv/BRep/BRep_ListIteratorOfListOfCurveRepresentation_0.cxx
+M BRep:pubinclude:Handle_BRep_ListNodeOfListOfPointRepresentation.hxx /misc/dn61/LocalWOK/wok_entities/LOC/dev/CR0-OCCT691-7-CR0-OCCT691-occt-64/inc/Handle_BRep_ListNodeOfListOfPointRepresentation.hxx
+M BRep:pubinclude:BRep_ListNodeOfListOfPointRepresentation.hxx /misc/dn61/LocalWOK/wok_entities/LOC/dev/CR0-OCCT691-7-CR0-OCCT691-occt-64/inc/BRep_ListNodeOfListOfPointRepresentation.hxx
+M BRep:derivated:BRep_ListNodeOfListOfPointRepresentation_0.cxx /misc/dn61/LocalWOK/wok_entities/LOC/dev/CR0-OCCT691-7-CR0-OCCT691-occt-64/drv/BRep/BRep_ListNodeOfListOfPointRepresentation_0.cxx
+M BRep:pubinclude:BRep_ListIteratorOfListOfPointRepresentation.hxx /misc/dn61/LocalWOK/wok_entities/LOC/dev/CR0-OCCT691-7-CR0-OCCT691-occt-64/inc/BRep_ListIteratorOfListOfPointRepresentation.hxx
+M BRep:derivated:BRep_ListIteratorOfListOfPointRepresentation_0.cxx /misc/dn61/LocalWOK/wok_entities/LOC/dev/CR0-OCCT691-7-CR0-OCCT691-occt-64/drv/BRep/BRep_ListIteratorOfListOfPointRepresentation_0.cxx
+M BRep:dbadmfile:BRep_xcpp_header.In /misc/dn61/LocalWOK/wok_entities/LOC/dev/CR0-OCCT691-7-CR0-OCCT691-occt-64/drv/BRep/.adm/BRep_xcpp_header.In
+M BRep:dbadmfile:BRep_xcpp_header.Out /misc/dn61/LocalWOK/wok_entities/LOC/dev/CR0-OCCT691-7-CR0-OCCT691-occt-64/drv/BRep/.adm/BRep_xcpp_header.Out
+M BRep:dbadmfile:BRep_xcpp_header.Dep /misc/dn61/LocalWOK/wok_entities/LOC/dev/CR0-OCCT691-7-CR0-OCCT691-occt-64/drv/BRep/.adm/BRep_xcpp_header.Dep
