+M MNaming:pubinclude:MNaming.hxx /misc/dn61/LocalWOK/wok_entities/LOC/dev/CR0-OCCT691-7-CR0-OCCT691-occt-64/inc/MNaming.hxx
+M MNaming:privinclude:MNaming.jxx /misc/dn61/LocalWOK/wok_entities/LOC/dev/CR0-OCCT691-7-CR0-OCCT691-occt-64/drv/MNaming/MNaming.jxx
+M MNaming:privinclude:MNaming.ixx /misc/dn61/LocalWOK/wok_entities/LOC/dev/CR0-OCCT691-7-CR0-OCCT691-occt-64/drv/MNaming/MNaming.ixx
+M MNaming:pubinclude:Handle_MNaming_NamedShapeRetrievalDriver.hxx /misc/dn61/LocalWOK/wok_entities/LOC/dev/CR0-OCCT691-7-CR0-OCCT691-occt-64/inc/Handle_MNaming_NamedShapeRetrievalDriver.hxx
+M MNaming:pubinclude:MNaming_NamedShapeRetrievalDriver.hxx /misc/dn61/LocalWOK/wok_entities/LOC/dev/CR0-OCCT691-7-CR0-OCCT691-occt-64/inc/MNaming_NamedShapeRetrievalDriver.hxx
+M MNaming:privinclude:MNaming_NamedShapeRetrievalDriver.jxx /misc/dn61/LocalWOK/wok_entities/LOC/dev/CR0-OCCT691-7-CR0-OCCT691-occt-64/drv/MNaming/MNaming_NamedShapeRetrievalDriver.jxx
+M MNaming:privinclude:MNaming_NamedShapeRetrievalDriver.ixx /misc/dn61/LocalWOK/wok_entities/LOC/dev/CR0-OCCT691-7-CR0-OCCT691-occt-64/drv/MNaming/MNaming_NamedShapeRetrievalDriver.ixx
+M MNaming:pubinclude:Handle_MNaming_NamingRetrievalDriver.hxx /misc/dn61/LocalWOK/wok_entities/LOC/dev/CR0-OCCT691-7-CR0-OCCT691-occt-64/inc/Handle_MNaming_NamingRetrievalDriver.hxx
+M MNaming:pubinclude:MNaming_NamingRetrievalDriver.hxx /misc/dn61/LocalWOK/wok_entities/LOC/dev/CR0-OCCT691-7-CR0-OCCT691-occt-64/inc/MNaming_NamingRetrievalDriver.hxx
+M MNaming:privinclude:MNaming_NamingRetrievalDriver.jxx /misc/dn61/LocalWOK/wok_entities/LOC/dev/CR0-OCCT691-7-CR0-OCCT691-occt-64/drv/MNaming/MNaming_NamingRetrievalDriver.jxx
+M MNaming:privinclude:MNaming_NamingRetrievalDriver.ixx /misc/dn61/LocalWOK/wok_entities/LOC/dev/CR0-OCCT691-7-CR0-OCCT691-occt-64/drv/MNaming/MNaming_NamingRetrievalDriver.ixx
+M MNaming:pubinclude:Handle_MNaming_NamingRetrievalDriver_1.hxx /misc/dn61/LocalWOK/wok_entities/LOC/dev/CR0-OCCT691-7-CR0-OCCT691-occt-64/inc/Handle_MNaming_NamingRetrievalDriver_1.hxx
+M MNaming:pubinclude:MNaming_NamingRetrievalDriver_1.hxx /misc/dn61/LocalWOK/wok_entities/LOC/dev/CR0-OCCT691-7-CR0-OCCT691-occt-64/inc/MNaming_NamingRetrievalDriver_1.hxx
+M MNaming:privinclude:MNaming_NamingRetrievalDriver_1.jxx /misc/dn61/LocalWOK/wok_entities/LOC/dev/CR0-OCCT691-7-CR0-OCCT691-occt-64/drv/MNaming/MNaming_NamingRetrievalDriver_1.jxx
+M MNaming:privinclude:MNaming_NamingRetrievalDriver_1.ixx /misc/dn61/LocalWOK/wok_entities/LOC/dev/CR0-OCCT691-7-CR0-OCCT691-occt-64/drv/MNaming/MNaming_NamingRetrievalDriver_1.ixx
+M MNaming:pubinclude:Handle_MNaming_NamingRetrievalDriver_2.hxx /misc/dn61/LocalWOK/wok_entities/LOC/dev/CR0-OCCT691-7-CR0-OCCT691-occt-64/inc/Handle_MNaming_NamingRetrievalDriver_2.hxx
+M MNaming:pubinclude:MNaming_NamingRetrievalDriver_2.hxx /misc/dn61/LocalWOK/wok_entities/LOC/dev/CR0-OCCT691-7-CR0-OCCT691-occt-64/inc/MNaming_NamingRetrievalDriver_2.hxx
+M MNaming:privinclude:MNaming_NamingRetrievalDriver_2.jxx /misc/dn61/LocalWOK/wok_entities/LOC/dev/CR0-OCCT691-7-CR0-OCCT691-occt-64/drv/MNaming/MNaming_NamingRetrievalDriver_2.jxx
+M MNaming:privinclude:MNaming_NamingRetrievalDriver_2.ixx /misc/dn61/LocalWOK/wok_entities/LOC/dev/CR0-OCCT691-7-CR0-OCCT691-occt-64/drv/MNaming/MNaming_NamingRetrievalDriver_2.ixx
+M MNaming:pubinclude:Handle_MNaming_NamedShapeStorageDriver.hxx /misc/dn61/LocalWOK/wok_entities/LOC/dev/CR0-OCCT691-7-CR0-OCCT691-occt-64/inc/Handle_MNaming_NamedShapeStorageDriver.hxx
+M MNaming:pubinclude:MNaming_NamedShapeStorageDriver.hxx /misc/dn61/LocalWOK/wok_entities/LOC/dev/CR0-OCCT691-7-CR0-OCCT691-occt-64/inc/MNaming_NamedShapeStorageDriver.hxx
+M MNaming:privinclude:MNaming_NamedShapeStorageDriver.jxx /misc/dn61/LocalWOK/wok_entities/LOC/dev/CR0-OCCT691-7-CR0-OCCT691-occt-64/drv/MNaming/MNaming_NamedShapeStorageDriver.jxx
+M MNaming:privinclude:MNaming_NamedShapeStorageDriver.ixx /misc/dn61/LocalWOK/wok_entities/LOC/dev/CR0-OCCT691-7-CR0-OCCT691-occt-64/drv/MNaming/MNaming_NamedShapeStorageDriver.ixx
+M MNaming:pubinclude:Handle_MNaming_NamingStorageDriver.hxx /misc/dn61/LocalWOK/wok_entities/LOC/dev/CR0-OCCT691-7-CR0-OCCT691-occt-64/inc/Handle_MNaming_NamingStorageDriver.hxx
+M MNaming:pubinclude:MNaming_NamingStorageDriver.hxx /misc/dn61/LocalWOK/wok_entities/LOC/dev/CR0-OCCT691-7-CR0-OCCT691-occt-64/inc/MNaming_NamingStorageDriver.hxx
+M MNaming:privinclude:MNaming_NamingStorageDriver.jxx /misc/dn61/LocalWOK/wok_entities/LOC/dev/CR0-OCCT691-7-CR0-OCCT691-occt-64/drv/MNaming/MNaming_NamingStorageDriver.jxx
+M MNaming:privinclude:MNaming_NamingStorageDriver.ixx /misc/dn61/LocalWOK/wok_entities/LOC/dev/CR0-OCCT691-7-CR0-OCCT691-occt-64/drv/MNaming/MNaming_NamingStorageDriver.ixx
+M MNaming:dbadmfile:MNaming_xcpp_header.In /misc/dn61/LocalWOK/wok_entities/LOC/dev/CR0-OCCT691-7-CR0-OCCT691-occt-64/drv/MNaming/.adm/MNaming_xcpp_header.In
+M MNaming:dbadmfile:MNaming_xcpp_header.Out /misc/dn61/LocalWOK/wok_entities/LOC/dev/CR0-OCCT691-7-CR0-OCCT691-occt-64/drv/MNaming/.adm/MNaming_xcpp_header.Out
+M MNaming:dbadmfile:MNaming_xcpp_header.Dep /misc/dn61/LocalWOK/wok_entities/LOC/dev/CR0-OCCT691-7-CR0-OCCT691-occt-64/drv/MNaming/.adm/MNaming_xcpp_header.Dep
