+M IntRes2d:pubinclude:IntRes2d_IntersectionPoint.hxx /misc/dn61/LocalWOK/wok_entities/LOC/dev/CR0-OCCT691-7-CR0-OCCT691-occt-64/inc/IntRes2d_IntersectionPoint.hxx
+M IntRes2d:privinclude:IntRes2d_IntersectionPoint.jxx /misc/dn61/LocalWOK/wok_entities/LOC/dev/CR0-OCCT691-7-CR0-OCCT691-occt-64/drv/IntRes2d/IntRes2d_IntersectionPoint.jxx
+M IntRes2d:privinclude:IntRes2d_IntersectionPoint.ixx /misc/dn61/LocalWOK/wok_entities/LOC/dev/CR0-OCCT691-7-CR0-OCCT691-occt-64/drv/IntRes2d/IntRes2d_IntersectionPoint.ixx
+M IntRes2d:pubinclude:IntRes2d_IntersectionSegment.hxx /misc/dn61/LocalWOK/wok_entities/LOC/dev/CR0-OCCT691-7-CR0-OCCT691-occt-64/inc/IntRes2d_IntersectionSegment.hxx
+M IntRes2d:privinclude:IntRes2d_IntersectionSegment.jxx /misc/dn61/LocalWOK/wok_entities/LOC/dev/CR0-OCCT691-7-CR0-OCCT691-occt-64/drv/IntRes2d/IntRes2d_IntersectionSegment.jxx
+M IntRes2d:privinclude:IntRes2d_IntersectionSegment.ixx /misc/dn61/LocalWOK/wok_entities/LOC/dev/CR0-OCCT691-7-CR0-OCCT691-occt-64/drv/IntRes2d/IntRes2d_IntersectionSegment.ixx
+M IntRes2d:pubinclude:IntRes2d_Transition.hxx /misc/dn61/LocalWOK/wok_entities/LOC/dev/CR0-OCCT691-7-CR0-OCCT691-occt-64/inc/IntRes2d_Transition.hxx
+M IntRes2d:privinclude:IntRes2d_Transition.jxx /misc/dn61/LocalWOK/wok_entities/LOC/dev/CR0-OCCT691-7-CR0-OCCT691-occt-64/drv/IntRes2d/IntRes2d_Transition.jxx
+M IntRes2d:privinclude:IntRes2d_Transition.ixx /misc/dn61/LocalWOK/wok_entities/LOC/dev/CR0-OCCT691-7-CR0-OCCT691-occt-64/drv/IntRes2d/IntRes2d_Transition.ixx
+M IntRes2d:pubinclude:IntRes2d_Domain.hxx /misc/dn61/LocalWOK/wok_entities/LOC/dev/CR0-OCCT691-7-CR0-OCCT691-occt-64/inc/IntRes2d_Domain.hxx
+M IntRes2d:privinclude:IntRes2d_Domain.jxx /misc/dn61/LocalWOK/wok_entities/LOC/dev/CR0-OCCT691-7-CR0-OCCT691-occt-64/drv/IntRes2d/IntRes2d_Domain.jxx
+M IntRes2d:privinclude:IntRes2d_Domain.ixx /misc/dn61/LocalWOK/wok_entities/LOC/dev/CR0-OCCT691-7-CR0-OCCT691-occt-64/drv/IntRes2d/IntRes2d_Domain.ixx
+M IntRes2d:pubinclude:IntRes2d_Intersection.hxx /misc/dn61/LocalWOK/wok_entities/LOC/dev/CR0-OCCT691-7-CR0-OCCT691-occt-64/inc/IntRes2d_Intersection.hxx
+M IntRes2d:privinclude:IntRes2d_Intersection.jxx /misc/dn61/LocalWOK/wok_entities/LOC/dev/CR0-OCCT691-7-CR0-OCCT691-occt-64/drv/IntRes2d/IntRes2d_Intersection.jxx
+M IntRes2d:privinclude:IntRes2d_Intersection.ixx /misc/dn61/LocalWOK/wok_entities/LOC/dev/CR0-OCCT691-7-CR0-OCCT691-occt-64/drv/IntRes2d/IntRes2d_Intersection.ixx
+M IntRes2d:pubinclude:IntRes2d_SequenceOfIntersectionPoint.hxx /misc/dn61/LocalWOK/wok_entities/LOC/dev/CR0-OCCT691-7-CR0-OCCT691-occt-64/inc/IntRes2d_SequenceOfIntersectionPoint.hxx
+M IntRes2d:derivated:IntRes2d_SequenceOfIntersectionPoint_0.cxx /misc/dn61/LocalWOK/wok_entities/LOC/dev/CR0-OCCT691-7-CR0-OCCT691-occt-64/drv/IntRes2d/IntRes2d_SequenceOfIntersectionPoint_0.cxx
+M IntRes2d:pubinclude:IntRes2d_SequenceOfIntersectionSegment.hxx /misc/dn61/LocalWOK/wok_entities/LOC/dev/CR0-OCCT691-7-CR0-OCCT691-occt-64/inc/IntRes2d_SequenceOfIntersectionSegment.hxx
+M IntRes2d:derivated:IntRes2d_SequenceOfIntersectionSegment_0.cxx /misc/dn61/LocalWOK/wok_entities/LOC/dev/CR0-OCCT691-7-CR0-OCCT691-occt-64/drv/IntRes2d/IntRes2d_SequenceOfIntersectionSegment_0.cxx
+M IntRes2d:pubinclude:Handle_IntRes2d_SequenceNodeOfSequenceOfIntersectionPoint.hxx /misc/dn61/LocalWOK/wok_entities/LOC/dev/CR0-OCCT691-7-CR0-OCCT691-occt-64/inc/Handle_IntRes2d_SequenceNodeOfSequenceOfIntersectionPoint.hxx
+M IntRes2d:pubinclude:IntRes2d_SequenceNodeOfSequenceOfIntersectionPoint.hxx /misc/dn61/LocalWOK/wok_entities/LOC/dev/CR0-OCCT691-7-CR0-OCCT691-occt-64/inc/IntRes2d_SequenceNodeOfSequenceOfIntersectionPoint.hxx
+M IntRes2d:derivated:IntRes2d_SequenceNodeOfSequenceOfIntersectionPoint_0.cxx /misc/dn61/LocalWOK/wok_entities/LOC/dev/CR0-OCCT691-7-CR0-OCCT691-occt-64/drv/IntRes2d/IntRes2d_SequenceNodeOfSequenceOfIntersectionPoint_0.cxx
+M IntRes2d:pubinclude:Handle_IntRes2d_SequenceNodeOfSequenceOfIntersectionSegment.hxx /misc/dn61/LocalWOK/wok_entities/LOC/dev/CR0-OCCT691-7-CR0-OCCT691-occt-64/inc/Handle_IntRes2d_SequenceNodeOfSequenceOfIntersectionSegment.hxx
+M IntRes2d:pubinclude:IntRes2d_SequenceNodeOfSequenceOfIntersectionSegment.hxx /misc/dn61/LocalWOK/wok_entities/LOC/dev/CR0-OCCT691-7-CR0-OCCT691-occt-64/inc/IntRes2d_SequenceNodeOfSequenceOfIntersectionSegment.hxx
+M IntRes2d:derivated:IntRes2d_SequenceNodeOfSequenceOfIntersectionSegment_0.cxx /misc/dn61/LocalWOK/wok_entities/LOC/dev/CR0-OCCT691-7-CR0-OCCT691-occt-64/drv/IntRes2d/IntRes2d_SequenceNodeOfSequenceOfIntersectionSegment_0.cxx
+M IntRes2d:pubinclude:IntRes2d_Position.hxx /misc/dn61/LocalWOK/wok_entities/LOC/dev/CR0-OCCT691-7-CR0-OCCT691-occt-64/inc/IntRes2d_Position.hxx
+M IntRes2d:pubinclude:IntRes2d_TypeTrans.hxx /misc/dn61/LocalWOK/wok_entities/LOC/dev/CR0-OCCT691-7-CR0-OCCT691-occt-64/inc/IntRes2d_TypeTrans.hxx
+M IntRes2d:pubinclude:IntRes2d_Situation.hxx /misc/dn61/LocalWOK/wok_entities/LOC/dev/CR0-OCCT691-7-CR0-OCCT691-occt-64/inc/IntRes2d_Situation.hxx
+M IntRes2d:dbadmfile:IntRes2d_xcpp_header.In /misc/dn61/LocalWOK/wok_entities/LOC/dev/CR0-OCCT691-7-CR0-OCCT691-occt-64/drv/IntRes2d/.adm/IntRes2d_xcpp_header.In
+M IntRes2d:dbadmfile:IntRes2d_xcpp_header.Out /misc/dn61/LocalWOK/wok_entities/LOC/dev/CR0-OCCT691-7-CR0-OCCT691-occt-64/drv/IntRes2d/.adm/IntRes2d_xcpp_header.Out
+M IntRes2d:dbadmfile:IntRes2d_xcpp_header.Dep /misc/dn61/LocalWOK/wok_entities/LOC/dev/CR0-OCCT691-7-CR0-OCCT691-occt-64/drv/IntRes2d/.adm/IntRes2d_xcpp_header.Dep
