+M TColGeom2d:pubinclude:TColGeom2d_Array1OfCurve.hxx /misc/dn61/LocalWOK/wok_entities/LOC/dev/CR0-OCCT691-7-CR0-OCCT691-occt-64/inc/TColGeom2d_Array1OfCurve.hxx
+M TColGeom2d:derivated:TColGeom2d_Array1OfCurve_0.cxx /misc/dn61/LocalWOK/wok_entities/LOC/dev/CR0-OCCT691-7-CR0-OCCT691-occt-64/drv/TColGeom2d/TColGeom2d_Array1OfCurve_0.cxx
+M TColGeom2d:pubinclude:TColGeom2d_Array1OfBezierCurve.hxx /misc/dn61/LocalWOK/wok_entities/LOC/dev/CR0-OCCT691-7-CR0-OCCT691-occt-64/inc/TColGeom2d_Array1OfBezierCurve.hxx
+M TColGeom2d:derivated:TColGeom2d_Array1OfBezierCurve_0.cxx /misc/dn61/LocalWOK/wok_entities/LOC/dev/CR0-OCCT691-7-CR0-OCCT691-occt-64/drv/TColGeom2d/TColGeom2d_Array1OfBezierCurve_0.cxx
+M TColGeom2d:pubinclude:TColGeom2d_Array1OfBSplineCurve.hxx /misc/dn61/LocalWOK/wok_entities/LOC/dev/CR0-OCCT691-7-CR0-OCCT691-occt-64/inc/TColGeom2d_Array1OfBSplineCurve.hxx
+M TColGeom2d:derivated:TColGeom2d_Array1OfBSplineCurve_0.cxx /misc/dn61/LocalWOK/wok_entities/LOC/dev/CR0-OCCT691-7-CR0-OCCT691-occt-64/drv/TColGeom2d/TColGeom2d_Array1OfBSplineCurve_0.cxx
+M TColGeom2d:pubinclude:Handle_TColGeom2d_HArray1OfCurve.hxx /misc/dn61/LocalWOK/wok_entities/LOC/dev/CR0-OCCT691-7-CR0-OCCT691-occt-64/inc/Handle_TColGeom2d_HArray1OfCurve.hxx
+M TColGeom2d:pubinclude:TColGeom2d_HArray1OfCurve.hxx /misc/dn61/LocalWOK/wok_entities/LOC/dev/CR0-OCCT691-7-CR0-OCCT691-occt-64/inc/TColGeom2d_HArray1OfCurve.hxx
+M TColGeom2d:derivated:TColGeom2d_HArray1OfCurve_0.cxx /misc/dn61/LocalWOK/wok_entities/LOC/dev/CR0-OCCT691-7-CR0-OCCT691-occt-64/drv/TColGeom2d/TColGeom2d_HArray1OfCurve_0.cxx
+M TColGeom2d:pubinclude:Handle_TColGeom2d_HArray1OfBezierCurve.hxx /misc/dn61/LocalWOK/wok_entities/LOC/dev/CR0-OCCT691-7-CR0-OCCT691-occt-64/inc/Handle_TColGeom2d_HArray1OfBezierCurve.hxx
+M TColGeom2d:pubinclude:TColGeom2d_HArray1OfBezierCurve.hxx /misc/dn61/LocalWOK/wok_entities/LOC/dev/CR0-OCCT691-7-CR0-OCCT691-occt-64/inc/TColGeom2d_HArray1OfBezierCurve.hxx
+M TColGeom2d:derivated:TColGeom2d_HArray1OfBezierCurve_0.cxx /misc/dn61/LocalWOK/wok_entities/LOC/dev/CR0-OCCT691-7-CR0-OCCT691-occt-64/drv/TColGeom2d/TColGeom2d_HArray1OfBezierCurve_0.cxx
+M TColGeom2d:pubinclude:Handle_TColGeom2d_HArray1OfBSplineCurve.hxx /misc/dn61/LocalWOK/wok_entities/LOC/dev/CR0-OCCT691-7-CR0-OCCT691-occt-64/inc/Handle_TColGeom2d_HArray1OfBSplineCurve.hxx
+M TColGeom2d:pubinclude:TColGeom2d_HArray1OfBSplineCurve.hxx /misc/dn61/LocalWOK/wok_entities/LOC/dev/CR0-OCCT691-7-CR0-OCCT691-occt-64/inc/TColGeom2d_HArray1OfBSplineCurve.hxx
+M TColGeom2d:derivated:TColGeom2d_HArray1OfBSplineCurve_0.cxx /misc/dn61/LocalWOK/wok_entities/LOC/dev/CR0-OCCT691-7-CR0-OCCT691-occt-64/drv/TColGeom2d/TColGeom2d_HArray1OfBSplineCurve_0.cxx
+M TColGeom2d:pubinclude:TColGeom2d_SequenceOfGeometry.hxx /misc/dn61/LocalWOK/wok_entities/LOC/dev/CR0-OCCT691-7-CR0-OCCT691-occt-64/inc/TColGeom2d_SequenceOfGeometry.hxx
+M TColGeom2d:derivated:TColGeom2d_SequenceOfGeometry_0.cxx /misc/dn61/LocalWOK/wok_entities/LOC/dev/CR0-OCCT691-7-CR0-OCCT691-occt-64/drv/TColGeom2d/TColGeom2d_SequenceOfGeometry_0.cxx
+M TColGeom2d:pubinclude:TColGeom2d_SequenceOfCurve.hxx /misc/dn61/LocalWOK/wok_entities/LOC/dev/CR0-OCCT691-7-CR0-OCCT691-occt-64/inc/TColGeom2d_SequenceOfCurve.hxx
+M TColGeom2d:derivated:TColGeom2d_SequenceOfCurve_0.cxx /misc/dn61/LocalWOK/wok_entities/LOC/dev/CR0-OCCT691-7-CR0-OCCT691-occt-64/drv/TColGeom2d/TColGeom2d_SequenceOfCurve_0.cxx
+M TColGeom2d:pubinclude:TColGeom2d_SequenceOfBoundedCurve.hxx /misc/dn61/LocalWOK/wok_entities/LOC/dev/CR0-OCCT691-7-CR0-OCCT691-occt-64/inc/TColGeom2d_SequenceOfBoundedCurve.hxx
+M TColGeom2d:derivated:TColGeom2d_SequenceOfBoundedCurve_0.cxx /misc/dn61/LocalWOK/wok_entities/LOC/dev/CR0-OCCT691-7-CR0-OCCT691-occt-64/drv/TColGeom2d/TColGeom2d_SequenceOfBoundedCurve_0.cxx
+M TColGeom2d:pubinclude:Handle_TColGeom2d_HSequenceOfCurve.hxx /misc/dn61/LocalWOK/wok_entities/LOC/dev/CR0-OCCT691-7-CR0-OCCT691-occt-64/inc/Handle_TColGeom2d_HSequenceOfCurve.hxx
+M TColGeom2d:pubinclude:TColGeom2d_HSequenceOfCurve.hxx /misc/dn61/LocalWOK/wok_entities/LOC/dev/CR0-OCCT691-7-CR0-OCCT691-occt-64/inc/TColGeom2d_HSequenceOfCurve.hxx
+M TColGeom2d:derivated:TColGeom2d_HSequenceOfCurve_0.cxx /misc/dn61/LocalWOK/wok_entities/LOC/dev/CR0-OCCT691-7-CR0-OCCT691-occt-64/drv/TColGeom2d/TColGeom2d_HSequenceOfCurve_0.cxx
+M TColGeom2d:pubinclude:Handle_TColGeom2d_HSequenceOfBoundedCurve.hxx /misc/dn61/LocalWOK/wok_entities/LOC/dev/CR0-OCCT691-7-CR0-OCCT691-occt-64/inc/Handle_TColGeom2d_HSequenceOfBoundedCurve.hxx
+M TColGeom2d:pubinclude:TColGeom2d_HSequenceOfBoundedCurve.hxx /misc/dn61/LocalWOK/wok_entities/LOC/dev/CR0-OCCT691-7-CR0-OCCT691-occt-64/inc/TColGeom2d_HSequenceOfBoundedCurve.hxx
+M TColGeom2d:derivated:TColGeom2d_HSequenceOfBoundedCurve_0.cxx /misc/dn61/LocalWOK/wok_entities/LOC/dev/CR0-OCCT691-7-CR0-OCCT691-occt-64/drv/TColGeom2d/TColGeom2d_HSequenceOfBoundedCurve_0.cxx
+M TColGeom2d:pubinclude:Handle_TColGeom2d_SequenceNodeOfSequenceOfGeometry.hxx /misc/dn61/LocalWOK/wok_entities/LOC/dev/CR0-OCCT691-7-CR0-OCCT691-occt-64/inc/Handle_TColGeom2d_SequenceNodeOfSequenceOfGeometry.hxx
+M TColGeom2d:pubinclude:TColGeom2d_SequenceNodeOfSequenceOfGeometry.hxx /misc/dn61/LocalWOK/wok_entities/LOC/dev/CR0-OCCT691-7-CR0-OCCT691-occt-64/inc/TColGeom2d_SequenceNodeOfSequenceOfGeometry.hxx
+M TColGeom2d:derivated:TColGeom2d_SequenceNodeOfSequenceOfGeometry_0.cxx /misc/dn61/LocalWOK/wok_entities/LOC/dev/CR0-OCCT691-7-CR0-OCCT691-occt-64/drv/TColGeom2d/TColGeom2d_SequenceNodeOfSequenceOfGeometry_0.cxx
+M TColGeom2d:pubinclude:Handle_TColGeom2d_SequenceNodeOfSequenceOfCurve.hxx /misc/dn61/LocalWOK/wok_entities/LOC/dev/CR0-OCCT691-7-CR0-OCCT691-occt-64/inc/Handle_TColGeom2d_SequenceNodeOfSequenceOfCurve.hxx
+M TColGeom2d:pubinclude:TColGeom2d_SequenceNodeOfSequenceOfCurve.hxx /misc/dn61/LocalWOK/wok_entities/LOC/dev/CR0-OCCT691-7-CR0-OCCT691-occt-64/inc/TColGeom2d_SequenceNodeOfSequenceOfCurve.hxx
+M TColGeom2d:derivated:TColGeom2d_SequenceNodeOfSequenceOfCurve_0.cxx /misc/dn61/LocalWOK/wok_entities/LOC/dev/CR0-OCCT691-7-CR0-OCCT691-occt-64/drv/TColGeom2d/TColGeom2d_SequenceNodeOfSequenceOfCurve_0.cxx
+M TColGeom2d:pubinclude:Handle_TColGeom2d_SequenceNodeOfSequenceOfBoundedCurve.hxx /misc/dn61/LocalWOK/wok_entities/LOC/dev/CR0-OCCT691-7-CR0-OCCT691-occt-64/inc/Handle_TColGeom2d_SequenceNodeOfSequenceOfBoundedCurve.hxx
+M TColGeom2d:pubinclude:TColGeom2d_SequenceNodeOfSequenceOfBoundedCurve.hxx /misc/dn61/LocalWOK/wok_entities/LOC/dev/CR0-OCCT691-7-CR0-OCCT691-occt-64/inc/TColGeom2d_SequenceNodeOfSequenceOfBoundedCurve.hxx
+M TColGeom2d:derivated:TColGeom2d_SequenceNodeOfSequenceOfBoundedCurve_0.cxx /misc/dn61/LocalWOK/wok_entities/LOC/dev/CR0-OCCT691-7-CR0-OCCT691-occt-64/drv/TColGeom2d/TColGeom2d_SequenceNodeOfSequenceOfBoundedCurve_0.cxx
+M TColGeom2d:dbadmfile:TColGeom2d_xcpp_header.In /misc/dn61/LocalWOK/wok_entities/LOC/dev/CR0-OCCT691-7-CR0-OCCT691-occt-64/drv/TColGeom2d/.adm/TColGeom2d_xcpp_header.In
+M TColGeom2d:dbadmfile:TColGeom2d_xcpp_header.Out /misc/dn61/LocalWOK/wok_entities/LOC/dev/CR0-OCCT691-7-CR0-OCCT691-occt-64/drv/TColGeom2d/.adm/TColGeom2d_xcpp_header.Out
+M TColGeom2d:dbadmfile:TColGeom2d_xcpp_header.Dep /misc/dn61/LocalWOK/wok_entities/LOC/dev/CR0-OCCT691-7-CR0-OCCT691-occt-64/drv/TColGeom2d/.adm/TColGeom2d_xcpp_header.Dep
