+M VrmlData:pubinclude:VrmlData_Appearance.hxx /misc/dn61/LocalWOK/wok_entities/LOC/dev/CR0-OCCT691-7-CR0-OCCT691-occt-64/inc/VrmlData_Appearance.hxx
+M VrmlData:pubinclude:VrmlData_ArrayVec3d.hxx /misc/dn61/LocalWOK/wok_entities/LOC/dev/CR0-OCCT691-7-CR0-OCCT691-occt-64/inc/VrmlData_ArrayVec3d.hxx
+M VrmlData:pubinclude:VrmlData_Box.hxx /misc/dn61/LocalWOK/wok_entities/LOC/dev/CR0-OCCT691-7-CR0-OCCT691-occt-64/inc/VrmlData_Box.hxx
+M VrmlData:pubinclude:VrmlData_Color.hxx /misc/dn61/LocalWOK/wok_entities/LOC/dev/CR0-OCCT691-7-CR0-OCCT691-occt-64/inc/VrmlData_Color.hxx
+M VrmlData:pubinclude:VrmlData_Cone.hxx /misc/dn61/LocalWOK/wok_entities/LOC/dev/CR0-OCCT691-7-CR0-OCCT691-occt-64/inc/VrmlData_Cone.hxx
+M VrmlData:pubinclude:VrmlData_Coordinate.hxx /misc/dn61/LocalWOK/wok_entities/LOC/dev/CR0-OCCT691-7-CR0-OCCT691-occt-64/inc/VrmlData_Coordinate.hxx
+M VrmlData:pubinclude:VrmlData_Cylinder.hxx /misc/dn61/LocalWOK/wok_entities/LOC/dev/CR0-OCCT691-7-CR0-OCCT691-occt-64/inc/VrmlData_Cylinder.hxx
+M VrmlData:pubinclude:VrmlData_ErrorStatus.hxx /misc/dn61/LocalWOK/wok_entities/LOC/dev/CR0-OCCT691-7-CR0-OCCT691-occt-64/inc/VrmlData_ErrorStatus.hxx
+M VrmlData:pubinclude:VrmlData_Faceted.hxx /misc/dn61/LocalWOK/wok_entities/LOC/dev/CR0-OCCT691-7-CR0-OCCT691-occt-64/inc/VrmlData_Faceted.hxx
+M VrmlData:pubinclude:VrmlData_Geometry.hxx /misc/dn61/LocalWOK/wok_entities/LOC/dev/CR0-OCCT691-7-CR0-OCCT691-occt-64/inc/VrmlData_Geometry.hxx
+M VrmlData:pubinclude:VrmlData_Group.hxx /misc/dn61/LocalWOK/wok_entities/LOC/dev/CR0-OCCT691-7-CR0-OCCT691-occt-64/inc/VrmlData_Group.hxx
+M VrmlData:pubinclude:VrmlData_ImageTexture.hxx /misc/dn61/LocalWOK/wok_entities/LOC/dev/CR0-OCCT691-7-CR0-OCCT691-occt-64/inc/VrmlData_ImageTexture.hxx
+M VrmlData:pubinclude:VrmlData_InBuffer.hxx /misc/dn61/LocalWOK/wok_entities/LOC/dev/CR0-OCCT691-7-CR0-OCCT691-occt-64/inc/VrmlData_InBuffer.hxx
+M VrmlData:pubinclude:VrmlData_IndexedFaceSet.hxx /misc/dn61/LocalWOK/wok_entities/LOC/dev/CR0-OCCT691-7-CR0-OCCT691-occt-64/inc/VrmlData_IndexedFaceSet.hxx
+M VrmlData:pubinclude:VrmlData_ListOfNode.hxx /misc/dn61/LocalWOK/wok_entities/LOC/dev/CR0-OCCT691-7-CR0-OCCT691-occt-64/inc/VrmlData_ListOfNode.hxx
+M VrmlData:pubinclude:VrmlData_MapOfNode.hxx /misc/dn61/LocalWOK/wok_entities/LOC/dev/CR0-OCCT691-7-CR0-OCCT691-occt-64/inc/VrmlData_MapOfNode.hxx
+M VrmlData:pubinclude:VrmlData_WorldInfo.hxx /misc/dn61/LocalWOK/wok_entities/LOC/dev/CR0-OCCT691-7-CR0-OCCT691-occt-64/inc/VrmlData_WorldInfo.hxx
+M VrmlData:pubinclude:VrmlData_IndexedLineSet.hxx /misc/dn61/LocalWOK/wok_entities/LOC/dev/CR0-OCCT691-7-CR0-OCCT691-occt-64/inc/VrmlData_IndexedLineSet.hxx
+M VrmlData:pubinclude:VrmlData_Material.hxx /misc/dn61/LocalWOK/wok_entities/LOC/dev/CR0-OCCT691-7-CR0-OCCT691-occt-64/inc/VrmlData_Material.hxx
+M VrmlData:pubinclude:VrmlData_Node.hxx /misc/dn61/LocalWOK/wok_entities/LOC/dev/CR0-OCCT691-7-CR0-OCCT691-occt-64/inc/VrmlData_Node.hxx
+M VrmlData:pubinclude:VrmlData_Normal.hxx /misc/dn61/LocalWOK/wok_entities/LOC/dev/CR0-OCCT691-7-CR0-OCCT691-occt-64/inc/VrmlData_Normal.hxx
+M VrmlData:pubinclude:VrmlData_Scene.hxx /misc/dn61/LocalWOK/wok_entities/LOC/dev/CR0-OCCT691-7-CR0-OCCT691-occt-64/inc/VrmlData_Scene.hxx
+M VrmlData:pubinclude:VrmlData_ShapeNode.hxx /misc/dn61/LocalWOK/wok_entities/LOC/dev/CR0-OCCT691-7-CR0-OCCT691-occt-64/inc/VrmlData_ShapeNode.hxx
+M VrmlData:pubinclude:VrmlData_Sphere.hxx /misc/dn61/LocalWOK/wok_entities/LOC/dev/CR0-OCCT691-7-CR0-OCCT691-occt-64/inc/VrmlData_Sphere.hxx
+M VrmlData:pubinclude:VrmlData_Texture.hxx /misc/dn61/LocalWOK/wok_entities/LOC/dev/CR0-OCCT691-7-CR0-OCCT691-occt-64/inc/VrmlData_Texture.hxx
+M VrmlData:pubinclude:VrmlData_TextureCoordinate.hxx /misc/dn61/LocalWOK/wok_entities/LOC/dev/CR0-OCCT691-7-CR0-OCCT691-occt-64/inc/VrmlData_TextureCoordinate.hxx
+M VrmlData:pubinclude:VrmlData_TextureTransform.hxx /misc/dn61/LocalWOK/wok_entities/LOC/dev/CR0-OCCT691-7-CR0-OCCT691-occt-64/inc/VrmlData_TextureTransform.hxx
+M VrmlData:pubinclude:VrmlData_UnknownNode.hxx /misc/dn61/LocalWOK/wok_entities/LOC/dev/CR0-OCCT691-7-CR0-OCCT691-occt-64/inc/VrmlData_UnknownNode.hxx
+M VrmlData:pubinclude:VrmlData_ShapeConvert.hxx /misc/dn61/LocalWOK/wok_entities/LOC/dev/CR0-OCCT691-7-CR0-OCCT691-occt-64/inc/VrmlData_ShapeConvert.hxx
+M VrmlData:pubinclude:VrmlData_DataMapOfShapeAppearance.hxx /misc/dn61/LocalWOK/wok_entities/LOC/dev/CR0-OCCT691-7-CR0-OCCT691-occt-64/inc/VrmlData_DataMapOfShapeAppearance.hxx
+M VrmlData:dbadmfile:VrmlData_obj_inc.In /misc/dn61/LocalWOK/wok_entities/LOC/dev/CR0-OCCT691-7-CR0-OCCT691-occt-64/drv/VrmlData/.adm/VrmlData_obj_inc.In
+M VrmlData:dbadmfile:VrmlData_obj_inc.Out /misc/dn61/LocalWOK/wok_entities/LOC/dev/CR0-OCCT691-7-CR0-OCCT691-occt-64/drv/VrmlData/.adm/VrmlData_obj_inc.Out
+M VrmlData:dbadmfile:VrmlData_obj_inc.Dep /misc/dn61/LocalWOK/wok_entities/LOC/dev/CR0-OCCT691-7-CR0-OCCT691-occt-64/drv/VrmlData/.adm/VrmlData_obj_inc.Dep
