+M IntTools:pubinclude:IntTools.hxx /misc/dn61/LocalWOK/wok_entities/LOC/dev/CR0-OCCT691-7-CR0-OCCT691-occt-64/inc/IntTools.hxx
+M IntTools:privinclude:IntTools.jxx /misc/dn61/LocalWOK/wok_entities/LOC/dev/CR0-OCCT691-7-CR0-OCCT691-occt-64/drv/IntTools/IntTools.jxx
+M IntTools:privinclude:IntTools.ixx /misc/dn61/LocalWOK/wok_entities/LOC/dev/CR0-OCCT691-7-CR0-OCCT691-occt-64/drv/IntTools/IntTools.ixx
+M IntTools:pubinclude:Handle_IntTools_Context.hxx /misc/dn61/LocalWOK/wok_entities/LOC/dev/CR0-OCCT691-7-CR0-OCCT691-occt-64/inc/Handle_IntTools_Context.hxx
+M IntTools:pubinclude:IntTools_Context.hxx /misc/dn61/LocalWOK/wok_entities/LOC/dev/CR0-OCCT691-7-CR0-OCCT691-occt-64/inc/IntTools_Context.hxx
+M IntTools:privinclude:IntTools_Context.jxx /misc/dn61/LocalWOK/wok_entities/LOC/dev/CR0-OCCT691-7-CR0-OCCT691-occt-64/drv/IntTools/IntTools_Context.jxx
+M IntTools:privinclude:IntTools_Context.ixx /misc/dn61/LocalWOK/wok_entities/LOC/dev/CR0-OCCT691-7-CR0-OCCT691-occt-64/drv/IntTools/IntTools_Context.ixx
+M IntTools:pubinclude:IntTools_ShrunkRange.hxx /misc/dn61/LocalWOK/wok_entities/LOC/dev/CR0-OCCT691-7-CR0-OCCT691-occt-64/inc/IntTools_ShrunkRange.hxx
+M IntTools:privinclude:IntTools_ShrunkRange.jxx /misc/dn61/LocalWOK/wok_entities/LOC/dev/CR0-OCCT691-7-CR0-OCCT691-occt-64/drv/IntTools/IntTools_ShrunkRange.jxx
+M IntTools:privinclude:IntTools_ShrunkRange.ixx /misc/dn61/LocalWOK/wok_entities/LOC/dev/CR0-OCCT691-7-CR0-OCCT691-occt-64/drv/IntTools/IntTools_ShrunkRange.ixx
+M IntTools:pubinclude:IntTools_Range.hxx /misc/dn61/LocalWOK/wok_entities/LOC/dev/CR0-OCCT691-7-CR0-OCCT691-occt-64/inc/IntTools_Range.hxx
+M IntTools:privinclude:IntTools_Range.jxx /misc/dn61/LocalWOK/wok_entities/LOC/dev/CR0-OCCT691-7-CR0-OCCT691-occt-64/drv/IntTools/IntTools_Range.jxx
+M IntTools:privinclude:IntTools_Range.ixx /misc/dn61/LocalWOK/wok_entities/LOC/dev/CR0-OCCT691-7-CR0-OCCT691-occt-64/drv/IntTools/IntTools_Range.ixx
+M IntTools:pubinclude:IntTools_CommonPrt.hxx /misc/dn61/LocalWOK/wok_entities/LOC/dev/CR0-OCCT691-7-CR0-OCCT691-occt-64/inc/IntTools_CommonPrt.hxx
+M IntTools:privinclude:IntTools_CommonPrt.jxx /misc/dn61/LocalWOK/wok_entities/LOC/dev/CR0-OCCT691-7-CR0-OCCT691-occt-64/drv/IntTools/IntTools_CommonPrt.jxx
+M IntTools:privinclude:IntTools_CommonPrt.ixx /misc/dn61/LocalWOK/wok_entities/LOC/dev/CR0-OCCT691-7-CR0-OCCT691-occt-64/drv/IntTools/IntTools_CommonPrt.ixx
+M IntTools:pubinclude:IntTools_Root.hxx /misc/dn61/LocalWOK/wok_entities/LOC/dev/CR0-OCCT691-7-CR0-OCCT691-occt-64/inc/IntTools_Root.hxx
+M IntTools:privinclude:IntTools_Root.jxx /misc/dn61/LocalWOK/wok_entities/LOC/dev/CR0-OCCT691-7-CR0-OCCT691-occt-64/drv/IntTools/IntTools_Root.jxx
+M IntTools:privinclude:IntTools_Root.ixx /misc/dn61/LocalWOK/wok_entities/LOC/dev/CR0-OCCT691-7-CR0-OCCT691-occt-64/drv/IntTools/IntTools_Root.ixx
+M IntTools:pubinclude:IntTools_Compare.hxx /misc/dn61/LocalWOK/wok_entities/LOC/dev/CR0-OCCT691-7-CR0-OCCT691-occt-64/inc/IntTools_Compare.hxx
+M IntTools:privinclude:IntTools_Compare.jxx /misc/dn61/LocalWOK/wok_entities/LOC/dev/CR0-OCCT691-7-CR0-OCCT691-occt-64/drv/IntTools/IntTools_Compare.jxx
+M IntTools:privinclude:IntTools_Compare.ixx /misc/dn61/LocalWOK/wok_entities/LOC/dev/CR0-OCCT691-7-CR0-OCCT691-occt-64/drv/IntTools/IntTools_Compare.ixx
+M IntTools:pubinclude:IntTools_CompareRange.hxx /misc/dn61/LocalWOK/wok_entities/LOC/dev/CR0-OCCT691-7-CR0-OCCT691-occt-64/inc/IntTools_CompareRange.hxx
+M IntTools:privinclude:IntTools_CompareRange.jxx /misc/dn61/LocalWOK/wok_entities/LOC/dev/CR0-OCCT691-7-CR0-OCCT691-occt-64/drv/IntTools/IntTools_CompareRange.jxx
+M IntTools:privinclude:IntTools_CompareRange.ixx /misc/dn61/LocalWOK/wok_entities/LOC/dev/CR0-OCCT691-7-CR0-OCCT691-occt-64/drv/IntTools/IntTools_CompareRange.ixx
+M IntTools:pubinclude:IntTools_EdgeEdge.hxx /misc/dn61/LocalWOK/wok_entities/LOC/dev/CR0-OCCT691-7-CR0-OCCT691-occt-64/inc/IntTools_EdgeEdge.hxx
+M IntTools:privinclude:IntTools_EdgeEdge.jxx /misc/dn61/LocalWOK/wok_entities/LOC/dev/CR0-OCCT691-7-CR0-OCCT691-occt-64/drv/IntTools/IntTools_EdgeEdge.jxx
+M IntTools:privinclude:IntTools_EdgeEdge.ixx /misc/dn61/LocalWOK/wok_entities/LOC/dev/CR0-OCCT691-7-CR0-OCCT691-occt-64/drv/IntTools/IntTools_EdgeEdge.ixx
+M IntTools:pubinclude:IntTools_EdgeFace.hxx /misc/dn61/LocalWOK/wok_entities/LOC/dev/CR0-OCCT691-7-CR0-OCCT691-occt-64/inc/IntTools_EdgeFace.hxx
+M IntTools:privinclude:IntTools_EdgeFace.jxx /misc/dn61/LocalWOK/wok_entities/LOC/dev/CR0-OCCT691-7-CR0-OCCT691-occt-64/drv/IntTools/IntTools_EdgeFace.jxx
+M IntTools:privinclude:IntTools_EdgeFace.ixx /misc/dn61/LocalWOK/wok_entities/LOC/dev/CR0-OCCT691-7-CR0-OCCT691-occt-64/drv/IntTools/IntTools_EdgeFace.ixx
+M IntTools:pubinclude:IntTools_FClass2d.hxx /misc/dn61/LocalWOK/wok_entities/LOC/dev/CR0-OCCT691-7-CR0-OCCT691-occt-64/inc/IntTools_FClass2d.hxx
+M IntTools:privinclude:IntTools_FClass2d.jxx /misc/dn61/LocalWOK/wok_entities/LOC/dev/CR0-OCCT691-7-CR0-OCCT691-occt-64/drv/IntTools/IntTools_FClass2d.jxx
+M IntTools:privinclude:IntTools_FClass2d.ixx /misc/dn61/LocalWOK/wok_entities/LOC/dev/CR0-OCCT691-7-CR0-OCCT691-occt-64/drv/IntTools/IntTools_FClass2d.ixx
+M IntTools:pubinclude:IntTools_MarkedRangeSet.hxx /misc/dn61/LocalWOK/wok_entities/LOC/dev/CR0-OCCT691-7-CR0-OCCT691-occt-64/inc/IntTools_MarkedRangeSet.hxx
+M IntTools:privinclude:IntTools_MarkedRangeSet.jxx /misc/dn61/LocalWOK/wok_entities/LOC/dev/CR0-OCCT691-7-CR0-OCCT691-occt-64/drv/IntTools/IntTools_MarkedRangeSet.jxx
+M IntTools:privinclude:IntTools_MarkedRangeSet.ixx /misc/dn61/LocalWOK/wok_entities/LOC/dev/CR0-OCCT691-7-CR0-OCCT691-occt-64/drv/IntTools/IntTools_MarkedRangeSet.ixx
+M IntTools:pubinclude:IntTools_BaseRangeSample.hxx /misc/dn61/LocalWOK/wok_entities/LOC/dev/CR0-OCCT691-7-CR0-OCCT691-occt-64/inc/IntTools_BaseRangeSample.hxx
+M IntTools:privinclude:IntTools_BaseRangeSample.jxx /misc/dn61/LocalWOK/wok_entities/LOC/dev/CR0-OCCT691-7-CR0-OCCT691-occt-64/drv/IntTools/IntTools_BaseRangeSample.jxx
+M IntTools:privinclude:IntTools_BaseRangeSample.ixx /misc/dn61/LocalWOK/wok_entities/LOC/dev/CR0-OCCT691-7-CR0-OCCT691-occt-64/drv/IntTools/IntTools_BaseRangeSample.ixx
+M IntTools:pubinclude:IntTools_CurveRangeSample.hxx /misc/dn61/LocalWOK/wok_entities/LOC/dev/CR0-OCCT691-7-CR0-OCCT691-occt-64/inc/IntTools_CurveRangeSample.hxx
+M IntTools:privinclude:IntTools_CurveRangeSample.jxx /misc/dn61/LocalWOK/wok_entities/LOC/dev/CR0-OCCT691-7-CR0-OCCT691-occt-64/drv/IntTools/IntTools_CurveRangeSample.jxx
+M IntTools:privinclude:IntTools_CurveRangeSample.ixx /misc/dn61/LocalWOK/wok_entities/LOC/dev/CR0-OCCT691-7-CR0-OCCT691-occt-64/drv/IntTools/IntTools_CurveRangeSample.ixx
+M IntTools:pubinclude:IntTools_SurfaceRangeSample.hxx /misc/dn61/LocalWOK/wok_entities/LOC/dev/CR0-OCCT691-7-CR0-OCCT691-occt-64/inc/IntTools_SurfaceRangeSample.hxx
+M IntTools:privinclude:IntTools_SurfaceRangeSample.jxx /misc/dn61/LocalWOK/wok_entities/LOC/dev/CR0-OCCT691-7-CR0-OCCT691-occt-64/drv/IntTools/IntTools_SurfaceRangeSample.jxx
+M IntTools:privinclude:IntTools_SurfaceRangeSample.ixx /misc/dn61/LocalWOK/wok_entities/LOC/dev/CR0-OCCT691-7-CR0-OCCT691-occt-64/drv/IntTools/IntTools_SurfaceRangeSample.ixx
+M IntTools:pubinclude:IntTools_CurveRangeLocalizeData.hxx /misc/dn61/LocalWOK/wok_entities/LOC/dev/CR0-OCCT691-7-CR0-OCCT691-occt-64/inc/IntTools_CurveRangeLocalizeData.hxx
+M IntTools:privinclude:IntTools_CurveRangeLocalizeData.jxx /misc/dn61/LocalWOK/wok_entities/LOC/dev/CR0-OCCT691-7-CR0-OCCT691-occt-64/drv/IntTools/IntTools_CurveRangeLocalizeData.jxx
+M IntTools:privinclude:IntTools_CurveRangeLocalizeData.ixx /misc/dn61/LocalWOK/wok_entities/LOC/dev/CR0-OCCT691-7-CR0-OCCT691-occt-64/drv/IntTools/IntTools_CurveRangeLocalizeData.ixx
+M IntTools:pubinclude:IntTools_SurfaceRangeLocalizeData.hxx /misc/dn61/LocalWOK/wok_entities/LOC/dev/CR0-OCCT691-7-CR0-OCCT691-occt-64/inc/IntTools_SurfaceRangeLocalizeData.hxx
+M IntTools:privinclude:IntTools_SurfaceRangeLocalizeData.jxx /misc/dn61/LocalWOK/wok_entities/LOC/dev/CR0-OCCT691-7-CR0-OCCT691-occt-64/drv/IntTools/IntTools_SurfaceRangeLocalizeData.jxx
+M IntTools:privinclude:IntTools_SurfaceRangeLocalizeData.ixx /misc/dn61/LocalWOK/wok_entities/LOC/dev/CR0-OCCT691-7-CR0-OCCT691-occt-64/drv/IntTools/IntTools_SurfaceRangeLocalizeData.ixx
+M IntTools:pubinclude:IntTools_BeanFaceIntersector.hxx /misc/dn61/LocalWOK/wok_entities/LOC/dev/CR0-OCCT691-7-CR0-OCCT691-occt-64/inc/IntTools_BeanFaceIntersector.hxx
+M IntTools:privinclude:IntTools_BeanFaceIntersector.jxx /misc/dn61/LocalWOK/wok_entities/LOC/dev/CR0-OCCT691-7-CR0-OCCT691-occt-64/drv/IntTools/IntTools_BeanFaceIntersector.jxx
+M IntTools:privinclude:IntTools_BeanFaceIntersector.ixx /misc/dn61/LocalWOK/wok_entities/LOC/dev/CR0-OCCT691-7-CR0-OCCT691-occt-64/drv/IntTools/IntTools_BeanFaceIntersector.ixx
+M IntTools:pubinclude:IntTools_Curve.hxx /misc/dn61/LocalWOK/wok_entities/LOC/dev/CR0-OCCT691-7-CR0-OCCT691-occt-64/inc/IntTools_Curve.hxx
+M IntTools:privinclude:IntTools_Curve.jxx /misc/dn61/LocalWOK/wok_entities/LOC/dev/CR0-OCCT691-7-CR0-OCCT691-occt-64/drv/IntTools/IntTools_Curve.jxx
+M IntTools:privinclude:IntTools_Curve.ixx /misc/dn61/LocalWOK/wok_entities/LOC/dev/CR0-OCCT691-7-CR0-OCCT691-occt-64/drv/IntTools/IntTools_Curve.ixx
+M IntTools:pubinclude:IntTools_PntOnFace.hxx /misc/dn61/LocalWOK/wok_entities/LOC/dev/CR0-OCCT691-7-CR0-OCCT691-occt-64/inc/IntTools_PntOnFace.hxx
+M IntTools:privinclude:IntTools_PntOnFace.jxx /misc/dn61/LocalWOK/wok_entities/LOC/dev/CR0-OCCT691-7-CR0-OCCT691-occt-64/drv/IntTools/IntTools_PntOnFace.jxx
+M IntTools:privinclude:IntTools_PntOnFace.ixx /misc/dn61/LocalWOK/wok_entities/LOC/dev/CR0-OCCT691-7-CR0-OCCT691-occt-64/drv/IntTools/IntTools_PntOnFace.ixx
+M IntTools:pubinclude:IntTools_PntOn2Faces.hxx /misc/dn61/LocalWOK/wok_entities/LOC/dev/CR0-OCCT691-7-CR0-OCCT691-occt-64/inc/IntTools_PntOn2Faces.hxx
+M IntTools:privinclude:IntTools_PntOn2Faces.jxx /misc/dn61/LocalWOK/wok_entities/LOC/dev/CR0-OCCT691-7-CR0-OCCT691-occt-64/drv/IntTools/IntTools_PntOn2Faces.jxx
+M IntTools:privinclude:IntTools_PntOn2Faces.ixx /misc/dn61/LocalWOK/wok_entities/LOC/dev/CR0-OCCT691-7-CR0-OCCT691-occt-64/drv/IntTools/IntTools_PntOn2Faces.ixx
+M IntTools:pubinclude:Handle_IntTools_TopolTool.hxx /misc/dn61/LocalWOK/wok_entities/LOC/dev/CR0-OCCT691-7-CR0-OCCT691-occt-64/inc/Handle_IntTools_TopolTool.hxx
+M IntTools:pubinclude:IntTools_TopolTool.hxx /misc/dn61/LocalWOK/wok_entities/LOC/dev/CR0-OCCT691-7-CR0-OCCT691-occt-64/inc/IntTools_TopolTool.hxx
+M IntTools:privinclude:IntTools_TopolTool.jxx /misc/dn61/LocalWOK/wok_entities/LOC/dev/CR0-OCCT691-7-CR0-OCCT691-occt-64/drv/IntTools/IntTools_TopolTool.jxx
+M IntTools:privinclude:IntTools_TopolTool.ixx /misc/dn61/LocalWOK/wok_entities/LOC/dev/CR0-OCCT691-7-CR0-OCCT691-occt-64/drv/IntTools/IntTools_TopolTool.ixx
+M IntTools:pubinclude:IntTools_FaceFace.hxx /misc/dn61/LocalWOK/wok_entities/LOC/dev/CR0-OCCT691-7-CR0-OCCT691-occt-64/inc/IntTools_FaceFace.hxx
+M IntTools:privinclude:IntTools_FaceFace.jxx /misc/dn61/LocalWOK/wok_entities/LOC/dev/CR0-OCCT691-7-CR0-OCCT691-occt-64/drv/IntTools/IntTools_FaceFace.jxx
+M IntTools:privinclude:IntTools_FaceFace.ixx /misc/dn61/LocalWOK/wok_entities/LOC/dev/CR0-OCCT691-7-CR0-OCCT691-occt-64/drv/IntTools/IntTools_FaceFace.ixx
+M IntTools:pubinclude:IntTools_Tools.hxx /misc/dn61/LocalWOK/wok_entities/LOC/dev/CR0-OCCT691-7-CR0-OCCT691-occt-64/inc/IntTools_Tools.hxx
+M IntTools:privinclude:IntTools_Tools.jxx /misc/dn61/LocalWOK/wok_entities/LOC/dev/CR0-OCCT691-7-CR0-OCCT691-occt-64/drv/IntTools/IntTools_Tools.jxx
+M IntTools:privinclude:IntTools_Tools.ixx /misc/dn61/LocalWOK/wok_entities/LOC/dev/CR0-OCCT691-7-CR0-OCCT691-occt-64/drv/IntTools/IntTools_Tools.ixx
+M IntTools:pubinclude:IntTools_SequenceOfPntOn2Faces.hxx /misc/dn61/LocalWOK/wok_entities/LOC/dev/CR0-OCCT691-7-CR0-OCCT691-occt-64/inc/IntTools_SequenceOfPntOn2Faces.hxx
+M IntTools:derivated:IntTools_SequenceOfPntOn2Faces_0.cxx /misc/dn61/LocalWOK/wok_entities/LOC/dev/CR0-OCCT691-7-CR0-OCCT691-occt-64/drv/IntTools/IntTools_SequenceOfPntOn2Faces_0.cxx
+M IntTools:pubinclude:IntTools_SequenceOfCurves.hxx /misc/dn61/LocalWOK/wok_entities/LOC/dev/CR0-OCCT691-7-CR0-OCCT691-occt-64/inc/IntTools_SequenceOfCurves.hxx
+M IntTools:derivated:IntTools_SequenceOfCurves_0.cxx /misc/dn61/LocalWOK/wok_entities/LOC/dev/CR0-OCCT691-7-CR0-OCCT691-occt-64/drv/IntTools/IntTools_SequenceOfCurves_0.cxx
+M IntTools:pubinclude:IntTools_SequenceOfRanges.hxx /misc/dn61/LocalWOK/wok_entities/LOC/dev/CR0-OCCT691-7-CR0-OCCT691-occt-64/inc/IntTools_SequenceOfRanges.hxx
+M IntTools:derivated:IntTools_SequenceOfRanges_0.cxx /misc/dn61/LocalWOK/wok_entities/LOC/dev/CR0-OCCT691-7-CR0-OCCT691-occt-64/drv/IntTools/IntTools_SequenceOfRanges_0.cxx
+M IntTools:pubinclude:IntTools_CArray1OfInteger.hxx /misc/dn61/LocalWOK/wok_entities/LOC/dev/CR0-OCCT691-7-CR0-OCCT691-occt-64/inc/IntTools_CArray1OfInteger.hxx
+M IntTools:derivated:IntTools_CArray1OfInteger_0.cxx /misc/dn61/LocalWOK/wok_entities/LOC/dev/CR0-OCCT691-7-CR0-OCCT691-occt-64/drv/IntTools/IntTools_CArray1OfInteger_0.cxx
+M IntTools:pubinclude:IntTools_CArray1OfReal.hxx /misc/dn61/LocalWOK/wok_entities/LOC/dev/CR0-OCCT691-7-CR0-OCCT691-occt-64/inc/IntTools_CArray1OfReal.hxx
+M IntTools:derivated:IntTools_CArray1OfReal_0.cxx /misc/dn61/LocalWOK/wok_entities/LOC/dev/CR0-OCCT691-7-CR0-OCCT691-occt-64/drv/IntTools/IntTools_CArray1OfReal_0.cxx
+M IntTools:pubinclude:IntTools_SequenceOfRoots.hxx /misc/dn61/LocalWOK/wok_entities/LOC/dev/CR0-OCCT691-7-CR0-OCCT691-occt-64/inc/IntTools_SequenceOfRoots.hxx
+M IntTools:derivated:IntTools_SequenceOfRoots_0.cxx /misc/dn61/LocalWOK/wok_entities/LOC/dev/CR0-OCCT691-7-CR0-OCCT691-occt-64/drv/IntTools/IntTools_SequenceOfRoots_0.cxx
+M IntTools:pubinclude:IntTools_Array1OfRoots.hxx /misc/dn61/LocalWOK/wok_entities/LOC/dev/CR0-OCCT691-7-CR0-OCCT691-occt-64/inc/IntTools_Array1OfRoots.hxx
+M IntTools:derivated:IntTools_Array1OfRoots_0.cxx /misc/dn61/LocalWOK/wok_entities/LOC/dev/CR0-OCCT691-7-CR0-OCCT691-occt-64/drv/IntTools/IntTools_Array1OfRoots_0.cxx
+M IntTools:pubinclude:IntTools_Array1OfRange.hxx /misc/dn61/LocalWOK/wok_entities/LOC/dev/CR0-OCCT691-7-CR0-OCCT691-occt-64/inc/IntTools_Array1OfRange.hxx
+M IntTools:derivated:IntTools_Array1OfRange_0.cxx /misc/dn61/LocalWOK/wok_entities/LOC/dev/CR0-OCCT691-7-CR0-OCCT691-occt-64/drv/IntTools/IntTools_Array1OfRange_0.cxx
+M IntTools:pubinclude:IntTools_QuickSort.hxx /misc/dn61/LocalWOK/wok_entities/LOC/dev/CR0-OCCT691-7-CR0-OCCT691-occt-64/inc/IntTools_QuickSort.hxx
+M IntTools:derivated:IntTools_QuickSort_0.cxx /misc/dn61/LocalWOK/wok_entities/LOC/dev/CR0-OCCT691-7-CR0-OCCT691-occt-64/drv/IntTools/IntTools_QuickSort_0.cxx
+M IntTools:pubinclude:IntTools_QuickSortRange.hxx /misc/dn61/LocalWOK/wok_entities/LOC/dev/CR0-OCCT691-7-CR0-OCCT691-occt-64/inc/IntTools_QuickSortRange.hxx
+M IntTools:derivated:IntTools_QuickSortRange_0.cxx /misc/dn61/LocalWOK/wok_entities/LOC/dev/CR0-OCCT691-7-CR0-OCCT691-occt-64/drv/IntTools/IntTools_QuickSortRange_0.cxx
+M IntTools:pubinclude:IntTools_SequenceOfCommonPrts.hxx /misc/dn61/LocalWOK/wok_entities/LOC/dev/CR0-OCCT691-7-CR0-OCCT691-occt-64/inc/IntTools_SequenceOfCommonPrts.hxx
+M IntTools:derivated:IntTools_SequenceOfCommonPrts_0.cxx /misc/dn61/LocalWOK/wok_entities/LOC/dev/CR0-OCCT691-7-CR0-OCCT691-occt-64/drv/IntTools/IntTools_SequenceOfCommonPrts_0.cxx
+M IntTools:pubinclude:IntTools_IndexedDataMapOfTransientAddress.hxx /misc/dn61/LocalWOK/wok_entities/LOC/dev/CR0-OCCT691-7-CR0-OCCT691-occt-64/inc/IntTools_IndexedDataMapOfTransientAddress.hxx
+M IntTools:derivated:IntTools_IndexedDataMapOfTransientAddress_0.cxx /misc/dn61/LocalWOK/wok_entities/LOC/dev/CR0-OCCT691-7-CR0-OCCT691-occt-64/drv/IntTools/IntTools_IndexedDataMapOfTransientAddress_0.cxx
+M IntTools:pubinclude:IntTools_ListOfCurveRangeSample.hxx /misc/dn61/LocalWOK/wok_entities/LOC/dev/CR0-OCCT691-7-CR0-OCCT691-occt-64/inc/IntTools_ListOfCurveRangeSample.hxx
+M IntTools:derivated:IntTools_ListOfCurveRangeSample_0.cxx /misc/dn61/LocalWOK/wok_entities/LOC/dev/CR0-OCCT691-7-CR0-OCCT691-occt-64/drv/IntTools/IntTools_ListOfCurveRangeSample_0.cxx
+M IntTools:pubinclude:IntTools_ListOfSurfaceRangeSample.hxx /misc/dn61/LocalWOK/wok_entities/LOC/dev/CR0-OCCT691-7-CR0-OCCT691-occt-64/inc/IntTools_ListOfSurfaceRangeSample.hxx
+M IntTools:derivated:IntTools_ListOfSurfaceRangeSample_0.cxx /misc/dn61/LocalWOK/wok_entities/LOC/dev/CR0-OCCT691-7-CR0-OCCT691-occt-64/drv/IntTools/IntTools_ListOfSurfaceRangeSample_0.cxx
+M IntTools:pubinclude:IntTools_ListOfBox.hxx /misc/dn61/LocalWOK/wok_entities/LOC/dev/CR0-OCCT691-7-CR0-OCCT691-occt-64/inc/IntTools_ListOfBox.hxx
+M IntTools:derivated:IntTools_ListOfBox_0.cxx /misc/dn61/LocalWOK/wok_entities/LOC/dev/CR0-OCCT691-7-CR0-OCCT691-occt-64/drv/IntTools/IntTools_ListOfBox_0.cxx
+M IntTools:pubinclude:IntTools_CurveRangeSampleMapHasher.hxx /misc/dn61/LocalWOK/wok_entities/LOC/dev/CR0-OCCT691-7-CR0-OCCT691-occt-64/inc/IntTools_CurveRangeSampleMapHasher.hxx
+M IntTools:privinclude:IntTools_CurveRangeSampleMapHasher.jxx /misc/dn61/LocalWOK/wok_entities/LOC/dev/CR0-OCCT691-7-CR0-OCCT691-occt-64/drv/IntTools/IntTools_CurveRangeSampleMapHasher.jxx
+M IntTools:privinclude:IntTools_CurveRangeSampleMapHasher.ixx /misc/dn61/LocalWOK/wok_entities/LOC/dev/CR0-OCCT691-7-CR0-OCCT691-occt-64/drv/IntTools/IntTools_CurveRangeSampleMapHasher.ixx
+M IntTools:pubinclude:IntTools_SurfaceRangeSampleMapHasher.hxx /misc/dn61/LocalWOK/wok_entities/LOC/dev/CR0-OCCT691-7-CR0-OCCT691-occt-64/inc/IntTools_SurfaceRangeSampleMapHasher.hxx
+M IntTools:privinclude:IntTools_SurfaceRangeSampleMapHasher.jxx /misc/dn61/LocalWOK/wok_entities/LOC/dev/CR0-OCCT691-7-CR0-OCCT691-occt-64/drv/IntTools/IntTools_SurfaceRangeSampleMapHasher.jxx
+M IntTools:privinclude:IntTools_SurfaceRangeSampleMapHasher.ixx /misc/dn61/LocalWOK/wok_entities/LOC/dev/CR0-OCCT691-7-CR0-OCCT691-occt-64/drv/IntTools/IntTools_SurfaceRangeSampleMapHasher.ixx
+M IntTools:pubinclude:IntTools_MapOfCurveSample.hxx /misc/dn61/LocalWOK/wok_entities/LOC/dev/CR0-OCCT691-7-CR0-OCCT691-occt-64/inc/IntTools_MapOfCurveSample.hxx
+M IntTools:derivated:IntTools_MapOfCurveSample_0.cxx /misc/dn61/LocalWOK/wok_entities/LOC/dev/CR0-OCCT691-7-CR0-OCCT691-occt-64/drv/IntTools/IntTools_MapOfCurveSample_0.cxx
+M IntTools:pubinclude:IntTools_MapOfSurfaceSample.hxx /misc/dn61/LocalWOK/wok_entities/LOC/dev/CR0-OCCT691-7-CR0-OCCT691-occt-64/inc/IntTools_MapOfSurfaceSample.hxx
+M IntTools:derivated:IntTools_MapOfSurfaceSample_0.cxx /misc/dn61/LocalWOK/wok_entities/LOC/dev/CR0-OCCT691-7-CR0-OCCT691-occt-64/drv/IntTools/IntTools_MapOfSurfaceSample_0.cxx
+M IntTools:pubinclude:IntTools_DataMapOfCurveSampleBox.hxx /misc/dn61/LocalWOK/wok_entities/LOC/dev/CR0-OCCT691-7-CR0-OCCT691-occt-64/inc/IntTools_DataMapOfCurveSampleBox.hxx
+M IntTools:derivated:IntTools_DataMapOfCurveSampleBox_0.cxx /misc/dn61/LocalWOK/wok_entities/LOC/dev/CR0-OCCT691-7-CR0-OCCT691-occt-64/drv/IntTools/IntTools_DataMapOfCurveSampleBox_0.cxx
+M IntTools:pubinclude:IntTools_DataMapOfSurfaceSampleBox.hxx /misc/dn61/LocalWOK/wok_entities/LOC/dev/CR0-OCCT691-7-CR0-OCCT691-occt-64/inc/IntTools_DataMapOfSurfaceSampleBox.hxx
+M IntTools:derivated:IntTools_DataMapOfSurfaceSampleBox_0.cxx /misc/dn61/LocalWOK/wok_entities/LOC/dev/CR0-OCCT691-7-CR0-OCCT691-occt-64/drv/IntTools/IntTools_DataMapOfSurfaceSampleBox_0.cxx
+M IntTools:pubinclude:Handle_IntTools_SequenceNodeOfSequenceOfPntOn2Faces.hxx /misc/dn61/LocalWOK/wok_entities/LOC/dev/CR0-OCCT691-7-CR0-OCCT691-occt-64/inc/Handle_IntTools_SequenceNodeOfSequenceOfPntOn2Faces.hxx
+M IntTools:pubinclude:IntTools_SequenceNodeOfSequenceOfPntOn2Faces.hxx /misc/dn61/LocalWOK/wok_entities/LOC/dev/CR0-OCCT691-7-CR0-OCCT691-occt-64/inc/IntTools_SequenceNodeOfSequenceOfPntOn2Faces.hxx
+M IntTools:derivated:IntTools_SequenceNodeOfSequenceOfPntOn2Faces_0.cxx /misc/dn61/LocalWOK/wok_entities/LOC/dev/CR0-OCCT691-7-CR0-OCCT691-occt-64/drv/IntTools/IntTools_SequenceNodeOfSequenceOfPntOn2Faces_0.cxx
+M IntTools:pubinclude:Handle_IntTools_SequenceNodeOfSequenceOfCurves.hxx /misc/dn61/LocalWOK/wok_entities/LOC/dev/CR0-OCCT691-7-CR0-OCCT691-occt-64/inc/Handle_IntTools_SequenceNodeOfSequenceOfCurves.hxx
+M IntTools:pubinclude:IntTools_SequenceNodeOfSequenceOfCurves.hxx /misc/dn61/LocalWOK/wok_entities/LOC/dev/CR0-OCCT691-7-CR0-OCCT691-occt-64/inc/IntTools_SequenceNodeOfSequenceOfCurves.hxx
+M IntTools:derivated:IntTools_SequenceNodeOfSequenceOfCurves_0.cxx /misc/dn61/LocalWOK/wok_entities/LOC/dev/CR0-OCCT691-7-CR0-OCCT691-occt-64/drv/IntTools/IntTools_SequenceNodeOfSequenceOfCurves_0.cxx
+M IntTools:pubinclude:Handle_IntTools_SequenceNodeOfSequenceOfRanges.hxx /misc/dn61/LocalWOK/wok_entities/LOC/dev/CR0-OCCT691-7-CR0-OCCT691-occt-64/inc/Handle_IntTools_SequenceNodeOfSequenceOfRanges.hxx
+M IntTools:pubinclude:IntTools_SequenceNodeOfSequenceOfRanges.hxx /misc/dn61/LocalWOK/wok_entities/LOC/dev/CR0-OCCT691-7-CR0-OCCT691-occt-64/inc/IntTools_SequenceNodeOfSequenceOfRanges.hxx
+M IntTools:derivated:IntTools_SequenceNodeOfSequenceOfRanges_0.cxx /misc/dn61/LocalWOK/wok_entities/LOC/dev/CR0-OCCT691-7-CR0-OCCT691-occt-64/drv/IntTools/IntTools_SequenceNodeOfSequenceOfRanges_0.cxx
+M IntTools:pubinclude:Handle_IntTools_SequenceNodeOfSequenceOfRoots.hxx /misc/dn61/LocalWOK/wok_entities/LOC/dev/CR0-OCCT691-7-CR0-OCCT691-occt-64/inc/Handle_IntTools_SequenceNodeOfSequenceOfRoots.hxx
+M IntTools:pubinclude:IntTools_SequenceNodeOfSequenceOfRoots.hxx /misc/dn61/LocalWOK/wok_entities/LOC/dev/CR0-OCCT691-7-CR0-OCCT691-occt-64/inc/IntTools_SequenceNodeOfSequenceOfRoots.hxx
+M IntTools:derivated:IntTools_SequenceNodeOfSequenceOfRoots_0.cxx /misc/dn61/LocalWOK/wok_entities/LOC/dev/CR0-OCCT691-7-CR0-OCCT691-occt-64/drv/IntTools/IntTools_SequenceNodeOfSequenceOfRoots_0.cxx
+M IntTools:pubinclude:Handle_IntTools_SequenceNodeOfSequenceOfCommonPrts.hxx /misc/dn61/LocalWOK/wok_entities/LOC/dev/CR0-OCCT691-7-CR0-OCCT691-occt-64/inc/Handle_IntTools_SequenceNodeOfSequenceOfCommonPrts.hxx
+M IntTools:pubinclude:IntTools_SequenceNodeOfSequenceOfCommonPrts.hxx /misc/dn61/LocalWOK/wok_entities/LOC/dev/CR0-OCCT691-7-CR0-OCCT691-occt-64/inc/IntTools_SequenceNodeOfSequenceOfCommonPrts.hxx
+M IntTools:derivated:IntTools_SequenceNodeOfSequenceOfCommonPrts_0.cxx /misc/dn61/LocalWOK/wok_entities/LOC/dev/CR0-OCCT691-7-CR0-OCCT691-occt-64/drv/IntTools/IntTools_SequenceNodeOfSequenceOfCommonPrts_0.cxx
+M IntTools:pubinclude:Handle_IntTools_IndexedDataMapNodeOfIndexedDataMapOfTransientAddress.hxx /misc/dn61/LocalWOK/wok_entities/LOC/dev/CR0-OCCT691-7-CR0-OCCT691-occt-64/inc/Handle_IntTools_IndexedDataMapNodeOfIndexedDataMapOfTransientAddress.hxx
+M IntTools:pubinclude:IntTools_IndexedDataMapNodeOfIndexedDataMapOfTransientAddress.hxx /misc/dn61/LocalWOK/wok_entities/LOC/dev/CR0-OCCT691-7-CR0-OCCT691-occt-64/inc/IntTools_IndexedDataMapNodeOfIndexedDataMapOfTransientAddress.hxx
+M IntTools:derivated:IntTools_IndexedDataMapNodeOfIndexedDataMapOfTransientAddress_0.cxx /misc/dn61/LocalWOK/wok_entities/LOC/dev/CR0-OCCT691-7-CR0-OCCT691-occt-64/drv/IntTools/IntTools_IndexedDataMapNodeOfIndexedDataMapOfTransientAddress_0.cxx
+M IntTools:pubinclude:Handle_IntTools_ListNodeOfListOfCurveRangeSample.hxx /misc/dn61/LocalWOK/wok_entities/LOC/dev/CR0-OCCT691-7-CR0-OCCT691-occt-64/inc/Handle_IntTools_ListNodeOfListOfCurveRangeSample.hxx
+M IntTools:pubinclude:IntTools_ListNodeOfListOfCurveRangeSample.hxx /misc/dn61/LocalWOK/wok_entities/LOC/dev/CR0-OCCT691-7-CR0-OCCT691-occt-64/inc/IntTools_ListNodeOfListOfCurveRangeSample.hxx
+M IntTools:derivated:IntTools_ListNodeOfListOfCurveRangeSample_0.cxx /misc/dn61/LocalWOK/wok_entities/LOC/dev/CR0-OCCT691-7-CR0-OCCT691-occt-64/drv/IntTools/IntTools_ListNodeOfListOfCurveRangeSample_0.cxx
+M IntTools:pubinclude:IntTools_ListIteratorOfListOfCurveRangeSample.hxx /misc/dn61/LocalWOK/wok_entities/LOC/dev/CR0-OCCT691-7-CR0-OCCT691-occt-64/inc/IntTools_ListIteratorOfListOfCurveRangeSample.hxx
+M IntTools:derivated:IntTools_ListIteratorOfListOfCurveRangeSample_0.cxx /misc/dn61/LocalWOK/wok_entities/LOC/dev/CR0-OCCT691-7-CR0-OCCT691-occt-64/drv/IntTools/IntTools_ListIteratorOfListOfCurveRangeSample_0.cxx
+M IntTools:pubinclude:Handle_IntTools_ListNodeOfListOfSurfaceRangeSample.hxx /misc/dn61/LocalWOK/wok_entities/LOC/dev/CR0-OCCT691-7-CR0-OCCT691-occt-64/inc/Handle_IntTools_ListNodeOfListOfSurfaceRangeSample.hxx
+M IntTools:pubinclude:IntTools_ListNodeOfListOfSurfaceRangeSample.hxx /misc/dn61/LocalWOK/wok_entities/LOC/dev/CR0-OCCT691-7-CR0-OCCT691-occt-64/inc/IntTools_ListNodeOfListOfSurfaceRangeSample.hxx
+M IntTools:derivated:IntTools_ListNodeOfListOfSurfaceRangeSample_0.cxx /misc/dn61/LocalWOK/wok_entities/LOC/dev/CR0-OCCT691-7-CR0-OCCT691-occt-64/drv/IntTools/IntTools_ListNodeOfListOfSurfaceRangeSample_0.cxx
+M IntTools:pubinclude:IntTools_ListIteratorOfListOfSurfaceRangeSample.hxx /misc/dn61/LocalWOK/wok_entities/LOC/dev/CR0-OCCT691-7-CR0-OCCT691-occt-64/inc/IntTools_ListIteratorOfListOfSurfaceRangeSample.hxx
+M IntTools:derivated:IntTools_ListIteratorOfListOfSurfaceRangeSample_0.cxx /misc/dn61/LocalWOK/wok_entities/LOC/dev/CR0-OCCT691-7-CR0-OCCT691-occt-64/drv/IntTools/IntTools_ListIteratorOfListOfSurfaceRangeSample_0.cxx
+M IntTools:pubinclude:Handle_IntTools_ListNodeOfListOfBox.hxx /misc/dn61/LocalWOK/wok_entities/LOC/dev/CR0-OCCT691-7-CR0-OCCT691-occt-64/inc/Handle_IntTools_ListNodeOfListOfBox.hxx
+M IntTools:pubinclude:IntTools_ListNodeOfListOfBox.hxx /misc/dn61/LocalWOK/wok_entities/LOC/dev/CR0-OCCT691-7-CR0-OCCT691-occt-64/inc/IntTools_ListNodeOfListOfBox.hxx
+M IntTools:derivated:IntTools_ListNodeOfListOfBox_0.cxx /misc/dn61/LocalWOK/wok_entities/LOC/dev/CR0-OCCT691-7-CR0-OCCT691-occt-64/drv/IntTools/IntTools_ListNodeOfListOfBox_0.cxx
+M IntTools:pubinclude:IntTools_ListIteratorOfListOfBox.hxx /misc/dn61/LocalWOK/wok_entities/LOC/dev/CR0-OCCT691-7-CR0-OCCT691-occt-64/inc/IntTools_ListIteratorOfListOfBox.hxx
+M IntTools:derivated:IntTools_ListIteratorOfListOfBox_0.cxx /misc/dn61/LocalWOK/wok_entities/LOC/dev/CR0-OCCT691-7-CR0-OCCT691-occt-64/drv/IntTools/IntTools_ListIteratorOfListOfBox_0.cxx
+M IntTools:pubinclude:Handle_IntTools_StdMapNodeOfMapOfCurveSample.hxx /misc/dn61/LocalWOK/wok_entities/LOC/dev/CR0-OCCT691-7-CR0-OCCT691-occt-64/inc/Handle_IntTools_StdMapNodeOfMapOfCurveSample.hxx
+M IntTools:pubinclude:IntTools_StdMapNodeOfMapOfCurveSample.hxx /misc/dn61/LocalWOK/wok_entities/LOC/dev/CR0-OCCT691-7-CR0-OCCT691-occt-64/inc/IntTools_StdMapNodeOfMapOfCurveSample.hxx
+M IntTools:derivated:IntTools_StdMapNodeOfMapOfCurveSample_0.cxx /misc/dn61/LocalWOK/wok_entities/LOC/dev/CR0-OCCT691-7-CR0-OCCT691-occt-64/drv/IntTools/IntTools_StdMapNodeOfMapOfCurveSample_0.cxx
+M IntTools:pubinclude:IntTools_MapIteratorOfMapOfCurveSample.hxx /misc/dn61/LocalWOK/wok_entities/LOC/dev/CR0-OCCT691-7-CR0-OCCT691-occt-64/inc/IntTools_MapIteratorOfMapOfCurveSample.hxx
+M IntTools:derivated:IntTools_MapIteratorOfMapOfCurveSample_0.cxx /misc/dn61/LocalWOK/wok_entities/LOC/dev/CR0-OCCT691-7-CR0-OCCT691-occt-64/drv/IntTools/IntTools_MapIteratorOfMapOfCurveSample_0.cxx
+M IntTools:pubinclude:Handle_IntTools_StdMapNodeOfMapOfSurfaceSample.hxx /misc/dn61/LocalWOK/wok_entities/LOC/dev/CR0-OCCT691-7-CR0-OCCT691-occt-64/inc/Handle_IntTools_StdMapNodeOfMapOfSurfaceSample.hxx
+M IntTools:pubinclude:IntTools_StdMapNodeOfMapOfSurfaceSample.hxx /misc/dn61/LocalWOK/wok_entities/LOC/dev/CR0-OCCT691-7-CR0-OCCT691-occt-64/inc/IntTools_StdMapNodeOfMapOfSurfaceSample.hxx
+M IntTools:derivated:IntTools_StdMapNodeOfMapOfSurfaceSample_0.cxx /misc/dn61/LocalWOK/wok_entities/LOC/dev/CR0-OCCT691-7-CR0-OCCT691-occt-64/drv/IntTools/IntTools_StdMapNodeOfMapOfSurfaceSample_0.cxx
+M IntTools:pubinclude:IntTools_MapIteratorOfMapOfSurfaceSample.hxx /misc/dn61/LocalWOK/wok_entities/LOC/dev/CR0-OCCT691-7-CR0-OCCT691-occt-64/inc/IntTools_MapIteratorOfMapOfSurfaceSample.hxx
+M IntTools:derivated:IntTools_MapIteratorOfMapOfSurfaceSample_0.cxx /misc/dn61/LocalWOK/wok_entities/LOC/dev/CR0-OCCT691-7-CR0-OCCT691-occt-64/drv/IntTools/IntTools_MapIteratorOfMapOfSurfaceSample_0.cxx
+M IntTools:pubinclude:Handle_IntTools_DataMapNodeOfDataMapOfCurveSampleBox.hxx /misc/dn61/LocalWOK/wok_entities/LOC/dev/CR0-OCCT691-7-CR0-OCCT691-occt-64/inc/Handle_IntTools_DataMapNodeOfDataMapOfCurveSampleBox.hxx
+M IntTools:pubinclude:IntTools_DataMapNodeOfDataMapOfCurveSampleBox.hxx /misc/dn61/LocalWOK/wok_entities/LOC/dev/CR0-OCCT691-7-CR0-OCCT691-occt-64/inc/IntTools_DataMapNodeOfDataMapOfCurveSampleBox.hxx
+M IntTools:derivated:IntTools_DataMapNodeOfDataMapOfCurveSampleBox_0.cxx /misc/dn61/LocalWOK/wok_entities/LOC/dev/CR0-OCCT691-7-CR0-OCCT691-occt-64/drv/IntTools/IntTools_DataMapNodeOfDataMapOfCurveSampleBox_0.cxx
+M IntTools:pubinclude:IntTools_DataMapIteratorOfDataMapOfCurveSampleBox.hxx /misc/dn61/LocalWOK/wok_entities/LOC/dev/CR0-OCCT691-7-CR0-OCCT691-occt-64/inc/IntTools_DataMapIteratorOfDataMapOfCurveSampleBox.hxx
+M IntTools:derivated:IntTools_DataMapIteratorOfDataMapOfCurveSampleBox_0.cxx /misc/dn61/LocalWOK/wok_entities/LOC/dev/CR0-OCCT691-7-CR0-OCCT691-occt-64/drv/IntTools/IntTools_DataMapIteratorOfDataMapOfCurveSampleBox_0.cxx
+M IntTools:pubinclude:Handle_IntTools_DataMapNodeOfDataMapOfSurfaceSampleBox.hxx /misc/dn61/LocalWOK/wok_entities/LOC/dev/CR0-OCCT691-7-CR0-OCCT691-occt-64/inc/Handle_IntTools_DataMapNodeOfDataMapOfSurfaceSampleBox.hxx
+M IntTools:pubinclude:IntTools_DataMapNodeOfDataMapOfSurfaceSampleBox.hxx /misc/dn61/LocalWOK/wok_entities/LOC/dev/CR0-OCCT691-7-CR0-OCCT691-occt-64/inc/IntTools_DataMapNodeOfDataMapOfSurfaceSampleBox.hxx
+M IntTools:derivated:IntTools_DataMapNodeOfDataMapOfSurfaceSampleBox_0.cxx /misc/dn61/LocalWOK/wok_entities/LOC/dev/CR0-OCCT691-7-CR0-OCCT691-occt-64/drv/IntTools/IntTools_DataMapNodeOfDataMapOfSurfaceSampleBox_0.cxx
+M IntTools:pubinclude:IntTools_DataMapIteratorOfDataMapOfSurfaceSampleBox.hxx /misc/dn61/LocalWOK/wok_entities/LOC/dev/CR0-OCCT691-7-CR0-OCCT691-occt-64/inc/IntTools_DataMapIteratorOfDataMapOfSurfaceSampleBox.hxx
+M IntTools:derivated:IntTools_DataMapIteratorOfDataMapOfSurfaceSampleBox_0.cxx /misc/dn61/LocalWOK/wok_entities/LOC/dev/CR0-OCCT691-7-CR0-OCCT691-occt-64/drv/IntTools/IntTools_DataMapIteratorOfDataMapOfSurfaceSampleBox_0.cxx
+M IntTools:dbadmfile:IntTools_xcpp_header.In /misc/dn61/LocalWOK/wok_entities/LOC/dev/CR0-OCCT691-7-CR0-OCCT691-occt-64/drv/IntTools/.adm/IntTools_xcpp_header.In
+M IntTools:dbadmfile:IntTools_xcpp_header.Out /misc/dn61/LocalWOK/wok_entities/LOC/dev/CR0-OCCT691-7-CR0-OCCT691-occt-64/drv/IntTools/.adm/IntTools_xcpp_header.Out
+M IntTools:dbadmfile:IntTools_xcpp_header.Dep /misc/dn61/LocalWOK/wok_entities/LOC/dev/CR0-OCCT691-7-CR0-OCCT691-occt-64/drv/IntTools/.adm/IntTools_xcpp_header.Dep
