+M XCAFSchema:pubinclude:XCAFSchema.hxx /misc/dn61/LocalWOK/wok_entities/LOC/dev/CR0-OCCT691-7-CR0-OCCT691-occt-64/inc/XCAFSchema.hxx
+M XCAFSchema:derivated:XCAFSchema.cxx /misc/dn61/LocalWOK/wok_entities/LOC/dev/CR0-OCCT691-7-CR0-OCCT691-occt-64/drv/XCAFSchema/XCAFSchema.cxx
+M XCAFSchema:pubinclude:XCAFSchema_PXCAFDoc_Location.hxx /misc/dn61/LocalWOK/wok_entities/LOC/dev/CR0-OCCT691-7-CR0-OCCT691-occt-64/inc/XCAFSchema_PXCAFDoc_Location.hxx
+M XCAFSchema:privinclude:XCAFSchema_PXCAFDoc_Location.ixx /misc/dn61/LocalWOK/wok_entities/LOC/dev/CR0-OCCT691-7-CR0-OCCT691-occt-64/drv/XCAFSchema/XCAFSchema_PXCAFDoc_Location.ixx
+M XCAFSchema:derivated:XCAFSchema_PXCAFDoc_Location.cxx /misc/dn61/LocalWOK/wok_entities/LOC/dev/CR0-OCCT691-7-CR0-OCCT691-occt-64/drv/XCAFSchema/XCAFSchema_PXCAFDoc_Location.cxx
+M XCAFSchema:pubinclude:XCAFSchema_PXCAFDoc_Color.hxx /misc/dn61/LocalWOK/wok_entities/LOC/dev/CR0-OCCT691-7-CR0-OCCT691-occt-64/inc/XCAFSchema_PXCAFDoc_Color.hxx
+M XCAFSchema:privinclude:XCAFSchema_PXCAFDoc_Color.ixx /misc/dn61/LocalWOK/wok_entities/LOC/dev/CR0-OCCT691-7-CR0-OCCT691-occt-64/drv/XCAFSchema/XCAFSchema_PXCAFDoc_Color.ixx
+M XCAFSchema:derivated:XCAFSchema_PXCAFDoc_Color.cxx /misc/dn61/LocalWOK/wok_entities/LOC/dev/CR0-OCCT691-7-CR0-OCCT691-occt-64/drv/XCAFSchema/XCAFSchema_PXCAFDoc_Color.cxx
+M XCAFSchema:pubinclude:XCAFSchema_PXCAFDoc_Volume.hxx /misc/dn61/LocalWOK/wok_entities/LOC/dev/CR0-OCCT691-7-CR0-OCCT691-occt-64/inc/XCAFSchema_PXCAFDoc_Volume.hxx
+M XCAFSchema:privinclude:XCAFSchema_PXCAFDoc_Volume.ixx /misc/dn61/LocalWOK/wok_entities/LOC/dev/CR0-OCCT691-7-CR0-OCCT691-occt-64/drv/XCAFSchema/XCAFSchema_PXCAFDoc_Volume.ixx
+M XCAFSchema:derivated:XCAFSchema_PXCAFDoc_Volume.cxx /misc/dn61/LocalWOK/wok_entities/LOC/dev/CR0-OCCT691-7-CR0-OCCT691-occt-64/drv/XCAFSchema/XCAFSchema_PXCAFDoc_Volume.cxx
+M XCAFSchema:pubinclude:XCAFSchema_PXCAFDoc_Area.hxx /misc/dn61/LocalWOK/wok_entities/LOC/dev/CR0-OCCT691-7-CR0-OCCT691-occt-64/inc/XCAFSchema_PXCAFDoc_Area.hxx
+M XCAFSchema:privinclude:XCAFSchema_PXCAFDoc_Area.ixx /misc/dn61/LocalWOK/wok_entities/LOC/dev/CR0-OCCT691-7-CR0-OCCT691-occt-64/drv/XCAFSchema/XCAFSchema_PXCAFDoc_Area.ixx
+M XCAFSchema:derivated:XCAFSchema_PXCAFDoc_Area.cxx /misc/dn61/LocalWOK/wok_entities/LOC/dev/CR0-OCCT691-7-CR0-OCCT691-occt-64/drv/XCAFSchema/XCAFSchema_PXCAFDoc_Area.cxx
+M XCAFSchema:pubinclude:XCAFSchema_PXCAFDoc_Centroid.hxx /misc/dn61/LocalWOK/wok_entities/LOC/dev/CR0-OCCT691-7-CR0-OCCT691-occt-64/inc/XCAFSchema_PXCAFDoc_Centroid.hxx
+M XCAFSchema:privinclude:XCAFSchema_PXCAFDoc_Centroid.ixx /misc/dn61/LocalWOK/wok_entities/LOC/dev/CR0-OCCT691-7-CR0-OCCT691-occt-64/drv/XCAFSchema/XCAFSchema_PXCAFDoc_Centroid.ixx
+M XCAFSchema:derivated:XCAFSchema_PXCAFDoc_Centroid.cxx /misc/dn61/LocalWOK/wok_entities/LOC/dev/CR0-OCCT691-7-CR0-OCCT691-occt-64/drv/XCAFSchema/XCAFSchema_PXCAFDoc_Centroid.cxx
+M XCAFSchema:pubinclude:XCAFSchema_PXCAFDoc_ColorTool.hxx /misc/dn61/LocalWOK/wok_entities/LOC/dev/CR0-OCCT691-7-CR0-OCCT691-occt-64/inc/XCAFSchema_PXCAFDoc_ColorTool.hxx
+M XCAFSchema:privinclude:XCAFSchema_PXCAFDoc_ColorTool.ixx /misc/dn61/LocalWOK/wok_entities/LOC/dev/CR0-OCCT691-7-CR0-OCCT691-occt-64/drv/XCAFSchema/XCAFSchema_PXCAFDoc_ColorTool.ixx
+M XCAFSchema:derivated:XCAFSchema_PXCAFDoc_ColorTool.cxx /misc/dn61/LocalWOK/wok_entities/LOC/dev/CR0-OCCT691-7-CR0-OCCT691-occt-64/drv/XCAFSchema/XCAFSchema_PXCAFDoc_ColorTool.cxx
+M XCAFSchema:pubinclude:XCAFSchema_PXCAFDoc_ShapeTool.hxx /misc/dn61/LocalWOK/wok_entities/LOC/dev/CR0-OCCT691-7-CR0-OCCT691-occt-64/inc/XCAFSchema_PXCAFDoc_ShapeTool.hxx
+M XCAFSchema:privinclude:XCAFSchema_PXCAFDoc_ShapeTool.ixx /misc/dn61/LocalWOK/wok_entities/LOC/dev/CR0-OCCT691-7-CR0-OCCT691-occt-64/drv/XCAFSchema/XCAFSchema_PXCAFDoc_ShapeTool.ixx
+M XCAFSchema:derivated:XCAFSchema_PXCAFDoc_ShapeTool.cxx /misc/dn61/LocalWOK/wok_entities/LOC/dev/CR0-OCCT691-7-CR0-OCCT691-occt-64/drv/XCAFSchema/XCAFSchema_PXCAFDoc_ShapeTool.cxx
+M XCAFSchema:pubinclude:XCAFSchema_PXCAFDoc_DocumentTool.hxx /misc/dn61/LocalWOK/wok_entities/LOC/dev/CR0-OCCT691-7-CR0-OCCT691-occt-64/inc/XCAFSchema_PXCAFDoc_DocumentTool.hxx
+M XCAFSchema:privinclude:XCAFSchema_PXCAFDoc_DocumentTool.ixx /misc/dn61/LocalWOK/wok_entities/LOC/dev/CR0-OCCT691-7-CR0-OCCT691-occt-64/drv/XCAFSchema/XCAFSchema_PXCAFDoc_DocumentTool.ixx
+M XCAFSchema:derivated:XCAFSchema_PXCAFDoc_DocumentTool.cxx /misc/dn61/LocalWOK/wok_entities/LOC/dev/CR0-OCCT691-7-CR0-OCCT691-occt-64/drv/XCAFSchema/XCAFSchema_PXCAFDoc_DocumentTool.cxx
+M XCAFSchema:pubinclude:XCAFSchema_PXCAFDoc_LayerTool.hxx /misc/dn61/LocalWOK/wok_entities/LOC/dev/CR0-OCCT691-7-CR0-OCCT691-occt-64/inc/XCAFSchema_PXCAFDoc_LayerTool.hxx
+M XCAFSchema:privinclude:XCAFSchema_PXCAFDoc_LayerTool.ixx /misc/dn61/LocalWOK/wok_entities/LOC/dev/CR0-OCCT691-7-CR0-OCCT691-occt-64/drv/XCAFSchema/XCAFSchema_PXCAFDoc_LayerTool.ixx
+M XCAFSchema:derivated:XCAFSchema_PXCAFDoc_LayerTool.cxx /misc/dn61/LocalWOK/wok_entities/LOC/dev/CR0-OCCT691-7-CR0-OCCT691-occt-64/drv/XCAFSchema/XCAFSchema_PXCAFDoc_LayerTool.cxx
+M XCAFSchema:pubinclude:XCAFSchema_PXCAFDoc_GraphNode.hxx /misc/dn61/LocalWOK/wok_entities/LOC/dev/CR0-OCCT691-7-CR0-OCCT691-occt-64/inc/XCAFSchema_PXCAFDoc_GraphNode.hxx
+M XCAFSchema:privinclude:XCAFSchema_PXCAFDoc_GraphNode.ixx /misc/dn61/LocalWOK/wok_entities/LOC/dev/CR0-OCCT691-7-CR0-OCCT691-occt-64/drv/XCAFSchema/XCAFSchema_PXCAFDoc_GraphNode.ixx
+M XCAFSchema:derivated:XCAFSchema_PXCAFDoc_GraphNode.cxx /misc/dn61/LocalWOK/wok_entities/LOC/dev/CR0-OCCT691-7-CR0-OCCT691-occt-64/drv/XCAFSchema/XCAFSchema_PXCAFDoc_GraphNode.cxx
+M XCAFSchema:pubinclude:XCAFSchema_PXCAFDoc_GraphNodeSequence.hxx /misc/dn61/LocalWOK/wok_entities/LOC/dev/CR0-OCCT691-7-CR0-OCCT691-occt-64/inc/XCAFSchema_PXCAFDoc_GraphNodeSequence.hxx
+M XCAFSchema:privinclude:XCAFSchema_PXCAFDoc_GraphNodeSequence.ixx /misc/dn61/LocalWOK/wok_entities/LOC/dev/CR0-OCCT691-7-CR0-OCCT691-occt-64/drv/XCAFSchema/XCAFSchema_PXCAFDoc_GraphNodeSequence.ixx
+M XCAFSchema:derivated:XCAFSchema_PXCAFDoc_GraphNodeSequence.cxx /misc/dn61/LocalWOK/wok_entities/LOC/dev/CR0-OCCT691-7-CR0-OCCT691-occt-64/drv/XCAFSchema/XCAFSchema_PXCAFDoc_GraphNodeSequence.cxx
+M XCAFSchema:pubinclude:XCAFSchema_PXCAFDoc_SeqNodeOfGraphNodeSequence.hxx /misc/dn61/LocalWOK/wok_entities/LOC/dev/CR0-OCCT691-7-CR0-OCCT691-occt-64/inc/XCAFSchema_PXCAFDoc_SeqNodeOfGraphNodeSequence.hxx
+M XCAFSchema:privinclude:XCAFSchema_PXCAFDoc_SeqNodeOfGraphNodeSequence.ixx /misc/dn61/LocalWOK/wok_entities/LOC/dev/CR0-OCCT691-7-CR0-OCCT691-occt-64/drv/XCAFSchema/XCAFSchema_PXCAFDoc_SeqNodeOfGraphNodeSequence.ixx
+M XCAFSchema:derivated:XCAFSchema_PXCAFDoc_SeqNodeOfGraphNodeSequence.cxx /misc/dn61/LocalWOK/wok_entities/LOC/dev/CR0-OCCT691-7-CR0-OCCT691-occt-64/drv/XCAFSchema/XCAFSchema_PXCAFDoc_SeqNodeOfGraphNodeSequence.cxx
+M XCAFSchema:pubinclude:XCAFSchema_PXCAFDoc_Datum.hxx /misc/dn61/LocalWOK/wok_entities/LOC/dev/CR0-OCCT691-7-CR0-OCCT691-occt-64/inc/XCAFSchema_PXCAFDoc_Datum.hxx
+M XCAFSchema:privinclude:XCAFSchema_PXCAFDoc_Datum.ixx /misc/dn61/LocalWOK/wok_entities/LOC/dev/CR0-OCCT691-7-CR0-OCCT691-occt-64/drv/XCAFSchema/XCAFSchema_PXCAFDoc_Datum.ixx
+M XCAFSchema:derivated:XCAFSchema_PXCAFDoc_Datum.cxx /misc/dn61/LocalWOK/wok_entities/LOC/dev/CR0-OCCT691-7-CR0-OCCT691-occt-64/drv/XCAFSchema/XCAFSchema_PXCAFDoc_Datum.cxx
+M XCAFSchema:pubinclude:XCAFSchema_PXCAFDoc_DimTol.hxx /misc/dn61/LocalWOK/wok_entities/LOC/dev/CR0-OCCT691-7-CR0-OCCT691-occt-64/inc/XCAFSchema_PXCAFDoc_DimTol.hxx
+M XCAFSchema:privinclude:XCAFSchema_PXCAFDoc_DimTol.ixx /misc/dn61/LocalWOK/wok_entities/LOC/dev/CR0-OCCT691-7-CR0-OCCT691-occt-64/drv/XCAFSchema/XCAFSchema_PXCAFDoc_DimTol.ixx
+M XCAFSchema:derivated:XCAFSchema_PXCAFDoc_DimTol.cxx /misc/dn61/LocalWOK/wok_entities/LOC/dev/CR0-OCCT691-7-CR0-OCCT691-occt-64/drv/XCAFSchema/XCAFSchema_PXCAFDoc_DimTol.cxx
+M XCAFSchema:pubinclude:XCAFSchema_PXCAFDoc_DimTolTool.hxx /misc/dn61/LocalWOK/wok_entities/LOC/dev/CR0-OCCT691-7-CR0-OCCT691-occt-64/inc/XCAFSchema_PXCAFDoc_DimTolTool.hxx
+M XCAFSchema:privinclude:XCAFSchema_PXCAFDoc_DimTolTool.ixx /misc/dn61/LocalWOK/wok_entities/LOC/dev/CR0-OCCT691-7-CR0-OCCT691-occt-64/drv/XCAFSchema/XCAFSchema_PXCAFDoc_DimTolTool.ixx
+M XCAFSchema:derivated:XCAFSchema_PXCAFDoc_DimTolTool.cxx /misc/dn61/LocalWOK/wok_entities/LOC/dev/CR0-OCCT691-7-CR0-OCCT691-occt-64/drv/XCAFSchema/XCAFSchema_PXCAFDoc_DimTolTool.cxx
+M XCAFSchema:pubinclude:XCAFSchema_PXCAFDoc_Material.hxx /misc/dn61/LocalWOK/wok_entities/LOC/dev/CR0-OCCT691-7-CR0-OCCT691-occt-64/inc/XCAFSchema_PXCAFDoc_Material.hxx
+M XCAFSchema:privinclude:XCAFSchema_PXCAFDoc_Material.ixx /misc/dn61/LocalWOK/wok_entities/LOC/dev/CR0-OCCT691-7-CR0-OCCT691-occt-64/drv/XCAFSchema/XCAFSchema_PXCAFDoc_Material.ixx
+M XCAFSchema:derivated:XCAFSchema_PXCAFDoc_Material.cxx /misc/dn61/LocalWOK/wok_entities/LOC/dev/CR0-OCCT691-7-CR0-OCCT691-occt-64/drv/XCAFSchema/XCAFSchema_PXCAFDoc_Material.cxx
+M XCAFSchema:pubinclude:XCAFSchema_PXCAFDoc_MaterialTool.hxx /misc/dn61/LocalWOK/wok_entities/LOC/dev/CR0-OCCT691-7-CR0-OCCT691-occt-64/inc/XCAFSchema_PXCAFDoc_MaterialTool.hxx
+M XCAFSchema:privinclude:XCAFSchema_PXCAFDoc_MaterialTool.ixx /misc/dn61/LocalWOK/wok_entities/LOC/dev/CR0-OCCT691-7-CR0-OCCT691-occt-64/drv/XCAFSchema/XCAFSchema_PXCAFDoc_MaterialTool.ixx
+M XCAFSchema:derivated:XCAFSchema_PXCAFDoc_MaterialTool.cxx /misc/dn61/LocalWOK/wok_entities/LOC/dev/CR0-OCCT691-7-CR0-OCCT691-occt-64/drv/XCAFSchema/XCAFSchema_PXCAFDoc_MaterialTool.cxx
+M XCAFSchema:pubinclude:XCAFSchema_PDF_Attribute.hxx /misc/dn61/LocalWOK/wok_entities/LOC/dev/CR0-OCCT691-7-CR0-OCCT691-occt-64/inc/XCAFSchema_PDF_Attribute.hxx
+M XCAFSchema:privinclude:XCAFSchema_PDF_Attribute.ixx /misc/dn61/LocalWOK/wok_entities/LOC/dev/CR0-OCCT691-7-CR0-OCCT691-occt-64/drv/XCAFSchema/XCAFSchema_PDF_Attribute.ixx
+M XCAFSchema:derivated:XCAFSchema_PDF_Attribute.cxx /misc/dn61/LocalWOK/wok_entities/LOC/dev/CR0-OCCT691-7-CR0-OCCT691-occt-64/drv/XCAFSchema/XCAFSchema_PDF_Attribute.cxx
+M XCAFSchema:pubinclude:XCAFSchema_Standard_Persistent.hxx /misc/dn61/LocalWOK/wok_entities/LOC/dev/CR0-OCCT691-7-CR0-OCCT691-occt-64/inc/XCAFSchema_Standard_Persistent.hxx
+M XCAFSchema:privinclude:XCAFSchema_Standard_Persistent.ixx /misc/dn61/LocalWOK/wok_entities/LOC/dev/CR0-OCCT691-7-CR0-OCCT691-occt-64/drv/XCAFSchema/XCAFSchema_Standard_Persistent.ixx
+M XCAFSchema:derivated:XCAFSchema_Standard_Persistent.cxx /misc/dn61/LocalWOK/wok_entities/LOC/dev/CR0-OCCT691-7-CR0-OCCT691-occt-64/drv/XCAFSchema/XCAFSchema_Standard_Persistent.cxx
+M XCAFSchema:pubinclude:XCAFSchema_Standard_Storable.hxx /misc/dn61/LocalWOK/wok_entities/LOC/dev/CR0-OCCT691-7-CR0-OCCT691-occt-64/inc/XCAFSchema_Standard_Storable.hxx
+M XCAFSchema:privinclude:XCAFSchema_Standard_Storable.ixx /misc/dn61/LocalWOK/wok_entities/LOC/dev/CR0-OCCT691-7-CR0-OCCT691-occt-64/drv/XCAFSchema/XCAFSchema_Standard_Storable.ixx
+M XCAFSchema:derivated:XCAFSchema_Standard_Storable.cxx /misc/dn61/LocalWOK/wok_entities/LOC/dev/CR0-OCCT691-7-CR0-OCCT691-occt-64/drv/XCAFSchema/XCAFSchema_Standard_Storable.cxx
+M XCAFSchema:pubinclude:XCAFSchema_PTopLoc_Location.hxx /misc/dn61/LocalWOK/wok_entities/LOC/dev/CR0-OCCT691-7-CR0-OCCT691-occt-64/inc/XCAFSchema_PTopLoc_Location.hxx
+M XCAFSchema:privinclude:XCAFSchema_PTopLoc_Location.ixx /misc/dn61/LocalWOK/wok_entities/LOC/dev/CR0-OCCT691-7-CR0-OCCT691-occt-64/drv/XCAFSchema/XCAFSchema_PTopLoc_Location.ixx
+M XCAFSchema:derivated:XCAFSchema_PTopLoc_Location.cxx /misc/dn61/LocalWOK/wok_entities/LOC/dev/CR0-OCCT691-7-CR0-OCCT691-occt-64/drv/XCAFSchema/XCAFSchema_PTopLoc_Location.cxx
+M XCAFSchema:pubinclude:XCAFSchema_Quantity_Color.hxx /misc/dn61/LocalWOK/wok_entities/LOC/dev/CR0-OCCT691-7-CR0-OCCT691-occt-64/inc/XCAFSchema_Quantity_Color.hxx
+M XCAFSchema:privinclude:XCAFSchema_Quantity_Color.ixx /misc/dn61/LocalWOK/wok_entities/LOC/dev/CR0-OCCT691-7-CR0-OCCT691-occt-64/drv/XCAFSchema/XCAFSchema_Quantity_Color.ixx
+M XCAFSchema:derivated:XCAFSchema_Quantity_Color.cxx /misc/dn61/LocalWOK/wok_entities/LOC/dev/CR0-OCCT691-7-CR0-OCCT691-occt-64/drv/XCAFSchema/XCAFSchema_Quantity_Color.cxx
+M XCAFSchema:pubinclude:XCAFSchema_gp_Pnt.hxx /misc/dn61/LocalWOK/wok_entities/LOC/dev/CR0-OCCT691-7-CR0-OCCT691-occt-64/inc/XCAFSchema_gp_Pnt.hxx
+M XCAFSchema:privinclude:XCAFSchema_gp_Pnt.ixx /misc/dn61/LocalWOK/wok_entities/LOC/dev/CR0-OCCT691-7-CR0-OCCT691-occt-64/drv/XCAFSchema/XCAFSchema_gp_Pnt.ixx
+M XCAFSchema:derivated:XCAFSchema_gp_Pnt.cxx /misc/dn61/LocalWOK/wok_entities/LOC/dev/CR0-OCCT691-7-CR0-OCCT691-occt-64/drv/XCAFSchema/XCAFSchema_gp_Pnt.cxx
+M XCAFSchema:pubinclude:XCAFSchema_Standard_GUID.hxx /misc/dn61/LocalWOK/wok_entities/LOC/dev/CR0-OCCT691-7-CR0-OCCT691-occt-64/inc/XCAFSchema_Standard_GUID.hxx
+M XCAFSchema:privinclude:XCAFSchema_Standard_GUID.ixx /misc/dn61/LocalWOK/wok_entities/LOC/dev/CR0-OCCT691-7-CR0-OCCT691-occt-64/drv/XCAFSchema/XCAFSchema_Standard_GUID.ixx
+M XCAFSchema:derivated:XCAFSchema_Standard_GUID.cxx /misc/dn61/LocalWOK/wok_entities/LOC/dev/CR0-OCCT691-7-CR0-OCCT691-occt-64/drv/XCAFSchema/XCAFSchema_Standard_GUID.cxx
+M XCAFSchema:pubinclude:XCAFSchema_PMMgt_PManaged.hxx /misc/dn61/LocalWOK/wok_entities/LOC/dev/CR0-OCCT691-7-CR0-OCCT691-occt-64/inc/XCAFSchema_PMMgt_PManaged.hxx
+M XCAFSchema:privinclude:XCAFSchema_PMMgt_PManaged.ixx /misc/dn61/LocalWOK/wok_entities/LOC/dev/CR0-OCCT691-7-CR0-OCCT691-occt-64/drv/XCAFSchema/XCAFSchema_PMMgt_PManaged.ixx
+M XCAFSchema:derivated:XCAFSchema_PMMgt_PManaged.cxx /misc/dn61/LocalWOK/wok_entities/LOC/dev/CR0-OCCT691-7-CR0-OCCT691-occt-64/drv/XCAFSchema/XCAFSchema_PMMgt_PManaged.cxx
+M XCAFSchema:pubinclude:XCAFSchema_PCollection_HAsciiString.hxx /misc/dn61/LocalWOK/wok_entities/LOC/dev/CR0-OCCT691-7-CR0-OCCT691-occt-64/inc/XCAFSchema_PCollection_HAsciiString.hxx
+M XCAFSchema:privinclude:XCAFSchema_PCollection_HAsciiString.ixx /misc/dn61/LocalWOK/wok_entities/LOC/dev/CR0-OCCT691-7-CR0-OCCT691-occt-64/drv/XCAFSchema/XCAFSchema_PCollection_HAsciiString.ixx
+M XCAFSchema:derivated:XCAFSchema_PCollection_HAsciiString.cxx /misc/dn61/LocalWOK/wok_entities/LOC/dev/CR0-OCCT691-7-CR0-OCCT691-occt-64/drv/XCAFSchema/XCAFSchema_PCollection_HAsciiString.cxx
+M XCAFSchema:pubinclude:XCAFSchema_PColStd_HArray1OfReal.hxx /misc/dn61/LocalWOK/wok_entities/LOC/dev/CR0-OCCT691-7-CR0-OCCT691-occt-64/inc/XCAFSchema_PColStd_HArray1OfReal.hxx
+M XCAFSchema:privinclude:XCAFSchema_PColStd_HArray1OfReal.ixx /misc/dn61/LocalWOK/wok_entities/LOC/dev/CR0-OCCT691-7-CR0-OCCT691-occt-64/drv/XCAFSchema/XCAFSchema_PColStd_HArray1OfReal.ixx
+M XCAFSchema:derivated:XCAFSchema_PColStd_HArray1OfReal.cxx /misc/dn61/LocalWOK/wok_entities/LOC/dev/CR0-OCCT691-7-CR0-OCCT691-occt-64/drv/XCAFSchema/XCAFSchema_PColStd_HArray1OfReal.cxx
+M XCAFSchema:pubinclude:XCAFSchema_PTopLoc_Datum3D.hxx /misc/dn61/LocalWOK/wok_entities/LOC/dev/CR0-OCCT691-7-CR0-OCCT691-occt-64/inc/XCAFSchema_PTopLoc_Datum3D.hxx
+M XCAFSchema:privinclude:XCAFSchema_PTopLoc_Datum3D.ixx /misc/dn61/LocalWOK/wok_entities/LOC/dev/CR0-OCCT691-7-CR0-OCCT691-occt-64/drv/XCAFSchema/XCAFSchema_PTopLoc_Datum3D.ixx
+M XCAFSchema:derivated:XCAFSchema_PTopLoc_Datum3D.cxx /misc/dn61/LocalWOK/wok_entities/LOC/dev/CR0-OCCT691-7-CR0-OCCT691-occt-64/drv/XCAFSchema/XCAFSchema_PTopLoc_Datum3D.cxx
+M XCAFSchema:pubinclude:XCAFSchema_PTopLoc_ItemLocation.hxx /misc/dn61/LocalWOK/wok_entities/LOC/dev/CR0-OCCT691-7-CR0-OCCT691-occt-64/inc/XCAFSchema_PTopLoc_ItemLocation.hxx
+M XCAFSchema:privinclude:XCAFSchema_PTopLoc_ItemLocation.ixx /misc/dn61/LocalWOK/wok_entities/LOC/dev/CR0-OCCT691-7-CR0-OCCT691-occt-64/drv/XCAFSchema/XCAFSchema_PTopLoc_ItemLocation.ixx
+M XCAFSchema:derivated:XCAFSchema_PTopLoc_ItemLocation.cxx /misc/dn61/LocalWOK/wok_entities/LOC/dev/CR0-OCCT691-7-CR0-OCCT691-occt-64/drv/XCAFSchema/XCAFSchema_PTopLoc_ItemLocation.cxx
+M XCAFSchema:pubinclude:XCAFSchema_gp_Ax1.hxx /misc/dn61/LocalWOK/wok_entities/LOC/dev/CR0-OCCT691-7-CR0-OCCT691-occt-64/inc/XCAFSchema_gp_Ax1.hxx
+M XCAFSchema:privinclude:XCAFSchema_gp_Ax1.ixx /misc/dn61/LocalWOK/wok_entities/LOC/dev/CR0-OCCT691-7-CR0-OCCT691-occt-64/drv/XCAFSchema/XCAFSchema_gp_Ax1.ixx
+M XCAFSchema:derivated:XCAFSchema_gp_Ax1.cxx /misc/dn61/LocalWOK/wok_entities/LOC/dev/CR0-OCCT691-7-CR0-OCCT691-occt-64/drv/XCAFSchema/XCAFSchema_gp_Ax1.cxx
+M XCAFSchema:pubinclude:XCAFSchema_gp_Ax2.hxx /misc/dn61/LocalWOK/wok_entities/LOC/dev/CR0-OCCT691-7-CR0-OCCT691-occt-64/inc/XCAFSchema_gp_Ax2.hxx
+M XCAFSchema:privinclude:XCAFSchema_gp_Ax2.ixx /misc/dn61/LocalWOK/wok_entities/LOC/dev/CR0-OCCT691-7-CR0-OCCT691-occt-64/drv/XCAFSchema/XCAFSchema_gp_Ax2.ixx
+M XCAFSchema:derivated:XCAFSchema_gp_Ax2.cxx /misc/dn61/LocalWOK/wok_entities/LOC/dev/CR0-OCCT691-7-CR0-OCCT691-occt-64/drv/XCAFSchema/XCAFSchema_gp_Ax2.cxx
+M XCAFSchema:pubinclude:XCAFSchema_gp_Trsf.hxx /misc/dn61/LocalWOK/wok_entities/LOC/dev/CR0-OCCT691-7-CR0-OCCT691-occt-64/inc/XCAFSchema_gp_Trsf.hxx
+M XCAFSchema:privinclude:XCAFSchema_gp_Trsf.ixx /misc/dn61/LocalWOK/wok_entities/LOC/dev/CR0-OCCT691-7-CR0-OCCT691-occt-64/drv/XCAFSchema/XCAFSchema_gp_Trsf.ixx
+M XCAFSchema:derivated:XCAFSchema_gp_Trsf.cxx /misc/dn61/LocalWOK/wok_entities/LOC/dev/CR0-OCCT691-7-CR0-OCCT691-occt-64/drv/XCAFSchema/XCAFSchema_gp_Trsf.cxx
+M XCAFSchema:pubinclude:XCAFSchema_gp_Vec.hxx /misc/dn61/LocalWOK/wok_entities/LOC/dev/CR0-OCCT691-7-CR0-OCCT691-occt-64/inc/XCAFSchema_gp_Vec.hxx
+M XCAFSchema:privinclude:XCAFSchema_gp_Vec.ixx /misc/dn61/LocalWOK/wok_entities/LOC/dev/CR0-OCCT691-7-CR0-OCCT691-occt-64/drv/XCAFSchema/XCAFSchema_gp_Vec.ixx
+M XCAFSchema:derivated:XCAFSchema_gp_Vec.cxx /misc/dn61/LocalWOK/wok_entities/LOC/dev/CR0-OCCT691-7-CR0-OCCT691-occt-64/drv/XCAFSchema/XCAFSchema_gp_Vec.cxx
+M XCAFSchema:pubinclude:XCAFSchema_gp_XYZ.hxx /misc/dn61/LocalWOK/wok_entities/LOC/dev/CR0-OCCT691-7-CR0-OCCT691-occt-64/inc/XCAFSchema_gp_XYZ.hxx
+M XCAFSchema:privinclude:XCAFSchema_gp_XYZ.ixx /misc/dn61/LocalWOK/wok_entities/LOC/dev/CR0-OCCT691-7-CR0-OCCT691-occt-64/drv/XCAFSchema/XCAFSchema_gp_XYZ.ixx
+M XCAFSchema:derivated:XCAFSchema_gp_XYZ.cxx /misc/dn61/LocalWOK/wok_entities/LOC/dev/CR0-OCCT691-7-CR0-OCCT691-occt-64/drv/XCAFSchema/XCAFSchema_gp_XYZ.cxx
+M XCAFSchema:pubinclude:XCAFSchema_DBC_VArrayOfCharacter.hxx /misc/dn61/LocalWOK/wok_entities/LOC/dev/CR0-OCCT691-7-CR0-OCCT691-occt-64/inc/XCAFSchema_DBC_VArrayOfCharacter.hxx
+M XCAFSchema:privinclude:XCAFSchema_DBC_VArrayOfCharacter.ixx /misc/dn61/LocalWOK/wok_entities/LOC/dev/CR0-OCCT691-7-CR0-OCCT691-occt-64/drv/XCAFSchema/XCAFSchema_DBC_VArrayOfCharacter.ixx
+M XCAFSchema:derivated:XCAFSchema_DBC_VArrayOfCharacter.cxx /misc/dn61/LocalWOK/wok_entities/LOC/dev/CR0-OCCT691-7-CR0-OCCT691-occt-64/drv/XCAFSchema/XCAFSchema_DBC_VArrayOfCharacter.cxx
+M XCAFSchema:pubinclude:XCAFSchema_PCollection_HExtendedString.hxx /misc/dn61/LocalWOK/wok_entities/LOC/dev/CR0-OCCT691-7-CR0-OCCT691-occt-64/inc/XCAFSchema_PCollection_HExtendedString.hxx
+M XCAFSchema:privinclude:XCAFSchema_PCollection_HExtendedString.ixx /misc/dn61/LocalWOK/wok_entities/LOC/dev/CR0-OCCT691-7-CR0-OCCT691-occt-64/drv/XCAFSchema/XCAFSchema_PCollection_HExtendedString.ixx
+M XCAFSchema:derivated:XCAFSchema_PCollection_HExtendedString.cxx /misc/dn61/LocalWOK/wok_entities/LOC/dev/CR0-OCCT691-7-CR0-OCCT691-occt-64/drv/XCAFSchema/XCAFSchema_PCollection_HExtendedString.cxx
+M XCAFSchema:pubinclude:XCAFSchema_PColStd_FieldOfHArray1OfReal.hxx /misc/dn61/LocalWOK/wok_entities/LOC/dev/CR0-OCCT691-7-CR0-OCCT691-occt-64/inc/XCAFSchema_PColStd_FieldOfHArray1OfReal.hxx
+M XCAFSchema:privinclude:XCAFSchema_PColStd_FieldOfHArray1OfReal.ixx /misc/dn61/LocalWOK/wok_entities/LOC/dev/CR0-OCCT691-7-CR0-OCCT691-occt-64/drv/XCAFSchema/XCAFSchema_PColStd_FieldOfHArray1OfReal.ixx
+M XCAFSchema:derivated:XCAFSchema_PColStd_FieldOfHArray1OfReal.cxx /misc/dn61/LocalWOK/wok_entities/LOC/dev/CR0-OCCT691-7-CR0-OCCT691-occt-64/drv/XCAFSchema/XCAFSchema_PColStd_FieldOfHArray1OfReal.cxx
+M XCAFSchema:pubinclude:XCAFSchema_gp_Dir.hxx /misc/dn61/LocalWOK/wok_entities/LOC/dev/CR0-OCCT691-7-CR0-OCCT691-occt-64/inc/XCAFSchema_gp_Dir.hxx
+M XCAFSchema:privinclude:XCAFSchema_gp_Dir.ixx /misc/dn61/LocalWOK/wok_entities/LOC/dev/CR0-OCCT691-7-CR0-OCCT691-occt-64/drv/XCAFSchema/XCAFSchema_gp_Dir.ixx
+M XCAFSchema:derivated:XCAFSchema_gp_Dir.cxx /misc/dn61/LocalWOK/wok_entities/LOC/dev/CR0-OCCT691-7-CR0-OCCT691-occt-64/drv/XCAFSchema/XCAFSchema_gp_Dir.cxx
+M XCAFSchema:pubinclude:XCAFSchema_gp_Ax3.hxx /misc/dn61/LocalWOK/wok_entities/LOC/dev/CR0-OCCT691-7-CR0-OCCT691-occt-64/inc/XCAFSchema_gp_Ax3.hxx
+M XCAFSchema:privinclude:XCAFSchema_gp_Ax3.ixx /misc/dn61/LocalWOK/wok_entities/LOC/dev/CR0-OCCT691-7-CR0-OCCT691-occt-64/drv/XCAFSchema/XCAFSchema_gp_Ax3.ixx
+M XCAFSchema:derivated:XCAFSchema_gp_Ax3.cxx /misc/dn61/LocalWOK/wok_entities/LOC/dev/CR0-OCCT691-7-CR0-OCCT691-occt-64/drv/XCAFSchema/XCAFSchema_gp_Ax3.cxx
+M XCAFSchema:pubinclude:XCAFSchema_gp_Mat.hxx /misc/dn61/LocalWOK/wok_entities/LOC/dev/CR0-OCCT691-7-CR0-OCCT691-occt-64/inc/XCAFSchema_gp_Mat.hxx
+M XCAFSchema:privinclude:XCAFSchema_gp_Mat.ixx /misc/dn61/LocalWOK/wok_entities/LOC/dev/CR0-OCCT691-7-CR0-OCCT691-occt-64/drv/XCAFSchema/XCAFSchema_gp_Mat.ixx
+M XCAFSchema:derivated:XCAFSchema_gp_Mat.cxx /misc/dn61/LocalWOK/wok_entities/LOC/dev/CR0-OCCT691-7-CR0-OCCT691-occt-64/drv/XCAFSchema/XCAFSchema_gp_Mat.cxx
+M XCAFSchema:pubinclude:XCAFSchema_gp_Trsf2d.hxx /misc/dn61/LocalWOK/wok_entities/LOC/dev/CR0-OCCT691-7-CR0-OCCT691-occt-64/inc/XCAFSchema_gp_Trsf2d.hxx
+M XCAFSchema:privinclude:XCAFSchema_gp_Trsf2d.ixx /misc/dn61/LocalWOK/wok_entities/LOC/dev/CR0-OCCT691-7-CR0-OCCT691-occt-64/drv/XCAFSchema/XCAFSchema_gp_Trsf2d.ixx
+M XCAFSchema:derivated:XCAFSchema_gp_Trsf2d.cxx /misc/dn61/LocalWOK/wok_entities/LOC/dev/CR0-OCCT691-7-CR0-OCCT691-occt-64/drv/XCAFSchema/XCAFSchema_gp_Trsf2d.cxx
+M XCAFSchema:pubinclude:XCAFSchema_DBC_VArrayOfExtCharacter.hxx /misc/dn61/LocalWOK/wok_entities/LOC/dev/CR0-OCCT691-7-CR0-OCCT691-occt-64/inc/XCAFSchema_DBC_VArrayOfExtCharacter.hxx
+M XCAFSchema:privinclude:XCAFSchema_DBC_VArrayOfExtCharacter.ixx /misc/dn61/LocalWOK/wok_entities/LOC/dev/CR0-OCCT691-7-CR0-OCCT691-occt-64/drv/XCAFSchema/XCAFSchema_DBC_VArrayOfExtCharacter.ixx
+M XCAFSchema:derivated:XCAFSchema_DBC_VArrayOfExtCharacter.cxx /misc/dn61/LocalWOK/wok_entities/LOC/dev/CR0-OCCT691-7-CR0-OCCT691-occt-64/drv/XCAFSchema/XCAFSchema_DBC_VArrayOfExtCharacter.cxx
+M XCAFSchema:pubinclude:XCAFSchema_gp_Ax2d.hxx /misc/dn61/LocalWOK/wok_entities/LOC/dev/CR0-OCCT691-7-CR0-OCCT691-occt-64/inc/XCAFSchema_gp_Ax2d.hxx
+M XCAFSchema:privinclude:XCAFSchema_gp_Ax2d.ixx /misc/dn61/LocalWOK/wok_entities/LOC/dev/CR0-OCCT691-7-CR0-OCCT691-occt-64/drv/XCAFSchema/XCAFSchema_gp_Ax2d.ixx
+M XCAFSchema:derivated:XCAFSchema_gp_Ax2d.cxx /misc/dn61/LocalWOK/wok_entities/LOC/dev/CR0-OCCT691-7-CR0-OCCT691-occt-64/drv/XCAFSchema/XCAFSchema_gp_Ax2d.cxx
+M XCAFSchema:pubinclude:XCAFSchema_gp_Mat2d.hxx /misc/dn61/LocalWOK/wok_entities/LOC/dev/CR0-OCCT691-7-CR0-OCCT691-occt-64/inc/XCAFSchema_gp_Mat2d.hxx
+M XCAFSchema:privinclude:XCAFSchema_gp_Mat2d.ixx /misc/dn61/LocalWOK/wok_entities/LOC/dev/CR0-OCCT691-7-CR0-OCCT691-occt-64/drv/XCAFSchema/XCAFSchema_gp_Mat2d.ixx
+M XCAFSchema:derivated:XCAFSchema_gp_Mat2d.cxx /misc/dn61/LocalWOK/wok_entities/LOC/dev/CR0-OCCT691-7-CR0-OCCT691-occt-64/drv/XCAFSchema/XCAFSchema_gp_Mat2d.cxx
+M XCAFSchema:pubinclude:XCAFSchema_gp_Pnt2d.hxx /misc/dn61/LocalWOK/wok_entities/LOC/dev/CR0-OCCT691-7-CR0-OCCT691-occt-64/inc/XCAFSchema_gp_Pnt2d.hxx
+M XCAFSchema:privinclude:XCAFSchema_gp_Pnt2d.ixx /misc/dn61/LocalWOK/wok_entities/LOC/dev/CR0-OCCT691-7-CR0-OCCT691-occt-64/drv/XCAFSchema/XCAFSchema_gp_Pnt2d.ixx
+M XCAFSchema:derivated:XCAFSchema_gp_Pnt2d.cxx /misc/dn61/LocalWOK/wok_entities/LOC/dev/CR0-OCCT691-7-CR0-OCCT691-occt-64/drv/XCAFSchema/XCAFSchema_gp_Pnt2d.cxx
+M XCAFSchema:pubinclude:XCAFSchema_gp_Vec2d.hxx /misc/dn61/LocalWOK/wok_entities/LOC/dev/CR0-OCCT691-7-CR0-OCCT691-occt-64/inc/XCAFSchema_gp_Vec2d.hxx
+M XCAFSchema:privinclude:XCAFSchema_gp_Vec2d.ixx /misc/dn61/LocalWOK/wok_entities/LOC/dev/CR0-OCCT691-7-CR0-OCCT691-occt-64/drv/XCAFSchema/XCAFSchema_gp_Vec2d.ixx
+M XCAFSchema:derivated:XCAFSchema_gp_Vec2d.cxx /misc/dn61/LocalWOK/wok_entities/LOC/dev/CR0-OCCT691-7-CR0-OCCT691-occt-64/drv/XCAFSchema/XCAFSchema_gp_Vec2d.cxx
+M XCAFSchema:pubinclude:XCAFSchema_gp_XY.hxx /misc/dn61/LocalWOK/wok_entities/LOC/dev/CR0-OCCT691-7-CR0-OCCT691-occt-64/inc/XCAFSchema_gp_XY.hxx
+M XCAFSchema:privinclude:XCAFSchema_gp_XY.ixx /misc/dn61/LocalWOK/wok_entities/LOC/dev/CR0-OCCT691-7-CR0-OCCT691-occt-64/drv/XCAFSchema/XCAFSchema_gp_XY.ixx
+M XCAFSchema:derivated:XCAFSchema_gp_XY.cxx /misc/dn61/LocalWOK/wok_entities/LOC/dev/CR0-OCCT691-7-CR0-OCCT691-occt-64/drv/XCAFSchema/XCAFSchema_gp_XY.cxx
+M XCAFSchema:pubinclude:XCAFSchema_gp_Dir2d.hxx /misc/dn61/LocalWOK/wok_entities/LOC/dev/CR0-OCCT691-7-CR0-OCCT691-occt-64/inc/XCAFSchema_gp_Dir2d.hxx
+M XCAFSchema:privinclude:XCAFSchema_gp_Dir2d.ixx /misc/dn61/LocalWOK/wok_entities/LOC/dev/CR0-OCCT691-7-CR0-OCCT691-occt-64/drv/XCAFSchema/XCAFSchema_gp_Dir2d.ixx
+M XCAFSchema:derivated:XCAFSchema_gp_Dir2d.cxx /misc/dn61/LocalWOK/wok_entities/LOC/dev/CR0-OCCT691-7-CR0-OCCT691-occt-64/drv/XCAFSchema/XCAFSchema_gp_Dir2d.cxx
+M XCAFSchema:dbadmfile:XCAFSchema_xcpp_sch.In /misc/dn61/LocalWOK/wok_entities/LOC/dev/CR0-OCCT691-7-CR0-OCCT691-occt-64/drv/XCAFSchema/.adm/XCAFSchema_xcpp_sch.In
+M XCAFSchema:dbadmfile:XCAFSchema_xcpp_sch.Out /misc/dn61/LocalWOK/wok_entities/LOC/dev/CR0-OCCT691-7-CR0-OCCT691-occt-64/drv/XCAFSchema/.adm/XCAFSchema_xcpp_sch.Out
+M XCAFSchema:dbadmfile:XCAFSchema_xcpp_sch.Dep /misc/dn61/LocalWOK/wok_entities/LOC/dev/CR0-OCCT691-7-CR0-OCCT691-occt-64/drv/XCAFSchema/.adm/XCAFSchema_xcpp_sch.Dep
