+M XCAFDoc:pubinclude:XCAFDoc.hxx /misc/dn61/LocalWOK/wok_entities/LOC/dev/CR0-OCCT691-7-CR0-OCCT691-occt-64/inc/XCAFDoc.hxx
+M XCAFDoc:privinclude:XCAFDoc.jxx /misc/dn61/LocalWOK/wok_entities/LOC/dev/CR0-OCCT691-7-CR0-OCCT691-occt-64/drv/XCAFDoc/XCAFDoc.jxx
+M XCAFDoc:privinclude:XCAFDoc.ixx /misc/dn61/LocalWOK/wok_entities/LOC/dev/CR0-OCCT691-7-CR0-OCCT691-occt-64/drv/XCAFDoc/XCAFDoc.ixx
+M XCAFDoc:pubinclude:Handle_XCAFDoc_DocumentTool.hxx /misc/dn61/LocalWOK/wok_entities/LOC/dev/CR0-OCCT691-7-CR0-OCCT691-occt-64/inc/Handle_XCAFDoc_DocumentTool.hxx
+M XCAFDoc:pubinclude:XCAFDoc_DocumentTool.hxx /misc/dn61/LocalWOK/wok_entities/LOC/dev/CR0-OCCT691-7-CR0-OCCT691-occt-64/inc/XCAFDoc_DocumentTool.hxx
+M XCAFDoc:privinclude:XCAFDoc_DocumentTool.jxx /misc/dn61/LocalWOK/wok_entities/LOC/dev/CR0-OCCT691-7-CR0-OCCT691-occt-64/drv/XCAFDoc/XCAFDoc_DocumentTool.jxx
+M XCAFDoc:privinclude:XCAFDoc_DocumentTool.ixx /misc/dn61/LocalWOK/wok_entities/LOC/dev/CR0-OCCT691-7-CR0-OCCT691-occt-64/drv/XCAFDoc/XCAFDoc_DocumentTool.ixx
+M XCAFDoc:pubinclude:Handle_XCAFDoc_Location.hxx /misc/dn61/LocalWOK/wok_entities/LOC/dev/CR0-OCCT691-7-CR0-OCCT691-occt-64/inc/Handle_XCAFDoc_Location.hxx
+M XCAFDoc:pubinclude:XCAFDoc_Location.hxx /misc/dn61/LocalWOK/wok_entities/LOC/dev/CR0-OCCT691-7-CR0-OCCT691-occt-64/inc/XCAFDoc_Location.hxx
+M XCAFDoc:privinclude:XCAFDoc_Location.jxx /misc/dn61/LocalWOK/wok_entities/LOC/dev/CR0-OCCT691-7-CR0-OCCT691-occt-64/drv/XCAFDoc/XCAFDoc_Location.jxx
+M XCAFDoc:privinclude:XCAFDoc_Location.ixx /misc/dn61/LocalWOK/wok_entities/LOC/dev/CR0-OCCT691-7-CR0-OCCT691-occt-64/drv/XCAFDoc/XCAFDoc_Location.ixx
+M XCAFDoc:pubinclude:Handle_XCAFDoc_Color.hxx /misc/dn61/LocalWOK/wok_entities/LOC/dev/CR0-OCCT691-7-CR0-OCCT691-occt-64/inc/Handle_XCAFDoc_Color.hxx
+M XCAFDoc:pubinclude:XCAFDoc_Color.hxx /misc/dn61/LocalWOK/wok_entities/LOC/dev/CR0-OCCT691-7-CR0-OCCT691-occt-64/inc/XCAFDoc_Color.hxx
+M XCAFDoc:privinclude:XCAFDoc_Color.jxx /misc/dn61/LocalWOK/wok_entities/LOC/dev/CR0-OCCT691-7-CR0-OCCT691-occt-64/drv/XCAFDoc/XCAFDoc_Color.jxx
+M XCAFDoc:privinclude:XCAFDoc_Color.ixx /misc/dn61/LocalWOK/wok_entities/LOC/dev/CR0-OCCT691-7-CR0-OCCT691-occt-64/drv/XCAFDoc/XCAFDoc_Color.ixx
+M XCAFDoc:pubinclude:Handle_XCAFDoc_DimTol.hxx /misc/dn61/LocalWOK/wok_entities/LOC/dev/CR0-OCCT691-7-CR0-OCCT691-occt-64/inc/Handle_XCAFDoc_DimTol.hxx
+M XCAFDoc:pubinclude:XCAFDoc_DimTol.hxx /misc/dn61/LocalWOK/wok_entities/LOC/dev/CR0-OCCT691-7-CR0-OCCT691-occt-64/inc/XCAFDoc_DimTol.hxx
+M XCAFDoc:privinclude:XCAFDoc_DimTol.jxx /misc/dn61/LocalWOK/wok_entities/LOC/dev/CR0-OCCT691-7-CR0-OCCT691-occt-64/drv/XCAFDoc/XCAFDoc_DimTol.jxx
+M XCAFDoc:privinclude:XCAFDoc_DimTol.ixx /misc/dn61/LocalWOK/wok_entities/LOC/dev/CR0-OCCT691-7-CR0-OCCT691-occt-64/drv/XCAFDoc/XCAFDoc_DimTol.ixx
+M XCAFDoc:pubinclude:Handle_XCAFDoc_Datum.hxx /misc/dn61/LocalWOK/wok_entities/LOC/dev/CR0-OCCT691-7-CR0-OCCT691-occt-64/inc/Handle_XCAFDoc_Datum.hxx
+M XCAFDoc:pubinclude:XCAFDoc_Datum.hxx /misc/dn61/LocalWOK/wok_entities/LOC/dev/CR0-OCCT691-7-CR0-OCCT691-occt-64/inc/XCAFDoc_Datum.hxx
+M XCAFDoc:privinclude:XCAFDoc_Datum.jxx /misc/dn61/LocalWOK/wok_entities/LOC/dev/CR0-OCCT691-7-CR0-OCCT691-occt-64/drv/XCAFDoc/XCAFDoc_Datum.jxx
+M XCAFDoc:privinclude:XCAFDoc_Datum.ixx /misc/dn61/LocalWOK/wok_entities/LOC/dev/CR0-OCCT691-7-CR0-OCCT691-occt-64/drv/XCAFDoc/XCAFDoc_Datum.ixx
+M XCAFDoc:pubinclude:Handle_XCAFDoc_Material.hxx /misc/dn61/LocalWOK/wok_entities/LOC/dev/CR0-OCCT691-7-CR0-OCCT691-occt-64/inc/Handle_XCAFDoc_Material.hxx
+M XCAFDoc:pubinclude:XCAFDoc_Material.hxx /misc/dn61/LocalWOK/wok_entities/LOC/dev/CR0-OCCT691-7-CR0-OCCT691-occt-64/inc/XCAFDoc_Material.hxx
+M XCAFDoc:privinclude:XCAFDoc_Material.jxx /misc/dn61/LocalWOK/wok_entities/LOC/dev/CR0-OCCT691-7-CR0-OCCT691-occt-64/drv/XCAFDoc/XCAFDoc_Material.jxx
+M XCAFDoc:privinclude:XCAFDoc_Material.ixx /misc/dn61/LocalWOK/wok_entities/LOC/dev/CR0-OCCT691-7-CR0-OCCT691-occt-64/drv/XCAFDoc/XCAFDoc_Material.ixx
+M XCAFDoc:pubinclude:Handle_XCAFDoc_Volume.hxx /misc/dn61/LocalWOK/wok_entities/LOC/dev/CR0-OCCT691-7-CR0-OCCT691-occt-64/inc/Handle_XCAFDoc_Volume.hxx
+M XCAFDoc:pubinclude:XCAFDoc_Volume.hxx /misc/dn61/LocalWOK/wok_entities/LOC/dev/CR0-OCCT691-7-CR0-OCCT691-occt-64/inc/XCAFDoc_Volume.hxx
+M XCAFDoc:privinclude:XCAFDoc_Volume.jxx /misc/dn61/LocalWOK/wok_entities/LOC/dev/CR0-OCCT691-7-CR0-OCCT691-occt-64/drv/XCAFDoc/XCAFDoc_Volume.jxx
+M XCAFDoc:privinclude:XCAFDoc_Volume.ixx /misc/dn61/LocalWOK/wok_entities/LOC/dev/CR0-OCCT691-7-CR0-OCCT691-occt-64/drv/XCAFDoc/XCAFDoc_Volume.ixx
+M XCAFDoc:pubinclude:Handle_XCAFDoc_Area.hxx /misc/dn61/LocalWOK/wok_entities/LOC/dev/CR0-OCCT691-7-CR0-OCCT691-occt-64/inc/Handle_XCAFDoc_Area.hxx
+M XCAFDoc:pubinclude:XCAFDoc_Area.hxx /misc/dn61/LocalWOK/wok_entities/LOC/dev/CR0-OCCT691-7-CR0-OCCT691-occt-64/inc/XCAFDoc_Area.hxx
+M XCAFDoc:privinclude:XCAFDoc_Area.jxx /misc/dn61/LocalWOK/wok_entities/LOC/dev/CR0-OCCT691-7-CR0-OCCT691-occt-64/drv/XCAFDoc/XCAFDoc_Area.jxx
+M XCAFDoc:privinclude:XCAFDoc_Area.ixx /misc/dn61/LocalWOK/wok_entities/LOC/dev/CR0-OCCT691-7-CR0-OCCT691-occt-64/drv/XCAFDoc/XCAFDoc_Area.ixx
+M XCAFDoc:pubinclude:Handle_XCAFDoc_Centroid.hxx /misc/dn61/LocalWOK/wok_entities/LOC/dev/CR0-OCCT691-7-CR0-OCCT691-occt-64/inc/Handle_XCAFDoc_Centroid.hxx
+M XCAFDoc:pubinclude:XCAFDoc_Centroid.hxx /misc/dn61/LocalWOK/wok_entities/LOC/dev/CR0-OCCT691-7-CR0-OCCT691-occt-64/inc/XCAFDoc_Centroid.hxx
+M XCAFDoc:privinclude:XCAFDoc_Centroid.jxx /misc/dn61/LocalWOK/wok_entities/LOC/dev/CR0-OCCT691-7-CR0-OCCT691-occt-64/drv/XCAFDoc/XCAFDoc_Centroid.jxx
+M XCAFDoc:privinclude:XCAFDoc_Centroid.ixx /misc/dn61/LocalWOK/wok_entities/LOC/dev/CR0-OCCT691-7-CR0-OCCT691-occt-64/drv/XCAFDoc/XCAFDoc_Centroid.ixx
+M XCAFDoc:pubinclude:Handle_XCAFDoc_ShapeTool.hxx /misc/dn61/LocalWOK/wok_entities/LOC/dev/CR0-OCCT691-7-CR0-OCCT691-occt-64/inc/Handle_XCAFDoc_ShapeTool.hxx
+M XCAFDoc:pubinclude:XCAFDoc_ShapeTool.hxx /misc/dn61/LocalWOK/wok_entities/LOC/dev/CR0-OCCT691-7-CR0-OCCT691-occt-64/inc/XCAFDoc_ShapeTool.hxx
+M XCAFDoc:privinclude:XCAFDoc_ShapeTool.jxx /misc/dn61/LocalWOK/wok_entities/LOC/dev/CR0-OCCT691-7-CR0-OCCT691-occt-64/drv/XCAFDoc/XCAFDoc_ShapeTool.jxx
+M XCAFDoc:privinclude:XCAFDoc_ShapeTool.ixx /misc/dn61/LocalWOK/wok_entities/LOC/dev/CR0-OCCT691-7-CR0-OCCT691-occt-64/drv/XCAFDoc/XCAFDoc_ShapeTool.ixx
+M XCAFDoc:pubinclude:Handle_XCAFDoc_ShapeMapTool.hxx /misc/dn61/LocalWOK/wok_entities/LOC/dev/CR0-OCCT691-7-CR0-OCCT691-occt-64/inc/Handle_XCAFDoc_ShapeMapTool.hxx
+M XCAFDoc:pubinclude:XCAFDoc_ShapeMapTool.hxx /misc/dn61/LocalWOK/wok_entities/LOC/dev/CR0-OCCT691-7-CR0-OCCT691-occt-64/inc/XCAFDoc_ShapeMapTool.hxx
+M XCAFDoc:privinclude:XCAFDoc_ShapeMapTool.jxx /misc/dn61/LocalWOK/wok_entities/LOC/dev/CR0-OCCT691-7-CR0-OCCT691-occt-64/drv/XCAFDoc/XCAFDoc_ShapeMapTool.jxx
+M XCAFDoc:privinclude:XCAFDoc_ShapeMapTool.ixx /misc/dn61/LocalWOK/wok_entities/LOC/dev/CR0-OCCT691-7-CR0-OCCT691-occt-64/drv/XCAFDoc/XCAFDoc_ShapeMapTool.ixx
+M XCAFDoc:pubinclude:Handle_XCAFDoc_ColorTool.hxx /misc/dn61/LocalWOK/wok_entities/LOC/dev/CR0-OCCT691-7-CR0-OCCT691-occt-64/inc/Handle_XCAFDoc_ColorTool.hxx
+M XCAFDoc:pubinclude:XCAFDoc_ColorTool.hxx /misc/dn61/LocalWOK/wok_entities/LOC/dev/CR0-OCCT691-7-CR0-OCCT691-occt-64/inc/XCAFDoc_ColorTool.hxx
+M XCAFDoc:privinclude:XCAFDoc_ColorTool.jxx /misc/dn61/LocalWOK/wok_entities/LOC/dev/CR0-OCCT691-7-CR0-OCCT691-occt-64/drv/XCAFDoc/XCAFDoc_ColorTool.jxx
+M XCAFDoc:privinclude:XCAFDoc_ColorTool.ixx /misc/dn61/LocalWOK/wok_entities/LOC/dev/CR0-OCCT691-7-CR0-OCCT691-occt-64/drv/XCAFDoc/XCAFDoc_ColorTool.ixx
+M XCAFDoc:pubinclude:Handle_XCAFDoc_DimTolTool.hxx /misc/dn61/LocalWOK/wok_entities/LOC/dev/CR0-OCCT691-7-CR0-OCCT691-occt-64/inc/Handle_XCAFDoc_DimTolTool.hxx
+M XCAFDoc:pubinclude:XCAFDoc_DimTolTool.hxx /misc/dn61/LocalWOK/wok_entities/LOC/dev/CR0-OCCT691-7-CR0-OCCT691-occt-64/inc/XCAFDoc_DimTolTool.hxx
+M XCAFDoc:privinclude:XCAFDoc_DimTolTool.jxx /misc/dn61/LocalWOK/wok_entities/LOC/dev/CR0-OCCT691-7-CR0-OCCT691-occt-64/drv/XCAFDoc/XCAFDoc_DimTolTool.jxx
+M XCAFDoc:privinclude:XCAFDoc_DimTolTool.ixx /misc/dn61/LocalWOK/wok_entities/LOC/dev/CR0-OCCT691-7-CR0-OCCT691-occt-64/drv/XCAFDoc/XCAFDoc_DimTolTool.ixx
+M XCAFDoc:pubinclude:Handle_XCAFDoc_LayerTool.hxx /misc/dn61/LocalWOK/wok_entities/LOC/dev/CR0-OCCT691-7-CR0-OCCT691-occt-64/inc/Handle_XCAFDoc_LayerTool.hxx
+M XCAFDoc:pubinclude:XCAFDoc_LayerTool.hxx /misc/dn61/LocalWOK/wok_entities/LOC/dev/CR0-OCCT691-7-CR0-OCCT691-occt-64/inc/XCAFDoc_LayerTool.hxx
+M XCAFDoc:privinclude:XCAFDoc_LayerTool.jxx /misc/dn61/LocalWOK/wok_entities/LOC/dev/CR0-OCCT691-7-CR0-OCCT691-occt-64/drv/XCAFDoc/XCAFDoc_LayerTool.jxx
+M XCAFDoc:privinclude:XCAFDoc_LayerTool.ixx /misc/dn61/LocalWOK/wok_entities/LOC/dev/CR0-OCCT691-7-CR0-OCCT691-occt-64/drv/XCAFDoc/XCAFDoc_LayerTool.ixx
+M XCAFDoc:pubinclude:Handle_XCAFDoc_MaterialTool.hxx /misc/dn61/LocalWOK/wok_entities/LOC/dev/CR0-OCCT691-7-CR0-OCCT691-occt-64/inc/Handle_XCAFDoc_MaterialTool.hxx
+M XCAFDoc:pubinclude:XCAFDoc_MaterialTool.hxx /misc/dn61/LocalWOK/wok_entities/LOC/dev/CR0-OCCT691-7-CR0-OCCT691-occt-64/inc/XCAFDoc_MaterialTool.hxx
+M XCAFDoc:privinclude:XCAFDoc_MaterialTool.jxx /misc/dn61/LocalWOK/wok_entities/LOC/dev/CR0-OCCT691-7-CR0-OCCT691-occt-64/drv/XCAFDoc/XCAFDoc_MaterialTool.jxx
+M XCAFDoc:privinclude:XCAFDoc_MaterialTool.ixx /misc/dn61/LocalWOK/wok_entities/LOC/dev/CR0-OCCT691-7-CR0-OCCT691-occt-64/drv/XCAFDoc/XCAFDoc_MaterialTool.ixx
+M XCAFDoc:pubinclude:Handle_XCAFDoc_GraphNode.hxx /misc/dn61/LocalWOK/wok_entities/LOC/dev/CR0-OCCT691-7-CR0-OCCT691-occt-64/inc/Handle_XCAFDoc_GraphNode.hxx
+M XCAFDoc:pubinclude:XCAFDoc_GraphNode.hxx /misc/dn61/LocalWOK/wok_entities/LOC/dev/CR0-OCCT691-7-CR0-OCCT691-occt-64/inc/XCAFDoc_GraphNode.hxx
+M XCAFDoc:privinclude:XCAFDoc_GraphNode.jxx /misc/dn61/LocalWOK/wok_entities/LOC/dev/CR0-OCCT691-7-CR0-OCCT691-occt-64/drv/XCAFDoc/XCAFDoc_GraphNode.jxx
+M XCAFDoc:privinclude:XCAFDoc_GraphNode.ixx /misc/dn61/LocalWOK/wok_entities/LOC/dev/CR0-OCCT691-7-CR0-OCCT691-occt-64/drv/XCAFDoc/XCAFDoc_GraphNode.ixx
+M XCAFDoc:pubinclude:XCAFDoc_GraphNodeSequence.hxx /misc/dn61/LocalWOK/wok_entities/LOC/dev/CR0-OCCT691-7-CR0-OCCT691-occt-64/inc/XCAFDoc_GraphNodeSequence.hxx
+M XCAFDoc:derivated:XCAFDoc_GraphNodeSequence_0.cxx /misc/dn61/LocalWOK/wok_entities/LOC/dev/CR0-OCCT691-7-CR0-OCCT691-occt-64/drv/XCAFDoc/XCAFDoc_GraphNodeSequence_0.cxx
+M XCAFDoc:pubinclude:XCAFDoc_DataMapOfShapeLabel.hxx /misc/dn61/LocalWOK/wok_entities/LOC/dev/CR0-OCCT691-7-CR0-OCCT691-occt-64/inc/XCAFDoc_DataMapOfShapeLabel.hxx
+M XCAFDoc:derivated:XCAFDoc_DataMapOfShapeLabel_0.cxx /misc/dn61/LocalWOK/wok_entities/LOC/dev/CR0-OCCT691-7-CR0-OCCT691-occt-64/drv/XCAFDoc/XCAFDoc_DataMapOfShapeLabel_0.cxx
+M XCAFDoc:pubinclude:Handle_XCAFDoc_SequenceNodeOfGraphNodeSequence.hxx /misc/dn61/LocalWOK/wok_entities/LOC/dev/CR0-OCCT691-7-CR0-OCCT691-occt-64/inc/Handle_XCAFDoc_SequenceNodeOfGraphNodeSequence.hxx
+M XCAFDoc:pubinclude:XCAFDoc_SequenceNodeOfGraphNodeSequence.hxx /misc/dn61/LocalWOK/wok_entities/LOC/dev/CR0-OCCT691-7-CR0-OCCT691-occt-64/inc/XCAFDoc_SequenceNodeOfGraphNodeSequence.hxx
+M XCAFDoc:derivated:XCAFDoc_SequenceNodeOfGraphNodeSequence_0.cxx /misc/dn61/LocalWOK/wok_entities/LOC/dev/CR0-OCCT691-7-CR0-OCCT691-occt-64/drv/XCAFDoc/XCAFDoc_SequenceNodeOfGraphNodeSequence_0.cxx
+M XCAFDoc:pubinclude:Handle_XCAFDoc_DataMapNodeOfDataMapOfShapeLabel.hxx /misc/dn61/LocalWOK/wok_entities/LOC/dev/CR0-OCCT691-7-CR0-OCCT691-occt-64/inc/Handle_XCAFDoc_DataMapNodeOfDataMapOfShapeLabel.hxx
+M XCAFDoc:pubinclude:XCAFDoc_DataMapNodeOfDataMapOfShapeLabel.hxx /misc/dn61/LocalWOK/wok_entities/LOC/dev/CR0-OCCT691-7-CR0-OCCT691-occt-64/inc/XCAFDoc_DataMapNodeOfDataMapOfShapeLabel.hxx
+M XCAFDoc:derivated:XCAFDoc_DataMapNodeOfDataMapOfShapeLabel_0.cxx /misc/dn61/LocalWOK/wok_entities/LOC/dev/CR0-OCCT691-7-CR0-OCCT691-occt-64/drv/XCAFDoc/XCAFDoc_DataMapNodeOfDataMapOfShapeLabel_0.cxx
+M XCAFDoc:pubinclude:XCAFDoc_DataMapIteratorOfDataMapOfShapeLabel.hxx /misc/dn61/LocalWOK/wok_entities/LOC/dev/CR0-OCCT691-7-CR0-OCCT691-occt-64/inc/XCAFDoc_DataMapIteratorOfDataMapOfShapeLabel.hxx
+M XCAFDoc:derivated:XCAFDoc_DataMapIteratorOfDataMapOfShapeLabel_0.cxx /misc/dn61/LocalWOK/wok_entities/LOC/dev/CR0-OCCT691-7-CR0-OCCT691-occt-64/drv/XCAFDoc/XCAFDoc_DataMapIteratorOfDataMapOfShapeLabel_0.cxx
+M XCAFDoc:pubinclude:XCAFDoc_ColorType.hxx /misc/dn61/LocalWOK/wok_entities/LOC/dev/CR0-OCCT691-7-CR0-OCCT691-occt-64/inc/XCAFDoc_ColorType.hxx
+M XCAFDoc:dbadmfile:XCAFDoc_xcpp_header.In /misc/dn61/LocalWOK/wok_entities/LOC/dev/CR0-OCCT691-7-CR0-OCCT691-occt-64/drv/XCAFDoc/.adm/XCAFDoc_xcpp_header.In
+M XCAFDoc:dbadmfile:XCAFDoc_xcpp_header.Out /misc/dn61/LocalWOK/wok_entities/LOC/dev/CR0-OCCT691-7-CR0-OCCT691-occt-64/drv/XCAFDoc/.adm/XCAFDoc_xcpp_header.Out
+M XCAFDoc:dbadmfile:XCAFDoc_xcpp_header.Dep /misc/dn61/LocalWOK/wok_entities/LOC/dev/CR0-OCCT691-7-CR0-OCCT691-occt-64/drv/XCAFDoc/.adm/XCAFDoc_xcpp_header.Dep
