+M ProjLib:pubinclude:ProjLib.hxx /misc/dn61/LocalWOK/wok_entities/LOC/dev/CR0-OCCT691-7-CR0-OCCT691-occt-64/inc/ProjLib.hxx
+M ProjLib:privinclude:ProjLib.jxx /misc/dn61/LocalWOK/wok_entities/LOC/dev/CR0-OCCT691-7-CR0-OCCT691-occt-64/drv/ProjLib/ProjLib.jxx
+M ProjLib:privinclude:ProjLib.ixx /misc/dn61/LocalWOK/wok_entities/LOC/dev/CR0-OCCT691-7-CR0-OCCT691-occt-64/drv/ProjLib/ProjLib.ixx
+M ProjLib:pubinclude:ProjLib_ProjectOnPlane.hxx /misc/dn61/LocalWOK/wok_entities/LOC/dev/CR0-OCCT691-7-CR0-OCCT691-occt-64/inc/ProjLib_ProjectOnPlane.hxx
+M ProjLib:privinclude:ProjLib_ProjectOnPlane.jxx /misc/dn61/LocalWOK/wok_entities/LOC/dev/CR0-OCCT691-7-CR0-OCCT691-occt-64/drv/ProjLib/ProjLib_ProjectOnPlane.jxx
+M ProjLib:privinclude:ProjLib_ProjectOnPlane.ixx /misc/dn61/LocalWOK/wok_entities/LOC/dev/CR0-OCCT691-7-CR0-OCCT691-occt-64/drv/ProjLib/ProjLib_ProjectOnPlane.ixx
+M ProjLib:pubinclude:ProjLib_ProjectOnSurface.hxx /misc/dn61/LocalWOK/wok_entities/LOC/dev/CR0-OCCT691-7-CR0-OCCT691-occt-64/inc/ProjLib_ProjectOnSurface.hxx
+M ProjLib:privinclude:ProjLib_ProjectOnSurface.jxx /misc/dn61/LocalWOK/wok_entities/LOC/dev/CR0-OCCT691-7-CR0-OCCT691-occt-64/drv/ProjLib/ProjLib_ProjectOnSurface.jxx
+M ProjLib:privinclude:ProjLib_ProjectOnSurface.ixx /misc/dn61/LocalWOK/wok_entities/LOC/dev/CR0-OCCT691-7-CR0-OCCT691-occt-64/drv/ProjLib/ProjLib_ProjectOnSurface.ixx
+M ProjLib:pubinclude:ProjLib_ComputeApprox.hxx /misc/dn61/LocalWOK/wok_entities/LOC/dev/CR0-OCCT691-7-CR0-OCCT691-occt-64/inc/ProjLib_ComputeApprox.hxx
+M ProjLib:privinclude:ProjLib_ComputeApprox.jxx /misc/dn61/LocalWOK/wok_entities/LOC/dev/CR0-OCCT691-7-CR0-OCCT691-occt-64/drv/ProjLib/ProjLib_ComputeApprox.jxx
+M ProjLib:privinclude:ProjLib_ComputeApprox.ixx /misc/dn61/LocalWOK/wok_entities/LOC/dev/CR0-OCCT691-7-CR0-OCCT691-occt-64/drv/ProjLib/ProjLib_ComputeApprox.ixx
+M ProjLib:pubinclude:ProjLib_ComputeApproxOnPolarSurface.hxx /misc/dn61/LocalWOK/wok_entities/LOC/dev/CR0-OCCT691-7-CR0-OCCT691-occt-64/inc/ProjLib_ComputeApproxOnPolarSurface.hxx
+M ProjLib:privinclude:ProjLib_ComputeApproxOnPolarSurface.jxx /misc/dn61/LocalWOK/wok_entities/LOC/dev/CR0-OCCT691-7-CR0-OCCT691-occt-64/drv/ProjLib/ProjLib_ComputeApproxOnPolarSurface.jxx
+M ProjLib:privinclude:ProjLib_ComputeApproxOnPolarSurface.ixx /misc/dn61/LocalWOK/wok_entities/LOC/dev/CR0-OCCT691-7-CR0-OCCT691-occt-64/drv/ProjLib/ProjLib_ComputeApproxOnPolarSurface.ixx
+M ProjLib:pubinclude:ProjLib_ProjectedCurve.hxx /misc/dn61/LocalWOK/wok_entities/LOC/dev/CR0-OCCT691-7-CR0-OCCT691-occt-64/inc/ProjLib_ProjectedCurve.hxx
+M ProjLib:privinclude:ProjLib_ProjectedCurve.jxx /misc/dn61/LocalWOK/wok_entities/LOC/dev/CR0-OCCT691-7-CR0-OCCT691-occt-64/drv/ProjLib/ProjLib_ProjectedCurve.jxx
+M ProjLib:privinclude:ProjLib_ProjectedCurve.ixx /misc/dn61/LocalWOK/wok_entities/LOC/dev/CR0-OCCT691-7-CR0-OCCT691-occt-64/drv/ProjLib/ProjLib_ProjectedCurve.ixx
+M ProjLib:pubinclude:Handle_ProjLib_HProjectedCurve.hxx /misc/dn61/LocalWOK/wok_entities/LOC/dev/CR0-OCCT691-7-CR0-OCCT691-occt-64/inc/Handle_ProjLib_HProjectedCurve.hxx
+M ProjLib:pubinclude:ProjLib_HProjectedCurve.hxx /misc/dn61/LocalWOK/wok_entities/LOC/dev/CR0-OCCT691-7-CR0-OCCT691-occt-64/inc/ProjLib_HProjectedCurve.hxx
+M ProjLib:derivated:ProjLib_HProjectedCurve_0.cxx /misc/dn61/LocalWOK/wok_entities/LOC/dev/CR0-OCCT691-7-CR0-OCCT691-occt-64/drv/ProjLib/ProjLib_HProjectedCurve_0.cxx
+M ProjLib:pubinclude:ProjLib_SequenceOfHSequenceOfPnt.hxx /misc/dn61/LocalWOK/wok_entities/LOC/dev/CR0-OCCT691-7-CR0-OCCT691-occt-64/inc/ProjLib_SequenceOfHSequenceOfPnt.hxx
+M ProjLib:derivated:ProjLib_SequenceOfHSequenceOfPnt_0.cxx /misc/dn61/LocalWOK/wok_entities/LOC/dev/CR0-OCCT691-7-CR0-OCCT691-occt-64/drv/ProjLib/ProjLib_SequenceOfHSequenceOfPnt_0.cxx
+M ProjLib:pubinclude:Handle_ProjLib_HSequenceOfHSequenceOfPnt.hxx /misc/dn61/LocalWOK/wok_entities/LOC/dev/CR0-OCCT691-7-CR0-OCCT691-occt-64/inc/Handle_ProjLib_HSequenceOfHSequenceOfPnt.hxx
+M ProjLib:pubinclude:ProjLib_HSequenceOfHSequenceOfPnt.hxx /misc/dn61/LocalWOK/wok_entities/LOC/dev/CR0-OCCT691-7-CR0-OCCT691-occt-64/inc/ProjLib_HSequenceOfHSequenceOfPnt.hxx
+M ProjLib:derivated:ProjLib_HSequenceOfHSequenceOfPnt_0.cxx /misc/dn61/LocalWOK/wok_entities/LOC/dev/CR0-OCCT691-7-CR0-OCCT691-occt-64/drv/ProjLib/ProjLib_HSequenceOfHSequenceOfPnt_0.cxx
+M ProjLib:pubinclude:ProjLib_CompProjectedCurve.hxx /misc/dn61/LocalWOK/wok_entities/LOC/dev/CR0-OCCT691-7-CR0-OCCT691-occt-64/inc/ProjLib_CompProjectedCurve.hxx
+M ProjLib:privinclude:ProjLib_CompProjectedCurve.jxx /misc/dn61/LocalWOK/wok_entities/LOC/dev/CR0-OCCT691-7-CR0-OCCT691-occt-64/drv/ProjLib/ProjLib_CompProjectedCurve.jxx
+M ProjLib:privinclude:ProjLib_CompProjectedCurve.ixx /misc/dn61/LocalWOK/wok_entities/LOC/dev/CR0-OCCT691-7-CR0-OCCT691-occt-64/drv/ProjLib/ProjLib_CompProjectedCurve.ixx
+M ProjLib:pubinclude:Handle_ProjLib_HCompProjectedCurve.hxx /misc/dn61/LocalWOK/wok_entities/LOC/dev/CR0-OCCT691-7-CR0-OCCT691-occt-64/inc/Handle_ProjLib_HCompProjectedCurve.hxx
+M ProjLib:pubinclude:ProjLib_HCompProjectedCurve.hxx /misc/dn61/LocalWOK/wok_entities/LOC/dev/CR0-OCCT691-7-CR0-OCCT691-occt-64/inc/ProjLib_HCompProjectedCurve.hxx
+M ProjLib:derivated:ProjLib_HCompProjectedCurve_0.cxx /misc/dn61/LocalWOK/wok_entities/LOC/dev/CR0-OCCT691-7-CR0-OCCT691-occt-64/drv/ProjLib/ProjLib_HCompProjectedCurve_0.cxx
+M ProjLib:pubinclude:ProjLib_PrjResolve.hxx /misc/dn61/LocalWOK/wok_entities/LOC/dev/CR0-OCCT691-7-CR0-OCCT691-occt-64/inc/ProjLib_PrjResolve.hxx
+M ProjLib:privinclude:ProjLib_PrjResolve.jxx /misc/dn61/LocalWOK/wok_entities/LOC/dev/CR0-OCCT691-7-CR0-OCCT691-occt-64/drv/ProjLib/ProjLib_PrjResolve.jxx
+M ProjLib:privinclude:ProjLib_PrjResolve.ixx /misc/dn61/LocalWOK/wok_entities/LOC/dev/CR0-OCCT691-7-CR0-OCCT691-occt-64/drv/ProjLib/ProjLib_PrjResolve.ixx
+M ProjLib:pubinclude:ProjLib_PrjFunc.hxx /misc/dn61/LocalWOK/wok_entities/LOC/dev/CR0-OCCT691-7-CR0-OCCT691-occt-64/inc/ProjLib_PrjFunc.hxx
+M ProjLib:privinclude:ProjLib_PrjFunc.jxx /misc/dn61/LocalWOK/wok_entities/LOC/dev/CR0-OCCT691-7-CR0-OCCT691-occt-64/drv/ProjLib/ProjLib_PrjFunc.jxx
+M ProjLib:privinclude:ProjLib_PrjFunc.ixx /misc/dn61/LocalWOK/wok_entities/LOC/dev/CR0-OCCT691-7-CR0-OCCT691-occt-64/drv/ProjLib/ProjLib_PrjFunc.ixx
+M ProjLib:pubinclude:ProjLib_Projector.hxx /misc/dn61/LocalWOK/wok_entities/LOC/dev/CR0-OCCT691-7-CR0-OCCT691-occt-64/inc/ProjLib_Projector.hxx
+M ProjLib:privinclude:ProjLib_Projector.jxx /misc/dn61/LocalWOK/wok_entities/LOC/dev/CR0-OCCT691-7-CR0-OCCT691-occt-64/drv/ProjLib/ProjLib_Projector.jxx
+M ProjLib:privinclude:ProjLib_Projector.ixx /misc/dn61/LocalWOK/wok_entities/LOC/dev/CR0-OCCT691-7-CR0-OCCT691-occt-64/drv/ProjLib/ProjLib_Projector.ixx
+M ProjLib:pubinclude:ProjLib_Plane.hxx /misc/dn61/LocalWOK/wok_entities/LOC/dev/CR0-OCCT691-7-CR0-OCCT691-occt-64/inc/ProjLib_Plane.hxx
+M ProjLib:privinclude:ProjLib_Plane.jxx /misc/dn61/LocalWOK/wok_entities/LOC/dev/CR0-OCCT691-7-CR0-OCCT691-occt-64/drv/ProjLib/ProjLib_Plane.jxx
+M ProjLib:privinclude:ProjLib_Plane.ixx /misc/dn61/LocalWOK/wok_entities/LOC/dev/CR0-OCCT691-7-CR0-OCCT691-occt-64/drv/ProjLib/ProjLib_Plane.ixx
+M ProjLib:pubinclude:ProjLib_Cylinder.hxx /misc/dn61/LocalWOK/wok_entities/LOC/dev/CR0-OCCT691-7-CR0-OCCT691-occt-64/inc/ProjLib_Cylinder.hxx
+M ProjLib:privinclude:ProjLib_Cylinder.jxx /misc/dn61/LocalWOK/wok_entities/LOC/dev/CR0-OCCT691-7-CR0-OCCT691-occt-64/drv/ProjLib/ProjLib_Cylinder.jxx
+M ProjLib:privinclude:ProjLib_Cylinder.ixx /misc/dn61/LocalWOK/wok_entities/LOC/dev/CR0-OCCT691-7-CR0-OCCT691-occt-64/drv/ProjLib/ProjLib_Cylinder.ixx
+M ProjLib:pubinclude:ProjLib_Cone.hxx /misc/dn61/LocalWOK/wok_entities/LOC/dev/CR0-OCCT691-7-CR0-OCCT691-occt-64/inc/ProjLib_Cone.hxx
+M ProjLib:privinclude:ProjLib_Cone.jxx /misc/dn61/LocalWOK/wok_entities/LOC/dev/CR0-OCCT691-7-CR0-OCCT691-occt-64/drv/ProjLib/ProjLib_Cone.jxx
+M ProjLib:privinclude:ProjLib_Cone.ixx /misc/dn61/LocalWOK/wok_entities/LOC/dev/CR0-OCCT691-7-CR0-OCCT691-occt-64/drv/ProjLib/ProjLib_Cone.ixx
+M ProjLib:pubinclude:ProjLib_Sphere.hxx /misc/dn61/LocalWOK/wok_entities/LOC/dev/CR0-OCCT691-7-CR0-OCCT691-occt-64/inc/ProjLib_Sphere.hxx
+M ProjLib:privinclude:ProjLib_Sphere.jxx /misc/dn61/LocalWOK/wok_entities/LOC/dev/CR0-OCCT691-7-CR0-OCCT691-occt-64/drv/ProjLib/ProjLib_Sphere.jxx
+M ProjLib:privinclude:ProjLib_Sphere.ixx /misc/dn61/LocalWOK/wok_entities/LOC/dev/CR0-OCCT691-7-CR0-OCCT691-occt-64/drv/ProjLib/ProjLib_Sphere.ixx
+M ProjLib:pubinclude:ProjLib_Torus.hxx /misc/dn61/LocalWOK/wok_entities/LOC/dev/CR0-OCCT691-7-CR0-OCCT691-occt-64/inc/ProjLib_Torus.hxx
+M ProjLib:privinclude:ProjLib_Torus.jxx /misc/dn61/LocalWOK/wok_entities/LOC/dev/CR0-OCCT691-7-CR0-OCCT691-occt-64/drv/ProjLib/ProjLib_Torus.jxx
+M ProjLib:privinclude:ProjLib_Torus.ixx /misc/dn61/LocalWOK/wok_entities/LOC/dev/CR0-OCCT691-7-CR0-OCCT691-occt-64/drv/ProjLib/ProjLib_Torus.ixx
+M ProjLib:pubinclude:Handle_ProjLib_SequenceNodeOfSequenceOfHSequenceOfPnt.hxx /misc/dn61/LocalWOK/wok_entities/LOC/dev/CR0-OCCT691-7-CR0-OCCT691-occt-64/inc/Handle_ProjLib_SequenceNodeOfSequenceOfHSequenceOfPnt.hxx
+M ProjLib:pubinclude:ProjLib_SequenceNodeOfSequenceOfHSequenceOfPnt.hxx /misc/dn61/LocalWOK/wok_entities/LOC/dev/CR0-OCCT691-7-CR0-OCCT691-occt-64/inc/ProjLib_SequenceNodeOfSequenceOfHSequenceOfPnt.hxx
+M ProjLib:derivated:ProjLib_SequenceNodeOfSequenceOfHSequenceOfPnt_0.cxx /misc/dn61/LocalWOK/wok_entities/LOC/dev/CR0-OCCT691-7-CR0-OCCT691-occt-64/drv/ProjLib/ProjLib_SequenceNodeOfSequenceOfHSequenceOfPnt_0.cxx
+M ProjLib:dbadmfile:ProjLib_xcpp_header.In /misc/dn61/LocalWOK/wok_entities/LOC/dev/CR0-OCCT691-7-CR0-OCCT691-occt-64/drv/ProjLib/.adm/ProjLib_xcpp_header.In
+M ProjLib:dbadmfile:ProjLib_xcpp_header.Out /misc/dn61/LocalWOK/wok_entities/LOC/dev/CR0-OCCT691-7-CR0-OCCT691-occt-64/drv/ProjLib/.adm/ProjLib_xcpp_header.Out
+M ProjLib:dbadmfile:ProjLib_xcpp_header.Dep /misc/dn61/LocalWOK/wok_entities/LOC/dev/CR0-OCCT691-7-CR0-OCCT691-occt-64/drv/ProjLib/.adm/ProjLib_xcpp_header.Dep
