+M Intf:pubinclude:Intf.hxx /misc/dn61/LocalWOK/wok_entities/LOC/dev/CR0-OCCT691-7-CR0-OCCT691-occt-64/inc/Intf.hxx
+M Intf:privinclude:Intf.jxx /misc/dn61/LocalWOK/wok_entities/LOC/dev/CR0-OCCT691-7-CR0-OCCT691-occt-64/drv/Intf/Intf.jxx
+M Intf:privinclude:Intf.ixx /misc/dn61/LocalWOK/wok_entities/LOC/dev/CR0-OCCT691-7-CR0-OCCT691-occt-64/drv/Intf/Intf.ixx
+M Intf:pubinclude:Intf_Polygon2d.hxx /misc/dn61/LocalWOK/wok_entities/LOC/dev/CR0-OCCT691-7-CR0-OCCT691-occt-64/inc/Intf_Polygon2d.hxx
+M Intf:privinclude:Intf_Polygon2d.jxx /misc/dn61/LocalWOK/wok_entities/LOC/dev/CR0-OCCT691-7-CR0-OCCT691-occt-64/drv/Intf/Intf_Polygon2d.jxx
+M Intf:privinclude:Intf_Polygon2d.ixx /misc/dn61/LocalWOK/wok_entities/LOC/dev/CR0-OCCT691-7-CR0-OCCT691-occt-64/drv/Intf/Intf_Polygon2d.ixx
+M Intf:pubinclude:Intf_Array1OfLin.hxx /misc/dn61/LocalWOK/wok_entities/LOC/dev/CR0-OCCT691-7-CR0-OCCT691-occt-64/inc/Intf_Array1OfLin.hxx
+M Intf:derivated:Intf_Array1OfLin_0.cxx /misc/dn61/LocalWOK/wok_entities/LOC/dev/CR0-OCCT691-7-CR0-OCCT691-occt-64/drv/Intf/Intf_Array1OfLin_0.cxx
+M Intf:pubinclude:Intf_SectionPoint.hxx /misc/dn61/LocalWOK/wok_entities/LOC/dev/CR0-OCCT691-7-CR0-OCCT691-occt-64/inc/Intf_SectionPoint.hxx
+M Intf:privinclude:Intf_SectionPoint.jxx /misc/dn61/LocalWOK/wok_entities/LOC/dev/CR0-OCCT691-7-CR0-OCCT691-occt-64/drv/Intf/Intf_SectionPoint.jxx
+M Intf:privinclude:Intf_SectionPoint.ixx /misc/dn61/LocalWOK/wok_entities/LOC/dev/CR0-OCCT691-7-CR0-OCCT691-occt-64/drv/Intf/Intf_SectionPoint.ixx
+M Intf:pubinclude:Intf_SeqOfSectionPoint.hxx /misc/dn61/LocalWOK/wok_entities/LOC/dev/CR0-OCCT691-7-CR0-OCCT691-occt-64/inc/Intf_SeqOfSectionPoint.hxx
+M Intf:derivated:Intf_SeqOfSectionPoint_0.cxx /misc/dn61/LocalWOK/wok_entities/LOC/dev/CR0-OCCT691-7-CR0-OCCT691-occt-64/drv/Intf/Intf_SeqOfSectionPoint_0.cxx
+M Intf:pubinclude:Intf_SectionLine.hxx /misc/dn61/LocalWOK/wok_entities/LOC/dev/CR0-OCCT691-7-CR0-OCCT691-occt-64/inc/Intf_SectionLine.hxx
+M Intf:privinclude:Intf_SectionLine.jxx /misc/dn61/LocalWOK/wok_entities/LOC/dev/CR0-OCCT691-7-CR0-OCCT691-occt-64/drv/Intf/Intf_SectionLine.jxx
+M Intf:privinclude:Intf_SectionLine.ixx /misc/dn61/LocalWOK/wok_entities/LOC/dev/CR0-OCCT691-7-CR0-OCCT691-occt-64/drv/Intf/Intf_SectionLine.ixx
+M Intf:pubinclude:Intf_SeqOfSectionLine.hxx /misc/dn61/LocalWOK/wok_entities/LOC/dev/CR0-OCCT691-7-CR0-OCCT691-occt-64/inc/Intf_SeqOfSectionLine.hxx
+M Intf:derivated:Intf_SeqOfSectionLine_0.cxx /misc/dn61/LocalWOK/wok_entities/LOC/dev/CR0-OCCT691-7-CR0-OCCT691-occt-64/drv/Intf/Intf_SeqOfSectionLine_0.cxx
+M Intf:pubinclude:Intf_TangentZone.hxx /misc/dn61/LocalWOK/wok_entities/LOC/dev/CR0-OCCT691-7-CR0-OCCT691-occt-64/inc/Intf_TangentZone.hxx
+M Intf:privinclude:Intf_TangentZone.jxx /misc/dn61/LocalWOK/wok_entities/LOC/dev/CR0-OCCT691-7-CR0-OCCT691-occt-64/drv/Intf/Intf_TangentZone.jxx
+M Intf:privinclude:Intf_TangentZone.ixx /misc/dn61/LocalWOK/wok_entities/LOC/dev/CR0-OCCT691-7-CR0-OCCT691-occt-64/drv/Intf/Intf_TangentZone.ixx
+M Intf:pubinclude:Intf_SeqOfTangentZone.hxx /misc/dn61/LocalWOK/wok_entities/LOC/dev/CR0-OCCT691-7-CR0-OCCT691-occt-64/inc/Intf_SeqOfTangentZone.hxx
+M Intf:derivated:Intf_SeqOfTangentZone_0.cxx /misc/dn61/LocalWOK/wok_entities/LOC/dev/CR0-OCCT691-7-CR0-OCCT691-occt-64/drv/Intf/Intf_SeqOfTangentZone_0.cxx
+M Intf:pubinclude:Intf_Interference.hxx /misc/dn61/LocalWOK/wok_entities/LOC/dev/CR0-OCCT691-7-CR0-OCCT691-occt-64/inc/Intf_Interference.hxx
+M Intf:privinclude:Intf_Interference.jxx /misc/dn61/LocalWOK/wok_entities/LOC/dev/CR0-OCCT691-7-CR0-OCCT691-occt-64/drv/Intf/Intf_Interference.jxx
+M Intf:privinclude:Intf_Interference.ixx /misc/dn61/LocalWOK/wok_entities/LOC/dev/CR0-OCCT691-7-CR0-OCCT691-occt-64/drv/Intf/Intf_Interference.ixx
+M Intf:pubinclude:Intf_Tool.hxx /misc/dn61/LocalWOK/wok_entities/LOC/dev/CR0-OCCT691-7-CR0-OCCT691-occt-64/inc/Intf_Tool.hxx
+M Intf:privinclude:Intf_Tool.jxx /misc/dn61/LocalWOK/wok_entities/LOC/dev/CR0-OCCT691-7-CR0-OCCT691-occt-64/drv/Intf/Intf_Tool.jxx
+M Intf:privinclude:Intf_Tool.ixx /misc/dn61/LocalWOK/wok_entities/LOC/dev/CR0-OCCT691-7-CR0-OCCT691-occt-64/drv/Intf/Intf_Tool.ixx
+M Intf:pubinclude:Intf_InterferencePolygon2d.hxx /misc/dn61/LocalWOK/wok_entities/LOC/dev/CR0-OCCT691-7-CR0-OCCT691-occt-64/inc/Intf_InterferencePolygon2d.hxx
+M Intf:privinclude:Intf_InterferencePolygon2d.jxx /misc/dn61/LocalWOK/wok_entities/LOC/dev/CR0-OCCT691-7-CR0-OCCT691-occt-64/drv/Intf/Intf_InterferencePolygon2d.jxx
+M Intf:privinclude:Intf_InterferencePolygon2d.ixx /misc/dn61/LocalWOK/wok_entities/LOC/dev/CR0-OCCT691-7-CR0-OCCT691-occt-64/drv/Intf/Intf_InterferencePolygon2d.ixx
+M Intf:pubinclude:Handle_Intf_SequenceNodeOfSeqOfSectionPoint.hxx /misc/dn61/LocalWOK/wok_entities/LOC/dev/CR0-OCCT691-7-CR0-OCCT691-occt-64/inc/Handle_Intf_SequenceNodeOfSeqOfSectionPoint.hxx
+M Intf:pubinclude:Intf_SequenceNodeOfSeqOfSectionPoint.hxx /misc/dn61/LocalWOK/wok_entities/LOC/dev/CR0-OCCT691-7-CR0-OCCT691-occt-64/inc/Intf_SequenceNodeOfSeqOfSectionPoint.hxx
+M Intf:derivated:Intf_SequenceNodeOfSeqOfSectionPoint_0.cxx /misc/dn61/LocalWOK/wok_entities/LOC/dev/CR0-OCCT691-7-CR0-OCCT691-occt-64/drv/Intf/Intf_SequenceNodeOfSeqOfSectionPoint_0.cxx
+M Intf:pubinclude:Handle_Intf_SequenceNodeOfSeqOfTangentZone.hxx /misc/dn61/LocalWOK/wok_entities/LOC/dev/CR0-OCCT691-7-CR0-OCCT691-occt-64/inc/Handle_Intf_SequenceNodeOfSeqOfTangentZone.hxx
+M Intf:pubinclude:Intf_SequenceNodeOfSeqOfTangentZone.hxx /misc/dn61/LocalWOK/wok_entities/LOC/dev/CR0-OCCT691-7-CR0-OCCT691-occt-64/inc/Intf_SequenceNodeOfSeqOfTangentZone.hxx
+M Intf:derivated:Intf_SequenceNodeOfSeqOfTangentZone_0.cxx /misc/dn61/LocalWOK/wok_entities/LOC/dev/CR0-OCCT691-7-CR0-OCCT691-occt-64/drv/Intf/Intf_SequenceNodeOfSeqOfTangentZone_0.cxx
+M Intf:pubinclude:Handle_Intf_SequenceNodeOfSeqOfSectionLine.hxx /misc/dn61/LocalWOK/wok_entities/LOC/dev/CR0-OCCT691-7-CR0-OCCT691-occt-64/inc/Handle_Intf_SequenceNodeOfSeqOfSectionLine.hxx
+M Intf:pubinclude:Intf_SequenceNodeOfSeqOfSectionLine.hxx /misc/dn61/LocalWOK/wok_entities/LOC/dev/CR0-OCCT691-7-CR0-OCCT691-occt-64/inc/Intf_SequenceNodeOfSeqOfSectionLine.hxx
+M Intf:derivated:Intf_SequenceNodeOfSeqOfSectionLine_0.cxx /misc/dn61/LocalWOK/wok_entities/LOC/dev/CR0-OCCT691-7-CR0-OCCT691-occt-64/drv/Intf/Intf_SequenceNodeOfSeqOfSectionLine_0.cxx
+M Intf:pubinclude:Intf_PIType.hxx /misc/dn61/LocalWOK/wok_entities/LOC/dev/CR0-OCCT691-7-CR0-OCCT691-occt-64/inc/Intf_PIType.hxx
+M Intf:dbadmfile:Intf_xcpp_header.In /misc/dn61/LocalWOK/wok_entities/LOC/dev/CR0-OCCT691-7-CR0-OCCT691-occt-64/drv/Intf/.adm/Intf_xcpp_header.In
+M Intf:dbadmfile:Intf_xcpp_header.Out /misc/dn61/LocalWOK/wok_entities/LOC/dev/CR0-OCCT691-7-CR0-OCCT691-occt-64/drv/Intf/.adm/Intf_xcpp_header.Out
+M Intf:dbadmfile:Intf_xcpp_header.Dep /misc/dn61/LocalWOK/wok_entities/LOC/dev/CR0-OCCT691-7-CR0-OCCT691-occt-64/drv/Intf/.adm/Intf_xcpp_header.Dep
