+M STEPSelections:pubinclude:Handle_STEPSelections_SelectFaces.hxx /misc/dn61/LocalWOK/wok_entities/LOC/dev/CR0-OCCT691-7-CR0-OCCT691-occt-64/inc/Handle_STEPSelections_SelectFaces.hxx
+M STEPSelections:pubinclude:STEPSelections_SelectFaces.hxx /misc/dn61/LocalWOK/wok_entities/LOC/dev/CR0-OCCT691-7-CR0-OCCT691-occt-64/inc/STEPSelections_SelectFaces.hxx
+M STEPSelections:privinclude:STEPSelections_SelectFaces.jxx /misc/dn61/LocalWOK/wok_entities/LOC/dev/CR0-OCCT691-7-CR0-OCCT691-occt-64/drv/STEPSelections/STEPSelections_SelectFaces.jxx
+M STEPSelections:privinclude:STEPSelections_SelectFaces.ixx /misc/dn61/LocalWOK/wok_entities/LOC/dev/CR0-OCCT691-7-CR0-OCCT691-occt-64/drv/STEPSelections/STEPSelections_SelectFaces.ixx
+M STEPSelections:pubinclude:Handle_STEPSelections_SelectDerived.hxx /misc/dn61/LocalWOK/wok_entities/LOC/dev/CR0-OCCT691-7-CR0-OCCT691-occt-64/inc/Handle_STEPSelections_SelectDerived.hxx
+M STEPSelections:pubinclude:STEPSelections_SelectDerived.hxx /misc/dn61/LocalWOK/wok_entities/LOC/dev/CR0-OCCT691-7-CR0-OCCT691-occt-64/inc/STEPSelections_SelectDerived.hxx
+M STEPSelections:privinclude:STEPSelections_SelectDerived.jxx /misc/dn61/LocalWOK/wok_entities/LOC/dev/CR0-OCCT691-7-CR0-OCCT691-occt-64/drv/STEPSelections/STEPSelections_SelectDerived.jxx
+M STEPSelections:privinclude:STEPSelections_SelectDerived.ixx /misc/dn61/LocalWOK/wok_entities/LOC/dev/CR0-OCCT691-7-CR0-OCCT691-occt-64/drv/STEPSelections/STEPSelections_SelectDerived.ixx
+M STEPSelections:pubinclude:Handle_STEPSelections_SelectGSCurves.hxx /misc/dn61/LocalWOK/wok_entities/LOC/dev/CR0-OCCT691-7-CR0-OCCT691-occt-64/inc/Handle_STEPSelections_SelectGSCurves.hxx
+M STEPSelections:pubinclude:STEPSelections_SelectGSCurves.hxx /misc/dn61/LocalWOK/wok_entities/LOC/dev/CR0-OCCT691-7-CR0-OCCT691-occt-64/inc/STEPSelections_SelectGSCurves.hxx
+M STEPSelections:privinclude:STEPSelections_SelectGSCurves.jxx /misc/dn61/LocalWOK/wok_entities/LOC/dev/CR0-OCCT691-7-CR0-OCCT691-occt-64/drv/STEPSelections/STEPSelections_SelectGSCurves.jxx
+M STEPSelections:privinclude:STEPSelections_SelectGSCurves.ixx /misc/dn61/LocalWOK/wok_entities/LOC/dev/CR0-OCCT691-7-CR0-OCCT691-occt-64/drv/STEPSelections/STEPSelections_SelectGSCurves.ixx
+M STEPSelections:pubinclude:Handle_STEPSelections_SelectAssembly.hxx /misc/dn61/LocalWOK/wok_entities/LOC/dev/CR0-OCCT691-7-CR0-OCCT691-occt-64/inc/Handle_STEPSelections_SelectAssembly.hxx
+M STEPSelections:pubinclude:STEPSelections_SelectAssembly.hxx /misc/dn61/LocalWOK/wok_entities/LOC/dev/CR0-OCCT691-7-CR0-OCCT691-occt-64/inc/STEPSelections_SelectAssembly.hxx
+M STEPSelections:privinclude:STEPSelections_SelectAssembly.jxx /misc/dn61/LocalWOK/wok_entities/LOC/dev/CR0-OCCT691-7-CR0-OCCT691-occt-64/drv/STEPSelections/STEPSelections_SelectAssembly.jxx
+M STEPSelections:privinclude:STEPSelections_SelectAssembly.ixx /misc/dn61/LocalWOK/wok_entities/LOC/dev/CR0-OCCT691-7-CR0-OCCT691-occt-64/drv/STEPSelections/STEPSelections_SelectAssembly.ixx
+M STEPSelections:pubinclude:Handle_STEPSelections_SelectInstances.hxx /misc/dn61/LocalWOK/wok_entities/LOC/dev/CR0-OCCT691-7-CR0-OCCT691-occt-64/inc/Handle_STEPSelections_SelectInstances.hxx
+M STEPSelections:pubinclude:STEPSelections_SelectInstances.hxx /misc/dn61/LocalWOK/wok_entities/LOC/dev/CR0-OCCT691-7-CR0-OCCT691-occt-64/inc/STEPSelections_SelectInstances.hxx
+M STEPSelections:privinclude:STEPSelections_SelectInstances.jxx /misc/dn61/LocalWOK/wok_entities/LOC/dev/CR0-OCCT691-7-CR0-OCCT691-occt-64/drv/STEPSelections/STEPSelections_SelectInstances.jxx
+M STEPSelections:privinclude:STEPSelections_SelectInstances.ixx /misc/dn61/LocalWOK/wok_entities/LOC/dev/CR0-OCCT691-7-CR0-OCCT691-occt-64/drv/STEPSelections/STEPSelections_SelectInstances.ixx
+M STEPSelections:pubinclude:Handle_STEPSelections_SelectForTransfer.hxx /misc/dn61/LocalWOK/wok_entities/LOC/dev/CR0-OCCT691-7-CR0-OCCT691-occt-64/inc/Handle_STEPSelections_SelectForTransfer.hxx
+M STEPSelections:pubinclude:STEPSelections_SelectForTransfer.hxx /misc/dn61/LocalWOK/wok_entities/LOC/dev/CR0-OCCT691-7-CR0-OCCT691-occt-64/inc/STEPSelections_SelectForTransfer.hxx
+M STEPSelections:privinclude:STEPSelections_SelectForTransfer.jxx /misc/dn61/LocalWOK/wok_entities/LOC/dev/CR0-OCCT691-7-CR0-OCCT691-occt-64/drv/STEPSelections/STEPSelections_SelectForTransfer.jxx
+M STEPSelections:privinclude:STEPSelections_SelectForTransfer.ixx /misc/dn61/LocalWOK/wok_entities/LOC/dev/CR0-OCCT691-7-CR0-OCCT691-occt-64/drv/STEPSelections/STEPSelections_SelectForTransfer.ixx
+M STEPSelections:pubinclude:STEPSelections_SequenceOfAssemblyLink.hxx /misc/dn61/LocalWOK/wok_entities/LOC/dev/CR0-OCCT691-7-CR0-OCCT691-occt-64/inc/STEPSelections_SequenceOfAssemblyLink.hxx
+M STEPSelections:derivated:STEPSelections_SequenceOfAssemblyLink_0.cxx /misc/dn61/LocalWOK/wok_entities/LOC/dev/CR0-OCCT691-7-CR0-OCCT691-occt-64/drv/STEPSelections/STEPSelections_SequenceOfAssemblyLink_0.cxx
+M STEPSelections:pubinclude:Handle_STEPSelections_HSequenceOfAssemblyLink.hxx /misc/dn61/LocalWOK/wok_entities/LOC/dev/CR0-OCCT691-7-CR0-OCCT691-occt-64/inc/Handle_STEPSelections_HSequenceOfAssemblyLink.hxx
+M STEPSelections:pubinclude:STEPSelections_HSequenceOfAssemblyLink.hxx /misc/dn61/LocalWOK/wok_entities/LOC/dev/CR0-OCCT691-7-CR0-OCCT691-occt-64/inc/STEPSelections_HSequenceOfAssemblyLink.hxx
+M STEPSelections:derivated:STEPSelections_HSequenceOfAssemblyLink_0.cxx /misc/dn61/LocalWOK/wok_entities/LOC/dev/CR0-OCCT691-7-CR0-OCCT691-occt-64/drv/STEPSelections/STEPSelections_HSequenceOfAssemblyLink_0.cxx
+M STEPSelections:pubinclude:STEPSelections_SequenceOfAssemblyComponent.hxx /misc/dn61/LocalWOK/wok_entities/LOC/dev/CR0-OCCT691-7-CR0-OCCT691-occt-64/inc/STEPSelections_SequenceOfAssemblyComponent.hxx
+M STEPSelections:derivated:STEPSelections_SequenceOfAssemblyComponent_0.cxx /misc/dn61/LocalWOK/wok_entities/LOC/dev/CR0-OCCT691-7-CR0-OCCT691-occt-64/drv/STEPSelections/STEPSelections_SequenceOfAssemblyComponent_0.cxx
+M STEPSelections:pubinclude:Handle_STEPSelections_AssemblyComponent.hxx /misc/dn61/LocalWOK/wok_entities/LOC/dev/CR0-OCCT691-7-CR0-OCCT691-occt-64/inc/Handle_STEPSelections_AssemblyComponent.hxx
+M STEPSelections:pubinclude:STEPSelections_AssemblyComponent.hxx /misc/dn61/LocalWOK/wok_entities/LOC/dev/CR0-OCCT691-7-CR0-OCCT691-occt-64/inc/STEPSelections_AssemblyComponent.hxx
+M STEPSelections:privinclude:STEPSelections_AssemblyComponent.jxx /misc/dn61/LocalWOK/wok_entities/LOC/dev/CR0-OCCT691-7-CR0-OCCT691-occt-64/drv/STEPSelections/STEPSelections_AssemblyComponent.jxx
+M STEPSelections:privinclude:STEPSelections_AssemblyComponent.ixx /misc/dn61/LocalWOK/wok_entities/LOC/dev/CR0-OCCT691-7-CR0-OCCT691-occt-64/drv/STEPSelections/STEPSelections_AssemblyComponent.ixx
+M STEPSelections:pubinclude:Handle_STEPSelections_AssemblyLink.hxx /misc/dn61/LocalWOK/wok_entities/LOC/dev/CR0-OCCT691-7-CR0-OCCT691-occt-64/inc/Handle_STEPSelections_AssemblyLink.hxx
+M STEPSelections:pubinclude:STEPSelections_AssemblyLink.hxx /misc/dn61/LocalWOK/wok_entities/LOC/dev/CR0-OCCT691-7-CR0-OCCT691-occt-64/inc/STEPSelections_AssemblyLink.hxx
+M STEPSelections:privinclude:STEPSelections_AssemblyLink.jxx /misc/dn61/LocalWOK/wok_entities/LOC/dev/CR0-OCCT691-7-CR0-OCCT691-occt-64/drv/STEPSelections/STEPSelections_AssemblyLink.jxx
+M STEPSelections:privinclude:STEPSelections_AssemblyLink.ixx /misc/dn61/LocalWOK/wok_entities/LOC/dev/CR0-OCCT691-7-CR0-OCCT691-occt-64/drv/STEPSelections/STEPSelections_AssemblyLink.ixx
+M STEPSelections:pubinclude:STEPSelections_AssemblyExplorer.hxx /misc/dn61/LocalWOK/wok_entities/LOC/dev/CR0-OCCT691-7-CR0-OCCT691-occt-64/inc/STEPSelections_AssemblyExplorer.hxx
+M STEPSelections:privinclude:STEPSelections_AssemblyExplorer.jxx /misc/dn61/LocalWOK/wok_entities/LOC/dev/CR0-OCCT691-7-CR0-OCCT691-occt-64/drv/STEPSelections/STEPSelections_AssemblyExplorer.jxx
+M STEPSelections:privinclude:STEPSelections_AssemblyExplorer.ixx /misc/dn61/LocalWOK/wok_entities/LOC/dev/CR0-OCCT691-7-CR0-OCCT691-occt-64/drv/STEPSelections/STEPSelections_AssemblyExplorer.ixx
+M STEPSelections:pubinclude:STEPSelections_Counter.hxx /misc/dn61/LocalWOK/wok_entities/LOC/dev/CR0-OCCT691-7-CR0-OCCT691-occt-64/inc/STEPSelections_Counter.hxx
+M STEPSelections:privinclude:STEPSelections_Counter.jxx /misc/dn61/LocalWOK/wok_entities/LOC/dev/CR0-OCCT691-7-CR0-OCCT691-occt-64/drv/STEPSelections/STEPSelections_Counter.jxx
+M STEPSelections:privinclude:STEPSelections_Counter.ixx /misc/dn61/LocalWOK/wok_entities/LOC/dev/CR0-OCCT691-7-CR0-OCCT691-occt-64/drv/STEPSelections/STEPSelections_Counter.ixx
+M STEPSelections:pubinclude:Handle_STEPSelections_SequenceNodeOfSequenceOfAssemblyLink.hxx /misc/dn61/LocalWOK/wok_entities/LOC/dev/CR0-OCCT691-7-CR0-OCCT691-occt-64/inc/Handle_STEPSelections_SequenceNodeOfSequenceOfAssemblyLink.hxx
+M STEPSelections:pubinclude:STEPSelections_SequenceNodeOfSequenceOfAssemblyLink.hxx /misc/dn61/LocalWOK/wok_entities/LOC/dev/CR0-OCCT691-7-CR0-OCCT691-occt-64/inc/STEPSelections_SequenceNodeOfSequenceOfAssemblyLink.hxx
+M STEPSelections:derivated:STEPSelections_SequenceNodeOfSequenceOfAssemblyLink_0.cxx /misc/dn61/LocalWOK/wok_entities/LOC/dev/CR0-OCCT691-7-CR0-OCCT691-occt-64/drv/STEPSelections/STEPSelections_SequenceNodeOfSequenceOfAssemblyLink_0.cxx
+M STEPSelections:pubinclude:Handle_STEPSelections_SequenceNodeOfSequenceOfAssemblyComponent.hxx /misc/dn61/LocalWOK/wok_entities/LOC/dev/CR0-OCCT691-7-CR0-OCCT691-occt-64/inc/Handle_STEPSelections_SequenceNodeOfSequenceOfAssemblyComponent.hxx
+M STEPSelections:pubinclude:STEPSelections_SequenceNodeOfSequenceOfAssemblyComponent.hxx /misc/dn61/LocalWOK/wok_entities/LOC/dev/CR0-OCCT691-7-CR0-OCCT691-occt-64/inc/STEPSelections_SequenceNodeOfSequenceOfAssemblyComponent.hxx
+M STEPSelections:derivated:STEPSelections_SequenceNodeOfSequenceOfAssemblyComponent_0.cxx /misc/dn61/LocalWOK/wok_entities/LOC/dev/CR0-OCCT691-7-CR0-OCCT691-occt-64/drv/STEPSelections/STEPSelections_SequenceNodeOfSequenceOfAssemblyComponent_0.cxx
+M STEPSelections:dbadmfile:STEPSelections_xcpp_header.In /misc/dn61/LocalWOK/wok_entities/LOC/dev/CR0-OCCT691-7-CR0-OCCT691-occt-64/drv/STEPSelections/.adm/STEPSelections_xcpp_header.In
+M STEPSelections:dbadmfile:STEPSelections_xcpp_header.Out /misc/dn61/LocalWOK/wok_entities/LOC/dev/CR0-OCCT691-7-CR0-OCCT691-occt-64/drv/STEPSelections/.adm/STEPSelections_xcpp_header.Out
+M STEPSelections:dbadmfile:STEPSelections_xcpp_header.Dep /misc/dn61/LocalWOK/wok_entities/LOC/dev/CR0-OCCT691-7-CR0-OCCT691-occt-64/drv/STEPSelections/.adm/STEPSelections_xcpp_header.Dep
