+M TCollection:pubinclude:TCollection_Compare.gxx /misc/dn61/LocalWOK/wok_entities/LOC/dev/CR0-OCCT691-7-CR0-OCCT691-occt-64/inc/TCollection_Compare.gxx
+M TCollection:pubinclude:TCollection_AsciiString.lxx /misc/dn61/LocalWOK/wok_entities/LOC/dev/CR0-OCCT691-7-CR0-OCCT691-occt-64/inc/TCollection_AsciiString.lxx
+M TCollection:pubinclude:TCollection_ExtendedString.lxx /misc/dn61/LocalWOK/wok_entities/LOC/dev/CR0-OCCT691-7-CR0-OCCT691-occt-64/inc/TCollection_ExtendedString.lxx
+M TCollection:pubinclude:TCollection_HAsciiString.lxx /misc/dn61/LocalWOK/wok_entities/LOC/dev/CR0-OCCT691-7-CR0-OCCT691-occt-64/inc/TCollection_HAsciiString.lxx
+M TCollection:pubinclude:TCollection_Array1.gxx /misc/dn61/LocalWOK/wok_entities/LOC/dev/CR0-OCCT691-7-CR0-OCCT691-occt-64/inc/TCollection_Array1.gxx
+M TCollection:pubinclude:TCollection_Array1.lxx /misc/dn61/LocalWOK/wok_entities/LOC/dev/CR0-OCCT691-7-CR0-OCCT691-occt-64/inc/TCollection_Array1.lxx
+M TCollection:pubinclude:TCollection_HArray1.gxx /misc/dn61/LocalWOK/wok_entities/LOC/dev/CR0-OCCT691-7-CR0-OCCT691-occt-64/inc/TCollection_HArray1.gxx
+M TCollection:pubinclude:TCollection_HArray1.lxx /misc/dn61/LocalWOK/wok_entities/LOC/dev/CR0-OCCT691-7-CR0-OCCT691-occt-64/inc/TCollection_HArray1.lxx
+M TCollection:pubinclude:TCollection_Array2.gxx /misc/dn61/LocalWOK/wok_entities/LOC/dev/CR0-OCCT691-7-CR0-OCCT691-occt-64/inc/TCollection_Array2.gxx
+M TCollection:pubinclude:TCollection_Array2.lxx /misc/dn61/LocalWOK/wok_entities/LOC/dev/CR0-OCCT691-7-CR0-OCCT691-occt-64/inc/TCollection_Array2.lxx
+M TCollection:pubinclude:TCollection_HArray2.gxx /misc/dn61/LocalWOK/wok_entities/LOC/dev/CR0-OCCT691-7-CR0-OCCT691-occt-64/inc/TCollection_HArray2.gxx
+M TCollection:pubinclude:TCollection_HArray2.lxx /misc/dn61/LocalWOK/wok_entities/LOC/dev/CR0-OCCT691-7-CR0-OCCT691-occt-64/inc/TCollection_HArray2.lxx
+M TCollection:pubinclude:TCollection_List.gxx /misc/dn61/LocalWOK/wok_entities/LOC/dev/CR0-OCCT691-7-CR0-OCCT691-occt-64/inc/TCollection_List.gxx
+M TCollection:pubinclude:TCollection_List.lxx /misc/dn61/LocalWOK/wok_entities/LOC/dev/CR0-OCCT691-7-CR0-OCCT691-occt-64/inc/TCollection_List.lxx
+M TCollection:pubinclude:TCollection_ListNode.gxx /misc/dn61/LocalWOK/wok_entities/LOC/dev/CR0-OCCT691-7-CR0-OCCT691-occt-64/inc/TCollection_ListNode.gxx
+M TCollection:pubinclude:TCollection_ListNode.lxx /misc/dn61/LocalWOK/wok_entities/LOC/dev/CR0-OCCT691-7-CR0-OCCT691-occt-64/inc/TCollection_ListNode.lxx
+M TCollection:pubinclude:TCollection_ListIterator.gxx /misc/dn61/LocalWOK/wok_entities/LOC/dev/CR0-OCCT691-7-CR0-OCCT691-occt-64/inc/TCollection_ListIterator.gxx
+M TCollection:pubinclude:TCollection_ListIterator.lxx /misc/dn61/LocalWOK/wok_entities/LOC/dev/CR0-OCCT691-7-CR0-OCCT691-occt-64/inc/TCollection_ListIterator.lxx
+M TCollection:pubinclude:TCollection_BaseSequence.lxx /misc/dn61/LocalWOK/wok_entities/LOC/dev/CR0-OCCT691-7-CR0-OCCT691-occt-64/inc/TCollection_BaseSequence.lxx
+M TCollection:pubinclude:TCollection_SeqNode.lxx /misc/dn61/LocalWOK/wok_entities/LOC/dev/CR0-OCCT691-7-CR0-OCCT691-occt-64/inc/TCollection_SeqNode.lxx
+M TCollection:pubinclude:TCollection_Sequence.gxx /misc/dn61/LocalWOK/wok_entities/LOC/dev/CR0-OCCT691-7-CR0-OCCT691-occt-64/inc/TCollection_Sequence.gxx
+M TCollection:pubinclude:TCollection_Sequence.lxx /misc/dn61/LocalWOK/wok_entities/LOC/dev/CR0-OCCT691-7-CR0-OCCT691-occt-64/inc/TCollection_Sequence.lxx
+M TCollection:pubinclude:TCollection_SequenceNode.gxx /misc/dn61/LocalWOK/wok_entities/LOC/dev/CR0-OCCT691-7-CR0-OCCT691-occt-64/inc/TCollection_SequenceNode.gxx
+M TCollection:pubinclude:TCollection_SequenceNode.lxx /misc/dn61/LocalWOK/wok_entities/LOC/dev/CR0-OCCT691-7-CR0-OCCT691-occt-64/inc/TCollection_SequenceNode.lxx
+M TCollection:pubinclude:TCollection_HSequence.gxx /misc/dn61/LocalWOK/wok_entities/LOC/dev/CR0-OCCT691-7-CR0-OCCT691-occt-64/inc/TCollection_HSequence.gxx
+M TCollection:pubinclude:TCollection_HSequence.lxx /misc/dn61/LocalWOK/wok_entities/LOC/dev/CR0-OCCT691-7-CR0-OCCT691-occt-64/inc/TCollection_HSequence.lxx
+M TCollection:pubinclude:TCollection_MapHasher.gxx /misc/dn61/LocalWOK/wok_entities/LOC/dev/CR0-OCCT691-7-CR0-OCCT691-occt-64/inc/TCollection_MapHasher.gxx
+M TCollection:pubinclude:TCollection_BasicMap.lxx /misc/dn61/LocalWOK/wok_entities/LOC/dev/CR0-OCCT691-7-CR0-OCCT691-occt-64/inc/TCollection_BasicMap.lxx
+M TCollection:pubinclude:TCollection_MapNode.lxx /misc/dn61/LocalWOK/wok_entities/LOC/dev/CR0-OCCT691-7-CR0-OCCT691-occt-64/inc/TCollection_MapNode.lxx
+M TCollection:pubinclude:TCollection_BasicMapIterator.lxx /misc/dn61/LocalWOK/wok_entities/LOC/dev/CR0-OCCT691-7-CR0-OCCT691-occt-64/inc/TCollection_BasicMapIterator.lxx
+M TCollection:pubinclude:TCollection_Map.gxx /misc/dn61/LocalWOK/wok_entities/LOC/dev/CR0-OCCT691-7-CR0-OCCT691-occt-64/inc/TCollection_Map.gxx
+M TCollection:pubinclude:TCollection_MapIterator.gxx /misc/dn61/LocalWOK/wok_entities/LOC/dev/CR0-OCCT691-7-CR0-OCCT691-occt-64/inc/TCollection_MapIterator.gxx
+M TCollection:pubinclude:TCollection_StdMapNode.gxx /misc/dn61/LocalWOK/wok_entities/LOC/dev/CR0-OCCT691-7-CR0-OCCT691-occt-64/inc/TCollection_StdMapNode.gxx
+M TCollection:pubinclude:TCollection_StdMapNode.lxx /misc/dn61/LocalWOK/wok_entities/LOC/dev/CR0-OCCT691-7-CR0-OCCT691-occt-64/inc/TCollection_StdMapNode.lxx
+M TCollection:pubinclude:TCollection_DataMap.gxx /misc/dn61/LocalWOK/wok_entities/LOC/dev/CR0-OCCT691-7-CR0-OCCT691-occt-64/inc/TCollection_DataMap.gxx
+M TCollection:pubinclude:TCollection_DataMapIterator.gxx /misc/dn61/LocalWOK/wok_entities/LOC/dev/CR0-OCCT691-7-CR0-OCCT691-occt-64/inc/TCollection_DataMapIterator.gxx
+M TCollection:pubinclude:TCollection_DataMapNode.gxx /misc/dn61/LocalWOK/wok_entities/LOC/dev/CR0-OCCT691-7-CR0-OCCT691-occt-64/inc/TCollection_DataMapNode.gxx
+M TCollection:pubinclude:TCollection_DataMapNode.lxx /misc/dn61/LocalWOK/wok_entities/LOC/dev/CR0-OCCT691-7-CR0-OCCT691-occt-64/inc/TCollection_DataMapNode.lxx
+M TCollection:pubinclude:TCollection_DoubleMap.gxx /misc/dn61/LocalWOK/wok_entities/LOC/dev/CR0-OCCT691-7-CR0-OCCT691-occt-64/inc/TCollection_DoubleMap.gxx
+M TCollection:pubinclude:TCollection_DoubleMapIterator.gxx /misc/dn61/LocalWOK/wok_entities/LOC/dev/CR0-OCCT691-7-CR0-OCCT691-occt-64/inc/TCollection_DoubleMapIterator.gxx
+M TCollection:pubinclude:TCollection_DoubleMapNode.gxx /misc/dn61/LocalWOK/wok_entities/LOC/dev/CR0-OCCT691-7-CR0-OCCT691-occt-64/inc/TCollection_DoubleMapNode.gxx
+M TCollection:pubinclude:TCollection_DoubleMapNode.lxx /misc/dn61/LocalWOK/wok_entities/LOC/dev/CR0-OCCT691-7-CR0-OCCT691-occt-64/inc/TCollection_DoubleMapNode.lxx
+M TCollection:pubinclude:TCollection_IndexedMap.gxx /misc/dn61/LocalWOK/wok_entities/LOC/dev/CR0-OCCT691-7-CR0-OCCT691-occt-64/inc/TCollection_IndexedMap.gxx
+M TCollection:pubinclude:TCollection_IndexedMapNode.gxx /misc/dn61/LocalWOK/wok_entities/LOC/dev/CR0-OCCT691-7-CR0-OCCT691-occt-64/inc/TCollection_IndexedMapNode.gxx
+M TCollection:pubinclude:TCollection_IndexedMapNode.lxx /misc/dn61/LocalWOK/wok_entities/LOC/dev/CR0-OCCT691-7-CR0-OCCT691-occt-64/inc/TCollection_IndexedMapNode.lxx
+M TCollection:pubinclude:TCollection_IndexedDataMap.gxx /misc/dn61/LocalWOK/wok_entities/LOC/dev/CR0-OCCT691-7-CR0-OCCT691-occt-64/inc/TCollection_IndexedDataMap.gxx
+M TCollection:pubinclude:TCollection_IndexedDataMapNode.gxx /misc/dn61/LocalWOK/wok_entities/LOC/dev/CR0-OCCT691-7-CR0-OCCT691-occt-64/inc/TCollection_IndexedDataMapNode.gxx
+M TCollection:pubinclude:TCollection_IndexedDataMapNode.lxx /misc/dn61/LocalWOK/wok_entities/LOC/dev/CR0-OCCT691-7-CR0-OCCT691-occt-64/inc/TCollection_IndexedDataMapNode.lxx
+M TCollection:dbadmfile:TCollection_obj_inc.In /misc/dn61/LocalWOK/wok_entities/LOC/dev/CR0-OCCT691-7-CR0-OCCT691-occt-64/drv/TCollection/.adm/TCollection_obj_inc.In
+M TCollection:dbadmfile:TCollection_obj_inc.Out /misc/dn61/LocalWOK/wok_entities/LOC/dev/CR0-OCCT691-7-CR0-OCCT691-occt-64/drv/TCollection/.adm/TCollection_obj_inc.Out
+M TCollection:dbadmfile:TCollection_obj_inc.Dep /misc/dn61/LocalWOK/wok_entities/LOC/dev/CR0-OCCT691-7-CR0-OCCT691-occt-64/drv/TCollection/.adm/TCollection_obj_inc.Dep
