+M XSControl:pubinclude:XSControl.hxx /misc/dn61/LocalWOK/wok_entities/LOC/dev/CR0-OCCT691-7-CR0-OCCT691-occt-64/inc/XSControl.hxx
+M XSControl:privinclude:XSControl.jxx /misc/dn61/LocalWOK/wok_entities/LOC/dev/CR0-OCCT691-7-CR0-OCCT691-occt-64/drv/XSControl/XSControl.jxx
+M XSControl:privinclude:XSControl.ixx /misc/dn61/LocalWOK/wok_entities/LOC/dev/CR0-OCCT691-7-CR0-OCCT691-occt-64/drv/XSControl/XSControl.ixx
+M XSControl:pubinclude:Handle_XSControl_Controller.hxx /misc/dn61/LocalWOK/wok_entities/LOC/dev/CR0-OCCT691-7-CR0-OCCT691-occt-64/inc/Handle_XSControl_Controller.hxx
+M XSControl:pubinclude:XSControl_Controller.hxx /misc/dn61/LocalWOK/wok_entities/LOC/dev/CR0-OCCT691-7-CR0-OCCT691-occt-64/inc/XSControl_Controller.hxx
+M XSControl:privinclude:XSControl_Controller.jxx /misc/dn61/LocalWOK/wok_entities/LOC/dev/CR0-OCCT691-7-CR0-OCCT691-occt-64/drv/XSControl/XSControl_Controller.jxx
+M XSControl:privinclude:XSControl_Controller.ixx /misc/dn61/LocalWOK/wok_entities/LOC/dev/CR0-OCCT691-7-CR0-OCCT691-occt-64/drv/XSControl/XSControl_Controller.ixx
+M XSControl:pubinclude:Handle_XSControl_TransferReader.hxx /misc/dn61/LocalWOK/wok_entities/LOC/dev/CR0-OCCT691-7-CR0-OCCT691-occt-64/inc/Handle_XSControl_TransferReader.hxx
+M XSControl:pubinclude:XSControl_TransferReader.hxx /misc/dn61/LocalWOK/wok_entities/LOC/dev/CR0-OCCT691-7-CR0-OCCT691-occt-64/inc/XSControl_TransferReader.hxx
+M XSControl:privinclude:XSControl_TransferReader.jxx /misc/dn61/LocalWOK/wok_entities/LOC/dev/CR0-OCCT691-7-CR0-OCCT691-occt-64/drv/XSControl/XSControl_TransferReader.jxx
+M XSControl:privinclude:XSControl_TransferReader.ixx /misc/dn61/LocalWOK/wok_entities/LOC/dev/CR0-OCCT691-7-CR0-OCCT691-occt-64/drv/XSControl/XSControl_TransferReader.ixx
+M XSControl:pubinclude:Handle_XSControl_TransferWriter.hxx /misc/dn61/LocalWOK/wok_entities/LOC/dev/CR0-OCCT691-7-CR0-OCCT691-occt-64/inc/Handle_XSControl_TransferWriter.hxx
+M XSControl:pubinclude:XSControl_TransferWriter.hxx /misc/dn61/LocalWOK/wok_entities/LOC/dev/CR0-OCCT691-7-CR0-OCCT691-occt-64/inc/XSControl_TransferWriter.hxx
+M XSControl:privinclude:XSControl_TransferWriter.jxx /misc/dn61/LocalWOK/wok_entities/LOC/dev/CR0-OCCT691-7-CR0-OCCT691-occt-64/drv/XSControl/XSControl_TransferWriter.jxx
+M XSControl:privinclude:XSControl_TransferWriter.ixx /misc/dn61/LocalWOK/wok_entities/LOC/dev/CR0-OCCT691-7-CR0-OCCT691-occt-64/drv/XSControl/XSControl_TransferWriter.ixx
+M XSControl:pubinclude:Handle_XSControl_WorkSession.hxx /misc/dn61/LocalWOK/wok_entities/LOC/dev/CR0-OCCT691-7-CR0-OCCT691-occt-64/inc/Handle_XSControl_WorkSession.hxx
+M XSControl:pubinclude:XSControl_WorkSession.hxx /misc/dn61/LocalWOK/wok_entities/LOC/dev/CR0-OCCT691-7-CR0-OCCT691-occt-64/inc/XSControl_WorkSession.hxx
+M XSControl:privinclude:XSControl_WorkSession.jxx /misc/dn61/LocalWOK/wok_entities/LOC/dev/CR0-OCCT691-7-CR0-OCCT691-occt-64/drv/XSControl/XSControl_WorkSession.jxx
+M XSControl:privinclude:XSControl_WorkSession.ixx /misc/dn61/LocalWOK/wok_entities/LOC/dev/CR0-OCCT691-7-CR0-OCCT691-occt-64/drv/XSControl/XSControl_WorkSession.ixx
+M XSControl:pubinclude:Handle_XSControl_SelectForTransfer.hxx /misc/dn61/LocalWOK/wok_entities/LOC/dev/CR0-OCCT691-7-CR0-OCCT691-occt-64/inc/Handle_XSControl_SelectForTransfer.hxx
+M XSControl:pubinclude:XSControl_SelectForTransfer.hxx /misc/dn61/LocalWOK/wok_entities/LOC/dev/CR0-OCCT691-7-CR0-OCCT691-occt-64/inc/XSControl_SelectForTransfer.hxx
+M XSControl:privinclude:XSControl_SelectForTransfer.jxx /misc/dn61/LocalWOK/wok_entities/LOC/dev/CR0-OCCT691-7-CR0-OCCT691-occt-64/drv/XSControl/XSControl_SelectForTransfer.jxx
+M XSControl:privinclude:XSControl_SelectForTransfer.ixx /misc/dn61/LocalWOK/wok_entities/LOC/dev/CR0-OCCT691-7-CR0-OCCT691-occt-64/drv/XSControl/XSControl_SelectForTransfer.ixx
+M XSControl:pubinclude:Handle_XSControl_SignTransferStatus.hxx /misc/dn61/LocalWOK/wok_entities/LOC/dev/CR0-OCCT691-7-CR0-OCCT691-occt-64/inc/Handle_XSControl_SignTransferStatus.hxx
+M XSControl:pubinclude:XSControl_SignTransferStatus.hxx /misc/dn61/LocalWOK/wok_entities/LOC/dev/CR0-OCCT691-7-CR0-OCCT691-occt-64/inc/XSControl_SignTransferStatus.hxx
+M XSControl:privinclude:XSControl_SignTransferStatus.jxx /misc/dn61/LocalWOK/wok_entities/LOC/dev/CR0-OCCT691-7-CR0-OCCT691-occt-64/drv/XSControl/XSControl_SignTransferStatus.jxx
+M XSControl:privinclude:XSControl_SignTransferStatus.ixx /misc/dn61/LocalWOK/wok_entities/LOC/dev/CR0-OCCT691-7-CR0-OCCT691-occt-64/drv/XSControl/XSControl_SignTransferStatus.ixx
+M XSControl:pubinclude:Handle_XSControl_ConnectedShapes.hxx /misc/dn61/LocalWOK/wok_entities/LOC/dev/CR0-OCCT691-7-CR0-OCCT691-occt-64/inc/Handle_XSControl_ConnectedShapes.hxx
+M XSControl:pubinclude:XSControl_ConnectedShapes.hxx /misc/dn61/LocalWOK/wok_entities/LOC/dev/CR0-OCCT691-7-CR0-OCCT691-occt-64/inc/XSControl_ConnectedShapes.hxx
+M XSControl:privinclude:XSControl_ConnectedShapes.jxx /misc/dn61/LocalWOK/wok_entities/LOC/dev/CR0-OCCT691-7-CR0-OCCT691-occt-64/drv/XSControl/XSControl_ConnectedShapes.jxx
+M XSControl:privinclude:XSControl_ConnectedShapes.ixx /misc/dn61/LocalWOK/wok_entities/LOC/dev/CR0-OCCT691-7-CR0-OCCT691-occt-64/drv/XSControl/XSControl_ConnectedShapes.ixx
+M XSControl:pubinclude:XSControl_Reader.hxx /misc/dn61/LocalWOK/wok_entities/LOC/dev/CR0-OCCT691-7-CR0-OCCT691-occt-64/inc/XSControl_Reader.hxx
+M XSControl:privinclude:XSControl_Reader.jxx /misc/dn61/LocalWOK/wok_entities/LOC/dev/CR0-OCCT691-7-CR0-OCCT691-occt-64/drv/XSControl/XSControl_Reader.jxx
+M XSControl:privinclude:XSControl_Reader.ixx /misc/dn61/LocalWOK/wok_entities/LOC/dev/CR0-OCCT691-7-CR0-OCCT691-occt-64/drv/XSControl/XSControl_Reader.ixx
+M XSControl:pubinclude:XSControl_Writer.hxx /misc/dn61/LocalWOK/wok_entities/LOC/dev/CR0-OCCT691-7-CR0-OCCT691-occt-64/inc/XSControl_Writer.hxx
+M XSControl:privinclude:XSControl_Writer.jxx /misc/dn61/LocalWOK/wok_entities/LOC/dev/CR0-OCCT691-7-CR0-OCCT691-occt-64/drv/XSControl/XSControl_Writer.jxx
+M XSControl:privinclude:XSControl_Writer.ixx /misc/dn61/LocalWOK/wok_entities/LOC/dev/CR0-OCCT691-7-CR0-OCCT691-occt-64/drv/XSControl/XSControl_Writer.ixx
+M XSControl:pubinclude:XSControl_Functions.hxx /misc/dn61/LocalWOK/wok_entities/LOC/dev/CR0-OCCT691-7-CR0-OCCT691-occt-64/inc/XSControl_Functions.hxx
+M XSControl:privinclude:XSControl_Functions.jxx /misc/dn61/LocalWOK/wok_entities/LOC/dev/CR0-OCCT691-7-CR0-OCCT691-occt-64/drv/XSControl/XSControl_Functions.jxx
+M XSControl:privinclude:XSControl_Functions.ixx /misc/dn61/LocalWOK/wok_entities/LOC/dev/CR0-OCCT691-7-CR0-OCCT691-occt-64/drv/XSControl/XSControl_Functions.ixx
+M XSControl:pubinclude:XSControl_FuncShape.hxx /misc/dn61/LocalWOK/wok_entities/LOC/dev/CR0-OCCT691-7-CR0-OCCT691-occt-64/inc/XSControl_FuncShape.hxx
+M XSControl:privinclude:XSControl_FuncShape.jxx /misc/dn61/LocalWOK/wok_entities/LOC/dev/CR0-OCCT691-7-CR0-OCCT691-occt-64/drv/XSControl/XSControl_FuncShape.jxx
+M XSControl:privinclude:XSControl_FuncShape.ixx /misc/dn61/LocalWOK/wok_entities/LOC/dev/CR0-OCCT691-7-CR0-OCCT691-occt-64/drv/XSControl/XSControl_FuncShape.ixx
+M XSControl:pubinclude:XSControl_Utils.hxx /misc/dn61/LocalWOK/wok_entities/LOC/dev/CR0-OCCT691-7-CR0-OCCT691-occt-64/inc/XSControl_Utils.hxx
+M XSControl:privinclude:XSControl_Utils.jxx /misc/dn61/LocalWOK/wok_entities/LOC/dev/CR0-OCCT691-7-CR0-OCCT691-occt-64/drv/XSControl/XSControl_Utils.jxx
+M XSControl:privinclude:XSControl_Utils.ixx /misc/dn61/LocalWOK/wok_entities/LOC/dev/CR0-OCCT691-7-CR0-OCCT691-occt-64/drv/XSControl/XSControl_Utils.ixx
+M XSControl:pubinclude:Handle_XSControl_Vars.hxx /misc/dn61/LocalWOK/wok_entities/LOC/dev/CR0-OCCT691-7-CR0-OCCT691-occt-64/inc/Handle_XSControl_Vars.hxx
+M XSControl:pubinclude:XSControl_Vars.hxx /misc/dn61/LocalWOK/wok_entities/LOC/dev/CR0-OCCT691-7-CR0-OCCT691-occt-64/inc/XSControl_Vars.hxx
+M XSControl:privinclude:XSControl_Vars.jxx /misc/dn61/LocalWOK/wok_entities/LOC/dev/CR0-OCCT691-7-CR0-OCCT691-occt-64/drv/XSControl/XSControl_Vars.jxx
+M XSControl:privinclude:XSControl_Vars.ixx /misc/dn61/LocalWOK/wok_entities/LOC/dev/CR0-OCCT691-7-CR0-OCCT691-occt-64/drv/XSControl/XSControl_Vars.ixx
+M XSControl:dbadmfile:XSControl_xcpp_header.In /misc/dn61/LocalWOK/wok_entities/LOC/dev/CR0-OCCT691-7-CR0-OCCT691-occt-64/drv/XSControl/.adm/XSControl_xcpp_header.In
+M XSControl:dbadmfile:XSControl_xcpp_header.Out /misc/dn61/LocalWOK/wok_entities/LOC/dev/CR0-OCCT691-7-CR0-OCCT691-occt-64/drv/XSControl/.adm/XSControl_xcpp_header.Out
+M XSControl:dbadmfile:XSControl_xcpp_header.Dep /misc/dn61/LocalWOK/wok_entities/LOC/dev/CR0-OCCT691-7-CR0-OCCT691-occt-64/drv/XSControl/.adm/XSControl_xcpp_header.Dep
