+M SWDRAW:pubinclude:SWDRAW.hxx /misc/dn61/LocalWOK/wok_entities/LOC/dev/CR0-OCCT691-7-CR0-OCCT691-occt-64/inc/SWDRAW.hxx
+M SWDRAW:privinclude:SWDRAW.jxx /misc/dn61/LocalWOK/wok_entities/LOC/dev/CR0-OCCT691-7-CR0-OCCT691-occt-64/drv/SWDRAW/SWDRAW.jxx
+M SWDRAW:privinclude:SWDRAW.ixx /misc/dn61/LocalWOK/wok_entities/LOC/dev/CR0-OCCT691-7-CR0-OCCT691-occt-64/drv/SWDRAW/SWDRAW.ixx
+M SWDRAW:pubinclude:SWDRAW_ShapeTool.hxx /misc/dn61/LocalWOK/wok_entities/LOC/dev/CR0-OCCT691-7-CR0-OCCT691-occt-64/inc/SWDRAW_ShapeTool.hxx
+M SWDRAW:privinclude:SWDRAW_ShapeTool.jxx /misc/dn61/LocalWOK/wok_entities/LOC/dev/CR0-OCCT691-7-CR0-OCCT691-occt-64/drv/SWDRAW/SWDRAW_ShapeTool.jxx
+M SWDRAW:privinclude:SWDRAW_ShapeTool.ixx /misc/dn61/LocalWOK/wok_entities/LOC/dev/CR0-OCCT691-7-CR0-OCCT691-occt-64/drv/SWDRAW/SWDRAW_ShapeTool.ixx
+M SWDRAW:pubinclude:SWDRAW_ShapeAnalysis.hxx /misc/dn61/LocalWOK/wok_entities/LOC/dev/CR0-OCCT691-7-CR0-OCCT691-occt-64/inc/SWDRAW_ShapeAnalysis.hxx
+M SWDRAW:privinclude:SWDRAW_ShapeAnalysis.jxx /misc/dn61/LocalWOK/wok_entities/LOC/dev/CR0-OCCT691-7-CR0-OCCT691-occt-64/drv/SWDRAW/SWDRAW_ShapeAnalysis.jxx
+M SWDRAW:privinclude:SWDRAW_ShapeAnalysis.ixx /misc/dn61/LocalWOK/wok_entities/LOC/dev/CR0-OCCT691-7-CR0-OCCT691-occt-64/drv/SWDRAW/SWDRAW_ShapeAnalysis.ixx
+M SWDRAW:pubinclude:SWDRAW_ShapeCustom.hxx /misc/dn61/LocalWOK/wok_entities/LOC/dev/CR0-OCCT691-7-CR0-OCCT691-occt-64/inc/SWDRAW_ShapeCustom.hxx
+M SWDRAW:privinclude:SWDRAW_ShapeCustom.jxx /misc/dn61/LocalWOK/wok_entities/LOC/dev/CR0-OCCT691-7-CR0-OCCT691-occt-64/drv/SWDRAW/SWDRAW_ShapeCustom.jxx
+M SWDRAW:privinclude:SWDRAW_ShapeCustom.ixx /misc/dn61/LocalWOK/wok_entities/LOC/dev/CR0-OCCT691-7-CR0-OCCT691-occt-64/drv/SWDRAW/SWDRAW_ShapeCustom.ixx
+M SWDRAW:pubinclude:SWDRAW_ShapeExtend.hxx /misc/dn61/LocalWOK/wok_entities/LOC/dev/CR0-OCCT691-7-CR0-OCCT691-occt-64/inc/SWDRAW_ShapeExtend.hxx
+M SWDRAW:privinclude:SWDRAW_ShapeExtend.jxx /misc/dn61/LocalWOK/wok_entities/LOC/dev/CR0-OCCT691-7-CR0-OCCT691-occt-64/drv/SWDRAW/SWDRAW_ShapeExtend.jxx
+M SWDRAW:privinclude:SWDRAW_ShapeExtend.ixx /misc/dn61/LocalWOK/wok_entities/LOC/dev/CR0-OCCT691-7-CR0-OCCT691-occt-64/drv/SWDRAW/SWDRAW_ShapeExtend.ixx
+M SWDRAW:pubinclude:SWDRAW_ShapeFix.hxx /misc/dn61/LocalWOK/wok_entities/LOC/dev/CR0-OCCT691-7-CR0-OCCT691-occt-64/inc/SWDRAW_ShapeFix.hxx
+M SWDRAW:privinclude:SWDRAW_ShapeFix.jxx /misc/dn61/LocalWOK/wok_entities/LOC/dev/CR0-OCCT691-7-CR0-OCCT691-occt-64/drv/SWDRAW/SWDRAW_ShapeFix.jxx
+M SWDRAW:privinclude:SWDRAW_ShapeFix.ixx /misc/dn61/LocalWOK/wok_entities/LOC/dev/CR0-OCCT691-7-CR0-OCCT691-occt-64/drv/SWDRAW/SWDRAW_ShapeFix.ixx
+M SWDRAW:pubinclude:SWDRAW_ShapeUpgrade.hxx /misc/dn61/LocalWOK/wok_entities/LOC/dev/CR0-OCCT691-7-CR0-OCCT691-occt-64/inc/SWDRAW_ShapeUpgrade.hxx
+M SWDRAW:privinclude:SWDRAW_ShapeUpgrade.jxx /misc/dn61/LocalWOK/wok_entities/LOC/dev/CR0-OCCT691-7-CR0-OCCT691-occt-64/drv/SWDRAW/SWDRAW_ShapeUpgrade.jxx
+M SWDRAW:privinclude:SWDRAW_ShapeUpgrade.ixx /misc/dn61/LocalWOK/wok_entities/LOC/dev/CR0-OCCT691-7-CR0-OCCT691-occt-64/drv/SWDRAW/SWDRAW_ShapeUpgrade.ixx
+M SWDRAW:pubinclude:SWDRAW_ShapeProcess.hxx /misc/dn61/LocalWOK/wok_entities/LOC/dev/CR0-OCCT691-7-CR0-OCCT691-occt-64/inc/SWDRAW_ShapeProcess.hxx
+M SWDRAW:privinclude:SWDRAW_ShapeProcess.jxx /misc/dn61/LocalWOK/wok_entities/LOC/dev/CR0-OCCT691-7-CR0-OCCT691-occt-64/drv/SWDRAW/SWDRAW_ShapeProcess.jxx
+M SWDRAW:privinclude:SWDRAW_ShapeProcess.ixx /misc/dn61/LocalWOK/wok_entities/LOC/dev/CR0-OCCT691-7-CR0-OCCT691-occt-64/drv/SWDRAW/SWDRAW_ShapeProcess.ixx
+M SWDRAW:pubinclude:SWDRAW_ShapeProcessAPI.hxx /misc/dn61/LocalWOK/wok_entities/LOC/dev/CR0-OCCT691-7-CR0-OCCT691-occt-64/inc/SWDRAW_ShapeProcessAPI.hxx
+M SWDRAW:privinclude:SWDRAW_ShapeProcessAPI.jxx /misc/dn61/LocalWOK/wok_entities/LOC/dev/CR0-OCCT691-7-CR0-OCCT691-occt-64/drv/SWDRAW/SWDRAW_ShapeProcessAPI.jxx
+M SWDRAW:privinclude:SWDRAW_ShapeProcessAPI.ixx /misc/dn61/LocalWOK/wok_entities/LOC/dev/CR0-OCCT691-7-CR0-OCCT691-occt-64/drv/SWDRAW/SWDRAW_ShapeProcessAPI.ixx
+M SWDRAW:dbadmfile:SWDRAW_xcpp_header.In /misc/dn61/LocalWOK/wok_entities/LOC/dev/CR0-OCCT691-7-CR0-OCCT691-occt-64/drv/SWDRAW/.adm/SWDRAW_xcpp_header.In
+M SWDRAW:dbadmfile:SWDRAW_xcpp_header.Out /misc/dn61/LocalWOK/wok_entities/LOC/dev/CR0-OCCT691-7-CR0-OCCT691-occt-64/drv/SWDRAW/.adm/SWDRAW_xcpp_header.Out
+M SWDRAW:dbadmfile:SWDRAW_xcpp_header.Dep /misc/dn61/LocalWOK/wok_entities/LOC/dev/CR0-OCCT691-7-CR0-OCCT691-occt-64/drv/SWDRAW/.adm/SWDRAW_xcpp_header.Dep
