+M IGESGeom:pubinclude:IGESGeom.hxx /misc/dn61/LocalWOK/wok_entities/LOC/dev/CR0-OCCT691-7-CR0-OCCT691-occt-64/inc/IGESGeom.hxx
+M IGESGeom:privinclude:IGESGeom.jxx /misc/dn61/LocalWOK/wok_entities/LOC/dev/CR0-OCCT691-7-CR0-OCCT691-occt-64/drv/IGESGeom/IGESGeom.jxx
+M IGESGeom:privinclude:IGESGeom.ixx /misc/dn61/LocalWOK/wok_entities/LOC/dev/CR0-OCCT691-7-CR0-OCCT691-occt-64/drv/IGESGeom/IGESGeom.ixx
+M IGESGeom:pubinclude:Handle_IGESGeom_CircularArc.hxx /misc/dn61/LocalWOK/wok_entities/LOC/dev/CR0-OCCT691-7-CR0-OCCT691-occt-64/inc/Handle_IGESGeom_CircularArc.hxx
+M IGESGeom:pubinclude:IGESGeom_CircularArc.hxx /misc/dn61/LocalWOK/wok_entities/LOC/dev/CR0-OCCT691-7-CR0-OCCT691-occt-64/inc/IGESGeom_CircularArc.hxx
+M IGESGeom:privinclude:IGESGeom_CircularArc.jxx /misc/dn61/LocalWOK/wok_entities/LOC/dev/CR0-OCCT691-7-CR0-OCCT691-occt-64/drv/IGESGeom/IGESGeom_CircularArc.jxx
+M IGESGeom:privinclude:IGESGeom_CircularArc.ixx /misc/dn61/LocalWOK/wok_entities/LOC/dev/CR0-OCCT691-7-CR0-OCCT691-occt-64/drv/IGESGeom/IGESGeom_CircularArc.ixx
+M IGESGeom:pubinclude:Handle_IGESGeom_CompositeCurve.hxx /misc/dn61/LocalWOK/wok_entities/LOC/dev/CR0-OCCT691-7-CR0-OCCT691-occt-64/inc/Handle_IGESGeom_CompositeCurve.hxx
+M IGESGeom:pubinclude:IGESGeom_CompositeCurve.hxx /misc/dn61/LocalWOK/wok_entities/LOC/dev/CR0-OCCT691-7-CR0-OCCT691-occt-64/inc/IGESGeom_CompositeCurve.hxx
+M IGESGeom:privinclude:IGESGeom_CompositeCurve.jxx /misc/dn61/LocalWOK/wok_entities/LOC/dev/CR0-OCCT691-7-CR0-OCCT691-occt-64/drv/IGESGeom/IGESGeom_CompositeCurve.jxx
+M IGESGeom:privinclude:IGESGeom_CompositeCurve.ixx /misc/dn61/LocalWOK/wok_entities/LOC/dev/CR0-OCCT691-7-CR0-OCCT691-occt-64/drv/IGESGeom/IGESGeom_CompositeCurve.ixx
+M IGESGeom:pubinclude:Handle_IGESGeom_ConicArc.hxx /misc/dn61/LocalWOK/wok_entities/LOC/dev/CR0-OCCT691-7-CR0-OCCT691-occt-64/inc/Handle_IGESGeom_ConicArc.hxx
+M IGESGeom:pubinclude:IGESGeom_ConicArc.hxx /misc/dn61/LocalWOK/wok_entities/LOC/dev/CR0-OCCT691-7-CR0-OCCT691-occt-64/inc/IGESGeom_ConicArc.hxx
+M IGESGeom:privinclude:IGESGeom_ConicArc.jxx /misc/dn61/LocalWOK/wok_entities/LOC/dev/CR0-OCCT691-7-CR0-OCCT691-occt-64/drv/IGESGeom/IGESGeom_ConicArc.jxx
+M IGESGeom:privinclude:IGESGeom_ConicArc.ixx /misc/dn61/LocalWOK/wok_entities/LOC/dev/CR0-OCCT691-7-CR0-OCCT691-occt-64/drv/IGESGeom/IGESGeom_ConicArc.ixx
+M IGESGeom:pubinclude:Handle_IGESGeom_CopiousData.hxx /misc/dn61/LocalWOK/wok_entities/LOC/dev/CR0-OCCT691-7-CR0-OCCT691-occt-64/inc/Handle_IGESGeom_CopiousData.hxx
+M IGESGeom:pubinclude:IGESGeom_CopiousData.hxx /misc/dn61/LocalWOK/wok_entities/LOC/dev/CR0-OCCT691-7-CR0-OCCT691-occt-64/inc/IGESGeom_CopiousData.hxx
+M IGESGeom:privinclude:IGESGeom_CopiousData.jxx /misc/dn61/LocalWOK/wok_entities/LOC/dev/CR0-OCCT691-7-CR0-OCCT691-occt-64/drv/IGESGeom/IGESGeom_CopiousData.jxx
+M IGESGeom:privinclude:IGESGeom_CopiousData.ixx /misc/dn61/LocalWOK/wok_entities/LOC/dev/CR0-OCCT691-7-CR0-OCCT691-occt-64/drv/IGESGeom/IGESGeom_CopiousData.ixx
+M IGESGeom:pubinclude:Handle_IGESGeom_Plane.hxx /misc/dn61/LocalWOK/wok_entities/LOC/dev/CR0-OCCT691-7-CR0-OCCT691-occt-64/inc/Handle_IGESGeom_Plane.hxx
+M IGESGeom:pubinclude:IGESGeom_Plane.hxx /misc/dn61/LocalWOK/wok_entities/LOC/dev/CR0-OCCT691-7-CR0-OCCT691-occt-64/inc/IGESGeom_Plane.hxx
+M IGESGeom:privinclude:IGESGeom_Plane.jxx /misc/dn61/LocalWOK/wok_entities/LOC/dev/CR0-OCCT691-7-CR0-OCCT691-occt-64/drv/IGESGeom/IGESGeom_Plane.jxx
+M IGESGeom:privinclude:IGESGeom_Plane.ixx /misc/dn61/LocalWOK/wok_entities/LOC/dev/CR0-OCCT691-7-CR0-OCCT691-occt-64/drv/IGESGeom/IGESGeom_Plane.ixx
+M IGESGeom:pubinclude:Handle_IGESGeom_Line.hxx /misc/dn61/LocalWOK/wok_entities/LOC/dev/CR0-OCCT691-7-CR0-OCCT691-occt-64/inc/Handle_IGESGeom_Line.hxx
+M IGESGeom:pubinclude:IGESGeom_Line.hxx /misc/dn61/LocalWOK/wok_entities/LOC/dev/CR0-OCCT691-7-CR0-OCCT691-occt-64/inc/IGESGeom_Line.hxx
+M IGESGeom:privinclude:IGESGeom_Line.jxx /misc/dn61/LocalWOK/wok_entities/LOC/dev/CR0-OCCT691-7-CR0-OCCT691-occt-64/drv/IGESGeom/IGESGeom_Line.jxx
+M IGESGeom:privinclude:IGESGeom_Line.ixx /misc/dn61/LocalWOK/wok_entities/LOC/dev/CR0-OCCT691-7-CR0-OCCT691-occt-64/drv/IGESGeom/IGESGeom_Line.ixx
+M IGESGeom:pubinclude:Handle_IGESGeom_SplineCurve.hxx /misc/dn61/LocalWOK/wok_entities/LOC/dev/CR0-OCCT691-7-CR0-OCCT691-occt-64/inc/Handle_IGESGeom_SplineCurve.hxx
+M IGESGeom:pubinclude:IGESGeom_SplineCurve.hxx /misc/dn61/LocalWOK/wok_entities/LOC/dev/CR0-OCCT691-7-CR0-OCCT691-occt-64/inc/IGESGeom_SplineCurve.hxx
+M IGESGeom:privinclude:IGESGeom_SplineCurve.jxx /misc/dn61/LocalWOK/wok_entities/LOC/dev/CR0-OCCT691-7-CR0-OCCT691-occt-64/drv/IGESGeom/IGESGeom_SplineCurve.jxx
+M IGESGeom:privinclude:IGESGeom_SplineCurve.ixx /misc/dn61/LocalWOK/wok_entities/LOC/dev/CR0-OCCT691-7-CR0-OCCT691-occt-64/drv/IGESGeom/IGESGeom_SplineCurve.ixx
+M IGESGeom:pubinclude:Handle_IGESGeom_SplineSurface.hxx /misc/dn61/LocalWOK/wok_entities/LOC/dev/CR0-OCCT691-7-CR0-OCCT691-occt-64/inc/Handle_IGESGeom_SplineSurface.hxx
+M IGESGeom:pubinclude:IGESGeom_SplineSurface.hxx /misc/dn61/LocalWOK/wok_entities/LOC/dev/CR0-OCCT691-7-CR0-OCCT691-occt-64/inc/IGESGeom_SplineSurface.hxx
+M IGESGeom:privinclude:IGESGeom_SplineSurface.jxx /misc/dn61/LocalWOK/wok_entities/LOC/dev/CR0-OCCT691-7-CR0-OCCT691-occt-64/drv/IGESGeom/IGESGeom_SplineSurface.jxx
+M IGESGeom:privinclude:IGESGeom_SplineSurface.ixx /misc/dn61/LocalWOK/wok_entities/LOC/dev/CR0-OCCT691-7-CR0-OCCT691-occt-64/drv/IGESGeom/IGESGeom_SplineSurface.ixx
+M IGESGeom:pubinclude:Handle_IGESGeom_Point.hxx /misc/dn61/LocalWOK/wok_entities/LOC/dev/CR0-OCCT691-7-CR0-OCCT691-occt-64/inc/Handle_IGESGeom_Point.hxx
+M IGESGeom:pubinclude:IGESGeom_Point.hxx /misc/dn61/LocalWOK/wok_entities/LOC/dev/CR0-OCCT691-7-CR0-OCCT691-occt-64/inc/IGESGeom_Point.hxx
+M IGESGeom:privinclude:IGESGeom_Point.jxx /misc/dn61/LocalWOK/wok_entities/LOC/dev/CR0-OCCT691-7-CR0-OCCT691-occt-64/drv/IGESGeom/IGESGeom_Point.jxx
+M IGESGeom:privinclude:IGESGeom_Point.ixx /misc/dn61/LocalWOK/wok_entities/LOC/dev/CR0-OCCT691-7-CR0-OCCT691-occt-64/drv/IGESGeom/IGESGeom_Point.ixx
+M IGESGeom:pubinclude:Handle_IGESGeom_RuledSurface.hxx /misc/dn61/LocalWOK/wok_entities/LOC/dev/CR0-OCCT691-7-CR0-OCCT691-occt-64/inc/Handle_IGESGeom_RuledSurface.hxx
+M IGESGeom:pubinclude:IGESGeom_RuledSurface.hxx /misc/dn61/LocalWOK/wok_entities/LOC/dev/CR0-OCCT691-7-CR0-OCCT691-occt-64/inc/IGESGeom_RuledSurface.hxx
+M IGESGeom:privinclude:IGESGeom_RuledSurface.jxx /misc/dn61/LocalWOK/wok_entities/LOC/dev/CR0-OCCT691-7-CR0-OCCT691-occt-64/drv/IGESGeom/IGESGeom_RuledSurface.jxx
+M IGESGeom:privinclude:IGESGeom_RuledSurface.ixx /misc/dn61/LocalWOK/wok_entities/LOC/dev/CR0-OCCT691-7-CR0-OCCT691-occt-64/drv/IGESGeom/IGESGeom_RuledSurface.ixx
+M IGESGeom:pubinclude:Handle_IGESGeom_SurfaceOfRevolution.hxx /misc/dn61/LocalWOK/wok_entities/LOC/dev/CR0-OCCT691-7-CR0-OCCT691-occt-64/inc/Handle_IGESGeom_SurfaceOfRevolution.hxx
+M IGESGeom:pubinclude:IGESGeom_SurfaceOfRevolution.hxx /misc/dn61/LocalWOK/wok_entities/LOC/dev/CR0-OCCT691-7-CR0-OCCT691-occt-64/inc/IGESGeom_SurfaceOfRevolution.hxx
+M IGESGeom:privinclude:IGESGeom_SurfaceOfRevolution.jxx /misc/dn61/LocalWOK/wok_entities/LOC/dev/CR0-OCCT691-7-CR0-OCCT691-occt-64/drv/IGESGeom/IGESGeom_SurfaceOfRevolution.jxx
+M IGESGeom:privinclude:IGESGeom_SurfaceOfRevolution.ixx /misc/dn61/LocalWOK/wok_entities/LOC/dev/CR0-OCCT691-7-CR0-OCCT691-occt-64/drv/IGESGeom/IGESGeom_SurfaceOfRevolution.ixx
+M IGESGeom:pubinclude:Handle_IGESGeom_TabulatedCylinder.hxx /misc/dn61/LocalWOK/wok_entities/LOC/dev/CR0-OCCT691-7-CR0-OCCT691-occt-64/inc/Handle_IGESGeom_TabulatedCylinder.hxx
+M IGESGeom:pubinclude:IGESGeom_TabulatedCylinder.hxx /misc/dn61/LocalWOK/wok_entities/LOC/dev/CR0-OCCT691-7-CR0-OCCT691-occt-64/inc/IGESGeom_TabulatedCylinder.hxx
+M IGESGeom:privinclude:IGESGeom_TabulatedCylinder.jxx /misc/dn61/LocalWOK/wok_entities/LOC/dev/CR0-OCCT691-7-CR0-OCCT691-occt-64/drv/IGESGeom/IGESGeom_TabulatedCylinder.jxx
+M IGESGeom:privinclude:IGESGeom_TabulatedCylinder.ixx /misc/dn61/LocalWOK/wok_entities/LOC/dev/CR0-OCCT691-7-CR0-OCCT691-occt-64/drv/IGESGeom/IGESGeom_TabulatedCylinder.ixx
+M IGESGeom:pubinclude:Handle_IGESGeom_Direction.hxx /misc/dn61/LocalWOK/wok_entities/LOC/dev/CR0-OCCT691-7-CR0-OCCT691-occt-64/inc/Handle_IGESGeom_Direction.hxx
+M IGESGeom:pubinclude:IGESGeom_Direction.hxx /misc/dn61/LocalWOK/wok_entities/LOC/dev/CR0-OCCT691-7-CR0-OCCT691-occt-64/inc/IGESGeom_Direction.hxx
+M IGESGeom:privinclude:IGESGeom_Direction.jxx /misc/dn61/LocalWOK/wok_entities/LOC/dev/CR0-OCCT691-7-CR0-OCCT691-occt-64/drv/IGESGeom/IGESGeom_Direction.jxx
+M IGESGeom:privinclude:IGESGeom_Direction.ixx /misc/dn61/LocalWOK/wok_entities/LOC/dev/CR0-OCCT691-7-CR0-OCCT691-occt-64/drv/IGESGeom/IGESGeom_Direction.ixx
+M IGESGeom:pubinclude:Handle_IGESGeom_TransformationMatrix.hxx /misc/dn61/LocalWOK/wok_entities/LOC/dev/CR0-OCCT691-7-CR0-OCCT691-occt-64/inc/Handle_IGESGeom_TransformationMatrix.hxx
+M IGESGeom:pubinclude:IGESGeom_TransformationMatrix.hxx /misc/dn61/LocalWOK/wok_entities/LOC/dev/CR0-OCCT691-7-CR0-OCCT691-occt-64/inc/IGESGeom_TransformationMatrix.hxx
+M IGESGeom:privinclude:IGESGeom_TransformationMatrix.jxx /misc/dn61/LocalWOK/wok_entities/LOC/dev/CR0-OCCT691-7-CR0-OCCT691-occt-64/drv/IGESGeom/IGESGeom_TransformationMatrix.jxx
+M IGESGeom:privinclude:IGESGeom_TransformationMatrix.ixx /misc/dn61/LocalWOK/wok_entities/LOC/dev/CR0-OCCT691-7-CR0-OCCT691-occt-64/drv/IGESGeom/IGESGeom_TransformationMatrix.ixx
+M IGESGeom:pubinclude:Handle_IGESGeom_Flash.hxx /misc/dn61/LocalWOK/wok_entities/LOC/dev/CR0-OCCT691-7-CR0-OCCT691-occt-64/inc/Handle_IGESGeom_Flash.hxx
+M IGESGeom:pubinclude:IGESGeom_Flash.hxx /misc/dn61/LocalWOK/wok_entities/LOC/dev/CR0-OCCT691-7-CR0-OCCT691-occt-64/inc/IGESGeom_Flash.hxx
+M IGESGeom:privinclude:IGESGeom_Flash.jxx /misc/dn61/LocalWOK/wok_entities/LOC/dev/CR0-OCCT691-7-CR0-OCCT691-occt-64/drv/IGESGeom/IGESGeom_Flash.jxx
+M IGESGeom:privinclude:IGESGeom_Flash.ixx /misc/dn61/LocalWOK/wok_entities/LOC/dev/CR0-OCCT691-7-CR0-OCCT691-occt-64/drv/IGESGeom/IGESGeom_Flash.ixx
+M IGESGeom:pubinclude:Handle_IGESGeom_BSplineCurve.hxx /misc/dn61/LocalWOK/wok_entities/LOC/dev/CR0-OCCT691-7-CR0-OCCT691-occt-64/inc/Handle_IGESGeom_BSplineCurve.hxx
+M IGESGeom:pubinclude:IGESGeom_BSplineCurve.hxx /misc/dn61/LocalWOK/wok_entities/LOC/dev/CR0-OCCT691-7-CR0-OCCT691-occt-64/inc/IGESGeom_BSplineCurve.hxx
+M IGESGeom:privinclude:IGESGeom_BSplineCurve.jxx /misc/dn61/LocalWOK/wok_entities/LOC/dev/CR0-OCCT691-7-CR0-OCCT691-occt-64/drv/IGESGeom/IGESGeom_BSplineCurve.jxx
+M IGESGeom:privinclude:IGESGeom_BSplineCurve.ixx /misc/dn61/LocalWOK/wok_entities/LOC/dev/CR0-OCCT691-7-CR0-OCCT691-occt-64/drv/IGESGeom/IGESGeom_BSplineCurve.ixx
+M IGESGeom:pubinclude:Handle_IGESGeom_BSplineSurface.hxx /misc/dn61/LocalWOK/wok_entities/LOC/dev/CR0-OCCT691-7-CR0-OCCT691-occt-64/inc/Handle_IGESGeom_BSplineSurface.hxx
+M IGESGeom:pubinclude:IGESGeom_BSplineSurface.hxx /misc/dn61/LocalWOK/wok_entities/LOC/dev/CR0-OCCT691-7-CR0-OCCT691-occt-64/inc/IGESGeom_BSplineSurface.hxx
+M IGESGeom:privinclude:IGESGeom_BSplineSurface.jxx /misc/dn61/LocalWOK/wok_entities/LOC/dev/CR0-OCCT691-7-CR0-OCCT691-occt-64/drv/IGESGeom/IGESGeom_BSplineSurface.jxx
+M IGESGeom:privinclude:IGESGeom_BSplineSurface.ixx /misc/dn61/LocalWOK/wok_entities/LOC/dev/CR0-OCCT691-7-CR0-OCCT691-occt-64/drv/IGESGeom/IGESGeom_BSplineSurface.ixx
+M IGESGeom:pubinclude:Handle_IGESGeom_OffsetCurve.hxx /misc/dn61/LocalWOK/wok_entities/LOC/dev/CR0-OCCT691-7-CR0-OCCT691-occt-64/inc/Handle_IGESGeom_OffsetCurve.hxx
+M IGESGeom:pubinclude:IGESGeom_OffsetCurve.hxx /misc/dn61/LocalWOK/wok_entities/LOC/dev/CR0-OCCT691-7-CR0-OCCT691-occt-64/inc/IGESGeom_OffsetCurve.hxx
+M IGESGeom:privinclude:IGESGeom_OffsetCurve.jxx /misc/dn61/LocalWOK/wok_entities/LOC/dev/CR0-OCCT691-7-CR0-OCCT691-occt-64/drv/IGESGeom/IGESGeom_OffsetCurve.jxx
+M IGESGeom:privinclude:IGESGeom_OffsetCurve.ixx /misc/dn61/LocalWOK/wok_entities/LOC/dev/CR0-OCCT691-7-CR0-OCCT691-occt-64/drv/IGESGeom/IGESGeom_OffsetCurve.ixx
+M IGESGeom:pubinclude:Handle_IGESGeom_OffsetSurface.hxx /misc/dn61/LocalWOK/wok_entities/LOC/dev/CR0-OCCT691-7-CR0-OCCT691-occt-64/inc/Handle_IGESGeom_OffsetSurface.hxx
+M IGESGeom:pubinclude:IGESGeom_OffsetSurface.hxx /misc/dn61/LocalWOK/wok_entities/LOC/dev/CR0-OCCT691-7-CR0-OCCT691-occt-64/inc/IGESGeom_OffsetSurface.hxx
+M IGESGeom:privinclude:IGESGeom_OffsetSurface.jxx /misc/dn61/LocalWOK/wok_entities/LOC/dev/CR0-OCCT691-7-CR0-OCCT691-occt-64/drv/IGESGeom/IGESGeom_OffsetSurface.jxx
+M IGESGeom:privinclude:IGESGeom_OffsetSurface.ixx /misc/dn61/LocalWOK/wok_entities/LOC/dev/CR0-OCCT691-7-CR0-OCCT691-occt-64/drv/IGESGeom/IGESGeom_OffsetSurface.ixx
+M IGESGeom:pubinclude:Handle_IGESGeom_Boundary.hxx /misc/dn61/LocalWOK/wok_entities/LOC/dev/CR0-OCCT691-7-CR0-OCCT691-occt-64/inc/Handle_IGESGeom_Boundary.hxx
+M IGESGeom:pubinclude:IGESGeom_Boundary.hxx /misc/dn61/LocalWOK/wok_entities/LOC/dev/CR0-OCCT691-7-CR0-OCCT691-occt-64/inc/IGESGeom_Boundary.hxx
+M IGESGeom:privinclude:IGESGeom_Boundary.jxx /misc/dn61/LocalWOK/wok_entities/LOC/dev/CR0-OCCT691-7-CR0-OCCT691-occt-64/drv/IGESGeom/IGESGeom_Boundary.jxx
+M IGESGeom:privinclude:IGESGeom_Boundary.ixx /misc/dn61/LocalWOK/wok_entities/LOC/dev/CR0-OCCT691-7-CR0-OCCT691-occt-64/drv/IGESGeom/IGESGeom_Boundary.ixx
+M IGESGeom:pubinclude:Handle_IGESGeom_CurveOnSurface.hxx /misc/dn61/LocalWOK/wok_entities/LOC/dev/CR0-OCCT691-7-CR0-OCCT691-occt-64/inc/Handle_IGESGeom_CurveOnSurface.hxx
+M IGESGeom:pubinclude:IGESGeom_CurveOnSurface.hxx /misc/dn61/LocalWOK/wok_entities/LOC/dev/CR0-OCCT691-7-CR0-OCCT691-occt-64/inc/IGESGeom_CurveOnSurface.hxx
+M IGESGeom:privinclude:IGESGeom_CurveOnSurface.jxx /misc/dn61/LocalWOK/wok_entities/LOC/dev/CR0-OCCT691-7-CR0-OCCT691-occt-64/drv/IGESGeom/IGESGeom_CurveOnSurface.jxx
+M IGESGeom:privinclude:IGESGeom_CurveOnSurface.ixx /misc/dn61/LocalWOK/wok_entities/LOC/dev/CR0-OCCT691-7-CR0-OCCT691-occt-64/drv/IGESGeom/IGESGeom_CurveOnSurface.ixx
+M IGESGeom:pubinclude:Handle_IGESGeom_BoundedSurface.hxx /misc/dn61/LocalWOK/wok_entities/LOC/dev/CR0-OCCT691-7-CR0-OCCT691-occt-64/inc/Handle_IGESGeom_BoundedSurface.hxx
+M IGESGeom:pubinclude:IGESGeom_BoundedSurface.hxx /misc/dn61/LocalWOK/wok_entities/LOC/dev/CR0-OCCT691-7-CR0-OCCT691-occt-64/inc/IGESGeom_BoundedSurface.hxx
+M IGESGeom:privinclude:IGESGeom_BoundedSurface.jxx /misc/dn61/LocalWOK/wok_entities/LOC/dev/CR0-OCCT691-7-CR0-OCCT691-occt-64/drv/IGESGeom/IGESGeom_BoundedSurface.jxx
+M IGESGeom:privinclude:IGESGeom_BoundedSurface.ixx /misc/dn61/LocalWOK/wok_entities/LOC/dev/CR0-OCCT691-7-CR0-OCCT691-occt-64/drv/IGESGeom/IGESGeom_BoundedSurface.ixx
+M IGESGeom:pubinclude:Handle_IGESGeom_TrimmedSurface.hxx /misc/dn61/LocalWOK/wok_entities/LOC/dev/CR0-OCCT691-7-CR0-OCCT691-occt-64/inc/Handle_IGESGeom_TrimmedSurface.hxx
+M IGESGeom:pubinclude:IGESGeom_TrimmedSurface.hxx /misc/dn61/LocalWOK/wok_entities/LOC/dev/CR0-OCCT691-7-CR0-OCCT691-occt-64/inc/IGESGeom_TrimmedSurface.hxx
+M IGESGeom:privinclude:IGESGeom_TrimmedSurface.jxx /misc/dn61/LocalWOK/wok_entities/LOC/dev/CR0-OCCT691-7-CR0-OCCT691-occt-64/drv/IGESGeom/IGESGeom_TrimmedSurface.jxx
+M IGESGeom:privinclude:IGESGeom_TrimmedSurface.ixx /misc/dn61/LocalWOK/wok_entities/LOC/dev/CR0-OCCT691-7-CR0-OCCT691-occt-64/drv/IGESGeom/IGESGeom_TrimmedSurface.ixx
+M IGESGeom:pubinclude:IGESGeom_ToolCircularArc.hxx /misc/dn61/LocalWOK/wok_entities/LOC/dev/CR0-OCCT691-7-CR0-OCCT691-occt-64/inc/IGESGeom_ToolCircularArc.hxx
+M IGESGeom:privinclude:IGESGeom_ToolCircularArc.jxx /misc/dn61/LocalWOK/wok_entities/LOC/dev/CR0-OCCT691-7-CR0-OCCT691-occt-64/drv/IGESGeom/IGESGeom_ToolCircularArc.jxx
+M IGESGeom:privinclude:IGESGeom_ToolCircularArc.ixx /misc/dn61/LocalWOK/wok_entities/LOC/dev/CR0-OCCT691-7-CR0-OCCT691-occt-64/drv/IGESGeom/IGESGeom_ToolCircularArc.ixx
+M IGESGeom:pubinclude:IGESGeom_ToolCompositeCurve.hxx /misc/dn61/LocalWOK/wok_entities/LOC/dev/CR0-OCCT691-7-CR0-OCCT691-occt-64/inc/IGESGeom_ToolCompositeCurve.hxx
+M IGESGeom:privinclude:IGESGeom_ToolCompositeCurve.jxx /misc/dn61/LocalWOK/wok_entities/LOC/dev/CR0-OCCT691-7-CR0-OCCT691-occt-64/drv/IGESGeom/IGESGeom_ToolCompositeCurve.jxx
+M IGESGeom:privinclude:IGESGeom_ToolCompositeCurve.ixx /misc/dn61/LocalWOK/wok_entities/LOC/dev/CR0-OCCT691-7-CR0-OCCT691-occt-64/drv/IGESGeom/IGESGeom_ToolCompositeCurve.ixx
+M IGESGeom:pubinclude:IGESGeom_ToolConicArc.hxx /misc/dn61/LocalWOK/wok_entities/LOC/dev/CR0-OCCT691-7-CR0-OCCT691-occt-64/inc/IGESGeom_ToolConicArc.hxx
+M IGESGeom:privinclude:IGESGeom_ToolConicArc.jxx /misc/dn61/LocalWOK/wok_entities/LOC/dev/CR0-OCCT691-7-CR0-OCCT691-occt-64/drv/IGESGeom/IGESGeom_ToolConicArc.jxx
+M IGESGeom:privinclude:IGESGeom_ToolConicArc.ixx /misc/dn61/LocalWOK/wok_entities/LOC/dev/CR0-OCCT691-7-CR0-OCCT691-occt-64/drv/IGESGeom/IGESGeom_ToolConicArc.ixx
+M IGESGeom:pubinclude:IGESGeom_ToolCopiousData.hxx /misc/dn61/LocalWOK/wok_entities/LOC/dev/CR0-OCCT691-7-CR0-OCCT691-occt-64/inc/IGESGeom_ToolCopiousData.hxx
+M IGESGeom:privinclude:IGESGeom_ToolCopiousData.jxx /misc/dn61/LocalWOK/wok_entities/LOC/dev/CR0-OCCT691-7-CR0-OCCT691-occt-64/drv/IGESGeom/IGESGeom_ToolCopiousData.jxx
+M IGESGeom:privinclude:IGESGeom_ToolCopiousData.ixx /misc/dn61/LocalWOK/wok_entities/LOC/dev/CR0-OCCT691-7-CR0-OCCT691-occt-64/drv/IGESGeom/IGESGeom_ToolCopiousData.ixx
+M IGESGeom:pubinclude:IGESGeom_ToolPlane.hxx /misc/dn61/LocalWOK/wok_entities/LOC/dev/CR0-OCCT691-7-CR0-OCCT691-occt-64/inc/IGESGeom_ToolPlane.hxx
+M IGESGeom:privinclude:IGESGeom_ToolPlane.jxx /misc/dn61/LocalWOK/wok_entities/LOC/dev/CR0-OCCT691-7-CR0-OCCT691-occt-64/drv/IGESGeom/IGESGeom_ToolPlane.jxx
+M IGESGeom:privinclude:IGESGeom_ToolPlane.ixx /misc/dn61/LocalWOK/wok_entities/LOC/dev/CR0-OCCT691-7-CR0-OCCT691-occt-64/drv/IGESGeom/IGESGeom_ToolPlane.ixx
+M IGESGeom:pubinclude:IGESGeom_ToolLine.hxx /misc/dn61/LocalWOK/wok_entities/LOC/dev/CR0-OCCT691-7-CR0-OCCT691-occt-64/inc/IGESGeom_ToolLine.hxx
+M IGESGeom:privinclude:IGESGeom_ToolLine.jxx /misc/dn61/LocalWOK/wok_entities/LOC/dev/CR0-OCCT691-7-CR0-OCCT691-occt-64/drv/IGESGeom/IGESGeom_ToolLine.jxx
+M IGESGeom:privinclude:IGESGeom_ToolLine.ixx /misc/dn61/LocalWOK/wok_entities/LOC/dev/CR0-OCCT691-7-CR0-OCCT691-occt-64/drv/IGESGeom/IGESGeom_ToolLine.ixx
+M IGESGeom:pubinclude:IGESGeom_ToolSplineCurve.hxx /misc/dn61/LocalWOK/wok_entities/LOC/dev/CR0-OCCT691-7-CR0-OCCT691-occt-64/inc/IGESGeom_ToolSplineCurve.hxx
+M IGESGeom:privinclude:IGESGeom_ToolSplineCurve.jxx /misc/dn61/LocalWOK/wok_entities/LOC/dev/CR0-OCCT691-7-CR0-OCCT691-occt-64/drv/IGESGeom/IGESGeom_ToolSplineCurve.jxx
+M IGESGeom:privinclude:IGESGeom_ToolSplineCurve.ixx /misc/dn61/LocalWOK/wok_entities/LOC/dev/CR0-OCCT691-7-CR0-OCCT691-occt-64/drv/IGESGeom/IGESGeom_ToolSplineCurve.ixx
+M IGESGeom:pubinclude:IGESGeom_ToolSplineSurface.hxx /misc/dn61/LocalWOK/wok_entities/LOC/dev/CR0-OCCT691-7-CR0-OCCT691-occt-64/inc/IGESGeom_ToolSplineSurface.hxx
+M IGESGeom:privinclude:IGESGeom_ToolSplineSurface.jxx /misc/dn61/LocalWOK/wok_entities/LOC/dev/CR0-OCCT691-7-CR0-OCCT691-occt-64/drv/IGESGeom/IGESGeom_ToolSplineSurface.jxx
+M IGESGeom:privinclude:IGESGeom_ToolSplineSurface.ixx /misc/dn61/LocalWOK/wok_entities/LOC/dev/CR0-OCCT691-7-CR0-OCCT691-occt-64/drv/IGESGeom/IGESGeom_ToolSplineSurface.ixx
+M IGESGeom:pubinclude:IGESGeom_ToolPoint.hxx /misc/dn61/LocalWOK/wok_entities/LOC/dev/CR0-OCCT691-7-CR0-OCCT691-occt-64/inc/IGESGeom_ToolPoint.hxx
+M IGESGeom:privinclude:IGESGeom_ToolPoint.jxx /misc/dn61/LocalWOK/wok_entities/LOC/dev/CR0-OCCT691-7-CR0-OCCT691-occt-64/drv/IGESGeom/IGESGeom_ToolPoint.jxx
+M IGESGeom:privinclude:IGESGeom_ToolPoint.ixx /misc/dn61/LocalWOK/wok_entities/LOC/dev/CR0-OCCT691-7-CR0-OCCT691-occt-64/drv/IGESGeom/IGESGeom_ToolPoint.ixx
+M IGESGeom:pubinclude:IGESGeom_ToolRuledSurface.hxx /misc/dn61/LocalWOK/wok_entities/LOC/dev/CR0-OCCT691-7-CR0-OCCT691-occt-64/inc/IGESGeom_ToolRuledSurface.hxx
+M IGESGeom:privinclude:IGESGeom_ToolRuledSurface.jxx /misc/dn61/LocalWOK/wok_entities/LOC/dev/CR0-OCCT691-7-CR0-OCCT691-occt-64/drv/IGESGeom/IGESGeom_ToolRuledSurface.jxx
+M IGESGeom:privinclude:IGESGeom_ToolRuledSurface.ixx /misc/dn61/LocalWOK/wok_entities/LOC/dev/CR0-OCCT691-7-CR0-OCCT691-occt-64/drv/IGESGeom/IGESGeom_ToolRuledSurface.ixx
+M IGESGeom:pubinclude:IGESGeom_ToolSurfaceOfRevolution.hxx /misc/dn61/LocalWOK/wok_entities/LOC/dev/CR0-OCCT691-7-CR0-OCCT691-occt-64/inc/IGESGeom_ToolSurfaceOfRevolution.hxx
+M IGESGeom:privinclude:IGESGeom_ToolSurfaceOfRevolution.jxx /misc/dn61/LocalWOK/wok_entities/LOC/dev/CR0-OCCT691-7-CR0-OCCT691-occt-64/drv/IGESGeom/IGESGeom_ToolSurfaceOfRevolution.jxx
+M IGESGeom:privinclude:IGESGeom_ToolSurfaceOfRevolution.ixx /misc/dn61/LocalWOK/wok_entities/LOC/dev/CR0-OCCT691-7-CR0-OCCT691-occt-64/drv/IGESGeom/IGESGeom_ToolSurfaceOfRevolution.ixx
+M IGESGeom:pubinclude:IGESGeom_ToolTabulatedCylinder.hxx /misc/dn61/LocalWOK/wok_entities/LOC/dev/CR0-OCCT691-7-CR0-OCCT691-occt-64/inc/IGESGeom_ToolTabulatedCylinder.hxx
+M IGESGeom:privinclude:IGESGeom_ToolTabulatedCylinder.jxx /misc/dn61/LocalWOK/wok_entities/LOC/dev/CR0-OCCT691-7-CR0-OCCT691-occt-64/drv/IGESGeom/IGESGeom_ToolTabulatedCylinder.jxx
+M IGESGeom:privinclude:IGESGeom_ToolTabulatedCylinder.ixx /misc/dn61/LocalWOK/wok_entities/LOC/dev/CR0-OCCT691-7-CR0-OCCT691-occt-64/drv/IGESGeom/IGESGeom_ToolTabulatedCylinder.ixx
+M IGESGeom:pubinclude:IGESGeom_ToolDirection.hxx /misc/dn61/LocalWOK/wok_entities/LOC/dev/CR0-OCCT691-7-CR0-OCCT691-occt-64/inc/IGESGeom_ToolDirection.hxx
+M IGESGeom:privinclude:IGESGeom_ToolDirection.jxx /misc/dn61/LocalWOK/wok_entities/LOC/dev/CR0-OCCT691-7-CR0-OCCT691-occt-64/drv/IGESGeom/IGESGeom_ToolDirection.jxx
+M IGESGeom:privinclude:IGESGeom_ToolDirection.ixx /misc/dn61/LocalWOK/wok_entities/LOC/dev/CR0-OCCT691-7-CR0-OCCT691-occt-64/drv/IGESGeom/IGESGeom_ToolDirection.ixx
+M IGESGeom:pubinclude:IGESGeom_ToolTransformationMatrix.hxx /misc/dn61/LocalWOK/wok_entities/LOC/dev/CR0-OCCT691-7-CR0-OCCT691-occt-64/inc/IGESGeom_ToolTransformationMatrix.hxx
+M IGESGeom:privinclude:IGESGeom_ToolTransformationMatrix.jxx /misc/dn61/LocalWOK/wok_entities/LOC/dev/CR0-OCCT691-7-CR0-OCCT691-occt-64/drv/IGESGeom/IGESGeom_ToolTransformationMatrix.jxx
+M IGESGeom:privinclude:IGESGeom_ToolTransformationMatrix.ixx /misc/dn61/LocalWOK/wok_entities/LOC/dev/CR0-OCCT691-7-CR0-OCCT691-occt-64/drv/IGESGeom/IGESGeom_ToolTransformationMatrix.ixx
+M IGESGeom:pubinclude:IGESGeom_ToolFlash.hxx /misc/dn61/LocalWOK/wok_entities/LOC/dev/CR0-OCCT691-7-CR0-OCCT691-occt-64/inc/IGESGeom_ToolFlash.hxx
+M IGESGeom:privinclude:IGESGeom_ToolFlash.jxx /misc/dn61/LocalWOK/wok_entities/LOC/dev/CR0-OCCT691-7-CR0-OCCT691-occt-64/drv/IGESGeom/IGESGeom_ToolFlash.jxx
+M IGESGeom:privinclude:IGESGeom_ToolFlash.ixx /misc/dn61/LocalWOK/wok_entities/LOC/dev/CR0-OCCT691-7-CR0-OCCT691-occt-64/drv/IGESGeom/IGESGeom_ToolFlash.ixx
+M IGESGeom:pubinclude:IGESGeom_ToolBSplineCurve.hxx /misc/dn61/LocalWOK/wok_entities/LOC/dev/CR0-OCCT691-7-CR0-OCCT691-occt-64/inc/IGESGeom_ToolBSplineCurve.hxx
+M IGESGeom:privinclude:IGESGeom_ToolBSplineCurve.jxx /misc/dn61/LocalWOK/wok_entities/LOC/dev/CR0-OCCT691-7-CR0-OCCT691-occt-64/drv/IGESGeom/IGESGeom_ToolBSplineCurve.jxx
+M IGESGeom:privinclude:IGESGeom_ToolBSplineCurve.ixx /misc/dn61/LocalWOK/wok_entities/LOC/dev/CR0-OCCT691-7-CR0-OCCT691-occt-64/drv/IGESGeom/IGESGeom_ToolBSplineCurve.ixx
+M IGESGeom:pubinclude:IGESGeom_ToolBSplineSurface.hxx /misc/dn61/LocalWOK/wok_entities/LOC/dev/CR0-OCCT691-7-CR0-OCCT691-occt-64/inc/IGESGeom_ToolBSplineSurface.hxx
+M IGESGeom:privinclude:IGESGeom_ToolBSplineSurface.jxx /misc/dn61/LocalWOK/wok_entities/LOC/dev/CR0-OCCT691-7-CR0-OCCT691-occt-64/drv/IGESGeom/IGESGeom_ToolBSplineSurface.jxx
+M IGESGeom:privinclude:IGESGeom_ToolBSplineSurface.ixx /misc/dn61/LocalWOK/wok_entities/LOC/dev/CR0-OCCT691-7-CR0-OCCT691-occt-64/drv/IGESGeom/IGESGeom_ToolBSplineSurface.ixx
+M IGESGeom:pubinclude:IGESGeom_ToolOffsetCurve.hxx /misc/dn61/LocalWOK/wok_entities/LOC/dev/CR0-OCCT691-7-CR0-OCCT691-occt-64/inc/IGESGeom_ToolOffsetCurve.hxx
+M IGESGeom:privinclude:IGESGeom_ToolOffsetCurve.jxx /misc/dn61/LocalWOK/wok_entities/LOC/dev/CR0-OCCT691-7-CR0-OCCT691-occt-64/drv/IGESGeom/IGESGeom_ToolOffsetCurve.jxx
+M IGESGeom:privinclude:IGESGeom_ToolOffsetCurve.ixx /misc/dn61/LocalWOK/wok_entities/LOC/dev/CR0-OCCT691-7-CR0-OCCT691-occt-64/drv/IGESGeom/IGESGeom_ToolOffsetCurve.ixx
+M IGESGeom:pubinclude:IGESGeom_ToolOffsetSurface.hxx /misc/dn61/LocalWOK/wok_entities/LOC/dev/CR0-OCCT691-7-CR0-OCCT691-occt-64/inc/IGESGeom_ToolOffsetSurface.hxx
+M IGESGeom:privinclude:IGESGeom_ToolOffsetSurface.jxx /misc/dn61/LocalWOK/wok_entities/LOC/dev/CR0-OCCT691-7-CR0-OCCT691-occt-64/drv/IGESGeom/IGESGeom_ToolOffsetSurface.jxx
+M IGESGeom:privinclude:IGESGeom_ToolOffsetSurface.ixx /misc/dn61/LocalWOK/wok_entities/LOC/dev/CR0-OCCT691-7-CR0-OCCT691-occt-64/drv/IGESGeom/IGESGeom_ToolOffsetSurface.ixx
+M IGESGeom:pubinclude:IGESGeom_ToolBoundary.hxx /misc/dn61/LocalWOK/wok_entities/LOC/dev/CR0-OCCT691-7-CR0-OCCT691-occt-64/inc/IGESGeom_ToolBoundary.hxx
+M IGESGeom:privinclude:IGESGeom_ToolBoundary.jxx /misc/dn61/LocalWOK/wok_entities/LOC/dev/CR0-OCCT691-7-CR0-OCCT691-occt-64/drv/IGESGeom/IGESGeom_ToolBoundary.jxx
+M IGESGeom:privinclude:IGESGeom_ToolBoundary.ixx /misc/dn61/LocalWOK/wok_entities/LOC/dev/CR0-OCCT691-7-CR0-OCCT691-occt-64/drv/IGESGeom/IGESGeom_ToolBoundary.ixx
+M IGESGeom:pubinclude:IGESGeom_ToolCurveOnSurface.hxx /misc/dn61/LocalWOK/wok_entities/LOC/dev/CR0-OCCT691-7-CR0-OCCT691-occt-64/inc/IGESGeom_ToolCurveOnSurface.hxx
+M IGESGeom:privinclude:IGESGeom_ToolCurveOnSurface.jxx /misc/dn61/LocalWOK/wok_entities/LOC/dev/CR0-OCCT691-7-CR0-OCCT691-occt-64/drv/IGESGeom/IGESGeom_ToolCurveOnSurface.jxx
+M IGESGeom:privinclude:IGESGeom_ToolCurveOnSurface.ixx /misc/dn61/LocalWOK/wok_entities/LOC/dev/CR0-OCCT691-7-CR0-OCCT691-occt-64/drv/IGESGeom/IGESGeom_ToolCurveOnSurface.ixx
+M IGESGeom:pubinclude:IGESGeom_ToolBoundedSurface.hxx /misc/dn61/LocalWOK/wok_entities/LOC/dev/CR0-OCCT691-7-CR0-OCCT691-occt-64/inc/IGESGeom_ToolBoundedSurface.hxx
+M IGESGeom:privinclude:IGESGeom_ToolBoundedSurface.jxx /misc/dn61/LocalWOK/wok_entities/LOC/dev/CR0-OCCT691-7-CR0-OCCT691-occt-64/drv/IGESGeom/IGESGeom_ToolBoundedSurface.jxx
+M IGESGeom:privinclude:IGESGeom_ToolBoundedSurface.ixx /misc/dn61/LocalWOK/wok_entities/LOC/dev/CR0-OCCT691-7-CR0-OCCT691-occt-64/drv/IGESGeom/IGESGeom_ToolBoundedSurface.ixx
+M IGESGeom:pubinclude:IGESGeom_ToolTrimmedSurface.hxx /misc/dn61/LocalWOK/wok_entities/LOC/dev/CR0-OCCT691-7-CR0-OCCT691-occt-64/inc/IGESGeom_ToolTrimmedSurface.hxx
+M IGESGeom:privinclude:IGESGeom_ToolTrimmedSurface.jxx /misc/dn61/LocalWOK/wok_entities/LOC/dev/CR0-OCCT691-7-CR0-OCCT691-occt-64/drv/IGESGeom/IGESGeom_ToolTrimmedSurface.jxx
+M IGESGeom:privinclude:IGESGeom_ToolTrimmedSurface.ixx /misc/dn61/LocalWOK/wok_entities/LOC/dev/CR0-OCCT691-7-CR0-OCCT691-occt-64/drv/IGESGeom/IGESGeom_ToolTrimmedSurface.ixx
+M IGESGeom:pubinclude:Handle_IGESGeom_Protocol.hxx /misc/dn61/LocalWOK/wok_entities/LOC/dev/CR0-OCCT691-7-CR0-OCCT691-occt-64/inc/Handle_IGESGeom_Protocol.hxx
+M IGESGeom:pubinclude:IGESGeom_Protocol.hxx /misc/dn61/LocalWOK/wok_entities/LOC/dev/CR0-OCCT691-7-CR0-OCCT691-occt-64/inc/IGESGeom_Protocol.hxx
+M IGESGeom:privinclude:IGESGeom_Protocol.jxx /misc/dn61/LocalWOK/wok_entities/LOC/dev/CR0-OCCT691-7-CR0-OCCT691-occt-64/drv/IGESGeom/IGESGeom_Protocol.jxx
+M IGESGeom:privinclude:IGESGeom_Protocol.ixx /misc/dn61/LocalWOK/wok_entities/LOC/dev/CR0-OCCT691-7-CR0-OCCT691-occt-64/drv/IGESGeom/IGESGeom_Protocol.ixx
+M IGESGeom:pubinclude:Handle_IGESGeom_ReadWriteModule.hxx /misc/dn61/LocalWOK/wok_entities/LOC/dev/CR0-OCCT691-7-CR0-OCCT691-occt-64/inc/Handle_IGESGeom_ReadWriteModule.hxx
+M IGESGeom:pubinclude:IGESGeom_ReadWriteModule.hxx /misc/dn61/LocalWOK/wok_entities/LOC/dev/CR0-OCCT691-7-CR0-OCCT691-occt-64/inc/IGESGeom_ReadWriteModule.hxx
+M IGESGeom:privinclude:IGESGeom_ReadWriteModule.jxx /misc/dn61/LocalWOK/wok_entities/LOC/dev/CR0-OCCT691-7-CR0-OCCT691-occt-64/drv/IGESGeom/IGESGeom_ReadWriteModule.jxx
+M IGESGeom:privinclude:IGESGeom_ReadWriteModule.ixx /misc/dn61/LocalWOK/wok_entities/LOC/dev/CR0-OCCT691-7-CR0-OCCT691-occt-64/drv/IGESGeom/IGESGeom_ReadWriteModule.ixx
+M IGESGeom:pubinclude:Handle_IGESGeom_GeneralModule.hxx /misc/dn61/LocalWOK/wok_entities/LOC/dev/CR0-OCCT691-7-CR0-OCCT691-occt-64/inc/Handle_IGESGeom_GeneralModule.hxx
+M IGESGeom:pubinclude:IGESGeom_GeneralModule.hxx /misc/dn61/LocalWOK/wok_entities/LOC/dev/CR0-OCCT691-7-CR0-OCCT691-occt-64/inc/IGESGeom_GeneralModule.hxx
+M IGESGeom:privinclude:IGESGeom_GeneralModule.jxx /misc/dn61/LocalWOK/wok_entities/LOC/dev/CR0-OCCT691-7-CR0-OCCT691-occt-64/drv/IGESGeom/IGESGeom_GeneralModule.jxx
+M IGESGeom:privinclude:IGESGeom_GeneralModule.ixx /misc/dn61/LocalWOK/wok_entities/LOC/dev/CR0-OCCT691-7-CR0-OCCT691-occt-64/drv/IGESGeom/IGESGeom_GeneralModule.ixx
+M IGESGeom:pubinclude:Handle_IGESGeom_SpecificModule.hxx /misc/dn61/LocalWOK/wok_entities/LOC/dev/CR0-OCCT691-7-CR0-OCCT691-occt-64/inc/Handle_IGESGeom_SpecificModule.hxx
+M IGESGeom:pubinclude:IGESGeom_SpecificModule.hxx /misc/dn61/LocalWOK/wok_entities/LOC/dev/CR0-OCCT691-7-CR0-OCCT691-occt-64/inc/IGESGeom_SpecificModule.hxx
+M IGESGeom:privinclude:IGESGeom_SpecificModule.jxx /misc/dn61/LocalWOK/wok_entities/LOC/dev/CR0-OCCT691-7-CR0-OCCT691-occt-64/drv/IGESGeom/IGESGeom_SpecificModule.jxx
+M IGESGeom:privinclude:IGESGeom_SpecificModule.ixx /misc/dn61/LocalWOK/wok_entities/LOC/dev/CR0-OCCT691-7-CR0-OCCT691-occt-64/drv/IGESGeom/IGESGeom_SpecificModule.ixx
+M IGESGeom:pubinclude:IGESGeom_Array1OfBoundary.hxx /misc/dn61/LocalWOK/wok_entities/LOC/dev/CR0-OCCT691-7-CR0-OCCT691-occt-64/inc/IGESGeom_Array1OfBoundary.hxx
+M IGESGeom:derivated:IGESGeom_Array1OfBoundary_0.cxx /misc/dn61/LocalWOK/wok_entities/LOC/dev/CR0-OCCT691-7-CR0-OCCT691-occt-64/drv/IGESGeom/IGESGeom_Array1OfBoundary_0.cxx
+M IGESGeom:pubinclude:IGESGeom_Array1OfCurveOnSurface.hxx /misc/dn61/LocalWOK/wok_entities/LOC/dev/CR0-OCCT691-7-CR0-OCCT691-occt-64/inc/IGESGeom_Array1OfCurveOnSurface.hxx
+M IGESGeom:derivated:IGESGeom_Array1OfCurveOnSurface_0.cxx /misc/dn61/LocalWOK/wok_entities/LOC/dev/CR0-OCCT691-7-CR0-OCCT691-occt-64/drv/IGESGeom/IGESGeom_Array1OfCurveOnSurface_0.cxx
+M IGESGeom:pubinclude:IGESGeom_Array1OfTransformationMatrix.hxx /misc/dn61/LocalWOK/wok_entities/LOC/dev/CR0-OCCT691-7-CR0-OCCT691-occt-64/inc/IGESGeom_Array1OfTransformationMatrix.hxx
+M IGESGeom:derivated:IGESGeom_Array1OfTransformationMatrix_0.cxx /misc/dn61/LocalWOK/wok_entities/LOC/dev/CR0-OCCT691-7-CR0-OCCT691-occt-64/drv/IGESGeom/IGESGeom_Array1OfTransformationMatrix_0.cxx
+M IGESGeom:pubinclude:Handle_IGESGeom_HArray1OfBoundary.hxx /misc/dn61/LocalWOK/wok_entities/LOC/dev/CR0-OCCT691-7-CR0-OCCT691-occt-64/inc/Handle_IGESGeom_HArray1OfBoundary.hxx
+M IGESGeom:pubinclude:IGESGeom_HArray1OfBoundary.hxx /misc/dn61/LocalWOK/wok_entities/LOC/dev/CR0-OCCT691-7-CR0-OCCT691-occt-64/inc/IGESGeom_HArray1OfBoundary.hxx
+M IGESGeom:derivated:IGESGeom_HArray1OfBoundary_0.cxx /misc/dn61/LocalWOK/wok_entities/LOC/dev/CR0-OCCT691-7-CR0-OCCT691-occt-64/drv/IGESGeom/IGESGeom_HArray1OfBoundary_0.cxx
+M IGESGeom:pubinclude:Handle_IGESGeom_HArray1OfCurveOnSurface.hxx /misc/dn61/LocalWOK/wok_entities/LOC/dev/CR0-OCCT691-7-CR0-OCCT691-occt-64/inc/Handle_IGESGeom_HArray1OfCurveOnSurface.hxx
+M IGESGeom:pubinclude:IGESGeom_HArray1OfCurveOnSurface.hxx /misc/dn61/LocalWOK/wok_entities/LOC/dev/CR0-OCCT691-7-CR0-OCCT691-occt-64/inc/IGESGeom_HArray1OfCurveOnSurface.hxx
+M IGESGeom:derivated:IGESGeom_HArray1OfCurveOnSurface_0.cxx /misc/dn61/LocalWOK/wok_entities/LOC/dev/CR0-OCCT691-7-CR0-OCCT691-occt-64/drv/IGESGeom/IGESGeom_HArray1OfCurveOnSurface_0.cxx
+M IGESGeom:pubinclude:Handle_IGESGeom_HArray1OfTransformationMatrix.hxx /misc/dn61/LocalWOK/wok_entities/LOC/dev/CR0-OCCT691-7-CR0-OCCT691-occt-64/inc/Handle_IGESGeom_HArray1OfTransformationMatrix.hxx
+M IGESGeom:pubinclude:IGESGeom_HArray1OfTransformationMatrix.hxx /misc/dn61/LocalWOK/wok_entities/LOC/dev/CR0-OCCT691-7-CR0-OCCT691-occt-64/inc/IGESGeom_HArray1OfTransformationMatrix.hxx
+M IGESGeom:derivated:IGESGeom_HArray1OfTransformationMatrix_0.cxx /misc/dn61/LocalWOK/wok_entities/LOC/dev/CR0-OCCT691-7-CR0-OCCT691-occt-64/drv/IGESGeom/IGESGeom_HArray1OfTransformationMatrix_0.cxx
+M IGESGeom:dbadmfile:IGESGeom_xcpp_header.In /misc/dn61/LocalWOK/wok_entities/LOC/dev/CR0-OCCT691-7-CR0-OCCT691-occt-64/drv/IGESGeom/.adm/IGESGeom_xcpp_header.In
+M IGESGeom:dbadmfile:IGESGeom_xcpp_header.Out /misc/dn61/LocalWOK/wok_entities/LOC/dev/CR0-OCCT691-7-CR0-OCCT691-occt-64/drv/IGESGeom/.adm/IGESGeom_xcpp_header.Out
+M IGESGeom:dbadmfile:IGESGeom_xcpp_header.Dep /misc/dn61/LocalWOK/wok_entities/LOC/dev/CR0-OCCT691-7-CR0-OCCT691-occt-64/drv/IGESGeom/.adm/IGESGeom_xcpp_header.Dep
