+M ShapeExtend:pubinclude:ShapeExtend.hxx /misc/dn61/LocalWOK/wok_entities/LOC/dev/CR0-OCCT691-7-CR0-OCCT691-occt-64/inc/ShapeExtend.hxx
+M ShapeExtend:privinclude:ShapeExtend.jxx /misc/dn61/LocalWOK/wok_entities/LOC/dev/CR0-OCCT691-7-CR0-OCCT691-occt-64/drv/ShapeExtend/ShapeExtend.jxx
+M ShapeExtend:privinclude:ShapeExtend.ixx /misc/dn61/LocalWOK/wok_entities/LOC/dev/CR0-OCCT691-7-CR0-OCCT691-occt-64/drv/ShapeExtend/ShapeExtend.ixx
+M ShapeExtend:pubinclude:Handle_ShapeExtend_ComplexCurve.hxx /misc/dn61/LocalWOK/wok_entities/LOC/dev/CR0-OCCT691-7-CR0-OCCT691-occt-64/inc/Handle_ShapeExtend_ComplexCurve.hxx
+M ShapeExtend:pubinclude:ShapeExtend_ComplexCurve.hxx /misc/dn61/LocalWOK/wok_entities/LOC/dev/CR0-OCCT691-7-CR0-OCCT691-occt-64/inc/ShapeExtend_ComplexCurve.hxx
+M ShapeExtend:privinclude:ShapeExtend_ComplexCurve.jxx /misc/dn61/LocalWOK/wok_entities/LOC/dev/CR0-OCCT691-7-CR0-OCCT691-occt-64/drv/ShapeExtend/ShapeExtend_ComplexCurve.jxx
+M ShapeExtend:privinclude:ShapeExtend_ComplexCurve.ixx /misc/dn61/LocalWOK/wok_entities/LOC/dev/CR0-OCCT691-7-CR0-OCCT691-occt-64/drv/ShapeExtend/ShapeExtend_ComplexCurve.ixx
+M ShapeExtend:pubinclude:Handle_ShapeExtend_CompositeSurface.hxx /misc/dn61/LocalWOK/wok_entities/LOC/dev/CR0-OCCT691-7-CR0-OCCT691-occt-64/inc/Handle_ShapeExtend_CompositeSurface.hxx
+M ShapeExtend:pubinclude:ShapeExtend_CompositeSurface.hxx /misc/dn61/LocalWOK/wok_entities/LOC/dev/CR0-OCCT691-7-CR0-OCCT691-occt-64/inc/ShapeExtend_CompositeSurface.hxx
+M ShapeExtend:privinclude:ShapeExtend_CompositeSurface.jxx /misc/dn61/LocalWOK/wok_entities/LOC/dev/CR0-OCCT691-7-CR0-OCCT691-occt-64/drv/ShapeExtend/ShapeExtend_CompositeSurface.jxx
+M ShapeExtend:privinclude:ShapeExtend_CompositeSurface.ixx /misc/dn61/LocalWOK/wok_entities/LOC/dev/CR0-OCCT691-7-CR0-OCCT691-occt-64/drv/ShapeExtend/ShapeExtend_CompositeSurface.ixx
+M ShapeExtend:pubinclude:Handle_ShapeExtend_WireData.hxx /misc/dn61/LocalWOK/wok_entities/LOC/dev/CR0-OCCT691-7-CR0-OCCT691-occt-64/inc/Handle_ShapeExtend_WireData.hxx
+M ShapeExtend:pubinclude:ShapeExtend_WireData.hxx /misc/dn61/LocalWOK/wok_entities/LOC/dev/CR0-OCCT691-7-CR0-OCCT691-occt-64/inc/ShapeExtend_WireData.hxx
+M ShapeExtend:privinclude:ShapeExtend_WireData.jxx /misc/dn61/LocalWOK/wok_entities/LOC/dev/CR0-OCCT691-7-CR0-OCCT691-occt-64/drv/ShapeExtend/ShapeExtend_WireData.jxx
+M ShapeExtend:privinclude:ShapeExtend_WireData.ixx /misc/dn61/LocalWOK/wok_entities/LOC/dev/CR0-OCCT691-7-CR0-OCCT691-occt-64/drv/ShapeExtend/ShapeExtend_WireData.ixx
+M ShapeExtend:pubinclude:Handle_ShapeExtend_BasicMsgRegistrator.hxx /misc/dn61/LocalWOK/wok_entities/LOC/dev/CR0-OCCT691-7-CR0-OCCT691-occt-64/inc/Handle_ShapeExtend_BasicMsgRegistrator.hxx
+M ShapeExtend:pubinclude:ShapeExtend_BasicMsgRegistrator.hxx /misc/dn61/LocalWOK/wok_entities/LOC/dev/CR0-OCCT691-7-CR0-OCCT691-occt-64/inc/ShapeExtend_BasicMsgRegistrator.hxx
+M ShapeExtend:privinclude:ShapeExtend_BasicMsgRegistrator.jxx /misc/dn61/LocalWOK/wok_entities/LOC/dev/CR0-OCCT691-7-CR0-OCCT691-occt-64/drv/ShapeExtend/ShapeExtend_BasicMsgRegistrator.jxx
+M ShapeExtend:privinclude:ShapeExtend_BasicMsgRegistrator.ixx /misc/dn61/LocalWOK/wok_entities/LOC/dev/CR0-OCCT691-7-CR0-OCCT691-occt-64/drv/ShapeExtend/ShapeExtend_BasicMsgRegistrator.ixx
+M ShapeExtend:pubinclude:Handle_ShapeExtend_MsgRegistrator.hxx /misc/dn61/LocalWOK/wok_entities/LOC/dev/CR0-OCCT691-7-CR0-OCCT691-occt-64/inc/Handle_ShapeExtend_MsgRegistrator.hxx
+M ShapeExtend:pubinclude:ShapeExtend_MsgRegistrator.hxx /misc/dn61/LocalWOK/wok_entities/LOC/dev/CR0-OCCT691-7-CR0-OCCT691-occt-64/inc/ShapeExtend_MsgRegistrator.hxx
+M ShapeExtend:privinclude:ShapeExtend_MsgRegistrator.jxx /misc/dn61/LocalWOK/wok_entities/LOC/dev/CR0-OCCT691-7-CR0-OCCT691-occt-64/drv/ShapeExtend/ShapeExtend_MsgRegistrator.jxx
+M ShapeExtend:privinclude:ShapeExtend_MsgRegistrator.ixx /misc/dn61/LocalWOK/wok_entities/LOC/dev/CR0-OCCT691-7-CR0-OCCT691-occt-64/drv/ShapeExtend/ShapeExtend_MsgRegistrator.ixx
+M ShapeExtend:pubinclude:ShapeExtend_Explorer.hxx /misc/dn61/LocalWOK/wok_entities/LOC/dev/CR0-OCCT691-7-CR0-OCCT691-occt-64/inc/ShapeExtend_Explorer.hxx
+M ShapeExtend:privinclude:ShapeExtend_Explorer.jxx /misc/dn61/LocalWOK/wok_entities/LOC/dev/CR0-OCCT691-7-CR0-OCCT691-occt-64/drv/ShapeExtend/ShapeExtend_Explorer.jxx
+M ShapeExtend:privinclude:ShapeExtend_Explorer.ixx /misc/dn61/LocalWOK/wok_entities/LOC/dev/CR0-OCCT691-7-CR0-OCCT691-occt-64/drv/ShapeExtend/ShapeExtend_Explorer.ixx
+M ShapeExtend:pubinclude:ShapeExtend_DataMapOfShapeListOfMsg.hxx /misc/dn61/LocalWOK/wok_entities/LOC/dev/CR0-OCCT691-7-CR0-OCCT691-occt-64/inc/ShapeExtend_DataMapOfShapeListOfMsg.hxx
+M ShapeExtend:derivated:ShapeExtend_DataMapOfShapeListOfMsg_0.cxx /misc/dn61/LocalWOK/wok_entities/LOC/dev/CR0-OCCT691-7-CR0-OCCT691-occt-64/drv/ShapeExtend/ShapeExtend_DataMapOfShapeListOfMsg_0.cxx
+M ShapeExtend:pubinclude:ShapeExtend_DataMapOfTransientListOfMsg.hxx /misc/dn61/LocalWOK/wok_entities/LOC/dev/CR0-OCCT691-7-CR0-OCCT691-occt-64/inc/ShapeExtend_DataMapOfTransientListOfMsg.hxx
+M ShapeExtend:derivated:ShapeExtend_DataMapOfTransientListOfMsg_0.cxx /misc/dn61/LocalWOK/wok_entities/LOC/dev/CR0-OCCT691-7-CR0-OCCT691-occt-64/drv/ShapeExtend/ShapeExtend_DataMapOfTransientListOfMsg_0.cxx
+M ShapeExtend:pubinclude:Handle_ShapeExtend_DataMapNodeOfDataMapOfShapeListOfMsg.hxx /misc/dn61/LocalWOK/wok_entities/LOC/dev/CR0-OCCT691-7-CR0-OCCT691-occt-64/inc/Handle_ShapeExtend_DataMapNodeOfDataMapOfShapeListOfMsg.hxx
+M ShapeExtend:pubinclude:ShapeExtend_DataMapNodeOfDataMapOfShapeListOfMsg.hxx /misc/dn61/LocalWOK/wok_entities/LOC/dev/CR0-OCCT691-7-CR0-OCCT691-occt-64/inc/ShapeExtend_DataMapNodeOfDataMapOfShapeListOfMsg.hxx
+M ShapeExtend:derivated:ShapeExtend_DataMapNodeOfDataMapOfShapeListOfMsg_0.cxx /misc/dn61/LocalWOK/wok_entities/LOC/dev/CR0-OCCT691-7-CR0-OCCT691-occt-64/drv/ShapeExtend/ShapeExtend_DataMapNodeOfDataMapOfShapeListOfMsg_0.cxx
+M ShapeExtend:pubinclude:ShapeExtend_DataMapIteratorOfDataMapOfShapeListOfMsg.hxx /misc/dn61/LocalWOK/wok_entities/LOC/dev/CR0-OCCT691-7-CR0-OCCT691-occt-64/inc/ShapeExtend_DataMapIteratorOfDataMapOfShapeListOfMsg.hxx
+M ShapeExtend:derivated:ShapeExtend_DataMapIteratorOfDataMapOfShapeListOfMsg_0.cxx /misc/dn61/LocalWOK/wok_entities/LOC/dev/CR0-OCCT691-7-CR0-OCCT691-occt-64/drv/ShapeExtend/ShapeExtend_DataMapIteratorOfDataMapOfShapeListOfMsg_0.cxx
+M ShapeExtend:pubinclude:Handle_ShapeExtend_DataMapNodeOfDataMapOfTransientListOfMsg.hxx /misc/dn61/LocalWOK/wok_entities/LOC/dev/CR0-OCCT691-7-CR0-OCCT691-occt-64/inc/Handle_ShapeExtend_DataMapNodeOfDataMapOfTransientListOfMsg.hxx
+M ShapeExtend:pubinclude:ShapeExtend_DataMapNodeOfDataMapOfTransientListOfMsg.hxx /misc/dn61/LocalWOK/wok_entities/LOC/dev/CR0-OCCT691-7-CR0-OCCT691-occt-64/inc/ShapeExtend_DataMapNodeOfDataMapOfTransientListOfMsg.hxx
+M ShapeExtend:derivated:ShapeExtend_DataMapNodeOfDataMapOfTransientListOfMsg_0.cxx /misc/dn61/LocalWOK/wok_entities/LOC/dev/CR0-OCCT691-7-CR0-OCCT691-occt-64/drv/ShapeExtend/ShapeExtend_DataMapNodeOfDataMapOfTransientListOfMsg_0.cxx
+M ShapeExtend:pubinclude:ShapeExtend_DataMapIteratorOfDataMapOfTransientListOfMsg.hxx /misc/dn61/LocalWOK/wok_entities/LOC/dev/CR0-OCCT691-7-CR0-OCCT691-occt-64/inc/ShapeExtend_DataMapIteratorOfDataMapOfTransientListOfMsg.hxx
+M ShapeExtend:derivated:ShapeExtend_DataMapIteratorOfDataMapOfTransientListOfMsg_0.cxx /misc/dn61/LocalWOK/wok_entities/LOC/dev/CR0-OCCT691-7-CR0-OCCT691-occt-64/drv/ShapeExtend/ShapeExtend_DataMapIteratorOfDataMapOfTransientListOfMsg_0.cxx
+M ShapeExtend:pubinclude:ShapeExtend_Status.hxx /misc/dn61/LocalWOK/wok_entities/LOC/dev/CR0-OCCT691-7-CR0-OCCT691-occt-64/inc/ShapeExtend_Status.hxx
+M ShapeExtend:pubinclude:ShapeExtend_Parametrisation.hxx /misc/dn61/LocalWOK/wok_entities/LOC/dev/CR0-OCCT691-7-CR0-OCCT691-occt-64/inc/ShapeExtend_Parametrisation.hxx
+M ShapeExtend:dbadmfile:ShapeExtend_xcpp_header.In /misc/dn61/LocalWOK/wok_entities/LOC/dev/CR0-OCCT691-7-CR0-OCCT691-occt-64/drv/ShapeExtend/.adm/ShapeExtend_xcpp_header.In
+M ShapeExtend:dbadmfile:ShapeExtend_xcpp_header.Out /misc/dn61/LocalWOK/wok_entities/LOC/dev/CR0-OCCT691-7-CR0-OCCT691-occt-64/drv/ShapeExtend/.adm/ShapeExtend_xcpp_header.Out
+M ShapeExtend:dbadmfile:ShapeExtend_xcpp_header.Dep /misc/dn61/LocalWOK/wok_entities/LOC/dev/CR0-OCCT691-7-CR0-OCCT691-occt-64/drv/ShapeExtend/.adm/ShapeExtend_xcpp_header.Dep
