+M StlMesh:pubinclude:StlMesh.hxx /misc/dn61/LocalWOK/wok_entities/LOC/dev/CR0-OCCT691-7-CR0-OCCT691-occt-64/inc/StlMesh.hxx
+M StlMesh:privinclude:StlMesh.jxx /misc/dn61/LocalWOK/wok_entities/LOC/dev/CR0-OCCT691-7-CR0-OCCT691-occt-64/drv/StlMesh/StlMesh.jxx
+M StlMesh:privinclude:StlMesh.ixx /misc/dn61/LocalWOK/wok_entities/LOC/dev/CR0-OCCT691-7-CR0-OCCT691-occt-64/drv/StlMesh/StlMesh.ixx
+M StlMesh:pubinclude:Handle_StlMesh_Mesh.hxx /misc/dn61/LocalWOK/wok_entities/LOC/dev/CR0-OCCT691-7-CR0-OCCT691-occt-64/inc/Handle_StlMesh_Mesh.hxx
+M StlMesh:pubinclude:StlMesh_Mesh.hxx /misc/dn61/LocalWOK/wok_entities/LOC/dev/CR0-OCCT691-7-CR0-OCCT691-occt-64/inc/StlMesh_Mesh.hxx
+M StlMesh:privinclude:StlMesh_Mesh.jxx /misc/dn61/LocalWOK/wok_entities/LOC/dev/CR0-OCCT691-7-CR0-OCCT691-occt-64/drv/StlMesh/StlMesh_Mesh.jxx
+M StlMesh:privinclude:StlMesh_Mesh.ixx /misc/dn61/LocalWOK/wok_entities/LOC/dev/CR0-OCCT691-7-CR0-OCCT691-occt-64/drv/StlMesh/StlMesh_Mesh.ixx
+M StlMesh:pubinclude:StlMesh_MeshExplorer.hxx /misc/dn61/LocalWOK/wok_entities/LOC/dev/CR0-OCCT691-7-CR0-OCCT691-occt-64/inc/StlMesh_MeshExplorer.hxx
+M StlMesh:privinclude:StlMesh_MeshExplorer.jxx /misc/dn61/LocalWOK/wok_entities/LOC/dev/CR0-OCCT691-7-CR0-OCCT691-occt-64/drv/StlMesh/StlMesh_MeshExplorer.jxx
+M StlMesh:privinclude:StlMesh_MeshExplorer.ixx /misc/dn61/LocalWOK/wok_entities/LOC/dev/CR0-OCCT691-7-CR0-OCCT691-occt-64/drv/StlMesh/StlMesh_MeshExplorer.ixx
+M StlMesh:pubinclude:Handle_StlMesh_MeshDomain.hxx /misc/dn61/LocalWOK/wok_entities/LOC/dev/CR0-OCCT691-7-CR0-OCCT691-occt-64/inc/Handle_StlMesh_MeshDomain.hxx
+M StlMesh:pubinclude:StlMesh_MeshDomain.hxx /misc/dn61/LocalWOK/wok_entities/LOC/dev/CR0-OCCT691-7-CR0-OCCT691-occt-64/inc/StlMesh_MeshDomain.hxx
+M StlMesh:privinclude:StlMesh_MeshDomain.jxx /misc/dn61/LocalWOK/wok_entities/LOC/dev/CR0-OCCT691-7-CR0-OCCT691-occt-64/drv/StlMesh/StlMesh_MeshDomain.jxx
+M StlMesh:privinclude:StlMesh_MeshDomain.ixx /misc/dn61/LocalWOK/wok_entities/LOC/dev/CR0-OCCT691-7-CR0-OCCT691-occt-64/drv/StlMesh/StlMesh_MeshDomain.ixx
+M StlMesh:pubinclude:Handle_StlMesh_MeshTriangle.hxx /misc/dn61/LocalWOK/wok_entities/LOC/dev/CR0-OCCT691-7-CR0-OCCT691-occt-64/inc/Handle_StlMesh_MeshTriangle.hxx
+M StlMesh:pubinclude:StlMesh_MeshTriangle.hxx /misc/dn61/LocalWOK/wok_entities/LOC/dev/CR0-OCCT691-7-CR0-OCCT691-occt-64/inc/StlMesh_MeshTriangle.hxx
+M StlMesh:privinclude:StlMesh_MeshTriangle.jxx /misc/dn61/LocalWOK/wok_entities/LOC/dev/CR0-OCCT691-7-CR0-OCCT691-occt-64/drv/StlMesh/StlMesh_MeshTriangle.jxx
+M StlMesh:privinclude:StlMesh_MeshTriangle.ixx /misc/dn61/LocalWOK/wok_entities/LOC/dev/CR0-OCCT691-7-CR0-OCCT691-occt-64/drv/StlMesh/StlMesh_MeshTriangle.ixx
+M StlMesh:pubinclude:StlMesh_SequenceOfMeshDomain.hxx /misc/dn61/LocalWOK/wok_entities/LOC/dev/CR0-OCCT691-7-CR0-OCCT691-occt-64/inc/StlMesh_SequenceOfMeshDomain.hxx
+M StlMesh:derivated:StlMesh_SequenceOfMeshDomain_0.cxx /misc/dn61/LocalWOK/wok_entities/LOC/dev/CR0-OCCT691-7-CR0-OCCT691-occt-64/drv/StlMesh/StlMesh_SequenceOfMeshDomain_0.cxx
+M StlMesh:pubinclude:StlMesh_SequenceOfMeshTriangle.hxx /misc/dn61/LocalWOK/wok_entities/LOC/dev/CR0-OCCT691-7-CR0-OCCT691-occt-64/inc/StlMesh_SequenceOfMeshTriangle.hxx
+M StlMesh:derivated:StlMesh_SequenceOfMeshTriangle_0.cxx /misc/dn61/LocalWOK/wok_entities/LOC/dev/CR0-OCCT691-7-CR0-OCCT691-occt-64/drv/StlMesh/StlMesh_SequenceOfMeshTriangle_0.cxx
+M StlMesh:pubinclude:StlMesh_SequenceOfMesh.hxx /misc/dn61/LocalWOK/wok_entities/LOC/dev/CR0-OCCT691-7-CR0-OCCT691-occt-64/inc/StlMesh_SequenceOfMesh.hxx
+M StlMesh:derivated:StlMesh_SequenceOfMesh_0.cxx /misc/dn61/LocalWOK/wok_entities/LOC/dev/CR0-OCCT691-7-CR0-OCCT691-occt-64/drv/StlMesh/StlMesh_SequenceOfMesh_0.cxx
+M StlMesh:pubinclude:Handle_StlMesh_SequenceNodeOfSequenceOfMeshDomain.hxx /misc/dn61/LocalWOK/wok_entities/LOC/dev/CR0-OCCT691-7-CR0-OCCT691-occt-64/inc/Handle_StlMesh_SequenceNodeOfSequenceOfMeshDomain.hxx
+M StlMesh:pubinclude:StlMesh_SequenceNodeOfSequenceOfMeshDomain.hxx /misc/dn61/LocalWOK/wok_entities/LOC/dev/CR0-OCCT691-7-CR0-OCCT691-occt-64/inc/StlMesh_SequenceNodeOfSequenceOfMeshDomain.hxx
+M StlMesh:derivated:StlMesh_SequenceNodeOfSequenceOfMeshDomain_0.cxx /misc/dn61/LocalWOK/wok_entities/LOC/dev/CR0-OCCT691-7-CR0-OCCT691-occt-64/drv/StlMesh/StlMesh_SequenceNodeOfSequenceOfMeshDomain_0.cxx
+M StlMesh:pubinclude:Handle_StlMesh_SequenceNodeOfSequenceOfMeshTriangle.hxx /misc/dn61/LocalWOK/wok_entities/LOC/dev/CR0-OCCT691-7-CR0-OCCT691-occt-64/inc/Handle_StlMesh_SequenceNodeOfSequenceOfMeshTriangle.hxx
+M StlMesh:pubinclude:StlMesh_SequenceNodeOfSequenceOfMeshTriangle.hxx /misc/dn61/LocalWOK/wok_entities/LOC/dev/CR0-OCCT691-7-CR0-OCCT691-occt-64/inc/StlMesh_SequenceNodeOfSequenceOfMeshTriangle.hxx
+M StlMesh:derivated:StlMesh_SequenceNodeOfSequenceOfMeshTriangle_0.cxx /misc/dn61/LocalWOK/wok_entities/LOC/dev/CR0-OCCT691-7-CR0-OCCT691-occt-64/drv/StlMesh/StlMesh_SequenceNodeOfSequenceOfMeshTriangle_0.cxx
+M StlMesh:pubinclude:Handle_StlMesh_SequenceNodeOfSequenceOfMesh.hxx /misc/dn61/LocalWOK/wok_entities/LOC/dev/CR0-OCCT691-7-CR0-OCCT691-occt-64/inc/Handle_StlMesh_SequenceNodeOfSequenceOfMesh.hxx
+M StlMesh:pubinclude:StlMesh_SequenceNodeOfSequenceOfMesh.hxx /misc/dn61/LocalWOK/wok_entities/LOC/dev/CR0-OCCT691-7-CR0-OCCT691-occt-64/inc/StlMesh_SequenceNodeOfSequenceOfMesh.hxx
+M StlMesh:derivated:StlMesh_SequenceNodeOfSequenceOfMesh_0.cxx /misc/dn61/LocalWOK/wok_entities/LOC/dev/CR0-OCCT691-7-CR0-OCCT691-occt-64/drv/StlMesh/StlMesh_SequenceNodeOfSequenceOfMesh_0.cxx
+M StlMesh:dbadmfile:StlMesh_xcpp_header.In /misc/dn61/LocalWOK/wok_entities/LOC/dev/CR0-OCCT691-7-CR0-OCCT691-occt-64/drv/StlMesh/.adm/StlMesh_xcpp_header.In
+M StlMesh:dbadmfile:StlMesh_xcpp_header.Out /misc/dn61/LocalWOK/wok_entities/LOC/dev/CR0-OCCT691-7-CR0-OCCT691-occt-64/drv/StlMesh/.adm/StlMesh_xcpp_header.Out
+M StlMesh:dbadmfile:StlMesh_xcpp_header.Dep /misc/dn61/LocalWOK/wok_entities/LOC/dev/CR0-OCCT691-7-CR0-OCCT691-occt-64/drv/StlMesh/.adm/StlMesh_xcpp_header.Dep
