+M Resource:pubinclude:Resource_DataMapOfAsciiStringAsciiString.hxx /misc/dn61/LocalWOK/wok_entities/LOC/dev/CR0-OCCT691-7-CR0-OCCT691-occt-64/inc/Resource_DataMapOfAsciiStringAsciiString.hxx
+M Resource:derivated:Resource_DataMapOfAsciiStringAsciiString_0.cxx /misc/dn61/LocalWOK/wok_entities/LOC/dev/CR0-OCCT691-7-CR0-OCCT691-occt-64/drv/Resource/Resource_DataMapOfAsciiStringAsciiString_0.cxx
+M Resource:pubinclude:Resource_DataMapOfAsciiStringExtendedString.hxx /misc/dn61/LocalWOK/wok_entities/LOC/dev/CR0-OCCT691-7-CR0-OCCT691-occt-64/inc/Resource_DataMapOfAsciiStringExtendedString.hxx
+M Resource:derivated:Resource_DataMapOfAsciiStringExtendedString_0.cxx /misc/dn61/LocalWOK/wok_entities/LOC/dev/CR0-OCCT691-7-CR0-OCCT691-occt-64/drv/Resource/Resource_DataMapOfAsciiStringExtendedString_0.cxx
+M Resource:pubinclude:Resource_QuickSortOfArray1.hxx /misc/dn61/LocalWOK/wok_entities/LOC/dev/CR0-OCCT691-7-CR0-OCCT691-occt-64/inc/Resource_QuickSortOfArray1.hxx
+M Resource:derivated:Resource_QuickSortOfArray1_0.cxx /misc/dn61/LocalWOK/wok_entities/LOC/dev/CR0-OCCT691-7-CR0-OCCT691-occt-64/drv/Resource/Resource_QuickSortOfArray1_0.cxx
+M Resource:pubinclude:Resource_LexicalCompare.hxx /misc/dn61/LocalWOK/wok_entities/LOC/dev/CR0-OCCT691-7-CR0-OCCT691-occt-64/inc/Resource_LexicalCompare.hxx
+M Resource:privinclude:Resource_LexicalCompare.jxx /misc/dn61/LocalWOK/wok_entities/LOC/dev/CR0-OCCT691-7-CR0-OCCT691-occt-64/drv/Resource/Resource_LexicalCompare.jxx
+M Resource:privinclude:Resource_LexicalCompare.ixx /misc/dn61/LocalWOK/wok_entities/LOC/dev/CR0-OCCT691-7-CR0-OCCT691-occt-64/drv/Resource/Resource_LexicalCompare.ixx
+M Resource:pubinclude:Handle_Resource_Manager.hxx /misc/dn61/LocalWOK/wok_entities/LOC/dev/CR0-OCCT691-7-CR0-OCCT691-occt-64/inc/Handle_Resource_Manager.hxx
+M Resource:pubinclude:Resource_Manager.hxx /misc/dn61/LocalWOK/wok_entities/LOC/dev/CR0-OCCT691-7-CR0-OCCT691-occt-64/inc/Resource_Manager.hxx
+M Resource:privinclude:Resource_Manager.jxx /misc/dn61/LocalWOK/wok_entities/LOC/dev/CR0-OCCT691-7-CR0-OCCT691-occt-64/drv/Resource/Resource_Manager.jxx
+M Resource:privinclude:Resource_Manager.ixx /misc/dn61/LocalWOK/wok_entities/LOC/dev/CR0-OCCT691-7-CR0-OCCT691-occt-64/drv/Resource/Resource_Manager.ixx
+M Resource:pubinclude:Resource_Unicode.hxx /misc/dn61/LocalWOK/wok_entities/LOC/dev/CR0-OCCT691-7-CR0-OCCT691-occt-64/inc/Resource_Unicode.hxx
+M Resource:privinclude:Resource_Unicode.jxx /misc/dn61/LocalWOK/wok_entities/LOC/dev/CR0-OCCT691-7-CR0-OCCT691-occt-64/drv/Resource/Resource_Unicode.jxx
+M Resource:privinclude:Resource_Unicode.ixx /misc/dn61/LocalWOK/wok_entities/LOC/dev/CR0-OCCT691-7-CR0-OCCT691-occt-64/drv/Resource/Resource_Unicode.ixx
+M Resource:pubinclude:Handle_Resource_DataMapNodeOfDataMapOfAsciiStringAsciiString.hxx /misc/dn61/LocalWOK/wok_entities/LOC/dev/CR0-OCCT691-7-CR0-OCCT691-occt-64/inc/Handle_Resource_DataMapNodeOfDataMapOfAsciiStringAsciiString.hxx
+M Resource:pubinclude:Resource_DataMapNodeOfDataMapOfAsciiStringAsciiString.hxx /misc/dn61/LocalWOK/wok_entities/LOC/dev/CR0-OCCT691-7-CR0-OCCT691-occt-64/inc/Resource_DataMapNodeOfDataMapOfAsciiStringAsciiString.hxx
+M Resource:derivated:Resource_DataMapNodeOfDataMapOfAsciiStringAsciiString_0.cxx /misc/dn61/LocalWOK/wok_entities/LOC/dev/CR0-OCCT691-7-CR0-OCCT691-occt-64/drv/Resource/Resource_DataMapNodeOfDataMapOfAsciiStringAsciiString_0.cxx
+M Resource:pubinclude:Resource_DataMapIteratorOfDataMapOfAsciiStringAsciiString.hxx /misc/dn61/LocalWOK/wok_entities/LOC/dev/CR0-OCCT691-7-CR0-OCCT691-occt-64/inc/Resource_DataMapIteratorOfDataMapOfAsciiStringAsciiString.hxx
+M Resource:derivated:Resource_DataMapIteratorOfDataMapOfAsciiStringAsciiString_0.cxx /misc/dn61/LocalWOK/wok_entities/LOC/dev/CR0-OCCT691-7-CR0-OCCT691-occt-64/drv/Resource/Resource_DataMapIteratorOfDataMapOfAsciiStringAsciiString_0.cxx
+M Resource:pubinclude:Handle_Resource_DataMapNodeOfDataMapOfAsciiStringExtendedString.hxx /misc/dn61/LocalWOK/wok_entities/LOC/dev/CR0-OCCT691-7-CR0-OCCT691-occt-64/inc/Handle_Resource_DataMapNodeOfDataMapOfAsciiStringExtendedString.hxx
+M Resource:pubinclude:Resource_DataMapNodeOfDataMapOfAsciiStringExtendedString.hxx /misc/dn61/LocalWOK/wok_entities/LOC/dev/CR0-OCCT691-7-CR0-OCCT691-occt-64/inc/Resource_DataMapNodeOfDataMapOfAsciiStringExtendedString.hxx
+M Resource:derivated:Resource_DataMapNodeOfDataMapOfAsciiStringExtendedString_0.cxx /misc/dn61/LocalWOK/wok_entities/LOC/dev/CR0-OCCT691-7-CR0-OCCT691-occt-64/drv/Resource/Resource_DataMapNodeOfDataMapOfAsciiStringExtendedString_0.cxx
+M Resource:pubinclude:Resource_DataMapIteratorOfDataMapOfAsciiStringExtendedString.hxx /misc/dn61/LocalWOK/wok_entities/LOC/dev/CR0-OCCT691-7-CR0-OCCT691-occt-64/inc/Resource_DataMapIteratorOfDataMapOfAsciiStringExtendedString.hxx
+M Resource:derivated:Resource_DataMapIteratorOfDataMapOfAsciiStringExtendedString_0.cxx /misc/dn61/LocalWOK/wok_entities/LOC/dev/CR0-OCCT691-7-CR0-OCCT691-occt-64/drv/Resource/Resource_DataMapIteratorOfDataMapOfAsciiStringExtendedString_0.cxx
+M Resource:pubinclude:Handle_Resource_NoSuchResource.hxx /misc/dn61/LocalWOK/wok_entities/LOC/dev/CR0-OCCT691-7-CR0-OCCT691-occt-64/inc/Handle_Resource_NoSuchResource.hxx
+M Resource:pubinclude:Resource_NoSuchResource.hxx /misc/dn61/LocalWOK/wok_entities/LOC/dev/CR0-OCCT691-7-CR0-OCCT691-occt-64/inc/Resource_NoSuchResource.hxx
+M Resource:derivated:Resource_NoSuchResource_0.cxx /misc/dn61/LocalWOK/wok_entities/LOC/dev/CR0-OCCT691-7-CR0-OCCT691-occt-64/drv/Resource/Resource_NoSuchResource_0.cxx
+M Resource:pubinclude:Resource_FormatType.hxx /misc/dn61/LocalWOK/wok_entities/LOC/dev/CR0-OCCT691-7-CR0-OCCT691-occt-64/inc/Resource_FormatType.hxx
+M Resource:dbadmfile:Resource_xcpp_header.In /misc/dn61/LocalWOK/wok_entities/LOC/dev/CR0-OCCT691-7-CR0-OCCT691-occt-64/drv/Resource/.adm/Resource_xcpp_header.In
+M Resource:dbadmfile:Resource_xcpp_header.Out /misc/dn61/LocalWOK/wok_entities/LOC/dev/CR0-OCCT691-7-CR0-OCCT691-occt-64/drv/Resource/.adm/Resource_xcpp_header.Out
+M Resource:dbadmfile:Resource_xcpp_header.Dep /misc/dn61/LocalWOK/wok_entities/LOC/dev/CR0-OCCT691-7-CR0-OCCT691-occt-64/drv/Resource/.adm/Resource_xcpp_header.Dep
