+M StepGeom:pubinclude:StepGeom_Axis2Placement.hxx /misc/dn61/LocalWOK/wok_entities/LOC/dev/CR0-OCCT691-7-CR0-OCCT691-occt-64/inc/StepGeom_Axis2Placement.hxx
+M StepGeom:privinclude:StepGeom_Axis2Placement.jxx /misc/dn61/LocalWOK/wok_entities/LOC/dev/CR0-OCCT691-7-CR0-OCCT691-occt-64/drv/StepGeom/StepGeom_Axis2Placement.jxx
+M StepGeom:privinclude:StepGeom_Axis2Placement.ixx /misc/dn61/LocalWOK/wok_entities/LOC/dev/CR0-OCCT691-7-CR0-OCCT691-occt-64/drv/StepGeom/StepGeom_Axis2Placement.ixx
+M StepGeom:pubinclude:StepGeom_CurveOnSurface.hxx /misc/dn61/LocalWOK/wok_entities/LOC/dev/CR0-OCCT691-7-CR0-OCCT691-occt-64/inc/StepGeom_CurveOnSurface.hxx
+M StepGeom:privinclude:StepGeom_CurveOnSurface.jxx /misc/dn61/LocalWOK/wok_entities/LOC/dev/CR0-OCCT691-7-CR0-OCCT691-occt-64/drv/StepGeom/StepGeom_CurveOnSurface.jxx
+M StepGeom:privinclude:StepGeom_CurveOnSurface.ixx /misc/dn61/LocalWOK/wok_entities/LOC/dev/CR0-OCCT691-7-CR0-OCCT691-occt-64/drv/StepGeom/StepGeom_CurveOnSurface.ixx
+M StepGeom:pubinclude:StepGeom_PcurveOrSurface.hxx /misc/dn61/LocalWOK/wok_entities/LOC/dev/CR0-OCCT691-7-CR0-OCCT691-occt-64/inc/StepGeom_PcurveOrSurface.hxx
+M StepGeom:privinclude:StepGeom_PcurveOrSurface.jxx /misc/dn61/LocalWOK/wok_entities/LOC/dev/CR0-OCCT691-7-CR0-OCCT691-occt-64/drv/StepGeom/StepGeom_PcurveOrSurface.jxx
+M StepGeom:privinclude:StepGeom_PcurveOrSurface.ixx /misc/dn61/LocalWOK/wok_entities/LOC/dev/CR0-OCCT691-7-CR0-OCCT691-occt-64/drv/StepGeom/StepGeom_PcurveOrSurface.ixx
+M StepGeom:pubinclude:StepGeom_TrimmingSelect.hxx /misc/dn61/LocalWOK/wok_entities/LOC/dev/CR0-OCCT691-7-CR0-OCCT691-occt-64/inc/StepGeom_TrimmingSelect.hxx
+M StepGeom:privinclude:StepGeom_TrimmingSelect.jxx /misc/dn61/LocalWOK/wok_entities/LOC/dev/CR0-OCCT691-7-CR0-OCCT691-occt-64/drv/StepGeom/StepGeom_TrimmingSelect.jxx
+M StepGeom:privinclude:StepGeom_TrimmingSelect.ixx /misc/dn61/LocalWOK/wok_entities/LOC/dev/CR0-OCCT691-7-CR0-OCCT691-occt-64/drv/StepGeom/StepGeom_TrimmingSelect.ixx
+M StepGeom:pubinclude:Handle_StepGeom_TrimmingMember.hxx /misc/dn61/LocalWOK/wok_entities/LOC/dev/CR0-OCCT691-7-CR0-OCCT691-occt-64/inc/Handle_StepGeom_TrimmingMember.hxx
+M StepGeom:pubinclude:StepGeom_TrimmingMember.hxx /misc/dn61/LocalWOK/wok_entities/LOC/dev/CR0-OCCT691-7-CR0-OCCT691-occt-64/inc/StepGeom_TrimmingMember.hxx
+M StepGeom:privinclude:StepGeom_TrimmingMember.jxx /misc/dn61/LocalWOK/wok_entities/LOC/dev/CR0-OCCT691-7-CR0-OCCT691-occt-64/drv/StepGeom/StepGeom_TrimmingMember.jxx
+M StepGeom:privinclude:StepGeom_TrimmingMember.ixx /misc/dn61/LocalWOK/wok_entities/LOC/dev/CR0-OCCT691-7-CR0-OCCT691-occt-64/drv/StepGeom/StepGeom_TrimmingMember.ixx
+M StepGeom:pubinclude:StepGeom_VectorOrDirection.hxx /misc/dn61/LocalWOK/wok_entities/LOC/dev/CR0-OCCT691-7-CR0-OCCT691-occt-64/inc/StepGeom_VectorOrDirection.hxx
+M StepGeom:privinclude:StepGeom_VectorOrDirection.jxx /misc/dn61/LocalWOK/wok_entities/LOC/dev/CR0-OCCT691-7-CR0-OCCT691-occt-64/drv/StepGeom/StepGeom_VectorOrDirection.jxx
+M StepGeom:privinclude:StepGeom_VectorOrDirection.ixx /misc/dn61/LocalWOK/wok_entities/LOC/dev/CR0-OCCT691-7-CR0-OCCT691-occt-64/drv/StepGeom/StepGeom_VectorOrDirection.ixx
+M StepGeom:pubinclude:Handle_StepGeom_CompositeCurveSegment.hxx /misc/dn61/LocalWOK/wok_entities/LOC/dev/CR0-OCCT691-7-CR0-OCCT691-occt-64/inc/Handle_StepGeom_CompositeCurveSegment.hxx
+M StepGeom:pubinclude:StepGeom_CompositeCurveSegment.hxx /misc/dn61/LocalWOK/wok_entities/LOC/dev/CR0-OCCT691-7-CR0-OCCT691-occt-64/inc/StepGeom_CompositeCurveSegment.hxx
+M StepGeom:privinclude:StepGeom_CompositeCurveSegment.jxx /misc/dn61/LocalWOK/wok_entities/LOC/dev/CR0-OCCT691-7-CR0-OCCT691-occt-64/drv/StepGeom/StepGeom_CompositeCurveSegment.jxx
+M StepGeom:privinclude:StepGeom_CompositeCurveSegment.ixx /misc/dn61/LocalWOK/wok_entities/LOC/dev/CR0-OCCT691-7-CR0-OCCT691-occt-64/drv/StepGeom/StepGeom_CompositeCurveSegment.ixx
+M StepGeom:pubinclude:Handle_StepGeom_ReparametrisedCompositeCurveSegment.hxx /misc/dn61/LocalWOK/wok_entities/LOC/dev/CR0-OCCT691-7-CR0-OCCT691-occt-64/inc/Handle_StepGeom_ReparametrisedCompositeCurveSegment.hxx
+M StepGeom:pubinclude:StepGeom_ReparametrisedCompositeCurveSegment.hxx /misc/dn61/LocalWOK/wok_entities/LOC/dev/CR0-OCCT691-7-CR0-OCCT691-occt-64/inc/StepGeom_ReparametrisedCompositeCurveSegment.hxx
+M StepGeom:privinclude:StepGeom_ReparametrisedCompositeCurveSegment.jxx /misc/dn61/LocalWOK/wok_entities/LOC/dev/CR0-OCCT691-7-CR0-OCCT691-occt-64/drv/StepGeom/StepGeom_ReparametrisedCompositeCurveSegment.jxx
+M StepGeom:privinclude:StepGeom_ReparametrisedCompositeCurveSegment.ixx /misc/dn61/LocalWOK/wok_entities/LOC/dev/CR0-OCCT691-7-CR0-OCCT691-occt-64/drv/StepGeom/StepGeom_ReparametrisedCompositeCurveSegment.ixx
+M StepGeom:pubinclude:Handle_StepGeom_GeometricRepresentationContext.hxx /misc/dn61/LocalWOK/wok_entities/LOC/dev/CR0-OCCT691-7-CR0-OCCT691-occt-64/inc/Handle_StepGeom_GeometricRepresentationContext.hxx
+M StepGeom:pubinclude:StepGeom_GeometricRepresentationContext.hxx /misc/dn61/LocalWOK/wok_entities/LOC/dev/CR0-OCCT691-7-CR0-OCCT691-occt-64/inc/StepGeom_GeometricRepresentationContext.hxx
+M StepGeom:privinclude:StepGeom_GeometricRepresentationContext.jxx /misc/dn61/LocalWOK/wok_entities/LOC/dev/CR0-OCCT691-7-CR0-OCCT691-occt-64/drv/StepGeom/StepGeom_GeometricRepresentationContext.jxx
+M StepGeom:privinclude:StepGeom_GeometricRepresentationContext.ixx /misc/dn61/LocalWOK/wok_entities/LOC/dev/CR0-OCCT691-7-CR0-OCCT691-occt-64/drv/StepGeom/StepGeom_GeometricRepresentationContext.ixx
+M StepGeom:pubinclude:Handle_StepGeom_GeometricRepresentationContextAndGlobalUnitAssignedContext.hxx /misc/dn61/LocalWOK/wok_entities/LOC/dev/CR0-OCCT691-7-CR0-OCCT691-occt-64/inc/Handle_StepGeom_GeometricRepresentationContextAndGlobalUnitAssignedContext.hxx
+M StepGeom:pubinclude:StepGeom_GeometricRepresentationContextAndGlobalUnitAssignedContext.hxx /misc/dn61/LocalWOK/wok_entities/LOC/dev/CR0-OCCT691-7-CR0-OCCT691-occt-64/inc/StepGeom_GeometricRepresentationContextAndGlobalUnitAssignedContext.hxx
+M StepGeom:privinclude:StepGeom_GeometricRepresentationContextAndGlobalUnitAssignedContext.jxx /misc/dn61/LocalWOK/wok_entities/LOC/dev/CR0-OCCT691-7-CR0-OCCT691-occt-64/drv/StepGeom/StepGeom_GeometricRepresentationContextAndGlobalUnitAssignedContext.jxx
+M StepGeom:privinclude:StepGeom_GeometricRepresentationContextAndGlobalUnitAssignedContext.ixx /misc/dn61/LocalWOK/wok_entities/LOC/dev/CR0-OCCT691-7-CR0-OCCT691-occt-64/drv/StepGeom/StepGeom_GeometricRepresentationContextAndGlobalUnitAssignedContext.ixx
+M StepGeom:pubinclude:Handle_StepGeom_GeomRepContextAndGlobUnitAssCtxAndGlobUncertaintyAssCtx.hxx /misc/dn61/LocalWOK/wok_entities/LOC/dev/CR0-OCCT691-7-CR0-OCCT691-occt-64/inc/Handle_StepGeom_GeomRepContextAndGlobUnitAssCtxAndGlobUncertaintyAssCtx.hxx
+M StepGeom:pubinclude:StepGeom_GeomRepContextAndGlobUnitAssCtxAndGlobUncertaintyAssCtx.hxx /misc/dn61/LocalWOK/wok_entities/LOC/dev/CR0-OCCT691-7-CR0-OCCT691-occt-64/inc/StepGeom_GeomRepContextAndGlobUnitAssCtxAndGlobUncertaintyAssCtx.hxx
+M StepGeom:privinclude:StepGeom_GeomRepContextAndGlobUnitAssCtxAndGlobUncertaintyAssCtx.jxx /misc/dn61/LocalWOK/wok_entities/LOC/dev/CR0-OCCT691-7-CR0-OCCT691-occt-64/drv/StepGeom/StepGeom_GeomRepContextAndGlobUnitAssCtxAndGlobUncertaintyAssCtx.jxx
+M StepGeom:privinclude:StepGeom_GeomRepContextAndGlobUnitAssCtxAndGlobUncertaintyAssCtx.ixx /misc/dn61/LocalWOK/wok_entities/LOC/dev/CR0-OCCT691-7-CR0-OCCT691-occt-64/drv/StepGeom/StepGeom_GeomRepContextAndGlobUnitAssCtxAndGlobUncertaintyAssCtx.ixx
+M StepGeom:pubinclude:Handle_StepGeom_GeometricRepresentationContextAndParametricRepresentationContext.hxx /misc/dn61/LocalWOK/wok_entities/LOC/dev/CR0-OCCT691-7-CR0-OCCT691-occt-64/inc/Handle_StepGeom_GeometricRepresentationContextAndParametricRepresentationContext.hxx
+M StepGeom:pubinclude:StepGeom_GeometricRepresentationContextAndParametricRepresentationContext.hxx /misc/dn61/LocalWOK/wok_entities/LOC/dev/CR0-OCCT691-7-CR0-OCCT691-occt-64/inc/StepGeom_GeometricRepresentationContextAndParametricRepresentationContext.hxx
+M StepGeom:privinclude:StepGeom_GeometricRepresentationContextAndParametricRepresentationContext.jxx /misc/dn61/LocalWOK/wok_entities/LOC/dev/CR0-OCCT691-7-CR0-OCCT691-occt-64/drv/StepGeom/StepGeom_GeometricRepresentationContextAndParametricRepresentationContext.jxx
+M StepGeom:privinclude:StepGeom_GeometricRepresentationContextAndParametricRepresentationContext.ixx /misc/dn61/LocalWOK/wok_entities/LOC/dev/CR0-OCCT691-7-CR0-OCCT691-occt-64/drv/StepGeom/StepGeom_GeometricRepresentationContextAndParametricRepresentationContext.ixx
+M StepGeom:pubinclude:Handle_StepGeom_GeometricRepresentationItem.hxx /misc/dn61/LocalWOK/wok_entities/LOC/dev/CR0-OCCT691-7-CR0-OCCT691-occt-64/inc/Handle_StepGeom_GeometricRepresentationItem.hxx
+M StepGeom:pubinclude:StepGeom_GeometricRepresentationItem.hxx /misc/dn61/LocalWOK/wok_entities/LOC/dev/CR0-OCCT691-7-CR0-OCCT691-occt-64/inc/StepGeom_GeometricRepresentationItem.hxx
+M StepGeom:privinclude:StepGeom_GeometricRepresentationItem.jxx /misc/dn61/LocalWOK/wok_entities/LOC/dev/CR0-OCCT691-7-CR0-OCCT691-occt-64/drv/StepGeom/StepGeom_GeometricRepresentationItem.jxx
+M StepGeom:privinclude:StepGeom_GeometricRepresentationItem.ixx /misc/dn61/LocalWOK/wok_entities/LOC/dev/CR0-OCCT691-7-CR0-OCCT691-occt-64/drv/StepGeom/StepGeom_GeometricRepresentationItem.ixx
+M StepGeom:pubinclude:Handle_StepGeom_CartesianTransformationOperator.hxx /misc/dn61/LocalWOK/wok_entities/LOC/dev/CR0-OCCT691-7-CR0-OCCT691-occt-64/inc/Handle_StepGeom_CartesianTransformationOperator.hxx
+M StepGeom:pubinclude:StepGeom_CartesianTransformationOperator.hxx /misc/dn61/LocalWOK/wok_entities/LOC/dev/CR0-OCCT691-7-CR0-OCCT691-occt-64/inc/StepGeom_CartesianTransformationOperator.hxx
+M StepGeom:privinclude:StepGeom_CartesianTransformationOperator.jxx /misc/dn61/LocalWOK/wok_entities/LOC/dev/CR0-OCCT691-7-CR0-OCCT691-occt-64/drv/StepGeom/StepGeom_CartesianTransformationOperator.jxx
+M StepGeom:privinclude:StepGeom_CartesianTransformationOperator.ixx /misc/dn61/LocalWOK/wok_entities/LOC/dev/CR0-OCCT691-7-CR0-OCCT691-occt-64/drv/StepGeom/StepGeom_CartesianTransformationOperator.ixx
+M StepGeom:pubinclude:Handle_StepGeom_CartesianTransformationOperator2d.hxx /misc/dn61/LocalWOK/wok_entities/LOC/dev/CR0-OCCT691-7-CR0-OCCT691-occt-64/inc/Handle_StepGeom_CartesianTransformationOperator2d.hxx
+M StepGeom:pubinclude:StepGeom_CartesianTransformationOperator2d.hxx /misc/dn61/LocalWOK/wok_entities/LOC/dev/CR0-OCCT691-7-CR0-OCCT691-occt-64/inc/StepGeom_CartesianTransformationOperator2d.hxx
+M StepGeom:privinclude:StepGeom_CartesianTransformationOperator2d.jxx /misc/dn61/LocalWOK/wok_entities/LOC/dev/CR0-OCCT691-7-CR0-OCCT691-occt-64/drv/StepGeom/StepGeom_CartesianTransformationOperator2d.jxx
+M StepGeom:privinclude:StepGeom_CartesianTransformationOperator2d.ixx /misc/dn61/LocalWOK/wok_entities/LOC/dev/CR0-OCCT691-7-CR0-OCCT691-occt-64/drv/StepGeom/StepGeom_CartesianTransformationOperator2d.ixx
+M StepGeom:pubinclude:Handle_StepGeom_CartesianTransformationOperator3d.hxx /misc/dn61/LocalWOK/wok_entities/LOC/dev/CR0-OCCT691-7-CR0-OCCT691-occt-64/inc/Handle_StepGeom_CartesianTransformationOperator3d.hxx
+M StepGeom:pubinclude:StepGeom_CartesianTransformationOperator3d.hxx /misc/dn61/LocalWOK/wok_entities/LOC/dev/CR0-OCCT691-7-CR0-OCCT691-occt-64/inc/StepGeom_CartesianTransformationOperator3d.hxx
+M StepGeom:privinclude:StepGeom_CartesianTransformationOperator3d.jxx /misc/dn61/LocalWOK/wok_entities/LOC/dev/CR0-OCCT691-7-CR0-OCCT691-occt-64/drv/StepGeom/StepGeom_CartesianTransformationOperator3d.jxx
+M StepGeom:privinclude:StepGeom_CartesianTransformationOperator3d.ixx /misc/dn61/LocalWOK/wok_entities/LOC/dev/CR0-OCCT691-7-CR0-OCCT691-occt-64/drv/StepGeom/StepGeom_CartesianTransformationOperator3d.ixx
+M StepGeom:pubinclude:Handle_StepGeom_Curve.hxx /misc/dn61/LocalWOK/wok_entities/LOC/dev/CR0-OCCT691-7-CR0-OCCT691-occt-64/inc/Handle_StepGeom_Curve.hxx
+M StepGeom:pubinclude:StepGeom_Curve.hxx /misc/dn61/LocalWOK/wok_entities/LOC/dev/CR0-OCCT691-7-CR0-OCCT691-occt-64/inc/StepGeom_Curve.hxx
+M StepGeom:privinclude:StepGeom_Curve.jxx /misc/dn61/LocalWOK/wok_entities/LOC/dev/CR0-OCCT691-7-CR0-OCCT691-occt-64/drv/StepGeom/StepGeom_Curve.jxx
+M StepGeom:privinclude:StepGeom_Curve.ixx /misc/dn61/LocalWOK/wok_entities/LOC/dev/CR0-OCCT691-7-CR0-OCCT691-occt-64/drv/StepGeom/StepGeom_Curve.ixx
+M StepGeom:pubinclude:Handle_StepGeom_BoundedCurve.hxx /misc/dn61/LocalWOK/wok_entities/LOC/dev/CR0-OCCT691-7-CR0-OCCT691-occt-64/inc/Handle_StepGeom_BoundedCurve.hxx
+M StepGeom:pubinclude:StepGeom_BoundedCurve.hxx /misc/dn61/LocalWOK/wok_entities/LOC/dev/CR0-OCCT691-7-CR0-OCCT691-occt-64/inc/StepGeom_BoundedCurve.hxx
+M StepGeom:privinclude:StepGeom_BoundedCurve.jxx /misc/dn61/LocalWOK/wok_entities/LOC/dev/CR0-OCCT691-7-CR0-OCCT691-occt-64/drv/StepGeom/StepGeom_BoundedCurve.jxx
+M StepGeom:privinclude:StepGeom_BoundedCurve.ixx /misc/dn61/LocalWOK/wok_entities/LOC/dev/CR0-OCCT691-7-CR0-OCCT691-occt-64/drv/StepGeom/StepGeom_BoundedCurve.ixx
+M StepGeom:pubinclude:Handle_StepGeom_BSplineCurve.hxx /misc/dn61/LocalWOK/wok_entities/LOC/dev/CR0-OCCT691-7-CR0-OCCT691-occt-64/inc/Handle_StepGeom_BSplineCurve.hxx
+M StepGeom:pubinclude:StepGeom_BSplineCurve.hxx /misc/dn61/LocalWOK/wok_entities/LOC/dev/CR0-OCCT691-7-CR0-OCCT691-occt-64/inc/StepGeom_BSplineCurve.hxx
+M StepGeom:privinclude:StepGeom_BSplineCurve.jxx /misc/dn61/LocalWOK/wok_entities/LOC/dev/CR0-OCCT691-7-CR0-OCCT691-occt-64/drv/StepGeom/StepGeom_BSplineCurve.jxx
+M StepGeom:privinclude:StepGeom_BSplineCurve.ixx /misc/dn61/LocalWOK/wok_entities/LOC/dev/CR0-OCCT691-7-CR0-OCCT691-occt-64/drv/StepGeom/StepGeom_BSplineCurve.ixx
+M StepGeom:pubinclude:Handle_StepGeom_BSplineCurveWithKnots.hxx /misc/dn61/LocalWOK/wok_entities/LOC/dev/CR0-OCCT691-7-CR0-OCCT691-occt-64/inc/Handle_StepGeom_BSplineCurveWithKnots.hxx
+M StepGeom:pubinclude:StepGeom_BSplineCurveWithKnots.hxx /misc/dn61/LocalWOK/wok_entities/LOC/dev/CR0-OCCT691-7-CR0-OCCT691-occt-64/inc/StepGeom_BSplineCurveWithKnots.hxx
+M StepGeom:privinclude:StepGeom_BSplineCurveWithKnots.jxx /misc/dn61/LocalWOK/wok_entities/LOC/dev/CR0-OCCT691-7-CR0-OCCT691-occt-64/drv/StepGeom/StepGeom_BSplineCurveWithKnots.jxx
+M StepGeom:privinclude:StepGeom_BSplineCurveWithKnots.ixx /misc/dn61/LocalWOK/wok_entities/LOC/dev/CR0-OCCT691-7-CR0-OCCT691-occt-64/drv/StepGeom/StepGeom_BSplineCurveWithKnots.ixx
+M StepGeom:pubinclude:Handle_StepGeom_BezierCurve.hxx /misc/dn61/LocalWOK/wok_entities/LOC/dev/CR0-OCCT691-7-CR0-OCCT691-occt-64/inc/Handle_StepGeom_BezierCurve.hxx
+M StepGeom:pubinclude:StepGeom_BezierCurve.hxx /misc/dn61/LocalWOK/wok_entities/LOC/dev/CR0-OCCT691-7-CR0-OCCT691-occt-64/inc/StepGeom_BezierCurve.hxx
+M StepGeom:privinclude:StepGeom_BezierCurve.jxx /misc/dn61/LocalWOK/wok_entities/LOC/dev/CR0-OCCT691-7-CR0-OCCT691-occt-64/drv/StepGeom/StepGeom_BezierCurve.jxx
+M StepGeom:privinclude:StepGeom_BezierCurve.ixx /misc/dn61/LocalWOK/wok_entities/LOC/dev/CR0-OCCT691-7-CR0-OCCT691-occt-64/drv/StepGeom/StepGeom_BezierCurve.ixx
+M StepGeom:pubinclude:Handle_StepGeom_QuasiUniformCurve.hxx /misc/dn61/LocalWOK/wok_entities/LOC/dev/CR0-OCCT691-7-CR0-OCCT691-occt-64/inc/Handle_StepGeom_QuasiUniformCurve.hxx
+M StepGeom:pubinclude:StepGeom_QuasiUniformCurve.hxx /misc/dn61/LocalWOK/wok_entities/LOC/dev/CR0-OCCT691-7-CR0-OCCT691-occt-64/inc/StepGeom_QuasiUniformCurve.hxx
+M StepGeom:privinclude:StepGeom_QuasiUniformCurve.jxx /misc/dn61/LocalWOK/wok_entities/LOC/dev/CR0-OCCT691-7-CR0-OCCT691-occt-64/drv/StepGeom/StepGeom_QuasiUniformCurve.jxx
+M StepGeom:privinclude:StepGeom_QuasiUniformCurve.ixx /misc/dn61/LocalWOK/wok_entities/LOC/dev/CR0-OCCT691-7-CR0-OCCT691-occt-64/drv/StepGeom/StepGeom_QuasiUniformCurve.ixx
+M StepGeom:pubinclude:Handle_StepGeom_RationalBSplineCurve.hxx /misc/dn61/LocalWOK/wok_entities/LOC/dev/CR0-OCCT691-7-CR0-OCCT691-occt-64/inc/Handle_StepGeom_RationalBSplineCurve.hxx
+M StepGeom:pubinclude:StepGeom_RationalBSplineCurve.hxx /misc/dn61/LocalWOK/wok_entities/LOC/dev/CR0-OCCT691-7-CR0-OCCT691-occt-64/inc/StepGeom_RationalBSplineCurve.hxx
+M StepGeom:privinclude:StepGeom_RationalBSplineCurve.jxx /misc/dn61/LocalWOK/wok_entities/LOC/dev/CR0-OCCT691-7-CR0-OCCT691-occt-64/drv/StepGeom/StepGeom_RationalBSplineCurve.jxx
+M StepGeom:privinclude:StepGeom_RationalBSplineCurve.ixx /misc/dn61/LocalWOK/wok_entities/LOC/dev/CR0-OCCT691-7-CR0-OCCT691-occt-64/drv/StepGeom/StepGeom_RationalBSplineCurve.ixx
+M StepGeom:pubinclude:Handle_StepGeom_UniformCurve.hxx /misc/dn61/LocalWOK/wok_entities/LOC/dev/CR0-OCCT691-7-CR0-OCCT691-occt-64/inc/Handle_StepGeom_UniformCurve.hxx
+M StepGeom:pubinclude:StepGeom_UniformCurve.hxx /misc/dn61/LocalWOK/wok_entities/LOC/dev/CR0-OCCT691-7-CR0-OCCT691-occt-64/inc/StepGeom_UniformCurve.hxx
+M StepGeom:privinclude:StepGeom_UniformCurve.jxx /misc/dn61/LocalWOK/wok_entities/LOC/dev/CR0-OCCT691-7-CR0-OCCT691-occt-64/drv/StepGeom/StepGeom_UniformCurve.jxx
+M StepGeom:privinclude:StepGeom_UniformCurve.ixx /misc/dn61/LocalWOK/wok_entities/LOC/dev/CR0-OCCT691-7-CR0-OCCT691-occt-64/drv/StepGeom/StepGeom_UniformCurve.ixx
+M StepGeom:pubinclude:Handle_StepGeom_UniformCurveAndRationalBSplineCurve.hxx /misc/dn61/LocalWOK/wok_entities/LOC/dev/CR0-OCCT691-7-CR0-OCCT691-occt-64/inc/Handle_StepGeom_UniformCurveAndRationalBSplineCurve.hxx
+M StepGeom:pubinclude:StepGeom_UniformCurveAndRationalBSplineCurve.hxx /misc/dn61/LocalWOK/wok_entities/LOC/dev/CR0-OCCT691-7-CR0-OCCT691-occt-64/inc/StepGeom_UniformCurveAndRationalBSplineCurve.hxx
+M StepGeom:privinclude:StepGeom_UniformCurveAndRationalBSplineCurve.jxx /misc/dn61/LocalWOK/wok_entities/LOC/dev/CR0-OCCT691-7-CR0-OCCT691-occt-64/drv/StepGeom/StepGeom_UniformCurveAndRationalBSplineCurve.jxx
+M StepGeom:privinclude:StepGeom_UniformCurveAndRationalBSplineCurve.ixx /misc/dn61/LocalWOK/wok_entities/LOC/dev/CR0-OCCT691-7-CR0-OCCT691-occt-64/drv/StepGeom/StepGeom_UniformCurveAndRationalBSplineCurve.ixx
+M StepGeom:pubinclude:Handle_StepGeom_BSplineCurveWithKnotsAndRationalBSplineCurve.hxx /misc/dn61/LocalWOK/wok_entities/LOC/dev/CR0-OCCT691-7-CR0-OCCT691-occt-64/inc/Handle_StepGeom_BSplineCurveWithKnotsAndRationalBSplineCurve.hxx
+M StepGeom:pubinclude:StepGeom_BSplineCurveWithKnotsAndRationalBSplineCurve.hxx /misc/dn61/LocalWOK/wok_entities/LOC/dev/CR0-OCCT691-7-CR0-OCCT691-occt-64/inc/StepGeom_BSplineCurveWithKnotsAndRationalBSplineCurve.hxx
+M StepGeom:privinclude:StepGeom_BSplineCurveWithKnotsAndRationalBSplineCurve.jxx /misc/dn61/LocalWOK/wok_entities/LOC/dev/CR0-OCCT691-7-CR0-OCCT691-occt-64/drv/StepGeom/StepGeom_BSplineCurveWithKnotsAndRationalBSplineCurve.jxx
+M StepGeom:privinclude:StepGeom_BSplineCurveWithKnotsAndRationalBSplineCurve.ixx /misc/dn61/LocalWOK/wok_entities/LOC/dev/CR0-OCCT691-7-CR0-OCCT691-occt-64/drv/StepGeom/StepGeom_BSplineCurveWithKnotsAndRationalBSplineCurve.ixx
+M StepGeom:pubinclude:Handle_StepGeom_QuasiUniformCurveAndRationalBSplineCurve.hxx /misc/dn61/LocalWOK/wok_entities/LOC/dev/CR0-OCCT691-7-CR0-OCCT691-occt-64/inc/Handle_StepGeom_QuasiUniformCurveAndRationalBSplineCurve.hxx
+M StepGeom:pubinclude:StepGeom_QuasiUniformCurveAndRationalBSplineCurve.hxx /misc/dn61/LocalWOK/wok_entities/LOC/dev/CR0-OCCT691-7-CR0-OCCT691-occt-64/inc/StepGeom_QuasiUniformCurveAndRationalBSplineCurve.hxx
+M StepGeom:privinclude:StepGeom_QuasiUniformCurveAndRationalBSplineCurve.jxx /misc/dn61/LocalWOK/wok_entities/LOC/dev/CR0-OCCT691-7-CR0-OCCT691-occt-64/drv/StepGeom/StepGeom_QuasiUniformCurveAndRationalBSplineCurve.jxx
+M StepGeom:privinclude:StepGeom_QuasiUniformCurveAndRationalBSplineCurve.ixx /misc/dn61/LocalWOK/wok_entities/LOC/dev/CR0-OCCT691-7-CR0-OCCT691-occt-64/drv/StepGeom/StepGeom_QuasiUniformCurveAndRationalBSplineCurve.ixx
+M StepGeom:pubinclude:Handle_StepGeom_BezierCurveAndRationalBSplineCurve.hxx /misc/dn61/LocalWOK/wok_entities/LOC/dev/CR0-OCCT691-7-CR0-OCCT691-occt-64/inc/Handle_StepGeom_BezierCurveAndRationalBSplineCurve.hxx
+M StepGeom:pubinclude:StepGeom_BezierCurveAndRationalBSplineCurve.hxx /misc/dn61/LocalWOK/wok_entities/LOC/dev/CR0-OCCT691-7-CR0-OCCT691-occt-64/inc/StepGeom_BezierCurveAndRationalBSplineCurve.hxx
+M StepGeom:privinclude:StepGeom_BezierCurveAndRationalBSplineCurve.jxx /misc/dn61/LocalWOK/wok_entities/LOC/dev/CR0-OCCT691-7-CR0-OCCT691-occt-64/drv/StepGeom/StepGeom_BezierCurveAndRationalBSplineCurve.jxx
+M StepGeom:privinclude:StepGeom_BezierCurveAndRationalBSplineCurve.ixx /misc/dn61/LocalWOK/wok_entities/LOC/dev/CR0-OCCT691-7-CR0-OCCT691-occt-64/drv/StepGeom/StepGeom_BezierCurveAndRationalBSplineCurve.ixx
+M StepGeom:pubinclude:Handle_StepGeom_CompositeCurve.hxx /misc/dn61/LocalWOK/wok_entities/LOC/dev/CR0-OCCT691-7-CR0-OCCT691-occt-64/inc/Handle_StepGeom_CompositeCurve.hxx
+M StepGeom:pubinclude:StepGeom_CompositeCurve.hxx /misc/dn61/LocalWOK/wok_entities/LOC/dev/CR0-OCCT691-7-CR0-OCCT691-occt-64/inc/StepGeom_CompositeCurve.hxx
+M StepGeom:privinclude:StepGeom_CompositeCurve.jxx /misc/dn61/LocalWOK/wok_entities/LOC/dev/CR0-OCCT691-7-CR0-OCCT691-occt-64/drv/StepGeom/StepGeom_CompositeCurve.jxx
+M StepGeom:privinclude:StepGeom_CompositeCurve.ixx /misc/dn61/LocalWOK/wok_entities/LOC/dev/CR0-OCCT691-7-CR0-OCCT691-occt-64/drv/StepGeom/StepGeom_CompositeCurve.ixx
+M StepGeom:pubinclude:Handle_StepGeom_CompositeCurveOnSurface.hxx /misc/dn61/LocalWOK/wok_entities/LOC/dev/CR0-OCCT691-7-CR0-OCCT691-occt-64/inc/Handle_StepGeom_CompositeCurveOnSurface.hxx
+M StepGeom:pubinclude:StepGeom_CompositeCurveOnSurface.hxx /misc/dn61/LocalWOK/wok_entities/LOC/dev/CR0-OCCT691-7-CR0-OCCT691-occt-64/inc/StepGeom_CompositeCurveOnSurface.hxx
+M StepGeom:privinclude:StepGeom_CompositeCurveOnSurface.jxx /misc/dn61/LocalWOK/wok_entities/LOC/dev/CR0-OCCT691-7-CR0-OCCT691-occt-64/drv/StepGeom/StepGeom_CompositeCurveOnSurface.jxx
+M StepGeom:privinclude:StepGeom_CompositeCurveOnSurface.ixx /misc/dn61/LocalWOK/wok_entities/LOC/dev/CR0-OCCT691-7-CR0-OCCT691-occt-64/drv/StepGeom/StepGeom_CompositeCurveOnSurface.ixx
+M StepGeom:pubinclude:Handle_StepGeom_BoundaryCurve.hxx /misc/dn61/LocalWOK/wok_entities/LOC/dev/CR0-OCCT691-7-CR0-OCCT691-occt-64/inc/Handle_StepGeom_BoundaryCurve.hxx
+M StepGeom:pubinclude:StepGeom_BoundaryCurve.hxx /misc/dn61/LocalWOK/wok_entities/LOC/dev/CR0-OCCT691-7-CR0-OCCT691-occt-64/inc/StepGeom_BoundaryCurve.hxx
+M StepGeom:privinclude:StepGeom_BoundaryCurve.jxx /misc/dn61/LocalWOK/wok_entities/LOC/dev/CR0-OCCT691-7-CR0-OCCT691-occt-64/drv/StepGeom/StepGeom_BoundaryCurve.jxx
+M StepGeom:privinclude:StepGeom_BoundaryCurve.ixx /misc/dn61/LocalWOK/wok_entities/LOC/dev/CR0-OCCT691-7-CR0-OCCT691-occt-64/drv/StepGeom/StepGeom_BoundaryCurve.ixx
+M StepGeom:pubinclude:Handle_StepGeom_OuterBoundaryCurve.hxx /misc/dn61/LocalWOK/wok_entities/LOC/dev/CR0-OCCT691-7-CR0-OCCT691-occt-64/inc/Handle_StepGeom_OuterBoundaryCurve.hxx
+M StepGeom:pubinclude:StepGeom_OuterBoundaryCurve.hxx /misc/dn61/LocalWOK/wok_entities/LOC/dev/CR0-OCCT691-7-CR0-OCCT691-occt-64/inc/StepGeom_OuterBoundaryCurve.hxx
+M StepGeom:privinclude:StepGeom_OuterBoundaryCurve.jxx /misc/dn61/LocalWOK/wok_entities/LOC/dev/CR0-OCCT691-7-CR0-OCCT691-occt-64/drv/StepGeom/StepGeom_OuterBoundaryCurve.jxx
+M StepGeom:privinclude:StepGeom_OuterBoundaryCurve.ixx /misc/dn61/LocalWOK/wok_entities/LOC/dev/CR0-OCCT691-7-CR0-OCCT691-occt-64/drv/StepGeom/StepGeom_OuterBoundaryCurve.ixx
+M StepGeom:pubinclude:Handle_StepGeom_Polyline.hxx /misc/dn61/LocalWOK/wok_entities/LOC/dev/CR0-OCCT691-7-CR0-OCCT691-occt-64/inc/Handle_StepGeom_Polyline.hxx
+M StepGeom:pubinclude:StepGeom_Polyline.hxx /misc/dn61/LocalWOK/wok_entities/LOC/dev/CR0-OCCT691-7-CR0-OCCT691-occt-64/inc/StepGeom_Polyline.hxx
+M StepGeom:privinclude:StepGeom_Polyline.jxx /misc/dn61/LocalWOK/wok_entities/LOC/dev/CR0-OCCT691-7-CR0-OCCT691-occt-64/drv/StepGeom/StepGeom_Polyline.jxx
+M StepGeom:privinclude:StepGeom_Polyline.ixx /misc/dn61/LocalWOK/wok_entities/LOC/dev/CR0-OCCT691-7-CR0-OCCT691-occt-64/drv/StepGeom/StepGeom_Polyline.ixx
+M StepGeom:pubinclude:Handle_StepGeom_TrimmedCurve.hxx /misc/dn61/LocalWOK/wok_entities/LOC/dev/CR0-OCCT691-7-CR0-OCCT691-occt-64/inc/Handle_StepGeom_TrimmedCurve.hxx
+M StepGeom:pubinclude:StepGeom_TrimmedCurve.hxx /misc/dn61/LocalWOK/wok_entities/LOC/dev/CR0-OCCT691-7-CR0-OCCT691-occt-64/inc/StepGeom_TrimmedCurve.hxx
+M StepGeom:privinclude:StepGeom_TrimmedCurve.jxx /misc/dn61/LocalWOK/wok_entities/LOC/dev/CR0-OCCT691-7-CR0-OCCT691-occt-64/drv/StepGeom/StepGeom_TrimmedCurve.jxx
+M StepGeom:privinclude:StepGeom_TrimmedCurve.ixx /misc/dn61/LocalWOK/wok_entities/LOC/dev/CR0-OCCT691-7-CR0-OCCT691-occt-64/drv/StepGeom/StepGeom_TrimmedCurve.ixx
+M StepGeom:pubinclude:Handle_StepGeom_Conic.hxx /misc/dn61/LocalWOK/wok_entities/LOC/dev/CR0-OCCT691-7-CR0-OCCT691-occt-64/inc/Handle_StepGeom_Conic.hxx
+M StepGeom:pubinclude:StepGeom_Conic.hxx /misc/dn61/LocalWOK/wok_entities/LOC/dev/CR0-OCCT691-7-CR0-OCCT691-occt-64/inc/StepGeom_Conic.hxx
+M StepGeom:privinclude:StepGeom_Conic.jxx /misc/dn61/LocalWOK/wok_entities/LOC/dev/CR0-OCCT691-7-CR0-OCCT691-occt-64/drv/StepGeom/StepGeom_Conic.jxx
+M StepGeom:privinclude:StepGeom_Conic.ixx /misc/dn61/LocalWOK/wok_entities/LOC/dev/CR0-OCCT691-7-CR0-OCCT691-occt-64/drv/StepGeom/StepGeom_Conic.ixx
+M StepGeom:pubinclude:Handle_StepGeom_Circle.hxx /misc/dn61/LocalWOK/wok_entities/LOC/dev/CR0-OCCT691-7-CR0-OCCT691-occt-64/inc/Handle_StepGeom_Circle.hxx
+M StepGeom:pubinclude:StepGeom_Circle.hxx /misc/dn61/LocalWOK/wok_entities/LOC/dev/CR0-OCCT691-7-CR0-OCCT691-occt-64/inc/StepGeom_Circle.hxx
+M StepGeom:privinclude:StepGeom_Circle.jxx /misc/dn61/LocalWOK/wok_entities/LOC/dev/CR0-OCCT691-7-CR0-OCCT691-occt-64/drv/StepGeom/StepGeom_Circle.jxx
+M StepGeom:privinclude:StepGeom_Circle.ixx /misc/dn61/LocalWOK/wok_entities/LOC/dev/CR0-OCCT691-7-CR0-OCCT691-occt-64/drv/StepGeom/StepGeom_Circle.ixx
+M StepGeom:pubinclude:Handle_StepGeom_Ellipse.hxx /misc/dn61/LocalWOK/wok_entities/LOC/dev/CR0-OCCT691-7-CR0-OCCT691-occt-64/inc/Handle_StepGeom_Ellipse.hxx
+M StepGeom:pubinclude:StepGeom_Ellipse.hxx /misc/dn61/LocalWOK/wok_entities/LOC/dev/CR0-OCCT691-7-CR0-OCCT691-occt-64/inc/StepGeom_Ellipse.hxx
+M StepGeom:privinclude:StepGeom_Ellipse.jxx /misc/dn61/LocalWOK/wok_entities/LOC/dev/CR0-OCCT691-7-CR0-OCCT691-occt-64/drv/StepGeom/StepGeom_Ellipse.jxx
+M StepGeom:privinclude:StepGeom_Ellipse.ixx /misc/dn61/LocalWOK/wok_entities/LOC/dev/CR0-OCCT691-7-CR0-OCCT691-occt-64/drv/StepGeom/StepGeom_Ellipse.ixx
+M StepGeom:pubinclude:Handle_StepGeom_Hyperbola.hxx /misc/dn61/LocalWOK/wok_entities/LOC/dev/CR0-OCCT691-7-CR0-OCCT691-occt-64/inc/Handle_StepGeom_Hyperbola.hxx
+M StepGeom:pubinclude:StepGeom_Hyperbola.hxx /misc/dn61/LocalWOK/wok_entities/LOC/dev/CR0-OCCT691-7-CR0-OCCT691-occt-64/inc/StepGeom_Hyperbola.hxx
+M StepGeom:privinclude:StepGeom_Hyperbola.jxx /misc/dn61/LocalWOK/wok_entities/LOC/dev/CR0-OCCT691-7-CR0-OCCT691-occt-64/drv/StepGeom/StepGeom_Hyperbola.jxx
+M StepGeom:privinclude:StepGeom_Hyperbola.ixx /misc/dn61/LocalWOK/wok_entities/LOC/dev/CR0-OCCT691-7-CR0-OCCT691-occt-64/drv/StepGeom/StepGeom_Hyperbola.ixx
+M StepGeom:pubinclude:Handle_StepGeom_Parabola.hxx /misc/dn61/LocalWOK/wok_entities/LOC/dev/CR0-OCCT691-7-CR0-OCCT691-occt-64/inc/Handle_StepGeom_Parabola.hxx
+M StepGeom:pubinclude:StepGeom_Parabola.hxx /misc/dn61/LocalWOK/wok_entities/LOC/dev/CR0-OCCT691-7-CR0-OCCT691-occt-64/inc/StepGeom_Parabola.hxx
+M StepGeom:privinclude:StepGeom_Parabola.jxx /misc/dn61/LocalWOK/wok_entities/LOC/dev/CR0-OCCT691-7-CR0-OCCT691-occt-64/drv/StepGeom/StepGeom_Parabola.jxx
+M StepGeom:privinclude:StepGeom_Parabola.ixx /misc/dn61/LocalWOK/wok_entities/LOC/dev/CR0-OCCT691-7-CR0-OCCT691-occt-64/drv/StepGeom/StepGeom_Parabola.ixx
+M StepGeom:pubinclude:Handle_StepGeom_CurveReplica.hxx /misc/dn61/LocalWOK/wok_entities/LOC/dev/CR0-OCCT691-7-CR0-OCCT691-occt-64/inc/Handle_StepGeom_CurveReplica.hxx
+M StepGeom:pubinclude:StepGeom_CurveReplica.hxx /misc/dn61/LocalWOK/wok_entities/LOC/dev/CR0-OCCT691-7-CR0-OCCT691-occt-64/inc/StepGeom_CurveReplica.hxx
+M StepGeom:privinclude:StepGeom_CurveReplica.jxx /misc/dn61/LocalWOK/wok_entities/LOC/dev/CR0-OCCT691-7-CR0-OCCT691-occt-64/drv/StepGeom/StepGeom_CurveReplica.jxx
+M StepGeom:privinclude:StepGeom_CurveReplica.ixx /misc/dn61/LocalWOK/wok_entities/LOC/dev/CR0-OCCT691-7-CR0-OCCT691-occt-64/drv/StepGeom/StepGeom_CurveReplica.ixx
+M StepGeom:pubinclude:Handle_StepGeom_Line.hxx /misc/dn61/LocalWOK/wok_entities/LOC/dev/CR0-OCCT691-7-CR0-OCCT691-occt-64/inc/Handle_StepGeom_Line.hxx
+M StepGeom:pubinclude:StepGeom_Line.hxx /misc/dn61/LocalWOK/wok_entities/LOC/dev/CR0-OCCT691-7-CR0-OCCT691-occt-64/inc/StepGeom_Line.hxx
+M StepGeom:privinclude:StepGeom_Line.jxx /misc/dn61/LocalWOK/wok_entities/LOC/dev/CR0-OCCT691-7-CR0-OCCT691-occt-64/drv/StepGeom/StepGeom_Line.jxx
+M StepGeom:privinclude:StepGeom_Line.ixx /misc/dn61/LocalWOK/wok_entities/LOC/dev/CR0-OCCT691-7-CR0-OCCT691-occt-64/drv/StepGeom/StepGeom_Line.ixx
+M StepGeom:pubinclude:Handle_StepGeom_OffsetCurve3d.hxx /misc/dn61/LocalWOK/wok_entities/LOC/dev/CR0-OCCT691-7-CR0-OCCT691-occt-64/inc/Handle_StepGeom_OffsetCurve3d.hxx
+M StepGeom:pubinclude:StepGeom_OffsetCurve3d.hxx /misc/dn61/LocalWOK/wok_entities/LOC/dev/CR0-OCCT691-7-CR0-OCCT691-occt-64/inc/StepGeom_OffsetCurve3d.hxx
+M StepGeom:privinclude:StepGeom_OffsetCurve3d.jxx /misc/dn61/LocalWOK/wok_entities/LOC/dev/CR0-OCCT691-7-CR0-OCCT691-occt-64/drv/StepGeom/StepGeom_OffsetCurve3d.jxx
+M StepGeom:privinclude:StepGeom_OffsetCurve3d.ixx /misc/dn61/LocalWOK/wok_entities/LOC/dev/CR0-OCCT691-7-CR0-OCCT691-occt-64/drv/StepGeom/StepGeom_OffsetCurve3d.ixx
+M StepGeom:pubinclude:Handle_StepGeom_Pcurve.hxx /misc/dn61/LocalWOK/wok_entities/LOC/dev/CR0-OCCT691-7-CR0-OCCT691-occt-64/inc/Handle_StepGeom_Pcurve.hxx
+M StepGeom:pubinclude:StepGeom_Pcurve.hxx /misc/dn61/LocalWOK/wok_entities/LOC/dev/CR0-OCCT691-7-CR0-OCCT691-occt-64/inc/StepGeom_Pcurve.hxx
+M StepGeom:privinclude:StepGeom_Pcurve.jxx /misc/dn61/LocalWOK/wok_entities/LOC/dev/CR0-OCCT691-7-CR0-OCCT691-occt-64/drv/StepGeom/StepGeom_Pcurve.jxx
+M StepGeom:privinclude:StepGeom_Pcurve.ixx /misc/dn61/LocalWOK/wok_entities/LOC/dev/CR0-OCCT691-7-CR0-OCCT691-occt-64/drv/StepGeom/StepGeom_Pcurve.ixx
+M StepGeom:pubinclude:Handle_StepGeom_SurfaceCurve.hxx /misc/dn61/LocalWOK/wok_entities/LOC/dev/CR0-OCCT691-7-CR0-OCCT691-occt-64/inc/Handle_StepGeom_SurfaceCurve.hxx
+M StepGeom:pubinclude:StepGeom_SurfaceCurve.hxx /misc/dn61/LocalWOK/wok_entities/LOC/dev/CR0-OCCT691-7-CR0-OCCT691-occt-64/inc/StepGeom_SurfaceCurve.hxx
+M StepGeom:privinclude:StepGeom_SurfaceCurve.jxx /misc/dn61/LocalWOK/wok_entities/LOC/dev/CR0-OCCT691-7-CR0-OCCT691-occt-64/drv/StepGeom/StepGeom_SurfaceCurve.jxx
+M StepGeom:privinclude:StepGeom_SurfaceCurve.ixx /misc/dn61/LocalWOK/wok_entities/LOC/dev/CR0-OCCT691-7-CR0-OCCT691-occt-64/drv/StepGeom/StepGeom_SurfaceCurve.ixx
+M StepGeom:pubinclude:Handle_StepGeom_IntersectionCurve.hxx /misc/dn61/LocalWOK/wok_entities/LOC/dev/CR0-OCCT691-7-CR0-OCCT691-occt-64/inc/Handle_StepGeom_IntersectionCurve.hxx
+M StepGeom:pubinclude:StepGeom_IntersectionCurve.hxx /misc/dn61/LocalWOK/wok_entities/LOC/dev/CR0-OCCT691-7-CR0-OCCT691-occt-64/inc/StepGeom_IntersectionCurve.hxx
+M StepGeom:privinclude:StepGeom_IntersectionCurve.jxx /misc/dn61/LocalWOK/wok_entities/LOC/dev/CR0-OCCT691-7-CR0-OCCT691-occt-64/drv/StepGeom/StepGeom_IntersectionCurve.jxx
+M StepGeom:privinclude:StepGeom_IntersectionCurve.ixx /misc/dn61/LocalWOK/wok_entities/LOC/dev/CR0-OCCT691-7-CR0-OCCT691-occt-64/drv/StepGeom/StepGeom_IntersectionCurve.ixx
+M StepGeom:pubinclude:Handle_StepGeom_SeamCurve.hxx /misc/dn61/LocalWOK/wok_entities/LOC/dev/CR0-OCCT691-7-CR0-OCCT691-occt-64/inc/Handle_StepGeom_SeamCurve.hxx
+M StepGeom:pubinclude:StepGeom_SeamCurve.hxx /misc/dn61/LocalWOK/wok_entities/LOC/dev/CR0-OCCT691-7-CR0-OCCT691-occt-64/inc/StepGeom_SeamCurve.hxx
+M StepGeom:privinclude:StepGeom_SeamCurve.jxx /misc/dn61/LocalWOK/wok_entities/LOC/dev/CR0-OCCT691-7-CR0-OCCT691-occt-64/drv/StepGeom/StepGeom_SeamCurve.jxx
+M StepGeom:privinclude:StepGeom_SeamCurve.ixx /misc/dn61/LocalWOK/wok_entities/LOC/dev/CR0-OCCT691-7-CR0-OCCT691-occt-64/drv/StepGeom/StepGeom_SeamCurve.ixx
+M StepGeom:pubinclude:Handle_StepGeom_SurfaceCurveAndBoundedCurve.hxx /misc/dn61/LocalWOK/wok_entities/LOC/dev/CR0-OCCT691-7-CR0-OCCT691-occt-64/inc/Handle_StepGeom_SurfaceCurveAndBoundedCurve.hxx
+M StepGeom:pubinclude:StepGeom_SurfaceCurveAndBoundedCurve.hxx /misc/dn61/LocalWOK/wok_entities/LOC/dev/CR0-OCCT691-7-CR0-OCCT691-occt-64/inc/StepGeom_SurfaceCurveAndBoundedCurve.hxx
+M StepGeom:privinclude:StepGeom_SurfaceCurveAndBoundedCurve.jxx /misc/dn61/LocalWOK/wok_entities/LOC/dev/CR0-OCCT691-7-CR0-OCCT691-occt-64/drv/StepGeom/StepGeom_SurfaceCurveAndBoundedCurve.jxx
+M StepGeom:privinclude:StepGeom_SurfaceCurveAndBoundedCurve.ixx /misc/dn61/LocalWOK/wok_entities/LOC/dev/CR0-OCCT691-7-CR0-OCCT691-occt-64/drv/StepGeom/StepGeom_SurfaceCurveAndBoundedCurve.ixx
+M StepGeom:pubinclude:Handle_StepGeom_Direction.hxx /misc/dn61/LocalWOK/wok_entities/LOC/dev/CR0-OCCT691-7-CR0-OCCT691-occt-64/inc/Handle_StepGeom_Direction.hxx
+M StepGeom:pubinclude:StepGeom_Direction.hxx /misc/dn61/LocalWOK/wok_entities/LOC/dev/CR0-OCCT691-7-CR0-OCCT691-occt-64/inc/StepGeom_Direction.hxx
+M StepGeom:privinclude:StepGeom_Direction.jxx /misc/dn61/LocalWOK/wok_entities/LOC/dev/CR0-OCCT691-7-CR0-OCCT691-occt-64/drv/StepGeom/StepGeom_Direction.jxx
+M StepGeom:privinclude:StepGeom_Direction.ixx /misc/dn61/LocalWOK/wok_entities/LOC/dev/CR0-OCCT691-7-CR0-OCCT691-occt-64/drv/StepGeom/StepGeom_Direction.ixx
+M StepGeom:pubinclude:Handle_StepGeom_Placement.hxx /misc/dn61/LocalWOK/wok_entities/LOC/dev/CR0-OCCT691-7-CR0-OCCT691-occt-64/inc/Handle_StepGeom_Placement.hxx
+M StepGeom:pubinclude:StepGeom_Placement.hxx /misc/dn61/LocalWOK/wok_entities/LOC/dev/CR0-OCCT691-7-CR0-OCCT691-occt-64/inc/StepGeom_Placement.hxx
+M StepGeom:privinclude:StepGeom_Placement.jxx /misc/dn61/LocalWOK/wok_entities/LOC/dev/CR0-OCCT691-7-CR0-OCCT691-occt-64/drv/StepGeom/StepGeom_Placement.jxx
+M StepGeom:privinclude:StepGeom_Placement.ixx /misc/dn61/LocalWOK/wok_entities/LOC/dev/CR0-OCCT691-7-CR0-OCCT691-occt-64/drv/StepGeom/StepGeom_Placement.ixx
+M StepGeom:pubinclude:Handle_StepGeom_Axis1Placement.hxx /misc/dn61/LocalWOK/wok_entities/LOC/dev/CR0-OCCT691-7-CR0-OCCT691-occt-64/inc/Handle_StepGeom_Axis1Placement.hxx
+M StepGeom:pubinclude:StepGeom_Axis1Placement.hxx /misc/dn61/LocalWOK/wok_entities/LOC/dev/CR0-OCCT691-7-CR0-OCCT691-occt-64/inc/StepGeom_Axis1Placement.hxx
+M StepGeom:privinclude:StepGeom_Axis1Placement.jxx /misc/dn61/LocalWOK/wok_entities/LOC/dev/CR0-OCCT691-7-CR0-OCCT691-occt-64/drv/StepGeom/StepGeom_Axis1Placement.jxx
+M StepGeom:privinclude:StepGeom_Axis1Placement.ixx /misc/dn61/LocalWOK/wok_entities/LOC/dev/CR0-OCCT691-7-CR0-OCCT691-occt-64/drv/StepGeom/StepGeom_Axis1Placement.ixx
+M StepGeom:pubinclude:Handle_StepGeom_Axis2Placement2d.hxx /misc/dn61/LocalWOK/wok_entities/LOC/dev/CR0-OCCT691-7-CR0-OCCT691-occt-64/inc/Handle_StepGeom_Axis2Placement2d.hxx
+M StepGeom:pubinclude:StepGeom_Axis2Placement2d.hxx /misc/dn61/LocalWOK/wok_entities/LOC/dev/CR0-OCCT691-7-CR0-OCCT691-occt-64/inc/StepGeom_Axis2Placement2d.hxx
+M StepGeom:privinclude:StepGeom_Axis2Placement2d.jxx /misc/dn61/LocalWOK/wok_entities/LOC/dev/CR0-OCCT691-7-CR0-OCCT691-occt-64/drv/StepGeom/StepGeom_Axis2Placement2d.jxx
+M StepGeom:privinclude:StepGeom_Axis2Placement2d.ixx /misc/dn61/LocalWOK/wok_entities/LOC/dev/CR0-OCCT691-7-CR0-OCCT691-occt-64/drv/StepGeom/StepGeom_Axis2Placement2d.ixx
+M StepGeom:pubinclude:Handle_StepGeom_Axis2Placement3d.hxx /misc/dn61/LocalWOK/wok_entities/LOC/dev/CR0-OCCT691-7-CR0-OCCT691-occt-64/inc/Handle_StepGeom_Axis2Placement3d.hxx
+M StepGeom:pubinclude:StepGeom_Axis2Placement3d.hxx /misc/dn61/LocalWOK/wok_entities/LOC/dev/CR0-OCCT691-7-CR0-OCCT691-occt-64/inc/StepGeom_Axis2Placement3d.hxx
+M StepGeom:privinclude:StepGeom_Axis2Placement3d.jxx /misc/dn61/LocalWOK/wok_entities/LOC/dev/CR0-OCCT691-7-CR0-OCCT691-occt-64/drv/StepGeom/StepGeom_Axis2Placement3d.jxx
+M StepGeom:privinclude:StepGeom_Axis2Placement3d.ixx /misc/dn61/LocalWOK/wok_entities/LOC/dev/CR0-OCCT691-7-CR0-OCCT691-occt-64/drv/StepGeom/StepGeom_Axis2Placement3d.ixx
+M StepGeom:pubinclude:Handle_StepGeom_Point.hxx /misc/dn61/LocalWOK/wok_entities/LOC/dev/CR0-OCCT691-7-CR0-OCCT691-occt-64/inc/Handle_StepGeom_Point.hxx
+M StepGeom:pubinclude:StepGeom_Point.hxx /misc/dn61/LocalWOK/wok_entities/LOC/dev/CR0-OCCT691-7-CR0-OCCT691-occt-64/inc/StepGeom_Point.hxx
+M StepGeom:privinclude:StepGeom_Point.jxx /misc/dn61/LocalWOK/wok_entities/LOC/dev/CR0-OCCT691-7-CR0-OCCT691-occt-64/drv/StepGeom/StepGeom_Point.jxx
+M StepGeom:privinclude:StepGeom_Point.ixx /misc/dn61/LocalWOK/wok_entities/LOC/dev/CR0-OCCT691-7-CR0-OCCT691-occt-64/drv/StepGeom/StepGeom_Point.ixx
+M StepGeom:pubinclude:Handle_StepGeom_CartesianPoint.hxx /misc/dn61/LocalWOK/wok_entities/LOC/dev/CR0-OCCT691-7-CR0-OCCT691-occt-64/inc/Handle_StepGeom_CartesianPoint.hxx
+M StepGeom:pubinclude:StepGeom_CartesianPoint.hxx /misc/dn61/LocalWOK/wok_entities/LOC/dev/CR0-OCCT691-7-CR0-OCCT691-occt-64/inc/StepGeom_CartesianPoint.hxx
+M StepGeom:privinclude:StepGeom_CartesianPoint.jxx /misc/dn61/LocalWOK/wok_entities/LOC/dev/CR0-OCCT691-7-CR0-OCCT691-occt-64/drv/StepGeom/StepGeom_CartesianPoint.jxx
+M StepGeom:privinclude:StepGeom_CartesianPoint.ixx /misc/dn61/LocalWOK/wok_entities/LOC/dev/CR0-OCCT691-7-CR0-OCCT691-occt-64/drv/StepGeom/StepGeom_CartesianPoint.ixx
+M StepGeom:pubinclude:Handle_StepGeom_DegeneratePcurve.hxx /misc/dn61/LocalWOK/wok_entities/LOC/dev/CR0-OCCT691-7-CR0-OCCT691-occt-64/inc/Handle_StepGeom_DegeneratePcurve.hxx
+M StepGeom:pubinclude:StepGeom_DegeneratePcurve.hxx /misc/dn61/LocalWOK/wok_entities/LOC/dev/CR0-OCCT691-7-CR0-OCCT691-occt-64/inc/StepGeom_DegeneratePcurve.hxx
+M StepGeom:privinclude:StepGeom_DegeneratePcurve.jxx /misc/dn61/LocalWOK/wok_entities/LOC/dev/CR0-OCCT691-7-CR0-OCCT691-occt-64/drv/StepGeom/StepGeom_DegeneratePcurve.jxx
+M StepGeom:privinclude:StepGeom_DegeneratePcurve.ixx /misc/dn61/LocalWOK/wok_entities/LOC/dev/CR0-OCCT691-7-CR0-OCCT691-occt-64/drv/StepGeom/StepGeom_DegeneratePcurve.ixx
+M StepGeom:pubinclude:Handle_StepGeom_EvaluatedDegeneratePcurve.hxx /misc/dn61/LocalWOK/wok_entities/LOC/dev/CR0-OCCT691-7-CR0-OCCT691-occt-64/inc/Handle_StepGeom_EvaluatedDegeneratePcurve.hxx
+M StepGeom:pubinclude:StepGeom_EvaluatedDegeneratePcurve.hxx /misc/dn61/LocalWOK/wok_entities/LOC/dev/CR0-OCCT691-7-CR0-OCCT691-occt-64/inc/StepGeom_EvaluatedDegeneratePcurve.hxx
+M StepGeom:privinclude:StepGeom_EvaluatedDegeneratePcurve.jxx /misc/dn61/LocalWOK/wok_entities/LOC/dev/CR0-OCCT691-7-CR0-OCCT691-occt-64/drv/StepGeom/StepGeom_EvaluatedDegeneratePcurve.jxx
+M StepGeom:privinclude:StepGeom_EvaluatedDegeneratePcurve.ixx /misc/dn61/LocalWOK/wok_entities/LOC/dev/CR0-OCCT691-7-CR0-OCCT691-occt-64/drv/StepGeom/StepGeom_EvaluatedDegeneratePcurve.ixx
+M StepGeom:pubinclude:Handle_StepGeom_PointOnCurve.hxx /misc/dn61/LocalWOK/wok_entities/LOC/dev/CR0-OCCT691-7-CR0-OCCT691-occt-64/inc/Handle_StepGeom_PointOnCurve.hxx
+M StepGeom:pubinclude:StepGeom_PointOnCurve.hxx /misc/dn61/LocalWOK/wok_entities/LOC/dev/CR0-OCCT691-7-CR0-OCCT691-occt-64/inc/StepGeom_PointOnCurve.hxx
+M StepGeom:privinclude:StepGeom_PointOnCurve.jxx /misc/dn61/LocalWOK/wok_entities/LOC/dev/CR0-OCCT691-7-CR0-OCCT691-occt-64/drv/StepGeom/StepGeom_PointOnCurve.jxx
+M StepGeom:privinclude:StepGeom_PointOnCurve.ixx /misc/dn61/LocalWOK/wok_entities/LOC/dev/CR0-OCCT691-7-CR0-OCCT691-occt-64/drv/StepGeom/StepGeom_PointOnCurve.ixx
+M StepGeom:pubinclude:Handle_StepGeom_PointOnSurface.hxx /misc/dn61/LocalWOK/wok_entities/LOC/dev/CR0-OCCT691-7-CR0-OCCT691-occt-64/inc/Handle_StepGeom_PointOnSurface.hxx
+M StepGeom:pubinclude:StepGeom_PointOnSurface.hxx /misc/dn61/LocalWOK/wok_entities/LOC/dev/CR0-OCCT691-7-CR0-OCCT691-occt-64/inc/StepGeom_PointOnSurface.hxx
+M StepGeom:privinclude:StepGeom_PointOnSurface.jxx /misc/dn61/LocalWOK/wok_entities/LOC/dev/CR0-OCCT691-7-CR0-OCCT691-occt-64/drv/StepGeom/StepGeom_PointOnSurface.jxx
+M StepGeom:privinclude:StepGeom_PointOnSurface.ixx /misc/dn61/LocalWOK/wok_entities/LOC/dev/CR0-OCCT691-7-CR0-OCCT691-occt-64/drv/StepGeom/StepGeom_PointOnSurface.ixx
+M StepGeom:pubinclude:Handle_StepGeom_PointReplica.hxx /misc/dn61/LocalWOK/wok_entities/LOC/dev/CR0-OCCT691-7-CR0-OCCT691-occt-64/inc/Handle_StepGeom_PointReplica.hxx
+M StepGeom:pubinclude:StepGeom_PointReplica.hxx /misc/dn61/LocalWOK/wok_entities/LOC/dev/CR0-OCCT691-7-CR0-OCCT691-occt-64/inc/StepGeom_PointReplica.hxx
+M StepGeom:privinclude:StepGeom_PointReplica.jxx /misc/dn61/LocalWOK/wok_entities/LOC/dev/CR0-OCCT691-7-CR0-OCCT691-occt-64/drv/StepGeom/StepGeom_PointReplica.jxx
+M StepGeom:privinclude:StepGeom_PointReplica.ixx /misc/dn61/LocalWOK/wok_entities/LOC/dev/CR0-OCCT691-7-CR0-OCCT691-occt-64/drv/StepGeom/StepGeom_PointReplica.ixx
+M StepGeom:pubinclude:Handle_StepGeom_Surface.hxx /misc/dn61/LocalWOK/wok_entities/LOC/dev/CR0-OCCT691-7-CR0-OCCT691-occt-64/inc/Handle_StepGeom_Surface.hxx
+M StepGeom:pubinclude:StepGeom_Surface.hxx /misc/dn61/LocalWOK/wok_entities/LOC/dev/CR0-OCCT691-7-CR0-OCCT691-occt-64/inc/StepGeom_Surface.hxx
+M StepGeom:privinclude:StepGeom_Surface.jxx /misc/dn61/LocalWOK/wok_entities/LOC/dev/CR0-OCCT691-7-CR0-OCCT691-occt-64/drv/StepGeom/StepGeom_Surface.jxx
+M StepGeom:privinclude:StepGeom_Surface.ixx /misc/dn61/LocalWOK/wok_entities/LOC/dev/CR0-OCCT691-7-CR0-OCCT691-occt-64/drv/StepGeom/StepGeom_Surface.ixx
+M StepGeom:pubinclude:Handle_StepGeom_BoundedSurface.hxx /misc/dn61/LocalWOK/wok_entities/LOC/dev/CR0-OCCT691-7-CR0-OCCT691-occt-64/inc/Handle_StepGeom_BoundedSurface.hxx
+M StepGeom:pubinclude:StepGeom_BoundedSurface.hxx /misc/dn61/LocalWOK/wok_entities/LOC/dev/CR0-OCCT691-7-CR0-OCCT691-occt-64/inc/StepGeom_BoundedSurface.hxx
+M StepGeom:privinclude:StepGeom_BoundedSurface.jxx /misc/dn61/LocalWOK/wok_entities/LOC/dev/CR0-OCCT691-7-CR0-OCCT691-occt-64/drv/StepGeom/StepGeom_BoundedSurface.jxx
+M StepGeom:privinclude:StepGeom_BoundedSurface.ixx /misc/dn61/LocalWOK/wok_entities/LOC/dev/CR0-OCCT691-7-CR0-OCCT691-occt-64/drv/StepGeom/StepGeom_BoundedSurface.ixx
+M StepGeom:pubinclude:Handle_StepGeom_BSplineSurface.hxx /misc/dn61/LocalWOK/wok_entities/LOC/dev/CR0-OCCT691-7-CR0-OCCT691-occt-64/inc/Handle_StepGeom_BSplineSurface.hxx
+M StepGeom:pubinclude:StepGeom_BSplineSurface.hxx /misc/dn61/LocalWOK/wok_entities/LOC/dev/CR0-OCCT691-7-CR0-OCCT691-occt-64/inc/StepGeom_BSplineSurface.hxx
+M StepGeom:privinclude:StepGeom_BSplineSurface.jxx /misc/dn61/LocalWOK/wok_entities/LOC/dev/CR0-OCCT691-7-CR0-OCCT691-occt-64/drv/StepGeom/StepGeom_BSplineSurface.jxx
+M StepGeom:privinclude:StepGeom_BSplineSurface.ixx /misc/dn61/LocalWOK/wok_entities/LOC/dev/CR0-OCCT691-7-CR0-OCCT691-occt-64/drv/StepGeom/StepGeom_BSplineSurface.ixx
+M StepGeom:pubinclude:Handle_StepGeom_BSplineSurfaceWithKnots.hxx /misc/dn61/LocalWOK/wok_entities/LOC/dev/CR0-OCCT691-7-CR0-OCCT691-occt-64/inc/Handle_StepGeom_BSplineSurfaceWithKnots.hxx
+M StepGeom:pubinclude:StepGeom_BSplineSurfaceWithKnots.hxx /misc/dn61/LocalWOK/wok_entities/LOC/dev/CR0-OCCT691-7-CR0-OCCT691-occt-64/inc/StepGeom_BSplineSurfaceWithKnots.hxx
+M StepGeom:privinclude:StepGeom_BSplineSurfaceWithKnots.jxx /misc/dn61/LocalWOK/wok_entities/LOC/dev/CR0-OCCT691-7-CR0-OCCT691-occt-64/drv/StepGeom/StepGeom_BSplineSurfaceWithKnots.jxx
+M StepGeom:privinclude:StepGeom_BSplineSurfaceWithKnots.ixx /misc/dn61/LocalWOK/wok_entities/LOC/dev/CR0-OCCT691-7-CR0-OCCT691-occt-64/drv/StepGeom/StepGeom_BSplineSurfaceWithKnots.ixx
+M StepGeom:pubinclude:Handle_StepGeom_BezierSurface.hxx /misc/dn61/LocalWOK/wok_entities/LOC/dev/CR0-OCCT691-7-CR0-OCCT691-occt-64/inc/Handle_StepGeom_BezierSurface.hxx
+M StepGeom:pubinclude:StepGeom_BezierSurface.hxx /misc/dn61/LocalWOK/wok_entities/LOC/dev/CR0-OCCT691-7-CR0-OCCT691-occt-64/inc/StepGeom_BezierSurface.hxx
+M StepGeom:privinclude:StepGeom_BezierSurface.jxx /misc/dn61/LocalWOK/wok_entities/LOC/dev/CR0-OCCT691-7-CR0-OCCT691-occt-64/drv/StepGeom/StepGeom_BezierSurface.jxx
+M StepGeom:privinclude:StepGeom_BezierSurface.ixx /misc/dn61/LocalWOK/wok_entities/LOC/dev/CR0-OCCT691-7-CR0-OCCT691-occt-64/drv/StepGeom/StepGeom_BezierSurface.ixx
+M StepGeom:pubinclude:Handle_StepGeom_QuasiUniformSurface.hxx /misc/dn61/LocalWOK/wok_entities/LOC/dev/CR0-OCCT691-7-CR0-OCCT691-occt-64/inc/Handle_StepGeom_QuasiUniformSurface.hxx
+M StepGeom:pubinclude:StepGeom_QuasiUniformSurface.hxx /misc/dn61/LocalWOK/wok_entities/LOC/dev/CR0-OCCT691-7-CR0-OCCT691-occt-64/inc/StepGeom_QuasiUniformSurface.hxx
+M StepGeom:privinclude:StepGeom_QuasiUniformSurface.jxx /misc/dn61/LocalWOK/wok_entities/LOC/dev/CR0-OCCT691-7-CR0-OCCT691-occt-64/drv/StepGeom/StepGeom_QuasiUniformSurface.jxx
+M StepGeom:privinclude:StepGeom_QuasiUniformSurface.ixx /misc/dn61/LocalWOK/wok_entities/LOC/dev/CR0-OCCT691-7-CR0-OCCT691-occt-64/drv/StepGeom/StepGeom_QuasiUniformSurface.ixx
+M StepGeom:pubinclude:Handle_StepGeom_RationalBSplineSurface.hxx /misc/dn61/LocalWOK/wok_entities/LOC/dev/CR0-OCCT691-7-CR0-OCCT691-occt-64/inc/Handle_StepGeom_RationalBSplineSurface.hxx
+M StepGeom:pubinclude:StepGeom_RationalBSplineSurface.hxx /misc/dn61/LocalWOK/wok_entities/LOC/dev/CR0-OCCT691-7-CR0-OCCT691-occt-64/inc/StepGeom_RationalBSplineSurface.hxx
+M StepGeom:privinclude:StepGeom_RationalBSplineSurface.jxx /misc/dn61/LocalWOK/wok_entities/LOC/dev/CR0-OCCT691-7-CR0-OCCT691-occt-64/drv/StepGeom/StepGeom_RationalBSplineSurface.jxx
+M StepGeom:privinclude:StepGeom_RationalBSplineSurface.ixx /misc/dn61/LocalWOK/wok_entities/LOC/dev/CR0-OCCT691-7-CR0-OCCT691-occt-64/drv/StepGeom/StepGeom_RationalBSplineSurface.ixx
+M StepGeom:pubinclude:Handle_StepGeom_UniformSurface.hxx /misc/dn61/LocalWOK/wok_entities/LOC/dev/CR0-OCCT691-7-CR0-OCCT691-occt-64/inc/Handle_StepGeom_UniformSurface.hxx
+M StepGeom:pubinclude:StepGeom_UniformSurface.hxx /misc/dn61/LocalWOK/wok_entities/LOC/dev/CR0-OCCT691-7-CR0-OCCT691-occt-64/inc/StepGeom_UniformSurface.hxx
+M StepGeom:privinclude:StepGeom_UniformSurface.jxx /misc/dn61/LocalWOK/wok_entities/LOC/dev/CR0-OCCT691-7-CR0-OCCT691-occt-64/drv/StepGeom/StepGeom_UniformSurface.jxx
+M StepGeom:privinclude:StepGeom_UniformSurface.ixx /misc/dn61/LocalWOK/wok_entities/LOC/dev/CR0-OCCT691-7-CR0-OCCT691-occt-64/drv/StepGeom/StepGeom_UniformSurface.ixx
+M StepGeom:pubinclude:Handle_StepGeom_BSplineSurfaceWithKnotsAndRationalBSplineSurface.hxx /misc/dn61/LocalWOK/wok_entities/LOC/dev/CR0-OCCT691-7-CR0-OCCT691-occt-64/inc/Handle_StepGeom_BSplineSurfaceWithKnotsAndRationalBSplineSurface.hxx
+M StepGeom:pubinclude:StepGeom_BSplineSurfaceWithKnotsAndRationalBSplineSurface.hxx /misc/dn61/LocalWOK/wok_entities/LOC/dev/CR0-OCCT691-7-CR0-OCCT691-occt-64/inc/StepGeom_BSplineSurfaceWithKnotsAndRationalBSplineSurface.hxx
+M StepGeom:privinclude:StepGeom_BSplineSurfaceWithKnotsAndRationalBSplineSurface.jxx /misc/dn61/LocalWOK/wok_entities/LOC/dev/CR0-OCCT691-7-CR0-OCCT691-occt-64/drv/StepGeom/StepGeom_BSplineSurfaceWithKnotsAndRationalBSplineSurface.jxx
+M StepGeom:privinclude:StepGeom_BSplineSurfaceWithKnotsAndRationalBSplineSurface.ixx /misc/dn61/LocalWOK/wok_entities/LOC/dev/CR0-OCCT691-7-CR0-OCCT691-occt-64/drv/StepGeom/StepGeom_BSplineSurfaceWithKnotsAndRationalBSplineSurface.ixx
+M StepGeom:pubinclude:Handle_StepGeom_UniformSurfaceAndRationalBSplineSurface.hxx /misc/dn61/LocalWOK/wok_entities/LOC/dev/CR0-OCCT691-7-CR0-OCCT691-occt-64/inc/Handle_StepGeom_UniformSurfaceAndRationalBSplineSurface.hxx
+M StepGeom:pubinclude:StepGeom_UniformSurfaceAndRationalBSplineSurface.hxx /misc/dn61/LocalWOK/wok_entities/LOC/dev/CR0-OCCT691-7-CR0-OCCT691-occt-64/inc/StepGeom_UniformSurfaceAndRationalBSplineSurface.hxx
+M StepGeom:privinclude:StepGeom_UniformSurfaceAndRationalBSplineSurface.jxx /misc/dn61/LocalWOK/wok_entities/LOC/dev/CR0-OCCT691-7-CR0-OCCT691-occt-64/drv/StepGeom/StepGeom_UniformSurfaceAndRationalBSplineSurface.jxx
+M StepGeom:privinclude:StepGeom_UniformSurfaceAndRationalBSplineSurface.ixx /misc/dn61/LocalWOK/wok_entities/LOC/dev/CR0-OCCT691-7-CR0-OCCT691-occt-64/drv/StepGeom/StepGeom_UniformSurfaceAndRationalBSplineSurface.ixx
+M StepGeom:pubinclude:Handle_StepGeom_QuasiUniformSurfaceAndRationalBSplineSurface.hxx /misc/dn61/LocalWOK/wok_entities/LOC/dev/CR0-OCCT691-7-CR0-OCCT691-occt-64/inc/Handle_StepGeom_QuasiUniformSurfaceAndRationalBSplineSurface.hxx
+M StepGeom:pubinclude:StepGeom_QuasiUniformSurfaceAndRationalBSplineSurface.hxx /misc/dn61/LocalWOK/wok_entities/LOC/dev/CR0-OCCT691-7-CR0-OCCT691-occt-64/inc/StepGeom_QuasiUniformSurfaceAndRationalBSplineSurface.hxx
+M StepGeom:privinclude:StepGeom_QuasiUniformSurfaceAndRationalBSplineSurface.jxx /misc/dn61/LocalWOK/wok_entities/LOC/dev/CR0-OCCT691-7-CR0-OCCT691-occt-64/drv/StepGeom/StepGeom_QuasiUniformSurfaceAndRationalBSplineSurface.jxx
+M StepGeom:privinclude:StepGeom_QuasiUniformSurfaceAndRationalBSplineSurface.ixx /misc/dn61/LocalWOK/wok_entities/LOC/dev/CR0-OCCT691-7-CR0-OCCT691-occt-64/drv/StepGeom/StepGeom_QuasiUniformSurfaceAndRationalBSplineSurface.ixx
+M StepGeom:pubinclude:Handle_StepGeom_BezierSurfaceAndRationalBSplineSurface.hxx /misc/dn61/LocalWOK/wok_entities/LOC/dev/CR0-OCCT691-7-CR0-OCCT691-occt-64/inc/Handle_StepGeom_BezierSurfaceAndRationalBSplineSurface.hxx
+M StepGeom:pubinclude:StepGeom_BezierSurfaceAndRationalBSplineSurface.hxx /misc/dn61/LocalWOK/wok_entities/LOC/dev/CR0-OCCT691-7-CR0-OCCT691-occt-64/inc/StepGeom_BezierSurfaceAndRationalBSplineSurface.hxx
+M StepGeom:privinclude:StepGeom_BezierSurfaceAndRationalBSplineSurface.jxx /misc/dn61/LocalWOK/wok_entities/LOC/dev/CR0-OCCT691-7-CR0-OCCT691-occt-64/drv/StepGeom/StepGeom_BezierSurfaceAndRationalBSplineSurface.jxx
+M StepGeom:privinclude:StepGeom_BezierSurfaceAndRationalBSplineSurface.ixx /misc/dn61/LocalWOK/wok_entities/LOC/dev/CR0-OCCT691-7-CR0-OCCT691-occt-64/drv/StepGeom/StepGeom_BezierSurfaceAndRationalBSplineSurface.ixx
+M StepGeom:pubinclude:Handle_StepGeom_CurveBoundedSurface.hxx /misc/dn61/LocalWOK/wok_entities/LOC/dev/CR0-OCCT691-7-CR0-OCCT691-occt-64/inc/Handle_StepGeom_CurveBoundedSurface.hxx
+M StepGeom:pubinclude:StepGeom_CurveBoundedSurface.hxx /misc/dn61/LocalWOK/wok_entities/LOC/dev/CR0-OCCT691-7-CR0-OCCT691-occt-64/inc/StepGeom_CurveBoundedSurface.hxx
+M StepGeom:privinclude:StepGeom_CurveBoundedSurface.jxx /misc/dn61/LocalWOK/wok_entities/LOC/dev/CR0-OCCT691-7-CR0-OCCT691-occt-64/drv/StepGeom/StepGeom_CurveBoundedSurface.jxx
+M StepGeom:privinclude:StepGeom_CurveBoundedSurface.ixx /misc/dn61/LocalWOK/wok_entities/LOC/dev/CR0-OCCT691-7-CR0-OCCT691-occt-64/drv/StepGeom/StepGeom_CurveBoundedSurface.ixx
+M StepGeom:pubinclude:Handle_StepGeom_RectangularCompositeSurface.hxx /misc/dn61/LocalWOK/wok_entities/LOC/dev/CR0-OCCT691-7-CR0-OCCT691-occt-64/inc/Handle_StepGeom_RectangularCompositeSurface.hxx
+M StepGeom:pubinclude:StepGeom_RectangularCompositeSurface.hxx /misc/dn61/LocalWOK/wok_entities/LOC/dev/CR0-OCCT691-7-CR0-OCCT691-occt-64/inc/StepGeom_RectangularCompositeSurface.hxx
+M StepGeom:privinclude:StepGeom_RectangularCompositeSurface.jxx /misc/dn61/LocalWOK/wok_entities/LOC/dev/CR0-OCCT691-7-CR0-OCCT691-occt-64/drv/StepGeom/StepGeom_RectangularCompositeSurface.jxx
+M StepGeom:privinclude:StepGeom_RectangularCompositeSurface.ixx /misc/dn61/LocalWOK/wok_entities/LOC/dev/CR0-OCCT691-7-CR0-OCCT691-occt-64/drv/StepGeom/StepGeom_RectangularCompositeSurface.ixx
+M StepGeom:pubinclude:Handle_StepGeom_RectangularTrimmedSurface.hxx /misc/dn61/LocalWOK/wok_entities/LOC/dev/CR0-OCCT691-7-CR0-OCCT691-occt-64/inc/Handle_StepGeom_RectangularTrimmedSurface.hxx
+M StepGeom:pubinclude:StepGeom_RectangularTrimmedSurface.hxx /misc/dn61/LocalWOK/wok_entities/LOC/dev/CR0-OCCT691-7-CR0-OCCT691-occt-64/inc/StepGeom_RectangularTrimmedSurface.hxx
+M StepGeom:privinclude:StepGeom_RectangularTrimmedSurface.jxx /misc/dn61/LocalWOK/wok_entities/LOC/dev/CR0-OCCT691-7-CR0-OCCT691-occt-64/drv/StepGeom/StepGeom_RectangularTrimmedSurface.jxx
+M StepGeom:privinclude:StepGeom_RectangularTrimmedSurface.ixx /misc/dn61/LocalWOK/wok_entities/LOC/dev/CR0-OCCT691-7-CR0-OCCT691-occt-64/drv/StepGeom/StepGeom_RectangularTrimmedSurface.ixx
+M StepGeom:pubinclude:Handle_StepGeom_ElementarySurface.hxx /misc/dn61/LocalWOK/wok_entities/LOC/dev/CR0-OCCT691-7-CR0-OCCT691-occt-64/inc/Handle_StepGeom_ElementarySurface.hxx
+M StepGeom:pubinclude:StepGeom_ElementarySurface.hxx /misc/dn61/LocalWOK/wok_entities/LOC/dev/CR0-OCCT691-7-CR0-OCCT691-occt-64/inc/StepGeom_ElementarySurface.hxx
+M StepGeom:privinclude:StepGeom_ElementarySurface.jxx /misc/dn61/LocalWOK/wok_entities/LOC/dev/CR0-OCCT691-7-CR0-OCCT691-occt-64/drv/StepGeom/StepGeom_ElementarySurface.jxx
+M StepGeom:privinclude:StepGeom_ElementarySurface.ixx /misc/dn61/LocalWOK/wok_entities/LOC/dev/CR0-OCCT691-7-CR0-OCCT691-occt-64/drv/StepGeom/StepGeom_ElementarySurface.ixx
+M StepGeom:pubinclude:Handle_StepGeom_ConicalSurface.hxx /misc/dn61/LocalWOK/wok_entities/LOC/dev/CR0-OCCT691-7-CR0-OCCT691-occt-64/inc/Handle_StepGeom_ConicalSurface.hxx
+M StepGeom:pubinclude:StepGeom_ConicalSurface.hxx /misc/dn61/LocalWOK/wok_entities/LOC/dev/CR0-OCCT691-7-CR0-OCCT691-occt-64/inc/StepGeom_ConicalSurface.hxx
+M StepGeom:privinclude:StepGeom_ConicalSurface.jxx /misc/dn61/LocalWOK/wok_entities/LOC/dev/CR0-OCCT691-7-CR0-OCCT691-occt-64/drv/StepGeom/StepGeom_ConicalSurface.jxx
+M StepGeom:privinclude:StepGeom_ConicalSurface.ixx /misc/dn61/LocalWOK/wok_entities/LOC/dev/CR0-OCCT691-7-CR0-OCCT691-occt-64/drv/StepGeom/StepGeom_ConicalSurface.ixx
+M StepGeom:pubinclude:Handle_StepGeom_CylindricalSurface.hxx /misc/dn61/LocalWOK/wok_entities/LOC/dev/CR0-OCCT691-7-CR0-OCCT691-occt-64/inc/Handle_StepGeom_CylindricalSurface.hxx
+M StepGeom:pubinclude:StepGeom_CylindricalSurface.hxx /misc/dn61/LocalWOK/wok_entities/LOC/dev/CR0-OCCT691-7-CR0-OCCT691-occt-64/inc/StepGeom_CylindricalSurface.hxx
+M StepGeom:privinclude:StepGeom_CylindricalSurface.jxx /misc/dn61/LocalWOK/wok_entities/LOC/dev/CR0-OCCT691-7-CR0-OCCT691-occt-64/drv/StepGeom/StepGeom_CylindricalSurface.jxx
+M StepGeom:privinclude:StepGeom_CylindricalSurface.ixx /misc/dn61/LocalWOK/wok_entities/LOC/dev/CR0-OCCT691-7-CR0-OCCT691-occt-64/drv/StepGeom/StepGeom_CylindricalSurface.ixx
+M StepGeom:pubinclude:Handle_StepGeom_Plane.hxx /misc/dn61/LocalWOK/wok_entities/LOC/dev/CR0-OCCT691-7-CR0-OCCT691-occt-64/inc/Handle_StepGeom_Plane.hxx
+M StepGeom:pubinclude:StepGeom_Plane.hxx /misc/dn61/LocalWOK/wok_entities/LOC/dev/CR0-OCCT691-7-CR0-OCCT691-occt-64/inc/StepGeom_Plane.hxx
+M StepGeom:privinclude:StepGeom_Plane.jxx /misc/dn61/LocalWOK/wok_entities/LOC/dev/CR0-OCCT691-7-CR0-OCCT691-occt-64/drv/StepGeom/StepGeom_Plane.jxx
+M StepGeom:privinclude:StepGeom_Plane.ixx /misc/dn61/LocalWOK/wok_entities/LOC/dev/CR0-OCCT691-7-CR0-OCCT691-occt-64/drv/StepGeom/StepGeom_Plane.ixx
+M StepGeom:pubinclude:Handle_StepGeom_SphericalSurface.hxx /misc/dn61/LocalWOK/wok_entities/LOC/dev/CR0-OCCT691-7-CR0-OCCT691-occt-64/inc/Handle_StepGeom_SphericalSurface.hxx
+M StepGeom:pubinclude:StepGeom_SphericalSurface.hxx /misc/dn61/LocalWOK/wok_entities/LOC/dev/CR0-OCCT691-7-CR0-OCCT691-occt-64/inc/StepGeom_SphericalSurface.hxx
+M StepGeom:privinclude:StepGeom_SphericalSurface.jxx /misc/dn61/LocalWOK/wok_entities/LOC/dev/CR0-OCCT691-7-CR0-OCCT691-occt-64/drv/StepGeom/StepGeom_SphericalSurface.jxx
+M StepGeom:privinclude:StepGeom_SphericalSurface.ixx /misc/dn61/LocalWOK/wok_entities/LOC/dev/CR0-OCCT691-7-CR0-OCCT691-occt-64/drv/StepGeom/StepGeom_SphericalSurface.ixx
+M StepGeom:pubinclude:Handle_StepGeom_ToroidalSurface.hxx /misc/dn61/LocalWOK/wok_entities/LOC/dev/CR0-OCCT691-7-CR0-OCCT691-occt-64/inc/Handle_StepGeom_ToroidalSurface.hxx
+M StepGeom:pubinclude:StepGeom_ToroidalSurface.hxx /misc/dn61/LocalWOK/wok_entities/LOC/dev/CR0-OCCT691-7-CR0-OCCT691-occt-64/inc/StepGeom_ToroidalSurface.hxx
+M StepGeom:privinclude:StepGeom_ToroidalSurface.jxx /misc/dn61/LocalWOK/wok_entities/LOC/dev/CR0-OCCT691-7-CR0-OCCT691-occt-64/drv/StepGeom/StepGeom_ToroidalSurface.jxx
+M StepGeom:privinclude:StepGeom_ToroidalSurface.ixx /misc/dn61/LocalWOK/wok_entities/LOC/dev/CR0-OCCT691-7-CR0-OCCT691-occt-64/drv/StepGeom/StepGeom_ToroidalSurface.ixx
+M StepGeom:pubinclude:Handle_StepGeom_DegenerateToroidalSurface.hxx /misc/dn61/LocalWOK/wok_entities/LOC/dev/CR0-OCCT691-7-CR0-OCCT691-occt-64/inc/Handle_StepGeom_DegenerateToroidalSurface.hxx
+M StepGeom:pubinclude:StepGeom_DegenerateToroidalSurface.hxx /misc/dn61/LocalWOK/wok_entities/LOC/dev/CR0-OCCT691-7-CR0-OCCT691-occt-64/inc/StepGeom_DegenerateToroidalSurface.hxx
+M StepGeom:privinclude:StepGeom_DegenerateToroidalSurface.jxx /misc/dn61/LocalWOK/wok_entities/LOC/dev/CR0-OCCT691-7-CR0-OCCT691-occt-64/drv/StepGeom/StepGeom_DegenerateToroidalSurface.jxx
+M StepGeom:privinclude:StepGeom_DegenerateToroidalSurface.ixx /misc/dn61/LocalWOK/wok_entities/LOC/dev/CR0-OCCT691-7-CR0-OCCT691-occt-64/drv/StepGeom/StepGeom_DegenerateToroidalSurface.ixx
+M StepGeom:pubinclude:Handle_StepGeom_OffsetSurface.hxx /misc/dn61/LocalWOK/wok_entities/LOC/dev/CR0-OCCT691-7-CR0-OCCT691-occt-64/inc/Handle_StepGeom_OffsetSurface.hxx
+M StepGeom:pubinclude:StepGeom_OffsetSurface.hxx /misc/dn61/LocalWOK/wok_entities/LOC/dev/CR0-OCCT691-7-CR0-OCCT691-occt-64/inc/StepGeom_OffsetSurface.hxx
+M StepGeom:privinclude:StepGeom_OffsetSurface.jxx /misc/dn61/LocalWOK/wok_entities/LOC/dev/CR0-OCCT691-7-CR0-OCCT691-occt-64/drv/StepGeom/StepGeom_OffsetSurface.jxx
+M StepGeom:privinclude:StepGeom_OffsetSurface.ixx /misc/dn61/LocalWOK/wok_entities/LOC/dev/CR0-OCCT691-7-CR0-OCCT691-occt-64/drv/StepGeom/StepGeom_OffsetSurface.ixx
+M StepGeom:pubinclude:Handle_StepGeom_SurfaceReplica.hxx /misc/dn61/LocalWOK/wok_entities/LOC/dev/CR0-OCCT691-7-CR0-OCCT691-occt-64/inc/Handle_StepGeom_SurfaceReplica.hxx
+M StepGeom:pubinclude:StepGeom_SurfaceReplica.hxx /misc/dn61/LocalWOK/wok_entities/LOC/dev/CR0-OCCT691-7-CR0-OCCT691-occt-64/inc/StepGeom_SurfaceReplica.hxx
+M StepGeom:privinclude:StepGeom_SurfaceReplica.jxx /misc/dn61/LocalWOK/wok_entities/LOC/dev/CR0-OCCT691-7-CR0-OCCT691-occt-64/drv/StepGeom/StepGeom_SurfaceReplica.jxx
+M StepGeom:privinclude:StepGeom_SurfaceReplica.ixx /misc/dn61/LocalWOK/wok_entities/LOC/dev/CR0-OCCT691-7-CR0-OCCT691-occt-64/drv/StepGeom/StepGeom_SurfaceReplica.ixx
+M StepGeom:pubinclude:Handle_StepGeom_SweptSurface.hxx /misc/dn61/LocalWOK/wok_entities/LOC/dev/CR0-OCCT691-7-CR0-OCCT691-occt-64/inc/Handle_StepGeom_SweptSurface.hxx
+M StepGeom:pubinclude:StepGeom_SweptSurface.hxx /misc/dn61/LocalWOK/wok_entities/LOC/dev/CR0-OCCT691-7-CR0-OCCT691-occt-64/inc/StepGeom_SweptSurface.hxx
+M StepGeom:privinclude:StepGeom_SweptSurface.jxx /misc/dn61/LocalWOK/wok_entities/LOC/dev/CR0-OCCT691-7-CR0-OCCT691-occt-64/drv/StepGeom/StepGeom_SweptSurface.jxx
+M StepGeom:privinclude:StepGeom_SweptSurface.ixx /misc/dn61/LocalWOK/wok_entities/LOC/dev/CR0-OCCT691-7-CR0-OCCT691-occt-64/drv/StepGeom/StepGeom_SweptSurface.ixx
+M StepGeom:pubinclude:Handle_StepGeom_SurfaceOfLinearExtrusion.hxx /misc/dn61/LocalWOK/wok_entities/LOC/dev/CR0-OCCT691-7-CR0-OCCT691-occt-64/inc/Handle_StepGeom_SurfaceOfLinearExtrusion.hxx
+M StepGeom:pubinclude:StepGeom_SurfaceOfLinearExtrusion.hxx /misc/dn61/LocalWOK/wok_entities/LOC/dev/CR0-OCCT691-7-CR0-OCCT691-occt-64/inc/StepGeom_SurfaceOfLinearExtrusion.hxx
+M StepGeom:privinclude:StepGeom_SurfaceOfLinearExtrusion.jxx /misc/dn61/LocalWOK/wok_entities/LOC/dev/CR0-OCCT691-7-CR0-OCCT691-occt-64/drv/StepGeom/StepGeom_SurfaceOfLinearExtrusion.jxx
+M StepGeom:privinclude:StepGeom_SurfaceOfLinearExtrusion.ixx /misc/dn61/LocalWOK/wok_entities/LOC/dev/CR0-OCCT691-7-CR0-OCCT691-occt-64/drv/StepGeom/StepGeom_SurfaceOfLinearExtrusion.ixx
+M StepGeom:pubinclude:Handle_StepGeom_SurfaceOfRevolution.hxx /misc/dn61/LocalWOK/wok_entities/LOC/dev/CR0-OCCT691-7-CR0-OCCT691-occt-64/inc/Handle_StepGeom_SurfaceOfRevolution.hxx
+M StepGeom:pubinclude:StepGeom_SurfaceOfRevolution.hxx /misc/dn61/LocalWOK/wok_entities/LOC/dev/CR0-OCCT691-7-CR0-OCCT691-occt-64/inc/StepGeom_SurfaceOfRevolution.hxx
+M StepGeom:privinclude:StepGeom_SurfaceOfRevolution.jxx /misc/dn61/LocalWOK/wok_entities/LOC/dev/CR0-OCCT691-7-CR0-OCCT691-occt-64/drv/StepGeom/StepGeom_SurfaceOfRevolution.jxx
+M StepGeom:privinclude:StepGeom_SurfaceOfRevolution.ixx /misc/dn61/LocalWOK/wok_entities/LOC/dev/CR0-OCCT691-7-CR0-OCCT691-occt-64/drv/StepGeom/StepGeom_SurfaceOfRevolution.ixx
+M StepGeom:pubinclude:Handle_StepGeom_OrientedSurface.hxx /misc/dn61/LocalWOK/wok_entities/LOC/dev/CR0-OCCT691-7-CR0-OCCT691-occt-64/inc/Handle_StepGeom_OrientedSurface.hxx
+M StepGeom:pubinclude:StepGeom_OrientedSurface.hxx /misc/dn61/LocalWOK/wok_entities/LOC/dev/CR0-OCCT691-7-CR0-OCCT691-occt-64/inc/StepGeom_OrientedSurface.hxx
+M StepGeom:privinclude:StepGeom_OrientedSurface.jxx /misc/dn61/LocalWOK/wok_entities/LOC/dev/CR0-OCCT691-7-CR0-OCCT691-occt-64/drv/StepGeom/StepGeom_OrientedSurface.jxx
+M StepGeom:privinclude:StepGeom_OrientedSurface.ixx /misc/dn61/LocalWOK/wok_entities/LOC/dev/CR0-OCCT691-7-CR0-OCCT691-occt-64/drv/StepGeom/StepGeom_OrientedSurface.ixx
+M StepGeom:pubinclude:Handle_StepGeom_Vector.hxx /misc/dn61/LocalWOK/wok_entities/LOC/dev/CR0-OCCT691-7-CR0-OCCT691-occt-64/inc/Handle_StepGeom_Vector.hxx
+M StepGeom:pubinclude:StepGeom_Vector.hxx /misc/dn61/LocalWOK/wok_entities/LOC/dev/CR0-OCCT691-7-CR0-OCCT691-occt-64/inc/StepGeom_Vector.hxx
+M StepGeom:privinclude:StepGeom_Vector.jxx /misc/dn61/LocalWOK/wok_entities/LOC/dev/CR0-OCCT691-7-CR0-OCCT691-occt-64/drv/StepGeom/StepGeom_Vector.jxx
+M StepGeom:privinclude:StepGeom_Vector.ixx /misc/dn61/LocalWOK/wok_entities/LOC/dev/CR0-OCCT691-7-CR0-OCCT691-occt-64/drv/StepGeom/StepGeom_Vector.ixx
+M StepGeom:pubinclude:Handle_StepGeom_SurfacePatch.hxx /misc/dn61/LocalWOK/wok_entities/LOC/dev/CR0-OCCT691-7-CR0-OCCT691-occt-64/inc/Handle_StepGeom_SurfacePatch.hxx
+M StepGeom:pubinclude:StepGeom_SurfacePatch.hxx /misc/dn61/LocalWOK/wok_entities/LOC/dev/CR0-OCCT691-7-CR0-OCCT691-occt-64/inc/StepGeom_SurfacePatch.hxx
+M StepGeom:privinclude:StepGeom_SurfacePatch.jxx /misc/dn61/LocalWOK/wok_entities/LOC/dev/CR0-OCCT691-7-CR0-OCCT691-occt-64/drv/StepGeom/StepGeom_SurfacePatch.jxx
+M StepGeom:privinclude:StepGeom_SurfacePatch.ixx /misc/dn61/LocalWOK/wok_entities/LOC/dev/CR0-OCCT691-7-CR0-OCCT691-occt-64/drv/StepGeom/StepGeom_SurfacePatch.ixx
+M StepGeom:pubinclude:StepGeom_SurfaceBoundary.hxx /misc/dn61/LocalWOK/wok_entities/LOC/dev/CR0-OCCT691-7-CR0-OCCT691-occt-64/inc/StepGeom_SurfaceBoundary.hxx
+M StepGeom:privinclude:StepGeom_SurfaceBoundary.jxx /misc/dn61/LocalWOK/wok_entities/LOC/dev/CR0-OCCT691-7-CR0-OCCT691-occt-64/drv/StepGeom/StepGeom_SurfaceBoundary.jxx
+M StepGeom:privinclude:StepGeom_SurfaceBoundary.ixx /misc/dn61/LocalWOK/wok_entities/LOC/dev/CR0-OCCT691-7-CR0-OCCT691-occt-64/drv/StepGeom/StepGeom_SurfaceBoundary.ixx
+M StepGeom:pubinclude:StepGeom_Array1OfCurve.hxx /misc/dn61/LocalWOK/wok_entities/LOC/dev/CR0-OCCT691-7-CR0-OCCT691-occt-64/inc/StepGeom_Array1OfCurve.hxx
+M StepGeom:derivated:StepGeom_Array1OfCurve_0.cxx /misc/dn61/LocalWOK/wok_entities/LOC/dev/CR0-OCCT691-7-CR0-OCCT691-occt-64/drv/StepGeom/StepGeom_Array1OfCurve_0.cxx
+M StepGeom:pubinclude:Handle_StepGeom_HArray1OfCurve.hxx /misc/dn61/LocalWOK/wok_entities/LOC/dev/CR0-OCCT691-7-CR0-OCCT691-occt-64/inc/Handle_StepGeom_HArray1OfCurve.hxx
+M StepGeom:pubinclude:StepGeom_HArray1OfCurve.hxx /misc/dn61/LocalWOK/wok_entities/LOC/dev/CR0-OCCT691-7-CR0-OCCT691-occt-64/inc/StepGeom_HArray1OfCurve.hxx
+M StepGeom:derivated:StepGeom_HArray1OfCurve_0.cxx /misc/dn61/LocalWOK/wok_entities/LOC/dev/CR0-OCCT691-7-CR0-OCCT691-occt-64/drv/StepGeom/StepGeom_HArray1OfCurve_0.cxx
+M StepGeom:pubinclude:StepGeom_Array1OfCartesianPoint.hxx /misc/dn61/LocalWOK/wok_entities/LOC/dev/CR0-OCCT691-7-CR0-OCCT691-occt-64/inc/StepGeom_Array1OfCartesianPoint.hxx
+M StepGeom:derivated:StepGeom_Array1OfCartesianPoint_0.cxx /misc/dn61/LocalWOK/wok_entities/LOC/dev/CR0-OCCT691-7-CR0-OCCT691-occt-64/drv/StepGeom/StepGeom_Array1OfCartesianPoint_0.cxx
+M StepGeom:pubinclude:Handle_StepGeom_HArray1OfCartesianPoint.hxx /misc/dn61/LocalWOK/wok_entities/LOC/dev/CR0-OCCT691-7-CR0-OCCT691-occt-64/inc/Handle_StepGeom_HArray1OfCartesianPoint.hxx
+M StepGeom:pubinclude:StepGeom_HArray1OfCartesianPoint.hxx /misc/dn61/LocalWOK/wok_entities/LOC/dev/CR0-OCCT691-7-CR0-OCCT691-occt-64/inc/StepGeom_HArray1OfCartesianPoint.hxx
+M StepGeom:derivated:StepGeom_HArray1OfCartesianPoint_0.cxx /misc/dn61/LocalWOK/wok_entities/LOC/dev/CR0-OCCT691-7-CR0-OCCT691-occt-64/drv/StepGeom/StepGeom_HArray1OfCartesianPoint_0.cxx
+M StepGeom:pubinclude:StepGeom_Array2OfCartesianPoint.hxx /misc/dn61/LocalWOK/wok_entities/LOC/dev/CR0-OCCT691-7-CR0-OCCT691-occt-64/inc/StepGeom_Array2OfCartesianPoint.hxx
+M StepGeom:derivated:StepGeom_Array2OfCartesianPoint_0.cxx /misc/dn61/LocalWOK/wok_entities/LOC/dev/CR0-OCCT691-7-CR0-OCCT691-occt-64/drv/StepGeom/StepGeom_Array2OfCartesianPoint_0.cxx
+M StepGeom:pubinclude:Handle_StepGeom_HArray2OfCartesianPoint.hxx /misc/dn61/LocalWOK/wok_entities/LOC/dev/CR0-OCCT691-7-CR0-OCCT691-occt-64/inc/Handle_StepGeom_HArray2OfCartesianPoint.hxx
+M StepGeom:pubinclude:StepGeom_HArray2OfCartesianPoint.hxx /misc/dn61/LocalWOK/wok_entities/LOC/dev/CR0-OCCT691-7-CR0-OCCT691-occt-64/inc/StepGeom_HArray2OfCartesianPoint.hxx
+M StepGeom:derivated:StepGeom_HArray2OfCartesianPoint_0.cxx /misc/dn61/LocalWOK/wok_entities/LOC/dev/CR0-OCCT691-7-CR0-OCCT691-occt-64/drv/StepGeom/StepGeom_HArray2OfCartesianPoint_0.cxx
+M StepGeom:pubinclude:StepGeom_Array1OfCompositeCurveSegment.hxx /misc/dn61/LocalWOK/wok_entities/LOC/dev/CR0-OCCT691-7-CR0-OCCT691-occt-64/inc/StepGeom_Array1OfCompositeCurveSegment.hxx
+M StepGeom:derivated:StepGeom_Array1OfCompositeCurveSegment_0.cxx /misc/dn61/LocalWOK/wok_entities/LOC/dev/CR0-OCCT691-7-CR0-OCCT691-occt-64/drv/StepGeom/StepGeom_Array1OfCompositeCurveSegment_0.cxx
+M StepGeom:pubinclude:Handle_StepGeom_HArray1OfCompositeCurveSegment.hxx /misc/dn61/LocalWOK/wok_entities/LOC/dev/CR0-OCCT691-7-CR0-OCCT691-occt-64/inc/Handle_StepGeom_HArray1OfCompositeCurveSegment.hxx
+M StepGeom:pubinclude:StepGeom_HArray1OfCompositeCurveSegment.hxx /misc/dn61/LocalWOK/wok_entities/LOC/dev/CR0-OCCT691-7-CR0-OCCT691-occt-64/inc/StepGeom_HArray1OfCompositeCurveSegment.hxx
+M StepGeom:derivated:StepGeom_HArray1OfCompositeCurveSegment_0.cxx /misc/dn61/LocalWOK/wok_entities/LOC/dev/CR0-OCCT691-7-CR0-OCCT691-occt-64/drv/StepGeom/StepGeom_HArray1OfCompositeCurveSegment_0.cxx
+M StepGeom:pubinclude:StepGeom_Array1OfBoundaryCurve.hxx /misc/dn61/LocalWOK/wok_entities/LOC/dev/CR0-OCCT691-7-CR0-OCCT691-occt-64/inc/StepGeom_Array1OfBoundaryCurve.hxx
+M StepGeom:derivated:StepGeom_Array1OfBoundaryCurve_0.cxx /misc/dn61/LocalWOK/wok_entities/LOC/dev/CR0-OCCT691-7-CR0-OCCT691-occt-64/drv/StepGeom/StepGeom_Array1OfBoundaryCurve_0.cxx
+M StepGeom:pubinclude:Handle_StepGeom_HArray1OfBoundaryCurve.hxx /misc/dn61/LocalWOK/wok_entities/LOC/dev/CR0-OCCT691-7-CR0-OCCT691-occt-64/inc/Handle_StepGeom_HArray1OfBoundaryCurve.hxx
+M StepGeom:pubinclude:StepGeom_HArray1OfBoundaryCurve.hxx /misc/dn61/LocalWOK/wok_entities/LOC/dev/CR0-OCCT691-7-CR0-OCCT691-occt-64/inc/StepGeom_HArray1OfBoundaryCurve.hxx
+M StepGeom:derivated:StepGeom_HArray1OfBoundaryCurve_0.cxx /misc/dn61/LocalWOK/wok_entities/LOC/dev/CR0-OCCT691-7-CR0-OCCT691-occt-64/drv/StepGeom/StepGeom_HArray1OfBoundaryCurve_0.cxx
+M StepGeom:pubinclude:StepGeom_Array2OfSurfacePatch.hxx /misc/dn61/LocalWOK/wok_entities/LOC/dev/CR0-OCCT691-7-CR0-OCCT691-occt-64/inc/StepGeom_Array2OfSurfacePatch.hxx
+M StepGeom:derivated:StepGeom_Array2OfSurfacePatch_0.cxx /misc/dn61/LocalWOK/wok_entities/LOC/dev/CR0-OCCT691-7-CR0-OCCT691-occt-64/drv/StepGeom/StepGeom_Array2OfSurfacePatch_0.cxx
+M StepGeom:pubinclude:Handle_StepGeom_HArray2OfSurfacePatch.hxx /misc/dn61/LocalWOK/wok_entities/LOC/dev/CR0-OCCT691-7-CR0-OCCT691-occt-64/inc/Handle_StepGeom_HArray2OfSurfacePatch.hxx
+M StepGeom:pubinclude:StepGeom_HArray2OfSurfacePatch.hxx /misc/dn61/LocalWOK/wok_entities/LOC/dev/CR0-OCCT691-7-CR0-OCCT691-occt-64/inc/StepGeom_HArray2OfSurfacePatch.hxx
+M StepGeom:derivated:StepGeom_HArray2OfSurfacePatch_0.cxx /misc/dn61/LocalWOK/wok_entities/LOC/dev/CR0-OCCT691-7-CR0-OCCT691-occt-64/drv/StepGeom/StepGeom_HArray2OfSurfacePatch_0.cxx
+M StepGeom:pubinclude:StepGeom_Array1OfSurfaceBoundary.hxx /misc/dn61/LocalWOK/wok_entities/LOC/dev/CR0-OCCT691-7-CR0-OCCT691-occt-64/inc/StepGeom_Array1OfSurfaceBoundary.hxx
+M StepGeom:derivated:StepGeom_Array1OfSurfaceBoundary_0.cxx /misc/dn61/LocalWOK/wok_entities/LOC/dev/CR0-OCCT691-7-CR0-OCCT691-occt-64/drv/StepGeom/StepGeom_Array1OfSurfaceBoundary_0.cxx
+M StepGeom:pubinclude:Handle_StepGeom_HArray1OfSurfaceBoundary.hxx /misc/dn61/LocalWOK/wok_entities/LOC/dev/CR0-OCCT691-7-CR0-OCCT691-occt-64/inc/Handle_StepGeom_HArray1OfSurfaceBoundary.hxx
+M StepGeom:pubinclude:StepGeom_HArray1OfSurfaceBoundary.hxx /misc/dn61/LocalWOK/wok_entities/LOC/dev/CR0-OCCT691-7-CR0-OCCT691-occt-64/inc/StepGeom_HArray1OfSurfaceBoundary.hxx
+M StepGeom:derivated:StepGeom_HArray1OfSurfaceBoundary_0.cxx /misc/dn61/LocalWOK/wok_entities/LOC/dev/CR0-OCCT691-7-CR0-OCCT691-occt-64/drv/StepGeom/StepGeom_HArray1OfSurfaceBoundary_0.cxx
+M StepGeom:pubinclude:StepGeom_Array1OfPcurveOrSurface.hxx /misc/dn61/LocalWOK/wok_entities/LOC/dev/CR0-OCCT691-7-CR0-OCCT691-occt-64/inc/StepGeom_Array1OfPcurveOrSurface.hxx
+M StepGeom:derivated:StepGeom_Array1OfPcurveOrSurface_0.cxx /misc/dn61/LocalWOK/wok_entities/LOC/dev/CR0-OCCT691-7-CR0-OCCT691-occt-64/drv/StepGeom/StepGeom_Array1OfPcurveOrSurface_0.cxx
+M StepGeom:pubinclude:Handle_StepGeom_HArray1OfPcurveOrSurface.hxx /misc/dn61/LocalWOK/wok_entities/LOC/dev/CR0-OCCT691-7-CR0-OCCT691-occt-64/inc/Handle_StepGeom_HArray1OfPcurveOrSurface.hxx
+M StepGeom:pubinclude:StepGeom_HArray1OfPcurveOrSurface.hxx /misc/dn61/LocalWOK/wok_entities/LOC/dev/CR0-OCCT691-7-CR0-OCCT691-occt-64/inc/StepGeom_HArray1OfPcurveOrSurface.hxx
+M StepGeom:derivated:StepGeom_HArray1OfPcurveOrSurface_0.cxx /misc/dn61/LocalWOK/wok_entities/LOC/dev/CR0-OCCT691-7-CR0-OCCT691-occt-64/drv/StepGeom/StepGeom_HArray1OfPcurveOrSurface_0.cxx
+M StepGeom:pubinclude:StepGeom_Array1OfTrimmingSelect.hxx /misc/dn61/LocalWOK/wok_entities/LOC/dev/CR0-OCCT691-7-CR0-OCCT691-occt-64/inc/StepGeom_Array1OfTrimmingSelect.hxx
+M StepGeom:derivated:StepGeom_Array1OfTrimmingSelect_0.cxx /misc/dn61/LocalWOK/wok_entities/LOC/dev/CR0-OCCT691-7-CR0-OCCT691-occt-64/drv/StepGeom/StepGeom_Array1OfTrimmingSelect_0.cxx
+M StepGeom:pubinclude:Handle_StepGeom_HArray1OfTrimmingSelect.hxx /misc/dn61/LocalWOK/wok_entities/LOC/dev/CR0-OCCT691-7-CR0-OCCT691-occt-64/inc/Handle_StepGeom_HArray1OfTrimmingSelect.hxx
+M StepGeom:pubinclude:StepGeom_HArray1OfTrimmingSelect.hxx /misc/dn61/LocalWOK/wok_entities/LOC/dev/CR0-OCCT691-7-CR0-OCCT691-occt-64/inc/StepGeom_HArray1OfTrimmingSelect.hxx
+M StepGeom:derivated:StepGeom_HArray1OfTrimmingSelect_0.cxx /misc/dn61/LocalWOK/wok_entities/LOC/dev/CR0-OCCT691-7-CR0-OCCT691-occt-64/drv/StepGeom/StepGeom_HArray1OfTrimmingSelect_0.cxx
+M StepGeom:pubinclude:StepGeom_BSplineCurveForm.hxx /misc/dn61/LocalWOK/wok_entities/LOC/dev/CR0-OCCT691-7-CR0-OCCT691-occt-64/inc/StepGeom_BSplineCurveForm.hxx
+M StepGeom:pubinclude:StepGeom_BSplineSurfaceForm.hxx /misc/dn61/LocalWOK/wok_entities/LOC/dev/CR0-OCCT691-7-CR0-OCCT691-occt-64/inc/StepGeom_BSplineSurfaceForm.hxx
+M StepGeom:pubinclude:StepGeom_KnotType.hxx /misc/dn61/LocalWOK/wok_entities/LOC/dev/CR0-OCCT691-7-CR0-OCCT691-occt-64/inc/StepGeom_KnotType.hxx
+M StepGeom:pubinclude:StepGeom_PreferredSurfaceCurveRepresentation.hxx /misc/dn61/LocalWOK/wok_entities/LOC/dev/CR0-OCCT691-7-CR0-OCCT691-occt-64/inc/StepGeom_PreferredSurfaceCurveRepresentation.hxx
+M StepGeom:pubinclude:StepGeom_TransitionCode.hxx /misc/dn61/LocalWOK/wok_entities/LOC/dev/CR0-OCCT691-7-CR0-OCCT691-occt-64/inc/StepGeom_TransitionCode.hxx
+M StepGeom:pubinclude:StepGeom_TrimmingPreference.hxx /misc/dn61/LocalWOK/wok_entities/LOC/dev/CR0-OCCT691-7-CR0-OCCT691-occt-64/inc/StepGeom_TrimmingPreference.hxx
+M StepGeom:dbadmfile:StepGeom_xcpp_header.In /misc/dn61/LocalWOK/wok_entities/LOC/dev/CR0-OCCT691-7-CR0-OCCT691-occt-64/drv/StepGeom/.adm/StepGeom_xcpp_header.In
+M StepGeom:dbadmfile:StepGeom_xcpp_header.Out /misc/dn61/LocalWOK/wok_entities/LOC/dev/CR0-OCCT691-7-CR0-OCCT691-occt-64/drv/StepGeom/.adm/StepGeom_xcpp_header.Out
+M StepGeom:dbadmfile:StepGeom_xcpp_header.Dep /misc/dn61/LocalWOK/wok_entities/LOC/dev/CR0-OCCT691-7-CR0-OCCT691-occt-64/drv/StepGeom/.adm/StepGeom_xcpp_header.Dep
