+M BlendFunc:pubinclude:BlendFunc.hxx /misc/dn61/LocalWOK/wok_entities/LOC/dev/CR0-OCCT691-7-CR0-OCCT691-occt-64/inc/BlendFunc.hxx
+M BlendFunc:privinclude:BlendFunc.jxx /misc/dn61/LocalWOK/wok_entities/LOC/dev/CR0-OCCT691-7-CR0-OCCT691-occt-64/drv/BlendFunc/BlendFunc.jxx
+M BlendFunc:privinclude:BlendFunc.ixx /misc/dn61/LocalWOK/wok_entities/LOC/dev/CR0-OCCT691-7-CR0-OCCT691-occt-64/drv/BlendFunc/BlendFunc.ixx
+M BlendFunc:pubinclude:BlendFunc_ConstRad.hxx /misc/dn61/LocalWOK/wok_entities/LOC/dev/CR0-OCCT691-7-CR0-OCCT691-occt-64/inc/BlendFunc_ConstRad.hxx
+M BlendFunc:privinclude:BlendFunc_ConstRad.jxx /misc/dn61/LocalWOK/wok_entities/LOC/dev/CR0-OCCT691-7-CR0-OCCT691-occt-64/drv/BlendFunc/BlendFunc_ConstRad.jxx
+M BlendFunc:privinclude:BlendFunc_ConstRad.ixx /misc/dn61/LocalWOK/wok_entities/LOC/dev/CR0-OCCT691-7-CR0-OCCT691-occt-64/drv/BlendFunc/BlendFunc_ConstRad.ixx
+M BlendFunc:pubinclude:BlendFunc_ConstRadInv.hxx /misc/dn61/LocalWOK/wok_entities/LOC/dev/CR0-OCCT691-7-CR0-OCCT691-occt-64/inc/BlendFunc_ConstRadInv.hxx
+M BlendFunc:privinclude:BlendFunc_ConstRadInv.jxx /misc/dn61/LocalWOK/wok_entities/LOC/dev/CR0-OCCT691-7-CR0-OCCT691-occt-64/drv/BlendFunc/BlendFunc_ConstRadInv.jxx
+M BlendFunc:privinclude:BlendFunc_ConstRadInv.ixx /misc/dn61/LocalWOK/wok_entities/LOC/dev/CR0-OCCT691-7-CR0-OCCT691-occt-64/drv/BlendFunc/BlendFunc_ConstRadInv.ixx
+M BlendFunc:pubinclude:BlendFunc_Ruled.hxx /misc/dn61/LocalWOK/wok_entities/LOC/dev/CR0-OCCT691-7-CR0-OCCT691-occt-64/inc/BlendFunc_Ruled.hxx
+M BlendFunc:privinclude:BlendFunc_Ruled.jxx /misc/dn61/LocalWOK/wok_entities/LOC/dev/CR0-OCCT691-7-CR0-OCCT691-occt-64/drv/BlendFunc/BlendFunc_Ruled.jxx
+M BlendFunc:privinclude:BlendFunc_Ruled.ixx /misc/dn61/LocalWOK/wok_entities/LOC/dev/CR0-OCCT691-7-CR0-OCCT691-occt-64/drv/BlendFunc/BlendFunc_Ruled.ixx
+M BlendFunc:pubinclude:BlendFunc_RuledInv.hxx /misc/dn61/LocalWOK/wok_entities/LOC/dev/CR0-OCCT691-7-CR0-OCCT691-occt-64/inc/BlendFunc_RuledInv.hxx
+M BlendFunc:privinclude:BlendFunc_RuledInv.jxx /misc/dn61/LocalWOK/wok_entities/LOC/dev/CR0-OCCT691-7-CR0-OCCT691-occt-64/drv/BlendFunc/BlendFunc_RuledInv.jxx
+M BlendFunc:privinclude:BlendFunc_RuledInv.ixx /misc/dn61/LocalWOK/wok_entities/LOC/dev/CR0-OCCT691-7-CR0-OCCT691-occt-64/drv/BlendFunc/BlendFunc_RuledInv.ixx
+M BlendFunc:pubinclude:BlendFunc_EvolRad.hxx /misc/dn61/LocalWOK/wok_entities/LOC/dev/CR0-OCCT691-7-CR0-OCCT691-occt-64/inc/BlendFunc_EvolRad.hxx
+M BlendFunc:privinclude:BlendFunc_EvolRad.jxx /misc/dn61/LocalWOK/wok_entities/LOC/dev/CR0-OCCT691-7-CR0-OCCT691-occt-64/drv/BlendFunc/BlendFunc_EvolRad.jxx
+M BlendFunc:privinclude:BlendFunc_EvolRad.ixx /misc/dn61/LocalWOK/wok_entities/LOC/dev/CR0-OCCT691-7-CR0-OCCT691-occt-64/drv/BlendFunc/BlendFunc_EvolRad.ixx
+M BlendFunc:pubinclude:BlendFunc_EvolRadInv.hxx /misc/dn61/LocalWOK/wok_entities/LOC/dev/CR0-OCCT691-7-CR0-OCCT691-occt-64/inc/BlendFunc_EvolRadInv.hxx
+M BlendFunc:privinclude:BlendFunc_EvolRadInv.jxx /misc/dn61/LocalWOK/wok_entities/LOC/dev/CR0-OCCT691-7-CR0-OCCT691-occt-64/drv/BlendFunc/BlendFunc_EvolRadInv.jxx
+M BlendFunc:privinclude:BlendFunc_EvolRadInv.ixx /misc/dn61/LocalWOK/wok_entities/LOC/dev/CR0-OCCT691-7-CR0-OCCT691-occt-64/drv/BlendFunc/BlendFunc_EvolRadInv.ixx
+M BlendFunc:pubinclude:BlendFunc_CSConstRad.hxx /misc/dn61/LocalWOK/wok_entities/LOC/dev/CR0-OCCT691-7-CR0-OCCT691-occt-64/inc/BlendFunc_CSConstRad.hxx
+M BlendFunc:privinclude:BlendFunc_CSConstRad.jxx /misc/dn61/LocalWOK/wok_entities/LOC/dev/CR0-OCCT691-7-CR0-OCCT691-occt-64/drv/BlendFunc/BlendFunc_CSConstRad.jxx
+M BlendFunc:privinclude:BlendFunc_CSConstRad.ixx /misc/dn61/LocalWOK/wok_entities/LOC/dev/CR0-OCCT691-7-CR0-OCCT691-occt-64/drv/BlendFunc/BlendFunc_CSConstRad.ixx
+M BlendFunc:pubinclude:BlendFunc_CSCircular.hxx /misc/dn61/LocalWOK/wok_entities/LOC/dev/CR0-OCCT691-7-CR0-OCCT691-occt-64/inc/BlendFunc_CSCircular.hxx
+M BlendFunc:privinclude:BlendFunc_CSCircular.jxx /misc/dn61/LocalWOK/wok_entities/LOC/dev/CR0-OCCT691-7-CR0-OCCT691-occt-64/drv/BlendFunc/BlendFunc_CSCircular.jxx
+M BlendFunc:privinclude:BlendFunc_CSCircular.ixx /misc/dn61/LocalWOK/wok_entities/LOC/dev/CR0-OCCT691-7-CR0-OCCT691-occt-64/drv/BlendFunc/BlendFunc_CSCircular.ixx
+M BlendFunc:pubinclude:BlendFunc_Corde.hxx /misc/dn61/LocalWOK/wok_entities/LOC/dev/CR0-OCCT691-7-CR0-OCCT691-occt-64/inc/BlendFunc_Corde.hxx
+M BlendFunc:privinclude:BlendFunc_Corde.jxx /misc/dn61/LocalWOK/wok_entities/LOC/dev/CR0-OCCT691-7-CR0-OCCT691-occt-64/drv/BlendFunc/BlendFunc_Corde.jxx
+M BlendFunc:privinclude:BlendFunc_Corde.ixx /misc/dn61/LocalWOK/wok_entities/LOC/dev/CR0-OCCT691-7-CR0-OCCT691-occt-64/drv/BlendFunc/BlendFunc_Corde.ixx
+M BlendFunc:pubinclude:BlendFunc_Chamfer.hxx /misc/dn61/LocalWOK/wok_entities/LOC/dev/CR0-OCCT691-7-CR0-OCCT691-occt-64/inc/BlendFunc_Chamfer.hxx
+M BlendFunc:privinclude:BlendFunc_Chamfer.jxx /misc/dn61/LocalWOK/wok_entities/LOC/dev/CR0-OCCT691-7-CR0-OCCT691-occt-64/drv/BlendFunc/BlendFunc_Chamfer.jxx
+M BlendFunc:privinclude:BlendFunc_Chamfer.ixx /misc/dn61/LocalWOK/wok_entities/LOC/dev/CR0-OCCT691-7-CR0-OCCT691-occt-64/drv/BlendFunc/BlendFunc_Chamfer.ixx
+M BlendFunc:pubinclude:BlendFunc_ChamfInv.hxx /misc/dn61/LocalWOK/wok_entities/LOC/dev/CR0-OCCT691-7-CR0-OCCT691-occt-64/inc/BlendFunc_ChamfInv.hxx
+M BlendFunc:privinclude:BlendFunc_ChamfInv.jxx /misc/dn61/LocalWOK/wok_entities/LOC/dev/CR0-OCCT691-7-CR0-OCCT691-occt-64/drv/BlendFunc/BlendFunc_ChamfInv.jxx
+M BlendFunc:privinclude:BlendFunc_ChamfInv.ixx /misc/dn61/LocalWOK/wok_entities/LOC/dev/CR0-OCCT691-7-CR0-OCCT691-occt-64/drv/BlendFunc/BlendFunc_ChamfInv.ixx
+M BlendFunc:pubinclude:BlendFunc_ChAsym.hxx /misc/dn61/LocalWOK/wok_entities/LOC/dev/CR0-OCCT691-7-CR0-OCCT691-occt-64/inc/BlendFunc_ChAsym.hxx
+M BlendFunc:privinclude:BlendFunc_ChAsym.jxx /misc/dn61/LocalWOK/wok_entities/LOC/dev/CR0-OCCT691-7-CR0-OCCT691-occt-64/drv/BlendFunc/BlendFunc_ChAsym.jxx
+M BlendFunc:privinclude:BlendFunc_ChAsym.ixx /misc/dn61/LocalWOK/wok_entities/LOC/dev/CR0-OCCT691-7-CR0-OCCT691-occt-64/drv/BlendFunc/BlendFunc_ChAsym.ixx
+M BlendFunc:pubinclude:BlendFunc_ChAsymInv.hxx /misc/dn61/LocalWOK/wok_entities/LOC/dev/CR0-OCCT691-7-CR0-OCCT691-occt-64/inc/BlendFunc_ChAsymInv.hxx
+M BlendFunc:privinclude:BlendFunc_ChAsymInv.jxx /misc/dn61/LocalWOK/wok_entities/LOC/dev/CR0-OCCT691-7-CR0-OCCT691-occt-64/drv/BlendFunc/BlendFunc_ChAsymInv.jxx
+M BlendFunc:privinclude:BlendFunc_ChAsymInv.ixx /misc/dn61/LocalWOK/wok_entities/LOC/dev/CR0-OCCT691-7-CR0-OCCT691-occt-64/drv/BlendFunc/BlendFunc_ChAsymInv.ixx
+M BlendFunc:pubinclude:BlendFunc_Tensor.hxx /misc/dn61/LocalWOK/wok_entities/LOC/dev/CR0-OCCT691-7-CR0-OCCT691-occt-64/inc/BlendFunc_Tensor.hxx
+M BlendFunc:privinclude:BlendFunc_Tensor.jxx /misc/dn61/LocalWOK/wok_entities/LOC/dev/CR0-OCCT691-7-CR0-OCCT691-occt-64/drv/BlendFunc/BlendFunc_Tensor.jxx
+M BlendFunc:privinclude:BlendFunc_Tensor.ixx /misc/dn61/LocalWOK/wok_entities/LOC/dev/CR0-OCCT691-7-CR0-OCCT691-occt-64/drv/BlendFunc/BlendFunc_Tensor.ixx
+M BlendFunc:pubinclude:BlendFunc_SectionShape.hxx /misc/dn61/LocalWOK/wok_entities/LOC/dev/CR0-OCCT691-7-CR0-OCCT691-occt-64/inc/BlendFunc_SectionShape.hxx
+M BlendFunc:dbadmfile:BlendFunc_xcpp_header.In /misc/dn61/LocalWOK/wok_entities/LOC/dev/CR0-OCCT691-7-CR0-OCCT691-occt-64/drv/BlendFunc/.adm/BlendFunc_xcpp_header.In
+M BlendFunc:dbadmfile:BlendFunc_xcpp_header.Out /misc/dn61/LocalWOK/wok_entities/LOC/dev/CR0-OCCT691-7-CR0-OCCT691-occt-64/drv/BlendFunc/.adm/BlendFunc_xcpp_header.Out
+M BlendFunc:dbadmfile:BlendFunc_xcpp_header.Dep /misc/dn61/LocalWOK/wok_entities/LOC/dev/CR0-OCCT691-7-CR0-OCCT691-occt-64/drv/BlendFunc/.adm/BlendFunc_xcpp_header.Dep
