+M BRepBuilderAPI:pubinclude:BRepBuilderAPI.hxx /misc/dn61/LocalWOK/wok_entities/LOC/dev/CR0-OCCT691-7-CR0-OCCT691-occt-64/inc/BRepBuilderAPI.hxx
+M BRepBuilderAPI:privinclude:BRepBuilderAPI.jxx /misc/dn61/LocalWOK/wok_entities/LOC/dev/CR0-OCCT691-7-CR0-OCCT691-occt-64/drv/BRepBuilderAPI/BRepBuilderAPI.jxx
+M BRepBuilderAPI:privinclude:BRepBuilderAPI.ixx /misc/dn61/LocalWOK/wok_entities/LOC/dev/CR0-OCCT691-7-CR0-OCCT691-occt-64/drv/BRepBuilderAPI/BRepBuilderAPI.ixx
+M BRepBuilderAPI:pubinclude:BRepBuilderAPI_Command.hxx /misc/dn61/LocalWOK/wok_entities/LOC/dev/CR0-OCCT691-7-CR0-OCCT691-occt-64/inc/BRepBuilderAPI_Command.hxx
+M BRepBuilderAPI:privinclude:BRepBuilderAPI_Command.jxx /misc/dn61/LocalWOK/wok_entities/LOC/dev/CR0-OCCT691-7-CR0-OCCT691-occt-64/drv/BRepBuilderAPI/BRepBuilderAPI_Command.jxx
+M BRepBuilderAPI:privinclude:BRepBuilderAPI_Command.ixx /misc/dn61/LocalWOK/wok_entities/LOC/dev/CR0-OCCT691-7-CR0-OCCT691-occt-64/drv/BRepBuilderAPI/BRepBuilderAPI_Command.ixx
+M BRepBuilderAPI:pubinclude:BRepBuilderAPI_MakeShape.hxx /misc/dn61/LocalWOK/wok_entities/LOC/dev/CR0-OCCT691-7-CR0-OCCT691-occt-64/inc/BRepBuilderAPI_MakeShape.hxx
+M BRepBuilderAPI:privinclude:BRepBuilderAPI_MakeShape.jxx /misc/dn61/LocalWOK/wok_entities/LOC/dev/CR0-OCCT691-7-CR0-OCCT691-occt-64/drv/BRepBuilderAPI/BRepBuilderAPI_MakeShape.jxx
+M BRepBuilderAPI:privinclude:BRepBuilderAPI_MakeShape.ixx /misc/dn61/LocalWOK/wok_entities/LOC/dev/CR0-OCCT691-7-CR0-OCCT691-occt-64/drv/BRepBuilderAPI/BRepBuilderAPI_MakeShape.ixx
+M BRepBuilderAPI:pubinclude:BRepBuilderAPI_MakeVertex.hxx /misc/dn61/LocalWOK/wok_entities/LOC/dev/CR0-OCCT691-7-CR0-OCCT691-occt-64/inc/BRepBuilderAPI_MakeVertex.hxx
+M BRepBuilderAPI:privinclude:BRepBuilderAPI_MakeVertex.jxx /misc/dn61/LocalWOK/wok_entities/LOC/dev/CR0-OCCT691-7-CR0-OCCT691-occt-64/drv/BRepBuilderAPI/BRepBuilderAPI_MakeVertex.jxx
+M BRepBuilderAPI:privinclude:BRepBuilderAPI_MakeVertex.ixx /misc/dn61/LocalWOK/wok_entities/LOC/dev/CR0-OCCT691-7-CR0-OCCT691-occt-64/drv/BRepBuilderAPI/BRepBuilderAPI_MakeVertex.ixx
+M BRepBuilderAPI:pubinclude:BRepBuilderAPI_MakeEdge.hxx /misc/dn61/LocalWOK/wok_entities/LOC/dev/CR0-OCCT691-7-CR0-OCCT691-occt-64/inc/BRepBuilderAPI_MakeEdge.hxx
+M BRepBuilderAPI:privinclude:BRepBuilderAPI_MakeEdge.jxx /misc/dn61/LocalWOK/wok_entities/LOC/dev/CR0-OCCT691-7-CR0-OCCT691-occt-64/drv/BRepBuilderAPI/BRepBuilderAPI_MakeEdge.jxx
+M BRepBuilderAPI:privinclude:BRepBuilderAPI_MakeEdge.ixx /misc/dn61/LocalWOK/wok_entities/LOC/dev/CR0-OCCT691-7-CR0-OCCT691-occt-64/drv/BRepBuilderAPI/BRepBuilderAPI_MakeEdge.ixx
+M BRepBuilderAPI:pubinclude:BRepBuilderAPI_MakeEdge2d.hxx /misc/dn61/LocalWOK/wok_entities/LOC/dev/CR0-OCCT691-7-CR0-OCCT691-occt-64/inc/BRepBuilderAPI_MakeEdge2d.hxx
+M BRepBuilderAPI:privinclude:BRepBuilderAPI_MakeEdge2d.jxx /misc/dn61/LocalWOK/wok_entities/LOC/dev/CR0-OCCT691-7-CR0-OCCT691-occt-64/drv/BRepBuilderAPI/BRepBuilderAPI_MakeEdge2d.jxx
+M BRepBuilderAPI:privinclude:BRepBuilderAPI_MakeEdge2d.ixx /misc/dn61/LocalWOK/wok_entities/LOC/dev/CR0-OCCT691-7-CR0-OCCT691-occt-64/drv/BRepBuilderAPI/BRepBuilderAPI_MakeEdge2d.ixx
+M BRepBuilderAPI:pubinclude:BRepBuilderAPI_MakePolygon.hxx /misc/dn61/LocalWOK/wok_entities/LOC/dev/CR0-OCCT691-7-CR0-OCCT691-occt-64/inc/BRepBuilderAPI_MakePolygon.hxx
+M BRepBuilderAPI:privinclude:BRepBuilderAPI_MakePolygon.jxx /misc/dn61/LocalWOK/wok_entities/LOC/dev/CR0-OCCT691-7-CR0-OCCT691-occt-64/drv/BRepBuilderAPI/BRepBuilderAPI_MakePolygon.jxx
+M BRepBuilderAPI:privinclude:BRepBuilderAPI_MakePolygon.ixx /misc/dn61/LocalWOK/wok_entities/LOC/dev/CR0-OCCT691-7-CR0-OCCT691-occt-64/drv/BRepBuilderAPI/BRepBuilderAPI_MakePolygon.ixx
+M BRepBuilderAPI:pubinclude:BRepBuilderAPI_MakeFace.hxx /misc/dn61/LocalWOK/wok_entities/LOC/dev/CR0-OCCT691-7-CR0-OCCT691-occt-64/inc/BRepBuilderAPI_MakeFace.hxx
+M BRepBuilderAPI:privinclude:BRepBuilderAPI_MakeFace.jxx /misc/dn61/LocalWOK/wok_entities/LOC/dev/CR0-OCCT691-7-CR0-OCCT691-occt-64/drv/BRepBuilderAPI/BRepBuilderAPI_MakeFace.jxx
+M BRepBuilderAPI:privinclude:BRepBuilderAPI_MakeFace.ixx /misc/dn61/LocalWOK/wok_entities/LOC/dev/CR0-OCCT691-7-CR0-OCCT691-occt-64/drv/BRepBuilderAPI/BRepBuilderAPI_MakeFace.ixx
+M BRepBuilderAPI:pubinclude:BRepBuilderAPI_FindPlane.hxx /misc/dn61/LocalWOK/wok_entities/LOC/dev/CR0-OCCT691-7-CR0-OCCT691-occt-64/inc/BRepBuilderAPI_FindPlane.hxx
+M BRepBuilderAPI:privinclude:BRepBuilderAPI_FindPlane.jxx /misc/dn61/LocalWOK/wok_entities/LOC/dev/CR0-OCCT691-7-CR0-OCCT691-occt-64/drv/BRepBuilderAPI/BRepBuilderAPI_FindPlane.jxx
+M BRepBuilderAPI:privinclude:BRepBuilderAPI_FindPlane.ixx /misc/dn61/LocalWOK/wok_entities/LOC/dev/CR0-OCCT691-7-CR0-OCCT691-occt-64/drv/BRepBuilderAPI/BRepBuilderAPI_FindPlane.ixx
+M BRepBuilderAPI:pubinclude:Handle_BRepBuilderAPI_Sewing.hxx /misc/dn61/LocalWOK/wok_entities/LOC/dev/CR0-OCCT691-7-CR0-OCCT691-occt-64/inc/Handle_BRepBuilderAPI_Sewing.hxx
+M BRepBuilderAPI:pubinclude:BRepBuilderAPI_Sewing.hxx /misc/dn61/LocalWOK/wok_entities/LOC/dev/CR0-OCCT691-7-CR0-OCCT691-occt-64/inc/BRepBuilderAPI_Sewing.hxx
+M BRepBuilderAPI:privinclude:BRepBuilderAPI_Sewing.jxx /misc/dn61/LocalWOK/wok_entities/LOC/dev/CR0-OCCT691-7-CR0-OCCT691-occt-64/drv/BRepBuilderAPI/BRepBuilderAPI_Sewing.jxx
+M BRepBuilderAPI:privinclude:BRepBuilderAPI_Sewing.ixx /misc/dn61/LocalWOK/wok_entities/LOC/dev/CR0-OCCT691-7-CR0-OCCT691-occt-64/drv/BRepBuilderAPI/BRepBuilderAPI_Sewing.ixx
+M BRepBuilderAPI:pubinclude:BRepBuilderAPI_MakeWire.hxx /misc/dn61/LocalWOK/wok_entities/LOC/dev/CR0-OCCT691-7-CR0-OCCT691-occt-64/inc/BRepBuilderAPI_MakeWire.hxx
+M BRepBuilderAPI:privinclude:BRepBuilderAPI_MakeWire.jxx /misc/dn61/LocalWOK/wok_entities/LOC/dev/CR0-OCCT691-7-CR0-OCCT691-occt-64/drv/BRepBuilderAPI/BRepBuilderAPI_MakeWire.jxx
+M BRepBuilderAPI:privinclude:BRepBuilderAPI_MakeWire.ixx /misc/dn61/LocalWOK/wok_entities/LOC/dev/CR0-OCCT691-7-CR0-OCCT691-occt-64/drv/BRepBuilderAPI/BRepBuilderAPI_MakeWire.ixx
+M BRepBuilderAPI:pubinclude:BRepBuilderAPI_MakeShell.hxx /misc/dn61/LocalWOK/wok_entities/LOC/dev/CR0-OCCT691-7-CR0-OCCT691-occt-64/inc/BRepBuilderAPI_MakeShell.hxx
+M BRepBuilderAPI:privinclude:BRepBuilderAPI_MakeShell.jxx /misc/dn61/LocalWOK/wok_entities/LOC/dev/CR0-OCCT691-7-CR0-OCCT691-occt-64/drv/BRepBuilderAPI/BRepBuilderAPI_MakeShell.jxx
+M BRepBuilderAPI:privinclude:BRepBuilderAPI_MakeShell.ixx /misc/dn61/LocalWOK/wok_entities/LOC/dev/CR0-OCCT691-7-CR0-OCCT691-occt-64/drv/BRepBuilderAPI/BRepBuilderAPI_MakeShell.ixx
+M BRepBuilderAPI:pubinclude:BRepBuilderAPI_MakeSolid.hxx /misc/dn61/LocalWOK/wok_entities/LOC/dev/CR0-OCCT691-7-CR0-OCCT691-occt-64/inc/BRepBuilderAPI_MakeSolid.hxx
+M BRepBuilderAPI:privinclude:BRepBuilderAPI_MakeSolid.jxx /misc/dn61/LocalWOK/wok_entities/LOC/dev/CR0-OCCT691-7-CR0-OCCT691-occt-64/drv/BRepBuilderAPI/BRepBuilderAPI_MakeSolid.jxx
+M BRepBuilderAPI:privinclude:BRepBuilderAPI_MakeSolid.ixx /misc/dn61/LocalWOK/wok_entities/LOC/dev/CR0-OCCT691-7-CR0-OCCT691-occt-64/drv/BRepBuilderAPI/BRepBuilderAPI_MakeSolid.ixx
+M BRepBuilderAPI:pubinclude:BRepBuilderAPI_ModifyShape.hxx /misc/dn61/LocalWOK/wok_entities/LOC/dev/CR0-OCCT691-7-CR0-OCCT691-occt-64/inc/BRepBuilderAPI_ModifyShape.hxx
+M BRepBuilderAPI:privinclude:BRepBuilderAPI_ModifyShape.jxx /misc/dn61/LocalWOK/wok_entities/LOC/dev/CR0-OCCT691-7-CR0-OCCT691-occt-64/drv/BRepBuilderAPI/BRepBuilderAPI_ModifyShape.jxx
+M BRepBuilderAPI:privinclude:BRepBuilderAPI_ModifyShape.ixx /misc/dn61/LocalWOK/wok_entities/LOC/dev/CR0-OCCT691-7-CR0-OCCT691-occt-64/drv/BRepBuilderAPI/BRepBuilderAPI_ModifyShape.ixx
+M BRepBuilderAPI:pubinclude:BRepBuilderAPI_Transform.hxx /misc/dn61/LocalWOK/wok_entities/LOC/dev/CR0-OCCT691-7-CR0-OCCT691-occt-64/inc/BRepBuilderAPI_Transform.hxx
+M BRepBuilderAPI:privinclude:BRepBuilderAPI_Transform.jxx /misc/dn61/LocalWOK/wok_entities/LOC/dev/CR0-OCCT691-7-CR0-OCCT691-occt-64/drv/BRepBuilderAPI/BRepBuilderAPI_Transform.jxx
+M BRepBuilderAPI:privinclude:BRepBuilderAPI_Transform.ixx /misc/dn61/LocalWOK/wok_entities/LOC/dev/CR0-OCCT691-7-CR0-OCCT691-occt-64/drv/BRepBuilderAPI/BRepBuilderAPI_Transform.ixx
+M BRepBuilderAPI:pubinclude:BRepBuilderAPI_NurbsConvert.hxx /misc/dn61/LocalWOK/wok_entities/LOC/dev/CR0-OCCT691-7-CR0-OCCT691-occt-64/inc/BRepBuilderAPI_NurbsConvert.hxx
+M BRepBuilderAPI:privinclude:BRepBuilderAPI_NurbsConvert.jxx /misc/dn61/LocalWOK/wok_entities/LOC/dev/CR0-OCCT691-7-CR0-OCCT691-occt-64/drv/BRepBuilderAPI/BRepBuilderAPI_NurbsConvert.jxx
+M BRepBuilderAPI:privinclude:BRepBuilderAPI_NurbsConvert.ixx /misc/dn61/LocalWOK/wok_entities/LOC/dev/CR0-OCCT691-7-CR0-OCCT691-occt-64/drv/BRepBuilderAPI/BRepBuilderAPI_NurbsConvert.ixx
+M BRepBuilderAPI:pubinclude:BRepBuilderAPI_GTransform.hxx /misc/dn61/LocalWOK/wok_entities/LOC/dev/CR0-OCCT691-7-CR0-OCCT691-occt-64/inc/BRepBuilderAPI_GTransform.hxx
+M BRepBuilderAPI:privinclude:BRepBuilderAPI_GTransform.jxx /misc/dn61/LocalWOK/wok_entities/LOC/dev/CR0-OCCT691-7-CR0-OCCT691-occt-64/drv/BRepBuilderAPI/BRepBuilderAPI_GTransform.jxx
+M BRepBuilderAPI:privinclude:BRepBuilderAPI_GTransform.ixx /misc/dn61/LocalWOK/wok_entities/LOC/dev/CR0-OCCT691-7-CR0-OCCT691-occt-64/drv/BRepBuilderAPI/BRepBuilderAPI_GTransform.ixx
+M BRepBuilderAPI:pubinclude:BRepBuilderAPI_Copy.hxx /misc/dn61/LocalWOK/wok_entities/LOC/dev/CR0-OCCT691-7-CR0-OCCT691-occt-64/inc/BRepBuilderAPI_Copy.hxx
+M BRepBuilderAPI:privinclude:BRepBuilderAPI_Copy.jxx /misc/dn61/LocalWOK/wok_entities/LOC/dev/CR0-OCCT691-7-CR0-OCCT691-occt-64/drv/BRepBuilderAPI/BRepBuilderAPI_Copy.jxx
+M BRepBuilderAPI:privinclude:BRepBuilderAPI_Copy.ixx /misc/dn61/LocalWOK/wok_entities/LOC/dev/CR0-OCCT691-7-CR0-OCCT691-occt-64/drv/BRepBuilderAPI/BRepBuilderAPI_Copy.ixx
+M BRepBuilderAPI:pubinclude:BRepBuilderAPI_Collect.hxx /misc/dn61/LocalWOK/wok_entities/LOC/dev/CR0-OCCT691-7-CR0-OCCT691-occt-64/inc/BRepBuilderAPI_Collect.hxx
+M BRepBuilderAPI:privinclude:BRepBuilderAPI_Collect.jxx /misc/dn61/LocalWOK/wok_entities/LOC/dev/CR0-OCCT691-7-CR0-OCCT691-occt-64/drv/BRepBuilderAPI/BRepBuilderAPI_Collect.jxx
+M BRepBuilderAPI:privinclude:BRepBuilderAPI_Collect.ixx /misc/dn61/LocalWOK/wok_entities/LOC/dev/CR0-OCCT691-7-CR0-OCCT691-occt-64/drv/BRepBuilderAPI/BRepBuilderAPI_Collect.ixx
+M BRepBuilderAPI:pubinclude:BRepBuilderAPI_EdgeError.hxx /misc/dn61/LocalWOK/wok_entities/LOC/dev/CR0-OCCT691-7-CR0-OCCT691-occt-64/inc/BRepBuilderAPI_EdgeError.hxx
+M BRepBuilderAPI:pubinclude:BRepBuilderAPI_WireError.hxx /misc/dn61/LocalWOK/wok_entities/LOC/dev/CR0-OCCT691-7-CR0-OCCT691-occt-64/inc/BRepBuilderAPI_WireError.hxx
+M BRepBuilderAPI:pubinclude:BRepBuilderAPI_FaceError.hxx /misc/dn61/LocalWOK/wok_entities/LOC/dev/CR0-OCCT691-7-CR0-OCCT691-occt-64/inc/BRepBuilderAPI_FaceError.hxx
+M BRepBuilderAPI:pubinclude:BRepBuilderAPI_ShellError.hxx /misc/dn61/LocalWOK/wok_entities/LOC/dev/CR0-OCCT691-7-CR0-OCCT691-occt-64/inc/BRepBuilderAPI_ShellError.hxx
+M BRepBuilderAPI:pubinclude:BRepBuilderAPI_PipeError.hxx /misc/dn61/LocalWOK/wok_entities/LOC/dev/CR0-OCCT691-7-CR0-OCCT691-occt-64/inc/BRepBuilderAPI_PipeError.hxx
+M BRepBuilderAPI:pubinclude:BRepBuilderAPI_ShapeModification.hxx /misc/dn61/LocalWOK/wok_entities/LOC/dev/CR0-OCCT691-7-CR0-OCCT691-occt-64/inc/BRepBuilderAPI_ShapeModification.hxx
+M BRepBuilderAPI:pubinclude:BRepBuilderAPI_TransitionMode.hxx /misc/dn61/LocalWOK/wok_entities/LOC/dev/CR0-OCCT691-7-CR0-OCCT691-occt-64/inc/BRepBuilderAPI_TransitionMode.hxx
+M BRepBuilderAPI:dbadmfile:BRepBuilderAPI_xcpp_header.In /misc/dn61/LocalWOK/wok_entities/LOC/dev/CR0-OCCT691-7-CR0-OCCT691-occt-64/drv/BRepBuilderAPI/.adm/BRepBuilderAPI_xcpp_header.In
+M BRepBuilderAPI:dbadmfile:BRepBuilderAPI_xcpp_header.Out /misc/dn61/LocalWOK/wok_entities/LOC/dev/CR0-OCCT691-7-CR0-OCCT691-occt-64/drv/BRepBuilderAPI/.adm/BRepBuilderAPI_xcpp_header.Out
+M BRepBuilderAPI:dbadmfile:BRepBuilderAPI_xcpp_header.Dep /misc/dn61/LocalWOK/wok_entities/LOC/dev/CR0-OCCT691-7-CR0-OCCT691-occt-64/drv/BRepBuilderAPI/.adm/BRepBuilderAPI_xcpp_header.Dep
