+M RWStepVisual:pubinclude:RWStepVisual_RWAreaInSet.hxx /misc/dn61/LocalWOK/wok_entities/LOC/dev/CR0-OCCT691-7-CR0-OCCT691-occt-64/inc/RWStepVisual_RWAreaInSet.hxx
+M RWStepVisual:privinclude:RWStepVisual_RWAreaInSet.jxx /misc/dn61/LocalWOK/wok_entities/LOC/dev/CR0-OCCT691-7-CR0-OCCT691-occt-64/drv/RWStepVisual/RWStepVisual_RWAreaInSet.jxx
+M RWStepVisual:privinclude:RWStepVisual_RWAreaInSet.ixx /misc/dn61/LocalWOK/wok_entities/LOC/dev/CR0-OCCT691-7-CR0-OCCT691-occt-64/drv/RWStepVisual/RWStepVisual_RWAreaInSet.ixx
+M RWStepVisual:pubinclude:RWStepVisual_RWBackgroundColour.hxx /misc/dn61/LocalWOK/wok_entities/LOC/dev/CR0-OCCT691-7-CR0-OCCT691-occt-64/inc/RWStepVisual_RWBackgroundColour.hxx
+M RWStepVisual:privinclude:RWStepVisual_RWBackgroundColour.jxx /misc/dn61/LocalWOK/wok_entities/LOC/dev/CR0-OCCT691-7-CR0-OCCT691-occt-64/drv/RWStepVisual/RWStepVisual_RWBackgroundColour.jxx
+M RWStepVisual:privinclude:RWStepVisual_RWBackgroundColour.ixx /misc/dn61/LocalWOK/wok_entities/LOC/dev/CR0-OCCT691-7-CR0-OCCT691-occt-64/drv/RWStepVisual/RWStepVisual_RWBackgroundColour.ixx
+M RWStepVisual:pubinclude:RWStepVisual_RWCameraImage.hxx /misc/dn61/LocalWOK/wok_entities/LOC/dev/CR0-OCCT691-7-CR0-OCCT691-occt-64/inc/RWStepVisual_RWCameraImage.hxx
+M RWStepVisual:privinclude:RWStepVisual_RWCameraImage.jxx /misc/dn61/LocalWOK/wok_entities/LOC/dev/CR0-OCCT691-7-CR0-OCCT691-occt-64/drv/RWStepVisual/RWStepVisual_RWCameraImage.jxx
+M RWStepVisual:privinclude:RWStepVisual_RWCameraImage.ixx /misc/dn61/LocalWOK/wok_entities/LOC/dev/CR0-OCCT691-7-CR0-OCCT691-occt-64/drv/RWStepVisual/RWStepVisual_RWCameraImage.ixx
+M RWStepVisual:pubinclude:RWStepVisual_RWCameraModel.hxx /misc/dn61/LocalWOK/wok_entities/LOC/dev/CR0-OCCT691-7-CR0-OCCT691-occt-64/inc/RWStepVisual_RWCameraModel.hxx
+M RWStepVisual:privinclude:RWStepVisual_RWCameraModel.jxx /misc/dn61/LocalWOK/wok_entities/LOC/dev/CR0-OCCT691-7-CR0-OCCT691-occt-64/drv/RWStepVisual/RWStepVisual_RWCameraModel.jxx
+M RWStepVisual:privinclude:RWStepVisual_RWCameraModel.ixx /misc/dn61/LocalWOK/wok_entities/LOC/dev/CR0-OCCT691-7-CR0-OCCT691-occt-64/drv/RWStepVisual/RWStepVisual_RWCameraModel.ixx
+M RWStepVisual:pubinclude:RWStepVisual_RWCameraModelD2.hxx /misc/dn61/LocalWOK/wok_entities/LOC/dev/CR0-OCCT691-7-CR0-OCCT691-occt-64/inc/RWStepVisual_RWCameraModelD2.hxx
+M RWStepVisual:privinclude:RWStepVisual_RWCameraModelD2.jxx /misc/dn61/LocalWOK/wok_entities/LOC/dev/CR0-OCCT691-7-CR0-OCCT691-occt-64/drv/RWStepVisual/RWStepVisual_RWCameraModelD2.jxx
+M RWStepVisual:privinclude:RWStepVisual_RWCameraModelD2.ixx /misc/dn61/LocalWOK/wok_entities/LOC/dev/CR0-OCCT691-7-CR0-OCCT691-occt-64/drv/RWStepVisual/RWStepVisual_RWCameraModelD2.ixx
+M RWStepVisual:pubinclude:RWStepVisual_RWCameraModelD3.hxx /misc/dn61/LocalWOK/wok_entities/LOC/dev/CR0-OCCT691-7-CR0-OCCT691-occt-64/inc/RWStepVisual_RWCameraModelD3.hxx
+M RWStepVisual:privinclude:RWStepVisual_RWCameraModelD3.jxx /misc/dn61/LocalWOK/wok_entities/LOC/dev/CR0-OCCT691-7-CR0-OCCT691-occt-64/drv/RWStepVisual/RWStepVisual_RWCameraModelD3.jxx
+M RWStepVisual:privinclude:RWStepVisual_RWCameraModelD3.ixx /misc/dn61/LocalWOK/wok_entities/LOC/dev/CR0-OCCT691-7-CR0-OCCT691-occt-64/drv/RWStepVisual/RWStepVisual_RWCameraModelD3.ixx
+M RWStepVisual:pubinclude:RWStepVisual_RWCameraUsage.hxx /misc/dn61/LocalWOK/wok_entities/LOC/dev/CR0-OCCT691-7-CR0-OCCT691-occt-64/inc/RWStepVisual_RWCameraUsage.hxx
+M RWStepVisual:privinclude:RWStepVisual_RWCameraUsage.jxx /misc/dn61/LocalWOK/wok_entities/LOC/dev/CR0-OCCT691-7-CR0-OCCT691-occt-64/drv/RWStepVisual/RWStepVisual_RWCameraUsage.jxx
+M RWStepVisual:privinclude:RWStepVisual_RWCameraUsage.ixx /misc/dn61/LocalWOK/wok_entities/LOC/dev/CR0-OCCT691-7-CR0-OCCT691-occt-64/drv/RWStepVisual/RWStepVisual_RWCameraUsage.ixx
+M RWStepVisual:pubinclude:RWStepVisual_RWColour.hxx /misc/dn61/LocalWOK/wok_entities/LOC/dev/CR0-OCCT691-7-CR0-OCCT691-occt-64/inc/RWStepVisual_RWColour.hxx
+M RWStepVisual:privinclude:RWStepVisual_RWColour.jxx /misc/dn61/LocalWOK/wok_entities/LOC/dev/CR0-OCCT691-7-CR0-OCCT691-occt-64/drv/RWStepVisual/RWStepVisual_RWColour.jxx
+M RWStepVisual:privinclude:RWStepVisual_RWColour.ixx /misc/dn61/LocalWOK/wok_entities/LOC/dev/CR0-OCCT691-7-CR0-OCCT691-occt-64/drv/RWStepVisual/RWStepVisual_RWColour.ixx
+M RWStepVisual:pubinclude:RWStepVisual_RWColourRgb.hxx /misc/dn61/LocalWOK/wok_entities/LOC/dev/CR0-OCCT691-7-CR0-OCCT691-occt-64/inc/RWStepVisual_RWColourRgb.hxx
+M RWStepVisual:privinclude:RWStepVisual_RWColourRgb.jxx /misc/dn61/LocalWOK/wok_entities/LOC/dev/CR0-OCCT691-7-CR0-OCCT691-occt-64/drv/RWStepVisual/RWStepVisual_RWColourRgb.jxx
+M RWStepVisual:privinclude:RWStepVisual_RWColourRgb.ixx /misc/dn61/LocalWOK/wok_entities/LOC/dev/CR0-OCCT691-7-CR0-OCCT691-occt-64/drv/RWStepVisual/RWStepVisual_RWColourRgb.ixx
+M RWStepVisual:pubinclude:RWStepVisual_RWColourSpecification.hxx /misc/dn61/LocalWOK/wok_entities/LOC/dev/CR0-OCCT691-7-CR0-OCCT691-occt-64/inc/RWStepVisual_RWColourSpecification.hxx
+M RWStepVisual:privinclude:RWStepVisual_RWColourSpecification.jxx /misc/dn61/LocalWOK/wok_entities/LOC/dev/CR0-OCCT691-7-CR0-OCCT691-occt-64/drv/RWStepVisual/RWStepVisual_RWColourSpecification.jxx
+M RWStepVisual:privinclude:RWStepVisual_RWColourSpecification.ixx /misc/dn61/LocalWOK/wok_entities/LOC/dev/CR0-OCCT691-7-CR0-OCCT691-occt-64/drv/RWStepVisual/RWStepVisual_RWColourSpecification.ixx
+M RWStepVisual:pubinclude:RWStepVisual_RWContextDependentInvisibility.hxx /misc/dn61/LocalWOK/wok_entities/LOC/dev/CR0-OCCT691-7-CR0-OCCT691-occt-64/inc/RWStepVisual_RWContextDependentInvisibility.hxx
+M RWStepVisual:privinclude:RWStepVisual_RWContextDependentInvisibility.jxx /misc/dn61/LocalWOK/wok_entities/LOC/dev/CR0-OCCT691-7-CR0-OCCT691-occt-64/drv/RWStepVisual/RWStepVisual_RWContextDependentInvisibility.jxx
+M RWStepVisual:privinclude:RWStepVisual_RWContextDependentInvisibility.ixx /misc/dn61/LocalWOK/wok_entities/LOC/dev/CR0-OCCT691-7-CR0-OCCT691-occt-64/drv/RWStepVisual/RWStepVisual_RWContextDependentInvisibility.ixx
+M RWStepVisual:pubinclude:RWStepVisual_RWContextDependentOverRidingStyledItem.hxx /misc/dn61/LocalWOK/wok_entities/LOC/dev/CR0-OCCT691-7-CR0-OCCT691-occt-64/inc/RWStepVisual_RWContextDependentOverRidingStyledItem.hxx
+M RWStepVisual:privinclude:RWStepVisual_RWContextDependentOverRidingStyledItem.jxx /misc/dn61/LocalWOK/wok_entities/LOC/dev/CR0-OCCT691-7-CR0-OCCT691-occt-64/drv/RWStepVisual/RWStepVisual_RWContextDependentOverRidingStyledItem.jxx
+M RWStepVisual:privinclude:RWStepVisual_RWContextDependentOverRidingStyledItem.ixx /misc/dn61/LocalWOK/wok_entities/LOC/dev/CR0-OCCT691-7-CR0-OCCT691-occt-64/drv/RWStepVisual/RWStepVisual_RWContextDependentOverRidingStyledItem.ixx
+M RWStepVisual:pubinclude:RWStepVisual_RWCompositeText.hxx /misc/dn61/LocalWOK/wok_entities/LOC/dev/CR0-OCCT691-7-CR0-OCCT691-occt-64/inc/RWStepVisual_RWCompositeText.hxx
+M RWStepVisual:privinclude:RWStepVisual_RWCompositeText.jxx /misc/dn61/LocalWOK/wok_entities/LOC/dev/CR0-OCCT691-7-CR0-OCCT691-occt-64/drv/RWStepVisual/RWStepVisual_RWCompositeText.jxx
+M RWStepVisual:privinclude:RWStepVisual_RWCompositeText.ixx /misc/dn61/LocalWOK/wok_entities/LOC/dev/CR0-OCCT691-7-CR0-OCCT691-occt-64/drv/RWStepVisual/RWStepVisual_RWCompositeText.ixx
+M RWStepVisual:pubinclude:RWStepVisual_RWCompositeTextWithExtent.hxx /misc/dn61/LocalWOK/wok_entities/LOC/dev/CR0-OCCT691-7-CR0-OCCT691-occt-64/inc/RWStepVisual_RWCompositeTextWithExtent.hxx
+M RWStepVisual:privinclude:RWStepVisual_RWCompositeTextWithExtent.jxx /misc/dn61/LocalWOK/wok_entities/LOC/dev/CR0-OCCT691-7-CR0-OCCT691-occt-64/drv/RWStepVisual/RWStepVisual_RWCompositeTextWithExtent.jxx
+M RWStepVisual:privinclude:RWStepVisual_RWCompositeTextWithExtent.ixx /misc/dn61/LocalWOK/wok_entities/LOC/dev/CR0-OCCT691-7-CR0-OCCT691-occt-64/drv/RWStepVisual/RWStepVisual_RWCompositeTextWithExtent.ixx
+M RWStepVisual:pubinclude:RWStepVisual_RWCurveStyle.hxx /misc/dn61/LocalWOK/wok_entities/LOC/dev/CR0-OCCT691-7-CR0-OCCT691-occt-64/inc/RWStepVisual_RWCurveStyle.hxx
+M RWStepVisual:privinclude:RWStepVisual_RWCurveStyle.jxx /misc/dn61/LocalWOK/wok_entities/LOC/dev/CR0-OCCT691-7-CR0-OCCT691-occt-64/drv/RWStepVisual/RWStepVisual_RWCurveStyle.jxx
+M RWStepVisual:privinclude:RWStepVisual_RWCurveStyle.ixx /misc/dn61/LocalWOK/wok_entities/LOC/dev/CR0-OCCT691-7-CR0-OCCT691-occt-64/drv/RWStepVisual/RWStepVisual_RWCurveStyle.ixx
+M RWStepVisual:pubinclude:RWStepVisual_RWCurveStyleFont.hxx /misc/dn61/LocalWOK/wok_entities/LOC/dev/CR0-OCCT691-7-CR0-OCCT691-occt-64/inc/RWStepVisual_RWCurveStyleFont.hxx
+M RWStepVisual:privinclude:RWStepVisual_RWCurveStyleFont.jxx /misc/dn61/LocalWOK/wok_entities/LOC/dev/CR0-OCCT691-7-CR0-OCCT691-occt-64/drv/RWStepVisual/RWStepVisual_RWCurveStyleFont.jxx
+M RWStepVisual:privinclude:RWStepVisual_RWCurveStyleFont.ixx /misc/dn61/LocalWOK/wok_entities/LOC/dev/CR0-OCCT691-7-CR0-OCCT691-occt-64/drv/RWStepVisual/RWStepVisual_RWCurveStyleFont.ixx
+M RWStepVisual:pubinclude:RWStepVisual_RWCurveStyleFontPattern.hxx /misc/dn61/LocalWOK/wok_entities/LOC/dev/CR0-OCCT691-7-CR0-OCCT691-occt-64/inc/RWStepVisual_RWCurveStyleFontPattern.hxx
+M RWStepVisual:privinclude:RWStepVisual_RWCurveStyleFontPattern.jxx /misc/dn61/LocalWOK/wok_entities/LOC/dev/CR0-OCCT691-7-CR0-OCCT691-occt-64/drv/RWStepVisual/RWStepVisual_RWCurveStyleFontPattern.jxx
+M RWStepVisual:privinclude:RWStepVisual_RWCurveStyleFontPattern.ixx /misc/dn61/LocalWOK/wok_entities/LOC/dev/CR0-OCCT691-7-CR0-OCCT691-occt-64/drv/RWStepVisual/RWStepVisual_RWCurveStyleFontPattern.ixx
+M RWStepVisual:pubinclude:RWStepVisual_RWDraughtingModel.hxx /misc/dn61/LocalWOK/wok_entities/LOC/dev/CR0-OCCT691-7-CR0-OCCT691-occt-64/inc/RWStepVisual_RWDraughtingModel.hxx
+M RWStepVisual:privinclude:RWStepVisual_RWDraughtingModel.jxx /misc/dn61/LocalWOK/wok_entities/LOC/dev/CR0-OCCT691-7-CR0-OCCT691-occt-64/drv/RWStepVisual/RWStepVisual_RWDraughtingModel.jxx
+M RWStepVisual:privinclude:RWStepVisual_RWDraughtingModel.ixx /misc/dn61/LocalWOK/wok_entities/LOC/dev/CR0-OCCT691-7-CR0-OCCT691-occt-64/drv/RWStepVisual/RWStepVisual_RWDraughtingModel.ixx
+M RWStepVisual:pubinclude:RWStepVisual_RWDraughtingPreDefinedColour.hxx /misc/dn61/LocalWOK/wok_entities/LOC/dev/CR0-OCCT691-7-CR0-OCCT691-occt-64/inc/RWStepVisual_RWDraughtingPreDefinedColour.hxx
+M RWStepVisual:privinclude:RWStepVisual_RWDraughtingPreDefinedColour.jxx /misc/dn61/LocalWOK/wok_entities/LOC/dev/CR0-OCCT691-7-CR0-OCCT691-occt-64/drv/RWStepVisual/RWStepVisual_RWDraughtingPreDefinedColour.jxx
+M RWStepVisual:privinclude:RWStepVisual_RWDraughtingPreDefinedColour.ixx /misc/dn61/LocalWOK/wok_entities/LOC/dev/CR0-OCCT691-7-CR0-OCCT691-occt-64/drv/RWStepVisual/RWStepVisual_RWDraughtingPreDefinedColour.ixx
+M RWStepVisual:pubinclude:RWStepVisual_RWDraughtingPreDefinedCurveFont.hxx /misc/dn61/LocalWOK/wok_entities/LOC/dev/CR0-OCCT691-7-CR0-OCCT691-occt-64/inc/RWStepVisual_RWDraughtingPreDefinedCurveFont.hxx
+M RWStepVisual:privinclude:RWStepVisual_RWDraughtingPreDefinedCurveFont.jxx /misc/dn61/LocalWOK/wok_entities/LOC/dev/CR0-OCCT691-7-CR0-OCCT691-occt-64/drv/RWStepVisual/RWStepVisual_RWDraughtingPreDefinedCurveFont.jxx
+M RWStepVisual:privinclude:RWStepVisual_RWDraughtingPreDefinedCurveFont.ixx /misc/dn61/LocalWOK/wok_entities/LOC/dev/CR0-OCCT691-7-CR0-OCCT691-occt-64/drv/RWStepVisual/RWStepVisual_RWDraughtingPreDefinedCurveFont.ixx
+M RWStepVisual:pubinclude:RWStepVisual_RWExternallyDefinedCurveFont.hxx /misc/dn61/LocalWOK/wok_entities/LOC/dev/CR0-OCCT691-7-CR0-OCCT691-occt-64/inc/RWStepVisual_RWExternallyDefinedCurveFont.hxx
+M RWStepVisual:privinclude:RWStepVisual_RWExternallyDefinedCurveFont.jxx /misc/dn61/LocalWOK/wok_entities/LOC/dev/CR0-OCCT691-7-CR0-OCCT691-occt-64/drv/RWStepVisual/RWStepVisual_RWExternallyDefinedCurveFont.jxx
+M RWStepVisual:privinclude:RWStepVisual_RWExternallyDefinedCurveFont.ixx /misc/dn61/LocalWOK/wok_entities/LOC/dev/CR0-OCCT691-7-CR0-OCCT691-occt-64/drv/RWStepVisual/RWStepVisual_RWExternallyDefinedCurveFont.ixx
+M RWStepVisual:pubinclude:RWStepVisual_RWFillAreaStyle.hxx /misc/dn61/LocalWOK/wok_entities/LOC/dev/CR0-OCCT691-7-CR0-OCCT691-occt-64/inc/RWStepVisual_RWFillAreaStyle.hxx
+M RWStepVisual:privinclude:RWStepVisual_RWFillAreaStyle.jxx /misc/dn61/LocalWOK/wok_entities/LOC/dev/CR0-OCCT691-7-CR0-OCCT691-occt-64/drv/RWStepVisual/RWStepVisual_RWFillAreaStyle.jxx
+M RWStepVisual:privinclude:RWStepVisual_RWFillAreaStyle.ixx /misc/dn61/LocalWOK/wok_entities/LOC/dev/CR0-OCCT691-7-CR0-OCCT691-occt-64/drv/RWStepVisual/RWStepVisual_RWFillAreaStyle.ixx
+M RWStepVisual:pubinclude:RWStepVisual_RWFillAreaStyleColour.hxx /misc/dn61/LocalWOK/wok_entities/LOC/dev/CR0-OCCT691-7-CR0-OCCT691-occt-64/inc/RWStepVisual_RWFillAreaStyleColour.hxx
+M RWStepVisual:privinclude:RWStepVisual_RWFillAreaStyleColour.jxx /misc/dn61/LocalWOK/wok_entities/LOC/dev/CR0-OCCT691-7-CR0-OCCT691-occt-64/drv/RWStepVisual/RWStepVisual_RWFillAreaStyleColour.jxx
+M RWStepVisual:privinclude:RWStepVisual_RWFillAreaStyleColour.ixx /misc/dn61/LocalWOK/wok_entities/LOC/dev/CR0-OCCT691-7-CR0-OCCT691-occt-64/drv/RWStepVisual/RWStepVisual_RWFillAreaStyleColour.ixx
+M RWStepVisual:pubinclude:RWStepVisual_RWInvisibility.hxx /misc/dn61/LocalWOK/wok_entities/LOC/dev/CR0-OCCT691-7-CR0-OCCT691-occt-64/inc/RWStepVisual_RWInvisibility.hxx
+M RWStepVisual:privinclude:RWStepVisual_RWInvisibility.jxx /misc/dn61/LocalWOK/wok_entities/LOC/dev/CR0-OCCT691-7-CR0-OCCT691-occt-64/drv/RWStepVisual/RWStepVisual_RWInvisibility.jxx
+M RWStepVisual:privinclude:RWStepVisual_RWInvisibility.ixx /misc/dn61/LocalWOK/wok_entities/LOC/dev/CR0-OCCT691-7-CR0-OCCT691-occt-64/drv/RWStepVisual/RWStepVisual_RWInvisibility.ixx
+M RWStepVisual:pubinclude:RWStepVisual_RWMechanicalDesignGeometricPresentationArea.hxx /misc/dn61/LocalWOK/wok_entities/LOC/dev/CR0-OCCT691-7-CR0-OCCT691-occt-64/inc/RWStepVisual_RWMechanicalDesignGeometricPresentationArea.hxx
+M RWStepVisual:privinclude:RWStepVisual_RWMechanicalDesignGeometricPresentationArea.jxx /misc/dn61/LocalWOK/wok_entities/LOC/dev/CR0-OCCT691-7-CR0-OCCT691-occt-64/drv/RWStepVisual/RWStepVisual_RWMechanicalDesignGeometricPresentationArea.jxx
+M RWStepVisual:privinclude:RWStepVisual_RWMechanicalDesignGeometricPresentationArea.ixx /misc/dn61/LocalWOK/wok_entities/LOC/dev/CR0-OCCT691-7-CR0-OCCT691-occt-64/drv/RWStepVisual/RWStepVisual_RWMechanicalDesignGeometricPresentationArea.ixx
+M RWStepVisual:pubinclude:RWStepVisual_RWMechanicalDesignGeometricPresentationRepresentation.hxx /misc/dn61/LocalWOK/wok_entities/LOC/dev/CR0-OCCT691-7-CR0-OCCT691-occt-64/inc/RWStepVisual_RWMechanicalDesignGeometricPresentationRepresentation.hxx
+M RWStepVisual:privinclude:RWStepVisual_RWMechanicalDesignGeometricPresentationRepresentation.jxx /misc/dn61/LocalWOK/wok_entities/LOC/dev/CR0-OCCT691-7-CR0-OCCT691-occt-64/drv/RWStepVisual/RWStepVisual_RWMechanicalDesignGeometricPresentationRepresentation.jxx
+M RWStepVisual:privinclude:RWStepVisual_RWMechanicalDesignGeometricPresentationRepresentation.ixx /misc/dn61/LocalWOK/wok_entities/LOC/dev/CR0-OCCT691-7-CR0-OCCT691-occt-64/drv/RWStepVisual/RWStepVisual_RWMechanicalDesignGeometricPresentationRepresentation.ixx
+M RWStepVisual:pubinclude:RWStepVisual_RWOverRidingStyledItem.hxx /misc/dn61/LocalWOK/wok_entities/LOC/dev/CR0-OCCT691-7-CR0-OCCT691-occt-64/inc/RWStepVisual_RWOverRidingStyledItem.hxx
+M RWStepVisual:privinclude:RWStepVisual_RWOverRidingStyledItem.jxx /misc/dn61/LocalWOK/wok_entities/LOC/dev/CR0-OCCT691-7-CR0-OCCT691-occt-64/drv/RWStepVisual/RWStepVisual_RWOverRidingStyledItem.jxx
+M RWStepVisual:privinclude:RWStepVisual_RWOverRidingStyledItem.ixx /misc/dn61/LocalWOK/wok_entities/LOC/dev/CR0-OCCT691-7-CR0-OCCT691-occt-64/drv/RWStepVisual/RWStepVisual_RWOverRidingStyledItem.ixx
+M RWStepVisual:pubinclude:RWStepVisual_RWPlanarBox.hxx /misc/dn61/LocalWOK/wok_entities/LOC/dev/CR0-OCCT691-7-CR0-OCCT691-occt-64/inc/RWStepVisual_RWPlanarBox.hxx
+M RWStepVisual:privinclude:RWStepVisual_RWPlanarBox.jxx /misc/dn61/LocalWOK/wok_entities/LOC/dev/CR0-OCCT691-7-CR0-OCCT691-occt-64/drv/RWStepVisual/RWStepVisual_RWPlanarBox.jxx
+M RWStepVisual:privinclude:RWStepVisual_RWPlanarBox.ixx /misc/dn61/LocalWOK/wok_entities/LOC/dev/CR0-OCCT691-7-CR0-OCCT691-occt-64/drv/RWStepVisual/RWStepVisual_RWPlanarBox.ixx
+M RWStepVisual:pubinclude:RWStepVisual_RWPlanarExtent.hxx /misc/dn61/LocalWOK/wok_entities/LOC/dev/CR0-OCCT691-7-CR0-OCCT691-occt-64/inc/RWStepVisual_RWPlanarExtent.hxx
+M RWStepVisual:privinclude:RWStepVisual_RWPlanarExtent.jxx /misc/dn61/LocalWOK/wok_entities/LOC/dev/CR0-OCCT691-7-CR0-OCCT691-occt-64/drv/RWStepVisual/RWStepVisual_RWPlanarExtent.jxx
+M RWStepVisual:privinclude:RWStepVisual_RWPlanarExtent.ixx /misc/dn61/LocalWOK/wok_entities/LOC/dev/CR0-OCCT691-7-CR0-OCCT691-occt-64/drv/RWStepVisual/RWStepVisual_RWPlanarExtent.ixx
+M RWStepVisual:pubinclude:RWStepVisual_RWPointStyle.hxx /misc/dn61/LocalWOK/wok_entities/LOC/dev/CR0-OCCT691-7-CR0-OCCT691-occt-64/inc/RWStepVisual_RWPointStyle.hxx
+M RWStepVisual:privinclude:RWStepVisual_RWPointStyle.jxx /misc/dn61/LocalWOK/wok_entities/LOC/dev/CR0-OCCT691-7-CR0-OCCT691-occt-64/drv/RWStepVisual/RWStepVisual_RWPointStyle.jxx
+M RWStepVisual:privinclude:RWStepVisual_RWPointStyle.ixx /misc/dn61/LocalWOK/wok_entities/LOC/dev/CR0-OCCT691-7-CR0-OCCT691-occt-64/drv/RWStepVisual/RWStepVisual_RWPointStyle.ixx
+M RWStepVisual:pubinclude:RWStepVisual_RWPreDefinedColour.hxx /misc/dn61/LocalWOK/wok_entities/LOC/dev/CR0-OCCT691-7-CR0-OCCT691-occt-64/inc/RWStepVisual_RWPreDefinedColour.hxx
+M RWStepVisual:privinclude:RWStepVisual_RWPreDefinedColour.jxx /misc/dn61/LocalWOK/wok_entities/LOC/dev/CR0-OCCT691-7-CR0-OCCT691-occt-64/drv/RWStepVisual/RWStepVisual_RWPreDefinedColour.jxx
+M RWStepVisual:privinclude:RWStepVisual_RWPreDefinedColour.ixx /misc/dn61/LocalWOK/wok_entities/LOC/dev/CR0-OCCT691-7-CR0-OCCT691-occt-64/drv/RWStepVisual/RWStepVisual_RWPreDefinedColour.ixx
+M RWStepVisual:pubinclude:RWStepVisual_RWPreDefinedCurveFont.hxx /misc/dn61/LocalWOK/wok_entities/LOC/dev/CR0-OCCT691-7-CR0-OCCT691-occt-64/inc/RWStepVisual_RWPreDefinedCurveFont.hxx
+M RWStepVisual:privinclude:RWStepVisual_RWPreDefinedCurveFont.jxx /misc/dn61/LocalWOK/wok_entities/LOC/dev/CR0-OCCT691-7-CR0-OCCT691-occt-64/drv/RWStepVisual/RWStepVisual_RWPreDefinedCurveFont.jxx
+M RWStepVisual:privinclude:RWStepVisual_RWPreDefinedCurveFont.ixx /misc/dn61/LocalWOK/wok_entities/LOC/dev/CR0-OCCT691-7-CR0-OCCT691-occt-64/drv/RWStepVisual/RWStepVisual_RWPreDefinedCurveFont.ixx
+M RWStepVisual:pubinclude:RWStepVisual_RWPreDefinedItem.hxx /misc/dn61/LocalWOK/wok_entities/LOC/dev/CR0-OCCT691-7-CR0-OCCT691-occt-64/inc/RWStepVisual_RWPreDefinedItem.hxx
+M RWStepVisual:privinclude:RWStepVisual_RWPreDefinedItem.jxx /misc/dn61/LocalWOK/wok_entities/LOC/dev/CR0-OCCT691-7-CR0-OCCT691-occt-64/drv/RWStepVisual/RWStepVisual_RWPreDefinedItem.jxx
+M RWStepVisual:privinclude:RWStepVisual_RWPreDefinedItem.ixx /misc/dn61/LocalWOK/wok_entities/LOC/dev/CR0-OCCT691-7-CR0-OCCT691-occt-64/drv/RWStepVisual/RWStepVisual_RWPreDefinedItem.ixx
+M RWStepVisual:pubinclude:RWStepVisual_RWPresentationArea.hxx /misc/dn61/LocalWOK/wok_entities/LOC/dev/CR0-OCCT691-7-CR0-OCCT691-occt-64/inc/RWStepVisual_RWPresentationArea.hxx
+M RWStepVisual:privinclude:RWStepVisual_RWPresentationArea.jxx /misc/dn61/LocalWOK/wok_entities/LOC/dev/CR0-OCCT691-7-CR0-OCCT691-occt-64/drv/RWStepVisual/RWStepVisual_RWPresentationArea.jxx
+M RWStepVisual:privinclude:RWStepVisual_RWPresentationArea.ixx /misc/dn61/LocalWOK/wok_entities/LOC/dev/CR0-OCCT691-7-CR0-OCCT691-occt-64/drv/RWStepVisual/RWStepVisual_RWPresentationArea.ixx
+M RWStepVisual:pubinclude:RWStepVisual_RWPresentationLayerAssignment.hxx /misc/dn61/LocalWOK/wok_entities/LOC/dev/CR0-OCCT691-7-CR0-OCCT691-occt-64/inc/RWStepVisual_RWPresentationLayerAssignment.hxx
+M RWStepVisual:privinclude:RWStepVisual_RWPresentationLayerAssignment.jxx /misc/dn61/LocalWOK/wok_entities/LOC/dev/CR0-OCCT691-7-CR0-OCCT691-occt-64/drv/RWStepVisual/RWStepVisual_RWPresentationLayerAssignment.jxx
+M RWStepVisual:privinclude:RWStepVisual_RWPresentationLayerAssignment.ixx /misc/dn61/LocalWOK/wok_entities/LOC/dev/CR0-OCCT691-7-CR0-OCCT691-occt-64/drv/RWStepVisual/RWStepVisual_RWPresentationLayerAssignment.ixx
+M RWStepVisual:pubinclude:RWStepVisual_RWPresentationRepresentation.hxx /misc/dn61/LocalWOK/wok_entities/LOC/dev/CR0-OCCT691-7-CR0-OCCT691-occt-64/inc/RWStepVisual_RWPresentationRepresentation.hxx
+M RWStepVisual:privinclude:RWStepVisual_RWPresentationRepresentation.jxx /misc/dn61/LocalWOK/wok_entities/LOC/dev/CR0-OCCT691-7-CR0-OCCT691-occt-64/drv/RWStepVisual/RWStepVisual_RWPresentationRepresentation.jxx
+M RWStepVisual:privinclude:RWStepVisual_RWPresentationRepresentation.ixx /misc/dn61/LocalWOK/wok_entities/LOC/dev/CR0-OCCT691-7-CR0-OCCT691-occt-64/drv/RWStepVisual/RWStepVisual_RWPresentationRepresentation.ixx
+M RWStepVisual:pubinclude:RWStepVisual_RWPresentationSet.hxx /misc/dn61/LocalWOK/wok_entities/LOC/dev/CR0-OCCT691-7-CR0-OCCT691-occt-64/inc/RWStepVisual_RWPresentationSet.hxx
+M RWStepVisual:privinclude:RWStepVisual_RWPresentationSet.jxx /misc/dn61/LocalWOK/wok_entities/LOC/dev/CR0-OCCT691-7-CR0-OCCT691-occt-64/drv/RWStepVisual/RWStepVisual_RWPresentationSet.jxx
+M RWStepVisual:privinclude:RWStepVisual_RWPresentationSet.ixx /misc/dn61/LocalWOK/wok_entities/LOC/dev/CR0-OCCT691-7-CR0-OCCT691-occt-64/drv/RWStepVisual/RWStepVisual_RWPresentationSet.ixx
+M RWStepVisual:pubinclude:RWStepVisual_RWPresentationSize.hxx /misc/dn61/LocalWOK/wok_entities/LOC/dev/CR0-OCCT691-7-CR0-OCCT691-occt-64/inc/RWStepVisual_RWPresentationSize.hxx
+M RWStepVisual:privinclude:RWStepVisual_RWPresentationSize.jxx /misc/dn61/LocalWOK/wok_entities/LOC/dev/CR0-OCCT691-7-CR0-OCCT691-occt-64/drv/RWStepVisual/RWStepVisual_RWPresentationSize.jxx
+M RWStepVisual:privinclude:RWStepVisual_RWPresentationSize.ixx /misc/dn61/LocalWOK/wok_entities/LOC/dev/CR0-OCCT691-7-CR0-OCCT691-occt-64/drv/RWStepVisual/RWStepVisual_RWPresentationSize.ixx
+M RWStepVisual:pubinclude:RWStepVisual_RWPresentationStyleAssignment.hxx /misc/dn61/LocalWOK/wok_entities/LOC/dev/CR0-OCCT691-7-CR0-OCCT691-occt-64/inc/RWStepVisual_RWPresentationStyleAssignment.hxx
+M RWStepVisual:privinclude:RWStepVisual_RWPresentationStyleAssignment.jxx /misc/dn61/LocalWOK/wok_entities/LOC/dev/CR0-OCCT691-7-CR0-OCCT691-occt-64/drv/RWStepVisual/RWStepVisual_RWPresentationStyleAssignment.jxx
+M RWStepVisual:privinclude:RWStepVisual_RWPresentationStyleAssignment.ixx /misc/dn61/LocalWOK/wok_entities/LOC/dev/CR0-OCCT691-7-CR0-OCCT691-occt-64/drv/RWStepVisual/RWStepVisual_RWPresentationStyleAssignment.ixx
+M RWStepVisual:pubinclude:RWStepVisual_RWPresentationStyleByContext.hxx /misc/dn61/LocalWOK/wok_entities/LOC/dev/CR0-OCCT691-7-CR0-OCCT691-occt-64/inc/RWStepVisual_RWPresentationStyleByContext.hxx
+M RWStepVisual:privinclude:RWStepVisual_RWPresentationStyleByContext.jxx /misc/dn61/LocalWOK/wok_entities/LOC/dev/CR0-OCCT691-7-CR0-OCCT691-occt-64/drv/RWStepVisual/RWStepVisual_RWPresentationStyleByContext.jxx
+M RWStepVisual:privinclude:RWStepVisual_RWPresentationStyleByContext.ixx /misc/dn61/LocalWOK/wok_entities/LOC/dev/CR0-OCCT691-7-CR0-OCCT691-occt-64/drv/RWStepVisual/RWStepVisual_RWPresentationStyleByContext.ixx
+M RWStepVisual:pubinclude:RWStepVisual_RWPresentationView.hxx /misc/dn61/LocalWOK/wok_entities/LOC/dev/CR0-OCCT691-7-CR0-OCCT691-occt-64/inc/RWStepVisual_RWPresentationView.hxx
+M RWStepVisual:privinclude:RWStepVisual_RWPresentationView.jxx /misc/dn61/LocalWOK/wok_entities/LOC/dev/CR0-OCCT691-7-CR0-OCCT691-occt-64/drv/RWStepVisual/RWStepVisual_RWPresentationView.jxx
+M RWStepVisual:privinclude:RWStepVisual_RWPresentationView.ixx /misc/dn61/LocalWOK/wok_entities/LOC/dev/CR0-OCCT691-7-CR0-OCCT691-occt-64/drv/RWStepVisual/RWStepVisual_RWPresentationView.ixx
+M RWStepVisual:pubinclude:RWStepVisual_RWStyledItem.hxx /misc/dn61/LocalWOK/wok_entities/LOC/dev/CR0-OCCT691-7-CR0-OCCT691-occt-64/inc/RWStepVisual_RWStyledItem.hxx
+M RWStepVisual:privinclude:RWStepVisual_RWStyledItem.jxx /misc/dn61/LocalWOK/wok_entities/LOC/dev/CR0-OCCT691-7-CR0-OCCT691-occt-64/drv/RWStepVisual/RWStepVisual_RWStyledItem.jxx
+M RWStepVisual:privinclude:RWStepVisual_RWStyledItem.ixx /misc/dn61/LocalWOK/wok_entities/LOC/dev/CR0-OCCT691-7-CR0-OCCT691-occt-64/drv/RWStepVisual/RWStepVisual_RWStyledItem.ixx
+M RWStepVisual:pubinclude:RWStepVisual_RWSurfaceSideStyle.hxx /misc/dn61/LocalWOK/wok_entities/LOC/dev/CR0-OCCT691-7-CR0-OCCT691-occt-64/inc/RWStepVisual_RWSurfaceSideStyle.hxx
+M RWStepVisual:privinclude:RWStepVisual_RWSurfaceSideStyle.jxx /misc/dn61/LocalWOK/wok_entities/LOC/dev/CR0-OCCT691-7-CR0-OCCT691-occt-64/drv/RWStepVisual/RWStepVisual_RWSurfaceSideStyle.jxx
+M RWStepVisual:privinclude:RWStepVisual_RWSurfaceSideStyle.ixx /misc/dn61/LocalWOK/wok_entities/LOC/dev/CR0-OCCT691-7-CR0-OCCT691-occt-64/drv/RWStepVisual/RWStepVisual_RWSurfaceSideStyle.ixx
+M RWStepVisual:pubinclude:RWStepVisual_RWSurfaceStyleBoundary.hxx /misc/dn61/LocalWOK/wok_entities/LOC/dev/CR0-OCCT691-7-CR0-OCCT691-occt-64/inc/RWStepVisual_RWSurfaceStyleBoundary.hxx
+M RWStepVisual:privinclude:RWStepVisual_RWSurfaceStyleBoundary.jxx /misc/dn61/LocalWOK/wok_entities/LOC/dev/CR0-OCCT691-7-CR0-OCCT691-occt-64/drv/RWStepVisual/RWStepVisual_RWSurfaceStyleBoundary.jxx
+M RWStepVisual:privinclude:RWStepVisual_RWSurfaceStyleBoundary.ixx /misc/dn61/LocalWOK/wok_entities/LOC/dev/CR0-OCCT691-7-CR0-OCCT691-occt-64/drv/RWStepVisual/RWStepVisual_RWSurfaceStyleBoundary.ixx
+M RWStepVisual:pubinclude:RWStepVisual_RWSurfaceStyleControlGrid.hxx /misc/dn61/LocalWOK/wok_entities/LOC/dev/CR0-OCCT691-7-CR0-OCCT691-occt-64/inc/RWStepVisual_RWSurfaceStyleControlGrid.hxx
+M RWStepVisual:privinclude:RWStepVisual_RWSurfaceStyleControlGrid.jxx /misc/dn61/LocalWOK/wok_entities/LOC/dev/CR0-OCCT691-7-CR0-OCCT691-occt-64/drv/RWStepVisual/RWStepVisual_RWSurfaceStyleControlGrid.jxx
+M RWStepVisual:privinclude:RWStepVisual_RWSurfaceStyleControlGrid.ixx /misc/dn61/LocalWOK/wok_entities/LOC/dev/CR0-OCCT691-7-CR0-OCCT691-occt-64/drv/RWStepVisual/RWStepVisual_RWSurfaceStyleControlGrid.ixx
+M RWStepVisual:pubinclude:RWStepVisual_RWSurfaceStyleFillArea.hxx /misc/dn61/LocalWOK/wok_entities/LOC/dev/CR0-OCCT691-7-CR0-OCCT691-occt-64/inc/RWStepVisual_RWSurfaceStyleFillArea.hxx
+M RWStepVisual:privinclude:RWStepVisual_RWSurfaceStyleFillArea.jxx /misc/dn61/LocalWOK/wok_entities/LOC/dev/CR0-OCCT691-7-CR0-OCCT691-occt-64/drv/RWStepVisual/RWStepVisual_RWSurfaceStyleFillArea.jxx
+M RWStepVisual:privinclude:RWStepVisual_RWSurfaceStyleFillArea.ixx /misc/dn61/LocalWOK/wok_entities/LOC/dev/CR0-OCCT691-7-CR0-OCCT691-occt-64/drv/RWStepVisual/RWStepVisual_RWSurfaceStyleFillArea.ixx
+M RWStepVisual:pubinclude:RWStepVisual_RWSurfaceStyleParameterLine.hxx /misc/dn61/LocalWOK/wok_entities/LOC/dev/CR0-OCCT691-7-CR0-OCCT691-occt-64/inc/RWStepVisual_RWSurfaceStyleParameterLine.hxx
+M RWStepVisual:privinclude:RWStepVisual_RWSurfaceStyleParameterLine.jxx /misc/dn61/LocalWOK/wok_entities/LOC/dev/CR0-OCCT691-7-CR0-OCCT691-occt-64/drv/RWStepVisual/RWStepVisual_RWSurfaceStyleParameterLine.jxx
+M RWStepVisual:privinclude:RWStepVisual_RWSurfaceStyleParameterLine.ixx /misc/dn61/LocalWOK/wok_entities/LOC/dev/CR0-OCCT691-7-CR0-OCCT691-occt-64/drv/RWStepVisual/RWStepVisual_RWSurfaceStyleParameterLine.ixx
+M RWStepVisual:pubinclude:RWStepVisual_RWSurfaceStyleSegmentationCurve.hxx /misc/dn61/LocalWOK/wok_entities/LOC/dev/CR0-OCCT691-7-CR0-OCCT691-occt-64/inc/RWStepVisual_RWSurfaceStyleSegmentationCurve.hxx
+M RWStepVisual:privinclude:RWStepVisual_RWSurfaceStyleSegmentationCurve.jxx /misc/dn61/LocalWOK/wok_entities/LOC/dev/CR0-OCCT691-7-CR0-OCCT691-occt-64/drv/RWStepVisual/RWStepVisual_RWSurfaceStyleSegmentationCurve.jxx
+M RWStepVisual:privinclude:RWStepVisual_RWSurfaceStyleSegmentationCurve.ixx /misc/dn61/LocalWOK/wok_entities/LOC/dev/CR0-OCCT691-7-CR0-OCCT691-occt-64/drv/RWStepVisual/RWStepVisual_RWSurfaceStyleSegmentationCurve.ixx
+M RWStepVisual:pubinclude:RWStepVisual_RWSurfaceStyleSilhouette.hxx /misc/dn61/LocalWOK/wok_entities/LOC/dev/CR0-OCCT691-7-CR0-OCCT691-occt-64/inc/RWStepVisual_RWSurfaceStyleSilhouette.hxx
+M RWStepVisual:privinclude:RWStepVisual_RWSurfaceStyleSilhouette.jxx /misc/dn61/LocalWOK/wok_entities/LOC/dev/CR0-OCCT691-7-CR0-OCCT691-occt-64/drv/RWStepVisual/RWStepVisual_RWSurfaceStyleSilhouette.jxx
+M RWStepVisual:privinclude:RWStepVisual_RWSurfaceStyleSilhouette.ixx /misc/dn61/LocalWOK/wok_entities/LOC/dev/CR0-OCCT691-7-CR0-OCCT691-occt-64/drv/RWStepVisual/RWStepVisual_RWSurfaceStyleSilhouette.ixx
+M RWStepVisual:pubinclude:RWStepVisual_RWSurfaceStyleUsage.hxx /misc/dn61/LocalWOK/wok_entities/LOC/dev/CR0-OCCT691-7-CR0-OCCT691-occt-64/inc/RWStepVisual_RWSurfaceStyleUsage.hxx
+M RWStepVisual:privinclude:RWStepVisual_RWSurfaceStyleUsage.jxx /misc/dn61/LocalWOK/wok_entities/LOC/dev/CR0-OCCT691-7-CR0-OCCT691-occt-64/drv/RWStepVisual/RWStepVisual_RWSurfaceStyleUsage.jxx
+M RWStepVisual:privinclude:RWStepVisual_RWSurfaceStyleUsage.ixx /misc/dn61/LocalWOK/wok_entities/LOC/dev/CR0-OCCT691-7-CR0-OCCT691-occt-64/drv/RWStepVisual/RWStepVisual_RWSurfaceStyleUsage.ixx
+M RWStepVisual:pubinclude:RWStepVisual_RWTemplate.hxx /misc/dn61/LocalWOK/wok_entities/LOC/dev/CR0-OCCT691-7-CR0-OCCT691-occt-64/inc/RWStepVisual_RWTemplate.hxx
+M RWStepVisual:privinclude:RWStepVisual_RWTemplate.jxx /misc/dn61/LocalWOK/wok_entities/LOC/dev/CR0-OCCT691-7-CR0-OCCT691-occt-64/drv/RWStepVisual/RWStepVisual_RWTemplate.jxx
+M RWStepVisual:privinclude:RWStepVisual_RWTemplate.ixx /misc/dn61/LocalWOK/wok_entities/LOC/dev/CR0-OCCT691-7-CR0-OCCT691-occt-64/drv/RWStepVisual/RWStepVisual_RWTemplate.ixx
+M RWStepVisual:pubinclude:RWStepVisual_RWTemplateInstance.hxx /misc/dn61/LocalWOK/wok_entities/LOC/dev/CR0-OCCT691-7-CR0-OCCT691-occt-64/inc/RWStepVisual_RWTemplateInstance.hxx
+M RWStepVisual:privinclude:RWStepVisual_RWTemplateInstance.jxx /misc/dn61/LocalWOK/wok_entities/LOC/dev/CR0-OCCT691-7-CR0-OCCT691-occt-64/drv/RWStepVisual/RWStepVisual_RWTemplateInstance.jxx
+M RWStepVisual:privinclude:RWStepVisual_RWTemplateInstance.ixx /misc/dn61/LocalWOK/wok_entities/LOC/dev/CR0-OCCT691-7-CR0-OCCT691-occt-64/drv/RWStepVisual/RWStepVisual_RWTemplateInstance.ixx
+M RWStepVisual:pubinclude:RWStepVisual_RWTextLiteral.hxx /misc/dn61/LocalWOK/wok_entities/LOC/dev/CR0-OCCT691-7-CR0-OCCT691-occt-64/inc/RWStepVisual_RWTextLiteral.hxx
+M RWStepVisual:privinclude:RWStepVisual_RWTextLiteral.jxx /misc/dn61/LocalWOK/wok_entities/LOC/dev/CR0-OCCT691-7-CR0-OCCT691-occt-64/drv/RWStepVisual/RWStepVisual_RWTextLiteral.jxx
+M RWStepVisual:privinclude:RWStepVisual_RWTextLiteral.ixx /misc/dn61/LocalWOK/wok_entities/LOC/dev/CR0-OCCT691-7-CR0-OCCT691-occt-64/drv/RWStepVisual/RWStepVisual_RWTextLiteral.ixx
+M RWStepVisual:pubinclude:RWStepVisual_RWTextStyle.hxx /misc/dn61/LocalWOK/wok_entities/LOC/dev/CR0-OCCT691-7-CR0-OCCT691-occt-64/inc/RWStepVisual_RWTextStyle.hxx
+M RWStepVisual:privinclude:RWStepVisual_RWTextStyle.jxx /misc/dn61/LocalWOK/wok_entities/LOC/dev/CR0-OCCT691-7-CR0-OCCT691-occt-64/drv/RWStepVisual/RWStepVisual_RWTextStyle.jxx
+M RWStepVisual:privinclude:RWStepVisual_RWTextStyle.ixx /misc/dn61/LocalWOK/wok_entities/LOC/dev/CR0-OCCT691-7-CR0-OCCT691-occt-64/drv/RWStepVisual/RWStepVisual_RWTextStyle.ixx
+M RWStepVisual:pubinclude:RWStepVisual_RWTextStyleForDefinedFont.hxx /misc/dn61/LocalWOK/wok_entities/LOC/dev/CR0-OCCT691-7-CR0-OCCT691-occt-64/inc/RWStepVisual_RWTextStyleForDefinedFont.hxx
+M RWStepVisual:privinclude:RWStepVisual_RWTextStyleForDefinedFont.jxx /misc/dn61/LocalWOK/wok_entities/LOC/dev/CR0-OCCT691-7-CR0-OCCT691-occt-64/drv/RWStepVisual/RWStepVisual_RWTextStyleForDefinedFont.jxx
+M RWStepVisual:privinclude:RWStepVisual_RWTextStyleForDefinedFont.ixx /misc/dn61/LocalWOK/wok_entities/LOC/dev/CR0-OCCT691-7-CR0-OCCT691-occt-64/drv/RWStepVisual/RWStepVisual_RWTextStyleForDefinedFont.ixx
+M RWStepVisual:pubinclude:RWStepVisual_RWTextStyleWithBoxCharacteristics.hxx /misc/dn61/LocalWOK/wok_entities/LOC/dev/CR0-OCCT691-7-CR0-OCCT691-occt-64/inc/RWStepVisual_RWTextStyleWithBoxCharacteristics.hxx
+M RWStepVisual:privinclude:RWStepVisual_RWTextStyleWithBoxCharacteristics.jxx /misc/dn61/LocalWOK/wok_entities/LOC/dev/CR0-OCCT691-7-CR0-OCCT691-occt-64/drv/RWStepVisual/RWStepVisual_RWTextStyleWithBoxCharacteristics.jxx
+M RWStepVisual:privinclude:RWStepVisual_RWTextStyleWithBoxCharacteristics.ixx /misc/dn61/LocalWOK/wok_entities/LOC/dev/CR0-OCCT691-7-CR0-OCCT691-occt-64/drv/RWStepVisual/RWStepVisual_RWTextStyleWithBoxCharacteristics.ixx
+M RWStepVisual:pubinclude:RWStepVisual_RWViewVolume.hxx /misc/dn61/LocalWOK/wok_entities/LOC/dev/CR0-OCCT691-7-CR0-OCCT691-occt-64/inc/RWStepVisual_RWViewVolume.hxx
+M RWStepVisual:privinclude:RWStepVisual_RWViewVolume.jxx /misc/dn61/LocalWOK/wok_entities/LOC/dev/CR0-OCCT691-7-CR0-OCCT691-occt-64/drv/RWStepVisual/RWStepVisual_RWViewVolume.jxx
+M RWStepVisual:privinclude:RWStepVisual_RWViewVolume.ixx /misc/dn61/LocalWOK/wok_entities/LOC/dev/CR0-OCCT691-7-CR0-OCCT691-occt-64/drv/RWStepVisual/RWStepVisual_RWViewVolume.ixx
+M RWStepVisual:pubinclude:RWStepVisual_RWPresentedItemRepresentation.hxx /misc/dn61/LocalWOK/wok_entities/LOC/dev/CR0-OCCT691-7-CR0-OCCT691-occt-64/inc/RWStepVisual_RWPresentedItemRepresentation.hxx
+M RWStepVisual:privinclude:RWStepVisual_RWPresentedItemRepresentation.jxx /misc/dn61/LocalWOK/wok_entities/LOC/dev/CR0-OCCT691-7-CR0-OCCT691-occt-64/drv/RWStepVisual/RWStepVisual_RWPresentedItemRepresentation.jxx
+M RWStepVisual:privinclude:RWStepVisual_RWPresentedItemRepresentation.ixx /misc/dn61/LocalWOK/wok_entities/LOC/dev/CR0-OCCT691-7-CR0-OCCT691-occt-64/drv/RWStepVisual/RWStepVisual_RWPresentedItemRepresentation.ixx
+M RWStepVisual:pubinclude:RWStepVisual_RWPresentationLayerUsage.hxx /misc/dn61/LocalWOK/wok_entities/LOC/dev/CR0-OCCT691-7-CR0-OCCT691-occt-64/inc/RWStepVisual_RWPresentationLayerUsage.hxx
+M RWStepVisual:privinclude:RWStepVisual_RWPresentationLayerUsage.jxx /misc/dn61/LocalWOK/wok_entities/LOC/dev/CR0-OCCT691-7-CR0-OCCT691-occt-64/drv/RWStepVisual/RWStepVisual_RWPresentationLayerUsage.jxx
+M RWStepVisual:privinclude:RWStepVisual_RWPresentationLayerUsage.ixx /misc/dn61/LocalWOK/wok_entities/LOC/dev/CR0-OCCT691-7-CR0-OCCT691-occt-64/drv/RWStepVisual/RWStepVisual_RWPresentationLayerUsage.ixx
+M RWStepVisual:dbadmfile:RWStepVisual_xcpp_header.In /misc/dn61/LocalWOK/wok_entities/LOC/dev/CR0-OCCT691-7-CR0-OCCT691-occt-64/drv/RWStepVisual/.adm/RWStepVisual_xcpp_header.In
+M RWStepVisual:dbadmfile:RWStepVisual_xcpp_header.Out /misc/dn61/LocalWOK/wok_entities/LOC/dev/CR0-OCCT691-7-CR0-OCCT691-occt-64/drv/RWStepVisual/.adm/RWStepVisual_xcpp_header.Out
+M RWStepVisual:dbadmfile:RWStepVisual_xcpp_header.Dep /misc/dn61/LocalWOK/wok_entities/LOC/dev/CR0-OCCT691-7-CR0-OCCT691-occt-64/drv/RWStepVisual/.adm/RWStepVisual_xcpp_header.Dep
