+M Aspect:pubinclude:Handle_Aspect_AspectLine.hxx /misc/dn61/LocalWOK/wok_entities/LOC/dev/CR0-OCCT691-7-CR0-OCCT691-occt-64/inc/Handle_Aspect_AspectLine.hxx
+M Aspect:pubinclude:Aspect_AspectLine.hxx /misc/dn61/LocalWOK/wok_entities/LOC/dev/CR0-OCCT691-7-CR0-OCCT691-occt-64/inc/Aspect_AspectLine.hxx
+M Aspect:privinclude:Aspect_AspectLine.jxx /misc/dn61/LocalWOK/wok_entities/LOC/dev/CR0-OCCT691-7-CR0-OCCT691-occt-64/drv/Aspect/Aspect_AspectLine.jxx
+M Aspect:privinclude:Aspect_AspectLine.ixx /misc/dn61/LocalWOK/wok_entities/LOC/dev/CR0-OCCT691-7-CR0-OCCT691-occt-64/drv/Aspect/Aspect_AspectLine.ixx
+M Aspect:pubinclude:Handle_Aspect_AspectMarker.hxx /misc/dn61/LocalWOK/wok_entities/LOC/dev/CR0-OCCT691-7-CR0-OCCT691-occt-64/inc/Handle_Aspect_AspectMarker.hxx
+M Aspect:pubinclude:Aspect_AspectMarker.hxx /misc/dn61/LocalWOK/wok_entities/LOC/dev/CR0-OCCT691-7-CR0-OCCT691-occt-64/inc/Aspect_AspectMarker.hxx
+M Aspect:privinclude:Aspect_AspectMarker.jxx /misc/dn61/LocalWOK/wok_entities/LOC/dev/CR0-OCCT691-7-CR0-OCCT691-occt-64/drv/Aspect/Aspect_AspectMarker.jxx
+M Aspect:privinclude:Aspect_AspectMarker.ixx /misc/dn61/LocalWOK/wok_entities/LOC/dev/CR0-OCCT691-7-CR0-OCCT691-occt-64/drv/Aspect/Aspect_AspectMarker.ixx
+M Aspect:pubinclude:Handle_Aspect_AspectFillArea.hxx /misc/dn61/LocalWOK/wok_entities/LOC/dev/CR0-OCCT691-7-CR0-OCCT691-occt-64/inc/Handle_Aspect_AspectFillArea.hxx
+M Aspect:pubinclude:Aspect_AspectFillArea.hxx /misc/dn61/LocalWOK/wok_entities/LOC/dev/CR0-OCCT691-7-CR0-OCCT691-occt-64/inc/Aspect_AspectFillArea.hxx
+M Aspect:privinclude:Aspect_AspectFillArea.jxx /misc/dn61/LocalWOK/wok_entities/LOC/dev/CR0-OCCT691-7-CR0-OCCT691-occt-64/drv/Aspect/Aspect_AspectFillArea.jxx
+M Aspect:privinclude:Aspect_AspectFillArea.ixx /misc/dn61/LocalWOK/wok_entities/LOC/dev/CR0-OCCT691-7-CR0-OCCT691-occt-64/drv/Aspect/Aspect_AspectFillArea.ixx
+M Aspect:pubinclude:Aspect_Background.hxx /misc/dn61/LocalWOK/wok_entities/LOC/dev/CR0-OCCT691-7-CR0-OCCT691-occt-64/inc/Aspect_Background.hxx
+M Aspect:privinclude:Aspect_Background.jxx /misc/dn61/LocalWOK/wok_entities/LOC/dev/CR0-OCCT691-7-CR0-OCCT691-occt-64/drv/Aspect/Aspect_Background.jxx
+M Aspect:privinclude:Aspect_Background.ixx /misc/dn61/LocalWOK/wok_entities/LOC/dev/CR0-OCCT691-7-CR0-OCCT691-occt-64/drv/Aspect/Aspect_Background.ixx
+M Aspect:pubinclude:Aspect_GradientBackground.hxx /misc/dn61/LocalWOK/wok_entities/LOC/dev/CR0-OCCT691-7-CR0-OCCT691-occt-64/inc/Aspect_GradientBackground.hxx
+M Aspect:privinclude:Aspect_GradientBackground.jxx /misc/dn61/LocalWOK/wok_entities/LOC/dev/CR0-OCCT691-7-CR0-OCCT691-occt-64/drv/Aspect/Aspect_GradientBackground.jxx
+M Aspect:privinclude:Aspect_GradientBackground.ixx /misc/dn61/LocalWOK/wok_entities/LOC/dev/CR0-OCCT691-7-CR0-OCCT691-occt-64/drv/Aspect/Aspect_GradientBackground.ixx
+M Aspect:pubinclude:Aspect_GenId.hxx /misc/dn61/LocalWOK/wok_entities/LOC/dev/CR0-OCCT691-7-CR0-OCCT691-occt-64/inc/Aspect_GenId.hxx
+M Aspect:privinclude:Aspect_GenId.jxx /misc/dn61/LocalWOK/wok_entities/LOC/dev/CR0-OCCT691-7-CR0-OCCT691-occt-64/drv/Aspect/Aspect_GenId.jxx
+M Aspect:privinclude:Aspect_GenId.ixx /misc/dn61/LocalWOK/wok_entities/LOC/dev/CR0-OCCT691-7-CR0-OCCT691-occt-64/drv/Aspect/Aspect_GenId.ixx
+M Aspect:pubinclude:Handle_Aspect_Window.hxx /misc/dn61/LocalWOK/wok_entities/LOC/dev/CR0-OCCT691-7-CR0-OCCT691-occt-64/inc/Handle_Aspect_Window.hxx
+M Aspect:pubinclude:Aspect_Window.hxx /misc/dn61/LocalWOK/wok_entities/LOC/dev/CR0-OCCT691-7-CR0-OCCT691-occt-64/inc/Aspect_Window.hxx
+M Aspect:privinclude:Aspect_Window.jxx /misc/dn61/LocalWOK/wok_entities/LOC/dev/CR0-OCCT691-7-CR0-OCCT691-occt-64/drv/Aspect/Aspect_Window.jxx
+M Aspect:privinclude:Aspect_Window.ixx /misc/dn61/LocalWOK/wok_entities/LOC/dev/CR0-OCCT691-7-CR0-OCCT691-occt-64/drv/Aspect/Aspect_Window.ixx
+M Aspect:pubinclude:Handle_Aspect_Grid.hxx /misc/dn61/LocalWOK/wok_entities/LOC/dev/CR0-OCCT691-7-CR0-OCCT691-occt-64/inc/Handle_Aspect_Grid.hxx
+M Aspect:pubinclude:Aspect_Grid.hxx /misc/dn61/LocalWOK/wok_entities/LOC/dev/CR0-OCCT691-7-CR0-OCCT691-occt-64/inc/Aspect_Grid.hxx
+M Aspect:privinclude:Aspect_Grid.jxx /misc/dn61/LocalWOK/wok_entities/LOC/dev/CR0-OCCT691-7-CR0-OCCT691-occt-64/drv/Aspect/Aspect_Grid.jxx
+M Aspect:privinclude:Aspect_Grid.ixx /misc/dn61/LocalWOK/wok_entities/LOC/dev/CR0-OCCT691-7-CR0-OCCT691-occt-64/drv/Aspect/Aspect_Grid.ixx
+M Aspect:pubinclude:Handle_Aspect_RectangularGrid.hxx /misc/dn61/LocalWOK/wok_entities/LOC/dev/CR0-OCCT691-7-CR0-OCCT691-occt-64/inc/Handle_Aspect_RectangularGrid.hxx
+M Aspect:pubinclude:Aspect_RectangularGrid.hxx /misc/dn61/LocalWOK/wok_entities/LOC/dev/CR0-OCCT691-7-CR0-OCCT691-occt-64/inc/Aspect_RectangularGrid.hxx
+M Aspect:privinclude:Aspect_RectangularGrid.jxx /misc/dn61/LocalWOK/wok_entities/LOC/dev/CR0-OCCT691-7-CR0-OCCT691-occt-64/drv/Aspect/Aspect_RectangularGrid.jxx
+M Aspect:privinclude:Aspect_RectangularGrid.ixx /misc/dn61/LocalWOK/wok_entities/LOC/dev/CR0-OCCT691-7-CR0-OCCT691-occt-64/drv/Aspect/Aspect_RectangularGrid.ixx
+M Aspect:pubinclude:Handle_Aspect_CircularGrid.hxx /misc/dn61/LocalWOK/wok_entities/LOC/dev/CR0-OCCT691-7-CR0-OCCT691-occt-64/inc/Handle_Aspect_CircularGrid.hxx
+M Aspect:pubinclude:Aspect_CircularGrid.hxx /misc/dn61/LocalWOK/wok_entities/LOC/dev/CR0-OCCT691-7-CR0-OCCT691-occt-64/inc/Aspect_CircularGrid.hxx
+M Aspect:privinclude:Aspect_CircularGrid.jxx /misc/dn61/LocalWOK/wok_entities/LOC/dev/CR0-OCCT691-7-CR0-OCCT691-occt-64/drv/Aspect/Aspect_CircularGrid.jxx
+M Aspect:privinclude:Aspect_CircularGrid.ixx /misc/dn61/LocalWOK/wok_entities/LOC/dev/CR0-OCCT691-7-CR0-OCCT691-occt-64/drv/Aspect/Aspect_CircularGrid.ixx
+M Aspect:pubinclude:Handle_Aspect_ColorScale.hxx /misc/dn61/LocalWOK/wok_entities/LOC/dev/CR0-OCCT691-7-CR0-OCCT691-occt-64/inc/Handle_Aspect_ColorScale.hxx
+M Aspect:pubinclude:Aspect_ColorScale.hxx /misc/dn61/LocalWOK/wok_entities/LOC/dev/CR0-OCCT691-7-CR0-OCCT691-occt-64/inc/Aspect_ColorScale.hxx
+M Aspect:privinclude:Aspect_ColorScale.jxx /misc/dn61/LocalWOK/wok_entities/LOC/dev/CR0-OCCT691-7-CR0-OCCT691-occt-64/drv/Aspect/Aspect_ColorScale.jxx
+M Aspect:privinclude:Aspect_ColorScale.ixx /misc/dn61/LocalWOK/wok_entities/LOC/dev/CR0-OCCT691-7-CR0-OCCT691-occt-64/drv/Aspect/Aspect_ColorScale.ixx
+M Aspect:pubinclude:Aspect_SequenceOfColor.hxx /misc/dn61/LocalWOK/wok_entities/LOC/dev/CR0-OCCT691-7-CR0-OCCT691-occt-64/inc/Aspect_SequenceOfColor.hxx
+M Aspect:derivated:Aspect_SequenceOfColor_0.cxx /misc/dn61/LocalWOK/wok_entities/LOC/dev/CR0-OCCT691-7-CR0-OCCT691-occt-64/drv/Aspect/Aspect_SequenceOfColor_0.cxx
+M Aspect:pubinclude:Handle_Aspect_SequenceNodeOfSequenceOfColor.hxx /misc/dn61/LocalWOK/wok_entities/LOC/dev/CR0-OCCT691-7-CR0-OCCT691-occt-64/inc/Handle_Aspect_SequenceNodeOfSequenceOfColor.hxx
+M Aspect:pubinclude:Aspect_SequenceNodeOfSequenceOfColor.hxx /misc/dn61/LocalWOK/wok_entities/LOC/dev/CR0-OCCT691-7-CR0-OCCT691-occt-64/inc/Aspect_SequenceNodeOfSequenceOfColor.hxx
+M Aspect:derivated:Aspect_SequenceNodeOfSequenceOfColor_0.cxx /misc/dn61/LocalWOK/wok_entities/LOC/dev/CR0-OCCT691-7-CR0-OCCT691-occt-64/drv/Aspect/Aspect_SequenceNodeOfSequenceOfColor_0.cxx
+M Aspect:pubinclude:Handle_Aspect_AspectLineDefinitionError.hxx /misc/dn61/LocalWOK/wok_entities/LOC/dev/CR0-OCCT691-7-CR0-OCCT691-occt-64/inc/Handle_Aspect_AspectLineDefinitionError.hxx
+M Aspect:pubinclude:Aspect_AspectLineDefinitionError.hxx /misc/dn61/LocalWOK/wok_entities/LOC/dev/CR0-OCCT691-7-CR0-OCCT691-occt-64/inc/Aspect_AspectLineDefinitionError.hxx
+M Aspect:derivated:Aspect_AspectLineDefinitionError_0.cxx /misc/dn61/LocalWOK/wok_entities/LOC/dev/CR0-OCCT691-7-CR0-OCCT691-occt-64/drv/Aspect/Aspect_AspectLineDefinitionError_0.cxx
+M Aspect:pubinclude:Handle_Aspect_AspectFillAreaDefinitionError.hxx /misc/dn61/LocalWOK/wok_entities/LOC/dev/CR0-OCCT691-7-CR0-OCCT691-occt-64/inc/Handle_Aspect_AspectFillAreaDefinitionError.hxx
+M Aspect:pubinclude:Aspect_AspectFillAreaDefinitionError.hxx /misc/dn61/LocalWOK/wok_entities/LOC/dev/CR0-OCCT691-7-CR0-OCCT691-occt-64/inc/Aspect_AspectFillAreaDefinitionError.hxx
+M Aspect:derivated:Aspect_AspectFillAreaDefinitionError_0.cxx /misc/dn61/LocalWOK/wok_entities/LOC/dev/CR0-OCCT691-7-CR0-OCCT691-occt-64/drv/Aspect/Aspect_AspectFillAreaDefinitionError_0.cxx
+M Aspect:pubinclude:Handle_Aspect_AspectMarkerDefinitionError.hxx /misc/dn61/LocalWOK/wok_entities/LOC/dev/CR0-OCCT691-7-CR0-OCCT691-occt-64/inc/Handle_Aspect_AspectMarkerDefinitionError.hxx
+M Aspect:pubinclude:Aspect_AspectMarkerDefinitionError.hxx /misc/dn61/LocalWOK/wok_entities/LOC/dev/CR0-OCCT691-7-CR0-OCCT691-occt-64/inc/Aspect_AspectMarkerDefinitionError.hxx
+M Aspect:derivated:Aspect_AspectMarkerDefinitionError_0.cxx /misc/dn61/LocalWOK/wok_entities/LOC/dev/CR0-OCCT691-7-CR0-OCCT691-occt-64/drv/Aspect/Aspect_AspectMarkerDefinitionError_0.cxx
+M Aspect:pubinclude:Handle_Aspect_BadAccess.hxx /misc/dn61/LocalWOK/wok_entities/LOC/dev/CR0-OCCT691-7-CR0-OCCT691-occt-64/inc/Handle_Aspect_BadAccess.hxx
+M Aspect:pubinclude:Aspect_BadAccess.hxx /misc/dn61/LocalWOK/wok_entities/LOC/dev/CR0-OCCT691-7-CR0-OCCT691-occt-64/inc/Aspect_BadAccess.hxx
+M Aspect:derivated:Aspect_BadAccess_0.cxx /misc/dn61/LocalWOK/wok_entities/LOC/dev/CR0-OCCT691-7-CR0-OCCT691-occt-64/drv/Aspect/Aspect_BadAccess_0.cxx
+M Aspect:pubinclude:Handle_Aspect_IdentDefinitionError.hxx /misc/dn61/LocalWOK/wok_entities/LOC/dev/CR0-OCCT691-7-CR0-OCCT691-occt-64/inc/Handle_Aspect_IdentDefinitionError.hxx
+M Aspect:pubinclude:Aspect_IdentDefinitionError.hxx /misc/dn61/LocalWOK/wok_entities/LOC/dev/CR0-OCCT691-7-CR0-OCCT691-occt-64/inc/Aspect_IdentDefinitionError.hxx
+M Aspect:derivated:Aspect_IdentDefinitionError_0.cxx /misc/dn61/LocalWOK/wok_entities/LOC/dev/CR0-OCCT691-7-CR0-OCCT691-occt-64/drv/Aspect/Aspect_IdentDefinitionError_0.cxx
+M Aspect:pubinclude:Handle_Aspect_WindowDefinitionError.hxx /misc/dn61/LocalWOK/wok_entities/LOC/dev/CR0-OCCT691-7-CR0-OCCT691-occt-64/inc/Handle_Aspect_WindowDefinitionError.hxx
+M Aspect:pubinclude:Aspect_WindowDefinitionError.hxx /misc/dn61/LocalWOK/wok_entities/LOC/dev/CR0-OCCT691-7-CR0-OCCT691-occt-64/inc/Aspect_WindowDefinitionError.hxx
+M Aspect:derivated:Aspect_WindowDefinitionError_0.cxx /misc/dn61/LocalWOK/wok_entities/LOC/dev/CR0-OCCT691-7-CR0-OCCT691-occt-64/drv/Aspect/Aspect_WindowDefinitionError_0.cxx
+M Aspect:pubinclude:Handle_Aspect_WindowError.hxx /misc/dn61/LocalWOK/wok_entities/LOC/dev/CR0-OCCT691-7-CR0-OCCT691-occt-64/inc/Handle_Aspect_WindowError.hxx
+M Aspect:pubinclude:Aspect_WindowError.hxx /misc/dn61/LocalWOK/wok_entities/LOC/dev/CR0-OCCT691-7-CR0-OCCT691-occt-64/inc/Aspect_WindowError.hxx
+M Aspect:derivated:Aspect_WindowError_0.cxx /misc/dn61/LocalWOK/wok_entities/LOC/dev/CR0-OCCT691-7-CR0-OCCT691-occt-64/drv/Aspect/Aspect_WindowError_0.cxx
+M Aspect:pubinclude:Handle_Aspect_DriverDefinitionError.hxx /misc/dn61/LocalWOK/wok_entities/LOC/dev/CR0-OCCT691-7-CR0-OCCT691-occt-64/inc/Handle_Aspect_DriverDefinitionError.hxx
+M Aspect:pubinclude:Aspect_DriverDefinitionError.hxx /misc/dn61/LocalWOK/wok_entities/LOC/dev/CR0-OCCT691-7-CR0-OCCT691-occt-64/inc/Aspect_DriverDefinitionError.hxx
+M Aspect:derivated:Aspect_DriverDefinitionError_0.cxx /misc/dn61/LocalWOK/wok_entities/LOC/dev/CR0-OCCT691-7-CR0-OCCT691-occt-64/drv/Aspect/Aspect_DriverDefinitionError_0.cxx
+M Aspect:pubinclude:Handle_Aspect_GraphicDeviceDefinitionError.hxx /misc/dn61/LocalWOK/wok_entities/LOC/dev/CR0-OCCT691-7-CR0-OCCT691-occt-64/inc/Handle_Aspect_GraphicDeviceDefinitionError.hxx
+M Aspect:pubinclude:Aspect_GraphicDeviceDefinitionError.hxx /misc/dn61/LocalWOK/wok_entities/LOC/dev/CR0-OCCT691-7-CR0-OCCT691-occt-64/inc/Aspect_GraphicDeviceDefinitionError.hxx
+M Aspect:derivated:Aspect_GraphicDeviceDefinitionError_0.cxx /misc/dn61/LocalWOK/wok_entities/LOC/dev/CR0-OCCT691-7-CR0-OCCT691-occt-64/drv/Aspect/Aspect_GraphicDeviceDefinitionError_0.cxx
+M Aspect:pubinclude:Handle_Aspect_DisplayConnectionDefinitionError.hxx /misc/dn61/LocalWOK/wok_entities/LOC/dev/CR0-OCCT691-7-CR0-OCCT691-occt-64/inc/Handle_Aspect_DisplayConnectionDefinitionError.hxx
+M Aspect:pubinclude:Aspect_DisplayConnectionDefinitionError.hxx /misc/dn61/LocalWOK/wok_entities/LOC/dev/CR0-OCCT691-7-CR0-OCCT691-occt-64/inc/Aspect_DisplayConnectionDefinitionError.hxx
+M Aspect:derivated:Aspect_DisplayConnectionDefinitionError_0.cxx /misc/dn61/LocalWOK/wok_entities/LOC/dev/CR0-OCCT691-7-CR0-OCCT691-occt-64/drv/Aspect/Aspect_DisplayConnectionDefinitionError_0.cxx
+M Aspect:pubinclude:Aspect_HatchStyle.hxx /misc/dn61/LocalWOK/wok_entities/LOC/dev/CR0-OCCT691-7-CR0-OCCT691-occt-64/inc/Aspect_HatchStyle.hxx
+M Aspect:pubinclude:Aspect_InteriorStyle.hxx /misc/dn61/LocalWOK/wok_entities/LOC/dev/CR0-OCCT691-7-CR0-OCCT691-occt-64/inc/Aspect_InteriorStyle.hxx
+M Aspect:pubinclude:Aspect_TypeOfConstraint.hxx /misc/dn61/LocalWOK/wok_entities/LOC/dev/CR0-OCCT691-7-CR0-OCCT691-occt-64/inc/Aspect_TypeOfConstraint.hxx
+M Aspect:pubinclude:Aspect_TypeOfDrawMode.hxx /misc/dn61/LocalWOK/wok_entities/LOC/dev/CR0-OCCT691-7-CR0-OCCT691-occt-64/inc/Aspect_TypeOfDrawMode.hxx
+M Aspect:pubinclude:Aspect_TypeOfEdge.hxx /misc/dn61/LocalWOK/wok_entities/LOC/dev/CR0-OCCT691-7-CR0-OCCT691-occt-64/inc/Aspect_TypeOfEdge.hxx
+M Aspect:pubinclude:Aspect_TypeOfHighlightMethod.hxx /misc/dn61/LocalWOK/wok_entities/LOC/dev/CR0-OCCT691-7-CR0-OCCT691-occt-64/inc/Aspect_TypeOfHighlightMethod.hxx
+M Aspect:pubinclude:Aspect_TypeOfLine.hxx /misc/dn61/LocalWOK/wok_entities/LOC/dev/CR0-OCCT691-7-CR0-OCCT691-occt-64/inc/Aspect_TypeOfLine.hxx
+M Aspect:pubinclude:Aspect_WidthOfLine.hxx /misc/dn61/LocalWOK/wok_entities/LOC/dev/CR0-OCCT691-7-CR0-OCCT691-occt-64/inc/Aspect_WidthOfLine.hxx
+M Aspect:pubinclude:Aspect_TypeOfStyleText.hxx /misc/dn61/LocalWOK/wok_entities/LOC/dev/CR0-OCCT691-7-CR0-OCCT691-occt-64/inc/Aspect_TypeOfStyleText.hxx
+M Aspect:pubinclude:Aspect_TypeOfDisplayText.hxx /misc/dn61/LocalWOK/wok_entities/LOC/dev/CR0-OCCT691-7-CR0-OCCT691-occt-64/inc/Aspect_TypeOfDisplayText.hxx
+M Aspect:pubinclude:Aspect_TypeOfMarker.hxx /misc/dn61/LocalWOK/wok_entities/LOC/dev/CR0-OCCT691-7-CR0-OCCT691-occt-64/inc/Aspect_TypeOfMarker.hxx
+M Aspect:pubinclude:Aspect_TypeOfUpdate.hxx /misc/dn61/LocalWOK/wok_entities/LOC/dev/CR0-OCCT691-7-CR0-OCCT691-occt-64/inc/Aspect_TypeOfUpdate.hxx
+M Aspect:pubinclude:Aspect_TypeOfDeflection.hxx /misc/dn61/LocalWOK/wok_entities/LOC/dev/CR0-OCCT691-7-CR0-OCCT691-occt-64/inc/Aspect_TypeOfDeflection.hxx
+M Aspect:pubinclude:Aspect_TypeOfResize.hxx /misc/dn61/LocalWOK/wok_entities/LOC/dev/CR0-OCCT691-7-CR0-OCCT691-occt-64/inc/Aspect_TypeOfResize.hxx
+M Aspect:pubinclude:Aspect_TypeOfPrimitive.hxx /misc/dn61/LocalWOK/wok_entities/LOC/dev/CR0-OCCT691-7-CR0-OCCT691-occt-64/inc/Aspect_TypeOfPrimitive.hxx
+M Aspect:pubinclude:Aspect_GridDrawMode.hxx /misc/dn61/LocalWOK/wok_entities/LOC/dev/CR0-OCCT691-7-CR0-OCCT691-occt-64/inc/Aspect_GridDrawMode.hxx
+M Aspect:pubinclude:Aspect_GridType.hxx /misc/dn61/LocalWOK/wok_entities/LOC/dev/CR0-OCCT691-7-CR0-OCCT691-occt-64/inc/Aspect_GridType.hxx
+M Aspect:pubinclude:Aspect_TypeOfTriedronEcho.hxx /misc/dn61/LocalWOK/wok_entities/LOC/dev/CR0-OCCT691-7-CR0-OCCT691-occt-64/inc/Aspect_TypeOfTriedronEcho.hxx
+M Aspect:pubinclude:Aspect_TypeOfTriedronPosition.hxx /misc/dn61/LocalWOK/wok_entities/LOC/dev/CR0-OCCT691-7-CR0-OCCT691-occt-64/inc/Aspect_TypeOfTriedronPosition.hxx
+M Aspect:pubinclude:Aspect_TypeOfLayer.hxx /misc/dn61/LocalWOK/wok_entities/LOC/dev/CR0-OCCT691-7-CR0-OCCT691-occt-64/inc/Aspect_TypeOfLayer.hxx
+M Aspect:pubinclude:Aspect_TypeOfFacingModel.hxx /misc/dn61/LocalWOK/wok_entities/LOC/dev/CR0-OCCT691-7-CR0-OCCT691-occt-64/inc/Aspect_TypeOfFacingModel.hxx
+M Aspect:pubinclude:Aspect_FillMethod.hxx /misc/dn61/LocalWOK/wok_entities/LOC/dev/CR0-OCCT691-7-CR0-OCCT691-occt-64/inc/Aspect_FillMethod.hxx
+M Aspect:pubinclude:Aspect_GradientFillMethod.hxx /misc/dn61/LocalWOK/wok_entities/LOC/dev/CR0-OCCT691-7-CR0-OCCT691-occt-64/inc/Aspect_GradientFillMethod.hxx
+M Aspect:pubinclude:Aspect_TypeOfColorScaleData.hxx /misc/dn61/LocalWOK/wok_entities/LOC/dev/CR0-OCCT691-7-CR0-OCCT691-occt-64/inc/Aspect_TypeOfColorScaleData.hxx
+M Aspect:pubinclude:Aspect_TypeOfColorScalePosition.hxx /misc/dn61/LocalWOK/wok_entities/LOC/dev/CR0-OCCT691-7-CR0-OCCT691-occt-64/inc/Aspect_TypeOfColorScalePosition.hxx
+M Aspect:pubinclude:Aspect_TypeOfColorScaleOrientation.hxx /misc/dn61/LocalWOK/wok_entities/LOC/dev/CR0-OCCT691-7-CR0-OCCT691-occt-64/inc/Aspect_TypeOfColorScaleOrientation.hxx
+M Aspect:pubinclude:Aspect_PrintAlgo.hxx /misc/dn61/LocalWOK/wok_entities/LOC/dev/CR0-OCCT691-7-CR0-OCCT691-occt-64/inc/Aspect_PrintAlgo.hxx
+M Aspect:pubinclude:Aspect_XAtom.hxx /misc/dn61/LocalWOK/wok_entities/LOC/dev/CR0-OCCT691-7-CR0-OCCT691-occt-64/inc/Aspect_XAtom.hxx
+M Aspect:dbadmfile:Aspect_xcpp_header.In /misc/dn61/LocalWOK/wok_entities/LOC/dev/CR0-OCCT691-7-CR0-OCCT691-occt-64/drv/Aspect/.adm/Aspect_xcpp_header.In
+M Aspect:dbadmfile:Aspect_xcpp_header.Out /misc/dn61/LocalWOK/wok_entities/LOC/dev/CR0-OCCT691-7-CR0-OCCT691-occt-64/drv/Aspect/.adm/Aspect_xcpp_header.Out
+M Aspect:dbadmfile:Aspect_xcpp_header.Dep /misc/dn61/LocalWOK/wok_entities/LOC/dev/CR0-OCCT691-7-CR0-OCCT691-occt-64/drv/Aspect/.adm/Aspect_xcpp_header.Dep
