+M BRepAdaptor:pubinclude:BRepAdaptor_Surface.hxx /misc/dn61/LocalWOK/wok_entities/LOC/dev/CR0-OCCT691-7-CR0-OCCT691-occt-64/inc/BRepAdaptor_Surface.hxx
+M BRepAdaptor:privinclude:BRepAdaptor_Surface.jxx /misc/dn61/LocalWOK/wok_entities/LOC/dev/CR0-OCCT691-7-CR0-OCCT691-occt-64/drv/BRepAdaptor/BRepAdaptor_Surface.jxx
+M BRepAdaptor:privinclude:BRepAdaptor_Surface.ixx /misc/dn61/LocalWOK/wok_entities/LOC/dev/CR0-OCCT691-7-CR0-OCCT691-occt-64/drv/BRepAdaptor/BRepAdaptor_Surface.ixx
+M BRepAdaptor:pubinclude:BRepAdaptor_Curve.hxx /misc/dn61/LocalWOK/wok_entities/LOC/dev/CR0-OCCT691-7-CR0-OCCT691-occt-64/inc/BRepAdaptor_Curve.hxx
+M BRepAdaptor:privinclude:BRepAdaptor_Curve.jxx /misc/dn61/LocalWOK/wok_entities/LOC/dev/CR0-OCCT691-7-CR0-OCCT691-occt-64/drv/BRepAdaptor/BRepAdaptor_Curve.jxx
+M BRepAdaptor:privinclude:BRepAdaptor_Curve.ixx /misc/dn61/LocalWOK/wok_entities/LOC/dev/CR0-OCCT691-7-CR0-OCCT691-occt-64/drv/BRepAdaptor/BRepAdaptor_Curve.ixx
+M BRepAdaptor:pubinclude:BRepAdaptor_Curve2d.hxx /misc/dn61/LocalWOK/wok_entities/LOC/dev/CR0-OCCT691-7-CR0-OCCT691-occt-64/inc/BRepAdaptor_Curve2d.hxx
+M BRepAdaptor:privinclude:BRepAdaptor_Curve2d.jxx /misc/dn61/LocalWOK/wok_entities/LOC/dev/CR0-OCCT691-7-CR0-OCCT691-occt-64/drv/BRepAdaptor/BRepAdaptor_Curve2d.jxx
+M BRepAdaptor:privinclude:BRepAdaptor_Curve2d.ixx /misc/dn61/LocalWOK/wok_entities/LOC/dev/CR0-OCCT691-7-CR0-OCCT691-occt-64/drv/BRepAdaptor/BRepAdaptor_Curve2d.ixx
+M BRepAdaptor:pubinclude:BRepAdaptor_CompCurve.hxx /misc/dn61/LocalWOK/wok_entities/LOC/dev/CR0-OCCT691-7-CR0-OCCT691-occt-64/inc/BRepAdaptor_CompCurve.hxx
+M BRepAdaptor:privinclude:BRepAdaptor_CompCurve.jxx /misc/dn61/LocalWOK/wok_entities/LOC/dev/CR0-OCCT691-7-CR0-OCCT691-occt-64/drv/BRepAdaptor/BRepAdaptor_CompCurve.jxx
+M BRepAdaptor:privinclude:BRepAdaptor_CompCurve.ixx /misc/dn61/LocalWOK/wok_entities/LOC/dev/CR0-OCCT691-7-CR0-OCCT691-occt-64/drv/BRepAdaptor/BRepAdaptor_CompCurve.ixx
+M BRepAdaptor:pubinclude:Handle_BRepAdaptor_HSurface.hxx /misc/dn61/LocalWOK/wok_entities/LOC/dev/CR0-OCCT691-7-CR0-OCCT691-occt-64/inc/Handle_BRepAdaptor_HSurface.hxx
+M BRepAdaptor:pubinclude:BRepAdaptor_HSurface.hxx /misc/dn61/LocalWOK/wok_entities/LOC/dev/CR0-OCCT691-7-CR0-OCCT691-occt-64/inc/BRepAdaptor_HSurface.hxx
+M BRepAdaptor:derivated:BRepAdaptor_HSurface_0.cxx /misc/dn61/LocalWOK/wok_entities/LOC/dev/CR0-OCCT691-7-CR0-OCCT691-occt-64/drv/BRepAdaptor/BRepAdaptor_HSurface_0.cxx
+M BRepAdaptor:pubinclude:Handle_BRepAdaptor_HCurve.hxx /misc/dn61/LocalWOK/wok_entities/LOC/dev/CR0-OCCT691-7-CR0-OCCT691-occt-64/inc/Handle_BRepAdaptor_HCurve.hxx
+M BRepAdaptor:pubinclude:BRepAdaptor_HCurve.hxx /misc/dn61/LocalWOK/wok_entities/LOC/dev/CR0-OCCT691-7-CR0-OCCT691-occt-64/inc/BRepAdaptor_HCurve.hxx
+M BRepAdaptor:derivated:BRepAdaptor_HCurve_0.cxx /misc/dn61/LocalWOK/wok_entities/LOC/dev/CR0-OCCT691-7-CR0-OCCT691-occt-64/drv/BRepAdaptor/BRepAdaptor_HCurve_0.cxx
+M BRepAdaptor:pubinclude:Handle_BRepAdaptor_HCurve2d.hxx /misc/dn61/LocalWOK/wok_entities/LOC/dev/CR0-OCCT691-7-CR0-OCCT691-occt-64/inc/Handle_BRepAdaptor_HCurve2d.hxx
+M BRepAdaptor:pubinclude:BRepAdaptor_HCurve2d.hxx /misc/dn61/LocalWOK/wok_entities/LOC/dev/CR0-OCCT691-7-CR0-OCCT691-occt-64/inc/BRepAdaptor_HCurve2d.hxx
+M BRepAdaptor:derivated:BRepAdaptor_HCurve2d_0.cxx /misc/dn61/LocalWOK/wok_entities/LOC/dev/CR0-OCCT691-7-CR0-OCCT691-occt-64/drv/BRepAdaptor/BRepAdaptor_HCurve2d_0.cxx
+M BRepAdaptor:pubinclude:Handle_BRepAdaptor_HCompCurve.hxx /misc/dn61/LocalWOK/wok_entities/LOC/dev/CR0-OCCT691-7-CR0-OCCT691-occt-64/inc/Handle_BRepAdaptor_HCompCurve.hxx
+M BRepAdaptor:pubinclude:BRepAdaptor_HCompCurve.hxx /misc/dn61/LocalWOK/wok_entities/LOC/dev/CR0-OCCT691-7-CR0-OCCT691-occt-64/inc/BRepAdaptor_HCompCurve.hxx
+M BRepAdaptor:derivated:BRepAdaptor_HCompCurve_0.cxx /misc/dn61/LocalWOK/wok_entities/LOC/dev/CR0-OCCT691-7-CR0-OCCT691-occt-64/drv/BRepAdaptor/BRepAdaptor_HCompCurve_0.cxx
+M BRepAdaptor:pubinclude:BRepAdaptor_Array1OfCurve.hxx /misc/dn61/LocalWOK/wok_entities/LOC/dev/CR0-OCCT691-7-CR0-OCCT691-occt-64/inc/BRepAdaptor_Array1OfCurve.hxx
+M BRepAdaptor:derivated:BRepAdaptor_Array1OfCurve_0.cxx /misc/dn61/LocalWOK/wok_entities/LOC/dev/CR0-OCCT691-7-CR0-OCCT691-occt-64/drv/BRepAdaptor/BRepAdaptor_Array1OfCurve_0.cxx
+M BRepAdaptor:pubinclude:Handle_BRepAdaptor_HArray1OfCurve.hxx /misc/dn61/LocalWOK/wok_entities/LOC/dev/CR0-OCCT691-7-CR0-OCCT691-occt-64/inc/Handle_BRepAdaptor_HArray1OfCurve.hxx
+M BRepAdaptor:pubinclude:BRepAdaptor_HArray1OfCurve.hxx /misc/dn61/LocalWOK/wok_entities/LOC/dev/CR0-OCCT691-7-CR0-OCCT691-occt-64/inc/BRepAdaptor_HArray1OfCurve.hxx
+M BRepAdaptor:derivated:BRepAdaptor_HArray1OfCurve_0.cxx /misc/dn61/LocalWOK/wok_entities/LOC/dev/CR0-OCCT691-7-CR0-OCCT691-occt-64/drv/BRepAdaptor/BRepAdaptor_HArray1OfCurve_0.cxx
+M BRepAdaptor:dbadmfile:BRepAdaptor_xcpp_header.In /misc/dn61/LocalWOK/wok_entities/LOC/dev/CR0-OCCT691-7-CR0-OCCT691-occt-64/drv/BRepAdaptor/.adm/BRepAdaptor_xcpp_header.In
+M BRepAdaptor:dbadmfile:BRepAdaptor_xcpp_header.Out /misc/dn61/LocalWOK/wok_entities/LOC/dev/CR0-OCCT691-7-CR0-OCCT691-occt-64/drv/BRepAdaptor/.adm/BRepAdaptor_xcpp_header.Out
+M BRepAdaptor:dbadmfile:BRepAdaptor_xcpp_header.Dep /misc/dn61/LocalWOK/wok_entities/LOC/dev/CR0-OCCT691-7-CR0-OCCT691-occt-64/drv/BRepAdaptor/.adm/BRepAdaptor_xcpp_header.Dep
