+M BRepTopAdaptor:pubinclude:BRepTopAdaptor_FClass2d.hxx /misc/dn61/LocalWOK/wok_entities/LOC/dev/CR0-OCCT691-7-CR0-OCCT691-occt-64/inc/BRepTopAdaptor_FClass2d.hxx
+M BRepTopAdaptor:privinclude:BRepTopAdaptor_FClass2d.jxx /misc/dn61/LocalWOK/wok_entities/LOC/dev/CR0-OCCT691-7-CR0-OCCT691-occt-64/drv/BRepTopAdaptor/BRepTopAdaptor_FClass2d.jxx
+M BRepTopAdaptor:privinclude:BRepTopAdaptor_FClass2d.ixx /misc/dn61/LocalWOK/wok_entities/LOC/dev/CR0-OCCT691-7-CR0-OCCT691-occt-64/drv/BRepTopAdaptor/BRepTopAdaptor_FClass2d.ixx
+M BRepTopAdaptor:pubinclude:Handle_BRepTopAdaptor_HVertex.hxx /misc/dn61/LocalWOK/wok_entities/LOC/dev/CR0-OCCT691-7-CR0-OCCT691-occt-64/inc/Handle_BRepTopAdaptor_HVertex.hxx
+M BRepTopAdaptor:pubinclude:BRepTopAdaptor_HVertex.hxx /misc/dn61/LocalWOK/wok_entities/LOC/dev/CR0-OCCT691-7-CR0-OCCT691-occt-64/inc/BRepTopAdaptor_HVertex.hxx
+M BRepTopAdaptor:privinclude:BRepTopAdaptor_HVertex.jxx /misc/dn61/LocalWOK/wok_entities/LOC/dev/CR0-OCCT691-7-CR0-OCCT691-occt-64/drv/BRepTopAdaptor/BRepTopAdaptor_HVertex.jxx
+M BRepTopAdaptor:privinclude:BRepTopAdaptor_HVertex.ixx /misc/dn61/LocalWOK/wok_entities/LOC/dev/CR0-OCCT691-7-CR0-OCCT691-occt-64/drv/BRepTopAdaptor/BRepTopAdaptor_HVertex.ixx
+M BRepTopAdaptor:pubinclude:Handle_BRepTopAdaptor_TopolTool.hxx /misc/dn61/LocalWOK/wok_entities/LOC/dev/CR0-OCCT691-7-CR0-OCCT691-occt-64/inc/Handle_BRepTopAdaptor_TopolTool.hxx
+M BRepTopAdaptor:pubinclude:BRepTopAdaptor_TopolTool.hxx /misc/dn61/LocalWOK/wok_entities/LOC/dev/CR0-OCCT691-7-CR0-OCCT691-occt-64/inc/BRepTopAdaptor_TopolTool.hxx
+M BRepTopAdaptor:privinclude:BRepTopAdaptor_TopolTool.jxx /misc/dn61/LocalWOK/wok_entities/LOC/dev/CR0-OCCT691-7-CR0-OCCT691-occt-64/drv/BRepTopAdaptor/BRepTopAdaptor_TopolTool.jxx
+M BRepTopAdaptor:privinclude:BRepTopAdaptor_TopolTool.ixx /misc/dn61/LocalWOK/wok_entities/LOC/dev/CR0-OCCT691-7-CR0-OCCT691-occt-64/drv/BRepTopAdaptor/BRepTopAdaptor_TopolTool.ixx
+M BRepTopAdaptor:pubinclude:BRepTopAdaptor_Tool.hxx /misc/dn61/LocalWOK/wok_entities/LOC/dev/CR0-OCCT691-7-CR0-OCCT691-occt-64/inc/BRepTopAdaptor_Tool.hxx
+M BRepTopAdaptor:privinclude:BRepTopAdaptor_Tool.jxx /misc/dn61/LocalWOK/wok_entities/LOC/dev/CR0-OCCT691-7-CR0-OCCT691-occt-64/drv/BRepTopAdaptor/BRepTopAdaptor_Tool.jxx
+M BRepTopAdaptor:privinclude:BRepTopAdaptor_Tool.ixx /misc/dn61/LocalWOK/wok_entities/LOC/dev/CR0-OCCT691-7-CR0-OCCT691-occt-64/drv/BRepTopAdaptor/BRepTopAdaptor_Tool.ixx
+M BRepTopAdaptor:pubinclude:BRepTopAdaptor_MapOfShapeTool.hxx /misc/dn61/LocalWOK/wok_entities/LOC/dev/CR0-OCCT691-7-CR0-OCCT691-occt-64/inc/BRepTopAdaptor_MapOfShapeTool.hxx
+M BRepTopAdaptor:derivated:BRepTopAdaptor_MapOfShapeTool_0.cxx /misc/dn61/LocalWOK/wok_entities/LOC/dev/CR0-OCCT691-7-CR0-OCCT691-occt-64/drv/BRepTopAdaptor/BRepTopAdaptor_MapOfShapeTool_0.cxx
+M BRepTopAdaptor:pubinclude:Handle_BRepTopAdaptor_DataMapNodeOfMapOfShapeTool.hxx /misc/dn61/LocalWOK/wok_entities/LOC/dev/CR0-OCCT691-7-CR0-OCCT691-occt-64/inc/Handle_BRepTopAdaptor_DataMapNodeOfMapOfShapeTool.hxx
+M BRepTopAdaptor:pubinclude:BRepTopAdaptor_DataMapNodeOfMapOfShapeTool.hxx /misc/dn61/LocalWOK/wok_entities/LOC/dev/CR0-OCCT691-7-CR0-OCCT691-occt-64/inc/BRepTopAdaptor_DataMapNodeOfMapOfShapeTool.hxx
+M BRepTopAdaptor:derivated:BRepTopAdaptor_DataMapNodeOfMapOfShapeTool_0.cxx /misc/dn61/LocalWOK/wok_entities/LOC/dev/CR0-OCCT691-7-CR0-OCCT691-occt-64/drv/BRepTopAdaptor/BRepTopAdaptor_DataMapNodeOfMapOfShapeTool_0.cxx
+M BRepTopAdaptor:pubinclude:BRepTopAdaptor_DataMapIteratorOfMapOfShapeTool.hxx /misc/dn61/LocalWOK/wok_entities/LOC/dev/CR0-OCCT691-7-CR0-OCCT691-occt-64/inc/BRepTopAdaptor_DataMapIteratorOfMapOfShapeTool.hxx
+M BRepTopAdaptor:derivated:BRepTopAdaptor_DataMapIteratorOfMapOfShapeTool_0.cxx /misc/dn61/LocalWOK/wok_entities/LOC/dev/CR0-OCCT691-7-CR0-OCCT691-occt-64/drv/BRepTopAdaptor/BRepTopAdaptor_DataMapIteratorOfMapOfShapeTool_0.cxx
+M BRepTopAdaptor:pubinclude:BRepTopAdaptor_SeqOfPtr.hxx /misc/dn61/LocalWOK/wok_entities/LOC/dev/CR0-OCCT691-7-CR0-OCCT691-occt-64/inc/BRepTopAdaptor_SeqOfPtr.hxx
+M BRepTopAdaptor:dbadmfile:BRepTopAdaptor_xcpp_header.In /misc/dn61/LocalWOK/wok_entities/LOC/dev/CR0-OCCT691-7-CR0-OCCT691-occt-64/drv/BRepTopAdaptor/.adm/BRepTopAdaptor_xcpp_header.In
+M BRepTopAdaptor:dbadmfile:BRepTopAdaptor_xcpp_header.Out /misc/dn61/LocalWOK/wok_entities/LOC/dev/CR0-OCCT691-7-CR0-OCCT691-occt-64/drv/BRepTopAdaptor/.adm/BRepTopAdaptor_xcpp_header.Out
+M BRepTopAdaptor:dbadmfile:BRepTopAdaptor_xcpp_header.Dep /misc/dn61/LocalWOK/wok_entities/LOC/dev/CR0-OCCT691-7-CR0-OCCT691-occt-64/drv/BRepTopAdaptor/.adm/BRepTopAdaptor_xcpp_header.Dep
