+M BinMDataStd:pubinclude:BinMDataStd.hxx /misc/dn61/LocalWOK/wok_entities/LOC/dev/CR0-OCCT691-7-CR0-OCCT691-occt-64/inc/BinMDataStd.hxx
+M BinMDataStd:privinclude:BinMDataStd.jxx /misc/dn61/LocalWOK/wok_entities/LOC/dev/CR0-OCCT691-7-CR0-OCCT691-occt-64/drv/BinMDataStd/BinMDataStd.jxx
+M BinMDataStd:privinclude:BinMDataStd.ixx /misc/dn61/LocalWOK/wok_entities/LOC/dev/CR0-OCCT691-7-CR0-OCCT691-occt-64/drv/BinMDataStd/BinMDataStd.ixx
+M BinMDataStd:pubinclude:Handle_BinMDataStd_NameDriver.hxx /misc/dn61/LocalWOK/wok_entities/LOC/dev/CR0-OCCT691-7-CR0-OCCT691-occt-64/inc/Handle_BinMDataStd_NameDriver.hxx
+M BinMDataStd:pubinclude:BinMDataStd_NameDriver.hxx /misc/dn61/LocalWOK/wok_entities/LOC/dev/CR0-OCCT691-7-CR0-OCCT691-occt-64/inc/BinMDataStd_NameDriver.hxx
+M BinMDataStd:privinclude:BinMDataStd_NameDriver.jxx /misc/dn61/LocalWOK/wok_entities/LOC/dev/CR0-OCCT691-7-CR0-OCCT691-occt-64/drv/BinMDataStd/BinMDataStd_NameDriver.jxx
+M BinMDataStd:privinclude:BinMDataStd_NameDriver.ixx /misc/dn61/LocalWOK/wok_entities/LOC/dev/CR0-OCCT691-7-CR0-OCCT691-occt-64/drv/BinMDataStd/BinMDataStd_NameDriver.ixx
+M BinMDataStd:pubinclude:Handle_BinMDataStd_IntegerDriver.hxx /misc/dn61/LocalWOK/wok_entities/LOC/dev/CR0-OCCT691-7-CR0-OCCT691-occt-64/inc/Handle_BinMDataStd_IntegerDriver.hxx
+M BinMDataStd:pubinclude:BinMDataStd_IntegerDriver.hxx /misc/dn61/LocalWOK/wok_entities/LOC/dev/CR0-OCCT691-7-CR0-OCCT691-occt-64/inc/BinMDataStd_IntegerDriver.hxx
+M BinMDataStd:privinclude:BinMDataStd_IntegerDriver.jxx /misc/dn61/LocalWOK/wok_entities/LOC/dev/CR0-OCCT691-7-CR0-OCCT691-occt-64/drv/BinMDataStd/BinMDataStd_IntegerDriver.jxx
+M BinMDataStd:privinclude:BinMDataStd_IntegerDriver.ixx /misc/dn61/LocalWOK/wok_entities/LOC/dev/CR0-OCCT691-7-CR0-OCCT691-occt-64/drv/BinMDataStd/BinMDataStd_IntegerDriver.ixx
+M BinMDataStd:pubinclude:Handle_BinMDataStd_RealDriver.hxx /misc/dn61/LocalWOK/wok_entities/LOC/dev/CR0-OCCT691-7-CR0-OCCT691-occt-64/inc/Handle_BinMDataStd_RealDriver.hxx
+M BinMDataStd:pubinclude:BinMDataStd_RealDriver.hxx /misc/dn61/LocalWOK/wok_entities/LOC/dev/CR0-OCCT691-7-CR0-OCCT691-occt-64/inc/BinMDataStd_RealDriver.hxx
+M BinMDataStd:privinclude:BinMDataStd_RealDriver.jxx /misc/dn61/LocalWOK/wok_entities/LOC/dev/CR0-OCCT691-7-CR0-OCCT691-occt-64/drv/BinMDataStd/BinMDataStd_RealDriver.jxx
+M BinMDataStd:privinclude:BinMDataStd_RealDriver.ixx /misc/dn61/LocalWOK/wok_entities/LOC/dev/CR0-OCCT691-7-CR0-OCCT691-occt-64/drv/BinMDataStd/BinMDataStd_RealDriver.ixx
+M BinMDataStd:pubinclude:Handle_BinMDataStd_IntegerArrayDriver.hxx /misc/dn61/LocalWOK/wok_entities/LOC/dev/CR0-OCCT691-7-CR0-OCCT691-occt-64/inc/Handle_BinMDataStd_IntegerArrayDriver.hxx
+M BinMDataStd:pubinclude:BinMDataStd_IntegerArrayDriver.hxx /misc/dn61/LocalWOK/wok_entities/LOC/dev/CR0-OCCT691-7-CR0-OCCT691-occt-64/inc/BinMDataStd_IntegerArrayDriver.hxx
+M BinMDataStd:privinclude:BinMDataStd_IntegerArrayDriver.jxx /misc/dn61/LocalWOK/wok_entities/LOC/dev/CR0-OCCT691-7-CR0-OCCT691-occt-64/drv/BinMDataStd/BinMDataStd_IntegerArrayDriver.jxx
+M BinMDataStd:privinclude:BinMDataStd_IntegerArrayDriver.ixx /misc/dn61/LocalWOK/wok_entities/LOC/dev/CR0-OCCT691-7-CR0-OCCT691-occt-64/drv/BinMDataStd/BinMDataStd_IntegerArrayDriver.ixx
+M BinMDataStd:pubinclude:Handle_BinMDataStd_RealArrayDriver.hxx /misc/dn61/LocalWOK/wok_entities/LOC/dev/CR0-OCCT691-7-CR0-OCCT691-occt-64/inc/Handle_BinMDataStd_RealArrayDriver.hxx
+M BinMDataStd:pubinclude:BinMDataStd_RealArrayDriver.hxx /misc/dn61/LocalWOK/wok_entities/LOC/dev/CR0-OCCT691-7-CR0-OCCT691-occt-64/inc/BinMDataStd_RealArrayDriver.hxx
+M BinMDataStd:privinclude:BinMDataStd_RealArrayDriver.jxx /misc/dn61/LocalWOK/wok_entities/LOC/dev/CR0-OCCT691-7-CR0-OCCT691-occt-64/drv/BinMDataStd/BinMDataStd_RealArrayDriver.jxx
+M BinMDataStd:privinclude:BinMDataStd_RealArrayDriver.ixx /misc/dn61/LocalWOK/wok_entities/LOC/dev/CR0-OCCT691-7-CR0-OCCT691-occt-64/drv/BinMDataStd/BinMDataStd_RealArrayDriver.ixx
+M BinMDataStd:pubinclude:Handle_BinMDataStd_UAttributeDriver.hxx /misc/dn61/LocalWOK/wok_entities/LOC/dev/CR0-OCCT691-7-CR0-OCCT691-occt-64/inc/Handle_BinMDataStd_UAttributeDriver.hxx
+M BinMDataStd:pubinclude:BinMDataStd_UAttributeDriver.hxx /misc/dn61/LocalWOK/wok_entities/LOC/dev/CR0-OCCT691-7-CR0-OCCT691-occt-64/inc/BinMDataStd_UAttributeDriver.hxx
+M BinMDataStd:privinclude:BinMDataStd_UAttributeDriver.jxx /misc/dn61/LocalWOK/wok_entities/LOC/dev/CR0-OCCT691-7-CR0-OCCT691-occt-64/drv/BinMDataStd/BinMDataStd_UAttributeDriver.jxx
+M BinMDataStd:privinclude:BinMDataStd_UAttributeDriver.ixx /misc/dn61/LocalWOK/wok_entities/LOC/dev/CR0-OCCT691-7-CR0-OCCT691-occt-64/drv/BinMDataStd/BinMDataStd_UAttributeDriver.ixx
+M BinMDataStd:pubinclude:Handle_BinMDataStd_DirectoryDriver.hxx /misc/dn61/LocalWOK/wok_entities/LOC/dev/CR0-OCCT691-7-CR0-OCCT691-occt-64/inc/Handle_BinMDataStd_DirectoryDriver.hxx
+M BinMDataStd:pubinclude:BinMDataStd_DirectoryDriver.hxx /misc/dn61/LocalWOK/wok_entities/LOC/dev/CR0-OCCT691-7-CR0-OCCT691-occt-64/inc/BinMDataStd_DirectoryDriver.hxx
+M BinMDataStd:privinclude:BinMDataStd_DirectoryDriver.jxx /misc/dn61/LocalWOK/wok_entities/LOC/dev/CR0-OCCT691-7-CR0-OCCT691-occt-64/drv/BinMDataStd/BinMDataStd_DirectoryDriver.jxx
+M BinMDataStd:privinclude:BinMDataStd_DirectoryDriver.ixx /misc/dn61/LocalWOK/wok_entities/LOC/dev/CR0-OCCT691-7-CR0-OCCT691-occt-64/drv/BinMDataStd/BinMDataStd_DirectoryDriver.ixx
+M BinMDataStd:pubinclude:Handle_BinMDataStd_CommentDriver.hxx /misc/dn61/LocalWOK/wok_entities/LOC/dev/CR0-OCCT691-7-CR0-OCCT691-occt-64/inc/Handle_BinMDataStd_CommentDriver.hxx
+M BinMDataStd:pubinclude:BinMDataStd_CommentDriver.hxx /misc/dn61/LocalWOK/wok_entities/LOC/dev/CR0-OCCT691-7-CR0-OCCT691-occt-64/inc/BinMDataStd_CommentDriver.hxx
+M BinMDataStd:privinclude:BinMDataStd_CommentDriver.jxx /misc/dn61/LocalWOK/wok_entities/LOC/dev/CR0-OCCT691-7-CR0-OCCT691-occt-64/drv/BinMDataStd/BinMDataStd_CommentDriver.jxx
+M BinMDataStd:privinclude:BinMDataStd_CommentDriver.ixx /misc/dn61/LocalWOK/wok_entities/LOC/dev/CR0-OCCT691-7-CR0-OCCT691-occt-64/drv/BinMDataStd/BinMDataStd_CommentDriver.ixx
+M BinMDataStd:pubinclude:Handle_BinMDataStd_VariableDriver.hxx /misc/dn61/LocalWOK/wok_entities/LOC/dev/CR0-OCCT691-7-CR0-OCCT691-occt-64/inc/Handle_BinMDataStd_VariableDriver.hxx
+M BinMDataStd:pubinclude:BinMDataStd_VariableDriver.hxx /misc/dn61/LocalWOK/wok_entities/LOC/dev/CR0-OCCT691-7-CR0-OCCT691-occt-64/inc/BinMDataStd_VariableDriver.hxx
+M BinMDataStd:privinclude:BinMDataStd_VariableDriver.jxx /misc/dn61/LocalWOK/wok_entities/LOC/dev/CR0-OCCT691-7-CR0-OCCT691-occt-64/drv/BinMDataStd/BinMDataStd_VariableDriver.jxx
+M BinMDataStd:privinclude:BinMDataStd_VariableDriver.ixx /misc/dn61/LocalWOK/wok_entities/LOC/dev/CR0-OCCT691-7-CR0-OCCT691-occt-64/drv/BinMDataStd/BinMDataStd_VariableDriver.ixx
+M BinMDataStd:pubinclude:Handle_BinMDataStd_ExpressionDriver.hxx /misc/dn61/LocalWOK/wok_entities/LOC/dev/CR0-OCCT691-7-CR0-OCCT691-occt-64/inc/Handle_BinMDataStd_ExpressionDriver.hxx
+M BinMDataStd:pubinclude:BinMDataStd_ExpressionDriver.hxx /misc/dn61/LocalWOK/wok_entities/LOC/dev/CR0-OCCT691-7-CR0-OCCT691-occt-64/inc/BinMDataStd_ExpressionDriver.hxx
+M BinMDataStd:privinclude:BinMDataStd_ExpressionDriver.jxx /misc/dn61/LocalWOK/wok_entities/LOC/dev/CR0-OCCT691-7-CR0-OCCT691-occt-64/drv/BinMDataStd/BinMDataStd_ExpressionDriver.jxx
+M BinMDataStd:privinclude:BinMDataStd_ExpressionDriver.ixx /misc/dn61/LocalWOK/wok_entities/LOC/dev/CR0-OCCT691-7-CR0-OCCT691-occt-64/drv/BinMDataStd/BinMDataStd_ExpressionDriver.ixx
+M BinMDataStd:pubinclude:Handle_BinMDataStd_RelationDriver.hxx /misc/dn61/LocalWOK/wok_entities/LOC/dev/CR0-OCCT691-7-CR0-OCCT691-occt-64/inc/Handle_BinMDataStd_RelationDriver.hxx
+M BinMDataStd:pubinclude:BinMDataStd_RelationDriver.hxx /misc/dn61/LocalWOK/wok_entities/LOC/dev/CR0-OCCT691-7-CR0-OCCT691-occt-64/inc/BinMDataStd_RelationDriver.hxx
+M BinMDataStd:privinclude:BinMDataStd_RelationDriver.jxx /misc/dn61/LocalWOK/wok_entities/LOC/dev/CR0-OCCT691-7-CR0-OCCT691-occt-64/drv/BinMDataStd/BinMDataStd_RelationDriver.jxx
+M BinMDataStd:privinclude:BinMDataStd_RelationDriver.ixx /misc/dn61/LocalWOK/wok_entities/LOC/dev/CR0-OCCT691-7-CR0-OCCT691-occt-64/drv/BinMDataStd/BinMDataStd_RelationDriver.ixx
+M BinMDataStd:pubinclude:Handle_BinMDataStd_NoteBookDriver.hxx /misc/dn61/LocalWOK/wok_entities/LOC/dev/CR0-OCCT691-7-CR0-OCCT691-occt-64/inc/Handle_BinMDataStd_NoteBookDriver.hxx
+M BinMDataStd:pubinclude:BinMDataStd_NoteBookDriver.hxx /misc/dn61/LocalWOK/wok_entities/LOC/dev/CR0-OCCT691-7-CR0-OCCT691-occt-64/inc/BinMDataStd_NoteBookDriver.hxx
+M BinMDataStd:privinclude:BinMDataStd_NoteBookDriver.jxx /misc/dn61/LocalWOK/wok_entities/LOC/dev/CR0-OCCT691-7-CR0-OCCT691-occt-64/drv/BinMDataStd/BinMDataStd_NoteBookDriver.jxx
+M BinMDataStd:privinclude:BinMDataStd_NoteBookDriver.ixx /misc/dn61/LocalWOK/wok_entities/LOC/dev/CR0-OCCT691-7-CR0-OCCT691-occt-64/drv/BinMDataStd/BinMDataStd_NoteBookDriver.ixx
+M BinMDataStd:pubinclude:Handle_BinMDataStd_TreeNodeDriver.hxx /misc/dn61/LocalWOK/wok_entities/LOC/dev/CR0-OCCT691-7-CR0-OCCT691-occt-64/inc/Handle_BinMDataStd_TreeNodeDriver.hxx
+M BinMDataStd:pubinclude:BinMDataStd_TreeNodeDriver.hxx /misc/dn61/LocalWOK/wok_entities/LOC/dev/CR0-OCCT691-7-CR0-OCCT691-occt-64/inc/BinMDataStd_TreeNodeDriver.hxx
+M BinMDataStd:privinclude:BinMDataStd_TreeNodeDriver.jxx /misc/dn61/LocalWOK/wok_entities/LOC/dev/CR0-OCCT691-7-CR0-OCCT691-occt-64/drv/BinMDataStd/BinMDataStd_TreeNodeDriver.jxx
+M BinMDataStd:privinclude:BinMDataStd_TreeNodeDriver.ixx /misc/dn61/LocalWOK/wok_entities/LOC/dev/CR0-OCCT691-7-CR0-OCCT691-occt-64/drv/BinMDataStd/BinMDataStd_TreeNodeDriver.ixx
+M BinMDataStd:pubinclude:Handle_BinMDataStd_ExtStringArrayDriver.hxx /misc/dn61/LocalWOK/wok_entities/LOC/dev/CR0-OCCT691-7-CR0-OCCT691-occt-64/inc/Handle_BinMDataStd_ExtStringArrayDriver.hxx
+M BinMDataStd:pubinclude:BinMDataStd_ExtStringArrayDriver.hxx /misc/dn61/LocalWOK/wok_entities/LOC/dev/CR0-OCCT691-7-CR0-OCCT691-occt-64/inc/BinMDataStd_ExtStringArrayDriver.hxx
+M BinMDataStd:privinclude:BinMDataStd_ExtStringArrayDriver.jxx /misc/dn61/LocalWOK/wok_entities/LOC/dev/CR0-OCCT691-7-CR0-OCCT691-occt-64/drv/BinMDataStd/BinMDataStd_ExtStringArrayDriver.jxx
+M BinMDataStd:privinclude:BinMDataStd_ExtStringArrayDriver.ixx /misc/dn61/LocalWOK/wok_entities/LOC/dev/CR0-OCCT691-7-CR0-OCCT691-occt-64/drv/BinMDataStd/BinMDataStd_ExtStringArrayDriver.ixx
+M BinMDataStd:pubinclude:Handle_BinMDataStd_TickDriver.hxx /misc/dn61/LocalWOK/wok_entities/LOC/dev/CR0-OCCT691-7-CR0-OCCT691-occt-64/inc/Handle_BinMDataStd_TickDriver.hxx
+M BinMDataStd:pubinclude:BinMDataStd_TickDriver.hxx /misc/dn61/LocalWOK/wok_entities/LOC/dev/CR0-OCCT691-7-CR0-OCCT691-occt-64/inc/BinMDataStd_TickDriver.hxx
+M BinMDataStd:privinclude:BinMDataStd_TickDriver.jxx /misc/dn61/LocalWOK/wok_entities/LOC/dev/CR0-OCCT691-7-CR0-OCCT691-occt-64/drv/BinMDataStd/BinMDataStd_TickDriver.jxx
+M BinMDataStd:privinclude:BinMDataStd_TickDriver.ixx /misc/dn61/LocalWOK/wok_entities/LOC/dev/CR0-OCCT691-7-CR0-OCCT691-occt-64/drv/BinMDataStd/BinMDataStd_TickDriver.ixx
+M BinMDataStd:pubinclude:Handle_BinMDataStd_AsciiStringDriver.hxx /misc/dn61/LocalWOK/wok_entities/LOC/dev/CR0-OCCT691-7-CR0-OCCT691-occt-64/inc/Handle_BinMDataStd_AsciiStringDriver.hxx
+M BinMDataStd:pubinclude:BinMDataStd_AsciiStringDriver.hxx /misc/dn61/LocalWOK/wok_entities/LOC/dev/CR0-OCCT691-7-CR0-OCCT691-occt-64/inc/BinMDataStd_AsciiStringDriver.hxx
+M BinMDataStd:privinclude:BinMDataStd_AsciiStringDriver.jxx /misc/dn61/LocalWOK/wok_entities/LOC/dev/CR0-OCCT691-7-CR0-OCCT691-occt-64/drv/BinMDataStd/BinMDataStd_AsciiStringDriver.jxx
+M BinMDataStd:privinclude:BinMDataStd_AsciiStringDriver.ixx /misc/dn61/LocalWOK/wok_entities/LOC/dev/CR0-OCCT691-7-CR0-OCCT691-occt-64/drv/BinMDataStd/BinMDataStd_AsciiStringDriver.ixx
+M BinMDataStd:pubinclude:Handle_BinMDataStd_IntPackedMapDriver.hxx /misc/dn61/LocalWOK/wok_entities/LOC/dev/CR0-OCCT691-7-CR0-OCCT691-occt-64/inc/Handle_BinMDataStd_IntPackedMapDriver.hxx
+M BinMDataStd:pubinclude:BinMDataStd_IntPackedMapDriver.hxx /misc/dn61/LocalWOK/wok_entities/LOC/dev/CR0-OCCT691-7-CR0-OCCT691-occt-64/inc/BinMDataStd_IntPackedMapDriver.hxx
+M BinMDataStd:privinclude:BinMDataStd_IntPackedMapDriver.jxx /misc/dn61/LocalWOK/wok_entities/LOC/dev/CR0-OCCT691-7-CR0-OCCT691-occt-64/drv/BinMDataStd/BinMDataStd_IntPackedMapDriver.jxx
+M BinMDataStd:privinclude:BinMDataStd_IntPackedMapDriver.ixx /misc/dn61/LocalWOK/wok_entities/LOC/dev/CR0-OCCT691-7-CR0-OCCT691-occt-64/drv/BinMDataStd/BinMDataStd_IntPackedMapDriver.ixx
+M BinMDataStd:pubinclude:Handle_BinMDataStd_IntegerListDriver.hxx /misc/dn61/LocalWOK/wok_entities/LOC/dev/CR0-OCCT691-7-CR0-OCCT691-occt-64/inc/Handle_BinMDataStd_IntegerListDriver.hxx
+M BinMDataStd:pubinclude:BinMDataStd_IntegerListDriver.hxx /misc/dn61/LocalWOK/wok_entities/LOC/dev/CR0-OCCT691-7-CR0-OCCT691-occt-64/inc/BinMDataStd_IntegerListDriver.hxx
+M BinMDataStd:privinclude:BinMDataStd_IntegerListDriver.jxx /misc/dn61/LocalWOK/wok_entities/LOC/dev/CR0-OCCT691-7-CR0-OCCT691-occt-64/drv/BinMDataStd/BinMDataStd_IntegerListDriver.jxx
+M BinMDataStd:privinclude:BinMDataStd_IntegerListDriver.ixx /misc/dn61/LocalWOK/wok_entities/LOC/dev/CR0-OCCT691-7-CR0-OCCT691-occt-64/drv/BinMDataStd/BinMDataStd_IntegerListDriver.ixx
+M BinMDataStd:pubinclude:Handle_BinMDataStd_RealListDriver.hxx /misc/dn61/LocalWOK/wok_entities/LOC/dev/CR0-OCCT691-7-CR0-OCCT691-occt-64/inc/Handle_BinMDataStd_RealListDriver.hxx
+M BinMDataStd:pubinclude:BinMDataStd_RealListDriver.hxx /misc/dn61/LocalWOK/wok_entities/LOC/dev/CR0-OCCT691-7-CR0-OCCT691-occt-64/inc/BinMDataStd_RealListDriver.hxx
+M BinMDataStd:privinclude:BinMDataStd_RealListDriver.jxx /misc/dn61/LocalWOK/wok_entities/LOC/dev/CR0-OCCT691-7-CR0-OCCT691-occt-64/drv/BinMDataStd/BinMDataStd_RealListDriver.jxx
+M BinMDataStd:privinclude:BinMDataStd_RealListDriver.ixx /misc/dn61/LocalWOK/wok_entities/LOC/dev/CR0-OCCT691-7-CR0-OCCT691-occt-64/drv/BinMDataStd/BinMDataStd_RealListDriver.ixx
+M BinMDataStd:pubinclude:Handle_BinMDataStd_ExtStringListDriver.hxx /misc/dn61/LocalWOK/wok_entities/LOC/dev/CR0-OCCT691-7-CR0-OCCT691-occt-64/inc/Handle_BinMDataStd_ExtStringListDriver.hxx
+M BinMDataStd:pubinclude:BinMDataStd_ExtStringListDriver.hxx /misc/dn61/LocalWOK/wok_entities/LOC/dev/CR0-OCCT691-7-CR0-OCCT691-occt-64/inc/BinMDataStd_ExtStringListDriver.hxx
+M BinMDataStd:privinclude:BinMDataStd_ExtStringListDriver.jxx /misc/dn61/LocalWOK/wok_entities/LOC/dev/CR0-OCCT691-7-CR0-OCCT691-occt-64/drv/BinMDataStd/BinMDataStd_ExtStringListDriver.jxx
+M BinMDataStd:privinclude:BinMDataStd_ExtStringListDriver.ixx /misc/dn61/LocalWOK/wok_entities/LOC/dev/CR0-OCCT691-7-CR0-OCCT691-occt-64/drv/BinMDataStd/BinMDataStd_ExtStringListDriver.ixx
+M BinMDataStd:pubinclude:Handle_BinMDataStd_BooleanListDriver.hxx /misc/dn61/LocalWOK/wok_entities/LOC/dev/CR0-OCCT691-7-CR0-OCCT691-occt-64/inc/Handle_BinMDataStd_BooleanListDriver.hxx
+M BinMDataStd:pubinclude:BinMDataStd_BooleanListDriver.hxx /misc/dn61/LocalWOK/wok_entities/LOC/dev/CR0-OCCT691-7-CR0-OCCT691-occt-64/inc/BinMDataStd_BooleanListDriver.hxx
+M BinMDataStd:privinclude:BinMDataStd_BooleanListDriver.jxx /misc/dn61/LocalWOK/wok_entities/LOC/dev/CR0-OCCT691-7-CR0-OCCT691-occt-64/drv/BinMDataStd/BinMDataStd_BooleanListDriver.jxx
+M BinMDataStd:privinclude:BinMDataStd_BooleanListDriver.ixx /misc/dn61/LocalWOK/wok_entities/LOC/dev/CR0-OCCT691-7-CR0-OCCT691-occt-64/drv/BinMDataStd/BinMDataStd_BooleanListDriver.ixx
+M BinMDataStd:pubinclude:Handle_BinMDataStd_ReferenceListDriver.hxx /misc/dn61/LocalWOK/wok_entities/LOC/dev/CR0-OCCT691-7-CR0-OCCT691-occt-64/inc/Handle_BinMDataStd_ReferenceListDriver.hxx
+M BinMDataStd:pubinclude:BinMDataStd_ReferenceListDriver.hxx /misc/dn61/LocalWOK/wok_entities/LOC/dev/CR0-OCCT691-7-CR0-OCCT691-occt-64/inc/BinMDataStd_ReferenceListDriver.hxx
+M BinMDataStd:privinclude:BinMDataStd_ReferenceListDriver.jxx /misc/dn61/LocalWOK/wok_entities/LOC/dev/CR0-OCCT691-7-CR0-OCCT691-occt-64/drv/BinMDataStd/BinMDataStd_ReferenceListDriver.jxx
+M BinMDataStd:privinclude:BinMDataStd_ReferenceListDriver.ixx /misc/dn61/LocalWOK/wok_entities/LOC/dev/CR0-OCCT691-7-CR0-OCCT691-occt-64/drv/BinMDataStd/BinMDataStd_ReferenceListDriver.ixx
+M BinMDataStd:pubinclude:Handle_BinMDataStd_BooleanArrayDriver.hxx /misc/dn61/LocalWOK/wok_entities/LOC/dev/CR0-OCCT691-7-CR0-OCCT691-occt-64/inc/Handle_BinMDataStd_BooleanArrayDriver.hxx
+M BinMDataStd:pubinclude:BinMDataStd_BooleanArrayDriver.hxx /misc/dn61/LocalWOK/wok_entities/LOC/dev/CR0-OCCT691-7-CR0-OCCT691-occt-64/inc/BinMDataStd_BooleanArrayDriver.hxx
+M BinMDataStd:privinclude:BinMDataStd_BooleanArrayDriver.jxx /misc/dn61/LocalWOK/wok_entities/LOC/dev/CR0-OCCT691-7-CR0-OCCT691-occt-64/drv/BinMDataStd/BinMDataStd_BooleanArrayDriver.jxx
+M BinMDataStd:privinclude:BinMDataStd_BooleanArrayDriver.ixx /misc/dn61/LocalWOK/wok_entities/LOC/dev/CR0-OCCT691-7-CR0-OCCT691-occt-64/drv/BinMDataStd/BinMDataStd_BooleanArrayDriver.ixx
+M BinMDataStd:pubinclude:Handle_BinMDataStd_ReferenceArrayDriver.hxx /misc/dn61/LocalWOK/wok_entities/LOC/dev/CR0-OCCT691-7-CR0-OCCT691-occt-64/inc/Handle_BinMDataStd_ReferenceArrayDriver.hxx
+M BinMDataStd:pubinclude:BinMDataStd_ReferenceArrayDriver.hxx /misc/dn61/LocalWOK/wok_entities/LOC/dev/CR0-OCCT691-7-CR0-OCCT691-occt-64/inc/BinMDataStd_ReferenceArrayDriver.hxx
+M BinMDataStd:privinclude:BinMDataStd_ReferenceArrayDriver.jxx /misc/dn61/LocalWOK/wok_entities/LOC/dev/CR0-OCCT691-7-CR0-OCCT691-occt-64/drv/BinMDataStd/BinMDataStd_ReferenceArrayDriver.jxx
+M BinMDataStd:privinclude:BinMDataStd_ReferenceArrayDriver.ixx /misc/dn61/LocalWOK/wok_entities/LOC/dev/CR0-OCCT691-7-CR0-OCCT691-occt-64/drv/BinMDataStd/BinMDataStd_ReferenceArrayDriver.ixx
+M BinMDataStd:pubinclude:Handle_BinMDataStd_ByteArrayDriver.hxx /misc/dn61/LocalWOK/wok_entities/LOC/dev/CR0-OCCT691-7-CR0-OCCT691-occt-64/inc/Handle_BinMDataStd_ByteArrayDriver.hxx
+M BinMDataStd:pubinclude:BinMDataStd_ByteArrayDriver.hxx /misc/dn61/LocalWOK/wok_entities/LOC/dev/CR0-OCCT691-7-CR0-OCCT691-occt-64/inc/BinMDataStd_ByteArrayDriver.hxx
+M BinMDataStd:privinclude:BinMDataStd_ByteArrayDriver.jxx /misc/dn61/LocalWOK/wok_entities/LOC/dev/CR0-OCCT691-7-CR0-OCCT691-occt-64/drv/BinMDataStd/BinMDataStd_ByteArrayDriver.jxx
+M BinMDataStd:privinclude:BinMDataStd_ByteArrayDriver.ixx /misc/dn61/LocalWOK/wok_entities/LOC/dev/CR0-OCCT691-7-CR0-OCCT691-occt-64/drv/BinMDataStd/BinMDataStd_ByteArrayDriver.ixx
+M BinMDataStd:pubinclude:Handle_BinMDataStd_NamedDataDriver.hxx /misc/dn61/LocalWOK/wok_entities/LOC/dev/CR0-OCCT691-7-CR0-OCCT691-occt-64/inc/Handle_BinMDataStd_NamedDataDriver.hxx
+M BinMDataStd:pubinclude:BinMDataStd_NamedDataDriver.hxx /misc/dn61/LocalWOK/wok_entities/LOC/dev/CR0-OCCT691-7-CR0-OCCT691-occt-64/inc/BinMDataStd_NamedDataDriver.hxx
+M BinMDataStd:privinclude:BinMDataStd_NamedDataDriver.jxx /misc/dn61/LocalWOK/wok_entities/LOC/dev/CR0-OCCT691-7-CR0-OCCT691-occt-64/drv/BinMDataStd/BinMDataStd_NamedDataDriver.jxx
+M BinMDataStd:privinclude:BinMDataStd_NamedDataDriver.ixx /misc/dn61/LocalWOK/wok_entities/LOC/dev/CR0-OCCT691-7-CR0-OCCT691-occt-64/drv/BinMDataStd/BinMDataStd_NamedDataDriver.ixx
+M BinMDataStd:dbadmfile:BinMDataStd_xcpp_header.In /misc/dn61/LocalWOK/wok_entities/LOC/dev/CR0-OCCT691-7-CR0-OCCT691-occt-64/drv/BinMDataStd/.adm/BinMDataStd_xcpp_header.In
+M BinMDataStd:dbadmfile:BinMDataStd_xcpp_header.Out /misc/dn61/LocalWOK/wok_entities/LOC/dev/CR0-OCCT691-7-CR0-OCCT691-occt-64/drv/BinMDataStd/.adm/BinMDataStd_xcpp_header.Out
+M BinMDataStd:dbadmfile:BinMDataStd_xcpp_header.Dep /misc/dn61/LocalWOK/wok_entities/LOC/dev/CR0-OCCT691-7-CR0-OCCT691-occt-64/drv/BinMDataStd/.adm/BinMDataStd_xcpp_header.Dep
