+M Prs3d:pubinclude:Prs3d.hxx /misc/dn61/LocalWOK/wok_entities/LOC/dev/CR0-OCCT691-7-CR0-OCCT691-occt-64/inc/Prs3d.hxx
+M Prs3d:privinclude:Prs3d.jxx /misc/dn61/LocalWOK/wok_entities/LOC/dev/CR0-OCCT691-7-CR0-OCCT691-occt-64/drv/Prs3d/Prs3d.jxx
+M Prs3d:privinclude:Prs3d.ixx /misc/dn61/LocalWOK/wok_entities/LOC/dev/CR0-OCCT691-7-CR0-OCCT691-occt-64/drv/Prs3d/Prs3d.ixx
+M Prs3d:pubinclude:Handle_Prs3d_Presentation.hxx /misc/dn61/LocalWOK/wok_entities/LOC/dev/CR0-OCCT691-7-CR0-OCCT691-occt-64/inc/Handle_Prs3d_Presentation.hxx
+M Prs3d:pubinclude:Prs3d_Presentation.hxx /misc/dn61/LocalWOK/wok_entities/LOC/dev/CR0-OCCT691-7-CR0-OCCT691-occt-64/inc/Prs3d_Presentation.hxx
+M Prs3d:privinclude:Prs3d_Presentation.jxx /misc/dn61/LocalWOK/wok_entities/LOC/dev/CR0-OCCT691-7-CR0-OCCT691-occt-64/drv/Prs3d/Prs3d_Presentation.jxx
+M Prs3d:privinclude:Prs3d_Presentation.ixx /misc/dn61/LocalWOK/wok_entities/LOC/dev/CR0-OCCT691-7-CR0-OCCT691-occt-64/drv/Prs3d/Prs3d_Presentation.ixx
+M Prs3d:pubinclude:Handle_Prs3d_BasicAspect.hxx /misc/dn61/LocalWOK/wok_entities/LOC/dev/CR0-OCCT691-7-CR0-OCCT691-occt-64/inc/Handle_Prs3d_BasicAspect.hxx
+M Prs3d:pubinclude:Prs3d_BasicAspect.hxx /misc/dn61/LocalWOK/wok_entities/LOC/dev/CR0-OCCT691-7-CR0-OCCT691-occt-64/inc/Prs3d_BasicAspect.hxx
+M Prs3d:privinclude:Prs3d_BasicAspect.jxx /misc/dn61/LocalWOK/wok_entities/LOC/dev/CR0-OCCT691-7-CR0-OCCT691-occt-64/drv/Prs3d/Prs3d_BasicAspect.jxx
+M Prs3d:privinclude:Prs3d_BasicAspect.ixx /misc/dn61/LocalWOK/wok_entities/LOC/dev/CR0-OCCT691-7-CR0-OCCT691-occt-64/drv/Prs3d/Prs3d_BasicAspect.ixx
+M Prs3d:pubinclude:Handle_Prs3d_PointAspect.hxx /misc/dn61/LocalWOK/wok_entities/LOC/dev/CR0-OCCT691-7-CR0-OCCT691-occt-64/inc/Handle_Prs3d_PointAspect.hxx
+M Prs3d:pubinclude:Prs3d_PointAspect.hxx /misc/dn61/LocalWOK/wok_entities/LOC/dev/CR0-OCCT691-7-CR0-OCCT691-occt-64/inc/Prs3d_PointAspect.hxx
+M Prs3d:privinclude:Prs3d_PointAspect.jxx /misc/dn61/LocalWOK/wok_entities/LOC/dev/CR0-OCCT691-7-CR0-OCCT691-occt-64/drv/Prs3d/Prs3d_PointAspect.jxx
+M Prs3d:privinclude:Prs3d_PointAspect.ixx /misc/dn61/LocalWOK/wok_entities/LOC/dev/CR0-OCCT691-7-CR0-OCCT691-occt-64/drv/Prs3d/Prs3d_PointAspect.ixx
+M Prs3d:pubinclude:Handle_Prs3d_LineAspect.hxx /misc/dn61/LocalWOK/wok_entities/LOC/dev/CR0-OCCT691-7-CR0-OCCT691-occt-64/inc/Handle_Prs3d_LineAspect.hxx
+M Prs3d:pubinclude:Prs3d_LineAspect.hxx /misc/dn61/LocalWOK/wok_entities/LOC/dev/CR0-OCCT691-7-CR0-OCCT691-occt-64/inc/Prs3d_LineAspect.hxx
+M Prs3d:privinclude:Prs3d_LineAspect.jxx /misc/dn61/LocalWOK/wok_entities/LOC/dev/CR0-OCCT691-7-CR0-OCCT691-occt-64/drv/Prs3d/Prs3d_LineAspect.jxx
+M Prs3d:privinclude:Prs3d_LineAspect.ixx /misc/dn61/LocalWOK/wok_entities/LOC/dev/CR0-OCCT691-7-CR0-OCCT691-occt-64/drv/Prs3d/Prs3d_LineAspect.ixx
+M Prs3d:pubinclude:Handle_Prs3d_ShadingAspect.hxx /misc/dn61/LocalWOK/wok_entities/LOC/dev/CR0-OCCT691-7-CR0-OCCT691-occt-64/inc/Handle_Prs3d_ShadingAspect.hxx
+M Prs3d:pubinclude:Prs3d_ShadingAspect.hxx /misc/dn61/LocalWOK/wok_entities/LOC/dev/CR0-OCCT691-7-CR0-OCCT691-occt-64/inc/Prs3d_ShadingAspect.hxx
+M Prs3d:privinclude:Prs3d_ShadingAspect.jxx /misc/dn61/LocalWOK/wok_entities/LOC/dev/CR0-OCCT691-7-CR0-OCCT691-occt-64/drv/Prs3d/Prs3d_ShadingAspect.jxx
+M Prs3d:privinclude:Prs3d_ShadingAspect.ixx /misc/dn61/LocalWOK/wok_entities/LOC/dev/CR0-OCCT691-7-CR0-OCCT691-occt-64/drv/Prs3d/Prs3d_ShadingAspect.ixx
+M Prs3d:pubinclude:Handle_Prs3d_TextAspect.hxx /misc/dn61/LocalWOK/wok_entities/LOC/dev/CR0-OCCT691-7-CR0-OCCT691-occt-64/inc/Handle_Prs3d_TextAspect.hxx
+M Prs3d:pubinclude:Prs3d_TextAspect.hxx /misc/dn61/LocalWOK/wok_entities/LOC/dev/CR0-OCCT691-7-CR0-OCCT691-occt-64/inc/Prs3d_TextAspect.hxx
+M Prs3d:privinclude:Prs3d_TextAspect.jxx /misc/dn61/LocalWOK/wok_entities/LOC/dev/CR0-OCCT691-7-CR0-OCCT691-occt-64/drv/Prs3d/Prs3d_TextAspect.jxx
+M Prs3d:privinclude:Prs3d_TextAspect.ixx /misc/dn61/LocalWOK/wok_entities/LOC/dev/CR0-OCCT691-7-CR0-OCCT691-occt-64/drv/Prs3d/Prs3d_TextAspect.ixx
+M Prs3d:pubinclude:Handle_Prs3d_IsoAspect.hxx /misc/dn61/LocalWOK/wok_entities/LOC/dev/CR0-OCCT691-7-CR0-OCCT691-occt-64/inc/Handle_Prs3d_IsoAspect.hxx
+M Prs3d:pubinclude:Prs3d_IsoAspect.hxx /misc/dn61/LocalWOK/wok_entities/LOC/dev/CR0-OCCT691-7-CR0-OCCT691-occt-64/inc/Prs3d_IsoAspect.hxx
+M Prs3d:privinclude:Prs3d_IsoAspect.jxx /misc/dn61/LocalWOK/wok_entities/LOC/dev/CR0-OCCT691-7-CR0-OCCT691-occt-64/drv/Prs3d/Prs3d_IsoAspect.jxx
+M Prs3d:privinclude:Prs3d_IsoAspect.ixx /misc/dn61/LocalWOK/wok_entities/LOC/dev/CR0-OCCT691-7-CR0-OCCT691-occt-64/drv/Prs3d/Prs3d_IsoAspect.ixx
+M Prs3d:pubinclude:Handle_Prs3d_ArrowAspect.hxx /misc/dn61/LocalWOK/wok_entities/LOC/dev/CR0-OCCT691-7-CR0-OCCT691-occt-64/inc/Handle_Prs3d_ArrowAspect.hxx
+M Prs3d:pubinclude:Prs3d_ArrowAspect.hxx /misc/dn61/LocalWOK/wok_entities/LOC/dev/CR0-OCCT691-7-CR0-OCCT691-occt-64/inc/Prs3d_ArrowAspect.hxx
+M Prs3d:privinclude:Prs3d_ArrowAspect.jxx /misc/dn61/LocalWOK/wok_entities/LOC/dev/CR0-OCCT691-7-CR0-OCCT691-occt-64/drv/Prs3d/Prs3d_ArrowAspect.jxx
+M Prs3d:privinclude:Prs3d_ArrowAspect.ixx /misc/dn61/LocalWOK/wok_entities/LOC/dev/CR0-OCCT691-7-CR0-OCCT691-occt-64/drv/Prs3d/Prs3d_ArrowAspect.ixx
+M Prs3d:pubinclude:Handle_Prs3d_PlaneAspect.hxx /misc/dn61/LocalWOK/wok_entities/LOC/dev/CR0-OCCT691-7-CR0-OCCT691-occt-64/inc/Handle_Prs3d_PlaneAspect.hxx
+M Prs3d:pubinclude:Prs3d_PlaneAspect.hxx /misc/dn61/LocalWOK/wok_entities/LOC/dev/CR0-OCCT691-7-CR0-OCCT691-occt-64/inc/Prs3d_PlaneAspect.hxx
+M Prs3d:privinclude:Prs3d_PlaneAspect.jxx /misc/dn61/LocalWOK/wok_entities/LOC/dev/CR0-OCCT691-7-CR0-OCCT691-occt-64/drv/Prs3d/Prs3d_PlaneAspect.jxx
+M Prs3d:privinclude:Prs3d_PlaneAspect.ixx /misc/dn61/LocalWOK/wok_entities/LOC/dev/CR0-OCCT691-7-CR0-OCCT691-occt-64/drv/Prs3d/Prs3d_PlaneAspect.ixx
+M Prs3d:pubinclude:Handle_Prs3d_DimensionAspect.hxx /misc/dn61/LocalWOK/wok_entities/LOC/dev/CR0-OCCT691-7-CR0-OCCT691-occt-64/inc/Handle_Prs3d_DimensionAspect.hxx
+M Prs3d:pubinclude:Prs3d_DimensionAspect.hxx /misc/dn61/LocalWOK/wok_entities/LOC/dev/CR0-OCCT691-7-CR0-OCCT691-occt-64/inc/Prs3d_DimensionAspect.hxx
+M Prs3d:privinclude:Prs3d_DimensionAspect.jxx /misc/dn61/LocalWOK/wok_entities/LOC/dev/CR0-OCCT691-7-CR0-OCCT691-occt-64/drv/Prs3d/Prs3d_DimensionAspect.jxx
+M Prs3d:privinclude:Prs3d_DimensionAspect.ixx /misc/dn61/LocalWOK/wok_entities/LOC/dev/CR0-OCCT691-7-CR0-OCCT691-occt-64/drv/Prs3d/Prs3d_DimensionAspect.ixx
+M Prs3d:pubinclude:Handle_Prs3d_DatumAspect.hxx /misc/dn61/LocalWOK/wok_entities/LOC/dev/CR0-OCCT691-7-CR0-OCCT691-occt-64/inc/Handle_Prs3d_DatumAspect.hxx
+M Prs3d:pubinclude:Prs3d_DatumAspect.hxx /misc/dn61/LocalWOK/wok_entities/LOC/dev/CR0-OCCT691-7-CR0-OCCT691-occt-64/inc/Prs3d_DatumAspect.hxx
+M Prs3d:privinclude:Prs3d_DatumAspect.jxx /misc/dn61/LocalWOK/wok_entities/LOC/dev/CR0-OCCT691-7-CR0-OCCT691-occt-64/drv/Prs3d/Prs3d_DatumAspect.jxx
+M Prs3d:privinclude:Prs3d_DatumAspect.ixx /misc/dn61/LocalWOK/wok_entities/LOC/dev/CR0-OCCT691-7-CR0-OCCT691-occt-64/drv/Prs3d/Prs3d_DatumAspect.ixx
+M Prs3d:pubinclude:Handle_Prs3d_Projector.hxx /misc/dn61/LocalWOK/wok_entities/LOC/dev/CR0-OCCT691-7-CR0-OCCT691-occt-64/inc/Handle_Prs3d_Projector.hxx
+M Prs3d:pubinclude:Prs3d_Projector.hxx /misc/dn61/LocalWOK/wok_entities/LOC/dev/CR0-OCCT691-7-CR0-OCCT691-occt-64/inc/Prs3d_Projector.hxx
+M Prs3d:privinclude:Prs3d_Projector.jxx /misc/dn61/LocalWOK/wok_entities/LOC/dev/CR0-OCCT691-7-CR0-OCCT691-occt-64/drv/Prs3d/Prs3d_Projector.jxx
+M Prs3d:privinclude:Prs3d_Projector.ixx /misc/dn61/LocalWOK/wok_entities/LOC/dev/CR0-OCCT691-7-CR0-OCCT691-occt-64/drv/Prs3d/Prs3d_Projector.ixx
+M Prs3d:pubinclude:Handle_Prs3d_PlaneSet.hxx /misc/dn61/LocalWOK/wok_entities/LOC/dev/CR0-OCCT691-7-CR0-OCCT691-occt-64/inc/Handle_Prs3d_PlaneSet.hxx
+M Prs3d:pubinclude:Prs3d_PlaneSet.hxx /misc/dn61/LocalWOK/wok_entities/LOC/dev/CR0-OCCT691-7-CR0-OCCT691-occt-64/inc/Prs3d_PlaneSet.hxx
+M Prs3d:privinclude:Prs3d_PlaneSet.jxx /misc/dn61/LocalWOK/wok_entities/LOC/dev/CR0-OCCT691-7-CR0-OCCT691-occt-64/drv/Prs3d/Prs3d_PlaneSet.jxx
+M Prs3d:privinclude:Prs3d_PlaneSet.ixx /misc/dn61/LocalWOK/wok_entities/LOC/dev/CR0-OCCT691-7-CR0-OCCT691-occt-64/drv/Prs3d/Prs3d_PlaneSet.ixx
+M Prs3d:pubinclude:Prs3d_Root.hxx /misc/dn61/LocalWOK/wok_entities/LOC/dev/CR0-OCCT691-7-CR0-OCCT691-occt-64/inc/Prs3d_Root.hxx
+M Prs3d:privinclude:Prs3d_Root.jxx /misc/dn61/LocalWOK/wok_entities/LOC/dev/CR0-OCCT691-7-CR0-OCCT691-occt-64/drv/Prs3d/Prs3d_Root.jxx
+M Prs3d:privinclude:Prs3d_Root.ixx /misc/dn61/LocalWOK/wok_entities/LOC/dev/CR0-OCCT691-7-CR0-OCCT691-occt-64/drv/Prs3d/Prs3d_Root.ixx
+M Prs3d:pubinclude:Prs3d_Text.hxx /misc/dn61/LocalWOK/wok_entities/LOC/dev/CR0-OCCT691-7-CR0-OCCT691-occt-64/inc/Prs3d_Text.hxx
+M Prs3d:privinclude:Prs3d_Text.jxx /misc/dn61/LocalWOK/wok_entities/LOC/dev/CR0-OCCT691-7-CR0-OCCT691-occt-64/drv/Prs3d/Prs3d_Text.jxx
+M Prs3d:privinclude:Prs3d_Text.ixx /misc/dn61/LocalWOK/wok_entities/LOC/dev/CR0-OCCT691-7-CR0-OCCT691-occt-64/drv/Prs3d/Prs3d_Text.ixx
+M Prs3d:pubinclude:Prs3d_ShapeTool.hxx /misc/dn61/LocalWOK/wok_entities/LOC/dev/CR0-OCCT691-7-CR0-OCCT691-occt-64/inc/Prs3d_ShapeTool.hxx
+M Prs3d:privinclude:Prs3d_ShapeTool.jxx /misc/dn61/LocalWOK/wok_entities/LOC/dev/CR0-OCCT691-7-CR0-OCCT691-occt-64/drv/Prs3d/Prs3d_ShapeTool.jxx
+M Prs3d:privinclude:Prs3d_ShapeTool.ixx /misc/dn61/LocalWOK/wok_entities/LOC/dev/CR0-OCCT691-7-CR0-OCCT691-occt-64/drv/Prs3d/Prs3d_ShapeTool.ixx
+M Prs3d:pubinclude:Prs3d_Arrow.hxx /misc/dn61/LocalWOK/wok_entities/LOC/dev/CR0-OCCT691-7-CR0-OCCT691-occt-64/inc/Prs3d_Arrow.hxx
+M Prs3d:privinclude:Prs3d_Arrow.jxx /misc/dn61/LocalWOK/wok_entities/LOC/dev/CR0-OCCT691-7-CR0-OCCT691-occt-64/drv/Prs3d/Prs3d_Arrow.jxx
+M Prs3d:privinclude:Prs3d_Arrow.ixx /misc/dn61/LocalWOK/wok_entities/LOC/dev/CR0-OCCT691-7-CR0-OCCT691-occt-64/drv/Prs3d/Prs3d_Arrow.ixx
+M Prs3d:pubinclude:Handle_Prs3d_InvalidAngle.hxx /misc/dn61/LocalWOK/wok_entities/LOC/dev/CR0-OCCT691-7-CR0-OCCT691-occt-64/inc/Handle_Prs3d_InvalidAngle.hxx
+M Prs3d:pubinclude:Prs3d_InvalidAngle.hxx /misc/dn61/LocalWOK/wok_entities/LOC/dev/CR0-OCCT691-7-CR0-OCCT691-occt-64/inc/Prs3d_InvalidAngle.hxx
+M Prs3d:derivated:Prs3d_InvalidAngle_0.cxx /misc/dn61/LocalWOK/wok_entities/LOC/dev/CR0-OCCT691-7-CR0-OCCT691-occt-64/drv/Prs3d/Prs3d_InvalidAngle_0.cxx
+M Prs3d:pubinclude:Prs3d_TypeOfLinePicking.hxx /misc/dn61/LocalWOK/wok_entities/LOC/dev/CR0-OCCT691-7-CR0-OCCT691-occt-64/inc/Prs3d_TypeOfLinePicking.hxx
+M Prs3d:pubinclude:Prs3d_TypeOfHLR.hxx /misc/dn61/LocalWOK/wok_entities/LOC/dev/CR0-OCCT691-7-CR0-OCCT691-occt-64/inc/Prs3d_TypeOfHLR.hxx
+M Prs3d:pubinclude:Prs3d_DimensionTextHorizontalPosition.hxx /misc/dn61/LocalWOK/wok_entities/LOC/dev/CR0-OCCT691-7-CR0-OCCT691-occt-64/inc/Prs3d_DimensionTextHorizontalPosition.hxx
+M Prs3d:pubinclude:Prs3d_DimensionTextVerticalPosition.hxx /misc/dn61/LocalWOK/wok_entities/LOC/dev/CR0-OCCT691-7-CR0-OCCT691-occt-64/inc/Prs3d_DimensionTextVerticalPosition.hxx
+M Prs3d:pubinclude:Prs3d_DimensionArrowOrientation.hxx /misc/dn61/LocalWOK/wok_entities/LOC/dev/CR0-OCCT691-7-CR0-OCCT691-occt-64/inc/Prs3d_DimensionArrowOrientation.hxx
+M Prs3d:pubinclude:Prs3d_VertexDrawMode.hxx /misc/dn61/LocalWOK/wok_entities/LOC/dev/CR0-OCCT691-7-CR0-OCCT691-occt-64/inc/Prs3d_VertexDrawMode.hxx
+M Prs3d:dbadmfile:Prs3d_xcpp_header.In /misc/dn61/LocalWOK/wok_entities/LOC/dev/CR0-OCCT691-7-CR0-OCCT691-occt-64/drv/Prs3d/.adm/Prs3d_xcpp_header.In
+M Prs3d:dbadmfile:Prs3d_xcpp_header.Out /misc/dn61/LocalWOK/wok_entities/LOC/dev/CR0-OCCT691-7-CR0-OCCT691-occt-64/drv/Prs3d/.adm/Prs3d_xcpp_header.Out
+M Prs3d:dbadmfile:Prs3d_xcpp_header.Dep /misc/dn61/LocalWOK/wok_entities/LOC/dev/CR0-OCCT691-7-CR0-OCCT691-occt-64/drv/Prs3d/.adm/Prs3d_xcpp_header.Dep
