+M LocOpe:pubinclude:LocOpe.hxx /misc/dn61/LocalWOK/wok_entities/LOC/dev/CR0-OCCT691-7-CR0-OCCT691-occt-64/inc/LocOpe.hxx
+M LocOpe:privinclude:LocOpe.jxx /misc/dn61/LocalWOK/wok_entities/LOC/dev/CR0-OCCT691-7-CR0-OCCT691-occt-64/drv/LocOpe/LocOpe.jxx
+M LocOpe:privinclude:LocOpe.ixx /misc/dn61/LocalWOK/wok_entities/LOC/dev/CR0-OCCT691-7-CR0-OCCT691-occt-64/drv/LocOpe/LocOpe.ixx
+M LocOpe:pubinclude:LocOpe_SplitShape.hxx /misc/dn61/LocalWOK/wok_entities/LOC/dev/CR0-OCCT691-7-CR0-OCCT691-occt-64/inc/LocOpe_SplitShape.hxx
+M LocOpe:privinclude:LocOpe_SplitShape.jxx /misc/dn61/LocalWOK/wok_entities/LOC/dev/CR0-OCCT691-7-CR0-OCCT691-occt-64/drv/LocOpe/LocOpe_SplitShape.jxx
+M LocOpe:privinclude:LocOpe_SplitShape.ixx /misc/dn61/LocalWOK/wok_entities/LOC/dev/CR0-OCCT691-7-CR0-OCCT691-occt-64/drv/LocOpe/LocOpe_SplitShape.ixx
+M LocOpe:pubinclude:Handle_LocOpe_WiresOnShape.hxx /misc/dn61/LocalWOK/wok_entities/LOC/dev/CR0-OCCT691-7-CR0-OCCT691-occt-64/inc/Handle_LocOpe_WiresOnShape.hxx
+M LocOpe:pubinclude:LocOpe_WiresOnShape.hxx /misc/dn61/LocalWOK/wok_entities/LOC/dev/CR0-OCCT691-7-CR0-OCCT691-occt-64/inc/LocOpe_WiresOnShape.hxx
+M LocOpe:privinclude:LocOpe_WiresOnShape.jxx /misc/dn61/LocalWOK/wok_entities/LOC/dev/CR0-OCCT691-7-CR0-OCCT691-occt-64/drv/LocOpe/LocOpe_WiresOnShape.jxx
+M LocOpe:privinclude:LocOpe_WiresOnShape.ixx /misc/dn61/LocalWOK/wok_entities/LOC/dev/CR0-OCCT691-7-CR0-OCCT691-occt-64/drv/LocOpe/LocOpe_WiresOnShape.ixx
+M LocOpe:pubinclude:LocOpe_Spliter.hxx /misc/dn61/LocalWOK/wok_entities/LOC/dev/CR0-OCCT691-7-CR0-OCCT691-occt-64/inc/LocOpe_Spliter.hxx
+M LocOpe:privinclude:LocOpe_Spliter.jxx /misc/dn61/LocalWOK/wok_entities/LOC/dev/CR0-OCCT691-7-CR0-OCCT691-occt-64/drv/LocOpe/LocOpe_Spliter.jxx
+M LocOpe:privinclude:LocOpe_Spliter.ixx /misc/dn61/LocalWOK/wok_entities/LOC/dev/CR0-OCCT691-7-CR0-OCCT691-occt-64/drv/LocOpe/LocOpe_Spliter.ixx
+M LocOpe:pubinclude:LocOpe_Generator.hxx /misc/dn61/LocalWOK/wok_entities/LOC/dev/CR0-OCCT691-7-CR0-OCCT691-occt-64/inc/LocOpe_Generator.hxx
+M LocOpe:privinclude:LocOpe_Generator.jxx /misc/dn61/LocalWOK/wok_entities/LOC/dev/CR0-OCCT691-7-CR0-OCCT691-occt-64/drv/LocOpe/LocOpe_Generator.jxx
+M LocOpe:privinclude:LocOpe_Generator.ixx /misc/dn61/LocalWOK/wok_entities/LOC/dev/CR0-OCCT691-7-CR0-OCCT691-occt-64/drv/LocOpe/LocOpe_Generator.ixx
+M LocOpe:pubinclude:Handle_LocOpe_GeneratedShape.hxx /misc/dn61/LocalWOK/wok_entities/LOC/dev/CR0-OCCT691-7-CR0-OCCT691-occt-64/inc/Handle_LocOpe_GeneratedShape.hxx
+M LocOpe:pubinclude:LocOpe_GeneratedShape.hxx /misc/dn61/LocalWOK/wok_entities/LOC/dev/CR0-OCCT691-7-CR0-OCCT691-occt-64/inc/LocOpe_GeneratedShape.hxx
+M LocOpe:privinclude:LocOpe_GeneratedShape.jxx /misc/dn61/LocalWOK/wok_entities/LOC/dev/CR0-OCCT691-7-CR0-OCCT691-occt-64/drv/LocOpe/LocOpe_GeneratedShape.jxx
+M LocOpe:privinclude:LocOpe_GeneratedShape.ixx /misc/dn61/LocalWOK/wok_entities/LOC/dev/CR0-OCCT691-7-CR0-OCCT691-occt-64/drv/LocOpe/LocOpe_GeneratedShape.ixx
+M LocOpe:pubinclude:Handle_LocOpe_GluedShape.hxx /misc/dn61/LocalWOK/wok_entities/LOC/dev/CR0-OCCT691-7-CR0-OCCT691-occt-64/inc/Handle_LocOpe_GluedShape.hxx
+M LocOpe:pubinclude:LocOpe_GluedShape.hxx /misc/dn61/LocalWOK/wok_entities/LOC/dev/CR0-OCCT691-7-CR0-OCCT691-occt-64/inc/LocOpe_GluedShape.hxx
+M LocOpe:privinclude:LocOpe_GluedShape.jxx /misc/dn61/LocalWOK/wok_entities/LOC/dev/CR0-OCCT691-7-CR0-OCCT691-occt-64/drv/LocOpe/LocOpe_GluedShape.jxx
+M LocOpe:privinclude:LocOpe_GluedShape.ixx /misc/dn61/LocalWOK/wok_entities/LOC/dev/CR0-OCCT691-7-CR0-OCCT691-occt-64/drv/LocOpe/LocOpe_GluedShape.ixx
+M LocOpe:pubinclude:LocOpe_Prism.hxx /misc/dn61/LocalWOK/wok_entities/LOC/dev/CR0-OCCT691-7-CR0-OCCT691-occt-64/inc/LocOpe_Prism.hxx
+M LocOpe:privinclude:LocOpe_Prism.jxx /misc/dn61/LocalWOK/wok_entities/LOC/dev/CR0-OCCT691-7-CR0-OCCT691-occt-64/drv/LocOpe/LocOpe_Prism.jxx
+M LocOpe:privinclude:LocOpe_Prism.ixx /misc/dn61/LocalWOK/wok_entities/LOC/dev/CR0-OCCT691-7-CR0-OCCT691-occt-64/drv/LocOpe/LocOpe_Prism.ixx
+M LocOpe:pubinclude:LocOpe_Revol.hxx /misc/dn61/LocalWOK/wok_entities/LOC/dev/CR0-OCCT691-7-CR0-OCCT691-occt-64/inc/LocOpe_Revol.hxx
+M LocOpe:privinclude:LocOpe_Revol.jxx /misc/dn61/LocalWOK/wok_entities/LOC/dev/CR0-OCCT691-7-CR0-OCCT691-occt-64/drv/LocOpe/LocOpe_Revol.jxx
+M LocOpe:privinclude:LocOpe_Revol.ixx /misc/dn61/LocalWOK/wok_entities/LOC/dev/CR0-OCCT691-7-CR0-OCCT691-occt-64/drv/LocOpe/LocOpe_Revol.ixx
+M LocOpe:pubinclude:LocOpe_Pipe.hxx /misc/dn61/LocalWOK/wok_entities/LOC/dev/CR0-OCCT691-7-CR0-OCCT691-occt-64/inc/LocOpe_Pipe.hxx
+M LocOpe:privinclude:LocOpe_Pipe.jxx /misc/dn61/LocalWOK/wok_entities/LOC/dev/CR0-OCCT691-7-CR0-OCCT691-occt-64/drv/LocOpe/LocOpe_Pipe.jxx
+M LocOpe:privinclude:LocOpe_Pipe.ixx /misc/dn61/LocalWOK/wok_entities/LOC/dev/CR0-OCCT691-7-CR0-OCCT691-occt-64/drv/LocOpe/LocOpe_Pipe.ixx
+M LocOpe:pubinclude:LocOpe_DPrism.hxx /misc/dn61/LocalWOK/wok_entities/LOC/dev/CR0-OCCT691-7-CR0-OCCT691-occt-64/inc/LocOpe_DPrism.hxx
+M LocOpe:privinclude:LocOpe_DPrism.jxx /misc/dn61/LocalWOK/wok_entities/LOC/dev/CR0-OCCT691-7-CR0-OCCT691-occt-64/drv/LocOpe/LocOpe_DPrism.jxx
+M LocOpe:privinclude:LocOpe_DPrism.ixx /misc/dn61/LocalWOK/wok_entities/LOC/dev/CR0-OCCT691-7-CR0-OCCT691-occt-64/drv/LocOpe/LocOpe_DPrism.ixx
+M LocOpe:pubinclude:LocOpe_LinearForm.hxx /misc/dn61/LocalWOK/wok_entities/LOC/dev/CR0-OCCT691-7-CR0-OCCT691-occt-64/inc/LocOpe_LinearForm.hxx
+M LocOpe:privinclude:LocOpe_LinearForm.jxx /misc/dn61/LocalWOK/wok_entities/LOC/dev/CR0-OCCT691-7-CR0-OCCT691-occt-64/drv/LocOpe/LocOpe_LinearForm.jxx
+M LocOpe:privinclude:LocOpe_LinearForm.ixx /misc/dn61/LocalWOK/wok_entities/LOC/dev/CR0-OCCT691-7-CR0-OCCT691-occt-64/drv/LocOpe/LocOpe_LinearForm.ixx
+M LocOpe:pubinclude:LocOpe_RevolutionForm.hxx /misc/dn61/LocalWOK/wok_entities/LOC/dev/CR0-OCCT691-7-CR0-OCCT691-occt-64/inc/LocOpe_RevolutionForm.hxx
+M LocOpe:privinclude:LocOpe_RevolutionForm.jxx /misc/dn61/LocalWOK/wok_entities/LOC/dev/CR0-OCCT691-7-CR0-OCCT691-occt-64/drv/LocOpe/LocOpe_RevolutionForm.jxx
+M LocOpe:privinclude:LocOpe_RevolutionForm.ixx /misc/dn61/LocalWOK/wok_entities/LOC/dev/CR0-OCCT691-7-CR0-OCCT691-occt-64/drv/LocOpe/LocOpe_RevolutionForm.ixx
+M LocOpe:pubinclude:LocOpe_Gluer.hxx /misc/dn61/LocalWOK/wok_entities/LOC/dev/CR0-OCCT691-7-CR0-OCCT691-occt-64/inc/LocOpe_Gluer.hxx
+M LocOpe:privinclude:LocOpe_Gluer.jxx /misc/dn61/LocalWOK/wok_entities/LOC/dev/CR0-OCCT691-7-CR0-OCCT691-occt-64/drv/LocOpe/LocOpe_Gluer.jxx
+M LocOpe:privinclude:LocOpe_Gluer.ixx /misc/dn61/LocalWOK/wok_entities/LOC/dev/CR0-OCCT691-7-CR0-OCCT691-occt-64/drv/LocOpe/LocOpe_Gluer.ixx
+M LocOpe:pubinclude:LocOpe_FindEdges.hxx /misc/dn61/LocalWOK/wok_entities/LOC/dev/CR0-OCCT691-7-CR0-OCCT691-occt-64/inc/LocOpe_FindEdges.hxx
+M LocOpe:privinclude:LocOpe_FindEdges.jxx /misc/dn61/LocalWOK/wok_entities/LOC/dev/CR0-OCCT691-7-CR0-OCCT691-occt-64/drv/LocOpe/LocOpe_FindEdges.jxx
+M LocOpe:privinclude:LocOpe_FindEdges.ixx /misc/dn61/LocalWOK/wok_entities/LOC/dev/CR0-OCCT691-7-CR0-OCCT691-occt-64/drv/LocOpe/LocOpe_FindEdges.ixx
+M LocOpe:pubinclude:LocOpe_FindEdgesInFace.hxx /misc/dn61/LocalWOK/wok_entities/LOC/dev/CR0-OCCT691-7-CR0-OCCT691-occt-64/inc/LocOpe_FindEdgesInFace.hxx
+M LocOpe:privinclude:LocOpe_FindEdgesInFace.jxx /misc/dn61/LocalWOK/wok_entities/LOC/dev/CR0-OCCT691-7-CR0-OCCT691-occt-64/drv/LocOpe/LocOpe_FindEdgesInFace.jxx
+M LocOpe:privinclude:LocOpe_FindEdgesInFace.ixx /misc/dn61/LocalWOK/wok_entities/LOC/dev/CR0-OCCT691-7-CR0-OCCT691-occt-64/drv/LocOpe/LocOpe_FindEdgesInFace.ixx
+M LocOpe:pubinclude:LocOpe_DataMapOfShapePnt.hxx /misc/dn61/LocalWOK/wok_entities/LOC/dev/CR0-OCCT691-7-CR0-OCCT691-occt-64/inc/LocOpe_DataMapOfShapePnt.hxx
+M LocOpe:derivated:LocOpe_DataMapOfShapePnt_0.cxx /misc/dn61/LocalWOK/wok_entities/LOC/dev/CR0-OCCT691-7-CR0-OCCT691-occt-64/drv/LocOpe/LocOpe_DataMapOfShapePnt_0.cxx
+M LocOpe:pubinclude:LocOpe_PntFace.hxx /misc/dn61/LocalWOK/wok_entities/LOC/dev/CR0-OCCT691-7-CR0-OCCT691-occt-64/inc/LocOpe_PntFace.hxx
+M LocOpe:privinclude:LocOpe_PntFace.jxx /misc/dn61/LocalWOK/wok_entities/LOC/dev/CR0-OCCT691-7-CR0-OCCT691-occt-64/drv/LocOpe/LocOpe_PntFace.jxx
+M LocOpe:privinclude:LocOpe_PntFace.ixx /misc/dn61/LocalWOK/wok_entities/LOC/dev/CR0-OCCT691-7-CR0-OCCT691-occt-64/drv/LocOpe/LocOpe_PntFace.ixx
+M LocOpe:pubinclude:LocOpe_CurveShapeIntersector.hxx /misc/dn61/LocalWOK/wok_entities/LOC/dev/CR0-OCCT691-7-CR0-OCCT691-occt-64/inc/LocOpe_CurveShapeIntersector.hxx
+M LocOpe:privinclude:LocOpe_CurveShapeIntersector.jxx /misc/dn61/LocalWOK/wok_entities/LOC/dev/CR0-OCCT691-7-CR0-OCCT691-occt-64/drv/LocOpe/LocOpe_CurveShapeIntersector.jxx
+M LocOpe:privinclude:LocOpe_CurveShapeIntersector.ixx /misc/dn61/LocalWOK/wok_entities/LOC/dev/CR0-OCCT691-7-CR0-OCCT691-occt-64/drv/LocOpe/LocOpe_CurveShapeIntersector.ixx
+M LocOpe:pubinclude:LocOpe_CSIntersector.hxx /misc/dn61/LocalWOK/wok_entities/LOC/dev/CR0-OCCT691-7-CR0-OCCT691-occt-64/inc/LocOpe_CSIntersector.hxx
+M LocOpe:privinclude:LocOpe_CSIntersector.jxx /misc/dn61/LocalWOK/wok_entities/LOC/dev/CR0-OCCT691-7-CR0-OCCT691-occt-64/drv/LocOpe/LocOpe_CSIntersector.jxx
+M LocOpe:privinclude:LocOpe_CSIntersector.ixx /misc/dn61/LocalWOK/wok_entities/LOC/dev/CR0-OCCT691-7-CR0-OCCT691-occt-64/drv/LocOpe/LocOpe_CSIntersector.ixx
+M LocOpe:pubinclude:LocOpe_BuildShape.hxx /misc/dn61/LocalWOK/wok_entities/LOC/dev/CR0-OCCT691-7-CR0-OCCT691-occt-64/inc/LocOpe_BuildShape.hxx
+M LocOpe:privinclude:LocOpe_BuildShape.jxx /misc/dn61/LocalWOK/wok_entities/LOC/dev/CR0-OCCT691-7-CR0-OCCT691-occt-64/drv/LocOpe/LocOpe_BuildShape.jxx
+M LocOpe:privinclude:LocOpe_BuildShape.ixx /misc/dn61/LocalWOK/wok_entities/LOC/dev/CR0-OCCT691-7-CR0-OCCT691-occt-64/drv/LocOpe/LocOpe_BuildShape.ixx
+M LocOpe:pubinclude:LocOpe_SplitDrafts.hxx /misc/dn61/LocalWOK/wok_entities/LOC/dev/CR0-OCCT691-7-CR0-OCCT691-occt-64/inc/LocOpe_SplitDrafts.hxx
+M LocOpe:privinclude:LocOpe_SplitDrafts.jxx /misc/dn61/LocalWOK/wok_entities/LOC/dev/CR0-OCCT691-7-CR0-OCCT691-occt-64/drv/LocOpe/LocOpe_SplitDrafts.jxx
+M LocOpe:privinclude:LocOpe_SplitDrafts.ixx /misc/dn61/LocalWOK/wok_entities/LOC/dev/CR0-OCCT691-7-CR0-OCCT691-occt-64/drv/LocOpe/LocOpe_SplitDrafts.ixx
+M LocOpe:pubinclude:LocOpe_SequenceOfPntFace.hxx /misc/dn61/LocalWOK/wok_entities/LOC/dev/CR0-OCCT691-7-CR0-OCCT691-occt-64/inc/LocOpe_SequenceOfPntFace.hxx
+M LocOpe:derivated:LocOpe_SequenceOfPntFace_0.cxx /misc/dn61/LocalWOK/wok_entities/LOC/dev/CR0-OCCT691-7-CR0-OCCT691-occt-64/drv/LocOpe/LocOpe_SequenceOfPntFace_0.cxx
+M LocOpe:pubinclude:LocOpe_SequenceOfLin.hxx /misc/dn61/LocalWOK/wok_entities/LOC/dev/CR0-OCCT691-7-CR0-OCCT691-occt-64/inc/LocOpe_SequenceOfLin.hxx
+M LocOpe:derivated:LocOpe_SequenceOfLin_0.cxx /misc/dn61/LocalWOK/wok_entities/LOC/dev/CR0-OCCT691-7-CR0-OCCT691-occt-64/drv/LocOpe/LocOpe_SequenceOfLin_0.cxx
+M LocOpe:pubinclude:LocOpe_SequenceOfCirc.hxx /misc/dn61/LocalWOK/wok_entities/LOC/dev/CR0-OCCT691-7-CR0-OCCT691-occt-64/inc/LocOpe_SequenceOfCirc.hxx
+M LocOpe:derivated:LocOpe_SequenceOfCirc_0.cxx /misc/dn61/LocalWOK/wok_entities/LOC/dev/CR0-OCCT691-7-CR0-OCCT691-occt-64/drv/LocOpe/LocOpe_SequenceOfCirc_0.cxx
+M LocOpe:pubinclude:Handle_LocOpe_HBuilder.hxx /misc/dn61/LocalWOK/wok_entities/LOC/dev/CR0-OCCT691-7-CR0-OCCT691-occt-64/inc/Handle_LocOpe_HBuilder.hxx
+M LocOpe:pubinclude:LocOpe_HBuilder.hxx /misc/dn61/LocalWOK/wok_entities/LOC/dev/CR0-OCCT691-7-CR0-OCCT691-occt-64/inc/LocOpe_HBuilder.hxx
+M LocOpe:privinclude:LocOpe_HBuilder.jxx /misc/dn61/LocalWOK/wok_entities/LOC/dev/CR0-OCCT691-7-CR0-OCCT691-occt-64/drv/LocOpe/LocOpe_HBuilder.jxx
+M LocOpe:privinclude:LocOpe_HBuilder.ixx /misc/dn61/LocalWOK/wok_entities/LOC/dev/CR0-OCCT691-7-CR0-OCCT691-occt-64/drv/LocOpe/LocOpe_HBuilder.ixx
+M LocOpe:pubinclude:LocOpe_BuildWires.hxx /misc/dn61/LocalWOK/wok_entities/LOC/dev/CR0-OCCT691-7-CR0-OCCT691-occt-64/inc/LocOpe_BuildWires.hxx
+M LocOpe:privinclude:LocOpe_BuildWires.jxx /misc/dn61/LocalWOK/wok_entities/LOC/dev/CR0-OCCT691-7-CR0-OCCT691-occt-64/drv/LocOpe/LocOpe_BuildWires.jxx
+M LocOpe:privinclude:LocOpe_BuildWires.ixx /misc/dn61/LocalWOK/wok_entities/LOC/dev/CR0-OCCT691-7-CR0-OCCT691-occt-64/drv/LocOpe/LocOpe_BuildWires.ixx
+M LocOpe:pubinclude:Handle_LocOpe_DataMapNodeOfDataMapOfShapePnt.hxx /misc/dn61/LocalWOK/wok_entities/LOC/dev/CR0-OCCT691-7-CR0-OCCT691-occt-64/inc/Handle_LocOpe_DataMapNodeOfDataMapOfShapePnt.hxx
+M LocOpe:pubinclude:LocOpe_DataMapNodeOfDataMapOfShapePnt.hxx /misc/dn61/LocalWOK/wok_entities/LOC/dev/CR0-OCCT691-7-CR0-OCCT691-occt-64/inc/LocOpe_DataMapNodeOfDataMapOfShapePnt.hxx
+M LocOpe:derivated:LocOpe_DataMapNodeOfDataMapOfShapePnt_0.cxx /misc/dn61/LocalWOK/wok_entities/LOC/dev/CR0-OCCT691-7-CR0-OCCT691-occt-64/drv/LocOpe/LocOpe_DataMapNodeOfDataMapOfShapePnt_0.cxx
+M LocOpe:pubinclude:LocOpe_DataMapIteratorOfDataMapOfShapePnt.hxx /misc/dn61/LocalWOK/wok_entities/LOC/dev/CR0-OCCT691-7-CR0-OCCT691-occt-64/inc/LocOpe_DataMapIteratorOfDataMapOfShapePnt.hxx
+M LocOpe:derivated:LocOpe_DataMapIteratorOfDataMapOfShapePnt_0.cxx /misc/dn61/LocalWOK/wok_entities/LOC/dev/CR0-OCCT691-7-CR0-OCCT691-occt-64/drv/LocOpe/LocOpe_DataMapIteratorOfDataMapOfShapePnt_0.cxx
+M LocOpe:pubinclude:Handle_LocOpe_SequenceNodeOfSequenceOfPntFace.hxx /misc/dn61/LocalWOK/wok_entities/LOC/dev/CR0-OCCT691-7-CR0-OCCT691-occt-64/inc/Handle_LocOpe_SequenceNodeOfSequenceOfPntFace.hxx
+M LocOpe:pubinclude:LocOpe_SequenceNodeOfSequenceOfPntFace.hxx /misc/dn61/LocalWOK/wok_entities/LOC/dev/CR0-OCCT691-7-CR0-OCCT691-occt-64/inc/LocOpe_SequenceNodeOfSequenceOfPntFace.hxx
+M LocOpe:derivated:LocOpe_SequenceNodeOfSequenceOfPntFace_0.cxx /misc/dn61/LocalWOK/wok_entities/LOC/dev/CR0-OCCT691-7-CR0-OCCT691-occt-64/drv/LocOpe/LocOpe_SequenceNodeOfSequenceOfPntFace_0.cxx
+M LocOpe:pubinclude:Handle_LocOpe_SequenceNodeOfSequenceOfLin.hxx /misc/dn61/LocalWOK/wok_entities/LOC/dev/CR0-OCCT691-7-CR0-OCCT691-occt-64/inc/Handle_LocOpe_SequenceNodeOfSequenceOfLin.hxx
+M LocOpe:pubinclude:LocOpe_SequenceNodeOfSequenceOfLin.hxx /misc/dn61/LocalWOK/wok_entities/LOC/dev/CR0-OCCT691-7-CR0-OCCT691-occt-64/inc/LocOpe_SequenceNodeOfSequenceOfLin.hxx
+M LocOpe:derivated:LocOpe_SequenceNodeOfSequenceOfLin_0.cxx /misc/dn61/LocalWOK/wok_entities/LOC/dev/CR0-OCCT691-7-CR0-OCCT691-occt-64/drv/LocOpe/LocOpe_SequenceNodeOfSequenceOfLin_0.cxx
+M LocOpe:pubinclude:Handle_LocOpe_SequenceNodeOfSequenceOfCirc.hxx /misc/dn61/LocalWOK/wok_entities/LOC/dev/CR0-OCCT691-7-CR0-OCCT691-occt-64/inc/Handle_LocOpe_SequenceNodeOfSequenceOfCirc.hxx
+M LocOpe:pubinclude:LocOpe_SequenceNodeOfSequenceOfCirc.hxx /misc/dn61/LocalWOK/wok_entities/LOC/dev/CR0-OCCT691-7-CR0-OCCT691-occt-64/inc/LocOpe_SequenceNodeOfSequenceOfCirc.hxx
+M LocOpe:derivated:LocOpe_SequenceNodeOfSequenceOfCirc_0.cxx /misc/dn61/LocalWOK/wok_entities/LOC/dev/CR0-OCCT691-7-CR0-OCCT691-occt-64/drv/LocOpe/LocOpe_SequenceNodeOfSequenceOfCirc_0.cxx
+M LocOpe:pubinclude:LocOpe_Operation.hxx /misc/dn61/LocalWOK/wok_entities/LOC/dev/CR0-OCCT691-7-CR0-OCCT691-occt-64/inc/LocOpe_Operation.hxx
+M LocOpe:dbadmfile:LocOpe_xcpp_header.In /misc/dn61/LocalWOK/wok_entities/LOC/dev/CR0-OCCT691-7-CR0-OCCT691-occt-64/drv/LocOpe/.adm/LocOpe_xcpp_header.In
+M LocOpe:dbadmfile:LocOpe_xcpp_header.Out /misc/dn61/LocalWOK/wok_entities/LOC/dev/CR0-OCCT691-7-CR0-OCCT691-occt-64/drv/LocOpe/.adm/LocOpe_xcpp_header.Out
+M LocOpe:dbadmfile:LocOpe_xcpp_header.Dep /misc/dn61/LocalWOK/wok_entities/LOC/dev/CR0-OCCT691-7-CR0-OCCT691-occt-64/drv/LocOpe/.adm/LocOpe_xcpp_header.Dep
