+M StepAP203:pubinclude:StepAP203_ApprovedItem.hxx /misc/dn61/LocalWOK/wok_entities/LOC/dev/CR0-OCCT691-7-CR0-OCCT691-occt-64/inc/StepAP203_ApprovedItem.hxx
+M StepAP203:privinclude:StepAP203_ApprovedItem.jxx /misc/dn61/LocalWOK/wok_entities/LOC/dev/CR0-OCCT691-7-CR0-OCCT691-occt-64/drv/StepAP203/StepAP203_ApprovedItem.jxx
+M StepAP203:privinclude:StepAP203_ApprovedItem.ixx /misc/dn61/LocalWOK/wok_entities/LOC/dev/CR0-OCCT691-7-CR0-OCCT691-occt-64/drv/StepAP203/StepAP203_ApprovedItem.ixx
+M StepAP203:pubinclude:Handle_StepAP203_CcDesignApproval.hxx /misc/dn61/LocalWOK/wok_entities/LOC/dev/CR0-OCCT691-7-CR0-OCCT691-occt-64/inc/Handle_StepAP203_CcDesignApproval.hxx
+M StepAP203:pubinclude:StepAP203_CcDesignApproval.hxx /misc/dn61/LocalWOK/wok_entities/LOC/dev/CR0-OCCT691-7-CR0-OCCT691-occt-64/inc/StepAP203_CcDesignApproval.hxx
+M StepAP203:privinclude:StepAP203_CcDesignApproval.jxx /misc/dn61/LocalWOK/wok_entities/LOC/dev/CR0-OCCT691-7-CR0-OCCT691-occt-64/drv/StepAP203/StepAP203_CcDesignApproval.jxx
+M StepAP203:privinclude:StepAP203_CcDesignApproval.ixx /misc/dn61/LocalWOK/wok_entities/LOC/dev/CR0-OCCT691-7-CR0-OCCT691-occt-64/drv/StepAP203/StepAP203_CcDesignApproval.ixx
+M StepAP203:pubinclude:Handle_StepAP203_CcDesignCertification.hxx /misc/dn61/LocalWOK/wok_entities/LOC/dev/CR0-OCCT691-7-CR0-OCCT691-occt-64/inc/Handle_StepAP203_CcDesignCertification.hxx
+M StepAP203:pubinclude:StepAP203_CcDesignCertification.hxx /misc/dn61/LocalWOK/wok_entities/LOC/dev/CR0-OCCT691-7-CR0-OCCT691-occt-64/inc/StepAP203_CcDesignCertification.hxx
+M StepAP203:privinclude:StepAP203_CcDesignCertification.jxx /misc/dn61/LocalWOK/wok_entities/LOC/dev/CR0-OCCT691-7-CR0-OCCT691-occt-64/drv/StepAP203/StepAP203_CcDesignCertification.jxx
+M StepAP203:privinclude:StepAP203_CcDesignCertification.ixx /misc/dn61/LocalWOK/wok_entities/LOC/dev/CR0-OCCT691-7-CR0-OCCT691-occt-64/drv/StepAP203/StepAP203_CcDesignCertification.ixx
+M StepAP203:pubinclude:Handle_StepAP203_CcDesignContract.hxx /misc/dn61/LocalWOK/wok_entities/LOC/dev/CR0-OCCT691-7-CR0-OCCT691-occt-64/inc/Handle_StepAP203_CcDesignContract.hxx
+M StepAP203:pubinclude:StepAP203_CcDesignContract.hxx /misc/dn61/LocalWOK/wok_entities/LOC/dev/CR0-OCCT691-7-CR0-OCCT691-occt-64/inc/StepAP203_CcDesignContract.hxx
+M StepAP203:privinclude:StepAP203_CcDesignContract.jxx /misc/dn61/LocalWOK/wok_entities/LOC/dev/CR0-OCCT691-7-CR0-OCCT691-occt-64/drv/StepAP203/StepAP203_CcDesignContract.jxx
+M StepAP203:privinclude:StepAP203_CcDesignContract.ixx /misc/dn61/LocalWOK/wok_entities/LOC/dev/CR0-OCCT691-7-CR0-OCCT691-occt-64/drv/StepAP203/StepAP203_CcDesignContract.ixx
+M StepAP203:pubinclude:Handle_StepAP203_CcDesignDateAndTimeAssignment.hxx /misc/dn61/LocalWOK/wok_entities/LOC/dev/CR0-OCCT691-7-CR0-OCCT691-occt-64/inc/Handle_StepAP203_CcDesignDateAndTimeAssignment.hxx
+M StepAP203:pubinclude:StepAP203_CcDesignDateAndTimeAssignment.hxx /misc/dn61/LocalWOK/wok_entities/LOC/dev/CR0-OCCT691-7-CR0-OCCT691-occt-64/inc/StepAP203_CcDesignDateAndTimeAssignment.hxx
+M StepAP203:privinclude:StepAP203_CcDesignDateAndTimeAssignment.jxx /misc/dn61/LocalWOK/wok_entities/LOC/dev/CR0-OCCT691-7-CR0-OCCT691-occt-64/drv/StepAP203/StepAP203_CcDesignDateAndTimeAssignment.jxx
+M StepAP203:privinclude:StepAP203_CcDesignDateAndTimeAssignment.ixx /misc/dn61/LocalWOK/wok_entities/LOC/dev/CR0-OCCT691-7-CR0-OCCT691-occt-64/drv/StepAP203/StepAP203_CcDesignDateAndTimeAssignment.ixx
+M StepAP203:pubinclude:Handle_StepAP203_CcDesignPersonAndOrganizationAssignment.hxx /misc/dn61/LocalWOK/wok_entities/LOC/dev/CR0-OCCT691-7-CR0-OCCT691-occt-64/inc/Handle_StepAP203_CcDesignPersonAndOrganizationAssignment.hxx
+M StepAP203:pubinclude:StepAP203_CcDesignPersonAndOrganizationAssignment.hxx /misc/dn61/LocalWOK/wok_entities/LOC/dev/CR0-OCCT691-7-CR0-OCCT691-occt-64/inc/StepAP203_CcDesignPersonAndOrganizationAssignment.hxx
+M StepAP203:privinclude:StepAP203_CcDesignPersonAndOrganizationAssignment.jxx /misc/dn61/LocalWOK/wok_entities/LOC/dev/CR0-OCCT691-7-CR0-OCCT691-occt-64/drv/StepAP203/StepAP203_CcDesignPersonAndOrganizationAssignment.jxx
+M StepAP203:privinclude:StepAP203_CcDesignPersonAndOrganizationAssignment.ixx /misc/dn61/LocalWOK/wok_entities/LOC/dev/CR0-OCCT691-7-CR0-OCCT691-occt-64/drv/StepAP203/StepAP203_CcDesignPersonAndOrganizationAssignment.ixx
+M StepAP203:pubinclude:Handle_StepAP203_CcDesignSecurityClassification.hxx /misc/dn61/LocalWOK/wok_entities/LOC/dev/CR0-OCCT691-7-CR0-OCCT691-occt-64/inc/Handle_StepAP203_CcDesignSecurityClassification.hxx
+M StepAP203:pubinclude:StepAP203_CcDesignSecurityClassification.hxx /misc/dn61/LocalWOK/wok_entities/LOC/dev/CR0-OCCT691-7-CR0-OCCT691-occt-64/inc/StepAP203_CcDesignSecurityClassification.hxx
+M StepAP203:privinclude:StepAP203_CcDesignSecurityClassification.jxx /misc/dn61/LocalWOK/wok_entities/LOC/dev/CR0-OCCT691-7-CR0-OCCT691-occt-64/drv/StepAP203/StepAP203_CcDesignSecurityClassification.jxx
+M StepAP203:privinclude:StepAP203_CcDesignSecurityClassification.ixx /misc/dn61/LocalWOK/wok_entities/LOC/dev/CR0-OCCT691-7-CR0-OCCT691-occt-64/drv/StepAP203/StepAP203_CcDesignSecurityClassification.ixx
+M StepAP203:pubinclude:Handle_StepAP203_CcDesignSpecificationReference.hxx /misc/dn61/LocalWOK/wok_entities/LOC/dev/CR0-OCCT691-7-CR0-OCCT691-occt-64/inc/Handle_StepAP203_CcDesignSpecificationReference.hxx
+M StepAP203:pubinclude:StepAP203_CcDesignSpecificationReference.hxx /misc/dn61/LocalWOK/wok_entities/LOC/dev/CR0-OCCT691-7-CR0-OCCT691-occt-64/inc/StepAP203_CcDesignSpecificationReference.hxx
+M StepAP203:privinclude:StepAP203_CcDesignSpecificationReference.jxx /misc/dn61/LocalWOK/wok_entities/LOC/dev/CR0-OCCT691-7-CR0-OCCT691-occt-64/drv/StepAP203/StepAP203_CcDesignSpecificationReference.jxx
+M StepAP203:privinclude:StepAP203_CcDesignSpecificationReference.ixx /misc/dn61/LocalWOK/wok_entities/LOC/dev/CR0-OCCT691-7-CR0-OCCT691-occt-64/drv/StepAP203/StepAP203_CcDesignSpecificationReference.ixx
+M StepAP203:pubinclude:StepAP203_CertifiedItem.hxx /misc/dn61/LocalWOK/wok_entities/LOC/dev/CR0-OCCT691-7-CR0-OCCT691-occt-64/inc/StepAP203_CertifiedItem.hxx
+M StepAP203:privinclude:StepAP203_CertifiedItem.jxx /misc/dn61/LocalWOK/wok_entities/LOC/dev/CR0-OCCT691-7-CR0-OCCT691-occt-64/drv/StepAP203/StepAP203_CertifiedItem.jxx
+M StepAP203:privinclude:StepAP203_CertifiedItem.ixx /misc/dn61/LocalWOK/wok_entities/LOC/dev/CR0-OCCT691-7-CR0-OCCT691-occt-64/drv/StepAP203/StepAP203_CertifiedItem.ixx
+M StepAP203:pubinclude:Handle_StepAP203_Change.hxx /misc/dn61/LocalWOK/wok_entities/LOC/dev/CR0-OCCT691-7-CR0-OCCT691-occt-64/inc/Handle_StepAP203_Change.hxx
+M StepAP203:pubinclude:StepAP203_Change.hxx /misc/dn61/LocalWOK/wok_entities/LOC/dev/CR0-OCCT691-7-CR0-OCCT691-occt-64/inc/StepAP203_Change.hxx
+M StepAP203:privinclude:StepAP203_Change.jxx /misc/dn61/LocalWOK/wok_entities/LOC/dev/CR0-OCCT691-7-CR0-OCCT691-occt-64/drv/StepAP203/StepAP203_Change.jxx
+M StepAP203:privinclude:StepAP203_Change.ixx /misc/dn61/LocalWOK/wok_entities/LOC/dev/CR0-OCCT691-7-CR0-OCCT691-occt-64/drv/StepAP203/StepAP203_Change.ixx
+M StepAP203:pubinclude:Handle_StepAP203_ChangeRequest.hxx /misc/dn61/LocalWOK/wok_entities/LOC/dev/CR0-OCCT691-7-CR0-OCCT691-occt-64/inc/Handle_StepAP203_ChangeRequest.hxx
+M StepAP203:pubinclude:StepAP203_ChangeRequest.hxx /misc/dn61/LocalWOK/wok_entities/LOC/dev/CR0-OCCT691-7-CR0-OCCT691-occt-64/inc/StepAP203_ChangeRequest.hxx
+M StepAP203:privinclude:StepAP203_ChangeRequest.jxx /misc/dn61/LocalWOK/wok_entities/LOC/dev/CR0-OCCT691-7-CR0-OCCT691-occt-64/drv/StepAP203/StepAP203_ChangeRequest.jxx
+M StepAP203:privinclude:StepAP203_ChangeRequest.ixx /misc/dn61/LocalWOK/wok_entities/LOC/dev/CR0-OCCT691-7-CR0-OCCT691-occt-64/drv/StepAP203/StepAP203_ChangeRequest.ixx
+M StepAP203:pubinclude:StepAP203_ChangeRequestItem.hxx /misc/dn61/LocalWOK/wok_entities/LOC/dev/CR0-OCCT691-7-CR0-OCCT691-occt-64/inc/StepAP203_ChangeRequestItem.hxx
+M StepAP203:privinclude:StepAP203_ChangeRequestItem.jxx /misc/dn61/LocalWOK/wok_entities/LOC/dev/CR0-OCCT691-7-CR0-OCCT691-occt-64/drv/StepAP203/StepAP203_ChangeRequestItem.jxx
+M StepAP203:privinclude:StepAP203_ChangeRequestItem.ixx /misc/dn61/LocalWOK/wok_entities/LOC/dev/CR0-OCCT691-7-CR0-OCCT691-occt-64/drv/StepAP203/StepAP203_ChangeRequestItem.ixx
+M StepAP203:pubinclude:StepAP203_ClassifiedItem.hxx /misc/dn61/LocalWOK/wok_entities/LOC/dev/CR0-OCCT691-7-CR0-OCCT691-occt-64/inc/StepAP203_ClassifiedItem.hxx
+M StepAP203:privinclude:StepAP203_ClassifiedItem.jxx /misc/dn61/LocalWOK/wok_entities/LOC/dev/CR0-OCCT691-7-CR0-OCCT691-occt-64/drv/StepAP203/StepAP203_ClassifiedItem.jxx
+M StepAP203:privinclude:StepAP203_ClassifiedItem.ixx /misc/dn61/LocalWOK/wok_entities/LOC/dev/CR0-OCCT691-7-CR0-OCCT691-occt-64/drv/StepAP203/StepAP203_ClassifiedItem.ixx
+M StepAP203:pubinclude:StepAP203_ContractedItem.hxx /misc/dn61/LocalWOK/wok_entities/LOC/dev/CR0-OCCT691-7-CR0-OCCT691-occt-64/inc/StepAP203_ContractedItem.hxx
+M StepAP203:privinclude:StepAP203_ContractedItem.jxx /misc/dn61/LocalWOK/wok_entities/LOC/dev/CR0-OCCT691-7-CR0-OCCT691-occt-64/drv/StepAP203/StepAP203_ContractedItem.jxx
+M StepAP203:privinclude:StepAP203_ContractedItem.ixx /misc/dn61/LocalWOK/wok_entities/LOC/dev/CR0-OCCT691-7-CR0-OCCT691-occt-64/drv/StepAP203/StepAP203_ContractedItem.ixx
+M StepAP203:pubinclude:StepAP203_DateTimeItem.hxx /misc/dn61/LocalWOK/wok_entities/LOC/dev/CR0-OCCT691-7-CR0-OCCT691-occt-64/inc/StepAP203_DateTimeItem.hxx
+M StepAP203:privinclude:StepAP203_DateTimeItem.jxx /misc/dn61/LocalWOK/wok_entities/LOC/dev/CR0-OCCT691-7-CR0-OCCT691-occt-64/drv/StepAP203/StepAP203_DateTimeItem.jxx
+M StepAP203:privinclude:StepAP203_DateTimeItem.ixx /misc/dn61/LocalWOK/wok_entities/LOC/dev/CR0-OCCT691-7-CR0-OCCT691-occt-64/drv/StepAP203/StepAP203_DateTimeItem.ixx
+M StepAP203:pubinclude:StepAP203_PersonOrganizationItem.hxx /misc/dn61/LocalWOK/wok_entities/LOC/dev/CR0-OCCT691-7-CR0-OCCT691-occt-64/inc/StepAP203_PersonOrganizationItem.hxx
+M StepAP203:privinclude:StepAP203_PersonOrganizationItem.jxx /misc/dn61/LocalWOK/wok_entities/LOC/dev/CR0-OCCT691-7-CR0-OCCT691-occt-64/drv/StepAP203/StepAP203_PersonOrganizationItem.jxx
+M StepAP203:privinclude:StepAP203_PersonOrganizationItem.ixx /misc/dn61/LocalWOK/wok_entities/LOC/dev/CR0-OCCT691-7-CR0-OCCT691-occt-64/drv/StepAP203/StepAP203_PersonOrganizationItem.ixx
+M StepAP203:pubinclude:StepAP203_SpecifiedItem.hxx /misc/dn61/LocalWOK/wok_entities/LOC/dev/CR0-OCCT691-7-CR0-OCCT691-occt-64/inc/StepAP203_SpecifiedItem.hxx
+M StepAP203:privinclude:StepAP203_SpecifiedItem.jxx /misc/dn61/LocalWOK/wok_entities/LOC/dev/CR0-OCCT691-7-CR0-OCCT691-occt-64/drv/StepAP203/StepAP203_SpecifiedItem.jxx
+M StepAP203:privinclude:StepAP203_SpecifiedItem.ixx /misc/dn61/LocalWOK/wok_entities/LOC/dev/CR0-OCCT691-7-CR0-OCCT691-occt-64/drv/StepAP203/StepAP203_SpecifiedItem.ixx
+M StepAP203:pubinclude:Handle_StepAP203_StartRequest.hxx /misc/dn61/LocalWOK/wok_entities/LOC/dev/CR0-OCCT691-7-CR0-OCCT691-occt-64/inc/Handle_StepAP203_StartRequest.hxx
+M StepAP203:pubinclude:StepAP203_StartRequest.hxx /misc/dn61/LocalWOK/wok_entities/LOC/dev/CR0-OCCT691-7-CR0-OCCT691-occt-64/inc/StepAP203_StartRequest.hxx
+M StepAP203:privinclude:StepAP203_StartRequest.jxx /misc/dn61/LocalWOK/wok_entities/LOC/dev/CR0-OCCT691-7-CR0-OCCT691-occt-64/drv/StepAP203/StepAP203_StartRequest.jxx
+M StepAP203:privinclude:StepAP203_StartRequest.ixx /misc/dn61/LocalWOK/wok_entities/LOC/dev/CR0-OCCT691-7-CR0-OCCT691-occt-64/drv/StepAP203/StepAP203_StartRequest.ixx
+M StepAP203:pubinclude:StepAP203_StartRequestItem.hxx /misc/dn61/LocalWOK/wok_entities/LOC/dev/CR0-OCCT691-7-CR0-OCCT691-occt-64/inc/StepAP203_StartRequestItem.hxx
+M StepAP203:privinclude:StepAP203_StartRequestItem.jxx /misc/dn61/LocalWOK/wok_entities/LOC/dev/CR0-OCCT691-7-CR0-OCCT691-occt-64/drv/StepAP203/StepAP203_StartRequestItem.jxx
+M StepAP203:privinclude:StepAP203_StartRequestItem.ixx /misc/dn61/LocalWOK/wok_entities/LOC/dev/CR0-OCCT691-7-CR0-OCCT691-occt-64/drv/StepAP203/StepAP203_StartRequestItem.ixx
+M StepAP203:pubinclude:Handle_StepAP203_StartWork.hxx /misc/dn61/LocalWOK/wok_entities/LOC/dev/CR0-OCCT691-7-CR0-OCCT691-occt-64/inc/Handle_StepAP203_StartWork.hxx
+M StepAP203:pubinclude:StepAP203_StartWork.hxx /misc/dn61/LocalWOK/wok_entities/LOC/dev/CR0-OCCT691-7-CR0-OCCT691-occt-64/inc/StepAP203_StartWork.hxx
+M StepAP203:privinclude:StepAP203_StartWork.jxx /misc/dn61/LocalWOK/wok_entities/LOC/dev/CR0-OCCT691-7-CR0-OCCT691-occt-64/drv/StepAP203/StepAP203_StartWork.jxx
+M StepAP203:privinclude:StepAP203_StartWork.ixx /misc/dn61/LocalWOK/wok_entities/LOC/dev/CR0-OCCT691-7-CR0-OCCT691-occt-64/drv/StepAP203/StepAP203_StartWork.ixx
+M StepAP203:pubinclude:StepAP203_WorkItem.hxx /misc/dn61/LocalWOK/wok_entities/LOC/dev/CR0-OCCT691-7-CR0-OCCT691-occt-64/inc/StepAP203_WorkItem.hxx
+M StepAP203:privinclude:StepAP203_WorkItem.jxx /misc/dn61/LocalWOK/wok_entities/LOC/dev/CR0-OCCT691-7-CR0-OCCT691-occt-64/drv/StepAP203/StepAP203_WorkItem.jxx
+M StepAP203:privinclude:StepAP203_WorkItem.ixx /misc/dn61/LocalWOK/wok_entities/LOC/dev/CR0-OCCT691-7-CR0-OCCT691-occt-64/drv/StepAP203/StepAP203_WorkItem.ixx
+M StepAP203:pubinclude:StepAP203_Array1OfApprovedItem.hxx /misc/dn61/LocalWOK/wok_entities/LOC/dev/CR0-OCCT691-7-CR0-OCCT691-occt-64/inc/StepAP203_Array1OfApprovedItem.hxx
+M StepAP203:derivated:StepAP203_Array1OfApprovedItem_0.cxx /misc/dn61/LocalWOK/wok_entities/LOC/dev/CR0-OCCT691-7-CR0-OCCT691-occt-64/drv/StepAP203/StepAP203_Array1OfApprovedItem_0.cxx
+M StepAP203:pubinclude:Handle_StepAP203_HArray1OfApprovedItem.hxx /misc/dn61/LocalWOK/wok_entities/LOC/dev/CR0-OCCT691-7-CR0-OCCT691-occt-64/inc/Handle_StepAP203_HArray1OfApprovedItem.hxx
+M StepAP203:pubinclude:StepAP203_HArray1OfApprovedItem.hxx /misc/dn61/LocalWOK/wok_entities/LOC/dev/CR0-OCCT691-7-CR0-OCCT691-occt-64/inc/StepAP203_HArray1OfApprovedItem.hxx
+M StepAP203:derivated:StepAP203_HArray1OfApprovedItem_0.cxx /misc/dn61/LocalWOK/wok_entities/LOC/dev/CR0-OCCT691-7-CR0-OCCT691-occt-64/drv/StepAP203/StepAP203_HArray1OfApprovedItem_0.cxx
+M StepAP203:pubinclude:StepAP203_Array1OfCertifiedItem.hxx /misc/dn61/LocalWOK/wok_entities/LOC/dev/CR0-OCCT691-7-CR0-OCCT691-occt-64/inc/StepAP203_Array1OfCertifiedItem.hxx
+M StepAP203:derivated:StepAP203_Array1OfCertifiedItem_0.cxx /misc/dn61/LocalWOK/wok_entities/LOC/dev/CR0-OCCT691-7-CR0-OCCT691-occt-64/drv/StepAP203/StepAP203_Array1OfCertifiedItem_0.cxx
+M StepAP203:pubinclude:Handle_StepAP203_HArray1OfCertifiedItem.hxx /misc/dn61/LocalWOK/wok_entities/LOC/dev/CR0-OCCT691-7-CR0-OCCT691-occt-64/inc/Handle_StepAP203_HArray1OfCertifiedItem.hxx
+M StepAP203:pubinclude:StepAP203_HArray1OfCertifiedItem.hxx /misc/dn61/LocalWOK/wok_entities/LOC/dev/CR0-OCCT691-7-CR0-OCCT691-occt-64/inc/StepAP203_HArray1OfCertifiedItem.hxx
+M StepAP203:derivated:StepAP203_HArray1OfCertifiedItem_0.cxx /misc/dn61/LocalWOK/wok_entities/LOC/dev/CR0-OCCT691-7-CR0-OCCT691-occt-64/drv/StepAP203/StepAP203_HArray1OfCertifiedItem_0.cxx
+M StepAP203:pubinclude:StepAP203_Array1OfClassifiedItem.hxx /misc/dn61/LocalWOK/wok_entities/LOC/dev/CR0-OCCT691-7-CR0-OCCT691-occt-64/inc/StepAP203_Array1OfClassifiedItem.hxx
+M StepAP203:derivated:StepAP203_Array1OfClassifiedItem_0.cxx /misc/dn61/LocalWOK/wok_entities/LOC/dev/CR0-OCCT691-7-CR0-OCCT691-occt-64/drv/StepAP203/StepAP203_Array1OfClassifiedItem_0.cxx
+M StepAP203:pubinclude:Handle_StepAP203_HArray1OfClassifiedItem.hxx /misc/dn61/LocalWOK/wok_entities/LOC/dev/CR0-OCCT691-7-CR0-OCCT691-occt-64/inc/Handle_StepAP203_HArray1OfClassifiedItem.hxx
+M StepAP203:pubinclude:StepAP203_HArray1OfClassifiedItem.hxx /misc/dn61/LocalWOK/wok_entities/LOC/dev/CR0-OCCT691-7-CR0-OCCT691-occt-64/inc/StepAP203_HArray1OfClassifiedItem.hxx
+M StepAP203:derivated:StepAP203_HArray1OfClassifiedItem_0.cxx /misc/dn61/LocalWOK/wok_entities/LOC/dev/CR0-OCCT691-7-CR0-OCCT691-occt-64/drv/StepAP203/StepAP203_HArray1OfClassifiedItem_0.cxx
+M StepAP203:pubinclude:StepAP203_Array1OfContractedItem.hxx /misc/dn61/LocalWOK/wok_entities/LOC/dev/CR0-OCCT691-7-CR0-OCCT691-occt-64/inc/StepAP203_Array1OfContractedItem.hxx
+M StepAP203:derivated:StepAP203_Array1OfContractedItem_0.cxx /misc/dn61/LocalWOK/wok_entities/LOC/dev/CR0-OCCT691-7-CR0-OCCT691-occt-64/drv/StepAP203/StepAP203_Array1OfContractedItem_0.cxx
+M StepAP203:pubinclude:Handle_StepAP203_HArray1OfContractedItem.hxx /misc/dn61/LocalWOK/wok_entities/LOC/dev/CR0-OCCT691-7-CR0-OCCT691-occt-64/inc/Handle_StepAP203_HArray1OfContractedItem.hxx
+M StepAP203:pubinclude:StepAP203_HArray1OfContractedItem.hxx /misc/dn61/LocalWOK/wok_entities/LOC/dev/CR0-OCCT691-7-CR0-OCCT691-occt-64/inc/StepAP203_HArray1OfContractedItem.hxx
+M StepAP203:derivated:StepAP203_HArray1OfContractedItem_0.cxx /misc/dn61/LocalWOK/wok_entities/LOC/dev/CR0-OCCT691-7-CR0-OCCT691-occt-64/drv/StepAP203/StepAP203_HArray1OfContractedItem_0.cxx
+M StepAP203:pubinclude:StepAP203_Array1OfDateTimeItem.hxx /misc/dn61/LocalWOK/wok_entities/LOC/dev/CR0-OCCT691-7-CR0-OCCT691-occt-64/inc/StepAP203_Array1OfDateTimeItem.hxx
+M StepAP203:derivated:StepAP203_Array1OfDateTimeItem_0.cxx /misc/dn61/LocalWOK/wok_entities/LOC/dev/CR0-OCCT691-7-CR0-OCCT691-occt-64/drv/StepAP203/StepAP203_Array1OfDateTimeItem_0.cxx
+M StepAP203:pubinclude:Handle_StepAP203_HArray1OfDateTimeItem.hxx /misc/dn61/LocalWOK/wok_entities/LOC/dev/CR0-OCCT691-7-CR0-OCCT691-occt-64/inc/Handle_StepAP203_HArray1OfDateTimeItem.hxx
+M StepAP203:pubinclude:StepAP203_HArray1OfDateTimeItem.hxx /misc/dn61/LocalWOK/wok_entities/LOC/dev/CR0-OCCT691-7-CR0-OCCT691-occt-64/inc/StepAP203_HArray1OfDateTimeItem.hxx
+M StepAP203:derivated:StepAP203_HArray1OfDateTimeItem_0.cxx /misc/dn61/LocalWOK/wok_entities/LOC/dev/CR0-OCCT691-7-CR0-OCCT691-occt-64/drv/StepAP203/StepAP203_HArray1OfDateTimeItem_0.cxx
+M StepAP203:pubinclude:StepAP203_Array1OfPersonOrganizationItem.hxx /misc/dn61/LocalWOK/wok_entities/LOC/dev/CR0-OCCT691-7-CR0-OCCT691-occt-64/inc/StepAP203_Array1OfPersonOrganizationItem.hxx
+M StepAP203:derivated:StepAP203_Array1OfPersonOrganizationItem_0.cxx /misc/dn61/LocalWOK/wok_entities/LOC/dev/CR0-OCCT691-7-CR0-OCCT691-occt-64/drv/StepAP203/StepAP203_Array1OfPersonOrganizationItem_0.cxx
+M StepAP203:pubinclude:Handle_StepAP203_HArray1OfPersonOrganizationItem.hxx /misc/dn61/LocalWOK/wok_entities/LOC/dev/CR0-OCCT691-7-CR0-OCCT691-occt-64/inc/Handle_StepAP203_HArray1OfPersonOrganizationItem.hxx
+M StepAP203:pubinclude:StepAP203_HArray1OfPersonOrganizationItem.hxx /misc/dn61/LocalWOK/wok_entities/LOC/dev/CR0-OCCT691-7-CR0-OCCT691-occt-64/inc/StepAP203_HArray1OfPersonOrganizationItem.hxx
+M StepAP203:derivated:StepAP203_HArray1OfPersonOrganizationItem_0.cxx /misc/dn61/LocalWOK/wok_entities/LOC/dev/CR0-OCCT691-7-CR0-OCCT691-occt-64/drv/StepAP203/StepAP203_HArray1OfPersonOrganizationItem_0.cxx
+M StepAP203:pubinclude:StepAP203_Array1OfSpecifiedItem.hxx /misc/dn61/LocalWOK/wok_entities/LOC/dev/CR0-OCCT691-7-CR0-OCCT691-occt-64/inc/StepAP203_Array1OfSpecifiedItem.hxx
+M StepAP203:derivated:StepAP203_Array1OfSpecifiedItem_0.cxx /misc/dn61/LocalWOK/wok_entities/LOC/dev/CR0-OCCT691-7-CR0-OCCT691-occt-64/drv/StepAP203/StepAP203_Array1OfSpecifiedItem_0.cxx
+M StepAP203:pubinclude:Handle_StepAP203_HArray1OfSpecifiedItem.hxx /misc/dn61/LocalWOK/wok_entities/LOC/dev/CR0-OCCT691-7-CR0-OCCT691-occt-64/inc/Handle_StepAP203_HArray1OfSpecifiedItem.hxx
+M StepAP203:pubinclude:StepAP203_HArray1OfSpecifiedItem.hxx /misc/dn61/LocalWOK/wok_entities/LOC/dev/CR0-OCCT691-7-CR0-OCCT691-occt-64/inc/StepAP203_HArray1OfSpecifiedItem.hxx
+M StepAP203:derivated:StepAP203_HArray1OfSpecifiedItem_0.cxx /misc/dn61/LocalWOK/wok_entities/LOC/dev/CR0-OCCT691-7-CR0-OCCT691-occt-64/drv/StepAP203/StepAP203_HArray1OfSpecifiedItem_0.cxx
+M StepAP203:pubinclude:StepAP203_Array1OfWorkItem.hxx /misc/dn61/LocalWOK/wok_entities/LOC/dev/CR0-OCCT691-7-CR0-OCCT691-occt-64/inc/StepAP203_Array1OfWorkItem.hxx
+M StepAP203:derivated:StepAP203_Array1OfWorkItem_0.cxx /misc/dn61/LocalWOK/wok_entities/LOC/dev/CR0-OCCT691-7-CR0-OCCT691-occt-64/drv/StepAP203/StepAP203_Array1OfWorkItem_0.cxx
+M StepAP203:pubinclude:Handle_StepAP203_HArray1OfWorkItem.hxx /misc/dn61/LocalWOK/wok_entities/LOC/dev/CR0-OCCT691-7-CR0-OCCT691-occt-64/inc/Handle_StepAP203_HArray1OfWorkItem.hxx
+M StepAP203:pubinclude:StepAP203_HArray1OfWorkItem.hxx /misc/dn61/LocalWOK/wok_entities/LOC/dev/CR0-OCCT691-7-CR0-OCCT691-occt-64/inc/StepAP203_HArray1OfWorkItem.hxx
+M StepAP203:derivated:StepAP203_HArray1OfWorkItem_0.cxx /misc/dn61/LocalWOK/wok_entities/LOC/dev/CR0-OCCT691-7-CR0-OCCT691-occt-64/drv/StepAP203/StepAP203_HArray1OfWorkItem_0.cxx
+M StepAP203:pubinclude:StepAP203_Array1OfChangeRequestItem.hxx /misc/dn61/LocalWOK/wok_entities/LOC/dev/CR0-OCCT691-7-CR0-OCCT691-occt-64/inc/StepAP203_Array1OfChangeRequestItem.hxx
+M StepAP203:derivated:StepAP203_Array1OfChangeRequestItem_0.cxx /misc/dn61/LocalWOK/wok_entities/LOC/dev/CR0-OCCT691-7-CR0-OCCT691-occt-64/drv/StepAP203/StepAP203_Array1OfChangeRequestItem_0.cxx
+M StepAP203:pubinclude:Handle_StepAP203_HArray1OfChangeRequestItem.hxx /misc/dn61/LocalWOK/wok_entities/LOC/dev/CR0-OCCT691-7-CR0-OCCT691-occt-64/inc/Handle_StepAP203_HArray1OfChangeRequestItem.hxx
+M StepAP203:pubinclude:StepAP203_HArray1OfChangeRequestItem.hxx /misc/dn61/LocalWOK/wok_entities/LOC/dev/CR0-OCCT691-7-CR0-OCCT691-occt-64/inc/StepAP203_HArray1OfChangeRequestItem.hxx
+M StepAP203:derivated:StepAP203_HArray1OfChangeRequestItem_0.cxx /misc/dn61/LocalWOK/wok_entities/LOC/dev/CR0-OCCT691-7-CR0-OCCT691-occt-64/drv/StepAP203/StepAP203_HArray1OfChangeRequestItem_0.cxx
+M StepAP203:pubinclude:StepAP203_Array1OfStartRequestItem.hxx /misc/dn61/LocalWOK/wok_entities/LOC/dev/CR0-OCCT691-7-CR0-OCCT691-occt-64/inc/StepAP203_Array1OfStartRequestItem.hxx
+M StepAP203:derivated:StepAP203_Array1OfStartRequestItem_0.cxx /misc/dn61/LocalWOK/wok_entities/LOC/dev/CR0-OCCT691-7-CR0-OCCT691-occt-64/drv/StepAP203/StepAP203_Array1OfStartRequestItem_0.cxx
+M StepAP203:pubinclude:Handle_StepAP203_HArray1OfStartRequestItem.hxx /misc/dn61/LocalWOK/wok_entities/LOC/dev/CR0-OCCT691-7-CR0-OCCT691-occt-64/inc/Handle_StepAP203_HArray1OfStartRequestItem.hxx
+M StepAP203:pubinclude:StepAP203_HArray1OfStartRequestItem.hxx /misc/dn61/LocalWOK/wok_entities/LOC/dev/CR0-OCCT691-7-CR0-OCCT691-occt-64/inc/StepAP203_HArray1OfStartRequestItem.hxx
+M StepAP203:derivated:StepAP203_HArray1OfStartRequestItem_0.cxx /misc/dn61/LocalWOK/wok_entities/LOC/dev/CR0-OCCT691-7-CR0-OCCT691-occt-64/drv/StepAP203/StepAP203_HArray1OfStartRequestItem_0.cxx
+M StepAP203:dbadmfile:StepAP203_xcpp_header.In /misc/dn61/LocalWOK/wok_entities/LOC/dev/CR0-OCCT691-7-CR0-OCCT691-occt-64/drv/StepAP203/.adm/StepAP203_xcpp_header.In
+M StepAP203:dbadmfile:StepAP203_xcpp_header.Out /misc/dn61/LocalWOK/wok_entities/LOC/dev/CR0-OCCT691-7-CR0-OCCT691-occt-64/drv/StepAP203/.adm/StepAP203_xcpp_header.Out
+M StepAP203:dbadmfile:StepAP203_xcpp_header.Dep /misc/dn61/LocalWOK/wok_entities/LOC/dev/CR0-OCCT691-7-CR0-OCCT691-occt-64/drv/StepAP203/.adm/StepAP203_xcpp_header.Dep
