+M IGESToBRep:pubinclude:IGESToBRep.hxx /misc/dn61/LocalWOK/wok_entities/LOC/dev/CR0-OCCT691-7-CR0-OCCT691-occt-64/inc/IGESToBRep.hxx
+M IGESToBRep:privinclude:IGESToBRep.jxx /misc/dn61/LocalWOK/wok_entities/LOC/dev/CR0-OCCT691-7-CR0-OCCT691-occt-64/drv/IGESToBRep/IGESToBRep.jxx
+M IGESToBRep:privinclude:IGESToBRep.ixx /misc/dn61/LocalWOK/wok_entities/LOC/dev/CR0-OCCT691-7-CR0-OCCT691-occt-64/drv/IGESToBRep/IGESToBRep.ixx
+M IGESToBRep:pubinclude:IGESToBRep_CurveAndSurface.hxx /misc/dn61/LocalWOK/wok_entities/LOC/dev/CR0-OCCT691-7-CR0-OCCT691-occt-64/inc/IGESToBRep_CurveAndSurface.hxx
+M IGESToBRep:privinclude:IGESToBRep_CurveAndSurface.jxx /misc/dn61/LocalWOK/wok_entities/LOC/dev/CR0-OCCT691-7-CR0-OCCT691-occt-64/drv/IGESToBRep/IGESToBRep_CurveAndSurface.jxx
+M IGESToBRep:privinclude:IGESToBRep_CurveAndSurface.ixx /misc/dn61/LocalWOK/wok_entities/LOC/dev/CR0-OCCT691-7-CR0-OCCT691-occt-64/drv/IGESToBRep/IGESToBRep_CurveAndSurface.ixx
+M IGESToBRep:pubinclude:IGESToBRep_BasicSurface.hxx /misc/dn61/LocalWOK/wok_entities/LOC/dev/CR0-OCCT691-7-CR0-OCCT691-occt-64/inc/IGESToBRep_BasicSurface.hxx
+M IGESToBRep:privinclude:IGESToBRep_BasicSurface.jxx /misc/dn61/LocalWOK/wok_entities/LOC/dev/CR0-OCCT691-7-CR0-OCCT691-occt-64/drv/IGESToBRep/IGESToBRep_BasicSurface.jxx
+M IGESToBRep:privinclude:IGESToBRep_BasicSurface.ixx /misc/dn61/LocalWOK/wok_entities/LOC/dev/CR0-OCCT691-7-CR0-OCCT691-occt-64/drv/IGESToBRep/IGESToBRep_BasicSurface.ixx
+M IGESToBRep:pubinclude:IGESToBRep_BasicCurve.hxx /misc/dn61/LocalWOK/wok_entities/LOC/dev/CR0-OCCT691-7-CR0-OCCT691-occt-64/inc/IGESToBRep_BasicCurve.hxx
+M IGESToBRep:privinclude:IGESToBRep_BasicCurve.jxx /misc/dn61/LocalWOK/wok_entities/LOC/dev/CR0-OCCT691-7-CR0-OCCT691-occt-64/drv/IGESToBRep/IGESToBRep_BasicCurve.jxx
+M IGESToBRep:privinclude:IGESToBRep_BasicCurve.ixx /misc/dn61/LocalWOK/wok_entities/LOC/dev/CR0-OCCT691-7-CR0-OCCT691-occt-64/drv/IGESToBRep/IGESToBRep_BasicCurve.ixx
+M IGESToBRep:pubinclude:IGESToBRep_TopoSurface.hxx /misc/dn61/LocalWOK/wok_entities/LOC/dev/CR0-OCCT691-7-CR0-OCCT691-occt-64/inc/IGESToBRep_TopoSurface.hxx
+M IGESToBRep:privinclude:IGESToBRep_TopoSurface.jxx /misc/dn61/LocalWOK/wok_entities/LOC/dev/CR0-OCCT691-7-CR0-OCCT691-occt-64/drv/IGESToBRep/IGESToBRep_TopoSurface.jxx
+M IGESToBRep:privinclude:IGESToBRep_TopoSurface.ixx /misc/dn61/LocalWOK/wok_entities/LOC/dev/CR0-OCCT691-7-CR0-OCCT691-occt-64/drv/IGESToBRep/IGESToBRep_TopoSurface.ixx
+M IGESToBRep:pubinclude:IGESToBRep_TopoCurve.hxx /misc/dn61/LocalWOK/wok_entities/LOC/dev/CR0-OCCT691-7-CR0-OCCT691-occt-64/inc/IGESToBRep_TopoCurve.hxx
+M IGESToBRep:privinclude:IGESToBRep_TopoCurve.jxx /misc/dn61/LocalWOK/wok_entities/LOC/dev/CR0-OCCT691-7-CR0-OCCT691-occt-64/drv/IGESToBRep/IGESToBRep_TopoCurve.jxx
+M IGESToBRep:privinclude:IGESToBRep_TopoCurve.ixx /misc/dn61/LocalWOK/wok_entities/LOC/dev/CR0-OCCT691-7-CR0-OCCT691-occt-64/drv/IGESToBRep/IGESToBRep_TopoCurve.ixx
+M IGESToBRep:pubinclude:IGESToBRep_BRepEntity.hxx /misc/dn61/LocalWOK/wok_entities/LOC/dev/CR0-OCCT691-7-CR0-OCCT691-occt-64/inc/IGESToBRep_BRepEntity.hxx
+M IGESToBRep:privinclude:IGESToBRep_BRepEntity.jxx /misc/dn61/LocalWOK/wok_entities/LOC/dev/CR0-OCCT691-7-CR0-OCCT691-occt-64/drv/IGESToBRep/IGESToBRep_BRepEntity.jxx
+M IGESToBRep:privinclude:IGESToBRep_BRepEntity.ixx /misc/dn61/LocalWOK/wok_entities/LOC/dev/CR0-OCCT691-7-CR0-OCCT691-occt-64/drv/IGESToBRep/IGESToBRep_BRepEntity.ixx
+M IGESToBRep:pubinclude:Handle_IGESToBRep_IGESBoundary.hxx /misc/dn61/LocalWOK/wok_entities/LOC/dev/CR0-OCCT691-7-CR0-OCCT691-occt-64/inc/Handle_IGESToBRep_IGESBoundary.hxx
+M IGESToBRep:pubinclude:IGESToBRep_IGESBoundary.hxx /misc/dn61/LocalWOK/wok_entities/LOC/dev/CR0-OCCT691-7-CR0-OCCT691-occt-64/inc/IGESToBRep_IGESBoundary.hxx
+M IGESToBRep:privinclude:IGESToBRep_IGESBoundary.jxx /misc/dn61/LocalWOK/wok_entities/LOC/dev/CR0-OCCT691-7-CR0-OCCT691-occt-64/drv/IGESToBRep/IGESToBRep_IGESBoundary.jxx
+M IGESToBRep:privinclude:IGESToBRep_IGESBoundary.ixx /misc/dn61/LocalWOK/wok_entities/LOC/dev/CR0-OCCT691-7-CR0-OCCT691-occt-64/drv/IGESToBRep/IGESToBRep_IGESBoundary.ixx
+M IGESToBRep:pubinclude:IGESToBRep_Reader.hxx /misc/dn61/LocalWOK/wok_entities/LOC/dev/CR0-OCCT691-7-CR0-OCCT691-occt-64/inc/IGESToBRep_Reader.hxx
+M IGESToBRep:privinclude:IGESToBRep_Reader.jxx /misc/dn61/LocalWOK/wok_entities/LOC/dev/CR0-OCCT691-7-CR0-OCCT691-occt-64/drv/IGESToBRep/IGESToBRep_Reader.jxx
+M IGESToBRep:privinclude:IGESToBRep_Reader.ixx /misc/dn61/LocalWOK/wok_entities/LOC/dev/CR0-OCCT691-7-CR0-OCCT691-occt-64/drv/IGESToBRep/IGESToBRep_Reader.ixx
+M IGESToBRep:pubinclude:Handle_IGESToBRep_Actor.hxx /misc/dn61/LocalWOK/wok_entities/LOC/dev/CR0-OCCT691-7-CR0-OCCT691-occt-64/inc/Handle_IGESToBRep_Actor.hxx
+M IGESToBRep:pubinclude:IGESToBRep_Actor.hxx /misc/dn61/LocalWOK/wok_entities/LOC/dev/CR0-OCCT691-7-CR0-OCCT691-occt-64/inc/IGESToBRep_Actor.hxx
+M IGESToBRep:privinclude:IGESToBRep_Actor.jxx /misc/dn61/LocalWOK/wok_entities/LOC/dev/CR0-OCCT691-7-CR0-OCCT691-occt-64/drv/IGESToBRep/IGESToBRep_Actor.jxx
+M IGESToBRep:privinclude:IGESToBRep_Actor.ixx /misc/dn61/LocalWOK/wok_entities/LOC/dev/CR0-OCCT691-7-CR0-OCCT691-occt-64/drv/IGESToBRep/IGESToBRep_Actor.ixx
+M IGESToBRep:pubinclude:Handle_IGESToBRep_AlgoContainer.hxx /misc/dn61/LocalWOK/wok_entities/LOC/dev/CR0-OCCT691-7-CR0-OCCT691-occt-64/inc/Handle_IGESToBRep_AlgoContainer.hxx
+M IGESToBRep:pubinclude:IGESToBRep_AlgoContainer.hxx /misc/dn61/LocalWOK/wok_entities/LOC/dev/CR0-OCCT691-7-CR0-OCCT691-occt-64/inc/IGESToBRep_AlgoContainer.hxx
+M IGESToBRep:privinclude:IGESToBRep_AlgoContainer.jxx /misc/dn61/LocalWOK/wok_entities/LOC/dev/CR0-OCCT691-7-CR0-OCCT691-occt-64/drv/IGESToBRep/IGESToBRep_AlgoContainer.jxx
+M IGESToBRep:privinclude:IGESToBRep_AlgoContainer.ixx /misc/dn61/LocalWOK/wok_entities/LOC/dev/CR0-OCCT691-7-CR0-OCCT691-occt-64/drv/IGESToBRep/IGESToBRep_AlgoContainer.ixx
+M IGESToBRep:pubinclude:Handle_IGESToBRep_ToolContainer.hxx /misc/dn61/LocalWOK/wok_entities/LOC/dev/CR0-OCCT691-7-CR0-OCCT691-occt-64/inc/Handle_IGESToBRep_ToolContainer.hxx
+M IGESToBRep:pubinclude:IGESToBRep_ToolContainer.hxx /misc/dn61/LocalWOK/wok_entities/LOC/dev/CR0-OCCT691-7-CR0-OCCT691-occt-64/inc/IGESToBRep_ToolContainer.hxx
+M IGESToBRep:privinclude:IGESToBRep_ToolContainer.jxx /misc/dn61/LocalWOK/wok_entities/LOC/dev/CR0-OCCT691-7-CR0-OCCT691-occt-64/drv/IGESToBRep/IGESToBRep_ToolContainer.jxx
+M IGESToBRep:privinclude:IGESToBRep_ToolContainer.ixx /misc/dn61/LocalWOK/wok_entities/LOC/dev/CR0-OCCT691-7-CR0-OCCT691-occt-64/drv/IGESToBRep/IGESToBRep_ToolContainer.ixx
+M IGESToBRep:dbadmfile:IGESToBRep_xcpp_header.In /misc/dn61/LocalWOK/wok_entities/LOC/dev/CR0-OCCT691-7-CR0-OCCT691-occt-64/drv/IGESToBRep/.adm/IGESToBRep_xcpp_header.In
+M IGESToBRep:dbadmfile:IGESToBRep_xcpp_header.Out /misc/dn61/LocalWOK/wok_entities/LOC/dev/CR0-OCCT691-7-CR0-OCCT691-occt-64/drv/IGESToBRep/.adm/IGESToBRep_xcpp_header.Out
+M IGESToBRep:dbadmfile:IGESToBRep_xcpp_header.Dep /misc/dn61/LocalWOK/wok_entities/LOC/dev/CR0-OCCT691-7-CR0-OCCT691-occt-64/drv/IGESToBRep/.adm/IGESToBRep_xcpp_header.Dep
