+M BRepAlgoAPI:pubinclude:BRepAlgoAPI_BooleanOperation.hxx /misc/dn61/LocalWOK/wok_entities/LOC/dev/CR0-OCCT691-7-CR0-OCCT691-occt-64/inc/BRepAlgoAPI_BooleanOperation.hxx
+M BRepAlgoAPI:privinclude:BRepAlgoAPI_BooleanOperation.jxx /misc/dn61/LocalWOK/wok_entities/LOC/dev/CR0-OCCT691-7-CR0-OCCT691-occt-64/drv/BRepAlgoAPI/BRepAlgoAPI_BooleanOperation.jxx
+M BRepAlgoAPI:privinclude:BRepAlgoAPI_BooleanOperation.ixx /misc/dn61/LocalWOK/wok_entities/LOC/dev/CR0-OCCT691-7-CR0-OCCT691-occt-64/drv/BRepAlgoAPI/BRepAlgoAPI_BooleanOperation.ixx
+M BRepAlgoAPI:pubinclude:BRepAlgoAPI_Fuse.hxx /misc/dn61/LocalWOK/wok_entities/LOC/dev/CR0-OCCT691-7-CR0-OCCT691-occt-64/inc/BRepAlgoAPI_Fuse.hxx
+M BRepAlgoAPI:privinclude:BRepAlgoAPI_Fuse.jxx /misc/dn61/LocalWOK/wok_entities/LOC/dev/CR0-OCCT691-7-CR0-OCCT691-occt-64/drv/BRepAlgoAPI/BRepAlgoAPI_Fuse.jxx
+M BRepAlgoAPI:privinclude:BRepAlgoAPI_Fuse.ixx /misc/dn61/LocalWOK/wok_entities/LOC/dev/CR0-OCCT691-7-CR0-OCCT691-occt-64/drv/BRepAlgoAPI/BRepAlgoAPI_Fuse.ixx
+M BRepAlgoAPI:pubinclude:BRepAlgoAPI_Common.hxx /misc/dn61/LocalWOK/wok_entities/LOC/dev/CR0-OCCT691-7-CR0-OCCT691-occt-64/inc/BRepAlgoAPI_Common.hxx
+M BRepAlgoAPI:privinclude:BRepAlgoAPI_Common.jxx /misc/dn61/LocalWOK/wok_entities/LOC/dev/CR0-OCCT691-7-CR0-OCCT691-occt-64/drv/BRepAlgoAPI/BRepAlgoAPI_Common.jxx
+M BRepAlgoAPI:privinclude:BRepAlgoAPI_Common.ixx /misc/dn61/LocalWOK/wok_entities/LOC/dev/CR0-OCCT691-7-CR0-OCCT691-occt-64/drv/BRepAlgoAPI/BRepAlgoAPI_Common.ixx
+M BRepAlgoAPI:pubinclude:BRepAlgoAPI_Cut.hxx /misc/dn61/LocalWOK/wok_entities/LOC/dev/CR0-OCCT691-7-CR0-OCCT691-occt-64/inc/BRepAlgoAPI_Cut.hxx
+M BRepAlgoAPI:privinclude:BRepAlgoAPI_Cut.jxx /misc/dn61/LocalWOK/wok_entities/LOC/dev/CR0-OCCT691-7-CR0-OCCT691-occt-64/drv/BRepAlgoAPI/BRepAlgoAPI_Cut.jxx
+M BRepAlgoAPI:privinclude:BRepAlgoAPI_Cut.ixx /misc/dn61/LocalWOK/wok_entities/LOC/dev/CR0-OCCT691-7-CR0-OCCT691-occt-64/drv/BRepAlgoAPI/BRepAlgoAPI_Cut.ixx
+M BRepAlgoAPI:pubinclude:BRepAlgoAPI_Section.hxx /misc/dn61/LocalWOK/wok_entities/LOC/dev/CR0-OCCT691-7-CR0-OCCT691-occt-64/inc/BRepAlgoAPI_Section.hxx
+M BRepAlgoAPI:privinclude:BRepAlgoAPI_Section.jxx /misc/dn61/LocalWOK/wok_entities/LOC/dev/CR0-OCCT691-7-CR0-OCCT691-occt-64/drv/BRepAlgoAPI/BRepAlgoAPI_Section.jxx
+M BRepAlgoAPI:privinclude:BRepAlgoAPI_Section.ixx /misc/dn61/LocalWOK/wok_entities/LOC/dev/CR0-OCCT691-7-CR0-OCCT691-occt-64/drv/BRepAlgoAPI/BRepAlgoAPI_Section.ixx
+M BRepAlgoAPI:pubinclude:BRepAlgoAPI_Check.hxx /misc/dn61/LocalWOK/wok_entities/LOC/dev/CR0-OCCT691-7-CR0-OCCT691-occt-64/inc/BRepAlgoAPI_Check.hxx
+M BRepAlgoAPI:privinclude:BRepAlgoAPI_Check.jxx /misc/dn61/LocalWOK/wok_entities/LOC/dev/CR0-OCCT691-7-CR0-OCCT691-occt-64/drv/BRepAlgoAPI/BRepAlgoAPI_Check.jxx
+M BRepAlgoAPI:privinclude:BRepAlgoAPI_Check.ixx /misc/dn61/LocalWOK/wok_entities/LOC/dev/CR0-OCCT691-7-CR0-OCCT691-occt-64/drv/BRepAlgoAPI/BRepAlgoAPI_Check.ixx
+M BRepAlgoAPI:pubinclude:BRepAlgoAPI_Algo.hxx /misc/dn61/LocalWOK/wok_entities/LOC/dev/CR0-OCCT691-7-CR0-OCCT691-occt-64/inc/BRepAlgoAPI_Algo.hxx
+M BRepAlgoAPI:privinclude:BRepAlgoAPI_Algo.jxx /misc/dn61/LocalWOK/wok_entities/LOC/dev/CR0-OCCT691-7-CR0-OCCT691-occt-64/drv/BRepAlgoAPI/BRepAlgoAPI_Algo.jxx
+M BRepAlgoAPI:privinclude:BRepAlgoAPI_Algo.ixx /misc/dn61/LocalWOK/wok_entities/LOC/dev/CR0-OCCT691-7-CR0-OCCT691-occt-64/drv/BRepAlgoAPI/BRepAlgoAPI_Algo.ixx
+M BRepAlgoAPI:pubinclude:BRepAlgoAPI_BuilderAlgo.hxx /misc/dn61/LocalWOK/wok_entities/LOC/dev/CR0-OCCT691-7-CR0-OCCT691-occt-64/inc/BRepAlgoAPI_BuilderAlgo.hxx
+M BRepAlgoAPI:privinclude:BRepAlgoAPI_BuilderAlgo.jxx /misc/dn61/LocalWOK/wok_entities/LOC/dev/CR0-OCCT691-7-CR0-OCCT691-occt-64/drv/BRepAlgoAPI/BRepAlgoAPI_BuilderAlgo.jxx
+M BRepAlgoAPI:privinclude:BRepAlgoAPI_BuilderAlgo.ixx /misc/dn61/LocalWOK/wok_entities/LOC/dev/CR0-OCCT691-7-CR0-OCCT691-occt-64/drv/BRepAlgoAPI/BRepAlgoAPI_BuilderAlgo.ixx
+M BRepAlgoAPI:dbadmfile:BRepAlgoAPI_xcpp_header.In /misc/dn61/LocalWOK/wok_entities/LOC/dev/CR0-OCCT691-7-CR0-OCCT691-occt-64/drv/BRepAlgoAPI/.adm/BRepAlgoAPI_xcpp_header.In
+M BRepAlgoAPI:dbadmfile:BRepAlgoAPI_xcpp_header.Out /misc/dn61/LocalWOK/wok_entities/LOC/dev/CR0-OCCT691-7-CR0-OCCT691-occt-64/drv/BRepAlgoAPI/.adm/BRepAlgoAPI_xcpp_header.Out
+M BRepAlgoAPI:dbadmfile:BRepAlgoAPI_xcpp_header.Dep /misc/dn61/LocalWOK/wok_entities/LOC/dev/CR0-OCCT691-7-CR0-OCCT691-occt-64/drv/BRepAlgoAPI/.adm/BRepAlgoAPI_xcpp_header.Dep
