+M BRepPrim:pubinclude:BRepPrim_Builder.hxx /misc/dn61/LocalWOK/wok_entities/LOC/dev/CR0-OCCT691-7-CR0-OCCT691-occt-64/inc/BRepPrim_Builder.hxx
+M BRepPrim:privinclude:BRepPrim_Builder.jxx /misc/dn61/LocalWOK/wok_entities/LOC/dev/CR0-OCCT691-7-CR0-OCCT691-occt-64/drv/BRepPrim/BRepPrim_Builder.jxx
+M BRepPrim:privinclude:BRepPrim_Builder.ixx /misc/dn61/LocalWOK/wok_entities/LOC/dev/CR0-OCCT691-7-CR0-OCCT691-occt-64/drv/BRepPrim/BRepPrim_Builder.ixx
+M BRepPrim:pubinclude:BRepPrim_OneAxis.hxx /misc/dn61/LocalWOK/wok_entities/LOC/dev/CR0-OCCT691-7-CR0-OCCT691-occt-64/inc/BRepPrim_OneAxis.hxx
+M BRepPrim:privinclude:BRepPrim_OneAxis.jxx /misc/dn61/LocalWOK/wok_entities/LOC/dev/CR0-OCCT691-7-CR0-OCCT691-occt-64/drv/BRepPrim/BRepPrim_OneAxis.jxx
+M BRepPrim:privinclude:BRepPrim_OneAxis.ixx /misc/dn61/LocalWOK/wok_entities/LOC/dev/CR0-OCCT691-7-CR0-OCCT691-occt-64/drv/BRepPrim/BRepPrim_OneAxis.ixx
+M BRepPrim:pubinclude:BRepPrim_Revolution.hxx /misc/dn61/LocalWOK/wok_entities/LOC/dev/CR0-OCCT691-7-CR0-OCCT691-occt-64/inc/BRepPrim_Revolution.hxx
+M BRepPrim:privinclude:BRepPrim_Revolution.jxx /misc/dn61/LocalWOK/wok_entities/LOC/dev/CR0-OCCT691-7-CR0-OCCT691-occt-64/drv/BRepPrim/BRepPrim_Revolution.jxx
+M BRepPrim:privinclude:BRepPrim_Revolution.ixx /misc/dn61/LocalWOK/wok_entities/LOC/dev/CR0-OCCT691-7-CR0-OCCT691-occt-64/drv/BRepPrim/BRepPrim_Revolution.ixx
+M BRepPrim:pubinclude:BRepPrim_Cylinder.hxx /misc/dn61/LocalWOK/wok_entities/LOC/dev/CR0-OCCT691-7-CR0-OCCT691-occt-64/inc/BRepPrim_Cylinder.hxx
+M BRepPrim:privinclude:BRepPrim_Cylinder.jxx /misc/dn61/LocalWOK/wok_entities/LOC/dev/CR0-OCCT691-7-CR0-OCCT691-occt-64/drv/BRepPrim/BRepPrim_Cylinder.jxx
+M BRepPrim:privinclude:BRepPrim_Cylinder.ixx /misc/dn61/LocalWOK/wok_entities/LOC/dev/CR0-OCCT691-7-CR0-OCCT691-occt-64/drv/BRepPrim/BRepPrim_Cylinder.ixx
+M BRepPrim:pubinclude:BRepPrim_Cone.hxx /misc/dn61/LocalWOK/wok_entities/LOC/dev/CR0-OCCT691-7-CR0-OCCT691-occt-64/inc/BRepPrim_Cone.hxx
+M BRepPrim:privinclude:BRepPrim_Cone.jxx /misc/dn61/LocalWOK/wok_entities/LOC/dev/CR0-OCCT691-7-CR0-OCCT691-occt-64/drv/BRepPrim/BRepPrim_Cone.jxx
+M BRepPrim:privinclude:BRepPrim_Cone.ixx /misc/dn61/LocalWOK/wok_entities/LOC/dev/CR0-OCCT691-7-CR0-OCCT691-occt-64/drv/BRepPrim/BRepPrim_Cone.ixx
+M BRepPrim:pubinclude:BRepPrim_Sphere.hxx /misc/dn61/LocalWOK/wok_entities/LOC/dev/CR0-OCCT691-7-CR0-OCCT691-occt-64/inc/BRepPrim_Sphere.hxx
+M BRepPrim:privinclude:BRepPrim_Sphere.jxx /misc/dn61/LocalWOK/wok_entities/LOC/dev/CR0-OCCT691-7-CR0-OCCT691-occt-64/drv/BRepPrim/BRepPrim_Sphere.jxx
+M BRepPrim:privinclude:BRepPrim_Sphere.ixx /misc/dn61/LocalWOK/wok_entities/LOC/dev/CR0-OCCT691-7-CR0-OCCT691-occt-64/drv/BRepPrim/BRepPrim_Sphere.ixx
+M BRepPrim:pubinclude:BRepPrim_Torus.hxx /misc/dn61/LocalWOK/wok_entities/LOC/dev/CR0-OCCT691-7-CR0-OCCT691-occt-64/inc/BRepPrim_Torus.hxx
+M BRepPrim:privinclude:BRepPrim_Torus.jxx /misc/dn61/LocalWOK/wok_entities/LOC/dev/CR0-OCCT691-7-CR0-OCCT691-occt-64/drv/BRepPrim/BRepPrim_Torus.jxx
+M BRepPrim:privinclude:BRepPrim_Torus.ixx /misc/dn61/LocalWOK/wok_entities/LOC/dev/CR0-OCCT691-7-CR0-OCCT691-occt-64/drv/BRepPrim/BRepPrim_Torus.ixx
+M BRepPrim:pubinclude:BRepPrim_GWedge.hxx /misc/dn61/LocalWOK/wok_entities/LOC/dev/CR0-OCCT691-7-CR0-OCCT691-occt-64/inc/BRepPrim_GWedge.hxx
+M BRepPrim:privinclude:BRepPrim_GWedge.jxx /misc/dn61/LocalWOK/wok_entities/LOC/dev/CR0-OCCT691-7-CR0-OCCT691-occt-64/drv/BRepPrim/BRepPrim_GWedge.jxx
+M BRepPrim:privinclude:BRepPrim_GWedge.ixx /misc/dn61/LocalWOK/wok_entities/LOC/dev/CR0-OCCT691-7-CR0-OCCT691-occt-64/drv/BRepPrim/BRepPrim_GWedge.ixx
+M BRepPrim:pubinclude:BRepPrim_Wedge.hxx /misc/dn61/LocalWOK/wok_entities/LOC/dev/CR0-OCCT691-7-CR0-OCCT691-occt-64/inc/BRepPrim_Wedge.hxx
+M BRepPrim:privinclude:BRepPrim_Wedge.jxx /misc/dn61/LocalWOK/wok_entities/LOC/dev/CR0-OCCT691-7-CR0-OCCT691-occt-64/drv/BRepPrim/BRepPrim_Wedge.jxx
+M BRepPrim:privinclude:BRepPrim_Wedge.ixx /misc/dn61/LocalWOK/wok_entities/LOC/dev/CR0-OCCT691-7-CR0-OCCT691-occt-64/drv/BRepPrim/BRepPrim_Wedge.ixx
+M BRepPrim:pubinclude:BRepPrim_FaceBuilder.hxx /misc/dn61/LocalWOK/wok_entities/LOC/dev/CR0-OCCT691-7-CR0-OCCT691-occt-64/inc/BRepPrim_FaceBuilder.hxx
+M BRepPrim:privinclude:BRepPrim_FaceBuilder.jxx /misc/dn61/LocalWOK/wok_entities/LOC/dev/CR0-OCCT691-7-CR0-OCCT691-occt-64/drv/BRepPrim/BRepPrim_FaceBuilder.jxx
+M BRepPrim:privinclude:BRepPrim_FaceBuilder.ixx /misc/dn61/LocalWOK/wok_entities/LOC/dev/CR0-OCCT691-7-CR0-OCCT691-occt-64/drv/BRepPrim/BRepPrim_FaceBuilder.ixx
+M BRepPrim:pubinclude:BRepPrim_Direction.hxx /misc/dn61/LocalWOK/wok_entities/LOC/dev/CR0-OCCT691-7-CR0-OCCT691-occt-64/inc/BRepPrim_Direction.hxx
+M BRepPrim:dbadmfile:BRepPrim_xcpp_header.In /misc/dn61/LocalWOK/wok_entities/LOC/dev/CR0-OCCT691-7-CR0-OCCT691-occt-64/drv/BRepPrim/.adm/BRepPrim_xcpp_header.In
+M BRepPrim:dbadmfile:BRepPrim_xcpp_header.Out /misc/dn61/LocalWOK/wok_entities/LOC/dev/CR0-OCCT691-7-CR0-OCCT691-occt-64/drv/BRepPrim/.adm/BRepPrim_xcpp_header.Out
+M BRepPrim:dbadmfile:BRepPrim_xcpp_header.Dep /misc/dn61/LocalWOK/wok_entities/LOC/dev/CR0-OCCT691-7-CR0-OCCT691-occt-64/drv/BRepPrim/.adm/BRepPrim_xcpp_header.Dep
