+M XmlMDF:pubinclude:XmlMDF.hxx /misc/dn61/LocalWOK/wok_entities/LOC/dev/CR0-OCCT691-7-CR0-OCCT691-occt-64/inc/XmlMDF.hxx
+M XmlMDF:privinclude:XmlMDF.jxx /misc/dn61/LocalWOK/wok_entities/LOC/dev/CR0-OCCT691-7-CR0-OCCT691-occt-64/drv/XmlMDF/XmlMDF.jxx
+M XmlMDF:privinclude:XmlMDF.ixx /misc/dn61/LocalWOK/wok_entities/LOC/dev/CR0-OCCT691-7-CR0-OCCT691-occt-64/drv/XmlMDF/XmlMDF.ixx
+M XmlMDF:pubinclude:Handle_XmlMDF_ADriver.hxx /misc/dn61/LocalWOK/wok_entities/LOC/dev/CR0-OCCT691-7-CR0-OCCT691-occt-64/inc/Handle_XmlMDF_ADriver.hxx
+M XmlMDF:pubinclude:XmlMDF_ADriver.hxx /misc/dn61/LocalWOK/wok_entities/LOC/dev/CR0-OCCT691-7-CR0-OCCT691-occt-64/inc/XmlMDF_ADriver.hxx
+M XmlMDF:privinclude:XmlMDF_ADriver.jxx /misc/dn61/LocalWOK/wok_entities/LOC/dev/CR0-OCCT691-7-CR0-OCCT691-occt-64/drv/XmlMDF/XmlMDF_ADriver.jxx
+M XmlMDF:privinclude:XmlMDF_ADriver.ixx /misc/dn61/LocalWOK/wok_entities/LOC/dev/CR0-OCCT691-7-CR0-OCCT691-occt-64/drv/XmlMDF/XmlMDF_ADriver.ixx
+M XmlMDF:pubinclude:XmlMDF_MapOfDriver.hxx /misc/dn61/LocalWOK/wok_entities/LOC/dev/CR0-OCCT691-7-CR0-OCCT691-occt-64/inc/XmlMDF_MapOfDriver.hxx
+M XmlMDF:derivated:XmlMDF_MapOfDriver_0.cxx /misc/dn61/LocalWOK/wok_entities/LOC/dev/CR0-OCCT691-7-CR0-OCCT691-occt-64/drv/XmlMDF/XmlMDF_MapOfDriver_0.cxx
+M XmlMDF:pubinclude:Handle_XmlMDF_TagSourceDriver.hxx /misc/dn61/LocalWOK/wok_entities/LOC/dev/CR0-OCCT691-7-CR0-OCCT691-occt-64/inc/Handle_XmlMDF_TagSourceDriver.hxx
+M XmlMDF:pubinclude:XmlMDF_TagSourceDriver.hxx /misc/dn61/LocalWOK/wok_entities/LOC/dev/CR0-OCCT691-7-CR0-OCCT691-occt-64/inc/XmlMDF_TagSourceDriver.hxx
+M XmlMDF:privinclude:XmlMDF_TagSourceDriver.jxx /misc/dn61/LocalWOK/wok_entities/LOC/dev/CR0-OCCT691-7-CR0-OCCT691-occt-64/drv/XmlMDF/XmlMDF_TagSourceDriver.jxx
+M XmlMDF:privinclude:XmlMDF_TagSourceDriver.ixx /misc/dn61/LocalWOK/wok_entities/LOC/dev/CR0-OCCT691-7-CR0-OCCT691-occt-64/drv/XmlMDF/XmlMDF_TagSourceDriver.ixx
+M XmlMDF:pubinclude:Handle_XmlMDF_ReferenceDriver.hxx /misc/dn61/LocalWOK/wok_entities/LOC/dev/CR0-OCCT691-7-CR0-OCCT691-occt-64/inc/Handle_XmlMDF_ReferenceDriver.hxx
+M XmlMDF:pubinclude:XmlMDF_ReferenceDriver.hxx /misc/dn61/LocalWOK/wok_entities/LOC/dev/CR0-OCCT691-7-CR0-OCCT691-occt-64/inc/XmlMDF_ReferenceDriver.hxx
+M XmlMDF:privinclude:XmlMDF_ReferenceDriver.jxx /misc/dn61/LocalWOK/wok_entities/LOC/dev/CR0-OCCT691-7-CR0-OCCT691-occt-64/drv/XmlMDF/XmlMDF_ReferenceDriver.jxx
+M XmlMDF:privinclude:XmlMDF_ReferenceDriver.ixx /misc/dn61/LocalWOK/wok_entities/LOC/dev/CR0-OCCT691-7-CR0-OCCT691-occt-64/drv/XmlMDF/XmlMDF_ReferenceDriver.ixx
+M XmlMDF:pubinclude:XmlMDF_TypeADriverMap.hxx /misc/dn61/LocalWOK/wok_entities/LOC/dev/CR0-OCCT691-7-CR0-OCCT691-occt-64/inc/XmlMDF_TypeADriverMap.hxx
+M XmlMDF:derivated:XmlMDF_TypeADriverMap_0.cxx /misc/dn61/LocalWOK/wok_entities/LOC/dev/CR0-OCCT691-7-CR0-OCCT691-occt-64/drv/XmlMDF/XmlMDF_TypeADriverMap_0.cxx
+M XmlMDF:pubinclude:Handle_XmlMDF_ADriverTable.hxx /misc/dn61/LocalWOK/wok_entities/LOC/dev/CR0-OCCT691-7-CR0-OCCT691-occt-64/inc/Handle_XmlMDF_ADriverTable.hxx
+M XmlMDF:pubinclude:XmlMDF_ADriverTable.hxx /misc/dn61/LocalWOK/wok_entities/LOC/dev/CR0-OCCT691-7-CR0-OCCT691-occt-64/inc/XmlMDF_ADriverTable.hxx
+M XmlMDF:privinclude:XmlMDF_ADriverTable.jxx /misc/dn61/LocalWOK/wok_entities/LOC/dev/CR0-OCCT691-7-CR0-OCCT691-occt-64/drv/XmlMDF/XmlMDF_ADriverTable.jxx
+M XmlMDF:privinclude:XmlMDF_ADriverTable.ixx /misc/dn61/LocalWOK/wok_entities/LOC/dev/CR0-OCCT691-7-CR0-OCCT691-occt-64/drv/XmlMDF/XmlMDF_ADriverTable.ixx
+M XmlMDF:pubinclude:Handle_XmlMDF_DataMapNodeOfMapOfDriver.hxx /misc/dn61/LocalWOK/wok_entities/LOC/dev/CR0-OCCT691-7-CR0-OCCT691-occt-64/inc/Handle_XmlMDF_DataMapNodeOfMapOfDriver.hxx
+M XmlMDF:pubinclude:XmlMDF_DataMapNodeOfMapOfDriver.hxx /misc/dn61/LocalWOK/wok_entities/LOC/dev/CR0-OCCT691-7-CR0-OCCT691-occt-64/inc/XmlMDF_DataMapNodeOfMapOfDriver.hxx
+M XmlMDF:derivated:XmlMDF_DataMapNodeOfMapOfDriver_0.cxx /misc/dn61/LocalWOK/wok_entities/LOC/dev/CR0-OCCT691-7-CR0-OCCT691-occt-64/drv/XmlMDF/XmlMDF_DataMapNodeOfMapOfDriver_0.cxx
+M XmlMDF:pubinclude:XmlMDF_DataMapIteratorOfMapOfDriver.hxx /misc/dn61/LocalWOK/wok_entities/LOC/dev/CR0-OCCT691-7-CR0-OCCT691-occt-64/inc/XmlMDF_DataMapIteratorOfMapOfDriver.hxx
+M XmlMDF:derivated:XmlMDF_DataMapIteratorOfMapOfDriver_0.cxx /misc/dn61/LocalWOK/wok_entities/LOC/dev/CR0-OCCT691-7-CR0-OCCT691-occt-64/drv/XmlMDF/XmlMDF_DataMapIteratorOfMapOfDriver_0.cxx
+M XmlMDF:pubinclude:Handle_XmlMDF_DataMapNodeOfTypeADriverMap.hxx /misc/dn61/LocalWOK/wok_entities/LOC/dev/CR0-OCCT691-7-CR0-OCCT691-occt-64/inc/Handle_XmlMDF_DataMapNodeOfTypeADriverMap.hxx
+M XmlMDF:pubinclude:XmlMDF_DataMapNodeOfTypeADriverMap.hxx /misc/dn61/LocalWOK/wok_entities/LOC/dev/CR0-OCCT691-7-CR0-OCCT691-occt-64/inc/XmlMDF_DataMapNodeOfTypeADriverMap.hxx
+M XmlMDF:derivated:XmlMDF_DataMapNodeOfTypeADriverMap_0.cxx /misc/dn61/LocalWOK/wok_entities/LOC/dev/CR0-OCCT691-7-CR0-OCCT691-occt-64/drv/XmlMDF/XmlMDF_DataMapNodeOfTypeADriverMap_0.cxx
+M XmlMDF:pubinclude:XmlMDF_DataMapIteratorOfTypeADriverMap.hxx /misc/dn61/LocalWOK/wok_entities/LOC/dev/CR0-OCCT691-7-CR0-OCCT691-occt-64/inc/XmlMDF_DataMapIteratorOfTypeADriverMap.hxx
+M XmlMDF:derivated:XmlMDF_DataMapIteratorOfTypeADriverMap_0.cxx /misc/dn61/LocalWOK/wok_entities/LOC/dev/CR0-OCCT691-7-CR0-OCCT691-occt-64/drv/XmlMDF/XmlMDF_DataMapIteratorOfTypeADriverMap_0.cxx
+M XmlMDF:dbadmfile:XmlMDF_xcpp_header.In /misc/dn61/LocalWOK/wok_entities/LOC/dev/CR0-OCCT691-7-CR0-OCCT691-occt-64/drv/XmlMDF/.adm/XmlMDF_xcpp_header.In
+M XmlMDF:dbadmfile:XmlMDF_xcpp_header.Out /misc/dn61/LocalWOK/wok_entities/LOC/dev/CR0-OCCT691-7-CR0-OCCT691-occt-64/drv/XmlMDF/.adm/XmlMDF_xcpp_header.Out
+M XmlMDF:dbadmfile:XmlMDF_xcpp_header.Dep /misc/dn61/LocalWOK/wok_entities/LOC/dev/CR0-OCCT691-7-CR0-OCCT691-occt-64/drv/XmlMDF/.adm/XmlMDF_xcpp_header.Dep
