+M PNaming:pubinclude:Handle_PNaming_Name.hxx /misc/dn61/LocalWOK/wok_entities/LOC/dev/CR0-OCCT691-7-CR0-OCCT691-occt-64/inc/Handle_PNaming_Name.hxx
+M PNaming:pubinclude:PNaming_Name.hxx /misc/dn61/LocalWOK/wok_entities/LOC/dev/CR0-OCCT691-7-CR0-OCCT691-occt-64/inc/PNaming_Name.hxx
+M PNaming:privinclude:PNaming_Name.jxx /misc/dn61/LocalWOK/wok_entities/LOC/dev/CR0-OCCT691-7-CR0-OCCT691-occt-64/drv/PNaming/PNaming_Name.jxx
+M PNaming:privinclude:PNaming_Name.ixx /misc/dn61/LocalWOK/wok_entities/LOC/dev/CR0-OCCT691-7-CR0-OCCT691-occt-64/drv/PNaming/PNaming_Name.ixx
+M PNaming:pubinclude:Handle_PNaming_Name_1.hxx /misc/dn61/LocalWOK/wok_entities/LOC/dev/CR0-OCCT691-7-CR0-OCCT691-occt-64/inc/Handle_PNaming_Name_1.hxx
+M PNaming:pubinclude:PNaming_Name_1.hxx /misc/dn61/LocalWOK/wok_entities/LOC/dev/CR0-OCCT691-7-CR0-OCCT691-occt-64/inc/PNaming_Name_1.hxx
+M PNaming:privinclude:PNaming_Name_1.jxx /misc/dn61/LocalWOK/wok_entities/LOC/dev/CR0-OCCT691-7-CR0-OCCT691-occt-64/drv/PNaming/PNaming_Name_1.jxx
+M PNaming:privinclude:PNaming_Name_1.ixx /misc/dn61/LocalWOK/wok_entities/LOC/dev/CR0-OCCT691-7-CR0-OCCT691-occt-64/drv/PNaming/PNaming_Name_1.ixx
+M PNaming:pubinclude:Handle_PNaming_Name_2.hxx /misc/dn61/LocalWOK/wok_entities/LOC/dev/CR0-OCCT691-7-CR0-OCCT691-occt-64/inc/Handle_PNaming_Name_2.hxx
+M PNaming:pubinclude:PNaming_Name_2.hxx /misc/dn61/LocalWOK/wok_entities/LOC/dev/CR0-OCCT691-7-CR0-OCCT691-occt-64/inc/PNaming_Name_2.hxx
+M PNaming:privinclude:PNaming_Name_2.jxx /misc/dn61/LocalWOK/wok_entities/LOC/dev/CR0-OCCT691-7-CR0-OCCT691-occt-64/drv/PNaming/PNaming_Name_2.jxx
+M PNaming:privinclude:PNaming_Name_2.ixx /misc/dn61/LocalWOK/wok_entities/LOC/dev/CR0-OCCT691-7-CR0-OCCT691-occt-64/drv/PNaming/PNaming_Name_2.ixx
+M PNaming:pubinclude:Handle_PNaming_NamedShape.hxx /misc/dn61/LocalWOK/wok_entities/LOC/dev/CR0-OCCT691-7-CR0-OCCT691-occt-64/inc/Handle_PNaming_NamedShape.hxx
+M PNaming:pubinclude:PNaming_NamedShape.hxx /misc/dn61/LocalWOK/wok_entities/LOC/dev/CR0-OCCT691-7-CR0-OCCT691-occt-64/inc/PNaming_NamedShape.hxx
+M PNaming:privinclude:PNaming_NamedShape.jxx /misc/dn61/LocalWOK/wok_entities/LOC/dev/CR0-OCCT691-7-CR0-OCCT691-occt-64/drv/PNaming/PNaming_NamedShape.jxx
+M PNaming:privinclude:PNaming_NamedShape.ixx /misc/dn61/LocalWOK/wok_entities/LOC/dev/CR0-OCCT691-7-CR0-OCCT691-occt-64/drv/PNaming/PNaming_NamedShape.ixx
+M PNaming:pubinclude:Handle_PNaming_Naming.hxx /misc/dn61/LocalWOK/wok_entities/LOC/dev/CR0-OCCT691-7-CR0-OCCT691-occt-64/inc/Handle_PNaming_Naming.hxx
+M PNaming:pubinclude:PNaming_Naming.hxx /misc/dn61/LocalWOK/wok_entities/LOC/dev/CR0-OCCT691-7-CR0-OCCT691-occt-64/inc/PNaming_Naming.hxx
+M PNaming:privinclude:PNaming_Naming.jxx /misc/dn61/LocalWOK/wok_entities/LOC/dev/CR0-OCCT691-7-CR0-OCCT691-occt-64/drv/PNaming/PNaming_Naming.jxx
+M PNaming:privinclude:PNaming_Naming.ixx /misc/dn61/LocalWOK/wok_entities/LOC/dev/CR0-OCCT691-7-CR0-OCCT691-occt-64/drv/PNaming/PNaming_Naming.ixx
+M PNaming:pubinclude:Handle_PNaming_Naming_1.hxx /misc/dn61/LocalWOK/wok_entities/LOC/dev/CR0-OCCT691-7-CR0-OCCT691-occt-64/inc/Handle_PNaming_Naming_1.hxx
+M PNaming:pubinclude:PNaming_Naming_1.hxx /misc/dn61/LocalWOK/wok_entities/LOC/dev/CR0-OCCT691-7-CR0-OCCT691-occt-64/inc/PNaming_Naming_1.hxx
+M PNaming:privinclude:PNaming_Naming_1.jxx /misc/dn61/LocalWOK/wok_entities/LOC/dev/CR0-OCCT691-7-CR0-OCCT691-occt-64/drv/PNaming/PNaming_Naming_1.jxx
+M PNaming:privinclude:PNaming_Naming_1.ixx /misc/dn61/LocalWOK/wok_entities/LOC/dev/CR0-OCCT691-7-CR0-OCCT691-occt-64/drv/PNaming/PNaming_Naming_1.ixx
+M PNaming:pubinclude:Handle_PNaming_Naming_2.hxx /misc/dn61/LocalWOK/wok_entities/LOC/dev/CR0-OCCT691-7-CR0-OCCT691-occt-64/inc/Handle_PNaming_Naming_2.hxx
+M PNaming:pubinclude:PNaming_Naming_2.hxx /misc/dn61/LocalWOK/wok_entities/LOC/dev/CR0-OCCT691-7-CR0-OCCT691-occt-64/inc/PNaming_Naming_2.hxx
+M PNaming:privinclude:PNaming_Naming_2.jxx /misc/dn61/LocalWOK/wok_entities/LOC/dev/CR0-OCCT691-7-CR0-OCCT691-occt-64/drv/PNaming/PNaming_Naming_2.jxx
+M PNaming:privinclude:PNaming_Naming_2.ixx /misc/dn61/LocalWOK/wok_entities/LOC/dev/CR0-OCCT691-7-CR0-OCCT691-occt-64/drv/PNaming/PNaming_Naming_2.ixx
+M PNaming:pubinclude:Handle_PNaming_HArray1OfNamedShape.hxx /misc/dn61/LocalWOK/wok_entities/LOC/dev/CR0-OCCT691-7-CR0-OCCT691-occt-64/inc/Handle_PNaming_HArray1OfNamedShape.hxx
+M PNaming:pubinclude:PNaming_HArray1OfNamedShape.hxx /misc/dn61/LocalWOK/wok_entities/LOC/dev/CR0-OCCT691-7-CR0-OCCT691-occt-64/inc/PNaming_HArray1OfNamedShape.hxx
+M PNaming:derivated:PNaming_HArray1OfNamedShape_0.cxx /misc/dn61/LocalWOK/wok_entities/LOC/dev/CR0-OCCT691-7-CR0-OCCT691-occt-64/drv/PNaming/PNaming_HArray1OfNamedShape_0.cxx
+M PNaming:pubinclude:Handle_PNaming_VArrayNodeOfFieldOfHArray1OfNamedShape.hxx /misc/dn61/LocalWOK/wok_entities/LOC/dev/CR0-OCCT691-7-CR0-OCCT691-occt-64/inc/Handle_PNaming_VArrayNodeOfFieldOfHArray1OfNamedShape.hxx
+M PNaming:pubinclude:PNaming_VArrayNodeOfFieldOfHArray1OfNamedShape.hxx /misc/dn61/LocalWOK/wok_entities/LOC/dev/CR0-OCCT691-7-CR0-OCCT691-occt-64/inc/PNaming_VArrayNodeOfFieldOfHArray1OfNamedShape.hxx
+M PNaming:derivated:PNaming_VArrayNodeOfFieldOfHArray1OfNamedShape_0.cxx /misc/dn61/LocalWOK/wok_entities/LOC/dev/CR0-OCCT691-7-CR0-OCCT691-occt-64/drv/PNaming/PNaming_VArrayNodeOfFieldOfHArray1OfNamedShape_0.cxx
+M PNaming:pubinclude:PNaming_VArrayTNodeOfFieldOfHArray1OfNamedShape.hxx /misc/dn61/LocalWOK/wok_entities/LOC/dev/CR0-OCCT691-7-CR0-OCCT691-occt-64/inc/PNaming_VArrayTNodeOfFieldOfHArray1OfNamedShape.hxx
+M PNaming:derivated:PNaming_VArrayTNodeOfFieldOfHArray1OfNamedShape_0.cxx /misc/dn61/LocalWOK/wok_entities/LOC/dev/CR0-OCCT691-7-CR0-OCCT691-occt-64/drv/PNaming/PNaming_VArrayTNodeOfFieldOfHArray1OfNamedShape_0.cxx
+M PNaming:pubinclude:PNaming_FieldOfHArray1OfNamedShape.hxx /misc/dn61/LocalWOK/wok_entities/LOC/dev/CR0-OCCT691-7-CR0-OCCT691-occt-64/inc/PNaming_FieldOfHArray1OfNamedShape.hxx
+M PNaming:derivated:PNaming_FieldOfHArray1OfNamedShape_0.cxx /misc/dn61/LocalWOK/wok_entities/LOC/dev/CR0-OCCT691-7-CR0-OCCT691-occt-64/drv/PNaming/PNaming_FieldOfHArray1OfNamedShape_0.cxx
+M PNaming:dbadmfile:PNaming_xcpp_header.In /misc/dn61/LocalWOK/wok_entities/LOC/dev/CR0-OCCT691-7-CR0-OCCT691-occt-64/drv/PNaming/.adm/PNaming_xcpp_header.In
+M PNaming:dbadmfile:PNaming_xcpp_header.Out /misc/dn61/LocalWOK/wok_entities/LOC/dev/CR0-OCCT691-7-CR0-OCCT691-occt-64/drv/PNaming/.adm/PNaming_xcpp_header.Out
+M PNaming:dbadmfile:PNaming_xcpp_header.Dep /misc/dn61/LocalWOK/wok_entities/LOC/dev/CR0-OCCT691-7-CR0-OCCT691-occt-64/drv/PNaming/.adm/PNaming_xcpp_header.Dep
