+M IFGraph:pubinclude:IFGraph_AllShared.hxx /misc/dn61/LocalWOK/wok_entities/LOC/dev/CR0-OCCT691-7-CR0-OCCT691-occt-64/inc/IFGraph_AllShared.hxx
+M IFGraph:privinclude:IFGraph_AllShared.jxx /misc/dn61/LocalWOK/wok_entities/LOC/dev/CR0-OCCT691-7-CR0-OCCT691-occt-64/drv/IFGraph/IFGraph_AllShared.jxx
+M IFGraph:privinclude:IFGraph_AllShared.ixx /misc/dn61/LocalWOK/wok_entities/LOC/dev/CR0-OCCT691-7-CR0-OCCT691-occt-64/drv/IFGraph/IFGraph_AllShared.ixx
+M IFGraph:pubinclude:IFGraph_AllConnected.hxx /misc/dn61/LocalWOK/wok_entities/LOC/dev/CR0-OCCT691-7-CR0-OCCT691-occt-64/inc/IFGraph_AllConnected.hxx
+M IFGraph:privinclude:IFGraph_AllConnected.jxx /misc/dn61/LocalWOK/wok_entities/LOC/dev/CR0-OCCT691-7-CR0-OCCT691-occt-64/drv/IFGraph/IFGraph_AllConnected.jxx
+M IFGraph:privinclude:IFGraph_AllConnected.ixx /misc/dn61/LocalWOK/wok_entities/LOC/dev/CR0-OCCT691-7-CR0-OCCT691-occt-64/drv/IFGraph/IFGraph_AllConnected.ixx
+M IFGraph:pubinclude:IFGraph_Cumulate.hxx /misc/dn61/LocalWOK/wok_entities/LOC/dev/CR0-OCCT691-7-CR0-OCCT691-occt-64/inc/IFGraph_Cumulate.hxx
+M IFGraph:privinclude:IFGraph_Cumulate.jxx /misc/dn61/LocalWOK/wok_entities/LOC/dev/CR0-OCCT691-7-CR0-OCCT691-occt-64/drv/IFGraph/IFGraph_Cumulate.jxx
+M IFGraph:privinclude:IFGraph_Cumulate.ixx /misc/dn61/LocalWOK/wok_entities/LOC/dev/CR0-OCCT691-7-CR0-OCCT691-occt-64/drv/IFGraph/IFGraph_Cumulate.ixx
+M IFGraph:pubinclude:IFGraph_Compare.hxx /misc/dn61/LocalWOK/wok_entities/LOC/dev/CR0-OCCT691-7-CR0-OCCT691-occt-64/inc/IFGraph_Compare.hxx
+M IFGraph:privinclude:IFGraph_Compare.jxx /misc/dn61/LocalWOK/wok_entities/LOC/dev/CR0-OCCT691-7-CR0-OCCT691-occt-64/drv/IFGraph/IFGraph_Compare.jxx
+M IFGraph:privinclude:IFGraph_Compare.ixx /misc/dn61/LocalWOK/wok_entities/LOC/dev/CR0-OCCT691-7-CR0-OCCT691-occt-64/drv/IFGraph/IFGraph_Compare.ixx
+M IFGraph:pubinclude:IFGraph_ExternalSources.hxx /misc/dn61/LocalWOK/wok_entities/LOC/dev/CR0-OCCT691-7-CR0-OCCT691-occt-64/inc/IFGraph_ExternalSources.hxx
+M IFGraph:privinclude:IFGraph_ExternalSources.jxx /misc/dn61/LocalWOK/wok_entities/LOC/dev/CR0-OCCT691-7-CR0-OCCT691-occt-64/drv/IFGraph/IFGraph_ExternalSources.jxx
+M IFGraph:privinclude:IFGraph_ExternalSources.ixx /misc/dn61/LocalWOK/wok_entities/LOC/dev/CR0-OCCT691-7-CR0-OCCT691-occt-64/drv/IFGraph/IFGraph_ExternalSources.ixx
+M IFGraph:pubinclude:IFGraph_Articulations.hxx /misc/dn61/LocalWOK/wok_entities/LOC/dev/CR0-OCCT691-7-CR0-OCCT691-occt-64/inc/IFGraph_Articulations.hxx
+M IFGraph:privinclude:IFGraph_Articulations.jxx /misc/dn61/LocalWOK/wok_entities/LOC/dev/CR0-OCCT691-7-CR0-OCCT691-occt-64/drv/IFGraph/IFGraph_Articulations.jxx
+M IFGraph:privinclude:IFGraph_Articulations.ixx /misc/dn61/LocalWOK/wok_entities/LOC/dev/CR0-OCCT691-7-CR0-OCCT691-occt-64/drv/IFGraph/IFGraph_Articulations.ixx
+M IFGraph:pubinclude:IFGraph_SubPartsIterator.hxx /misc/dn61/LocalWOK/wok_entities/LOC/dev/CR0-OCCT691-7-CR0-OCCT691-occt-64/inc/IFGraph_SubPartsIterator.hxx
+M IFGraph:privinclude:IFGraph_SubPartsIterator.jxx /misc/dn61/LocalWOK/wok_entities/LOC/dev/CR0-OCCT691-7-CR0-OCCT691-occt-64/drv/IFGraph/IFGraph_SubPartsIterator.jxx
+M IFGraph:privinclude:IFGraph_SubPartsIterator.ixx /misc/dn61/LocalWOK/wok_entities/LOC/dev/CR0-OCCT691-7-CR0-OCCT691-occt-64/drv/IFGraph/IFGraph_SubPartsIterator.ixx
+M IFGraph:pubinclude:IFGraph_ConnectedComponants.hxx /misc/dn61/LocalWOK/wok_entities/LOC/dev/CR0-OCCT691-7-CR0-OCCT691-occt-64/inc/IFGraph_ConnectedComponants.hxx
+M IFGraph:privinclude:IFGraph_ConnectedComponants.jxx /misc/dn61/LocalWOK/wok_entities/LOC/dev/CR0-OCCT691-7-CR0-OCCT691-occt-64/drv/IFGraph/IFGraph_ConnectedComponants.jxx
+M IFGraph:privinclude:IFGraph_ConnectedComponants.ixx /misc/dn61/LocalWOK/wok_entities/LOC/dev/CR0-OCCT691-7-CR0-OCCT691-occt-64/drv/IFGraph/IFGraph_ConnectedComponants.ixx
+M IFGraph:pubinclude:IFGraph_StrongComponants.hxx /misc/dn61/LocalWOK/wok_entities/LOC/dev/CR0-OCCT691-7-CR0-OCCT691-occt-64/inc/IFGraph_StrongComponants.hxx
+M IFGraph:privinclude:IFGraph_StrongComponants.jxx /misc/dn61/LocalWOK/wok_entities/LOC/dev/CR0-OCCT691-7-CR0-OCCT691-occt-64/drv/IFGraph/IFGraph_StrongComponants.jxx
+M IFGraph:privinclude:IFGraph_StrongComponants.ixx /misc/dn61/LocalWOK/wok_entities/LOC/dev/CR0-OCCT691-7-CR0-OCCT691-occt-64/drv/IFGraph/IFGraph_StrongComponants.ixx
+M IFGraph:pubinclude:IFGraph_Cycles.hxx /misc/dn61/LocalWOK/wok_entities/LOC/dev/CR0-OCCT691-7-CR0-OCCT691-occt-64/inc/IFGraph_Cycles.hxx
+M IFGraph:privinclude:IFGraph_Cycles.jxx /misc/dn61/LocalWOK/wok_entities/LOC/dev/CR0-OCCT691-7-CR0-OCCT691-occt-64/drv/IFGraph/IFGraph_Cycles.jxx
+M IFGraph:privinclude:IFGraph_Cycles.ixx /misc/dn61/LocalWOK/wok_entities/LOC/dev/CR0-OCCT691-7-CR0-OCCT691-occt-64/drv/IFGraph/IFGraph_Cycles.ixx
+M IFGraph:pubinclude:IFGraph_SCRoots.hxx /misc/dn61/LocalWOK/wok_entities/LOC/dev/CR0-OCCT691-7-CR0-OCCT691-occt-64/inc/IFGraph_SCRoots.hxx
+M IFGraph:privinclude:IFGraph_SCRoots.jxx /misc/dn61/LocalWOK/wok_entities/LOC/dev/CR0-OCCT691-7-CR0-OCCT691-occt-64/drv/IFGraph/IFGraph_SCRoots.jxx
+M IFGraph:privinclude:IFGraph_SCRoots.ixx /misc/dn61/LocalWOK/wok_entities/LOC/dev/CR0-OCCT691-7-CR0-OCCT691-occt-64/drv/IFGraph/IFGraph_SCRoots.ixx
+M IFGraph:dbadmfile:IFGraph_xcpp_header.In /misc/dn61/LocalWOK/wok_entities/LOC/dev/CR0-OCCT691-7-CR0-OCCT691-occt-64/drv/IFGraph/.adm/IFGraph_xcpp_header.In
+M IFGraph:dbadmfile:IFGraph_xcpp_header.Out /misc/dn61/LocalWOK/wok_entities/LOC/dev/CR0-OCCT691-7-CR0-OCCT691-occt-64/drv/IFGraph/.adm/IFGraph_xcpp_header.Out
+M IFGraph:dbadmfile:IFGraph_xcpp_header.Dep /misc/dn61/LocalWOK/wok_entities/LOC/dev/CR0-OCCT691-7-CR0-OCCT691-occt-64/drv/IFGraph/.adm/IFGraph_xcpp_header.Dep
