+M GeomPlate:pubinclude:GeomPlate_BuildPlateSurface.hxx /misc/dn61/LocalWOK/wok_entities/LOC/dev/CR0-OCCT691-7-CR0-OCCT691-occt-64/inc/GeomPlate_BuildPlateSurface.hxx
+M GeomPlate:privinclude:GeomPlate_BuildPlateSurface.jxx /misc/dn61/LocalWOK/wok_entities/LOC/dev/CR0-OCCT691-7-CR0-OCCT691-occt-64/drv/GeomPlate/GeomPlate_BuildPlateSurface.jxx
+M GeomPlate:privinclude:GeomPlate_BuildPlateSurface.ixx /misc/dn61/LocalWOK/wok_entities/LOC/dev/CR0-OCCT691-7-CR0-OCCT691-occt-64/drv/GeomPlate/GeomPlate_BuildPlateSurface.ixx
+M GeomPlate:pubinclude:GeomPlate_Array1OfHCurveOnSurface.hxx /misc/dn61/LocalWOK/wok_entities/LOC/dev/CR0-OCCT691-7-CR0-OCCT691-occt-64/inc/GeomPlate_Array1OfHCurveOnSurface.hxx
+M GeomPlate:derivated:GeomPlate_Array1OfHCurveOnSurface_0.cxx /misc/dn61/LocalWOK/wok_entities/LOC/dev/CR0-OCCT691-7-CR0-OCCT691-occt-64/drv/GeomPlate/GeomPlate_Array1OfHCurveOnSurface_0.cxx
+M GeomPlate:pubinclude:Handle_GeomPlate_HArray1OfHCurveOnSurface.hxx /misc/dn61/LocalWOK/wok_entities/LOC/dev/CR0-OCCT691-7-CR0-OCCT691-occt-64/inc/Handle_GeomPlate_HArray1OfHCurveOnSurface.hxx
+M GeomPlate:pubinclude:GeomPlate_HArray1OfHCurveOnSurface.hxx /misc/dn61/LocalWOK/wok_entities/LOC/dev/CR0-OCCT691-7-CR0-OCCT691-occt-64/inc/GeomPlate_HArray1OfHCurveOnSurface.hxx
+M GeomPlate:derivated:GeomPlate_HArray1OfHCurveOnSurface_0.cxx /misc/dn61/LocalWOK/wok_entities/LOC/dev/CR0-OCCT691-7-CR0-OCCT691-occt-64/drv/GeomPlate/GeomPlate_HArray1OfHCurveOnSurface_0.cxx
+M GeomPlate:pubinclude:Handle_GeomPlate_CurveConstraint.hxx /misc/dn61/LocalWOK/wok_entities/LOC/dev/CR0-OCCT691-7-CR0-OCCT691-occt-64/inc/Handle_GeomPlate_CurveConstraint.hxx
+M GeomPlate:pubinclude:GeomPlate_CurveConstraint.hxx /misc/dn61/LocalWOK/wok_entities/LOC/dev/CR0-OCCT691-7-CR0-OCCT691-occt-64/inc/GeomPlate_CurveConstraint.hxx
+M GeomPlate:privinclude:GeomPlate_CurveConstraint.jxx /misc/dn61/LocalWOK/wok_entities/LOC/dev/CR0-OCCT691-7-CR0-OCCT691-occt-64/drv/GeomPlate/GeomPlate_CurveConstraint.jxx
+M GeomPlate:privinclude:GeomPlate_CurveConstraint.ixx /misc/dn61/LocalWOK/wok_entities/LOC/dev/CR0-OCCT691-7-CR0-OCCT691-occt-64/drv/GeomPlate/GeomPlate_CurveConstraint.ixx
+M GeomPlate:pubinclude:Handle_GeomPlate_PointConstraint.hxx /misc/dn61/LocalWOK/wok_entities/LOC/dev/CR0-OCCT691-7-CR0-OCCT691-occt-64/inc/Handle_GeomPlate_PointConstraint.hxx
+M GeomPlate:pubinclude:GeomPlate_PointConstraint.hxx /misc/dn61/LocalWOK/wok_entities/LOC/dev/CR0-OCCT691-7-CR0-OCCT691-occt-64/inc/GeomPlate_PointConstraint.hxx
+M GeomPlate:privinclude:GeomPlate_PointConstraint.jxx /misc/dn61/LocalWOK/wok_entities/LOC/dev/CR0-OCCT691-7-CR0-OCCT691-occt-64/drv/GeomPlate/GeomPlate_PointConstraint.jxx
+M GeomPlate:privinclude:GeomPlate_PointConstraint.ixx /misc/dn61/LocalWOK/wok_entities/LOC/dev/CR0-OCCT691-7-CR0-OCCT691-occt-64/drv/GeomPlate/GeomPlate_PointConstraint.ixx
+M GeomPlate:pubinclude:GeomPlate_Array1OfSequenceOfReal.hxx /misc/dn61/LocalWOK/wok_entities/LOC/dev/CR0-OCCT691-7-CR0-OCCT691-occt-64/inc/GeomPlate_Array1OfSequenceOfReal.hxx
+M GeomPlate:derivated:GeomPlate_Array1OfSequenceOfReal_0.cxx /misc/dn61/LocalWOK/wok_entities/LOC/dev/CR0-OCCT691-7-CR0-OCCT691-occt-64/drv/GeomPlate/GeomPlate_Array1OfSequenceOfReal_0.cxx
+M GeomPlate:pubinclude:Handle_GeomPlate_HArray1OfSequenceOfReal.hxx /misc/dn61/LocalWOK/wok_entities/LOC/dev/CR0-OCCT691-7-CR0-OCCT691-occt-64/inc/Handle_GeomPlate_HArray1OfSequenceOfReal.hxx
+M GeomPlate:pubinclude:GeomPlate_HArray1OfSequenceOfReal.hxx /misc/dn61/LocalWOK/wok_entities/LOC/dev/CR0-OCCT691-7-CR0-OCCT691-occt-64/inc/GeomPlate_HArray1OfSequenceOfReal.hxx
+M GeomPlate:derivated:GeomPlate_HArray1OfSequenceOfReal_0.cxx /misc/dn61/LocalWOK/wok_entities/LOC/dev/CR0-OCCT691-7-CR0-OCCT691-occt-64/drv/GeomPlate/GeomPlate_HArray1OfSequenceOfReal_0.cxx
+M GeomPlate:pubinclude:GeomPlate_SequenceOfCurveConstraint.hxx /misc/dn61/LocalWOK/wok_entities/LOC/dev/CR0-OCCT691-7-CR0-OCCT691-occt-64/inc/GeomPlate_SequenceOfCurveConstraint.hxx
+M GeomPlate:derivated:GeomPlate_SequenceOfCurveConstraint_0.cxx /misc/dn61/LocalWOK/wok_entities/LOC/dev/CR0-OCCT691-7-CR0-OCCT691-occt-64/drv/GeomPlate/GeomPlate_SequenceOfCurveConstraint_0.cxx
+M GeomPlate:pubinclude:GeomPlate_SequenceOfPointConstraint.hxx /misc/dn61/LocalWOK/wok_entities/LOC/dev/CR0-OCCT691-7-CR0-OCCT691-occt-64/inc/GeomPlate_SequenceOfPointConstraint.hxx
+M GeomPlate:derivated:GeomPlate_SequenceOfPointConstraint_0.cxx /misc/dn61/LocalWOK/wok_entities/LOC/dev/CR0-OCCT691-7-CR0-OCCT691-occt-64/drv/GeomPlate/GeomPlate_SequenceOfPointConstraint_0.cxx
+M GeomPlate:pubinclude:Handle_GeomPlate_HSequenceOfCurveConstraint.hxx /misc/dn61/LocalWOK/wok_entities/LOC/dev/CR0-OCCT691-7-CR0-OCCT691-occt-64/inc/Handle_GeomPlate_HSequenceOfCurveConstraint.hxx
+M GeomPlate:pubinclude:GeomPlate_HSequenceOfCurveConstraint.hxx /misc/dn61/LocalWOK/wok_entities/LOC/dev/CR0-OCCT691-7-CR0-OCCT691-occt-64/inc/GeomPlate_HSequenceOfCurveConstraint.hxx
+M GeomPlate:derivated:GeomPlate_HSequenceOfCurveConstraint_0.cxx /misc/dn61/LocalWOK/wok_entities/LOC/dev/CR0-OCCT691-7-CR0-OCCT691-occt-64/drv/GeomPlate/GeomPlate_HSequenceOfCurveConstraint_0.cxx
+M GeomPlate:pubinclude:Handle_GeomPlate_HSequenceOfPointConstraint.hxx /misc/dn61/LocalWOK/wok_entities/LOC/dev/CR0-OCCT691-7-CR0-OCCT691-occt-64/inc/Handle_GeomPlate_HSequenceOfPointConstraint.hxx
+M GeomPlate:pubinclude:GeomPlate_HSequenceOfPointConstraint.hxx /misc/dn61/LocalWOK/wok_entities/LOC/dev/CR0-OCCT691-7-CR0-OCCT691-occt-64/inc/GeomPlate_HSequenceOfPointConstraint.hxx
+M GeomPlate:derivated:GeomPlate_HSequenceOfPointConstraint_0.cxx /misc/dn61/LocalWOK/wok_entities/LOC/dev/CR0-OCCT691-7-CR0-OCCT691-occt-64/drv/GeomPlate/GeomPlate_HSequenceOfPointConstraint_0.cxx
+M GeomPlate:pubinclude:GeomPlate_BuildAveragePlane.hxx /misc/dn61/LocalWOK/wok_entities/LOC/dev/CR0-OCCT691-7-CR0-OCCT691-occt-64/inc/GeomPlate_BuildAveragePlane.hxx
+M GeomPlate:privinclude:GeomPlate_BuildAveragePlane.jxx /misc/dn61/LocalWOK/wok_entities/LOC/dev/CR0-OCCT691-7-CR0-OCCT691-occt-64/drv/GeomPlate/GeomPlate_BuildAveragePlane.jxx
+M GeomPlate:privinclude:GeomPlate_BuildAveragePlane.ixx /misc/dn61/LocalWOK/wok_entities/LOC/dev/CR0-OCCT691-7-CR0-OCCT691-occt-64/drv/GeomPlate/GeomPlate_BuildAveragePlane.ixx
+M GeomPlate:pubinclude:Handle_GeomPlate_Surface.hxx /misc/dn61/LocalWOK/wok_entities/LOC/dev/CR0-OCCT691-7-CR0-OCCT691-occt-64/inc/Handle_GeomPlate_Surface.hxx
+M GeomPlate:pubinclude:GeomPlate_Surface.hxx /misc/dn61/LocalWOK/wok_entities/LOC/dev/CR0-OCCT691-7-CR0-OCCT691-occt-64/inc/GeomPlate_Surface.hxx
+M GeomPlate:privinclude:GeomPlate_Surface.jxx /misc/dn61/LocalWOK/wok_entities/LOC/dev/CR0-OCCT691-7-CR0-OCCT691-occt-64/drv/GeomPlate/GeomPlate_Surface.jxx
+M GeomPlate:privinclude:GeomPlate_Surface.ixx /misc/dn61/LocalWOK/wok_entities/LOC/dev/CR0-OCCT691-7-CR0-OCCT691-occt-64/drv/GeomPlate/GeomPlate_Surface.ixx
+M GeomPlate:pubinclude:GeomPlate_MakeApprox.hxx /misc/dn61/LocalWOK/wok_entities/LOC/dev/CR0-OCCT691-7-CR0-OCCT691-occt-64/inc/GeomPlate_MakeApprox.hxx
+M GeomPlate:privinclude:GeomPlate_MakeApprox.jxx /misc/dn61/LocalWOK/wok_entities/LOC/dev/CR0-OCCT691-7-CR0-OCCT691-occt-64/drv/GeomPlate/GeomPlate_MakeApprox.jxx
+M GeomPlate:privinclude:GeomPlate_MakeApprox.ixx /misc/dn61/LocalWOK/wok_entities/LOC/dev/CR0-OCCT691-7-CR0-OCCT691-occt-64/drv/GeomPlate/GeomPlate_MakeApprox.ixx
+M GeomPlate:pubinclude:GeomPlate_PlateG0Criterion.hxx /misc/dn61/LocalWOK/wok_entities/LOC/dev/CR0-OCCT691-7-CR0-OCCT691-occt-64/inc/GeomPlate_PlateG0Criterion.hxx
+M GeomPlate:privinclude:GeomPlate_PlateG0Criterion.jxx /misc/dn61/LocalWOK/wok_entities/LOC/dev/CR0-OCCT691-7-CR0-OCCT691-occt-64/drv/GeomPlate/GeomPlate_PlateG0Criterion.jxx
+M GeomPlate:privinclude:GeomPlate_PlateG0Criterion.ixx /misc/dn61/LocalWOK/wok_entities/LOC/dev/CR0-OCCT691-7-CR0-OCCT691-occt-64/drv/GeomPlate/GeomPlate_PlateG0Criterion.ixx
+M GeomPlate:pubinclude:GeomPlate_PlateG1Criterion.hxx /misc/dn61/LocalWOK/wok_entities/LOC/dev/CR0-OCCT691-7-CR0-OCCT691-occt-64/inc/GeomPlate_PlateG1Criterion.hxx
+M GeomPlate:privinclude:GeomPlate_PlateG1Criterion.jxx /misc/dn61/LocalWOK/wok_entities/LOC/dev/CR0-OCCT691-7-CR0-OCCT691-occt-64/drv/GeomPlate/GeomPlate_PlateG1Criterion.jxx
+M GeomPlate:privinclude:GeomPlate_PlateG1Criterion.ixx /misc/dn61/LocalWOK/wok_entities/LOC/dev/CR0-OCCT691-7-CR0-OCCT691-occt-64/drv/GeomPlate/GeomPlate_PlateG1Criterion.ixx
+M GeomPlate:pubinclude:GeomPlate_Aij.hxx /misc/dn61/LocalWOK/wok_entities/LOC/dev/CR0-OCCT691-7-CR0-OCCT691-occt-64/inc/GeomPlate_Aij.hxx
+M GeomPlate:privinclude:GeomPlate_Aij.jxx /misc/dn61/LocalWOK/wok_entities/LOC/dev/CR0-OCCT691-7-CR0-OCCT691-occt-64/drv/GeomPlate/GeomPlate_Aij.jxx
+M GeomPlate:privinclude:GeomPlate_Aij.ixx /misc/dn61/LocalWOK/wok_entities/LOC/dev/CR0-OCCT691-7-CR0-OCCT691-occt-64/drv/GeomPlate/GeomPlate_Aij.ixx
+M GeomPlate:pubinclude:GeomPlate_SequenceOfAij.hxx /misc/dn61/LocalWOK/wok_entities/LOC/dev/CR0-OCCT691-7-CR0-OCCT691-occt-64/inc/GeomPlate_SequenceOfAij.hxx
+M GeomPlate:derivated:GeomPlate_SequenceOfAij_0.cxx /misc/dn61/LocalWOK/wok_entities/LOC/dev/CR0-OCCT691-7-CR0-OCCT691-occt-64/drv/GeomPlate/GeomPlate_SequenceOfAij_0.cxx
+M GeomPlate:pubinclude:Handle_GeomPlate_SequenceNodeOfSequenceOfCurveConstraint.hxx /misc/dn61/LocalWOK/wok_entities/LOC/dev/CR0-OCCT691-7-CR0-OCCT691-occt-64/inc/Handle_GeomPlate_SequenceNodeOfSequenceOfCurveConstraint.hxx
+M GeomPlate:pubinclude:GeomPlate_SequenceNodeOfSequenceOfCurveConstraint.hxx /misc/dn61/LocalWOK/wok_entities/LOC/dev/CR0-OCCT691-7-CR0-OCCT691-occt-64/inc/GeomPlate_SequenceNodeOfSequenceOfCurveConstraint.hxx
+M GeomPlate:derivated:GeomPlate_SequenceNodeOfSequenceOfCurveConstraint_0.cxx /misc/dn61/LocalWOK/wok_entities/LOC/dev/CR0-OCCT691-7-CR0-OCCT691-occt-64/drv/GeomPlate/GeomPlate_SequenceNodeOfSequenceOfCurveConstraint_0.cxx
+M GeomPlate:pubinclude:Handle_GeomPlate_SequenceNodeOfSequenceOfPointConstraint.hxx /misc/dn61/LocalWOK/wok_entities/LOC/dev/CR0-OCCT691-7-CR0-OCCT691-occt-64/inc/Handle_GeomPlate_SequenceNodeOfSequenceOfPointConstraint.hxx
+M GeomPlate:pubinclude:GeomPlate_SequenceNodeOfSequenceOfPointConstraint.hxx /misc/dn61/LocalWOK/wok_entities/LOC/dev/CR0-OCCT691-7-CR0-OCCT691-occt-64/inc/GeomPlate_SequenceNodeOfSequenceOfPointConstraint.hxx
+M GeomPlate:derivated:GeomPlate_SequenceNodeOfSequenceOfPointConstraint_0.cxx /misc/dn61/LocalWOK/wok_entities/LOC/dev/CR0-OCCT691-7-CR0-OCCT691-occt-64/drv/GeomPlate/GeomPlate_SequenceNodeOfSequenceOfPointConstraint_0.cxx
+M GeomPlate:pubinclude:Handle_GeomPlate_SequenceNodeOfSequenceOfAij.hxx /misc/dn61/LocalWOK/wok_entities/LOC/dev/CR0-OCCT691-7-CR0-OCCT691-occt-64/inc/Handle_GeomPlate_SequenceNodeOfSequenceOfAij.hxx
+M GeomPlate:pubinclude:GeomPlate_SequenceNodeOfSequenceOfAij.hxx /misc/dn61/LocalWOK/wok_entities/LOC/dev/CR0-OCCT691-7-CR0-OCCT691-occt-64/inc/GeomPlate_SequenceNodeOfSequenceOfAij.hxx
+M GeomPlate:derivated:GeomPlate_SequenceNodeOfSequenceOfAij_0.cxx /misc/dn61/LocalWOK/wok_entities/LOC/dev/CR0-OCCT691-7-CR0-OCCT691-occt-64/drv/GeomPlate/GeomPlate_SequenceNodeOfSequenceOfAij_0.cxx
+M GeomPlate:dbadmfile:GeomPlate_xcpp_header.In /misc/dn61/LocalWOK/wok_entities/LOC/dev/CR0-OCCT691-7-CR0-OCCT691-occt-64/drv/GeomPlate/.adm/GeomPlate_xcpp_header.In
+M GeomPlate:dbadmfile:GeomPlate_xcpp_header.Out /misc/dn61/LocalWOK/wok_entities/LOC/dev/CR0-OCCT691-7-CR0-OCCT691-occt-64/drv/GeomPlate/.adm/GeomPlate_xcpp_header.Out
+M GeomPlate:dbadmfile:GeomPlate_xcpp_header.Dep /misc/dn61/LocalWOK/wok_entities/LOC/dev/CR0-OCCT691-7-CR0-OCCT691-occt-64/drv/GeomPlate/.adm/GeomPlate_xcpp_header.Dep
