+M QANewBRepNaming:pubinclude:QANewBRepNaming.hxx /misc/dn61/LocalWOK/wok_entities/LOC/dev/CR0-OCCT691-7-CR0-OCCT691-occt-64/inc/QANewBRepNaming.hxx
+M QANewBRepNaming:privinclude:QANewBRepNaming.jxx /misc/dn61/LocalWOK/wok_entities/LOC/dev/CR0-OCCT691-7-CR0-OCCT691-occt-64/drv/QANewBRepNaming/QANewBRepNaming.jxx
+M QANewBRepNaming:privinclude:QANewBRepNaming.ixx /misc/dn61/LocalWOK/wok_entities/LOC/dev/CR0-OCCT691-7-CR0-OCCT691-occt-64/drv/QANewBRepNaming/QANewBRepNaming.ixx
+M QANewBRepNaming:pubinclude:QANewBRepNaming_LoaderParent.hxx /misc/dn61/LocalWOK/wok_entities/LOC/dev/CR0-OCCT691-7-CR0-OCCT691-occt-64/inc/QANewBRepNaming_LoaderParent.hxx
+M QANewBRepNaming:privinclude:QANewBRepNaming_LoaderParent.jxx /misc/dn61/LocalWOK/wok_entities/LOC/dev/CR0-OCCT691-7-CR0-OCCT691-occt-64/drv/QANewBRepNaming/QANewBRepNaming_LoaderParent.jxx
+M QANewBRepNaming:privinclude:QANewBRepNaming_LoaderParent.ixx /misc/dn61/LocalWOK/wok_entities/LOC/dev/CR0-OCCT691-7-CR0-OCCT691-occt-64/drv/QANewBRepNaming/QANewBRepNaming_LoaderParent.ixx
+M QANewBRepNaming:pubinclude:QANewBRepNaming_Loader.hxx /misc/dn61/LocalWOK/wok_entities/LOC/dev/CR0-OCCT691-7-CR0-OCCT691-occt-64/inc/QANewBRepNaming_Loader.hxx
+M QANewBRepNaming:privinclude:QANewBRepNaming_Loader.jxx /misc/dn61/LocalWOK/wok_entities/LOC/dev/CR0-OCCT691-7-CR0-OCCT691-occt-64/drv/QANewBRepNaming/QANewBRepNaming_Loader.jxx
+M QANewBRepNaming:privinclude:QANewBRepNaming_Loader.ixx /misc/dn61/LocalWOK/wok_entities/LOC/dev/CR0-OCCT691-7-CR0-OCCT691-occt-64/drv/QANewBRepNaming/QANewBRepNaming_Loader.ixx
+M QANewBRepNaming:pubinclude:QANewBRepNaming_TopNaming.hxx /misc/dn61/LocalWOK/wok_entities/LOC/dev/CR0-OCCT691-7-CR0-OCCT691-occt-64/inc/QANewBRepNaming_TopNaming.hxx
+M QANewBRepNaming:privinclude:QANewBRepNaming_TopNaming.jxx /misc/dn61/LocalWOK/wok_entities/LOC/dev/CR0-OCCT691-7-CR0-OCCT691-occt-64/drv/QANewBRepNaming/QANewBRepNaming_TopNaming.jxx
+M QANewBRepNaming:privinclude:QANewBRepNaming_TopNaming.ixx /misc/dn61/LocalWOK/wok_entities/LOC/dev/CR0-OCCT691-7-CR0-OCCT691-occt-64/drv/QANewBRepNaming/QANewBRepNaming_TopNaming.ixx
+M QANewBRepNaming:pubinclude:QANewBRepNaming_Box.hxx /misc/dn61/LocalWOK/wok_entities/LOC/dev/CR0-OCCT691-7-CR0-OCCT691-occt-64/inc/QANewBRepNaming_Box.hxx
+M QANewBRepNaming:privinclude:QANewBRepNaming_Box.jxx /misc/dn61/LocalWOK/wok_entities/LOC/dev/CR0-OCCT691-7-CR0-OCCT691-occt-64/drv/QANewBRepNaming/QANewBRepNaming_Box.jxx
+M QANewBRepNaming:privinclude:QANewBRepNaming_Box.ixx /misc/dn61/LocalWOK/wok_entities/LOC/dev/CR0-OCCT691-7-CR0-OCCT691-occt-64/drv/QANewBRepNaming/QANewBRepNaming_Box.ixx
+M QANewBRepNaming:pubinclude:QANewBRepNaming_Prism.hxx /misc/dn61/LocalWOK/wok_entities/LOC/dev/CR0-OCCT691-7-CR0-OCCT691-occt-64/inc/QANewBRepNaming_Prism.hxx
+M QANewBRepNaming:privinclude:QANewBRepNaming_Prism.jxx /misc/dn61/LocalWOK/wok_entities/LOC/dev/CR0-OCCT691-7-CR0-OCCT691-occt-64/drv/QANewBRepNaming/QANewBRepNaming_Prism.jxx
+M QANewBRepNaming:privinclude:QANewBRepNaming_Prism.ixx /misc/dn61/LocalWOK/wok_entities/LOC/dev/CR0-OCCT691-7-CR0-OCCT691-occt-64/drv/QANewBRepNaming/QANewBRepNaming_Prism.ixx
+M QANewBRepNaming:pubinclude:QANewBRepNaming_Revol.hxx /misc/dn61/LocalWOK/wok_entities/LOC/dev/CR0-OCCT691-7-CR0-OCCT691-occt-64/inc/QANewBRepNaming_Revol.hxx
+M QANewBRepNaming:privinclude:QANewBRepNaming_Revol.jxx /misc/dn61/LocalWOK/wok_entities/LOC/dev/CR0-OCCT691-7-CR0-OCCT691-occt-64/drv/QANewBRepNaming/QANewBRepNaming_Revol.jxx
+M QANewBRepNaming:privinclude:QANewBRepNaming_Revol.ixx /misc/dn61/LocalWOK/wok_entities/LOC/dev/CR0-OCCT691-7-CR0-OCCT691-occt-64/drv/QANewBRepNaming/QANewBRepNaming_Revol.ixx
+M QANewBRepNaming:pubinclude:QANewBRepNaming_Cylinder.hxx /misc/dn61/LocalWOK/wok_entities/LOC/dev/CR0-OCCT691-7-CR0-OCCT691-occt-64/inc/QANewBRepNaming_Cylinder.hxx
+M QANewBRepNaming:privinclude:QANewBRepNaming_Cylinder.jxx /misc/dn61/LocalWOK/wok_entities/LOC/dev/CR0-OCCT691-7-CR0-OCCT691-occt-64/drv/QANewBRepNaming/QANewBRepNaming_Cylinder.jxx
+M QANewBRepNaming:privinclude:QANewBRepNaming_Cylinder.ixx /misc/dn61/LocalWOK/wok_entities/LOC/dev/CR0-OCCT691-7-CR0-OCCT691-occt-64/drv/QANewBRepNaming/QANewBRepNaming_Cylinder.ixx
+M QANewBRepNaming:pubinclude:QANewBRepNaming_Sphere.hxx /misc/dn61/LocalWOK/wok_entities/LOC/dev/CR0-OCCT691-7-CR0-OCCT691-occt-64/inc/QANewBRepNaming_Sphere.hxx
+M QANewBRepNaming:privinclude:QANewBRepNaming_Sphere.jxx /misc/dn61/LocalWOK/wok_entities/LOC/dev/CR0-OCCT691-7-CR0-OCCT691-occt-64/drv/QANewBRepNaming/QANewBRepNaming_Sphere.jxx
+M QANewBRepNaming:privinclude:QANewBRepNaming_Sphere.ixx /misc/dn61/LocalWOK/wok_entities/LOC/dev/CR0-OCCT691-7-CR0-OCCT691-occt-64/drv/QANewBRepNaming/QANewBRepNaming_Sphere.ixx
+M QANewBRepNaming:pubinclude:QANewBRepNaming_BooleanOperation.hxx /misc/dn61/LocalWOK/wok_entities/LOC/dev/CR0-OCCT691-7-CR0-OCCT691-occt-64/inc/QANewBRepNaming_BooleanOperation.hxx
+M QANewBRepNaming:privinclude:QANewBRepNaming_BooleanOperation.jxx /misc/dn61/LocalWOK/wok_entities/LOC/dev/CR0-OCCT691-7-CR0-OCCT691-occt-64/drv/QANewBRepNaming/QANewBRepNaming_BooleanOperation.jxx
+M QANewBRepNaming:privinclude:QANewBRepNaming_BooleanOperation.ixx /misc/dn61/LocalWOK/wok_entities/LOC/dev/CR0-OCCT691-7-CR0-OCCT691-occt-64/drv/QANewBRepNaming/QANewBRepNaming_BooleanOperation.ixx
+M QANewBRepNaming:pubinclude:QANewBRepNaming_BooleanOperationFeat.hxx /misc/dn61/LocalWOK/wok_entities/LOC/dev/CR0-OCCT691-7-CR0-OCCT691-occt-64/inc/QANewBRepNaming_BooleanOperationFeat.hxx
+M QANewBRepNaming:privinclude:QANewBRepNaming_BooleanOperationFeat.jxx /misc/dn61/LocalWOK/wok_entities/LOC/dev/CR0-OCCT691-7-CR0-OCCT691-occt-64/drv/QANewBRepNaming/QANewBRepNaming_BooleanOperationFeat.jxx
+M QANewBRepNaming:privinclude:QANewBRepNaming_BooleanOperationFeat.ixx /misc/dn61/LocalWOK/wok_entities/LOC/dev/CR0-OCCT691-7-CR0-OCCT691-occt-64/drv/QANewBRepNaming/QANewBRepNaming_BooleanOperationFeat.ixx
+M QANewBRepNaming:pubinclude:QANewBRepNaming_Common.hxx /misc/dn61/LocalWOK/wok_entities/LOC/dev/CR0-OCCT691-7-CR0-OCCT691-occt-64/inc/QANewBRepNaming_Common.hxx
+M QANewBRepNaming:privinclude:QANewBRepNaming_Common.jxx /misc/dn61/LocalWOK/wok_entities/LOC/dev/CR0-OCCT691-7-CR0-OCCT691-occt-64/drv/QANewBRepNaming/QANewBRepNaming_Common.jxx
+M QANewBRepNaming:privinclude:QANewBRepNaming_Common.ixx /misc/dn61/LocalWOK/wok_entities/LOC/dev/CR0-OCCT691-7-CR0-OCCT691-occt-64/drv/QANewBRepNaming/QANewBRepNaming_Common.ixx
+M QANewBRepNaming:pubinclude:QANewBRepNaming_Cut.hxx /misc/dn61/LocalWOK/wok_entities/LOC/dev/CR0-OCCT691-7-CR0-OCCT691-occt-64/inc/QANewBRepNaming_Cut.hxx
+M QANewBRepNaming:privinclude:QANewBRepNaming_Cut.jxx /misc/dn61/LocalWOK/wok_entities/LOC/dev/CR0-OCCT691-7-CR0-OCCT691-occt-64/drv/QANewBRepNaming/QANewBRepNaming_Cut.jxx
+M QANewBRepNaming:privinclude:QANewBRepNaming_Cut.ixx /misc/dn61/LocalWOK/wok_entities/LOC/dev/CR0-OCCT691-7-CR0-OCCT691-occt-64/drv/QANewBRepNaming/QANewBRepNaming_Cut.ixx
+M QANewBRepNaming:pubinclude:QANewBRepNaming_Fuse.hxx /misc/dn61/LocalWOK/wok_entities/LOC/dev/CR0-OCCT691-7-CR0-OCCT691-occt-64/inc/QANewBRepNaming_Fuse.hxx
+M QANewBRepNaming:privinclude:QANewBRepNaming_Fuse.jxx /misc/dn61/LocalWOK/wok_entities/LOC/dev/CR0-OCCT691-7-CR0-OCCT691-occt-64/drv/QANewBRepNaming/QANewBRepNaming_Fuse.jxx
+M QANewBRepNaming:privinclude:QANewBRepNaming_Fuse.ixx /misc/dn61/LocalWOK/wok_entities/LOC/dev/CR0-OCCT691-7-CR0-OCCT691-occt-64/drv/QANewBRepNaming/QANewBRepNaming_Fuse.ixx
+M QANewBRepNaming:pubinclude:QANewBRepNaming_Fillet.hxx /misc/dn61/LocalWOK/wok_entities/LOC/dev/CR0-OCCT691-7-CR0-OCCT691-occt-64/inc/QANewBRepNaming_Fillet.hxx
+M QANewBRepNaming:privinclude:QANewBRepNaming_Fillet.jxx /misc/dn61/LocalWOK/wok_entities/LOC/dev/CR0-OCCT691-7-CR0-OCCT691-occt-64/drv/QANewBRepNaming/QANewBRepNaming_Fillet.jxx
+M QANewBRepNaming:privinclude:QANewBRepNaming_Fillet.ixx /misc/dn61/LocalWOK/wok_entities/LOC/dev/CR0-OCCT691-7-CR0-OCCT691-occt-64/drv/QANewBRepNaming/QANewBRepNaming_Fillet.ixx
+M QANewBRepNaming:pubinclude:QANewBRepNaming_Chamfer.hxx /misc/dn61/LocalWOK/wok_entities/LOC/dev/CR0-OCCT691-7-CR0-OCCT691-occt-64/inc/QANewBRepNaming_Chamfer.hxx
+M QANewBRepNaming:privinclude:QANewBRepNaming_Chamfer.jxx /misc/dn61/LocalWOK/wok_entities/LOC/dev/CR0-OCCT691-7-CR0-OCCT691-occt-64/drv/QANewBRepNaming/QANewBRepNaming_Chamfer.jxx
+M QANewBRepNaming:privinclude:QANewBRepNaming_Chamfer.ixx /misc/dn61/LocalWOK/wok_entities/LOC/dev/CR0-OCCT691-7-CR0-OCCT691-occt-64/drv/QANewBRepNaming/QANewBRepNaming_Chamfer.ixx
+M QANewBRepNaming:pubinclude:QANewBRepNaming_ImportShape.hxx /misc/dn61/LocalWOK/wok_entities/LOC/dev/CR0-OCCT691-7-CR0-OCCT691-occt-64/inc/QANewBRepNaming_ImportShape.hxx
+M QANewBRepNaming:privinclude:QANewBRepNaming_ImportShape.jxx /misc/dn61/LocalWOK/wok_entities/LOC/dev/CR0-OCCT691-7-CR0-OCCT691-occt-64/drv/QANewBRepNaming/QANewBRepNaming_ImportShape.jxx
+M QANewBRepNaming:privinclude:QANewBRepNaming_ImportShape.ixx /misc/dn61/LocalWOK/wok_entities/LOC/dev/CR0-OCCT691-7-CR0-OCCT691-occt-64/drv/QANewBRepNaming/QANewBRepNaming_ImportShape.ixx
+M QANewBRepNaming:pubinclude:QANewBRepNaming_Gluing.hxx /misc/dn61/LocalWOK/wok_entities/LOC/dev/CR0-OCCT691-7-CR0-OCCT691-occt-64/inc/QANewBRepNaming_Gluing.hxx
+M QANewBRepNaming:privinclude:QANewBRepNaming_Gluing.jxx /misc/dn61/LocalWOK/wok_entities/LOC/dev/CR0-OCCT691-7-CR0-OCCT691-occt-64/drv/QANewBRepNaming/QANewBRepNaming_Gluing.jxx
+M QANewBRepNaming:privinclude:QANewBRepNaming_Gluing.ixx /misc/dn61/LocalWOK/wok_entities/LOC/dev/CR0-OCCT691-7-CR0-OCCT691-occt-64/drv/QANewBRepNaming/QANewBRepNaming_Gluing.ixx
+M QANewBRepNaming:pubinclude:QANewBRepNaming_Intersection.hxx /misc/dn61/LocalWOK/wok_entities/LOC/dev/CR0-OCCT691-7-CR0-OCCT691-occt-64/inc/QANewBRepNaming_Intersection.hxx
+M QANewBRepNaming:privinclude:QANewBRepNaming_Intersection.jxx /misc/dn61/LocalWOK/wok_entities/LOC/dev/CR0-OCCT691-7-CR0-OCCT691-occt-64/drv/QANewBRepNaming/QANewBRepNaming_Intersection.jxx
+M QANewBRepNaming:privinclude:QANewBRepNaming_Intersection.ixx /misc/dn61/LocalWOK/wok_entities/LOC/dev/CR0-OCCT691-7-CR0-OCCT691-occt-64/drv/QANewBRepNaming/QANewBRepNaming_Intersection.ixx
+M QANewBRepNaming:pubinclude:QANewBRepNaming_Limitation.hxx /misc/dn61/LocalWOK/wok_entities/LOC/dev/CR0-OCCT691-7-CR0-OCCT691-occt-64/inc/QANewBRepNaming_Limitation.hxx
+M QANewBRepNaming:privinclude:QANewBRepNaming_Limitation.jxx /misc/dn61/LocalWOK/wok_entities/LOC/dev/CR0-OCCT691-7-CR0-OCCT691-occt-64/drv/QANewBRepNaming/QANewBRepNaming_Limitation.jxx
+M QANewBRepNaming:privinclude:QANewBRepNaming_Limitation.ixx /misc/dn61/LocalWOK/wok_entities/LOC/dev/CR0-OCCT691-7-CR0-OCCT691-occt-64/drv/QANewBRepNaming/QANewBRepNaming_Limitation.ixx
+M QANewBRepNaming:pubinclude:QANewBRepNaming_TypeOfPrimitive3D.hxx /misc/dn61/LocalWOK/wok_entities/LOC/dev/CR0-OCCT691-7-CR0-OCCT691-occt-64/inc/QANewBRepNaming_TypeOfPrimitive3D.hxx
+M QANewBRepNaming:dbadmfile:QANewBRepNaming_xcpp_header.In /misc/dn61/LocalWOK/wok_entities/LOC/dev/CR0-OCCT691-7-CR0-OCCT691-occt-64/drv/QANewBRepNaming/.adm/QANewBRepNaming_xcpp_header.In
+M QANewBRepNaming:dbadmfile:QANewBRepNaming_xcpp_header.Out /misc/dn61/LocalWOK/wok_entities/LOC/dev/CR0-OCCT691-7-CR0-OCCT691-occt-64/drv/QANewBRepNaming/.adm/QANewBRepNaming_xcpp_header.Out
+M QANewBRepNaming:dbadmfile:QANewBRepNaming_xcpp_header.Dep /misc/dn61/LocalWOK/wok_entities/LOC/dev/CR0-OCCT691-7-CR0-OCCT691-occt-64/drv/QANewBRepNaming/.adm/QANewBRepNaming_xcpp_header.Dep
