+M ShapeAnalysis:pubinclude:ShapeAnalysis.hxx /misc/dn61/LocalWOK/wok_entities/LOC/dev/CR0-OCCT691-7-CR0-OCCT691-occt-64/inc/ShapeAnalysis.hxx
+M ShapeAnalysis:privinclude:ShapeAnalysis.jxx /misc/dn61/LocalWOK/wok_entities/LOC/dev/CR0-OCCT691-7-CR0-OCCT691-occt-64/drv/ShapeAnalysis/ShapeAnalysis.jxx
+M ShapeAnalysis:privinclude:ShapeAnalysis.ixx /misc/dn61/LocalWOK/wok_entities/LOC/dev/CR0-OCCT691-7-CR0-OCCT691-occt-64/drv/ShapeAnalysis/ShapeAnalysis.ixx
+M ShapeAnalysis:pubinclude:ShapeAnalysis_Geom.hxx /misc/dn61/LocalWOK/wok_entities/LOC/dev/CR0-OCCT691-7-CR0-OCCT691-occt-64/inc/ShapeAnalysis_Geom.hxx
+M ShapeAnalysis:privinclude:ShapeAnalysis_Geom.jxx /misc/dn61/LocalWOK/wok_entities/LOC/dev/CR0-OCCT691-7-CR0-OCCT691-occt-64/drv/ShapeAnalysis/ShapeAnalysis_Geom.jxx
+M ShapeAnalysis:privinclude:ShapeAnalysis_Geom.ixx /misc/dn61/LocalWOK/wok_entities/LOC/dev/CR0-OCCT691-7-CR0-OCCT691-occt-64/drv/ShapeAnalysis/ShapeAnalysis_Geom.ixx
+M ShapeAnalysis:pubinclude:ShapeAnalysis_Curve.hxx /misc/dn61/LocalWOK/wok_entities/LOC/dev/CR0-OCCT691-7-CR0-OCCT691-occt-64/inc/ShapeAnalysis_Curve.hxx
+M ShapeAnalysis:privinclude:ShapeAnalysis_Curve.jxx /misc/dn61/LocalWOK/wok_entities/LOC/dev/CR0-OCCT691-7-CR0-OCCT691-occt-64/drv/ShapeAnalysis/ShapeAnalysis_Curve.jxx
+M ShapeAnalysis:privinclude:ShapeAnalysis_Curve.ixx /misc/dn61/LocalWOK/wok_entities/LOC/dev/CR0-OCCT691-7-CR0-OCCT691-occt-64/drv/ShapeAnalysis/ShapeAnalysis_Curve.ixx
+M ShapeAnalysis:pubinclude:Handle_ShapeAnalysis_Surface.hxx /misc/dn61/LocalWOK/wok_entities/LOC/dev/CR0-OCCT691-7-CR0-OCCT691-occt-64/inc/Handle_ShapeAnalysis_Surface.hxx
+M ShapeAnalysis:pubinclude:ShapeAnalysis_Surface.hxx /misc/dn61/LocalWOK/wok_entities/LOC/dev/CR0-OCCT691-7-CR0-OCCT691-occt-64/inc/ShapeAnalysis_Surface.hxx
+M ShapeAnalysis:privinclude:ShapeAnalysis_Surface.jxx /misc/dn61/LocalWOK/wok_entities/LOC/dev/CR0-OCCT691-7-CR0-OCCT691-occt-64/drv/ShapeAnalysis/ShapeAnalysis_Surface.jxx
+M ShapeAnalysis:privinclude:ShapeAnalysis_Surface.ixx /misc/dn61/LocalWOK/wok_entities/LOC/dev/CR0-OCCT691-7-CR0-OCCT691-occt-64/drv/ShapeAnalysis/ShapeAnalysis_Surface.ixx
+M ShapeAnalysis:pubinclude:ShapeAnalysis_Edge.hxx /misc/dn61/LocalWOK/wok_entities/LOC/dev/CR0-OCCT691-7-CR0-OCCT691-occt-64/inc/ShapeAnalysis_Edge.hxx
+M ShapeAnalysis:privinclude:ShapeAnalysis_Edge.jxx /misc/dn61/LocalWOK/wok_entities/LOC/dev/CR0-OCCT691-7-CR0-OCCT691-occt-64/drv/ShapeAnalysis/ShapeAnalysis_Edge.jxx
+M ShapeAnalysis:privinclude:ShapeAnalysis_Edge.ixx /misc/dn61/LocalWOK/wok_entities/LOC/dev/CR0-OCCT691-7-CR0-OCCT691-occt-64/drv/ShapeAnalysis/ShapeAnalysis_Edge.ixx
+M ShapeAnalysis:pubinclude:Handle_ShapeAnalysis_Wire.hxx /misc/dn61/LocalWOK/wok_entities/LOC/dev/CR0-OCCT691-7-CR0-OCCT691-occt-64/inc/Handle_ShapeAnalysis_Wire.hxx
+M ShapeAnalysis:pubinclude:ShapeAnalysis_Wire.hxx /misc/dn61/LocalWOK/wok_entities/LOC/dev/CR0-OCCT691-7-CR0-OCCT691-occt-64/inc/ShapeAnalysis_Wire.hxx
+M ShapeAnalysis:privinclude:ShapeAnalysis_Wire.jxx /misc/dn61/LocalWOK/wok_entities/LOC/dev/CR0-OCCT691-7-CR0-OCCT691-occt-64/drv/ShapeAnalysis/ShapeAnalysis_Wire.jxx
+M ShapeAnalysis:privinclude:ShapeAnalysis_Wire.ixx /misc/dn61/LocalWOK/wok_entities/LOC/dev/CR0-OCCT691-7-CR0-OCCT691-occt-64/drv/ShapeAnalysis/ShapeAnalysis_Wire.ixx
+M ShapeAnalysis:pubinclude:ShapeAnalysis_WireOrder.hxx /misc/dn61/LocalWOK/wok_entities/LOC/dev/CR0-OCCT691-7-CR0-OCCT691-occt-64/inc/ShapeAnalysis_WireOrder.hxx
+M ShapeAnalysis:privinclude:ShapeAnalysis_WireOrder.jxx /misc/dn61/LocalWOK/wok_entities/LOC/dev/CR0-OCCT691-7-CR0-OCCT691-occt-64/drv/ShapeAnalysis/ShapeAnalysis_WireOrder.jxx
+M ShapeAnalysis:privinclude:ShapeAnalysis_WireOrder.ixx /misc/dn61/LocalWOK/wok_entities/LOC/dev/CR0-OCCT691-7-CR0-OCCT691-occt-64/drv/ShapeAnalysis/ShapeAnalysis_WireOrder.ixx
+M ShapeAnalysis:pubinclude:ShapeAnalysis_WireVertex.hxx /misc/dn61/LocalWOK/wok_entities/LOC/dev/CR0-OCCT691-7-CR0-OCCT691-occt-64/inc/ShapeAnalysis_WireVertex.hxx
+M ShapeAnalysis:privinclude:ShapeAnalysis_WireVertex.jxx /misc/dn61/LocalWOK/wok_entities/LOC/dev/CR0-OCCT691-7-CR0-OCCT691-occt-64/drv/ShapeAnalysis/ShapeAnalysis_WireVertex.jxx
+M ShapeAnalysis:privinclude:ShapeAnalysis_WireVertex.ixx /misc/dn61/LocalWOK/wok_entities/LOC/dev/CR0-OCCT691-7-CR0-OCCT691-occt-64/drv/ShapeAnalysis/ShapeAnalysis_WireVertex.ixx
+M ShapeAnalysis:pubinclude:ShapeAnalysis_CheckSmallFace.hxx /misc/dn61/LocalWOK/wok_entities/LOC/dev/CR0-OCCT691-7-CR0-OCCT691-occt-64/inc/ShapeAnalysis_CheckSmallFace.hxx
+M ShapeAnalysis:privinclude:ShapeAnalysis_CheckSmallFace.jxx /misc/dn61/LocalWOK/wok_entities/LOC/dev/CR0-OCCT691-7-CR0-OCCT691-occt-64/drv/ShapeAnalysis/ShapeAnalysis_CheckSmallFace.jxx
+M ShapeAnalysis:privinclude:ShapeAnalysis_CheckSmallFace.ixx /misc/dn61/LocalWOK/wok_entities/LOC/dev/CR0-OCCT691-7-CR0-OCCT691-occt-64/drv/ShapeAnalysis/ShapeAnalysis_CheckSmallFace.ixx
+M ShapeAnalysis:pubinclude:ShapeAnalysis_Shell.hxx /misc/dn61/LocalWOK/wok_entities/LOC/dev/CR0-OCCT691-7-CR0-OCCT691-occt-64/inc/ShapeAnalysis_Shell.hxx
+M ShapeAnalysis:privinclude:ShapeAnalysis_Shell.jxx /misc/dn61/LocalWOK/wok_entities/LOC/dev/CR0-OCCT691-7-CR0-OCCT691-occt-64/drv/ShapeAnalysis/ShapeAnalysis_Shell.jxx
+M ShapeAnalysis:privinclude:ShapeAnalysis_Shell.ixx /misc/dn61/LocalWOK/wok_entities/LOC/dev/CR0-OCCT691-7-CR0-OCCT691-occt-64/drv/ShapeAnalysis/ShapeAnalysis_Shell.ixx
+M ShapeAnalysis:pubinclude:ShapeAnalysis_ShapeTolerance.hxx /misc/dn61/LocalWOK/wok_entities/LOC/dev/CR0-OCCT691-7-CR0-OCCT691-occt-64/inc/ShapeAnalysis_ShapeTolerance.hxx
+M ShapeAnalysis:privinclude:ShapeAnalysis_ShapeTolerance.jxx /misc/dn61/LocalWOK/wok_entities/LOC/dev/CR0-OCCT691-7-CR0-OCCT691-occt-64/drv/ShapeAnalysis/ShapeAnalysis_ShapeTolerance.jxx
+M ShapeAnalysis:privinclude:ShapeAnalysis_ShapeTolerance.ixx /misc/dn61/LocalWOK/wok_entities/LOC/dev/CR0-OCCT691-7-CR0-OCCT691-occt-64/drv/ShapeAnalysis/ShapeAnalysis_ShapeTolerance.ixx
+M ShapeAnalysis:pubinclude:ShapeAnalysis_ShapeContents.hxx /misc/dn61/LocalWOK/wok_entities/LOC/dev/CR0-OCCT691-7-CR0-OCCT691-occt-64/inc/ShapeAnalysis_ShapeContents.hxx
+M ShapeAnalysis:privinclude:ShapeAnalysis_ShapeContents.jxx /misc/dn61/LocalWOK/wok_entities/LOC/dev/CR0-OCCT691-7-CR0-OCCT691-occt-64/drv/ShapeAnalysis/ShapeAnalysis_ShapeContents.jxx
+M ShapeAnalysis:privinclude:ShapeAnalysis_ShapeContents.ixx /misc/dn61/LocalWOK/wok_entities/LOC/dev/CR0-OCCT691-7-CR0-OCCT691-occt-64/drv/ShapeAnalysis/ShapeAnalysis_ShapeContents.ixx
+M ShapeAnalysis:pubinclude:ShapeAnalysis_FreeBounds.hxx /misc/dn61/LocalWOK/wok_entities/LOC/dev/CR0-OCCT691-7-CR0-OCCT691-occt-64/inc/ShapeAnalysis_FreeBounds.hxx
+M ShapeAnalysis:privinclude:ShapeAnalysis_FreeBounds.jxx /misc/dn61/LocalWOK/wok_entities/LOC/dev/CR0-OCCT691-7-CR0-OCCT691-occt-64/drv/ShapeAnalysis/ShapeAnalysis_FreeBounds.jxx
+M ShapeAnalysis:privinclude:ShapeAnalysis_FreeBounds.ixx /misc/dn61/LocalWOK/wok_entities/LOC/dev/CR0-OCCT691-7-CR0-OCCT691-occt-64/drv/ShapeAnalysis/ShapeAnalysis_FreeBounds.ixx
+M ShapeAnalysis:pubinclude:Handle_ShapeAnalysis_FreeBoundData.hxx /misc/dn61/LocalWOK/wok_entities/LOC/dev/CR0-OCCT691-7-CR0-OCCT691-occt-64/inc/Handle_ShapeAnalysis_FreeBoundData.hxx
+M ShapeAnalysis:pubinclude:ShapeAnalysis_FreeBoundData.hxx /misc/dn61/LocalWOK/wok_entities/LOC/dev/CR0-OCCT691-7-CR0-OCCT691-occt-64/inc/ShapeAnalysis_FreeBoundData.hxx
+M ShapeAnalysis:privinclude:ShapeAnalysis_FreeBoundData.jxx /misc/dn61/LocalWOK/wok_entities/LOC/dev/CR0-OCCT691-7-CR0-OCCT691-occt-64/drv/ShapeAnalysis/ShapeAnalysis_FreeBoundData.jxx
+M ShapeAnalysis:privinclude:ShapeAnalysis_FreeBoundData.ixx /misc/dn61/LocalWOK/wok_entities/LOC/dev/CR0-OCCT691-7-CR0-OCCT691-occt-64/drv/ShapeAnalysis/ShapeAnalysis_FreeBoundData.ixx
+M ShapeAnalysis:pubinclude:ShapeAnalysis_FreeBoundsProperties.hxx /misc/dn61/LocalWOK/wok_entities/LOC/dev/CR0-OCCT691-7-CR0-OCCT691-occt-64/inc/ShapeAnalysis_FreeBoundsProperties.hxx
+M ShapeAnalysis:privinclude:ShapeAnalysis_FreeBoundsProperties.jxx /misc/dn61/LocalWOK/wok_entities/LOC/dev/CR0-OCCT691-7-CR0-OCCT691-occt-64/drv/ShapeAnalysis/ShapeAnalysis_FreeBoundsProperties.jxx
+M ShapeAnalysis:privinclude:ShapeAnalysis_FreeBoundsProperties.ixx /misc/dn61/LocalWOK/wok_entities/LOC/dev/CR0-OCCT691-7-CR0-OCCT691-occt-64/drv/ShapeAnalysis/ShapeAnalysis_FreeBoundsProperties.ixx
+M ShapeAnalysis:pubinclude:Handle_ShapeAnalysis_TransferParameters.hxx /misc/dn61/LocalWOK/wok_entities/LOC/dev/CR0-OCCT691-7-CR0-OCCT691-occt-64/inc/Handle_ShapeAnalysis_TransferParameters.hxx
+M ShapeAnalysis:pubinclude:ShapeAnalysis_TransferParameters.hxx /misc/dn61/LocalWOK/wok_entities/LOC/dev/CR0-OCCT691-7-CR0-OCCT691-occt-64/inc/ShapeAnalysis_TransferParameters.hxx
+M ShapeAnalysis:privinclude:ShapeAnalysis_TransferParameters.jxx /misc/dn61/LocalWOK/wok_entities/LOC/dev/CR0-OCCT691-7-CR0-OCCT691-occt-64/drv/ShapeAnalysis/ShapeAnalysis_TransferParameters.jxx
+M ShapeAnalysis:privinclude:ShapeAnalysis_TransferParameters.ixx /misc/dn61/LocalWOK/wok_entities/LOC/dev/CR0-OCCT691-7-CR0-OCCT691-occt-64/drv/ShapeAnalysis/ShapeAnalysis_TransferParameters.ixx
+M ShapeAnalysis:pubinclude:Handle_ShapeAnalysis_TransferParametersProj.hxx /misc/dn61/LocalWOK/wok_entities/LOC/dev/CR0-OCCT691-7-CR0-OCCT691-occt-64/inc/Handle_ShapeAnalysis_TransferParametersProj.hxx
+M ShapeAnalysis:pubinclude:ShapeAnalysis_TransferParametersProj.hxx /misc/dn61/LocalWOK/wok_entities/LOC/dev/CR0-OCCT691-7-CR0-OCCT691-occt-64/inc/ShapeAnalysis_TransferParametersProj.hxx
+M ShapeAnalysis:privinclude:ShapeAnalysis_TransferParametersProj.jxx /misc/dn61/LocalWOK/wok_entities/LOC/dev/CR0-OCCT691-7-CR0-OCCT691-occt-64/drv/ShapeAnalysis/ShapeAnalysis_TransferParametersProj.jxx
+M ShapeAnalysis:privinclude:ShapeAnalysis_TransferParametersProj.ixx /misc/dn61/LocalWOK/wok_entities/LOC/dev/CR0-OCCT691-7-CR0-OCCT691-occt-64/drv/ShapeAnalysis/ShapeAnalysis_TransferParametersProj.ixx
+M ShapeAnalysis:pubinclude:ShapeAnalysis_SequenceOfFreeBounds.hxx /misc/dn61/LocalWOK/wok_entities/LOC/dev/CR0-OCCT691-7-CR0-OCCT691-occt-64/inc/ShapeAnalysis_SequenceOfFreeBounds.hxx
+M ShapeAnalysis:derivated:ShapeAnalysis_SequenceOfFreeBounds_0.cxx /misc/dn61/LocalWOK/wok_entities/LOC/dev/CR0-OCCT691-7-CR0-OCCT691-occt-64/drv/ShapeAnalysis/ShapeAnalysis_SequenceOfFreeBounds_0.cxx
+M ShapeAnalysis:pubinclude:Handle_ShapeAnalysis_HSequenceOfFreeBounds.hxx /misc/dn61/LocalWOK/wok_entities/LOC/dev/CR0-OCCT691-7-CR0-OCCT691-occt-64/inc/Handle_ShapeAnalysis_HSequenceOfFreeBounds.hxx
+M ShapeAnalysis:pubinclude:ShapeAnalysis_HSequenceOfFreeBounds.hxx /misc/dn61/LocalWOK/wok_entities/LOC/dev/CR0-OCCT691-7-CR0-OCCT691-occt-64/inc/ShapeAnalysis_HSequenceOfFreeBounds.hxx
+M ShapeAnalysis:derivated:ShapeAnalysis_HSequenceOfFreeBounds_0.cxx /misc/dn61/LocalWOK/wok_entities/LOC/dev/CR0-OCCT691-7-CR0-OCCT691-occt-64/drv/ShapeAnalysis/ShapeAnalysis_HSequenceOfFreeBounds_0.cxx
+M ShapeAnalysis:pubinclude:ShapeAnalysis_DataMapOfShapeListOfReal.hxx /misc/dn61/LocalWOK/wok_entities/LOC/dev/CR0-OCCT691-7-CR0-OCCT691-occt-64/inc/ShapeAnalysis_DataMapOfShapeListOfReal.hxx
+M ShapeAnalysis:derivated:ShapeAnalysis_DataMapOfShapeListOfReal_0.cxx /misc/dn61/LocalWOK/wok_entities/LOC/dev/CR0-OCCT691-7-CR0-OCCT691-occt-64/drv/ShapeAnalysis/ShapeAnalysis_DataMapOfShapeListOfReal_0.cxx
+M ShapeAnalysis:pubinclude:Handle_ShapeAnalysis_SequenceNodeOfSequenceOfFreeBounds.hxx /misc/dn61/LocalWOK/wok_entities/LOC/dev/CR0-OCCT691-7-CR0-OCCT691-occt-64/inc/Handle_ShapeAnalysis_SequenceNodeOfSequenceOfFreeBounds.hxx
+M ShapeAnalysis:pubinclude:ShapeAnalysis_SequenceNodeOfSequenceOfFreeBounds.hxx /misc/dn61/LocalWOK/wok_entities/LOC/dev/CR0-OCCT691-7-CR0-OCCT691-occt-64/inc/ShapeAnalysis_SequenceNodeOfSequenceOfFreeBounds.hxx
+M ShapeAnalysis:derivated:ShapeAnalysis_SequenceNodeOfSequenceOfFreeBounds_0.cxx /misc/dn61/LocalWOK/wok_entities/LOC/dev/CR0-OCCT691-7-CR0-OCCT691-occt-64/drv/ShapeAnalysis/ShapeAnalysis_SequenceNodeOfSequenceOfFreeBounds_0.cxx
+M ShapeAnalysis:pubinclude:Handle_ShapeAnalysis_DataMapNodeOfDataMapOfShapeListOfReal.hxx /misc/dn61/LocalWOK/wok_entities/LOC/dev/CR0-OCCT691-7-CR0-OCCT691-occt-64/inc/Handle_ShapeAnalysis_DataMapNodeOfDataMapOfShapeListOfReal.hxx
+M ShapeAnalysis:pubinclude:ShapeAnalysis_DataMapNodeOfDataMapOfShapeListOfReal.hxx /misc/dn61/LocalWOK/wok_entities/LOC/dev/CR0-OCCT691-7-CR0-OCCT691-occt-64/inc/ShapeAnalysis_DataMapNodeOfDataMapOfShapeListOfReal.hxx
+M ShapeAnalysis:derivated:ShapeAnalysis_DataMapNodeOfDataMapOfShapeListOfReal_0.cxx /misc/dn61/LocalWOK/wok_entities/LOC/dev/CR0-OCCT691-7-CR0-OCCT691-occt-64/drv/ShapeAnalysis/ShapeAnalysis_DataMapNodeOfDataMapOfShapeListOfReal_0.cxx
+M ShapeAnalysis:pubinclude:ShapeAnalysis_DataMapIteratorOfDataMapOfShapeListOfReal.hxx /misc/dn61/LocalWOK/wok_entities/LOC/dev/CR0-OCCT691-7-CR0-OCCT691-occt-64/inc/ShapeAnalysis_DataMapIteratorOfDataMapOfShapeListOfReal.hxx
+M ShapeAnalysis:derivated:ShapeAnalysis_DataMapIteratorOfDataMapOfShapeListOfReal_0.cxx /misc/dn61/LocalWOK/wok_entities/LOC/dev/CR0-OCCT691-7-CR0-OCCT691-occt-64/drv/ShapeAnalysis/ShapeAnalysis_DataMapIteratorOfDataMapOfShapeListOfReal_0.cxx
+M ShapeAnalysis:dbadmfile:ShapeAnalysis_xcpp_header.In /misc/dn61/LocalWOK/wok_entities/LOC/dev/CR0-OCCT691-7-CR0-OCCT691-occt-64/drv/ShapeAnalysis/.adm/ShapeAnalysis_xcpp_header.In
+M ShapeAnalysis:dbadmfile:ShapeAnalysis_xcpp_header.Out /misc/dn61/LocalWOK/wok_entities/LOC/dev/CR0-OCCT691-7-CR0-OCCT691-occt-64/drv/ShapeAnalysis/.adm/ShapeAnalysis_xcpp_header.Out
+M ShapeAnalysis:dbadmfile:ShapeAnalysis_xcpp_header.Dep /misc/dn61/LocalWOK/wok_entities/LOC/dev/CR0-OCCT691-7-CR0-OCCT691-occt-64/drv/ShapeAnalysis/.adm/ShapeAnalysis_xcpp_header.Dep
