+M BRepBlend:pubinclude:BRepBlend_PointOnRst.hxx /misc/dn61/LocalWOK/wok_entities/LOC/dev/CR0-OCCT691-7-CR0-OCCT691-occt-64/inc/BRepBlend_PointOnRst.hxx
+M BRepBlend:privinclude:BRepBlend_PointOnRst.jxx /misc/dn61/LocalWOK/wok_entities/LOC/dev/CR0-OCCT691-7-CR0-OCCT691-occt-64/drv/BRepBlend/BRepBlend_PointOnRst.jxx
+M BRepBlend:privinclude:BRepBlend_PointOnRst.ixx /misc/dn61/LocalWOK/wok_entities/LOC/dev/CR0-OCCT691-7-CR0-OCCT691-occt-64/drv/BRepBlend/BRepBlend_PointOnRst.ixx
+M BRepBlend:pubinclude:BRepBlend_Extremity.hxx /misc/dn61/LocalWOK/wok_entities/LOC/dev/CR0-OCCT691-7-CR0-OCCT691-occt-64/inc/BRepBlend_Extremity.hxx
+M BRepBlend:privinclude:BRepBlend_Extremity.jxx /misc/dn61/LocalWOK/wok_entities/LOC/dev/CR0-OCCT691-7-CR0-OCCT691-occt-64/drv/BRepBlend/BRepBlend_Extremity.jxx
+M BRepBlend:privinclude:BRepBlend_Extremity.ixx /misc/dn61/LocalWOK/wok_entities/LOC/dev/CR0-OCCT691-7-CR0-OCCT691-occt-64/drv/BRepBlend/BRepBlend_Extremity.ixx
+M BRepBlend:pubinclude:Handle_BRepBlend_Line.hxx /misc/dn61/LocalWOK/wok_entities/LOC/dev/CR0-OCCT691-7-CR0-OCCT691-occt-64/inc/Handle_BRepBlend_Line.hxx
+M BRepBlend:pubinclude:BRepBlend_Line.hxx /misc/dn61/LocalWOK/wok_entities/LOC/dev/CR0-OCCT691-7-CR0-OCCT691-occt-64/inc/BRepBlend_Line.hxx
+M BRepBlend:privinclude:BRepBlend_Line.jxx /misc/dn61/LocalWOK/wok_entities/LOC/dev/CR0-OCCT691-7-CR0-OCCT691-occt-64/drv/BRepBlend/BRepBlend_Line.jxx
+M BRepBlend:privinclude:BRepBlend_Line.ixx /misc/dn61/LocalWOK/wok_entities/LOC/dev/CR0-OCCT691-7-CR0-OCCT691-occt-64/drv/BRepBlend/BRepBlend_Line.ixx
+M BRepBlend:pubinclude:BRepBlend_HCurveTool.hxx /misc/dn61/LocalWOK/wok_entities/LOC/dev/CR0-OCCT691-7-CR0-OCCT691-occt-64/inc/BRepBlend_HCurveTool.hxx
+M BRepBlend:privinclude:BRepBlend_HCurveTool.jxx /misc/dn61/LocalWOK/wok_entities/LOC/dev/CR0-OCCT691-7-CR0-OCCT691-occt-64/drv/BRepBlend/BRepBlend_HCurveTool.jxx
+M BRepBlend:privinclude:BRepBlend_HCurveTool.ixx /misc/dn61/LocalWOK/wok_entities/LOC/dev/CR0-OCCT691-7-CR0-OCCT691-occt-64/drv/BRepBlend/BRepBlend_HCurveTool.ixx
+M BRepBlend:pubinclude:BRepBlend_HCurve2dTool.hxx /misc/dn61/LocalWOK/wok_entities/LOC/dev/CR0-OCCT691-7-CR0-OCCT691-occt-64/inc/BRepBlend_HCurve2dTool.hxx
+M BRepBlend:privinclude:BRepBlend_HCurve2dTool.jxx /misc/dn61/LocalWOK/wok_entities/LOC/dev/CR0-OCCT691-7-CR0-OCCT691-occt-64/drv/BRepBlend/BRepBlend_HCurve2dTool.jxx
+M BRepBlend:privinclude:BRepBlend_HCurve2dTool.ixx /misc/dn61/LocalWOK/wok_entities/LOC/dev/CR0-OCCT691-7-CR0-OCCT691-occt-64/drv/BRepBlend/BRepBlend_HCurve2dTool.ixx
+M BRepBlend:pubinclude:BRepBlend_BlendTool.hxx /misc/dn61/LocalWOK/wok_entities/LOC/dev/CR0-OCCT691-7-CR0-OCCT691-occt-64/inc/BRepBlend_BlendTool.hxx
+M BRepBlend:privinclude:BRepBlend_BlendTool.jxx /misc/dn61/LocalWOK/wok_entities/LOC/dev/CR0-OCCT691-7-CR0-OCCT691-occt-64/drv/BRepBlend/BRepBlend_BlendTool.jxx
+M BRepBlend:privinclude:BRepBlend_BlendTool.ixx /misc/dn61/LocalWOK/wok_entities/LOC/dev/CR0-OCCT691-7-CR0-OCCT691-occt-64/drv/BRepBlend/BRepBlend_BlendTool.ixx
+M BRepBlend:pubinclude:BRepBlend_SequenceOfPointOnRst.hxx /misc/dn61/LocalWOK/wok_entities/LOC/dev/CR0-OCCT691-7-CR0-OCCT691-occt-64/inc/BRepBlend_SequenceOfPointOnRst.hxx
+M BRepBlend:derivated:BRepBlend_SequenceOfPointOnRst_0.cxx /misc/dn61/LocalWOK/wok_entities/LOC/dev/CR0-OCCT691-7-CR0-OCCT691-occt-64/drv/BRepBlend/BRepBlend_SequenceOfPointOnRst_0.cxx
+M BRepBlend:pubinclude:BRepBlend_Walking.hxx /misc/dn61/LocalWOK/wok_entities/LOC/dev/CR0-OCCT691-7-CR0-OCCT691-occt-64/inc/BRepBlend_Walking.hxx
+M BRepBlend:derivated:BRepBlend_Walking_0.cxx /misc/dn61/LocalWOK/wok_entities/LOC/dev/CR0-OCCT691-7-CR0-OCCT691-occt-64/drv/BRepBlend/BRepBlend_Walking_0.cxx
+M BRepBlend:pubinclude:BRepBlend_CSWalking.hxx /misc/dn61/LocalWOK/wok_entities/LOC/dev/CR0-OCCT691-7-CR0-OCCT691-occt-64/inc/BRepBlend_CSWalking.hxx
+M BRepBlend:derivated:BRepBlend_CSWalking_0.cxx /misc/dn61/LocalWOK/wok_entities/LOC/dev/CR0-OCCT691-7-CR0-OCCT691-occt-64/drv/BRepBlend/BRepBlend_CSWalking_0.cxx
+M BRepBlend:pubinclude:BRepBlend_AppSurf.hxx /misc/dn61/LocalWOK/wok_entities/LOC/dev/CR0-OCCT691-7-CR0-OCCT691-occt-64/inc/BRepBlend_AppSurf.hxx
+M BRepBlend:derivated:BRepBlend_AppSurf_0.cxx /misc/dn61/LocalWOK/wok_entities/LOC/dev/CR0-OCCT691-7-CR0-OCCT691-occt-64/drv/BRepBlend/BRepBlend_AppSurf_0.cxx
+M BRepBlend:pubinclude:BRepBlend_SequenceOfLine.hxx /misc/dn61/LocalWOK/wok_entities/LOC/dev/CR0-OCCT691-7-CR0-OCCT691-occt-64/inc/BRepBlend_SequenceOfLine.hxx
+M BRepBlend:derivated:BRepBlend_SequenceOfLine_0.cxx /misc/dn61/LocalWOK/wok_entities/LOC/dev/CR0-OCCT691-7-CR0-OCCT691-occt-64/drv/BRepBlend/BRepBlend_SequenceOfLine_0.cxx
+M BRepBlend:pubinclude:BRepBlend_AppSurface.hxx /misc/dn61/LocalWOK/wok_entities/LOC/dev/CR0-OCCT691-7-CR0-OCCT691-occt-64/inc/BRepBlend_AppSurface.hxx
+M BRepBlend:privinclude:BRepBlend_AppSurface.jxx /misc/dn61/LocalWOK/wok_entities/LOC/dev/CR0-OCCT691-7-CR0-OCCT691-occt-64/drv/BRepBlend/BRepBlend_AppSurface.jxx
+M BRepBlend:privinclude:BRepBlend_AppSurface.ixx /misc/dn61/LocalWOK/wok_entities/LOC/dev/CR0-OCCT691-7-CR0-OCCT691-occt-64/drv/BRepBlend/BRepBlend_AppSurface.ixx
+M BRepBlend:pubinclude:Handle_BRepBlend_AppFuncRoot.hxx /misc/dn61/LocalWOK/wok_entities/LOC/dev/CR0-OCCT691-7-CR0-OCCT691-occt-64/inc/Handle_BRepBlend_AppFuncRoot.hxx
+M BRepBlend:pubinclude:BRepBlend_AppFuncRoot.hxx /misc/dn61/LocalWOK/wok_entities/LOC/dev/CR0-OCCT691-7-CR0-OCCT691-occt-64/inc/BRepBlend_AppFuncRoot.hxx
+M BRepBlend:privinclude:BRepBlend_AppFuncRoot.jxx /misc/dn61/LocalWOK/wok_entities/LOC/dev/CR0-OCCT691-7-CR0-OCCT691-occt-64/drv/BRepBlend/BRepBlend_AppFuncRoot.jxx
+M BRepBlend:privinclude:BRepBlend_AppFuncRoot.ixx /misc/dn61/LocalWOK/wok_entities/LOC/dev/CR0-OCCT691-7-CR0-OCCT691-occt-64/drv/BRepBlend/BRepBlend_AppFuncRoot.ixx
+M BRepBlend:pubinclude:Handle_BRepBlend_AppFunc.hxx /misc/dn61/LocalWOK/wok_entities/LOC/dev/CR0-OCCT691-7-CR0-OCCT691-occt-64/inc/Handle_BRepBlend_AppFunc.hxx
+M BRepBlend:pubinclude:BRepBlend_AppFunc.hxx /misc/dn61/LocalWOK/wok_entities/LOC/dev/CR0-OCCT691-7-CR0-OCCT691-occt-64/inc/BRepBlend_AppFunc.hxx
+M BRepBlend:privinclude:BRepBlend_AppFunc.jxx /misc/dn61/LocalWOK/wok_entities/LOC/dev/CR0-OCCT691-7-CR0-OCCT691-occt-64/drv/BRepBlend/BRepBlend_AppFunc.jxx
+M BRepBlend:privinclude:BRepBlend_AppFunc.ixx /misc/dn61/LocalWOK/wok_entities/LOC/dev/CR0-OCCT691-7-CR0-OCCT691-occt-64/drv/BRepBlend/BRepBlend_AppFunc.ixx
+M BRepBlend:pubinclude:Handle_BRepBlend_AppFuncRst.hxx /misc/dn61/LocalWOK/wok_entities/LOC/dev/CR0-OCCT691-7-CR0-OCCT691-occt-64/inc/Handle_BRepBlend_AppFuncRst.hxx
+M BRepBlend:pubinclude:BRepBlend_AppFuncRst.hxx /misc/dn61/LocalWOK/wok_entities/LOC/dev/CR0-OCCT691-7-CR0-OCCT691-occt-64/inc/BRepBlend_AppFuncRst.hxx
+M BRepBlend:privinclude:BRepBlend_AppFuncRst.jxx /misc/dn61/LocalWOK/wok_entities/LOC/dev/CR0-OCCT691-7-CR0-OCCT691-occt-64/drv/BRepBlend/BRepBlend_AppFuncRst.jxx
+M BRepBlend:privinclude:BRepBlend_AppFuncRst.ixx /misc/dn61/LocalWOK/wok_entities/LOC/dev/CR0-OCCT691-7-CR0-OCCT691-occt-64/drv/BRepBlend/BRepBlend_AppFuncRst.ixx
+M BRepBlend:pubinclude:Handle_BRepBlend_AppFuncRstRst.hxx /misc/dn61/LocalWOK/wok_entities/LOC/dev/CR0-OCCT691-7-CR0-OCCT691-occt-64/inc/Handle_BRepBlend_AppFuncRstRst.hxx
+M BRepBlend:pubinclude:BRepBlend_AppFuncRstRst.hxx /misc/dn61/LocalWOK/wok_entities/LOC/dev/CR0-OCCT691-7-CR0-OCCT691-occt-64/inc/BRepBlend_AppFuncRstRst.hxx
+M BRepBlend:privinclude:BRepBlend_AppFuncRstRst.jxx /misc/dn61/LocalWOK/wok_entities/LOC/dev/CR0-OCCT691-7-CR0-OCCT691-occt-64/drv/BRepBlend/BRepBlend_AppFuncRstRst.jxx
+M BRepBlend:privinclude:BRepBlend_AppFuncRstRst.ixx /misc/dn61/LocalWOK/wok_entities/LOC/dev/CR0-OCCT691-7-CR0-OCCT691-occt-64/drv/BRepBlend/BRepBlend_AppFuncRstRst.ixx
+M BRepBlend:pubinclude:BRepBlend_SurfRstEvolRad.hxx /misc/dn61/LocalWOK/wok_entities/LOC/dev/CR0-OCCT691-7-CR0-OCCT691-occt-64/inc/BRepBlend_SurfRstEvolRad.hxx
+M BRepBlend:privinclude:BRepBlend_SurfRstEvolRad.jxx /misc/dn61/LocalWOK/wok_entities/LOC/dev/CR0-OCCT691-7-CR0-OCCT691-occt-64/drv/BRepBlend/BRepBlend_SurfRstEvolRad.jxx
+M BRepBlend:privinclude:BRepBlend_SurfRstEvolRad.ixx /misc/dn61/LocalWOK/wok_entities/LOC/dev/CR0-OCCT691-7-CR0-OCCT691-occt-64/drv/BRepBlend/BRepBlend_SurfRstEvolRad.ixx
+M BRepBlend:pubinclude:BRepBlend_SurfRstConstRad.hxx /misc/dn61/LocalWOK/wok_entities/LOC/dev/CR0-OCCT691-7-CR0-OCCT691-occt-64/inc/BRepBlend_SurfRstConstRad.hxx
+M BRepBlend:privinclude:BRepBlend_SurfRstConstRad.jxx /misc/dn61/LocalWOK/wok_entities/LOC/dev/CR0-OCCT691-7-CR0-OCCT691-occt-64/drv/BRepBlend/BRepBlend_SurfRstConstRad.jxx
+M BRepBlend:privinclude:BRepBlend_SurfRstConstRad.ixx /misc/dn61/LocalWOK/wok_entities/LOC/dev/CR0-OCCT691-7-CR0-OCCT691-occt-64/drv/BRepBlend/BRepBlend_SurfRstConstRad.ixx
+M BRepBlend:pubinclude:BRepBlend_RstRstEvolRad.hxx /misc/dn61/LocalWOK/wok_entities/LOC/dev/CR0-OCCT691-7-CR0-OCCT691-occt-64/inc/BRepBlend_RstRstEvolRad.hxx
+M BRepBlend:privinclude:BRepBlend_RstRstEvolRad.jxx /misc/dn61/LocalWOK/wok_entities/LOC/dev/CR0-OCCT691-7-CR0-OCCT691-occt-64/drv/BRepBlend/BRepBlend_RstRstEvolRad.jxx
+M BRepBlend:privinclude:BRepBlend_RstRstEvolRad.ixx /misc/dn61/LocalWOK/wok_entities/LOC/dev/CR0-OCCT691-7-CR0-OCCT691-occt-64/drv/BRepBlend/BRepBlend_RstRstEvolRad.ixx
+M BRepBlend:pubinclude:BRepBlend_RstRstConstRad.hxx /misc/dn61/LocalWOK/wok_entities/LOC/dev/CR0-OCCT691-7-CR0-OCCT691-occt-64/inc/BRepBlend_RstRstConstRad.hxx
+M BRepBlend:privinclude:BRepBlend_RstRstConstRad.jxx /misc/dn61/LocalWOK/wok_entities/LOC/dev/CR0-OCCT691-7-CR0-OCCT691-occt-64/drv/BRepBlend/BRepBlend_RstRstConstRad.jxx
+M BRepBlend:privinclude:BRepBlend_RstRstConstRad.ixx /misc/dn61/LocalWOK/wok_entities/LOC/dev/CR0-OCCT691-7-CR0-OCCT691-occt-64/drv/BRepBlend/BRepBlend_RstRstConstRad.ixx
+M BRepBlend:pubinclude:BRepBlend_SurfPointConstRadInv.hxx /misc/dn61/LocalWOK/wok_entities/LOC/dev/CR0-OCCT691-7-CR0-OCCT691-occt-64/inc/BRepBlend_SurfPointConstRadInv.hxx
+M BRepBlend:privinclude:BRepBlend_SurfPointConstRadInv.jxx /misc/dn61/LocalWOK/wok_entities/LOC/dev/CR0-OCCT691-7-CR0-OCCT691-occt-64/drv/BRepBlend/BRepBlend_SurfPointConstRadInv.jxx
+M BRepBlend:privinclude:BRepBlend_SurfPointConstRadInv.ixx /misc/dn61/LocalWOK/wok_entities/LOC/dev/CR0-OCCT691-7-CR0-OCCT691-occt-64/drv/BRepBlend/BRepBlend_SurfPointConstRadInv.ixx
+M BRepBlend:pubinclude:BRepBlend_SurfCurvConstRadInv.hxx /misc/dn61/LocalWOK/wok_entities/LOC/dev/CR0-OCCT691-7-CR0-OCCT691-occt-64/inc/BRepBlend_SurfCurvConstRadInv.hxx
+M BRepBlend:privinclude:BRepBlend_SurfCurvConstRadInv.jxx /misc/dn61/LocalWOK/wok_entities/LOC/dev/CR0-OCCT691-7-CR0-OCCT691-occt-64/drv/BRepBlend/BRepBlend_SurfCurvConstRadInv.jxx
+M BRepBlend:privinclude:BRepBlend_SurfCurvConstRadInv.ixx /misc/dn61/LocalWOK/wok_entities/LOC/dev/CR0-OCCT691-7-CR0-OCCT691-occt-64/drv/BRepBlend/BRepBlend_SurfCurvConstRadInv.ixx
+M BRepBlend:pubinclude:BRepBlend_SurfPointEvolRadInv.hxx /misc/dn61/LocalWOK/wok_entities/LOC/dev/CR0-OCCT691-7-CR0-OCCT691-occt-64/inc/BRepBlend_SurfPointEvolRadInv.hxx
+M BRepBlend:privinclude:BRepBlend_SurfPointEvolRadInv.jxx /misc/dn61/LocalWOK/wok_entities/LOC/dev/CR0-OCCT691-7-CR0-OCCT691-occt-64/drv/BRepBlend/BRepBlend_SurfPointEvolRadInv.jxx
+M BRepBlend:privinclude:BRepBlend_SurfPointEvolRadInv.ixx /misc/dn61/LocalWOK/wok_entities/LOC/dev/CR0-OCCT691-7-CR0-OCCT691-occt-64/drv/BRepBlend/BRepBlend_SurfPointEvolRadInv.ixx
+M BRepBlend:pubinclude:BRepBlend_CurvPointRadInv.hxx /misc/dn61/LocalWOK/wok_entities/LOC/dev/CR0-OCCT691-7-CR0-OCCT691-occt-64/inc/BRepBlend_CurvPointRadInv.hxx
+M BRepBlend:privinclude:BRepBlend_CurvPointRadInv.jxx /misc/dn61/LocalWOK/wok_entities/LOC/dev/CR0-OCCT691-7-CR0-OCCT691-occt-64/drv/BRepBlend/BRepBlend_CurvPointRadInv.jxx
+M BRepBlend:privinclude:BRepBlend_CurvPointRadInv.ixx /misc/dn61/LocalWOK/wok_entities/LOC/dev/CR0-OCCT691-7-CR0-OCCT691-occt-64/drv/BRepBlend/BRepBlend_CurvPointRadInv.ixx
+M BRepBlend:pubinclude:BRepBlend_SurfCurvEvolRadInv.hxx /misc/dn61/LocalWOK/wok_entities/LOC/dev/CR0-OCCT691-7-CR0-OCCT691-occt-64/inc/BRepBlend_SurfCurvEvolRadInv.hxx
+M BRepBlend:privinclude:BRepBlend_SurfCurvEvolRadInv.jxx /misc/dn61/LocalWOK/wok_entities/LOC/dev/CR0-OCCT691-7-CR0-OCCT691-occt-64/drv/BRepBlend/BRepBlend_SurfCurvEvolRadInv.jxx
+M BRepBlend:privinclude:BRepBlend_SurfCurvEvolRadInv.ixx /misc/dn61/LocalWOK/wok_entities/LOC/dev/CR0-OCCT691-7-CR0-OCCT691-occt-64/drv/BRepBlend/BRepBlend_SurfCurvEvolRadInv.ixx
+M BRepBlend:pubinclude:BRepBlend_SurfRstLineBuilder.hxx /misc/dn61/LocalWOK/wok_entities/LOC/dev/CR0-OCCT691-7-CR0-OCCT691-occt-64/inc/BRepBlend_SurfRstLineBuilder.hxx
+M BRepBlend:privinclude:BRepBlend_SurfRstLineBuilder.jxx /misc/dn61/LocalWOK/wok_entities/LOC/dev/CR0-OCCT691-7-CR0-OCCT691-occt-64/drv/BRepBlend/BRepBlend_SurfRstLineBuilder.jxx
+M BRepBlend:privinclude:BRepBlend_SurfRstLineBuilder.ixx /misc/dn61/LocalWOK/wok_entities/LOC/dev/CR0-OCCT691-7-CR0-OCCT691-occt-64/drv/BRepBlend/BRepBlend_SurfRstLineBuilder.ixx
+M BRepBlend:pubinclude:BRepBlend_RstRstLineBuilder.hxx /misc/dn61/LocalWOK/wok_entities/LOC/dev/CR0-OCCT691-7-CR0-OCCT691-occt-64/inc/BRepBlend_RstRstLineBuilder.hxx
+M BRepBlend:privinclude:BRepBlend_RstRstLineBuilder.jxx /misc/dn61/LocalWOK/wok_entities/LOC/dev/CR0-OCCT691-7-CR0-OCCT691-occt-64/drv/BRepBlend/BRepBlend_RstRstLineBuilder.jxx
+M BRepBlend:privinclude:BRepBlend_RstRstLineBuilder.ixx /misc/dn61/LocalWOK/wok_entities/LOC/dev/CR0-OCCT691-7-CR0-OCCT691-occt-64/drv/BRepBlend/BRepBlend_RstRstLineBuilder.ixx
+M BRepBlend:pubinclude:Handle_BRepBlend_SequenceNodeOfSequenceOfPointOnRst.hxx /misc/dn61/LocalWOK/wok_entities/LOC/dev/CR0-OCCT691-7-CR0-OCCT691-occt-64/inc/Handle_BRepBlend_SequenceNodeOfSequenceOfPointOnRst.hxx
+M BRepBlend:pubinclude:BRepBlend_SequenceNodeOfSequenceOfPointOnRst.hxx /misc/dn61/LocalWOK/wok_entities/LOC/dev/CR0-OCCT691-7-CR0-OCCT691-occt-64/inc/BRepBlend_SequenceNodeOfSequenceOfPointOnRst.hxx
+M BRepBlend:derivated:BRepBlend_SequenceNodeOfSequenceOfPointOnRst_0.cxx /misc/dn61/LocalWOK/wok_entities/LOC/dev/CR0-OCCT691-7-CR0-OCCT691-occt-64/drv/BRepBlend/BRepBlend_SequenceNodeOfSequenceOfPointOnRst_0.cxx
+M BRepBlend:pubinclude:Handle_BRepBlend_SequenceNodeOfSequenceOfLine.hxx /misc/dn61/LocalWOK/wok_entities/LOC/dev/CR0-OCCT691-7-CR0-OCCT691-occt-64/inc/Handle_BRepBlend_SequenceNodeOfSequenceOfLine.hxx
+M BRepBlend:pubinclude:BRepBlend_SequenceNodeOfSequenceOfLine.hxx /misc/dn61/LocalWOK/wok_entities/LOC/dev/CR0-OCCT691-7-CR0-OCCT691-occt-64/inc/BRepBlend_SequenceNodeOfSequenceOfLine.hxx
+M BRepBlend:derivated:BRepBlend_SequenceNodeOfSequenceOfLine_0.cxx /misc/dn61/LocalWOK/wok_entities/LOC/dev/CR0-OCCT691-7-CR0-OCCT691-occt-64/drv/BRepBlend/BRepBlend_SequenceNodeOfSequenceOfLine_0.cxx
+M BRepBlend:pubinclude:BRepBlend_ConstRad.hxx /misc/dn61/LocalWOK/wok_entities/LOC/dev/CR0-OCCT691-7-CR0-OCCT691-occt-64/inc/BRepBlend_ConstRad.hxx
+M BRepBlend:pubinclude:BRepBlend_ConstRadInv.hxx /misc/dn61/LocalWOK/wok_entities/LOC/dev/CR0-OCCT691-7-CR0-OCCT691-occt-64/inc/BRepBlend_ConstRadInv.hxx
+M BRepBlend:pubinclude:BRepBlend_Ruled.hxx /misc/dn61/LocalWOK/wok_entities/LOC/dev/CR0-OCCT691-7-CR0-OCCT691-occt-64/inc/BRepBlend_Ruled.hxx
+M BRepBlend:pubinclude:BRepBlend_RuledInv.hxx /misc/dn61/LocalWOK/wok_entities/LOC/dev/CR0-OCCT691-7-CR0-OCCT691-occt-64/inc/BRepBlend_RuledInv.hxx
+M BRepBlend:pubinclude:BRepBlend_EvolRad.hxx /misc/dn61/LocalWOK/wok_entities/LOC/dev/CR0-OCCT691-7-CR0-OCCT691-occt-64/inc/BRepBlend_EvolRad.hxx
+M BRepBlend:pubinclude:BRepBlend_EvolRadInv.hxx /misc/dn61/LocalWOK/wok_entities/LOC/dev/CR0-OCCT691-7-CR0-OCCT691-occt-64/inc/BRepBlend_EvolRadInv.hxx
+M BRepBlend:pubinclude:BRepBlend_CSConstRad.hxx /misc/dn61/LocalWOK/wok_entities/LOC/dev/CR0-OCCT691-7-CR0-OCCT691-occt-64/inc/BRepBlend_CSConstRad.hxx
+M BRepBlend:pubinclude:BRepBlend_CSCircular.hxx /misc/dn61/LocalWOK/wok_entities/LOC/dev/CR0-OCCT691-7-CR0-OCCT691-occt-64/inc/BRepBlend_CSCircular.hxx
+M BRepBlend:pubinclude:BRepBlend_Chamfer.hxx /misc/dn61/LocalWOK/wok_entities/LOC/dev/CR0-OCCT691-7-CR0-OCCT691-occt-64/inc/BRepBlend_Chamfer.hxx
+M BRepBlend:pubinclude:BRepBlend_ChamfInv.hxx /misc/dn61/LocalWOK/wok_entities/LOC/dev/CR0-OCCT691-7-CR0-OCCT691-occt-64/inc/BRepBlend_ChamfInv.hxx
+M BRepBlend:pubinclude:BRepBlend_ChAsym.hxx /misc/dn61/LocalWOK/wok_entities/LOC/dev/CR0-OCCT691-7-CR0-OCCT691-occt-64/inc/BRepBlend_ChAsym.hxx
+M BRepBlend:pubinclude:BRepBlend_ChAsymInv.hxx /misc/dn61/LocalWOK/wok_entities/LOC/dev/CR0-OCCT691-7-CR0-OCCT691-occt-64/inc/BRepBlend_ChAsymInv.hxx
+M BRepBlend:dbadmfile:BRepBlend_xcpp_header.In /misc/dn61/LocalWOK/wok_entities/LOC/dev/CR0-OCCT691-7-CR0-OCCT691-occt-64/drv/BRepBlend/.adm/BRepBlend_xcpp_header.In
+M BRepBlend:dbadmfile:BRepBlend_xcpp_header.Out /misc/dn61/LocalWOK/wok_entities/LOC/dev/CR0-OCCT691-7-CR0-OCCT691-occt-64/drv/BRepBlend/.adm/BRepBlend_xcpp_header.Out
+M BRepBlend:dbadmfile:BRepBlend_xcpp_header.Dep /misc/dn61/LocalWOK/wok_entities/LOC/dev/CR0-OCCT691-7-CR0-OCCT691-occt-64/drv/BRepBlend/.adm/BRepBlend_xcpp_header.Dep
