+M GCPnts:pubinclude:GCPnts_AbscissaPoint.hxx /misc/dn61/LocalWOK/wok_entities/LOC/dev/CR0-OCCT691-7-CR0-OCCT691-occt-64/inc/GCPnts_AbscissaPoint.hxx
+M GCPnts:privinclude:GCPnts_AbscissaPoint.jxx /misc/dn61/LocalWOK/wok_entities/LOC/dev/CR0-OCCT691-7-CR0-OCCT691-occt-64/drv/GCPnts/GCPnts_AbscissaPoint.jxx
+M GCPnts:privinclude:GCPnts_AbscissaPoint.ixx /misc/dn61/LocalWOK/wok_entities/LOC/dev/CR0-OCCT691-7-CR0-OCCT691-occt-64/drv/GCPnts/GCPnts_AbscissaPoint.ixx
+M GCPnts:pubinclude:GCPnts_UniformAbscissa.hxx /misc/dn61/LocalWOK/wok_entities/LOC/dev/CR0-OCCT691-7-CR0-OCCT691-occt-64/inc/GCPnts_UniformAbscissa.hxx
+M GCPnts:privinclude:GCPnts_UniformAbscissa.jxx /misc/dn61/LocalWOK/wok_entities/LOC/dev/CR0-OCCT691-7-CR0-OCCT691-occt-64/drv/GCPnts/GCPnts_UniformAbscissa.jxx
+M GCPnts:privinclude:GCPnts_UniformAbscissa.ixx /misc/dn61/LocalWOK/wok_entities/LOC/dev/CR0-OCCT691-7-CR0-OCCT691-occt-64/drv/GCPnts/GCPnts_UniformAbscissa.ixx
+M GCPnts:pubinclude:GCPnts_UniformDeflection.hxx /misc/dn61/LocalWOK/wok_entities/LOC/dev/CR0-OCCT691-7-CR0-OCCT691-occt-64/inc/GCPnts_UniformDeflection.hxx
+M GCPnts:privinclude:GCPnts_UniformDeflection.jxx /misc/dn61/LocalWOK/wok_entities/LOC/dev/CR0-OCCT691-7-CR0-OCCT691-occt-64/drv/GCPnts/GCPnts_UniformDeflection.jxx
+M GCPnts:privinclude:GCPnts_UniformDeflection.ixx /misc/dn61/LocalWOK/wok_entities/LOC/dev/CR0-OCCT691-7-CR0-OCCT691-occt-64/drv/GCPnts/GCPnts_UniformDeflection.ixx
+M GCPnts:pubinclude:GCPnts_QuasiUniformDeflection.hxx /misc/dn61/LocalWOK/wok_entities/LOC/dev/CR0-OCCT691-7-CR0-OCCT691-occt-64/inc/GCPnts_QuasiUniformDeflection.hxx
+M GCPnts:privinclude:GCPnts_QuasiUniformDeflection.jxx /misc/dn61/LocalWOK/wok_entities/LOC/dev/CR0-OCCT691-7-CR0-OCCT691-occt-64/drv/GCPnts/GCPnts_QuasiUniformDeflection.jxx
+M GCPnts:privinclude:GCPnts_QuasiUniformDeflection.ixx /misc/dn61/LocalWOK/wok_entities/LOC/dev/CR0-OCCT691-7-CR0-OCCT691-occt-64/drv/GCPnts/GCPnts_QuasiUniformDeflection.ixx
+M GCPnts:pubinclude:GCPnts_QuasiUniformAbscissa.hxx /misc/dn61/LocalWOK/wok_entities/LOC/dev/CR0-OCCT691-7-CR0-OCCT691-occt-64/inc/GCPnts_QuasiUniformAbscissa.hxx
+M GCPnts:privinclude:GCPnts_QuasiUniformAbscissa.jxx /misc/dn61/LocalWOK/wok_entities/LOC/dev/CR0-OCCT691-7-CR0-OCCT691-occt-64/drv/GCPnts/GCPnts_QuasiUniformAbscissa.jxx
+M GCPnts:privinclude:GCPnts_QuasiUniformAbscissa.ixx /misc/dn61/LocalWOK/wok_entities/LOC/dev/CR0-OCCT691-7-CR0-OCCT691-occt-64/drv/GCPnts/GCPnts_QuasiUniformAbscissa.ixx
+M GCPnts:pubinclude:GCPnts_TangentialDeflection.hxx /misc/dn61/LocalWOK/wok_entities/LOC/dev/CR0-OCCT691-7-CR0-OCCT691-occt-64/inc/GCPnts_TangentialDeflection.hxx
+M GCPnts:privinclude:GCPnts_TangentialDeflection.jxx /misc/dn61/LocalWOK/wok_entities/LOC/dev/CR0-OCCT691-7-CR0-OCCT691-occt-64/drv/GCPnts/GCPnts_TangentialDeflection.jxx
+M GCPnts:privinclude:GCPnts_TangentialDeflection.ixx /misc/dn61/LocalWOK/wok_entities/LOC/dev/CR0-OCCT691-7-CR0-OCCT691-occt-64/drv/GCPnts/GCPnts_TangentialDeflection.ixx
+M GCPnts:pubinclude:GCPnts_AbscissaType.hxx /misc/dn61/LocalWOK/wok_entities/LOC/dev/CR0-OCCT691-7-CR0-OCCT691-occt-64/inc/GCPnts_AbscissaType.hxx
+M GCPnts:pubinclude:GCPnts_DeflectionType.hxx /misc/dn61/LocalWOK/wok_entities/LOC/dev/CR0-OCCT691-7-CR0-OCCT691-occt-64/inc/GCPnts_DeflectionType.hxx
+M GCPnts:dbadmfile:GCPnts_xcpp_header.In /misc/dn61/LocalWOK/wok_entities/LOC/dev/CR0-OCCT691-7-CR0-OCCT691-occt-64/drv/GCPnts/.adm/GCPnts_xcpp_header.In
+M GCPnts:dbadmfile:GCPnts_xcpp_header.Out /misc/dn61/LocalWOK/wok_entities/LOC/dev/CR0-OCCT691-7-CR0-OCCT691-occt-64/drv/GCPnts/.adm/GCPnts_xcpp_header.Out
+M GCPnts:dbadmfile:GCPnts_xcpp_header.Dep /misc/dn61/LocalWOK/wok_entities/LOC/dev/CR0-OCCT691-7-CR0-OCCT691-occt-64/drv/GCPnts/.adm/GCPnts_xcpp_header.Dep
