+M DrawTrSurf:pubinclude:DrawTrSurf.hxx /misc/dn61/LocalWOK/wok_entities/LOC/dev/CR0-OCCT691-7-CR0-OCCT691-occt-64/inc/DrawTrSurf.hxx
+M DrawTrSurf:privinclude:DrawTrSurf.jxx /misc/dn61/LocalWOK/wok_entities/LOC/dev/CR0-OCCT691-7-CR0-OCCT691-occt-64/drv/DrawTrSurf/DrawTrSurf.jxx
+M DrawTrSurf:privinclude:DrawTrSurf.ixx /misc/dn61/LocalWOK/wok_entities/LOC/dev/CR0-OCCT691-7-CR0-OCCT691-occt-64/drv/DrawTrSurf/DrawTrSurf.ixx
+M DrawTrSurf:pubinclude:Handle_DrawTrSurf_Drawable.hxx /misc/dn61/LocalWOK/wok_entities/LOC/dev/CR0-OCCT691-7-CR0-OCCT691-occt-64/inc/Handle_DrawTrSurf_Drawable.hxx
+M DrawTrSurf:pubinclude:DrawTrSurf_Drawable.hxx /misc/dn61/LocalWOK/wok_entities/LOC/dev/CR0-OCCT691-7-CR0-OCCT691-occt-64/inc/DrawTrSurf_Drawable.hxx
+M DrawTrSurf:privinclude:DrawTrSurf_Drawable.jxx /misc/dn61/LocalWOK/wok_entities/LOC/dev/CR0-OCCT691-7-CR0-OCCT691-occt-64/drv/DrawTrSurf/DrawTrSurf_Drawable.jxx
+M DrawTrSurf:privinclude:DrawTrSurf_Drawable.ixx /misc/dn61/LocalWOK/wok_entities/LOC/dev/CR0-OCCT691-7-CR0-OCCT691-occt-64/drv/DrawTrSurf/DrawTrSurf_Drawable.ixx
+M DrawTrSurf:pubinclude:Handle_DrawTrSurf_Point.hxx /misc/dn61/LocalWOK/wok_entities/LOC/dev/CR0-OCCT691-7-CR0-OCCT691-occt-64/inc/Handle_DrawTrSurf_Point.hxx
+M DrawTrSurf:pubinclude:DrawTrSurf_Point.hxx /misc/dn61/LocalWOK/wok_entities/LOC/dev/CR0-OCCT691-7-CR0-OCCT691-occt-64/inc/DrawTrSurf_Point.hxx
+M DrawTrSurf:privinclude:DrawTrSurf_Point.jxx /misc/dn61/LocalWOK/wok_entities/LOC/dev/CR0-OCCT691-7-CR0-OCCT691-occt-64/drv/DrawTrSurf/DrawTrSurf_Point.jxx
+M DrawTrSurf:privinclude:DrawTrSurf_Point.ixx /misc/dn61/LocalWOK/wok_entities/LOC/dev/CR0-OCCT691-7-CR0-OCCT691-occt-64/drv/DrawTrSurf/DrawTrSurf_Point.ixx
+M DrawTrSurf:pubinclude:Handle_DrawTrSurf_Curve.hxx /misc/dn61/LocalWOK/wok_entities/LOC/dev/CR0-OCCT691-7-CR0-OCCT691-occt-64/inc/Handle_DrawTrSurf_Curve.hxx
+M DrawTrSurf:pubinclude:DrawTrSurf_Curve.hxx /misc/dn61/LocalWOK/wok_entities/LOC/dev/CR0-OCCT691-7-CR0-OCCT691-occt-64/inc/DrawTrSurf_Curve.hxx
+M DrawTrSurf:privinclude:DrawTrSurf_Curve.jxx /misc/dn61/LocalWOK/wok_entities/LOC/dev/CR0-OCCT691-7-CR0-OCCT691-occt-64/drv/DrawTrSurf/DrawTrSurf_Curve.jxx
+M DrawTrSurf:privinclude:DrawTrSurf_Curve.ixx /misc/dn61/LocalWOK/wok_entities/LOC/dev/CR0-OCCT691-7-CR0-OCCT691-occt-64/drv/DrawTrSurf/DrawTrSurf_Curve.ixx
+M DrawTrSurf:pubinclude:Handle_DrawTrSurf_BSplineCurve.hxx /misc/dn61/LocalWOK/wok_entities/LOC/dev/CR0-OCCT691-7-CR0-OCCT691-occt-64/inc/Handle_DrawTrSurf_BSplineCurve.hxx
+M DrawTrSurf:pubinclude:DrawTrSurf_BSplineCurve.hxx /misc/dn61/LocalWOK/wok_entities/LOC/dev/CR0-OCCT691-7-CR0-OCCT691-occt-64/inc/DrawTrSurf_BSplineCurve.hxx
+M DrawTrSurf:privinclude:DrawTrSurf_BSplineCurve.jxx /misc/dn61/LocalWOK/wok_entities/LOC/dev/CR0-OCCT691-7-CR0-OCCT691-occt-64/drv/DrawTrSurf/DrawTrSurf_BSplineCurve.jxx
+M DrawTrSurf:privinclude:DrawTrSurf_BSplineCurve.ixx /misc/dn61/LocalWOK/wok_entities/LOC/dev/CR0-OCCT691-7-CR0-OCCT691-occt-64/drv/DrawTrSurf/DrawTrSurf_BSplineCurve.ixx
+M DrawTrSurf:pubinclude:Handle_DrawTrSurf_BezierCurve.hxx /misc/dn61/LocalWOK/wok_entities/LOC/dev/CR0-OCCT691-7-CR0-OCCT691-occt-64/inc/Handle_DrawTrSurf_BezierCurve.hxx
+M DrawTrSurf:pubinclude:DrawTrSurf_BezierCurve.hxx /misc/dn61/LocalWOK/wok_entities/LOC/dev/CR0-OCCT691-7-CR0-OCCT691-occt-64/inc/DrawTrSurf_BezierCurve.hxx
+M DrawTrSurf:privinclude:DrawTrSurf_BezierCurve.jxx /misc/dn61/LocalWOK/wok_entities/LOC/dev/CR0-OCCT691-7-CR0-OCCT691-occt-64/drv/DrawTrSurf/DrawTrSurf_BezierCurve.jxx
+M DrawTrSurf:privinclude:DrawTrSurf_BezierCurve.ixx /misc/dn61/LocalWOK/wok_entities/LOC/dev/CR0-OCCT691-7-CR0-OCCT691-occt-64/drv/DrawTrSurf/DrawTrSurf_BezierCurve.ixx
+M DrawTrSurf:pubinclude:Handle_DrawTrSurf_Curve2d.hxx /misc/dn61/LocalWOK/wok_entities/LOC/dev/CR0-OCCT691-7-CR0-OCCT691-occt-64/inc/Handle_DrawTrSurf_Curve2d.hxx
+M DrawTrSurf:pubinclude:DrawTrSurf_Curve2d.hxx /misc/dn61/LocalWOK/wok_entities/LOC/dev/CR0-OCCT691-7-CR0-OCCT691-occt-64/inc/DrawTrSurf_Curve2d.hxx
+M DrawTrSurf:privinclude:DrawTrSurf_Curve2d.jxx /misc/dn61/LocalWOK/wok_entities/LOC/dev/CR0-OCCT691-7-CR0-OCCT691-occt-64/drv/DrawTrSurf/DrawTrSurf_Curve2d.jxx
+M DrawTrSurf:privinclude:DrawTrSurf_Curve2d.ixx /misc/dn61/LocalWOK/wok_entities/LOC/dev/CR0-OCCT691-7-CR0-OCCT691-occt-64/drv/DrawTrSurf/DrawTrSurf_Curve2d.ixx
+M DrawTrSurf:pubinclude:Handle_DrawTrSurf_BSplineCurve2d.hxx /misc/dn61/LocalWOK/wok_entities/LOC/dev/CR0-OCCT691-7-CR0-OCCT691-occt-64/inc/Handle_DrawTrSurf_BSplineCurve2d.hxx
+M DrawTrSurf:pubinclude:DrawTrSurf_BSplineCurve2d.hxx /misc/dn61/LocalWOK/wok_entities/LOC/dev/CR0-OCCT691-7-CR0-OCCT691-occt-64/inc/DrawTrSurf_BSplineCurve2d.hxx
+M DrawTrSurf:privinclude:DrawTrSurf_BSplineCurve2d.jxx /misc/dn61/LocalWOK/wok_entities/LOC/dev/CR0-OCCT691-7-CR0-OCCT691-occt-64/drv/DrawTrSurf/DrawTrSurf_BSplineCurve2d.jxx
+M DrawTrSurf:privinclude:DrawTrSurf_BSplineCurve2d.ixx /misc/dn61/LocalWOK/wok_entities/LOC/dev/CR0-OCCT691-7-CR0-OCCT691-occt-64/drv/DrawTrSurf/DrawTrSurf_BSplineCurve2d.ixx
+M DrawTrSurf:pubinclude:Handle_DrawTrSurf_BezierCurve2d.hxx /misc/dn61/LocalWOK/wok_entities/LOC/dev/CR0-OCCT691-7-CR0-OCCT691-occt-64/inc/Handle_DrawTrSurf_BezierCurve2d.hxx
+M DrawTrSurf:pubinclude:DrawTrSurf_BezierCurve2d.hxx /misc/dn61/LocalWOK/wok_entities/LOC/dev/CR0-OCCT691-7-CR0-OCCT691-occt-64/inc/DrawTrSurf_BezierCurve2d.hxx
+M DrawTrSurf:privinclude:DrawTrSurf_BezierCurve2d.jxx /misc/dn61/LocalWOK/wok_entities/LOC/dev/CR0-OCCT691-7-CR0-OCCT691-occt-64/drv/DrawTrSurf/DrawTrSurf_BezierCurve2d.jxx
+M DrawTrSurf:privinclude:DrawTrSurf_BezierCurve2d.ixx /misc/dn61/LocalWOK/wok_entities/LOC/dev/CR0-OCCT691-7-CR0-OCCT691-occt-64/drv/DrawTrSurf/DrawTrSurf_BezierCurve2d.ixx
+M DrawTrSurf:pubinclude:Handle_DrawTrSurf_Triangulation2D.hxx /misc/dn61/LocalWOK/wok_entities/LOC/dev/CR0-OCCT691-7-CR0-OCCT691-occt-64/inc/Handle_DrawTrSurf_Triangulation2D.hxx
+M DrawTrSurf:pubinclude:DrawTrSurf_Triangulation2D.hxx /misc/dn61/LocalWOK/wok_entities/LOC/dev/CR0-OCCT691-7-CR0-OCCT691-occt-64/inc/DrawTrSurf_Triangulation2D.hxx
+M DrawTrSurf:privinclude:DrawTrSurf_Triangulation2D.jxx /misc/dn61/LocalWOK/wok_entities/LOC/dev/CR0-OCCT691-7-CR0-OCCT691-occt-64/drv/DrawTrSurf/DrawTrSurf_Triangulation2D.jxx
+M DrawTrSurf:privinclude:DrawTrSurf_Triangulation2D.ixx /misc/dn61/LocalWOK/wok_entities/LOC/dev/CR0-OCCT691-7-CR0-OCCT691-occt-64/drv/DrawTrSurf/DrawTrSurf_Triangulation2D.ixx
+M DrawTrSurf:pubinclude:Handle_DrawTrSurf_Surface.hxx /misc/dn61/LocalWOK/wok_entities/LOC/dev/CR0-OCCT691-7-CR0-OCCT691-occt-64/inc/Handle_DrawTrSurf_Surface.hxx
+M DrawTrSurf:pubinclude:DrawTrSurf_Surface.hxx /misc/dn61/LocalWOK/wok_entities/LOC/dev/CR0-OCCT691-7-CR0-OCCT691-occt-64/inc/DrawTrSurf_Surface.hxx
+M DrawTrSurf:privinclude:DrawTrSurf_Surface.jxx /misc/dn61/LocalWOK/wok_entities/LOC/dev/CR0-OCCT691-7-CR0-OCCT691-occt-64/drv/DrawTrSurf/DrawTrSurf_Surface.jxx
+M DrawTrSurf:privinclude:DrawTrSurf_Surface.ixx /misc/dn61/LocalWOK/wok_entities/LOC/dev/CR0-OCCT691-7-CR0-OCCT691-occt-64/drv/DrawTrSurf/DrawTrSurf_Surface.ixx
+M DrawTrSurf:pubinclude:Handle_DrawTrSurf_BSplineSurface.hxx /misc/dn61/LocalWOK/wok_entities/LOC/dev/CR0-OCCT691-7-CR0-OCCT691-occt-64/inc/Handle_DrawTrSurf_BSplineSurface.hxx
+M DrawTrSurf:pubinclude:DrawTrSurf_BSplineSurface.hxx /misc/dn61/LocalWOK/wok_entities/LOC/dev/CR0-OCCT691-7-CR0-OCCT691-occt-64/inc/DrawTrSurf_BSplineSurface.hxx
+M DrawTrSurf:privinclude:DrawTrSurf_BSplineSurface.jxx /misc/dn61/LocalWOK/wok_entities/LOC/dev/CR0-OCCT691-7-CR0-OCCT691-occt-64/drv/DrawTrSurf/DrawTrSurf_BSplineSurface.jxx
+M DrawTrSurf:privinclude:DrawTrSurf_BSplineSurface.ixx /misc/dn61/LocalWOK/wok_entities/LOC/dev/CR0-OCCT691-7-CR0-OCCT691-occt-64/drv/DrawTrSurf/DrawTrSurf_BSplineSurface.ixx
+M DrawTrSurf:pubinclude:Handle_DrawTrSurf_BezierSurface.hxx /misc/dn61/LocalWOK/wok_entities/LOC/dev/CR0-OCCT691-7-CR0-OCCT691-occt-64/inc/Handle_DrawTrSurf_BezierSurface.hxx
+M DrawTrSurf:pubinclude:DrawTrSurf_BezierSurface.hxx /misc/dn61/LocalWOK/wok_entities/LOC/dev/CR0-OCCT691-7-CR0-OCCT691-occt-64/inc/DrawTrSurf_BezierSurface.hxx
+M DrawTrSurf:privinclude:DrawTrSurf_BezierSurface.jxx /misc/dn61/LocalWOK/wok_entities/LOC/dev/CR0-OCCT691-7-CR0-OCCT691-occt-64/drv/DrawTrSurf/DrawTrSurf_BezierSurface.jxx
+M DrawTrSurf:privinclude:DrawTrSurf_BezierSurface.ixx /misc/dn61/LocalWOK/wok_entities/LOC/dev/CR0-OCCT691-7-CR0-OCCT691-occt-64/drv/DrawTrSurf/DrawTrSurf_BezierSurface.ixx
+M DrawTrSurf:pubinclude:Handle_DrawTrSurf_Triangulation.hxx /misc/dn61/LocalWOK/wok_entities/LOC/dev/CR0-OCCT691-7-CR0-OCCT691-occt-64/inc/Handle_DrawTrSurf_Triangulation.hxx
+M DrawTrSurf:pubinclude:DrawTrSurf_Triangulation.hxx /misc/dn61/LocalWOK/wok_entities/LOC/dev/CR0-OCCT691-7-CR0-OCCT691-occt-64/inc/DrawTrSurf_Triangulation.hxx
+M DrawTrSurf:privinclude:DrawTrSurf_Triangulation.jxx /misc/dn61/LocalWOK/wok_entities/LOC/dev/CR0-OCCT691-7-CR0-OCCT691-occt-64/drv/DrawTrSurf/DrawTrSurf_Triangulation.jxx
+M DrawTrSurf:privinclude:DrawTrSurf_Triangulation.ixx /misc/dn61/LocalWOK/wok_entities/LOC/dev/CR0-OCCT691-7-CR0-OCCT691-occt-64/drv/DrawTrSurf/DrawTrSurf_Triangulation.ixx
+M DrawTrSurf:pubinclude:Handle_DrawTrSurf_Polygon3D.hxx /misc/dn61/LocalWOK/wok_entities/LOC/dev/CR0-OCCT691-7-CR0-OCCT691-occt-64/inc/Handle_DrawTrSurf_Polygon3D.hxx
+M DrawTrSurf:pubinclude:DrawTrSurf_Polygon3D.hxx /misc/dn61/LocalWOK/wok_entities/LOC/dev/CR0-OCCT691-7-CR0-OCCT691-occt-64/inc/DrawTrSurf_Polygon3D.hxx
+M DrawTrSurf:privinclude:DrawTrSurf_Polygon3D.jxx /misc/dn61/LocalWOK/wok_entities/LOC/dev/CR0-OCCT691-7-CR0-OCCT691-occt-64/drv/DrawTrSurf/DrawTrSurf_Polygon3D.jxx
+M DrawTrSurf:privinclude:DrawTrSurf_Polygon3D.ixx /misc/dn61/LocalWOK/wok_entities/LOC/dev/CR0-OCCT691-7-CR0-OCCT691-occt-64/drv/DrawTrSurf/DrawTrSurf_Polygon3D.ixx
+M DrawTrSurf:pubinclude:Handle_DrawTrSurf_Polygon2D.hxx /misc/dn61/LocalWOK/wok_entities/LOC/dev/CR0-OCCT691-7-CR0-OCCT691-occt-64/inc/Handle_DrawTrSurf_Polygon2D.hxx
+M DrawTrSurf:pubinclude:DrawTrSurf_Polygon2D.hxx /misc/dn61/LocalWOK/wok_entities/LOC/dev/CR0-OCCT691-7-CR0-OCCT691-occt-64/inc/DrawTrSurf_Polygon2D.hxx
+M DrawTrSurf:privinclude:DrawTrSurf_Polygon2D.jxx /misc/dn61/LocalWOK/wok_entities/LOC/dev/CR0-OCCT691-7-CR0-OCCT691-occt-64/drv/DrawTrSurf/DrawTrSurf_Polygon2D.jxx
+M DrawTrSurf:privinclude:DrawTrSurf_Polygon2D.ixx /misc/dn61/LocalWOK/wok_entities/LOC/dev/CR0-OCCT691-7-CR0-OCCT691-occt-64/drv/DrawTrSurf/DrawTrSurf_Polygon2D.ixx
+M DrawTrSurf:dbadmfile:DrawTrSurf_xcpp_header.In /misc/dn61/LocalWOK/wok_entities/LOC/dev/CR0-OCCT691-7-CR0-OCCT691-occt-64/drv/DrawTrSurf/.adm/DrawTrSurf_xcpp_header.In
+M DrawTrSurf:dbadmfile:DrawTrSurf_xcpp_header.Out /misc/dn61/LocalWOK/wok_entities/LOC/dev/CR0-OCCT691-7-CR0-OCCT691-occt-64/drv/DrawTrSurf/.adm/DrawTrSurf_xcpp_header.Out
+M DrawTrSurf:dbadmfile:DrawTrSurf_xcpp_header.Dep /misc/dn61/LocalWOK/wok_entities/LOC/dev/CR0-OCCT691-7-CR0-OCCT691-occt-64/drv/DrawTrSurf/.adm/DrawTrSurf_xcpp_header.Dep
