+M Standard:pubinclude:Standard_PCharacter.hxx /misc/dn61/LocalWOK/wok_entities/LOC/dev/CR0-OCCT691-7-CR0-OCCT691-occt-64/inc/Standard_PCharacter.hxx
+M Standard:pubinclude:Standard_PExtCharacter.hxx /misc/dn61/LocalWOK/wok_entities/LOC/dev/CR0-OCCT691-7-CR0-OCCT691-occt-64/inc/Standard_PExtCharacter.hxx
+M Standard:pubinclude:Standard_MMgrRoot.hxx /misc/dn61/LocalWOK/wok_entities/LOC/dev/CR0-OCCT691-7-CR0-OCCT691-occt-64/inc/Standard_MMgrRoot.hxx
+M Standard:pubinclude:Standard_MMgrOpt.hxx /misc/dn61/LocalWOK/wok_entities/LOC/dev/CR0-OCCT691-7-CR0-OCCT691-occt-64/inc/Standard_MMgrOpt.hxx
+M Standard:pubinclude:Standard_MMgrRaw.hxx /misc/dn61/LocalWOK/wok_entities/LOC/dev/CR0-OCCT691-7-CR0-OCCT691-occt-64/inc/Standard_MMgrRaw.hxx
+M Standard:pubinclude:Standard_JmpBuf.hxx /misc/dn61/LocalWOK/wok_entities/LOC/dev/CR0-OCCT691-7-CR0-OCCT691-occt-64/inc/Standard_JmpBuf.hxx
+M Standard:pubinclude:Handle_Standard_Persistent.hxx /misc/dn61/LocalWOK/wok_entities/LOC/dev/CR0-OCCT691-7-CR0-OCCT691-occt-64/inc/Handle_Standard_Persistent.hxx
+M Standard:pubinclude:Handle_Standard_Transient.hxx /misc/dn61/LocalWOK/wok_entities/LOC/dev/CR0-OCCT691-7-CR0-OCCT691-occt-64/inc/Handle_Standard_Transient.hxx
+M Standard:pubinclude:Standard_Address.hxx /misc/dn61/LocalWOK/wok_entities/LOC/dev/CR0-OCCT691-7-CR0-OCCT691-occt-64/inc/Standard_Address.hxx
+M Standard:pubinclude:Standard_Boolean.hxx /misc/dn61/LocalWOK/wok_entities/LOC/dev/CR0-OCCT691-7-CR0-OCCT691-occt-64/inc/Standard_Boolean.hxx
+M Standard:pubinclude:Standard_Byte.hxx /misc/dn61/LocalWOK/wok_entities/LOC/dev/CR0-OCCT691-7-CR0-OCCT691-occt-64/inc/Standard_Byte.hxx
+M Standard:pubinclude:Standard_PByte.hxx /misc/dn61/LocalWOK/wok_entities/LOC/dev/CR0-OCCT691-7-CR0-OCCT691-occt-64/inc/Standard_PByte.hxx
+M Standard:pubinclude:Standard_CLocaleSentry.hxx /misc/dn61/LocalWOK/wok_entities/LOC/dev/CR0-OCCT691-7-CR0-OCCT691-occt-64/inc/Standard_CLocaleSentry.hxx
+M Standard:pubinclude:Standard_CString.hxx /misc/dn61/LocalWOK/wok_entities/LOC/dev/CR0-OCCT691-7-CR0-OCCT691-occt-64/inc/Standard_CString.hxx
+M Standard:pubinclude:Standard_Character.hxx /misc/dn61/LocalWOK/wok_entities/LOC/dev/CR0-OCCT691-7-CR0-OCCT691-occt-64/inc/Standard_Character.hxx
+M Standard:pubinclude:Standard_ExtCharacter.hxx /misc/dn61/LocalWOK/wok_entities/LOC/dev/CR0-OCCT691-7-CR0-OCCT691-occt-64/inc/Standard_ExtCharacter.hxx
+M Standard:pubinclude:Standard_ExtString.hxx /misc/dn61/LocalWOK/wok_entities/LOC/dev/CR0-OCCT691-7-CR0-OCCT691-occt-64/inc/Standard_ExtString.hxx
+M Standard:pubinclude:Standard_IStream.hxx /misc/dn61/LocalWOK/wok_entities/LOC/dev/CR0-OCCT691-7-CR0-OCCT691-occt-64/inc/Standard_IStream.hxx
+M Standard:pubinclude:Standard_Integer.hxx /misc/dn61/LocalWOK/wok_entities/LOC/dev/CR0-OCCT691-7-CR0-OCCT691-occt-64/inc/Standard_Integer.hxx
+M Standard:pubinclude:Standard_Macro.hxx /misc/dn61/LocalWOK/wok_entities/LOC/dev/CR0-OCCT691-7-CR0-OCCT691-occt-64/inc/Standard_Macro.hxx
+M Standard:pubinclude:Standard_OStream.hxx /misc/dn61/LocalWOK/wok_entities/LOC/dev/CR0-OCCT691-7-CR0-OCCT691-occt-64/inc/Standard_OStream.hxx
+M Standard:pubinclude:Standard_Persistent_proto.hxx /misc/dn61/LocalWOK/wok_entities/LOC/dev/CR0-OCCT691-7-CR0-OCCT691-occt-64/inc/Standard_Persistent_proto.hxx
+M Standard:pubinclude:Standard_PrimitiveTypes.hxx /misc/dn61/LocalWOK/wok_entities/LOC/dev/CR0-OCCT691-7-CR0-OCCT691-occt-64/inc/Standard_PrimitiveTypes.hxx
+M Standard:pubinclude:Standard_Real.hxx /misc/dn61/LocalWOK/wok_entities/LOC/dev/CR0-OCCT691-7-CR0-OCCT691-occt-64/inc/Standard_Real.hxx
+M Standard:pubinclude:Standard_SStream.hxx /misc/dn61/LocalWOK/wok_entities/LOC/dev/CR0-OCCT691-7-CR0-OCCT691-occt-64/inc/Standard_SStream.hxx
+M Standard:pubinclude:Standard_ShortReal.hxx /misc/dn61/LocalWOK/wok_entities/LOC/dev/CR0-OCCT691-7-CR0-OCCT691-occt-64/inc/Standard_ShortReal.hxx
+M Standard:pubinclude:Standard_Stream.hxx /misc/dn61/LocalWOK/wok_entities/LOC/dev/CR0-OCCT691-7-CR0-OCCT691-occt-64/inc/Standard_Stream.hxx
+M Standard:pubinclude:Standard_Time.hxx /misc/dn61/LocalWOK/wok_entities/LOC/dev/CR0-OCCT691-7-CR0-OCCT691-occt-64/inc/Standard_Time.hxx
+M Standard:pubinclude:Standard_Transient.hxx /misc/dn61/LocalWOK/wok_entities/LOC/dev/CR0-OCCT691-7-CR0-OCCT691-occt-64/inc/Standard_Transient.hxx
+M Standard:pubinclude:Standard_Transient_proto.hxx /misc/dn61/LocalWOK/wok_entities/LOC/dev/CR0-OCCT691-7-CR0-OCCT691-occt-64/inc/Standard_Transient_proto.hxx
+M Standard:pubinclude:Standard_TypeDef.hxx /misc/dn61/LocalWOK/wok_entities/LOC/dev/CR0-OCCT691-7-CR0-OCCT691-occt-64/inc/Standard_TypeDef.hxx
+M Standard:pubinclude:Standard_math.hxx /misc/dn61/LocalWOK/wok_entities/LOC/dev/CR0-OCCT691-7-CR0-OCCT691-occt-64/inc/Standard_math.hxx
+M Standard:pubinclude:Standard_values.h /misc/dn61/LocalWOK/wok_entities/LOC/dev/CR0-OCCT691-7-CR0-OCCT691-occt-64/inc/Standard_values.h
+M Standard:pubinclude:Standard_DefineHandle.hxx /misc/dn61/LocalWOK/wok_entities/LOC/dev/CR0-OCCT691-7-CR0-OCCT691-occt-64/inc/Standard_DefineHandle.hxx
+M Standard:pubinclude:Standard_UUID.hxx /misc/dn61/LocalWOK/wok_entities/LOC/dev/CR0-OCCT691-7-CR0-OCCT691-occt-64/inc/Standard_UUID.hxx
+M Standard:pubinclude:Standard_Version.hxx /misc/dn61/LocalWOK/wok_entities/LOC/dev/CR0-OCCT691-7-CR0-OCCT691-occt-64/inc/Standard_Version.hxx
+M Standard:pubinclude:Standard_Mutex.hxx /misc/dn61/LocalWOK/wok_entities/LOC/dev/CR0-OCCT691-7-CR0-OCCT691-occt-64/inc/Standard_Mutex.hxx
+M Standard:pubinclude:Standard_Size.hxx /misc/dn61/LocalWOK/wok_entities/LOC/dev/CR0-OCCT691-7-CR0-OCCT691-occt-64/inc/Standard_Size.hxx
+M Standard:pubinclude:Standard_ThreadId.hxx /misc/dn61/LocalWOK/wok_entities/LOC/dev/CR0-OCCT691-7-CR0-OCCT691-occt-64/inc/Standard_ThreadId.hxx
+M Standard:pubinclude:Standard_Atomic.hxx /misc/dn61/LocalWOK/wok_entities/LOC/dev/CR0-OCCT691-7-CR0-OCCT691-occt-64/inc/Standard_Atomic.hxx
+M Standard:pubinclude:Standard_DefineException.hxx /misc/dn61/LocalWOK/wok_entities/LOC/dev/CR0-OCCT691-7-CR0-OCCT691-occt-64/inc/Standard_DefineException.hxx
+M Standard:pubinclude:Standard_MMgrTBBalloc.hxx /misc/dn61/LocalWOK/wok_entities/LOC/dev/CR0-OCCT691-7-CR0-OCCT691-occt-64/inc/Standard_MMgrTBBalloc.hxx
+M Standard:pubinclude:Standard_Assert.hxx /misc/dn61/LocalWOK/wok_entities/LOC/dev/CR0-OCCT691-7-CR0-OCCT691-occt-64/inc/Standard_Assert.hxx
+M Standard:pubinclude:Standard_DefineAlloc.hxx /misc/dn61/LocalWOK/wok_entities/LOC/dev/CR0-OCCT691-7-CR0-OCCT691-occt-64/inc/Standard_DefineAlloc.hxx
+M Standard:pubinclude:Standard_ErrorHandlerCallback.lxx /misc/dn61/LocalWOK/wok_entities/LOC/dev/CR0-OCCT691-7-CR0-OCCT691-occt-64/inc/Standard_ErrorHandlerCallback.lxx
+M Standard:pubinclude:Standard_ErrorHandler.lxx /misc/dn61/LocalWOK/wok_entities/LOC/dev/CR0-OCCT691-7-CR0-OCCT691-occt-64/inc/Standard_ErrorHandler.lxx
+M Standard:pubinclude:Standard_Type.lxx /misc/dn61/LocalWOK/wok_entities/LOC/dev/CR0-OCCT691-7-CR0-OCCT691-occt-64/inc/Standard_Type.lxx
+M Standard:pubinclude:Standard_Failure.lxx /misc/dn61/LocalWOK/wok_entities/LOC/dev/CR0-OCCT691-7-CR0-OCCT691-occt-64/inc/Standard_Failure.lxx
+M Standard:dbadmfile:Standard_obj_inc.In /misc/dn61/LocalWOK/wok_entities/LOC/dev/CR0-OCCT691-7-CR0-OCCT691-occt-64/drv/Standard/.adm/Standard_obj_inc.In
+M Standard:dbadmfile:Standard_obj_inc.Out /misc/dn61/LocalWOK/wok_entities/LOC/dev/CR0-OCCT691-7-CR0-OCCT691-occt-64/drv/Standard/.adm/Standard_obj_inc.Out
+M Standard:dbadmfile:Standard_obj_inc.Dep /misc/dn61/LocalWOK/wok_entities/LOC/dev/CR0-OCCT691-7-CR0-OCCT691-occt-64/drv/Standard/.adm/Standard_obj_inc.Dep
