+M BRepSweep:pubinclude:BRepSweep_Builder.hxx /misc/dn61/LocalWOK/wok_entities/LOC/dev/CR0-OCCT691-7-CR0-OCCT691-occt-64/inc/BRepSweep_Builder.hxx
+M BRepSweep:privinclude:BRepSweep_Builder.jxx /misc/dn61/LocalWOK/wok_entities/LOC/dev/CR0-OCCT691-7-CR0-OCCT691-occt-64/drv/BRepSweep/BRepSweep_Builder.jxx
+M BRepSweep:privinclude:BRepSweep_Builder.ixx /misc/dn61/LocalWOK/wok_entities/LOC/dev/CR0-OCCT691-7-CR0-OCCT691-occt-64/drv/BRepSweep/BRepSweep_Builder.ixx
+M BRepSweep:pubinclude:BRepSweep_Tool.hxx /misc/dn61/LocalWOK/wok_entities/LOC/dev/CR0-OCCT691-7-CR0-OCCT691-occt-64/inc/BRepSweep_Tool.hxx
+M BRepSweep:privinclude:BRepSweep_Tool.jxx /misc/dn61/LocalWOK/wok_entities/LOC/dev/CR0-OCCT691-7-CR0-OCCT691-occt-64/drv/BRepSweep/BRepSweep_Tool.jxx
+M BRepSweep:privinclude:BRepSweep_Tool.ixx /misc/dn61/LocalWOK/wok_entities/LOC/dev/CR0-OCCT691-7-CR0-OCCT691-occt-64/drv/BRepSweep/BRepSweep_Tool.ixx
+M BRepSweep:pubinclude:BRepSweep_Iterator.hxx /misc/dn61/LocalWOK/wok_entities/LOC/dev/CR0-OCCT691-7-CR0-OCCT691-occt-64/inc/BRepSweep_Iterator.hxx
+M BRepSweep:privinclude:BRepSweep_Iterator.jxx /misc/dn61/LocalWOK/wok_entities/LOC/dev/CR0-OCCT691-7-CR0-OCCT691-occt-64/drv/BRepSweep/BRepSweep_Iterator.jxx
+M BRepSweep:privinclude:BRepSweep_Iterator.ixx /misc/dn61/LocalWOK/wok_entities/LOC/dev/CR0-OCCT691-7-CR0-OCCT691-occt-64/drv/BRepSweep/BRepSweep_Iterator.ixx
+M BRepSweep:pubinclude:BRepSweep_NumLinearRegularSweep.hxx /misc/dn61/LocalWOK/wok_entities/LOC/dev/CR0-OCCT691-7-CR0-OCCT691-occt-64/inc/BRepSweep_NumLinearRegularSweep.hxx
+M BRepSweep:privinclude:BRepSweep_NumLinearRegularSweep.jxx /misc/dn61/LocalWOK/wok_entities/LOC/dev/CR0-OCCT691-7-CR0-OCCT691-occt-64/drv/BRepSweep/BRepSweep_NumLinearRegularSweep.jxx
+M BRepSweep:privinclude:BRepSweep_NumLinearRegularSweep.ixx /misc/dn61/LocalWOK/wok_entities/LOC/dev/CR0-OCCT691-7-CR0-OCCT691-occt-64/drv/BRepSweep/BRepSweep_NumLinearRegularSweep.ixx
+M BRepSweep:pubinclude:BRepSweep_Trsf.hxx /misc/dn61/LocalWOK/wok_entities/LOC/dev/CR0-OCCT691-7-CR0-OCCT691-occt-64/inc/BRepSweep_Trsf.hxx
+M BRepSweep:privinclude:BRepSweep_Trsf.jxx /misc/dn61/LocalWOK/wok_entities/LOC/dev/CR0-OCCT691-7-CR0-OCCT691-occt-64/drv/BRepSweep/BRepSweep_Trsf.jxx
+M BRepSweep:privinclude:BRepSweep_Trsf.ixx /misc/dn61/LocalWOK/wok_entities/LOC/dev/CR0-OCCT691-7-CR0-OCCT691-occt-64/drv/BRepSweep/BRepSweep_Trsf.ixx
+M BRepSweep:pubinclude:BRepSweep_Translation.hxx /misc/dn61/LocalWOK/wok_entities/LOC/dev/CR0-OCCT691-7-CR0-OCCT691-occt-64/inc/BRepSweep_Translation.hxx
+M BRepSweep:privinclude:BRepSweep_Translation.jxx /misc/dn61/LocalWOK/wok_entities/LOC/dev/CR0-OCCT691-7-CR0-OCCT691-occt-64/drv/BRepSweep/BRepSweep_Translation.jxx
+M BRepSweep:privinclude:BRepSweep_Translation.ixx /misc/dn61/LocalWOK/wok_entities/LOC/dev/CR0-OCCT691-7-CR0-OCCT691-occt-64/drv/BRepSweep/BRepSweep_Translation.ixx
+M BRepSweep:pubinclude:BRepSweep_Rotation.hxx /misc/dn61/LocalWOK/wok_entities/LOC/dev/CR0-OCCT691-7-CR0-OCCT691-occt-64/inc/BRepSweep_Rotation.hxx
+M BRepSweep:privinclude:BRepSweep_Rotation.jxx /misc/dn61/LocalWOK/wok_entities/LOC/dev/CR0-OCCT691-7-CR0-OCCT691-occt-64/drv/BRepSweep/BRepSweep_Rotation.jxx
+M BRepSweep:privinclude:BRepSweep_Rotation.ixx /misc/dn61/LocalWOK/wok_entities/LOC/dev/CR0-OCCT691-7-CR0-OCCT691-occt-64/drv/BRepSweep/BRepSweep_Rotation.ixx
+M BRepSweep:pubinclude:BRepSweep_Prism.hxx /misc/dn61/LocalWOK/wok_entities/LOC/dev/CR0-OCCT691-7-CR0-OCCT691-occt-64/inc/BRepSweep_Prism.hxx
+M BRepSweep:privinclude:BRepSweep_Prism.jxx /misc/dn61/LocalWOK/wok_entities/LOC/dev/CR0-OCCT691-7-CR0-OCCT691-occt-64/drv/BRepSweep/BRepSweep_Prism.jxx
+M BRepSweep:privinclude:BRepSweep_Prism.ixx /misc/dn61/LocalWOK/wok_entities/LOC/dev/CR0-OCCT691-7-CR0-OCCT691-occt-64/drv/BRepSweep/BRepSweep_Prism.ixx
+M BRepSweep:pubinclude:BRepSweep_Revol.hxx /misc/dn61/LocalWOK/wok_entities/LOC/dev/CR0-OCCT691-7-CR0-OCCT691-occt-64/inc/BRepSweep_Revol.hxx
+M BRepSweep:privinclude:BRepSweep_Revol.jxx /misc/dn61/LocalWOK/wok_entities/LOC/dev/CR0-OCCT691-7-CR0-OCCT691-occt-64/drv/BRepSweep/BRepSweep_Revol.jxx
+M BRepSweep:privinclude:BRepSweep_Revol.ixx /misc/dn61/LocalWOK/wok_entities/LOC/dev/CR0-OCCT691-7-CR0-OCCT691-occt-64/drv/BRepSweep/BRepSweep_Revol.ixx
+M BRepSweep:dbadmfile:BRepSweep_xcpp_header.In /misc/dn61/LocalWOK/wok_entities/LOC/dev/CR0-OCCT691-7-CR0-OCCT691-occt-64/drv/BRepSweep/.adm/BRepSweep_xcpp_header.In
+M BRepSweep:dbadmfile:BRepSweep_xcpp_header.Out /misc/dn61/LocalWOK/wok_entities/LOC/dev/CR0-OCCT691-7-CR0-OCCT691-occt-64/drv/BRepSweep/.adm/BRepSweep_xcpp_header.Out
+M BRepSweep:dbadmfile:BRepSweep_xcpp_header.Dep /misc/dn61/LocalWOK/wok_entities/LOC/dev/CR0-OCCT691-7-CR0-OCCT691-occt-64/drv/BRepSweep/.adm/BRepSweep_xcpp_header.Dep
