+M QANewModTopOpe:pubinclude:QANewModTopOpe.hxx /misc/dn61/LocalWOK/wok_entities/LOC/dev/CR0-OCCT691-7-CR0-OCCT691-occt-64/inc/QANewModTopOpe.hxx
+M QANewModTopOpe:privinclude:QANewModTopOpe.jxx /misc/dn61/LocalWOK/wok_entities/LOC/dev/CR0-OCCT691-7-CR0-OCCT691-occt-64/drv/QANewModTopOpe/QANewModTopOpe.jxx
+M QANewModTopOpe:privinclude:QANewModTopOpe.ixx /misc/dn61/LocalWOK/wok_entities/LOC/dev/CR0-OCCT691-7-CR0-OCCT691-occt-64/drv/QANewModTopOpe/QANewModTopOpe.ixx
+M QANewModTopOpe:pubinclude:QANewModTopOpe_Tools.hxx /misc/dn61/LocalWOK/wok_entities/LOC/dev/CR0-OCCT691-7-CR0-OCCT691-occt-64/inc/QANewModTopOpe_Tools.hxx
+M QANewModTopOpe:privinclude:QANewModTopOpe_Tools.jxx /misc/dn61/LocalWOK/wok_entities/LOC/dev/CR0-OCCT691-7-CR0-OCCT691-occt-64/drv/QANewModTopOpe/QANewModTopOpe_Tools.jxx
+M QANewModTopOpe:privinclude:QANewModTopOpe_Tools.ixx /misc/dn61/LocalWOK/wok_entities/LOC/dev/CR0-OCCT691-7-CR0-OCCT691-occt-64/drv/QANewModTopOpe/QANewModTopOpe_Tools.ixx
+M QANewModTopOpe:pubinclude:QANewModTopOpe_Limitation.hxx /misc/dn61/LocalWOK/wok_entities/LOC/dev/CR0-OCCT691-7-CR0-OCCT691-occt-64/inc/QANewModTopOpe_Limitation.hxx
+M QANewModTopOpe:privinclude:QANewModTopOpe_Limitation.jxx /misc/dn61/LocalWOK/wok_entities/LOC/dev/CR0-OCCT691-7-CR0-OCCT691-occt-64/drv/QANewModTopOpe/QANewModTopOpe_Limitation.jxx
+M QANewModTopOpe:privinclude:QANewModTopOpe_Limitation.ixx /misc/dn61/LocalWOK/wok_entities/LOC/dev/CR0-OCCT691-7-CR0-OCCT691-occt-64/drv/QANewModTopOpe/QANewModTopOpe_Limitation.ixx
+M QANewModTopOpe:pubinclude:QANewModTopOpe_Intersection.hxx /misc/dn61/LocalWOK/wok_entities/LOC/dev/CR0-OCCT691-7-CR0-OCCT691-occt-64/inc/QANewModTopOpe_Intersection.hxx
+M QANewModTopOpe:privinclude:QANewModTopOpe_Intersection.jxx /misc/dn61/LocalWOK/wok_entities/LOC/dev/CR0-OCCT691-7-CR0-OCCT691-occt-64/drv/QANewModTopOpe/QANewModTopOpe_Intersection.jxx
+M QANewModTopOpe:privinclude:QANewModTopOpe_Intersection.ixx /misc/dn61/LocalWOK/wok_entities/LOC/dev/CR0-OCCT691-7-CR0-OCCT691-occt-64/drv/QANewModTopOpe/QANewModTopOpe_Intersection.ixx
+M QANewModTopOpe:pubinclude:QANewModTopOpe_Glue.hxx /misc/dn61/LocalWOK/wok_entities/LOC/dev/CR0-OCCT691-7-CR0-OCCT691-occt-64/inc/QANewModTopOpe_Glue.hxx
+M QANewModTopOpe:privinclude:QANewModTopOpe_Glue.jxx /misc/dn61/LocalWOK/wok_entities/LOC/dev/CR0-OCCT691-7-CR0-OCCT691-occt-64/drv/QANewModTopOpe/QANewModTopOpe_Glue.jxx
+M QANewModTopOpe:privinclude:QANewModTopOpe_Glue.ixx /misc/dn61/LocalWOK/wok_entities/LOC/dev/CR0-OCCT691-7-CR0-OCCT691-occt-64/drv/QANewModTopOpe/QANewModTopOpe_Glue.ixx
+M QANewModTopOpe:pubinclude:Handle_QANewModTopOpe_ReShaper.hxx /misc/dn61/LocalWOK/wok_entities/LOC/dev/CR0-OCCT691-7-CR0-OCCT691-occt-64/inc/Handle_QANewModTopOpe_ReShaper.hxx
+M QANewModTopOpe:pubinclude:QANewModTopOpe_ReShaper.hxx /misc/dn61/LocalWOK/wok_entities/LOC/dev/CR0-OCCT691-7-CR0-OCCT691-occt-64/inc/QANewModTopOpe_ReShaper.hxx
+M QANewModTopOpe:privinclude:QANewModTopOpe_ReShaper.jxx /misc/dn61/LocalWOK/wok_entities/LOC/dev/CR0-OCCT691-7-CR0-OCCT691-occt-64/drv/QANewModTopOpe/QANewModTopOpe_ReShaper.jxx
+M QANewModTopOpe:privinclude:QANewModTopOpe_ReShaper.ixx /misc/dn61/LocalWOK/wok_entities/LOC/dev/CR0-OCCT691-7-CR0-OCCT691-occt-64/drv/QANewModTopOpe/QANewModTopOpe_ReShaper.ixx
+M QANewModTopOpe:pubinclude:QANewModTopOpe_ModeOfLimitation.hxx /misc/dn61/LocalWOK/wok_entities/LOC/dev/CR0-OCCT691-7-CR0-OCCT691-occt-64/inc/QANewModTopOpe_ModeOfLimitation.hxx
+M QANewModTopOpe:pubinclude:QANewModTopOpe_CutPtr.hxx /misc/dn61/LocalWOK/wok_entities/LOC/dev/CR0-OCCT691-7-CR0-OCCT691-occt-64/inc/QANewModTopOpe_CutPtr.hxx
+M QANewModTopOpe:pubinclude:QANewModTopOpe_CommonPtr.hxx /misc/dn61/LocalWOK/wok_entities/LOC/dev/CR0-OCCT691-7-CR0-OCCT691-occt-64/inc/QANewModTopOpe_CommonPtr.hxx
+M QANewModTopOpe:dbadmfile:QANewModTopOpe_xcpp_header.In /misc/dn61/LocalWOK/wok_entities/LOC/dev/CR0-OCCT691-7-CR0-OCCT691-occt-64/drv/QANewModTopOpe/.adm/QANewModTopOpe_xcpp_header.In
+M QANewModTopOpe:dbadmfile:QANewModTopOpe_xcpp_header.Out /misc/dn61/LocalWOK/wok_entities/LOC/dev/CR0-OCCT691-7-CR0-OCCT691-occt-64/drv/QANewModTopOpe/.adm/QANewModTopOpe_xcpp_header.Out
+M QANewModTopOpe:dbadmfile:QANewModTopOpe_xcpp_header.Dep /misc/dn61/LocalWOK/wok_entities/LOC/dev/CR0-OCCT691-7-CR0-OCCT691-occt-64/drv/QANewModTopOpe/.adm/QANewModTopOpe_xcpp_header.Dep
