+M GeomAPI:pubinclude:GeomAPI.hxx /misc/dn61/LocalWOK/wok_entities/LOC/dev/CR0-OCCT691-7-CR0-OCCT691-occt-64/inc/GeomAPI.hxx
+M GeomAPI:privinclude:GeomAPI.jxx /misc/dn61/LocalWOK/wok_entities/LOC/dev/CR0-OCCT691-7-CR0-OCCT691-occt-64/drv/GeomAPI/GeomAPI.jxx
+M GeomAPI:privinclude:GeomAPI.ixx /misc/dn61/LocalWOK/wok_entities/LOC/dev/CR0-OCCT691-7-CR0-OCCT691-occt-64/drv/GeomAPI/GeomAPI.ixx
+M GeomAPI:pubinclude:GeomAPI_ProjectPointOnCurve.hxx /misc/dn61/LocalWOK/wok_entities/LOC/dev/CR0-OCCT691-7-CR0-OCCT691-occt-64/inc/GeomAPI_ProjectPointOnCurve.hxx
+M GeomAPI:privinclude:GeomAPI_ProjectPointOnCurve.jxx /misc/dn61/LocalWOK/wok_entities/LOC/dev/CR0-OCCT691-7-CR0-OCCT691-occt-64/drv/GeomAPI/GeomAPI_ProjectPointOnCurve.jxx
+M GeomAPI:privinclude:GeomAPI_ProjectPointOnCurve.ixx /misc/dn61/LocalWOK/wok_entities/LOC/dev/CR0-OCCT691-7-CR0-OCCT691-occt-64/drv/GeomAPI/GeomAPI_ProjectPointOnCurve.ixx
+M GeomAPI:pubinclude:GeomAPI_ProjectPointOnSurf.hxx /misc/dn61/LocalWOK/wok_entities/LOC/dev/CR0-OCCT691-7-CR0-OCCT691-occt-64/inc/GeomAPI_ProjectPointOnSurf.hxx
+M GeomAPI:privinclude:GeomAPI_ProjectPointOnSurf.jxx /misc/dn61/LocalWOK/wok_entities/LOC/dev/CR0-OCCT691-7-CR0-OCCT691-occt-64/drv/GeomAPI/GeomAPI_ProjectPointOnSurf.jxx
+M GeomAPI:privinclude:GeomAPI_ProjectPointOnSurf.ixx /misc/dn61/LocalWOK/wok_entities/LOC/dev/CR0-OCCT691-7-CR0-OCCT691-occt-64/drv/GeomAPI/GeomAPI_ProjectPointOnSurf.ixx
+M GeomAPI:pubinclude:GeomAPI_ExtremaCurveCurve.hxx /misc/dn61/LocalWOK/wok_entities/LOC/dev/CR0-OCCT691-7-CR0-OCCT691-occt-64/inc/GeomAPI_ExtremaCurveCurve.hxx
+M GeomAPI:privinclude:GeomAPI_ExtremaCurveCurve.jxx /misc/dn61/LocalWOK/wok_entities/LOC/dev/CR0-OCCT691-7-CR0-OCCT691-occt-64/drv/GeomAPI/GeomAPI_ExtremaCurveCurve.jxx
+M GeomAPI:privinclude:GeomAPI_ExtremaCurveCurve.ixx /misc/dn61/LocalWOK/wok_entities/LOC/dev/CR0-OCCT691-7-CR0-OCCT691-occt-64/drv/GeomAPI/GeomAPI_ExtremaCurveCurve.ixx
+M GeomAPI:pubinclude:GeomAPI_ExtremaCurveSurface.hxx /misc/dn61/LocalWOK/wok_entities/LOC/dev/CR0-OCCT691-7-CR0-OCCT691-occt-64/inc/GeomAPI_ExtremaCurveSurface.hxx
+M GeomAPI:privinclude:GeomAPI_ExtremaCurveSurface.jxx /misc/dn61/LocalWOK/wok_entities/LOC/dev/CR0-OCCT691-7-CR0-OCCT691-occt-64/drv/GeomAPI/GeomAPI_ExtremaCurveSurface.jxx
+M GeomAPI:privinclude:GeomAPI_ExtremaCurveSurface.ixx /misc/dn61/LocalWOK/wok_entities/LOC/dev/CR0-OCCT691-7-CR0-OCCT691-occt-64/drv/GeomAPI/GeomAPI_ExtremaCurveSurface.ixx
+M GeomAPI:pubinclude:GeomAPI_ExtremaSurfaceSurface.hxx /misc/dn61/LocalWOK/wok_entities/LOC/dev/CR0-OCCT691-7-CR0-OCCT691-occt-64/inc/GeomAPI_ExtremaSurfaceSurface.hxx
+M GeomAPI:privinclude:GeomAPI_ExtremaSurfaceSurface.jxx /misc/dn61/LocalWOK/wok_entities/LOC/dev/CR0-OCCT691-7-CR0-OCCT691-occt-64/drv/GeomAPI/GeomAPI_ExtremaSurfaceSurface.jxx
+M GeomAPI:privinclude:GeomAPI_ExtremaSurfaceSurface.ixx /misc/dn61/LocalWOK/wok_entities/LOC/dev/CR0-OCCT691-7-CR0-OCCT691-occt-64/drv/GeomAPI/GeomAPI_ExtremaSurfaceSurface.ixx
+M GeomAPI:pubinclude:GeomAPI_PointsToBSpline.hxx /misc/dn61/LocalWOK/wok_entities/LOC/dev/CR0-OCCT691-7-CR0-OCCT691-occt-64/inc/GeomAPI_PointsToBSpline.hxx
+M GeomAPI:privinclude:GeomAPI_PointsToBSpline.jxx /misc/dn61/LocalWOK/wok_entities/LOC/dev/CR0-OCCT691-7-CR0-OCCT691-occt-64/drv/GeomAPI/GeomAPI_PointsToBSpline.jxx
+M GeomAPI:privinclude:GeomAPI_PointsToBSpline.ixx /misc/dn61/LocalWOK/wok_entities/LOC/dev/CR0-OCCT691-7-CR0-OCCT691-occt-64/drv/GeomAPI/GeomAPI_PointsToBSpline.ixx
+M GeomAPI:pubinclude:GeomAPI_PointsToBSplineSurface.hxx /misc/dn61/LocalWOK/wok_entities/LOC/dev/CR0-OCCT691-7-CR0-OCCT691-occt-64/inc/GeomAPI_PointsToBSplineSurface.hxx
+M GeomAPI:privinclude:GeomAPI_PointsToBSplineSurface.jxx /misc/dn61/LocalWOK/wok_entities/LOC/dev/CR0-OCCT691-7-CR0-OCCT691-occt-64/drv/GeomAPI/GeomAPI_PointsToBSplineSurface.jxx
+M GeomAPI:privinclude:GeomAPI_PointsToBSplineSurface.ixx /misc/dn61/LocalWOK/wok_entities/LOC/dev/CR0-OCCT691-7-CR0-OCCT691-occt-64/drv/GeomAPI/GeomAPI_PointsToBSplineSurface.ixx
+M GeomAPI:pubinclude:GeomAPI_Interpolate.hxx /misc/dn61/LocalWOK/wok_entities/LOC/dev/CR0-OCCT691-7-CR0-OCCT691-occt-64/inc/GeomAPI_Interpolate.hxx
+M GeomAPI:privinclude:GeomAPI_Interpolate.jxx /misc/dn61/LocalWOK/wok_entities/LOC/dev/CR0-OCCT691-7-CR0-OCCT691-occt-64/drv/GeomAPI/GeomAPI_Interpolate.jxx
+M GeomAPI:privinclude:GeomAPI_Interpolate.ixx /misc/dn61/LocalWOK/wok_entities/LOC/dev/CR0-OCCT691-7-CR0-OCCT691-occt-64/drv/GeomAPI/GeomAPI_Interpolate.ixx
+M GeomAPI:pubinclude:GeomAPI_IntSS.hxx /misc/dn61/LocalWOK/wok_entities/LOC/dev/CR0-OCCT691-7-CR0-OCCT691-occt-64/inc/GeomAPI_IntSS.hxx
+M GeomAPI:privinclude:GeomAPI_IntSS.jxx /misc/dn61/LocalWOK/wok_entities/LOC/dev/CR0-OCCT691-7-CR0-OCCT691-occt-64/drv/GeomAPI/GeomAPI_IntSS.jxx
+M GeomAPI:privinclude:GeomAPI_IntSS.ixx /misc/dn61/LocalWOK/wok_entities/LOC/dev/CR0-OCCT691-7-CR0-OCCT691-occt-64/drv/GeomAPI/GeomAPI_IntSS.ixx
+M GeomAPI:pubinclude:GeomAPI_IntCS.hxx /misc/dn61/LocalWOK/wok_entities/LOC/dev/CR0-OCCT691-7-CR0-OCCT691-occt-64/inc/GeomAPI_IntCS.hxx
+M GeomAPI:privinclude:GeomAPI_IntCS.jxx /misc/dn61/LocalWOK/wok_entities/LOC/dev/CR0-OCCT691-7-CR0-OCCT691-occt-64/drv/GeomAPI/GeomAPI_IntCS.jxx
+M GeomAPI:privinclude:GeomAPI_IntCS.ixx /misc/dn61/LocalWOK/wok_entities/LOC/dev/CR0-OCCT691-7-CR0-OCCT691-occt-64/drv/GeomAPI/GeomAPI_IntCS.ixx
+M GeomAPI:dbadmfile:GeomAPI_xcpp_header.In /misc/dn61/LocalWOK/wok_entities/LOC/dev/CR0-OCCT691-7-CR0-OCCT691-occt-64/drv/GeomAPI/.adm/GeomAPI_xcpp_header.In
+M GeomAPI:dbadmfile:GeomAPI_xcpp_header.Out /misc/dn61/LocalWOK/wok_entities/LOC/dev/CR0-OCCT691-7-CR0-OCCT691-occt-64/drv/GeomAPI/.adm/GeomAPI_xcpp_header.Out
+M GeomAPI:dbadmfile:GeomAPI_xcpp_header.Dep /misc/dn61/LocalWOK/wok_entities/LOC/dev/CR0-OCCT691-7-CR0-OCCT691-occt-64/drv/GeomAPI/.adm/GeomAPI_xcpp_header.Dep
