+M IntPatch:pubinclude:IntPatch_ALineToWLine.hxx /misc/dn61/LocalWOK/wok_entities/LOC/dev/CR0-OCCT691-7-CR0-OCCT691-occt-64/inc/IntPatch_ALineToWLine.hxx
+M IntPatch:privinclude:IntPatch_ALineToWLine.jxx /misc/dn61/LocalWOK/wok_entities/LOC/dev/CR0-OCCT691-7-CR0-OCCT691-occt-64/drv/IntPatch/IntPatch_ALineToWLine.jxx
+M IntPatch:privinclude:IntPatch_ALineToWLine.ixx /misc/dn61/LocalWOK/wok_entities/LOC/dev/CR0-OCCT691-7-CR0-OCCT691-occt-64/drv/IntPatch/IntPatch_ALineToWLine.ixx
+M IntPatch:pubinclude:IntPatch_Point.hxx /misc/dn61/LocalWOK/wok_entities/LOC/dev/CR0-OCCT691-7-CR0-OCCT691-occt-64/inc/IntPatch_Point.hxx
+M IntPatch:privinclude:IntPatch_Point.jxx /misc/dn61/LocalWOK/wok_entities/LOC/dev/CR0-OCCT691-7-CR0-OCCT691-occt-64/drv/IntPatch/IntPatch_Point.jxx
+M IntPatch:privinclude:IntPatch_Point.ixx /misc/dn61/LocalWOK/wok_entities/LOC/dev/CR0-OCCT691-7-CR0-OCCT691-occt-64/drv/IntPatch/IntPatch_Point.ixx
+M IntPatch:pubinclude:Handle_IntPatch_Line.hxx /misc/dn61/LocalWOK/wok_entities/LOC/dev/CR0-OCCT691-7-CR0-OCCT691-occt-64/inc/Handle_IntPatch_Line.hxx
+M IntPatch:pubinclude:IntPatch_Line.hxx /misc/dn61/LocalWOK/wok_entities/LOC/dev/CR0-OCCT691-7-CR0-OCCT691-occt-64/inc/IntPatch_Line.hxx
+M IntPatch:privinclude:IntPatch_Line.jxx /misc/dn61/LocalWOK/wok_entities/LOC/dev/CR0-OCCT691-7-CR0-OCCT691-occt-64/drv/IntPatch/IntPatch_Line.jxx
+M IntPatch:privinclude:IntPatch_Line.ixx /misc/dn61/LocalWOK/wok_entities/LOC/dev/CR0-OCCT691-7-CR0-OCCT691-occt-64/drv/IntPatch/IntPatch_Line.ixx
+M IntPatch:pubinclude:Handle_IntPatch_ALine.hxx /misc/dn61/LocalWOK/wok_entities/LOC/dev/CR0-OCCT691-7-CR0-OCCT691-occt-64/inc/Handle_IntPatch_ALine.hxx
+M IntPatch:pubinclude:IntPatch_ALine.hxx /misc/dn61/LocalWOK/wok_entities/LOC/dev/CR0-OCCT691-7-CR0-OCCT691-occt-64/inc/IntPatch_ALine.hxx
+M IntPatch:privinclude:IntPatch_ALine.jxx /misc/dn61/LocalWOK/wok_entities/LOC/dev/CR0-OCCT691-7-CR0-OCCT691-occt-64/drv/IntPatch/IntPatch_ALine.jxx
+M IntPatch:privinclude:IntPatch_ALine.ixx /misc/dn61/LocalWOK/wok_entities/LOC/dev/CR0-OCCT691-7-CR0-OCCT691-occt-64/drv/IntPatch/IntPatch_ALine.ixx
+M IntPatch:pubinclude:Handle_IntPatch_GLine.hxx /misc/dn61/LocalWOK/wok_entities/LOC/dev/CR0-OCCT691-7-CR0-OCCT691-occt-64/inc/Handle_IntPatch_GLine.hxx
+M IntPatch:pubinclude:IntPatch_GLine.hxx /misc/dn61/LocalWOK/wok_entities/LOC/dev/CR0-OCCT691-7-CR0-OCCT691-occt-64/inc/IntPatch_GLine.hxx
+M IntPatch:privinclude:IntPatch_GLine.jxx /misc/dn61/LocalWOK/wok_entities/LOC/dev/CR0-OCCT691-7-CR0-OCCT691-occt-64/drv/IntPatch/IntPatch_GLine.jxx
+M IntPatch:privinclude:IntPatch_GLine.ixx /misc/dn61/LocalWOK/wok_entities/LOC/dev/CR0-OCCT691-7-CR0-OCCT691-occt-64/drv/IntPatch/IntPatch_GLine.ixx
+M IntPatch:pubinclude:Handle_IntPatch_PointLine.hxx /misc/dn61/LocalWOK/wok_entities/LOC/dev/CR0-OCCT691-7-CR0-OCCT691-occt-64/inc/Handle_IntPatch_PointLine.hxx
+M IntPatch:pubinclude:IntPatch_PointLine.hxx /misc/dn61/LocalWOK/wok_entities/LOC/dev/CR0-OCCT691-7-CR0-OCCT691-occt-64/inc/IntPatch_PointLine.hxx
+M IntPatch:privinclude:IntPatch_PointLine.jxx /misc/dn61/LocalWOK/wok_entities/LOC/dev/CR0-OCCT691-7-CR0-OCCT691-occt-64/drv/IntPatch/IntPatch_PointLine.jxx
+M IntPatch:privinclude:IntPatch_PointLine.ixx /misc/dn61/LocalWOK/wok_entities/LOC/dev/CR0-OCCT691-7-CR0-OCCT691-occt-64/drv/IntPatch/IntPatch_PointLine.ixx
+M IntPatch:pubinclude:Handle_IntPatch_RLine.hxx /misc/dn61/LocalWOK/wok_entities/LOC/dev/CR0-OCCT691-7-CR0-OCCT691-occt-64/inc/Handle_IntPatch_RLine.hxx
+M IntPatch:pubinclude:IntPatch_RLine.hxx /misc/dn61/LocalWOK/wok_entities/LOC/dev/CR0-OCCT691-7-CR0-OCCT691-occt-64/inc/IntPatch_RLine.hxx
+M IntPatch:privinclude:IntPatch_RLine.jxx /misc/dn61/LocalWOK/wok_entities/LOC/dev/CR0-OCCT691-7-CR0-OCCT691-occt-64/drv/IntPatch/IntPatch_RLine.jxx
+M IntPatch:privinclude:IntPatch_RLine.ixx /misc/dn61/LocalWOK/wok_entities/LOC/dev/CR0-OCCT691-7-CR0-OCCT691-occt-64/drv/IntPatch/IntPatch_RLine.ixx
+M IntPatch:pubinclude:Handle_IntPatch_WLine.hxx /misc/dn61/LocalWOK/wok_entities/LOC/dev/CR0-OCCT691-7-CR0-OCCT691-occt-64/inc/Handle_IntPatch_WLine.hxx
+M IntPatch:pubinclude:IntPatch_WLine.hxx /misc/dn61/LocalWOK/wok_entities/LOC/dev/CR0-OCCT691-7-CR0-OCCT691-occt-64/inc/IntPatch_WLine.hxx
+M IntPatch:privinclude:IntPatch_WLine.jxx /misc/dn61/LocalWOK/wok_entities/LOC/dev/CR0-OCCT691-7-CR0-OCCT691-occt-64/drv/IntPatch/IntPatch_WLine.jxx
+M IntPatch:privinclude:IntPatch_WLine.ixx /misc/dn61/LocalWOK/wok_entities/LOC/dev/CR0-OCCT691-7-CR0-OCCT691-occt-64/drv/IntPatch/IntPatch_WLine.ixx
+M IntPatch:pubinclude:IntPatch_ArcFunction.hxx /misc/dn61/LocalWOK/wok_entities/LOC/dev/CR0-OCCT691-7-CR0-OCCT691-occt-64/inc/IntPatch_ArcFunction.hxx
+M IntPatch:privinclude:IntPatch_ArcFunction.jxx /misc/dn61/LocalWOK/wok_entities/LOC/dev/CR0-OCCT691-7-CR0-OCCT691-occt-64/drv/IntPatch/IntPatch_ArcFunction.jxx
+M IntPatch:privinclude:IntPatch_ArcFunction.ixx /misc/dn61/LocalWOK/wok_entities/LOC/dev/CR0-OCCT691-7-CR0-OCCT691-occt-64/drv/IntPatch/IntPatch_ArcFunction.ixx
+M IntPatch:pubinclude:IntPatch_InterferencePolyhedron.hxx /misc/dn61/LocalWOK/wok_entities/LOC/dev/CR0-OCCT691-7-CR0-OCCT691-occt-64/inc/IntPatch_InterferencePolyhedron.hxx
+M IntPatch:privinclude:IntPatch_InterferencePolyhedron.jxx /misc/dn61/LocalWOK/wok_entities/LOC/dev/CR0-OCCT691-7-CR0-OCCT691-occt-64/drv/IntPatch/IntPatch_InterferencePolyhedron.jxx
+M IntPatch:privinclude:IntPatch_InterferencePolyhedron.ixx /misc/dn61/LocalWOK/wok_entities/LOC/dev/CR0-OCCT691-7-CR0-OCCT691-occt-64/drv/IntPatch/IntPatch_InterferencePolyhedron.ixx
+M IntPatch:pubinclude:IntPatch_ImpImpIntersection.hxx /misc/dn61/LocalWOK/wok_entities/LOC/dev/CR0-OCCT691-7-CR0-OCCT691-occt-64/inc/IntPatch_ImpImpIntersection.hxx
+M IntPatch:privinclude:IntPatch_ImpImpIntersection.jxx /misc/dn61/LocalWOK/wok_entities/LOC/dev/CR0-OCCT691-7-CR0-OCCT691-occt-64/drv/IntPatch/IntPatch_ImpImpIntersection.jxx
+M IntPatch:privinclude:IntPatch_ImpImpIntersection.ixx /misc/dn61/LocalWOK/wok_entities/LOC/dev/CR0-OCCT691-7-CR0-OCCT691-occt-64/drv/IntPatch/IntPatch_ImpImpIntersection.ixx
+M IntPatch:pubinclude:IntPatch_CSFunction.hxx /misc/dn61/LocalWOK/wok_entities/LOC/dev/CR0-OCCT691-7-CR0-OCCT691-occt-64/inc/IntPatch_CSFunction.hxx
+M IntPatch:privinclude:IntPatch_CSFunction.jxx /misc/dn61/LocalWOK/wok_entities/LOC/dev/CR0-OCCT691-7-CR0-OCCT691-occt-64/drv/IntPatch/IntPatch_CSFunction.jxx
+M IntPatch:privinclude:IntPatch_CSFunction.ixx /misc/dn61/LocalWOK/wok_entities/LOC/dev/CR0-OCCT691-7-CR0-OCCT691-occt-64/drv/IntPatch/IntPatch_CSFunction.ixx
+M IntPatch:pubinclude:IntPatch_Polygo.hxx /misc/dn61/LocalWOK/wok_entities/LOC/dev/CR0-OCCT691-7-CR0-OCCT691-occt-64/inc/IntPatch_Polygo.hxx
+M IntPatch:privinclude:IntPatch_Polygo.jxx /misc/dn61/LocalWOK/wok_entities/LOC/dev/CR0-OCCT691-7-CR0-OCCT691-occt-64/drv/IntPatch/IntPatch_Polygo.jxx
+M IntPatch:privinclude:IntPatch_Polygo.ixx /misc/dn61/LocalWOK/wok_entities/LOC/dev/CR0-OCCT691-7-CR0-OCCT691-occt-64/drv/IntPatch/IntPatch_Polygo.ixx
+M IntPatch:pubinclude:IntPatch_PolyLine.hxx /misc/dn61/LocalWOK/wok_entities/LOC/dev/CR0-OCCT691-7-CR0-OCCT691-occt-64/inc/IntPatch_PolyLine.hxx
+M IntPatch:privinclude:IntPatch_PolyLine.jxx /misc/dn61/LocalWOK/wok_entities/LOC/dev/CR0-OCCT691-7-CR0-OCCT691-occt-64/drv/IntPatch/IntPatch_PolyLine.jxx
+M IntPatch:privinclude:IntPatch_PolyLine.ixx /misc/dn61/LocalWOK/wok_entities/LOC/dev/CR0-OCCT691-7-CR0-OCCT691-occt-64/drv/IntPatch/IntPatch_PolyLine.ixx
+M IntPatch:pubinclude:IntPatch_PolyArc.hxx /misc/dn61/LocalWOK/wok_entities/LOC/dev/CR0-OCCT691-7-CR0-OCCT691-occt-64/inc/IntPatch_PolyArc.hxx
+M IntPatch:privinclude:IntPatch_PolyArc.jxx /misc/dn61/LocalWOK/wok_entities/LOC/dev/CR0-OCCT691-7-CR0-OCCT691-occt-64/drv/IntPatch/IntPatch_PolyArc.jxx
+M IntPatch:privinclude:IntPatch_PolyArc.ixx /misc/dn61/LocalWOK/wok_entities/LOC/dev/CR0-OCCT691-7-CR0-OCCT691-occt-64/drv/IntPatch/IntPatch_PolyArc.ixx
+M IntPatch:pubinclude:IntPatch_RstInt.hxx /misc/dn61/LocalWOK/wok_entities/LOC/dev/CR0-OCCT691-7-CR0-OCCT691-occt-64/inc/IntPatch_RstInt.hxx
+M IntPatch:privinclude:IntPatch_RstInt.jxx /misc/dn61/LocalWOK/wok_entities/LOC/dev/CR0-OCCT691-7-CR0-OCCT691-occt-64/drv/IntPatch/IntPatch_RstInt.jxx
+M IntPatch:privinclude:IntPatch_RstInt.ixx /misc/dn61/LocalWOK/wok_entities/LOC/dev/CR0-OCCT691-7-CR0-OCCT691-occt-64/drv/IntPatch/IntPatch_RstInt.ixx
+M IntPatch:pubinclude:IntPatch_ImpPrmIntersection.hxx /misc/dn61/LocalWOK/wok_entities/LOC/dev/CR0-OCCT691-7-CR0-OCCT691-occt-64/inc/IntPatch_ImpPrmIntersection.hxx
+M IntPatch:privinclude:IntPatch_ImpPrmIntersection.jxx /misc/dn61/LocalWOK/wok_entities/LOC/dev/CR0-OCCT691-7-CR0-OCCT691-occt-64/drv/IntPatch/IntPatch_ImpPrmIntersection.jxx
+M IntPatch:privinclude:IntPatch_ImpPrmIntersection.ixx /misc/dn61/LocalWOK/wok_entities/LOC/dev/CR0-OCCT691-7-CR0-OCCT691-occt-64/drv/IntPatch/IntPatch_ImpPrmIntersection.ixx
+M IntPatch:pubinclude:IntPatch_Polyhedron.hxx /misc/dn61/LocalWOK/wok_entities/LOC/dev/CR0-OCCT691-7-CR0-OCCT691-occt-64/inc/IntPatch_Polyhedron.hxx
+M IntPatch:privinclude:IntPatch_Polyhedron.jxx /misc/dn61/LocalWOK/wok_entities/LOC/dev/CR0-OCCT691-7-CR0-OCCT691-occt-64/drv/IntPatch/IntPatch_Polyhedron.jxx
+M IntPatch:privinclude:IntPatch_Polyhedron.ixx /misc/dn61/LocalWOK/wok_entities/LOC/dev/CR0-OCCT691-7-CR0-OCCT691-occt-64/drv/IntPatch/IntPatch_Polyhedron.ixx
+M IntPatch:pubinclude:IntPatch_PolyhedronTool.hxx /misc/dn61/LocalWOK/wok_entities/LOC/dev/CR0-OCCT691-7-CR0-OCCT691-occt-64/inc/IntPatch_PolyhedronTool.hxx
+M IntPatch:privinclude:IntPatch_PolyhedronTool.jxx /misc/dn61/LocalWOK/wok_entities/LOC/dev/CR0-OCCT691-7-CR0-OCCT691-occt-64/drv/IntPatch/IntPatch_PolyhedronTool.jxx
+M IntPatch:privinclude:IntPatch_PolyhedronTool.ixx /misc/dn61/LocalWOK/wok_entities/LOC/dev/CR0-OCCT691-7-CR0-OCCT691-occt-64/drv/IntPatch/IntPatch_PolyhedronTool.ixx
+M IntPatch:pubinclude:IntPatch_PrmPrmIntersection_T3Bits.hxx /misc/dn61/LocalWOK/wok_entities/LOC/dev/CR0-OCCT691-7-CR0-OCCT691-occt-64/inc/IntPatch_PrmPrmIntersection_T3Bits.hxx
+M IntPatch:privinclude:IntPatch_PrmPrmIntersection_T3Bits.jxx /misc/dn61/LocalWOK/wok_entities/LOC/dev/CR0-OCCT691-7-CR0-OCCT691-occt-64/drv/IntPatch/IntPatch_PrmPrmIntersection_T3Bits.jxx
+M IntPatch:privinclude:IntPatch_PrmPrmIntersection_T3Bits.ixx /misc/dn61/LocalWOK/wok_entities/LOC/dev/CR0-OCCT691-7-CR0-OCCT691-occt-64/drv/IntPatch/IntPatch_PrmPrmIntersection_T3Bits.ixx
+M IntPatch:pubinclude:IntPatch_PrmPrmIntersection.hxx /misc/dn61/LocalWOK/wok_entities/LOC/dev/CR0-OCCT691-7-CR0-OCCT691-occt-64/inc/IntPatch_PrmPrmIntersection.hxx
+M IntPatch:privinclude:IntPatch_PrmPrmIntersection.jxx /misc/dn61/LocalWOK/wok_entities/LOC/dev/CR0-OCCT691-7-CR0-OCCT691-occt-64/drv/IntPatch/IntPatch_PrmPrmIntersection.jxx
+M IntPatch:privinclude:IntPatch_PrmPrmIntersection.ixx /misc/dn61/LocalWOK/wok_entities/LOC/dev/CR0-OCCT691-7-CR0-OCCT691-occt-64/drv/IntPatch/IntPatch_PrmPrmIntersection.ixx
+M IntPatch:pubinclude:IntPatch_HInterTool.hxx /misc/dn61/LocalWOK/wok_entities/LOC/dev/CR0-OCCT691-7-CR0-OCCT691-occt-64/inc/IntPatch_HInterTool.hxx
+M IntPatch:privinclude:IntPatch_HInterTool.jxx /misc/dn61/LocalWOK/wok_entities/LOC/dev/CR0-OCCT691-7-CR0-OCCT691-occt-64/drv/IntPatch/IntPatch_HInterTool.jxx
+M IntPatch:privinclude:IntPatch_HInterTool.ixx /misc/dn61/LocalWOK/wok_entities/LOC/dev/CR0-OCCT691-7-CR0-OCCT691-occt-64/drv/IntPatch/IntPatch_HInterTool.ixx
+M IntPatch:pubinclude:IntPatch_HCurve2dTool.hxx /misc/dn61/LocalWOK/wok_entities/LOC/dev/CR0-OCCT691-7-CR0-OCCT691-occt-64/inc/IntPatch_HCurve2dTool.hxx
+M IntPatch:privinclude:IntPatch_HCurve2dTool.jxx /misc/dn61/LocalWOK/wok_entities/LOC/dev/CR0-OCCT691-7-CR0-OCCT691-occt-64/drv/IntPatch/IntPatch_HCurve2dTool.jxx
+M IntPatch:privinclude:IntPatch_HCurve2dTool.ixx /misc/dn61/LocalWOK/wok_entities/LOC/dev/CR0-OCCT691-7-CR0-OCCT691-occt-64/drv/IntPatch/IntPatch_HCurve2dTool.ixx
+M IntPatch:pubinclude:IntPatch_LineConstructor.hxx /misc/dn61/LocalWOK/wok_entities/LOC/dev/CR0-OCCT691-7-CR0-OCCT691-occt-64/inc/IntPatch_LineConstructor.hxx
+M IntPatch:privinclude:IntPatch_LineConstructor.jxx /misc/dn61/LocalWOK/wok_entities/LOC/dev/CR0-OCCT691-7-CR0-OCCT691-occt-64/drv/IntPatch/IntPatch_LineConstructor.jxx
+M IntPatch:privinclude:IntPatch_LineConstructor.ixx /misc/dn61/LocalWOK/wok_entities/LOC/dev/CR0-OCCT691-7-CR0-OCCT691-occt-64/drv/IntPatch/IntPatch_LineConstructor.ixx
+M IntPatch:pubinclude:IntPatch_Intersection.hxx /misc/dn61/LocalWOK/wok_entities/LOC/dev/CR0-OCCT691-7-CR0-OCCT691-occt-64/inc/IntPatch_Intersection.hxx
+M IntPatch:privinclude:IntPatch_Intersection.jxx /misc/dn61/LocalWOK/wok_entities/LOC/dev/CR0-OCCT691-7-CR0-OCCT691-occt-64/drv/IntPatch/IntPatch_Intersection.jxx
+M IntPatch:privinclude:IntPatch_Intersection.ixx /misc/dn61/LocalWOK/wok_entities/LOC/dev/CR0-OCCT691-7-CR0-OCCT691-occt-64/drv/IntPatch/IntPatch_Intersection.ixx
+M IntPatch:pubinclude:IntPatch_SequenceOfPoint.hxx /misc/dn61/LocalWOK/wok_entities/LOC/dev/CR0-OCCT691-7-CR0-OCCT691-occt-64/inc/IntPatch_SequenceOfPoint.hxx
+M IntPatch:derivated:IntPatch_SequenceOfPoint_0.cxx /misc/dn61/LocalWOK/wok_entities/LOC/dev/CR0-OCCT691-7-CR0-OCCT691-occt-64/drv/IntPatch/IntPatch_SequenceOfPoint_0.cxx
+M IntPatch:pubinclude:IntPatch_SequenceOfLine.hxx /misc/dn61/LocalWOK/wok_entities/LOC/dev/CR0-OCCT691-7-CR0-OCCT691-occt-64/inc/IntPatch_SequenceOfLine.hxx
+M IntPatch:derivated:IntPatch_SequenceOfLine_0.cxx /misc/dn61/LocalWOK/wok_entities/LOC/dev/CR0-OCCT691-7-CR0-OCCT691-occt-64/drv/IntPatch/IntPatch_SequenceOfLine_0.cxx
+M IntPatch:pubinclude:IntPatch_TheSurfFunction.hxx /misc/dn61/LocalWOK/wok_entities/LOC/dev/CR0-OCCT691-7-CR0-OCCT691-occt-64/inc/IntPatch_TheSurfFunction.hxx
+M IntPatch:derivated:IntPatch_TheSurfFunction_0.cxx /misc/dn61/LocalWOK/wok_entities/LOC/dev/CR0-OCCT691-7-CR0-OCCT691-occt-64/drv/IntPatch/IntPatch_TheSurfFunction_0.cxx
+M IntPatch:pubinclude:IntPatch_TheIWalking.hxx /misc/dn61/LocalWOK/wok_entities/LOC/dev/CR0-OCCT691-7-CR0-OCCT691-occt-64/inc/IntPatch_TheIWalking.hxx
+M IntPatch:derivated:IntPatch_TheIWalking_0.cxx /misc/dn61/LocalWOK/wok_entities/LOC/dev/CR0-OCCT691-7-CR0-OCCT691-occt-64/drv/IntPatch/IntPatch_TheIWalking_0.cxx
+M IntPatch:pubinclude:IntPatch_TheSearchInside.hxx /misc/dn61/LocalWOK/wok_entities/LOC/dev/CR0-OCCT691-7-CR0-OCCT691-occt-64/inc/IntPatch_TheSearchInside.hxx
+M IntPatch:derivated:IntPatch_TheSearchInside_0.cxx /misc/dn61/LocalWOK/wok_entities/LOC/dev/CR0-OCCT691-7-CR0-OCCT691-occt-64/drv/IntPatch/IntPatch_TheSearchInside_0.cxx
+M IntPatch:pubinclude:IntPatch_TheSOnBounds.hxx /misc/dn61/LocalWOK/wok_entities/LOC/dev/CR0-OCCT691-7-CR0-OCCT691-occt-64/inc/IntPatch_TheSOnBounds.hxx
+M IntPatch:derivated:IntPatch_TheSOnBounds_0.cxx /misc/dn61/LocalWOK/wok_entities/LOC/dev/CR0-OCCT691-7-CR0-OCCT691-occt-64/drv/IntPatch/IntPatch_TheSOnBounds_0.cxx
+M IntPatch:pubinclude:IntPatch_CurvIntSurf.hxx /misc/dn61/LocalWOK/wok_entities/LOC/dev/CR0-OCCT691-7-CR0-OCCT691-occt-64/inc/IntPatch_CurvIntSurf.hxx
+M IntPatch:derivated:IntPatch_CurvIntSurf_0.cxx /misc/dn61/LocalWOK/wok_entities/LOC/dev/CR0-OCCT691-7-CR0-OCCT691-occt-64/drv/IntPatch/IntPatch_CurvIntSurf_0.cxx
+M IntPatch:pubinclude:Handle_IntPatch_SequenceNodeOfSequenceOfPoint.hxx /misc/dn61/LocalWOK/wok_entities/LOC/dev/CR0-OCCT691-7-CR0-OCCT691-occt-64/inc/Handle_IntPatch_SequenceNodeOfSequenceOfPoint.hxx
+M IntPatch:pubinclude:IntPatch_SequenceNodeOfSequenceOfPoint.hxx /misc/dn61/LocalWOK/wok_entities/LOC/dev/CR0-OCCT691-7-CR0-OCCT691-occt-64/inc/IntPatch_SequenceNodeOfSequenceOfPoint.hxx
+M IntPatch:derivated:IntPatch_SequenceNodeOfSequenceOfPoint_0.cxx /misc/dn61/LocalWOK/wok_entities/LOC/dev/CR0-OCCT691-7-CR0-OCCT691-occt-64/drv/IntPatch/IntPatch_SequenceNodeOfSequenceOfPoint_0.cxx
+M IntPatch:pubinclude:Handle_IntPatch_SequenceNodeOfSequenceOfLine.hxx /misc/dn61/LocalWOK/wok_entities/LOC/dev/CR0-OCCT691-7-CR0-OCCT691-occt-64/inc/Handle_IntPatch_SequenceNodeOfSequenceOfLine.hxx
+M IntPatch:pubinclude:IntPatch_SequenceNodeOfSequenceOfLine.hxx /misc/dn61/LocalWOK/wok_entities/LOC/dev/CR0-OCCT691-7-CR0-OCCT691-occt-64/inc/IntPatch_SequenceNodeOfSequenceOfLine.hxx
+M IntPatch:derivated:IntPatch_SequenceNodeOfSequenceOfLine_0.cxx /misc/dn61/LocalWOK/wok_entities/LOC/dev/CR0-OCCT691-7-CR0-OCCT691-occt-64/drv/IntPatch/IntPatch_SequenceNodeOfSequenceOfLine_0.cxx
+M IntPatch:pubinclude:Handle_IntPatch_TheIWLineOfTheIWalking.hxx /misc/dn61/LocalWOK/wok_entities/LOC/dev/CR0-OCCT691-7-CR0-OCCT691-occt-64/inc/Handle_IntPatch_TheIWLineOfTheIWalking.hxx
+M IntPatch:pubinclude:IntPatch_TheIWLineOfTheIWalking.hxx /misc/dn61/LocalWOK/wok_entities/LOC/dev/CR0-OCCT691-7-CR0-OCCT691-occt-64/inc/IntPatch_TheIWLineOfTheIWalking.hxx
+M IntPatch:derivated:IntPatch_TheIWLineOfTheIWalking_0.cxx /misc/dn61/LocalWOK/wok_entities/LOC/dev/CR0-OCCT691-7-CR0-OCCT691-occt-64/drv/IntPatch/IntPatch_TheIWLineOfTheIWalking_0.cxx
+M IntPatch:pubinclude:Handle_IntPatch_SequenceNodeOfSequenceOfIWLineOfTheIWalking.hxx /misc/dn61/LocalWOK/wok_entities/LOC/dev/CR0-OCCT691-7-CR0-OCCT691-occt-64/inc/Handle_IntPatch_SequenceNodeOfSequenceOfIWLineOfTheIWalking.hxx
+M IntPatch:pubinclude:IntPatch_SequenceNodeOfSequenceOfIWLineOfTheIWalking.hxx /misc/dn61/LocalWOK/wok_entities/LOC/dev/CR0-OCCT691-7-CR0-OCCT691-occt-64/inc/IntPatch_SequenceNodeOfSequenceOfIWLineOfTheIWalking.hxx
+M IntPatch:derivated:IntPatch_SequenceNodeOfSequenceOfIWLineOfTheIWalking_0.cxx /misc/dn61/LocalWOK/wok_entities/LOC/dev/CR0-OCCT691-7-CR0-OCCT691-occt-64/drv/IntPatch/IntPatch_SequenceNodeOfSequenceOfIWLineOfTheIWalking_0.cxx
+M IntPatch:pubinclude:IntPatch_SequenceOfIWLineOfTheIWalking.hxx /misc/dn61/LocalWOK/wok_entities/LOC/dev/CR0-OCCT691-7-CR0-OCCT691-occt-64/inc/IntPatch_SequenceOfIWLineOfTheIWalking.hxx
+M IntPatch:derivated:IntPatch_SequenceOfIWLineOfTheIWalking_0.cxx /misc/dn61/LocalWOK/wok_entities/LOC/dev/CR0-OCCT691-7-CR0-OCCT691-occt-64/drv/IntPatch/IntPatch_SequenceOfIWLineOfTheIWalking_0.cxx
+M IntPatch:pubinclude:IntPatch_ThePathPointOfTheSOnBounds.hxx /misc/dn61/LocalWOK/wok_entities/LOC/dev/CR0-OCCT691-7-CR0-OCCT691-occt-64/inc/IntPatch_ThePathPointOfTheSOnBounds.hxx
+M IntPatch:derivated:IntPatch_ThePathPointOfTheSOnBounds_0.cxx /misc/dn61/LocalWOK/wok_entities/LOC/dev/CR0-OCCT691-7-CR0-OCCT691-occt-64/drv/IntPatch/IntPatch_ThePathPointOfTheSOnBounds_0.cxx
+M IntPatch:pubinclude:Handle_IntPatch_SequenceNodeOfSequenceOfPathPointOfTheSOnBounds.hxx /misc/dn61/LocalWOK/wok_entities/LOC/dev/CR0-OCCT691-7-CR0-OCCT691-occt-64/inc/Handle_IntPatch_SequenceNodeOfSequenceOfPathPointOfTheSOnBounds.hxx
+M IntPatch:pubinclude:IntPatch_SequenceNodeOfSequenceOfPathPointOfTheSOnBounds.hxx /misc/dn61/LocalWOK/wok_entities/LOC/dev/CR0-OCCT691-7-CR0-OCCT691-occt-64/inc/IntPatch_SequenceNodeOfSequenceOfPathPointOfTheSOnBounds.hxx
+M IntPatch:derivated:IntPatch_SequenceNodeOfSequenceOfPathPointOfTheSOnBounds_0.cxx /misc/dn61/LocalWOK/wok_entities/LOC/dev/CR0-OCCT691-7-CR0-OCCT691-occt-64/drv/IntPatch/IntPatch_SequenceNodeOfSequenceOfPathPointOfTheSOnBounds_0.cxx
+M IntPatch:pubinclude:IntPatch_SequenceOfPathPointOfTheSOnBounds.hxx /misc/dn61/LocalWOK/wok_entities/LOC/dev/CR0-OCCT691-7-CR0-OCCT691-occt-64/inc/IntPatch_SequenceOfPathPointOfTheSOnBounds.hxx
+M IntPatch:derivated:IntPatch_SequenceOfPathPointOfTheSOnBounds_0.cxx /misc/dn61/LocalWOK/wok_entities/LOC/dev/CR0-OCCT691-7-CR0-OCCT691-occt-64/drv/IntPatch/IntPatch_SequenceOfPathPointOfTheSOnBounds_0.cxx
+M IntPatch:pubinclude:IntPatch_TheSegmentOfTheSOnBounds.hxx /misc/dn61/LocalWOK/wok_entities/LOC/dev/CR0-OCCT691-7-CR0-OCCT691-occt-64/inc/IntPatch_TheSegmentOfTheSOnBounds.hxx
+M IntPatch:derivated:IntPatch_TheSegmentOfTheSOnBounds_0.cxx /misc/dn61/LocalWOK/wok_entities/LOC/dev/CR0-OCCT691-7-CR0-OCCT691-occt-64/drv/IntPatch/IntPatch_TheSegmentOfTheSOnBounds_0.cxx
+M IntPatch:pubinclude:Handle_IntPatch_SequenceNodeOfSequenceOfSegmentOfTheSOnBounds.hxx /misc/dn61/LocalWOK/wok_entities/LOC/dev/CR0-OCCT691-7-CR0-OCCT691-occt-64/inc/Handle_IntPatch_SequenceNodeOfSequenceOfSegmentOfTheSOnBounds.hxx
+M IntPatch:pubinclude:IntPatch_SequenceNodeOfSequenceOfSegmentOfTheSOnBounds.hxx /misc/dn61/LocalWOK/wok_entities/LOC/dev/CR0-OCCT691-7-CR0-OCCT691-occt-64/inc/IntPatch_SequenceNodeOfSequenceOfSegmentOfTheSOnBounds.hxx
+M IntPatch:derivated:IntPatch_SequenceNodeOfSequenceOfSegmentOfTheSOnBounds_0.cxx /misc/dn61/LocalWOK/wok_entities/LOC/dev/CR0-OCCT691-7-CR0-OCCT691-occt-64/drv/IntPatch/IntPatch_SequenceNodeOfSequenceOfSegmentOfTheSOnBounds_0.cxx
+M IntPatch:pubinclude:IntPatch_SequenceOfSegmentOfTheSOnBounds.hxx /misc/dn61/LocalWOK/wok_entities/LOC/dev/CR0-OCCT691-7-CR0-OCCT691-occt-64/inc/IntPatch_SequenceOfSegmentOfTheSOnBounds.hxx
+M IntPatch:derivated:IntPatch_SequenceOfSegmentOfTheSOnBounds_0.cxx /misc/dn61/LocalWOK/wok_entities/LOC/dev/CR0-OCCT691-7-CR0-OCCT691-occt-64/drv/IntPatch/IntPatch_SequenceOfSegmentOfTheSOnBounds_0.cxx
+M IntPatch:pubinclude:IntPatch_IType.hxx /misc/dn61/LocalWOK/wok_entities/LOC/dev/CR0-OCCT691-7-CR0-OCCT691-occt-64/inc/IntPatch_IType.hxx
+M IntPatch:pubinclude:IntPatch_SearchPnt.hxx /misc/dn61/LocalWOK/wok_entities/LOC/dev/CR0-OCCT691-7-CR0-OCCT691-occt-64/inc/IntPatch_SearchPnt.hxx
+M IntPatch:dbadmfile:IntPatch_xcpp_header.In /misc/dn61/LocalWOK/wok_entities/LOC/dev/CR0-OCCT691-7-CR0-OCCT691-occt-64/drv/IntPatch/.adm/IntPatch_xcpp_header.In
+M IntPatch:dbadmfile:IntPatch_xcpp_header.Out /misc/dn61/LocalWOK/wok_entities/LOC/dev/CR0-OCCT691-7-CR0-OCCT691-occt-64/drv/IntPatch/.adm/IntPatch_xcpp_header.Out
+M IntPatch:dbadmfile:IntPatch_xcpp_header.Dep /misc/dn61/LocalWOK/wok_entities/LOC/dev/CR0-OCCT691-7-CR0-OCCT691-occt-64/drv/IntPatch/.adm/IntPatch_xcpp_header.Dep
