+M IntPatch:pubinclude:IntPatch_ImpImpIntersection_0.gxx /misc/dn61/LocalWOK/wok_entities/LOC/dev/CR0-OCCT691-7-CR0-OCCT691-occt-64/inc/IntPatch_ImpImpIntersection_0.gxx
+M IntPatch:pubinclude:IntPatch_ImpImpIntersection_1.gxx /misc/dn61/LocalWOK/wok_entities/LOC/dev/CR0-OCCT691-7-CR0-OCCT691-occt-64/inc/IntPatch_ImpImpIntersection_1.gxx
+M IntPatch:pubinclude:IntPatch_ImpImpIntersection_2.gxx /misc/dn61/LocalWOK/wok_entities/LOC/dev/CR0-OCCT691-7-CR0-OCCT691-occt-64/inc/IntPatch_ImpImpIntersection_2.gxx
+M IntPatch:pubinclude:IntPatch_ImpImpIntersection_3.gxx /misc/dn61/LocalWOK/wok_entities/LOC/dev/CR0-OCCT691-7-CR0-OCCT691-occt-64/inc/IntPatch_ImpImpIntersection_3.gxx
+M IntPatch:pubinclude:IntPatch_ImpImpIntersection_4.gxx /misc/dn61/LocalWOK/wok_entities/LOC/dev/CR0-OCCT691-7-CR0-OCCT691-occt-64/inc/IntPatch_ImpImpIntersection_4.gxx
+M IntPatch:pubinclude:IntPatch_ImpImpIntersection_5.gxx /misc/dn61/LocalWOK/wok_entities/LOC/dev/CR0-OCCT691-7-CR0-OCCT691-occt-64/inc/IntPatch_ImpImpIntersection_5.gxx
+M IntPatch:pubinclude:IntPatch_ImpImpIntersection_6.gxx /misc/dn61/LocalWOK/wok_entities/LOC/dev/CR0-OCCT691-7-CR0-OCCT691-occt-64/inc/IntPatch_ImpImpIntersection_6.gxx
+M IntPatch:pubinclude:IntPatch_Point.lxx /misc/dn61/LocalWOK/wok_entities/LOC/dev/CR0-OCCT691-7-CR0-OCCT691-occt-64/inc/IntPatch_Point.lxx
+M IntPatch:pubinclude:IntPatch_Line.lxx /misc/dn61/LocalWOK/wok_entities/LOC/dev/CR0-OCCT691-7-CR0-OCCT691-occt-64/inc/IntPatch_Line.lxx
+M IntPatch:pubinclude:IntPatch_ALine.lxx /misc/dn61/LocalWOK/wok_entities/LOC/dev/CR0-OCCT691-7-CR0-OCCT691-occt-64/inc/IntPatch_ALine.lxx
+M IntPatch:pubinclude:IntPatch_GLine.lxx /misc/dn61/LocalWOK/wok_entities/LOC/dev/CR0-OCCT691-7-CR0-OCCT691-occt-64/inc/IntPatch_GLine.lxx
+M IntPatch:pubinclude:IntPatch_RLine.lxx /misc/dn61/LocalWOK/wok_entities/LOC/dev/CR0-OCCT691-7-CR0-OCCT691-occt-64/inc/IntPatch_RLine.lxx
+M IntPatch:pubinclude:IntPatch_WLine.lxx /misc/dn61/LocalWOK/wok_entities/LOC/dev/CR0-OCCT691-7-CR0-OCCT691-occt-64/inc/IntPatch_WLine.lxx
+M IntPatch:pubinclude:IntPatch_ArcFunction.lxx /misc/dn61/LocalWOK/wok_entities/LOC/dev/CR0-OCCT691-7-CR0-OCCT691-occt-64/inc/IntPatch_ArcFunction.lxx
+M IntPatch:pubinclude:IntPatch_ImpImpIntersection.lxx /misc/dn61/LocalWOK/wok_entities/LOC/dev/CR0-OCCT691-7-CR0-OCCT691-occt-64/inc/IntPatch_ImpImpIntersection.lxx
+M IntPatch:pubinclude:IntPatch_Polygo.lxx /misc/dn61/LocalWOK/wok_entities/LOC/dev/CR0-OCCT691-7-CR0-OCCT691-occt-64/inc/IntPatch_Polygo.lxx
+M IntPatch:pubinclude:IntPatch_ImpPrmIntersection.lxx /misc/dn61/LocalWOK/wok_entities/LOC/dev/CR0-OCCT691-7-CR0-OCCT691-occt-64/inc/IntPatch_ImpPrmIntersection.lxx
+M IntPatch:pubinclude:IntPatch_PolyhedronTool.lxx /misc/dn61/LocalWOK/wok_entities/LOC/dev/CR0-OCCT691-7-CR0-OCCT691-occt-64/inc/IntPatch_PolyhedronTool.lxx
+M IntPatch:pubinclude:IntPatch_PrmPrmIntersection_T3Bits.lxx /misc/dn61/LocalWOK/wok_entities/LOC/dev/CR0-OCCT691-7-CR0-OCCT691-occt-64/inc/IntPatch_PrmPrmIntersection_T3Bits.lxx
+M IntPatch:pubinclude:IntPatch_PrmPrmIntersection.lxx /misc/dn61/LocalWOK/wok_entities/LOC/dev/CR0-OCCT691-7-CR0-OCCT691-occt-64/inc/IntPatch_PrmPrmIntersection.lxx
+M IntPatch:pubinclude:IntPatch_HInterTool.lxx /misc/dn61/LocalWOK/wok_entities/LOC/dev/CR0-OCCT691-7-CR0-OCCT691-occt-64/inc/IntPatch_HInterTool.lxx
+M IntPatch:pubinclude:IntPatch_HCurve2dTool.lxx /misc/dn61/LocalWOK/wok_entities/LOC/dev/CR0-OCCT691-7-CR0-OCCT691-occt-64/inc/IntPatch_HCurve2dTool.lxx
+M IntPatch:pubinclude:IntPatch_Intersection.lxx /misc/dn61/LocalWOK/wok_entities/LOC/dev/CR0-OCCT691-7-CR0-OCCT691-occt-64/inc/IntPatch_Intersection.lxx
+M IntPatch:dbadmfile:IntPatch_obj_inc.In /misc/dn61/LocalWOK/wok_entities/LOC/dev/CR0-OCCT691-7-CR0-OCCT691-occt-64/drv/IntPatch/.adm/IntPatch_obj_inc.In
+M IntPatch:dbadmfile:IntPatch_obj_inc.Out /misc/dn61/LocalWOK/wok_entities/LOC/dev/CR0-OCCT691-7-CR0-OCCT691-occt-64/drv/IntPatch/.adm/IntPatch_obj_inc.Out
+M IntPatch:dbadmfile:IntPatch_obj_inc.Dep /misc/dn61/LocalWOK/wok_entities/LOC/dev/CR0-OCCT691-7-CR0-OCCT691-occt-64/drv/IntPatch/.adm/IntPatch_obj_inc.Dep
