+M PGeom2d:pubinclude:Handle_PGeom2d_Transformation.hxx /misc/dn61/LocalWOK/wok_entities/LOC/dev/CR0-OCCT691-7-CR0-OCCT691-occt-64/inc/Handle_PGeom2d_Transformation.hxx
+M PGeom2d:pubinclude:PGeom2d_Transformation.hxx /misc/dn61/LocalWOK/wok_entities/LOC/dev/CR0-OCCT691-7-CR0-OCCT691-occt-64/inc/PGeom2d_Transformation.hxx
+M PGeom2d:privinclude:PGeom2d_Transformation.jxx /misc/dn61/LocalWOK/wok_entities/LOC/dev/CR0-OCCT691-7-CR0-OCCT691-occt-64/drv/PGeom2d/PGeom2d_Transformation.jxx
+M PGeom2d:privinclude:PGeom2d_Transformation.ixx /misc/dn61/LocalWOK/wok_entities/LOC/dev/CR0-OCCT691-7-CR0-OCCT691-occt-64/drv/PGeom2d/PGeom2d_Transformation.ixx
+M PGeom2d:pubinclude:Handle_PGeom2d_Geometry.hxx /misc/dn61/LocalWOK/wok_entities/LOC/dev/CR0-OCCT691-7-CR0-OCCT691-occt-64/inc/Handle_PGeom2d_Geometry.hxx
+M PGeom2d:pubinclude:PGeom2d_Geometry.hxx /misc/dn61/LocalWOK/wok_entities/LOC/dev/CR0-OCCT691-7-CR0-OCCT691-occt-64/inc/PGeom2d_Geometry.hxx
+M PGeom2d:privinclude:PGeom2d_Geometry.jxx /misc/dn61/LocalWOK/wok_entities/LOC/dev/CR0-OCCT691-7-CR0-OCCT691-occt-64/drv/PGeom2d/PGeom2d_Geometry.jxx
+M PGeom2d:privinclude:PGeom2d_Geometry.ixx /misc/dn61/LocalWOK/wok_entities/LOC/dev/CR0-OCCT691-7-CR0-OCCT691-occt-64/drv/PGeom2d/PGeom2d_Geometry.ixx
+M PGeom2d:pubinclude:Handle_PGeom2d_Point.hxx /misc/dn61/LocalWOK/wok_entities/LOC/dev/CR0-OCCT691-7-CR0-OCCT691-occt-64/inc/Handle_PGeom2d_Point.hxx
+M PGeom2d:pubinclude:PGeom2d_Point.hxx /misc/dn61/LocalWOK/wok_entities/LOC/dev/CR0-OCCT691-7-CR0-OCCT691-occt-64/inc/PGeom2d_Point.hxx
+M PGeom2d:privinclude:PGeom2d_Point.jxx /misc/dn61/LocalWOK/wok_entities/LOC/dev/CR0-OCCT691-7-CR0-OCCT691-occt-64/drv/PGeom2d/PGeom2d_Point.jxx
+M PGeom2d:privinclude:PGeom2d_Point.ixx /misc/dn61/LocalWOK/wok_entities/LOC/dev/CR0-OCCT691-7-CR0-OCCT691-occt-64/drv/PGeom2d/PGeom2d_Point.ixx
+M PGeom2d:pubinclude:Handle_PGeom2d_CartesianPoint.hxx /misc/dn61/LocalWOK/wok_entities/LOC/dev/CR0-OCCT691-7-CR0-OCCT691-occt-64/inc/Handle_PGeom2d_CartesianPoint.hxx
+M PGeom2d:pubinclude:PGeom2d_CartesianPoint.hxx /misc/dn61/LocalWOK/wok_entities/LOC/dev/CR0-OCCT691-7-CR0-OCCT691-occt-64/inc/PGeom2d_CartesianPoint.hxx
+M PGeom2d:privinclude:PGeom2d_CartesianPoint.jxx /misc/dn61/LocalWOK/wok_entities/LOC/dev/CR0-OCCT691-7-CR0-OCCT691-occt-64/drv/PGeom2d/PGeom2d_CartesianPoint.jxx
+M PGeom2d:privinclude:PGeom2d_CartesianPoint.ixx /misc/dn61/LocalWOK/wok_entities/LOC/dev/CR0-OCCT691-7-CR0-OCCT691-occt-64/drv/PGeom2d/PGeom2d_CartesianPoint.ixx
+M PGeom2d:pubinclude:Handle_PGeom2d_Vector.hxx /misc/dn61/LocalWOK/wok_entities/LOC/dev/CR0-OCCT691-7-CR0-OCCT691-occt-64/inc/Handle_PGeom2d_Vector.hxx
+M PGeom2d:pubinclude:PGeom2d_Vector.hxx /misc/dn61/LocalWOK/wok_entities/LOC/dev/CR0-OCCT691-7-CR0-OCCT691-occt-64/inc/PGeom2d_Vector.hxx
+M PGeom2d:privinclude:PGeom2d_Vector.jxx /misc/dn61/LocalWOK/wok_entities/LOC/dev/CR0-OCCT691-7-CR0-OCCT691-occt-64/drv/PGeom2d/PGeom2d_Vector.jxx
+M PGeom2d:privinclude:PGeom2d_Vector.ixx /misc/dn61/LocalWOK/wok_entities/LOC/dev/CR0-OCCT691-7-CR0-OCCT691-occt-64/drv/PGeom2d/PGeom2d_Vector.ixx
+M PGeom2d:pubinclude:Handle_PGeom2d_Direction.hxx /misc/dn61/LocalWOK/wok_entities/LOC/dev/CR0-OCCT691-7-CR0-OCCT691-occt-64/inc/Handle_PGeom2d_Direction.hxx
+M PGeom2d:pubinclude:PGeom2d_Direction.hxx /misc/dn61/LocalWOK/wok_entities/LOC/dev/CR0-OCCT691-7-CR0-OCCT691-occt-64/inc/PGeom2d_Direction.hxx
+M PGeom2d:privinclude:PGeom2d_Direction.jxx /misc/dn61/LocalWOK/wok_entities/LOC/dev/CR0-OCCT691-7-CR0-OCCT691-occt-64/drv/PGeom2d/PGeom2d_Direction.jxx
+M PGeom2d:privinclude:PGeom2d_Direction.ixx /misc/dn61/LocalWOK/wok_entities/LOC/dev/CR0-OCCT691-7-CR0-OCCT691-occt-64/drv/PGeom2d/PGeom2d_Direction.ixx
+M PGeom2d:pubinclude:Handle_PGeom2d_VectorWithMagnitude.hxx /misc/dn61/LocalWOK/wok_entities/LOC/dev/CR0-OCCT691-7-CR0-OCCT691-occt-64/inc/Handle_PGeom2d_VectorWithMagnitude.hxx
+M PGeom2d:pubinclude:PGeom2d_VectorWithMagnitude.hxx /misc/dn61/LocalWOK/wok_entities/LOC/dev/CR0-OCCT691-7-CR0-OCCT691-occt-64/inc/PGeom2d_VectorWithMagnitude.hxx
+M PGeom2d:privinclude:PGeom2d_VectorWithMagnitude.jxx /misc/dn61/LocalWOK/wok_entities/LOC/dev/CR0-OCCT691-7-CR0-OCCT691-occt-64/drv/PGeom2d/PGeom2d_VectorWithMagnitude.jxx
+M PGeom2d:privinclude:PGeom2d_VectorWithMagnitude.ixx /misc/dn61/LocalWOK/wok_entities/LOC/dev/CR0-OCCT691-7-CR0-OCCT691-occt-64/drv/PGeom2d/PGeom2d_VectorWithMagnitude.ixx
+M PGeom2d:pubinclude:Handle_PGeom2d_AxisPlacement.hxx /misc/dn61/LocalWOK/wok_entities/LOC/dev/CR0-OCCT691-7-CR0-OCCT691-occt-64/inc/Handle_PGeom2d_AxisPlacement.hxx
+M PGeom2d:pubinclude:PGeom2d_AxisPlacement.hxx /misc/dn61/LocalWOK/wok_entities/LOC/dev/CR0-OCCT691-7-CR0-OCCT691-occt-64/inc/PGeom2d_AxisPlacement.hxx
+M PGeom2d:privinclude:PGeom2d_AxisPlacement.jxx /misc/dn61/LocalWOK/wok_entities/LOC/dev/CR0-OCCT691-7-CR0-OCCT691-occt-64/drv/PGeom2d/PGeom2d_AxisPlacement.jxx
+M PGeom2d:privinclude:PGeom2d_AxisPlacement.ixx /misc/dn61/LocalWOK/wok_entities/LOC/dev/CR0-OCCT691-7-CR0-OCCT691-occt-64/drv/PGeom2d/PGeom2d_AxisPlacement.ixx
+M PGeom2d:pubinclude:Handle_PGeom2d_Curve.hxx /misc/dn61/LocalWOK/wok_entities/LOC/dev/CR0-OCCT691-7-CR0-OCCT691-occt-64/inc/Handle_PGeom2d_Curve.hxx
+M PGeom2d:pubinclude:PGeom2d_Curve.hxx /misc/dn61/LocalWOK/wok_entities/LOC/dev/CR0-OCCT691-7-CR0-OCCT691-occt-64/inc/PGeom2d_Curve.hxx
+M PGeom2d:privinclude:PGeom2d_Curve.jxx /misc/dn61/LocalWOK/wok_entities/LOC/dev/CR0-OCCT691-7-CR0-OCCT691-occt-64/drv/PGeom2d/PGeom2d_Curve.jxx
+M PGeom2d:privinclude:PGeom2d_Curve.ixx /misc/dn61/LocalWOK/wok_entities/LOC/dev/CR0-OCCT691-7-CR0-OCCT691-occt-64/drv/PGeom2d/PGeom2d_Curve.ixx
+M PGeom2d:pubinclude:Handle_PGeom2d_Line.hxx /misc/dn61/LocalWOK/wok_entities/LOC/dev/CR0-OCCT691-7-CR0-OCCT691-occt-64/inc/Handle_PGeom2d_Line.hxx
+M PGeom2d:pubinclude:PGeom2d_Line.hxx /misc/dn61/LocalWOK/wok_entities/LOC/dev/CR0-OCCT691-7-CR0-OCCT691-occt-64/inc/PGeom2d_Line.hxx
+M PGeom2d:privinclude:PGeom2d_Line.jxx /misc/dn61/LocalWOK/wok_entities/LOC/dev/CR0-OCCT691-7-CR0-OCCT691-occt-64/drv/PGeom2d/PGeom2d_Line.jxx
+M PGeom2d:privinclude:PGeom2d_Line.ixx /misc/dn61/LocalWOK/wok_entities/LOC/dev/CR0-OCCT691-7-CR0-OCCT691-occt-64/drv/PGeom2d/PGeom2d_Line.ixx
+M PGeom2d:pubinclude:Handle_PGeom2d_Conic.hxx /misc/dn61/LocalWOK/wok_entities/LOC/dev/CR0-OCCT691-7-CR0-OCCT691-occt-64/inc/Handle_PGeom2d_Conic.hxx
+M PGeom2d:pubinclude:PGeom2d_Conic.hxx /misc/dn61/LocalWOK/wok_entities/LOC/dev/CR0-OCCT691-7-CR0-OCCT691-occt-64/inc/PGeom2d_Conic.hxx
+M PGeom2d:privinclude:PGeom2d_Conic.jxx /misc/dn61/LocalWOK/wok_entities/LOC/dev/CR0-OCCT691-7-CR0-OCCT691-occt-64/drv/PGeom2d/PGeom2d_Conic.jxx
+M PGeom2d:privinclude:PGeom2d_Conic.ixx /misc/dn61/LocalWOK/wok_entities/LOC/dev/CR0-OCCT691-7-CR0-OCCT691-occt-64/drv/PGeom2d/PGeom2d_Conic.ixx
+M PGeom2d:pubinclude:Handle_PGeom2d_Circle.hxx /misc/dn61/LocalWOK/wok_entities/LOC/dev/CR0-OCCT691-7-CR0-OCCT691-occt-64/inc/Handle_PGeom2d_Circle.hxx
+M PGeom2d:pubinclude:PGeom2d_Circle.hxx /misc/dn61/LocalWOK/wok_entities/LOC/dev/CR0-OCCT691-7-CR0-OCCT691-occt-64/inc/PGeom2d_Circle.hxx
+M PGeom2d:privinclude:PGeom2d_Circle.jxx /misc/dn61/LocalWOK/wok_entities/LOC/dev/CR0-OCCT691-7-CR0-OCCT691-occt-64/drv/PGeom2d/PGeom2d_Circle.jxx
+M PGeom2d:privinclude:PGeom2d_Circle.ixx /misc/dn61/LocalWOK/wok_entities/LOC/dev/CR0-OCCT691-7-CR0-OCCT691-occt-64/drv/PGeom2d/PGeom2d_Circle.ixx
+M PGeom2d:pubinclude:Handle_PGeom2d_Ellipse.hxx /misc/dn61/LocalWOK/wok_entities/LOC/dev/CR0-OCCT691-7-CR0-OCCT691-occt-64/inc/Handle_PGeom2d_Ellipse.hxx
+M PGeom2d:pubinclude:PGeom2d_Ellipse.hxx /misc/dn61/LocalWOK/wok_entities/LOC/dev/CR0-OCCT691-7-CR0-OCCT691-occt-64/inc/PGeom2d_Ellipse.hxx
+M PGeom2d:privinclude:PGeom2d_Ellipse.jxx /misc/dn61/LocalWOK/wok_entities/LOC/dev/CR0-OCCT691-7-CR0-OCCT691-occt-64/drv/PGeom2d/PGeom2d_Ellipse.jxx
+M PGeom2d:privinclude:PGeom2d_Ellipse.ixx /misc/dn61/LocalWOK/wok_entities/LOC/dev/CR0-OCCT691-7-CR0-OCCT691-occt-64/drv/PGeom2d/PGeom2d_Ellipse.ixx
+M PGeom2d:pubinclude:Handle_PGeom2d_Hyperbola.hxx /misc/dn61/LocalWOK/wok_entities/LOC/dev/CR0-OCCT691-7-CR0-OCCT691-occt-64/inc/Handle_PGeom2d_Hyperbola.hxx
+M PGeom2d:pubinclude:PGeom2d_Hyperbola.hxx /misc/dn61/LocalWOK/wok_entities/LOC/dev/CR0-OCCT691-7-CR0-OCCT691-occt-64/inc/PGeom2d_Hyperbola.hxx
+M PGeom2d:privinclude:PGeom2d_Hyperbola.jxx /misc/dn61/LocalWOK/wok_entities/LOC/dev/CR0-OCCT691-7-CR0-OCCT691-occt-64/drv/PGeom2d/PGeom2d_Hyperbola.jxx
+M PGeom2d:privinclude:PGeom2d_Hyperbola.ixx /misc/dn61/LocalWOK/wok_entities/LOC/dev/CR0-OCCT691-7-CR0-OCCT691-occt-64/drv/PGeom2d/PGeom2d_Hyperbola.ixx
+M PGeom2d:pubinclude:Handle_PGeom2d_Parabola.hxx /misc/dn61/LocalWOK/wok_entities/LOC/dev/CR0-OCCT691-7-CR0-OCCT691-occt-64/inc/Handle_PGeom2d_Parabola.hxx
+M PGeom2d:pubinclude:PGeom2d_Parabola.hxx /misc/dn61/LocalWOK/wok_entities/LOC/dev/CR0-OCCT691-7-CR0-OCCT691-occt-64/inc/PGeom2d_Parabola.hxx
+M PGeom2d:privinclude:PGeom2d_Parabola.jxx /misc/dn61/LocalWOK/wok_entities/LOC/dev/CR0-OCCT691-7-CR0-OCCT691-occt-64/drv/PGeom2d/PGeom2d_Parabola.jxx
+M PGeom2d:privinclude:PGeom2d_Parabola.ixx /misc/dn61/LocalWOK/wok_entities/LOC/dev/CR0-OCCT691-7-CR0-OCCT691-occt-64/drv/PGeom2d/PGeom2d_Parabola.ixx
+M PGeom2d:pubinclude:Handle_PGeom2d_BoundedCurve.hxx /misc/dn61/LocalWOK/wok_entities/LOC/dev/CR0-OCCT691-7-CR0-OCCT691-occt-64/inc/Handle_PGeom2d_BoundedCurve.hxx
+M PGeom2d:pubinclude:PGeom2d_BoundedCurve.hxx /misc/dn61/LocalWOK/wok_entities/LOC/dev/CR0-OCCT691-7-CR0-OCCT691-occt-64/inc/PGeom2d_BoundedCurve.hxx
+M PGeom2d:privinclude:PGeom2d_BoundedCurve.jxx /misc/dn61/LocalWOK/wok_entities/LOC/dev/CR0-OCCT691-7-CR0-OCCT691-occt-64/drv/PGeom2d/PGeom2d_BoundedCurve.jxx
+M PGeom2d:privinclude:PGeom2d_BoundedCurve.ixx /misc/dn61/LocalWOK/wok_entities/LOC/dev/CR0-OCCT691-7-CR0-OCCT691-occt-64/drv/PGeom2d/PGeom2d_BoundedCurve.ixx
+M PGeom2d:pubinclude:Handle_PGeom2d_BezierCurve.hxx /misc/dn61/LocalWOK/wok_entities/LOC/dev/CR0-OCCT691-7-CR0-OCCT691-occt-64/inc/Handle_PGeom2d_BezierCurve.hxx
+M PGeom2d:pubinclude:PGeom2d_BezierCurve.hxx /misc/dn61/LocalWOK/wok_entities/LOC/dev/CR0-OCCT691-7-CR0-OCCT691-occt-64/inc/PGeom2d_BezierCurve.hxx
+M PGeom2d:privinclude:PGeom2d_BezierCurve.jxx /misc/dn61/LocalWOK/wok_entities/LOC/dev/CR0-OCCT691-7-CR0-OCCT691-occt-64/drv/PGeom2d/PGeom2d_BezierCurve.jxx
+M PGeom2d:privinclude:PGeom2d_BezierCurve.ixx /misc/dn61/LocalWOK/wok_entities/LOC/dev/CR0-OCCT691-7-CR0-OCCT691-occt-64/drv/PGeom2d/PGeom2d_BezierCurve.ixx
+M PGeom2d:pubinclude:Handle_PGeom2d_BSplineCurve.hxx /misc/dn61/LocalWOK/wok_entities/LOC/dev/CR0-OCCT691-7-CR0-OCCT691-occt-64/inc/Handle_PGeom2d_BSplineCurve.hxx
+M PGeom2d:pubinclude:PGeom2d_BSplineCurve.hxx /misc/dn61/LocalWOK/wok_entities/LOC/dev/CR0-OCCT691-7-CR0-OCCT691-occt-64/inc/PGeom2d_BSplineCurve.hxx
+M PGeom2d:privinclude:PGeom2d_BSplineCurve.jxx /misc/dn61/LocalWOK/wok_entities/LOC/dev/CR0-OCCT691-7-CR0-OCCT691-occt-64/drv/PGeom2d/PGeom2d_BSplineCurve.jxx
+M PGeom2d:privinclude:PGeom2d_BSplineCurve.ixx /misc/dn61/LocalWOK/wok_entities/LOC/dev/CR0-OCCT691-7-CR0-OCCT691-occt-64/drv/PGeom2d/PGeom2d_BSplineCurve.ixx
+M PGeom2d:pubinclude:Handle_PGeom2d_TrimmedCurve.hxx /misc/dn61/LocalWOK/wok_entities/LOC/dev/CR0-OCCT691-7-CR0-OCCT691-occt-64/inc/Handle_PGeom2d_TrimmedCurve.hxx
+M PGeom2d:pubinclude:PGeom2d_TrimmedCurve.hxx /misc/dn61/LocalWOK/wok_entities/LOC/dev/CR0-OCCT691-7-CR0-OCCT691-occt-64/inc/PGeom2d_TrimmedCurve.hxx
+M PGeom2d:privinclude:PGeom2d_TrimmedCurve.jxx /misc/dn61/LocalWOK/wok_entities/LOC/dev/CR0-OCCT691-7-CR0-OCCT691-occt-64/drv/PGeom2d/PGeom2d_TrimmedCurve.jxx
+M PGeom2d:privinclude:PGeom2d_TrimmedCurve.ixx /misc/dn61/LocalWOK/wok_entities/LOC/dev/CR0-OCCT691-7-CR0-OCCT691-occt-64/drv/PGeom2d/PGeom2d_TrimmedCurve.ixx
+M PGeom2d:pubinclude:Handle_PGeom2d_OffsetCurve.hxx /misc/dn61/LocalWOK/wok_entities/LOC/dev/CR0-OCCT691-7-CR0-OCCT691-occt-64/inc/Handle_PGeom2d_OffsetCurve.hxx
+M PGeom2d:pubinclude:PGeom2d_OffsetCurve.hxx /misc/dn61/LocalWOK/wok_entities/LOC/dev/CR0-OCCT691-7-CR0-OCCT691-occt-64/inc/PGeom2d_OffsetCurve.hxx
+M PGeom2d:privinclude:PGeom2d_OffsetCurve.jxx /misc/dn61/LocalWOK/wok_entities/LOC/dev/CR0-OCCT691-7-CR0-OCCT691-occt-64/drv/PGeom2d/PGeom2d_OffsetCurve.jxx
+M PGeom2d:privinclude:PGeom2d_OffsetCurve.ixx /misc/dn61/LocalWOK/wok_entities/LOC/dev/CR0-OCCT691-7-CR0-OCCT691-occt-64/drv/PGeom2d/PGeom2d_OffsetCurve.ixx
+M PGeom2d:dbadmfile:PGeom2d_xcpp_header.In /misc/dn61/LocalWOK/wok_entities/LOC/dev/CR0-OCCT691-7-CR0-OCCT691-occt-64/drv/PGeom2d/.adm/PGeom2d_xcpp_header.In
+M PGeom2d:dbadmfile:PGeom2d_xcpp_header.Out /misc/dn61/LocalWOK/wok_entities/LOC/dev/CR0-OCCT691-7-CR0-OCCT691-occt-64/drv/PGeom2d/.adm/PGeom2d_xcpp_header.Out
+M PGeom2d:dbadmfile:PGeom2d_xcpp_header.Dep /misc/dn61/LocalWOK/wok_entities/LOC/dev/CR0-OCCT691-7-CR0-OCCT691-occt-64/drv/PGeom2d/.adm/PGeom2d_xcpp_header.Dep
