+M TFunction:pubinclude:Handle_TFunction_Driver.hxx /misc/dn61/LocalWOK/wok_entities/LOC/dev/CR0-OCCT691-7-CR0-OCCT691-occt-64/inc/Handle_TFunction_Driver.hxx
+M TFunction:pubinclude:TFunction_Driver.hxx /misc/dn61/LocalWOK/wok_entities/LOC/dev/CR0-OCCT691-7-CR0-OCCT691-occt-64/inc/TFunction_Driver.hxx
+M TFunction:privinclude:TFunction_Driver.jxx /misc/dn61/LocalWOK/wok_entities/LOC/dev/CR0-OCCT691-7-CR0-OCCT691-occt-64/drv/TFunction/TFunction_Driver.jxx
+M TFunction:privinclude:TFunction_Driver.ixx /misc/dn61/LocalWOK/wok_entities/LOC/dev/CR0-OCCT691-7-CR0-OCCT691-occt-64/drv/TFunction/TFunction_Driver.ixx
+M TFunction:pubinclude:Handle_TFunction_DriverTable.hxx /misc/dn61/LocalWOK/wok_entities/LOC/dev/CR0-OCCT691-7-CR0-OCCT691-occt-64/inc/Handle_TFunction_DriverTable.hxx
+M TFunction:pubinclude:TFunction_DriverTable.hxx /misc/dn61/LocalWOK/wok_entities/LOC/dev/CR0-OCCT691-7-CR0-OCCT691-occt-64/inc/TFunction_DriverTable.hxx
+M TFunction:privinclude:TFunction_DriverTable.jxx /misc/dn61/LocalWOK/wok_entities/LOC/dev/CR0-OCCT691-7-CR0-OCCT691-occt-64/drv/TFunction/TFunction_DriverTable.jxx
+M TFunction:privinclude:TFunction_DriverTable.ixx /misc/dn61/LocalWOK/wok_entities/LOC/dev/CR0-OCCT691-7-CR0-OCCT691-occt-64/drv/TFunction/TFunction_DriverTable.ixx
+M TFunction:pubinclude:TFunction_Logbook.hxx /misc/dn61/LocalWOK/wok_entities/LOC/dev/CR0-OCCT691-7-CR0-OCCT691-occt-64/inc/TFunction_Logbook.hxx
+M TFunction:privinclude:TFunction_Logbook.jxx /misc/dn61/LocalWOK/wok_entities/LOC/dev/CR0-OCCT691-7-CR0-OCCT691-occt-64/drv/TFunction/TFunction_Logbook.jxx
+M TFunction:privinclude:TFunction_Logbook.ixx /misc/dn61/LocalWOK/wok_entities/LOC/dev/CR0-OCCT691-7-CR0-OCCT691-occt-64/drv/TFunction/TFunction_Logbook.ixx
+M TFunction:pubinclude:TFunction_DataMapOfGUIDDriver.hxx /misc/dn61/LocalWOK/wok_entities/LOC/dev/CR0-OCCT691-7-CR0-OCCT691-occt-64/inc/TFunction_DataMapOfGUIDDriver.hxx
+M TFunction:derivated:TFunction_DataMapOfGUIDDriver_0.cxx /misc/dn61/LocalWOK/wok_entities/LOC/dev/CR0-OCCT691-7-CR0-OCCT691-occt-64/drv/TFunction/TFunction_DataMapOfGUIDDriver_0.cxx
+M TFunction:pubinclude:TFunction_Array1OfDataMapOfGUIDDriver.hxx /misc/dn61/LocalWOK/wok_entities/LOC/dev/CR0-OCCT691-7-CR0-OCCT691-occt-64/inc/TFunction_Array1OfDataMapOfGUIDDriver.hxx
+M TFunction:derivated:TFunction_Array1OfDataMapOfGUIDDriver_0.cxx /misc/dn61/LocalWOK/wok_entities/LOC/dev/CR0-OCCT691-7-CR0-OCCT691-occt-64/drv/TFunction/TFunction_Array1OfDataMapOfGUIDDriver_0.cxx
+M TFunction:pubinclude:Handle_TFunction_HArray1OfDataMapOfGUIDDriver.hxx /misc/dn61/LocalWOK/wok_entities/LOC/dev/CR0-OCCT691-7-CR0-OCCT691-occt-64/inc/Handle_TFunction_HArray1OfDataMapOfGUIDDriver.hxx
+M TFunction:pubinclude:TFunction_HArray1OfDataMapOfGUIDDriver.hxx /misc/dn61/LocalWOK/wok_entities/LOC/dev/CR0-OCCT691-7-CR0-OCCT691-occt-64/inc/TFunction_HArray1OfDataMapOfGUIDDriver.hxx
+M TFunction:derivated:TFunction_HArray1OfDataMapOfGUIDDriver_0.cxx /misc/dn61/LocalWOK/wok_entities/LOC/dev/CR0-OCCT691-7-CR0-OCCT691-occt-64/drv/TFunction/TFunction_HArray1OfDataMapOfGUIDDriver_0.cxx
+M TFunction:pubinclude:Handle_TFunction_Function.hxx /misc/dn61/LocalWOK/wok_entities/LOC/dev/CR0-OCCT691-7-CR0-OCCT691-occt-64/inc/Handle_TFunction_Function.hxx
+M TFunction:pubinclude:TFunction_Function.hxx /misc/dn61/LocalWOK/wok_entities/LOC/dev/CR0-OCCT691-7-CR0-OCCT691-occt-64/inc/TFunction_Function.hxx
+M TFunction:privinclude:TFunction_Function.jxx /misc/dn61/LocalWOK/wok_entities/LOC/dev/CR0-OCCT691-7-CR0-OCCT691-occt-64/drv/TFunction/TFunction_Function.jxx
+M TFunction:privinclude:TFunction_Function.ixx /misc/dn61/LocalWOK/wok_entities/LOC/dev/CR0-OCCT691-7-CR0-OCCT691-occt-64/drv/TFunction/TFunction_Function.ixx
+M TFunction:pubinclude:Handle_TFunction_GraphNode.hxx /misc/dn61/LocalWOK/wok_entities/LOC/dev/CR0-OCCT691-7-CR0-OCCT691-occt-64/inc/Handle_TFunction_GraphNode.hxx
+M TFunction:pubinclude:TFunction_GraphNode.hxx /misc/dn61/LocalWOK/wok_entities/LOC/dev/CR0-OCCT691-7-CR0-OCCT691-occt-64/inc/TFunction_GraphNode.hxx
+M TFunction:privinclude:TFunction_GraphNode.jxx /misc/dn61/LocalWOK/wok_entities/LOC/dev/CR0-OCCT691-7-CR0-OCCT691-occt-64/drv/TFunction/TFunction_GraphNode.jxx
+M TFunction:privinclude:TFunction_GraphNode.ixx /misc/dn61/LocalWOK/wok_entities/LOC/dev/CR0-OCCT691-7-CR0-OCCT691-occt-64/drv/TFunction/TFunction_GraphNode.ixx
+M TFunction:pubinclude:Handle_TFunction_Scope.hxx /misc/dn61/LocalWOK/wok_entities/LOC/dev/CR0-OCCT691-7-CR0-OCCT691-occt-64/inc/Handle_TFunction_Scope.hxx
+M TFunction:pubinclude:TFunction_Scope.hxx /misc/dn61/LocalWOK/wok_entities/LOC/dev/CR0-OCCT691-7-CR0-OCCT691-occt-64/inc/TFunction_Scope.hxx
+M TFunction:privinclude:TFunction_Scope.jxx /misc/dn61/LocalWOK/wok_entities/LOC/dev/CR0-OCCT691-7-CR0-OCCT691-occt-64/drv/TFunction/TFunction_Scope.jxx
+M TFunction:privinclude:TFunction_Scope.ixx /misc/dn61/LocalWOK/wok_entities/LOC/dev/CR0-OCCT691-7-CR0-OCCT691-occt-64/drv/TFunction/TFunction_Scope.ixx
+M TFunction:pubinclude:TFunction_IFunction.hxx /misc/dn61/LocalWOK/wok_entities/LOC/dev/CR0-OCCT691-7-CR0-OCCT691-occt-64/inc/TFunction_IFunction.hxx
+M TFunction:privinclude:TFunction_IFunction.jxx /misc/dn61/LocalWOK/wok_entities/LOC/dev/CR0-OCCT691-7-CR0-OCCT691-occt-64/drv/TFunction/TFunction_IFunction.jxx
+M TFunction:privinclude:TFunction_IFunction.ixx /misc/dn61/LocalWOK/wok_entities/LOC/dev/CR0-OCCT691-7-CR0-OCCT691-occt-64/drv/TFunction/TFunction_IFunction.ixx
+M TFunction:pubinclude:TFunction_Iterator.hxx /misc/dn61/LocalWOK/wok_entities/LOC/dev/CR0-OCCT691-7-CR0-OCCT691-occt-64/inc/TFunction_Iterator.hxx
+M TFunction:privinclude:TFunction_Iterator.jxx /misc/dn61/LocalWOK/wok_entities/LOC/dev/CR0-OCCT691-7-CR0-OCCT691-occt-64/drv/TFunction/TFunction_Iterator.jxx
+M TFunction:privinclude:TFunction_Iterator.ixx /misc/dn61/LocalWOK/wok_entities/LOC/dev/CR0-OCCT691-7-CR0-OCCT691-occt-64/drv/TFunction/TFunction_Iterator.ixx
+M TFunction:pubinclude:TFunction_DataMapOfLabelListOfLabel.hxx /misc/dn61/LocalWOK/wok_entities/LOC/dev/CR0-OCCT691-7-CR0-OCCT691-occt-64/inc/TFunction_DataMapOfLabelListOfLabel.hxx
+M TFunction:derivated:TFunction_DataMapOfLabelListOfLabel_0.cxx /misc/dn61/LocalWOK/wok_entities/LOC/dev/CR0-OCCT691-7-CR0-OCCT691-occt-64/drv/TFunction/TFunction_DataMapOfLabelListOfLabel_0.cxx
+M TFunction:pubinclude:TFunction_DoubleMapOfIntegerLabel.hxx /misc/dn61/LocalWOK/wok_entities/LOC/dev/CR0-OCCT691-7-CR0-OCCT691-occt-64/inc/TFunction_DoubleMapOfIntegerLabel.hxx
+M TFunction:derivated:TFunction_DoubleMapOfIntegerLabel_0.cxx /misc/dn61/LocalWOK/wok_entities/LOC/dev/CR0-OCCT691-7-CR0-OCCT691-occt-64/drv/TFunction/TFunction_DoubleMapOfIntegerLabel_0.cxx
+M TFunction:pubinclude:Handle_TFunction_DataMapNodeOfDataMapOfGUIDDriver.hxx /misc/dn61/LocalWOK/wok_entities/LOC/dev/CR0-OCCT691-7-CR0-OCCT691-occt-64/inc/Handle_TFunction_DataMapNodeOfDataMapOfGUIDDriver.hxx
+M TFunction:pubinclude:TFunction_DataMapNodeOfDataMapOfGUIDDriver.hxx /misc/dn61/LocalWOK/wok_entities/LOC/dev/CR0-OCCT691-7-CR0-OCCT691-occt-64/inc/TFunction_DataMapNodeOfDataMapOfGUIDDriver.hxx
+M TFunction:derivated:TFunction_DataMapNodeOfDataMapOfGUIDDriver_0.cxx /misc/dn61/LocalWOK/wok_entities/LOC/dev/CR0-OCCT691-7-CR0-OCCT691-occt-64/drv/TFunction/TFunction_DataMapNodeOfDataMapOfGUIDDriver_0.cxx
+M TFunction:pubinclude:TFunction_DataMapIteratorOfDataMapOfGUIDDriver.hxx /misc/dn61/LocalWOK/wok_entities/LOC/dev/CR0-OCCT691-7-CR0-OCCT691-occt-64/inc/TFunction_DataMapIteratorOfDataMapOfGUIDDriver.hxx
+M TFunction:derivated:TFunction_DataMapIteratorOfDataMapOfGUIDDriver_0.cxx /misc/dn61/LocalWOK/wok_entities/LOC/dev/CR0-OCCT691-7-CR0-OCCT691-occt-64/drv/TFunction/TFunction_DataMapIteratorOfDataMapOfGUIDDriver_0.cxx
+M TFunction:pubinclude:Handle_TFunction_DataMapNodeOfDataMapOfLabelListOfLabel.hxx /misc/dn61/LocalWOK/wok_entities/LOC/dev/CR0-OCCT691-7-CR0-OCCT691-occt-64/inc/Handle_TFunction_DataMapNodeOfDataMapOfLabelListOfLabel.hxx
+M TFunction:pubinclude:TFunction_DataMapNodeOfDataMapOfLabelListOfLabel.hxx /misc/dn61/LocalWOK/wok_entities/LOC/dev/CR0-OCCT691-7-CR0-OCCT691-occt-64/inc/TFunction_DataMapNodeOfDataMapOfLabelListOfLabel.hxx
+M TFunction:derivated:TFunction_DataMapNodeOfDataMapOfLabelListOfLabel_0.cxx /misc/dn61/LocalWOK/wok_entities/LOC/dev/CR0-OCCT691-7-CR0-OCCT691-occt-64/drv/TFunction/TFunction_DataMapNodeOfDataMapOfLabelListOfLabel_0.cxx
+M TFunction:pubinclude:TFunction_DataMapIteratorOfDataMapOfLabelListOfLabel.hxx /misc/dn61/LocalWOK/wok_entities/LOC/dev/CR0-OCCT691-7-CR0-OCCT691-occt-64/inc/TFunction_DataMapIteratorOfDataMapOfLabelListOfLabel.hxx
+M TFunction:derivated:TFunction_DataMapIteratorOfDataMapOfLabelListOfLabel_0.cxx /misc/dn61/LocalWOK/wok_entities/LOC/dev/CR0-OCCT691-7-CR0-OCCT691-occt-64/drv/TFunction/TFunction_DataMapIteratorOfDataMapOfLabelListOfLabel_0.cxx
+M TFunction:pubinclude:Handle_TFunction_DoubleMapNodeOfDoubleMapOfIntegerLabel.hxx /misc/dn61/LocalWOK/wok_entities/LOC/dev/CR0-OCCT691-7-CR0-OCCT691-occt-64/inc/Handle_TFunction_DoubleMapNodeOfDoubleMapOfIntegerLabel.hxx
+M TFunction:pubinclude:TFunction_DoubleMapNodeOfDoubleMapOfIntegerLabel.hxx /misc/dn61/LocalWOK/wok_entities/LOC/dev/CR0-OCCT691-7-CR0-OCCT691-occt-64/inc/TFunction_DoubleMapNodeOfDoubleMapOfIntegerLabel.hxx
+M TFunction:derivated:TFunction_DoubleMapNodeOfDoubleMapOfIntegerLabel_0.cxx /misc/dn61/LocalWOK/wok_entities/LOC/dev/CR0-OCCT691-7-CR0-OCCT691-occt-64/drv/TFunction/TFunction_DoubleMapNodeOfDoubleMapOfIntegerLabel_0.cxx
+M TFunction:pubinclude:TFunction_DoubleMapIteratorOfDoubleMapOfIntegerLabel.hxx /misc/dn61/LocalWOK/wok_entities/LOC/dev/CR0-OCCT691-7-CR0-OCCT691-occt-64/inc/TFunction_DoubleMapIteratorOfDoubleMapOfIntegerLabel.hxx
+M TFunction:derivated:TFunction_DoubleMapIteratorOfDoubleMapOfIntegerLabel_0.cxx /misc/dn61/LocalWOK/wok_entities/LOC/dev/CR0-OCCT691-7-CR0-OCCT691-occt-64/drv/TFunction/TFunction_DoubleMapIteratorOfDoubleMapOfIntegerLabel_0.cxx
+M TFunction:pubinclude:TFunction_ExecutionStatus.hxx /misc/dn61/LocalWOK/wok_entities/LOC/dev/CR0-OCCT691-7-CR0-OCCT691-occt-64/inc/TFunction_ExecutionStatus.hxx
+M TFunction:dbadmfile:TFunction_xcpp_header.In /misc/dn61/LocalWOK/wok_entities/LOC/dev/CR0-OCCT691-7-CR0-OCCT691-occt-64/drv/TFunction/.adm/TFunction_xcpp_header.In
+M TFunction:dbadmfile:TFunction_xcpp_header.Out /misc/dn61/LocalWOK/wok_entities/LOC/dev/CR0-OCCT691-7-CR0-OCCT691-occt-64/drv/TFunction/.adm/TFunction_xcpp_header.Out
+M TFunction:dbadmfile:TFunction_xcpp_header.Dep /misc/dn61/LocalWOK/wok_entities/LOC/dev/CR0-OCCT691-7-CR0-OCCT691-occt-64/drv/TFunction/.adm/TFunction_xcpp_header.Dep
