+M SelectMgr:pubinclude:SelectMgr_CompareResults.hxx /misc/dn61/LocalWOK/wok_entities/LOC/dev/CR0-OCCT691-7-CR0-OCCT691-occt-64/inc/SelectMgr_CompareResults.hxx
+M SelectMgr:pubinclude:SelectMgr_FrustumBuilder.hxx /misc/dn61/LocalWOK/wok_entities/LOC/dev/CR0-OCCT691-7-CR0-OCCT691-occt-64/inc/SelectMgr_FrustumBuilder.hxx
+M SelectMgr:pubinclude:SelectMgr_IndexedMapOfOwner.hxx /misc/dn61/LocalWOK/wok_entities/LOC/dev/CR0-OCCT691-7-CR0-OCCT691-occt-64/inc/SelectMgr_IndexedMapOfOwner.hxx
+M SelectMgr:pubinclude:SelectMgr_SelectableObjectSet.hxx /misc/dn61/LocalWOK/wok_entities/LOC/dev/CR0-OCCT691-7-CR0-OCCT691-occt-64/inc/SelectMgr_SelectableObjectSet.hxx
+M SelectMgr:pubinclude:SelectMgr_BaseFrustum.hxx /misc/dn61/LocalWOK/wok_entities/LOC/dev/CR0-OCCT691-7-CR0-OCCT691-occt-64/inc/SelectMgr_BaseFrustum.hxx
+M SelectMgr:pubinclude:SelectMgr_Frustum.hxx /misc/dn61/LocalWOK/wok_entities/LOC/dev/CR0-OCCT691-7-CR0-OCCT691-occt-64/inc/SelectMgr_Frustum.hxx
+M SelectMgr:pubinclude:SelectMgr_Frustum.lxx /misc/dn61/LocalWOK/wok_entities/LOC/dev/CR0-OCCT691-7-CR0-OCCT691-occt-64/inc/SelectMgr_Frustum.lxx
+M SelectMgr:pubinclude:SelectMgr_RectangularFrustum.hxx /misc/dn61/LocalWOK/wok_entities/LOC/dev/CR0-OCCT691-7-CR0-OCCT691-occt-64/inc/SelectMgr_RectangularFrustum.hxx
+M SelectMgr:pubinclude:SelectMgr_TriangularFrustum.hxx /misc/dn61/LocalWOK/wok_entities/LOC/dev/CR0-OCCT691-7-CR0-OCCT691-occt-64/inc/SelectMgr_TriangularFrustum.hxx
+M SelectMgr:pubinclude:SelectMgr_TriangularFrustumSet.hxx /misc/dn61/LocalWOK/wok_entities/LOC/dev/CR0-OCCT691-7-CR0-OCCT691-occt-64/inc/SelectMgr_TriangularFrustumSet.hxx
+M SelectMgr:pubinclude:SelectMgr_VectorTypes.hxx /misc/dn61/LocalWOK/wok_entities/LOC/dev/CR0-OCCT691-7-CR0-OCCT691-occt-64/inc/SelectMgr_VectorTypes.hxx
+M SelectMgr:pubinclude:SelectMgr_SelectingVolumeManager.hxx /misc/dn61/LocalWOK/wok_entities/LOC/dev/CR0-OCCT691-7-CR0-OCCT691-occt-64/inc/SelectMgr_SelectingVolumeManager.hxx
+M SelectMgr:pubinclude:SelectMgr_Selection.hxx /misc/dn61/LocalWOK/wok_entities/LOC/dev/CR0-OCCT691-7-CR0-OCCT691-occt-64/inc/SelectMgr_Selection.hxx
+M SelectMgr:pubinclude:SelectMgr_Selection.lxx /misc/dn61/LocalWOK/wok_entities/LOC/dev/CR0-OCCT691-7-CR0-OCCT691-occt-64/inc/SelectMgr_Selection.lxx
+M SelectMgr:pubinclude:SelectMgr_SequenceOfSelection.hxx /misc/dn61/LocalWOK/wok_entities/LOC/dev/CR0-OCCT691-7-CR0-OCCT691-occt-64/inc/SelectMgr_SequenceOfSelection.hxx
+M SelectMgr:pubinclude:SelectMgr_SensitiveEntity.hxx /misc/dn61/LocalWOK/wok_entities/LOC/dev/CR0-OCCT691-7-CR0-OCCT691-occt-64/inc/SelectMgr_SensitiveEntity.hxx
+M SelectMgr:pubinclude:SelectMgr_SensitiveEntitySet.hxx /misc/dn61/LocalWOK/wok_entities/LOC/dev/CR0-OCCT691-7-CR0-OCCT691-occt-64/inc/SelectMgr_SensitiveEntitySet.hxx
+M SelectMgr:pubinclude:SelectMgr_ViewerSelector.hxx /misc/dn61/LocalWOK/wok_entities/LOC/dev/CR0-OCCT691-7-CR0-OCCT691-occt-64/inc/SelectMgr_ViewerSelector.hxx
+M SelectMgr:pubinclude:SelectMgr_ViewerSelector.lxx /misc/dn61/LocalWOK/wok_entities/LOC/dev/CR0-OCCT691-7-CR0-OCCT691-occt-64/inc/SelectMgr_ViewerSelector.lxx
+M SelectMgr:pubinclude:SelectMgr_CompositionFilter.lxx /misc/dn61/LocalWOK/wok_entities/LOC/dev/CR0-OCCT691-7-CR0-OCCT691-occt-64/inc/SelectMgr_CompositionFilter.lxx
+M SelectMgr:pubinclude:SelectMgr_EntityOwner.lxx /misc/dn61/LocalWOK/wok_entities/LOC/dev/CR0-OCCT691-7-CR0-OCCT691-occt-64/inc/SelectMgr_EntityOwner.lxx
+M SelectMgr:pubinclude:SelectMgr_SelectableObject.lxx /misc/dn61/LocalWOK/wok_entities/LOC/dev/CR0-OCCT691-7-CR0-OCCT691-occt-64/inc/SelectMgr_SelectableObject.lxx
+M SelectMgr:pubinclude:SelectMgr_SortCriterion.lxx /misc/dn61/LocalWOK/wok_entities/LOC/dev/CR0-OCCT691-7-CR0-OCCT691-occt-64/inc/SelectMgr_SortCriterion.lxx
+M SelectMgr:dbadmfile:SelectMgr_obj_inc.In /misc/dn61/LocalWOK/wok_entities/LOC/dev/CR0-OCCT691-7-CR0-OCCT691-occt-64/drv/SelectMgr/.adm/SelectMgr_obj_inc.In
+M SelectMgr:dbadmfile:SelectMgr_obj_inc.Out /misc/dn61/LocalWOK/wok_entities/LOC/dev/CR0-OCCT691-7-CR0-OCCT691-occt-64/drv/SelectMgr/.adm/SelectMgr_obj_inc.Out
+M SelectMgr:dbadmfile:SelectMgr_obj_inc.Dep /misc/dn61/LocalWOK/wok_entities/LOC/dev/CR0-OCCT691-7-CR0-OCCT691-occt-64/drv/SelectMgr/.adm/SelectMgr_obj_inc.Dep
