+M IGESSolid:pubinclude:IGESSolid.hxx /misc/dn61/LocalWOK/wok_entities/LOC/dev/CR0-OCCT691-7-CR0-OCCT691-occt-64/inc/IGESSolid.hxx
+M IGESSolid:privinclude:IGESSolid.jxx /misc/dn61/LocalWOK/wok_entities/LOC/dev/CR0-OCCT691-7-CR0-OCCT691-occt-64/drv/IGESSolid/IGESSolid.jxx
+M IGESSolid:privinclude:IGESSolid.ixx /misc/dn61/LocalWOK/wok_entities/LOC/dev/CR0-OCCT691-7-CR0-OCCT691-occt-64/drv/IGESSolid/IGESSolid.ixx
+M IGESSolid:pubinclude:Handle_IGESSolid_Block.hxx /misc/dn61/LocalWOK/wok_entities/LOC/dev/CR0-OCCT691-7-CR0-OCCT691-occt-64/inc/Handle_IGESSolid_Block.hxx
+M IGESSolid:pubinclude:IGESSolid_Block.hxx /misc/dn61/LocalWOK/wok_entities/LOC/dev/CR0-OCCT691-7-CR0-OCCT691-occt-64/inc/IGESSolid_Block.hxx
+M IGESSolid:privinclude:IGESSolid_Block.jxx /misc/dn61/LocalWOK/wok_entities/LOC/dev/CR0-OCCT691-7-CR0-OCCT691-occt-64/drv/IGESSolid/IGESSolid_Block.jxx
+M IGESSolid:privinclude:IGESSolid_Block.ixx /misc/dn61/LocalWOK/wok_entities/LOC/dev/CR0-OCCT691-7-CR0-OCCT691-occt-64/drv/IGESSolid/IGESSolid_Block.ixx
+M IGESSolid:pubinclude:Handle_IGESSolid_RightAngularWedge.hxx /misc/dn61/LocalWOK/wok_entities/LOC/dev/CR0-OCCT691-7-CR0-OCCT691-occt-64/inc/Handle_IGESSolid_RightAngularWedge.hxx
+M IGESSolid:pubinclude:IGESSolid_RightAngularWedge.hxx /misc/dn61/LocalWOK/wok_entities/LOC/dev/CR0-OCCT691-7-CR0-OCCT691-occt-64/inc/IGESSolid_RightAngularWedge.hxx
+M IGESSolid:privinclude:IGESSolid_RightAngularWedge.jxx /misc/dn61/LocalWOK/wok_entities/LOC/dev/CR0-OCCT691-7-CR0-OCCT691-occt-64/drv/IGESSolid/IGESSolid_RightAngularWedge.jxx
+M IGESSolid:privinclude:IGESSolid_RightAngularWedge.ixx /misc/dn61/LocalWOK/wok_entities/LOC/dev/CR0-OCCT691-7-CR0-OCCT691-occt-64/drv/IGESSolid/IGESSolid_RightAngularWedge.ixx
+M IGESSolid:pubinclude:Handle_IGESSolid_Cylinder.hxx /misc/dn61/LocalWOK/wok_entities/LOC/dev/CR0-OCCT691-7-CR0-OCCT691-occt-64/inc/Handle_IGESSolid_Cylinder.hxx
+M IGESSolid:pubinclude:IGESSolid_Cylinder.hxx /misc/dn61/LocalWOK/wok_entities/LOC/dev/CR0-OCCT691-7-CR0-OCCT691-occt-64/inc/IGESSolid_Cylinder.hxx
+M IGESSolid:privinclude:IGESSolid_Cylinder.jxx /misc/dn61/LocalWOK/wok_entities/LOC/dev/CR0-OCCT691-7-CR0-OCCT691-occt-64/drv/IGESSolid/IGESSolid_Cylinder.jxx
+M IGESSolid:privinclude:IGESSolid_Cylinder.ixx /misc/dn61/LocalWOK/wok_entities/LOC/dev/CR0-OCCT691-7-CR0-OCCT691-occt-64/drv/IGESSolid/IGESSolid_Cylinder.ixx
+M IGESSolid:pubinclude:Handle_IGESSolid_ConeFrustum.hxx /misc/dn61/LocalWOK/wok_entities/LOC/dev/CR0-OCCT691-7-CR0-OCCT691-occt-64/inc/Handle_IGESSolid_ConeFrustum.hxx
+M IGESSolid:pubinclude:IGESSolid_ConeFrustum.hxx /misc/dn61/LocalWOK/wok_entities/LOC/dev/CR0-OCCT691-7-CR0-OCCT691-occt-64/inc/IGESSolid_ConeFrustum.hxx
+M IGESSolid:privinclude:IGESSolid_ConeFrustum.jxx /misc/dn61/LocalWOK/wok_entities/LOC/dev/CR0-OCCT691-7-CR0-OCCT691-occt-64/drv/IGESSolid/IGESSolid_ConeFrustum.jxx
+M IGESSolid:privinclude:IGESSolid_ConeFrustum.ixx /misc/dn61/LocalWOK/wok_entities/LOC/dev/CR0-OCCT691-7-CR0-OCCT691-occt-64/drv/IGESSolid/IGESSolid_ConeFrustum.ixx
+M IGESSolid:pubinclude:Handle_IGESSolid_Sphere.hxx /misc/dn61/LocalWOK/wok_entities/LOC/dev/CR0-OCCT691-7-CR0-OCCT691-occt-64/inc/Handle_IGESSolid_Sphere.hxx
+M IGESSolid:pubinclude:IGESSolid_Sphere.hxx /misc/dn61/LocalWOK/wok_entities/LOC/dev/CR0-OCCT691-7-CR0-OCCT691-occt-64/inc/IGESSolid_Sphere.hxx
+M IGESSolid:privinclude:IGESSolid_Sphere.jxx /misc/dn61/LocalWOK/wok_entities/LOC/dev/CR0-OCCT691-7-CR0-OCCT691-occt-64/drv/IGESSolid/IGESSolid_Sphere.jxx
+M IGESSolid:privinclude:IGESSolid_Sphere.ixx /misc/dn61/LocalWOK/wok_entities/LOC/dev/CR0-OCCT691-7-CR0-OCCT691-occt-64/drv/IGESSolid/IGESSolid_Sphere.ixx
+M IGESSolid:pubinclude:Handle_IGESSolid_Torus.hxx /misc/dn61/LocalWOK/wok_entities/LOC/dev/CR0-OCCT691-7-CR0-OCCT691-occt-64/inc/Handle_IGESSolid_Torus.hxx
+M IGESSolid:pubinclude:IGESSolid_Torus.hxx /misc/dn61/LocalWOK/wok_entities/LOC/dev/CR0-OCCT691-7-CR0-OCCT691-occt-64/inc/IGESSolid_Torus.hxx
+M IGESSolid:privinclude:IGESSolid_Torus.jxx /misc/dn61/LocalWOK/wok_entities/LOC/dev/CR0-OCCT691-7-CR0-OCCT691-occt-64/drv/IGESSolid/IGESSolid_Torus.jxx
+M IGESSolid:privinclude:IGESSolid_Torus.ixx /misc/dn61/LocalWOK/wok_entities/LOC/dev/CR0-OCCT691-7-CR0-OCCT691-occt-64/drv/IGESSolid/IGESSolid_Torus.ixx
+M IGESSolid:pubinclude:Handle_IGESSolid_SolidOfRevolution.hxx /misc/dn61/LocalWOK/wok_entities/LOC/dev/CR0-OCCT691-7-CR0-OCCT691-occt-64/inc/Handle_IGESSolid_SolidOfRevolution.hxx
+M IGESSolid:pubinclude:IGESSolid_SolidOfRevolution.hxx /misc/dn61/LocalWOK/wok_entities/LOC/dev/CR0-OCCT691-7-CR0-OCCT691-occt-64/inc/IGESSolid_SolidOfRevolution.hxx
+M IGESSolid:privinclude:IGESSolid_SolidOfRevolution.jxx /misc/dn61/LocalWOK/wok_entities/LOC/dev/CR0-OCCT691-7-CR0-OCCT691-occt-64/drv/IGESSolid/IGESSolid_SolidOfRevolution.jxx
+M IGESSolid:privinclude:IGESSolid_SolidOfRevolution.ixx /misc/dn61/LocalWOK/wok_entities/LOC/dev/CR0-OCCT691-7-CR0-OCCT691-occt-64/drv/IGESSolid/IGESSolid_SolidOfRevolution.ixx
+M IGESSolid:pubinclude:Handle_IGESSolid_SolidOfLinearExtrusion.hxx /misc/dn61/LocalWOK/wok_entities/LOC/dev/CR0-OCCT691-7-CR0-OCCT691-occt-64/inc/Handle_IGESSolid_SolidOfLinearExtrusion.hxx
+M IGESSolid:pubinclude:IGESSolid_SolidOfLinearExtrusion.hxx /misc/dn61/LocalWOK/wok_entities/LOC/dev/CR0-OCCT691-7-CR0-OCCT691-occt-64/inc/IGESSolid_SolidOfLinearExtrusion.hxx
+M IGESSolid:privinclude:IGESSolid_SolidOfLinearExtrusion.jxx /misc/dn61/LocalWOK/wok_entities/LOC/dev/CR0-OCCT691-7-CR0-OCCT691-occt-64/drv/IGESSolid/IGESSolid_SolidOfLinearExtrusion.jxx
+M IGESSolid:privinclude:IGESSolid_SolidOfLinearExtrusion.ixx /misc/dn61/LocalWOK/wok_entities/LOC/dev/CR0-OCCT691-7-CR0-OCCT691-occt-64/drv/IGESSolid/IGESSolid_SolidOfLinearExtrusion.ixx
+M IGESSolid:pubinclude:Handle_IGESSolid_Ellipsoid.hxx /misc/dn61/LocalWOK/wok_entities/LOC/dev/CR0-OCCT691-7-CR0-OCCT691-occt-64/inc/Handle_IGESSolid_Ellipsoid.hxx
+M IGESSolid:pubinclude:IGESSolid_Ellipsoid.hxx /misc/dn61/LocalWOK/wok_entities/LOC/dev/CR0-OCCT691-7-CR0-OCCT691-occt-64/inc/IGESSolid_Ellipsoid.hxx
+M IGESSolid:privinclude:IGESSolid_Ellipsoid.jxx /misc/dn61/LocalWOK/wok_entities/LOC/dev/CR0-OCCT691-7-CR0-OCCT691-occt-64/drv/IGESSolid/IGESSolid_Ellipsoid.jxx
+M IGESSolid:privinclude:IGESSolid_Ellipsoid.ixx /misc/dn61/LocalWOK/wok_entities/LOC/dev/CR0-OCCT691-7-CR0-OCCT691-occt-64/drv/IGESSolid/IGESSolid_Ellipsoid.ixx
+M IGESSolid:pubinclude:Handle_IGESSolid_BooleanTree.hxx /misc/dn61/LocalWOK/wok_entities/LOC/dev/CR0-OCCT691-7-CR0-OCCT691-occt-64/inc/Handle_IGESSolid_BooleanTree.hxx
+M IGESSolid:pubinclude:IGESSolid_BooleanTree.hxx /misc/dn61/LocalWOK/wok_entities/LOC/dev/CR0-OCCT691-7-CR0-OCCT691-occt-64/inc/IGESSolid_BooleanTree.hxx
+M IGESSolid:privinclude:IGESSolid_BooleanTree.jxx /misc/dn61/LocalWOK/wok_entities/LOC/dev/CR0-OCCT691-7-CR0-OCCT691-occt-64/drv/IGESSolid/IGESSolid_BooleanTree.jxx
+M IGESSolid:privinclude:IGESSolid_BooleanTree.ixx /misc/dn61/LocalWOK/wok_entities/LOC/dev/CR0-OCCT691-7-CR0-OCCT691-occt-64/drv/IGESSolid/IGESSolid_BooleanTree.ixx
+M IGESSolid:pubinclude:Handle_IGESSolid_SelectedComponent.hxx /misc/dn61/LocalWOK/wok_entities/LOC/dev/CR0-OCCT691-7-CR0-OCCT691-occt-64/inc/Handle_IGESSolid_SelectedComponent.hxx
+M IGESSolid:pubinclude:IGESSolid_SelectedComponent.hxx /misc/dn61/LocalWOK/wok_entities/LOC/dev/CR0-OCCT691-7-CR0-OCCT691-occt-64/inc/IGESSolid_SelectedComponent.hxx
+M IGESSolid:privinclude:IGESSolid_SelectedComponent.jxx /misc/dn61/LocalWOK/wok_entities/LOC/dev/CR0-OCCT691-7-CR0-OCCT691-occt-64/drv/IGESSolid/IGESSolid_SelectedComponent.jxx
+M IGESSolid:privinclude:IGESSolid_SelectedComponent.ixx /misc/dn61/LocalWOK/wok_entities/LOC/dev/CR0-OCCT691-7-CR0-OCCT691-occt-64/drv/IGESSolid/IGESSolid_SelectedComponent.ixx
+M IGESSolid:pubinclude:Handle_IGESSolid_SolidAssembly.hxx /misc/dn61/LocalWOK/wok_entities/LOC/dev/CR0-OCCT691-7-CR0-OCCT691-occt-64/inc/Handle_IGESSolid_SolidAssembly.hxx
+M IGESSolid:pubinclude:IGESSolid_SolidAssembly.hxx /misc/dn61/LocalWOK/wok_entities/LOC/dev/CR0-OCCT691-7-CR0-OCCT691-occt-64/inc/IGESSolid_SolidAssembly.hxx
+M IGESSolid:privinclude:IGESSolid_SolidAssembly.jxx /misc/dn61/LocalWOK/wok_entities/LOC/dev/CR0-OCCT691-7-CR0-OCCT691-occt-64/drv/IGESSolid/IGESSolid_SolidAssembly.jxx
+M IGESSolid:privinclude:IGESSolid_SolidAssembly.ixx /misc/dn61/LocalWOK/wok_entities/LOC/dev/CR0-OCCT691-7-CR0-OCCT691-occt-64/drv/IGESSolid/IGESSolid_SolidAssembly.ixx
+M IGESSolid:pubinclude:Handle_IGESSolid_ManifoldSolid.hxx /misc/dn61/LocalWOK/wok_entities/LOC/dev/CR0-OCCT691-7-CR0-OCCT691-occt-64/inc/Handle_IGESSolid_ManifoldSolid.hxx
+M IGESSolid:pubinclude:IGESSolid_ManifoldSolid.hxx /misc/dn61/LocalWOK/wok_entities/LOC/dev/CR0-OCCT691-7-CR0-OCCT691-occt-64/inc/IGESSolid_ManifoldSolid.hxx
+M IGESSolid:privinclude:IGESSolid_ManifoldSolid.jxx /misc/dn61/LocalWOK/wok_entities/LOC/dev/CR0-OCCT691-7-CR0-OCCT691-occt-64/drv/IGESSolid/IGESSolid_ManifoldSolid.jxx
+M IGESSolid:privinclude:IGESSolid_ManifoldSolid.ixx /misc/dn61/LocalWOK/wok_entities/LOC/dev/CR0-OCCT691-7-CR0-OCCT691-occt-64/drv/IGESSolid/IGESSolid_ManifoldSolid.ixx
+M IGESSolid:pubinclude:Handle_IGESSolid_PlaneSurface.hxx /misc/dn61/LocalWOK/wok_entities/LOC/dev/CR0-OCCT691-7-CR0-OCCT691-occt-64/inc/Handle_IGESSolid_PlaneSurface.hxx
+M IGESSolid:pubinclude:IGESSolid_PlaneSurface.hxx /misc/dn61/LocalWOK/wok_entities/LOC/dev/CR0-OCCT691-7-CR0-OCCT691-occt-64/inc/IGESSolid_PlaneSurface.hxx
+M IGESSolid:privinclude:IGESSolid_PlaneSurface.jxx /misc/dn61/LocalWOK/wok_entities/LOC/dev/CR0-OCCT691-7-CR0-OCCT691-occt-64/drv/IGESSolid/IGESSolid_PlaneSurface.jxx
+M IGESSolid:privinclude:IGESSolid_PlaneSurface.ixx /misc/dn61/LocalWOK/wok_entities/LOC/dev/CR0-OCCT691-7-CR0-OCCT691-occt-64/drv/IGESSolid/IGESSolid_PlaneSurface.ixx
+M IGESSolid:pubinclude:Handle_IGESSolid_CylindricalSurface.hxx /misc/dn61/LocalWOK/wok_entities/LOC/dev/CR0-OCCT691-7-CR0-OCCT691-occt-64/inc/Handle_IGESSolid_CylindricalSurface.hxx
+M IGESSolid:pubinclude:IGESSolid_CylindricalSurface.hxx /misc/dn61/LocalWOK/wok_entities/LOC/dev/CR0-OCCT691-7-CR0-OCCT691-occt-64/inc/IGESSolid_CylindricalSurface.hxx
+M IGESSolid:privinclude:IGESSolid_CylindricalSurface.jxx /misc/dn61/LocalWOK/wok_entities/LOC/dev/CR0-OCCT691-7-CR0-OCCT691-occt-64/drv/IGESSolid/IGESSolid_CylindricalSurface.jxx
+M IGESSolid:privinclude:IGESSolid_CylindricalSurface.ixx /misc/dn61/LocalWOK/wok_entities/LOC/dev/CR0-OCCT691-7-CR0-OCCT691-occt-64/drv/IGESSolid/IGESSolid_CylindricalSurface.ixx
+M IGESSolid:pubinclude:Handle_IGESSolid_ConicalSurface.hxx /misc/dn61/LocalWOK/wok_entities/LOC/dev/CR0-OCCT691-7-CR0-OCCT691-occt-64/inc/Handle_IGESSolid_ConicalSurface.hxx
+M IGESSolid:pubinclude:IGESSolid_ConicalSurface.hxx /misc/dn61/LocalWOK/wok_entities/LOC/dev/CR0-OCCT691-7-CR0-OCCT691-occt-64/inc/IGESSolid_ConicalSurface.hxx
+M IGESSolid:privinclude:IGESSolid_ConicalSurface.jxx /misc/dn61/LocalWOK/wok_entities/LOC/dev/CR0-OCCT691-7-CR0-OCCT691-occt-64/drv/IGESSolid/IGESSolid_ConicalSurface.jxx
+M IGESSolid:privinclude:IGESSolid_ConicalSurface.ixx /misc/dn61/LocalWOK/wok_entities/LOC/dev/CR0-OCCT691-7-CR0-OCCT691-occt-64/drv/IGESSolid/IGESSolid_ConicalSurface.ixx
+M IGESSolid:pubinclude:Handle_IGESSolid_SphericalSurface.hxx /misc/dn61/LocalWOK/wok_entities/LOC/dev/CR0-OCCT691-7-CR0-OCCT691-occt-64/inc/Handle_IGESSolid_SphericalSurface.hxx
+M IGESSolid:pubinclude:IGESSolid_SphericalSurface.hxx /misc/dn61/LocalWOK/wok_entities/LOC/dev/CR0-OCCT691-7-CR0-OCCT691-occt-64/inc/IGESSolid_SphericalSurface.hxx
+M IGESSolid:privinclude:IGESSolid_SphericalSurface.jxx /misc/dn61/LocalWOK/wok_entities/LOC/dev/CR0-OCCT691-7-CR0-OCCT691-occt-64/drv/IGESSolid/IGESSolid_SphericalSurface.jxx
+M IGESSolid:privinclude:IGESSolid_SphericalSurface.ixx /misc/dn61/LocalWOK/wok_entities/LOC/dev/CR0-OCCT691-7-CR0-OCCT691-occt-64/drv/IGESSolid/IGESSolid_SphericalSurface.ixx
+M IGESSolid:pubinclude:Handle_IGESSolid_ToroidalSurface.hxx /misc/dn61/LocalWOK/wok_entities/LOC/dev/CR0-OCCT691-7-CR0-OCCT691-occt-64/inc/Handle_IGESSolid_ToroidalSurface.hxx
+M IGESSolid:pubinclude:IGESSolid_ToroidalSurface.hxx /misc/dn61/LocalWOK/wok_entities/LOC/dev/CR0-OCCT691-7-CR0-OCCT691-occt-64/inc/IGESSolid_ToroidalSurface.hxx
+M IGESSolid:privinclude:IGESSolid_ToroidalSurface.jxx /misc/dn61/LocalWOK/wok_entities/LOC/dev/CR0-OCCT691-7-CR0-OCCT691-occt-64/drv/IGESSolid/IGESSolid_ToroidalSurface.jxx
+M IGESSolid:privinclude:IGESSolid_ToroidalSurface.ixx /misc/dn61/LocalWOK/wok_entities/LOC/dev/CR0-OCCT691-7-CR0-OCCT691-occt-64/drv/IGESSolid/IGESSolid_ToroidalSurface.ixx
+M IGESSolid:pubinclude:Handle_IGESSolid_SolidInstance.hxx /misc/dn61/LocalWOK/wok_entities/LOC/dev/CR0-OCCT691-7-CR0-OCCT691-occt-64/inc/Handle_IGESSolid_SolidInstance.hxx
+M IGESSolid:pubinclude:IGESSolid_SolidInstance.hxx /misc/dn61/LocalWOK/wok_entities/LOC/dev/CR0-OCCT691-7-CR0-OCCT691-occt-64/inc/IGESSolid_SolidInstance.hxx
+M IGESSolid:privinclude:IGESSolid_SolidInstance.jxx /misc/dn61/LocalWOK/wok_entities/LOC/dev/CR0-OCCT691-7-CR0-OCCT691-occt-64/drv/IGESSolid/IGESSolid_SolidInstance.jxx
+M IGESSolid:privinclude:IGESSolid_SolidInstance.ixx /misc/dn61/LocalWOK/wok_entities/LOC/dev/CR0-OCCT691-7-CR0-OCCT691-occt-64/drv/IGESSolid/IGESSolid_SolidInstance.ixx
+M IGESSolid:pubinclude:Handle_IGESSolid_VertexList.hxx /misc/dn61/LocalWOK/wok_entities/LOC/dev/CR0-OCCT691-7-CR0-OCCT691-occt-64/inc/Handle_IGESSolid_VertexList.hxx
+M IGESSolid:pubinclude:IGESSolid_VertexList.hxx /misc/dn61/LocalWOK/wok_entities/LOC/dev/CR0-OCCT691-7-CR0-OCCT691-occt-64/inc/IGESSolid_VertexList.hxx
+M IGESSolid:privinclude:IGESSolid_VertexList.jxx /misc/dn61/LocalWOK/wok_entities/LOC/dev/CR0-OCCT691-7-CR0-OCCT691-occt-64/drv/IGESSolid/IGESSolid_VertexList.jxx
+M IGESSolid:privinclude:IGESSolid_VertexList.ixx /misc/dn61/LocalWOK/wok_entities/LOC/dev/CR0-OCCT691-7-CR0-OCCT691-occt-64/drv/IGESSolid/IGESSolid_VertexList.ixx
+M IGESSolid:pubinclude:Handle_IGESSolid_EdgeList.hxx /misc/dn61/LocalWOK/wok_entities/LOC/dev/CR0-OCCT691-7-CR0-OCCT691-occt-64/inc/Handle_IGESSolid_EdgeList.hxx
+M IGESSolid:pubinclude:IGESSolid_EdgeList.hxx /misc/dn61/LocalWOK/wok_entities/LOC/dev/CR0-OCCT691-7-CR0-OCCT691-occt-64/inc/IGESSolid_EdgeList.hxx
+M IGESSolid:privinclude:IGESSolid_EdgeList.jxx /misc/dn61/LocalWOK/wok_entities/LOC/dev/CR0-OCCT691-7-CR0-OCCT691-occt-64/drv/IGESSolid/IGESSolid_EdgeList.jxx
+M IGESSolid:privinclude:IGESSolid_EdgeList.ixx /misc/dn61/LocalWOK/wok_entities/LOC/dev/CR0-OCCT691-7-CR0-OCCT691-occt-64/drv/IGESSolid/IGESSolid_EdgeList.ixx
+M IGESSolid:pubinclude:Handle_IGESSolid_Loop.hxx /misc/dn61/LocalWOK/wok_entities/LOC/dev/CR0-OCCT691-7-CR0-OCCT691-occt-64/inc/Handle_IGESSolid_Loop.hxx
+M IGESSolid:pubinclude:IGESSolid_Loop.hxx /misc/dn61/LocalWOK/wok_entities/LOC/dev/CR0-OCCT691-7-CR0-OCCT691-occt-64/inc/IGESSolid_Loop.hxx
+M IGESSolid:privinclude:IGESSolid_Loop.jxx /misc/dn61/LocalWOK/wok_entities/LOC/dev/CR0-OCCT691-7-CR0-OCCT691-occt-64/drv/IGESSolid/IGESSolid_Loop.jxx
+M IGESSolid:privinclude:IGESSolid_Loop.ixx /misc/dn61/LocalWOK/wok_entities/LOC/dev/CR0-OCCT691-7-CR0-OCCT691-occt-64/drv/IGESSolid/IGESSolid_Loop.ixx
+M IGESSolid:pubinclude:Handle_IGESSolid_Face.hxx /misc/dn61/LocalWOK/wok_entities/LOC/dev/CR0-OCCT691-7-CR0-OCCT691-occt-64/inc/Handle_IGESSolid_Face.hxx
+M IGESSolid:pubinclude:IGESSolid_Face.hxx /misc/dn61/LocalWOK/wok_entities/LOC/dev/CR0-OCCT691-7-CR0-OCCT691-occt-64/inc/IGESSolid_Face.hxx
+M IGESSolid:privinclude:IGESSolid_Face.jxx /misc/dn61/LocalWOK/wok_entities/LOC/dev/CR0-OCCT691-7-CR0-OCCT691-occt-64/drv/IGESSolid/IGESSolid_Face.jxx
+M IGESSolid:privinclude:IGESSolid_Face.ixx /misc/dn61/LocalWOK/wok_entities/LOC/dev/CR0-OCCT691-7-CR0-OCCT691-occt-64/drv/IGESSolid/IGESSolid_Face.ixx
+M IGESSolid:pubinclude:Handle_IGESSolid_Shell.hxx /misc/dn61/LocalWOK/wok_entities/LOC/dev/CR0-OCCT691-7-CR0-OCCT691-occt-64/inc/Handle_IGESSolid_Shell.hxx
+M IGESSolid:pubinclude:IGESSolid_Shell.hxx /misc/dn61/LocalWOK/wok_entities/LOC/dev/CR0-OCCT691-7-CR0-OCCT691-occt-64/inc/IGESSolid_Shell.hxx
+M IGESSolid:privinclude:IGESSolid_Shell.jxx /misc/dn61/LocalWOK/wok_entities/LOC/dev/CR0-OCCT691-7-CR0-OCCT691-occt-64/drv/IGESSolid/IGESSolid_Shell.jxx
+M IGESSolid:privinclude:IGESSolid_Shell.ixx /misc/dn61/LocalWOK/wok_entities/LOC/dev/CR0-OCCT691-7-CR0-OCCT691-occt-64/drv/IGESSolid/IGESSolid_Shell.ixx
+M IGESSolid:pubinclude:IGESSolid_ToolBlock.hxx /misc/dn61/LocalWOK/wok_entities/LOC/dev/CR0-OCCT691-7-CR0-OCCT691-occt-64/inc/IGESSolid_ToolBlock.hxx
+M IGESSolid:privinclude:IGESSolid_ToolBlock.jxx /misc/dn61/LocalWOK/wok_entities/LOC/dev/CR0-OCCT691-7-CR0-OCCT691-occt-64/drv/IGESSolid/IGESSolid_ToolBlock.jxx
+M IGESSolid:privinclude:IGESSolid_ToolBlock.ixx /misc/dn61/LocalWOK/wok_entities/LOC/dev/CR0-OCCT691-7-CR0-OCCT691-occt-64/drv/IGESSolid/IGESSolid_ToolBlock.ixx
+M IGESSolid:pubinclude:IGESSolid_ToolRightAngularWedge.hxx /misc/dn61/LocalWOK/wok_entities/LOC/dev/CR0-OCCT691-7-CR0-OCCT691-occt-64/inc/IGESSolid_ToolRightAngularWedge.hxx
+M IGESSolid:privinclude:IGESSolid_ToolRightAngularWedge.jxx /misc/dn61/LocalWOK/wok_entities/LOC/dev/CR0-OCCT691-7-CR0-OCCT691-occt-64/drv/IGESSolid/IGESSolid_ToolRightAngularWedge.jxx
+M IGESSolid:privinclude:IGESSolid_ToolRightAngularWedge.ixx /misc/dn61/LocalWOK/wok_entities/LOC/dev/CR0-OCCT691-7-CR0-OCCT691-occt-64/drv/IGESSolid/IGESSolid_ToolRightAngularWedge.ixx
+M IGESSolid:pubinclude:IGESSolid_ToolCylinder.hxx /misc/dn61/LocalWOK/wok_entities/LOC/dev/CR0-OCCT691-7-CR0-OCCT691-occt-64/inc/IGESSolid_ToolCylinder.hxx
+M IGESSolid:privinclude:IGESSolid_ToolCylinder.jxx /misc/dn61/LocalWOK/wok_entities/LOC/dev/CR0-OCCT691-7-CR0-OCCT691-occt-64/drv/IGESSolid/IGESSolid_ToolCylinder.jxx
+M IGESSolid:privinclude:IGESSolid_ToolCylinder.ixx /misc/dn61/LocalWOK/wok_entities/LOC/dev/CR0-OCCT691-7-CR0-OCCT691-occt-64/drv/IGESSolid/IGESSolid_ToolCylinder.ixx
+M IGESSolid:pubinclude:IGESSolid_ToolConeFrustum.hxx /misc/dn61/LocalWOK/wok_entities/LOC/dev/CR0-OCCT691-7-CR0-OCCT691-occt-64/inc/IGESSolid_ToolConeFrustum.hxx
+M IGESSolid:privinclude:IGESSolid_ToolConeFrustum.jxx /misc/dn61/LocalWOK/wok_entities/LOC/dev/CR0-OCCT691-7-CR0-OCCT691-occt-64/drv/IGESSolid/IGESSolid_ToolConeFrustum.jxx
+M IGESSolid:privinclude:IGESSolid_ToolConeFrustum.ixx /misc/dn61/LocalWOK/wok_entities/LOC/dev/CR0-OCCT691-7-CR0-OCCT691-occt-64/drv/IGESSolid/IGESSolid_ToolConeFrustum.ixx
+M IGESSolid:pubinclude:IGESSolid_ToolSphere.hxx /misc/dn61/LocalWOK/wok_entities/LOC/dev/CR0-OCCT691-7-CR0-OCCT691-occt-64/inc/IGESSolid_ToolSphere.hxx
+M IGESSolid:privinclude:IGESSolid_ToolSphere.jxx /misc/dn61/LocalWOK/wok_entities/LOC/dev/CR0-OCCT691-7-CR0-OCCT691-occt-64/drv/IGESSolid/IGESSolid_ToolSphere.jxx
+M IGESSolid:privinclude:IGESSolid_ToolSphere.ixx /misc/dn61/LocalWOK/wok_entities/LOC/dev/CR0-OCCT691-7-CR0-OCCT691-occt-64/drv/IGESSolid/IGESSolid_ToolSphere.ixx
+M IGESSolid:pubinclude:IGESSolid_ToolTorus.hxx /misc/dn61/LocalWOK/wok_entities/LOC/dev/CR0-OCCT691-7-CR0-OCCT691-occt-64/inc/IGESSolid_ToolTorus.hxx
+M IGESSolid:privinclude:IGESSolid_ToolTorus.jxx /misc/dn61/LocalWOK/wok_entities/LOC/dev/CR0-OCCT691-7-CR0-OCCT691-occt-64/drv/IGESSolid/IGESSolid_ToolTorus.jxx
+M IGESSolid:privinclude:IGESSolid_ToolTorus.ixx /misc/dn61/LocalWOK/wok_entities/LOC/dev/CR0-OCCT691-7-CR0-OCCT691-occt-64/drv/IGESSolid/IGESSolid_ToolTorus.ixx
+M IGESSolid:pubinclude:IGESSolid_ToolSolidOfRevolution.hxx /misc/dn61/LocalWOK/wok_entities/LOC/dev/CR0-OCCT691-7-CR0-OCCT691-occt-64/inc/IGESSolid_ToolSolidOfRevolution.hxx
+M IGESSolid:privinclude:IGESSolid_ToolSolidOfRevolution.jxx /misc/dn61/LocalWOK/wok_entities/LOC/dev/CR0-OCCT691-7-CR0-OCCT691-occt-64/drv/IGESSolid/IGESSolid_ToolSolidOfRevolution.jxx
+M IGESSolid:privinclude:IGESSolid_ToolSolidOfRevolution.ixx /misc/dn61/LocalWOK/wok_entities/LOC/dev/CR0-OCCT691-7-CR0-OCCT691-occt-64/drv/IGESSolid/IGESSolid_ToolSolidOfRevolution.ixx
+M IGESSolid:pubinclude:IGESSolid_ToolSolidOfLinearExtrusion.hxx /misc/dn61/LocalWOK/wok_entities/LOC/dev/CR0-OCCT691-7-CR0-OCCT691-occt-64/inc/IGESSolid_ToolSolidOfLinearExtrusion.hxx
+M IGESSolid:privinclude:IGESSolid_ToolSolidOfLinearExtrusion.jxx /misc/dn61/LocalWOK/wok_entities/LOC/dev/CR0-OCCT691-7-CR0-OCCT691-occt-64/drv/IGESSolid/IGESSolid_ToolSolidOfLinearExtrusion.jxx
+M IGESSolid:privinclude:IGESSolid_ToolSolidOfLinearExtrusion.ixx /misc/dn61/LocalWOK/wok_entities/LOC/dev/CR0-OCCT691-7-CR0-OCCT691-occt-64/drv/IGESSolid/IGESSolid_ToolSolidOfLinearExtrusion.ixx
+M IGESSolid:pubinclude:IGESSolid_ToolEllipsoid.hxx /misc/dn61/LocalWOK/wok_entities/LOC/dev/CR0-OCCT691-7-CR0-OCCT691-occt-64/inc/IGESSolid_ToolEllipsoid.hxx
+M IGESSolid:privinclude:IGESSolid_ToolEllipsoid.jxx /misc/dn61/LocalWOK/wok_entities/LOC/dev/CR0-OCCT691-7-CR0-OCCT691-occt-64/drv/IGESSolid/IGESSolid_ToolEllipsoid.jxx
+M IGESSolid:privinclude:IGESSolid_ToolEllipsoid.ixx /misc/dn61/LocalWOK/wok_entities/LOC/dev/CR0-OCCT691-7-CR0-OCCT691-occt-64/drv/IGESSolid/IGESSolid_ToolEllipsoid.ixx
+M IGESSolid:pubinclude:IGESSolid_ToolBooleanTree.hxx /misc/dn61/LocalWOK/wok_entities/LOC/dev/CR0-OCCT691-7-CR0-OCCT691-occt-64/inc/IGESSolid_ToolBooleanTree.hxx
+M IGESSolid:privinclude:IGESSolid_ToolBooleanTree.jxx /misc/dn61/LocalWOK/wok_entities/LOC/dev/CR0-OCCT691-7-CR0-OCCT691-occt-64/drv/IGESSolid/IGESSolid_ToolBooleanTree.jxx
+M IGESSolid:privinclude:IGESSolid_ToolBooleanTree.ixx /misc/dn61/LocalWOK/wok_entities/LOC/dev/CR0-OCCT691-7-CR0-OCCT691-occt-64/drv/IGESSolid/IGESSolid_ToolBooleanTree.ixx
+M IGESSolid:pubinclude:IGESSolid_ToolSelectedComponent.hxx /misc/dn61/LocalWOK/wok_entities/LOC/dev/CR0-OCCT691-7-CR0-OCCT691-occt-64/inc/IGESSolid_ToolSelectedComponent.hxx
+M IGESSolid:privinclude:IGESSolid_ToolSelectedComponent.jxx /misc/dn61/LocalWOK/wok_entities/LOC/dev/CR0-OCCT691-7-CR0-OCCT691-occt-64/drv/IGESSolid/IGESSolid_ToolSelectedComponent.jxx
+M IGESSolid:privinclude:IGESSolid_ToolSelectedComponent.ixx /misc/dn61/LocalWOK/wok_entities/LOC/dev/CR0-OCCT691-7-CR0-OCCT691-occt-64/drv/IGESSolid/IGESSolid_ToolSelectedComponent.ixx
+M IGESSolid:pubinclude:IGESSolid_ToolSolidAssembly.hxx /misc/dn61/LocalWOK/wok_entities/LOC/dev/CR0-OCCT691-7-CR0-OCCT691-occt-64/inc/IGESSolid_ToolSolidAssembly.hxx
+M IGESSolid:privinclude:IGESSolid_ToolSolidAssembly.jxx /misc/dn61/LocalWOK/wok_entities/LOC/dev/CR0-OCCT691-7-CR0-OCCT691-occt-64/drv/IGESSolid/IGESSolid_ToolSolidAssembly.jxx
+M IGESSolid:privinclude:IGESSolid_ToolSolidAssembly.ixx /misc/dn61/LocalWOK/wok_entities/LOC/dev/CR0-OCCT691-7-CR0-OCCT691-occt-64/drv/IGESSolid/IGESSolid_ToolSolidAssembly.ixx
+M IGESSolid:pubinclude:IGESSolid_ToolManifoldSolid.hxx /misc/dn61/LocalWOK/wok_entities/LOC/dev/CR0-OCCT691-7-CR0-OCCT691-occt-64/inc/IGESSolid_ToolManifoldSolid.hxx
+M IGESSolid:privinclude:IGESSolid_ToolManifoldSolid.jxx /misc/dn61/LocalWOK/wok_entities/LOC/dev/CR0-OCCT691-7-CR0-OCCT691-occt-64/drv/IGESSolid/IGESSolid_ToolManifoldSolid.jxx
+M IGESSolid:privinclude:IGESSolid_ToolManifoldSolid.ixx /misc/dn61/LocalWOK/wok_entities/LOC/dev/CR0-OCCT691-7-CR0-OCCT691-occt-64/drv/IGESSolid/IGESSolid_ToolManifoldSolid.ixx
+M IGESSolid:pubinclude:IGESSolid_ToolPlaneSurface.hxx /misc/dn61/LocalWOK/wok_entities/LOC/dev/CR0-OCCT691-7-CR0-OCCT691-occt-64/inc/IGESSolid_ToolPlaneSurface.hxx
+M IGESSolid:privinclude:IGESSolid_ToolPlaneSurface.jxx /misc/dn61/LocalWOK/wok_entities/LOC/dev/CR0-OCCT691-7-CR0-OCCT691-occt-64/drv/IGESSolid/IGESSolid_ToolPlaneSurface.jxx
+M IGESSolid:privinclude:IGESSolid_ToolPlaneSurface.ixx /misc/dn61/LocalWOK/wok_entities/LOC/dev/CR0-OCCT691-7-CR0-OCCT691-occt-64/drv/IGESSolid/IGESSolid_ToolPlaneSurface.ixx
+M IGESSolid:pubinclude:IGESSolid_ToolCylindricalSurface.hxx /misc/dn61/LocalWOK/wok_entities/LOC/dev/CR0-OCCT691-7-CR0-OCCT691-occt-64/inc/IGESSolid_ToolCylindricalSurface.hxx
+M IGESSolid:privinclude:IGESSolid_ToolCylindricalSurface.jxx /misc/dn61/LocalWOK/wok_entities/LOC/dev/CR0-OCCT691-7-CR0-OCCT691-occt-64/drv/IGESSolid/IGESSolid_ToolCylindricalSurface.jxx
+M IGESSolid:privinclude:IGESSolid_ToolCylindricalSurface.ixx /misc/dn61/LocalWOK/wok_entities/LOC/dev/CR0-OCCT691-7-CR0-OCCT691-occt-64/drv/IGESSolid/IGESSolid_ToolCylindricalSurface.ixx
+M IGESSolid:pubinclude:IGESSolid_ToolConicalSurface.hxx /misc/dn61/LocalWOK/wok_entities/LOC/dev/CR0-OCCT691-7-CR0-OCCT691-occt-64/inc/IGESSolid_ToolConicalSurface.hxx
+M IGESSolid:privinclude:IGESSolid_ToolConicalSurface.jxx /misc/dn61/LocalWOK/wok_entities/LOC/dev/CR0-OCCT691-7-CR0-OCCT691-occt-64/drv/IGESSolid/IGESSolid_ToolConicalSurface.jxx
+M IGESSolid:privinclude:IGESSolid_ToolConicalSurface.ixx /misc/dn61/LocalWOK/wok_entities/LOC/dev/CR0-OCCT691-7-CR0-OCCT691-occt-64/drv/IGESSolid/IGESSolid_ToolConicalSurface.ixx
+M IGESSolid:pubinclude:IGESSolid_ToolSphericalSurface.hxx /misc/dn61/LocalWOK/wok_entities/LOC/dev/CR0-OCCT691-7-CR0-OCCT691-occt-64/inc/IGESSolid_ToolSphericalSurface.hxx
+M IGESSolid:privinclude:IGESSolid_ToolSphericalSurface.jxx /misc/dn61/LocalWOK/wok_entities/LOC/dev/CR0-OCCT691-7-CR0-OCCT691-occt-64/drv/IGESSolid/IGESSolid_ToolSphericalSurface.jxx
+M IGESSolid:privinclude:IGESSolid_ToolSphericalSurface.ixx /misc/dn61/LocalWOK/wok_entities/LOC/dev/CR0-OCCT691-7-CR0-OCCT691-occt-64/drv/IGESSolid/IGESSolid_ToolSphericalSurface.ixx
+M IGESSolid:pubinclude:IGESSolid_ToolToroidalSurface.hxx /misc/dn61/LocalWOK/wok_entities/LOC/dev/CR0-OCCT691-7-CR0-OCCT691-occt-64/inc/IGESSolid_ToolToroidalSurface.hxx
+M IGESSolid:privinclude:IGESSolid_ToolToroidalSurface.jxx /misc/dn61/LocalWOK/wok_entities/LOC/dev/CR0-OCCT691-7-CR0-OCCT691-occt-64/drv/IGESSolid/IGESSolid_ToolToroidalSurface.jxx
+M IGESSolid:privinclude:IGESSolid_ToolToroidalSurface.ixx /misc/dn61/LocalWOK/wok_entities/LOC/dev/CR0-OCCT691-7-CR0-OCCT691-occt-64/drv/IGESSolid/IGESSolid_ToolToroidalSurface.ixx
+M IGESSolid:pubinclude:IGESSolid_ToolSolidInstance.hxx /misc/dn61/LocalWOK/wok_entities/LOC/dev/CR0-OCCT691-7-CR0-OCCT691-occt-64/inc/IGESSolid_ToolSolidInstance.hxx
+M IGESSolid:privinclude:IGESSolid_ToolSolidInstance.jxx /misc/dn61/LocalWOK/wok_entities/LOC/dev/CR0-OCCT691-7-CR0-OCCT691-occt-64/drv/IGESSolid/IGESSolid_ToolSolidInstance.jxx
+M IGESSolid:privinclude:IGESSolid_ToolSolidInstance.ixx /misc/dn61/LocalWOK/wok_entities/LOC/dev/CR0-OCCT691-7-CR0-OCCT691-occt-64/drv/IGESSolid/IGESSolid_ToolSolidInstance.ixx
+M IGESSolid:pubinclude:IGESSolid_ToolVertexList.hxx /misc/dn61/LocalWOK/wok_entities/LOC/dev/CR0-OCCT691-7-CR0-OCCT691-occt-64/inc/IGESSolid_ToolVertexList.hxx
+M IGESSolid:privinclude:IGESSolid_ToolVertexList.jxx /misc/dn61/LocalWOK/wok_entities/LOC/dev/CR0-OCCT691-7-CR0-OCCT691-occt-64/drv/IGESSolid/IGESSolid_ToolVertexList.jxx
+M IGESSolid:privinclude:IGESSolid_ToolVertexList.ixx /misc/dn61/LocalWOK/wok_entities/LOC/dev/CR0-OCCT691-7-CR0-OCCT691-occt-64/drv/IGESSolid/IGESSolid_ToolVertexList.ixx
+M IGESSolid:pubinclude:IGESSolid_ToolEdgeList.hxx /misc/dn61/LocalWOK/wok_entities/LOC/dev/CR0-OCCT691-7-CR0-OCCT691-occt-64/inc/IGESSolid_ToolEdgeList.hxx
+M IGESSolid:privinclude:IGESSolid_ToolEdgeList.jxx /misc/dn61/LocalWOK/wok_entities/LOC/dev/CR0-OCCT691-7-CR0-OCCT691-occt-64/drv/IGESSolid/IGESSolid_ToolEdgeList.jxx
+M IGESSolid:privinclude:IGESSolid_ToolEdgeList.ixx /misc/dn61/LocalWOK/wok_entities/LOC/dev/CR0-OCCT691-7-CR0-OCCT691-occt-64/drv/IGESSolid/IGESSolid_ToolEdgeList.ixx
+M IGESSolid:pubinclude:IGESSolid_ToolLoop.hxx /misc/dn61/LocalWOK/wok_entities/LOC/dev/CR0-OCCT691-7-CR0-OCCT691-occt-64/inc/IGESSolid_ToolLoop.hxx
+M IGESSolid:privinclude:IGESSolid_ToolLoop.jxx /misc/dn61/LocalWOK/wok_entities/LOC/dev/CR0-OCCT691-7-CR0-OCCT691-occt-64/drv/IGESSolid/IGESSolid_ToolLoop.jxx
+M IGESSolid:privinclude:IGESSolid_ToolLoop.ixx /misc/dn61/LocalWOK/wok_entities/LOC/dev/CR0-OCCT691-7-CR0-OCCT691-occt-64/drv/IGESSolid/IGESSolid_ToolLoop.ixx
+M IGESSolid:pubinclude:IGESSolid_ToolFace.hxx /misc/dn61/LocalWOK/wok_entities/LOC/dev/CR0-OCCT691-7-CR0-OCCT691-occt-64/inc/IGESSolid_ToolFace.hxx
+M IGESSolid:privinclude:IGESSolid_ToolFace.jxx /misc/dn61/LocalWOK/wok_entities/LOC/dev/CR0-OCCT691-7-CR0-OCCT691-occt-64/drv/IGESSolid/IGESSolid_ToolFace.jxx
+M IGESSolid:privinclude:IGESSolid_ToolFace.ixx /misc/dn61/LocalWOK/wok_entities/LOC/dev/CR0-OCCT691-7-CR0-OCCT691-occt-64/drv/IGESSolid/IGESSolid_ToolFace.ixx
+M IGESSolid:pubinclude:IGESSolid_ToolShell.hxx /misc/dn61/LocalWOK/wok_entities/LOC/dev/CR0-OCCT691-7-CR0-OCCT691-occt-64/inc/IGESSolid_ToolShell.hxx
+M IGESSolid:privinclude:IGESSolid_ToolShell.jxx /misc/dn61/LocalWOK/wok_entities/LOC/dev/CR0-OCCT691-7-CR0-OCCT691-occt-64/drv/IGESSolid/IGESSolid_ToolShell.jxx
+M IGESSolid:privinclude:IGESSolid_ToolShell.ixx /misc/dn61/LocalWOK/wok_entities/LOC/dev/CR0-OCCT691-7-CR0-OCCT691-occt-64/drv/IGESSolid/IGESSolid_ToolShell.ixx
+M IGESSolid:pubinclude:Handle_IGESSolid_Protocol.hxx /misc/dn61/LocalWOK/wok_entities/LOC/dev/CR0-OCCT691-7-CR0-OCCT691-occt-64/inc/Handle_IGESSolid_Protocol.hxx
+M IGESSolid:pubinclude:IGESSolid_Protocol.hxx /misc/dn61/LocalWOK/wok_entities/LOC/dev/CR0-OCCT691-7-CR0-OCCT691-occt-64/inc/IGESSolid_Protocol.hxx
+M IGESSolid:privinclude:IGESSolid_Protocol.jxx /misc/dn61/LocalWOK/wok_entities/LOC/dev/CR0-OCCT691-7-CR0-OCCT691-occt-64/drv/IGESSolid/IGESSolid_Protocol.jxx
+M IGESSolid:privinclude:IGESSolid_Protocol.ixx /misc/dn61/LocalWOK/wok_entities/LOC/dev/CR0-OCCT691-7-CR0-OCCT691-occt-64/drv/IGESSolid/IGESSolid_Protocol.ixx
+M IGESSolid:pubinclude:Handle_IGESSolid_ReadWriteModule.hxx /misc/dn61/LocalWOK/wok_entities/LOC/dev/CR0-OCCT691-7-CR0-OCCT691-occt-64/inc/Handle_IGESSolid_ReadWriteModule.hxx
+M IGESSolid:pubinclude:IGESSolid_ReadWriteModule.hxx /misc/dn61/LocalWOK/wok_entities/LOC/dev/CR0-OCCT691-7-CR0-OCCT691-occt-64/inc/IGESSolid_ReadWriteModule.hxx
+M IGESSolid:privinclude:IGESSolid_ReadWriteModule.jxx /misc/dn61/LocalWOK/wok_entities/LOC/dev/CR0-OCCT691-7-CR0-OCCT691-occt-64/drv/IGESSolid/IGESSolid_ReadWriteModule.jxx
+M IGESSolid:privinclude:IGESSolid_ReadWriteModule.ixx /misc/dn61/LocalWOK/wok_entities/LOC/dev/CR0-OCCT691-7-CR0-OCCT691-occt-64/drv/IGESSolid/IGESSolid_ReadWriteModule.ixx
+M IGESSolid:pubinclude:Handle_IGESSolid_GeneralModule.hxx /misc/dn61/LocalWOK/wok_entities/LOC/dev/CR0-OCCT691-7-CR0-OCCT691-occt-64/inc/Handle_IGESSolid_GeneralModule.hxx
+M IGESSolid:pubinclude:IGESSolid_GeneralModule.hxx /misc/dn61/LocalWOK/wok_entities/LOC/dev/CR0-OCCT691-7-CR0-OCCT691-occt-64/inc/IGESSolid_GeneralModule.hxx
+M IGESSolid:privinclude:IGESSolid_GeneralModule.jxx /misc/dn61/LocalWOK/wok_entities/LOC/dev/CR0-OCCT691-7-CR0-OCCT691-occt-64/drv/IGESSolid/IGESSolid_GeneralModule.jxx
+M IGESSolid:privinclude:IGESSolid_GeneralModule.ixx /misc/dn61/LocalWOK/wok_entities/LOC/dev/CR0-OCCT691-7-CR0-OCCT691-occt-64/drv/IGESSolid/IGESSolid_GeneralModule.ixx
+M IGESSolid:pubinclude:Handle_IGESSolid_SpecificModule.hxx /misc/dn61/LocalWOK/wok_entities/LOC/dev/CR0-OCCT691-7-CR0-OCCT691-occt-64/inc/Handle_IGESSolid_SpecificModule.hxx
+M IGESSolid:pubinclude:IGESSolid_SpecificModule.hxx /misc/dn61/LocalWOK/wok_entities/LOC/dev/CR0-OCCT691-7-CR0-OCCT691-occt-64/inc/IGESSolid_SpecificModule.hxx
+M IGESSolid:privinclude:IGESSolid_SpecificModule.jxx /misc/dn61/LocalWOK/wok_entities/LOC/dev/CR0-OCCT691-7-CR0-OCCT691-occt-64/drv/IGESSolid/IGESSolid_SpecificModule.jxx
+M IGESSolid:privinclude:IGESSolid_SpecificModule.ixx /misc/dn61/LocalWOK/wok_entities/LOC/dev/CR0-OCCT691-7-CR0-OCCT691-occt-64/drv/IGESSolid/IGESSolid_SpecificModule.ixx
+M IGESSolid:pubinclude:IGESSolid_TopoBuilder.hxx /misc/dn61/LocalWOK/wok_entities/LOC/dev/CR0-OCCT691-7-CR0-OCCT691-occt-64/inc/IGESSolid_TopoBuilder.hxx
+M IGESSolid:privinclude:IGESSolid_TopoBuilder.jxx /misc/dn61/LocalWOK/wok_entities/LOC/dev/CR0-OCCT691-7-CR0-OCCT691-occt-64/drv/IGESSolid/IGESSolid_TopoBuilder.jxx
+M IGESSolid:privinclude:IGESSolid_TopoBuilder.ixx /misc/dn61/LocalWOK/wok_entities/LOC/dev/CR0-OCCT691-7-CR0-OCCT691-occt-64/drv/IGESSolid/IGESSolid_TopoBuilder.ixx
+M IGESSolid:pubinclude:IGESSolid_Array1OfLoop.hxx /misc/dn61/LocalWOK/wok_entities/LOC/dev/CR0-OCCT691-7-CR0-OCCT691-occt-64/inc/IGESSolid_Array1OfLoop.hxx
+M IGESSolid:derivated:IGESSolid_Array1OfLoop_0.cxx /misc/dn61/LocalWOK/wok_entities/LOC/dev/CR0-OCCT691-7-CR0-OCCT691-occt-64/drv/IGESSolid/IGESSolid_Array1OfLoop_0.cxx
+M IGESSolid:pubinclude:IGESSolid_Array1OfFace.hxx /misc/dn61/LocalWOK/wok_entities/LOC/dev/CR0-OCCT691-7-CR0-OCCT691-occt-64/inc/IGESSolid_Array1OfFace.hxx
+M IGESSolid:derivated:IGESSolid_Array1OfFace_0.cxx /misc/dn61/LocalWOK/wok_entities/LOC/dev/CR0-OCCT691-7-CR0-OCCT691-occt-64/drv/IGESSolid/IGESSolid_Array1OfFace_0.cxx
+M IGESSolid:pubinclude:IGESSolid_Array1OfShell.hxx /misc/dn61/LocalWOK/wok_entities/LOC/dev/CR0-OCCT691-7-CR0-OCCT691-occt-64/inc/IGESSolid_Array1OfShell.hxx
+M IGESSolid:derivated:IGESSolid_Array1OfShell_0.cxx /misc/dn61/LocalWOK/wok_entities/LOC/dev/CR0-OCCT691-7-CR0-OCCT691-occt-64/drv/IGESSolid/IGESSolid_Array1OfShell_0.cxx
+M IGESSolid:pubinclude:IGESSolid_Array1OfVertexList.hxx /misc/dn61/LocalWOK/wok_entities/LOC/dev/CR0-OCCT691-7-CR0-OCCT691-occt-64/inc/IGESSolid_Array1OfVertexList.hxx
+M IGESSolid:derivated:IGESSolid_Array1OfVertexList_0.cxx /misc/dn61/LocalWOK/wok_entities/LOC/dev/CR0-OCCT691-7-CR0-OCCT691-occt-64/drv/IGESSolid/IGESSolid_Array1OfVertexList_0.cxx
+M IGESSolid:pubinclude:Handle_IGESSolid_HArray1OfLoop.hxx /misc/dn61/LocalWOK/wok_entities/LOC/dev/CR0-OCCT691-7-CR0-OCCT691-occt-64/inc/Handle_IGESSolid_HArray1OfLoop.hxx
+M IGESSolid:pubinclude:IGESSolid_HArray1OfLoop.hxx /misc/dn61/LocalWOK/wok_entities/LOC/dev/CR0-OCCT691-7-CR0-OCCT691-occt-64/inc/IGESSolid_HArray1OfLoop.hxx
+M IGESSolid:derivated:IGESSolid_HArray1OfLoop_0.cxx /misc/dn61/LocalWOK/wok_entities/LOC/dev/CR0-OCCT691-7-CR0-OCCT691-occt-64/drv/IGESSolid/IGESSolid_HArray1OfLoop_0.cxx
+M IGESSolid:pubinclude:Handle_IGESSolid_HArray1OfFace.hxx /misc/dn61/LocalWOK/wok_entities/LOC/dev/CR0-OCCT691-7-CR0-OCCT691-occt-64/inc/Handle_IGESSolid_HArray1OfFace.hxx
+M IGESSolid:pubinclude:IGESSolid_HArray1OfFace.hxx /misc/dn61/LocalWOK/wok_entities/LOC/dev/CR0-OCCT691-7-CR0-OCCT691-occt-64/inc/IGESSolid_HArray1OfFace.hxx
+M IGESSolid:derivated:IGESSolid_HArray1OfFace_0.cxx /misc/dn61/LocalWOK/wok_entities/LOC/dev/CR0-OCCT691-7-CR0-OCCT691-occt-64/drv/IGESSolid/IGESSolid_HArray1OfFace_0.cxx
+M IGESSolid:pubinclude:Handle_IGESSolid_HArray1OfShell.hxx /misc/dn61/LocalWOK/wok_entities/LOC/dev/CR0-OCCT691-7-CR0-OCCT691-occt-64/inc/Handle_IGESSolid_HArray1OfShell.hxx
+M IGESSolid:pubinclude:IGESSolid_HArray1OfShell.hxx /misc/dn61/LocalWOK/wok_entities/LOC/dev/CR0-OCCT691-7-CR0-OCCT691-occt-64/inc/IGESSolid_HArray1OfShell.hxx
+M IGESSolid:derivated:IGESSolid_HArray1OfShell_0.cxx /misc/dn61/LocalWOK/wok_entities/LOC/dev/CR0-OCCT691-7-CR0-OCCT691-occt-64/drv/IGESSolid/IGESSolid_HArray1OfShell_0.cxx
+M IGESSolid:pubinclude:Handle_IGESSolid_HArray1OfVertexList.hxx /misc/dn61/LocalWOK/wok_entities/LOC/dev/CR0-OCCT691-7-CR0-OCCT691-occt-64/inc/Handle_IGESSolid_HArray1OfVertexList.hxx
+M IGESSolid:pubinclude:IGESSolid_HArray1OfVertexList.hxx /misc/dn61/LocalWOK/wok_entities/LOC/dev/CR0-OCCT691-7-CR0-OCCT691-occt-64/inc/IGESSolid_HArray1OfVertexList.hxx
+M IGESSolid:derivated:IGESSolid_HArray1OfVertexList_0.cxx /misc/dn61/LocalWOK/wok_entities/LOC/dev/CR0-OCCT691-7-CR0-OCCT691-occt-64/drv/IGESSolid/IGESSolid_HArray1OfVertexList_0.cxx
+M IGESSolid:dbadmfile:IGESSolid_xcpp_header.In /misc/dn61/LocalWOK/wok_entities/LOC/dev/CR0-OCCT691-7-CR0-OCCT691-occt-64/drv/IGESSolid/.adm/IGESSolid_xcpp_header.In
+M IGESSolid:dbadmfile:IGESSolid_xcpp_header.Out /misc/dn61/LocalWOK/wok_entities/LOC/dev/CR0-OCCT691-7-CR0-OCCT691-occt-64/drv/IGESSolid/.adm/IGESSolid_xcpp_header.Out
+M IGESSolid:dbadmfile:IGESSolid_xcpp_header.Dep /misc/dn61/LocalWOK/wok_entities/LOC/dev/CR0-OCCT691-7-CR0-OCCT691-occt-64/drv/IGESSolid/.adm/IGESSolid_xcpp_header.Dep
