+M GeomAdaptor:pubinclude:GeomAdaptor.hxx /misc/dn61/LocalWOK/wok_entities/LOC/dev/CR0-OCCT691-7-CR0-OCCT691-occt-64/inc/GeomAdaptor.hxx
+M GeomAdaptor:privinclude:GeomAdaptor.jxx /misc/dn61/LocalWOK/wok_entities/LOC/dev/CR0-OCCT691-7-CR0-OCCT691-occt-64/drv/GeomAdaptor/GeomAdaptor.jxx
+M GeomAdaptor:privinclude:GeomAdaptor.ixx /misc/dn61/LocalWOK/wok_entities/LOC/dev/CR0-OCCT691-7-CR0-OCCT691-occt-64/drv/GeomAdaptor/GeomAdaptor.ixx
+M GeomAdaptor:pubinclude:GeomAdaptor_Curve.hxx /misc/dn61/LocalWOK/wok_entities/LOC/dev/CR0-OCCT691-7-CR0-OCCT691-occt-64/inc/GeomAdaptor_Curve.hxx
+M GeomAdaptor:privinclude:GeomAdaptor_Curve.jxx /misc/dn61/LocalWOK/wok_entities/LOC/dev/CR0-OCCT691-7-CR0-OCCT691-occt-64/drv/GeomAdaptor/GeomAdaptor_Curve.jxx
+M GeomAdaptor:privinclude:GeomAdaptor_Curve.ixx /misc/dn61/LocalWOK/wok_entities/LOC/dev/CR0-OCCT691-7-CR0-OCCT691-occt-64/drv/GeomAdaptor/GeomAdaptor_Curve.ixx
+M GeomAdaptor:pubinclude:GeomAdaptor_Surface.hxx /misc/dn61/LocalWOK/wok_entities/LOC/dev/CR0-OCCT691-7-CR0-OCCT691-occt-64/inc/GeomAdaptor_Surface.hxx
+M GeomAdaptor:privinclude:GeomAdaptor_Surface.jxx /misc/dn61/LocalWOK/wok_entities/LOC/dev/CR0-OCCT691-7-CR0-OCCT691-occt-64/drv/GeomAdaptor/GeomAdaptor_Surface.jxx
+M GeomAdaptor:privinclude:GeomAdaptor_Surface.ixx /misc/dn61/LocalWOK/wok_entities/LOC/dev/CR0-OCCT691-7-CR0-OCCT691-occt-64/drv/GeomAdaptor/GeomAdaptor_Surface.ixx
+M GeomAdaptor:pubinclude:Handle_GeomAdaptor_GHSurface.hxx /misc/dn61/LocalWOK/wok_entities/LOC/dev/CR0-OCCT691-7-CR0-OCCT691-occt-64/inc/Handle_GeomAdaptor_GHSurface.hxx
+M GeomAdaptor:pubinclude:GeomAdaptor_GHSurface.hxx /misc/dn61/LocalWOK/wok_entities/LOC/dev/CR0-OCCT691-7-CR0-OCCT691-occt-64/inc/GeomAdaptor_GHSurface.hxx
+M GeomAdaptor:derivated:GeomAdaptor_GHSurface_0.cxx /misc/dn61/LocalWOK/wok_entities/LOC/dev/CR0-OCCT691-7-CR0-OCCT691-occt-64/drv/GeomAdaptor/GeomAdaptor_GHSurface_0.cxx
+M GeomAdaptor:pubinclude:Handle_GeomAdaptor_HSurface.hxx /misc/dn61/LocalWOK/wok_entities/LOC/dev/CR0-OCCT691-7-CR0-OCCT691-occt-64/inc/Handle_GeomAdaptor_HSurface.hxx
+M GeomAdaptor:pubinclude:GeomAdaptor_HSurface.hxx /misc/dn61/LocalWOK/wok_entities/LOC/dev/CR0-OCCT691-7-CR0-OCCT691-occt-64/inc/GeomAdaptor_HSurface.hxx
+M GeomAdaptor:privinclude:GeomAdaptor_HSurface.jxx /misc/dn61/LocalWOK/wok_entities/LOC/dev/CR0-OCCT691-7-CR0-OCCT691-occt-64/drv/GeomAdaptor/GeomAdaptor_HSurface.jxx
+M GeomAdaptor:privinclude:GeomAdaptor_HSurface.ixx /misc/dn61/LocalWOK/wok_entities/LOC/dev/CR0-OCCT691-7-CR0-OCCT691-occt-64/drv/GeomAdaptor/GeomAdaptor_HSurface.ixx
+M GeomAdaptor:pubinclude:Handle_GeomAdaptor_GHCurve.hxx /misc/dn61/LocalWOK/wok_entities/LOC/dev/CR0-OCCT691-7-CR0-OCCT691-occt-64/inc/Handle_GeomAdaptor_GHCurve.hxx
+M GeomAdaptor:pubinclude:GeomAdaptor_GHCurve.hxx /misc/dn61/LocalWOK/wok_entities/LOC/dev/CR0-OCCT691-7-CR0-OCCT691-occt-64/inc/GeomAdaptor_GHCurve.hxx
+M GeomAdaptor:derivated:GeomAdaptor_GHCurve_0.cxx /misc/dn61/LocalWOK/wok_entities/LOC/dev/CR0-OCCT691-7-CR0-OCCT691-occt-64/drv/GeomAdaptor/GeomAdaptor_GHCurve_0.cxx
+M GeomAdaptor:pubinclude:Handle_GeomAdaptor_HCurve.hxx /misc/dn61/LocalWOK/wok_entities/LOC/dev/CR0-OCCT691-7-CR0-OCCT691-occt-64/inc/Handle_GeomAdaptor_HCurve.hxx
+M GeomAdaptor:pubinclude:GeomAdaptor_HCurve.hxx /misc/dn61/LocalWOK/wok_entities/LOC/dev/CR0-OCCT691-7-CR0-OCCT691-occt-64/inc/GeomAdaptor_HCurve.hxx
+M GeomAdaptor:privinclude:GeomAdaptor_HCurve.jxx /misc/dn61/LocalWOK/wok_entities/LOC/dev/CR0-OCCT691-7-CR0-OCCT691-occt-64/drv/GeomAdaptor/GeomAdaptor_HCurve.jxx
+M GeomAdaptor:privinclude:GeomAdaptor_HCurve.ixx /misc/dn61/LocalWOK/wok_entities/LOC/dev/CR0-OCCT691-7-CR0-OCCT691-occt-64/drv/GeomAdaptor/GeomAdaptor_HCurve.ixx
+M GeomAdaptor:dbadmfile:GeomAdaptor_xcpp_header.In /misc/dn61/LocalWOK/wok_entities/LOC/dev/CR0-OCCT691-7-CR0-OCCT691-occt-64/drv/GeomAdaptor/.adm/GeomAdaptor_xcpp_header.In
+M GeomAdaptor:dbadmfile:GeomAdaptor_xcpp_header.Out /misc/dn61/LocalWOK/wok_entities/LOC/dev/CR0-OCCT691-7-CR0-OCCT691-occt-64/drv/GeomAdaptor/.adm/GeomAdaptor_xcpp_header.Out
+M GeomAdaptor:dbadmfile:GeomAdaptor_xcpp_header.Dep /misc/dn61/LocalWOK/wok_entities/LOC/dev/CR0-OCCT691-7-CR0-OCCT691-occt-64/drv/GeomAdaptor/.adm/GeomAdaptor_xcpp_header.Dep
