+M Plate:pubinclude:Plate_Plate.hxx /misc/dn61/LocalWOK/wok_entities/LOC/dev/CR0-OCCT691-7-CR0-OCCT691-occt-64/inc/Plate_Plate.hxx
+M Plate:privinclude:Plate_Plate.jxx /misc/dn61/LocalWOK/wok_entities/LOC/dev/CR0-OCCT691-7-CR0-OCCT691-occt-64/drv/Plate/Plate_Plate.jxx
+M Plate:privinclude:Plate_Plate.ixx /misc/dn61/LocalWOK/wok_entities/LOC/dev/CR0-OCCT691-7-CR0-OCCT691-occt-64/drv/Plate/Plate_Plate.ixx
+M Plate:pubinclude:Plate_PinpointConstraint.hxx /misc/dn61/LocalWOK/wok_entities/LOC/dev/CR0-OCCT691-7-CR0-OCCT691-occt-64/inc/Plate_PinpointConstraint.hxx
+M Plate:privinclude:Plate_PinpointConstraint.jxx /misc/dn61/LocalWOK/wok_entities/LOC/dev/CR0-OCCT691-7-CR0-OCCT691-occt-64/drv/Plate/Plate_PinpointConstraint.jxx
+M Plate:privinclude:Plate_PinpointConstraint.ixx /misc/dn61/LocalWOK/wok_entities/LOC/dev/CR0-OCCT691-7-CR0-OCCT691-occt-64/drv/Plate/Plate_PinpointConstraint.ixx
+M Plate:pubinclude:Plate_LinearScalarConstraint.hxx /misc/dn61/LocalWOK/wok_entities/LOC/dev/CR0-OCCT691-7-CR0-OCCT691-occt-64/inc/Plate_LinearScalarConstraint.hxx
+M Plate:privinclude:Plate_LinearScalarConstraint.jxx /misc/dn61/LocalWOK/wok_entities/LOC/dev/CR0-OCCT691-7-CR0-OCCT691-occt-64/drv/Plate/Plate_LinearScalarConstraint.jxx
+M Plate:privinclude:Plate_LinearScalarConstraint.ixx /misc/dn61/LocalWOK/wok_entities/LOC/dev/CR0-OCCT691-7-CR0-OCCT691-occt-64/drv/Plate/Plate_LinearScalarConstraint.ixx
+M Plate:pubinclude:Plate_LinearXYZConstraint.hxx /misc/dn61/LocalWOK/wok_entities/LOC/dev/CR0-OCCT691-7-CR0-OCCT691-occt-64/inc/Plate_LinearXYZConstraint.hxx
+M Plate:privinclude:Plate_LinearXYZConstraint.jxx /misc/dn61/LocalWOK/wok_entities/LOC/dev/CR0-OCCT691-7-CR0-OCCT691-occt-64/drv/Plate/Plate_LinearXYZConstraint.jxx
+M Plate:privinclude:Plate_LinearXYZConstraint.ixx /misc/dn61/LocalWOK/wok_entities/LOC/dev/CR0-OCCT691-7-CR0-OCCT691-occt-64/drv/Plate/Plate_LinearXYZConstraint.ixx
+M Plate:pubinclude:Plate_GlobalTranslationConstraint.hxx /misc/dn61/LocalWOK/wok_entities/LOC/dev/CR0-OCCT691-7-CR0-OCCT691-occt-64/inc/Plate_GlobalTranslationConstraint.hxx
+M Plate:privinclude:Plate_GlobalTranslationConstraint.jxx /misc/dn61/LocalWOK/wok_entities/LOC/dev/CR0-OCCT691-7-CR0-OCCT691-occt-64/drv/Plate/Plate_GlobalTranslationConstraint.jxx
+M Plate:privinclude:Plate_GlobalTranslationConstraint.ixx /misc/dn61/LocalWOK/wok_entities/LOC/dev/CR0-OCCT691-7-CR0-OCCT691-occt-64/drv/Plate/Plate_GlobalTranslationConstraint.ixx
+M Plate:pubinclude:Plate_PlaneConstraint.hxx /misc/dn61/LocalWOK/wok_entities/LOC/dev/CR0-OCCT691-7-CR0-OCCT691-occt-64/inc/Plate_PlaneConstraint.hxx
+M Plate:privinclude:Plate_PlaneConstraint.jxx /misc/dn61/LocalWOK/wok_entities/LOC/dev/CR0-OCCT691-7-CR0-OCCT691-occt-64/drv/Plate/Plate_PlaneConstraint.jxx
+M Plate:privinclude:Plate_PlaneConstraint.ixx /misc/dn61/LocalWOK/wok_entities/LOC/dev/CR0-OCCT691-7-CR0-OCCT691-occt-64/drv/Plate/Plate_PlaneConstraint.ixx
+M Plate:pubinclude:Plate_LineConstraint.hxx /misc/dn61/LocalWOK/wok_entities/LOC/dev/CR0-OCCT691-7-CR0-OCCT691-occt-64/inc/Plate_LineConstraint.hxx
+M Plate:privinclude:Plate_LineConstraint.jxx /misc/dn61/LocalWOK/wok_entities/LOC/dev/CR0-OCCT691-7-CR0-OCCT691-occt-64/drv/Plate/Plate_LineConstraint.jxx
+M Plate:privinclude:Plate_LineConstraint.ixx /misc/dn61/LocalWOK/wok_entities/LOC/dev/CR0-OCCT691-7-CR0-OCCT691-occt-64/drv/Plate/Plate_LineConstraint.ixx
+M Plate:pubinclude:Plate_SampledCurveConstraint.hxx /misc/dn61/LocalWOK/wok_entities/LOC/dev/CR0-OCCT691-7-CR0-OCCT691-occt-64/inc/Plate_SampledCurveConstraint.hxx
+M Plate:privinclude:Plate_SampledCurveConstraint.jxx /misc/dn61/LocalWOK/wok_entities/LOC/dev/CR0-OCCT691-7-CR0-OCCT691-occt-64/drv/Plate/Plate_SampledCurveConstraint.jxx
+M Plate:privinclude:Plate_SampledCurveConstraint.ixx /misc/dn61/LocalWOK/wok_entities/LOC/dev/CR0-OCCT691-7-CR0-OCCT691-occt-64/drv/Plate/Plate_SampledCurveConstraint.ixx
+M Plate:pubinclude:Plate_GtoCConstraint.hxx /misc/dn61/LocalWOK/wok_entities/LOC/dev/CR0-OCCT691-7-CR0-OCCT691-occt-64/inc/Plate_GtoCConstraint.hxx
+M Plate:privinclude:Plate_GtoCConstraint.jxx /misc/dn61/LocalWOK/wok_entities/LOC/dev/CR0-OCCT691-7-CR0-OCCT691-occt-64/drv/Plate/Plate_GtoCConstraint.jxx
+M Plate:privinclude:Plate_GtoCConstraint.ixx /misc/dn61/LocalWOK/wok_entities/LOC/dev/CR0-OCCT691-7-CR0-OCCT691-occt-64/drv/Plate/Plate_GtoCConstraint.ixx
+M Plate:pubinclude:Plate_FreeGtoCConstraint.hxx /misc/dn61/LocalWOK/wok_entities/LOC/dev/CR0-OCCT691-7-CR0-OCCT691-occt-64/inc/Plate_FreeGtoCConstraint.hxx
+M Plate:privinclude:Plate_FreeGtoCConstraint.jxx /misc/dn61/LocalWOK/wok_entities/LOC/dev/CR0-OCCT691-7-CR0-OCCT691-occt-64/drv/Plate/Plate_FreeGtoCConstraint.jxx
+M Plate:privinclude:Plate_FreeGtoCConstraint.ixx /misc/dn61/LocalWOK/wok_entities/LOC/dev/CR0-OCCT691-7-CR0-OCCT691-occt-64/drv/Plate/Plate_FreeGtoCConstraint.ixx
+M Plate:pubinclude:Plate_D1.hxx /misc/dn61/LocalWOK/wok_entities/LOC/dev/CR0-OCCT691-7-CR0-OCCT691-occt-64/inc/Plate_D1.hxx
+M Plate:privinclude:Plate_D1.jxx /misc/dn61/LocalWOK/wok_entities/LOC/dev/CR0-OCCT691-7-CR0-OCCT691-occt-64/drv/Plate/Plate_D1.jxx
+M Plate:privinclude:Plate_D1.ixx /misc/dn61/LocalWOK/wok_entities/LOC/dev/CR0-OCCT691-7-CR0-OCCT691-occt-64/drv/Plate/Plate_D1.ixx
+M Plate:pubinclude:Plate_D2.hxx /misc/dn61/LocalWOK/wok_entities/LOC/dev/CR0-OCCT691-7-CR0-OCCT691-occt-64/inc/Plate_D2.hxx
+M Plate:privinclude:Plate_D2.jxx /misc/dn61/LocalWOK/wok_entities/LOC/dev/CR0-OCCT691-7-CR0-OCCT691-occt-64/drv/Plate/Plate_D2.jxx
+M Plate:privinclude:Plate_D2.ixx /misc/dn61/LocalWOK/wok_entities/LOC/dev/CR0-OCCT691-7-CR0-OCCT691-occt-64/drv/Plate/Plate_D2.ixx
+M Plate:pubinclude:Plate_D3.hxx /misc/dn61/LocalWOK/wok_entities/LOC/dev/CR0-OCCT691-7-CR0-OCCT691-occt-64/inc/Plate_D3.hxx
+M Plate:privinclude:Plate_D3.jxx /misc/dn61/LocalWOK/wok_entities/LOC/dev/CR0-OCCT691-7-CR0-OCCT691-occt-64/drv/Plate/Plate_D3.jxx
+M Plate:privinclude:Plate_D3.ixx /misc/dn61/LocalWOK/wok_entities/LOC/dev/CR0-OCCT691-7-CR0-OCCT691-occt-64/drv/Plate/Plate_D3.ixx
+M Plate:pubinclude:Plate_SequenceOfPinpointConstraint.hxx /misc/dn61/LocalWOK/wok_entities/LOC/dev/CR0-OCCT691-7-CR0-OCCT691-occt-64/inc/Plate_SequenceOfPinpointConstraint.hxx
+M Plate:derivated:Plate_SequenceOfPinpointConstraint_0.cxx /misc/dn61/LocalWOK/wok_entities/LOC/dev/CR0-OCCT691-7-CR0-OCCT691-occt-64/drv/Plate/Plate_SequenceOfPinpointConstraint_0.cxx
+M Plate:pubinclude:Plate_SequenceOfLinearXYZConstraint.hxx /misc/dn61/LocalWOK/wok_entities/LOC/dev/CR0-OCCT691-7-CR0-OCCT691-occt-64/inc/Plate_SequenceOfLinearXYZConstraint.hxx
+M Plate:derivated:Plate_SequenceOfLinearXYZConstraint_0.cxx /misc/dn61/LocalWOK/wok_entities/LOC/dev/CR0-OCCT691-7-CR0-OCCT691-occt-64/drv/Plate/Plate_SequenceOfLinearXYZConstraint_0.cxx
+M Plate:pubinclude:Plate_SequenceOfLinearScalarConstraint.hxx /misc/dn61/LocalWOK/wok_entities/LOC/dev/CR0-OCCT691-7-CR0-OCCT691-occt-64/inc/Plate_SequenceOfLinearScalarConstraint.hxx
+M Plate:derivated:Plate_SequenceOfLinearScalarConstraint_0.cxx /misc/dn61/LocalWOK/wok_entities/LOC/dev/CR0-OCCT691-7-CR0-OCCT691-occt-64/drv/Plate/Plate_SequenceOfLinearScalarConstraint_0.cxx
+M Plate:pubinclude:Plate_Array1OfPinpointConstraint.hxx /misc/dn61/LocalWOK/wok_entities/LOC/dev/CR0-OCCT691-7-CR0-OCCT691-occt-64/inc/Plate_Array1OfPinpointConstraint.hxx
+M Plate:derivated:Plate_Array1OfPinpointConstraint_0.cxx /misc/dn61/LocalWOK/wok_entities/LOC/dev/CR0-OCCT691-7-CR0-OCCT691-occt-64/drv/Plate/Plate_Array1OfPinpointConstraint_0.cxx
+M Plate:pubinclude:Handle_Plate_HArray1OfPinpointConstraint.hxx /misc/dn61/LocalWOK/wok_entities/LOC/dev/CR0-OCCT691-7-CR0-OCCT691-occt-64/inc/Handle_Plate_HArray1OfPinpointConstraint.hxx
+M Plate:pubinclude:Plate_HArray1OfPinpointConstraint.hxx /misc/dn61/LocalWOK/wok_entities/LOC/dev/CR0-OCCT691-7-CR0-OCCT691-occt-64/inc/Plate_HArray1OfPinpointConstraint.hxx
+M Plate:derivated:Plate_HArray1OfPinpointConstraint_0.cxx /misc/dn61/LocalWOK/wok_entities/LOC/dev/CR0-OCCT691-7-CR0-OCCT691-occt-64/drv/Plate/Plate_HArray1OfPinpointConstraint_0.cxx
+M Plate:pubinclude:Handle_Plate_SequenceNodeOfSequenceOfPinpointConstraint.hxx /misc/dn61/LocalWOK/wok_entities/LOC/dev/CR0-OCCT691-7-CR0-OCCT691-occt-64/inc/Handle_Plate_SequenceNodeOfSequenceOfPinpointConstraint.hxx
+M Plate:pubinclude:Plate_SequenceNodeOfSequenceOfPinpointConstraint.hxx /misc/dn61/LocalWOK/wok_entities/LOC/dev/CR0-OCCT691-7-CR0-OCCT691-occt-64/inc/Plate_SequenceNodeOfSequenceOfPinpointConstraint.hxx
+M Plate:derivated:Plate_SequenceNodeOfSequenceOfPinpointConstraint_0.cxx /misc/dn61/LocalWOK/wok_entities/LOC/dev/CR0-OCCT691-7-CR0-OCCT691-occt-64/drv/Plate/Plate_SequenceNodeOfSequenceOfPinpointConstraint_0.cxx
+M Plate:pubinclude:Handle_Plate_SequenceNodeOfSequenceOfLinearXYZConstraint.hxx /misc/dn61/LocalWOK/wok_entities/LOC/dev/CR0-OCCT691-7-CR0-OCCT691-occt-64/inc/Handle_Plate_SequenceNodeOfSequenceOfLinearXYZConstraint.hxx
+M Plate:pubinclude:Plate_SequenceNodeOfSequenceOfLinearXYZConstraint.hxx /misc/dn61/LocalWOK/wok_entities/LOC/dev/CR0-OCCT691-7-CR0-OCCT691-occt-64/inc/Plate_SequenceNodeOfSequenceOfLinearXYZConstraint.hxx
+M Plate:derivated:Plate_SequenceNodeOfSequenceOfLinearXYZConstraint_0.cxx /misc/dn61/LocalWOK/wok_entities/LOC/dev/CR0-OCCT691-7-CR0-OCCT691-occt-64/drv/Plate/Plate_SequenceNodeOfSequenceOfLinearXYZConstraint_0.cxx
+M Plate:pubinclude:Handle_Plate_SequenceNodeOfSequenceOfLinearScalarConstraint.hxx /misc/dn61/LocalWOK/wok_entities/LOC/dev/CR0-OCCT691-7-CR0-OCCT691-occt-64/inc/Handle_Plate_SequenceNodeOfSequenceOfLinearScalarConstraint.hxx
+M Plate:pubinclude:Plate_SequenceNodeOfSequenceOfLinearScalarConstraint.hxx /misc/dn61/LocalWOK/wok_entities/LOC/dev/CR0-OCCT691-7-CR0-OCCT691-occt-64/inc/Plate_SequenceNodeOfSequenceOfLinearScalarConstraint.hxx
+M Plate:derivated:Plate_SequenceNodeOfSequenceOfLinearScalarConstraint_0.cxx /misc/dn61/LocalWOK/wok_entities/LOC/dev/CR0-OCCT691-7-CR0-OCCT691-occt-64/drv/Plate/Plate_SequenceNodeOfSequenceOfLinearScalarConstraint_0.cxx
+M Plate:dbadmfile:Plate_xcpp_header.In /misc/dn61/LocalWOK/wok_entities/LOC/dev/CR0-OCCT691-7-CR0-OCCT691-occt-64/drv/Plate/.adm/Plate_xcpp_header.In
+M Plate:dbadmfile:Plate_xcpp_header.Out /misc/dn61/LocalWOK/wok_entities/LOC/dev/CR0-OCCT691-7-CR0-OCCT691-occt-64/drv/Plate/.adm/Plate_xcpp_header.Out
+M Plate:dbadmfile:Plate_xcpp_header.Dep /misc/dn61/LocalWOK/wok_entities/LOC/dev/CR0-OCCT691-7-CR0-OCCT691-occt-64/drv/Plate/.adm/Plate_xcpp_header.Dep
