+M HLRTopoBRep:pubinclude:HLRTopoBRep_VData.hxx /misc/dn61/LocalWOK/wok_entities/LOC/dev/CR0-OCCT691-7-CR0-OCCT691-occt-64/inc/HLRTopoBRep_VData.hxx
+M HLRTopoBRep:privinclude:HLRTopoBRep_VData.jxx /misc/dn61/LocalWOK/wok_entities/LOC/dev/CR0-OCCT691-7-CR0-OCCT691-occt-64/drv/HLRTopoBRep/HLRTopoBRep_VData.jxx
+M HLRTopoBRep:privinclude:HLRTopoBRep_VData.ixx /misc/dn61/LocalWOK/wok_entities/LOC/dev/CR0-OCCT691-7-CR0-OCCT691-occt-64/drv/HLRTopoBRep/HLRTopoBRep_VData.ixx
+M HLRTopoBRep:pubinclude:HLRTopoBRep_ListOfVData.hxx /misc/dn61/LocalWOK/wok_entities/LOC/dev/CR0-OCCT691-7-CR0-OCCT691-occt-64/inc/HLRTopoBRep_ListOfVData.hxx
+M HLRTopoBRep:derivated:HLRTopoBRep_ListOfVData_0.cxx /misc/dn61/LocalWOK/wok_entities/LOC/dev/CR0-OCCT691-7-CR0-OCCT691-occt-64/drv/HLRTopoBRep/HLRTopoBRep_ListOfVData_0.cxx
+M HLRTopoBRep:pubinclude:HLRTopoBRep_MapOfShapeListOfVData.hxx /misc/dn61/LocalWOK/wok_entities/LOC/dev/CR0-OCCT691-7-CR0-OCCT691-occt-64/inc/HLRTopoBRep_MapOfShapeListOfVData.hxx
+M HLRTopoBRep:derivated:HLRTopoBRep_MapOfShapeListOfVData_0.cxx /misc/dn61/LocalWOK/wok_entities/LOC/dev/CR0-OCCT691-7-CR0-OCCT691-occt-64/drv/HLRTopoBRep/HLRTopoBRep_MapOfShapeListOfVData_0.cxx
+M HLRTopoBRep:pubinclude:HLRTopoBRep_FaceData.hxx /misc/dn61/LocalWOK/wok_entities/LOC/dev/CR0-OCCT691-7-CR0-OCCT691-occt-64/inc/HLRTopoBRep_FaceData.hxx
+M HLRTopoBRep:privinclude:HLRTopoBRep_FaceData.jxx /misc/dn61/LocalWOK/wok_entities/LOC/dev/CR0-OCCT691-7-CR0-OCCT691-occt-64/drv/HLRTopoBRep/HLRTopoBRep_FaceData.jxx
+M HLRTopoBRep:privinclude:HLRTopoBRep_FaceData.ixx /misc/dn61/LocalWOK/wok_entities/LOC/dev/CR0-OCCT691-7-CR0-OCCT691-occt-64/drv/HLRTopoBRep/HLRTopoBRep_FaceData.ixx
+M HLRTopoBRep:pubinclude:HLRTopoBRep_DataMapOfShapeFaceData.hxx /misc/dn61/LocalWOK/wok_entities/LOC/dev/CR0-OCCT691-7-CR0-OCCT691-occt-64/inc/HLRTopoBRep_DataMapOfShapeFaceData.hxx
+M HLRTopoBRep:derivated:HLRTopoBRep_DataMapOfShapeFaceData_0.cxx /misc/dn61/LocalWOK/wok_entities/LOC/dev/CR0-OCCT691-7-CR0-OCCT691-occt-64/drv/HLRTopoBRep/HLRTopoBRep_DataMapOfShapeFaceData_0.cxx
+M HLRTopoBRep:pubinclude:HLRTopoBRep_Data.hxx /misc/dn61/LocalWOK/wok_entities/LOC/dev/CR0-OCCT691-7-CR0-OCCT691-occt-64/inc/HLRTopoBRep_Data.hxx
+M HLRTopoBRep:privinclude:HLRTopoBRep_Data.jxx /misc/dn61/LocalWOK/wok_entities/LOC/dev/CR0-OCCT691-7-CR0-OCCT691-occt-64/drv/HLRTopoBRep/HLRTopoBRep_Data.jxx
+M HLRTopoBRep:privinclude:HLRTopoBRep_Data.ixx /misc/dn61/LocalWOK/wok_entities/LOC/dev/CR0-OCCT691-7-CR0-OCCT691-occt-64/drv/HLRTopoBRep/HLRTopoBRep_Data.ixx
+M HLRTopoBRep:pubinclude:HLRTopoBRep_FaceIsoLiner.hxx /misc/dn61/LocalWOK/wok_entities/LOC/dev/CR0-OCCT691-7-CR0-OCCT691-occt-64/inc/HLRTopoBRep_FaceIsoLiner.hxx
+M HLRTopoBRep:privinclude:HLRTopoBRep_FaceIsoLiner.jxx /misc/dn61/LocalWOK/wok_entities/LOC/dev/CR0-OCCT691-7-CR0-OCCT691-occt-64/drv/HLRTopoBRep/HLRTopoBRep_FaceIsoLiner.jxx
+M HLRTopoBRep:privinclude:HLRTopoBRep_FaceIsoLiner.ixx /misc/dn61/LocalWOK/wok_entities/LOC/dev/CR0-OCCT691-7-CR0-OCCT691-occt-64/drv/HLRTopoBRep/HLRTopoBRep_FaceIsoLiner.ixx
+M HLRTopoBRep:pubinclude:Handle_HLRTopoBRep_OutLiner.hxx /misc/dn61/LocalWOK/wok_entities/LOC/dev/CR0-OCCT691-7-CR0-OCCT691-occt-64/inc/Handle_HLRTopoBRep_OutLiner.hxx
+M HLRTopoBRep:pubinclude:HLRTopoBRep_OutLiner.hxx /misc/dn61/LocalWOK/wok_entities/LOC/dev/CR0-OCCT691-7-CR0-OCCT691-occt-64/inc/HLRTopoBRep_OutLiner.hxx
+M HLRTopoBRep:privinclude:HLRTopoBRep_OutLiner.jxx /misc/dn61/LocalWOK/wok_entities/LOC/dev/CR0-OCCT691-7-CR0-OCCT691-occt-64/drv/HLRTopoBRep/HLRTopoBRep_OutLiner.jxx
+M HLRTopoBRep:privinclude:HLRTopoBRep_OutLiner.ixx /misc/dn61/LocalWOK/wok_entities/LOC/dev/CR0-OCCT691-7-CR0-OCCT691-occt-64/drv/HLRTopoBRep/HLRTopoBRep_OutLiner.ixx
+M HLRTopoBRep:pubinclude:HLRTopoBRep_DSFiller.hxx /misc/dn61/LocalWOK/wok_entities/LOC/dev/CR0-OCCT691-7-CR0-OCCT691-occt-64/inc/HLRTopoBRep_DSFiller.hxx
+M HLRTopoBRep:privinclude:HLRTopoBRep_DSFiller.jxx /misc/dn61/LocalWOK/wok_entities/LOC/dev/CR0-OCCT691-7-CR0-OCCT691-occt-64/drv/HLRTopoBRep/HLRTopoBRep_DSFiller.jxx
+M HLRTopoBRep:privinclude:HLRTopoBRep_DSFiller.ixx /misc/dn61/LocalWOK/wok_entities/LOC/dev/CR0-OCCT691-7-CR0-OCCT691-occt-64/drv/HLRTopoBRep/HLRTopoBRep_DSFiller.ixx
+M HLRTopoBRep:pubinclude:Handle_HLRTopoBRep_ListNodeOfListOfVData.hxx /misc/dn61/LocalWOK/wok_entities/LOC/dev/CR0-OCCT691-7-CR0-OCCT691-occt-64/inc/Handle_HLRTopoBRep_ListNodeOfListOfVData.hxx
+M HLRTopoBRep:pubinclude:HLRTopoBRep_ListNodeOfListOfVData.hxx /misc/dn61/LocalWOK/wok_entities/LOC/dev/CR0-OCCT691-7-CR0-OCCT691-occt-64/inc/HLRTopoBRep_ListNodeOfListOfVData.hxx
+M HLRTopoBRep:derivated:HLRTopoBRep_ListNodeOfListOfVData_0.cxx /misc/dn61/LocalWOK/wok_entities/LOC/dev/CR0-OCCT691-7-CR0-OCCT691-occt-64/drv/HLRTopoBRep/HLRTopoBRep_ListNodeOfListOfVData_0.cxx
+M HLRTopoBRep:pubinclude:HLRTopoBRep_ListIteratorOfListOfVData.hxx /misc/dn61/LocalWOK/wok_entities/LOC/dev/CR0-OCCT691-7-CR0-OCCT691-occt-64/inc/HLRTopoBRep_ListIteratorOfListOfVData.hxx
+M HLRTopoBRep:derivated:HLRTopoBRep_ListIteratorOfListOfVData_0.cxx /misc/dn61/LocalWOK/wok_entities/LOC/dev/CR0-OCCT691-7-CR0-OCCT691-occt-64/drv/HLRTopoBRep/HLRTopoBRep_ListIteratorOfListOfVData_0.cxx
+M HLRTopoBRep:pubinclude:Handle_HLRTopoBRep_DataMapNodeOfMapOfShapeListOfVData.hxx /misc/dn61/LocalWOK/wok_entities/LOC/dev/CR0-OCCT691-7-CR0-OCCT691-occt-64/inc/Handle_HLRTopoBRep_DataMapNodeOfMapOfShapeListOfVData.hxx
+M HLRTopoBRep:pubinclude:HLRTopoBRep_DataMapNodeOfMapOfShapeListOfVData.hxx /misc/dn61/LocalWOK/wok_entities/LOC/dev/CR0-OCCT691-7-CR0-OCCT691-occt-64/inc/HLRTopoBRep_DataMapNodeOfMapOfShapeListOfVData.hxx
+M HLRTopoBRep:derivated:HLRTopoBRep_DataMapNodeOfMapOfShapeListOfVData_0.cxx /misc/dn61/LocalWOK/wok_entities/LOC/dev/CR0-OCCT691-7-CR0-OCCT691-occt-64/drv/HLRTopoBRep/HLRTopoBRep_DataMapNodeOfMapOfShapeListOfVData_0.cxx
+M HLRTopoBRep:pubinclude:HLRTopoBRep_DataMapIteratorOfMapOfShapeListOfVData.hxx /misc/dn61/LocalWOK/wok_entities/LOC/dev/CR0-OCCT691-7-CR0-OCCT691-occt-64/inc/HLRTopoBRep_DataMapIteratorOfMapOfShapeListOfVData.hxx
+M HLRTopoBRep:derivated:HLRTopoBRep_DataMapIteratorOfMapOfShapeListOfVData_0.cxx /misc/dn61/LocalWOK/wok_entities/LOC/dev/CR0-OCCT691-7-CR0-OCCT691-occt-64/drv/HLRTopoBRep/HLRTopoBRep_DataMapIteratorOfMapOfShapeListOfVData_0.cxx
+M HLRTopoBRep:pubinclude:Handle_HLRTopoBRep_DataMapNodeOfDataMapOfShapeFaceData.hxx /misc/dn61/LocalWOK/wok_entities/LOC/dev/CR0-OCCT691-7-CR0-OCCT691-occt-64/inc/Handle_HLRTopoBRep_DataMapNodeOfDataMapOfShapeFaceData.hxx
+M HLRTopoBRep:pubinclude:HLRTopoBRep_DataMapNodeOfDataMapOfShapeFaceData.hxx /misc/dn61/LocalWOK/wok_entities/LOC/dev/CR0-OCCT691-7-CR0-OCCT691-occt-64/inc/HLRTopoBRep_DataMapNodeOfDataMapOfShapeFaceData.hxx
+M HLRTopoBRep:derivated:HLRTopoBRep_DataMapNodeOfDataMapOfShapeFaceData_0.cxx /misc/dn61/LocalWOK/wok_entities/LOC/dev/CR0-OCCT691-7-CR0-OCCT691-occt-64/drv/HLRTopoBRep/HLRTopoBRep_DataMapNodeOfDataMapOfShapeFaceData_0.cxx
+M HLRTopoBRep:pubinclude:HLRTopoBRep_DataMapIteratorOfDataMapOfShapeFaceData.hxx /misc/dn61/LocalWOK/wok_entities/LOC/dev/CR0-OCCT691-7-CR0-OCCT691-occt-64/inc/HLRTopoBRep_DataMapIteratorOfDataMapOfShapeFaceData.hxx
+M HLRTopoBRep:derivated:HLRTopoBRep_DataMapIteratorOfDataMapOfShapeFaceData_0.cxx /misc/dn61/LocalWOK/wok_entities/LOC/dev/CR0-OCCT691-7-CR0-OCCT691-occt-64/drv/HLRTopoBRep/HLRTopoBRep_DataMapIteratorOfDataMapOfShapeFaceData_0.cxx
+M HLRTopoBRep:dbadmfile:HLRTopoBRep_xcpp_header.In /misc/dn61/LocalWOK/wok_entities/LOC/dev/CR0-OCCT691-7-CR0-OCCT691-occt-64/drv/HLRTopoBRep/.adm/HLRTopoBRep_xcpp_header.In
+M HLRTopoBRep:dbadmfile:HLRTopoBRep_xcpp_header.Out /misc/dn61/LocalWOK/wok_entities/LOC/dev/CR0-OCCT691-7-CR0-OCCT691-occt-64/drv/HLRTopoBRep/.adm/HLRTopoBRep_xcpp_header.Out
+M HLRTopoBRep:dbadmfile:HLRTopoBRep_xcpp_header.Dep /misc/dn61/LocalWOK/wok_entities/LOC/dev/CR0-OCCT691-7-CR0-OCCT691-occt-64/drv/HLRTopoBRep/.adm/HLRTopoBRep_xcpp_header.Dep
