+M AIS:pubinclude:AIS_NListTransient.hxx /misc/dn61/LocalWOK/wok_entities/LOC/dev/CR0-OCCT691-7-CR0-OCCT691-occt-64/inc/AIS_NListTransient.hxx
+M AIS:pubinclude:AIS_NListIteratorOfListTransient.hxx /misc/dn61/LocalWOK/wok_entities/LOC/dev/CR0-OCCT691-7-CR0-OCCT691-occt-64/inc/AIS_NListIteratorOfListTransient.hxx
+M AIS:pubinclude:AIS_NDataMapOfTransientIteratorOfListTransient.hxx /misc/dn61/LocalWOK/wok_entities/LOC/dev/CR0-OCCT691-7-CR0-OCCT691-occt-64/inc/AIS_NDataMapOfTransientIteratorOfListTransient.hxx
+M AIS:pubinclude:AIS_ColoredShape.hxx /misc/dn61/LocalWOK/wok_entities/LOC/dev/CR0-OCCT691-7-CR0-OCCT691-occt-64/inc/AIS_ColoredShape.hxx
+M AIS:pubinclude:AIS_TexturedShape.hxx /misc/dn61/LocalWOK/wok_entities/LOC/dev/CR0-OCCT691-7-CR0-OCCT691-occt-64/inc/AIS_TexturedShape.hxx
+M AIS:pubinclude:AIS_Dimension.hxx /misc/dn61/LocalWOK/wok_entities/LOC/dev/CR0-OCCT691-7-CR0-OCCT691-occt-64/inc/AIS_Dimension.hxx
+M AIS:pubinclude:AIS_LengthDimension.hxx /misc/dn61/LocalWOK/wok_entities/LOC/dev/CR0-OCCT691-7-CR0-OCCT691-occt-64/inc/AIS_LengthDimension.hxx
+M AIS:pubinclude:AIS_AngleDimension.hxx /misc/dn61/LocalWOK/wok_entities/LOC/dev/CR0-OCCT691-7-CR0-OCCT691-occt-64/inc/AIS_AngleDimension.hxx
+M AIS:pubinclude:AIS_DiameterDimension.hxx /misc/dn61/LocalWOK/wok_entities/LOC/dev/CR0-OCCT691-7-CR0-OCCT691-occt-64/inc/AIS_DiameterDimension.hxx
+M AIS:pubinclude:AIS_RadiusDimension.hxx /misc/dn61/LocalWOK/wok_entities/LOC/dev/CR0-OCCT691-7-CR0-OCCT691-occt-64/inc/AIS_RadiusDimension.hxx
+M AIS:pubinclude:AIS_PointCloud.hxx /misc/dn61/LocalWOK/wok_entities/LOC/dev/CR0-OCCT691-7-CR0-OCCT691-occt-64/inc/AIS_PointCloud.hxx
+M AIS:pubinclude:AIS_TextLabel.hxx /misc/dn61/LocalWOK/wok_entities/LOC/dev/CR0-OCCT691-7-CR0-OCCT691-occt-64/inc/AIS_TextLabel.hxx
+M AIS:pubinclude:AIS_InteractiveContext.lxx /misc/dn61/LocalWOK/wok_entities/LOC/dev/CR0-OCCT691-7-CR0-OCCT691-occt-64/inc/AIS_InteractiveContext.lxx
+M AIS:pubinclude:AIS_LocalContext.lxx /misc/dn61/LocalWOK/wok_entities/LOC/dev/CR0-OCCT691-7-CR0-OCCT691-occt-64/inc/AIS_LocalContext.lxx
+M AIS:pubinclude:AIS_LocalStatus.lxx /misc/dn61/LocalWOK/wok_entities/LOC/dev/CR0-OCCT691-7-CR0-OCCT691-occt-64/inc/AIS_LocalStatus.lxx
+M AIS:pubinclude:AIS_GlobalStatus.lxx /misc/dn61/LocalWOK/wok_entities/LOC/dev/CR0-OCCT691-7-CR0-OCCT691-occt-64/inc/AIS_GlobalStatus.lxx
+M AIS:pubinclude:AIS_InteractiveObject.lxx /misc/dn61/LocalWOK/wok_entities/LOC/dev/CR0-OCCT691-7-CR0-OCCT691-occt-64/inc/AIS_InteractiveObject.lxx
+M AIS:pubinclude:AIS_Point.lxx /misc/dn61/LocalWOK/wok_entities/LOC/dev/CR0-OCCT691-7-CR0-OCCT691-occt-64/inc/AIS_Point.lxx
+M AIS:pubinclude:AIS_Axis.lxx /misc/dn61/LocalWOK/wok_entities/LOC/dev/CR0-OCCT691-7-CR0-OCCT691-occt-64/inc/AIS_Axis.lxx
+M AIS:pubinclude:AIS_Trihedron.lxx /misc/dn61/LocalWOK/wok_entities/LOC/dev/CR0-OCCT691-7-CR0-OCCT691-occt-64/inc/AIS_Trihedron.lxx
+M AIS:pubinclude:AIS_PlaneTrihedron.lxx /misc/dn61/LocalWOK/wok_entities/LOC/dev/CR0-OCCT691-7-CR0-OCCT691-occt-64/inc/AIS_PlaneTrihedron.lxx
+M AIS:pubinclude:AIS_Line.lxx /misc/dn61/LocalWOK/wok_entities/LOC/dev/CR0-OCCT691-7-CR0-OCCT691-occt-64/inc/AIS_Line.lxx
+M AIS:pubinclude:AIS_Circle.lxx /misc/dn61/LocalWOK/wok_entities/LOC/dev/CR0-OCCT691-7-CR0-OCCT691-occt-64/inc/AIS_Circle.lxx
+M AIS:pubinclude:AIS_Plane.lxx /misc/dn61/LocalWOK/wok_entities/LOC/dev/CR0-OCCT691-7-CR0-OCCT691-occt-64/inc/AIS_Plane.lxx
+M AIS:pubinclude:AIS_Shape.lxx /misc/dn61/LocalWOK/wok_entities/LOC/dev/CR0-OCCT691-7-CR0-OCCT691-occt-64/inc/AIS_Shape.lxx
+M AIS:pubinclude:AIS_ConnectedInteractive.lxx /misc/dn61/LocalWOK/wok_entities/LOC/dev/CR0-OCCT691-7-CR0-OCCT691-occt-64/inc/AIS_ConnectedInteractive.lxx
+M AIS:pubinclude:AIS_Relation.lxx /misc/dn61/LocalWOK/wok_entities/LOC/dev/CR0-OCCT691-7-CR0-OCCT691-occt-64/inc/AIS_Relation.lxx
+M AIS:pubinclude:AIS_Chamf2dDimension.lxx /misc/dn61/LocalWOK/wok_entities/LOC/dev/CR0-OCCT691-7-CR0-OCCT691-occt-64/inc/AIS_Chamf2dDimension.lxx
+M AIS:pubinclude:AIS_Chamf3dDimension.lxx /misc/dn61/LocalWOK/wok_entities/LOC/dev/CR0-OCCT691-7-CR0-OCCT691-occt-64/inc/AIS_Chamf3dDimension.lxx
+M AIS:pubinclude:AIS_OffsetDimension.lxx /misc/dn61/LocalWOK/wok_entities/LOC/dev/CR0-OCCT691-7-CR0-OCCT691-occt-64/inc/AIS_OffsetDimension.lxx
+M AIS:pubinclude:AIS_FixRelation.lxx /misc/dn61/LocalWOK/wok_entities/LOC/dev/CR0-OCCT691-7-CR0-OCCT691-occt-64/inc/AIS_FixRelation.lxx
+M AIS:pubinclude:AIS_ParallelRelation.lxx /misc/dn61/LocalWOK/wok_entities/LOC/dev/CR0-OCCT691-7-CR0-OCCT691-occt-64/inc/AIS_ParallelRelation.lxx
+M AIS:pubinclude:AIS_IdenticRelation.lxx /misc/dn61/LocalWOK/wok_entities/LOC/dev/CR0-OCCT691-7-CR0-OCCT691-occt-64/inc/AIS_IdenticRelation.lxx
+M AIS:pubinclude:AIS_SymmetricRelation.lxx /misc/dn61/LocalWOK/wok_entities/LOC/dev/CR0-OCCT691-7-CR0-OCCT691-occt-64/inc/AIS_SymmetricRelation.lxx
+M AIS:pubinclude:AIS_MidPointRelation.lxx /misc/dn61/LocalWOK/wok_entities/LOC/dev/CR0-OCCT691-7-CR0-OCCT691-occt-64/inc/AIS_MidPointRelation.lxx
+M AIS:pubinclude:AIS_EqualDistanceRelation.lxx /misc/dn61/LocalWOK/wok_entities/LOC/dev/CR0-OCCT691-7-CR0-OCCT691-occt-64/inc/AIS_EqualDistanceRelation.lxx
+M AIS:pubinclude:AIS_ExclusionFilter.lxx /misc/dn61/LocalWOK/wok_entities/LOC/dev/CR0-OCCT691-7-CR0-OCCT691-occt-64/inc/AIS_ExclusionFilter.lxx
+M AIS:pubinclude:AIS_AttributeFilter.lxx /misc/dn61/LocalWOK/wok_entities/LOC/dev/CR0-OCCT691-7-CR0-OCCT691-occt-64/inc/AIS_AttributeFilter.lxx
+M AIS:pubinclude:AIS_Selection.lxx /misc/dn61/LocalWOK/wok_entities/LOC/dev/CR0-OCCT691-7-CR0-OCCT691-occt-64/inc/AIS_Selection.lxx
+M AIS:dbadmfile:AIS_obj_inc.In /misc/dn61/LocalWOK/wok_entities/LOC/dev/CR0-OCCT691-7-CR0-OCCT691-occt-64/drv/AIS/.adm/AIS_obj_inc.In
+M AIS:dbadmfile:AIS_obj_inc.Out /misc/dn61/LocalWOK/wok_entities/LOC/dev/CR0-OCCT691-7-CR0-OCCT691-occt-64/drv/AIS/.adm/AIS_obj_inc.Out
+M AIS:dbadmfile:AIS_obj_inc.Dep /misc/dn61/LocalWOK/wok_entities/LOC/dev/CR0-OCCT691-7-CR0-OCCT691-occt-64/drv/AIS/.adm/AIS_obj_inc.Dep
