+M AIS:pubinclude:AIS.hxx /misc/dn61/LocalWOK/wok_entities/LOC/dev/CR0-OCCT691-7-CR0-OCCT691-occt-64/inc/AIS.hxx
+M AIS:privinclude:AIS.jxx /misc/dn61/LocalWOK/wok_entities/LOC/dev/CR0-OCCT691-7-CR0-OCCT691-occt-64/drv/AIS/AIS.jxx
+M AIS:privinclude:AIS.ixx /misc/dn61/LocalWOK/wok_entities/LOC/dev/CR0-OCCT691-7-CR0-OCCT691-occt-64/drv/AIS/AIS.ixx
+M AIS:pubinclude:Handle_AIS_Triangulation.hxx /misc/dn61/LocalWOK/wok_entities/LOC/dev/CR0-OCCT691-7-CR0-OCCT691-occt-64/inc/Handle_AIS_Triangulation.hxx
+M AIS:pubinclude:AIS_Triangulation.hxx /misc/dn61/LocalWOK/wok_entities/LOC/dev/CR0-OCCT691-7-CR0-OCCT691-occt-64/inc/AIS_Triangulation.hxx
+M AIS:privinclude:AIS_Triangulation.jxx /misc/dn61/LocalWOK/wok_entities/LOC/dev/CR0-OCCT691-7-CR0-OCCT691-occt-64/drv/AIS/AIS_Triangulation.jxx
+M AIS:privinclude:AIS_Triangulation.ixx /misc/dn61/LocalWOK/wok_entities/LOC/dev/CR0-OCCT691-7-CR0-OCCT691-occt-64/drv/AIS/AIS_Triangulation.ixx
+M AIS:pubinclude:Handle_AIS_InteractiveContext.hxx /misc/dn61/LocalWOK/wok_entities/LOC/dev/CR0-OCCT691-7-CR0-OCCT691-occt-64/inc/Handle_AIS_InteractiveContext.hxx
+M AIS:pubinclude:AIS_InteractiveContext.hxx /misc/dn61/LocalWOK/wok_entities/LOC/dev/CR0-OCCT691-7-CR0-OCCT691-occt-64/inc/AIS_InteractiveContext.hxx
+M AIS:privinclude:AIS_InteractiveContext.jxx /misc/dn61/LocalWOK/wok_entities/LOC/dev/CR0-OCCT691-7-CR0-OCCT691-occt-64/drv/AIS/AIS_InteractiveContext.jxx
+M AIS:privinclude:AIS_InteractiveContext.ixx /misc/dn61/LocalWOK/wok_entities/LOC/dev/CR0-OCCT691-7-CR0-OCCT691-occt-64/drv/AIS/AIS_InteractiveContext.ixx
+M AIS:pubinclude:AIS_GraphicTool.hxx /misc/dn61/LocalWOK/wok_entities/LOC/dev/CR0-OCCT691-7-CR0-OCCT691-occt-64/inc/AIS_GraphicTool.hxx
+M AIS:privinclude:AIS_GraphicTool.jxx /misc/dn61/LocalWOK/wok_entities/LOC/dev/CR0-OCCT691-7-CR0-OCCT691-occt-64/drv/AIS/AIS_GraphicTool.jxx
+M AIS:privinclude:AIS_GraphicTool.ixx /misc/dn61/LocalWOK/wok_entities/LOC/dev/CR0-OCCT691-7-CR0-OCCT691-occt-64/drv/AIS/AIS_GraphicTool.ixx
+M AIS:pubinclude:Handle_AIS_LocalContext.hxx /misc/dn61/LocalWOK/wok_entities/LOC/dev/CR0-OCCT691-7-CR0-OCCT691-occt-64/inc/Handle_AIS_LocalContext.hxx
+M AIS:pubinclude:AIS_LocalContext.hxx /misc/dn61/LocalWOK/wok_entities/LOC/dev/CR0-OCCT691-7-CR0-OCCT691-occt-64/inc/AIS_LocalContext.hxx
+M AIS:privinclude:AIS_LocalContext.jxx /misc/dn61/LocalWOK/wok_entities/LOC/dev/CR0-OCCT691-7-CR0-OCCT691-occt-64/drv/AIS/AIS_LocalContext.jxx
+M AIS:privinclude:AIS_LocalContext.ixx /misc/dn61/LocalWOK/wok_entities/LOC/dev/CR0-OCCT691-7-CR0-OCCT691-occt-64/drv/AIS/AIS_LocalContext.ixx
+M AIS:pubinclude:Handle_AIS_LocalStatus.hxx /misc/dn61/LocalWOK/wok_entities/LOC/dev/CR0-OCCT691-7-CR0-OCCT691-occt-64/inc/Handle_AIS_LocalStatus.hxx
+M AIS:pubinclude:AIS_LocalStatus.hxx /misc/dn61/LocalWOK/wok_entities/LOC/dev/CR0-OCCT691-7-CR0-OCCT691-occt-64/inc/AIS_LocalStatus.hxx
+M AIS:privinclude:AIS_LocalStatus.jxx /misc/dn61/LocalWOK/wok_entities/LOC/dev/CR0-OCCT691-7-CR0-OCCT691-occt-64/drv/AIS/AIS_LocalStatus.jxx
+M AIS:privinclude:AIS_LocalStatus.ixx /misc/dn61/LocalWOK/wok_entities/LOC/dev/CR0-OCCT691-7-CR0-OCCT691-occt-64/drv/AIS/AIS_LocalStatus.ixx
+M AIS:pubinclude:Handle_AIS_GlobalStatus.hxx /misc/dn61/LocalWOK/wok_entities/LOC/dev/CR0-OCCT691-7-CR0-OCCT691-occt-64/inc/Handle_AIS_GlobalStatus.hxx
+M AIS:pubinclude:AIS_GlobalStatus.hxx /misc/dn61/LocalWOK/wok_entities/LOC/dev/CR0-OCCT691-7-CR0-OCCT691-occt-64/inc/AIS_GlobalStatus.hxx
+M AIS:privinclude:AIS_GlobalStatus.jxx /misc/dn61/LocalWOK/wok_entities/LOC/dev/CR0-OCCT691-7-CR0-OCCT691-occt-64/drv/AIS/AIS_GlobalStatus.jxx
+M AIS:privinclude:AIS_GlobalStatus.ixx /misc/dn61/LocalWOK/wok_entities/LOC/dev/CR0-OCCT691-7-CR0-OCCT691-occt-64/drv/AIS/AIS_GlobalStatus.ixx
+M AIS:pubinclude:Handle_AIS_InteractiveObject.hxx /misc/dn61/LocalWOK/wok_entities/LOC/dev/CR0-OCCT691-7-CR0-OCCT691-occt-64/inc/Handle_AIS_InteractiveObject.hxx
+M AIS:pubinclude:AIS_InteractiveObject.hxx /misc/dn61/LocalWOK/wok_entities/LOC/dev/CR0-OCCT691-7-CR0-OCCT691-occt-64/inc/AIS_InteractiveObject.hxx
+M AIS:privinclude:AIS_InteractiveObject.jxx /misc/dn61/LocalWOK/wok_entities/LOC/dev/CR0-OCCT691-7-CR0-OCCT691-occt-64/drv/AIS/AIS_InteractiveObject.jxx
+M AIS:privinclude:AIS_InteractiveObject.ixx /misc/dn61/LocalWOK/wok_entities/LOC/dev/CR0-OCCT691-7-CR0-OCCT691-occt-64/drv/AIS/AIS_InteractiveObject.ixx
+M AIS:pubinclude:Handle_AIS_Point.hxx /misc/dn61/LocalWOK/wok_entities/LOC/dev/CR0-OCCT691-7-CR0-OCCT691-occt-64/inc/Handle_AIS_Point.hxx
+M AIS:pubinclude:AIS_Point.hxx /misc/dn61/LocalWOK/wok_entities/LOC/dev/CR0-OCCT691-7-CR0-OCCT691-occt-64/inc/AIS_Point.hxx
+M AIS:privinclude:AIS_Point.jxx /misc/dn61/LocalWOK/wok_entities/LOC/dev/CR0-OCCT691-7-CR0-OCCT691-occt-64/drv/AIS/AIS_Point.jxx
+M AIS:privinclude:AIS_Point.ixx /misc/dn61/LocalWOK/wok_entities/LOC/dev/CR0-OCCT691-7-CR0-OCCT691-occt-64/drv/AIS/AIS_Point.ixx
+M AIS:pubinclude:Handle_AIS_Axis.hxx /misc/dn61/LocalWOK/wok_entities/LOC/dev/CR0-OCCT691-7-CR0-OCCT691-occt-64/inc/Handle_AIS_Axis.hxx
+M AIS:pubinclude:AIS_Axis.hxx /misc/dn61/LocalWOK/wok_entities/LOC/dev/CR0-OCCT691-7-CR0-OCCT691-occt-64/inc/AIS_Axis.hxx
+M AIS:privinclude:AIS_Axis.jxx /misc/dn61/LocalWOK/wok_entities/LOC/dev/CR0-OCCT691-7-CR0-OCCT691-occt-64/drv/AIS/AIS_Axis.jxx
+M AIS:privinclude:AIS_Axis.ixx /misc/dn61/LocalWOK/wok_entities/LOC/dev/CR0-OCCT691-7-CR0-OCCT691-occt-64/drv/AIS/AIS_Axis.ixx
+M AIS:pubinclude:Handle_AIS_Trihedron.hxx /misc/dn61/LocalWOK/wok_entities/LOC/dev/CR0-OCCT691-7-CR0-OCCT691-occt-64/inc/Handle_AIS_Trihedron.hxx
+M AIS:pubinclude:AIS_Trihedron.hxx /misc/dn61/LocalWOK/wok_entities/LOC/dev/CR0-OCCT691-7-CR0-OCCT691-occt-64/inc/AIS_Trihedron.hxx
+M AIS:privinclude:AIS_Trihedron.jxx /misc/dn61/LocalWOK/wok_entities/LOC/dev/CR0-OCCT691-7-CR0-OCCT691-occt-64/drv/AIS/AIS_Trihedron.jxx
+M AIS:privinclude:AIS_Trihedron.ixx /misc/dn61/LocalWOK/wok_entities/LOC/dev/CR0-OCCT691-7-CR0-OCCT691-occt-64/drv/AIS/AIS_Trihedron.ixx
+M AIS:pubinclude:Handle_AIS_PlaneTrihedron.hxx /misc/dn61/LocalWOK/wok_entities/LOC/dev/CR0-OCCT691-7-CR0-OCCT691-occt-64/inc/Handle_AIS_PlaneTrihedron.hxx
+M AIS:pubinclude:AIS_PlaneTrihedron.hxx /misc/dn61/LocalWOK/wok_entities/LOC/dev/CR0-OCCT691-7-CR0-OCCT691-occt-64/inc/AIS_PlaneTrihedron.hxx
+M AIS:privinclude:AIS_PlaneTrihedron.jxx /misc/dn61/LocalWOK/wok_entities/LOC/dev/CR0-OCCT691-7-CR0-OCCT691-occt-64/drv/AIS/AIS_PlaneTrihedron.jxx
+M AIS:privinclude:AIS_PlaneTrihedron.ixx /misc/dn61/LocalWOK/wok_entities/LOC/dev/CR0-OCCT691-7-CR0-OCCT691-occt-64/drv/AIS/AIS_PlaneTrihedron.ixx
+M AIS:pubinclude:Handle_AIS_Line.hxx /misc/dn61/LocalWOK/wok_entities/LOC/dev/CR0-OCCT691-7-CR0-OCCT691-occt-64/inc/Handle_AIS_Line.hxx
+M AIS:pubinclude:AIS_Line.hxx /misc/dn61/LocalWOK/wok_entities/LOC/dev/CR0-OCCT691-7-CR0-OCCT691-occt-64/inc/AIS_Line.hxx
+M AIS:privinclude:AIS_Line.jxx /misc/dn61/LocalWOK/wok_entities/LOC/dev/CR0-OCCT691-7-CR0-OCCT691-occt-64/drv/AIS/AIS_Line.jxx
+M AIS:privinclude:AIS_Line.ixx /misc/dn61/LocalWOK/wok_entities/LOC/dev/CR0-OCCT691-7-CR0-OCCT691-occt-64/drv/AIS/AIS_Line.ixx
+M AIS:pubinclude:Handle_AIS_Circle.hxx /misc/dn61/LocalWOK/wok_entities/LOC/dev/CR0-OCCT691-7-CR0-OCCT691-occt-64/inc/Handle_AIS_Circle.hxx
+M AIS:pubinclude:AIS_Circle.hxx /misc/dn61/LocalWOK/wok_entities/LOC/dev/CR0-OCCT691-7-CR0-OCCT691-occt-64/inc/AIS_Circle.hxx
+M AIS:privinclude:AIS_Circle.jxx /misc/dn61/LocalWOK/wok_entities/LOC/dev/CR0-OCCT691-7-CR0-OCCT691-occt-64/drv/AIS/AIS_Circle.jxx
+M AIS:privinclude:AIS_Circle.ixx /misc/dn61/LocalWOK/wok_entities/LOC/dev/CR0-OCCT691-7-CR0-OCCT691-occt-64/drv/AIS/AIS_Circle.ixx
+M AIS:pubinclude:Handle_AIS_Plane.hxx /misc/dn61/LocalWOK/wok_entities/LOC/dev/CR0-OCCT691-7-CR0-OCCT691-occt-64/inc/Handle_AIS_Plane.hxx
+M AIS:pubinclude:AIS_Plane.hxx /misc/dn61/LocalWOK/wok_entities/LOC/dev/CR0-OCCT691-7-CR0-OCCT691-occt-64/inc/AIS_Plane.hxx
+M AIS:privinclude:AIS_Plane.jxx /misc/dn61/LocalWOK/wok_entities/LOC/dev/CR0-OCCT691-7-CR0-OCCT691-occt-64/drv/AIS/AIS_Plane.jxx
+M AIS:privinclude:AIS_Plane.ixx /misc/dn61/LocalWOK/wok_entities/LOC/dev/CR0-OCCT691-7-CR0-OCCT691-occt-64/drv/AIS/AIS_Plane.ixx
+M AIS:pubinclude:Handle_AIS_Shape.hxx /misc/dn61/LocalWOK/wok_entities/LOC/dev/CR0-OCCT691-7-CR0-OCCT691-occt-64/inc/Handle_AIS_Shape.hxx
+M AIS:pubinclude:AIS_Shape.hxx /misc/dn61/LocalWOK/wok_entities/LOC/dev/CR0-OCCT691-7-CR0-OCCT691-occt-64/inc/AIS_Shape.hxx
+M AIS:privinclude:AIS_Shape.jxx /misc/dn61/LocalWOK/wok_entities/LOC/dev/CR0-OCCT691-7-CR0-OCCT691-occt-64/drv/AIS/AIS_Shape.jxx
+M AIS:privinclude:AIS_Shape.ixx /misc/dn61/LocalWOK/wok_entities/LOC/dev/CR0-OCCT691-7-CR0-OCCT691-occt-64/drv/AIS/AIS_Shape.ixx
+M AIS:pubinclude:Handle_AIS_ConnectedInteractive.hxx /misc/dn61/LocalWOK/wok_entities/LOC/dev/CR0-OCCT691-7-CR0-OCCT691-occt-64/inc/Handle_AIS_ConnectedInteractive.hxx
+M AIS:pubinclude:AIS_ConnectedInteractive.hxx /misc/dn61/LocalWOK/wok_entities/LOC/dev/CR0-OCCT691-7-CR0-OCCT691-occt-64/inc/AIS_ConnectedInteractive.hxx
+M AIS:privinclude:AIS_ConnectedInteractive.jxx /misc/dn61/LocalWOK/wok_entities/LOC/dev/CR0-OCCT691-7-CR0-OCCT691-occt-64/drv/AIS/AIS_ConnectedInteractive.jxx
+M AIS:privinclude:AIS_ConnectedInteractive.ixx /misc/dn61/LocalWOK/wok_entities/LOC/dev/CR0-OCCT691-7-CR0-OCCT691-occt-64/drv/AIS/AIS_ConnectedInteractive.ixx
+M AIS:pubinclude:Handle_AIS_MultipleConnectedInteractive.hxx /misc/dn61/LocalWOK/wok_entities/LOC/dev/CR0-OCCT691-7-CR0-OCCT691-occt-64/inc/Handle_AIS_MultipleConnectedInteractive.hxx
+M AIS:pubinclude:AIS_MultipleConnectedInteractive.hxx /misc/dn61/LocalWOK/wok_entities/LOC/dev/CR0-OCCT691-7-CR0-OCCT691-occt-64/inc/AIS_MultipleConnectedInteractive.hxx
+M AIS:privinclude:AIS_MultipleConnectedInteractive.jxx /misc/dn61/LocalWOK/wok_entities/LOC/dev/CR0-OCCT691-7-CR0-OCCT691-occt-64/drv/AIS/AIS_MultipleConnectedInteractive.jxx
+M AIS:privinclude:AIS_MultipleConnectedInteractive.ixx /misc/dn61/LocalWOK/wok_entities/LOC/dev/CR0-OCCT691-7-CR0-OCCT691-occt-64/drv/AIS/AIS_MultipleConnectedInteractive.ixx
+M AIS:pubinclude:Handle_AIS_DimensionOwner.hxx /misc/dn61/LocalWOK/wok_entities/LOC/dev/CR0-OCCT691-7-CR0-OCCT691-occt-64/inc/Handle_AIS_DimensionOwner.hxx
+M AIS:pubinclude:AIS_DimensionOwner.hxx /misc/dn61/LocalWOK/wok_entities/LOC/dev/CR0-OCCT691-7-CR0-OCCT691-occt-64/inc/AIS_DimensionOwner.hxx
+M AIS:privinclude:AIS_DimensionOwner.jxx /misc/dn61/LocalWOK/wok_entities/LOC/dev/CR0-OCCT691-7-CR0-OCCT691-occt-64/drv/AIS/AIS_DimensionOwner.jxx
+M AIS:privinclude:AIS_DimensionOwner.ixx /misc/dn61/LocalWOK/wok_entities/LOC/dev/CR0-OCCT691-7-CR0-OCCT691-occt-64/drv/AIS/AIS_DimensionOwner.ixx
+M AIS:pubinclude:Handle_AIS_Relation.hxx /misc/dn61/LocalWOK/wok_entities/LOC/dev/CR0-OCCT691-7-CR0-OCCT691-occt-64/inc/Handle_AIS_Relation.hxx
+M AIS:pubinclude:AIS_Relation.hxx /misc/dn61/LocalWOK/wok_entities/LOC/dev/CR0-OCCT691-7-CR0-OCCT691-occt-64/inc/AIS_Relation.hxx
+M AIS:privinclude:AIS_Relation.jxx /misc/dn61/LocalWOK/wok_entities/LOC/dev/CR0-OCCT691-7-CR0-OCCT691-occt-64/drv/AIS/AIS_Relation.jxx
+M AIS:privinclude:AIS_Relation.ixx /misc/dn61/LocalWOK/wok_entities/LOC/dev/CR0-OCCT691-7-CR0-OCCT691-occt-64/drv/AIS/AIS_Relation.ixx
+M AIS:pubinclude:Handle_AIS_EllipseRadiusDimension.hxx /misc/dn61/LocalWOK/wok_entities/LOC/dev/CR0-OCCT691-7-CR0-OCCT691-occt-64/inc/Handle_AIS_EllipseRadiusDimension.hxx
+M AIS:pubinclude:AIS_EllipseRadiusDimension.hxx /misc/dn61/LocalWOK/wok_entities/LOC/dev/CR0-OCCT691-7-CR0-OCCT691-occt-64/inc/AIS_EllipseRadiusDimension.hxx
+M AIS:privinclude:AIS_EllipseRadiusDimension.jxx /misc/dn61/LocalWOK/wok_entities/LOC/dev/CR0-OCCT691-7-CR0-OCCT691-occt-64/drv/AIS/AIS_EllipseRadiusDimension.jxx
+M AIS:privinclude:AIS_EllipseRadiusDimension.ixx /misc/dn61/LocalWOK/wok_entities/LOC/dev/CR0-OCCT691-7-CR0-OCCT691-occt-64/drv/AIS/AIS_EllipseRadiusDimension.ixx
+M AIS:pubinclude:Handle_AIS_MaxRadiusDimension.hxx /misc/dn61/LocalWOK/wok_entities/LOC/dev/CR0-OCCT691-7-CR0-OCCT691-occt-64/inc/Handle_AIS_MaxRadiusDimension.hxx
+M AIS:pubinclude:AIS_MaxRadiusDimension.hxx /misc/dn61/LocalWOK/wok_entities/LOC/dev/CR0-OCCT691-7-CR0-OCCT691-occt-64/inc/AIS_MaxRadiusDimension.hxx
+M AIS:privinclude:AIS_MaxRadiusDimension.jxx /misc/dn61/LocalWOK/wok_entities/LOC/dev/CR0-OCCT691-7-CR0-OCCT691-occt-64/drv/AIS/AIS_MaxRadiusDimension.jxx
+M AIS:privinclude:AIS_MaxRadiusDimension.ixx /misc/dn61/LocalWOK/wok_entities/LOC/dev/CR0-OCCT691-7-CR0-OCCT691-occt-64/drv/AIS/AIS_MaxRadiusDimension.ixx
+M AIS:pubinclude:Handle_AIS_MinRadiusDimension.hxx /misc/dn61/LocalWOK/wok_entities/LOC/dev/CR0-OCCT691-7-CR0-OCCT691-occt-64/inc/Handle_AIS_MinRadiusDimension.hxx
+M AIS:pubinclude:AIS_MinRadiusDimension.hxx /misc/dn61/LocalWOK/wok_entities/LOC/dev/CR0-OCCT691-7-CR0-OCCT691-occt-64/inc/AIS_MinRadiusDimension.hxx
+M AIS:privinclude:AIS_MinRadiusDimension.jxx /misc/dn61/LocalWOK/wok_entities/LOC/dev/CR0-OCCT691-7-CR0-OCCT691-occt-64/drv/AIS/AIS_MinRadiusDimension.jxx
+M AIS:privinclude:AIS_MinRadiusDimension.ixx /misc/dn61/LocalWOK/wok_entities/LOC/dev/CR0-OCCT691-7-CR0-OCCT691-occt-64/drv/AIS/AIS_MinRadiusDimension.ixx
+M AIS:pubinclude:Handle_AIS_Chamf2dDimension.hxx /misc/dn61/LocalWOK/wok_entities/LOC/dev/CR0-OCCT691-7-CR0-OCCT691-occt-64/inc/Handle_AIS_Chamf2dDimension.hxx
+M AIS:pubinclude:AIS_Chamf2dDimension.hxx /misc/dn61/LocalWOK/wok_entities/LOC/dev/CR0-OCCT691-7-CR0-OCCT691-occt-64/inc/AIS_Chamf2dDimension.hxx
+M AIS:privinclude:AIS_Chamf2dDimension.jxx /misc/dn61/LocalWOK/wok_entities/LOC/dev/CR0-OCCT691-7-CR0-OCCT691-occt-64/drv/AIS/AIS_Chamf2dDimension.jxx
+M AIS:privinclude:AIS_Chamf2dDimension.ixx /misc/dn61/LocalWOK/wok_entities/LOC/dev/CR0-OCCT691-7-CR0-OCCT691-occt-64/drv/AIS/AIS_Chamf2dDimension.ixx
+M AIS:pubinclude:Handle_AIS_Chamf3dDimension.hxx /misc/dn61/LocalWOK/wok_entities/LOC/dev/CR0-OCCT691-7-CR0-OCCT691-occt-64/inc/Handle_AIS_Chamf3dDimension.hxx
+M AIS:pubinclude:AIS_Chamf3dDimension.hxx /misc/dn61/LocalWOK/wok_entities/LOC/dev/CR0-OCCT691-7-CR0-OCCT691-occt-64/inc/AIS_Chamf3dDimension.hxx
+M AIS:privinclude:AIS_Chamf3dDimension.jxx /misc/dn61/LocalWOK/wok_entities/LOC/dev/CR0-OCCT691-7-CR0-OCCT691-occt-64/drv/AIS/AIS_Chamf3dDimension.jxx
+M AIS:privinclude:AIS_Chamf3dDimension.ixx /misc/dn61/LocalWOK/wok_entities/LOC/dev/CR0-OCCT691-7-CR0-OCCT691-occt-64/drv/AIS/AIS_Chamf3dDimension.ixx
+M AIS:pubinclude:Handle_AIS_OffsetDimension.hxx /misc/dn61/LocalWOK/wok_entities/LOC/dev/CR0-OCCT691-7-CR0-OCCT691-occt-64/inc/Handle_AIS_OffsetDimension.hxx
+M AIS:pubinclude:AIS_OffsetDimension.hxx /misc/dn61/LocalWOK/wok_entities/LOC/dev/CR0-OCCT691-7-CR0-OCCT691-occt-64/inc/AIS_OffsetDimension.hxx
+M AIS:privinclude:AIS_OffsetDimension.jxx /misc/dn61/LocalWOK/wok_entities/LOC/dev/CR0-OCCT691-7-CR0-OCCT691-occt-64/drv/AIS/AIS_OffsetDimension.jxx
+M AIS:privinclude:AIS_OffsetDimension.ixx /misc/dn61/LocalWOK/wok_entities/LOC/dev/CR0-OCCT691-7-CR0-OCCT691-occt-64/drv/AIS/AIS_OffsetDimension.ixx
+M AIS:pubinclude:Handle_AIS_FixRelation.hxx /misc/dn61/LocalWOK/wok_entities/LOC/dev/CR0-OCCT691-7-CR0-OCCT691-occt-64/inc/Handle_AIS_FixRelation.hxx
+M AIS:pubinclude:AIS_FixRelation.hxx /misc/dn61/LocalWOK/wok_entities/LOC/dev/CR0-OCCT691-7-CR0-OCCT691-occt-64/inc/AIS_FixRelation.hxx
+M AIS:privinclude:AIS_FixRelation.jxx /misc/dn61/LocalWOK/wok_entities/LOC/dev/CR0-OCCT691-7-CR0-OCCT691-occt-64/drv/AIS/AIS_FixRelation.jxx
+M AIS:privinclude:AIS_FixRelation.ixx /misc/dn61/LocalWOK/wok_entities/LOC/dev/CR0-OCCT691-7-CR0-OCCT691-occt-64/drv/AIS/AIS_FixRelation.ixx
+M AIS:pubinclude:Handle_AIS_PerpendicularRelation.hxx /misc/dn61/LocalWOK/wok_entities/LOC/dev/CR0-OCCT691-7-CR0-OCCT691-occt-64/inc/Handle_AIS_PerpendicularRelation.hxx
+M AIS:pubinclude:AIS_PerpendicularRelation.hxx /misc/dn61/LocalWOK/wok_entities/LOC/dev/CR0-OCCT691-7-CR0-OCCT691-occt-64/inc/AIS_PerpendicularRelation.hxx
+M AIS:privinclude:AIS_PerpendicularRelation.jxx /misc/dn61/LocalWOK/wok_entities/LOC/dev/CR0-OCCT691-7-CR0-OCCT691-occt-64/drv/AIS/AIS_PerpendicularRelation.jxx
+M AIS:privinclude:AIS_PerpendicularRelation.ixx /misc/dn61/LocalWOK/wok_entities/LOC/dev/CR0-OCCT691-7-CR0-OCCT691-occt-64/drv/AIS/AIS_PerpendicularRelation.ixx
+M AIS:pubinclude:Handle_AIS_ParallelRelation.hxx /misc/dn61/LocalWOK/wok_entities/LOC/dev/CR0-OCCT691-7-CR0-OCCT691-occt-64/inc/Handle_AIS_ParallelRelation.hxx
+M AIS:pubinclude:AIS_ParallelRelation.hxx /misc/dn61/LocalWOK/wok_entities/LOC/dev/CR0-OCCT691-7-CR0-OCCT691-occt-64/inc/AIS_ParallelRelation.hxx
+M AIS:privinclude:AIS_ParallelRelation.jxx /misc/dn61/LocalWOK/wok_entities/LOC/dev/CR0-OCCT691-7-CR0-OCCT691-occt-64/drv/AIS/AIS_ParallelRelation.jxx
+M AIS:privinclude:AIS_ParallelRelation.ixx /misc/dn61/LocalWOK/wok_entities/LOC/dev/CR0-OCCT691-7-CR0-OCCT691-occt-64/drv/AIS/AIS_ParallelRelation.ixx
+M AIS:pubinclude:Handle_AIS_TangentRelation.hxx /misc/dn61/LocalWOK/wok_entities/LOC/dev/CR0-OCCT691-7-CR0-OCCT691-occt-64/inc/Handle_AIS_TangentRelation.hxx
+M AIS:pubinclude:AIS_TangentRelation.hxx /misc/dn61/LocalWOK/wok_entities/LOC/dev/CR0-OCCT691-7-CR0-OCCT691-occt-64/inc/AIS_TangentRelation.hxx
+M AIS:privinclude:AIS_TangentRelation.jxx /misc/dn61/LocalWOK/wok_entities/LOC/dev/CR0-OCCT691-7-CR0-OCCT691-occt-64/drv/AIS/AIS_TangentRelation.jxx
+M AIS:privinclude:AIS_TangentRelation.ixx /misc/dn61/LocalWOK/wok_entities/LOC/dev/CR0-OCCT691-7-CR0-OCCT691-occt-64/drv/AIS/AIS_TangentRelation.ixx
+M AIS:pubinclude:Handle_AIS_ConcentricRelation.hxx /misc/dn61/LocalWOK/wok_entities/LOC/dev/CR0-OCCT691-7-CR0-OCCT691-occt-64/inc/Handle_AIS_ConcentricRelation.hxx
+M AIS:pubinclude:AIS_ConcentricRelation.hxx /misc/dn61/LocalWOK/wok_entities/LOC/dev/CR0-OCCT691-7-CR0-OCCT691-occt-64/inc/AIS_ConcentricRelation.hxx
+M AIS:privinclude:AIS_ConcentricRelation.jxx /misc/dn61/LocalWOK/wok_entities/LOC/dev/CR0-OCCT691-7-CR0-OCCT691-occt-64/drv/AIS/AIS_ConcentricRelation.jxx
+M AIS:privinclude:AIS_ConcentricRelation.ixx /misc/dn61/LocalWOK/wok_entities/LOC/dev/CR0-OCCT691-7-CR0-OCCT691-occt-64/drv/AIS/AIS_ConcentricRelation.ixx
+M AIS:pubinclude:Handle_AIS_IdenticRelation.hxx /misc/dn61/LocalWOK/wok_entities/LOC/dev/CR0-OCCT691-7-CR0-OCCT691-occt-64/inc/Handle_AIS_IdenticRelation.hxx
+M AIS:pubinclude:AIS_IdenticRelation.hxx /misc/dn61/LocalWOK/wok_entities/LOC/dev/CR0-OCCT691-7-CR0-OCCT691-occt-64/inc/AIS_IdenticRelation.hxx
+M AIS:privinclude:AIS_IdenticRelation.jxx /misc/dn61/LocalWOK/wok_entities/LOC/dev/CR0-OCCT691-7-CR0-OCCT691-occt-64/drv/AIS/AIS_IdenticRelation.jxx
+M AIS:privinclude:AIS_IdenticRelation.ixx /misc/dn61/LocalWOK/wok_entities/LOC/dev/CR0-OCCT691-7-CR0-OCCT691-occt-64/drv/AIS/AIS_IdenticRelation.ixx
+M AIS:pubinclude:Handle_AIS_SymmetricRelation.hxx /misc/dn61/LocalWOK/wok_entities/LOC/dev/CR0-OCCT691-7-CR0-OCCT691-occt-64/inc/Handle_AIS_SymmetricRelation.hxx
+M AIS:pubinclude:AIS_SymmetricRelation.hxx /misc/dn61/LocalWOK/wok_entities/LOC/dev/CR0-OCCT691-7-CR0-OCCT691-occt-64/inc/AIS_SymmetricRelation.hxx
+M AIS:privinclude:AIS_SymmetricRelation.jxx /misc/dn61/LocalWOK/wok_entities/LOC/dev/CR0-OCCT691-7-CR0-OCCT691-occt-64/drv/AIS/AIS_SymmetricRelation.jxx
+M AIS:privinclude:AIS_SymmetricRelation.ixx /misc/dn61/LocalWOK/wok_entities/LOC/dev/CR0-OCCT691-7-CR0-OCCT691-occt-64/drv/AIS/AIS_SymmetricRelation.ixx
+M AIS:pubinclude:Handle_AIS_MidPointRelation.hxx /misc/dn61/LocalWOK/wok_entities/LOC/dev/CR0-OCCT691-7-CR0-OCCT691-occt-64/inc/Handle_AIS_MidPointRelation.hxx
+M AIS:pubinclude:AIS_MidPointRelation.hxx /misc/dn61/LocalWOK/wok_entities/LOC/dev/CR0-OCCT691-7-CR0-OCCT691-occt-64/inc/AIS_MidPointRelation.hxx
+M AIS:privinclude:AIS_MidPointRelation.jxx /misc/dn61/LocalWOK/wok_entities/LOC/dev/CR0-OCCT691-7-CR0-OCCT691-occt-64/drv/AIS/AIS_MidPointRelation.jxx
+M AIS:privinclude:AIS_MidPointRelation.ixx /misc/dn61/LocalWOK/wok_entities/LOC/dev/CR0-OCCT691-7-CR0-OCCT691-occt-64/drv/AIS/AIS_MidPointRelation.ixx
+M AIS:pubinclude:Handle_AIS_EqualRadiusRelation.hxx /misc/dn61/LocalWOK/wok_entities/LOC/dev/CR0-OCCT691-7-CR0-OCCT691-occt-64/inc/Handle_AIS_EqualRadiusRelation.hxx
+M AIS:pubinclude:AIS_EqualRadiusRelation.hxx /misc/dn61/LocalWOK/wok_entities/LOC/dev/CR0-OCCT691-7-CR0-OCCT691-occt-64/inc/AIS_EqualRadiusRelation.hxx
+M AIS:privinclude:AIS_EqualRadiusRelation.jxx /misc/dn61/LocalWOK/wok_entities/LOC/dev/CR0-OCCT691-7-CR0-OCCT691-occt-64/drv/AIS/AIS_EqualRadiusRelation.jxx
+M AIS:privinclude:AIS_EqualRadiusRelation.ixx /misc/dn61/LocalWOK/wok_entities/LOC/dev/CR0-OCCT691-7-CR0-OCCT691-occt-64/drv/AIS/AIS_EqualRadiusRelation.ixx
+M AIS:pubinclude:Handle_AIS_EqualDistanceRelation.hxx /misc/dn61/LocalWOK/wok_entities/LOC/dev/CR0-OCCT691-7-CR0-OCCT691-occt-64/inc/Handle_AIS_EqualDistanceRelation.hxx
+M AIS:pubinclude:AIS_EqualDistanceRelation.hxx /misc/dn61/LocalWOK/wok_entities/LOC/dev/CR0-OCCT691-7-CR0-OCCT691-occt-64/inc/AIS_EqualDistanceRelation.hxx
+M AIS:privinclude:AIS_EqualDistanceRelation.jxx /misc/dn61/LocalWOK/wok_entities/LOC/dev/CR0-OCCT691-7-CR0-OCCT691-occt-64/drv/AIS/AIS_EqualDistanceRelation.jxx
+M AIS:privinclude:AIS_EqualDistanceRelation.ixx /misc/dn61/LocalWOK/wok_entities/LOC/dev/CR0-OCCT691-7-CR0-OCCT691-occt-64/drv/AIS/AIS_EqualDistanceRelation.ixx
+M AIS:pubinclude:Handle_AIS_TypeFilter.hxx /misc/dn61/LocalWOK/wok_entities/LOC/dev/CR0-OCCT691-7-CR0-OCCT691-occt-64/inc/Handle_AIS_TypeFilter.hxx
+M AIS:pubinclude:AIS_TypeFilter.hxx /misc/dn61/LocalWOK/wok_entities/LOC/dev/CR0-OCCT691-7-CR0-OCCT691-occt-64/inc/AIS_TypeFilter.hxx
+M AIS:privinclude:AIS_TypeFilter.jxx /misc/dn61/LocalWOK/wok_entities/LOC/dev/CR0-OCCT691-7-CR0-OCCT691-occt-64/drv/AIS/AIS_TypeFilter.jxx
+M AIS:privinclude:AIS_TypeFilter.ixx /misc/dn61/LocalWOK/wok_entities/LOC/dev/CR0-OCCT691-7-CR0-OCCT691-occt-64/drv/AIS/AIS_TypeFilter.ixx
+M AIS:pubinclude:Handle_AIS_SignatureFilter.hxx /misc/dn61/LocalWOK/wok_entities/LOC/dev/CR0-OCCT691-7-CR0-OCCT691-occt-64/inc/Handle_AIS_SignatureFilter.hxx
+M AIS:pubinclude:AIS_SignatureFilter.hxx /misc/dn61/LocalWOK/wok_entities/LOC/dev/CR0-OCCT691-7-CR0-OCCT691-occt-64/inc/AIS_SignatureFilter.hxx
+M AIS:privinclude:AIS_SignatureFilter.jxx /misc/dn61/LocalWOK/wok_entities/LOC/dev/CR0-OCCT691-7-CR0-OCCT691-occt-64/drv/AIS/AIS_SignatureFilter.jxx
+M AIS:privinclude:AIS_SignatureFilter.ixx /misc/dn61/LocalWOK/wok_entities/LOC/dev/CR0-OCCT691-7-CR0-OCCT691-occt-64/drv/AIS/AIS_SignatureFilter.ixx
+M AIS:pubinclude:Handle_AIS_ExclusionFilter.hxx /misc/dn61/LocalWOK/wok_entities/LOC/dev/CR0-OCCT691-7-CR0-OCCT691-occt-64/inc/Handle_AIS_ExclusionFilter.hxx
+M AIS:pubinclude:AIS_ExclusionFilter.hxx /misc/dn61/LocalWOK/wok_entities/LOC/dev/CR0-OCCT691-7-CR0-OCCT691-occt-64/inc/AIS_ExclusionFilter.hxx
+M AIS:privinclude:AIS_ExclusionFilter.jxx /misc/dn61/LocalWOK/wok_entities/LOC/dev/CR0-OCCT691-7-CR0-OCCT691-occt-64/drv/AIS/AIS_ExclusionFilter.jxx
+M AIS:privinclude:AIS_ExclusionFilter.ixx /misc/dn61/LocalWOK/wok_entities/LOC/dev/CR0-OCCT691-7-CR0-OCCT691-occt-64/drv/AIS/AIS_ExclusionFilter.ixx
+M AIS:pubinclude:Handle_AIS_AttributeFilter.hxx /misc/dn61/LocalWOK/wok_entities/LOC/dev/CR0-OCCT691-7-CR0-OCCT691-occt-64/inc/Handle_AIS_AttributeFilter.hxx
+M AIS:pubinclude:AIS_AttributeFilter.hxx /misc/dn61/LocalWOK/wok_entities/LOC/dev/CR0-OCCT691-7-CR0-OCCT691-occt-64/inc/AIS_AttributeFilter.hxx
+M AIS:privinclude:AIS_AttributeFilter.jxx /misc/dn61/LocalWOK/wok_entities/LOC/dev/CR0-OCCT691-7-CR0-OCCT691-occt-64/drv/AIS/AIS_AttributeFilter.jxx
+M AIS:privinclude:AIS_AttributeFilter.ixx /misc/dn61/LocalWOK/wok_entities/LOC/dev/CR0-OCCT691-7-CR0-OCCT691-occt-64/drv/AIS/AIS_AttributeFilter.ixx
+M AIS:pubinclude:Handle_AIS_C0RegularityFilter.hxx /misc/dn61/LocalWOK/wok_entities/LOC/dev/CR0-OCCT691-7-CR0-OCCT691-occt-64/inc/Handle_AIS_C0RegularityFilter.hxx
+M AIS:pubinclude:AIS_C0RegularityFilter.hxx /misc/dn61/LocalWOK/wok_entities/LOC/dev/CR0-OCCT691-7-CR0-OCCT691-occt-64/inc/AIS_C0RegularityFilter.hxx
+M AIS:privinclude:AIS_C0RegularityFilter.jxx /misc/dn61/LocalWOK/wok_entities/LOC/dev/CR0-OCCT691-7-CR0-OCCT691-occt-64/drv/AIS/AIS_C0RegularityFilter.jxx
+M AIS:privinclude:AIS_C0RegularityFilter.ixx /misc/dn61/LocalWOK/wok_entities/LOC/dev/CR0-OCCT691-7-CR0-OCCT691-occt-64/drv/AIS/AIS_C0RegularityFilter.ixx
+M AIS:pubinclude:Handle_AIS_BadEdgeFilter.hxx /misc/dn61/LocalWOK/wok_entities/LOC/dev/CR0-OCCT691-7-CR0-OCCT691-occt-64/inc/Handle_AIS_BadEdgeFilter.hxx
+M AIS:pubinclude:AIS_BadEdgeFilter.hxx /misc/dn61/LocalWOK/wok_entities/LOC/dev/CR0-OCCT691-7-CR0-OCCT691-occt-64/inc/AIS_BadEdgeFilter.hxx
+M AIS:privinclude:AIS_BadEdgeFilter.jxx /misc/dn61/LocalWOK/wok_entities/LOC/dev/CR0-OCCT691-7-CR0-OCCT691-occt-64/drv/AIS/AIS_BadEdgeFilter.jxx
+M AIS:privinclude:AIS_BadEdgeFilter.ixx /misc/dn61/LocalWOK/wok_entities/LOC/dev/CR0-OCCT691-7-CR0-OCCT691-occt-64/drv/AIS/AIS_BadEdgeFilter.ixx
+M AIS:pubinclude:Handle_AIS_Selection.hxx /misc/dn61/LocalWOK/wok_entities/LOC/dev/CR0-OCCT691-7-CR0-OCCT691-occt-64/inc/Handle_AIS_Selection.hxx
+M AIS:pubinclude:AIS_Selection.hxx /misc/dn61/LocalWOK/wok_entities/LOC/dev/CR0-OCCT691-7-CR0-OCCT691-occt-64/inc/AIS_Selection.hxx
+M AIS:privinclude:AIS_Selection.jxx /misc/dn61/LocalWOK/wok_entities/LOC/dev/CR0-OCCT691-7-CR0-OCCT691-occt-64/drv/AIS/AIS_Selection.jxx
+M AIS:privinclude:AIS_Selection.ixx /misc/dn61/LocalWOK/wok_entities/LOC/dev/CR0-OCCT691-7-CR0-OCCT691-occt-64/drv/AIS/AIS_Selection.ixx
+M AIS:pubinclude:AIS_ListOfInteractive.hxx /misc/dn61/LocalWOK/wok_entities/LOC/dev/CR0-OCCT691-7-CR0-OCCT691-occt-64/inc/AIS_ListOfInteractive.hxx
+M AIS:derivated:AIS_ListOfInteractive_0.cxx /misc/dn61/LocalWOK/wok_entities/LOC/dev/CR0-OCCT691-7-CR0-OCCT691-occt-64/drv/AIS/AIS_ListOfInteractive_0.cxx
+M AIS:pubinclude:AIS_SequenceOfInteractive.hxx /misc/dn61/LocalWOK/wok_entities/LOC/dev/CR0-OCCT691-7-CR0-OCCT691-occt-64/inc/AIS_SequenceOfInteractive.hxx
+M AIS:derivated:AIS_SequenceOfInteractive_0.cxx /misc/dn61/LocalWOK/wok_entities/LOC/dev/CR0-OCCT691-7-CR0-OCCT691-occt-64/drv/AIS/AIS_SequenceOfInteractive_0.cxx
+M AIS:pubinclude:AIS_SequenceOfDimension.hxx /misc/dn61/LocalWOK/wok_entities/LOC/dev/CR0-OCCT691-7-CR0-OCCT691-occt-64/inc/AIS_SequenceOfDimension.hxx
+M AIS:derivated:AIS_SequenceOfDimension_0.cxx /misc/dn61/LocalWOK/wok_entities/LOC/dev/CR0-OCCT691-7-CR0-OCCT691-occt-64/drv/AIS/AIS_SequenceOfDimension_0.cxx
+M AIS:pubinclude:AIS_MapOfInteractive.hxx /misc/dn61/LocalWOK/wok_entities/LOC/dev/CR0-OCCT691-7-CR0-OCCT691-occt-64/inc/AIS_MapOfInteractive.hxx
+M AIS:derivated:AIS_MapOfInteractive_0.cxx /misc/dn61/LocalWOK/wok_entities/LOC/dev/CR0-OCCT691-7-CR0-OCCT691-occt-64/drv/AIS/AIS_MapOfInteractive_0.cxx
+M AIS:pubinclude:AIS_DataMapofIntegerListOfinteractive.hxx /misc/dn61/LocalWOK/wok_entities/LOC/dev/CR0-OCCT691-7-CR0-OCCT691-occt-64/inc/AIS_DataMapofIntegerListOfinteractive.hxx
+M AIS:derivated:AIS_DataMapofIntegerListOfinteractive_0.cxx /misc/dn61/LocalWOK/wok_entities/LOC/dev/CR0-OCCT691-7-CR0-OCCT691-occt-64/drv/AIS/AIS_DataMapofIntegerListOfinteractive_0.cxx
+M AIS:pubinclude:AIS_DataMapOfIOStatus.hxx /misc/dn61/LocalWOK/wok_entities/LOC/dev/CR0-OCCT691-7-CR0-OCCT691-occt-64/inc/AIS_DataMapOfIOStatus.hxx
+M AIS:derivated:AIS_DataMapOfIOStatus_0.cxx /misc/dn61/LocalWOK/wok_entities/LOC/dev/CR0-OCCT691-7-CR0-OCCT691-occt-64/drv/AIS/AIS_DataMapOfIOStatus_0.cxx
+M AIS:pubinclude:AIS_IndexedDataMapOfOwnerPrs.hxx /misc/dn61/LocalWOK/wok_entities/LOC/dev/CR0-OCCT691-7-CR0-OCCT691-occt-64/inc/AIS_IndexedDataMapOfOwnerPrs.hxx
+M AIS:derivated:AIS_IndexedDataMapOfOwnerPrs_0.cxx /misc/dn61/LocalWOK/wok_entities/LOC/dev/CR0-OCCT691-7-CR0-OCCT691-occt-64/drv/AIS/AIS_IndexedDataMapOfOwnerPrs_0.cxx
+M AIS:pubinclude:AIS_DataMapOfILC.hxx /misc/dn61/LocalWOK/wok_entities/LOC/dev/CR0-OCCT691-7-CR0-OCCT691-occt-64/inc/AIS_DataMapOfILC.hxx
+M AIS:derivated:AIS_DataMapOfILC_0.cxx /misc/dn61/LocalWOK/wok_entities/LOC/dev/CR0-OCCT691-7-CR0-OCCT691-occt-64/drv/AIS/AIS_DataMapOfILC_0.cxx
+M AIS:pubinclude:AIS_DataMapOfSelStat.hxx /misc/dn61/LocalWOK/wok_entities/LOC/dev/CR0-OCCT691-7-CR0-OCCT691-occt-64/inc/AIS_DataMapOfSelStat.hxx
+M AIS:derivated:AIS_DataMapOfSelStat_0.cxx /misc/dn61/LocalWOK/wok_entities/LOC/dev/CR0-OCCT691-7-CR0-OCCT691-occt-64/drv/AIS/AIS_DataMapOfSelStat_0.cxx
+M AIS:pubinclude:Handle_AIS_ListNodeOfListOfInteractive.hxx /misc/dn61/LocalWOK/wok_entities/LOC/dev/CR0-OCCT691-7-CR0-OCCT691-occt-64/inc/Handle_AIS_ListNodeOfListOfInteractive.hxx
+M AIS:pubinclude:AIS_ListNodeOfListOfInteractive.hxx /misc/dn61/LocalWOK/wok_entities/LOC/dev/CR0-OCCT691-7-CR0-OCCT691-occt-64/inc/AIS_ListNodeOfListOfInteractive.hxx
+M AIS:derivated:AIS_ListNodeOfListOfInteractive_0.cxx /misc/dn61/LocalWOK/wok_entities/LOC/dev/CR0-OCCT691-7-CR0-OCCT691-occt-64/drv/AIS/AIS_ListNodeOfListOfInteractive_0.cxx
+M AIS:pubinclude:AIS_ListIteratorOfListOfInteractive.hxx /misc/dn61/LocalWOK/wok_entities/LOC/dev/CR0-OCCT691-7-CR0-OCCT691-occt-64/inc/AIS_ListIteratorOfListOfInteractive.hxx
+M AIS:derivated:AIS_ListIteratorOfListOfInteractive_0.cxx /misc/dn61/LocalWOK/wok_entities/LOC/dev/CR0-OCCT691-7-CR0-OCCT691-occt-64/drv/AIS/AIS_ListIteratorOfListOfInteractive_0.cxx
+M AIS:pubinclude:Handle_AIS_SequenceNodeOfSequenceOfInteractive.hxx /misc/dn61/LocalWOK/wok_entities/LOC/dev/CR0-OCCT691-7-CR0-OCCT691-occt-64/inc/Handle_AIS_SequenceNodeOfSequenceOfInteractive.hxx
+M AIS:pubinclude:AIS_SequenceNodeOfSequenceOfInteractive.hxx /misc/dn61/LocalWOK/wok_entities/LOC/dev/CR0-OCCT691-7-CR0-OCCT691-occt-64/inc/AIS_SequenceNodeOfSequenceOfInteractive.hxx
+M AIS:derivated:AIS_SequenceNodeOfSequenceOfInteractive_0.cxx /misc/dn61/LocalWOK/wok_entities/LOC/dev/CR0-OCCT691-7-CR0-OCCT691-occt-64/drv/AIS/AIS_SequenceNodeOfSequenceOfInteractive_0.cxx
+M AIS:pubinclude:Handle_AIS_SequenceNodeOfSequenceOfDimension.hxx /misc/dn61/LocalWOK/wok_entities/LOC/dev/CR0-OCCT691-7-CR0-OCCT691-occt-64/inc/Handle_AIS_SequenceNodeOfSequenceOfDimension.hxx
+M AIS:pubinclude:AIS_SequenceNodeOfSequenceOfDimension.hxx /misc/dn61/LocalWOK/wok_entities/LOC/dev/CR0-OCCT691-7-CR0-OCCT691-occt-64/inc/AIS_SequenceNodeOfSequenceOfDimension.hxx
+M AIS:derivated:AIS_SequenceNodeOfSequenceOfDimension_0.cxx /misc/dn61/LocalWOK/wok_entities/LOC/dev/CR0-OCCT691-7-CR0-OCCT691-occt-64/drv/AIS/AIS_SequenceNodeOfSequenceOfDimension_0.cxx
+M AIS:pubinclude:Handle_AIS_StdMapNodeOfMapOfInteractive.hxx /misc/dn61/LocalWOK/wok_entities/LOC/dev/CR0-OCCT691-7-CR0-OCCT691-occt-64/inc/Handle_AIS_StdMapNodeOfMapOfInteractive.hxx
+M AIS:pubinclude:AIS_StdMapNodeOfMapOfInteractive.hxx /misc/dn61/LocalWOK/wok_entities/LOC/dev/CR0-OCCT691-7-CR0-OCCT691-occt-64/inc/AIS_StdMapNodeOfMapOfInteractive.hxx
+M AIS:derivated:AIS_StdMapNodeOfMapOfInteractive_0.cxx /misc/dn61/LocalWOK/wok_entities/LOC/dev/CR0-OCCT691-7-CR0-OCCT691-occt-64/drv/AIS/AIS_StdMapNodeOfMapOfInteractive_0.cxx
+M AIS:pubinclude:AIS_MapIteratorOfMapOfInteractive.hxx /misc/dn61/LocalWOK/wok_entities/LOC/dev/CR0-OCCT691-7-CR0-OCCT691-occt-64/inc/AIS_MapIteratorOfMapOfInteractive.hxx
+M AIS:derivated:AIS_MapIteratorOfMapOfInteractive_0.cxx /misc/dn61/LocalWOK/wok_entities/LOC/dev/CR0-OCCT691-7-CR0-OCCT691-occt-64/drv/AIS/AIS_MapIteratorOfMapOfInteractive_0.cxx
+M AIS:pubinclude:Handle_AIS_DataMapNodeOfDataMapofIntegerListOfinteractive.hxx /misc/dn61/LocalWOK/wok_entities/LOC/dev/CR0-OCCT691-7-CR0-OCCT691-occt-64/inc/Handle_AIS_DataMapNodeOfDataMapofIntegerListOfinteractive.hxx
+M AIS:pubinclude:AIS_DataMapNodeOfDataMapofIntegerListOfinteractive.hxx /misc/dn61/LocalWOK/wok_entities/LOC/dev/CR0-OCCT691-7-CR0-OCCT691-occt-64/inc/AIS_DataMapNodeOfDataMapofIntegerListOfinteractive.hxx
+M AIS:derivated:AIS_DataMapNodeOfDataMapofIntegerListOfinteractive_0.cxx /misc/dn61/LocalWOK/wok_entities/LOC/dev/CR0-OCCT691-7-CR0-OCCT691-occt-64/drv/AIS/AIS_DataMapNodeOfDataMapofIntegerListOfinteractive_0.cxx
+M AIS:pubinclude:AIS_DataMapIteratorOfDataMapofIntegerListOfinteractive.hxx /misc/dn61/LocalWOK/wok_entities/LOC/dev/CR0-OCCT691-7-CR0-OCCT691-occt-64/inc/AIS_DataMapIteratorOfDataMapofIntegerListOfinteractive.hxx
+M AIS:derivated:AIS_DataMapIteratorOfDataMapofIntegerListOfinteractive_0.cxx /misc/dn61/LocalWOK/wok_entities/LOC/dev/CR0-OCCT691-7-CR0-OCCT691-occt-64/drv/AIS/AIS_DataMapIteratorOfDataMapofIntegerListOfinteractive_0.cxx
+M AIS:pubinclude:Handle_AIS_DataMapNodeOfDataMapOfIOStatus.hxx /misc/dn61/LocalWOK/wok_entities/LOC/dev/CR0-OCCT691-7-CR0-OCCT691-occt-64/inc/Handle_AIS_DataMapNodeOfDataMapOfIOStatus.hxx
+M AIS:pubinclude:AIS_DataMapNodeOfDataMapOfIOStatus.hxx /misc/dn61/LocalWOK/wok_entities/LOC/dev/CR0-OCCT691-7-CR0-OCCT691-occt-64/inc/AIS_DataMapNodeOfDataMapOfIOStatus.hxx
+M AIS:derivated:AIS_DataMapNodeOfDataMapOfIOStatus_0.cxx /misc/dn61/LocalWOK/wok_entities/LOC/dev/CR0-OCCT691-7-CR0-OCCT691-occt-64/drv/AIS/AIS_DataMapNodeOfDataMapOfIOStatus_0.cxx
+M AIS:pubinclude:AIS_DataMapIteratorOfDataMapOfIOStatus.hxx /misc/dn61/LocalWOK/wok_entities/LOC/dev/CR0-OCCT691-7-CR0-OCCT691-occt-64/inc/AIS_DataMapIteratorOfDataMapOfIOStatus.hxx
+M AIS:derivated:AIS_DataMapIteratorOfDataMapOfIOStatus_0.cxx /misc/dn61/LocalWOK/wok_entities/LOC/dev/CR0-OCCT691-7-CR0-OCCT691-occt-64/drv/AIS/AIS_DataMapIteratorOfDataMapOfIOStatus_0.cxx
+M AIS:pubinclude:Handle_AIS_IndexedDataMapNodeOfIndexedDataMapOfOwnerPrs.hxx /misc/dn61/LocalWOK/wok_entities/LOC/dev/CR0-OCCT691-7-CR0-OCCT691-occt-64/inc/Handle_AIS_IndexedDataMapNodeOfIndexedDataMapOfOwnerPrs.hxx
+M AIS:pubinclude:AIS_IndexedDataMapNodeOfIndexedDataMapOfOwnerPrs.hxx /misc/dn61/LocalWOK/wok_entities/LOC/dev/CR0-OCCT691-7-CR0-OCCT691-occt-64/inc/AIS_IndexedDataMapNodeOfIndexedDataMapOfOwnerPrs.hxx
+M AIS:derivated:AIS_IndexedDataMapNodeOfIndexedDataMapOfOwnerPrs_0.cxx /misc/dn61/LocalWOK/wok_entities/LOC/dev/CR0-OCCT691-7-CR0-OCCT691-occt-64/drv/AIS/AIS_IndexedDataMapNodeOfIndexedDataMapOfOwnerPrs_0.cxx
+M AIS:pubinclude:Handle_AIS_DataMapNodeOfDataMapOfILC.hxx /misc/dn61/LocalWOK/wok_entities/LOC/dev/CR0-OCCT691-7-CR0-OCCT691-occt-64/inc/Handle_AIS_DataMapNodeOfDataMapOfILC.hxx
+M AIS:pubinclude:AIS_DataMapNodeOfDataMapOfILC.hxx /misc/dn61/LocalWOK/wok_entities/LOC/dev/CR0-OCCT691-7-CR0-OCCT691-occt-64/inc/AIS_DataMapNodeOfDataMapOfILC.hxx
+M AIS:derivated:AIS_DataMapNodeOfDataMapOfILC_0.cxx /misc/dn61/LocalWOK/wok_entities/LOC/dev/CR0-OCCT691-7-CR0-OCCT691-occt-64/drv/AIS/AIS_DataMapNodeOfDataMapOfILC_0.cxx
+M AIS:pubinclude:AIS_DataMapIteratorOfDataMapOfILC.hxx /misc/dn61/LocalWOK/wok_entities/LOC/dev/CR0-OCCT691-7-CR0-OCCT691-occt-64/inc/AIS_DataMapIteratorOfDataMapOfILC.hxx
+M AIS:derivated:AIS_DataMapIteratorOfDataMapOfILC_0.cxx /misc/dn61/LocalWOK/wok_entities/LOC/dev/CR0-OCCT691-7-CR0-OCCT691-occt-64/drv/AIS/AIS_DataMapIteratorOfDataMapOfILC_0.cxx
+M AIS:pubinclude:Handle_AIS_DataMapNodeOfDataMapOfSelStat.hxx /misc/dn61/LocalWOK/wok_entities/LOC/dev/CR0-OCCT691-7-CR0-OCCT691-occt-64/inc/Handle_AIS_DataMapNodeOfDataMapOfSelStat.hxx
+M AIS:pubinclude:AIS_DataMapNodeOfDataMapOfSelStat.hxx /misc/dn61/LocalWOK/wok_entities/LOC/dev/CR0-OCCT691-7-CR0-OCCT691-occt-64/inc/AIS_DataMapNodeOfDataMapOfSelStat.hxx
+M AIS:derivated:AIS_DataMapNodeOfDataMapOfSelStat_0.cxx /misc/dn61/LocalWOK/wok_entities/LOC/dev/CR0-OCCT691-7-CR0-OCCT691-occt-64/drv/AIS/AIS_DataMapNodeOfDataMapOfSelStat_0.cxx
+M AIS:pubinclude:AIS_DataMapIteratorOfDataMapOfSelStat.hxx /misc/dn61/LocalWOK/wok_entities/LOC/dev/CR0-OCCT691-7-CR0-OCCT691-occt-64/inc/AIS_DataMapIteratorOfDataMapOfSelStat.hxx
+M AIS:derivated:AIS_DataMapIteratorOfDataMapOfSelStat_0.cxx /misc/dn61/LocalWOK/wok_entities/LOC/dev/CR0-OCCT691-7-CR0-OCCT691-occt-64/drv/AIS/AIS_DataMapIteratorOfDataMapOfSelStat_0.cxx
+M AIS:pubinclude:AIS_DisplayMode.hxx /misc/dn61/LocalWOK/wok_entities/LOC/dev/CR0-OCCT691-7-CR0-OCCT691-occt-64/inc/AIS_DisplayMode.hxx
+M AIS:pubinclude:AIS_ConnectStatus.hxx /misc/dn61/LocalWOK/wok_entities/LOC/dev/CR0-OCCT691-7-CR0-OCCT691-occt-64/inc/AIS_ConnectStatus.hxx
+M AIS:pubinclude:AIS_TypeOfIso.hxx /misc/dn61/LocalWOK/wok_entities/LOC/dev/CR0-OCCT691-7-CR0-OCCT691-occt-64/inc/AIS_TypeOfIso.hxx
+M AIS:pubinclude:AIS_DisplayStatus.hxx /misc/dn61/LocalWOK/wok_entities/LOC/dev/CR0-OCCT691-7-CR0-OCCT691-occt-64/inc/AIS_DisplayStatus.hxx
+M AIS:pubinclude:AIS_SelectStatus.hxx /misc/dn61/LocalWOK/wok_entities/LOC/dev/CR0-OCCT691-7-CR0-OCCT691-occt-64/inc/AIS_SelectStatus.hxx
+M AIS:pubinclude:AIS_StatusOfPick.hxx /misc/dn61/LocalWOK/wok_entities/LOC/dev/CR0-OCCT691-7-CR0-OCCT691-occt-64/inc/AIS_StatusOfPick.hxx
+M AIS:pubinclude:AIS_StatusOfDetection.hxx /misc/dn61/LocalWOK/wok_entities/LOC/dev/CR0-OCCT691-7-CR0-OCCT691-occt-64/inc/AIS_StatusOfDetection.hxx
+M AIS:pubinclude:AIS_KindOfDimension.hxx /misc/dn61/LocalWOK/wok_entities/LOC/dev/CR0-OCCT691-7-CR0-OCCT691-occt-64/inc/AIS_KindOfDimension.hxx
+M AIS:pubinclude:AIS_KindOfInteractive.hxx /misc/dn61/LocalWOK/wok_entities/LOC/dev/CR0-OCCT691-7-CR0-OCCT691-occt-64/inc/AIS_KindOfInteractive.hxx
+M AIS:pubinclude:AIS_ClearMode.hxx /misc/dn61/LocalWOK/wok_entities/LOC/dev/CR0-OCCT691-7-CR0-OCCT691-occt-64/inc/AIS_ClearMode.hxx
+M AIS:pubinclude:AIS_KindOfUnit.hxx /misc/dn61/LocalWOK/wok_entities/LOC/dev/CR0-OCCT691-7-CR0-OCCT691-occt-64/inc/AIS_KindOfUnit.hxx
+M AIS:pubinclude:AIS_TypeOfAxis.hxx /misc/dn61/LocalWOK/wok_entities/LOC/dev/CR0-OCCT691-7-CR0-OCCT691-occt-64/inc/AIS_TypeOfAxis.hxx
+M AIS:pubinclude:AIS_TypeOfPlane.hxx /misc/dn61/LocalWOK/wok_entities/LOC/dev/CR0-OCCT691-7-CR0-OCCT691-occt-64/inc/AIS_TypeOfPlane.hxx
+M AIS:pubinclude:AIS_TypeOfDist.hxx /misc/dn61/LocalWOK/wok_entities/LOC/dev/CR0-OCCT691-7-CR0-OCCT691-occt-64/inc/AIS_TypeOfDist.hxx
+M AIS:pubinclude:AIS_TypeOfAttribute.hxx /misc/dn61/LocalWOK/wok_entities/LOC/dev/CR0-OCCT691-7-CR0-OCCT691-occt-64/inc/AIS_TypeOfAttribute.hxx
+M AIS:pubinclude:AIS_StandardDatum.hxx /misc/dn61/LocalWOK/wok_entities/LOC/dev/CR0-OCCT691-7-CR0-OCCT691-occt-64/inc/AIS_StandardDatum.hxx
+M AIS:pubinclude:AIS_KindOfSurface.hxx /misc/dn61/LocalWOK/wok_entities/LOC/dev/CR0-OCCT691-7-CR0-OCCT691-occt-64/inc/AIS_KindOfSurface.hxx
+M AIS:pubinclude:AIS_DisplaySpecialSymbol.hxx /misc/dn61/LocalWOK/wok_entities/LOC/dev/CR0-OCCT691-7-CR0-OCCT691-occt-64/inc/AIS_DisplaySpecialSymbol.hxx
+M AIS:pubinclude:AIS_DimensionSelectionMode.hxx /misc/dn61/LocalWOK/wok_entities/LOC/dev/CR0-OCCT691-7-CR0-OCCT691-occt-64/inc/AIS_DimensionSelectionMode.hxx
+M AIS:pubinclude:AIS_PToContext.hxx /misc/dn61/LocalWOK/wok_entities/LOC/dev/CR0-OCCT691-7-CR0-OCCT691-occt-64/inc/AIS_PToContext.hxx
+M AIS:dbadmfile:AIS_xcpp_header.In /misc/dn61/LocalWOK/wok_entities/LOC/dev/CR0-OCCT691-7-CR0-OCCT691-occt-64/drv/AIS/.adm/AIS_xcpp_header.In
+M AIS:dbadmfile:AIS_xcpp_header.Out /misc/dn61/LocalWOK/wok_entities/LOC/dev/CR0-OCCT691-7-CR0-OCCT691-occt-64/drv/AIS/.adm/AIS_xcpp_header.Out
+M AIS:dbadmfile:AIS_xcpp_header.Dep /misc/dn61/LocalWOK/wok_entities/LOC/dev/CR0-OCCT691-7-CR0-OCCT691-occt-64/drv/AIS/.adm/AIS_xcpp_header.Dep
