+M DsgPrs:pubinclude:DsgPrs.hxx /misc/dn61/LocalWOK/wok_entities/LOC/dev/CR0-OCCT691-7-CR0-OCCT691-occt-64/inc/DsgPrs.hxx
+M DsgPrs:privinclude:DsgPrs.jxx /misc/dn61/LocalWOK/wok_entities/LOC/dev/CR0-OCCT691-7-CR0-OCCT691-occt-64/drv/DsgPrs/DsgPrs.jxx
+M DsgPrs:privinclude:DsgPrs.ixx /misc/dn61/LocalWOK/wok_entities/LOC/dev/CR0-OCCT691-7-CR0-OCCT691-occt-64/drv/DsgPrs/DsgPrs.ixx
+M DsgPrs:pubinclude:DsgPrs_EllipseRadiusPresentation.hxx /misc/dn61/LocalWOK/wok_entities/LOC/dev/CR0-OCCT691-7-CR0-OCCT691-occt-64/inc/DsgPrs_EllipseRadiusPresentation.hxx
+M DsgPrs:privinclude:DsgPrs_EllipseRadiusPresentation.jxx /misc/dn61/LocalWOK/wok_entities/LOC/dev/CR0-OCCT691-7-CR0-OCCT691-occt-64/drv/DsgPrs/DsgPrs_EllipseRadiusPresentation.jxx
+M DsgPrs:privinclude:DsgPrs_EllipseRadiusPresentation.ixx /misc/dn61/LocalWOK/wok_entities/LOC/dev/CR0-OCCT691-7-CR0-OCCT691-occt-64/drv/DsgPrs/DsgPrs_EllipseRadiusPresentation.ixx
+M DsgPrs:pubinclude:DsgPrs_LengthPresentation.hxx /misc/dn61/LocalWOK/wok_entities/LOC/dev/CR0-OCCT691-7-CR0-OCCT691-occt-64/inc/DsgPrs_LengthPresentation.hxx
+M DsgPrs:privinclude:DsgPrs_LengthPresentation.jxx /misc/dn61/LocalWOK/wok_entities/LOC/dev/CR0-OCCT691-7-CR0-OCCT691-occt-64/drv/DsgPrs/DsgPrs_LengthPresentation.jxx
+M DsgPrs:privinclude:DsgPrs_LengthPresentation.ixx /misc/dn61/LocalWOK/wok_entities/LOC/dev/CR0-OCCT691-7-CR0-OCCT691-occt-64/drv/DsgPrs/DsgPrs_LengthPresentation.ixx
+M DsgPrs:pubinclude:DsgPrs_RadiusPresentation.hxx /misc/dn61/LocalWOK/wok_entities/LOC/dev/CR0-OCCT691-7-CR0-OCCT691-occt-64/inc/DsgPrs_RadiusPresentation.hxx
+M DsgPrs:privinclude:DsgPrs_RadiusPresentation.jxx /misc/dn61/LocalWOK/wok_entities/LOC/dev/CR0-OCCT691-7-CR0-OCCT691-occt-64/drv/DsgPrs/DsgPrs_RadiusPresentation.jxx
+M DsgPrs:privinclude:DsgPrs_RadiusPresentation.ixx /misc/dn61/LocalWOK/wok_entities/LOC/dev/CR0-OCCT691-7-CR0-OCCT691-occt-64/drv/DsgPrs/DsgPrs_RadiusPresentation.ixx
+M DsgPrs:pubinclude:DsgPrs_DiameterPresentation.hxx /misc/dn61/LocalWOK/wok_entities/LOC/dev/CR0-OCCT691-7-CR0-OCCT691-occt-64/inc/DsgPrs_DiameterPresentation.hxx
+M DsgPrs:privinclude:DsgPrs_DiameterPresentation.jxx /misc/dn61/LocalWOK/wok_entities/LOC/dev/CR0-OCCT691-7-CR0-OCCT691-occt-64/drv/DsgPrs/DsgPrs_DiameterPresentation.jxx
+M DsgPrs:privinclude:DsgPrs_DiameterPresentation.ixx /misc/dn61/LocalWOK/wok_entities/LOC/dev/CR0-OCCT691-7-CR0-OCCT691-occt-64/drv/DsgPrs/DsgPrs_DiameterPresentation.ixx
+M DsgPrs:pubinclude:DsgPrs_FilletRadiusPresentation.hxx /misc/dn61/LocalWOK/wok_entities/LOC/dev/CR0-OCCT691-7-CR0-OCCT691-occt-64/inc/DsgPrs_FilletRadiusPresentation.hxx
+M DsgPrs:privinclude:DsgPrs_FilletRadiusPresentation.jxx /misc/dn61/LocalWOK/wok_entities/LOC/dev/CR0-OCCT691-7-CR0-OCCT691-occt-64/drv/DsgPrs/DsgPrs_FilletRadiusPresentation.jxx
+M DsgPrs:privinclude:DsgPrs_FilletRadiusPresentation.ixx /misc/dn61/LocalWOK/wok_entities/LOC/dev/CR0-OCCT691-7-CR0-OCCT691-occt-64/drv/DsgPrs/DsgPrs_FilletRadiusPresentation.ixx
+M DsgPrs:pubinclude:DsgPrs_AnglePresentation.hxx /misc/dn61/LocalWOK/wok_entities/LOC/dev/CR0-OCCT691-7-CR0-OCCT691-occt-64/inc/DsgPrs_AnglePresentation.hxx
+M DsgPrs:privinclude:DsgPrs_AnglePresentation.jxx /misc/dn61/LocalWOK/wok_entities/LOC/dev/CR0-OCCT691-7-CR0-OCCT691-occt-64/drv/DsgPrs/DsgPrs_AnglePresentation.jxx
+M DsgPrs:privinclude:DsgPrs_AnglePresentation.ixx /misc/dn61/LocalWOK/wok_entities/LOC/dev/CR0-OCCT691-7-CR0-OCCT691-occt-64/drv/DsgPrs/DsgPrs_AnglePresentation.ixx
+M DsgPrs:pubinclude:DsgPrs_Chamf2dPresentation.hxx /misc/dn61/LocalWOK/wok_entities/LOC/dev/CR0-OCCT691-7-CR0-OCCT691-occt-64/inc/DsgPrs_Chamf2dPresentation.hxx
+M DsgPrs:privinclude:DsgPrs_Chamf2dPresentation.jxx /misc/dn61/LocalWOK/wok_entities/LOC/dev/CR0-OCCT691-7-CR0-OCCT691-occt-64/drv/DsgPrs/DsgPrs_Chamf2dPresentation.jxx
+M DsgPrs:privinclude:DsgPrs_Chamf2dPresentation.ixx /misc/dn61/LocalWOK/wok_entities/LOC/dev/CR0-OCCT691-7-CR0-OCCT691-occt-64/drv/DsgPrs/DsgPrs_Chamf2dPresentation.ixx
+M DsgPrs:pubinclude:DsgPrs_ParalPresentation.hxx /misc/dn61/LocalWOK/wok_entities/LOC/dev/CR0-OCCT691-7-CR0-OCCT691-occt-64/inc/DsgPrs_ParalPresentation.hxx
+M DsgPrs:privinclude:DsgPrs_ParalPresentation.jxx /misc/dn61/LocalWOK/wok_entities/LOC/dev/CR0-OCCT691-7-CR0-OCCT691-occt-64/drv/DsgPrs/DsgPrs_ParalPresentation.jxx
+M DsgPrs:privinclude:DsgPrs_ParalPresentation.ixx /misc/dn61/LocalWOK/wok_entities/LOC/dev/CR0-OCCT691-7-CR0-OCCT691-occt-64/drv/DsgPrs/DsgPrs_ParalPresentation.ixx
+M DsgPrs:pubinclude:DsgPrs_PerpenPresentation.hxx /misc/dn61/LocalWOK/wok_entities/LOC/dev/CR0-OCCT691-7-CR0-OCCT691-occt-64/inc/DsgPrs_PerpenPresentation.hxx
+M DsgPrs:privinclude:DsgPrs_PerpenPresentation.jxx /misc/dn61/LocalWOK/wok_entities/LOC/dev/CR0-OCCT691-7-CR0-OCCT691-occt-64/drv/DsgPrs/DsgPrs_PerpenPresentation.jxx
+M DsgPrs:privinclude:DsgPrs_PerpenPresentation.ixx /misc/dn61/LocalWOK/wok_entities/LOC/dev/CR0-OCCT691-7-CR0-OCCT691-occt-64/drv/DsgPrs/DsgPrs_PerpenPresentation.ixx
+M DsgPrs:pubinclude:DsgPrs_SymmetricPresentation.hxx /misc/dn61/LocalWOK/wok_entities/LOC/dev/CR0-OCCT691-7-CR0-OCCT691-occt-64/inc/DsgPrs_SymmetricPresentation.hxx
+M DsgPrs:privinclude:DsgPrs_SymmetricPresentation.jxx /misc/dn61/LocalWOK/wok_entities/LOC/dev/CR0-OCCT691-7-CR0-OCCT691-occt-64/drv/DsgPrs/DsgPrs_SymmetricPresentation.jxx
+M DsgPrs:privinclude:DsgPrs_SymmetricPresentation.ixx /misc/dn61/LocalWOK/wok_entities/LOC/dev/CR0-OCCT691-7-CR0-OCCT691-occt-64/drv/DsgPrs/DsgPrs_SymmetricPresentation.ixx
+M DsgPrs:pubinclude:DsgPrs_MidPointPresentation.hxx /misc/dn61/LocalWOK/wok_entities/LOC/dev/CR0-OCCT691-7-CR0-OCCT691-occt-64/inc/DsgPrs_MidPointPresentation.hxx
+M DsgPrs:privinclude:DsgPrs_MidPointPresentation.jxx /misc/dn61/LocalWOK/wok_entities/LOC/dev/CR0-OCCT691-7-CR0-OCCT691-occt-64/drv/DsgPrs/DsgPrs_MidPointPresentation.jxx
+M DsgPrs:privinclude:DsgPrs_MidPointPresentation.ixx /misc/dn61/LocalWOK/wok_entities/LOC/dev/CR0-OCCT691-7-CR0-OCCT691-occt-64/drv/DsgPrs/DsgPrs_MidPointPresentation.ixx
+M DsgPrs:pubinclude:DsgPrs_TangentPresentation.hxx /misc/dn61/LocalWOK/wok_entities/LOC/dev/CR0-OCCT691-7-CR0-OCCT691-occt-64/inc/DsgPrs_TangentPresentation.hxx
+M DsgPrs:privinclude:DsgPrs_TangentPresentation.jxx /misc/dn61/LocalWOK/wok_entities/LOC/dev/CR0-OCCT691-7-CR0-OCCT691-occt-64/drv/DsgPrs/DsgPrs_TangentPresentation.jxx
+M DsgPrs:privinclude:DsgPrs_TangentPresentation.ixx /misc/dn61/LocalWOK/wok_entities/LOC/dev/CR0-OCCT691-7-CR0-OCCT691-occt-64/drv/DsgPrs/DsgPrs_TangentPresentation.ixx
+M DsgPrs:pubinclude:DsgPrs_ConcentricPresentation.hxx /misc/dn61/LocalWOK/wok_entities/LOC/dev/CR0-OCCT691-7-CR0-OCCT691-occt-64/inc/DsgPrs_ConcentricPresentation.hxx
+M DsgPrs:privinclude:DsgPrs_ConcentricPresentation.jxx /misc/dn61/LocalWOK/wok_entities/LOC/dev/CR0-OCCT691-7-CR0-OCCT691-occt-64/drv/DsgPrs/DsgPrs_ConcentricPresentation.jxx
+M DsgPrs:privinclude:DsgPrs_ConcentricPresentation.ixx /misc/dn61/LocalWOK/wok_entities/LOC/dev/CR0-OCCT691-7-CR0-OCCT691-occt-64/drv/DsgPrs/DsgPrs_ConcentricPresentation.ixx
+M DsgPrs:pubinclude:DsgPrs_FixPresentation.hxx /misc/dn61/LocalWOK/wok_entities/LOC/dev/CR0-OCCT691-7-CR0-OCCT691-occt-64/inc/DsgPrs_FixPresentation.hxx
+M DsgPrs:privinclude:DsgPrs_FixPresentation.jxx /misc/dn61/LocalWOK/wok_entities/LOC/dev/CR0-OCCT691-7-CR0-OCCT691-occt-64/drv/DsgPrs/DsgPrs_FixPresentation.jxx
+M DsgPrs:privinclude:DsgPrs_FixPresentation.ixx /misc/dn61/LocalWOK/wok_entities/LOC/dev/CR0-OCCT691-7-CR0-OCCT691-occt-64/drv/DsgPrs/DsgPrs_FixPresentation.ixx
+M DsgPrs:pubinclude:DsgPrs_IdenticPresentation.hxx /misc/dn61/LocalWOK/wok_entities/LOC/dev/CR0-OCCT691-7-CR0-OCCT691-occt-64/inc/DsgPrs_IdenticPresentation.hxx
+M DsgPrs:privinclude:DsgPrs_IdenticPresentation.jxx /misc/dn61/LocalWOK/wok_entities/LOC/dev/CR0-OCCT691-7-CR0-OCCT691-occt-64/drv/DsgPrs/DsgPrs_IdenticPresentation.jxx
+M DsgPrs:privinclude:DsgPrs_IdenticPresentation.ixx /misc/dn61/LocalWOK/wok_entities/LOC/dev/CR0-OCCT691-7-CR0-OCCT691-occt-64/drv/DsgPrs/DsgPrs_IdenticPresentation.ixx
+M DsgPrs:pubinclude:DsgPrs_EqualRadiusPresentation.hxx /misc/dn61/LocalWOK/wok_entities/LOC/dev/CR0-OCCT691-7-CR0-OCCT691-occt-64/inc/DsgPrs_EqualRadiusPresentation.hxx
+M DsgPrs:privinclude:DsgPrs_EqualRadiusPresentation.jxx /misc/dn61/LocalWOK/wok_entities/LOC/dev/CR0-OCCT691-7-CR0-OCCT691-occt-64/drv/DsgPrs/DsgPrs_EqualRadiusPresentation.jxx
+M DsgPrs:privinclude:DsgPrs_EqualRadiusPresentation.ixx /misc/dn61/LocalWOK/wok_entities/LOC/dev/CR0-OCCT691-7-CR0-OCCT691-occt-64/drv/DsgPrs/DsgPrs_EqualRadiusPresentation.ixx
+M DsgPrs:pubinclude:DsgPrs_EqualDistancePresentation.hxx /misc/dn61/LocalWOK/wok_entities/LOC/dev/CR0-OCCT691-7-CR0-OCCT691-occt-64/inc/DsgPrs_EqualDistancePresentation.hxx
+M DsgPrs:privinclude:DsgPrs_EqualDistancePresentation.jxx /misc/dn61/LocalWOK/wok_entities/LOC/dev/CR0-OCCT691-7-CR0-OCCT691-occt-64/drv/DsgPrs/DsgPrs_EqualDistancePresentation.jxx
+M DsgPrs:privinclude:DsgPrs_EqualDistancePresentation.ixx /misc/dn61/LocalWOK/wok_entities/LOC/dev/CR0-OCCT691-7-CR0-OCCT691-occt-64/drv/DsgPrs/DsgPrs_EqualDistancePresentation.ixx
+M DsgPrs:pubinclude:DsgPrs_SymbPresentation.hxx /misc/dn61/LocalWOK/wok_entities/LOC/dev/CR0-OCCT691-7-CR0-OCCT691-occt-64/inc/DsgPrs_SymbPresentation.hxx
+M DsgPrs:privinclude:DsgPrs_SymbPresentation.jxx /misc/dn61/LocalWOK/wok_entities/LOC/dev/CR0-OCCT691-7-CR0-OCCT691-occt-64/drv/DsgPrs/DsgPrs_SymbPresentation.jxx
+M DsgPrs:privinclude:DsgPrs_SymbPresentation.ixx /misc/dn61/LocalWOK/wok_entities/LOC/dev/CR0-OCCT691-7-CR0-OCCT691-occt-64/drv/DsgPrs/DsgPrs_SymbPresentation.ixx
+M DsgPrs:pubinclude:DsgPrs_ShapeDirPresentation.hxx /misc/dn61/LocalWOK/wok_entities/LOC/dev/CR0-OCCT691-7-CR0-OCCT691-occt-64/inc/DsgPrs_ShapeDirPresentation.hxx
+M DsgPrs:privinclude:DsgPrs_ShapeDirPresentation.jxx /misc/dn61/LocalWOK/wok_entities/LOC/dev/CR0-OCCT691-7-CR0-OCCT691-occt-64/drv/DsgPrs/DsgPrs_ShapeDirPresentation.jxx
+M DsgPrs:privinclude:DsgPrs_ShapeDirPresentation.ixx /misc/dn61/LocalWOK/wok_entities/LOC/dev/CR0-OCCT691-7-CR0-OCCT691-occt-64/drv/DsgPrs/DsgPrs_ShapeDirPresentation.ixx
+M DsgPrs:pubinclude:DsgPrs_OffsetPresentation.hxx /misc/dn61/LocalWOK/wok_entities/LOC/dev/CR0-OCCT691-7-CR0-OCCT691-occt-64/inc/DsgPrs_OffsetPresentation.hxx
+M DsgPrs:privinclude:DsgPrs_OffsetPresentation.jxx /misc/dn61/LocalWOK/wok_entities/LOC/dev/CR0-OCCT691-7-CR0-OCCT691-occt-64/drv/DsgPrs/DsgPrs_OffsetPresentation.jxx
+M DsgPrs:privinclude:DsgPrs_OffsetPresentation.ixx /misc/dn61/LocalWOK/wok_entities/LOC/dev/CR0-OCCT691-7-CR0-OCCT691-occt-64/drv/DsgPrs/DsgPrs_OffsetPresentation.ixx
+M DsgPrs:pubinclude:DsgPrs_XYZAxisPresentation.hxx /misc/dn61/LocalWOK/wok_entities/LOC/dev/CR0-OCCT691-7-CR0-OCCT691-occt-64/inc/DsgPrs_XYZAxisPresentation.hxx
+M DsgPrs:privinclude:DsgPrs_XYZAxisPresentation.jxx /misc/dn61/LocalWOK/wok_entities/LOC/dev/CR0-OCCT691-7-CR0-OCCT691-occt-64/drv/DsgPrs/DsgPrs_XYZAxisPresentation.jxx
+M DsgPrs:privinclude:DsgPrs_XYZAxisPresentation.ixx /misc/dn61/LocalWOK/wok_entities/LOC/dev/CR0-OCCT691-7-CR0-OCCT691-occt-64/drv/DsgPrs/DsgPrs_XYZAxisPresentation.ixx
+M DsgPrs:pubinclude:DsgPrs_XYZPlanePresentation.hxx /misc/dn61/LocalWOK/wok_entities/LOC/dev/CR0-OCCT691-7-CR0-OCCT691-occt-64/inc/DsgPrs_XYZPlanePresentation.hxx
+M DsgPrs:privinclude:DsgPrs_XYZPlanePresentation.jxx /misc/dn61/LocalWOK/wok_entities/LOC/dev/CR0-OCCT691-7-CR0-OCCT691-occt-64/drv/DsgPrs/DsgPrs_XYZPlanePresentation.jxx
+M DsgPrs:privinclude:DsgPrs_XYZPlanePresentation.ixx /misc/dn61/LocalWOK/wok_entities/LOC/dev/CR0-OCCT691-7-CR0-OCCT691-occt-64/drv/DsgPrs/DsgPrs_XYZPlanePresentation.ixx
+M DsgPrs:pubinclude:DsgPrs_ShadedPlanePresentation.hxx /misc/dn61/LocalWOK/wok_entities/LOC/dev/CR0-OCCT691-7-CR0-OCCT691-occt-64/inc/DsgPrs_ShadedPlanePresentation.hxx
+M DsgPrs:privinclude:DsgPrs_ShadedPlanePresentation.jxx /misc/dn61/LocalWOK/wok_entities/LOC/dev/CR0-OCCT691-7-CR0-OCCT691-occt-64/drv/DsgPrs/DsgPrs_ShadedPlanePresentation.jxx
+M DsgPrs:privinclude:DsgPrs_ShadedPlanePresentation.ixx /misc/dn61/LocalWOK/wok_entities/LOC/dev/CR0-OCCT691-7-CR0-OCCT691-occt-64/drv/DsgPrs/DsgPrs_ShadedPlanePresentation.ixx
+M DsgPrs:pubinclude:DsgPrs_ArrowSide.hxx /misc/dn61/LocalWOK/wok_entities/LOC/dev/CR0-OCCT691-7-CR0-OCCT691-occt-64/inc/DsgPrs_ArrowSide.hxx
+M DsgPrs:dbadmfile:DsgPrs_xcpp_header.In /misc/dn61/LocalWOK/wok_entities/LOC/dev/CR0-OCCT691-7-CR0-OCCT691-occt-64/drv/DsgPrs/.adm/DsgPrs_xcpp_header.In
+M DsgPrs:dbadmfile:DsgPrs_xcpp_header.Out /misc/dn61/LocalWOK/wok_entities/LOC/dev/CR0-OCCT691-7-CR0-OCCT691-occt-64/drv/DsgPrs/.adm/DsgPrs_xcpp_header.Out
+M DsgPrs:dbadmfile:DsgPrs_xcpp_header.Dep /misc/dn61/LocalWOK/wok_entities/LOC/dev/CR0-OCCT691-7-CR0-OCCT691-occt-64/drv/DsgPrs/.adm/DsgPrs_xcpp_header.Dep
