+M Law:pubinclude:Law.hxx /misc/dn61/LocalWOK/wok_entities/LOC/dev/CR0-OCCT691-7-CR0-OCCT691-occt-64/inc/Law.hxx
+M Law:privinclude:Law.jxx /misc/dn61/LocalWOK/wok_entities/LOC/dev/CR0-OCCT691-7-CR0-OCCT691-occt-64/drv/Law/Law.jxx
+M Law:privinclude:Law.ixx /misc/dn61/LocalWOK/wok_entities/LOC/dev/CR0-OCCT691-7-CR0-OCCT691-occt-64/drv/Law/Law.ixx
+M Law:pubinclude:Handle_Law_BSpline.hxx /misc/dn61/LocalWOK/wok_entities/LOC/dev/CR0-OCCT691-7-CR0-OCCT691-occt-64/inc/Handle_Law_BSpline.hxx
+M Law:pubinclude:Law_BSpline.hxx /misc/dn61/LocalWOK/wok_entities/LOC/dev/CR0-OCCT691-7-CR0-OCCT691-occt-64/inc/Law_BSpline.hxx
+M Law:privinclude:Law_BSpline.jxx /misc/dn61/LocalWOK/wok_entities/LOC/dev/CR0-OCCT691-7-CR0-OCCT691-occt-64/drv/Law/Law_BSpline.jxx
+M Law:privinclude:Law_BSpline.ixx /misc/dn61/LocalWOK/wok_entities/LOC/dev/CR0-OCCT691-7-CR0-OCCT691-occt-64/drv/Law/Law_BSpline.ixx
+M Law:pubinclude:Law_Interpolate.hxx /misc/dn61/LocalWOK/wok_entities/LOC/dev/CR0-OCCT691-7-CR0-OCCT691-occt-64/inc/Law_Interpolate.hxx
+M Law:privinclude:Law_Interpolate.jxx /misc/dn61/LocalWOK/wok_entities/LOC/dev/CR0-OCCT691-7-CR0-OCCT691-occt-64/drv/Law/Law_Interpolate.jxx
+M Law:privinclude:Law_Interpolate.ixx /misc/dn61/LocalWOK/wok_entities/LOC/dev/CR0-OCCT691-7-CR0-OCCT691-occt-64/drv/Law/Law_Interpolate.ixx
+M Law:pubinclude:Handle_Law_Function.hxx /misc/dn61/LocalWOK/wok_entities/LOC/dev/CR0-OCCT691-7-CR0-OCCT691-occt-64/inc/Handle_Law_Function.hxx
+M Law:pubinclude:Law_Function.hxx /misc/dn61/LocalWOK/wok_entities/LOC/dev/CR0-OCCT691-7-CR0-OCCT691-occt-64/inc/Law_Function.hxx
+M Law:privinclude:Law_Function.jxx /misc/dn61/LocalWOK/wok_entities/LOC/dev/CR0-OCCT691-7-CR0-OCCT691-occt-64/drv/Law/Law_Function.jxx
+M Law:privinclude:Law_Function.ixx /misc/dn61/LocalWOK/wok_entities/LOC/dev/CR0-OCCT691-7-CR0-OCCT691-occt-64/drv/Law/Law_Function.ixx
+M Law:pubinclude:Handle_Law_Constant.hxx /misc/dn61/LocalWOK/wok_entities/LOC/dev/CR0-OCCT691-7-CR0-OCCT691-occt-64/inc/Handle_Law_Constant.hxx
+M Law:pubinclude:Law_Constant.hxx /misc/dn61/LocalWOK/wok_entities/LOC/dev/CR0-OCCT691-7-CR0-OCCT691-occt-64/inc/Law_Constant.hxx
+M Law:privinclude:Law_Constant.jxx /misc/dn61/LocalWOK/wok_entities/LOC/dev/CR0-OCCT691-7-CR0-OCCT691-occt-64/drv/Law/Law_Constant.jxx
+M Law:privinclude:Law_Constant.ixx /misc/dn61/LocalWOK/wok_entities/LOC/dev/CR0-OCCT691-7-CR0-OCCT691-occt-64/drv/Law/Law_Constant.ixx
+M Law:pubinclude:Handle_Law_Linear.hxx /misc/dn61/LocalWOK/wok_entities/LOC/dev/CR0-OCCT691-7-CR0-OCCT691-occt-64/inc/Handle_Law_Linear.hxx
+M Law:pubinclude:Law_Linear.hxx /misc/dn61/LocalWOK/wok_entities/LOC/dev/CR0-OCCT691-7-CR0-OCCT691-occt-64/inc/Law_Linear.hxx
+M Law:privinclude:Law_Linear.jxx /misc/dn61/LocalWOK/wok_entities/LOC/dev/CR0-OCCT691-7-CR0-OCCT691-occt-64/drv/Law/Law_Linear.jxx
+M Law:privinclude:Law_Linear.ixx /misc/dn61/LocalWOK/wok_entities/LOC/dev/CR0-OCCT691-7-CR0-OCCT691-occt-64/drv/Law/Law_Linear.ixx
+M Law:pubinclude:Handle_Law_BSpFunc.hxx /misc/dn61/LocalWOK/wok_entities/LOC/dev/CR0-OCCT691-7-CR0-OCCT691-occt-64/inc/Handle_Law_BSpFunc.hxx
+M Law:pubinclude:Law_BSpFunc.hxx /misc/dn61/LocalWOK/wok_entities/LOC/dev/CR0-OCCT691-7-CR0-OCCT691-occt-64/inc/Law_BSpFunc.hxx
+M Law:privinclude:Law_BSpFunc.jxx /misc/dn61/LocalWOK/wok_entities/LOC/dev/CR0-OCCT691-7-CR0-OCCT691-occt-64/drv/Law/Law_BSpFunc.jxx
+M Law:privinclude:Law_BSpFunc.ixx /misc/dn61/LocalWOK/wok_entities/LOC/dev/CR0-OCCT691-7-CR0-OCCT691-occt-64/drv/Law/Law_BSpFunc.ixx
+M Law:pubinclude:Handle_Law_S.hxx /misc/dn61/LocalWOK/wok_entities/LOC/dev/CR0-OCCT691-7-CR0-OCCT691-occt-64/inc/Handle_Law_S.hxx
+M Law:pubinclude:Law_S.hxx /misc/dn61/LocalWOK/wok_entities/LOC/dev/CR0-OCCT691-7-CR0-OCCT691-occt-64/inc/Law_S.hxx
+M Law:privinclude:Law_S.jxx /misc/dn61/LocalWOK/wok_entities/LOC/dev/CR0-OCCT691-7-CR0-OCCT691-occt-64/drv/Law/Law_S.jxx
+M Law:privinclude:Law_S.ixx /misc/dn61/LocalWOK/wok_entities/LOC/dev/CR0-OCCT691-7-CR0-OCCT691-occt-64/drv/Law/Law_S.ixx
+M Law:pubinclude:Handle_Law_Interpol.hxx /misc/dn61/LocalWOK/wok_entities/LOC/dev/CR0-OCCT691-7-CR0-OCCT691-occt-64/inc/Handle_Law_Interpol.hxx
+M Law:pubinclude:Law_Interpol.hxx /misc/dn61/LocalWOK/wok_entities/LOC/dev/CR0-OCCT691-7-CR0-OCCT691-occt-64/inc/Law_Interpol.hxx
+M Law:privinclude:Law_Interpol.jxx /misc/dn61/LocalWOK/wok_entities/LOC/dev/CR0-OCCT691-7-CR0-OCCT691-occt-64/drv/Law/Law_Interpol.jxx
+M Law:privinclude:Law_Interpol.ixx /misc/dn61/LocalWOK/wok_entities/LOC/dev/CR0-OCCT691-7-CR0-OCCT691-occt-64/drv/Law/Law_Interpol.ixx
+M Law:pubinclude:Law_Laws.hxx /misc/dn61/LocalWOK/wok_entities/LOC/dev/CR0-OCCT691-7-CR0-OCCT691-occt-64/inc/Law_Laws.hxx
+M Law:derivated:Law_Laws_0.cxx /misc/dn61/LocalWOK/wok_entities/LOC/dev/CR0-OCCT691-7-CR0-OCCT691-occt-64/drv/Law/Law_Laws_0.cxx
+M Law:pubinclude:Handle_Law_Composite.hxx /misc/dn61/LocalWOK/wok_entities/LOC/dev/CR0-OCCT691-7-CR0-OCCT691-occt-64/inc/Handle_Law_Composite.hxx
+M Law:pubinclude:Law_Composite.hxx /misc/dn61/LocalWOK/wok_entities/LOC/dev/CR0-OCCT691-7-CR0-OCCT691-occt-64/inc/Law_Composite.hxx
+M Law:privinclude:Law_Composite.jxx /misc/dn61/LocalWOK/wok_entities/LOC/dev/CR0-OCCT691-7-CR0-OCCT691-occt-64/drv/Law/Law_Composite.jxx
+M Law:privinclude:Law_Composite.ixx /misc/dn61/LocalWOK/wok_entities/LOC/dev/CR0-OCCT691-7-CR0-OCCT691-occt-64/drv/Law/Law_Composite.ixx
+M Law:pubinclude:Law_BSplineKnotSplitting.hxx /misc/dn61/LocalWOK/wok_entities/LOC/dev/CR0-OCCT691-7-CR0-OCCT691-occt-64/inc/Law_BSplineKnotSplitting.hxx
+M Law:privinclude:Law_BSplineKnotSplitting.jxx /misc/dn61/LocalWOK/wok_entities/LOC/dev/CR0-OCCT691-7-CR0-OCCT691-occt-64/drv/Law/Law_BSplineKnotSplitting.jxx
+M Law:privinclude:Law_BSplineKnotSplitting.ixx /misc/dn61/LocalWOK/wok_entities/LOC/dev/CR0-OCCT691-7-CR0-OCCT691-occt-64/drv/Law/Law_BSplineKnotSplitting.ixx
+M Law:pubinclude:Handle_Law_ListNodeOfLaws.hxx /misc/dn61/LocalWOK/wok_entities/LOC/dev/CR0-OCCT691-7-CR0-OCCT691-occt-64/inc/Handle_Law_ListNodeOfLaws.hxx
+M Law:pubinclude:Law_ListNodeOfLaws.hxx /misc/dn61/LocalWOK/wok_entities/LOC/dev/CR0-OCCT691-7-CR0-OCCT691-occt-64/inc/Law_ListNodeOfLaws.hxx
+M Law:derivated:Law_ListNodeOfLaws_0.cxx /misc/dn61/LocalWOK/wok_entities/LOC/dev/CR0-OCCT691-7-CR0-OCCT691-occt-64/drv/Law/Law_ListNodeOfLaws_0.cxx
+M Law:pubinclude:Law_ListIteratorOfLaws.hxx /misc/dn61/LocalWOK/wok_entities/LOC/dev/CR0-OCCT691-7-CR0-OCCT691-occt-64/inc/Law_ListIteratorOfLaws.hxx
+M Law:derivated:Law_ListIteratorOfLaws_0.cxx /misc/dn61/LocalWOK/wok_entities/LOC/dev/CR0-OCCT691-7-CR0-OCCT691-occt-64/drv/Law/Law_ListIteratorOfLaws_0.cxx
+M Law:dbadmfile:Law_xcpp_header.In /misc/dn61/LocalWOK/wok_entities/LOC/dev/CR0-OCCT691-7-CR0-OCCT691-occt-64/drv/Law/.adm/Law_xcpp_header.In
+M Law:dbadmfile:Law_xcpp_header.Out /misc/dn61/LocalWOK/wok_entities/LOC/dev/CR0-OCCT691-7-CR0-OCCT691-occt-64/drv/Law/.adm/Law_xcpp_header.Out
+M Law:dbadmfile:Law_xcpp_header.Dep /misc/dn61/LocalWOK/wok_entities/LOC/dev/CR0-OCCT691-7-CR0-OCCT691-occt-64/drv/Law/.adm/Law_xcpp_header.Dep
