+M TopTools:pubinclude:TopTools.hxx /misc/dn61/LocalWOK/wok_entities/LOC/dev/CR0-OCCT691-7-CR0-OCCT691-occt-64/inc/TopTools.hxx
+M TopTools:privinclude:TopTools.jxx /misc/dn61/LocalWOK/wok_entities/LOC/dev/CR0-OCCT691-7-CR0-OCCT691-occt-64/drv/TopTools/TopTools.jxx
+M TopTools:privinclude:TopTools.ixx /misc/dn61/LocalWOK/wok_entities/LOC/dev/CR0-OCCT691-7-CR0-OCCT691-occt-64/drv/TopTools/TopTools.ixx
+M TopTools:pubinclude:TopTools_ShapeMapHasher.hxx /misc/dn61/LocalWOK/wok_entities/LOC/dev/CR0-OCCT691-7-CR0-OCCT691-occt-64/inc/TopTools_ShapeMapHasher.hxx
+M TopTools:privinclude:TopTools_ShapeMapHasher.jxx /misc/dn61/LocalWOK/wok_entities/LOC/dev/CR0-OCCT691-7-CR0-OCCT691-occt-64/drv/TopTools/TopTools_ShapeMapHasher.jxx
+M TopTools:privinclude:TopTools_ShapeMapHasher.ixx /misc/dn61/LocalWOK/wok_entities/LOC/dev/CR0-OCCT691-7-CR0-OCCT691-occt-64/drv/TopTools/TopTools_ShapeMapHasher.ixx
+M TopTools:pubinclude:TopTools_OrientedShapeMapHasher.hxx /misc/dn61/LocalWOK/wok_entities/LOC/dev/CR0-OCCT691-7-CR0-OCCT691-occt-64/inc/TopTools_OrientedShapeMapHasher.hxx
+M TopTools:privinclude:TopTools_OrientedShapeMapHasher.jxx /misc/dn61/LocalWOK/wok_entities/LOC/dev/CR0-OCCT691-7-CR0-OCCT691-occt-64/drv/TopTools/TopTools_OrientedShapeMapHasher.jxx
+M TopTools:privinclude:TopTools_OrientedShapeMapHasher.ixx /misc/dn61/LocalWOK/wok_entities/LOC/dev/CR0-OCCT691-7-CR0-OCCT691-occt-64/drv/TopTools/TopTools_OrientedShapeMapHasher.ixx
+M TopTools:pubinclude:TopTools_MapOfShape.hxx /misc/dn61/LocalWOK/wok_entities/LOC/dev/CR0-OCCT691-7-CR0-OCCT691-occt-64/inc/TopTools_MapOfShape.hxx
+M TopTools:derivated:TopTools_MapOfShape_0.cxx /misc/dn61/LocalWOK/wok_entities/LOC/dev/CR0-OCCT691-7-CR0-OCCT691-occt-64/drv/TopTools/TopTools_MapOfShape_0.cxx
+M TopTools:pubinclude:TopTools_MapOfOrientedShape.hxx /misc/dn61/LocalWOK/wok_entities/LOC/dev/CR0-OCCT691-7-CR0-OCCT691-occt-64/inc/TopTools_MapOfOrientedShape.hxx
+M TopTools:derivated:TopTools_MapOfOrientedShape_0.cxx /misc/dn61/LocalWOK/wok_entities/LOC/dev/CR0-OCCT691-7-CR0-OCCT691-occt-64/drv/TopTools/TopTools_MapOfOrientedShape_0.cxx
+M TopTools:pubinclude:TopTools_IndexedMapOfShape.hxx /misc/dn61/LocalWOK/wok_entities/LOC/dev/CR0-OCCT691-7-CR0-OCCT691-occt-64/inc/TopTools_IndexedMapOfShape.hxx
+M TopTools:derivated:TopTools_IndexedMapOfShape_0.cxx /misc/dn61/LocalWOK/wok_entities/LOC/dev/CR0-OCCT691-7-CR0-OCCT691-occt-64/drv/TopTools/TopTools_IndexedMapOfShape_0.cxx
+M TopTools:pubinclude:TopTools_DataMapOfIntegerShape.hxx /misc/dn61/LocalWOK/wok_entities/LOC/dev/CR0-OCCT691-7-CR0-OCCT691-occt-64/inc/TopTools_DataMapOfIntegerShape.hxx
+M TopTools:derivated:TopTools_DataMapOfIntegerShape_0.cxx /misc/dn61/LocalWOK/wok_entities/LOC/dev/CR0-OCCT691-7-CR0-OCCT691-occt-64/drv/TopTools/TopTools_DataMapOfIntegerShape_0.cxx
+M TopTools:pubinclude:TopTools_DataMapOfOrientedShapeInteger.hxx /misc/dn61/LocalWOK/wok_entities/LOC/dev/CR0-OCCT691-7-CR0-OCCT691-occt-64/inc/TopTools_DataMapOfOrientedShapeInteger.hxx
+M TopTools:derivated:TopTools_DataMapOfOrientedShapeInteger_0.cxx /misc/dn61/LocalWOK/wok_entities/LOC/dev/CR0-OCCT691-7-CR0-OCCT691-occt-64/drv/TopTools/TopTools_DataMapOfOrientedShapeInteger_0.cxx
+M TopTools:pubinclude:TopTools_DataMapOfShapeInteger.hxx /misc/dn61/LocalWOK/wok_entities/LOC/dev/CR0-OCCT691-7-CR0-OCCT691-occt-64/inc/TopTools_DataMapOfShapeInteger.hxx
+M TopTools:derivated:TopTools_DataMapOfShapeInteger_0.cxx /misc/dn61/LocalWOK/wok_entities/LOC/dev/CR0-OCCT691-7-CR0-OCCT691-occt-64/drv/TopTools/TopTools_DataMapOfShapeInteger_0.cxx
+M TopTools:pubinclude:TopTools_DataMapOfShapeReal.hxx /misc/dn61/LocalWOK/wok_entities/LOC/dev/CR0-OCCT691-7-CR0-OCCT691-occt-64/inc/TopTools_DataMapOfShapeReal.hxx
+M TopTools:derivated:TopTools_DataMapOfShapeReal_0.cxx /misc/dn61/LocalWOK/wok_entities/LOC/dev/CR0-OCCT691-7-CR0-OCCT691-occt-64/drv/TopTools/TopTools_DataMapOfShapeReal_0.cxx
+M TopTools:pubinclude:TopTools_Array1OfShape.hxx /misc/dn61/LocalWOK/wok_entities/LOC/dev/CR0-OCCT691-7-CR0-OCCT691-occt-64/inc/TopTools_Array1OfShape.hxx
+M TopTools:derivated:TopTools_Array1OfShape_0.cxx /misc/dn61/LocalWOK/wok_entities/LOC/dev/CR0-OCCT691-7-CR0-OCCT691-occt-64/drv/TopTools/TopTools_Array1OfShape_0.cxx
+M TopTools:pubinclude:Handle_TopTools_HArray1OfShape.hxx /misc/dn61/LocalWOK/wok_entities/LOC/dev/CR0-OCCT691-7-CR0-OCCT691-occt-64/inc/Handle_TopTools_HArray1OfShape.hxx
+M TopTools:pubinclude:TopTools_HArray1OfShape.hxx /misc/dn61/LocalWOK/wok_entities/LOC/dev/CR0-OCCT691-7-CR0-OCCT691-occt-64/inc/TopTools_HArray1OfShape.hxx
+M TopTools:derivated:TopTools_HArray1OfShape_0.cxx /misc/dn61/LocalWOK/wok_entities/LOC/dev/CR0-OCCT691-7-CR0-OCCT691-occt-64/drv/TopTools/TopTools_HArray1OfShape_0.cxx
+M TopTools:pubinclude:TopTools_Array2OfShape.hxx /misc/dn61/LocalWOK/wok_entities/LOC/dev/CR0-OCCT691-7-CR0-OCCT691-occt-64/inc/TopTools_Array2OfShape.hxx
+M TopTools:derivated:TopTools_Array2OfShape_0.cxx /misc/dn61/LocalWOK/wok_entities/LOC/dev/CR0-OCCT691-7-CR0-OCCT691-occt-64/drv/TopTools/TopTools_Array2OfShape_0.cxx
+M TopTools:pubinclude:Handle_TopTools_HArray2OfShape.hxx /misc/dn61/LocalWOK/wok_entities/LOC/dev/CR0-OCCT691-7-CR0-OCCT691-occt-64/inc/Handle_TopTools_HArray2OfShape.hxx
+M TopTools:pubinclude:TopTools_HArray2OfShape.hxx /misc/dn61/LocalWOK/wok_entities/LOC/dev/CR0-OCCT691-7-CR0-OCCT691-occt-64/inc/TopTools_HArray2OfShape.hxx
+M TopTools:derivated:TopTools_HArray2OfShape_0.cxx /misc/dn61/LocalWOK/wok_entities/LOC/dev/CR0-OCCT691-7-CR0-OCCT691-occt-64/drv/TopTools/TopTools_HArray2OfShape_0.cxx
+M TopTools:pubinclude:TopTools_SequenceOfShape.hxx /misc/dn61/LocalWOK/wok_entities/LOC/dev/CR0-OCCT691-7-CR0-OCCT691-occt-64/inc/TopTools_SequenceOfShape.hxx
+M TopTools:derivated:TopTools_SequenceOfShape_0.cxx /misc/dn61/LocalWOK/wok_entities/LOC/dev/CR0-OCCT691-7-CR0-OCCT691-occt-64/drv/TopTools/TopTools_SequenceOfShape_0.cxx
+M TopTools:pubinclude:Handle_TopTools_HSequenceOfShape.hxx /misc/dn61/LocalWOK/wok_entities/LOC/dev/CR0-OCCT691-7-CR0-OCCT691-occt-64/inc/Handle_TopTools_HSequenceOfShape.hxx
+M TopTools:pubinclude:TopTools_HSequenceOfShape.hxx /misc/dn61/LocalWOK/wok_entities/LOC/dev/CR0-OCCT691-7-CR0-OCCT691-occt-64/inc/TopTools_HSequenceOfShape.hxx
+M TopTools:derivated:TopTools_HSequenceOfShape_0.cxx /misc/dn61/LocalWOK/wok_entities/LOC/dev/CR0-OCCT691-7-CR0-OCCT691-occt-64/drv/TopTools/TopTools_HSequenceOfShape_0.cxx
+M TopTools:pubinclude:TopTools_ListOfShape.hxx /misc/dn61/LocalWOK/wok_entities/LOC/dev/CR0-OCCT691-7-CR0-OCCT691-occt-64/inc/TopTools_ListOfShape.hxx
+M TopTools:derivated:TopTools_ListOfShape_0.cxx /misc/dn61/LocalWOK/wok_entities/LOC/dev/CR0-OCCT691-7-CR0-OCCT691-occt-64/drv/TopTools/TopTools_ListOfShape_0.cxx
+M TopTools:pubinclude:TopTools_Array1OfListOfShape.hxx /misc/dn61/LocalWOK/wok_entities/LOC/dev/CR0-OCCT691-7-CR0-OCCT691-occt-64/inc/TopTools_Array1OfListOfShape.hxx
+M TopTools:derivated:TopTools_Array1OfListOfShape_0.cxx /misc/dn61/LocalWOK/wok_entities/LOC/dev/CR0-OCCT691-7-CR0-OCCT691-occt-64/drv/TopTools/TopTools_Array1OfListOfShape_0.cxx
+M TopTools:pubinclude:Handle_TopTools_HArray1OfListOfShape.hxx /misc/dn61/LocalWOK/wok_entities/LOC/dev/CR0-OCCT691-7-CR0-OCCT691-occt-64/inc/Handle_TopTools_HArray1OfListOfShape.hxx
+M TopTools:pubinclude:TopTools_HArray1OfListOfShape.hxx /misc/dn61/LocalWOK/wok_entities/LOC/dev/CR0-OCCT691-7-CR0-OCCT691-occt-64/inc/TopTools_HArray1OfListOfShape.hxx
+M TopTools:derivated:TopTools_HArray1OfListOfShape_0.cxx /misc/dn61/LocalWOK/wok_entities/LOC/dev/CR0-OCCT691-7-CR0-OCCT691-occt-64/drv/TopTools/TopTools_HArray1OfListOfShape_0.cxx
+M TopTools:pubinclude:TopTools_DataMapOfIntegerListOfShape.hxx /misc/dn61/LocalWOK/wok_entities/LOC/dev/CR0-OCCT691-7-CR0-OCCT691-occt-64/inc/TopTools_DataMapOfIntegerListOfShape.hxx
+M TopTools:derivated:TopTools_DataMapOfIntegerListOfShape_0.cxx /misc/dn61/LocalWOK/wok_entities/LOC/dev/CR0-OCCT691-7-CR0-OCCT691-occt-64/drv/TopTools/TopTools_DataMapOfIntegerListOfShape_0.cxx
+M TopTools:pubinclude:TopTools_DataMapOfShapeListOfShape.hxx /misc/dn61/LocalWOK/wok_entities/LOC/dev/CR0-OCCT691-7-CR0-OCCT691-occt-64/inc/TopTools_DataMapOfShapeListOfShape.hxx
+M TopTools:derivated:TopTools_DataMapOfShapeListOfShape_0.cxx /misc/dn61/LocalWOK/wok_entities/LOC/dev/CR0-OCCT691-7-CR0-OCCT691-occt-64/drv/TopTools/TopTools_DataMapOfShapeListOfShape_0.cxx
+M TopTools:pubinclude:TopTools_DataMapOfShapeListOfInteger.hxx /misc/dn61/LocalWOK/wok_entities/LOC/dev/CR0-OCCT691-7-CR0-OCCT691-occt-64/inc/TopTools_DataMapOfShapeListOfInteger.hxx
+M TopTools:derivated:TopTools_DataMapOfShapeListOfInteger_0.cxx /misc/dn61/LocalWOK/wok_entities/LOC/dev/CR0-OCCT691-7-CR0-OCCT691-occt-64/drv/TopTools/TopTools_DataMapOfShapeListOfInteger_0.cxx
+M TopTools:pubinclude:TopTools_IndexedDataMapOfShapeShape.hxx /misc/dn61/LocalWOK/wok_entities/LOC/dev/CR0-OCCT691-7-CR0-OCCT691-occt-64/inc/TopTools_IndexedDataMapOfShapeShape.hxx
+M TopTools:derivated:TopTools_IndexedDataMapOfShapeShape_0.cxx /misc/dn61/LocalWOK/wok_entities/LOC/dev/CR0-OCCT691-7-CR0-OCCT691-occt-64/drv/TopTools/TopTools_IndexedDataMapOfShapeShape_0.cxx
+M TopTools:pubinclude:TopTools_IndexedDataMapOfShapeListOfShape.hxx /misc/dn61/LocalWOK/wok_entities/LOC/dev/CR0-OCCT691-7-CR0-OCCT691-occt-64/inc/TopTools_IndexedDataMapOfShapeListOfShape.hxx
+M TopTools:derivated:TopTools_IndexedDataMapOfShapeListOfShape_0.cxx /misc/dn61/LocalWOK/wok_entities/LOC/dev/CR0-OCCT691-7-CR0-OCCT691-occt-64/drv/TopTools/TopTools_IndexedDataMapOfShapeListOfShape_0.cxx
+M TopTools:pubinclude:TopTools_DataMapOfShapeShape.hxx /misc/dn61/LocalWOK/wok_entities/LOC/dev/CR0-OCCT691-7-CR0-OCCT691-occt-64/inc/TopTools_DataMapOfShapeShape.hxx
+M TopTools:derivated:TopTools_DataMapOfShapeShape_0.cxx /misc/dn61/LocalWOK/wok_entities/LOC/dev/CR0-OCCT691-7-CR0-OCCT691-occt-64/drv/TopTools/TopTools_DataMapOfShapeShape_0.cxx
+M TopTools:pubinclude:TopTools_IndexedMapOfOrientedShape.hxx /misc/dn61/LocalWOK/wok_entities/LOC/dev/CR0-OCCT691-7-CR0-OCCT691-occt-64/inc/TopTools_IndexedMapOfOrientedShape.hxx
+M TopTools:derivated:TopTools_IndexedMapOfOrientedShape_0.cxx /misc/dn61/LocalWOK/wok_entities/LOC/dev/CR0-OCCT691-7-CR0-OCCT691-occt-64/drv/TopTools/TopTools_IndexedMapOfOrientedShape_0.cxx
+M TopTools:pubinclude:TopTools_DataMapOfShapeSequenceOfShape.hxx /misc/dn61/LocalWOK/wok_entities/LOC/dev/CR0-OCCT691-7-CR0-OCCT691-occt-64/inc/TopTools_DataMapOfShapeSequenceOfShape.hxx
+M TopTools:derivated:TopTools_DataMapOfShapeSequenceOfShape_0.cxx /misc/dn61/LocalWOK/wok_entities/LOC/dev/CR0-OCCT691-7-CR0-OCCT691-occt-64/drv/TopTools/TopTools_DataMapOfShapeSequenceOfShape_0.cxx
+M TopTools:pubinclude:TopTools_IndexedDataMapOfShapeAddress.hxx /misc/dn61/LocalWOK/wok_entities/LOC/dev/CR0-OCCT691-7-CR0-OCCT691-occt-64/inc/TopTools_IndexedDataMapOfShapeAddress.hxx
+M TopTools:derivated:TopTools_IndexedDataMapOfShapeAddress_0.cxx /misc/dn61/LocalWOK/wok_entities/LOC/dev/CR0-OCCT691-7-CR0-OCCT691-occt-64/drv/TopTools/TopTools_IndexedDataMapOfShapeAddress_0.cxx
+M TopTools:pubinclude:TopTools_DataMapOfOrientedShapeShape.hxx /misc/dn61/LocalWOK/wok_entities/LOC/dev/CR0-OCCT691-7-CR0-OCCT691-occt-64/inc/TopTools_DataMapOfOrientedShapeShape.hxx
+M TopTools:derivated:TopTools_DataMapOfOrientedShapeShape_0.cxx /misc/dn61/LocalWOK/wok_entities/LOC/dev/CR0-OCCT691-7-CR0-OCCT691-occt-64/drv/TopTools/TopTools_DataMapOfOrientedShapeShape_0.cxx
+M TopTools:pubinclude:TopTools_LocationSet.hxx /misc/dn61/LocalWOK/wok_entities/LOC/dev/CR0-OCCT691-7-CR0-OCCT691-occt-64/inc/TopTools_LocationSet.hxx
+M TopTools:privinclude:TopTools_LocationSet.jxx /misc/dn61/LocalWOK/wok_entities/LOC/dev/CR0-OCCT691-7-CR0-OCCT691-occt-64/drv/TopTools/TopTools_LocationSet.jxx
+M TopTools:privinclude:TopTools_LocationSet.ixx /misc/dn61/LocalWOK/wok_entities/LOC/dev/CR0-OCCT691-7-CR0-OCCT691-occt-64/drv/TopTools/TopTools_LocationSet.ixx
+M TopTools:pubinclude:TopTools_ShapeSet.hxx /misc/dn61/LocalWOK/wok_entities/LOC/dev/CR0-OCCT691-7-CR0-OCCT691-occt-64/inc/TopTools_ShapeSet.hxx
+M TopTools:privinclude:TopTools_ShapeSet.jxx /misc/dn61/LocalWOK/wok_entities/LOC/dev/CR0-OCCT691-7-CR0-OCCT691-occt-64/drv/TopTools/TopTools_ShapeSet.jxx
+M TopTools:privinclude:TopTools_ShapeSet.ixx /misc/dn61/LocalWOK/wok_entities/LOC/dev/CR0-OCCT691-7-CR0-OCCT691-occt-64/drv/TopTools/TopTools_ShapeSet.ixx
+M TopTools:pubinclude:Handle_TopTools_StdMapNodeOfMapOfShape.hxx /misc/dn61/LocalWOK/wok_entities/LOC/dev/CR0-OCCT691-7-CR0-OCCT691-occt-64/inc/Handle_TopTools_StdMapNodeOfMapOfShape.hxx
+M TopTools:pubinclude:TopTools_StdMapNodeOfMapOfShape.hxx /misc/dn61/LocalWOK/wok_entities/LOC/dev/CR0-OCCT691-7-CR0-OCCT691-occt-64/inc/TopTools_StdMapNodeOfMapOfShape.hxx
+M TopTools:derivated:TopTools_StdMapNodeOfMapOfShape_0.cxx /misc/dn61/LocalWOK/wok_entities/LOC/dev/CR0-OCCT691-7-CR0-OCCT691-occt-64/drv/TopTools/TopTools_StdMapNodeOfMapOfShape_0.cxx
+M TopTools:pubinclude:TopTools_MapIteratorOfMapOfShape.hxx /misc/dn61/LocalWOK/wok_entities/LOC/dev/CR0-OCCT691-7-CR0-OCCT691-occt-64/inc/TopTools_MapIteratorOfMapOfShape.hxx
+M TopTools:derivated:TopTools_MapIteratorOfMapOfShape_0.cxx /misc/dn61/LocalWOK/wok_entities/LOC/dev/CR0-OCCT691-7-CR0-OCCT691-occt-64/drv/TopTools/TopTools_MapIteratorOfMapOfShape_0.cxx
+M TopTools:pubinclude:Handle_TopTools_StdMapNodeOfMapOfOrientedShape.hxx /misc/dn61/LocalWOK/wok_entities/LOC/dev/CR0-OCCT691-7-CR0-OCCT691-occt-64/inc/Handle_TopTools_StdMapNodeOfMapOfOrientedShape.hxx
+M TopTools:pubinclude:TopTools_StdMapNodeOfMapOfOrientedShape.hxx /misc/dn61/LocalWOK/wok_entities/LOC/dev/CR0-OCCT691-7-CR0-OCCT691-occt-64/inc/TopTools_StdMapNodeOfMapOfOrientedShape.hxx
+M TopTools:derivated:TopTools_StdMapNodeOfMapOfOrientedShape_0.cxx /misc/dn61/LocalWOK/wok_entities/LOC/dev/CR0-OCCT691-7-CR0-OCCT691-occt-64/drv/TopTools/TopTools_StdMapNodeOfMapOfOrientedShape_0.cxx
+M TopTools:pubinclude:TopTools_MapIteratorOfMapOfOrientedShape.hxx /misc/dn61/LocalWOK/wok_entities/LOC/dev/CR0-OCCT691-7-CR0-OCCT691-occt-64/inc/TopTools_MapIteratorOfMapOfOrientedShape.hxx
+M TopTools:derivated:TopTools_MapIteratorOfMapOfOrientedShape_0.cxx /misc/dn61/LocalWOK/wok_entities/LOC/dev/CR0-OCCT691-7-CR0-OCCT691-occt-64/drv/TopTools/TopTools_MapIteratorOfMapOfOrientedShape_0.cxx
+M TopTools:pubinclude:Handle_TopTools_IndexedMapNodeOfIndexedMapOfShape.hxx /misc/dn61/LocalWOK/wok_entities/LOC/dev/CR0-OCCT691-7-CR0-OCCT691-occt-64/inc/Handle_TopTools_IndexedMapNodeOfIndexedMapOfShape.hxx
+M TopTools:pubinclude:TopTools_IndexedMapNodeOfIndexedMapOfShape.hxx /misc/dn61/LocalWOK/wok_entities/LOC/dev/CR0-OCCT691-7-CR0-OCCT691-occt-64/inc/TopTools_IndexedMapNodeOfIndexedMapOfShape.hxx
+M TopTools:derivated:TopTools_IndexedMapNodeOfIndexedMapOfShape_0.cxx /misc/dn61/LocalWOK/wok_entities/LOC/dev/CR0-OCCT691-7-CR0-OCCT691-occt-64/drv/TopTools/TopTools_IndexedMapNodeOfIndexedMapOfShape_0.cxx
+M TopTools:pubinclude:Handle_TopTools_DataMapNodeOfDataMapOfIntegerShape.hxx /misc/dn61/LocalWOK/wok_entities/LOC/dev/CR0-OCCT691-7-CR0-OCCT691-occt-64/inc/Handle_TopTools_DataMapNodeOfDataMapOfIntegerShape.hxx
+M TopTools:pubinclude:TopTools_DataMapNodeOfDataMapOfIntegerShape.hxx /misc/dn61/LocalWOK/wok_entities/LOC/dev/CR0-OCCT691-7-CR0-OCCT691-occt-64/inc/TopTools_DataMapNodeOfDataMapOfIntegerShape.hxx
+M TopTools:derivated:TopTools_DataMapNodeOfDataMapOfIntegerShape_0.cxx /misc/dn61/LocalWOK/wok_entities/LOC/dev/CR0-OCCT691-7-CR0-OCCT691-occt-64/drv/TopTools/TopTools_DataMapNodeOfDataMapOfIntegerShape_0.cxx
+M TopTools:pubinclude:TopTools_DataMapIteratorOfDataMapOfIntegerShape.hxx /misc/dn61/LocalWOK/wok_entities/LOC/dev/CR0-OCCT691-7-CR0-OCCT691-occt-64/inc/TopTools_DataMapIteratorOfDataMapOfIntegerShape.hxx
+M TopTools:derivated:TopTools_DataMapIteratorOfDataMapOfIntegerShape_0.cxx /misc/dn61/LocalWOK/wok_entities/LOC/dev/CR0-OCCT691-7-CR0-OCCT691-occt-64/drv/TopTools/TopTools_DataMapIteratorOfDataMapOfIntegerShape_0.cxx
+M TopTools:pubinclude:Handle_TopTools_DataMapNodeOfDataMapOfOrientedShapeInteger.hxx /misc/dn61/LocalWOK/wok_entities/LOC/dev/CR0-OCCT691-7-CR0-OCCT691-occt-64/inc/Handle_TopTools_DataMapNodeOfDataMapOfOrientedShapeInteger.hxx
+M TopTools:pubinclude:TopTools_DataMapNodeOfDataMapOfOrientedShapeInteger.hxx /misc/dn61/LocalWOK/wok_entities/LOC/dev/CR0-OCCT691-7-CR0-OCCT691-occt-64/inc/TopTools_DataMapNodeOfDataMapOfOrientedShapeInteger.hxx
+M TopTools:derivated:TopTools_DataMapNodeOfDataMapOfOrientedShapeInteger_0.cxx /misc/dn61/LocalWOK/wok_entities/LOC/dev/CR0-OCCT691-7-CR0-OCCT691-occt-64/drv/TopTools/TopTools_DataMapNodeOfDataMapOfOrientedShapeInteger_0.cxx
+M TopTools:pubinclude:TopTools_DataMapIteratorOfDataMapOfOrientedShapeInteger.hxx /misc/dn61/LocalWOK/wok_entities/LOC/dev/CR0-OCCT691-7-CR0-OCCT691-occt-64/inc/TopTools_DataMapIteratorOfDataMapOfOrientedShapeInteger.hxx
+M TopTools:derivated:TopTools_DataMapIteratorOfDataMapOfOrientedShapeInteger_0.cxx /misc/dn61/LocalWOK/wok_entities/LOC/dev/CR0-OCCT691-7-CR0-OCCT691-occt-64/drv/TopTools/TopTools_DataMapIteratorOfDataMapOfOrientedShapeInteger_0.cxx
+M TopTools:pubinclude:Handle_TopTools_DataMapNodeOfDataMapOfShapeInteger.hxx /misc/dn61/LocalWOK/wok_entities/LOC/dev/CR0-OCCT691-7-CR0-OCCT691-occt-64/inc/Handle_TopTools_DataMapNodeOfDataMapOfShapeInteger.hxx
+M TopTools:pubinclude:TopTools_DataMapNodeOfDataMapOfShapeInteger.hxx /misc/dn61/LocalWOK/wok_entities/LOC/dev/CR0-OCCT691-7-CR0-OCCT691-occt-64/inc/TopTools_DataMapNodeOfDataMapOfShapeInteger.hxx
+M TopTools:derivated:TopTools_DataMapNodeOfDataMapOfShapeInteger_0.cxx /misc/dn61/LocalWOK/wok_entities/LOC/dev/CR0-OCCT691-7-CR0-OCCT691-occt-64/drv/TopTools/TopTools_DataMapNodeOfDataMapOfShapeInteger_0.cxx
+M TopTools:pubinclude:TopTools_DataMapIteratorOfDataMapOfShapeInteger.hxx /misc/dn61/LocalWOK/wok_entities/LOC/dev/CR0-OCCT691-7-CR0-OCCT691-occt-64/inc/TopTools_DataMapIteratorOfDataMapOfShapeInteger.hxx
+M TopTools:derivated:TopTools_DataMapIteratorOfDataMapOfShapeInteger_0.cxx /misc/dn61/LocalWOK/wok_entities/LOC/dev/CR0-OCCT691-7-CR0-OCCT691-occt-64/drv/TopTools/TopTools_DataMapIteratorOfDataMapOfShapeInteger_0.cxx
+M TopTools:pubinclude:Handle_TopTools_DataMapNodeOfDataMapOfShapeReal.hxx /misc/dn61/LocalWOK/wok_entities/LOC/dev/CR0-OCCT691-7-CR0-OCCT691-occt-64/inc/Handle_TopTools_DataMapNodeOfDataMapOfShapeReal.hxx
+M TopTools:pubinclude:TopTools_DataMapNodeOfDataMapOfShapeReal.hxx /misc/dn61/LocalWOK/wok_entities/LOC/dev/CR0-OCCT691-7-CR0-OCCT691-occt-64/inc/TopTools_DataMapNodeOfDataMapOfShapeReal.hxx
+M TopTools:derivated:TopTools_DataMapNodeOfDataMapOfShapeReal_0.cxx /misc/dn61/LocalWOK/wok_entities/LOC/dev/CR0-OCCT691-7-CR0-OCCT691-occt-64/drv/TopTools/TopTools_DataMapNodeOfDataMapOfShapeReal_0.cxx
+M TopTools:pubinclude:TopTools_DataMapIteratorOfDataMapOfShapeReal.hxx /misc/dn61/LocalWOK/wok_entities/LOC/dev/CR0-OCCT691-7-CR0-OCCT691-occt-64/inc/TopTools_DataMapIteratorOfDataMapOfShapeReal.hxx
+M TopTools:derivated:TopTools_DataMapIteratorOfDataMapOfShapeReal_0.cxx /misc/dn61/LocalWOK/wok_entities/LOC/dev/CR0-OCCT691-7-CR0-OCCT691-occt-64/drv/TopTools/TopTools_DataMapIteratorOfDataMapOfShapeReal_0.cxx
+M TopTools:pubinclude:Handle_TopTools_SequenceNodeOfSequenceOfShape.hxx /misc/dn61/LocalWOK/wok_entities/LOC/dev/CR0-OCCT691-7-CR0-OCCT691-occt-64/inc/Handle_TopTools_SequenceNodeOfSequenceOfShape.hxx
+M TopTools:pubinclude:TopTools_SequenceNodeOfSequenceOfShape.hxx /misc/dn61/LocalWOK/wok_entities/LOC/dev/CR0-OCCT691-7-CR0-OCCT691-occt-64/inc/TopTools_SequenceNodeOfSequenceOfShape.hxx
+M TopTools:derivated:TopTools_SequenceNodeOfSequenceOfShape_0.cxx /misc/dn61/LocalWOK/wok_entities/LOC/dev/CR0-OCCT691-7-CR0-OCCT691-occt-64/drv/TopTools/TopTools_SequenceNodeOfSequenceOfShape_0.cxx
+M TopTools:pubinclude:Handle_TopTools_ListNodeOfListOfShape.hxx /misc/dn61/LocalWOK/wok_entities/LOC/dev/CR0-OCCT691-7-CR0-OCCT691-occt-64/inc/Handle_TopTools_ListNodeOfListOfShape.hxx
+M TopTools:pubinclude:TopTools_ListNodeOfListOfShape.hxx /misc/dn61/LocalWOK/wok_entities/LOC/dev/CR0-OCCT691-7-CR0-OCCT691-occt-64/inc/TopTools_ListNodeOfListOfShape.hxx
+M TopTools:derivated:TopTools_ListNodeOfListOfShape_0.cxx /misc/dn61/LocalWOK/wok_entities/LOC/dev/CR0-OCCT691-7-CR0-OCCT691-occt-64/drv/TopTools/TopTools_ListNodeOfListOfShape_0.cxx
+M TopTools:pubinclude:TopTools_ListIteratorOfListOfShape.hxx /misc/dn61/LocalWOK/wok_entities/LOC/dev/CR0-OCCT691-7-CR0-OCCT691-occt-64/inc/TopTools_ListIteratorOfListOfShape.hxx
+M TopTools:derivated:TopTools_ListIteratorOfListOfShape_0.cxx /misc/dn61/LocalWOK/wok_entities/LOC/dev/CR0-OCCT691-7-CR0-OCCT691-occt-64/drv/TopTools/TopTools_ListIteratorOfListOfShape_0.cxx
+M TopTools:pubinclude:Handle_TopTools_DataMapNodeOfDataMapOfIntegerListOfShape.hxx /misc/dn61/LocalWOK/wok_entities/LOC/dev/CR0-OCCT691-7-CR0-OCCT691-occt-64/inc/Handle_TopTools_DataMapNodeOfDataMapOfIntegerListOfShape.hxx
+M TopTools:pubinclude:TopTools_DataMapNodeOfDataMapOfIntegerListOfShape.hxx /misc/dn61/LocalWOK/wok_entities/LOC/dev/CR0-OCCT691-7-CR0-OCCT691-occt-64/inc/TopTools_DataMapNodeOfDataMapOfIntegerListOfShape.hxx
+M TopTools:derivated:TopTools_DataMapNodeOfDataMapOfIntegerListOfShape_0.cxx /misc/dn61/LocalWOK/wok_entities/LOC/dev/CR0-OCCT691-7-CR0-OCCT691-occt-64/drv/TopTools/TopTools_DataMapNodeOfDataMapOfIntegerListOfShape_0.cxx
+M TopTools:pubinclude:TopTools_DataMapIteratorOfDataMapOfIntegerListOfShape.hxx /misc/dn61/LocalWOK/wok_entities/LOC/dev/CR0-OCCT691-7-CR0-OCCT691-occt-64/inc/TopTools_DataMapIteratorOfDataMapOfIntegerListOfShape.hxx
+M TopTools:derivated:TopTools_DataMapIteratorOfDataMapOfIntegerListOfShape_0.cxx /misc/dn61/LocalWOK/wok_entities/LOC/dev/CR0-OCCT691-7-CR0-OCCT691-occt-64/drv/TopTools/TopTools_DataMapIteratorOfDataMapOfIntegerListOfShape_0.cxx
+M TopTools:pubinclude:Handle_TopTools_DataMapNodeOfDataMapOfShapeListOfShape.hxx /misc/dn61/LocalWOK/wok_entities/LOC/dev/CR0-OCCT691-7-CR0-OCCT691-occt-64/inc/Handle_TopTools_DataMapNodeOfDataMapOfShapeListOfShape.hxx
+M TopTools:pubinclude:TopTools_DataMapNodeOfDataMapOfShapeListOfShape.hxx /misc/dn61/LocalWOK/wok_entities/LOC/dev/CR0-OCCT691-7-CR0-OCCT691-occt-64/inc/TopTools_DataMapNodeOfDataMapOfShapeListOfShape.hxx
+M TopTools:derivated:TopTools_DataMapNodeOfDataMapOfShapeListOfShape_0.cxx /misc/dn61/LocalWOK/wok_entities/LOC/dev/CR0-OCCT691-7-CR0-OCCT691-occt-64/drv/TopTools/TopTools_DataMapNodeOfDataMapOfShapeListOfShape_0.cxx
+M TopTools:pubinclude:TopTools_DataMapIteratorOfDataMapOfShapeListOfShape.hxx /misc/dn61/LocalWOK/wok_entities/LOC/dev/CR0-OCCT691-7-CR0-OCCT691-occt-64/inc/TopTools_DataMapIteratorOfDataMapOfShapeListOfShape.hxx
+M TopTools:derivated:TopTools_DataMapIteratorOfDataMapOfShapeListOfShape_0.cxx /misc/dn61/LocalWOK/wok_entities/LOC/dev/CR0-OCCT691-7-CR0-OCCT691-occt-64/drv/TopTools/TopTools_DataMapIteratorOfDataMapOfShapeListOfShape_0.cxx
+M TopTools:pubinclude:Handle_TopTools_DataMapNodeOfDataMapOfShapeListOfInteger.hxx /misc/dn61/LocalWOK/wok_entities/LOC/dev/CR0-OCCT691-7-CR0-OCCT691-occt-64/inc/Handle_TopTools_DataMapNodeOfDataMapOfShapeListOfInteger.hxx
+M TopTools:pubinclude:TopTools_DataMapNodeOfDataMapOfShapeListOfInteger.hxx /misc/dn61/LocalWOK/wok_entities/LOC/dev/CR0-OCCT691-7-CR0-OCCT691-occt-64/inc/TopTools_DataMapNodeOfDataMapOfShapeListOfInteger.hxx
+M TopTools:derivated:TopTools_DataMapNodeOfDataMapOfShapeListOfInteger_0.cxx /misc/dn61/LocalWOK/wok_entities/LOC/dev/CR0-OCCT691-7-CR0-OCCT691-occt-64/drv/TopTools/TopTools_DataMapNodeOfDataMapOfShapeListOfInteger_0.cxx
+M TopTools:pubinclude:TopTools_DataMapIteratorOfDataMapOfShapeListOfInteger.hxx /misc/dn61/LocalWOK/wok_entities/LOC/dev/CR0-OCCT691-7-CR0-OCCT691-occt-64/inc/TopTools_DataMapIteratorOfDataMapOfShapeListOfInteger.hxx
+M TopTools:derivated:TopTools_DataMapIteratorOfDataMapOfShapeListOfInteger_0.cxx /misc/dn61/LocalWOK/wok_entities/LOC/dev/CR0-OCCT691-7-CR0-OCCT691-occt-64/drv/TopTools/TopTools_DataMapIteratorOfDataMapOfShapeListOfInteger_0.cxx
+M TopTools:pubinclude:Handle_TopTools_IndexedDataMapNodeOfIndexedDataMapOfShapeShape.hxx /misc/dn61/LocalWOK/wok_entities/LOC/dev/CR0-OCCT691-7-CR0-OCCT691-occt-64/inc/Handle_TopTools_IndexedDataMapNodeOfIndexedDataMapOfShapeShape.hxx
+M TopTools:pubinclude:TopTools_IndexedDataMapNodeOfIndexedDataMapOfShapeShape.hxx /misc/dn61/LocalWOK/wok_entities/LOC/dev/CR0-OCCT691-7-CR0-OCCT691-occt-64/inc/TopTools_IndexedDataMapNodeOfIndexedDataMapOfShapeShape.hxx
+M TopTools:derivated:TopTools_IndexedDataMapNodeOfIndexedDataMapOfShapeShape_0.cxx /misc/dn61/LocalWOK/wok_entities/LOC/dev/CR0-OCCT691-7-CR0-OCCT691-occt-64/drv/TopTools/TopTools_IndexedDataMapNodeOfIndexedDataMapOfShapeShape_0.cxx
+M TopTools:pubinclude:Handle_TopTools_IndexedDataMapNodeOfIndexedDataMapOfShapeListOfShape.hxx /misc/dn61/LocalWOK/wok_entities/LOC/dev/CR0-OCCT691-7-CR0-OCCT691-occt-64/inc/Handle_TopTools_IndexedDataMapNodeOfIndexedDataMapOfShapeListOfShape.hxx
+M TopTools:pubinclude:TopTools_IndexedDataMapNodeOfIndexedDataMapOfShapeListOfShape.hxx /misc/dn61/LocalWOK/wok_entities/LOC/dev/CR0-OCCT691-7-CR0-OCCT691-occt-64/inc/TopTools_IndexedDataMapNodeOfIndexedDataMapOfShapeListOfShape.hxx
+M TopTools:derivated:TopTools_IndexedDataMapNodeOfIndexedDataMapOfShapeListOfShape_0.cxx /misc/dn61/LocalWOK/wok_entities/LOC/dev/CR0-OCCT691-7-CR0-OCCT691-occt-64/drv/TopTools/TopTools_IndexedDataMapNodeOfIndexedDataMapOfShapeListOfShape_0.cxx
+M TopTools:pubinclude:Handle_TopTools_DataMapNodeOfDataMapOfShapeShape.hxx /misc/dn61/LocalWOK/wok_entities/LOC/dev/CR0-OCCT691-7-CR0-OCCT691-occt-64/inc/Handle_TopTools_DataMapNodeOfDataMapOfShapeShape.hxx
+M TopTools:pubinclude:TopTools_DataMapNodeOfDataMapOfShapeShape.hxx /misc/dn61/LocalWOK/wok_entities/LOC/dev/CR0-OCCT691-7-CR0-OCCT691-occt-64/inc/TopTools_DataMapNodeOfDataMapOfShapeShape.hxx
+M TopTools:derivated:TopTools_DataMapNodeOfDataMapOfShapeShape_0.cxx /misc/dn61/LocalWOK/wok_entities/LOC/dev/CR0-OCCT691-7-CR0-OCCT691-occt-64/drv/TopTools/TopTools_DataMapNodeOfDataMapOfShapeShape_0.cxx
+M TopTools:pubinclude:TopTools_DataMapIteratorOfDataMapOfShapeShape.hxx /misc/dn61/LocalWOK/wok_entities/LOC/dev/CR0-OCCT691-7-CR0-OCCT691-occt-64/inc/TopTools_DataMapIteratorOfDataMapOfShapeShape.hxx
+M TopTools:derivated:TopTools_DataMapIteratorOfDataMapOfShapeShape_0.cxx /misc/dn61/LocalWOK/wok_entities/LOC/dev/CR0-OCCT691-7-CR0-OCCT691-occt-64/drv/TopTools/TopTools_DataMapIteratorOfDataMapOfShapeShape_0.cxx
+M TopTools:pubinclude:Handle_TopTools_IndexedMapNodeOfIndexedMapOfOrientedShape.hxx /misc/dn61/LocalWOK/wok_entities/LOC/dev/CR0-OCCT691-7-CR0-OCCT691-occt-64/inc/Handle_TopTools_IndexedMapNodeOfIndexedMapOfOrientedShape.hxx
+M TopTools:pubinclude:TopTools_IndexedMapNodeOfIndexedMapOfOrientedShape.hxx /misc/dn61/LocalWOK/wok_entities/LOC/dev/CR0-OCCT691-7-CR0-OCCT691-occt-64/inc/TopTools_IndexedMapNodeOfIndexedMapOfOrientedShape.hxx
+M TopTools:derivated:TopTools_IndexedMapNodeOfIndexedMapOfOrientedShape_0.cxx /misc/dn61/LocalWOK/wok_entities/LOC/dev/CR0-OCCT691-7-CR0-OCCT691-occt-64/drv/TopTools/TopTools_IndexedMapNodeOfIndexedMapOfOrientedShape_0.cxx
+M TopTools:pubinclude:Handle_TopTools_DataMapNodeOfDataMapOfShapeSequenceOfShape.hxx /misc/dn61/LocalWOK/wok_entities/LOC/dev/CR0-OCCT691-7-CR0-OCCT691-occt-64/inc/Handle_TopTools_DataMapNodeOfDataMapOfShapeSequenceOfShape.hxx
+M TopTools:pubinclude:TopTools_DataMapNodeOfDataMapOfShapeSequenceOfShape.hxx /misc/dn61/LocalWOK/wok_entities/LOC/dev/CR0-OCCT691-7-CR0-OCCT691-occt-64/inc/TopTools_DataMapNodeOfDataMapOfShapeSequenceOfShape.hxx
+M TopTools:derivated:TopTools_DataMapNodeOfDataMapOfShapeSequenceOfShape_0.cxx /misc/dn61/LocalWOK/wok_entities/LOC/dev/CR0-OCCT691-7-CR0-OCCT691-occt-64/drv/TopTools/TopTools_DataMapNodeOfDataMapOfShapeSequenceOfShape_0.cxx
+M TopTools:pubinclude:TopTools_DataMapIteratorOfDataMapOfShapeSequenceOfShape.hxx /misc/dn61/LocalWOK/wok_entities/LOC/dev/CR0-OCCT691-7-CR0-OCCT691-occt-64/inc/TopTools_DataMapIteratorOfDataMapOfShapeSequenceOfShape.hxx
+M TopTools:derivated:TopTools_DataMapIteratorOfDataMapOfShapeSequenceOfShape_0.cxx /misc/dn61/LocalWOK/wok_entities/LOC/dev/CR0-OCCT691-7-CR0-OCCT691-occt-64/drv/TopTools/TopTools_DataMapIteratorOfDataMapOfShapeSequenceOfShape_0.cxx
+M TopTools:pubinclude:Handle_TopTools_IndexedDataMapNodeOfIndexedDataMapOfShapeAddress.hxx /misc/dn61/LocalWOK/wok_entities/LOC/dev/CR0-OCCT691-7-CR0-OCCT691-occt-64/inc/Handle_TopTools_IndexedDataMapNodeOfIndexedDataMapOfShapeAddress.hxx
+M TopTools:pubinclude:TopTools_IndexedDataMapNodeOfIndexedDataMapOfShapeAddress.hxx /misc/dn61/LocalWOK/wok_entities/LOC/dev/CR0-OCCT691-7-CR0-OCCT691-occt-64/inc/TopTools_IndexedDataMapNodeOfIndexedDataMapOfShapeAddress.hxx
+M TopTools:derivated:TopTools_IndexedDataMapNodeOfIndexedDataMapOfShapeAddress_0.cxx /misc/dn61/LocalWOK/wok_entities/LOC/dev/CR0-OCCT691-7-CR0-OCCT691-occt-64/drv/TopTools/TopTools_IndexedDataMapNodeOfIndexedDataMapOfShapeAddress_0.cxx
+M TopTools:pubinclude:Handle_TopTools_DataMapNodeOfDataMapOfOrientedShapeShape.hxx /misc/dn61/LocalWOK/wok_entities/LOC/dev/CR0-OCCT691-7-CR0-OCCT691-occt-64/inc/Handle_TopTools_DataMapNodeOfDataMapOfOrientedShapeShape.hxx
+M TopTools:pubinclude:TopTools_DataMapNodeOfDataMapOfOrientedShapeShape.hxx /misc/dn61/LocalWOK/wok_entities/LOC/dev/CR0-OCCT691-7-CR0-OCCT691-occt-64/inc/TopTools_DataMapNodeOfDataMapOfOrientedShapeShape.hxx
+M TopTools:derivated:TopTools_DataMapNodeOfDataMapOfOrientedShapeShape_0.cxx /misc/dn61/LocalWOK/wok_entities/LOC/dev/CR0-OCCT691-7-CR0-OCCT691-occt-64/drv/TopTools/TopTools_DataMapNodeOfDataMapOfOrientedShapeShape_0.cxx
+M TopTools:pubinclude:TopTools_DataMapIteratorOfDataMapOfOrientedShapeShape.hxx /misc/dn61/LocalWOK/wok_entities/LOC/dev/CR0-OCCT691-7-CR0-OCCT691-occt-64/inc/TopTools_DataMapIteratorOfDataMapOfOrientedShapeShape.hxx
+M TopTools:derivated:TopTools_DataMapIteratorOfDataMapOfOrientedShapeShape_0.cxx /misc/dn61/LocalWOK/wok_entities/LOC/dev/CR0-OCCT691-7-CR0-OCCT691-occt-64/drv/TopTools/TopTools_DataMapIteratorOfDataMapOfOrientedShapeShape_0.cxx
+M TopTools:pubinclude:TopTools_LocationSetPtr.hxx /misc/dn61/LocalWOK/wok_entities/LOC/dev/CR0-OCCT691-7-CR0-OCCT691-occt-64/inc/TopTools_LocationSetPtr.hxx
+M TopTools:dbadmfile:TopTools_xcpp_header.In /misc/dn61/LocalWOK/wok_entities/LOC/dev/CR0-OCCT691-7-CR0-OCCT691-occt-64/drv/TopTools/.adm/TopTools_xcpp_header.In
+M TopTools:dbadmfile:TopTools_xcpp_header.Out /misc/dn61/LocalWOK/wok_entities/LOC/dev/CR0-OCCT691-7-CR0-OCCT691-occt-64/drv/TopTools/.adm/TopTools_xcpp_header.Out
+M TopTools:dbadmfile:TopTools_xcpp_header.Dep /misc/dn61/LocalWOK/wok_entities/LOC/dev/CR0-OCCT691-7-CR0-OCCT691-occt-64/drv/TopTools/.adm/TopTools_xcpp_header.Dep
