+M StepToTopoDS:pubinclude:StepToTopoDS.hxx /misc/dn61/LocalWOK/wok_entities/LOC/dev/CR0-OCCT691-7-CR0-OCCT691-occt-64/inc/StepToTopoDS.hxx
+M StepToTopoDS:privinclude:StepToTopoDS.jxx /misc/dn61/LocalWOK/wok_entities/LOC/dev/CR0-OCCT691-7-CR0-OCCT691-occt-64/drv/StepToTopoDS/StepToTopoDS.jxx
+M StepToTopoDS:privinclude:StepToTopoDS.ixx /misc/dn61/LocalWOK/wok_entities/LOC/dev/CR0-OCCT691-7-CR0-OCCT691-occt-64/drv/StepToTopoDS/StepToTopoDS.ixx
+M StepToTopoDS:pubinclude:StepToTopoDS_Root.hxx /misc/dn61/LocalWOK/wok_entities/LOC/dev/CR0-OCCT691-7-CR0-OCCT691-occt-64/inc/StepToTopoDS_Root.hxx
+M StepToTopoDS:privinclude:StepToTopoDS_Root.jxx /misc/dn61/LocalWOK/wok_entities/LOC/dev/CR0-OCCT691-7-CR0-OCCT691-occt-64/drv/StepToTopoDS/StepToTopoDS_Root.jxx
+M StepToTopoDS:privinclude:StepToTopoDS_Root.ixx /misc/dn61/LocalWOK/wok_entities/LOC/dev/CR0-OCCT691-7-CR0-OCCT691-occt-64/drv/StepToTopoDS/StepToTopoDS_Root.ixx
+M StepToTopoDS:pubinclude:StepToTopoDS_TranslateShell.hxx /misc/dn61/LocalWOK/wok_entities/LOC/dev/CR0-OCCT691-7-CR0-OCCT691-occt-64/inc/StepToTopoDS_TranslateShell.hxx
+M StepToTopoDS:privinclude:StepToTopoDS_TranslateShell.jxx /misc/dn61/LocalWOK/wok_entities/LOC/dev/CR0-OCCT691-7-CR0-OCCT691-occt-64/drv/StepToTopoDS/StepToTopoDS_TranslateShell.jxx
+M StepToTopoDS:privinclude:StepToTopoDS_TranslateShell.ixx /misc/dn61/LocalWOK/wok_entities/LOC/dev/CR0-OCCT691-7-CR0-OCCT691-occt-64/drv/StepToTopoDS/StepToTopoDS_TranslateShell.ixx
+M StepToTopoDS:pubinclude:StepToTopoDS_TranslateFace.hxx /misc/dn61/LocalWOK/wok_entities/LOC/dev/CR0-OCCT691-7-CR0-OCCT691-occt-64/inc/StepToTopoDS_TranslateFace.hxx
+M StepToTopoDS:privinclude:StepToTopoDS_TranslateFace.jxx /misc/dn61/LocalWOK/wok_entities/LOC/dev/CR0-OCCT691-7-CR0-OCCT691-occt-64/drv/StepToTopoDS/StepToTopoDS_TranslateFace.jxx
+M StepToTopoDS:privinclude:StepToTopoDS_TranslateFace.ixx /misc/dn61/LocalWOK/wok_entities/LOC/dev/CR0-OCCT691-7-CR0-OCCT691-occt-64/drv/StepToTopoDS/StepToTopoDS_TranslateFace.ixx
+M StepToTopoDS:pubinclude:StepToTopoDS_TranslateEdgeLoop.hxx /misc/dn61/LocalWOK/wok_entities/LOC/dev/CR0-OCCT691-7-CR0-OCCT691-occt-64/inc/StepToTopoDS_TranslateEdgeLoop.hxx
+M StepToTopoDS:privinclude:StepToTopoDS_TranslateEdgeLoop.jxx /misc/dn61/LocalWOK/wok_entities/LOC/dev/CR0-OCCT691-7-CR0-OCCT691-occt-64/drv/StepToTopoDS/StepToTopoDS_TranslateEdgeLoop.jxx
+M StepToTopoDS:privinclude:StepToTopoDS_TranslateEdgeLoop.ixx /misc/dn61/LocalWOK/wok_entities/LOC/dev/CR0-OCCT691-7-CR0-OCCT691-occt-64/drv/StepToTopoDS/StepToTopoDS_TranslateEdgeLoop.ixx
+M StepToTopoDS:pubinclude:StepToTopoDS_TranslateEdge.hxx /misc/dn61/LocalWOK/wok_entities/LOC/dev/CR0-OCCT691-7-CR0-OCCT691-occt-64/inc/StepToTopoDS_TranslateEdge.hxx
+M StepToTopoDS:privinclude:StepToTopoDS_TranslateEdge.jxx /misc/dn61/LocalWOK/wok_entities/LOC/dev/CR0-OCCT691-7-CR0-OCCT691-occt-64/drv/StepToTopoDS/StepToTopoDS_TranslateEdge.jxx
+M StepToTopoDS:privinclude:StepToTopoDS_TranslateEdge.ixx /misc/dn61/LocalWOK/wok_entities/LOC/dev/CR0-OCCT691-7-CR0-OCCT691-occt-64/drv/StepToTopoDS/StepToTopoDS_TranslateEdge.ixx
+M StepToTopoDS:pubinclude:StepToTopoDS_TranslateVertex.hxx /misc/dn61/LocalWOK/wok_entities/LOC/dev/CR0-OCCT691-7-CR0-OCCT691-occt-64/inc/StepToTopoDS_TranslateVertex.hxx
+M StepToTopoDS:privinclude:StepToTopoDS_TranslateVertex.jxx /misc/dn61/LocalWOK/wok_entities/LOC/dev/CR0-OCCT691-7-CR0-OCCT691-occt-64/drv/StepToTopoDS/StepToTopoDS_TranslateVertex.jxx
+M StepToTopoDS:privinclude:StepToTopoDS_TranslateVertex.ixx /misc/dn61/LocalWOK/wok_entities/LOC/dev/CR0-OCCT691-7-CR0-OCCT691-occt-64/drv/StepToTopoDS/StepToTopoDS_TranslateVertex.ixx
+M StepToTopoDS:pubinclude:StepToTopoDS_TranslatePolyLoop.hxx /misc/dn61/LocalWOK/wok_entities/LOC/dev/CR0-OCCT691-7-CR0-OCCT691-occt-64/inc/StepToTopoDS_TranslatePolyLoop.hxx
+M StepToTopoDS:privinclude:StepToTopoDS_TranslatePolyLoop.jxx /misc/dn61/LocalWOK/wok_entities/LOC/dev/CR0-OCCT691-7-CR0-OCCT691-occt-64/drv/StepToTopoDS/StepToTopoDS_TranslatePolyLoop.jxx
+M StepToTopoDS:privinclude:StepToTopoDS_TranslatePolyLoop.ixx /misc/dn61/LocalWOK/wok_entities/LOC/dev/CR0-OCCT691-7-CR0-OCCT691-occt-64/drv/StepToTopoDS/StepToTopoDS_TranslatePolyLoop.ixx
+M StepToTopoDS:pubinclude:StepToTopoDS_TranslateVertexLoop.hxx /misc/dn61/LocalWOK/wok_entities/LOC/dev/CR0-OCCT691-7-CR0-OCCT691-occt-64/inc/StepToTopoDS_TranslateVertexLoop.hxx
+M StepToTopoDS:privinclude:StepToTopoDS_TranslateVertexLoop.jxx /misc/dn61/LocalWOK/wok_entities/LOC/dev/CR0-OCCT691-7-CR0-OCCT691-occt-64/drv/StepToTopoDS/StepToTopoDS_TranslateVertexLoop.jxx
+M StepToTopoDS:privinclude:StepToTopoDS_TranslateVertexLoop.ixx /misc/dn61/LocalWOK/wok_entities/LOC/dev/CR0-OCCT691-7-CR0-OCCT691-occt-64/drv/StepToTopoDS/StepToTopoDS_TranslateVertexLoop.ixx
+M StepToTopoDS:pubinclude:StepToTopoDS_TranslateCompositeCurve.hxx /misc/dn61/LocalWOK/wok_entities/LOC/dev/CR0-OCCT691-7-CR0-OCCT691-occt-64/inc/StepToTopoDS_TranslateCompositeCurve.hxx
+M StepToTopoDS:privinclude:StepToTopoDS_TranslateCompositeCurve.jxx /misc/dn61/LocalWOK/wok_entities/LOC/dev/CR0-OCCT691-7-CR0-OCCT691-occt-64/drv/StepToTopoDS/StepToTopoDS_TranslateCompositeCurve.jxx
+M StepToTopoDS:privinclude:StepToTopoDS_TranslateCompositeCurve.ixx /misc/dn61/LocalWOK/wok_entities/LOC/dev/CR0-OCCT691-7-CR0-OCCT691-occt-64/drv/StepToTopoDS/StepToTopoDS_TranslateCompositeCurve.ixx
+M StepToTopoDS:pubinclude:StepToTopoDS_TranslateCurveBoundedSurface.hxx /misc/dn61/LocalWOK/wok_entities/LOC/dev/CR0-OCCT691-7-CR0-OCCT691-occt-64/inc/StepToTopoDS_TranslateCurveBoundedSurface.hxx
+M StepToTopoDS:privinclude:StepToTopoDS_TranslateCurveBoundedSurface.jxx /misc/dn61/LocalWOK/wok_entities/LOC/dev/CR0-OCCT691-7-CR0-OCCT691-occt-64/drv/StepToTopoDS/StepToTopoDS_TranslateCurveBoundedSurface.jxx
+M StepToTopoDS:privinclude:StepToTopoDS_TranslateCurveBoundedSurface.ixx /misc/dn61/LocalWOK/wok_entities/LOC/dev/CR0-OCCT691-7-CR0-OCCT691-occt-64/drv/StepToTopoDS/StepToTopoDS_TranslateCurveBoundedSurface.ixx
+M StepToTopoDS:pubinclude:StepToTopoDS_Builder.hxx /misc/dn61/LocalWOK/wok_entities/LOC/dev/CR0-OCCT691-7-CR0-OCCT691-occt-64/inc/StepToTopoDS_Builder.hxx
+M StepToTopoDS:privinclude:StepToTopoDS_Builder.jxx /misc/dn61/LocalWOK/wok_entities/LOC/dev/CR0-OCCT691-7-CR0-OCCT691-occt-64/drv/StepToTopoDS/StepToTopoDS_Builder.jxx
+M StepToTopoDS:privinclude:StepToTopoDS_Builder.ixx /misc/dn61/LocalWOK/wok_entities/LOC/dev/CR0-OCCT691-7-CR0-OCCT691-occt-64/drv/StepToTopoDS/StepToTopoDS_Builder.ixx
+M StepToTopoDS:pubinclude:StepToTopoDS_MakeTransformed.hxx /misc/dn61/LocalWOK/wok_entities/LOC/dev/CR0-OCCT691-7-CR0-OCCT691-occt-64/inc/StepToTopoDS_MakeTransformed.hxx
+M StepToTopoDS:privinclude:StepToTopoDS_MakeTransformed.jxx /misc/dn61/LocalWOK/wok_entities/LOC/dev/CR0-OCCT691-7-CR0-OCCT691-occt-64/drv/StepToTopoDS/StepToTopoDS_MakeTransformed.jxx
+M StepToTopoDS:privinclude:StepToTopoDS_MakeTransformed.ixx /misc/dn61/LocalWOK/wok_entities/LOC/dev/CR0-OCCT691-7-CR0-OCCT691-occt-64/drv/StepToTopoDS/StepToTopoDS_MakeTransformed.ixx
+M StepToTopoDS:pubinclude:StepToTopoDS_GeometricTool.hxx /misc/dn61/LocalWOK/wok_entities/LOC/dev/CR0-OCCT691-7-CR0-OCCT691-occt-64/inc/StepToTopoDS_GeometricTool.hxx
+M StepToTopoDS:privinclude:StepToTopoDS_GeometricTool.jxx /misc/dn61/LocalWOK/wok_entities/LOC/dev/CR0-OCCT691-7-CR0-OCCT691-occt-64/drv/StepToTopoDS/StepToTopoDS_GeometricTool.jxx
+M StepToTopoDS:privinclude:StepToTopoDS_GeometricTool.ixx /misc/dn61/LocalWOK/wok_entities/LOC/dev/CR0-OCCT691-7-CR0-OCCT691-occt-64/drv/StepToTopoDS/StepToTopoDS_GeometricTool.ixx
+M StepToTopoDS:pubinclude:StepToTopoDS_Tool.hxx /misc/dn61/LocalWOK/wok_entities/LOC/dev/CR0-OCCT691-7-CR0-OCCT691-occt-64/inc/StepToTopoDS_Tool.hxx
+M StepToTopoDS:privinclude:StepToTopoDS_Tool.jxx /misc/dn61/LocalWOK/wok_entities/LOC/dev/CR0-OCCT691-7-CR0-OCCT691-occt-64/drv/StepToTopoDS/StepToTopoDS_Tool.jxx
+M StepToTopoDS:privinclude:StepToTopoDS_Tool.ixx /misc/dn61/LocalWOK/wok_entities/LOC/dev/CR0-OCCT691-7-CR0-OCCT691-occt-64/drv/StepToTopoDS/StepToTopoDS_Tool.ixx
+M StepToTopoDS:pubinclude:StepToTopoDS_CartesianPointHasher.hxx /misc/dn61/LocalWOK/wok_entities/LOC/dev/CR0-OCCT691-7-CR0-OCCT691-occt-64/inc/StepToTopoDS_CartesianPointHasher.hxx
+M StepToTopoDS:privinclude:StepToTopoDS_CartesianPointHasher.jxx /misc/dn61/LocalWOK/wok_entities/LOC/dev/CR0-OCCT691-7-CR0-OCCT691-occt-64/drv/StepToTopoDS/StepToTopoDS_CartesianPointHasher.jxx
+M StepToTopoDS:privinclude:StepToTopoDS_CartesianPointHasher.ixx /misc/dn61/LocalWOK/wok_entities/LOC/dev/CR0-OCCT691-7-CR0-OCCT691-occt-64/drv/StepToTopoDS/StepToTopoDS_CartesianPointHasher.ixx
+M StepToTopoDS:pubinclude:StepToTopoDS_PointPair.hxx /misc/dn61/LocalWOK/wok_entities/LOC/dev/CR0-OCCT691-7-CR0-OCCT691-occt-64/inc/StepToTopoDS_PointPair.hxx
+M StepToTopoDS:privinclude:StepToTopoDS_PointPair.jxx /misc/dn61/LocalWOK/wok_entities/LOC/dev/CR0-OCCT691-7-CR0-OCCT691-occt-64/drv/StepToTopoDS/StepToTopoDS_PointPair.jxx
+M StepToTopoDS:privinclude:StepToTopoDS_PointPair.ixx /misc/dn61/LocalWOK/wok_entities/LOC/dev/CR0-OCCT691-7-CR0-OCCT691-occt-64/drv/StepToTopoDS/StepToTopoDS_PointPair.ixx
+M StepToTopoDS:pubinclude:StepToTopoDS_PointPairHasher.hxx /misc/dn61/LocalWOK/wok_entities/LOC/dev/CR0-OCCT691-7-CR0-OCCT691-occt-64/inc/StepToTopoDS_PointPairHasher.hxx
+M StepToTopoDS:privinclude:StepToTopoDS_PointPairHasher.jxx /misc/dn61/LocalWOK/wok_entities/LOC/dev/CR0-OCCT691-7-CR0-OCCT691-occt-64/drv/StepToTopoDS/StepToTopoDS_PointPairHasher.jxx
+M StepToTopoDS:privinclude:StepToTopoDS_PointPairHasher.ixx /misc/dn61/LocalWOK/wok_entities/LOC/dev/CR0-OCCT691-7-CR0-OCCT691-occt-64/drv/StepToTopoDS/StepToTopoDS_PointPairHasher.ixx
+M StepToTopoDS:pubinclude:StepToTopoDS_NMTool.hxx /misc/dn61/LocalWOK/wok_entities/LOC/dev/CR0-OCCT691-7-CR0-OCCT691-occt-64/inc/StepToTopoDS_NMTool.hxx
+M StepToTopoDS:privinclude:StepToTopoDS_NMTool.jxx /misc/dn61/LocalWOK/wok_entities/LOC/dev/CR0-OCCT691-7-CR0-OCCT691-occt-64/drv/StepToTopoDS/StepToTopoDS_NMTool.jxx
+M StepToTopoDS:privinclude:StepToTopoDS_NMTool.ixx /misc/dn61/LocalWOK/wok_entities/LOC/dev/CR0-OCCT691-7-CR0-OCCT691-occt-64/drv/StepToTopoDS/StepToTopoDS_NMTool.ixx
+M StepToTopoDS:pubinclude:StepToTopoDS_DataMapOfRI.hxx /misc/dn61/LocalWOK/wok_entities/LOC/dev/CR0-OCCT691-7-CR0-OCCT691-occt-64/inc/StepToTopoDS_DataMapOfRI.hxx
+M StepToTopoDS:derivated:StepToTopoDS_DataMapOfRI_0.cxx /misc/dn61/LocalWOK/wok_entities/LOC/dev/CR0-OCCT691-7-CR0-OCCT691-occt-64/drv/StepToTopoDS/StepToTopoDS_DataMapOfRI_0.cxx
+M StepToTopoDS:pubinclude:StepToTopoDS_DataMapOfRINames.hxx /misc/dn61/LocalWOK/wok_entities/LOC/dev/CR0-OCCT691-7-CR0-OCCT691-occt-64/inc/StepToTopoDS_DataMapOfRINames.hxx
+M StepToTopoDS:derivated:StepToTopoDS_DataMapOfRINames_0.cxx /misc/dn61/LocalWOK/wok_entities/LOC/dev/CR0-OCCT691-7-CR0-OCCT691-occt-64/drv/StepToTopoDS/StepToTopoDS_DataMapOfRINames_0.cxx
+M StepToTopoDS:pubinclude:StepToTopoDS_DataMapOfTRI.hxx /misc/dn61/LocalWOK/wok_entities/LOC/dev/CR0-OCCT691-7-CR0-OCCT691-occt-64/inc/StepToTopoDS_DataMapOfTRI.hxx
+M StepToTopoDS:derivated:StepToTopoDS_DataMapOfTRI_0.cxx /misc/dn61/LocalWOK/wok_entities/LOC/dev/CR0-OCCT691-7-CR0-OCCT691-occt-64/drv/StepToTopoDS/StepToTopoDS_DataMapOfTRI_0.cxx
+M StepToTopoDS:pubinclude:StepToTopoDS_PointEdgeMap.hxx /misc/dn61/LocalWOK/wok_entities/LOC/dev/CR0-OCCT691-7-CR0-OCCT691-occt-64/inc/StepToTopoDS_PointEdgeMap.hxx
+M StepToTopoDS:derivated:StepToTopoDS_PointEdgeMap_0.cxx /misc/dn61/LocalWOK/wok_entities/LOC/dev/CR0-OCCT691-7-CR0-OCCT691-occt-64/drv/StepToTopoDS/StepToTopoDS_PointEdgeMap_0.cxx
+M StepToTopoDS:pubinclude:StepToTopoDS_PointVertexMap.hxx /misc/dn61/LocalWOK/wok_entities/LOC/dev/CR0-OCCT691-7-CR0-OCCT691-occt-64/inc/StepToTopoDS_PointVertexMap.hxx
+M StepToTopoDS:derivated:StepToTopoDS_PointVertexMap_0.cxx /misc/dn61/LocalWOK/wok_entities/LOC/dev/CR0-OCCT691-7-CR0-OCCT691-occt-64/drv/StepToTopoDS/StepToTopoDS_PointVertexMap_0.cxx
+M StepToTopoDS:pubinclude:Handle_StepToTopoDS_DataMapNodeOfDataMapOfRI.hxx /misc/dn61/LocalWOK/wok_entities/LOC/dev/CR0-OCCT691-7-CR0-OCCT691-occt-64/inc/Handle_StepToTopoDS_DataMapNodeOfDataMapOfRI.hxx
+M StepToTopoDS:pubinclude:StepToTopoDS_DataMapNodeOfDataMapOfRI.hxx /misc/dn61/LocalWOK/wok_entities/LOC/dev/CR0-OCCT691-7-CR0-OCCT691-occt-64/inc/StepToTopoDS_DataMapNodeOfDataMapOfRI.hxx
+M StepToTopoDS:derivated:StepToTopoDS_DataMapNodeOfDataMapOfRI_0.cxx /misc/dn61/LocalWOK/wok_entities/LOC/dev/CR0-OCCT691-7-CR0-OCCT691-occt-64/drv/StepToTopoDS/StepToTopoDS_DataMapNodeOfDataMapOfRI_0.cxx
+M StepToTopoDS:pubinclude:StepToTopoDS_DataMapIteratorOfDataMapOfRI.hxx /misc/dn61/LocalWOK/wok_entities/LOC/dev/CR0-OCCT691-7-CR0-OCCT691-occt-64/inc/StepToTopoDS_DataMapIteratorOfDataMapOfRI.hxx
+M StepToTopoDS:derivated:StepToTopoDS_DataMapIteratorOfDataMapOfRI_0.cxx /misc/dn61/LocalWOK/wok_entities/LOC/dev/CR0-OCCT691-7-CR0-OCCT691-occt-64/drv/StepToTopoDS/StepToTopoDS_DataMapIteratorOfDataMapOfRI_0.cxx
+M StepToTopoDS:pubinclude:Handle_StepToTopoDS_DataMapNodeOfDataMapOfRINames.hxx /misc/dn61/LocalWOK/wok_entities/LOC/dev/CR0-OCCT691-7-CR0-OCCT691-occt-64/inc/Handle_StepToTopoDS_DataMapNodeOfDataMapOfRINames.hxx
+M StepToTopoDS:pubinclude:StepToTopoDS_DataMapNodeOfDataMapOfRINames.hxx /misc/dn61/LocalWOK/wok_entities/LOC/dev/CR0-OCCT691-7-CR0-OCCT691-occt-64/inc/StepToTopoDS_DataMapNodeOfDataMapOfRINames.hxx
+M StepToTopoDS:derivated:StepToTopoDS_DataMapNodeOfDataMapOfRINames_0.cxx /misc/dn61/LocalWOK/wok_entities/LOC/dev/CR0-OCCT691-7-CR0-OCCT691-occt-64/drv/StepToTopoDS/StepToTopoDS_DataMapNodeOfDataMapOfRINames_0.cxx
+M StepToTopoDS:pubinclude:StepToTopoDS_DataMapIteratorOfDataMapOfRINames.hxx /misc/dn61/LocalWOK/wok_entities/LOC/dev/CR0-OCCT691-7-CR0-OCCT691-occt-64/inc/StepToTopoDS_DataMapIteratorOfDataMapOfRINames.hxx
+M StepToTopoDS:derivated:StepToTopoDS_DataMapIteratorOfDataMapOfRINames_0.cxx /misc/dn61/LocalWOK/wok_entities/LOC/dev/CR0-OCCT691-7-CR0-OCCT691-occt-64/drv/StepToTopoDS/StepToTopoDS_DataMapIteratorOfDataMapOfRINames_0.cxx
+M StepToTopoDS:pubinclude:Handle_StepToTopoDS_DataMapNodeOfDataMapOfTRI.hxx /misc/dn61/LocalWOK/wok_entities/LOC/dev/CR0-OCCT691-7-CR0-OCCT691-occt-64/inc/Handle_StepToTopoDS_DataMapNodeOfDataMapOfTRI.hxx
+M StepToTopoDS:pubinclude:StepToTopoDS_DataMapNodeOfDataMapOfTRI.hxx /misc/dn61/LocalWOK/wok_entities/LOC/dev/CR0-OCCT691-7-CR0-OCCT691-occt-64/inc/StepToTopoDS_DataMapNodeOfDataMapOfTRI.hxx
+M StepToTopoDS:derivated:StepToTopoDS_DataMapNodeOfDataMapOfTRI_0.cxx /misc/dn61/LocalWOK/wok_entities/LOC/dev/CR0-OCCT691-7-CR0-OCCT691-occt-64/drv/StepToTopoDS/StepToTopoDS_DataMapNodeOfDataMapOfTRI_0.cxx
+M StepToTopoDS:pubinclude:StepToTopoDS_DataMapIteratorOfDataMapOfTRI.hxx /misc/dn61/LocalWOK/wok_entities/LOC/dev/CR0-OCCT691-7-CR0-OCCT691-occt-64/inc/StepToTopoDS_DataMapIteratorOfDataMapOfTRI.hxx
+M StepToTopoDS:derivated:StepToTopoDS_DataMapIteratorOfDataMapOfTRI_0.cxx /misc/dn61/LocalWOK/wok_entities/LOC/dev/CR0-OCCT691-7-CR0-OCCT691-occt-64/drv/StepToTopoDS/StepToTopoDS_DataMapIteratorOfDataMapOfTRI_0.cxx
+M StepToTopoDS:pubinclude:Handle_StepToTopoDS_DataMapNodeOfPointEdgeMap.hxx /misc/dn61/LocalWOK/wok_entities/LOC/dev/CR0-OCCT691-7-CR0-OCCT691-occt-64/inc/Handle_StepToTopoDS_DataMapNodeOfPointEdgeMap.hxx
+M StepToTopoDS:pubinclude:StepToTopoDS_DataMapNodeOfPointEdgeMap.hxx /misc/dn61/LocalWOK/wok_entities/LOC/dev/CR0-OCCT691-7-CR0-OCCT691-occt-64/inc/StepToTopoDS_DataMapNodeOfPointEdgeMap.hxx
+M StepToTopoDS:derivated:StepToTopoDS_DataMapNodeOfPointEdgeMap_0.cxx /misc/dn61/LocalWOK/wok_entities/LOC/dev/CR0-OCCT691-7-CR0-OCCT691-occt-64/drv/StepToTopoDS/StepToTopoDS_DataMapNodeOfPointEdgeMap_0.cxx
+M StepToTopoDS:pubinclude:StepToTopoDS_DataMapIteratorOfPointEdgeMap.hxx /misc/dn61/LocalWOK/wok_entities/LOC/dev/CR0-OCCT691-7-CR0-OCCT691-occt-64/inc/StepToTopoDS_DataMapIteratorOfPointEdgeMap.hxx
+M StepToTopoDS:derivated:StepToTopoDS_DataMapIteratorOfPointEdgeMap_0.cxx /misc/dn61/LocalWOK/wok_entities/LOC/dev/CR0-OCCT691-7-CR0-OCCT691-occt-64/drv/StepToTopoDS/StepToTopoDS_DataMapIteratorOfPointEdgeMap_0.cxx
+M StepToTopoDS:pubinclude:Handle_StepToTopoDS_DataMapNodeOfPointVertexMap.hxx /misc/dn61/LocalWOK/wok_entities/LOC/dev/CR0-OCCT691-7-CR0-OCCT691-occt-64/inc/Handle_StepToTopoDS_DataMapNodeOfPointVertexMap.hxx
+M StepToTopoDS:pubinclude:StepToTopoDS_DataMapNodeOfPointVertexMap.hxx /misc/dn61/LocalWOK/wok_entities/LOC/dev/CR0-OCCT691-7-CR0-OCCT691-occt-64/inc/StepToTopoDS_DataMapNodeOfPointVertexMap.hxx
+M StepToTopoDS:derivated:StepToTopoDS_DataMapNodeOfPointVertexMap_0.cxx /misc/dn61/LocalWOK/wok_entities/LOC/dev/CR0-OCCT691-7-CR0-OCCT691-occt-64/drv/StepToTopoDS/StepToTopoDS_DataMapNodeOfPointVertexMap_0.cxx
+M StepToTopoDS:pubinclude:StepToTopoDS_DataMapIteratorOfPointVertexMap.hxx /misc/dn61/LocalWOK/wok_entities/LOC/dev/CR0-OCCT691-7-CR0-OCCT691-occt-64/inc/StepToTopoDS_DataMapIteratorOfPointVertexMap.hxx
+M StepToTopoDS:derivated:StepToTopoDS_DataMapIteratorOfPointVertexMap_0.cxx /misc/dn61/LocalWOK/wok_entities/LOC/dev/CR0-OCCT691-7-CR0-OCCT691-occt-64/drv/StepToTopoDS/StepToTopoDS_DataMapIteratorOfPointVertexMap_0.cxx
+M StepToTopoDS:pubinclude:StepToTopoDS_BuilderError.hxx /misc/dn61/LocalWOK/wok_entities/LOC/dev/CR0-OCCT691-7-CR0-OCCT691-occt-64/inc/StepToTopoDS_BuilderError.hxx
+M StepToTopoDS:pubinclude:StepToTopoDS_TranslateShellError.hxx /misc/dn61/LocalWOK/wok_entities/LOC/dev/CR0-OCCT691-7-CR0-OCCT691-occt-64/inc/StepToTopoDS_TranslateShellError.hxx
+M StepToTopoDS:pubinclude:StepToTopoDS_TranslateFaceError.hxx /misc/dn61/LocalWOK/wok_entities/LOC/dev/CR0-OCCT691-7-CR0-OCCT691-occt-64/inc/StepToTopoDS_TranslateFaceError.hxx
+M StepToTopoDS:pubinclude:StepToTopoDS_TranslateEdgeLoopError.hxx /misc/dn61/LocalWOK/wok_entities/LOC/dev/CR0-OCCT691-7-CR0-OCCT691-occt-64/inc/StepToTopoDS_TranslateEdgeLoopError.hxx
+M StepToTopoDS:pubinclude:StepToTopoDS_TranslateEdgeError.hxx /misc/dn61/LocalWOK/wok_entities/LOC/dev/CR0-OCCT691-7-CR0-OCCT691-occt-64/inc/StepToTopoDS_TranslateEdgeError.hxx
+M StepToTopoDS:pubinclude:StepToTopoDS_TranslateVertexError.hxx /misc/dn61/LocalWOK/wok_entities/LOC/dev/CR0-OCCT691-7-CR0-OCCT691-occt-64/inc/StepToTopoDS_TranslateVertexError.hxx
+M StepToTopoDS:pubinclude:StepToTopoDS_TranslateVertexLoopError.hxx /misc/dn61/LocalWOK/wok_entities/LOC/dev/CR0-OCCT691-7-CR0-OCCT691-occt-64/inc/StepToTopoDS_TranslateVertexLoopError.hxx
+M StepToTopoDS:pubinclude:StepToTopoDS_TranslatePolyLoopError.hxx /misc/dn61/LocalWOK/wok_entities/LOC/dev/CR0-OCCT691-7-CR0-OCCT691-occt-64/inc/StepToTopoDS_TranslatePolyLoopError.hxx
+M StepToTopoDS:pubinclude:StepToTopoDS_GeometricToolError.hxx /misc/dn61/LocalWOK/wok_entities/LOC/dev/CR0-OCCT691-7-CR0-OCCT691-occt-64/inc/StepToTopoDS_GeometricToolError.hxx
+M StepToTopoDS:dbadmfile:StepToTopoDS_xcpp_header.In /misc/dn61/LocalWOK/wok_entities/LOC/dev/CR0-OCCT691-7-CR0-OCCT691-occt-64/drv/StepToTopoDS/.adm/StepToTopoDS_xcpp_header.In
+M StepToTopoDS:dbadmfile:StepToTopoDS_xcpp_header.Out /misc/dn61/LocalWOK/wok_entities/LOC/dev/CR0-OCCT691-7-CR0-OCCT691-occt-64/drv/StepToTopoDS/.adm/StepToTopoDS_xcpp_header.Out
+M StepToTopoDS:dbadmfile:StepToTopoDS_xcpp_header.Dep /misc/dn61/LocalWOK/wok_entities/LOC/dev/CR0-OCCT691-7-CR0-OCCT691-occt-64/drv/StepToTopoDS/.adm/StepToTopoDS_xcpp_header.Dep
