+M RWHeaderSection:pubinclude:RWHeaderSection.hxx /misc/dn61/LocalWOK/wok_entities/LOC/dev/CR0-OCCT691-7-CR0-OCCT691-occt-64/inc/RWHeaderSection.hxx
+M RWHeaderSection:privinclude:RWHeaderSection.jxx /misc/dn61/LocalWOK/wok_entities/LOC/dev/CR0-OCCT691-7-CR0-OCCT691-occt-64/drv/RWHeaderSection/RWHeaderSection.jxx
+M RWHeaderSection:privinclude:RWHeaderSection.ixx /misc/dn61/LocalWOK/wok_entities/LOC/dev/CR0-OCCT691-7-CR0-OCCT691-occt-64/drv/RWHeaderSection/RWHeaderSection.ixx
+M RWHeaderSection:pubinclude:Handle_RWHeaderSection_ReadWriteModule.hxx /misc/dn61/LocalWOK/wok_entities/LOC/dev/CR0-OCCT691-7-CR0-OCCT691-occt-64/inc/Handle_RWHeaderSection_ReadWriteModule.hxx
+M RWHeaderSection:pubinclude:RWHeaderSection_ReadWriteModule.hxx /misc/dn61/LocalWOK/wok_entities/LOC/dev/CR0-OCCT691-7-CR0-OCCT691-occt-64/inc/RWHeaderSection_ReadWriteModule.hxx
+M RWHeaderSection:privinclude:RWHeaderSection_ReadWriteModule.jxx /misc/dn61/LocalWOK/wok_entities/LOC/dev/CR0-OCCT691-7-CR0-OCCT691-occt-64/drv/RWHeaderSection/RWHeaderSection_ReadWriteModule.jxx
+M RWHeaderSection:privinclude:RWHeaderSection_ReadWriteModule.ixx /misc/dn61/LocalWOK/wok_entities/LOC/dev/CR0-OCCT691-7-CR0-OCCT691-occt-64/drv/RWHeaderSection/RWHeaderSection_ReadWriteModule.ixx
+M RWHeaderSection:pubinclude:Handle_RWHeaderSection_GeneralModule.hxx /misc/dn61/LocalWOK/wok_entities/LOC/dev/CR0-OCCT691-7-CR0-OCCT691-occt-64/inc/Handle_RWHeaderSection_GeneralModule.hxx
+M RWHeaderSection:pubinclude:RWHeaderSection_GeneralModule.hxx /misc/dn61/LocalWOK/wok_entities/LOC/dev/CR0-OCCT691-7-CR0-OCCT691-occt-64/inc/RWHeaderSection_GeneralModule.hxx
+M RWHeaderSection:privinclude:RWHeaderSection_GeneralModule.jxx /misc/dn61/LocalWOK/wok_entities/LOC/dev/CR0-OCCT691-7-CR0-OCCT691-occt-64/drv/RWHeaderSection/RWHeaderSection_GeneralModule.jxx
+M RWHeaderSection:privinclude:RWHeaderSection_GeneralModule.ixx /misc/dn61/LocalWOK/wok_entities/LOC/dev/CR0-OCCT691-7-CR0-OCCT691-occt-64/drv/RWHeaderSection/RWHeaderSection_GeneralModule.ixx
+M RWHeaderSection:pubinclude:RWHeaderSection_RWFileName.hxx /misc/dn61/LocalWOK/wok_entities/LOC/dev/CR0-OCCT691-7-CR0-OCCT691-occt-64/inc/RWHeaderSection_RWFileName.hxx
+M RWHeaderSection:privinclude:RWHeaderSection_RWFileName.jxx /misc/dn61/LocalWOK/wok_entities/LOC/dev/CR0-OCCT691-7-CR0-OCCT691-occt-64/drv/RWHeaderSection/RWHeaderSection_RWFileName.jxx
+M RWHeaderSection:privinclude:RWHeaderSection_RWFileName.ixx /misc/dn61/LocalWOK/wok_entities/LOC/dev/CR0-OCCT691-7-CR0-OCCT691-occt-64/drv/RWHeaderSection/RWHeaderSection_RWFileName.ixx
+M RWHeaderSection:pubinclude:RWHeaderSection_RWFileDescription.hxx /misc/dn61/LocalWOK/wok_entities/LOC/dev/CR0-OCCT691-7-CR0-OCCT691-occt-64/inc/RWHeaderSection_RWFileDescription.hxx
+M RWHeaderSection:privinclude:RWHeaderSection_RWFileDescription.jxx /misc/dn61/LocalWOK/wok_entities/LOC/dev/CR0-OCCT691-7-CR0-OCCT691-occt-64/drv/RWHeaderSection/RWHeaderSection_RWFileDescription.jxx
+M RWHeaderSection:privinclude:RWHeaderSection_RWFileDescription.ixx /misc/dn61/LocalWOK/wok_entities/LOC/dev/CR0-OCCT691-7-CR0-OCCT691-occt-64/drv/RWHeaderSection/RWHeaderSection_RWFileDescription.ixx
+M RWHeaderSection:pubinclude:RWHeaderSection_RWFileSchema.hxx /misc/dn61/LocalWOK/wok_entities/LOC/dev/CR0-OCCT691-7-CR0-OCCT691-occt-64/inc/RWHeaderSection_RWFileSchema.hxx
+M RWHeaderSection:privinclude:RWHeaderSection_RWFileSchema.jxx /misc/dn61/LocalWOK/wok_entities/LOC/dev/CR0-OCCT691-7-CR0-OCCT691-occt-64/drv/RWHeaderSection/RWHeaderSection_RWFileSchema.jxx
+M RWHeaderSection:privinclude:RWHeaderSection_RWFileSchema.ixx /misc/dn61/LocalWOK/wok_entities/LOC/dev/CR0-OCCT691-7-CR0-OCCT691-occt-64/drv/RWHeaderSection/RWHeaderSection_RWFileSchema.ixx
+M RWHeaderSection:dbadmfile:RWHeaderSection_xcpp_header.In /misc/dn61/LocalWOK/wok_entities/LOC/dev/CR0-OCCT691-7-CR0-OCCT691-occt-64/drv/RWHeaderSection/.adm/RWHeaderSection_xcpp_header.In
+M RWHeaderSection:dbadmfile:RWHeaderSection_xcpp_header.Out /misc/dn61/LocalWOK/wok_entities/LOC/dev/CR0-OCCT691-7-CR0-OCCT691-occt-64/drv/RWHeaderSection/.adm/RWHeaderSection_xcpp_header.Out
+M RWHeaderSection:dbadmfile:RWHeaderSection_xcpp_header.Dep /misc/dn61/LocalWOK/wok_entities/LOC/dev/CR0-OCCT691-7-CR0-OCCT691-occt-64/drv/RWHeaderSection/.adm/RWHeaderSection_xcpp_header.Dep
