+M BOPCol:pubinclude:BOPCol_DataMapOfShapeInteger.hxx /misc/dn61/LocalWOK/wok_entities/LOC/dev/CR0-OCCT691-7-CR0-OCCT691-occt-64/inc/BOPCol_DataMapOfShapeInteger.hxx
+M BOPCol:pubinclude:BOPCol_DataMapOfShapeReal.hxx /misc/dn61/LocalWOK/wok_entities/LOC/dev/CR0-OCCT691-7-CR0-OCCT691-occt-64/inc/BOPCol_DataMapOfShapeReal.hxx
+M BOPCol:pubinclude:BOPCol_MapOfInteger.hxx /misc/dn61/LocalWOK/wok_entities/LOC/dev/CR0-OCCT691-7-CR0-OCCT691-occt-64/inc/BOPCol_MapOfInteger.hxx
+M BOPCol:pubinclude:BOPCol_ListOfInteger.hxx /misc/dn61/LocalWOK/wok_entities/LOC/dev/CR0-OCCT691-7-CR0-OCCT691-occt-64/inc/BOPCol_ListOfInteger.hxx
+M BOPCol:pubinclude:BOPCol_PInteger.hxx /misc/dn61/LocalWOK/wok_entities/LOC/dev/CR0-OCCT691-7-CR0-OCCT691-occt-64/inc/BOPCol_PInteger.hxx
+M BOPCol:pubinclude:BOPCol_DataMapOfIntegerListOfInteger.hxx /misc/dn61/LocalWOK/wok_entities/LOC/dev/CR0-OCCT691-7-CR0-OCCT691-occt-64/inc/BOPCol_DataMapOfIntegerListOfInteger.hxx
+M BOPCol:pubinclude:BOPCol_IndexedDataMapOfShapeBox.hxx /misc/dn61/LocalWOK/wok_entities/LOC/dev/CR0-OCCT691-7-CR0-OCCT691-occt-64/inc/BOPCol_IndexedDataMapOfShapeBox.hxx
+M BOPCol:pubinclude:BOPCol_DataMapOfIntegerInteger.hxx /misc/dn61/LocalWOK/wok_entities/LOC/dev/CR0-OCCT691-7-CR0-OCCT691-occt-64/inc/BOPCol_DataMapOfIntegerInteger.hxx
+M BOPCol:pubinclude:BOPCol_DataMapOfIntegerReal.hxx /misc/dn61/LocalWOK/wok_entities/LOC/dev/CR0-OCCT691-7-CR0-OCCT691-occt-64/inc/BOPCol_DataMapOfIntegerReal.hxx
+M BOPCol:pubinclude:BOPCol_DataMapOfIntegerMapOfInteger.hxx /misc/dn61/LocalWOK/wok_entities/LOC/dev/CR0-OCCT691-7-CR0-OCCT691-occt-64/inc/BOPCol_DataMapOfIntegerMapOfInteger.hxx
+M BOPCol:pubinclude:BOPCol_IndexedMapOfInteger.hxx /misc/dn61/LocalWOK/wok_entities/LOC/dev/CR0-OCCT691-7-CR0-OCCT691-occt-64/inc/BOPCol_IndexedMapOfInteger.hxx
+M BOPCol:pubinclude:BOPCol_ListOfShape.hxx /misc/dn61/LocalWOK/wok_entities/LOC/dev/CR0-OCCT691-7-CR0-OCCT691-occt-64/inc/BOPCol_ListOfShape.hxx
+M BOPCol:pubinclude:BOPCol_DataMapOfShapeAddress.hxx /misc/dn61/LocalWOK/wok_entities/LOC/dev/CR0-OCCT691-7-CR0-OCCT691-occt-64/inc/BOPCol_DataMapOfShapeAddress.hxx
+M BOPCol:pubinclude:BOPCol_DataMapOfTransientAddress.hxx /misc/dn61/LocalWOK/wok_entities/LOC/dev/CR0-OCCT691-7-CR0-OCCT691-occt-64/inc/BOPCol_DataMapOfTransientAddress.hxx
+M BOPCol:pubinclude:BOPCol_PListOfInteger.hxx /misc/dn61/LocalWOK/wok_entities/LOC/dev/CR0-OCCT691-7-CR0-OCCT691-occt-64/inc/BOPCol_PListOfInteger.hxx
+M BOPCol:pubinclude:BOPCol_MapOfShape.hxx /misc/dn61/LocalWOK/wok_entities/LOC/dev/CR0-OCCT691-7-CR0-OCCT691-occt-64/inc/BOPCol_MapOfShape.hxx
+M BOPCol:pubinclude:BOPCol_DataMapOfShapeShape.hxx /misc/dn61/LocalWOK/wok_entities/LOC/dev/CR0-OCCT691-7-CR0-OCCT691-occt-64/inc/BOPCol_DataMapOfShapeShape.hxx
+M BOPCol:pubinclude:BOPCol_DataMapOfShapeListOfShape.hxx /misc/dn61/LocalWOK/wok_entities/LOC/dev/CR0-OCCT691-7-CR0-OCCT691-occt-64/inc/BOPCol_DataMapOfShapeListOfShape.hxx
+M BOPCol:pubinclude:BOPCol_MapOfOrientedShape.hxx /misc/dn61/LocalWOK/wok_entities/LOC/dev/CR0-OCCT691-7-CR0-OCCT691-occt-64/inc/BOPCol_MapOfOrientedShape.hxx
+M BOPCol:pubinclude:BOPCol_IndexedDataMapOfShapeListOfShape.hxx /misc/dn61/LocalWOK/wok_entities/LOC/dev/CR0-OCCT691-7-CR0-OCCT691-occt-64/inc/BOPCol_IndexedDataMapOfShapeListOfShape.hxx
+M BOPCol:pubinclude:BOPCol_IndexedMapOfShape.hxx /misc/dn61/LocalWOK/wok_entities/LOC/dev/CR0-OCCT691-7-CR0-OCCT691-occt-64/inc/BOPCol_IndexedMapOfShape.hxx
+M BOPCol:pubinclude:BOPCol_IndexedDataMapOfShapeShape.hxx /misc/dn61/LocalWOK/wok_entities/LOC/dev/CR0-OCCT691-7-CR0-OCCT691-occt-64/inc/BOPCol_IndexedDataMapOfShapeShape.hxx
+M BOPCol:pubinclude:BOPCol_IndexedMapOfOrientedShape.hxx /misc/dn61/LocalWOK/wok_entities/LOC/dev/CR0-OCCT691-7-CR0-OCCT691-occt-64/inc/BOPCol_IndexedMapOfOrientedShape.hxx
+M BOPCol:pubinclude:BOPCol_ListOfListOfShape.hxx /misc/dn61/LocalWOK/wok_entities/LOC/dev/CR0-OCCT691-7-CR0-OCCT691-occt-64/inc/BOPCol_ListOfListOfShape.hxx
+M BOPCol:pubinclude:BOPCol_SequenceOfShape.hxx /misc/dn61/LocalWOK/wok_entities/LOC/dev/CR0-OCCT691-7-CR0-OCCT691-occt-64/inc/BOPCol_SequenceOfShape.hxx
+M BOPCol:pubinclude:BOPCol_SequenceOfPnt2d.hxx /misc/dn61/LocalWOK/wok_entities/LOC/dev/CR0-OCCT691-7-CR0-OCCT691-occt-64/inc/BOPCol_SequenceOfPnt2d.hxx
+M BOPCol:pubinclude:BOPCol_BaseAllocator.hxx /misc/dn61/LocalWOK/wok_entities/LOC/dev/CR0-OCCT691-7-CR0-OCCT691-occt-64/inc/BOPCol_BaseAllocator.hxx
+M BOPCol:pubinclude:BOPCol_DataMapOfIntegerListOfShape.hxx /misc/dn61/LocalWOK/wok_entities/LOC/dev/CR0-OCCT691-7-CR0-OCCT691-occt-64/inc/BOPCol_DataMapOfIntegerListOfShape.hxx
+M BOPCol:pubinclude:BOPCol_SequenceOfReal.hxx /misc/dn61/LocalWOK/wok_entities/LOC/dev/CR0-OCCT691-7-CR0-OCCT691-occt-64/inc/BOPCol_SequenceOfReal.hxx
+M BOPCol:pubinclude:BOPCol_DataMapOfIntegerShape.hxx /misc/dn61/LocalWOK/wok_entities/LOC/dev/CR0-OCCT691-7-CR0-OCCT691-occt-64/inc/BOPCol_DataMapOfIntegerShape.hxx
+M BOPCol:pubinclude:BOPCol_IndexedDataMapOfIntegerListOfInteger.hxx /misc/dn61/LocalWOK/wok_entities/LOC/dev/CR0-OCCT691-7-CR0-OCCT691-occt-64/inc/BOPCol_IndexedDataMapOfIntegerListOfInteger.hxx
+M BOPCol:pubinclude:BOPCol_IndexedDataMapOfShapeInteger.hxx /misc/dn61/LocalWOK/wok_entities/LOC/dev/CR0-OCCT691-7-CR0-OCCT691-occt-64/inc/BOPCol_IndexedDataMapOfShapeInteger.hxx
+M BOPCol:pubinclude:BOPCol_Parallel.hxx /misc/dn61/LocalWOK/wok_entities/LOC/dev/CR0-OCCT691-7-CR0-OCCT691-occt-64/inc/BOPCol_Parallel.hxx
+M BOPCol:pubinclude:BOPCol_NCVector.hxx /misc/dn61/LocalWOK/wok_entities/LOC/dev/CR0-OCCT691-7-CR0-OCCT691-occt-64/inc/BOPCol_NCVector.hxx
+M BOPCol:pubinclude:BOPCol_BoxBndTree.hxx /misc/dn61/LocalWOK/wok_entities/LOC/dev/CR0-OCCT691-7-CR0-OCCT691-occt-64/inc/BOPCol_BoxBndTree.hxx
+M BOPCol:pubinclude:BOPCol_Box2DBndTree.hxx /misc/dn61/LocalWOK/wok_entities/LOC/dev/CR0-OCCT691-7-CR0-OCCT691-occt-64/inc/BOPCol_Box2DBndTree.hxx
+M BOPCol:dbadmfile:BOPCol_obj_inc.In /misc/dn61/LocalWOK/wok_entities/LOC/dev/CR0-OCCT691-7-CR0-OCCT691-occt-64/drv/BOPCol/.adm/BOPCol_obj_inc.In
+M BOPCol:dbadmfile:BOPCol_obj_inc.Out /misc/dn61/LocalWOK/wok_entities/LOC/dev/CR0-OCCT691-7-CR0-OCCT691-occt-64/drv/BOPCol/.adm/BOPCol_obj_inc.Out
+M BOPCol:dbadmfile:BOPCol_obj_inc.Dep /misc/dn61/LocalWOK/wok_entities/LOC/dev/CR0-OCCT691-7-CR0-OCCT691-occt-64/drv/BOPCol/.adm/BOPCol_obj_inc.Dep
