+M Hatch:pubinclude:Hatch_Parameter.hxx /misc/dn61/LocalWOK/wok_entities/LOC/dev/CR0-OCCT691-7-CR0-OCCT691-occt-64/inc/Hatch_Parameter.hxx
+M Hatch:privinclude:Hatch_Parameter.jxx /misc/dn61/LocalWOK/wok_entities/LOC/dev/CR0-OCCT691-7-CR0-OCCT691-occt-64/drv/Hatch/Hatch_Parameter.jxx
+M Hatch:privinclude:Hatch_Parameter.ixx /misc/dn61/LocalWOK/wok_entities/LOC/dev/CR0-OCCT691-7-CR0-OCCT691-occt-64/drv/Hatch/Hatch_Parameter.ixx
+M Hatch:pubinclude:Hatch_SequenceOfParameter.hxx /misc/dn61/LocalWOK/wok_entities/LOC/dev/CR0-OCCT691-7-CR0-OCCT691-occt-64/inc/Hatch_SequenceOfParameter.hxx
+M Hatch:derivated:Hatch_SequenceOfParameter_0.cxx /misc/dn61/LocalWOK/wok_entities/LOC/dev/CR0-OCCT691-7-CR0-OCCT691-occt-64/drv/Hatch/Hatch_SequenceOfParameter_0.cxx
+M Hatch:pubinclude:Hatch_Line.hxx /misc/dn61/LocalWOK/wok_entities/LOC/dev/CR0-OCCT691-7-CR0-OCCT691-occt-64/inc/Hatch_Line.hxx
+M Hatch:privinclude:Hatch_Line.jxx /misc/dn61/LocalWOK/wok_entities/LOC/dev/CR0-OCCT691-7-CR0-OCCT691-occt-64/drv/Hatch/Hatch_Line.jxx
+M Hatch:privinclude:Hatch_Line.ixx /misc/dn61/LocalWOK/wok_entities/LOC/dev/CR0-OCCT691-7-CR0-OCCT691-occt-64/drv/Hatch/Hatch_Line.ixx
+M Hatch:pubinclude:Hatch_SequenceOfLine.hxx /misc/dn61/LocalWOK/wok_entities/LOC/dev/CR0-OCCT691-7-CR0-OCCT691-occt-64/inc/Hatch_SequenceOfLine.hxx
+M Hatch:derivated:Hatch_SequenceOfLine_0.cxx /misc/dn61/LocalWOK/wok_entities/LOC/dev/CR0-OCCT691-7-CR0-OCCT691-occt-64/drv/Hatch/Hatch_SequenceOfLine_0.cxx
+M Hatch:pubinclude:Hatch_Hatcher.hxx /misc/dn61/LocalWOK/wok_entities/LOC/dev/CR0-OCCT691-7-CR0-OCCT691-occt-64/inc/Hatch_Hatcher.hxx
+M Hatch:privinclude:Hatch_Hatcher.jxx /misc/dn61/LocalWOK/wok_entities/LOC/dev/CR0-OCCT691-7-CR0-OCCT691-occt-64/drv/Hatch/Hatch_Hatcher.jxx
+M Hatch:privinclude:Hatch_Hatcher.ixx /misc/dn61/LocalWOK/wok_entities/LOC/dev/CR0-OCCT691-7-CR0-OCCT691-occt-64/drv/Hatch/Hatch_Hatcher.ixx
+M Hatch:pubinclude:Handle_Hatch_SequenceNodeOfSequenceOfParameter.hxx /misc/dn61/LocalWOK/wok_entities/LOC/dev/CR0-OCCT691-7-CR0-OCCT691-occt-64/inc/Handle_Hatch_SequenceNodeOfSequenceOfParameter.hxx
+M Hatch:pubinclude:Hatch_SequenceNodeOfSequenceOfParameter.hxx /misc/dn61/LocalWOK/wok_entities/LOC/dev/CR0-OCCT691-7-CR0-OCCT691-occt-64/inc/Hatch_SequenceNodeOfSequenceOfParameter.hxx
+M Hatch:derivated:Hatch_SequenceNodeOfSequenceOfParameter_0.cxx /misc/dn61/LocalWOK/wok_entities/LOC/dev/CR0-OCCT691-7-CR0-OCCT691-occt-64/drv/Hatch/Hatch_SequenceNodeOfSequenceOfParameter_0.cxx
+M Hatch:pubinclude:Handle_Hatch_SequenceNodeOfSequenceOfLine.hxx /misc/dn61/LocalWOK/wok_entities/LOC/dev/CR0-OCCT691-7-CR0-OCCT691-occt-64/inc/Handle_Hatch_SequenceNodeOfSequenceOfLine.hxx
+M Hatch:pubinclude:Hatch_SequenceNodeOfSequenceOfLine.hxx /misc/dn61/LocalWOK/wok_entities/LOC/dev/CR0-OCCT691-7-CR0-OCCT691-occt-64/inc/Hatch_SequenceNodeOfSequenceOfLine.hxx
+M Hatch:derivated:Hatch_SequenceNodeOfSequenceOfLine_0.cxx /misc/dn61/LocalWOK/wok_entities/LOC/dev/CR0-OCCT691-7-CR0-OCCT691-occt-64/drv/Hatch/Hatch_SequenceNodeOfSequenceOfLine_0.cxx
+M Hatch:pubinclude:Hatch_LineForm.hxx /misc/dn61/LocalWOK/wok_entities/LOC/dev/CR0-OCCT691-7-CR0-OCCT691-occt-64/inc/Hatch_LineForm.hxx
+M Hatch:dbadmfile:Hatch_xcpp_header.In /misc/dn61/LocalWOK/wok_entities/LOC/dev/CR0-OCCT691-7-CR0-OCCT691-occt-64/drv/Hatch/.adm/Hatch_xcpp_header.In
+M Hatch:dbadmfile:Hatch_xcpp_header.Out /misc/dn61/LocalWOK/wok_entities/LOC/dev/CR0-OCCT691-7-CR0-OCCT691-occt-64/drv/Hatch/.adm/Hatch_xcpp_header.Out
+M Hatch:dbadmfile:Hatch_xcpp_header.Dep /misc/dn61/LocalWOK/wok_entities/LOC/dev/CR0-OCCT691-7-CR0-OCCT691-occt-64/drv/Hatch/.adm/Hatch_xcpp_header.Dep
