+M Geom2dInt:pubinclude:Geom2dInt_Geom2dCurveTool.hxx /misc/dn61/LocalWOK/wok_entities/LOC/dev/CR0-OCCT691-7-CR0-OCCT691-occt-64/inc/Geom2dInt_Geom2dCurveTool.hxx
+M Geom2dInt:privinclude:Geom2dInt_Geom2dCurveTool.jxx /misc/dn61/LocalWOK/wok_entities/LOC/dev/CR0-OCCT691-7-CR0-OCCT691-occt-64/drv/Geom2dInt/Geom2dInt_Geom2dCurveTool.jxx
+M Geom2dInt:privinclude:Geom2dInt_Geom2dCurveTool.ixx /misc/dn61/LocalWOK/wok_entities/LOC/dev/CR0-OCCT691-7-CR0-OCCT691-occt-64/drv/Geom2dInt/Geom2dInt_Geom2dCurveTool.ixx
+M Geom2dInt:pubinclude:Geom2dInt_GInter.hxx /misc/dn61/LocalWOK/wok_entities/LOC/dev/CR0-OCCT691-7-CR0-OCCT691-occt-64/inc/Geom2dInt_GInter.hxx
+M Geom2dInt:derivated:Geom2dInt_GInter_0.cxx /misc/dn61/LocalWOK/wok_entities/LOC/dev/CR0-OCCT691-7-CR0-OCCT691-occt-64/drv/Geom2dInt/Geom2dInt_GInter_0.cxx
+M Geom2dInt:pubinclude:Geom2dInt_TheCurveLocatorOfTheProjPCurOfGInter.hxx /misc/dn61/LocalWOK/wok_entities/LOC/dev/CR0-OCCT691-7-CR0-OCCT691-occt-64/inc/Geom2dInt_TheCurveLocatorOfTheProjPCurOfGInter.hxx
+M Geom2dInt:derivated:Geom2dInt_TheCurveLocatorOfTheProjPCurOfGInter_0.cxx /misc/dn61/LocalWOK/wok_entities/LOC/dev/CR0-OCCT691-7-CR0-OCCT691-occt-64/drv/Geom2dInt/Geom2dInt_TheCurveLocatorOfTheProjPCurOfGInter_0.cxx
+M Geom2dInt:pubinclude:Handle_Geom2dInt_SequenceNodeOfSeqPCOfPCLocFOfTheLocateExtPCOfTheProjPCurOfGInter.hxx /misc/dn61/LocalWOK/wok_entities/LOC/dev/CR0-OCCT691-7-CR0-OCCT691-occt-64/inc/Handle_Geom2dInt_SequenceNodeOfSeqPCOfPCLocFOfTheLocateExtPCOfTheProjPCurOfGInter.hxx
+M Geom2dInt:pubinclude:Geom2dInt_SequenceNodeOfSeqPCOfPCLocFOfTheLocateExtPCOfTheProjPCurOfGInter.hxx /misc/dn61/LocalWOK/wok_entities/LOC/dev/CR0-OCCT691-7-CR0-OCCT691-occt-64/inc/Geom2dInt_SequenceNodeOfSeqPCOfPCLocFOfTheLocateExtPCOfTheProjPCurOfGInter.hxx
+M Geom2dInt:derivated:Geom2dInt_SequenceNodeOfSeqPCOfPCLocFOfTheLocateExtPCOfTheProjPCurOfGInter_0.cxx /misc/dn61/LocalWOK/wok_entities/LOC/dev/CR0-OCCT691-7-CR0-OCCT691-occt-64/drv/Geom2dInt/Geom2dInt_SequenceNodeOfSeqPCOfPCLocFOfTheLocateExtPCOfTheProjPCurOfGInter_0.cxx
+M Geom2dInt:pubinclude:Geom2dInt_SeqPCOfPCLocFOfTheLocateExtPCOfTheProjPCurOfGInter.hxx /misc/dn61/LocalWOK/wok_entities/LOC/dev/CR0-OCCT691-7-CR0-OCCT691-occt-64/inc/Geom2dInt_SeqPCOfPCLocFOfTheLocateExtPCOfTheProjPCurOfGInter.hxx
+M Geom2dInt:derivated:Geom2dInt_SeqPCOfPCLocFOfTheLocateExtPCOfTheProjPCurOfGInter_0.cxx /misc/dn61/LocalWOK/wok_entities/LOC/dev/CR0-OCCT691-7-CR0-OCCT691-occt-64/drv/Geom2dInt/Geom2dInt_SeqPCOfPCLocFOfTheLocateExtPCOfTheProjPCurOfGInter_0.cxx
+M Geom2dInt:pubinclude:Geom2dInt_PCLocFOfTheLocateExtPCOfTheProjPCurOfGInter.hxx /misc/dn61/LocalWOK/wok_entities/LOC/dev/CR0-OCCT691-7-CR0-OCCT691-occt-64/inc/Geom2dInt_PCLocFOfTheLocateExtPCOfTheProjPCurOfGInter.hxx
+M Geom2dInt:derivated:Geom2dInt_PCLocFOfTheLocateExtPCOfTheProjPCurOfGInter_0.cxx /misc/dn61/LocalWOK/wok_entities/LOC/dev/CR0-OCCT691-7-CR0-OCCT691-occt-64/drv/Geom2dInt/Geom2dInt_PCLocFOfTheLocateExtPCOfTheProjPCurOfGInter_0.cxx
+M Geom2dInt:pubinclude:Geom2dInt_TheLocateExtPCOfTheProjPCurOfGInter.hxx /misc/dn61/LocalWOK/wok_entities/LOC/dev/CR0-OCCT691-7-CR0-OCCT691-occt-64/inc/Geom2dInt_TheLocateExtPCOfTheProjPCurOfGInter.hxx
+M Geom2dInt:derivated:Geom2dInt_TheLocateExtPCOfTheProjPCurOfGInter_0.cxx /misc/dn61/LocalWOK/wok_entities/LOC/dev/CR0-OCCT691-7-CR0-OCCT691-occt-64/drv/Geom2dInt/Geom2dInt_TheLocateExtPCOfTheProjPCurOfGInter_0.cxx
+M Geom2dInt:pubinclude:Geom2dInt_TheProjPCurOfGInter.hxx /misc/dn61/LocalWOK/wok_entities/LOC/dev/CR0-OCCT691-7-CR0-OCCT691-occt-64/inc/Geom2dInt_TheProjPCurOfGInter.hxx
+M Geom2dInt:derivated:Geom2dInt_TheProjPCurOfGInter_0.cxx /misc/dn61/LocalWOK/wok_entities/LOC/dev/CR0-OCCT691-7-CR0-OCCT691-occt-64/drv/Geom2dInt/Geom2dInt_TheProjPCurOfGInter_0.cxx
+M Geom2dInt:pubinclude:Geom2dInt_MyImpParToolOfTheIntersectorOfTheIntConicCurveOfGInter.hxx /misc/dn61/LocalWOK/wok_entities/LOC/dev/CR0-OCCT691-7-CR0-OCCT691-occt-64/inc/Geom2dInt_MyImpParToolOfTheIntersectorOfTheIntConicCurveOfGInter.hxx
+M Geom2dInt:derivated:Geom2dInt_MyImpParToolOfTheIntersectorOfTheIntConicCurveOfGInter_0.cxx /misc/dn61/LocalWOK/wok_entities/LOC/dev/CR0-OCCT691-7-CR0-OCCT691-occt-64/drv/Geom2dInt/Geom2dInt_MyImpParToolOfTheIntersectorOfTheIntConicCurveOfGInter_0.cxx
+M Geom2dInt:pubinclude:Geom2dInt_TheIntersectorOfTheIntConicCurveOfGInter.hxx /misc/dn61/LocalWOK/wok_entities/LOC/dev/CR0-OCCT691-7-CR0-OCCT691-occt-64/inc/Geom2dInt_TheIntersectorOfTheIntConicCurveOfGInter.hxx
+M Geom2dInt:derivated:Geom2dInt_TheIntersectorOfTheIntConicCurveOfGInter_0.cxx /misc/dn61/LocalWOK/wok_entities/LOC/dev/CR0-OCCT691-7-CR0-OCCT691-occt-64/drv/Geom2dInt/Geom2dInt_TheIntersectorOfTheIntConicCurveOfGInter_0.cxx
+M Geom2dInt:pubinclude:Geom2dInt_TheIntConicCurveOfGInter.hxx /misc/dn61/LocalWOK/wok_entities/LOC/dev/CR0-OCCT691-7-CR0-OCCT691-occt-64/inc/Geom2dInt_TheIntConicCurveOfGInter.hxx
+M Geom2dInt:derivated:Geom2dInt_TheIntConicCurveOfGInter_0.cxx /misc/dn61/LocalWOK/wok_entities/LOC/dev/CR0-OCCT691-7-CR0-OCCT691-occt-64/drv/Geom2dInt/Geom2dInt_TheIntConicCurveOfGInter_0.cxx
+M Geom2dInt:pubinclude:Geom2dInt_IntConicCurveOfGInter.hxx /misc/dn61/LocalWOK/wok_entities/LOC/dev/CR0-OCCT691-7-CR0-OCCT691-occt-64/inc/Geom2dInt_IntConicCurveOfGInter.hxx
+M Geom2dInt:derivated:Geom2dInt_IntConicCurveOfGInter_0.cxx /misc/dn61/LocalWOK/wok_entities/LOC/dev/CR0-OCCT691-7-CR0-OCCT691-occt-64/drv/Geom2dInt/Geom2dInt_IntConicCurveOfGInter_0.cxx
+M Geom2dInt:pubinclude:Geom2dInt_ThePolygon2dOfTheIntPCurvePCurveOfGInter.hxx /misc/dn61/LocalWOK/wok_entities/LOC/dev/CR0-OCCT691-7-CR0-OCCT691-occt-64/inc/Geom2dInt_ThePolygon2dOfTheIntPCurvePCurveOfGInter.hxx
+M Geom2dInt:derivated:Geom2dInt_ThePolygon2dOfTheIntPCurvePCurveOfGInter_0.cxx /misc/dn61/LocalWOK/wok_entities/LOC/dev/CR0-OCCT691-7-CR0-OCCT691-occt-64/drv/Geom2dInt/Geom2dInt_ThePolygon2dOfTheIntPCurvePCurveOfGInter_0.cxx
+M Geom2dInt:pubinclude:Geom2dInt_TheDistBetweenPCurvesOfTheIntPCurvePCurveOfGInter.hxx /misc/dn61/LocalWOK/wok_entities/LOC/dev/CR0-OCCT691-7-CR0-OCCT691-occt-64/inc/Geom2dInt_TheDistBetweenPCurvesOfTheIntPCurvePCurveOfGInter.hxx
+M Geom2dInt:derivated:Geom2dInt_TheDistBetweenPCurvesOfTheIntPCurvePCurveOfGInter_0.cxx /misc/dn61/LocalWOK/wok_entities/LOC/dev/CR0-OCCT691-7-CR0-OCCT691-occt-64/drv/Geom2dInt/Geom2dInt_TheDistBetweenPCurvesOfTheIntPCurvePCurveOfGInter_0.cxx
+M Geom2dInt:pubinclude:Geom2dInt_ExactIntersectionPointOfTheIntPCurvePCurveOfGInter.hxx /misc/dn61/LocalWOK/wok_entities/LOC/dev/CR0-OCCT691-7-CR0-OCCT691-occt-64/inc/Geom2dInt_ExactIntersectionPointOfTheIntPCurvePCurveOfGInter.hxx
+M Geom2dInt:derivated:Geom2dInt_ExactIntersectionPointOfTheIntPCurvePCurveOfGInter_0.cxx /misc/dn61/LocalWOK/wok_entities/LOC/dev/CR0-OCCT691-7-CR0-OCCT691-occt-64/drv/Geom2dInt/Geom2dInt_ExactIntersectionPointOfTheIntPCurvePCurveOfGInter_0.cxx
+M Geom2dInt:pubinclude:Geom2dInt_TheIntPCurvePCurveOfGInter.hxx /misc/dn61/LocalWOK/wok_entities/LOC/dev/CR0-OCCT691-7-CR0-OCCT691-occt-64/inc/Geom2dInt_TheIntPCurvePCurveOfGInter.hxx
+M Geom2dInt:derivated:Geom2dInt_TheIntPCurvePCurveOfGInter_0.cxx /misc/dn61/LocalWOK/wok_entities/LOC/dev/CR0-OCCT691-7-CR0-OCCT691-occt-64/drv/Geom2dInt/Geom2dInt_TheIntPCurvePCurveOfGInter_0.cxx
+M Geom2dInt:dbadmfile:Geom2dInt_xcpp_header.In /misc/dn61/LocalWOK/wok_entities/LOC/dev/CR0-OCCT691-7-CR0-OCCT691-occt-64/drv/Geom2dInt/.adm/Geom2dInt_xcpp_header.In
+M Geom2dInt:dbadmfile:Geom2dInt_xcpp_header.Out /misc/dn61/LocalWOK/wok_entities/LOC/dev/CR0-OCCT691-7-CR0-OCCT691-occt-64/drv/Geom2dInt/.adm/Geom2dInt_xcpp_header.Out
+M Geom2dInt:dbadmfile:Geom2dInt_xcpp_header.Dep /misc/dn61/LocalWOK/wok_entities/LOC/dev/CR0-OCCT691-7-CR0-OCCT691-occt-64/drv/Geom2dInt/.adm/Geom2dInt_xcpp_header.Dep
