+M CDF:pubinclude:CDF.hxx /misc/dn61/LocalWOK/wok_entities/LOC/dev/CR0-OCCT691-7-CR0-OCCT691-occt-64/inc/CDF.hxx
+M CDF:privinclude:CDF.jxx /misc/dn61/LocalWOK/wok_entities/LOC/dev/CR0-OCCT691-7-CR0-OCCT691-occt-64/drv/CDF/CDF.jxx
+M CDF:privinclude:CDF.ixx /misc/dn61/LocalWOK/wok_entities/LOC/dev/CR0-OCCT691-7-CR0-OCCT691-occt-64/drv/CDF/CDF.ixx
+M CDF:pubinclude:Handle_CDF_Directory.hxx /misc/dn61/LocalWOK/wok_entities/LOC/dev/CR0-OCCT691-7-CR0-OCCT691-occt-64/inc/Handle_CDF_Directory.hxx
+M CDF:pubinclude:CDF_Directory.hxx /misc/dn61/LocalWOK/wok_entities/LOC/dev/CR0-OCCT691-7-CR0-OCCT691-occt-64/inc/CDF_Directory.hxx
+M CDF:privinclude:CDF_Directory.jxx /misc/dn61/LocalWOK/wok_entities/LOC/dev/CR0-OCCT691-7-CR0-OCCT691-occt-64/drv/CDF/CDF_Directory.jxx
+M CDF:privinclude:CDF_Directory.ixx /misc/dn61/LocalWOK/wok_entities/LOC/dev/CR0-OCCT691-7-CR0-OCCT691-occt-64/drv/CDF/CDF_Directory.ixx
+M CDF:pubinclude:CDF_DirectoryIterator.hxx /misc/dn61/LocalWOK/wok_entities/LOC/dev/CR0-OCCT691-7-CR0-OCCT691-occt-64/inc/CDF_DirectoryIterator.hxx
+M CDF:privinclude:CDF_DirectoryIterator.jxx /misc/dn61/LocalWOK/wok_entities/LOC/dev/CR0-OCCT691-7-CR0-OCCT691-occt-64/drv/CDF/CDF_DirectoryIterator.jxx
+M CDF:privinclude:CDF_DirectoryIterator.ixx /misc/dn61/LocalWOK/wok_entities/LOC/dev/CR0-OCCT691-7-CR0-OCCT691-occt-64/drv/CDF/CDF_DirectoryIterator.ixx
+M CDF:pubinclude:Handle_CDF_Session.hxx /misc/dn61/LocalWOK/wok_entities/LOC/dev/CR0-OCCT691-7-CR0-OCCT691-occt-64/inc/Handle_CDF_Session.hxx
+M CDF:pubinclude:CDF_Session.hxx /misc/dn61/LocalWOK/wok_entities/LOC/dev/CR0-OCCT691-7-CR0-OCCT691-occt-64/inc/CDF_Session.hxx
+M CDF:privinclude:CDF_Session.jxx /misc/dn61/LocalWOK/wok_entities/LOC/dev/CR0-OCCT691-7-CR0-OCCT691-occt-64/drv/CDF/CDF_Session.jxx
+M CDF:privinclude:CDF_Session.ixx /misc/dn61/LocalWOK/wok_entities/LOC/dev/CR0-OCCT691-7-CR0-OCCT691-occt-64/drv/CDF/CDF_Session.ixx
+M CDF:pubinclude:Handle_CDF_Application.hxx /misc/dn61/LocalWOK/wok_entities/LOC/dev/CR0-OCCT691-7-CR0-OCCT691-occt-64/inc/Handle_CDF_Application.hxx
+M CDF:pubinclude:CDF_Application.hxx /misc/dn61/LocalWOK/wok_entities/LOC/dev/CR0-OCCT691-7-CR0-OCCT691-occt-64/inc/CDF_Application.hxx
+M CDF:privinclude:CDF_Application.jxx /misc/dn61/LocalWOK/wok_entities/LOC/dev/CR0-OCCT691-7-CR0-OCCT691-occt-64/drv/CDF/CDF_Application.jxx
+M CDF:privinclude:CDF_Application.ixx /misc/dn61/LocalWOK/wok_entities/LOC/dev/CR0-OCCT691-7-CR0-OCCT691-occt-64/drv/CDF/CDF_Application.ixx
+M CDF:pubinclude:Handle_CDF_StoreList.hxx /misc/dn61/LocalWOK/wok_entities/LOC/dev/CR0-OCCT691-7-CR0-OCCT691-occt-64/inc/Handle_CDF_StoreList.hxx
+M CDF:pubinclude:CDF_StoreList.hxx /misc/dn61/LocalWOK/wok_entities/LOC/dev/CR0-OCCT691-7-CR0-OCCT691-occt-64/inc/CDF_StoreList.hxx
+M CDF:privinclude:CDF_StoreList.jxx /misc/dn61/LocalWOK/wok_entities/LOC/dev/CR0-OCCT691-7-CR0-OCCT691-occt-64/drv/CDF/CDF_StoreList.jxx
+M CDF:privinclude:CDF_StoreList.ixx /misc/dn61/LocalWOK/wok_entities/LOC/dev/CR0-OCCT691-7-CR0-OCCT691-occt-64/drv/CDF/CDF_StoreList.ixx
+M CDF:pubinclude:CDF_Store.hxx /misc/dn61/LocalWOK/wok_entities/LOC/dev/CR0-OCCT691-7-CR0-OCCT691-occt-64/inc/CDF_Store.hxx
+M CDF:privinclude:CDF_Store.jxx /misc/dn61/LocalWOK/wok_entities/LOC/dev/CR0-OCCT691-7-CR0-OCCT691-occt-64/drv/CDF/CDF_Store.jxx
+M CDF:privinclude:CDF_Store.ixx /misc/dn61/LocalWOK/wok_entities/LOC/dev/CR0-OCCT691-7-CR0-OCCT691-occt-64/drv/CDF/CDF_Store.ixx
+M CDF:pubinclude:Handle_CDF_MetaDataDriver.hxx /misc/dn61/LocalWOK/wok_entities/LOC/dev/CR0-OCCT691-7-CR0-OCCT691-occt-64/inc/Handle_CDF_MetaDataDriver.hxx
+M CDF:pubinclude:CDF_MetaDataDriver.hxx /misc/dn61/LocalWOK/wok_entities/LOC/dev/CR0-OCCT691-7-CR0-OCCT691-occt-64/inc/CDF_MetaDataDriver.hxx
+M CDF:privinclude:CDF_MetaDataDriver.jxx /misc/dn61/LocalWOK/wok_entities/LOC/dev/CR0-OCCT691-7-CR0-OCCT691-occt-64/drv/CDF/CDF_MetaDataDriver.jxx
+M CDF:privinclude:CDF_MetaDataDriver.ixx /misc/dn61/LocalWOK/wok_entities/LOC/dev/CR0-OCCT691-7-CR0-OCCT691-occt-64/drv/CDF/CDF_MetaDataDriver.ixx
+M CDF:pubinclude:Handle_CDF_FWOSDriver.hxx /misc/dn61/LocalWOK/wok_entities/LOC/dev/CR0-OCCT691-7-CR0-OCCT691-occt-64/inc/Handle_CDF_FWOSDriver.hxx
+M CDF:pubinclude:CDF_FWOSDriver.hxx /misc/dn61/LocalWOK/wok_entities/LOC/dev/CR0-OCCT691-7-CR0-OCCT691-occt-64/inc/CDF_FWOSDriver.hxx
+M CDF:privinclude:CDF_FWOSDriver.jxx /misc/dn61/LocalWOK/wok_entities/LOC/dev/CR0-OCCT691-7-CR0-OCCT691-occt-64/drv/CDF/CDF_FWOSDriver.jxx
+M CDF:privinclude:CDF_FWOSDriver.ixx /misc/dn61/LocalWOK/wok_entities/LOC/dev/CR0-OCCT691-7-CR0-OCCT691-occt-64/drv/CDF/CDF_FWOSDriver.ixx
+M CDF:pubinclude:Handle_CDF_MetaDataDriverFactory.hxx /misc/dn61/LocalWOK/wok_entities/LOC/dev/CR0-OCCT691-7-CR0-OCCT691-occt-64/inc/Handle_CDF_MetaDataDriverFactory.hxx
+M CDF:pubinclude:CDF_MetaDataDriverFactory.hxx /misc/dn61/LocalWOK/wok_entities/LOC/dev/CR0-OCCT691-7-CR0-OCCT691-occt-64/inc/CDF_MetaDataDriverFactory.hxx
+M CDF:privinclude:CDF_MetaDataDriverFactory.jxx /misc/dn61/LocalWOK/wok_entities/LOC/dev/CR0-OCCT691-7-CR0-OCCT691-occt-64/drv/CDF/CDF_MetaDataDriverFactory.jxx
+M CDF:privinclude:CDF_MetaDataDriverFactory.ixx /misc/dn61/LocalWOK/wok_entities/LOC/dev/CR0-OCCT691-7-CR0-OCCT691-occt-64/drv/CDF/CDF_MetaDataDriverFactory.ixx
+M CDF:pubinclude:CDF_Timer.hxx /misc/dn61/LocalWOK/wok_entities/LOC/dev/CR0-OCCT691-7-CR0-OCCT691-occt-64/inc/CDF_Timer.hxx
+M CDF:privinclude:CDF_Timer.jxx /misc/dn61/LocalWOK/wok_entities/LOC/dev/CR0-OCCT691-7-CR0-OCCT691-occt-64/drv/CDF/CDF_Timer.jxx
+M CDF:privinclude:CDF_Timer.ixx /misc/dn61/LocalWOK/wok_entities/LOC/dev/CR0-OCCT691-7-CR0-OCCT691-occt-64/drv/CDF/CDF_Timer.ixx
+M CDF:pubinclude:Handle_CDF_MetaDataDriverError.hxx /misc/dn61/LocalWOK/wok_entities/LOC/dev/CR0-OCCT691-7-CR0-OCCT691-occt-64/inc/Handle_CDF_MetaDataDriverError.hxx
+M CDF:pubinclude:CDF_MetaDataDriverError.hxx /misc/dn61/LocalWOK/wok_entities/LOC/dev/CR0-OCCT691-7-CR0-OCCT691-occt-64/inc/CDF_MetaDataDriverError.hxx
+M CDF:derivated:CDF_MetaDataDriverError_0.cxx /misc/dn61/LocalWOK/wok_entities/LOC/dev/CR0-OCCT691-7-CR0-OCCT691-occt-64/drv/CDF/CDF_MetaDataDriverError_0.cxx
+M CDF:pubinclude:CDF_TypeOfActivation.hxx /misc/dn61/LocalWOK/wok_entities/LOC/dev/CR0-OCCT691-7-CR0-OCCT691-occt-64/inc/CDF_TypeOfActivation.hxx
+M CDF:pubinclude:CDF_TryStoreStatus.hxx /misc/dn61/LocalWOK/wok_entities/LOC/dev/CR0-OCCT691-7-CR0-OCCT691-occt-64/inc/CDF_TryStoreStatus.hxx
+M CDF:pubinclude:CDF_SubComponentStatus.hxx /misc/dn61/LocalWOK/wok_entities/LOC/dev/CR0-OCCT691-7-CR0-OCCT691-occt-64/inc/CDF_SubComponentStatus.hxx
+M CDF:pubinclude:CDF_StoreSetNameStatus.hxx /misc/dn61/LocalWOK/wok_entities/LOC/dev/CR0-OCCT691-7-CR0-OCCT691-occt-64/inc/CDF_StoreSetNameStatus.hxx
+M CDF:dbadmfile:CDF_xcpp_header.In /misc/dn61/LocalWOK/wok_entities/LOC/dev/CR0-OCCT691-7-CR0-OCCT691-occt-64/drv/CDF/.adm/CDF_xcpp_header.In
+M CDF:dbadmfile:CDF_xcpp_header.Out /misc/dn61/LocalWOK/wok_entities/LOC/dev/CR0-OCCT691-7-CR0-OCCT691-occt-64/drv/CDF/.adm/CDF_xcpp_header.Out
+M CDF:dbadmfile:CDF_xcpp_header.Dep /misc/dn61/LocalWOK/wok_entities/LOC/dev/CR0-OCCT691-7-CR0-OCCT691-occt-64/drv/CDF/.adm/CDF_xcpp_header.Dep
