+M PTopoDS:pubinclude:Handle_PTopoDS_HShape.hxx /misc/dn61/LocalWOK/wok_entities/LOC/dev/CR0-OCCT691-7-CR0-OCCT691-occt-64/inc/Handle_PTopoDS_HShape.hxx
+M PTopoDS:pubinclude:PTopoDS_HShape.hxx /misc/dn61/LocalWOK/wok_entities/LOC/dev/CR0-OCCT691-7-CR0-OCCT691-occt-64/inc/PTopoDS_HShape.hxx
+M PTopoDS:privinclude:PTopoDS_HShape.jxx /misc/dn61/LocalWOK/wok_entities/LOC/dev/CR0-OCCT691-7-CR0-OCCT691-occt-64/drv/PTopoDS/PTopoDS_HShape.jxx
+M PTopoDS:privinclude:PTopoDS_HShape.ixx /misc/dn61/LocalWOK/wok_entities/LOC/dev/CR0-OCCT691-7-CR0-OCCT691-occt-64/drv/PTopoDS/PTopoDS_HShape.ixx
+M PTopoDS:pubinclude:Handle_PTopoDS_TShape.hxx /misc/dn61/LocalWOK/wok_entities/LOC/dev/CR0-OCCT691-7-CR0-OCCT691-occt-64/inc/Handle_PTopoDS_TShape.hxx
+M PTopoDS:pubinclude:PTopoDS_TShape.hxx /misc/dn61/LocalWOK/wok_entities/LOC/dev/CR0-OCCT691-7-CR0-OCCT691-occt-64/inc/PTopoDS_TShape.hxx
+M PTopoDS:privinclude:PTopoDS_TShape.jxx /misc/dn61/LocalWOK/wok_entities/LOC/dev/CR0-OCCT691-7-CR0-OCCT691-occt-64/drv/PTopoDS/PTopoDS_TShape.jxx
+M PTopoDS:privinclude:PTopoDS_TShape.ixx /misc/dn61/LocalWOK/wok_entities/LOC/dev/CR0-OCCT691-7-CR0-OCCT691-occt-64/drv/PTopoDS/PTopoDS_TShape.ixx
+M PTopoDS:pubinclude:Handle_PTopoDS_TVertex.hxx /misc/dn61/LocalWOK/wok_entities/LOC/dev/CR0-OCCT691-7-CR0-OCCT691-occt-64/inc/Handle_PTopoDS_TVertex.hxx
+M PTopoDS:pubinclude:PTopoDS_TVertex.hxx /misc/dn61/LocalWOK/wok_entities/LOC/dev/CR0-OCCT691-7-CR0-OCCT691-occt-64/inc/PTopoDS_TVertex.hxx
+M PTopoDS:privinclude:PTopoDS_TVertex.jxx /misc/dn61/LocalWOK/wok_entities/LOC/dev/CR0-OCCT691-7-CR0-OCCT691-occt-64/drv/PTopoDS/PTopoDS_TVertex.jxx
+M PTopoDS:privinclude:PTopoDS_TVertex.ixx /misc/dn61/LocalWOK/wok_entities/LOC/dev/CR0-OCCT691-7-CR0-OCCT691-occt-64/drv/PTopoDS/PTopoDS_TVertex.ixx
+M PTopoDS:pubinclude:Handle_PTopoDS_Vertex.hxx /misc/dn61/LocalWOK/wok_entities/LOC/dev/CR0-OCCT691-7-CR0-OCCT691-occt-64/inc/Handle_PTopoDS_Vertex.hxx
+M PTopoDS:pubinclude:PTopoDS_Vertex.hxx /misc/dn61/LocalWOK/wok_entities/LOC/dev/CR0-OCCT691-7-CR0-OCCT691-occt-64/inc/PTopoDS_Vertex.hxx
+M PTopoDS:privinclude:PTopoDS_Vertex.jxx /misc/dn61/LocalWOK/wok_entities/LOC/dev/CR0-OCCT691-7-CR0-OCCT691-occt-64/drv/PTopoDS/PTopoDS_Vertex.jxx
+M PTopoDS:privinclude:PTopoDS_Vertex.ixx /misc/dn61/LocalWOK/wok_entities/LOC/dev/CR0-OCCT691-7-CR0-OCCT691-occt-64/drv/PTopoDS/PTopoDS_Vertex.ixx
+M PTopoDS:pubinclude:Handle_PTopoDS_TEdge.hxx /misc/dn61/LocalWOK/wok_entities/LOC/dev/CR0-OCCT691-7-CR0-OCCT691-occt-64/inc/Handle_PTopoDS_TEdge.hxx
+M PTopoDS:pubinclude:PTopoDS_TEdge.hxx /misc/dn61/LocalWOK/wok_entities/LOC/dev/CR0-OCCT691-7-CR0-OCCT691-occt-64/inc/PTopoDS_TEdge.hxx
+M PTopoDS:privinclude:PTopoDS_TEdge.jxx /misc/dn61/LocalWOK/wok_entities/LOC/dev/CR0-OCCT691-7-CR0-OCCT691-occt-64/drv/PTopoDS/PTopoDS_TEdge.jxx
+M PTopoDS:privinclude:PTopoDS_TEdge.ixx /misc/dn61/LocalWOK/wok_entities/LOC/dev/CR0-OCCT691-7-CR0-OCCT691-occt-64/drv/PTopoDS/PTopoDS_TEdge.ixx
+M PTopoDS:pubinclude:Handle_PTopoDS_Edge.hxx /misc/dn61/LocalWOK/wok_entities/LOC/dev/CR0-OCCT691-7-CR0-OCCT691-occt-64/inc/Handle_PTopoDS_Edge.hxx
+M PTopoDS:pubinclude:PTopoDS_Edge.hxx /misc/dn61/LocalWOK/wok_entities/LOC/dev/CR0-OCCT691-7-CR0-OCCT691-occt-64/inc/PTopoDS_Edge.hxx
+M PTopoDS:privinclude:PTopoDS_Edge.jxx /misc/dn61/LocalWOK/wok_entities/LOC/dev/CR0-OCCT691-7-CR0-OCCT691-occt-64/drv/PTopoDS/PTopoDS_Edge.jxx
+M PTopoDS:privinclude:PTopoDS_Edge.ixx /misc/dn61/LocalWOK/wok_entities/LOC/dev/CR0-OCCT691-7-CR0-OCCT691-occt-64/drv/PTopoDS/PTopoDS_Edge.ixx
+M PTopoDS:pubinclude:Handle_PTopoDS_TWire.hxx /misc/dn61/LocalWOK/wok_entities/LOC/dev/CR0-OCCT691-7-CR0-OCCT691-occt-64/inc/Handle_PTopoDS_TWire.hxx
+M PTopoDS:pubinclude:PTopoDS_TWire.hxx /misc/dn61/LocalWOK/wok_entities/LOC/dev/CR0-OCCT691-7-CR0-OCCT691-occt-64/inc/PTopoDS_TWire.hxx
+M PTopoDS:privinclude:PTopoDS_TWire.jxx /misc/dn61/LocalWOK/wok_entities/LOC/dev/CR0-OCCT691-7-CR0-OCCT691-occt-64/drv/PTopoDS/PTopoDS_TWire.jxx
+M PTopoDS:privinclude:PTopoDS_TWire.ixx /misc/dn61/LocalWOK/wok_entities/LOC/dev/CR0-OCCT691-7-CR0-OCCT691-occt-64/drv/PTopoDS/PTopoDS_TWire.ixx
+M PTopoDS:pubinclude:Handle_PTopoDS_Wire.hxx /misc/dn61/LocalWOK/wok_entities/LOC/dev/CR0-OCCT691-7-CR0-OCCT691-occt-64/inc/Handle_PTopoDS_Wire.hxx
+M PTopoDS:pubinclude:PTopoDS_Wire.hxx /misc/dn61/LocalWOK/wok_entities/LOC/dev/CR0-OCCT691-7-CR0-OCCT691-occt-64/inc/PTopoDS_Wire.hxx
+M PTopoDS:privinclude:PTopoDS_Wire.jxx /misc/dn61/LocalWOK/wok_entities/LOC/dev/CR0-OCCT691-7-CR0-OCCT691-occt-64/drv/PTopoDS/PTopoDS_Wire.jxx
+M PTopoDS:privinclude:PTopoDS_Wire.ixx /misc/dn61/LocalWOK/wok_entities/LOC/dev/CR0-OCCT691-7-CR0-OCCT691-occt-64/drv/PTopoDS/PTopoDS_Wire.ixx
+M PTopoDS:pubinclude:Handle_PTopoDS_TFace.hxx /misc/dn61/LocalWOK/wok_entities/LOC/dev/CR0-OCCT691-7-CR0-OCCT691-occt-64/inc/Handle_PTopoDS_TFace.hxx
+M PTopoDS:pubinclude:PTopoDS_TFace.hxx /misc/dn61/LocalWOK/wok_entities/LOC/dev/CR0-OCCT691-7-CR0-OCCT691-occt-64/inc/PTopoDS_TFace.hxx
+M PTopoDS:privinclude:PTopoDS_TFace.jxx /misc/dn61/LocalWOK/wok_entities/LOC/dev/CR0-OCCT691-7-CR0-OCCT691-occt-64/drv/PTopoDS/PTopoDS_TFace.jxx
+M PTopoDS:privinclude:PTopoDS_TFace.ixx /misc/dn61/LocalWOK/wok_entities/LOC/dev/CR0-OCCT691-7-CR0-OCCT691-occt-64/drv/PTopoDS/PTopoDS_TFace.ixx
+M PTopoDS:pubinclude:Handle_PTopoDS_Face.hxx /misc/dn61/LocalWOK/wok_entities/LOC/dev/CR0-OCCT691-7-CR0-OCCT691-occt-64/inc/Handle_PTopoDS_Face.hxx
+M PTopoDS:pubinclude:PTopoDS_Face.hxx /misc/dn61/LocalWOK/wok_entities/LOC/dev/CR0-OCCT691-7-CR0-OCCT691-occt-64/inc/PTopoDS_Face.hxx
+M PTopoDS:privinclude:PTopoDS_Face.jxx /misc/dn61/LocalWOK/wok_entities/LOC/dev/CR0-OCCT691-7-CR0-OCCT691-occt-64/drv/PTopoDS/PTopoDS_Face.jxx
+M PTopoDS:privinclude:PTopoDS_Face.ixx /misc/dn61/LocalWOK/wok_entities/LOC/dev/CR0-OCCT691-7-CR0-OCCT691-occt-64/drv/PTopoDS/PTopoDS_Face.ixx
+M PTopoDS:pubinclude:Handle_PTopoDS_TShell.hxx /misc/dn61/LocalWOK/wok_entities/LOC/dev/CR0-OCCT691-7-CR0-OCCT691-occt-64/inc/Handle_PTopoDS_TShell.hxx
+M PTopoDS:pubinclude:PTopoDS_TShell.hxx /misc/dn61/LocalWOK/wok_entities/LOC/dev/CR0-OCCT691-7-CR0-OCCT691-occt-64/inc/PTopoDS_TShell.hxx
+M PTopoDS:privinclude:PTopoDS_TShell.jxx /misc/dn61/LocalWOK/wok_entities/LOC/dev/CR0-OCCT691-7-CR0-OCCT691-occt-64/drv/PTopoDS/PTopoDS_TShell.jxx
+M PTopoDS:privinclude:PTopoDS_TShell.ixx /misc/dn61/LocalWOK/wok_entities/LOC/dev/CR0-OCCT691-7-CR0-OCCT691-occt-64/drv/PTopoDS/PTopoDS_TShell.ixx
+M PTopoDS:pubinclude:Handle_PTopoDS_Shell.hxx /misc/dn61/LocalWOK/wok_entities/LOC/dev/CR0-OCCT691-7-CR0-OCCT691-occt-64/inc/Handle_PTopoDS_Shell.hxx
+M PTopoDS:pubinclude:PTopoDS_Shell.hxx /misc/dn61/LocalWOK/wok_entities/LOC/dev/CR0-OCCT691-7-CR0-OCCT691-occt-64/inc/PTopoDS_Shell.hxx
+M PTopoDS:privinclude:PTopoDS_Shell.jxx /misc/dn61/LocalWOK/wok_entities/LOC/dev/CR0-OCCT691-7-CR0-OCCT691-occt-64/drv/PTopoDS/PTopoDS_Shell.jxx
+M PTopoDS:privinclude:PTopoDS_Shell.ixx /misc/dn61/LocalWOK/wok_entities/LOC/dev/CR0-OCCT691-7-CR0-OCCT691-occt-64/drv/PTopoDS/PTopoDS_Shell.ixx
+M PTopoDS:pubinclude:Handle_PTopoDS_TSolid.hxx /misc/dn61/LocalWOK/wok_entities/LOC/dev/CR0-OCCT691-7-CR0-OCCT691-occt-64/inc/Handle_PTopoDS_TSolid.hxx
+M PTopoDS:pubinclude:PTopoDS_TSolid.hxx /misc/dn61/LocalWOK/wok_entities/LOC/dev/CR0-OCCT691-7-CR0-OCCT691-occt-64/inc/PTopoDS_TSolid.hxx
+M PTopoDS:privinclude:PTopoDS_TSolid.jxx /misc/dn61/LocalWOK/wok_entities/LOC/dev/CR0-OCCT691-7-CR0-OCCT691-occt-64/drv/PTopoDS/PTopoDS_TSolid.jxx
+M PTopoDS:privinclude:PTopoDS_TSolid.ixx /misc/dn61/LocalWOK/wok_entities/LOC/dev/CR0-OCCT691-7-CR0-OCCT691-occt-64/drv/PTopoDS/PTopoDS_TSolid.ixx
+M PTopoDS:pubinclude:Handle_PTopoDS_Solid.hxx /misc/dn61/LocalWOK/wok_entities/LOC/dev/CR0-OCCT691-7-CR0-OCCT691-occt-64/inc/Handle_PTopoDS_Solid.hxx
+M PTopoDS:pubinclude:PTopoDS_Solid.hxx /misc/dn61/LocalWOK/wok_entities/LOC/dev/CR0-OCCT691-7-CR0-OCCT691-occt-64/inc/PTopoDS_Solid.hxx
+M PTopoDS:privinclude:PTopoDS_Solid.jxx /misc/dn61/LocalWOK/wok_entities/LOC/dev/CR0-OCCT691-7-CR0-OCCT691-occt-64/drv/PTopoDS/PTopoDS_Solid.jxx
+M PTopoDS:privinclude:PTopoDS_Solid.ixx /misc/dn61/LocalWOK/wok_entities/LOC/dev/CR0-OCCT691-7-CR0-OCCT691-occt-64/drv/PTopoDS/PTopoDS_Solid.ixx
+M PTopoDS:pubinclude:Handle_PTopoDS_TCompSolid.hxx /misc/dn61/LocalWOK/wok_entities/LOC/dev/CR0-OCCT691-7-CR0-OCCT691-occt-64/inc/Handle_PTopoDS_TCompSolid.hxx
+M PTopoDS:pubinclude:PTopoDS_TCompSolid.hxx /misc/dn61/LocalWOK/wok_entities/LOC/dev/CR0-OCCT691-7-CR0-OCCT691-occt-64/inc/PTopoDS_TCompSolid.hxx
+M PTopoDS:privinclude:PTopoDS_TCompSolid.jxx /misc/dn61/LocalWOK/wok_entities/LOC/dev/CR0-OCCT691-7-CR0-OCCT691-occt-64/drv/PTopoDS/PTopoDS_TCompSolid.jxx
+M PTopoDS:privinclude:PTopoDS_TCompSolid.ixx /misc/dn61/LocalWOK/wok_entities/LOC/dev/CR0-OCCT691-7-CR0-OCCT691-occt-64/drv/PTopoDS/PTopoDS_TCompSolid.ixx
+M PTopoDS:pubinclude:Handle_PTopoDS_CompSolid.hxx /misc/dn61/LocalWOK/wok_entities/LOC/dev/CR0-OCCT691-7-CR0-OCCT691-occt-64/inc/Handle_PTopoDS_CompSolid.hxx
+M PTopoDS:pubinclude:PTopoDS_CompSolid.hxx /misc/dn61/LocalWOK/wok_entities/LOC/dev/CR0-OCCT691-7-CR0-OCCT691-occt-64/inc/PTopoDS_CompSolid.hxx
+M PTopoDS:privinclude:PTopoDS_CompSolid.jxx /misc/dn61/LocalWOK/wok_entities/LOC/dev/CR0-OCCT691-7-CR0-OCCT691-occt-64/drv/PTopoDS/PTopoDS_CompSolid.jxx
+M PTopoDS:privinclude:PTopoDS_CompSolid.ixx /misc/dn61/LocalWOK/wok_entities/LOC/dev/CR0-OCCT691-7-CR0-OCCT691-occt-64/drv/PTopoDS/PTopoDS_CompSolid.ixx
+M PTopoDS:pubinclude:Handle_PTopoDS_TCompound.hxx /misc/dn61/LocalWOK/wok_entities/LOC/dev/CR0-OCCT691-7-CR0-OCCT691-occt-64/inc/Handle_PTopoDS_TCompound.hxx
+M PTopoDS:pubinclude:PTopoDS_TCompound.hxx /misc/dn61/LocalWOK/wok_entities/LOC/dev/CR0-OCCT691-7-CR0-OCCT691-occt-64/inc/PTopoDS_TCompound.hxx
+M PTopoDS:privinclude:PTopoDS_TCompound.jxx /misc/dn61/LocalWOK/wok_entities/LOC/dev/CR0-OCCT691-7-CR0-OCCT691-occt-64/drv/PTopoDS/PTopoDS_TCompound.jxx
+M PTopoDS:privinclude:PTopoDS_TCompound.ixx /misc/dn61/LocalWOK/wok_entities/LOC/dev/CR0-OCCT691-7-CR0-OCCT691-occt-64/drv/PTopoDS/PTopoDS_TCompound.ixx
+M PTopoDS:pubinclude:Handle_PTopoDS_Compound.hxx /misc/dn61/LocalWOK/wok_entities/LOC/dev/CR0-OCCT691-7-CR0-OCCT691-occt-64/inc/Handle_PTopoDS_Compound.hxx
+M PTopoDS:pubinclude:PTopoDS_Compound.hxx /misc/dn61/LocalWOK/wok_entities/LOC/dev/CR0-OCCT691-7-CR0-OCCT691-occt-64/inc/PTopoDS_Compound.hxx
+M PTopoDS:privinclude:PTopoDS_Compound.jxx /misc/dn61/LocalWOK/wok_entities/LOC/dev/CR0-OCCT691-7-CR0-OCCT691-occt-64/drv/PTopoDS/PTopoDS_Compound.jxx
+M PTopoDS:privinclude:PTopoDS_Compound.ixx /misc/dn61/LocalWOK/wok_entities/LOC/dev/CR0-OCCT691-7-CR0-OCCT691-occt-64/drv/PTopoDS/PTopoDS_Compound.ixx
+M PTopoDS:pubinclude:Handle_PTopoDS_HArray1OfHShape.hxx /misc/dn61/LocalWOK/wok_entities/LOC/dev/CR0-OCCT691-7-CR0-OCCT691-occt-64/inc/Handle_PTopoDS_HArray1OfHShape.hxx
+M PTopoDS:pubinclude:PTopoDS_HArray1OfHShape.hxx /misc/dn61/LocalWOK/wok_entities/LOC/dev/CR0-OCCT691-7-CR0-OCCT691-occt-64/inc/PTopoDS_HArray1OfHShape.hxx
+M PTopoDS:derivated:PTopoDS_HArray1OfHShape_0.cxx /misc/dn61/LocalWOK/wok_entities/LOC/dev/CR0-OCCT691-7-CR0-OCCT691-occt-64/drv/PTopoDS/PTopoDS_HArray1OfHShape_0.cxx
+M PTopoDS:pubinclude:PTopoDS_Shape1.hxx /misc/dn61/LocalWOK/wok_entities/LOC/dev/CR0-OCCT691-7-CR0-OCCT691-occt-64/inc/PTopoDS_Shape1.hxx
+M PTopoDS:privinclude:PTopoDS_Shape1.jxx /misc/dn61/LocalWOK/wok_entities/LOC/dev/CR0-OCCT691-7-CR0-OCCT691-occt-64/drv/PTopoDS/PTopoDS_Shape1.jxx
+M PTopoDS:privinclude:PTopoDS_Shape1.ixx /misc/dn61/LocalWOK/wok_entities/LOC/dev/CR0-OCCT691-7-CR0-OCCT691-occt-64/drv/PTopoDS/PTopoDS_Shape1.ixx
+M PTopoDS:pubinclude:Handle_PTopoDS_TShape1.hxx /misc/dn61/LocalWOK/wok_entities/LOC/dev/CR0-OCCT691-7-CR0-OCCT691-occt-64/inc/Handle_PTopoDS_TShape1.hxx
+M PTopoDS:pubinclude:PTopoDS_TShape1.hxx /misc/dn61/LocalWOK/wok_entities/LOC/dev/CR0-OCCT691-7-CR0-OCCT691-occt-64/inc/PTopoDS_TShape1.hxx
+M PTopoDS:privinclude:PTopoDS_TShape1.jxx /misc/dn61/LocalWOK/wok_entities/LOC/dev/CR0-OCCT691-7-CR0-OCCT691-occt-64/drv/PTopoDS/PTopoDS_TShape1.jxx
+M PTopoDS:privinclude:PTopoDS_TShape1.ixx /misc/dn61/LocalWOK/wok_entities/LOC/dev/CR0-OCCT691-7-CR0-OCCT691-occt-64/drv/PTopoDS/PTopoDS_TShape1.ixx
+M PTopoDS:pubinclude:Handle_PTopoDS_TVertex1.hxx /misc/dn61/LocalWOK/wok_entities/LOC/dev/CR0-OCCT691-7-CR0-OCCT691-occt-64/inc/Handle_PTopoDS_TVertex1.hxx
+M PTopoDS:pubinclude:PTopoDS_TVertex1.hxx /misc/dn61/LocalWOK/wok_entities/LOC/dev/CR0-OCCT691-7-CR0-OCCT691-occt-64/inc/PTopoDS_TVertex1.hxx
+M PTopoDS:privinclude:PTopoDS_TVertex1.jxx /misc/dn61/LocalWOK/wok_entities/LOC/dev/CR0-OCCT691-7-CR0-OCCT691-occt-64/drv/PTopoDS/PTopoDS_TVertex1.jxx
+M PTopoDS:privinclude:PTopoDS_TVertex1.ixx /misc/dn61/LocalWOK/wok_entities/LOC/dev/CR0-OCCT691-7-CR0-OCCT691-occt-64/drv/PTopoDS/PTopoDS_TVertex1.ixx
+M PTopoDS:pubinclude:Handle_PTopoDS_TEdge1.hxx /misc/dn61/LocalWOK/wok_entities/LOC/dev/CR0-OCCT691-7-CR0-OCCT691-occt-64/inc/Handle_PTopoDS_TEdge1.hxx
+M PTopoDS:pubinclude:PTopoDS_TEdge1.hxx /misc/dn61/LocalWOK/wok_entities/LOC/dev/CR0-OCCT691-7-CR0-OCCT691-occt-64/inc/PTopoDS_TEdge1.hxx
+M PTopoDS:privinclude:PTopoDS_TEdge1.jxx /misc/dn61/LocalWOK/wok_entities/LOC/dev/CR0-OCCT691-7-CR0-OCCT691-occt-64/drv/PTopoDS/PTopoDS_TEdge1.jxx
+M PTopoDS:privinclude:PTopoDS_TEdge1.ixx /misc/dn61/LocalWOK/wok_entities/LOC/dev/CR0-OCCT691-7-CR0-OCCT691-occt-64/drv/PTopoDS/PTopoDS_TEdge1.ixx
+M PTopoDS:pubinclude:Handle_PTopoDS_TWire1.hxx /misc/dn61/LocalWOK/wok_entities/LOC/dev/CR0-OCCT691-7-CR0-OCCT691-occt-64/inc/Handle_PTopoDS_TWire1.hxx
+M PTopoDS:pubinclude:PTopoDS_TWire1.hxx /misc/dn61/LocalWOK/wok_entities/LOC/dev/CR0-OCCT691-7-CR0-OCCT691-occt-64/inc/PTopoDS_TWire1.hxx
+M PTopoDS:privinclude:PTopoDS_TWire1.jxx /misc/dn61/LocalWOK/wok_entities/LOC/dev/CR0-OCCT691-7-CR0-OCCT691-occt-64/drv/PTopoDS/PTopoDS_TWire1.jxx
+M PTopoDS:privinclude:PTopoDS_TWire1.ixx /misc/dn61/LocalWOK/wok_entities/LOC/dev/CR0-OCCT691-7-CR0-OCCT691-occt-64/drv/PTopoDS/PTopoDS_TWire1.ixx
+M PTopoDS:pubinclude:Handle_PTopoDS_TFace1.hxx /misc/dn61/LocalWOK/wok_entities/LOC/dev/CR0-OCCT691-7-CR0-OCCT691-occt-64/inc/Handle_PTopoDS_TFace1.hxx
+M PTopoDS:pubinclude:PTopoDS_TFace1.hxx /misc/dn61/LocalWOK/wok_entities/LOC/dev/CR0-OCCT691-7-CR0-OCCT691-occt-64/inc/PTopoDS_TFace1.hxx
+M PTopoDS:privinclude:PTopoDS_TFace1.jxx /misc/dn61/LocalWOK/wok_entities/LOC/dev/CR0-OCCT691-7-CR0-OCCT691-occt-64/drv/PTopoDS/PTopoDS_TFace1.jxx
+M PTopoDS:privinclude:PTopoDS_TFace1.ixx /misc/dn61/LocalWOK/wok_entities/LOC/dev/CR0-OCCT691-7-CR0-OCCT691-occt-64/drv/PTopoDS/PTopoDS_TFace1.ixx
+M PTopoDS:pubinclude:Handle_PTopoDS_TShell1.hxx /misc/dn61/LocalWOK/wok_entities/LOC/dev/CR0-OCCT691-7-CR0-OCCT691-occt-64/inc/Handle_PTopoDS_TShell1.hxx
+M PTopoDS:pubinclude:PTopoDS_TShell1.hxx /misc/dn61/LocalWOK/wok_entities/LOC/dev/CR0-OCCT691-7-CR0-OCCT691-occt-64/inc/PTopoDS_TShell1.hxx
+M PTopoDS:privinclude:PTopoDS_TShell1.jxx /misc/dn61/LocalWOK/wok_entities/LOC/dev/CR0-OCCT691-7-CR0-OCCT691-occt-64/drv/PTopoDS/PTopoDS_TShell1.jxx
+M PTopoDS:privinclude:PTopoDS_TShell1.ixx /misc/dn61/LocalWOK/wok_entities/LOC/dev/CR0-OCCT691-7-CR0-OCCT691-occt-64/drv/PTopoDS/PTopoDS_TShell1.ixx
+M PTopoDS:pubinclude:Handle_PTopoDS_TSolid1.hxx /misc/dn61/LocalWOK/wok_entities/LOC/dev/CR0-OCCT691-7-CR0-OCCT691-occt-64/inc/Handle_PTopoDS_TSolid1.hxx
+M PTopoDS:pubinclude:PTopoDS_TSolid1.hxx /misc/dn61/LocalWOK/wok_entities/LOC/dev/CR0-OCCT691-7-CR0-OCCT691-occt-64/inc/PTopoDS_TSolid1.hxx
+M PTopoDS:privinclude:PTopoDS_TSolid1.jxx /misc/dn61/LocalWOK/wok_entities/LOC/dev/CR0-OCCT691-7-CR0-OCCT691-occt-64/drv/PTopoDS/PTopoDS_TSolid1.jxx
+M PTopoDS:privinclude:PTopoDS_TSolid1.ixx /misc/dn61/LocalWOK/wok_entities/LOC/dev/CR0-OCCT691-7-CR0-OCCT691-occt-64/drv/PTopoDS/PTopoDS_TSolid1.ixx
+M PTopoDS:pubinclude:Handle_PTopoDS_TCompSolid1.hxx /misc/dn61/LocalWOK/wok_entities/LOC/dev/CR0-OCCT691-7-CR0-OCCT691-occt-64/inc/Handle_PTopoDS_TCompSolid1.hxx
+M PTopoDS:pubinclude:PTopoDS_TCompSolid1.hxx /misc/dn61/LocalWOK/wok_entities/LOC/dev/CR0-OCCT691-7-CR0-OCCT691-occt-64/inc/PTopoDS_TCompSolid1.hxx
+M PTopoDS:privinclude:PTopoDS_TCompSolid1.jxx /misc/dn61/LocalWOK/wok_entities/LOC/dev/CR0-OCCT691-7-CR0-OCCT691-occt-64/drv/PTopoDS/PTopoDS_TCompSolid1.jxx
+M PTopoDS:privinclude:PTopoDS_TCompSolid1.ixx /misc/dn61/LocalWOK/wok_entities/LOC/dev/CR0-OCCT691-7-CR0-OCCT691-occt-64/drv/PTopoDS/PTopoDS_TCompSolid1.ixx
+M PTopoDS:pubinclude:Handle_PTopoDS_TCompound1.hxx /misc/dn61/LocalWOK/wok_entities/LOC/dev/CR0-OCCT691-7-CR0-OCCT691-occt-64/inc/Handle_PTopoDS_TCompound1.hxx
+M PTopoDS:pubinclude:PTopoDS_TCompound1.hxx /misc/dn61/LocalWOK/wok_entities/LOC/dev/CR0-OCCT691-7-CR0-OCCT691-occt-64/inc/PTopoDS_TCompound1.hxx
+M PTopoDS:privinclude:PTopoDS_TCompound1.jxx /misc/dn61/LocalWOK/wok_entities/LOC/dev/CR0-OCCT691-7-CR0-OCCT691-occt-64/drv/PTopoDS/PTopoDS_TCompound1.jxx
+M PTopoDS:privinclude:PTopoDS_TCompound1.ixx /misc/dn61/LocalWOK/wok_entities/LOC/dev/CR0-OCCT691-7-CR0-OCCT691-occt-64/drv/PTopoDS/PTopoDS_TCompound1.ixx
+M PTopoDS:pubinclude:Handle_PTopoDS_HArray1OfShape1.hxx /misc/dn61/LocalWOK/wok_entities/LOC/dev/CR0-OCCT691-7-CR0-OCCT691-occt-64/inc/Handle_PTopoDS_HArray1OfShape1.hxx
+M PTopoDS:pubinclude:PTopoDS_HArray1OfShape1.hxx /misc/dn61/LocalWOK/wok_entities/LOC/dev/CR0-OCCT691-7-CR0-OCCT691-occt-64/inc/PTopoDS_HArray1OfShape1.hxx
+M PTopoDS:derivated:PTopoDS_HArray1OfShape1_0.cxx /misc/dn61/LocalWOK/wok_entities/LOC/dev/CR0-OCCT691-7-CR0-OCCT691-occt-64/drv/PTopoDS/PTopoDS_HArray1OfShape1_0.cxx
+M PTopoDS:pubinclude:Handle_PTopoDS_VArrayNodeOfFieldOfHArray1OfHShape.hxx /misc/dn61/LocalWOK/wok_entities/LOC/dev/CR0-OCCT691-7-CR0-OCCT691-occt-64/inc/Handle_PTopoDS_VArrayNodeOfFieldOfHArray1OfHShape.hxx
+M PTopoDS:pubinclude:PTopoDS_VArrayNodeOfFieldOfHArray1OfHShape.hxx /misc/dn61/LocalWOK/wok_entities/LOC/dev/CR0-OCCT691-7-CR0-OCCT691-occt-64/inc/PTopoDS_VArrayNodeOfFieldOfHArray1OfHShape.hxx
+M PTopoDS:derivated:PTopoDS_VArrayNodeOfFieldOfHArray1OfHShape_0.cxx /misc/dn61/LocalWOK/wok_entities/LOC/dev/CR0-OCCT691-7-CR0-OCCT691-occt-64/drv/PTopoDS/PTopoDS_VArrayNodeOfFieldOfHArray1OfHShape_0.cxx
+M PTopoDS:pubinclude:PTopoDS_VArrayTNodeOfFieldOfHArray1OfHShape.hxx /misc/dn61/LocalWOK/wok_entities/LOC/dev/CR0-OCCT691-7-CR0-OCCT691-occt-64/inc/PTopoDS_VArrayTNodeOfFieldOfHArray1OfHShape.hxx
+M PTopoDS:derivated:PTopoDS_VArrayTNodeOfFieldOfHArray1OfHShape_0.cxx /misc/dn61/LocalWOK/wok_entities/LOC/dev/CR0-OCCT691-7-CR0-OCCT691-occt-64/drv/PTopoDS/PTopoDS_VArrayTNodeOfFieldOfHArray1OfHShape_0.cxx
+M PTopoDS:pubinclude:PTopoDS_FieldOfHArray1OfHShape.hxx /misc/dn61/LocalWOK/wok_entities/LOC/dev/CR0-OCCT691-7-CR0-OCCT691-occt-64/inc/PTopoDS_FieldOfHArray1OfHShape.hxx
+M PTopoDS:derivated:PTopoDS_FieldOfHArray1OfHShape_0.cxx /misc/dn61/LocalWOK/wok_entities/LOC/dev/CR0-OCCT691-7-CR0-OCCT691-occt-64/drv/PTopoDS/PTopoDS_FieldOfHArray1OfHShape_0.cxx
+M PTopoDS:pubinclude:Handle_PTopoDS_VArrayNodeOfFieldOfHArray1OfShape1.hxx /misc/dn61/LocalWOK/wok_entities/LOC/dev/CR0-OCCT691-7-CR0-OCCT691-occt-64/inc/Handle_PTopoDS_VArrayNodeOfFieldOfHArray1OfShape1.hxx
+M PTopoDS:pubinclude:PTopoDS_VArrayNodeOfFieldOfHArray1OfShape1.hxx /misc/dn61/LocalWOK/wok_entities/LOC/dev/CR0-OCCT691-7-CR0-OCCT691-occt-64/inc/PTopoDS_VArrayNodeOfFieldOfHArray1OfShape1.hxx
+M PTopoDS:derivated:PTopoDS_VArrayNodeOfFieldOfHArray1OfShape1_0.cxx /misc/dn61/LocalWOK/wok_entities/LOC/dev/CR0-OCCT691-7-CR0-OCCT691-occt-64/drv/PTopoDS/PTopoDS_VArrayNodeOfFieldOfHArray1OfShape1_0.cxx
+M PTopoDS:pubinclude:PTopoDS_VArrayTNodeOfFieldOfHArray1OfShape1.hxx /misc/dn61/LocalWOK/wok_entities/LOC/dev/CR0-OCCT691-7-CR0-OCCT691-occt-64/inc/PTopoDS_VArrayTNodeOfFieldOfHArray1OfShape1.hxx
+M PTopoDS:derivated:PTopoDS_VArrayTNodeOfFieldOfHArray1OfShape1_0.cxx /misc/dn61/LocalWOK/wok_entities/LOC/dev/CR0-OCCT691-7-CR0-OCCT691-occt-64/drv/PTopoDS/PTopoDS_VArrayTNodeOfFieldOfHArray1OfShape1_0.cxx
+M PTopoDS:pubinclude:PTopoDS_FieldOfHArray1OfShape1.hxx /misc/dn61/LocalWOK/wok_entities/LOC/dev/CR0-OCCT691-7-CR0-OCCT691-occt-64/inc/PTopoDS_FieldOfHArray1OfShape1.hxx
+M PTopoDS:derivated:PTopoDS_FieldOfHArray1OfShape1_0.cxx /misc/dn61/LocalWOK/wok_entities/LOC/dev/CR0-OCCT691-7-CR0-OCCT691-occt-64/drv/PTopoDS/PTopoDS_FieldOfHArray1OfShape1_0.cxx
+M PTopoDS:dbadmfile:PTopoDS_xcpp_header.In /misc/dn61/LocalWOK/wok_entities/LOC/dev/CR0-OCCT691-7-CR0-OCCT691-occt-64/drv/PTopoDS/.adm/PTopoDS_xcpp_header.In
+M PTopoDS:dbadmfile:PTopoDS_xcpp_header.Out /misc/dn61/LocalWOK/wok_entities/LOC/dev/CR0-OCCT691-7-CR0-OCCT691-occt-64/drv/PTopoDS/.adm/PTopoDS_xcpp_header.Out
+M PTopoDS:dbadmfile:PTopoDS_xcpp_header.Dep /misc/dn61/LocalWOK/wok_entities/LOC/dev/CR0-OCCT691-7-CR0-OCCT691-occt-64/drv/PTopoDS/.adm/PTopoDS_xcpp_header.Dep
