+M XCAFPrs:pubinclude:XCAFPrs.hxx /misc/dn61/LocalWOK/wok_entities/LOC/dev/CR0-OCCT691-7-CR0-OCCT691-occt-64/inc/XCAFPrs.hxx
+M XCAFPrs:privinclude:XCAFPrs.jxx /misc/dn61/LocalWOK/wok_entities/LOC/dev/CR0-OCCT691-7-CR0-OCCT691-occt-64/drv/XCAFPrs/XCAFPrs.jxx
+M XCAFPrs:privinclude:XCAFPrs.ixx /misc/dn61/LocalWOK/wok_entities/LOC/dev/CR0-OCCT691-7-CR0-OCCT691-occt-64/drv/XCAFPrs/XCAFPrs.ixx
+M XCAFPrs:pubinclude:Handle_XCAFPrs_Driver.hxx /misc/dn61/LocalWOK/wok_entities/LOC/dev/CR0-OCCT691-7-CR0-OCCT691-occt-64/inc/Handle_XCAFPrs_Driver.hxx
+M XCAFPrs:pubinclude:XCAFPrs_Driver.hxx /misc/dn61/LocalWOK/wok_entities/LOC/dev/CR0-OCCT691-7-CR0-OCCT691-occt-64/inc/XCAFPrs_Driver.hxx
+M XCAFPrs:privinclude:XCAFPrs_Driver.jxx /misc/dn61/LocalWOK/wok_entities/LOC/dev/CR0-OCCT691-7-CR0-OCCT691-occt-64/drv/XCAFPrs/XCAFPrs_Driver.jxx
+M XCAFPrs:privinclude:XCAFPrs_Driver.ixx /misc/dn61/LocalWOK/wok_entities/LOC/dev/CR0-OCCT691-7-CR0-OCCT691-occt-64/drv/XCAFPrs/XCAFPrs_Driver.ixx
+M XCAFPrs:pubinclude:XCAFPrs_Style.hxx /misc/dn61/LocalWOK/wok_entities/LOC/dev/CR0-OCCT691-7-CR0-OCCT691-occt-64/inc/XCAFPrs_Style.hxx
+M XCAFPrs:privinclude:XCAFPrs_Style.jxx /misc/dn61/LocalWOK/wok_entities/LOC/dev/CR0-OCCT691-7-CR0-OCCT691-occt-64/drv/XCAFPrs/XCAFPrs_Style.jxx
+M XCAFPrs:privinclude:XCAFPrs_Style.ixx /misc/dn61/LocalWOK/wok_entities/LOC/dev/CR0-OCCT691-7-CR0-OCCT691-occt-64/drv/XCAFPrs/XCAFPrs_Style.ixx
+M XCAFPrs:pubinclude:XCAFPrs_DataMapOfShapeStyle.hxx /misc/dn61/LocalWOK/wok_entities/LOC/dev/CR0-OCCT691-7-CR0-OCCT691-occt-64/inc/XCAFPrs_DataMapOfShapeStyle.hxx
+M XCAFPrs:derivated:XCAFPrs_DataMapOfShapeStyle_0.cxx /misc/dn61/LocalWOK/wok_entities/LOC/dev/CR0-OCCT691-7-CR0-OCCT691-occt-64/drv/XCAFPrs/XCAFPrs_DataMapOfShapeStyle_0.cxx
+M XCAFPrs:pubinclude:XCAFPrs_DataMapOfStyleShape.hxx /misc/dn61/LocalWOK/wok_entities/LOC/dev/CR0-OCCT691-7-CR0-OCCT691-occt-64/inc/XCAFPrs_DataMapOfStyleShape.hxx
+M XCAFPrs:derivated:XCAFPrs_DataMapOfStyleShape_0.cxx /misc/dn61/LocalWOK/wok_entities/LOC/dev/CR0-OCCT691-7-CR0-OCCT691-occt-64/drv/XCAFPrs/XCAFPrs_DataMapOfStyleShape_0.cxx
+M XCAFPrs:pubinclude:XCAFPrs_DataMapOfStyleTransient.hxx /misc/dn61/LocalWOK/wok_entities/LOC/dev/CR0-OCCT691-7-CR0-OCCT691-occt-64/inc/XCAFPrs_DataMapOfStyleTransient.hxx
+M XCAFPrs:derivated:XCAFPrs_DataMapOfStyleTransient_0.cxx /misc/dn61/LocalWOK/wok_entities/LOC/dev/CR0-OCCT691-7-CR0-OCCT691-occt-64/drv/XCAFPrs/XCAFPrs_DataMapOfStyleTransient_0.cxx
+M XCAFPrs:pubinclude:Handle_XCAFPrs_DataMapNodeOfDataMapOfShapeStyle.hxx /misc/dn61/LocalWOK/wok_entities/LOC/dev/CR0-OCCT691-7-CR0-OCCT691-occt-64/inc/Handle_XCAFPrs_DataMapNodeOfDataMapOfShapeStyle.hxx
+M XCAFPrs:pubinclude:XCAFPrs_DataMapNodeOfDataMapOfShapeStyle.hxx /misc/dn61/LocalWOK/wok_entities/LOC/dev/CR0-OCCT691-7-CR0-OCCT691-occt-64/inc/XCAFPrs_DataMapNodeOfDataMapOfShapeStyle.hxx
+M XCAFPrs:derivated:XCAFPrs_DataMapNodeOfDataMapOfShapeStyle_0.cxx /misc/dn61/LocalWOK/wok_entities/LOC/dev/CR0-OCCT691-7-CR0-OCCT691-occt-64/drv/XCAFPrs/XCAFPrs_DataMapNodeOfDataMapOfShapeStyle_0.cxx
+M XCAFPrs:pubinclude:XCAFPrs_DataMapIteratorOfDataMapOfShapeStyle.hxx /misc/dn61/LocalWOK/wok_entities/LOC/dev/CR0-OCCT691-7-CR0-OCCT691-occt-64/inc/XCAFPrs_DataMapIteratorOfDataMapOfShapeStyle.hxx
+M XCAFPrs:derivated:XCAFPrs_DataMapIteratorOfDataMapOfShapeStyle_0.cxx /misc/dn61/LocalWOK/wok_entities/LOC/dev/CR0-OCCT691-7-CR0-OCCT691-occt-64/drv/XCAFPrs/XCAFPrs_DataMapIteratorOfDataMapOfShapeStyle_0.cxx
+M XCAFPrs:pubinclude:Handle_XCAFPrs_DataMapNodeOfDataMapOfStyleShape.hxx /misc/dn61/LocalWOK/wok_entities/LOC/dev/CR0-OCCT691-7-CR0-OCCT691-occt-64/inc/Handle_XCAFPrs_DataMapNodeOfDataMapOfStyleShape.hxx
+M XCAFPrs:pubinclude:XCAFPrs_DataMapNodeOfDataMapOfStyleShape.hxx /misc/dn61/LocalWOK/wok_entities/LOC/dev/CR0-OCCT691-7-CR0-OCCT691-occt-64/inc/XCAFPrs_DataMapNodeOfDataMapOfStyleShape.hxx
+M XCAFPrs:derivated:XCAFPrs_DataMapNodeOfDataMapOfStyleShape_0.cxx /misc/dn61/LocalWOK/wok_entities/LOC/dev/CR0-OCCT691-7-CR0-OCCT691-occt-64/drv/XCAFPrs/XCAFPrs_DataMapNodeOfDataMapOfStyleShape_0.cxx
+M XCAFPrs:pubinclude:XCAFPrs_DataMapIteratorOfDataMapOfStyleShape.hxx /misc/dn61/LocalWOK/wok_entities/LOC/dev/CR0-OCCT691-7-CR0-OCCT691-occt-64/inc/XCAFPrs_DataMapIteratorOfDataMapOfStyleShape.hxx
+M XCAFPrs:derivated:XCAFPrs_DataMapIteratorOfDataMapOfStyleShape_0.cxx /misc/dn61/LocalWOK/wok_entities/LOC/dev/CR0-OCCT691-7-CR0-OCCT691-occt-64/drv/XCAFPrs/XCAFPrs_DataMapIteratorOfDataMapOfStyleShape_0.cxx
+M XCAFPrs:pubinclude:Handle_XCAFPrs_DataMapNodeOfDataMapOfStyleTransient.hxx /misc/dn61/LocalWOK/wok_entities/LOC/dev/CR0-OCCT691-7-CR0-OCCT691-occt-64/inc/Handle_XCAFPrs_DataMapNodeOfDataMapOfStyleTransient.hxx
+M XCAFPrs:pubinclude:XCAFPrs_DataMapNodeOfDataMapOfStyleTransient.hxx /misc/dn61/LocalWOK/wok_entities/LOC/dev/CR0-OCCT691-7-CR0-OCCT691-occt-64/inc/XCAFPrs_DataMapNodeOfDataMapOfStyleTransient.hxx
+M XCAFPrs:derivated:XCAFPrs_DataMapNodeOfDataMapOfStyleTransient_0.cxx /misc/dn61/LocalWOK/wok_entities/LOC/dev/CR0-OCCT691-7-CR0-OCCT691-occt-64/drv/XCAFPrs/XCAFPrs_DataMapNodeOfDataMapOfStyleTransient_0.cxx
+M XCAFPrs:pubinclude:XCAFPrs_DataMapIteratorOfDataMapOfStyleTransient.hxx /misc/dn61/LocalWOK/wok_entities/LOC/dev/CR0-OCCT691-7-CR0-OCCT691-occt-64/inc/XCAFPrs_DataMapIteratorOfDataMapOfStyleTransient.hxx
+M XCAFPrs:derivated:XCAFPrs_DataMapIteratorOfDataMapOfStyleTransient_0.cxx /misc/dn61/LocalWOK/wok_entities/LOC/dev/CR0-OCCT691-7-CR0-OCCT691-occt-64/drv/XCAFPrs/XCAFPrs_DataMapIteratorOfDataMapOfStyleTransient_0.cxx
+M XCAFPrs:dbadmfile:XCAFPrs_xcpp_header.In /misc/dn61/LocalWOK/wok_entities/LOC/dev/CR0-OCCT691-7-CR0-OCCT691-occt-64/drv/XCAFPrs/.adm/XCAFPrs_xcpp_header.In
+M XCAFPrs:dbadmfile:XCAFPrs_xcpp_header.Out /misc/dn61/LocalWOK/wok_entities/LOC/dev/CR0-OCCT691-7-CR0-OCCT691-occt-64/drv/XCAFPrs/.adm/XCAFPrs_xcpp_header.Out
+M XCAFPrs:dbadmfile:XCAFPrs_xcpp_header.Dep /misc/dn61/LocalWOK/wok_entities/LOC/dev/CR0-OCCT691-7-CR0-OCCT691-occt-64/drv/XCAFPrs/.adm/XCAFPrs_xcpp_header.Dep
