+M RWStepAP203:pubinclude:RWStepAP203_RWCcDesignApproval.hxx /misc/dn61/LocalWOK/wok_entities/LOC/dev/CR0-OCCT691-7-CR0-OCCT691-occt-64/inc/RWStepAP203_RWCcDesignApproval.hxx
+M RWStepAP203:privinclude:RWStepAP203_RWCcDesignApproval.jxx /misc/dn61/LocalWOK/wok_entities/LOC/dev/CR0-OCCT691-7-CR0-OCCT691-occt-64/drv/RWStepAP203/RWStepAP203_RWCcDesignApproval.jxx
+M RWStepAP203:privinclude:RWStepAP203_RWCcDesignApproval.ixx /misc/dn61/LocalWOK/wok_entities/LOC/dev/CR0-OCCT691-7-CR0-OCCT691-occt-64/drv/RWStepAP203/RWStepAP203_RWCcDesignApproval.ixx
+M RWStepAP203:pubinclude:RWStepAP203_RWCcDesignCertification.hxx /misc/dn61/LocalWOK/wok_entities/LOC/dev/CR0-OCCT691-7-CR0-OCCT691-occt-64/inc/RWStepAP203_RWCcDesignCertification.hxx
+M RWStepAP203:privinclude:RWStepAP203_RWCcDesignCertification.jxx /misc/dn61/LocalWOK/wok_entities/LOC/dev/CR0-OCCT691-7-CR0-OCCT691-occt-64/drv/RWStepAP203/RWStepAP203_RWCcDesignCertification.jxx
+M RWStepAP203:privinclude:RWStepAP203_RWCcDesignCertification.ixx /misc/dn61/LocalWOK/wok_entities/LOC/dev/CR0-OCCT691-7-CR0-OCCT691-occt-64/drv/RWStepAP203/RWStepAP203_RWCcDesignCertification.ixx
+M RWStepAP203:pubinclude:RWStepAP203_RWCcDesignContract.hxx /misc/dn61/LocalWOK/wok_entities/LOC/dev/CR0-OCCT691-7-CR0-OCCT691-occt-64/inc/RWStepAP203_RWCcDesignContract.hxx
+M RWStepAP203:privinclude:RWStepAP203_RWCcDesignContract.jxx /misc/dn61/LocalWOK/wok_entities/LOC/dev/CR0-OCCT691-7-CR0-OCCT691-occt-64/drv/RWStepAP203/RWStepAP203_RWCcDesignContract.jxx
+M RWStepAP203:privinclude:RWStepAP203_RWCcDesignContract.ixx /misc/dn61/LocalWOK/wok_entities/LOC/dev/CR0-OCCT691-7-CR0-OCCT691-occt-64/drv/RWStepAP203/RWStepAP203_RWCcDesignContract.ixx
+M RWStepAP203:pubinclude:RWStepAP203_RWCcDesignDateAndTimeAssignment.hxx /misc/dn61/LocalWOK/wok_entities/LOC/dev/CR0-OCCT691-7-CR0-OCCT691-occt-64/inc/RWStepAP203_RWCcDesignDateAndTimeAssignment.hxx
+M RWStepAP203:privinclude:RWStepAP203_RWCcDesignDateAndTimeAssignment.jxx /misc/dn61/LocalWOK/wok_entities/LOC/dev/CR0-OCCT691-7-CR0-OCCT691-occt-64/drv/RWStepAP203/RWStepAP203_RWCcDesignDateAndTimeAssignment.jxx
+M RWStepAP203:privinclude:RWStepAP203_RWCcDesignDateAndTimeAssignment.ixx /misc/dn61/LocalWOK/wok_entities/LOC/dev/CR0-OCCT691-7-CR0-OCCT691-occt-64/drv/RWStepAP203/RWStepAP203_RWCcDesignDateAndTimeAssignment.ixx
+M RWStepAP203:pubinclude:RWStepAP203_RWCcDesignPersonAndOrganizationAssignment.hxx /misc/dn61/LocalWOK/wok_entities/LOC/dev/CR0-OCCT691-7-CR0-OCCT691-occt-64/inc/RWStepAP203_RWCcDesignPersonAndOrganizationAssignment.hxx
+M RWStepAP203:privinclude:RWStepAP203_RWCcDesignPersonAndOrganizationAssignment.jxx /misc/dn61/LocalWOK/wok_entities/LOC/dev/CR0-OCCT691-7-CR0-OCCT691-occt-64/drv/RWStepAP203/RWStepAP203_RWCcDesignPersonAndOrganizationAssignment.jxx
+M RWStepAP203:privinclude:RWStepAP203_RWCcDesignPersonAndOrganizationAssignment.ixx /misc/dn61/LocalWOK/wok_entities/LOC/dev/CR0-OCCT691-7-CR0-OCCT691-occt-64/drv/RWStepAP203/RWStepAP203_RWCcDesignPersonAndOrganizationAssignment.ixx
+M RWStepAP203:pubinclude:RWStepAP203_RWCcDesignSecurityClassification.hxx /misc/dn61/LocalWOK/wok_entities/LOC/dev/CR0-OCCT691-7-CR0-OCCT691-occt-64/inc/RWStepAP203_RWCcDesignSecurityClassification.hxx
+M RWStepAP203:privinclude:RWStepAP203_RWCcDesignSecurityClassification.jxx /misc/dn61/LocalWOK/wok_entities/LOC/dev/CR0-OCCT691-7-CR0-OCCT691-occt-64/drv/RWStepAP203/RWStepAP203_RWCcDesignSecurityClassification.jxx
+M RWStepAP203:privinclude:RWStepAP203_RWCcDesignSecurityClassification.ixx /misc/dn61/LocalWOK/wok_entities/LOC/dev/CR0-OCCT691-7-CR0-OCCT691-occt-64/drv/RWStepAP203/RWStepAP203_RWCcDesignSecurityClassification.ixx
+M RWStepAP203:pubinclude:RWStepAP203_RWCcDesignSpecificationReference.hxx /misc/dn61/LocalWOK/wok_entities/LOC/dev/CR0-OCCT691-7-CR0-OCCT691-occt-64/inc/RWStepAP203_RWCcDesignSpecificationReference.hxx
+M RWStepAP203:privinclude:RWStepAP203_RWCcDesignSpecificationReference.jxx /misc/dn61/LocalWOK/wok_entities/LOC/dev/CR0-OCCT691-7-CR0-OCCT691-occt-64/drv/RWStepAP203/RWStepAP203_RWCcDesignSpecificationReference.jxx
+M RWStepAP203:privinclude:RWStepAP203_RWCcDesignSpecificationReference.ixx /misc/dn61/LocalWOK/wok_entities/LOC/dev/CR0-OCCT691-7-CR0-OCCT691-occt-64/drv/RWStepAP203/RWStepAP203_RWCcDesignSpecificationReference.ixx
+M RWStepAP203:pubinclude:RWStepAP203_RWChange.hxx /misc/dn61/LocalWOK/wok_entities/LOC/dev/CR0-OCCT691-7-CR0-OCCT691-occt-64/inc/RWStepAP203_RWChange.hxx
+M RWStepAP203:privinclude:RWStepAP203_RWChange.jxx /misc/dn61/LocalWOK/wok_entities/LOC/dev/CR0-OCCT691-7-CR0-OCCT691-occt-64/drv/RWStepAP203/RWStepAP203_RWChange.jxx
+M RWStepAP203:privinclude:RWStepAP203_RWChange.ixx /misc/dn61/LocalWOK/wok_entities/LOC/dev/CR0-OCCT691-7-CR0-OCCT691-occt-64/drv/RWStepAP203/RWStepAP203_RWChange.ixx
+M RWStepAP203:pubinclude:RWStepAP203_RWChangeRequest.hxx /misc/dn61/LocalWOK/wok_entities/LOC/dev/CR0-OCCT691-7-CR0-OCCT691-occt-64/inc/RWStepAP203_RWChangeRequest.hxx
+M RWStepAP203:privinclude:RWStepAP203_RWChangeRequest.jxx /misc/dn61/LocalWOK/wok_entities/LOC/dev/CR0-OCCT691-7-CR0-OCCT691-occt-64/drv/RWStepAP203/RWStepAP203_RWChangeRequest.jxx
+M RWStepAP203:privinclude:RWStepAP203_RWChangeRequest.ixx /misc/dn61/LocalWOK/wok_entities/LOC/dev/CR0-OCCT691-7-CR0-OCCT691-occt-64/drv/RWStepAP203/RWStepAP203_RWChangeRequest.ixx
+M RWStepAP203:pubinclude:RWStepAP203_RWStartRequest.hxx /misc/dn61/LocalWOK/wok_entities/LOC/dev/CR0-OCCT691-7-CR0-OCCT691-occt-64/inc/RWStepAP203_RWStartRequest.hxx
+M RWStepAP203:privinclude:RWStepAP203_RWStartRequest.jxx /misc/dn61/LocalWOK/wok_entities/LOC/dev/CR0-OCCT691-7-CR0-OCCT691-occt-64/drv/RWStepAP203/RWStepAP203_RWStartRequest.jxx
+M RWStepAP203:privinclude:RWStepAP203_RWStartRequest.ixx /misc/dn61/LocalWOK/wok_entities/LOC/dev/CR0-OCCT691-7-CR0-OCCT691-occt-64/drv/RWStepAP203/RWStepAP203_RWStartRequest.ixx
+M RWStepAP203:pubinclude:RWStepAP203_RWStartWork.hxx /misc/dn61/LocalWOK/wok_entities/LOC/dev/CR0-OCCT691-7-CR0-OCCT691-occt-64/inc/RWStepAP203_RWStartWork.hxx
+M RWStepAP203:privinclude:RWStepAP203_RWStartWork.jxx /misc/dn61/LocalWOK/wok_entities/LOC/dev/CR0-OCCT691-7-CR0-OCCT691-occt-64/drv/RWStepAP203/RWStepAP203_RWStartWork.jxx
+M RWStepAP203:privinclude:RWStepAP203_RWStartWork.ixx /misc/dn61/LocalWOK/wok_entities/LOC/dev/CR0-OCCT691-7-CR0-OCCT691-occt-64/drv/RWStepAP203/RWStepAP203_RWStartWork.ixx
+M RWStepAP203:dbadmfile:RWStepAP203_xcpp_header.In /misc/dn61/LocalWOK/wok_entities/LOC/dev/CR0-OCCT691-7-CR0-OCCT691-occt-64/drv/RWStepAP203/.adm/RWStepAP203_xcpp_header.In
+M RWStepAP203:dbadmfile:RWStepAP203_xcpp_header.Out /misc/dn61/LocalWOK/wok_entities/LOC/dev/CR0-OCCT691-7-CR0-OCCT691-occt-64/drv/RWStepAP203/.adm/RWStepAP203_xcpp_header.Out
+M RWStepAP203:dbadmfile:RWStepAP203_xcpp_header.Dep /misc/dn61/LocalWOK/wok_entities/LOC/dev/CR0-OCCT691-7-CR0-OCCT691-occt-64/drv/RWStepAP203/.adm/RWStepAP203_xcpp_header.Dep
