+M QANCollection:pubinclude:QANCollection.hxx /misc/dn61/LocalWOK/wok_entities/LOC/dev/CR0-OCCT691-7-CR0-OCCT691-occt-64/inc/QANCollection.hxx
+M QANCollection:privinclude:QANCollection.jxx /misc/dn61/LocalWOK/wok_entities/LOC/dev/CR0-OCCT691-7-CR0-OCCT691-occt-64/drv/QANCollection/QANCollection.jxx
+M QANCollection:privinclude:QANCollection.ixx /misc/dn61/LocalWOK/wok_entities/LOC/dev/CR0-OCCT691-7-CR0-OCCT691-occt-64/drv/QANCollection/QANCollection.ixx
+M QANCollection:pubinclude:QANCollection_ListOfPnt.hxx /misc/dn61/LocalWOK/wok_entities/LOC/dev/CR0-OCCT691-7-CR0-OCCT691-occt-64/inc/QANCollection_ListOfPnt.hxx
+M QANCollection:derivated:QANCollection_ListOfPnt_0.cxx /misc/dn61/LocalWOK/wok_entities/LOC/dev/CR0-OCCT691-7-CR0-OCCT691-occt-64/drv/QANCollection/QANCollection_ListOfPnt_0.cxx
+M QANCollection:pubinclude:QANCollection_DataMapOfRealPnt.hxx /misc/dn61/LocalWOK/wok_entities/LOC/dev/CR0-OCCT691-7-CR0-OCCT691-occt-64/inc/QANCollection_DataMapOfRealPnt.hxx
+M QANCollection:derivated:QANCollection_DataMapOfRealPnt_0.cxx /misc/dn61/LocalWOK/wok_entities/LOC/dev/CR0-OCCT691-7-CR0-OCCT691-occt-64/drv/QANCollection/QANCollection_DataMapOfRealPnt_0.cxx
+M QANCollection:pubinclude:QANCollection_IndexedDataMapOfRealPnt.hxx /misc/dn61/LocalWOK/wok_entities/LOC/dev/CR0-OCCT691-7-CR0-OCCT691-occt-64/inc/QANCollection_IndexedDataMapOfRealPnt.hxx
+M QANCollection:derivated:QANCollection_IndexedDataMapOfRealPnt_0.cxx /misc/dn61/LocalWOK/wok_entities/LOC/dev/CR0-OCCT691-7-CR0-OCCT691-occt-64/drv/QANCollection/QANCollection_IndexedDataMapOfRealPnt_0.cxx
+M QANCollection:pubinclude:QANCollection_DoubleMapOfRealInteger.hxx /misc/dn61/LocalWOK/wok_entities/LOC/dev/CR0-OCCT691-7-CR0-OCCT691-occt-64/inc/QANCollection_DoubleMapOfRealInteger.hxx
+M QANCollection:derivated:QANCollection_DoubleMapOfRealInteger_0.cxx /misc/dn61/LocalWOK/wok_entities/LOC/dev/CR0-OCCT691-7-CR0-OCCT691-occt-64/drv/QANCollection/QANCollection_DoubleMapOfRealInteger_0.cxx
+M QANCollection:pubinclude:Handle_QANCollection_ListNodeOfListOfPnt.hxx /misc/dn61/LocalWOK/wok_entities/LOC/dev/CR0-OCCT691-7-CR0-OCCT691-occt-64/inc/Handle_QANCollection_ListNodeOfListOfPnt.hxx
+M QANCollection:pubinclude:QANCollection_ListNodeOfListOfPnt.hxx /misc/dn61/LocalWOK/wok_entities/LOC/dev/CR0-OCCT691-7-CR0-OCCT691-occt-64/inc/QANCollection_ListNodeOfListOfPnt.hxx
+M QANCollection:derivated:QANCollection_ListNodeOfListOfPnt_0.cxx /misc/dn61/LocalWOK/wok_entities/LOC/dev/CR0-OCCT691-7-CR0-OCCT691-occt-64/drv/QANCollection/QANCollection_ListNodeOfListOfPnt_0.cxx
+M QANCollection:pubinclude:QANCollection_ListIteratorOfListOfPnt.hxx /misc/dn61/LocalWOK/wok_entities/LOC/dev/CR0-OCCT691-7-CR0-OCCT691-occt-64/inc/QANCollection_ListIteratorOfListOfPnt.hxx
+M QANCollection:derivated:QANCollection_ListIteratorOfListOfPnt_0.cxx /misc/dn61/LocalWOK/wok_entities/LOC/dev/CR0-OCCT691-7-CR0-OCCT691-occt-64/drv/QANCollection/QANCollection_ListIteratorOfListOfPnt_0.cxx
+M QANCollection:pubinclude:Handle_QANCollection_DataMapNodeOfDataMapOfRealPnt.hxx /misc/dn61/LocalWOK/wok_entities/LOC/dev/CR0-OCCT691-7-CR0-OCCT691-occt-64/inc/Handle_QANCollection_DataMapNodeOfDataMapOfRealPnt.hxx
+M QANCollection:pubinclude:QANCollection_DataMapNodeOfDataMapOfRealPnt.hxx /misc/dn61/LocalWOK/wok_entities/LOC/dev/CR0-OCCT691-7-CR0-OCCT691-occt-64/inc/QANCollection_DataMapNodeOfDataMapOfRealPnt.hxx
+M QANCollection:derivated:QANCollection_DataMapNodeOfDataMapOfRealPnt_0.cxx /misc/dn61/LocalWOK/wok_entities/LOC/dev/CR0-OCCT691-7-CR0-OCCT691-occt-64/drv/QANCollection/QANCollection_DataMapNodeOfDataMapOfRealPnt_0.cxx
+M QANCollection:pubinclude:QANCollection_DataMapIteratorOfDataMapOfRealPnt.hxx /misc/dn61/LocalWOK/wok_entities/LOC/dev/CR0-OCCT691-7-CR0-OCCT691-occt-64/inc/QANCollection_DataMapIteratorOfDataMapOfRealPnt.hxx
+M QANCollection:derivated:QANCollection_DataMapIteratorOfDataMapOfRealPnt_0.cxx /misc/dn61/LocalWOK/wok_entities/LOC/dev/CR0-OCCT691-7-CR0-OCCT691-occt-64/drv/QANCollection/QANCollection_DataMapIteratorOfDataMapOfRealPnt_0.cxx
+M QANCollection:pubinclude:Handle_QANCollection_IndexedDataMapNodeOfIndexedDataMapOfRealPnt.hxx /misc/dn61/LocalWOK/wok_entities/LOC/dev/CR0-OCCT691-7-CR0-OCCT691-occt-64/inc/Handle_QANCollection_IndexedDataMapNodeOfIndexedDataMapOfRealPnt.hxx
+M QANCollection:pubinclude:QANCollection_IndexedDataMapNodeOfIndexedDataMapOfRealPnt.hxx /misc/dn61/LocalWOK/wok_entities/LOC/dev/CR0-OCCT691-7-CR0-OCCT691-occt-64/inc/QANCollection_IndexedDataMapNodeOfIndexedDataMapOfRealPnt.hxx
+M QANCollection:derivated:QANCollection_IndexedDataMapNodeOfIndexedDataMapOfRealPnt_0.cxx /misc/dn61/LocalWOK/wok_entities/LOC/dev/CR0-OCCT691-7-CR0-OCCT691-occt-64/drv/QANCollection/QANCollection_IndexedDataMapNodeOfIndexedDataMapOfRealPnt_0.cxx
+M QANCollection:pubinclude:Handle_QANCollection_DoubleMapNodeOfDoubleMapOfRealInteger.hxx /misc/dn61/LocalWOK/wok_entities/LOC/dev/CR0-OCCT691-7-CR0-OCCT691-occt-64/inc/Handle_QANCollection_DoubleMapNodeOfDoubleMapOfRealInteger.hxx
+M QANCollection:pubinclude:QANCollection_DoubleMapNodeOfDoubleMapOfRealInteger.hxx /misc/dn61/LocalWOK/wok_entities/LOC/dev/CR0-OCCT691-7-CR0-OCCT691-occt-64/inc/QANCollection_DoubleMapNodeOfDoubleMapOfRealInteger.hxx
+M QANCollection:derivated:QANCollection_DoubleMapNodeOfDoubleMapOfRealInteger_0.cxx /misc/dn61/LocalWOK/wok_entities/LOC/dev/CR0-OCCT691-7-CR0-OCCT691-occt-64/drv/QANCollection/QANCollection_DoubleMapNodeOfDoubleMapOfRealInteger_0.cxx
+M QANCollection:pubinclude:QANCollection_DoubleMapIteratorOfDoubleMapOfRealInteger.hxx /misc/dn61/LocalWOK/wok_entities/LOC/dev/CR0-OCCT691-7-CR0-OCCT691-occt-64/inc/QANCollection_DoubleMapIteratorOfDoubleMapOfRealInteger.hxx
+M QANCollection:derivated:QANCollection_DoubleMapIteratorOfDoubleMapOfRealInteger_0.cxx /misc/dn61/LocalWOK/wok_entities/LOC/dev/CR0-OCCT691-7-CR0-OCCT691-occt-64/drv/QANCollection/QANCollection_DoubleMapIteratorOfDoubleMapOfRealInteger_0.cxx
+M QANCollection:dbadmfile:QANCollection_xcpp_header.In /misc/dn61/LocalWOK/wok_entities/LOC/dev/CR0-OCCT691-7-CR0-OCCT691-occt-64/drv/QANCollection/.adm/QANCollection_xcpp_header.In
+M QANCollection:dbadmfile:QANCollection_xcpp_header.Out /misc/dn61/LocalWOK/wok_entities/LOC/dev/CR0-OCCT691-7-CR0-OCCT691-occt-64/drv/QANCollection/.adm/QANCollection_xcpp_header.Out
+M QANCollection:dbadmfile:QANCollection_xcpp_header.Dep /misc/dn61/LocalWOK/wok_entities/LOC/dev/CR0-OCCT691-7-CR0-OCCT691-occt-64/drv/QANCollection/.adm/QANCollection_xcpp_header.Dep
