+M Select3D:pubinclude:Select3D_Pnt.hxx /misc/dn61/LocalWOK/wok_entities/LOC/dev/CR0-OCCT691-7-CR0-OCCT691-occt-64/inc/Select3D_Pnt.hxx
+M Select3D:pubinclude:Select3D_Macro.hxx /misc/dn61/LocalWOK/wok_entities/LOC/dev/CR0-OCCT691-7-CR0-OCCT691-occt-64/inc/Select3D_Macro.hxx
+M Select3D:pubinclude:Select3D_PointData.hxx /misc/dn61/LocalWOK/wok_entities/LOC/dev/CR0-OCCT691-7-CR0-OCCT691-occt-64/inc/Select3D_PointData.hxx
+M Select3D:pubinclude:Select3D_BndBox3d.hxx /misc/dn61/LocalWOK/wok_entities/LOC/dev/CR0-OCCT691-7-CR0-OCCT691-occt-64/inc/Select3D_BndBox3d.hxx
+M Select3D:pubinclude:Select3D_BVHPrimitiveContent.hxx /misc/dn61/LocalWOK/wok_entities/LOC/dev/CR0-OCCT691-7-CR0-OCCT691-occt-64/inc/Select3D_BVHPrimitiveContent.hxx
+M Select3D:pubinclude:Select3D_InteriorSensitivePointSet.hxx /misc/dn61/LocalWOK/wok_entities/LOC/dev/CR0-OCCT691-7-CR0-OCCT691-occt-64/inc/Select3D_InteriorSensitivePointSet.hxx
+M Select3D:pubinclude:Select3D_EntitySequence.hxx /misc/dn61/LocalWOK/wok_entities/LOC/dev/CR0-OCCT691-7-CR0-OCCT691-occt-64/inc/Select3D_EntitySequence.hxx
+M Select3D:pubinclude:Select3D_SensitiveBox.hxx /misc/dn61/LocalWOK/wok_entities/LOC/dev/CR0-OCCT691-7-CR0-OCCT691-occt-64/inc/Select3D_SensitiveBox.hxx
+M Select3D:pubinclude:Select3D_SensitiveCircle.hxx /misc/dn61/LocalWOK/wok_entities/LOC/dev/CR0-OCCT691-7-CR0-OCCT691-occt-64/inc/Select3D_SensitiveCircle.hxx
+M Select3D:pubinclude:Select3D_SensitiveCurve.hxx /misc/dn61/LocalWOK/wok_entities/LOC/dev/CR0-OCCT691-7-CR0-OCCT691-occt-64/inc/Select3D_SensitiveCurve.hxx
+M Select3D:pubinclude:Select3D_SensitiveEntity.hxx /misc/dn61/LocalWOK/wok_entities/LOC/dev/CR0-OCCT691-7-CR0-OCCT691-occt-64/inc/Select3D_SensitiveEntity.hxx
+M Select3D:pubinclude:Select3D_SensitiveFace.hxx /misc/dn61/LocalWOK/wok_entities/LOC/dev/CR0-OCCT691-7-CR0-OCCT691-occt-64/inc/Select3D_SensitiveFace.hxx
+M Select3D:pubinclude:Select3D_SensitiveGroup.hxx /misc/dn61/LocalWOK/wok_entities/LOC/dev/CR0-OCCT691-7-CR0-OCCT691-occt-64/inc/Select3D_SensitiveGroup.hxx
+M Select3D:pubinclude:Select3D_SensitiveGroup.lxx /misc/dn61/LocalWOK/wok_entities/LOC/dev/CR0-OCCT691-7-CR0-OCCT691-occt-64/inc/Select3D_SensitiveGroup.lxx
+M Select3D:pubinclude:Select3D_SensitivePoint.hxx /misc/dn61/LocalWOK/wok_entities/LOC/dev/CR0-OCCT691-7-CR0-OCCT691-occt-64/inc/Select3D_SensitivePoint.hxx
+M Select3D:pubinclude:Select3D_SensitivePoly.hxx /misc/dn61/LocalWOK/wok_entities/LOC/dev/CR0-OCCT691-7-CR0-OCCT691-occt-64/inc/Select3D_SensitivePoly.hxx
+M Select3D:pubinclude:Select3D_SensitivePoly.lxx /misc/dn61/LocalWOK/wok_entities/LOC/dev/CR0-OCCT691-7-CR0-OCCT691-occt-64/inc/Select3D_SensitivePoly.lxx
+M Select3D:pubinclude:Select3D_SensitiveSegment.hxx /misc/dn61/LocalWOK/wok_entities/LOC/dev/CR0-OCCT691-7-CR0-OCCT691-occt-64/inc/Select3D_SensitiveSegment.hxx
+M Select3D:pubinclude:Select3D_SensitiveSegment.lxx /misc/dn61/LocalWOK/wok_entities/LOC/dev/CR0-OCCT691-7-CR0-OCCT691-occt-64/inc/Select3D_SensitiveSegment.lxx
+M Select3D:pubinclude:Select3D_SensitiveSet.hxx /misc/dn61/LocalWOK/wok_entities/LOC/dev/CR0-OCCT691-7-CR0-OCCT691-occt-64/inc/Select3D_SensitiveSet.hxx
+M Select3D:pubinclude:Select3D_SensitiveTriangle.hxx /misc/dn61/LocalWOK/wok_entities/LOC/dev/CR0-OCCT691-7-CR0-OCCT691-occt-64/inc/Select3D_SensitiveTriangle.hxx
+M Select3D:pubinclude:Select3D_SensitiveTriangulation.hxx /misc/dn61/LocalWOK/wok_entities/LOC/dev/CR0-OCCT691-7-CR0-OCCT691-occt-64/inc/Select3D_SensitiveTriangulation.hxx
+M Select3D:pubinclude:Select3D_SensitiveTriangulation.lxx /misc/dn61/LocalWOK/wok_entities/LOC/dev/CR0-OCCT691-7-CR0-OCCT691-occt-64/inc/Select3D_SensitiveTriangulation.lxx
+M Select3D:pubinclude:Select3D_SensitiveWire.hxx /misc/dn61/LocalWOK/wok_entities/LOC/dev/CR0-OCCT691-7-CR0-OCCT691-occt-64/inc/Select3D_SensitiveWire.hxx
+M Select3D:pubinclude:Select3D_TypeOfSensitivity.hxx /misc/dn61/LocalWOK/wok_entities/LOC/dev/CR0-OCCT691-7-CR0-OCCT691-occt-64/inc/Select3D_TypeOfSensitivity.hxx
+M Select3D:dbadmfile:Select3D_obj_inc.In /misc/dn61/LocalWOK/wok_entities/LOC/dev/CR0-OCCT691-7-CR0-OCCT691-occt-64/drv/Select3D/.adm/Select3D_obj_inc.In
+M Select3D:dbadmfile:Select3D_obj_inc.Out /misc/dn61/LocalWOK/wok_entities/LOC/dev/CR0-OCCT691-7-CR0-OCCT691-occt-64/drv/Select3D/.adm/Select3D_obj_inc.Out
+M Select3D:dbadmfile:Select3D_obj_inc.Dep /misc/dn61/LocalWOK/wok_entities/LOC/dev/CR0-OCCT691-7-CR0-OCCT691-occt-64/drv/Select3D/.adm/Select3D_obj_inc.Dep
