+M IGESGraph:pubinclude:IGESGraph.hxx /misc/dn61/LocalWOK/wok_entities/LOC/dev/CR0-OCCT691-7-CR0-OCCT691-occt-64/inc/IGESGraph.hxx
+M IGESGraph:privinclude:IGESGraph.jxx /misc/dn61/LocalWOK/wok_entities/LOC/dev/CR0-OCCT691-7-CR0-OCCT691-occt-64/drv/IGESGraph/IGESGraph.jxx
+M IGESGraph:privinclude:IGESGraph.ixx /misc/dn61/LocalWOK/wok_entities/LOC/dev/CR0-OCCT691-7-CR0-OCCT691-occt-64/drv/IGESGraph/IGESGraph.ixx
+M IGESGraph:pubinclude:Handle_IGESGraph_LineFontDefTemplate.hxx /misc/dn61/LocalWOK/wok_entities/LOC/dev/CR0-OCCT691-7-CR0-OCCT691-occt-64/inc/Handle_IGESGraph_LineFontDefTemplate.hxx
+M IGESGraph:pubinclude:IGESGraph_LineFontDefTemplate.hxx /misc/dn61/LocalWOK/wok_entities/LOC/dev/CR0-OCCT691-7-CR0-OCCT691-occt-64/inc/IGESGraph_LineFontDefTemplate.hxx
+M IGESGraph:privinclude:IGESGraph_LineFontDefTemplate.jxx /misc/dn61/LocalWOK/wok_entities/LOC/dev/CR0-OCCT691-7-CR0-OCCT691-occt-64/drv/IGESGraph/IGESGraph_LineFontDefTemplate.jxx
+M IGESGraph:privinclude:IGESGraph_LineFontDefTemplate.ixx /misc/dn61/LocalWOK/wok_entities/LOC/dev/CR0-OCCT691-7-CR0-OCCT691-occt-64/drv/IGESGraph/IGESGraph_LineFontDefTemplate.ixx
+M IGESGraph:pubinclude:Handle_IGESGraph_LineFontDefPattern.hxx /misc/dn61/LocalWOK/wok_entities/LOC/dev/CR0-OCCT691-7-CR0-OCCT691-occt-64/inc/Handle_IGESGraph_LineFontDefPattern.hxx
+M IGESGraph:pubinclude:IGESGraph_LineFontDefPattern.hxx /misc/dn61/LocalWOK/wok_entities/LOC/dev/CR0-OCCT691-7-CR0-OCCT691-occt-64/inc/IGESGraph_LineFontDefPattern.hxx
+M IGESGraph:privinclude:IGESGraph_LineFontDefPattern.jxx /misc/dn61/LocalWOK/wok_entities/LOC/dev/CR0-OCCT691-7-CR0-OCCT691-occt-64/drv/IGESGraph/IGESGraph_LineFontDefPattern.jxx
+M IGESGraph:privinclude:IGESGraph_LineFontDefPattern.ixx /misc/dn61/LocalWOK/wok_entities/LOC/dev/CR0-OCCT691-7-CR0-OCCT691-occt-64/drv/IGESGraph/IGESGraph_LineFontDefPattern.ixx
+M IGESGraph:pubinclude:Handle_IGESGraph_TextFontDef.hxx /misc/dn61/LocalWOK/wok_entities/LOC/dev/CR0-OCCT691-7-CR0-OCCT691-occt-64/inc/Handle_IGESGraph_TextFontDef.hxx
+M IGESGraph:pubinclude:IGESGraph_TextFontDef.hxx /misc/dn61/LocalWOK/wok_entities/LOC/dev/CR0-OCCT691-7-CR0-OCCT691-occt-64/inc/IGESGraph_TextFontDef.hxx
+M IGESGraph:privinclude:IGESGraph_TextFontDef.jxx /misc/dn61/LocalWOK/wok_entities/LOC/dev/CR0-OCCT691-7-CR0-OCCT691-occt-64/drv/IGESGraph/IGESGraph_TextFontDef.jxx
+M IGESGraph:privinclude:IGESGraph_TextFontDef.ixx /misc/dn61/LocalWOK/wok_entities/LOC/dev/CR0-OCCT691-7-CR0-OCCT691-occt-64/drv/IGESGraph/IGESGraph_TextFontDef.ixx
+M IGESGraph:pubinclude:Handle_IGESGraph_TextDisplayTemplate.hxx /misc/dn61/LocalWOK/wok_entities/LOC/dev/CR0-OCCT691-7-CR0-OCCT691-occt-64/inc/Handle_IGESGraph_TextDisplayTemplate.hxx
+M IGESGraph:pubinclude:IGESGraph_TextDisplayTemplate.hxx /misc/dn61/LocalWOK/wok_entities/LOC/dev/CR0-OCCT691-7-CR0-OCCT691-occt-64/inc/IGESGraph_TextDisplayTemplate.hxx
+M IGESGraph:privinclude:IGESGraph_TextDisplayTemplate.jxx /misc/dn61/LocalWOK/wok_entities/LOC/dev/CR0-OCCT691-7-CR0-OCCT691-occt-64/drv/IGESGraph/IGESGraph_TextDisplayTemplate.jxx
+M IGESGraph:privinclude:IGESGraph_TextDisplayTemplate.ixx /misc/dn61/LocalWOK/wok_entities/LOC/dev/CR0-OCCT691-7-CR0-OCCT691-occt-64/drv/IGESGraph/IGESGraph_TextDisplayTemplate.ixx
+M IGESGraph:pubinclude:Handle_IGESGraph_Color.hxx /misc/dn61/LocalWOK/wok_entities/LOC/dev/CR0-OCCT691-7-CR0-OCCT691-occt-64/inc/Handle_IGESGraph_Color.hxx
+M IGESGraph:pubinclude:IGESGraph_Color.hxx /misc/dn61/LocalWOK/wok_entities/LOC/dev/CR0-OCCT691-7-CR0-OCCT691-occt-64/inc/IGESGraph_Color.hxx
+M IGESGraph:privinclude:IGESGraph_Color.jxx /misc/dn61/LocalWOK/wok_entities/LOC/dev/CR0-OCCT691-7-CR0-OCCT691-occt-64/drv/IGESGraph/IGESGraph_Color.jxx
+M IGESGraph:privinclude:IGESGraph_Color.ixx /misc/dn61/LocalWOK/wok_entities/LOC/dev/CR0-OCCT691-7-CR0-OCCT691-occt-64/drv/IGESGraph/IGESGraph_Color.ixx
+M IGESGraph:pubinclude:Handle_IGESGraph_DefinitionLevel.hxx /misc/dn61/LocalWOK/wok_entities/LOC/dev/CR0-OCCT691-7-CR0-OCCT691-occt-64/inc/Handle_IGESGraph_DefinitionLevel.hxx
+M IGESGraph:pubinclude:IGESGraph_DefinitionLevel.hxx /misc/dn61/LocalWOK/wok_entities/LOC/dev/CR0-OCCT691-7-CR0-OCCT691-occt-64/inc/IGESGraph_DefinitionLevel.hxx
+M IGESGraph:privinclude:IGESGraph_DefinitionLevel.jxx /misc/dn61/LocalWOK/wok_entities/LOC/dev/CR0-OCCT691-7-CR0-OCCT691-occt-64/drv/IGESGraph/IGESGraph_DefinitionLevel.jxx
+M IGESGraph:privinclude:IGESGraph_DefinitionLevel.ixx /misc/dn61/LocalWOK/wok_entities/LOC/dev/CR0-OCCT691-7-CR0-OCCT691-occt-64/drv/IGESGraph/IGESGraph_DefinitionLevel.ixx
+M IGESGraph:pubinclude:Handle_IGESGraph_NominalSize.hxx /misc/dn61/LocalWOK/wok_entities/LOC/dev/CR0-OCCT691-7-CR0-OCCT691-occt-64/inc/Handle_IGESGraph_NominalSize.hxx
+M IGESGraph:pubinclude:IGESGraph_NominalSize.hxx /misc/dn61/LocalWOK/wok_entities/LOC/dev/CR0-OCCT691-7-CR0-OCCT691-occt-64/inc/IGESGraph_NominalSize.hxx
+M IGESGraph:privinclude:IGESGraph_NominalSize.jxx /misc/dn61/LocalWOK/wok_entities/LOC/dev/CR0-OCCT691-7-CR0-OCCT691-occt-64/drv/IGESGraph/IGESGraph_NominalSize.jxx
+M IGESGraph:privinclude:IGESGraph_NominalSize.ixx /misc/dn61/LocalWOK/wok_entities/LOC/dev/CR0-OCCT691-7-CR0-OCCT691-occt-64/drv/IGESGraph/IGESGraph_NominalSize.ixx
+M IGESGraph:pubinclude:Handle_IGESGraph_DrawingSize.hxx /misc/dn61/LocalWOK/wok_entities/LOC/dev/CR0-OCCT691-7-CR0-OCCT691-occt-64/inc/Handle_IGESGraph_DrawingSize.hxx
+M IGESGraph:pubinclude:IGESGraph_DrawingSize.hxx /misc/dn61/LocalWOK/wok_entities/LOC/dev/CR0-OCCT691-7-CR0-OCCT691-occt-64/inc/IGESGraph_DrawingSize.hxx
+M IGESGraph:privinclude:IGESGraph_DrawingSize.jxx /misc/dn61/LocalWOK/wok_entities/LOC/dev/CR0-OCCT691-7-CR0-OCCT691-occt-64/drv/IGESGraph/IGESGraph_DrawingSize.jxx
+M IGESGraph:privinclude:IGESGraph_DrawingSize.ixx /misc/dn61/LocalWOK/wok_entities/LOC/dev/CR0-OCCT691-7-CR0-OCCT691-occt-64/drv/IGESGraph/IGESGraph_DrawingSize.ixx
+M IGESGraph:pubinclude:Handle_IGESGraph_DrawingUnits.hxx /misc/dn61/LocalWOK/wok_entities/LOC/dev/CR0-OCCT691-7-CR0-OCCT691-occt-64/inc/Handle_IGESGraph_DrawingUnits.hxx
+M IGESGraph:pubinclude:IGESGraph_DrawingUnits.hxx /misc/dn61/LocalWOK/wok_entities/LOC/dev/CR0-OCCT691-7-CR0-OCCT691-occt-64/inc/IGESGraph_DrawingUnits.hxx
+M IGESGraph:privinclude:IGESGraph_DrawingUnits.jxx /misc/dn61/LocalWOK/wok_entities/LOC/dev/CR0-OCCT691-7-CR0-OCCT691-occt-64/drv/IGESGraph/IGESGraph_DrawingUnits.jxx
+M IGESGraph:privinclude:IGESGraph_DrawingUnits.ixx /misc/dn61/LocalWOK/wok_entities/LOC/dev/CR0-OCCT691-7-CR0-OCCT691-occt-64/drv/IGESGraph/IGESGraph_DrawingUnits.ixx
+M IGESGraph:pubinclude:Handle_IGESGraph_IntercharacterSpacing.hxx /misc/dn61/LocalWOK/wok_entities/LOC/dev/CR0-OCCT691-7-CR0-OCCT691-occt-64/inc/Handle_IGESGraph_IntercharacterSpacing.hxx
+M IGESGraph:pubinclude:IGESGraph_IntercharacterSpacing.hxx /misc/dn61/LocalWOK/wok_entities/LOC/dev/CR0-OCCT691-7-CR0-OCCT691-occt-64/inc/IGESGraph_IntercharacterSpacing.hxx
+M IGESGraph:privinclude:IGESGraph_IntercharacterSpacing.jxx /misc/dn61/LocalWOK/wok_entities/LOC/dev/CR0-OCCT691-7-CR0-OCCT691-occt-64/drv/IGESGraph/IGESGraph_IntercharacterSpacing.jxx
+M IGESGraph:privinclude:IGESGraph_IntercharacterSpacing.ixx /misc/dn61/LocalWOK/wok_entities/LOC/dev/CR0-OCCT691-7-CR0-OCCT691-occt-64/drv/IGESGraph/IGESGraph_IntercharacterSpacing.ixx
+M IGESGraph:pubinclude:Handle_IGESGraph_LineFontPredefined.hxx /misc/dn61/LocalWOK/wok_entities/LOC/dev/CR0-OCCT691-7-CR0-OCCT691-occt-64/inc/Handle_IGESGraph_LineFontPredefined.hxx
+M IGESGraph:pubinclude:IGESGraph_LineFontPredefined.hxx /misc/dn61/LocalWOK/wok_entities/LOC/dev/CR0-OCCT691-7-CR0-OCCT691-occt-64/inc/IGESGraph_LineFontPredefined.hxx
+M IGESGraph:privinclude:IGESGraph_LineFontPredefined.jxx /misc/dn61/LocalWOK/wok_entities/LOC/dev/CR0-OCCT691-7-CR0-OCCT691-occt-64/drv/IGESGraph/IGESGraph_LineFontPredefined.jxx
+M IGESGraph:privinclude:IGESGraph_LineFontPredefined.ixx /misc/dn61/LocalWOK/wok_entities/LOC/dev/CR0-OCCT691-7-CR0-OCCT691-occt-64/drv/IGESGraph/IGESGraph_LineFontPredefined.ixx
+M IGESGraph:pubinclude:Handle_IGESGraph_HighLight.hxx /misc/dn61/LocalWOK/wok_entities/LOC/dev/CR0-OCCT691-7-CR0-OCCT691-occt-64/inc/Handle_IGESGraph_HighLight.hxx
+M IGESGraph:pubinclude:IGESGraph_HighLight.hxx /misc/dn61/LocalWOK/wok_entities/LOC/dev/CR0-OCCT691-7-CR0-OCCT691-occt-64/inc/IGESGraph_HighLight.hxx
+M IGESGraph:privinclude:IGESGraph_HighLight.jxx /misc/dn61/LocalWOK/wok_entities/LOC/dev/CR0-OCCT691-7-CR0-OCCT691-occt-64/drv/IGESGraph/IGESGraph_HighLight.jxx
+M IGESGraph:privinclude:IGESGraph_HighLight.ixx /misc/dn61/LocalWOK/wok_entities/LOC/dev/CR0-OCCT691-7-CR0-OCCT691-occt-64/drv/IGESGraph/IGESGraph_HighLight.ixx
+M IGESGraph:pubinclude:Handle_IGESGraph_Pick.hxx /misc/dn61/LocalWOK/wok_entities/LOC/dev/CR0-OCCT691-7-CR0-OCCT691-occt-64/inc/Handle_IGESGraph_Pick.hxx
+M IGESGraph:pubinclude:IGESGraph_Pick.hxx /misc/dn61/LocalWOK/wok_entities/LOC/dev/CR0-OCCT691-7-CR0-OCCT691-occt-64/inc/IGESGraph_Pick.hxx
+M IGESGraph:privinclude:IGESGraph_Pick.jxx /misc/dn61/LocalWOK/wok_entities/LOC/dev/CR0-OCCT691-7-CR0-OCCT691-occt-64/drv/IGESGraph/IGESGraph_Pick.jxx
+M IGESGraph:privinclude:IGESGraph_Pick.ixx /misc/dn61/LocalWOK/wok_entities/LOC/dev/CR0-OCCT691-7-CR0-OCCT691-occt-64/drv/IGESGraph/IGESGraph_Pick.ixx
+M IGESGraph:pubinclude:Handle_IGESGraph_UniformRectGrid.hxx /misc/dn61/LocalWOK/wok_entities/LOC/dev/CR0-OCCT691-7-CR0-OCCT691-occt-64/inc/Handle_IGESGraph_UniformRectGrid.hxx
+M IGESGraph:pubinclude:IGESGraph_UniformRectGrid.hxx /misc/dn61/LocalWOK/wok_entities/LOC/dev/CR0-OCCT691-7-CR0-OCCT691-occt-64/inc/IGESGraph_UniformRectGrid.hxx
+M IGESGraph:privinclude:IGESGraph_UniformRectGrid.jxx /misc/dn61/LocalWOK/wok_entities/LOC/dev/CR0-OCCT691-7-CR0-OCCT691-occt-64/drv/IGESGraph/IGESGraph_UniformRectGrid.jxx
+M IGESGraph:privinclude:IGESGraph_UniformRectGrid.ixx /misc/dn61/LocalWOK/wok_entities/LOC/dev/CR0-OCCT691-7-CR0-OCCT691-occt-64/drv/IGESGraph/IGESGraph_UniformRectGrid.ixx
+M IGESGraph:pubinclude:IGESGraph_ToolLineFontDefTemplate.hxx /misc/dn61/LocalWOK/wok_entities/LOC/dev/CR0-OCCT691-7-CR0-OCCT691-occt-64/inc/IGESGraph_ToolLineFontDefTemplate.hxx
+M IGESGraph:privinclude:IGESGraph_ToolLineFontDefTemplate.jxx /misc/dn61/LocalWOK/wok_entities/LOC/dev/CR0-OCCT691-7-CR0-OCCT691-occt-64/drv/IGESGraph/IGESGraph_ToolLineFontDefTemplate.jxx
+M IGESGraph:privinclude:IGESGraph_ToolLineFontDefTemplate.ixx /misc/dn61/LocalWOK/wok_entities/LOC/dev/CR0-OCCT691-7-CR0-OCCT691-occt-64/drv/IGESGraph/IGESGraph_ToolLineFontDefTemplate.ixx
+M IGESGraph:pubinclude:IGESGraph_ToolLineFontDefPattern.hxx /misc/dn61/LocalWOK/wok_entities/LOC/dev/CR0-OCCT691-7-CR0-OCCT691-occt-64/inc/IGESGraph_ToolLineFontDefPattern.hxx
+M IGESGraph:privinclude:IGESGraph_ToolLineFontDefPattern.jxx /misc/dn61/LocalWOK/wok_entities/LOC/dev/CR0-OCCT691-7-CR0-OCCT691-occt-64/drv/IGESGraph/IGESGraph_ToolLineFontDefPattern.jxx
+M IGESGraph:privinclude:IGESGraph_ToolLineFontDefPattern.ixx /misc/dn61/LocalWOK/wok_entities/LOC/dev/CR0-OCCT691-7-CR0-OCCT691-occt-64/drv/IGESGraph/IGESGraph_ToolLineFontDefPattern.ixx
+M IGESGraph:pubinclude:IGESGraph_ToolTextFontDef.hxx /misc/dn61/LocalWOK/wok_entities/LOC/dev/CR0-OCCT691-7-CR0-OCCT691-occt-64/inc/IGESGraph_ToolTextFontDef.hxx
+M IGESGraph:privinclude:IGESGraph_ToolTextFontDef.jxx /misc/dn61/LocalWOK/wok_entities/LOC/dev/CR0-OCCT691-7-CR0-OCCT691-occt-64/drv/IGESGraph/IGESGraph_ToolTextFontDef.jxx
+M IGESGraph:privinclude:IGESGraph_ToolTextFontDef.ixx /misc/dn61/LocalWOK/wok_entities/LOC/dev/CR0-OCCT691-7-CR0-OCCT691-occt-64/drv/IGESGraph/IGESGraph_ToolTextFontDef.ixx
+M IGESGraph:pubinclude:IGESGraph_ToolTextDisplayTemplate.hxx /misc/dn61/LocalWOK/wok_entities/LOC/dev/CR0-OCCT691-7-CR0-OCCT691-occt-64/inc/IGESGraph_ToolTextDisplayTemplate.hxx
+M IGESGraph:privinclude:IGESGraph_ToolTextDisplayTemplate.jxx /misc/dn61/LocalWOK/wok_entities/LOC/dev/CR0-OCCT691-7-CR0-OCCT691-occt-64/drv/IGESGraph/IGESGraph_ToolTextDisplayTemplate.jxx
+M IGESGraph:privinclude:IGESGraph_ToolTextDisplayTemplate.ixx /misc/dn61/LocalWOK/wok_entities/LOC/dev/CR0-OCCT691-7-CR0-OCCT691-occt-64/drv/IGESGraph/IGESGraph_ToolTextDisplayTemplate.ixx
+M IGESGraph:pubinclude:IGESGraph_ToolColor.hxx /misc/dn61/LocalWOK/wok_entities/LOC/dev/CR0-OCCT691-7-CR0-OCCT691-occt-64/inc/IGESGraph_ToolColor.hxx
+M IGESGraph:privinclude:IGESGraph_ToolColor.jxx /misc/dn61/LocalWOK/wok_entities/LOC/dev/CR0-OCCT691-7-CR0-OCCT691-occt-64/drv/IGESGraph/IGESGraph_ToolColor.jxx
+M IGESGraph:privinclude:IGESGraph_ToolColor.ixx /misc/dn61/LocalWOK/wok_entities/LOC/dev/CR0-OCCT691-7-CR0-OCCT691-occt-64/drv/IGESGraph/IGESGraph_ToolColor.ixx
+M IGESGraph:pubinclude:IGESGraph_ToolDefinitionLevel.hxx /misc/dn61/LocalWOK/wok_entities/LOC/dev/CR0-OCCT691-7-CR0-OCCT691-occt-64/inc/IGESGraph_ToolDefinitionLevel.hxx
+M IGESGraph:privinclude:IGESGraph_ToolDefinitionLevel.jxx /misc/dn61/LocalWOK/wok_entities/LOC/dev/CR0-OCCT691-7-CR0-OCCT691-occt-64/drv/IGESGraph/IGESGraph_ToolDefinitionLevel.jxx
+M IGESGraph:privinclude:IGESGraph_ToolDefinitionLevel.ixx /misc/dn61/LocalWOK/wok_entities/LOC/dev/CR0-OCCT691-7-CR0-OCCT691-occt-64/drv/IGESGraph/IGESGraph_ToolDefinitionLevel.ixx
+M IGESGraph:pubinclude:IGESGraph_ToolNominalSize.hxx /misc/dn61/LocalWOK/wok_entities/LOC/dev/CR0-OCCT691-7-CR0-OCCT691-occt-64/inc/IGESGraph_ToolNominalSize.hxx
+M IGESGraph:privinclude:IGESGraph_ToolNominalSize.jxx /misc/dn61/LocalWOK/wok_entities/LOC/dev/CR0-OCCT691-7-CR0-OCCT691-occt-64/drv/IGESGraph/IGESGraph_ToolNominalSize.jxx
+M IGESGraph:privinclude:IGESGraph_ToolNominalSize.ixx /misc/dn61/LocalWOK/wok_entities/LOC/dev/CR0-OCCT691-7-CR0-OCCT691-occt-64/drv/IGESGraph/IGESGraph_ToolNominalSize.ixx
+M IGESGraph:pubinclude:IGESGraph_ToolDrawingSize.hxx /misc/dn61/LocalWOK/wok_entities/LOC/dev/CR0-OCCT691-7-CR0-OCCT691-occt-64/inc/IGESGraph_ToolDrawingSize.hxx
+M IGESGraph:privinclude:IGESGraph_ToolDrawingSize.jxx /misc/dn61/LocalWOK/wok_entities/LOC/dev/CR0-OCCT691-7-CR0-OCCT691-occt-64/drv/IGESGraph/IGESGraph_ToolDrawingSize.jxx
+M IGESGraph:privinclude:IGESGraph_ToolDrawingSize.ixx /misc/dn61/LocalWOK/wok_entities/LOC/dev/CR0-OCCT691-7-CR0-OCCT691-occt-64/drv/IGESGraph/IGESGraph_ToolDrawingSize.ixx
+M IGESGraph:pubinclude:IGESGraph_ToolDrawingUnits.hxx /misc/dn61/LocalWOK/wok_entities/LOC/dev/CR0-OCCT691-7-CR0-OCCT691-occt-64/inc/IGESGraph_ToolDrawingUnits.hxx
+M IGESGraph:privinclude:IGESGraph_ToolDrawingUnits.jxx /misc/dn61/LocalWOK/wok_entities/LOC/dev/CR0-OCCT691-7-CR0-OCCT691-occt-64/drv/IGESGraph/IGESGraph_ToolDrawingUnits.jxx
+M IGESGraph:privinclude:IGESGraph_ToolDrawingUnits.ixx /misc/dn61/LocalWOK/wok_entities/LOC/dev/CR0-OCCT691-7-CR0-OCCT691-occt-64/drv/IGESGraph/IGESGraph_ToolDrawingUnits.ixx
+M IGESGraph:pubinclude:IGESGraph_ToolIntercharacterSpacing.hxx /misc/dn61/LocalWOK/wok_entities/LOC/dev/CR0-OCCT691-7-CR0-OCCT691-occt-64/inc/IGESGraph_ToolIntercharacterSpacing.hxx
+M IGESGraph:privinclude:IGESGraph_ToolIntercharacterSpacing.jxx /misc/dn61/LocalWOK/wok_entities/LOC/dev/CR0-OCCT691-7-CR0-OCCT691-occt-64/drv/IGESGraph/IGESGraph_ToolIntercharacterSpacing.jxx
+M IGESGraph:privinclude:IGESGraph_ToolIntercharacterSpacing.ixx /misc/dn61/LocalWOK/wok_entities/LOC/dev/CR0-OCCT691-7-CR0-OCCT691-occt-64/drv/IGESGraph/IGESGraph_ToolIntercharacterSpacing.ixx
+M IGESGraph:pubinclude:IGESGraph_ToolLineFontPredefined.hxx /misc/dn61/LocalWOK/wok_entities/LOC/dev/CR0-OCCT691-7-CR0-OCCT691-occt-64/inc/IGESGraph_ToolLineFontPredefined.hxx
+M IGESGraph:privinclude:IGESGraph_ToolLineFontPredefined.jxx /misc/dn61/LocalWOK/wok_entities/LOC/dev/CR0-OCCT691-7-CR0-OCCT691-occt-64/drv/IGESGraph/IGESGraph_ToolLineFontPredefined.jxx
+M IGESGraph:privinclude:IGESGraph_ToolLineFontPredefined.ixx /misc/dn61/LocalWOK/wok_entities/LOC/dev/CR0-OCCT691-7-CR0-OCCT691-occt-64/drv/IGESGraph/IGESGraph_ToolLineFontPredefined.ixx
+M IGESGraph:pubinclude:IGESGraph_ToolHighLight.hxx /misc/dn61/LocalWOK/wok_entities/LOC/dev/CR0-OCCT691-7-CR0-OCCT691-occt-64/inc/IGESGraph_ToolHighLight.hxx
+M IGESGraph:privinclude:IGESGraph_ToolHighLight.jxx /misc/dn61/LocalWOK/wok_entities/LOC/dev/CR0-OCCT691-7-CR0-OCCT691-occt-64/drv/IGESGraph/IGESGraph_ToolHighLight.jxx
+M IGESGraph:privinclude:IGESGraph_ToolHighLight.ixx /misc/dn61/LocalWOK/wok_entities/LOC/dev/CR0-OCCT691-7-CR0-OCCT691-occt-64/drv/IGESGraph/IGESGraph_ToolHighLight.ixx
+M IGESGraph:pubinclude:IGESGraph_ToolPick.hxx /misc/dn61/LocalWOK/wok_entities/LOC/dev/CR0-OCCT691-7-CR0-OCCT691-occt-64/inc/IGESGraph_ToolPick.hxx
+M IGESGraph:privinclude:IGESGraph_ToolPick.jxx /misc/dn61/LocalWOK/wok_entities/LOC/dev/CR0-OCCT691-7-CR0-OCCT691-occt-64/drv/IGESGraph/IGESGraph_ToolPick.jxx
+M IGESGraph:privinclude:IGESGraph_ToolPick.ixx /misc/dn61/LocalWOK/wok_entities/LOC/dev/CR0-OCCT691-7-CR0-OCCT691-occt-64/drv/IGESGraph/IGESGraph_ToolPick.ixx
+M IGESGraph:pubinclude:IGESGraph_ToolUniformRectGrid.hxx /misc/dn61/LocalWOK/wok_entities/LOC/dev/CR0-OCCT691-7-CR0-OCCT691-occt-64/inc/IGESGraph_ToolUniformRectGrid.hxx
+M IGESGraph:privinclude:IGESGraph_ToolUniformRectGrid.jxx /misc/dn61/LocalWOK/wok_entities/LOC/dev/CR0-OCCT691-7-CR0-OCCT691-occt-64/drv/IGESGraph/IGESGraph_ToolUniformRectGrid.jxx
+M IGESGraph:privinclude:IGESGraph_ToolUniformRectGrid.ixx /misc/dn61/LocalWOK/wok_entities/LOC/dev/CR0-OCCT691-7-CR0-OCCT691-occt-64/drv/IGESGraph/IGESGraph_ToolUniformRectGrid.ixx
+M IGESGraph:pubinclude:Handle_IGESGraph_Protocol.hxx /misc/dn61/LocalWOK/wok_entities/LOC/dev/CR0-OCCT691-7-CR0-OCCT691-occt-64/inc/Handle_IGESGraph_Protocol.hxx
+M IGESGraph:pubinclude:IGESGraph_Protocol.hxx /misc/dn61/LocalWOK/wok_entities/LOC/dev/CR0-OCCT691-7-CR0-OCCT691-occt-64/inc/IGESGraph_Protocol.hxx
+M IGESGraph:privinclude:IGESGraph_Protocol.jxx /misc/dn61/LocalWOK/wok_entities/LOC/dev/CR0-OCCT691-7-CR0-OCCT691-occt-64/drv/IGESGraph/IGESGraph_Protocol.jxx
+M IGESGraph:privinclude:IGESGraph_Protocol.ixx /misc/dn61/LocalWOK/wok_entities/LOC/dev/CR0-OCCT691-7-CR0-OCCT691-occt-64/drv/IGESGraph/IGESGraph_Protocol.ixx
+M IGESGraph:pubinclude:Handle_IGESGraph_ReadWriteModule.hxx /misc/dn61/LocalWOK/wok_entities/LOC/dev/CR0-OCCT691-7-CR0-OCCT691-occt-64/inc/Handle_IGESGraph_ReadWriteModule.hxx
+M IGESGraph:pubinclude:IGESGraph_ReadWriteModule.hxx /misc/dn61/LocalWOK/wok_entities/LOC/dev/CR0-OCCT691-7-CR0-OCCT691-occt-64/inc/IGESGraph_ReadWriteModule.hxx
+M IGESGraph:privinclude:IGESGraph_ReadWriteModule.jxx /misc/dn61/LocalWOK/wok_entities/LOC/dev/CR0-OCCT691-7-CR0-OCCT691-occt-64/drv/IGESGraph/IGESGraph_ReadWriteModule.jxx
+M IGESGraph:privinclude:IGESGraph_ReadWriteModule.ixx /misc/dn61/LocalWOK/wok_entities/LOC/dev/CR0-OCCT691-7-CR0-OCCT691-occt-64/drv/IGESGraph/IGESGraph_ReadWriteModule.ixx
+M IGESGraph:pubinclude:Handle_IGESGraph_GeneralModule.hxx /misc/dn61/LocalWOK/wok_entities/LOC/dev/CR0-OCCT691-7-CR0-OCCT691-occt-64/inc/Handle_IGESGraph_GeneralModule.hxx
+M IGESGraph:pubinclude:IGESGraph_GeneralModule.hxx /misc/dn61/LocalWOK/wok_entities/LOC/dev/CR0-OCCT691-7-CR0-OCCT691-occt-64/inc/IGESGraph_GeneralModule.hxx
+M IGESGraph:privinclude:IGESGraph_GeneralModule.jxx /misc/dn61/LocalWOK/wok_entities/LOC/dev/CR0-OCCT691-7-CR0-OCCT691-occt-64/drv/IGESGraph/IGESGraph_GeneralModule.jxx
+M IGESGraph:privinclude:IGESGraph_GeneralModule.ixx /misc/dn61/LocalWOK/wok_entities/LOC/dev/CR0-OCCT691-7-CR0-OCCT691-occt-64/drv/IGESGraph/IGESGraph_GeneralModule.ixx
+M IGESGraph:pubinclude:Handle_IGESGraph_SpecificModule.hxx /misc/dn61/LocalWOK/wok_entities/LOC/dev/CR0-OCCT691-7-CR0-OCCT691-occt-64/inc/Handle_IGESGraph_SpecificModule.hxx
+M IGESGraph:pubinclude:IGESGraph_SpecificModule.hxx /misc/dn61/LocalWOK/wok_entities/LOC/dev/CR0-OCCT691-7-CR0-OCCT691-occt-64/inc/IGESGraph_SpecificModule.hxx
+M IGESGraph:privinclude:IGESGraph_SpecificModule.jxx /misc/dn61/LocalWOK/wok_entities/LOC/dev/CR0-OCCT691-7-CR0-OCCT691-occt-64/drv/IGESGraph/IGESGraph_SpecificModule.jxx
+M IGESGraph:privinclude:IGESGraph_SpecificModule.ixx /misc/dn61/LocalWOK/wok_entities/LOC/dev/CR0-OCCT691-7-CR0-OCCT691-occt-64/drv/IGESGraph/IGESGraph_SpecificModule.ixx
+M IGESGraph:pubinclude:IGESGraph_Array1OfColor.hxx /misc/dn61/LocalWOK/wok_entities/LOC/dev/CR0-OCCT691-7-CR0-OCCT691-occt-64/inc/IGESGraph_Array1OfColor.hxx
+M IGESGraph:derivated:IGESGraph_Array1OfColor_0.cxx /misc/dn61/LocalWOK/wok_entities/LOC/dev/CR0-OCCT691-7-CR0-OCCT691-occt-64/drv/IGESGraph/IGESGraph_Array1OfColor_0.cxx
+M IGESGraph:pubinclude:IGESGraph_Array1OfTextDisplayTemplate.hxx /misc/dn61/LocalWOK/wok_entities/LOC/dev/CR0-OCCT691-7-CR0-OCCT691-occt-64/inc/IGESGraph_Array1OfTextDisplayTemplate.hxx
+M IGESGraph:derivated:IGESGraph_Array1OfTextDisplayTemplate_0.cxx /misc/dn61/LocalWOK/wok_entities/LOC/dev/CR0-OCCT691-7-CR0-OCCT691-occt-64/drv/IGESGraph/IGESGraph_Array1OfTextDisplayTemplate_0.cxx
+M IGESGraph:pubinclude:IGESGraph_Array1OfTextFontDef.hxx /misc/dn61/LocalWOK/wok_entities/LOC/dev/CR0-OCCT691-7-CR0-OCCT691-occt-64/inc/IGESGraph_Array1OfTextFontDef.hxx
+M IGESGraph:derivated:IGESGraph_Array1OfTextFontDef_0.cxx /misc/dn61/LocalWOK/wok_entities/LOC/dev/CR0-OCCT691-7-CR0-OCCT691-occt-64/drv/IGESGraph/IGESGraph_Array1OfTextFontDef_0.cxx
+M IGESGraph:pubinclude:Handle_IGESGraph_HArray1OfColor.hxx /misc/dn61/LocalWOK/wok_entities/LOC/dev/CR0-OCCT691-7-CR0-OCCT691-occt-64/inc/Handle_IGESGraph_HArray1OfColor.hxx
+M IGESGraph:pubinclude:IGESGraph_HArray1OfColor.hxx /misc/dn61/LocalWOK/wok_entities/LOC/dev/CR0-OCCT691-7-CR0-OCCT691-occt-64/inc/IGESGraph_HArray1OfColor.hxx
+M IGESGraph:derivated:IGESGraph_HArray1OfColor_0.cxx /misc/dn61/LocalWOK/wok_entities/LOC/dev/CR0-OCCT691-7-CR0-OCCT691-occt-64/drv/IGESGraph/IGESGraph_HArray1OfColor_0.cxx
+M IGESGraph:pubinclude:Handle_IGESGraph_HArray1OfTextDisplayTemplate.hxx /misc/dn61/LocalWOK/wok_entities/LOC/dev/CR0-OCCT691-7-CR0-OCCT691-occt-64/inc/Handle_IGESGraph_HArray1OfTextDisplayTemplate.hxx
+M IGESGraph:pubinclude:IGESGraph_HArray1OfTextDisplayTemplate.hxx /misc/dn61/LocalWOK/wok_entities/LOC/dev/CR0-OCCT691-7-CR0-OCCT691-occt-64/inc/IGESGraph_HArray1OfTextDisplayTemplate.hxx
+M IGESGraph:derivated:IGESGraph_HArray1OfTextDisplayTemplate_0.cxx /misc/dn61/LocalWOK/wok_entities/LOC/dev/CR0-OCCT691-7-CR0-OCCT691-occt-64/drv/IGESGraph/IGESGraph_HArray1OfTextDisplayTemplate_0.cxx
+M IGESGraph:pubinclude:Handle_IGESGraph_HArray1OfTextFontDef.hxx /misc/dn61/LocalWOK/wok_entities/LOC/dev/CR0-OCCT691-7-CR0-OCCT691-occt-64/inc/Handle_IGESGraph_HArray1OfTextFontDef.hxx
+M IGESGraph:pubinclude:IGESGraph_HArray1OfTextFontDef.hxx /misc/dn61/LocalWOK/wok_entities/LOC/dev/CR0-OCCT691-7-CR0-OCCT691-occt-64/inc/IGESGraph_HArray1OfTextFontDef.hxx
+M IGESGraph:derivated:IGESGraph_HArray1OfTextFontDef_0.cxx /misc/dn61/LocalWOK/wok_entities/LOC/dev/CR0-OCCT691-7-CR0-OCCT691-occt-64/drv/IGESGraph/IGESGraph_HArray1OfTextFontDef_0.cxx
+M IGESGraph:dbadmfile:IGESGraph_xcpp_header.In /misc/dn61/LocalWOK/wok_entities/LOC/dev/CR0-OCCT691-7-CR0-OCCT691-occt-64/drv/IGESGraph/.adm/IGESGraph_xcpp_header.In
+M IGESGraph:dbadmfile:IGESGraph_xcpp_header.Out /misc/dn61/LocalWOK/wok_entities/LOC/dev/CR0-OCCT691-7-CR0-OCCT691-occt-64/drv/IGESGraph/.adm/IGESGraph_xcpp_header.Out
+M IGESGraph:dbadmfile:IGESGraph_xcpp_header.Dep /misc/dn61/LocalWOK/wok_entities/LOC/dev/CR0-OCCT691-7-CR0-OCCT691-occt-64/drv/IGESGraph/.adm/IGESGraph_xcpp_header.Dep
