+M GeomLib:pubinclude:GeomLib.hxx /misc/dn61/LocalWOK/wok_entities/LOC/dev/CR0-OCCT691-7-CR0-OCCT691-occt-64/inc/GeomLib.hxx
+M GeomLib:privinclude:GeomLib.jxx /misc/dn61/LocalWOK/wok_entities/LOC/dev/CR0-OCCT691-7-CR0-OCCT691-occt-64/drv/GeomLib/GeomLib.jxx
+M GeomLib:privinclude:GeomLib.ixx /misc/dn61/LocalWOK/wok_entities/LOC/dev/CR0-OCCT691-7-CR0-OCCT691-occt-64/drv/GeomLib/GeomLib.ixx
+M GeomLib:pubinclude:GeomLib_Array1OfMat.hxx /misc/dn61/LocalWOK/wok_entities/LOC/dev/CR0-OCCT691-7-CR0-OCCT691-occt-64/inc/GeomLib_Array1OfMat.hxx
+M GeomLib:derivated:GeomLib_Array1OfMat_0.cxx /misc/dn61/LocalWOK/wok_entities/LOC/dev/CR0-OCCT691-7-CR0-OCCT691-occt-64/drv/GeomLib/GeomLib_Array1OfMat_0.cxx
+M GeomLib:pubinclude:GeomLib_MakeCurvefromApprox.hxx /misc/dn61/LocalWOK/wok_entities/LOC/dev/CR0-OCCT691-7-CR0-OCCT691-occt-64/inc/GeomLib_MakeCurvefromApprox.hxx
+M GeomLib:privinclude:GeomLib_MakeCurvefromApprox.jxx /misc/dn61/LocalWOK/wok_entities/LOC/dev/CR0-OCCT691-7-CR0-OCCT691-occt-64/drv/GeomLib/GeomLib_MakeCurvefromApprox.jxx
+M GeomLib:privinclude:GeomLib_MakeCurvefromApprox.ixx /misc/dn61/LocalWOK/wok_entities/LOC/dev/CR0-OCCT691-7-CR0-OCCT691-occt-64/drv/GeomLib/GeomLib_MakeCurvefromApprox.ixx
+M GeomLib:pubinclude:GeomLib_Interpolate.hxx /misc/dn61/LocalWOK/wok_entities/LOC/dev/CR0-OCCT691-7-CR0-OCCT691-occt-64/inc/GeomLib_Interpolate.hxx
+M GeomLib:privinclude:GeomLib_Interpolate.jxx /misc/dn61/LocalWOK/wok_entities/LOC/dev/CR0-OCCT691-7-CR0-OCCT691-occt-64/drv/GeomLib/GeomLib_Interpolate.jxx
+M GeomLib:privinclude:GeomLib_Interpolate.ixx /misc/dn61/LocalWOK/wok_entities/LOC/dev/CR0-OCCT691-7-CR0-OCCT691-occt-64/drv/GeomLib/GeomLib_Interpolate.ixx
+M GeomLib:pubinclude:GeomLib_DenominatorMultiplier.hxx /misc/dn61/LocalWOK/wok_entities/LOC/dev/CR0-OCCT691-7-CR0-OCCT691-occt-64/inc/GeomLib_DenominatorMultiplier.hxx
+M GeomLib:privinclude:GeomLib_DenominatorMultiplier.jxx /misc/dn61/LocalWOK/wok_entities/LOC/dev/CR0-OCCT691-7-CR0-OCCT691-occt-64/drv/GeomLib/GeomLib_DenominatorMultiplier.jxx
+M GeomLib:privinclude:GeomLib_DenominatorMultiplier.ixx /misc/dn61/LocalWOK/wok_entities/LOC/dev/CR0-OCCT691-7-CR0-OCCT691-occt-64/drv/GeomLib/GeomLib_DenominatorMultiplier.ixx
+M GeomLib:pubinclude:GeomLib_CheckBSplineCurve.hxx /misc/dn61/LocalWOK/wok_entities/LOC/dev/CR0-OCCT691-7-CR0-OCCT691-occt-64/inc/GeomLib_CheckBSplineCurve.hxx
+M GeomLib:privinclude:GeomLib_CheckBSplineCurve.jxx /misc/dn61/LocalWOK/wok_entities/LOC/dev/CR0-OCCT691-7-CR0-OCCT691-occt-64/drv/GeomLib/GeomLib_CheckBSplineCurve.jxx
+M GeomLib:privinclude:GeomLib_CheckBSplineCurve.ixx /misc/dn61/LocalWOK/wok_entities/LOC/dev/CR0-OCCT691-7-CR0-OCCT691-occt-64/drv/GeomLib/GeomLib_CheckBSplineCurve.ixx
+M GeomLib:pubinclude:GeomLib_Check2dBSplineCurve.hxx /misc/dn61/LocalWOK/wok_entities/LOC/dev/CR0-OCCT691-7-CR0-OCCT691-occt-64/inc/GeomLib_Check2dBSplineCurve.hxx
+M GeomLib:privinclude:GeomLib_Check2dBSplineCurve.jxx /misc/dn61/LocalWOK/wok_entities/LOC/dev/CR0-OCCT691-7-CR0-OCCT691-occt-64/drv/GeomLib/GeomLib_Check2dBSplineCurve.jxx
+M GeomLib:privinclude:GeomLib_Check2dBSplineCurve.ixx /misc/dn61/LocalWOK/wok_entities/LOC/dev/CR0-OCCT691-7-CR0-OCCT691-occt-64/drv/GeomLib/GeomLib_Check2dBSplineCurve.ixx
+M GeomLib:pubinclude:GeomLib_IsPlanarSurface.hxx /misc/dn61/LocalWOK/wok_entities/LOC/dev/CR0-OCCT691-7-CR0-OCCT691-occt-64/inc/GeomLib_IsPlanarSurface.hxx
+M GeomLib:privinclude:GeomLib_IsPlanarSurface.jxx /misc/dn61/LocalWOK/wok_entities/LOC/dev/CR0-OCCT691-7-CR0-OCCT691-occt-64/drv/GeomLib/GeomLib_IsPlanarSurface.jxx
+M GeomLib:privinclude:GeomLib_IsPlanarSurface.ixx /misc/dn61/LocalWOK/wok_entities/LOC/dev/CR0-OCCT691-7-CR0-OCCT691-occt-64/drv/GeomLib/GeomLib_IsPlanarSurface.ixx
+M GeomLib:pubinclude:GeomLib_Tool.hxx /misc/dn61/LocalWOK/wok_entities/LOC/dev/CR0-OCCT691-7-CR0-OCCT691-occt-64/inc/GeomLib_Tool.hxx
+M GeomLib:privinclude:GeomLib_Tool.jxx /misc/dn61/LocalWOK/wok_entities/LOC/dev/CR0-OCCT691-7-CR0-OCCT691-occt-64/drv/GeomLib/GeomLib_Tool.jxx
+M GeomLib:privinclude:GeomLib_Tool.ixx /misc/dn61/LocalWOK/wok_entities/LOC/dev/CR0-OCCT691-7-CR0-OCCT691-occt-64/drv/GeomLib/GeomLib_Tool.ixx
+M GeomLib:pubinclude:GeomLib_PolyFunc.hxx /misc/dn61/LocalWOK/wok_entities/LOC/dev/CR0-OCCT691-7-CR0-OCCT691-occt-64/inc/GeomLib_PolyFunc.hxx
+M GeomLib:privinclude:GeomLib_PolyFunc.jxx /misc/dn61/LocalWOK/wok_entities/LOC/dev/CR0-OCCT691-7-CR0-OCCT691-occt-64/drv/GeomLib/GeomLib_PolyFunc.jxx
+M GeomLib:privinclude:GeomLib_PolyFunc.ixx /misc/dn61/LocalWOK/wok_entities/LOC/dev/CR0-OCCT691-7-CR0-OCCT691-occt-64/drv/GeomLib/GeomLib_PolyFunc.ixx
+M GeomLib:pubinclude:GeomLib_LogSample.hxx /misc/dn61/LocalWOK/wok_entities/LOC/dev/CR0-OCCT691-7-CR0-OCCT691-occt-64/inc/GeomLib_LogSample.hxx
+M GeomLib:privinclude:GeomLib_LogSample.jxx /misc/dn61/LocalWOK/wok_entities/LOC/dev/CR0-OCCT691-7-CR0-OCCT691-occt-64/drv/GeomLib/GeomLib_LogSample.jxx
+M GeomLib:privinclude:GeomLib_LogSample.ixx /misc/dn61/LocalWOK/wok_entities/LOC/dev/CR0-OCCT691-7-CR0-OCCT691-occt-64/drv/GeomLib/GeomLib_LogSample.ixx
+M GeomLib:pubinclude:GeomLib_InterpolationErrors.hxx /misc/dn61/LocalWOK/wok_entities/LOC/dev/CR0-OCCT691-7-CR0-OCCT691-occt-64/inc/GeomLib_InterpolationErrors.hxx
+M GeomLib:pubinclude:GeomLib_DenominatorMultiplierPtr.hxx /misc/dn61/LocalWOK/wok_entities/LOC/dev/CR0-OCCT691-7-CR0-OCCT691-occt-64/inc/GeomLib_DenominatorMultiplierPtr.hxx
+M GeomLib:dbadmfile:GeomLib_xcpp_header.In /misc/dn61/LocalWOK/wok_entities/LOC/dev/CR0-OCCT691-7-CR0-OCCT691-occt-64/drv/GeomLib/.adm/GeomLib_xcpp_header.In
+M GeomLib:dbadmfile:GeomLib_xcpp_header.Out /misc/dn61/LocalWOK/wok_entities/LOC/dev/CR0-OCCT691-7-CR0-OCCT691-occt-64/drv/GeomLib/.adm/GeomLib_xcpp_header.Out
+M GeomLib:dbadmfile:GeomLib_xcpp_header.Dep /misc/dn61/LocalWOK/wok_entities/LOC/dev/CR0-OCCT691-7-CR0-OCCT691-occt-64/drv/GeomLib/.adm/GeomLib_xcpp_header.Dep
