+M PDataXtd:pubinclude:Handle_PDataXtd_Position.hxx /misc/dn61/LocalWOK/wok_entities/LOC/dev/CR0-OCCT691-7-CR0-OCCT691-occt-64/inc/Handle_PDataXtd_Position.hxx
+M PDataXtd:pubinclude:PDataXtd_Position.hxx /misc/dn61/LocalWOK/wok_entities/LOC/dev/CR0-OCCT691-7-CR0-OCCT691-occt-64/inc/PDataXtd_Position.hxx
+M PDataXtd:privinclude:PDataXtd_Position.jxx /misc/dn61/LocalWOK/wok_entities/LOC/dev/CR0-OCCT691-7-CR0-OCCT691-occt-64/drv/PDataXtd/PDataXtd_Position.jxx
+M PDataXtd:privinclude:PDataXtd_Position.ixx /misc/dn61/LocalWOK/wok_entities/LOC/dev/CR0-OCCT691-7-CR0-OCCT691-occt-64/drv/PDataXtd/PDataXtd_Position.ixx
+M PDataXtd:pubinclude:Handle_PDataXtd_Point.hxx /misc/dn61/LocalWOK/wok_entities/LOC/dev/CR0-OCCT691-7-CR0-OCCT691-occt-64/inc/Handle_PDataXtd_Point.hxx
+M PDataXtd:pubinclude:PDataXtd_Point.hxx /misc/dn61/LocalWOK/wok_entities/LOC/dev/CR0-OCCT691-7-CR0-OCCT691-occt-64/inc/PDataXtd_Point.hxx
+M PDataXtd:privinclude:PDataXtd_Point.jxx /misc/dn61/LocalWOK/wok_entities/LOC/dev/CR0-OCCT691-7-CR0-OCCT691-occt-64/drv/PDataXtd/PDataXtd_Point.jxx
+M PDataXtd:privinclude:PDataXtd_Point.ixx /misc/dn61/LocalWOK/wok_entities/LOC/dev/CR0-OCCT691-7-CR0-OCCT691-occt-64/drv/PDataXtd/PDataXtd_Point.ixx
+M PDataXtd:pubinclude:Handle_PDataXtd_Axis.hxx /misc/dn61/LocalWOK/wok_entities/LOC/dev/CR0-OCCT691-7-CR0-OCCT691-occt-64/inc/Handle_PDataXtd_Axis.hxx
+M PDataXtd:pubinclude:PDataXtd_Axis.hxx /misc/dn61/LocalWOK/wok_entities/LOC/dev/CR0-OCCT691-7-CR0-OCCT691-occt-64/inc/PDataXtd_Axis.hxx
+M PDataXtd:privinclude:PDataXtd_Axis.jxx /misc/dn61/LocalWOK/wok_entities/LOC/dev/CR0-OCCT691-7-CR0-OCCT691-occt-64/drv/PDataXtd/PDataXtd_Axis.jxx
+M PDataXtd:privinclude:PDataXtd_Axis.ixx /misc/dn61/LocalWOK/wok_entities/LOC/dev/CR0-OCCT691-7-CR0-OCCT691-occt-64/drv/PDataXtd/PDataXtd_Axis.ixx
+M PDataXtd:pubinclude:Handle_PDataXtd_Plane.hxx /misc/dn61/LocalWOK/wok_entities/LOC/dev/CR0-OCCT691-7-CR0-OCCT691-occt-64/inc/Handle_PDataXtd_Plane.hxx
+M PDataXtd:pubinclude:PDataXtd_Plane.hxx /misc/dn61/LocalWOK/wok_entities/LOC/dev/CR0-OCCT691-7-CR0-OCCT691-occt-64/inc/PDataXtd_Plane.hxx
+M PDataXtd:privinclude:PDataXtd_Plane.jxx /misc/dn61/LocalWOK/wok_entities/LOC/dev/CR0-OCCT691-7-CR0-OCCT691-occt-64/drv/PDataXtd/PDataXtd_Plane.jxx
+M PDataXtd:privinclude:PDataXtd_Plane.ixx /misc/dn61/LocalWOK/wok_entities/LOC/dev/CR0-OCCT691-7-CR0-OCCT691-occt-64/drv/PDataXtd/PDataXtd_Plane.ixx
+M PDataXtd:pubinclude:Handle_PDataXtd_Geometry.hxx /misc/dn61/LocalWOK/wok_entities/LOC/dev/CR0-OCCT691-7-CR0-OCCT691-occt-64/inc/Handle_PDataXtd_Geometry.hxx
+M PDataXtd:pubinclude:PDataXtd_Geometry.hxx /misc/dn61/LocalWOK/wok_entities/LOC/dev/CR0-OCCT691-7-CR0-OCCT691-occt-64/inc/PDataXtd_Geometry.hxx
+M PDataXtd:privinclude:PDataXtd_Geometry.jxx /misc/dn61/LocalWOK/wok_entities/LOC/dev/CR0-OCCT691-7-CR0-OCCT691-occt-64/drv/PDataXtd/PDataXtd_Geometry.jxx
+M PDataXtd:privinclude:PDataXtd_Geometry.ixx /misc/dn61/LocalWOK/wok_entities/LOC/dev/CR0-OCCT691-7-CR0-OCCT691-occt-64/drv/PDataXtd/PDataXtd_Geometry.ixx
+M PDataXtd:pubinclude:Handle_PDataXtd_Constraint.hxx /misc/dn61/LocalWOK/wok_entities/LOC/dev/CR0-OCCT691-7-CR0-OCCT691-occt-64/inc/Handle_PDataXtd_Constraint.hxx
+M PDataXtd:pubinclude:PDataXtd_Constraint.hxx /misc/dn61/LocalWOK/wok_entities/LOC/dev/CR0-OCCT691-7-CR0-OCCT691-occt-64/inc/PDataXtd_Constraint.hxx
+M PDataXtd:privinclude:PDataXtd_Constraint.jxx /misc/dn61/LocalWOK/wok_entities/LOC/dev/CR0-OCCT691-7-CR0-OCCT691-occt-64/drv/PDataXtd/PDataXtd_Constraint.jxx
+M PDataXtd:privinclude:PDataXtd_Constraint.ixx /misc/dn61/LocalWOK/wok_entities/LOC/dev/CR0-OCCT691-7-CR0-OCCT691-occt-64/drv/PDataXtd/PDataXtd_Constraint.ixx
+M PDataXtd:pubinclude:Handle_PDataXtd_Placement.hxx /misc/dn61/LocalWOK/wok_entities/LOC/dev/CR0-OCCT691-7-CR0-OCCT691-occt-64/inc/Handle_PDataXtd_Placement.hxx
+M PDataXtd:pubinclude:PDataXtd_Placement.hxx /misc/dn61/LocalWOK/wok_entities/LOC/dev/CR0-OCCT691-7-CR0-OCCT691-occt-64/inc/PDataXtd_Placement.hxx
+M PDataXtd:privinclude:PDataXtd_Placement.jxx /misc/dn61/LocalWOK/wok_entities/LOC/dev/CR0-OCCT691-7-CR0-OCCT691-occt-64/drv/PDataXtd/PDataXtd_Placement.jxx
+M PDataXtd:privinclude:PDataXtd_Placement.ixx /misc/dn61/LocalWOK/wok_entities/LOC/dev/CR0-OCCT691-7-CR0-OCCT691-occt-64/drv/PDataXtd/PDataXtd_Placement.ixx
+M PDataXtd:pubinclude:Handle_PDataXtd_PatternStd.hxx /misc/dn61/LocalWOK/wok_entities/LOC/dev/CR0-OCCT691-7-CR0-OCCT691-occt-64/inc/Handle_PDataXtd_PatternStd.hxx
+M PDataXtd:pubinclude:PDataXtd_PatternStd.hxx /misc/dn61/LocalWOK/wok_entities/LOC/dev/CR0-OCCT691-7-CR0-OCCT691-occt-64/inc/PDataXtd_PatternStd.hxx
+M PDataXtd:privinclude:PDataXtd_PatternStd.jxx /misc/dn61/LocalWOK/wok_entities/LOC/dev/CR0-OCCT691-7-CR0-OCCT691-occt-64/drv/PDataXtd/PDataXtd_PatternStd.jxx
+M PDataXtd:privinclude:PDataXtd_PatternStd.ixx /misc/dn61/LocalWOK/wok_entities/LOC/dev/CR0-OCCT691-7-CR0-OCCT691-occt-64/drv/PDataXtd/PDataXtd_PatternStd.ixx
+M PDataXtd:pubinclude:Handle_PDataXtd_Shape.hxx /misc/dn61/LocalWOK/wok_entities/LOC/dev/CR0-OCCT691-7-CR0-OCCT691-occt-64/inc/Handle_PDataXtd_Shape.hxx
+M PDataXtd:pubinclude:PDataXtd_Shape.hxx /misc/dn61/LocalWOK/wok_entities/LOC/dev/CR0-OCCT691-7-CR0-OCCT691-occt-64/inc/PDataXtd_Shape.hxx
+M PDataXtd:privinclude:PDataXtd_Shape.jxx /misc/dn61/LocalWOK/wok_entities/LOC/dev/CR0-OCCT691-7-CR0-OCCT691-occt-64/drv/PDataXtd/PDataXtd_Shape.jxx
+M PDataXtd:privinclude:PDataXtd_Shape.ixx /misc/dn61/LocalWOK/wok_entities/LOC/dev/CR0-OCCT691-7-CR0-OCCT691-occt-64/drv/PDataXtd/PDataXtd_Shape.ixx
+M PDataXtd:dbadmfile:PDataXtd_xcpp_header.In /misc/dn61/LocalWOK/wok_entities/LOC/dev/CR0-OCCT691-7-CR0-OCCT691-occt-64/drv/PDataXtd/.adm/PDataXtd_xcpp_header.In
+M PDataXtd:dbadmfile:PDataXtd_xcpp_header.Out /misc/dn61/LocalWOK/wok_entities/LOC/dev/CR0-OCCT691-7-CR0-OCCT691-occt-64/drv/PDataXtd/.adm/PDataXtd_xcpp_header.Out
+M PDataXtd:dbadmfile:PDataXtd_xcpp_header.Dep /misc/dn61/LocalWOK/wok_entities/LOC/dev/CR0-OCCT691-7-CR0-OCCT691-occt-64/drv/PDataXtd/.adm/PDataXtd_xcpp_header.Dep
