+M StdSchema:pubinclude:StdSchema.hxx /misc/dn61/LocalWOK/wok_entities/LOC/dev/CR0-OCCT691-7-CR0-OCCT691-occt-64/inc/StdSchema.hxx
+M StdSchema:derivated:StdSchema.cxx /misc/dn61/LocalWOK/wok_entities/LOC/dev/CR0-OCCT691-7-CR0-OCCT691-occt-64/drv/StdSchema/StdSchema.cxx
+M StdSchema:pubinclude:StdSchema_PDataXtd_Position.hxx /misc/dn61/LocalWOK/wok_entities/LOC/dev/CR0-OCCT691-7-CR0-OCCT691-occt-64/inc/StdSchema_PDataXtd_Position.hxx
+M StdSchema:privinclude:StdSchema_PDataXtd_Position.ixx /misc/dn61/LocalWOK/wok_entities/LOC/dev/CR0-OCCT691-7-CR0-OCCT691-occt-64/drv/StdSchema/StdSchema_PDataXtd_Position.ixx
+M StdSchema:derivated:StdSchema_PDataXtd_Position.cxx /misc/dn61/LocalWOK/wok_entities/LOC/dev/CR0-OCCT691-7-CR0-OCCT691-occt-64/drv/StdSchema/StdSchema_PDataXtd_Position.cxx
+M StdSchema:pubinclude:StdSchema_PDataXtd_Point.hxx /misc/dn61/LocalWOK/wok_entities/LOC/dev/CR0-OCCT691-7-CR0-OCCT691-occt-64/inc/StdSchema_PDataXtd_Point.hxx
+M StdSchema:privinclude:StdSchema_PDataXtd_Point.ixx /misc/dn61/LocalWOK/wok_entities/LOC/dev/CR0-OCCT691-7-CR0-OCCT691-occt-64/drv/StdSchema/StdSchema_PDataXtd_Point.ixx
+M StdSchema:derivated:StdSchema_PDataXtd_Point.cxx /misc/dn61/LocalWOK/wok_entities/LOC/dev/CR0-OCCT691-7-CR0-OCCT691-occt-64/drv/StdSchema/StdSchema_PDataXtd_Point.cxx
+M StdSchema:pubinclude:StdSchema_PDataXtd_Axis.hxx /misc/dn61/LocalWOK/wok_entities/LOC/dev/CR0-OCCT691-7-CR0-OCCT691-occt-64/inc/StdSchema_PDataXtd_Axis.hxx
+M StdSchema:privinclude:StdSchema_PDataXtd_Axis.ixx /misc/dn61/LocalWOK/wok_entities/LOC/dev/CR0-OCCT691-7-CR0-OCCT691-occt-64/drv/StdSchema/StdSchema_PDataXtd_Axis.ixx
+M StdSchema:derivated:StdSchema_PDataXtd_Axis.cxx /misc/dn61/LocalWOK/wok_entities/LOC/dev/CR0-OCCT691-7-CR0-OCCT691-occt-64/drv/StdSchema/StdSchema_PDataXtd_Axis.cxx
+M StdSchema:pubinclude:StdSchema_PDataXtd_Plane.hxx /misc/dn61/LocalWOK/wok_entities/LOC/dev/CR0-OCCT691-7-CR0-OCCT691-occt-64/inc/StdSchema_PDataXtd_Plane.hxx
+M StdSchema:privinclude:StdSchema_PDataXtd_Plane.ixx /misc/dn61/LocalWOK/wok_entities/LOC/dev/CR0-OCCT691-7-CR0-OCCT691-occt-64/drv/StdSchema/StdSchema_PDataXtd_Plane.ixx
+M StdSchema:derivated:StdSchema_PDataXtd_Plane.cxx /misc/dn61/LocalWOK/wok_entities/LOC/dev/CR0-OCCT691-7-CR0-OCCT691-occt-64/drv/StdSchema/StdSchema_PDataXtd_Plane.cxx
+M StdSchema:pubinclude:StdSchema_PDataXtd_Geometry.hxx /misc/dn61/LocalWOK/wok_entities/LOC/dev/CR0-OCCT691-7-CR0-OCCT691-occt-64/inc/StdSchema_PDataXtd_Geometry.hxx
+M StdSchema:privinclude:StdSchema_PDataXtd_Geometry.ixx /misc/dn61/LocalWOK/wok_entities/LOC/dev/CR0-OCCT691-7-CR0-OCCT691-occt-64/drv/StdSchema/StdSchema_PDataXtd_Geometry.ixx
+M StdSchema:derivated:StdSchema_PDataXtd_Geometry.cxx /misc/dn61/LocalWOK/wok_entities/LOC/dev/CR0-OCCT691-7-CR0-OCCT691-occt-64/drv/StdSchema/StdSchema_PDataXtd_Geometry.cxx
+M StdSchema:pubinclude:StdSchema_PDataXtd_Constraint.hxx /misc/dn61/LocalWOK/wok_entities/LOC/dev/CR0-OCCT691-7-CR0-OCCT691-occt-64/inc/StdSchema_PDataXtd_Constraint.hxx
+M StdSchema:privinclude:StdSchema_PDataXtd_Constraint.ixx /misc/dn61/LocalWOK/wok_entities/LOC/dev/CR0-OCCT691-7-CR0-OCCT691-occt-64/drv/StdSchema/StdSchema_PDataXtd_Constraint.ixx
+M StdSchema:derivated:StdSchema_PDataXtd_Constraint.cxx /misc/dn61/LocalWOK/wok_entities/LOC/dev/CR0-OCCT691-7-CR0-OCCT691-occt-64/drv/StdSchema/StdSchema_PDataXtd_Constraint.cxx
+M StdSchema:pubinclude:StdSchema_PDataXtd_Placement.hxx /misc/dn61/LocalWOK/wok_entities/LOC/dev/CR0-OCCT691-7-CR0-OCCT691-occt-64/inc/StdSchema_PDataXtd_Placement.hxx
+M StdSchema:privinclude:StdSchema_PDataXtd_Placement.ixx /misc/dn61/LocalWOK/wok_entities/LOC/dev/CR0-OCCT691-7-CR0-OCCT691-occt-64/drv/StdSchema/StdSchema_PDataXtd_Placement.ixx
+M StdSchema:derivated:StdSchema_PDataXtd_Placement.cxx /misc/dn61/LocalWOK/wok_entities/LOC/dev/CR0-OCCT691-7-CR0-OCCT691-occt-64/drv/StdSchema/StdSchema_PDataXtd_Placement.cxx
+M StdSchema:pubinclude:StdSchema_PDataXtd_PatternStd.hxx /misc/dn61/LocalWOK/wok_entities/LOC/dev/CR0-OCCT691-7-CR0-OCCT691-occt-64/inc/StdSchema_PDataXtd_PatternStd.hxx
+M StdSchema:privinclude:StdSchema_PDataXtd_PatternStd.ixx /misc/dn61/LocalWOK/wok_entities/LOC/dev/CR0-OCCT691-7-CR0-OCCT691-occt-64/drv/StdSchema/StdSchema_PDataXtd_PatternStd.ixx
+M StdSchema:derivated:StdSchema_PDataXtd_PatternStd.cxx /misc/dn61/LocalWOK/wok_entities/LOC/dev/CR0-OCCT691-7-CR0-OCCT691-occt-64/drv/StdSchema/StdSchema_PDataXtd_PatternStd.cxx
+M StdSchema:pubinclude:StdSchema_PDataXtd_Shape.hxx /misc/dn61/LocalWOK/wok_entities/LOC/dev/CR0-OCCT691-7-CR0-OCCT691-occt-64/inc/StdSchema_PDataXtd_Shape.hxx
+M StdSchema:privinclude:StdSchema_PDataXtd_Shape.ixx /misc/dn61/LocalWOK/wok_entities/LOC/dev/CR0-OCCT691-7-CR0-OCCT691-occt-64/drv/StdSchema/StdSchema_PDataXtd_Shape.ixx
+M StdSchema:derivated:StdSchema_PDataXtd_Shape.cxx /misc/dn61/LocalWOK/wok_entities/LOC/dev/CR0-OCCT691-7-CR0-OCCT691-occt-64/drv/StdSchema/StdSchema_PDataXtd_Shape.cxx
+M StdSchema:pubinclude:StdSchema_PNaming_Name.hxx /misc/dn61/LocalWOK/wok_entities/LOC/dev/CR0-OCCT691-7-CR0-OCCT691-occt-64/inc/StdSchema_PNaming_Name.hxx
+M StdSchema:privinclude:StdSchema_PNaming_Name.ixx /misc/dn61/LocalWOK/wok_entities/LOC/dev/CR0-OCCT691-7-CR0-OCCT691-occt-64/drv/StdSchema/StdSchema_PNaming_Name.ixx
+M StdSchema:derivated:StdSchema_PNaming_Name.cxx /misc/dn61/LocalWOK/wok_entities/LOC/dev/CR0-OCCT691-7-CR0-OCCT691-occt-64/drv/StdSchema/StdSchema_PNaming_Name.cxx
+M StdSchema:pubinclude:StdSchema_PNaming_Name_1.hxx /misc/dn61/LocalWOK/wok_entities/LOC/dev/CR0-OCCT691-7-CR0-OCCT691-occt-64/inc/StdSchema_PNaming_Name_1.hxx
+M StdSchema:privinclude:StdSchema_PNaming_Name_1.ixx /misc/dn61/LocalWOK/wok_entities/LOC/dev/CR0-OCCT691-7-CR0-OCCT691-occt-64/drv/StdSchema/StdSchema_PNaming_Name_1.ixx
+M StdSchema:derivated:StdSchema_PNaming_Name_1.cxx /misc/dn61/LocalWOK/wok_entities/LOC/dev/CR0-OCCT691-7-CR0-OCCT691-occt-64/drv/StdSchema/StdSchema_PNaming_Name_1.cxx
+M StdSchema:pubinclude:StdSchema_PNaming_Name_2.hxx /misc/dn61/LocalWOK/wok_entities/LOC/dev/CR0-OCCT691-7-CR0-OCCT691-occt-64/inc/StdSchema_PNaming_Name_2.hxx
+M StdSchema:privinclude:StdSchema_PNaming_Name_2.ixx /misc/dn61/LocalWOK/wok_entities/LOC/dev/CR0-OCCT691-7-CR0-OCCT691-occt-64/drv/StdSchema/StdSchema_PNaming_Name_2.ixx
+M StdSchema:derivated:StdSchema_PNaming_Name_2.cxx /misc/dn61/LocalWOK/wok_entities/LOC/dev/CR0-OCCT691-7-CR0-OCCT691-occt-64/drv/StdSchema/StdSchema_PNaming_Name_2.cxx
+M StdSchema:pubinclude:StdSchema_PNaming_NamedShape.hxx /misc/dn61/LocalWOK/wok_entities/LOC/dev/CR0-OCCT691-7-CR0-OCCT691-occt-64/inc/StdSchema_PNaming_NamedShape.hxx
+M StdSchema:privinclude:StdSchema_PNaming_NamedShape.ixx /misc/dn61/LocalWOK/wok_entities/LOC/dev/CR0-OCCT691-7-CR0-OCCT691-occt-64/drv/StdSchema/StdSchema_PNaming_NamedShape.ixx
+M StdSchema:derivated:StdSchema_PNaming_NamedShape.cxx /misc/dn61/LocalWOK/wok_entities/LOC/dev/CR0-OCCT691-7-CR0-OCCT691-occt-64/drv/StdSchema/StdSchema_PNaming_NamedShape.cxx
+M StdSchema:pubinclude:StdSchema_PNaming_Naming.hxx /misc/dn61/LocalWOK/wok_entities/LOC/dev/CR0-OCCT691-7-CR0-OCCT691-occt-64/inc/StdSchema_PNaming_Naming.hxx
+M StdSchema:privinclude:StdSchema_PNaming_Naming.ixx /misc/dn61/LocalWOK/wok_entities/LOC/dev/CR0-OCCT691-7-CR0-OCCT691-occt-64/drv/StdSchema/StdSchema_PNaming_Naming.ixx
+M StdSchema:derivated:StdSchema_PNaming_Naming.cxx /misc/dn61/LocalWOK/wok_entities/LOC/dev/CR0-OCCT691-7-CR0-OCCT691-occt-64/drv/StdSchema/StdSchema_PNaming_Naming.cxx
+M StdSchema:pubinclude:StdSchema_PNaming_Naming_1.hxx /misc/dn61/LocalWOK/wok_entities/LOC/dev/CR0-OCCT691-7-CR0-OCCT691-occt-64/inc/StdSchema_PNaming_Naming_1.hxx
+M StdSchema:privinclude:StdSchema_PNaming_Naming_1.ixx /misc/dn61/LocalWOK/wok_entities/LOC/dev/CR0-OCCT691-7-CR0-OCCT691-occt-64/drv/StdSchema/StdSchema_PNaming_Naming_1.ixx
+M StdSchema:derivated:StdSchema_PNaming_Naming_1.cxx /misc/dn61/LocalWOK/wok_entities/LOC/dev/CR0-OCCT691-7-CR0-OCCT691-occt-64/drv/StdSchema/StdSchema_PNaming_Naming_1.cxx
+M StdSchema:pubinclude:StdSchema_PNaming_Naming_2.hxx /misc/dn61/LocalWOK/wok_entities/LOC/dev/CR0-OCCT691-7-CR0-OCCT691-occt-64/inc/StdSchema_PNaming_Naming_2.hxx
+M StdSchema:privinclude:StdSchema_PNaming_Naming_2.ixx /misc/dn61/LocalWOK/wok_entities/LOC/dev/CR0-OCCT691-7-CR0-OCCT691-occt-64/drv/StdSchema/StdSchema_PNaming_Naming_2.ixx
+M StdSchema:derivated:StdSchema_PNaming_Naming_2.cxx /misc/dn61/LocalWOK/wok_entities/LOC/dev/CR0-OCCT691-7-CR0-OCCT691-occt-64/drv/StdSchema/StdSchema_PNaming_Naming_2.cxx
+M StdSchema:pubinclude:StdSchema_PNaming_HArray1OfNamedShape.hxx /misc/dn61/LocalWOK/wok_entities/LOC/dev/CR0-OCCT691-7-CR0-OCCT691-occt-64/inc/StdSchema_PNaming_HArray1OfNamedShape.hxx
+M StdSchema:privinclude:StdSchema_PNaming_HArray1OfNamedShape.ixx /misc/dn61/LocalWOK/wok_entities/LOC/dev/CR0-OCCT691-7-CR0-OCCT691-occt-64/drv/StdSchema/StdSchema_PNaming_HArray1OfNamedShape.ixx
+M StdSchema:derivated:StdSchema_PNaming_HArray1OfNamedShape.cxx /misc/dn61/LocalWOK/wok_entities/LOC/dev/CR0-OCCT691-7-CR0-OCCT691-occt-64/drv/StdSchema/StdSchema_PNaming_HArray1OfNamedShape.cxx
+M StdSchema:pubinclude:StdSchema_PNaming_FieldOfHArray1OfNamedShape.hxx /misc/dn61/LocalWOK/wok_entities/LOC/dev/CR0-OCCT691-7-CR0-OCCT691-occt-64/inc/StdSchema_PNaming_FieldOfHArray1OfNamedShape.hxx
+M StdSchema:privinclude:StdSchema_PNaming_FieldOfHArray1OfNamedShape.ixx /misc/dn61/LocalWOK/wok_entities/LOC/dev/CR0-OCCT691-7-CR0-OCCT691-occt-64/drv/StdSchema/StdSchema_PNaming_FieldOfHArray1OfNamedShape.ixx
+M StdSchema:derivated:StdSchema_PNaming_FieldOfHArray1OfNamedShape.cxx /misc/dn61/LocalWOK/wok_entities/LOC/dev/CR0-OCCT691-7-CR0-OCCT691-occt-64/drv/StdSchema/StdSchema_PNaming_FieldOfHArray1OfNamedShape.cxx
+M StdSchema:pubinclude:StdSchema_PPrsStd_AISPresentation.hxx /misc/dn61/LocalWOK/wok_entities/LOC/dev/CR0-OCCT691-7-CR0-OCCT691-occt-64/inc/StdSchema_PPrsStd_AISPresentation.hxx
+M StdSchema:privinclude:StdSchema_PPrsStd_AISPresentation.ixx /misc/dn61/LocalWOK/wok_entities/LOC/dev/CR0-OCCT691-7-CR0-OCCT691-occt-64/drv/StdSchema/StdSchema_PPrsStd_AISPresentation.ixx
+M StdSchema:derivated:StdSchema_PPrsStd_AISPresentation.cxx /misc/dn61/LocalWOK/wok_entities/LOC/dev/CR0-OCCT691-7-CR0-OCCT691-occt-64/drv/StdSchema/StdSchema_PPrsStd_AISPresentation.cxx
+M StdSchema:pubinclude:StdSchema_PPrsStd_AISPresentation_1.hxx /misc/dn61/LocalWOK/wok_entities/LOC/dev/CR0-OCCT691-7-CR0-OCCT691-occt-64/inc/StdSchema_PPrsStd_AISPresentation_1.hxx
+M StdSchema:privinclude:StdSchema_PPrsStd_AISPresentation_1.ixx /misc/dn61/LocalWOK/wok_entities/LOC/dev/CR0-OCCT691-7-CR0-OCCT691-occt-64/drv/StdSchema/StdSchema_PPrsStd_AISPresentation_1.ixx
+M StdSchema:derivated:StdSchema_PPrsStd_AISPresentation_1.cxx /misc/dn61/LocalWOK/wok_entities/LOC/dev/CR0-OCCT691-7-CR0-OCCT691-occt-64/drv/StdSchema/StdSchema_PPrsStd_AISPresentation_1.cxx
+M StdSchema:pubinclude:StdSchema_PDF_Attribute.hxx /misc/dn61/LocalWOK/wok_entities/LOC/dev/CR0-OCCT691-7-CR0-OCCT691-occt-64/inc/StdSchema_PDF_Attribute.hxx
+M StdSchema:privinclude:StdSchema_PDF_Attribute.ixx /misc/dn61/LocalWOK/wok_entities/LOC/dev/CR0-OCCT691-7-CR0-OCCT691-occt-64/drv/StdSchema/StdSchema_PDF_Attribute.ixx
+M StdSchema:derivated:StdSchema_PDF_Attribute.cxx /misc/dn61/LocalWOK/wok_entities/LOC/dev/CR0-OCCT691-7-CR0-OCCT691-occt-64/drv/StdSchema/StdSchema_PDF_Attribute.cxx
+M StdSchema:pubinclude:StdSchema_Standard_Persistent.hxx /misc/dn61/LocalWOK/wok_entities/LOC/dev/CR0-OCCT691-7-CR0-OCCT691-occt-64/inc/StdSchema_Standard_Persistent.hxx
+M StdSchema:privinclude:StdSchema_Standard_Persistent.ixx /misc/dn61/LocalWOK/wok_entities/LOC/dev/CR0-OCCT691-7-CR0-OCCT691-occt-64/drv/StdSchema/StdSchema_Standard_Persistent.ixx
+M StdSchema:derivated:StdSchema_Standard_Persistent.cxx /misc/dn61/LocalWOK/wok_entities/LOC/dev/CR0-OCCT691-7-CR0-OCCT691-occt-64/drv/StdSchema/StdSchema_Standard_Persistent.cxx
+M StdSchema:pubinclude:StdSchema_Standard_Storable.hxx /misc/dn61/LocalWOK/wok_entities/LOC/dev/CR0-OCCT691-7-CR0-OCCT691-occt-64/inc/StdSchema_Standard_Storable.hxx
+M StdSchema:privinclude:StdSchema_Standard_Storable.ixx /misc/dn61/LocalWOK/wok_entities/LOC/dev/CR0-OCCT691-7-CR0-OCCT691-occt-64/drv/StdSchema/StdSchema_Standard_Storable.ixx
+M StdSchema:derivated:StdSchema_Standard_Storable.cxx /misc/dn61/LocalWOK/wok_entities/LOC/dev/CR0-OCCT691-7-CR0-OCCT691-occt-64/drv/StdSchema/StdSchema_Standard_Storable.cxx
+M StdSchema:pubinclude:StdSchema_gp_Pnt.hxx /misc/dn61/LocalWOK/wok_entities/LOC/dev/CR0-OCCT691-7-CR0-OCCT691-occt-64/inc/StdSchema_gp_Pnt.hxx
+M StdSchema:privinclude:StdSchema_gp_Pnt.ixx /misc/dn61/LocalWOK/wok_entities/LOC/dev/CR0-OCCT691-7-CR0-OCCT691-occt-64/drv/StdSchema/StdSchema_gp_Pnt.ixx
+M StdSchema:derivated:StdSchema_gp_Pnt.cxx /misc/dn61/LocalWOK/wok_entities/LOC/dev/CR0-OCCT691-7-CR0-OCCT691-occt-64/drv/StdSchema/StdSchema_gp_Pnt.cxx
+M StdSchema:pubinclude:StdSchema_PDataStd_Real.hxx /misc/dn61/LocalWOK/wok_entities/LOC/dev/CR0-OCCT691-7-CR0-OCCT691-occt-64/inc/StdSchema_PDataStd_Real.hxx
+M StdSchema:privinclude:StdSchema_PDataStd_Real.ixx /misc/dn61/LocalWOK/wok_entities/LOC/dev/CR0-OCCT691-7-CR0-OCCT691-occt-64/drv/StdSchema/StdSchema_PDataStd_Real.ixx
+M StdSchema:derivated:StdSchema_PDataStd_Real.cxx /misc/dn61/LocalWOK/wok_entities/LOC/dev/CR0-OCCT691-7-CR0-OCCT691-occt-64/drv/StdSchema/StdSchema_PDataStd_Real.cxx
+M StdSchema:pubinclude:StdSchema_PDF_HAttributeArray1.hxx /misc/dn61/LocalWOK/wok_entities/LOC/dev/CR0-OCCT691-7-CR0-OCCT691-occt-64/inc/StdSchema_PDF_HAttributeArray1.hxx
+M StdSchema:privinclude:StdSchema_PDF_HAttributeArray1.ixx /misc/dn61/LocalWOK/wok_entities/LOC/dev/CR0-OCCT691-7-CR0-OCCT691-occt-64/drv/StdSchema/StdSchema_PDF_HAttributeArray1.ixx
+M StdSchema:derivated:StdSchema_PDF_HAttributeArray1.cxx /misc/dn61/LocalWOK/wok_entities/LOC/dev/CR0-OCCT691-7-CR0-OCCT691-occt-64/drv/StdSchema/StdSchema_PDF_HAttributeArray1.cxx
+M StdSchema:pubinclude:StdSchema_PDataStd_Integer.hxx /misc/dn61/LocalWOK/wok_entities/LOC/dev/CR0-OCCT691-7-CR0-OCCT691-occt-64/inc/StdSchema_PDataStd_Integer.hxx
+M StdSchema:privinclude:StdSchema_PDataStd_Integer.ixx /misc/dn61/LocalWOK/wok_entities/LOC/dev/CR0-OCCT691-7-CR0-OCCT691-occt-64/drv/StdSchema/StdSchema_PDataStd_Integer.ixx
+M StdSchema:derivated:StdSchema_PDataStd_Integer.cxx /misc/dn61/LocalWOK/wok_entities/LOC/dev/CR0-OCCT691-7-CR0-OCCT691-occt-64/drv/StdSchema/StdSchema_PDataStd_Integer.cxx
+M StdSchema:pubinclude:StdSchema_PCollection_HAsciiString.hxx /misc/dn61/LocalWOK/wok_entities/LOC/dev/CR0-OCCT691-7-CR0-OCCT691-occt-64/inc/StdSchema_PCollection_HAsciiString.hxx
+M StdSchema:privinclude:StdSchema_PCollection_HAsciiString.ixx /misc/dn61/LocalWOK/wok_entities/LOC/dev/CR0-OCCT691-7-CR0-OCCT691-occt-64/drv/StdSchema/StdSchema_PCollection_HAsciiString.ixx
+M StdSchema:derivated:StdSchema_PCollection_HAsciiString.cxx /misc/dn61/LocalWOK/wok_entities/LOC/dev/CR0-OCCT691-7-CR0-OCCT691-occt-64/drv/StdSchema/StdSchema_PCollection_HAsciiString.cxx
+M StdSchema:pubinclude:StdSchema_PTopoDS_HArray1OfShape1.hxx /misc/dn61/LocalWOK/wok_entities/LOC/dev/CR0-OCCT691-7-CR0-OCCT691-occt-64/inc/StdSchema_PTopoDS_HArray1OfShape1.hxx
+M StdSchema:privinclude:StdSchema_PTopoDS_HArray1OfShape1.ixx /misc/dn61/LocalWOK/wok_entities/LOC/dev/CR0-OCCT691-7-CR0-OCCT691-occt-64/drv/StdSchema/StdSchema_PTopoDS_HArray1OfShape1.ixx
+M StdSchema:derivated:StdSchema_PTopoDS_HArray1OfShape1.cxx /misc/dn61/LocalWOK/wok_entities/LOC/dev/CR0-OCCT691-7-CR0-OCCT691-occt-64/drv/StdSchema/StdSchema_PTopoDS_HArray1OfShape1.cxx
+M StdSchema:pubinclude:StdSchema_PColStd_HArray1OfInteger.hxx /misc/dn61/LocalWOK/wok_entities/LOC/dev/CR0-OCCT691-7-CR0-OCCT691-occt-64/inc/StdSchema_PColStd_HArray1OfInteger.hxx
+M StdSchema:privinclude:StdSchema_PColStd_HArray1OfInteger.ixx /misc/dn61/LocalWOK/wok_entities/LOC/dev/CR0-OCCT691-7-CR0-OCCT691-occt-64/drv/StdSchema/StdSchema_PColStd_HArray1OfInteger.ixx
+M StdSchema:derivated:StdSchema_PColStd_HArray1OfInteger.cxx /misc/dn61/LocalWOK/wok_entities/LOC/dev/CR0-OCCT691-7-CR0-OCCT691-occt-64/drv/StdSchema/StdSchema_PColStd_HArray1OfInteger.cxx
+M StdSchema:pubinclude:StdSchema_PCollection_HExtendedString.hxx /misc/dn61/LocalWOK/wok_entities/LOC/dev/CR0-OCCT691-7-CR0-OCCT691-occt-64/inc/StdSchema_PCollection_HExtendedString.hxx
+M StdSchema:privinclude:StdSchema_PCollection_HExtendedString.ixx /misc/dn61/LocalWOK/wok_entities/LOC/dev/CR0-OCCT691-7-CR0-OCCT691-occt-64/drv/StdSchema/StdSchema_PCollection_HExtendedString.ixx
+M StdSchema:derivated:StdSchema_PCollection_HExtendedString.cxx /misc/dn61/LocalWOK/wok_entities/LOC/dev/CR0-OCCT691-7-CR0-OCCT691-occt-64/drv/StdSchema/StdSchema_PCollection_HExtendedString.cxx
+M StdSchema:pubinclude:StdSchema_gp_Ax1.hxx /misc/dn61/LocalWOK/wok_entities/LOC/dev/CR0-OCCT691-7-CR0-OCCT691-occt-64/inc/StdSchema_gp_Ax1.hxx
+M StdSchema:privinclude:StdSchema_gp_Ax1.ixx /misc/dn61/LocalWOK/wok_entities/LOC/dev/CR0-OCCT691-7-CR0-OCCT691-occt-64/drv/StdSchema/StdSchema_gp_Ax1.ixx
+M StdSchema:derivated:StdSchema_gp_Ax1.cxx /misc/dn61/LocalWOK/wok_entities/LOC/dev/CR0-OCCT691-7-CR0-OCCT691-occt-64/drv/StdSchema/StdSchema_gp_Ax1.cxx
+M StdSchema:pubinclude:StdSchema_gp_Ax2.hxx /misc/dn61/LocalWOK/wok_entities/LOC/dev/CR0-OCCT691-7-CR0-OCCT691-occt-64/inc/StdSchema_gp_Ax2.hxx
+M StdSchema:privinclude:StdSchema_gp_Ax2.ixx /misc/dn61/LocalWOK/wok_entities/LOC/dev/CR0-OCCT691-7-CR0-OCCT691-occt-64/drv/StdSchema/StdSchema_gp_Ax2.ixx
+M StdSchema:derivated:StdSchema_gp_Ax2.cxx /misc/dn61/LocalWOK/wok_entities/LOC/dev/CR0-OCCT691-7-CR0-OCCT691-occt-64/drv/StdSchema/StdSchema_gp_Ax2.cxx
+M StdSchema:pubinclude:StdSchema_gp_Trsf.hxx /misc/dn61/LocalWOK/wok_entities/LOC/dev/CR0-OCCT691-7-CR0-OCCT691-occt-64/inc/StdSchema_gp_Trsf.hxx
+M StdSchema:privinclude:StdSchema_gp_Trsf.ixx /misc/dn61/LocalWOK/wok_entities/LOC/dev/CR0-OCCT691-7-CR0-OCCT691-occt-64/drv/StdSchema/StdSchema_gp_Trsf.ixx
+M StdSchema:derivated:StdSchema_gp_Trsf.cxx /misc/dn61/LocalWOK/wok_entities/LOC/dev/CR0-OCCT691-7-CR0-OCCT691-occt-64/drv/StdSchema/StdSchema_gp_Trsf.cxx
+M StdSchema:pubinclude:StdSchema_gp_Vec.hxx /misc/dn61/LocalWOK/wok_entities/LOC/dev/CR0-OCCT691-7-CR0-OCCT691-occt-64/inc/StdSchema_gp_Vec.hxx
+M StdSchema:privinclude:StdSchema_gp_Vec.ixx /misc/dn61/LocalWOK/wok_entities/LOC/dev/CR0-OCCT691-7-CR0-OCCT691-occt-64/drv/StdSchema/StdSchema_gp_Vec.ixx
+M StdSchema:derivated:StdSchema_gp_Vec.cxx /misc/dn61/LocalWOK/wok_entities/LOC/dev/CR0-OCCT691-7-CR0-OCCT691-occt-64/drv/StdSchema/StdSchema_gp_Vec.cxx
+M StdSchema:pubinclude:StdSchema_gp_XYZ.hxx /misc/dn61/LocalWOK/wok_entities/LOC/dev/CR0-OCCT691-7-CR0-OCCT691-occt-64/inc/StdSchema_gp_XYZ.hxx
+M StdSchema:privinclude:StdSchema_gp_XYZ.ixx /misc/dn61/LocalWOK/wok_entities/LOC/dev/CR0-OCCT691-7-CR0-OCCT691-occt-64/drv/StdSchema/StdSchema_gp_XYZ.ixx
+M StdSchema:derivated:StdSchema_gp_XYZ.cxx /misc/dn61/LocalWOK/wok_entities/LOC/dev/CR0-OCCT691-7-CR0-OCCT691-occt-64/drv/StdSchema/StdSchema_gp_XYZ.cxx
+M StdSchema:pubinclude:StdSchema_PDF_FieldOfHAttributeArray1.hxx /misc/dn61/LocalWOK/wok_entities/LOC/dev/CR0-OCCT691-7-CR0-OCCT691-occt-64/inc/StdSchema_PDF_FieldOfHAttributeArray1.hxx
+M StdSchema:privinclude:StdSchema_PDF_FieldOfHAttributeArray1.ixx /misc/dn61/LocalWOK/wok_entities/LOC/dev/CR0-OCCT691-7-CR0-OCCT691-occt-64/drv/StdSchema/StdSchema_PDF_FieldOfHAttributeArray1.ixx
+M StdSchema:derivated:StdSchema_PDF_FieldOfHAttributeArray1.cxx /misc/dn61/LocalWOK/wok_entities/LOC/dev/CR0-OCCT691-7-CR0-OCCT691-occt-64/drv/StdSchema/StdSchema_PDF_FieldOfHAttributeArray1.cxx
+M StdSchema:pubinclude:StdSchema_DBC_VArrayOfCharacter.hxx /misc/dn61/LocalWOK/wok_entities/LOC/dev/CR0-OCCT691-7-CR0-OCCT691-occt-64/inc/StdSchema_DBC_VArrayOfCharacter.hxx
+M StdSchema:privinclude:StdSchema_DBC_VArrayOfCharacter.ixx /misc/dn61/LocalWOK/wok_entities/LOC/dev/CR0-OCCT691-7-CR0-OCCT691-occt-64/drv/StdSchema/StdSchema_DBC_VArrayOfCharacter.ixx
+M StdSchema:derivated:StdSchema_DBC_VArrayOfCharacter.cxx /misc/dn61/LocalWOK/wok_entities/LOC/dev/CR0-OCCT691-7-CR0-OCCT691-occt-64/drv/StdSchema/StdSchema_DBC_VArrayOfCharacter.cxx
+M StdSchema:pubinclude:StdSchema_PTopoDS_Shape1.hxx /misc/dn61/LocalWOK/wok_entities/LOC/dev/CR0-OCCT691-7-CR0-OCCT691-occt-64/inc/StdSchema_PTopoDS_Shape1.hxx
+M StdSchema:privinclude:StdSchema_PTopoDS_Shape1.ixx /misc/dn61/LocalWOK/wok_entities/LOC/dev/CR0-OCCT691-7-CR0-OCCT691-occt-64/drv/StdSchema/StdSchema_PTopoDS_Shape1.ixx
+M StdSchema:derivated:StdSchema_PTopoDS_Shape1.cxx /misc/dn61/LocalWOK/wok_entities/LOC/dev/CR0-OCCT691-7-CR0-OCCT691-occt-64/drv/StdSchema/StdSchema_PTopoDS_Shape1.cxx
+M StdSchema:pubinclude:StdSchema_PTopoDS_FieldOfHArray1OfShape1.hxx /misc/dn61/LocalWOK/wok_entities/LOC/dev/CR0-OCCT691-7-CR0-OCCT691-occt-64/inc/StdSchema_PTopoDS_FieldOfHArray1OfShape1.hxx
+M StdSchema:privinclude:StdSchema_PTopoDS_FieldOfHArray1OfShape1.ixx /misc/dn61/LocalWOK/wok_entities/LOC/dev/CR0-OCCT691-7-CR0-OCCT691-occt-64/drv/StdSchema/StdSchema_PTopoDS_FieldOfHArray1OfShape1.ixx
+M StdSchema:derivated:StdSchema_PTopoDS_FieldOfHArray1OfShape1.cxx /misc/dn61/LocalWOK/wok_entities/LOC/dev/CR0-OCCT691-7-CR0-OCCT691-occt-64/drv/StdSchema/StdSchema_PTopoDS_FieldOfHArray1OfShape1.cxx
+M StdSchema:pubinclude:StdSchema_PColStd_FieldOfHArray1OfInteger.hxx /misc/dn61/LocalWOK/wok_entities/LOC/dev/CR0-OCCT691-7-CR0-OCCT691-occt-64/inc/StdSchema_PColStd_FieldOfHArray1OfInteger.hxx
+M StdSchema:privinclude:StdSchema_PColStd_FieldOfHArray1OfInteger.ixx /misc/dn61/LocalWOK/wok_entities/LOC/dev/CR0-OCCT691-7-CR0-OCCT691-occt-64/drv/StdSchema/StdSchema_PColStd_FieldOfHArray1OfInteger.ixx
+M StdSchema:derivated:StdSchema_PColStd_FieldOfHArray1OfInteger.cxx /misc/dn61/LocalWOK/wok_entities/LOC/dev/CR0-OCCT691-7-CR0-OCCT691-occt-64/drv/StdSchema/StdSchema_PColStd_FieldOfHArray1OfInteger.cxx
+M StdSchema:pubinclude:StdSchema_DBC_VArrayOfExtCharacter.hxx /misc/dn61/LocalWOK/wok_entities/LOC/dev/CR0-OCCT691-7-CR0-OCCT691-occt-64/inc/StdSchema_DBC_VArrayOfExtCharacter.hxx
+M StdSchema:privinclude:StdSchema_DBC_VArrayOfExtCharacter.ixx /misc/dn61/LocalWOK/wok_entities/LOC/dev/CR0-OCCT691-7-CR0-OCCT691-occt-64/drv/StdSchema/StdSchema_DBC_VArrayOfExtCharacter.ixx
+M StdSchema:derivated:StdSchema_DBC_VArrayOfExtCharacter.cxx /misc/dn61/LocalWOK/wok_entities/LOC/dev/CR0-OCCT691-7-CR0-OCCT691-occt-64/drv/StdSchema/StdSchema_DBC_VArrayOfExtCharacter.cxx
+M StdSchema:pubinclude:StdSchema_gp_Dir.hxx /misc/dn61/LocalWOK/wok_entities/LOC/dev/CR0-OCCT691-7-CR0-OCCT691-occt-64/inc/StdSchema_gp_Dir.hxx
+M StdSchema:privinclude:StdSchema_gp_Dir.ixx /misc/dn61/LocalWOK/wok_entities/LOC/dev/CR0-OCCT691-7-CR0-OCCT691-occt-64/drv/StdSchema/StdSchema_gp_Dir.ixx
+M StdSchema:derivated:StdSchema_gp_Dir.cxx /misc/dn61/LocalWOK/wok_entities/LOC/dev/CR0-OCCT691-7-CR0-OCCT691-occt-64/drv/StdSchema/StdSchema_gp_Dir.cxx
+M StdSchema:pubinclude:StdSchema_gp_Ax3.hxx /misc/dn61/LocalWOK/wok_entities/LOC/dev/CR0-OCCT691-7-CR0-OCCT691-occt-64/inc/StdSchema_gp_Ax3.hxx
+M StdSchema:privinclude:StdSchema_gp_Ax3.ixx /misc/dn61/LocalWOK/wok_entities/LOC/dev/CR0-OCCT691-7-CR0-OCCT691-occt-64/drv/StdSchema/StdSchema_gp_Ax3.ixx
+M StdSchema:derivated:StdSchema_gp_Ax3.cxx /misc/dn61/LocalWOK/wok_entities/LOC/dev/CR0-OCCT691-7-CR0-OCCT691-occt-64/drv/StdSchema/StdSchema_gp_Ax3.cxx
+M StdSchema:pubinclude:StdSchema_gp_Mat.hxx /misc/dn61/LocalWOK/wok_entities/LOC/dev/CR0-OCCT691-7-CR0-OCCT691-occt-64/inc/StdSchema_gp_Mat.hxx
+M StdSchema:privinclude:StdSchema_gp_Mat.ixx /misc/dn61/LocalWOK/wok_entities/LOC/dev/CR0-OCCT691-7-CR0-OCCT691-occt-64/drv/StdSchema/StdSchema_gp_Mat.ixx
+M StdSchema:derivated:StdSchema_gp_Mat.cxx /misc/dn61/LocalWOK/wok_entities/LOC/dev/CR0-OCCT691-7-CR0-OCCT691-occt-64/drv/StdSchema/StdSchema_gp_Mat.cxx
+M StdSchema:pubinclude:StdSchema_gp_Trsf2d.hxx /misc/dn61/LocalWOK/wok_entities/LOC/dev/CR0-OCCT691-7-CR0-OCCT691-occt-64/inc/StdSchema_gp_Trsf2d.hxx
+M StdSchema:privinclude:StdSchema_gp_Trsf2d.ixx /misc/dn61/LocalWOK/wok_entities/LOC/dev/CR0-OCCT691-7-CR0-OCCT691-occt-64/drv/StdSchema/StdSchema_gp_Trsf2d.ixx
+M StdSchema:derivated:StdSchema_gp_Trsf2d.cxx /misc/dn61/LocalWOK/wok_entities/LOC/dev/CR0-OCCT691-7-CR0-OCCT691-occt-64/drv/StdSchema/StdSchema_gp_Trsf2d.cxx
+M StdSchema:pubinclude:StdSchema_PTopoDS_TShape1.hxx /misc/dn61/LocalWOK/wok_entities/LOC/dev/CR0-OCCT691-7-CR0-OCCT691-occt-64/inc/StdSchema_PTopoDS_TShape1.hxx
+M StdSchema:privinclude:StdSchema_PTopoDS_TShape1.ixx /misc/dn61/LocalWOK/wok_entities/LOC/dev/CR0-OCCT691-7-CR0-OCCT691-occt-64/drv/StdSchema/StdSchema_PTopoDS_TShape1.ixx
+M StdSchema:derivated:StdSchema_PTopoDS_TShape1.cxx /misc/dn61/LocalWOK/wok_entities/LOC/dev/CR0-OCCT691-7-CR0-OCCT691-occt-64/drv/StdSchema/StdSchema_PTopoDS_TShape1.cxx
+M StdSchema:pubinclude:StdSchema_PTopLoc_Location.hxx /misc/dn61/LocalWOK/wok_entities/LOC/dev/CR0-OCCT691-7-CR0-OCCT691-occt-64/inc/StdSchema_PTopLoc_Location.hxx
+M StdSchema:privinclude:StdSchema_PTopLoc_Location.ixx /misc/dn61/LocalWOK/wok_entities/LOC/dev/CR0-OCCT691-7-CR0-OCCT691-occt-64/drv/StdSchema/StdSchema_PTopLoc_Location.ixx
+M StdSchema:derivated:StdSchema_PTopLoc_Location.cxx /misc/dn61/LocalWOK/wok_entities/LOC/dev/CR0-OCCT691-7-CR0-OCCT691-occt-64/drv/StdSchema/StdSchema_PTopLoc_Location.cxx
+M StdSchema:pubinclude:StdSchema_gp_Ax2d.hxx /misc/dn61/LocalWOK/wok_entities/LOC/dev/CR0-OCCT691-7-CR0-OCCT691-occt-64/inc/StdSchema_gp_Ax2d.hxx
+M StdSchema:privinclude:StdSchema_gp_Ax2d.ixx /misc/dn61/LocalWOK/wok_entities/LOC/dev/CR0-OCCT691-7-CR0-OCCT691-occt-64/drv/StdSchema/StdSchema_gp_Ax2d.ixx
+M StdSchema:derivated:StdSchema_gp_Ax2d.cxx /misc/dn61/LocalWOK/wok_entities/LOC/dev/CR0-OCCT691-7-CR0-OCCT691-occt-64/drv/StdSchema/StdSchema_gp_Ax2d.cxx
+M StdSchema:pubinclude:StdSchema_gp_Mat2d.hxx /misc/dn61/LocalWOK/wok_entities/LOC/dev/CR0-OCCT691-7-CR0-OCCT691-occt-64/inc/StdSchema_gp_Mat2d.hxx
+M StdSchema:privinclude:StdSchema_gp_Mat2d.ixx /misc/dn61/LocalWOK/wok_entities/LOC/dev/CR0-OCCT691-7-CR0-OCCT691-occt-64/drv/StdSchema/StdSchema_gp_Mat2d.ixx
+M StdSchema:derivated:StdSchema_gp_Mat2d.cxx /misc/dn61/LocalWOK/wok_entities/LOC/dev/CR0-OCCT691-7-CR0-OCCT691-occt-64/drv/StdSchema/StdSchema_gp_Mat2d.cxx
+M StdSchema:pubinclude:StdSchema_gp_Pnt2d.hxx /misc/dn61/LocalWOK/wok_entities/LOC/dev/CR0-OCCT691-7-CR0-OCCT691-occt-64/inc/StdSchema_gp_Pnt2d.hxx
+M StdSchema:privinclude:StdSchema_gp_Pnt2d.ixx /misc/dn61/LocalWOK/wok_entities/LOC/dev/CR0-OCCT691-7-CR0-OCCT691-occt-64/drv/StdSchema/StdSchema_gp_Pnt2d.ixx
+M StdSchema:derivated:StdSchema_gp_Pnt2d.cxx /misc/dn61/LocalWOK/wok_entities/LOC/dev/CR0-OCCT691-7-CR0-OCCT691-occt-64/drv/StdSchema/StdSchema_gp_Pnt2d.cxx
+M StdSchema:pubinclude:StdSchema_gp_Vec2d.hxx /misc/dn61/LocalWOK/wok_entities/LOC/dev/CR0-OCCT691-7-CR0-OCCT691-occt-64/inc/StdSchema_gp_Vec2d.hxx
+M StdSchema:privinclude:StdSchema_gp_Vec2d.ixx /misc/dn61/LocalWOK/wok_entities/LOC/dev/CR0-OCCT691-7-CR0-OCCT691-occt-64/drv/StdSchema/StdSchema_gp_Vec2d.ixx
+M StdSchema:derivated:StdSchema_gp_Vec2d.cxx /misc/dn61/LocalWOK/wok_entities/LOC/dev/CR0-OCCT691-7-CR0-OCCT691-occt-64/drv/StdSchema/StdSchema_gp_Vec2d.cxx
+M StdSchema:pubinclude:StdSchema_gp_XY.hxx /misc/dn61/LocalWOK/wok_entities/LOC/dev/CR0-OCCT691-7-CR0-OCCT691-occt-64/inc/StdSchema_gp_XY.hxx
+M StdSchema:privinclude:StdSchema_gp_XY.ixx /misc/dn61/LocalWOK/wok_entities/LOC/dev/CR0-OCCT691-7-CR0-OCCT691-occt-64/drv/StdSchema/StdSchema_gp_XY.ixx
+M StdSchema:derivated:StdSchema_gp_XY.cxx /misc/dn61/LocalWOK/wok_entities/LOC/dev/CR0-OCCT691-7-CR0-OCCT691-occt-64/drv/StdSchema/StdSchema_gp_XY.cxx
+M StdSchema:pubinclude:StdSchema_PTopLoc_Datum3D.hxx /misc/dn61/LocalWOK/wok_entities/LOC/dev/CR0-OCCT691-7-CR0-OCCT691-occt-64/inc/StdSchema_PTopLoc_Datum3D.hxx
+M StdSchema:privinclude:StdSchema_PTopLoc_Datum3D.ixx /misc/dn61/LocalWOK/wok_entities/LOC/dev/CR0-OCCT691-7-CR0-OCCT691-occt-64/drv/StdSchema/StdSchema_PTopLoc_Datum3D.ixx
+M StdSchema:derivated:StdSchema_PTopLoc_Datum3D.cxx /misc/dn61/LocalWOK/wok_entities/LOC/dev/CR0-OCCT691-7-CR0-OCCT691-occt-64/drv/StdSchema/StdSchema_PTopLoc_Datum3D.cxx
+M StdSchema:pubinclude:StdSchema_PTopLoc_ItemLocation.hxx /misc/dn61/LocalWOK/wok_entities/LOC/dev/CR0-OCCT691-7-CR0-OCCT691-occt-64/inc/StdSchema_PTopLoc_ItemLocation.hxx
+M StdSchema:privinclude:StdSchema_PTopLoc_ItemLocation.ixx /misc/dn61/LocalWOK/wok_entities/LOC/dev/CR0-OCCT691-7-CR0-OCCT691-occt-64/drv/StdSchema/StdSchema_PTopLoc_ItemLocation.ixx
+M StdSchema:derivated:StdSchema_PTopLoc_ItemLocation.cxx /misc/dn61/LocalWOK/wok_entities/LOC/dev/CR0-OCCT691-7-CR0-OCCT691-occt-64/drv/StdSchema/StdSchema_PTopLoc_ItemLocation.cxx
+M StdSchema:pubinclude:StdSchema_gp_Dir2d.hxx /misc/dn61/LocalWOK/wok_entities/LOC/dev/CR0-OCCT691-7-CR0-OCCT691-occt-64/inc/StdSchema_gp_Dir2d.hxx
+M StdSchema:privinclude:StdSchema_gp_Dir2d.ixx /misc/dn61/LocalWOK/wok_entities/LOC/dev/CR0-OCCT691-7-CR0-OCCT691-occt-64/drv/StdSchema/StdSchema_gp_Dir2d.ixx
+M StdSchema:derivated:StdSchema_gp_Dir2d.cxx /misc/dn61/LocalWOK/wok_entities/LOC/dev/CR0-OCCT691-7-CR0-OCCT691-occt-64/drv/StdSchema/StdSchema_gp_Dir2d.cxx
+M StdSchema:dbadmfile:StdSchema_xcpp_sch.In /misc/dn61/LocalWOK/wok_entities/LOC/dev/CR0-OCCT691-7-CR0-OCCT691-occt-64/drv/StdSchema/.adm/StdSchema_xcpp_sch.In
+M StdSchema:dbadmfile:StdSchema_xcpp_sch.Out /misc/dn61/LocalWOK/wok_entities/LOC/dev/CR0-OCCT691-7-CR0-OCCT691-occt-64/drv/StdSchema/.adm/StdSchema_xcpp_sch.Out
+M StdSchema:dbadmfile:StdSchema_xcpp_sch.Dep /misc/dn61/LocalWOK/wok_entities/LOC/dev/CR0-OCCT691-7-CR0-OCCT691-occt-64/drv/StdSchema/.adm/StdSchema_xcpp_sch.Dep
