+M IntCurve:pubinclude:IntCurve_IntConicConic.hxx /misc/dn61/LocalWOK/wok_entities/LOC/dev/CR0-OCCT691-7-CR0-OCCT691-occt-64/inc/IntCurve_IntConicConic.hxx
+M IntCurve:privinclude:IntCurve_IntConicConic.jxx /misc/dn61/LocalWOK/wok_entities/LOC/dev/CR0-OCCT691-7-CR0-OCCT691-occt-64/drv/IntCurve/IntCurve_IntConicConic.jxx
+M IntCurve:privinclude:IntCurve_IntConicConic.ixx /misc/dn61/LocalWOK/wok_entities/LOC/dev/CR0-OCCT691-7-CR0-OCCT691-occt-64/drv/IntCurve/IntCurve_IntConicConic.ixx
+M IntCurve:pubinclude:IntCurve_ProjectOnPConicTool.hxx /misc/dn61/LocalWOK/wok_entities/LOC/dev/CR0-OCCT691-7-CR0-OCCT691-occt-64/inc/IntCurve_ProjectOnPConicTool.hxx
+M IntCurve:privinclude:IntCurve_ProjectOnPConicTool.jxx /misc/dn61/LocalWOK/wok_entities/LOC/dev/CR0-OCCT691-7-CR0-OCCT691-occt-64/drv/IntCurve/IntCurve_ProjectOnPConicTool.jxx
+M IntCurve:privinclude:IntCurve_ProjectOnPConicTool.ixx /misc/dn61/LocalWOK/wok_entities/LOC/dev/CR0-OCCT691-7-CR0-OCCT691-occt-64/drv/IntCurve/IntCurve_ProjectOnPConicTool.ixx
+M IntCurve:pubinclude:IntCurve_PConic.hxx /misc/dn61/LocalWOK/wok_entities/LOC/dev/CR0-OCCT691-7-CR0-OCCT691-occt-64/inc/IntCurve_PConic.hxx
+M IntCurve:privinclude:IntCurve_PConic.jxx /misc/dn61/LocalWOK/wok_entities/LOC/dev/CR0-OCCT691-7-CR0-OCCT691-occt-64/drv/IntCurve/IntCurve_PConic.jxx
+M IntCurve:privinclude:IntCurve_PConic.ixx /misc/dn61/LocalWOK/wok_entities/LOC/dev/CR0-OCCT691-7-CR0-OCCT691-occt-64/drv/IntCurve/IntCurve_PConic.ixx
+M IntCurve:pubinclude:IntCurve_IConicTool.hxx /misc/dn61/LocalWOK/wok_entities/LOC/dev/CR0-OCCT691-7-CR0-OCCT691-occt-64/inc/IntCurve_IConicTool.hxx
+M IntCurve:privinclude:IntCurve_IConicTool.jxx /misc/dn61/LocalWOK/wok_entities/LOC/dev/CR0-OCCT691-7-CR0-OCCT691-occt-64/drv/IntCurve/IntCurve_IConicTool.jxx
+M IntCurve:privinclude:IntCurve_IConicTool.ixx /misc/dn61/LocalWOK/wok_entities/LOC/dev/CR0-OCCT691-7-CR0-OCCT691-occt-64/drv/IntCurve/IntCurve_IConicTool.ixx
+M IntCurve:pubinclude:IntCurve_PConicTool.hxx /misc/dn61/LocalWOK/wok_entities/LOC/dev/CR0-OCCT691-7-CR0-OCCT691-occt-64/inc/IntCurve_PConicTool.hxx
+M IntCurve:privinclude:IntCurve_PConicTool.jxx /misc/dn61/LocalWOK/wok_entities/LOC/dev/CR0-OCCT691-7-CR0-OCCT691-occt-64/drv/IntCurve/IntCurve_PConicTool.jxx
+M IntCurve:privinclude:IntCurve_PConicTool.ixx /misc/dn61/LocalWOK/wok_entities/LOC/dev/CR0-OCCT691-7-CR0-OCCT691-occt-64/drv/IntCurve/IntCurve_PConicTool.ixx
+M IntCurve:pubinclude:IntCurve_IntImpConicParConic.hxx /misc/dn61/LocalWOK/wok_entities/LOC/dev/CR0-OCCT691-7-CR0-OCCT691-occt-64/inc/IntCurve_IntImpConicParConic.hxx
+M IntCurve:derivated:IntCurve_IntImpConicParConic_0.cxx /misc/dn61/LocalWOK/wok_entities/LOC/dev/CR0-OCCT691-7-CR0-OCCT691-occt-64/drv/IntCurve/IntCurve_IntImpConicParConic_0.cxx
+M IntCurve:pubinclude:IntCurve_MyImpParToolOfIntImpConicParConic.hxx /misc/dn61/LocalWOK/wok_entities/LOC/dev/CR0-OCCT691-7-CR0-OCCT691-occt-64/inc/IntCurve_MyImpParToolOfIntImpConicParConic.hxx
+M IntCurve:derivated:IntCurve_MyImpParToolOfIntImpConicParConic_0.cxx /misc/dn61/LocalWOK/wok_entities/LOC/dev/CR0-OCCT691-7-CR0-OCCT691-occt-64/drv/IntCurve/IntCurve_MyImpParToolOfIntImpConicParConic_0.cxx
+M IntCurve:dbadmfile:IntCurve_xcpp_header.In /misc/dn61/LocalWOK/wok_entities/LOC/dev/CR0-OCCT691-7-CR0-OCCT691-occt-64/drv/IntCurve/.adm/IntCurve_xcpp_header.In
+M IntCurve:dbadmfile:IntCurve_xcpp_header.Out /misc/dn61/LocalWOK/wok_entities/LOC/dev/CR0-OCCT691-7-CR0-OCCT691-occt-64/drv/IntCurve/.adm/IntCurve_xcpp_header.Out
+M IntCurve:dbadmfile:IntCurve_xcpp_header.Dep /misc/dn61/LocalWOK/wok_entities/LOC/dev/CR0-OCCT691-7-CR0-OCCT691-occt-64/drv/IntCurve/.adm/IntCurve_xcpp_header.Dep
