+M Approx:pubinclude:Approx_SweepApproximation.hxx /misc/dn61/LocalWOK/wok_entities/LOC/dev/CR0-OCCT691-7-CR0-OCCT691-occt-64/inc/Approx_SweepApproximation.hxx
+M Approx:privinclude:Approx_SweepApproximation.jxx /misc/dn61/LocalWOK/wok_entities/LOC/dev/CR0-OCCT691-7-CR0-OCCT691-occt-64/drv/Approx/Approx_SweepApproximation.jxx
+M Approx:privinclude:Approx_SweepApproximation.ixx /misc/dn61/LocalWOK/wok_entities/LOC/dev/CR0-OCCT691-7-CR0-OCCT691-occt-64/drv/Approx/Approx_SweepApproximation.ixx
+M Approx:pubinclude:Handle_Approx_SweepFunction.hxx /misc/dn61/LocalWOK/wok_entities/LOC/dev/CR0-OCCT691-7-CR0-OCCT691-occt-64/inc/Handle_Approx_SweepFunction.hxx
+M Approx:pubinclude:Approx_SweepFunction.hxx /misc/dn61/LocalWOK/wok_entities/LOC/dev/CR0-OCCT691-7-CR0-OCCT691-occt-64/inc/Approx_SweepFunction.hxx
+M Approx:privinclude:Approx_SweepFunction.jxx /misc/dn61/LocalWOK/wok_entities/LOC/dev/CR0-OCCT691-7-CR0-OCCT691-occt-64/drv/Approx/Approx_SweepFunction.jxx
+M Approx:privinclude:Approx_SweepFunction.ixx /misc/dn61/LocalWOK/wok_entities/LOC/dev/CR0-OCCT691-7-CR0-OCCT691-occt-64/drv/Approx/Approx_SweepFunction.ixx
+M Approx:pubinclude:Approx_MCurvesToBSpCurve.hxx /misc/dn61/LocalWOK/wok_entities/LOC/dev/CR0-OCCT691-7-CR0-OCCT691-occt-64/inc/Approx_MCurvesToBSpCurve.hxx
+M Approx:privinclude:Approx_MCurvesToBSpCurve.jxx /misc/dn61/LocalWOK/wok_entities/LOC/dev/CR0-OCCT691-7-CR0-OCCT691-occt-64/drv/Approx/Approx_MCurvesToBSpCurve.jxx
+M Approx:privinclude:Approx_MCurvesToBSpCurve.ixx /misc/dn61/LocalWOK/wok_entities/LOC/dev/CR0-OCCT691-7-CR0-OCCT691-occt-64/drv/Approx/Approx_MCurvesToBSpCurve.ixx
+M Approx:pubinclude:Approx_CurveOnSurface.hxx /misc/dn61/LocalWOK/wok_entities/LOC/dev/CR0-OCCT691-7-CR0-OCCT691-occt-64/inc/Approx_CurveOnSurface.hxx
+M Approx:privinclude:Approx_CurveOnSurface.jxx /misc/dn61/LocalWOK/wok_entities/LOC/dev/CR0-OCCT691-7-CR0-OCCT691-occt-64/drv/Approx/Approx_CurveOnSurface.jxx
+M Approx:privinclude:Approx_CurveOnSurface.ixx /misc/dn61/LocalWOK/wok_entities/LOC/dev/CR0-OCCT691-7-CR0-OCCT691-occt-64/drv/Approx/Approx_CurveOnSurface.ixx
+M Approx:pubinclude:Approx_Curve3d.hxx /misc/dn61/LocalWOK/wok_entities/LOC/dev/CR0-OCCT691-7-CR0-OCCT691-occt-64/inc/Approx_Curve3d.hxx
+M Approx:privinclude:Approx_Curve3d.jxx /misc/dn61/LocalWOK/wok_entities/LOC/dev/CR0-OCCT691-7-CR0-OCCT691-occt-64/drv/Approx/Approx_Curve3d.jxx
+M Approx:privinclude:Approx_Curve3d.ixx /misc/dn61/LocalWOK/wok_entities/LOC/dev/CR0-OCCT691-7-CR0-OCCT691-occt-64/drv/Approx/Approx_Curve3d.ixx
+M Approx:pubinclude:Approx_Curve2d.hxx /misc/dn61/LocalWOK/wok_entities/LOC/dev/CR0-OCCT691-7-CR0-OCCT691-occt-64/inc/Approx_Curve2d.hxx
+M Approx:privinclude:Approx_Curve2d.jxx /misc/dn61/LocalWOK/wok_entities/LOC/dev/CR0-OCCT691-7-CR0-OCCT691-occt-64/drv/Approx/Approx_Curve2d.jxx
+M Approx:privinclude:Approx_Curve2d.ixx /misc/dn61/LocalWOK/wok_entities/LOC/dev/CR0-OCCT691-7-CR0-OCCT691-occt-64/drv/Approx/Approx_Curve2d.ixx
+M Approx:pubinclude:Approx_CurvilinearParameter.hxx /misc/dn61/LocalWOK/wok_entities/LOC/dev/CR0-OCCT691-7-CR0-OCCT691-occt-64/inc/Approx_CurvilinearParameter.hxx
+M Approx:privinclude:Approx_CurvilinearParameter.jxx /misc/dn61/LocalWOK/wok_entities/LOC/dev/CR0-OCCT691-7-CR0-OCCT691-occt-64/drv/Approx/Approx_CurvilinearParameter.jxx
+M Approx:privinclude:Approx_CurvilinearParameter.ixx /misc/dn61/LocalWOK/wok_entities/LOC/dev/CR0-OCCT691-7-CR0-OCCT691-occt-64/drv/Approx/Approx_CurvilinearParameter.ixx
+M Approx:pubinclude:Handle_Approx_CurvlinFunc.hxx /misc/dn61/LocalWOK/wok_entities/LOC/dev/CR0-OCCT691-7-CR0-OCCT691-occt-64/inc/Handle_Approx_CurvlinFunc.hxx
+M Approx:pubinclude:Approx_CurvlinFunc.hxx /misc/dn61/LocalWOK/wok_entities/LOC/dev/CR0-OCCT691-7-CR0-OCCT691-occt-64/inc/Approx_CurvlinFunc.hxx
+M Approx:privinclude:Approx_CurvlinFunc.jxx /misc/dn61/LocalWOK/wok_entities/LOC/dev/CR0-OCCT691-7-CR0-OCCT691-occt-64/drv/Approx/Approx_CurvlinFunc.jxx
+M Approx:privinclude:Approx_CurvlinFunc.ixx /misc/dn61/LocalWOK/wok_entities/LOC/dev/CR0-OCCT691-7-CR0-OCCT691-occt-64/drv/Approx/Approx_CurvlinFunc.ixx
+M Approx:pubinclude:Approx_SequenceOfHArray1OfReal.hxx /misc/dn61/LocalWOK/wok_entities/LOC/dev/CR0-OCCT691-7-CR0-OCCT691-occt-64/inc/Approx_SequenceOfHArray1OfReal.hxx
+M Approx:derivated:Approx_SequenceOfHArray1OfReal_0.cxx /misc/dn61/LocalWOK/wok_entities/LOC/dev/CR0-OCCT691-7-CR0-OCCT691-occt-64/drv/Approx/Approx_SequenceOfHArray1OfReal_0.cxx
+M Approx:pubinclude:Approx_FitAndDivide.hxx /misc/dn61/LocalWOK/wok_entities/LOC/dev/CR0-OCCT691-7-CR0-OCCT691-occt-64/inc/Approx_FitAndDivide.hxx
+M Approx:derivated:Approx_FitAndDivide_0.cxx /misc/dn61/LocalWOK/wok_entities/LOC/dev/CR0-OCCT691-7-CR0-OCCT691-occt-64/drv/Approx/Approx_FitAndDivide_0.cxx
+M Approx:pubinclude:Approx_FitAndDivide2d.hxx /misc/dn61/LocalWOK/wok_entities/LOC/dev/CR0-OCCT691-7-CR0-OCCT691-occt-64/inc/Approx_FitAndDivide2d.hxx
+M Approx:derivated:Approx_FitAndDivide2d_0.cxx /misc/dn61/LocalWOK/wok_entities/LOC/dev/CR0-OCCT691-7-CR0-OCCT691-occt-64/drv/Approx/Approx_FitAndDivide2d_0.cxx
+M Approx:pubinclude:Approx_SameParameter.hxx /misc/dn61/LocalWOK/wok_entities/LOC/dev/CR0-OCCT691-7-CR0-OCCT691-occt-64/inc/Approx_SameParameter.hxx
+M Approx:privinclude:Approx_SameParameter.jxx /misc/dn61/LocalWOK/wok_entities/LOC/dev/CR0-OCCT691-7-CR0-OCCT691-occt-64/drv/Approx/Approx_SameParameter.jxx
+M Approx:privinclude:Approx_SameParameter.ixx /misc/dn61/LocalWOK/wok_entities/LOC/dev/CR0-OCCT691-7-CR0-OCCT691-occt-64/drv/Approx/Approx_SameParameter.ixx
+M Approx:pubinclude:Approx_Array1OfAdHSurface.hxx /misc/dn61/LocalWOK/wok_entities/LOC/dev/CR0-OCCT691-7-CR0-OCCT691-occt-64/inc/Approx_Array1OfAdHSurface.hxx
+M Approx:derivated:Approx_Array1OfAdHSurface_0.cxx /misc/dn61/LocalWOK/wok_entities/LOC/dev/CR0-OCCT691-7-CR0-OCCT691-occt-64/drv/Approx/Approx_Array1OfAdHSurface_0.cxx
+M Approx:pubinclude:Handle_Approx_HArray1OfAdHSurface.hxx /misc/dn61/LocalWOK/wok_entities/LOC/dev/CR0-OCCT691-7-CR0-OCCT691-occt-64/inc/Handle_Approx_HArray1OfAdHSurface.hxx
+M Approx:pubinclude:Approx_HArray1OfAdHSurface.hxx /misc/dn61/LocalWOK/wok_entities/LOC/dev/CR0-OCCT691-7-CR0-OCCT691-occt-64/inc/Approx_HArray1OfAdHSurface.hxx
+M Approx:derivated:Approx_HArray1OfAdHSurface_0.cxx /misc/dn61/LocalWOK/wok_entities/LOC/dev/CR0-OCCT691-7-CR0-OCCT691-occt-64/drv/Approx/Approx_HArray1OfAdHSurface_0.cxx
+M Approx:pubinclude:Approx_Array1OfGTrsf2d.hxx /misc/dn61/LocalWOK/wok_entities/LOC/dev/CR0-OCCT691-7-CR0-OCCT691-occt-64/inc/Approx_Array1OfGTrsf2d.hxx
+M Approx:derivated:Approx_Array1OfGTrsf2d_0.cxx /misc/dn61/LocalWOK/wok_entities/LOC/dev/CR0-OCCT691-7-CR0-OCCT691-occt-64/drv/Approx/Approx_Array1OfGTrsf2d_0.cxx
+M Approx:pubinclude:Handle_Approx_HArray1OfGTrsf2d.hxx /misc/dn61/LocalWOK/wok_entities/LOC/dev/CR0-OCCT691-7-CR0-OCCT691-occt-64/inc/Handle_Approx_HArray1OfGTrsf2d.hxx
+M Approx:pubinclude:Approx_HArray1OfGTrsf2d.hxx /misc/dn61/LocalWOK/wok_entities/LOC/dev/CR0-OCCT691-7-CR0-OCCT691-occt-64/inc/Approx_HArray1OfGTrsf2d.hxx
+M Approx:derivated:Approx_HArray1OfGTrsf2d_0.cxx /misc/dn61/LocalWOK/wok_entities/LOC/dev/CR0-OCCT691-7-CR0-OCCT691-occt-64/drv/Approx/Approx_HArray1OfGTrsf2d_0.cxx
+M Approx:pubinclude:Handle_Approx_SequenceNodeOfSequenceOfHArray1OfReal.hxx /misc/dn61/LocalWOK/wok_entities/LOC/dev/CR0-OCCT691-7-CR0-OCCT691-occt-64/inc/Handle_Approx_SequenceNodeOfSequenceOfHArray1OfReal.hxx
+M Approx:pubinclude:Approx_SequenceNodeOfSequenceOfHArray1OfReal.hxx /misc/dn61/LocalWOK/wok_entities/LOC/dev/CR0-OCCT691-7-CR0-OCCT691-occt-64/inc/Approx_SequenceNodeOfSequenceOfHArray1OfReal.hxx
+M Approx:derivated:Approx_SequenceNodeOfSequenceOfHArray1OfReal_0.cxx /misc/dn61/LocalWOK/wok_entities/LOC/dev/CR0-OCCT691-7-CR0-OCCT691-occt-64/drv/Approx/Approx_SequenceNodeOfSequenceOfHArray1OfReal_0.cxx
+M Approx:pubinclude:Approx_ParametrizationType.hxx /misc/dn61/LocalWOK/wok_entities/LOC/dev/CR0-OCCT691-7-CR0-OCCT691-occt-64/inc/Approx_ParametrizationType.hxx
+M Approx:pubinclude:Approx_Status.hxx /misc/dn61/LocalWOK/wok_entities/LOC/dev/CR0-OCCT691-7-CR0-OCCT691-occt-64/inc/Approx_Status.hxx
+M Approx:dbadmfile:Approx_xcpp_header.In /misc/dn61/LocalWOK/wok_entities/LOC/dev/CR0-OCCT691-7-CR0-OCCT691-occt-64/drv/Approx/.adm/Approx_xcpp_header.In
+M Approx:dbadmfile:Approx_xcpp_header.Out /misc/dn61/LocalWOK/wok_entities/LOC/dev/CR0-OCCT691-7-CR0-OCCT691-occt-64/drv/Approx/.adm/Approx_xcpp_header.Out
+M Approx:dbadmfile:Approx_xcpp_header.Dep /misc/dn61/LocalWOK/wok_entities/LOC/dev/CR0-OCCT691-7-CR0-OCCT691-occt-64/drv/Approx/.adm/Approx_xcpp_header.Dep
