+M Geom2dHatch:pubinclude:Geom2dHatch_Intersector.hxx /misc/dn61/LocalWOK/wok_entities/LOC/dev/CR0-OCCT691-7-CR0-OCCT691-occt-64/inc/Geom2dHatch_Intersector.hxx
+M Geom2dHatch:privinclude:Geom2dHatch_Intersector.jxx /misc/dn61/LocalWOK/wok_entities/LOC/dev/CR0-OCCT691-7-CR0-OCCT691-occt-64/drv/Geom2dHatch/Geom2dHatch_Intersector.jxx
+M Geom2dHatch:privinclude:Geom2dHatch_Intersector.ixx /misc/dn61/LocalWOK/wok_entities/LOC/dev/CR0-OCCT691-7-CR0-OCCT691-occt-64/drv/Geom2dHatch/Geom2dHatch_Intersector.ixx
+M Geom2dHatch:pubinclude:Geom2dHatch_Hatcher.hxx /misc/dn61/LocalWOK/wok_entities/LOC/dev/CR0-OCCT691-7-CR0-OCCT691-occt-64/inc/Geom2dHatch_Hatcher.hxx
+M Geom2dHatch:privinclude:Geom2dHatch_Hatcher.jxx /misc/dn61/LocalWOK/wok_entities/LOC/dev/CR0-OCCT691-7-CR0-OCCT691-occt-64/drv/Geom2dHatch/Geom2dHatch_Hatcher.jxx
+M Geom2dHatch:privinclude:Geom2dHatch_Hatcher.ixx /misc/dn61/LocalWOK/wok_entities/LOC/dev/CR0-OCCT691-7-CR0-OCCT691-occt-64/drv/Geom2dHatch/Geom2dHatch_Hatcher.ixx
+M Geom2dHatch:pubinclude:Geom2dHatch_Element.hxx /misc/dn61/LocalWOK/wok_entities/LOC/dev/CR0-OCCT691-7-CR0-OCCT691-occt-64/inc/Geom2dHatch_Element.hxx
+M Geom2dHatch:privinclude:Geom2dHatch_Element.jxx /misc/dn61/LocalWOK/wok_entities/LOC/dev/CR0-OCCT691-7-CR0-OCCT691-occt-64/drv/Geom2dHatch/Geom2dHatch_Element.jxx
+M Geom2dHatch:privinclude:Geom2dHatch_Element.ixx /misc/dn61/LocalWOK/wok_entities/LOC/dev/CR0-OCCT691-7-CR0-OCCT691-occt-64/drv/Geom2dHatch/Geom2dHatch_Element.ixx
+M Geom2dHatch:pubinclude:Geom2dHatch_Elements.hxx /misc/dn61/LocalWOK/wok_entities/LOC/dev/CR0-OCCT691-7-CR0-OCCT691-occt-64/inc/Geom2dHatch_Elements.hxx
+M Geom2dHatch:privinclude:Geom2dHatch_Elements.jxx /misc/dn61/LocalWOK/wok_entities/LOC/dev/CR0-OCCT691-7-CR0-OCCT691-occt-64/drv/Geom2dHatch/Geom2dHatch_Elements.jxx
+M Geom2dHatch:privinclude:Geom2dHatch_Elements.ixx /misc/dn61/LocalWOK/wok_entities/LOC/dev/CR0-OCCT691-7-CR0-OCCT691-occt-64/drv/Geom2dHatch/Geom2dHatch_Elements.ixx
+M Geom2dHatch:pubinclude:Geom2dHatch_Hatching.hxx /misc/dn61/LocalWOK/wok_entities/LOC/dev/CR0-OCCT691-7-CR0-OCCT691-occt-64/inc/Geom2dHatch_Hatching.hxx
+M Geom2dHatch:privinclude:Geom2dHatch_Hatching.jxx /misc/dn61/LocalWOK/wok_entities/LOC/dev/CR0-OCCT691-7-CR0-OCCT691-occt-64/drv/Geom2dHatch/Geom2dHatch_Hatching.jxx
+M Geom2dHatch:privinclude:Geom2dHatch_Hatching.ixx /misc/dn61/LocalWOK/wok_entities/LOC/dev/CR0-OCCT691-7-CR0-OCCT691-occt-64/drv/Geom2dHatch/Geom2dHatch_Hatching.ixx
+M Geom2dHatch:pubinclude:Geom2dHatch_Hatchings.hxx /misc/dn61/LocalWOK/wok_entities/LOC/dev/CR0-OCCT691-7-CR0-OCCT691-occt-64/inc/Geom2dHatch_Hatchings.hxx
+M Geom2dHatch:derivated:Geom2dHatch_Hatchings_0.cxx /misc/dn61/LocalWOK/wok_entities/LOC/dev/CR0-OCCT691-7-CR0-OCCT691-occt-64/drv/Geom2dHatch/Geom2dHatch_Hatchings_0.cxx
+M Geom2dHatch:pubinclude:Geom2dHatch_Classifier.hxx /misc/dn61/LocalWOK/wok_entities/LOC/dev/CR0-OCCT691-7-CR0-OCCT691-occt-64/inc/Geom2dHatch_Classifier.hxx
+M Geom2dHatch:derivated:Geom2dHatch_Classifier_0.cxx /misc/dn61/LocalWOK/wok_entities/LOC/dev/CR0-OCCT691-7-CR0-OCCT691-occt-64/drv/Geom2dHatch/Geom2dHatch_Classifier_0.cxx
+M Geom2dHatch:pubinclude:Geom2dHatch_MapOfElements.hxx /misc/dn61/LocalWOK/wok_entities/LOC/dev/CR0-OCCT691-7-CR0-OCCT691-occt-64/inc/Geom2dHatch_MapOfElements.hxx
+M Geom2dHatch:derivated:Geom2dHatch_MapOfElements_0.cxx /misc/dn61/LocalWOK/wok_entities/LOC/dev/CR0-OCCT691-7-CR0-OCCT691-occt-64/drv/Geom2dHatch/Geom2dHatch_MapOfElements_0.cxx
+M Geom2dHatch:pubinclude:Handle_Geom2dHatch_DataMapNodeOfHatchings.hxx /misc/dn61/LocalWOK/wok_entities/LOC/dev/CR0-OCCT691-7-CR0-OCCT691-occt-64/inc/Handle_Geom2dHatch_DataMapNodeOfHatchings.hxx
+M Geom2dHatch:pubinclude:Geom2dHatch_DataMapNodeOfHatchings.hxx /misc/dn61/LocalWOK/wok_entities/LOC/dev/CR0-OCCT691-7-CR0-OCCT691-occt-64/inc/Geom2dHatch_DataMapNodeOfHatchings.hxx
+M Geom2dHatch:derivated:Geom2dHatch_DataMapNodeOfHatchings_0.cxx /misc/dn61/LocalWOK/wok_entities/LOC/dev/CR0-OCCT691-7-CR0-OCCT691-occt-64/drv/Geom2dHatch/Geom2dHatch_DataMapNodeOfHatchings_0.cxx
+M Geom2dHatch:pubinclude:Geom2dHatch_DataMapIteratorOfHatchings.hxx /misc/dn61/LocalWOK/wok_entities/LOC/dev/CR0-OCCT691-7-CR0-OCCT691-occt-64/inc/Geom2dHatch_DataMapIteratorOfHatchings.hxx
+M Geom2dHatch:derivated:Geom2dHatch_DataMapIteratorOfHatchings_0.cxx /misc/dn61/LocalWOK/wok_entities/LOC/dev/CR0-OCCT691-7-CR0-OCCT691-occt-64/drv/Geom2dHatch/Geom2dHatch_DataMapIteratorOfHatchings_0.cxx
+M Geom2dHatch:pubinclude:Geom2dHatch_FClass2dOfClassifier.hxx /misc/dn61/LocalWOK/wok_entities/LOC/dev/CR0-OCCT691-7-CR0-OCCT691-occt-64/inc/Geom2dHatch_FClass2dOfClassifier.hxx
+M Geom2dHatch:derivated:Geom2dHatch_FClass2dOfClassifier_0.cxx /misc/dn61/LocalWOK/wok_entities/LOC/dev/CR0-OCCT691-7-CR0-OCCT691-occt-64/drv/Geom2dHatch/Geom2dHatch_FClass2dOfClassifier_0.cxx
+M Geom2dHatch:pubinclude:Handle_Geom2dHatch_DataMapNodeOfMapOfElements.hxx /misc/dn61/LocalWOK/wok_entities/LOC/dev/CR0-OCCT691-7-CR0-OCCT691-occt-64/inc/Handle_Geom2dHatch_DataMapNodeOfMapOfElements.hxx
+M Geom2dHatch:pubinclude:Geom2dHatch_DataMapNodeOfMapOfElements.hxx /misc/dn61/LocalWOK/wok_entities/LOC/dev/CR0-OCCT691-7-CR0-OCCT691-occt-64/inc/Geom2dHatch_DataMapNodeOfMapOfElements.hxx
+M Geom2dHatch:derivated:Geom2dHatch_DataMapNodeOfMapOfElements_0.cxx /misc/dn61/LocalWOK/wok_entities/LOC/dev/CR0-OCCT691-7-CR0-OCCT691-occt-64/drv/Geom2dHatch/Geom2dHatch_DataMapNodeOfMapOfElements_0.cxx
+M Geom2dHatch:pubinclude:Geom2dHatch_DataMapIteratorOfMapOfElements.hxx /misc/dn61/LocalWOK/wok_entities/LOC/dev/CR0-OCCT691-7-CR0-OCCT691-occt-64/inc/Geom2dHatch_DataMapIteratorOfMapOfElements.hxx
+M Geom2dHatch:derivated:Geom2dHatch_DataMapIteratorOfMapOfElements_0.cxx /misc/dn61/LocalWOK/wok_entities/LOC/dev/CR0-OCCT691-7-CR0-OCCT691-occt-64/drv/Geom2dHatch/Geom2dHatch_DataMapIteratorOfMapOfElements_0.cxx
+M Geom2dHatch:dbadmfile:Geom2dHatch_xcpp_header.In /misc/dn61/LocalWOK/wok_entities/LOC/dev/CR0-OCCT691-7-CR0-OCCT691-occt-64/drv/Geom2dHatch/.adm/Geom2dHatch_xcpp_header.In
+M Geom2dHatch:dbadmfile:Geom2dHatch_xcpp_header.Out /misc/dn61/LocalWOK/wok_entities/LOC/dev/CR0-OCCT691-7-CR0-OCCT691-occt-64/drv/Geom2dHatch/.adm/Geom2dHatch_xcpp_header.Out
+M Geom2dHatch:dbadmfile:Geom2dHatch_xcpp_header.Dep /misc/dn61/LocalWOK/wok_entities/LOC/dev/CR0-OCCT691-7-CR0-OCCT691-occt-64/drv/Geom2dHatch/.adm/Geom2dHatch_xcpp_header.Dep
