+M StepElement:pubinclude:Handle_StepElement_AnalysisItemWithinRepresentation.hxx /misc/dn61/LocalWOK/wok_entities/LOC/dev/CR0-OCCT691-7-CR0-OCCT691-occt-64/inc/Handle_StepElement_AnalysisItemWithinRepresentation.hxx
+M StepElement:pubinclude:StepElement_AnalysisItemWithinRepresentation.hxx /misc/dn61/LocalWOK/wok_entities/LOC/dev/CR0-OCCT691-7-CR0-OCCT691-occt-64/inc/StepElement_AnalysisItemWithinRepresentation.hxx
+M StepElement:privinclude:StepElement_AnalysisItemWithinRepresentation.jxx /misc/dn61/LocalWOK/wok_entities/LOC/dev/CR0-OCCT691-7-CR0-OCCT691-occt-64/drv/StepElement/StepElement_AnalysisItemWithinRepresentation.jxx
+M StepElement:privinclude:StepElement_AnalysisItemWithinRepresentation.ixx /misc/dn61/LocalWOK/wok_entities/LOC/dev/CR0-OCCT691-7-CR0-OCCT691-occt-64/drv/StepElement/StepElement_AnalysisItemWithinRepresentation.ixx
+M StepElement:pubinclude:Handle_StepElement_Curve3dElementDescriptor.hxx /misc/dn61/LocalWOK/wok_entities/LOC/dev/CR0-OCCT691-7-CR0-OCCT691-occt-64/inc/Handle_StepElement_Curve3dElementDescriptor.hxx
+M StepElement:pubinclude:StepElement_Curve3dElementDescriptor.hxx /misc/dn61/LocalWOK/wok_entities/LOC/dev/CR0-OCCT691-7-CR0-OCCT691-occt-64/inc/StepElement_Curve3dElementDescriptor.hxx
+M StepElement:privinclude:StepElement_Curve3dElementDescriptor.jxx /misc/dn61/LocalWOK/wok_entities/LOC/dev/CR0-OCCT691-7-CR0-OCCT691-occt-64/drv/StepElement/StepElement_Curve3dElementDescriptor.jxx
+M StepElement:privinclude:StepElement_Curve3dElementDescriptor.ixx /misc/dn61/LocalWOK/wok_entities/LOC/dev/CR0-OCCT691-7-CR0-OCCT691-occt-64/drv/StepElement/StepElement_Curve3dElementDescriptor.ixx
+M StepElement:pubinclude:Handle_StepElement_CurveElementEndReleasePacket.hxx /misc/dn61/LocalWOK/wok_entities/LOC/dev/CR0-OCCT691-7-CR0-OCCT691-occt-64/inc/Handle_StepElement_CurveElementEndReleasePacket.hxx
+M StepElement:pubinclude:StepElement_CurveElementEndReleasePacket.hxx /misc/dn61/LocalWOK/wok_entities/LOC/dev/CR0-OCCT691-7-CR0-OCCT691-occt-64/inc/StepElement_CurveElementEndReleasePacket.hxx
+M StepElement:privinclude:StepElement_CurveElementEndReleasePacket.jxx /misc/dn61/LocalWOK/wok_entities/LOC/dev/CR0-OCCT691-7-CR0-OCCT691-occt-64/drv/StepElement/StepElement_CurveElementEndReleasePacket.jxx
+M StepElement:privinclude:StepElement_CurveElementEndReleasePacket.ixx /misc/dn61/LocalWOK/wok_entities/LOC/dev/CR0-OCCT691-7-CR0-OCCT691-occt-64/drv/StepElement/StepElement_CurveElementEndReleasePacket.ixx
+M StepElement:pubinclude:StepElement_CurveElementFreedom.hxx /misc/dn61/LocalWOK/wok_entities/LOC/dev/CR0-OCCT691-7-CR0-OCCT691-occt-64/inc/StepElement_CurveElementFreedom.hxx
+M StepElement:privinclude:StepElement_CurveElementFreedom.jxx /misc/dn61/LocalWOK/wok_entities/LOC/dev/CR0-OCCT691-7-CR0-OCCT691-occt-64/drv/StepElement/StepElement_CurveElementFreedom.jxx
+M StepElement:privinclude:StepElement_CurveElementFreedom.ixx /misc/dn61/LocalWOK/wok_entities/LOC/dev/CR0-OCCT691-7-CR0-OCCT691-occt-64/drv/StepElement/StepElement_CurveElementFreedom.ixx
+M StepElement:pubinclude:Handle_StepElement_CurveElementFreedomMember.hxx /misc/dn61/LocalWOK/wok_entities/LOC/dev/CR0-OCCT691-7-CR0-OCCT691-occt-64/inc/Handle_StepElement_CurveElementFreedomMember.hxx
+M StepElement:pubinclude:StepElement_CurveElementFreedomMember.hxx /misc/dn61/LocalWOK/wok_entities/LOC/dev/CR0-OCCT691-7-CR0-OCCT691-occt-64/inc/StepElement_CurveElementFreedomMember.hxx
+M StepElement:privinclude:StepElement_CurveElementFreedomMember.jxx /misc/dn61/LocalWOK/wok_entities/LOC/dev/CR0-OCCT691-7-CR0-OCCT691-occt-64/drv/StepElement/StepElement_CurveElementFreedomMember.jxx
+M StepElement:privinclude:StepElement_CurveElementFreedomMember.ixx /misc/dn61/LocalWOK/wok_entities/LOC/dev/CR0-OCCT691-7-CR0-OCCT691-occt-64/drv/StepElement/StepElement_CurveElementFreedomMember.ixx
+M StepElement:pubinclude:StepElement_CurveElementPurpose.hxx /misc/dn61/LocalWOK/wok_entities/LOC/dev/CR0-OCCT691-7-CR0-OCCT691-occt-64/inc/StepElement_CurveElementPurpose.hxx
+M StepElement:privinclude:StepElement_CurveElementPurpose.jxx /misc/dn61/LocalWOK/wok_entities/LOC/dev/CR0-OCCT691-7-CR0-OCCT691-occt-64/drv/StepElement/StepElement_CurveElementPurpose.jxx
+M StepElement:privinclude:StepElement_CurveElementPurpose.ixx /misc/dn61/LocalWOK/wok_entities/LOC/dev/CR0-OCCT691-7-CR0-OCCT691-occt-64/drv/StepElement/StepElement_CurveElementPurpose.ixx
+M StepElement:pubinclude:Handle_StepElement_CurveElementPurposeMember.hxx /misc/dn61/LocalWOK/wok_entities/LOC/dev/CR0-OCCT691-7-CR0-OCCT691-occt-64/inc/Handle_StepElement_CurveElementPurposeMember.hxx
+M StepElement:pubinclude:StepElement_CurveElementPurposeMember.hxx /misc/dn61/LocalWOK/wok_entities/LOC/dev/CR0-OCCT691-7-CR0-OCCT691-occt-64/inc/StepElement_CurveElementPurposeMember.hxx
+M StepElement:privinclude:StepElement_CurveElementPurposeMember.jxx /misc/dn61/LocalWOK/wok_entities/LOC/dev/CR0-OCCT691-7-CR0-OCCT691-occt-64/drv/StepElement/StepElement_CurveElementPurposeMember.jxx
+M StepElement:privinclude:StepElement_CurveElementPurposeMember.ixx /misc/dn61/LocalWOK/wok_entities/LOC/dev/CR0-OCCT691-7-CR0-OCCT691-occt-64/drv/StepElement/StepElement_CurveElementPurposeMember.ixx
+M StepElement:pubinclude:Handle_StepElement_CurveElementSectionDefinition.hxx /misc/dn61/LocalWOK/wok_entities/LOC/dev/CR0-OCCT691-7-CR0-OCCT691-occt-64/inc/Handle_StepElement_CurveElementSectionDefinition.hxx
+M StepElement:pubinclude:StepElement_CurveElementSectionDefinition.hxx /misc/dn61/LocalWOK/wok_entities/LOC/dev/CR0-OCCT691-7-CR0-OCCT691-occt-64/inc/StepElement_CurveElementSectionDefinition.hxx
+M StepElement:privinclude:StepElement_CurveElementSectionDefinition.jxx /misc/dn61/LocalWOK/wok_entities/LOC/dev/CR0-OCCT691-7-CR0-OCCT691-occt-64/drv/StepElement/StepElement_CurveElementSectionDefinition.jxx
+M StepElement:privinclude:StepElement_CurveElementSectionDefinition.ixx /misc/dn61/LocalWOK/wok_entities/LOC/dev/CR0-OCCT691-7-CR0-OCCT691-occt-64/drv/StepElement/StepElement_CurveElementSectionDefinition.ixx
+M StepElement:pubinclude:Handle_StepElement_CurveElementSectionDerivedDefinitions.hxx /misc/dn61/LocalWOK/wok_entities/LOC/dev/CR0-OCCT691-7-CR0-OCCT691-occt-64/inc/Handle_StepElement_CurveElementSectionDerivedDefinitions.hxx
+M StepElement:pubinclude:StepElement_CurveElementSectionDerivedDefinitions.hxx /misc/dn61/LocalWOK/wok_entities/LOC/dev/CR0-OCCT691-7-CR0-OCCT691-occt-64/inc/StepElement_CurveElementSectionDerivedDefinitions.hxx
+M StepElement:privinclude:StepElement_CurveElementSectionDerivedDefinitions.jxx /misc/dn61/LocalWOK/wok_entities/LOC/dev/CR0-OCCT691-7-CR0-OCCT691-occt-64/drv/StepElement/StepElement_CurveElementSectionDerivedDefinitions.jxx
+M StepElement:privinclude:StepElement_CurveElementSectionDerivedDefinitions.ixx /misc/dn61/LocalWOK/wok_entities/LOC/dev/CR0-OCCT691-7-CR0-OCCT691-occt-64/drv/StepElement/StepElement_CurveElementSectionDerivedDefinitions.ixx
+M StepElement:pubinclude:StepElement_ElementAspect.hxx /misc/dn61/LocalWOK/wok_entities/LOC/dev/CR0-OCCT691-7-CR0-OCCT691-occt-64/inc/StepElement_ElementAspect.hxx
+M StepElement:privinclude:StepElement_ElementAspect.jxx /misc/dn61/LocalWOK/wok_entities/LOC/dev/CR0-OCCT691-7-CR0-OCCT691-occt-64/drv/StepElement/StepElement_ElementAspect.jxx
+M StepElement:privinclude:StepElement_ElementAspect.ixx /misc/dn61/LocalWOK/wok_entities/LOC/dev/CR0-OCCT691-7-CR0-OCCT691-occt-64/drv/StepElement/StepElement_ElementAspect.ixx
+M StepElement:pubinclude:Handle_StepElement_ElementAspectMember.hxx /misc/dn61/LocalWOK/wok_entities/LOC/dev/CR0-OCCT691-7-CR0-OCCT691-occt-64/inc/Handle_StepElement_ElementAspectMember.hxx
+M StepElement:pubinclude:StepElement_ElementAspectMember.hxx /misc/dn61/LocalWOK/wok_entities/LOC/dev/CR0-OCCT691-7-CR0-OCCT691-occt-64/inc/StepElement_ElementAspectMember.hxx
+M StepElement:privinclude:StepElement_ElementAspectMember.jxx /misc/dn61/LocalWOK/wok_entities/LOC/dev/CR0-OCCT691-7-CR0-OCCT691-occt-64/drv/StepElement/StepElement_ElementAspectMember.jxx
+M StepElement:privinclude:StepElement_ElementAspectMember.ixx /misc/dn61/LocalWOK/wok_entities/LOC/dev/CR0-OCCT691-7-CR0-OCCT691-occt-64/drv/StepElement/StepElement_ElementAspectMember.ixx
+M StepElement:pubinclude:Handle_StepElement_ElementDescriptor.hxx /misc/dn61/LocalWOK/wok_entities/LOC/dev/CR0-OCCT691-7-CR0-OCCT691-occt-64/inc/Handle_StepElement_ElementDescriptor.hxx
+M StepElement:pubinclude:StepElement_ElementDescriptor.hxx /misc/dn61/LocalWOK/wok_entities/LOC/dev/CR0-OCCT691-7-CR0-OCCT691-occt-64/inc/StepElement_ElementDescriptor.hxx
+M StepElement:privinclude:StepElement_ElementDescriptor.jxx /misc/dn61/LocalWOK/wok_entities/LOC/dev/CR0-OCCT691-7-CR0-OCCT691-occt-64/drv/StepElement/StepElement_ElementDescriptor.jxx
+M StepElement:privinclude:StepElement_ElementDescriptor.ixx /misc/dn61/LocalWOK/wok_entities/LOC/dev/CR0-OCCT691-7-CR0-OCCT691-occt-64/drv/StepElement/StepElement_ElementDescriptor.ixx
+M StepElement:pubinclude:Handle_StepElement_ElementMaterial.hxx /misc/dn61/LocalWOK/wok_entities/LOC/dev/CR0-OCCT691-7-CR0-OCCT691-occt-64/inc/Handle_StepElement_ElementMaterial.hxx
+M StepElement:pubinclude:StepElement_ElementMaterial.hxx /misc/dn61/LocalWOK/wok_entities/LOC/dev/CR0-OCCT691-7-CR0-OCCT691-occt-64/inc/StepElement_ElementMaterial.hxx
+M StepElement:privinclude:StepElement_ElementMaterial.jxx /misc/dn61/LocalWOK/wok_entities/LOC/dev/CR0-OCCT691-7-CR0-OCCT691-occt-64/drv/StepElement/StepElement_ElementMaterial.jxx
+M StepElement:privinclude:StepElement_ElementMaterial.ixx /misc/dn61/LocalWOK/wok_entities/LOC/dev/CR0-OCCT691-7-CR0-OCCT691-occt-64/drv/StepElement/StepElement_ElementMaterial.ixx
+M StepElement:pubinclude:StepElement_MeasureOrUnspecifiedValue.hxx /misc/dn61/LocalWOK/wok_entities/LOC/dev/CR0-OCCT691-7-CR0-OCCT691-occt-64/inc/StepElement_MeasureOrUnspecifiedValue.hxx
+M StepElement:privinclude:StepElement_MeasureOrUnspecifiedValue.jxx /misc/dn61/LocalWOK/wok_entities/LOC/dev/CR0-OCCT691-7-CR0-OCCT691-occt-64/drv/StepElement/StepElement_MeasureOrUnspecifiedValue.jxx
+M StepElement:privinclude:StepElement_MeasureOrUnspecifiedValue.ixx /misc/dn61/LocalWOK/wok_entities/LOC/dev/CR0-OCCT691-7-CR0-OCCT691-occt-64/drv/StepElement/StepElement_MeasureOrUnspecifiedValue.ixx
+M StepElement:pubinclude:Handle_StepElement_MeasureOrUnspecifiedValueMember.hxx /misc/dn61/LocalWOK/wok_entities/LOC/dev/CR0-OCCT691-7-CR0-OCCT691-occt-64/inc/Handle_StepElement_MeasureOrUnspecifiedValueMember.hxx
+M StepElement:pubinclude:StepElement_MeasureOrUnspecifiedValueMember.hxx /misc/dn61/LocalWOK/wok_entities/LOC/dev/CR0-OCCT691-7-CR0-OCCT691-occt-64/inc/StepElement_MeasureOrUnspecifiedValueMember.hxx
+M StepElement:privinclude:StepElement_MeasureOrUnspecifiedValueMember.jxx /misc/dn61/LocalWOK/wok_entities/LOC/dev/CR0-OCCT691-7-CR0-OCCT691-occt-64/drv/StepElement/StepElement_MeasureOrUnspecifiedValueMember.jxx
+M StepElement:privinclude:StepElement_MeasureOrUnspecifiedValueMember.ixx /misc/dn61/LocalWOK/wok_entities/LOC/dev/CR0-OCCT691-7-CR0-OCCT691-occt-64/drv/StepElement/StepElement_MeasureOrUnspecifiedValueMember.ixx
+M StepElement:pubinclude:Handle_StepElement_Surface3dElementDescriptor.hxx /misc/dn61/LocalWOK/wok_entities/LOC/dev/CR0-OCCT691-7-CR0-OCCT691-occt-64/inc/Handle_StepElement_Surface3dElementDescriptor.hxx
+M StepElement:pubinclude:StepElement_Surface3dElementDescriptor.hxx /misc/dn61/LocalWOK/wok_entities/LOC/dev/CR0-OCCT691-7-CR0-OCCT691-occt-64/inc/StepElement_Surface3dElementDescriptor.hxx
+M StepElement:privinclude:StepElement_Surface3dElementDescriptor.jxx /misc/dn61/LocalWOK/wok_entities/LOC/dev/CR0-OCCT691-7-CR0-OCCT691-occt-64/drv/StepElement/StepElement_Surface3dElementDescriptor.jxx
+M StepElement:privinclude:StepElement_Surface3dElementDescriptor.ixx /misc/dn61/LocalWOK/wok_entities/LOC/dev/CR0-OCCT691-7-CR0-OCCT691-occt-64/drv/StepElement/StepElement_Surface3dElementDescriptor.ixx
+M StepElement:pubinclude:Handle_StepElement_SurfaceElementProperty.hxx /misc/dn61/LocalWOK/wok_entities/LOC/dev/CR0-OCCT691-7-CR0-OCCT691-occt-64/inc/Handle_StepElement_SurfaceElementProperty.hxx
+M StepElement:pubinclude:StepElement_SurfaceElementProperty.hxx /misc/dn61/LocalWOK/wok_entities/LOC/dev/CR0-OCCT691-7-CR0-OCCT691-occt-64/inc/StepElement_SurfaceElementProperty.hxx
+M StepElement:privinclude:StepElement_SurfaceElementProperty.jxx /misc/dn61/LocalWOK/wok_entities/LOC/dev/CR0-OCCT691-7-CR0-OCCT691-occt-64/drv/StepElement/StepElement_SurfaceElementProperty.jxx
+M StepElement:privinclude:StepElement_SurfaceElementProperty.ixx /misc/dn61/LocalWOK/wok_entities/LOC/dev/CR0-OCCT691-7-CR0-OCCT691-occt-64/drv/StepElement/StepElement_SurfaceElementProperty.ixx
+M StepElement:pubinclude:StepElement_SurfaceElementPurpose.hxx /misc/dn61/LocalWOK/wok_entities/LOC/dev/CR0-OCCT691-7-CR0-OCCT691-occt-64/inc/StepElement_SurfaceElementPurpose.hxx
+M StepElement:privinclude:StepElement_SurfaceElementPurpose.jxx /misc/dn61/LocalWOK/wok_entities/LOC/dev/CR0-OCCT691-7-CR0-OCCT691-occt-64/drv/StepElement/StepElement_SurfaceElementPurpose.jxx
+M StepElement:privinclude:StepElement_SurfaceElementPurpose.ixx /misc/dn61/LocalWOK/wok_entities/LOC/dev/CR0-OCCT691-7-CR0-OCCT691-occt-64/drv/StepElement/StepElement_SurfaceElementPurpose.ixx
+M StepElement:pubinclude:Handle_StepElement_SurfaceElementPurposeMember.hxx /misc/dn61/LocalWOK/wok_entities/LOC/dev/CR0-OCCT691-7-CR0-OCCT691-occt-64/inc/Handle_StepElement_SurfaceElementPurposeMember.hxx
+M StepElement:pubinclude:StepElement_SurfaceElementPurposeMember.hxx /misc/dn61/LocalWOK/wok_entities/LOC/dev/CR0-OCCT691-7-CR0-OCCT691-occt-64/inc/StepElement_SurfaceElementPurposeMember.hxx
+M StepElement:privinclude:StepElement_SurfaceElementPurposeMember.jxx /misc/dn61/LocalWOK/wok_entities/LOC/dev/CR0-OCCT691-7-CR0-OCCT691-occt-64/drv/StepElement/StepElement_SurfaceElementPurposeMember.jxx
+M StepElement:privinclude:StepElement_SurfaceElementPurposeMember.ixx /misc/dn61/LocalWOK/wok_entities/LOC/dev/CR0-OCCT691-7-CR0-OCCT691-occt-64/drv/StepElement/StepElement_SurfaceElementPurposeMember.ixx
+M StepElement:pubinclude:Handle_StepElement_SurfaceSection.hxx /misc/dn61/LocalWOK/wok_entities/LOC/dev/CR0-OCCT691-7-CR0-OCCT691-occt-64/inc/Handle_StepElement_SurfaceSection.hxx
+M StepElement:pubinclude:StepElement_SurfaceSection.hxx /misc/dn61/LocalWOK/wok_entities/LOC/dev/CR0-OCCT691-7-CR0-OCCT691-occt-64/inc/StepElement_SurfaceSection.hxx
+M StepElement:privinclude:StepElement_SurfaceSection.jxx /misc/dn61/LocalWOK/wok_entities/LOC/dev/CR0-OCCT691-7-CR0-OCCT691-occt-64/drv/StepElement/StepElement_SurfaceSection.jxx
+M StepElement:privinclude:StepElement_SurfaceSection.ixx /misc/dn61/LocalWOK/wok_entities/LOC/dev/CR0-OCCT691-7-CR0-OCCT691-occt-64/drv/StepElement/StepElement_SurfaceSection.ixx
+M StepElement:pubinclude:Handle_StepElement_SurfaceSectionField.hxx /misc/dn61/LocalWOK/wok_entities/LOC/dev/CR0-OCCT691-7-CR0-OCCT691-occt-64/inc/Handle_StepElement_SurfaceSectionField.hxx
+M StepElement:pubinclude:StepElement_SurfaceSectionField.hxx /misc/dn61/LocalWOK/wok_entities/LOC/dev/CR0-OCCT691-7-CR0-OCCT691-occt-64/inc/StepElement_SurfaceSectionField.hxx
+M StepElement:privinclude:StepElement_SurfaceSectionField.jxx /misc/dn61/LocalWOK/wok_entities/LOC/dev/CR0-OCCT691-7-CR0-OCCT691-occt-64/drv/StepElement/StepElement_SurfaceSectionField.jxx
+M StepElement:privinclude:StepElement_SurfaceSectionField.ixx /misc/dn61/LocalWOK/wok_entities/LOC/dev/CR0-OCCT691-7-CR0-OCCT691-occt-64/drv/StepElement/StepElement_SurfaceSectionField.ixx
+M StepElement:pubinclude:Handle_StepElement_SurfaceSectionFieldConstant.hxx /misc/dn61/LocalWOK/wok_entities/LOC/dev/CR0-OCCT691-7-CR0-OCCT691-occt-64/inc/Handle_StepElement_SurfaceSectionFieldConstant.hxx
+M StepElement:pubinclude:StepElement_SurfaceSectionFieldConstant.hxx /misc/dn61/LocalWOK/wok_entities/LOC/dev/CR0-OCCT691-7-CR0-OCCT691-occt-64/inc/StepElement_SurfaceSectionFieldConstant.hxx
+M StepElement:privinclude:StepElement_SurfaceSectionFieldConstant.jxx /misc/dn61/LocalWOK/wok_entities/LOC/dev/CR0-OCCT691-7-CR0-OCCT691-occt-64/drv/StepElement/StepElement_SurfaceSectionFieldConstant.jxx
+M StepElement:privinclude:StepElement_SurfaceSectionFieldConstant.ixx /misc/dn61/LocalWOK/wok_entities/LOC/dev/CR0-OCCT691-7-CR0-OCCT691-occt-64/drv/StepElement/StepElement_SurfaceSectionFieldConstant.ixx
+M StepElement:pubinclude:Handle_StepElement_SurfaceSectionFieldVarying.hxx /misc/dn61/LocalWOK/wok_entities/LOC/dev/CR0-OCCT691-7-CR0-OCCT691-occt-64/inc/Handle_StepElement_SurfaceSectionFieldVarying.hxx
+M StepElement:pubinclude:StepElement_SurfaceSectionFieldVarying.hxx /misc/dn61/LocalWOK/wok_entities/LOC/dev/CR0-OCCT691-7-CR0-OCCT691-occt-64/inc/StepElement_SurfaceSectionFieldVarying.hxx
+M StepElement:privinclude:StepElement_SurfaceSectionFieldVarying.jxx /misc/dn61/LocalWOK/wok_entities/LOC/dev/CR0-OCCT691-7-CR0-OCCT691-occt-64/drv/StepElement/StepElement_SurfaceSectionFieldVarying.jxx
+M StepElement:privinclude:StepElement_SurfaceSectionFieldVarying.ixx /misc/dn61/LocalWOK/wok_entities/LOC/dev/CR0-OCCT691-7-CR0-OCCT691-occt-64/drv/StepElement/StepElement_SurfaceSectionFieldVarying.ixx
+M StepElement:pubinclude:Handle_StepElement_UniformSurfaceSection.hxx /misc/dn61/LocalWOK/wok_entities/LOC/dev/CR0-OCCT691-7-CR0-OCCT691-occt-64/inc/Handle_StepElement_UniformSurfaceSection.hxx
+M StepElement:pubinclude:StepElement_UniformSurfaceSection.hxx /misc/dn61/LocalWOK/wok_entities/LOC/dev/CR0-OCCT691-7-CR0-OCCT691-occt-64/inc/StepElement_UniformSurfaceSection.hxx
+M StepElement:privinclude:StepElement_UniformSurfaceSection.jxx /misc/dn61/LocalWOK/wok_entities/LOC/dev/CR0-OCCT691-7-CR0-OCCT691-occt-64/drv/StepElement/StepElement_UniformSurfaceSection.jxx
+M StepElement:privinclude:StepElement_UniformSurfaceSection.ixx /misc/dn61/LocalWOK/wok_entities/LOC/dev/CR0-OCCT691-7-CR0-OCCT691-occt-64/drv/StepElement/StepElement_UniformSurfaceSection.ixx
+M StepElement:pubinclude:Handle_StepElement_Volume3dElementDescriptor.hxx /misc/dn61/LocalWOK/wok_entities/LOC/dev/CR0-OCCT691-7-CR0-OCCT691-occt-64/inc/Handle_StepElement_Volume3dElementDescriptor.hxx
+M StepElement:pubinclude:StepElement_Volume3dElementDescriptor.hxx /misc/dn61/LocalWOK/wok_entities/LOC/dev/CR0-OCCT691-7-CR0-OCCT691-occt-64/inc/StepElement_Volume3dElementDescriptor.hxx
+M StepElement:privinclude:StepElement_Volume3dElementDescriptor.jxx /misc/dn61/LocalWOK/wok_entities/LOC/dev/CR0-OCCT691-7-CR0-OCCT691-occt-64/drv/StepElement/StepElement_Volume3dElementDescriptor.jxx
+M StepElement:privinclude:StepElement_Volume3dElementDescriptor.ixx /misc/dn61/LocalWOK/wok_entities/LOC/dev/CR0-OCCT691-7-CR0-OCCT691-occt-64/drv/StepElement/StepElement_Volume3dElementDescriptor.ixx
+M StepElement:pubinclude:StepElement_VolumeElementPurpose.hxx /misc/dn61/LocalWOK/wok_entities/LOC/dev/CR0-OCCT691-7-CR0-OCCT691-occt-64/inc/StepElement_VolumeElementPurpose.hxx
+M StepElement:privinclude:StepElement_VolumeElementPurpose.jxx /misc/dn61/LocalWOK/wok_entities/LOC/dev/CR0-OCCT691-7-CR0-OCCT691-occt-64/drv/StepElement/StepElement_VolumeElementPurpose.jxx
+M StepElement:privinclude:StepElement_VolumeElementPurpose.ixx /misc/dn61/LocalWOK/wok_entities/LOC/dev/CR0-OCCT691-7-CR0-OCCT691-occt-64/drv/StepElement/StepElement_VolumeElementPurpose.ixx
+M StepElement:pubinclude:Handle_StepElement_VolumeElementPurposeMember.hxx /misc/dn61/LocalWOK/wok_entities/LOC/dev/CR0-OCCT691-7-CR0-OCCT691-occt-64/inc/Handle_StepElement_VolumeElementPurposeMember.hxx
+M StepElement:pubinclude:StepElement_VolumeElementPurposeMember.hxx /misc/dn61/LocalWOK/wok_entities/LOC/dev/CR0-OCCT691-7-CR0-OCCT691-occt-64/inc/StepElement_VolumeElementPurposeMember.hxx
+M StepElement:privinclude:StepElement_VolumeElementPurposeMember.jxx /misc/dn61/LocalWOK/wok_entities/LOC/dev/CR0-OCCT691-7-CR0-OCCT691-occt-64/drv/StepElement/StepElement_VolumeElementPurposeMember.jxx
+M StepElement:privinclude:StepElement_VolumeElementPurposeMember.ixx /misc/dn61/LocalWOK/wok_entities/LOC/dev/CR0-OCCT691-7-CR0-OCCT691-occt-64/drv/StepElement/StepElement_VolumeElementPurposeMember.ixx
+M StepElement:pubinclude:StepElement_Array2OfCurveElementPurposeMember.hxx /misc/dn61/LocalWOK/wok_entities/LOC/dev/CR0-OCCT691-7-CR0-OCCT691-occt-64/inc/StepElement_Array2OfCurveElementPurposeMember.hxx
+M StepElement:derivated:StepElement_Array2OfCurveElementPurposeMember_0.cxx /misc/dn61/LocalWOK/wok_entities/LOC/dev/CR0-OCCT691-7-CR0-OCCT691-occt-64/drv/StepElement/StepElement_Array2OfCurveElementPurposeMember_0.cxx
+M StepElement:pubinclude:Handle_StepElement_HArray2OfCurveElementPurposeMember.hxx /misc/dn61/LocalWOK/wok_entities/LOC/dev/CR0-OCCT691-7-CR0-OCCT691-occt-64/inc/Handle_StepElement_HArray2OfCurveElementPurposeMember.hxx
+M StepElement:pubinclude:StepElement_HArray2OfCurveElementPurposeMember.hxx /misc/dn61/LocalWOK/wok_entities/LOC/dev/CR0-OCCT691-7-CR0-OCCT691-occt-64/inc/StepElement_HArray2OfCurveElementPurposeMember.hxx
+M StepElement:derivated:StepElement_HArray2OfCurveElementPurposeMember_0.cxx /misc/dn61/LocalWOK/wok_entities/LOC/dev/CR0-OCCT691-7-CR0-OCCT691-occt-64/drv/StepElement/StepElement_HArray2OfCurveElementPurposeMember_0.cxx
+M StepElement:pubinclude:StepElement_Array2OfSurfaceElementPurposeMember.hxx /misc/dn61/LocalWOK/wok_entities/LOC/dev/CR0-OCCT691-7-CR0-OCCT691-occt-64/inc/StepElement_Array2OfSurfaceElementPurposeMember.hxx
+M StepElement:derivated:StepElement_Array2OfSurfaceElementPurposeMember_0.cxx /misc/dn61/LocalWOK/wok_entities/LOC/dev/CR0-OCCT691-7-CR0-OCCT691-occt-64/drv/StepElement/StepElement_Array2OfSurfaceElementPurposeMember_0.cxx
+M StepElement:pubinclude:Handle_StepElement_HArray2OfSurfaceElementPurposeMember.hxx /misc/dn61/LocalWOK/wok_entities/LOC/dev/CR0-OCCT691-7-CR0-OCCT691-occt-64/inc/Handle_StepElement_HArray2OfSurfaceElementPurposeMember.hxx
+M StepElement:pubinclude:StepElement_HArray2OfSurfaceElementPurposeMember.hxx /misc/dn61/LocalWOK/wok_entities/LOC/dev/CR0-OCCT691-7-CR0-OCCT691-occt-64/inc/StepElement_HArray2OfSurfaceElementPurposeMember.hxx
+M StepElement:derivated:StepElement_HArray2OfSurfaceElementPurposeMember_0.cxx /misc/dn61/LocalWOK/wok_entities/LOC/dev/CR0-OCCT691-7-CR0-OCCT691-occt-64/drv/StepElement/StepElement_HArray2OfSurfaceElementPurposeMember_0.cxx
+M StepElement:pubinclude:StepElement_Array1OfVolumeElementPurposeMember.hxx /misc/dn61/LocalWOK/wok_entities/LOC/dev/CR0-OCCT691-7-CR0-OCCT691-occt-64/inc/StepElement_Array1OfVolumeElementPurposeMember.hxx
+M StepElement:derivated:StepElement_Array1OfVolumeElementPurposeMember_0.cxx /misc/dn61/LocalWOK/wok_entities/LOC/dev/CR0-OCCT691-7-CR0-OCCT691-occt-64/drv/StepElement/StepElement_Array1OfVolumeElementPurposeMember_0.cxx
+M StepElement:pubinclude:Handle_StepElement_HArray1OfVolumeElementPurposeMember.hxx /misc/dn61/LocalWOK/wok_entities/LOC/dev/CR0-OCCT691-7-CR0-OCCT691-occt-64/inc/Handle_StepElement_HArray1OfVolumeElementPurposeMember.hxx
+M StepElement:pubinclude:StepElement_HArray1OfVolumeElementPurposeMember.hxx /misc/dn61/LocalWOK/wok_entities/LOC/dev/CR0-OCCT691-7-CR0-OCCT691-occt-64/inc/StepElement_HArray1OfVolumeElementPurposeMember.hxx
+M StepElement:derivated:StepElement_HArray1OfVolumeElementPurposeMember_0.cxx /misc/dn61/LocalWOK/wok_entities/LOC/dev/CR0-OCCT691-7-CR0-OCCT691-occt-64/drv/StepElement/StepElement_HArray1OfVolumeElementPurposeMember_0.cxx
+M StepElement:pubinclude:StepElement_Array2OfSurfaceElementPurpose.hxx /misc/dn61/LocalWOK/wok_entities/LOC/dev/CR0-OCCT691-7-CR0-OCCT691-occt-64/inc/StepElement_Array2OfSurfaceElementPurpose.hxx
+M StepElement:derivated:StepElement_Array2OfSurfaceElementPurpose_0.cxx /misc/dn61/LocalWOK/wok_entities/LOC/dev/CR0-OCCT691-7-CR0-OCCT691-occt-64/drv/StepElement/StepElement_Array2OfSurfaceElementPurpose_0.cxx
+M StepElement:pubinclude:Handle_StepElement_HArray2OfSurfaceElementPurpose.hxx /misc/dn61/LocalWOK/wok_entities/LOC/dev/CR0-OCCT691-7-CR0-OCCT691-occt-64/inc/Handle_StepElement_HArray2OfSurfaceElementPurpose.hxx
+M StepElement:pubinclude:StepElement_HArray2OfSurfaceElementPurpose.hxx /misc/dn61/LocalWOK/wok_entities/LOC/dev/CR0-OCCT691-7-CR0-OCCT691-occt-64/inc/StepElement_HArray2OfSurfaceElementPurpose.hxx
+M StepElement:derivated:StepElement_HArray2OfSurfaceElementPurpose_0.cxx /misc/dn61/LocalWOK/wok_entities/LOC/dev/CR0-OCCT691-7-CR0-OCCT691-occt-64/drv/StepElement/StepElement_HArray2OfSurfaceElementPurpose_0.cxx
+M StepElement:pubinclude:StepElement_Array1OfMeasureOrUnspecifiedValue.hxx /misc/dn61/LocalWOK/wok_entities/LOC/dev/CR0-OCCT691-7-CR0-OCCT691-occt-64/inc/StepElement_Array1OfMeasureOrUnspecifiedValue.hxx
+M StepElement:derivated:StepElement_Array1OfMeasureOrUnspecifiedValue_0.cxx /misc/dn61/LocalWOK/wok_entities/LOC/dev/CR0-OCCT691-7-CR0-OCCT691-occt-64/drv/StepElement/StepElement_Array1OfMeasureOrUnspecifiedValue_0.cxx
+M StepElement:pubinclude:Handle_StepElement_HArray1OfMeasureOrUnspecifiedValue.hxx /misc/dn61/LocalWOK/wok_entities/LOC/dev/CR0-OCCT691-7-CR0-OCCT691-occt-64/inc/Handle_StepElement_HArray1OfMeasureOrUnspecifiedValue.hxx
+M StepElement:pubinclude:StepElement_HArray1OfMeasureOrUnspecifiedValue.hxx /misc/dn61/LocalWOK/wok_entities/LOC/dev/CR0-OCCT691-7-CR0-OCCT691-occt-64/inc/StepElement_HArray1OfMeasureOrUnspecifiedValue.hxx
+M StepElement:derivated:StepElement_HArray1OfMeasureOrUnspecifiedValue_0.cxx /misc/dn61/LocalWOK/wok_entities/LOC/dev/CR0-OCCT691-7-CR0-OCCT691-occt-64/drv/StepElement/StepElement_HArray1OfMeasureOrUnspecifiedValue_0.cxx
+M StepElement:pubinclude:StepElement_Array1OfSurfaceSection.hxx /misc/dn61/LocalWOK/wok_entities/LOC/dev/CR0-OCCT691-7-CR0-OCCT691-occt-64/inc/StepElement_Array1OfSurfaceSection.hxx
+M StepElement:derivated:StepElement_Array1OfSurfaceSection_0.cxx /misc/dn61/LocalWOK/wok_entities/LOC/dev/CR0-OCCT691-7-CR0-OCCT691-occt-64/drv/StepElement/StepElement_Array1OfSurfaceSection_0.cxx
+M StepElement:pubinclude:Handle_StepElement_HArray1OfSurfaceSection.hxx /misc/dn61/LocalWOK/wok_entities/LOC/dev/CR0-OCCT691-7-CR0-OCCT691-occt-64/inc/Handle_StepElement_HArray1OfSurfaceSection.hxx
+M StepElement:pubinclude:StepElement_HArray1OfSurfaceSection.hxx /misc/dn61/LocalWOK/wok_entities/LOC/dev/CR0-OCCT691-7-CR0-OCCT691-occt-64/inc/StepElement_HArray1OfSurfaceSection.hxx
+M StepElement:derivated:StepElement_HArray1OfSurfaceSection_0.cxx /misc/dn61/LocalWOK/wok_entities/LOC/dev/CR0-OCCT691-7-CR0-OCCT691-occt-64/drv/StepElement/StepElement_HArray1OfSurfaceSection_0.cxx
+M StepElement:pubinclude:StepElement_Array1OfVolumeElementPurpose.hxx /misc/dn61/LocalWOK/wok_entities/LOC/dev/CR0-OCCT691-7-CR0-OCCT691-occt-64/inc/StepElement_Array1OfVolumeElementPurpose.hxx
+M StepElement:derivated:StepElement_Array1OfVolumeElementPurpose_0.cxx /misc/dn61/LocalWOK/wok_entities/LOC/dev/CR0-OCCT691-7-CR0-OCCT691-occt-64/drv/StepElement/StepElement_Array1OfVolumeElementPurpose_0.cxx
+M StepElement:pubinclude:Handle_StepElement_HArray1OfVolumeElementPurpose.hxx /misc/dn61/LocalWOK/wok_entities/LOC/dev/CR0-OCCT691-7-CR0-OCCT691-occt-64/inc/Handle_StepElement_HArray1OfVolumeElementPurpose.hxx
+M StepElement:pubinclude:StepElement_HArray1OfVolumeElementPurpose.hxx /misc/dn61/LocalWOK/wok_entities/LOC/dev/CR0-OCCT691-7-CR0-OCCT691-occt-64/inc/StepElement_HArray1OfVolumeElementPurpose.hxx
+M StepElement:derivated:StepElement_HArray1OfVolumeElementPurpose_0.cxx /misc/dn61/LocalWOK/wok_entities/LOC/dev/CR0-OCCT691-7-CR0-OCCT691-occt-64/drv/StepElement/StepElement_HArray1OfVolumeElementPurpose_0.cxx
+M StepElement:pubinclude:StepElement_Array1OfCurveElementEndReleasePacket.hxx /misc/dn61/LocalWOK/wok_entities/LOC/dev/CR0-OCCT691-7-CR0-OCCT691-occt-64/inc/StepElement_Array1OfCurveElementEndReleasePacket.hxx
+M StepElement:derivated:StepElement_Array1OfCurveElementEndReleasePacket_0.cxx /misc/dn61/LocalWOK/wok_entities/LOC/dev/CR0-OCCT691-7-CR0-OCCT691-occt-64/drv/StepElement/StepElement_Array1OfCurveElementEndReleasePacket_0.cxx
+M StepElement:pubinclude:Handle_StepElement_HArray1OfCurveElementEndReleasePacket.hxx /misc/dn61/LocalWOK/wok_entities/LOC/dev/CR0-OCCT691-7-CR0-OCCT691-occt-64/inc/Handle_StepElement_HArray1OfCurveElementEndReleasePacket.hxx
+M StepElement:pubinclude:StepElement_HArray1OfCurveElementEndReleasePacket.hxx /misc/dn61/LocalWOK/wok_entities/LOC/dev/CR0-OCCT691-7-CR0-OCCT691-occt-64/inc/StepElement_HArray1OfCurveElementEndReleasePacket.hxx
+M StepElement:derivated:StepElement_HArray1OfCurveElementEndReleasePacket_0.cxx /misc/dn61/LocalWOK/wok_entities/LOC/dev/CR0-OCCT691-7-CR0-OCCT691-occt-64/drv/StepElement/StepElement_HArray1OfCurveElementEndReleasePacket_0.cxx
+M StepElement:pubinclude:StepElement_Array1OfCurveElementSectionDefinition.hxx /misc/dn61/LocalWOK/wok_entities/LOC/dev/CR0-OCCT691-7-CR0-OCCT691-occt-64/inc/StepElement_Array1OfCurveElementSectionDefinition.hxx
+M StepElement:derivated:StepElement_Array1OfCurveElementSectionDefinition_0.cxx /misc/dn61/LocalWOK/wok_entities/LOC/dev/CR0-OCCT691-7-CR0-OCCT691-occt-64/drv/StepElement/StepElement_Array1OfCurveElementSectionDefinition_0.cxx
+M StepElement:pubinclude:Handle_StepElement_HArray1OfCurveElementSectionDefinition.hxx /misc/dn61/LocalWOK/wok_entities/LOC/dev/CR0-OCCT691-7-CR0-OCCT691-occt-64/inc/Handle_StepElement_HArray1OfCurveElementSectionDefinition.hxx
+M StepElement:pubinclude:StepElement_HArray1OfCurveElementSectionDefinition.hxx /misc/dn61/LocalWOK/wok_entities/LOC/dev/CR0-OCCT691-7-CR0-OCCT691-occt-64/inc/StepElement_HArray1OfCurveElementSectionDefinition.hxx
+M StepElement:derivated:StepElement_HArray1OfCurveElementSectionDefinition_0.cxx /misc/dn61/LocalWOK/wok_entities/LOC/dev/CR0-OCCT691-7-CR0-OCCT691-occt-64/drv/StepElement/StepElement_HArray1OfCurveElementSectionDefinition_0.cxx
+M StepElement:pubinclude:StepElement_SequenceOfElementMaterial.hxx /misc/dn61/LocalWOK/wok_entities/LOC/dev/CR0-OCCT691-7-CR0-OCCT691-occt-64/inc/StepElement_SequenceOfElementMaterial.hxx
+M StepElement:derivated:StepElement_SequenceOfElementMaterial_0.cxx /misc/dn61/LocalWOK/wok_entities/LOC/dev/CR0-OCCT691-7-CR0-OCCT691-occt-64/drv/StepElement/StepElement_SequenceOfElementMaterial_0.cxx
+M StepElement:pubinclude:Handle_StepElement_HSequenceOfElementMaterial.hxx /misc/dn61/LocalWOK/wok_entities/LOC/dev/CR0-OCCT691-7-CR0-OCCT691-occt-64/inc/Handle_StepElement_HSequenceOfElementMaterial.hxx
+M StepElement:pubinclude:StepElement_HSequenceOfElementMaterial.hxx /misc/dn61/LocalWOK/wok_entities/LOC/dev/CR0-OCCT691-7-CR0-OCCT691-occt-64/inc/StepElement_HSequenceOfElementMaterial.hxx
+M StepElement:derivated:StepElement_HSequenceOfElementMaterial_0.cxx /misc/dn61/LocalWOK/wok_entities/LOC/dev/CR0-OCCT691-7-CR0-OCCT691-occt-64/drv/StepElement/StepElement_HSequenceOfElementMaterial_0.cxx
+M StepElement:pubinclude:StepElement_SequenceOfCurveElementSectionDefinition.hxx /misc/dn61/LocalWOK/wok_entities/LOC/dev/CR0-OCCT691-7-CR0-OCCT691-occt-64/inc/StepElement_SequenceOfCurveElementSectionDefinition.hxx
+M StepElement:derivated:StepElement_SequenceOfCurveElementSectionDefinition_0.cxx /misc/dn61/LocalWOK/wok_entities/LOC/dev/CR0-OCCT691-7-CR0-OCCT691-occt-64/drv/StepElement/StepElement_SequenceOfCurveElementSectionDefinition_0.cxx
+M StepElement:pubinclude:Handle_StepElement_HSequenceOfCurveElementSectionDefinition.hxx /misc/dn61/LocalWOK/wok_entities/LOC/dev/CR0-OCCT691-7-CR0-OCCT691-occt-64/inc/Handle_StepElement_HSequenceOfCurveElementSectionDefinition.hxx
+M StepElement:pubinclude:StepElement_HSequenceOfCurveElementSectionDefinition.hxx /misc/dn61/LocalWOK/wok_entities/LOC/dev/CR0-OCCT691-7-CR0-OCCT691-occt-64/inc/StepElement_HSequenceOfCurveElementSectionDefinition.hxx
+M StepElement:derivated:StepElement_HSequenceOfCurveElementSectionDefinition_0.cxx /misc/dn61/LocalWOK/wok_entities/LOC/dev/CR0-OCCT691-7-CR0-OCCT691-occt-64/drv/StepElement/StepElement_HSequenceOfCurveElementSectionDefinition_0.cxx
+M StepElement:pubinclude:StepElement_SequenceOfCurveElementPurposeMember.hxx /misc/dn61/LocalWOK/wok_entities/LOC/dev/CR0-OCCT691-7-CR0-OCCT691-occt-64/inc/StepElement_SequenceOfCurveElementPurposeMember.hxx
+M StepElement:derivated:StepElement_SequenceOfCurveElementPurposeMember_0.cxx /misc/dn61/LocalWOK/wok_entities/LOC/dev/CR0-OCCT691-7-CR0-OCCT691-occt-64/drv/StepElement/StepElement_SequenceOfCurveElementPurposeMember_0.cxx
+M StepElement:pubinclude:Handle_StepElement_HSequenceOfCurveElementPurposeMember.hxx /misc/dn61/LocalWOK/wok_entities/LOC/dev/CR0-OCCT691-7-CR0-OCCT691-occt-64/inc/Handle_StepElement_HSequenceOfCurveElementPurposeMember.hxx
+M StepElement:pubinclude:StepElement_HSequenceOfCurveElementPurposeMember.hxx /misc/dn61/LocalWOK/wok_entities/LOC/dev/CR0-OCCT691-7-CR0-OCCT691-occt-64/inc/StepElement_HSequenceOfCurveElementPurposeMember.hxx
+M StepElement:derivated:StepElement_HSequenceOfCurveElementPurposeMember_0.cxx /misc/dn61/LocalWOK/wok_entities/LOC/dev/CR0-OCCT691-7-CR0-OCCT691-occt-64/drv/StepElement/StepElement_HSequenceOfCurveElementPurposeMember_0.cxx
+M StepElement:pubinclude:StepElement_Array1OfHSequenceOfCurveElementPurposeMember.hxx /misc/dn61/LocalWOK/wok_entities/LOC/dev/CR0-OCCT691-7-CR0-OCCT691-occt-64/inc/StepElement_Array1OfHSequenceOfCurveElementPurposeMember.hxx
+M StepElement:derivated:StepElement_Array1OfHSequenceOfCurveElementPurposeMember_0.cxx /misc/dn61/LocalWOK/wok_entities/LOC/dev/CR0-OCCT691-7-CR0-OCCT691-occt-64/drv/StepElement/StepElement_Array1OfHSequenceOfCurveElementPurposeMember_0.cxx
+M StepElement:pubinclude:Handle_StepElement_HArray1OfHSequenceOfCurveElementPurposeMember.hxx /misc/dn61/LocalWOK/wok_entities/LOC/dev/CR0-OCCT691-7-CR0-OCCT691-occt-64/inc/Handle_StepElement_HArray1OfHSequenceOfCurveElementPurposeMember.hxx
+M StepElement:pubinclude:StepElement_HArray1OfHSequenceOfCurveElementPurposeMember.hxx /misc/dn61/LocalWOK/wok_entities/LOC/dev/CR0-OCCT691-7-CR0-OCCT691-occt-64/inc/StepElement_HArray1OfHSequenceOfCurveElementPurposeMember.hxx
+M StepElement:derivated:StepElement_HArray1OfHSequenceOfCurveElementPurposeMember_0.cxx /misc/dn61/LocalWOK/wok_entities/LOC/dev/CR0-OCCT691-7-CR0-OCCT691-occt-64/drv/StepElement/StepElement_HArray1OfHSequenceOfCurveElementPurposeMember_0.cxx
+M StepElement:pubinclude:StepElement_SequenceOfSurfaceElementPurposeMember.hxx /misc/dn61/LocalWOK/wok_entities/LOC/dev/CR0-OCCT691-7-CR0-OCCT691-occt-64/inc/StepElement_SequenceOfSurfaceElementPurposeMember.hxx
+M StepElement:derivated:StepElement_SequenceOfSurfaceElementPurposeMember_0.cxx /misc/dn61/LocalWOK/wok_entities/LOC/dev/CR0-OCCT691-7-CR0-OCCT691-occt-64/drv/StepElement/StepElement_SequenceOfSurfaceElementPurposeMember_0.cxx
+M StepElement:pubinclude:Handle_StepElement_HSequenceOfSurfaceElementPurposeMember.hxx /misc/dn61/LocalWOK/wok_entities/LOC/dev/CR0-OCCT691-7-CR0-OCCT691-occt-64/inc/Handle_StepElement_HSequenceOfSurfaceElementPurposeMember.hxx
+M StepElement:pubinclude:StepElement_HSequenceOfSurfaceElementPurposeMember.hxx /misc/dn61/LocalWOK/wok_entities/LOC/dev/CR0-OCCT691-7-CR0-OCCT691-occt-64/inc/StepElement_HSequenceOfSurfaceElementPurposeMember.hxx
+M StepElement:derivated:StepElement_HSequenceOfSurfaceElementPurposeMember_0.cxx /misc/dn61/LocalWOK/wok_entities/LOC/dev/CR0-OCCT691-7-CR0-OCCT691-occt-64/drv/StepElement/StepElement_HSequenceOfSurfaceElementPurposeMember_0.cxx
+M StepElement:pubinclude:StepElement_Array1OfHSequenceOfSurfaceElementPurposeMember.hxx /misc/dn61/LocalWOK/wok_entities/LOC/dev/CR0-OCCT691-7-CR0-OCCT691-occt-64/inc/StepElement_Array1OfHSequenceOfSurfaceElementPurposeMember.hxx
+M StepElement:derivated:StepElement_Array1OfHSequenceOfSurfaceElementPurposeMember_0.cxx /misc/dn61/LocalWOK/wok_entities/LOC/dev/CR0-OCCT691-7-CR0-OCCT691-occt-64/drv/StepElement/StepElement_Array1OfHSequenceOfSurfaceElementPurposeMember_0.cxx
+M StepElement:pubinclude:Handle_StepElement_HArray1OfHSequenceOfSurfaceElementPurposeMember.hxx /misc/dn61/LocalWOK/wok_entities/LOC/dev/CR0-OCCT691-7-CR0-OCCT691-occt-64/inc/Handle_StepElement_HArray1OfHSequenceOfSurfaceElementPurposeMember.hxx
+M StepElement:pubinclude:StepElement_HArray1OfHSequenceOfSurfaceElementPurposeMember.hxx /misc/dn61/LocalWOK/wok_entities/LOC/dev/CR0-OCCT691-7-CR0-OCCT691-occt-64/inc/StepElement_HArray1OfHSequenceOfSurfaceElementPurposeMember.hxx
+M StepElement:derivated:StepElement_HArray1OfHSequenceOfSurfaceElementPurposeMember_0.cxx /misc/dn61/LocalWOK/wok_entities/LOC/dev/CR0-OCCT691-7-CR0-OCCT691-occt-64/drv/StepElement/StepElement_HArray1OfHSequenceOfSurfaceElementPurposeMember_0.cxx
+M StepElement:pubinclude:Handle_StepElement_SequenceNodeOfSequenceOfElementMaterial.hxx /misc/dn61/LocalWOK/wok_entities/LOC/dev/CR0-OCCT691-7-CR0-OCCT691-occt-64/inc/Handle_StepElement_SequenceNodeOfSequenceOfElementMaterial.hxx
+M StepElement:pubinclude:StepElement_SequenceNodeOfSequenceOfElementMaterial.hxx /misc/dn61/LocalWOK/wok_entities/LOC/dev/CR0-OCCT691-7-CR0-OCCT691-occt-64/inc/StepElement_SequenceNodeOfSequenceOfElementMaterial.hxx
+M StepElement:derivated:StepElement_SequenceNodeOfSequenceOfElementMaterial_0.cxx /misc/dn61/LocalWOK/wok_entities/LOC/dev/CR0-OCCT691-7-CR0-OCCT691-occt-64/drv/StepElement/StepElement_SequenceNodeOfSequenceOfElementMaterial_0.cxx
+M StepElement:pubinclude:Handle_StepElement_SequenceNodeOfSequenceOfCurveElementSectionDefinition.hxx /misc/dn61/LocalWOK/wok_entities/LOC/dev/CR0-OCCT691-7-CR0-OCCT691-occt-64/inc/Handle_StepElement_SequenceNodeOfSequenceOfCurveElementSectionDefinition.hxx
+M StepElement:pubinclude:StepElement_SequenceNodeOfSequenceOfCurveElementSectionDefinition.hxx /misc/dn61/LocalWOK/wok_entities/LOC/dev/CR0-OCCT691-7-CR0-OCCT691-occt-64/inc/StepElement_SequenceNodeOfSequenceOfCurveElementSectionDefinition.hxx
+M StepElement:derivated:StepElement_SequenceNodeOfSequenceOfCurveElementSectionDefinition_0.cxx /misc/dn61/LocalWOK/wok_entities/LOC/dev/CR0-OCCT691-7-CR0-OCCT691-occt-64/drv/StepElement/StepElement_SequenceNodeOfSequenceOfCurveElementSectionDefinition_0.cxx
+M StepElement:pubinclude:Handle_StepElement_SequenceNodeOfSequenceOfCurveElementPurposeMember.hxx /misc/dn61/LocalWOK/wok_entities/LOC/dev/CR0-OCCT691-7-CR0-OCCT691-occt-64/inc/Handle_StepElement_SequenceNodeOfSequenceOfCurveElementPurposeMember.hxx
+M StepElement:pubinclude:StepElement_SequenceNodeOfSequenceOfCurveElementPurposeMember.hxx /misc/dn61/LocalWOK/wok_entities/LOC/dev/CR0-OCCT691-7-CR0-OCCT691-occt-64/inc/StepElement_SequenceNodeOfSequenceOfCurveElementPurposeMember.hxx
+M StepElement:derivated:StepElement_SequenceNodeOfSequenceOfCurveElementPurposeMember_0.cxx /misc/dn61/LocalWOK/wok_entities/LOC/dev/CR0-OCCT691-7-CR0-OCCT691-occt-64/drv/StepElement/StepElement_SequenceNodeOfSequenceOfCurveElementPurposeMember_0.cxx
+M StepElement:pubinclude:Handle_StepElement_SequenceNodeOfSequenceOfSurfaceElementPurposeMember.hxx /misc/dn61/LocalWOK/wok_entities/LOC/dev/CR0-OCCT691-7-CR0-OCCT691-occt-64/inc/Handle_StepElement_SequenceNodeOfSequenceOfSurfaceElementPurposeMember.hxx
+M StepElement:pubinclude:StepElement_SequenceNodeOfSequenceOfSurfaceElementPurposeMember.hxx /misc/dn61/LocalWOK/wok_entities/LOC/dev/CR0-OCCT691-7-CR0-OCCT691-occt-64/inc/StepElement_SequenceNodeOfSequenceOfSurfaceElementPurposeMember.hxx
+M StepElement:derivated:StepElement_SequenceNodeOfSequenceOfSurfaceElementPurposeMember_0.cxx /misc/dn61/LocalWOK/wok_entities/LOC/dev/CR0-OCCT691-7-CR0-OCCT691-occt-64/drv/StepElement/StepElement_SequenceNodeOfSequenceOfSurfaceElementPurposeMember_0.cxx
+M StepElement:pubinclude:StepElement_ElementOrder.hxx /misc/dn61/LocalWOK/wok_entities/LOC/dev/CR0-OCCT691-7-CR0-OCCT691-occt-64/inc/StepElement_ElementOrder.hxx
+M StepElement:pubinclude:StepElement_EnumeratedCurveElementPurpose.hxx /misc/dn61/LocalWOK/wok_entities/LOC/dev/CR0-OCCT691-7-CR0-OCCT691-occt-64/inc/StepElement_EnumeratedCurveElementPurpose.hxx
+M StepElement:pubinclude:StepElement_EnumeratedCurveElementFreedom.hxx /misc/dn61/LocalWOK/wok_entities/LOC/dev/CR0-OCCT691-7-CR0-OCCT691-occt-64/inc/StepElement_EnumeratedCurveElementFreedom.hxx
+M StepElement:pubinclude:StepElement_UnspecifiedValue.hxx /misc/dn61/LocalWOK/wok_entities/LOC/dev/CR0-OCCT691-7-CR0-OCCT691-occt-64/inc/StepElement_UnspecifiedValue.hxx
+M StepElement:pubinclude:StepElement_ElementVolume.hxx /misc/dn61/LocalWOK/wok_entities/LOC/dev/CR0-OCCT691-7-CR0-OCCT691-occt-64/inc/StepElement_ElementVolume.hxx
+M StepElement:pubinclude:StepElement_CurveEdge.hxx /misc/dn61/LocalWOK/wok_entities/LOC/dev/CR0-OCCT691-7-CR0-OCCT691-occt-64/inc/StepElement_CurveEdge.hxx
+M StepElement:pubinclude:StepElement_EnumeratedSurfaceElementPurpose.hxx /misc/dn61/LocalWOK/wok_entities/LOC/dev/CR0-OCCT691-7-CR0-OCCT691-occt-64/inc/StepElement_EnumeratedSurfaceElementPurpose.hxx
+M StepElement:pubinclude:StepElement_Element2dShape.hxx /misc/dn61/LocalWOK/wok_entities/LOC/dev/CR0-OCCT691-7-CR0-OCCT691-occt-64/inc/StepElement_Element2dShape.hxx
+M StepElement:pubinclude:StepElement_EnumeratedVolumeElementPurpose.hxx /misc/dn61/LocalWOK/wok_entities/LOC/dev/CR0-OCCT691-7-CR0-OCCT691-occt-64/inc/StepElement_EnumeratedVolumeElementPurpose.hxx
+M StepElement:pubinclude:StepElement_Volume3dElementShape.hxx /misc/dn61/LocalWOK/wok_entities/LOC/dev/CR0-OCCT691-7-CR0-OCCT691-occt-64/inc/StepElement_Volume3dElementShape.hxx
+M StepElement:dbadmfile:StepElement_xcpp_header.In /misc/dn61/LocalWOK/wok_entities/LOC/dev/CR0-OCCT691-7-CR0-OCCT691-occt-64/drv/StepElement/.adm/StepElement_xcpp_header.In
+M StepElement:dbadmfile:StepElement_xcpp_header.Out /misc/dn61/LocalWOK/wok_entities/LOC/dev/CR0-OCCT691-7-CR0-OCCT691-occt-64/drv/StepElement/.adm/StepElement_xcpp_header.Out
+M StepElement:dbadmfile:StepElement_xcpp_header.Dep /misc/dn61/LocalWOK/wok_entities/LOC/dev/CR0-OCCT691-7-CR0-OCCT691-occt-64/drv/StepElement/.adm/StepElement_xcpp_header.Dep
