+M PCDM:pubinclude:PCDM.hxx /misc/dn61/LocalWOK/wok_entities/LOC/dev/CR0-OCCT691-7-CR0-OCCT691-occt-64/inc/PCDM.hxx
+M PCDM:privinclude:PCDM.jxx /misc/dn61/LocalWOK/wok_entities/LOC/dev/CR0-OCCT691-7-CR0-OCCT691-occt-64/drv/PCDM/PCDM.jxx
+M PCDM:privinclude:PCDM.ixx /misc/dn61/LocalWOK/wok_entities/LOC/dev/CR0-OCCT691-7-CR0-OCCT691-occt-64/drv/PCDM/PCDM.ixx
+M PCDM:pubinclude:Handle_PCDM_Document.hxx /misc/dn61/LocalWOK/wok_entities/LOC/dev/CR0-OCCT691-7-CR0-OCCT691-occt-64/inc/Handle_PCDM_Document.hxx
+M PCDM:pubinclude:PCDM_Document.hxx /misc/dn61/LocalWOK/wok_entities/LOC/dev/CR0-OCCT691-7-CR0-OCCT691-occt-64/inc/PCDM_Document.hxx
+M PCDM:privinclude:PCDM_Document.jxx /misc/dn61/LocalWOK/wok_entities/LOC/dev/CR0-OCCT691-7-CR0-OCCT691-occt-64/drv/PCDM/PCDM_Document.jxx
+M PCDM:privinclude:PCDM_Document.ixx /misc/dn61/LocalWOK/wok_entities/LOC/dev/CR0-OCCT691-7-CR0-OCCT691-occt-64/drv/PCDM/PCDM_Document.ixx
+M PCDM:pubinclude:PCDM_SequenceOfDocument.hxx /misc/dn61/LocalWOK/wok_entities/LOC/dev/CR0-OCCT691-7-CR0-OCCT691-occt-64/inc/PCDM_SequenceOfDocument.hxx
+M PCDM:derivated:PCDM_SequenceOfDocument_0.cxx /misc/dn61/LocalWOK/wok_entities/LOC/dev/CR0-OCCT691-7-CR0-OCCT691-occt-64/drv/PCDM/PCDM_SequenceOfDocument_0.cxx
+M PCDM:pubinclude:Handle_PCDM_Reader.hxx /misc/dn61/LocalWOK/wok_entities/LOC/dev/CR0-OCCT691-7-CR0-OCCT691-occt-64/inc/Handle_PCDM_Reader.hxx
+M PCDM:pubinclude:PCDM_Reader.hxx /misc/dn61/LocalWOK/wok_entities/LOC/dev/CR0-OCCT691-7-CR0-OCCT691-occt-64/inc/PCDM_Reader.hxx
+M PCDM:privinclude:PCDM_Reader.jxx /misc/dn61/LocalWOK/wok_entities/LOC/dev/CR0-OCCT691-7-CR0-OCCT691-occt-64/drv/PCDM/PCDM_Reader.jxx
+M PCDM:privinclude:PCDM_Reader.ixx /misc/dn61/LocalWOK/wok_entities/LOC/dev/CR0-OCCT691-7-CR0-OCCT691-occt-64/drv/PCDM/PCDM_Reader.ixx
+M PCDM:pubinclude:Handle_PCDM_Writer.hxx /misc/dn61/LocalWOK/wok_entities/LOC/dev/CR0-OCCT691-7-CR0-OCCT691-occt-64/inc/Handle_PCDM_Writer.hxx
+M PCDM:pubinclude:PCDM_Writer.hxx /misc/dn61/LocalWOK/wok_entities/LOC/dev/CR0-OCCT691-7-CR0-OCCT691-occt-64/inc/PCDM_Writer.hxx
+M PCDM:privinclude:PCDM_Writer.jxx /misc/dn61/LocalWOK/wok_entities/LOC/dev/CR0-OCCT691-7-CR0-OCCT691-occt-64/drv/PCDM/PCDM_Writer.jxx
+M PCDM:privinclude:PCDM_Writer.ixx /misc/dn61/LocalWOK/wok_entities/LOC/dev/CR0-OCCT691-7-CR0-OCCT691-occt-64/drv/PCDM/PCDM_Writer.ixx
+M PCDM:pubinclude:Handle_PCDM_RetrievalDriver.hxx /misc/dn61/LocalWOK/wok_entities/LOC/dev/CR0-OCCT691-7-CR0-OCCT691-occt-64/inc/Handle_PCDM_RetrievalDriver.hxx
+M PCDM:pubinclude:PCDM_RetrievalDriver.hxx /misc/dn61/LocalWOK/wok_entities/LOC/dev/CR0-OCCT691-7-CR0-OCCT691-occt-64/inc/PCDM_RetrievalDriver.hxx
+M PCDM:privinclude:PCDM_RetrievalDriver.jxx /misc/dn61/LocalWOK/wok_entities/LOC/dev/CR0-OCCT691-7-CR0-OCCT691-occt-64/drv/PCDM/PCDM_RetrievalDriver.jxx
+M PCDM:privinclude:PCDM_RetrievalDriver.ixx /misc/dn61/LocalWOK/wok_entities/LOC/dev/CR0-OCCT691-7-CR0-OCCT691-occt-64/drv/PCDM/PCDM_RetrievalDriver.ixx
+M PCDM:pubinclude:Handle_PCDM_StorageDriver.hxx /misc/dn61/LocalWOK/wok_entities/LOC/dev/CR0-OCCT691-7-CR0-OCCT691-occt-64/inc/Handle_PCDM_StorageDriver.hxx
+M PCDM:pubinclude:PCDM_StorageDriver.hxx /misc/dn61/LocalWOK/wok_entities/LOC/dev/CR0-OCCT691-7-CR0-OCCT691-occt-64/inc/PCDM_StorageDriver.hxx
+M PCDM:privinclude:PCDM_StorageDriver.jxx /misc/dn61/LocalWOK/wok_entities/LOC/dev/CR0-OCCT691-7-CR0-OCCT691-occt-64/drv/PCDM/PCDM_StorageDriver.jxx
+M PCDM:privinclude:PCDM_StorageDriver.ixx /misc/dn61/LocalWOK/wok_entities/LOC/dev/CR0-OCCT691-7-CR0-OCCT691-occt-64/drv/PCDM/PCDM_StorageDriver.ixx
+M PCDM:pubinclude:Handle_PCDM_ReferenceIterator.hxx /misc/dn61/LocalWOK/wok_entities/LOC/dev/CR0-OCCT691-7-CR0-OCCT691-occt-64/inc/Handle_PCDM_ReferenceIterator.hxx
+M PCDM:pubinclude:PCDM_ReferenceIterator.hxx /misc/dn61/LocalWOK/wok_entities/LOC/dev/CR0-OCCT691-7-CR0-OCCT691-occt-64/inc/PCDM_ReferenceIterator.hxx
+M PCDM:privinclude:PCDM_ReferenceIterator.jxx /misc/dn61/LocalWOK/wok_entities/LOC/dev/CR0-OCCT691-7-CR0-OCCT691-occt-64/drv/PCDM/PCDM_ReferenceIterator.jxx
+M PCDM:privinclude:PCDM_ReferenceIterator.ixx /misc/dn61/LocalWOK/wok_entities/LOC/dev/CR0-OCCT691-7-CR0-OCCT691-occt-64/drv/PCDM/PCDM_ReferenceIterator.ixx
+M PCDM:pubinclude:PCDM_Reference.hxx /misc/dn61/LocalWOK/wok_entities/LOC/dev/CR0-OCCT691-7-CR0-OCCT691-occt-64/inc/PCDM_Reference.hxx
+M PCDM:privinclude:PCDM_Reference.jxx /misc/dn61/LocalWOK/wok_entities/LOC/dev/CR0-OCCT691-7-CR0-OCCT691-occt-64/drv/PCDM/PCDM_Reference.jxx
+M PCDM:privinclude:PCDM_Reference.ixx /misc/dn61/LocalWOK/wok_entities/LOC/dev/CR0-OCCT691-7-CR0-OCCT691-occt-64/drv/PCDM/PCDM_Reference.ixx
+M PCDM:pubinclude:PCDM_SequenceOfReference.hxx /misc/dn61/LocalWOK/wok_entities/LOC/dev/CR0-OCCT691-7-CR0-OCCT691-occt-64/inc/PCDM_SequenceOfReference.hxx
+M PCDM:derivated:PCDM_SequenceOfReference_0.cxx /misc/dn61/LocalWOK/wok_entities/LOC/dev/CR0-OCCT691-7-CR0-OCCT691-occt-64/drv/PCDM/PCDM_SequenceOfReference_0.cxx
+M PCDM:pubinclude:Handle_PCDM_ReadWriter.hxx /misc/dn61/LocalWOK/wok_entities/LOC/dev/CR0-OCCT691-7-CR0-OCCT691-occt-64/inc/Handle_PCDM_ReadWriter.hxx
+M PCDM:pubinclude:PCDM_ReadWriter.hxx /misc/dn61/LocalWOK/wok_entities/LOC/dev/CR0-OCCT691-7-CR0-OCCT691-occt-64/inc/PCDM_ReadWriter.hxx
+M PCDM:privinclude:PCDM_ReadWriter.jxx /misc/dn61/LocalWOK/wok_entities/LOC/dev/CR0-OCCT691-7-CR0-OCCT691-occt-64/drv/PCDM/PCDM_ReadWriter.jxx
+M PCDM:privinclude:PCDM_ReadWriter.ixx /misc/dn61/LocalWOK/wok_entities/LOC/dev/CR0-OCCT691-7-CR0-OCCT691-occt-64/drv/PCDM/PCDM_ReadWriter.ixx
+M PCDM:pubinclude:Handle_PCDM_ReadWriter_1.hxx /misc/dn61/LocalWOK/wok_entities/LOC/dev/CR0-OCCT691-7-CR0-OCCT691-occt-64/inc/Handle_PCDM_ReadWriter_1.hxx
+M PCDM:pubinclude:PCDM_ReadWriter_1.hxx /misc/dn61/LocalWOK/wok_entities/LOC/dev/CR0-OCCT691-7-CR0-OCCT691-occt-64/inc/PCDM_ReadWriter_1.hxx
+M PCDM:privinclude:PCDM_ReadWriter_1.jxx /misc/dn61/LocalWOK/wok_entities/LOC/dev/CR0-OCCT691-7-CR0-OCCT691-occt-64/drv/PCDM/PCDM_ReadWriter_1.jxx
+M PCDM:privinclude:PCDM_ReadWriter_1.ixx /misc/dn61/LocalWOK/wok_entities/LOC/dev/CR0-OCCT691-7-CR0-OCCT691-occt-64/drv/PCDM/PCDM_ReadWriter_1.ixx
+M PCDM:pubinclude:Handle_PCDM_SequenceNodeOfSequenceOfDocument.hxx /misc/dn61/LocalWOK/wok_entities/LOC/dev/CR0-OCCT691-7-CR0-OCCT691-occt-64/inc/Handle_PCDM_SequenceNodeOfSequenceOfDocument.hxx
+M PCDM:pubinclude:PCDM_SequenceNodeOfSequenceOfDocument.hxx /misc/dn61/LocalWOK/wok_entities/LOC/dev/CR0-OCCT691-7-CR0-OCCT691-occt-64/inc/PCDM_SequenceNodeOfSequenceOfDocument.hxx
+M PCDM:derivated:PCDM_SequenceNodeOfSequenceOfDocument_0.cxx /misc/dn61/LocalWOK/wok_entities/LOC/dev/CR0-OCCT691-7-CR0-OCCT691-occt-64/drv/PCDM/PCDM_SequenceNodeOfSequenceOfDocument_0.cxx
+M PCDM:pubinclude:Handle_PCDM_SequenceNodeOfSequenceOfReference.hxx /misc/dn61/LocalWOK/wok_entities/LOC/dev/CR0-OCCT691-7-CR0-OCCT691-occt-64/inc/Handle_PCDM_SequenceNodeOfSequenceOfReference.hxx
+M PCDM:pubinclude:PCDM_SequenceNodeOfSequenceOfReference.hxx /misc/dn61/LocalWOK/wok_entities/LOC/dev/CR0-OCCT691-7-CR0-OCCT691-occt-64/inc/PCDM_SequenceNodeOfSequenceOfReference.hxx
+M PCDM:derivated:PCDM_SequenceNodeOfSequenceOfReference_0.cxx /misc/dn61/LocalWOK/wok_entities/LOC/dev/CR0-OCCT691-7-CR0-OCCT691-occt-64/drv/PCDM/PCDM_SequenceNodeOfSequenceOfReference_0.cxx
+M PCDM:pubinclude:Handle_PCDM_DriverError.hxx /misc/dn61/LocalWOK/wok_entities/LOC/dev/CR0-OCCT691-7-CR0-OCCT691-occt-64/inc/Handle_PCDM_DriverError.hxx
+M PCDM:pubinclude:PCDM_DriverError.hxx /misc/dn61/LocalWOK/wok_entities/LOC/dev/CR0-OCCT691-7-CR0-OCCT691-occt-64/inc/PCDM_DriverError.hxx
+M PCDM:derivated:PCDM_DriverError_0.cxx /misc/dn61/LocalWOK/wok_entities/LOC/dev/CR0-OCCT691-7-CR0-OCCT691-occt-64/drv/PCDM/PCDM_DriverError_0.cxx
+M PCDM:pubinclude:PCDM_ReaderStatus.hxx /misc/dn61/LocalWOK/wok_entities/LOC/dev/CR0-OCCT691-7-CR0-OCCT691-occt-64/inc/PCDM_ReaderStatus.hxx
+M PCDM:pubinclude:PCDM_StoreStatus.hxx /misc/dn61/LocalWOK/wok_entities/LOC/dev/CR0-OCCT691-7-CR0-OCCT691-occt-64/inc/PCDM_StoreStatus.hxx
+M PCDM:pubinclude:PCDM_TypeOfFileDriver.hxx /misc/dn61/LocalWOK/wok_entities/LOC/dev/CR0-OCCT691-7-CR0-OCCT691-occt-64/inc/PCDM_TypeOfFileDriver.hxx
+M PCDM:pubinclude:PCDM_BaseDriverPointer.hxx /misc/dn61/LocalWOK/wok_entities/LOC/dev/CR0-OCCT691-7-CR0-OCCT691-occt-64/inc/PCDM_BaseDriverPointer.hxx
+M PCDM:dbadmfile:PCDM_xcpp_header.In /misc/dn61/LocalWOK/wok_entities/LOC/dev/CR0-OCCT691-7-CR0-OCCT691-occt-64/drv/PCDM/.adm/PCDM_xcpp_header.In
+M PCDM:dbadmfile:PCDM_xcpp_header.Out /misc/dn61/LocalWOK/wok_entities/LOC/dev/CR0-OCCT691-7-CR0-OCCT691-occt-64/drv/PCDM/.adm/PCDM_xcpp_header.Out
+M PCDM:dbadmfile:PCDM_xcpp_header.Dep /misc/dn61/LocalWOK/wok_entities/LOC/dev/CR0-OCCT691-7-CR0-OCCT691-occt-64/drv/PCDM/.adm/PCDM_xcpp_header.Dep
