+M TObj:pubinclude:Handle_TObj_Model.hxx /misc/dn61/LocalWOK/wok_entities/LOC/dev/CR0-OCCT691-7-CR0-OCCT691-occt-64/inc/Handle_TObj_Model.hxx
+M TObj:pubinclude:Handle_TObj_Object.hxx /misc/dn61/LocalWOK/wok_entities/LOC/dev/CR0-OCCT691-7-CR0-OCCT691-occt-64/inc/Handle_TObj_Object.hxx
+M TObj:pubinclude:TObj_Application.hxx /misc/dn61/LocalWOK/wok_entities/LOC/dev/CR0-OCCT691-7-CR0-OCCT691-occt-64/inc/TObj_Application.hxx
+M TObj:pubinclude:TObj_Assistant.hxx /misc/dn61/LocalWOK/wok_entities/LOC/dev/CR0-OCCT691-7-CR0-OCCT691-occt-64/inc/TObj_Assistant.hxx
+M TObj:pubinclude:TObj_CheckModel.hxx /misc/dn61/LocalWOK/wok_entities/LOC/dev/CR0-OCCT691-7-CR0-OCCT691-occt-64/inc/TObj_CheckModel.hxx
+M TObj:pubinclude:TObj_Common.hxx /misc/dn61/LocalWOK/wok_entities/LOC/dev/CR0-OCCT691-7-CR0-OCCT691-occt-64/inc/TObj_Common.hxx
+M TObj:pubinclude:TObj_Container.hxx /misc/dn61/LocalWOK/wok_entities/LOC/dev/CR0-OCCT691-7-CR0-OCCT691-occt-64/inc/TObj_Container.hxx
+M TObj:pubinclude:TObj_DeletingMode.hxx /misc/dn61/LocalWOK/wok_entities/LOC/dev/CR0-OCCT691-7-CR0-OCCT691-occt-64/inc/TObj_DeletingMode.hxx
+M TObj:pubinclude:TObj_HiddenPartition.hxx /misc/dn61/LocalWOK/wok_entities/LOC/dev/CR0-OCCT691-7-CR0-OCCT691-occt-64/inc/TObj_HiddenPartition.hxx
+M TObj:pubinclude:TObj_LabelIterator.hxx /misc/dn61/LocalWOK/wok_entities/LOC/dev/CR0-OCCT691-7-CR0-OCCT691-occt-64/inc/TObj_LabelIterator.hxx
+M TObj:pubinclude:TObj_Model.hxx /misc/dn61/LocalWOK/wok_entities/LOC/dev/CR0-OCCT691-7-CR0-OCCT691-occt-64/inc/TObj_Model.hxx
+M TObj:pubinclude:TObj_ModelIterator.hxx /misc/dn61/LocalWOK/wok_entities/LOC/dev/CR0-OCCT691-7-CR0-OCCT691-occt-64/inc/TObj_ModelIterator.hxx
+M TObj:pubinclude:TObj_Object.hxx /misc/dn61/LocalWOK/wok_entities/LOC/dev/CR0-OCCT691-7-CR0-OCCT691-occt-64/inc/TObj_Object.hxx
+M TObj:pubinclude:TObj_ObjectIterator.hxx /misc/dn61/LocalWOK/wok_entities/LOC/dev/CR0-OCCT691-7-CR0-OCCT691-occt-64/inc/TObj_ObjectIterator.hxx
+M TObj:pubinclude:TObj_OcafObjectIterator.hxx /misc/dn61/LocalWOK/wok_entities/LOC/dev/CR0-OCCT691-7-CR0-OCCT691-occt-64/inc/TObj_OcafObjectIterator.hxx
+M TObj:pubinclude:TObj_Partition.hxx /misc/dn61/LocalWOK/wok_entities/LOC/dev/CR0-OCCT691-7-CR0-OCCT691-occt-64/inc/TObj_Partition.hxx
+M TObj:pubinclude:TObj_Persistence.hxx /misc/dn61/LocalWOK/wok_entities/LOC/dev/CR0-OCCT691-7-CR0-OCCT691-occt-64/inc/TObj_Persistence.hxx
+M TObj:pubinclude:TObj_ReferenceIterator.hxx /misc/dn61/LocalWOK/wok_entities/LOC/dev/CR0-OCCT691-7-CR0-OCCT691-occt-64/inc/TObj_ReferenceIterator.hxx
+M TObj:pubinclude:TObj_SequenceIterator.hxx /misc/dn61/LocalWOK/wok_entities/LOC/dev/CR0-OCCT691-7-CR0-OCCT691-occt-64/inc/TObj_SequenceIterator.hxx
+M TObj:pubinclude:TObj_SequenceOfIterator.hxx /misc/dn61/LocalWOK/wok_entities/LOC/dev/CR0-OCCT691-7-CR0-OCCT691-occt-64/inc/TObj_SequenceOfIterator.hxx
+M TObj:pubinclude:TObj_SequenceOfObject.hxx /misc/dn61/LocalWOK/wok_entities/LOC/dev/CR0-OCCT691-7-CR0-OCCT691-occt-64/inc/TObj_SequenceOfObject.hxx
+M TObj:pubinclude:TObj_TIntSparseArray.hxx /misc/dn61/LocalWOK/wok_entities/LOC/dev/CR0-OCCT691-7-CR0-OCCT691-occt-64/inc/TObj_TIntSparseArray.hxx
+M TObj:pubinclude:TObj_TModel.hxx /misc/dn61/LocalWOK/wok_entities/LOC/dev/CR0-OCCT691-7-CR0-OCCT691-occt-64/inc/TObj_TModel.hxx
+M TObj:pubinclude:TObj_TNameContainer.hxx /misc/dn61/LocalWOK/wok_entities/LOC/dev/CR0-OCCT691-7-CR0-OCCT691-occt-64/inc/TObj_TNameContainer.hxx
+M TObj:pubinclude:TObj_TObject.hxx /misc/dn61/LocalWOK/wok_entities/LOC/dev/CR0-OCCT691-7-CR0-OCCT691-occt-64/inc/TObj_TObject.hxx
+M TObj:pubinclude:TObj_TReference.hxx /misc/dn61/LocalWOK/wok_entities/LOC/dev/CR0-OCCT691-7-CR0-OCCT691-occt-64/inc/TObj_TReference.hxx
+M TObj:pubinclude:TObj_TXYZ.hxx /misc/dn61/LocalWOK/wok_entities/LOC/dev/CR0-OCCT691-7-CR0-OCCT691-occt-64/inc/TObj_TXYZ.hxx
+M TObj:dbadmfile:TObj_obj_inc.In /misc/dn61/LocalWOK/wok_entities/LOC/dev/CR0-OCCT691-7-CR0-OCCT691-occt-64/drv/TObj/.adm/TObj_obj_inc.In
+M TObj:dbadmfile:TObj_obj_inc.Out /misc/dn61/LocalWOK/wok_entities/LOC/dev/CR0-OCCT691-7-CR0-OCCT691-occt-64/drv/TObj/.adm/TObj_obj_inc.Out
+M TObj:dbadmfile:TObj_obj_inc.Dep /misc/dn61/LocalWOK/wok_entities/LOC/dev/CR0-OCCT691-7-CR0-OCCT691-occt-64/drv/TObj/.adm/TObj_obj_inc.Dep
