+M TopOpeBRep:pubinclude:TopOpeBRep.hxx /misc/dn61/LocalWOK/wok_entities/LOC/dev/CR0-OCCT691-7-CR0-OCCT691-occt-64/inc/TopOpeBRep.hxx
+M TopOpeBRep:privinclude:TopOpeBRep.jxx /misc/dn61/LocalWOK/wok_entities/LOC/dev/CR0-OCCT691-7-CR0-OCCT691-occt-64/drv/TopOpeBRep/TopOpeBRep.jxx
+M TopOpeBRep:privinclude:TopOpeBRep.ixx /misc/dn61/LocalWOK/wok_entities/LOC/dev/CR0-OCCT691-7-CR0-OCCT691-occt-64/drv/TopOpeBRep/TopOpeBRep.ixx
+M TopOpeBRep:pubinclude:TopOpeBRep_VPointInter.hxx /misc/dn61/LocalWOK/wok_entities/LOC/dev/CR0-OCCT691-7-CR0-OCCT691-occt-64/inc/TopOpeBRep_VPointInter.hxx
+M TopOpeBRep:privinclude:TopOpeBRep_VPointInter.jxx /misc/dn61/LocalWOK/wok_entities/LOC/dev/CR0-OCCT691-7-CR0-OCCT691-occt-64/drv/TopOpeBRep/TopOpeBRep_VPointInter.jxx
+M TopOpeBRep:privinclude:TopOpeBRep_VPointInter.ixx /misc/dn61/LocalWOK/wok_entities/LOC/dev/CR0-OCCT691-7-CR0-OCCT691-occt-64/drv/TopOpeBRep/TopOpeBRep_VPointInter.ixx
+M TopOpeBRep:pubinclude:TopOpeBRep_Array1OfVPointInter.hxx /misc/dn61/LocalWOK/wok_entities/LOC/dev/CR0-OCCT691-7-CR0-OCCT691-occt-64/inc/TopOpeBRep_Array1OfVPointInter.hxx
+M TopOpeBRep:derivated:TopOpeBRep_Array1OfVPointInter_0.cxx /misc/dn61/LocalWOK/wok_entities/LOC/dev/CR0-OCCT691-7-CR0-OCCT691-occt-64/drv/TopOpeBRep/TopOpeBRep_Array1OfVPointInter_0.cxx
+M TopOpeBRep:pubinclude:Handle_TopOpeBRep_HArray1OfVPointInter.hxx /misc/dn61/LocalWOK/wok_entities/LOC/dev/CR0-OCCT691-7-CR0-OCCT691-occt-64/inc/Handle_TopOpeBRep_HArray1OfVPointInter.hxx
+M TopOpeBRep:pubinclude:TopOpeBRep_HArray1OfVPointInter.hxx /misc/dn61/LocalWOK/wok_entities/LOC/dev/CR0-OCCT691-7-CR0-OCCT691-occt-64/inc/TopOpeBRep_HArray1OfVPointInter.hxx
+M TopOpeBRep:derivated:TopOpeBRep_HArray1OfVPointInter_0.cxx /misc/dn61/LocalWOK/wok_entities/LOC/dev/CR0-OCCT691-7-CR0-OCCT691-occt-64/drv/TopOpeBRep/TopOpeBRep_HArray1OfVPointInter_0.cxx
+M TopOpeBRep:pubinclude:TopOpeBRep_VPointInterIterator.hxx /misc/dn61/LocalWOK/wok_entities/LOC/dev/CR0-OCCT691-7-CR0-OCCT691-occt-64/inc/TopOpeBRep_VPointInterIterator.hxx
+M TopOpeBRep:privinclude:TopOpeBRep_VPointInterIterator.jxx /misc/dn61/LocalWOK/wok_entities/LOC/dev/CR0-OCCT691-7-CR0-OCCT691-occt-64/drv/TopOpeBRep/TopOpeBRep_VPointInterIterator.jxx
+M TopOpeBRep:privinclude:TopOpeBRep_VPointInterIterator.ixx /misc/dn61/LocalWOK/wok_entities/LOC/dev/CR0-OCCT691-7-CR0-OCCT691-occt-64/drv/TopOpeBRep/TopOpeBRep_VPointInterIterator.ixx
+M TopOpeBRep:pubinclude:TopOpeBRep_WPointInter.hxx /misc/dn61/LocalWOK/wok_entities/LOC/dev/CR0-OCCT691-7-CR0-OCCT691-occt-64/inc/TopOpeBRep_WPointInter.hxx
+M TopOpeBRep:privinclude:TopOpeBRep_WPointInter.jxx /misc/dn61/LocalWOK/wok_entities/LOC/dev/CR0-OCCT691-7-CR0-OCCT691-occt-64/drv/TopOpeBRep/TopOpeBRep_WPointInter.jxx
+M TopOpeBRep:privinclude:TopOpeBRep_WPointInter.ixx /misc/dn61/LocalWOK/wok_entities/LOC/dev/CR0-OCCT691-7-CR0-OCCT691-occt-64/drv/TopOpeBRep/TopOpeBRep_WPointInter.ixx
+M TopOpeBRep:pubinclude:TopOpeBRep_WPointInterIterator.hxx /misc/dn61/LocalWOK/wok_entities/LOC/dev/CR0-OCCT691-7-CR0-OCCT691-occt-64/inc/TopOpeBRep_WPointInterIterator.hxx
+M TopOpeBRep:privinclude:TopOpeBRep_WPointInterIterator.jxx /misc/dn61/LocalWOK/wok_entities/LOC/dev/CR0-OCCT691-7-CR0-OCCT691-occt-64/drv/TopOpeBRep/TopOpeBRep_WPointInterIterator.jxx
+M TopOpeBRep:privinclude:TopOpeBRep_WPointInterIterator.ixx /misc/dn61/LocalWOK/wok_entities/LOC/dev/CR0-OCCT691-7-CR0-OCCT691-occt-64/drv/TopOpeBRep/TopOpeBRep_WPointInterIterator.ixx
+M TopOpeBRep:pubinclude:TopOpeBRep_LineInter.hxx /misc/dn61/LocalWOK/wok_entities/LOC/dev/CR0-OCCT691-7-CR0-OCCT691-occt-64/inc/TopOpeBRep_LineInter.hxx
+M TopOpeBRep:privinclude:TopOpeBRep_LineInter.jxx /misc/dn61/LocalWOK/wok_entities/LOC/dev/CR0-OCCT691-7-CR0-OCCT691-occt-64/drv/TopOpeBRep/TopOpeBRep_LineInter.jxx
+M TopOpeBRep:privinclude:TopOpeBRep_LineInter.ixx /misc/dn61/LocalWOK/wok_entities/LOC/dev/CR0-OCCT691-7-CR0-OCCT691-occt-64/drv/TopOpeBRep/TopOpeBRep_LineInter.ixx
+M TopOpeBRep:pubinclude:TopOpeBRep_Array1OfLineInter.hxx /misc/dn61/LocalWOK/wok_entities/LOC/dev/CR0-OCCT691-7-CR0-OCCT691-occt-64/inc/TopOpeBRep_Array1OfLineInter.hxx
+M TopOpeBRep:derivated:TopOpeBRep_Array1OfLineInter_0.cxx /misc/dn61/LocalWOK/wok_entities/LOC/dev/CR0-OCCT691-7-CR0-OCCT691-occt-64/drv/TopOpeBRep/TopOpeBRep_Array1OfLineInter_0.cxx
+M TopOpeBRep:pubinclude:Handle_TopOpeBRep_HArray1OfLineInter.hxx /misc/dn61/LocalWOK/wok_entities/LOC/dev/CR0-OCCT691-7-CR0-OCCT691-occt-64/inc/Handle_TopOpeBRep_HArray1OfLineInter.hxx
+M TopOpeBRep:pubinclude:TopOpeBRep_HArray1OfLineInter.hxx /misc/dn61/LocalWOK/wok_entities/LOC/dev/CR0-OCCT691-7-CR0-OCCT691-occt-64/inc/TopOpeBRep_HArray1OfLineInter.hxx
+M TopOpeBRep:derivated:TopOpeBRep_HArray1OfLineInter_0.cxx /misc/dn61/LocalWOK/wok_entities/LOC/dev/CR0-OCCT691-7-CR0-OCCT691-occt-64/drv/TopOpeBRep/TopOpeBRep_HArray1OfLineInter_0.cxx
+M TopOpeBRep:pubinclude:TopOpeBRep_DataMapOfTopolTool.hxx /misc/dn61/LocalWOK/wok_entities/LOC/dev/CR0-OCCT691-7-CR0-OCCT691-occt-64/inc/TopOpeBRep_DataMapOfTopolTool.hxx
+M TopOpeBRep:derivated:TopOpeBRep_DataMapOfTopolTool_0.cxx /misc/dn61/LocalWOK/wok_entities/LOC/dev/CR0-OCCT691-7-CR0-OCCT691-occt-64/drv/TopOpeBRep/TopOpeBRep_DataMapOfTopolTool_0.cxx
+M TopOpeBRep:pubinclude:Handle_TopOpeBRep_Hctxff2d.hxx /misc/dn61/LocalWOK/wok_entities/LOC/dev/CR0-OCCT691-7-CR0-OCCT691-occt-64/inc/Handle_TopOpeBRep_Hctxff2d.hxx
+M TopOpeBRep:pubinclude:TopOpeBRep_Hctxff2d.hxx /misc/dn61/LocalWOK/wok_entities/LOC/dev/CR0-OCCT691-7-CR0-OCCT691-occt-64/inc/TopOpeBRep_Hctxff2d.hxx
+M TopOpeBRep:privinclude:TopOpeBRep_Hctxff2d.jxx /misc/dn61/LocalWOK/wok_entities/LOC/dev/CR0-OCCT691-7-CR0-OCCT691-occt-64/drv/TopOpeBRep/TopOpeBRep_Hctxff2d.jxx
+M TopOpeBRep:privinclude:TopOpeBRep_Hctxff2d.ixx /misc/dn61/LocalWOK/wok_entities/LOC/dev/CR0-OCCT691-7-CR0-OCCT691-occt-64/drv/TopOpeBRep/TopOpeBRep_Hctxff2d.ixx
+M TopOpeBRep:pubinclude:Handle_TopOpeBRep_Hctxee2d.hxx /misc/dn61/LocalWOK/wok_entities/LOC/dev/CR0-OCCT691-7-CR0-OCCT691-occt-64/inc/Handle_TopOpeBRep_Hctxee2d.hxx
+M TopOpeBRep:pubinclude:TopOpeBRep_Hctxee2d.hxx /misc/dn61/LocalWOK/wok_entities/LOC/dev/CR0-OCCT691-7-CR0-OCCT691-occt-64/inc/TopOpeBRep_Hctxee2d.hxx
+M TopOpeBRep:privinclude:TopOpeBRep_Hctxee2d.jxx /misc/dn61/LocalWOK/wok_entities/LOC/dev/CR0-OCCT691-7-CR0-OCCT691-occt-64/drv/TopOpeBRep/TopOpeBRep_Hctxee2d.jxx
+M TopOpeBRep:privinclude:TopOpeBRep_Hctxee2d.ixx /misc/dn61/LocalWOK/wok_entities/LOC/dev/CR0-OCCT691-7-CR0-OCCT691-occt-64/drv/TopOpeBRep/TopOpeBRep_Hctxee2d.ixx
+M TopOpeBRep:pubinclude:TopOpeBRep_Point2d.hxx /misc/dn61/LocalWOK/wok_entities/LOC/dev/CR0-OCCT691-7-CR0-OCCT691-occt-64/inc/TopOpeBRep_Point2d.hxx
+M TopOpeBRep:privinclude:TopOpeBRep_Point2d.jxx /misc/dn61/LocalWOK/wok_entities/LOC/dev/CR0-OCCT691-7-CR0-OCCT691-occt-64/drv/TopOpeBRep/TopOpeBRep_Point2d.jxx
+M TopOpeBRep:privinclude:TopOpeBRep_Point2d.ixx /misc/dn61/LocalWOK/wok_entities/LOC/dev/CR0-OCCT691-7-CR0-OCCT691-occt-64/drv/TopOpeBRep/TopOpeBRep_Point2d.ixx
+M TopOpeBRep:pubinclude:TopOpeBRep_SequenceOfPoint2d.hxx /misc/dn61/LocalWOK/wok_entities/LOC/dev/CR0-OCCT691-7-CR0-OCCT691-occt-64/inc/TopOpeBRep_SequenceOfPoint2d.hxx
+M TopOpeBRep:derivated:TopOpeBRep_SequenceOfPoint2d_0.cxx /misc/dn61/LocalWOK/wok_entities/LOC/dev/CR0-OCCT691-7-CR0-OCCT691-occt-64/drv/TopOpeBRep/TopOpeBRep_SequenceOfPoint2d_0.cxx
+M TopOpeBRep:pubinclude:TopOpeBRep_PointClassifier.hxx /misc/dn61/LocalWOK/wok_entities/LOC/dev/CR0-OCCT691-7-CR0-OCCT691-occt-64/inc/TopOpeBRep_PointClassifier.hxx
+M TopOpeBRep:privinclude:TopOpeBRep_PointClassifier.jxx /misc/dn61/LocalWOK/wok_entities/LOC/dev/CR0-OCCT691-7-CR0-OCCT691-occt-64/drv/TopOpeBRep/TopOpeBRep_PointClassifier.jxx
+M TopOpeBRep:privinclude:TopOpeBRep_PointClassifier.ixx /misc/dn61/LocalWOK/wok_entities/LOC/dev/CR0-OCCT691-7-CR0-OCCT691-occt-64/drv/TopOpeBRep/TopOpeBRep_PointClassifier.ixx
+M TopOpeBRep:pubinclude:TopOpeBRep_VPointInterClassifier.hxx /misc/dn61/LocalWOK/wok_entities/LOC/dev/CR0-OCCT691-7-CR0-OCCT691-occt-64/inc/TopOpeBRep_VPointInterClassifier.hxx
+M TopOpeBRep:privinclude:TopOpeBRep_VPointInterClassifier.jxx /misc/dn61/LocalWOK/wok_entities/LOC/dev/CR0-OCCT691-7-CR0-OCCT691-occt-64/drv/TopOpeBRep/TopOpeBRep_VPointInterClassifier.jxx
+M TopOpeBRep:privinclude:TopOpeBRep_VPointInterClassifier.ixx /misc/dn61/LocalWOK/wok_entities/LOC/dev/CR0-OCCT691-7-CR0-OCCT691-occt-64/drv/TopOpeBRep/TopOpeBRep_VPointInterClassifier.ixx
+M TopOpeBRep:pubinclude:TopOpeBRep_GeomTool.hxx /misc/dn61/LocalWOK/wok_entities/LOC/dev/CR0-OCCT691-7-CR0-OCCT691-occt-64/inc/TopOpeBRep_GeomTool.hxx
+M TopOpeBRep:privinclude:TopOpeBRep_GeomTool.jxx /misc/dn61/LocalWOK/wok_entities/LOC/dev/CR0-OCCT691-7-CR0-OCCT691-occt-64/drv/TopOpeBRep/TopOpeBRep_GeomTool.jxx
+M TopOpeBRep:privinclude:TopOpeBRep_GeomTool.ixx /misc/dn61/LocalWOK/wok_entities/LOC/dev/CR0-OCCT691-7-CR0-OCCT691-occt-64/drv/TopOpeBRep/TopOpeBRep_GeomTool.ixx
+M TopOpeBRep:pubinclude:TopOpeBRep_FacesIntersector.hxx /misc/dn61/LocalWOK/wok_entities/LOC/dev/CR0-OCCT691-7-CR0-OCCT691-occt-64/inc/TopOpeBRep_FacesIntersector.hxx
+M TopOpeBRep:privinclude:TopOpeBRep_FacesIntersector.jxx /misc/dn61/LocalWOK/wok_entities/LOC/dev/CR0-OCCT691-7-CR0-OCCT691-occt-64/drv/TopOpeBRep/TopOpeBRep_FacesIntersector.jxx
+M TopOpeBRep:privinclude:TopOpeBRep_FacesIntersector.ixx /misc/dn61/LocalWOK/wok_entities/LOC/dev/CR0-OCCT691-7-CR0-OCCT691-occt-64/drv/TopOpeBRep/TopOpeBRep_FacesIntersector.ixx
+M TopOpeBRep:pubinclude:TopOpeBRep_EdgesIntersector.hxx /misc/dn61/LocalWOK/wok_entities/LOC/dev/CR0-OCCT691-7-CR0-OCCT691-occt-64/inc/TopOpeBRep_EdgesIntersector.hxx
+M TopOpeBRep:privinclude:TopOpeBRep_EdgesIntersector.jxx /misc/dn61/LocalWOK/wok_entities/LOC/dev/CR0-OCCT691-7-CR0-OCCT691-occt-64/drv/TopOpeBRep/TopOpeBRep_EdgesIntersector.jxx
+M TopOpeBRep:privinclude:TopOpeBRep_EdgesIntersector.ixx /misc/dn61/LocalWOK/wok_entities/LOC/dev/CR0-OCCT691-7-CR0-OCCT691-occt-64/drv/TopOpeBRep/TopOpeBRep_EdgesIntersector.ixx
+M TopOpeBRep:pubinclude:TopOpeBRep_FaceEdgeIntersector.hxx /misc/dn61/LocalWOK/wok_entities/LOC/dev/CR0-OCCT691-7-CR0-OCCT691-occt-64/inc/TopOpeBRep_FaceEdgeIntersector.hxx
+M TopOpeBRep:privinclude:TopOpeBRep_FaceEdgeIntersector.jxx /misc/dn61/LocalWOK/wok_entities/LOC/dev/CR0-OCCT691-7-CR0-OCCT691-occt-64/drv/TopOpeBRep/TopOpeBRep_FaceEdgeIntersector.jxx
+M TopOpeBRep:privinclude:TopOpeBRep_FaceEdgeIntersector.ixx /misc/dn61/LocalWOK/wok_entities/LOC/dev/CR0-OCCT691-7-CR0-OCCT691-occt-64/drv/TopOpeBRep/TopOpeBRep_FaceEdgeIntersector.ixx
+M TopOpeBRep:pubinclude:TopOpeBRep_ShapeScanner.hxx /misc/dn61/LocalWOK/wok_entities/LOC/dev/CR0-OCCT691-7-CR0-OCCT691-occt-64/inc/TopOpeBRep_ShapeScanner.hxx
+M TopOpeBRep:privinclude:TopOpeBRep_ShapeScanner.jxx /misc/dn61/LocalWOK/wok_entities/LOC/dev/CR0-OCCT691-7-CR0-OCCT691-occt-64/drv/TopOpeBRep/TopOpeBRep_ShapeScanner.jxx
+M TopOpeBRep:privinclude:TopOpeBRep_ShapeScanner.ixx /misc/dn61/LocalWOK/wok_entities/LOC/dev/CR0-OCCT691-7-CR0-OCCT691-occt-64/drv/TopOpeBRep/TopOpeBRep_ShapeScanner.ixx
+M TopOpeBRep:pubinclude:TopOpeBRep_ShapeIntersector.hxx /misc/dn61/LocalWOK/wok_entities/LOC/dev/CR0-OCCT691-7-CR0-OCCT691-occt-64/inc/TopOpeBRep_ShapeIntersector.hxx
+M TopOpeBRep:privinclude:TopOpeBRep_ShapeIntersector.jxx /misc/dn61/LocalWOK/wok_entities/LOC/dev/CR0-OCCT691-7-CR0-OCCT691-occt-64/drv/TopOpeBRep/TopOpeBRep_ShapeIntersector.jxx
+M TopOpeBRep:privinclude:TopOpeBRep_ShapeIntersector.ixx /misc/dn61/LocalWOK/wok_entities/LOC/dev/CR0-OCCT691-7-CR0-OCCT691-occt-64/drv/TopOpeBRep/TopOpeBRep_ShapeIntersector.ixx
+M TopOpeBRep:pubinclude:TopOpeBRep_ShapeIntersector2d.hxx /misc/dn61/LocalWOK/wok_entities/LOC/dev/CR0-OCCT691-7-CR0-OCCT691-occt-64/inc/TopOpeBRep_ShapeIntersector2d.hxx
+M TopOpeBRep:privinclude:TopOpeBRep_ShapeIntersector2d.jxx /misc/dn61/LocalWOK/wok_entities/LOC/dev/CR0-OCCT691-7-CR0-OCCT691-occt-64/drv/TopOpeBRep/TopOpeBRep_ShapeIntersector2d.jxx
+M TopOpeBRep:privinclude:TopOpeBRep_ShapeIntersector2d.ixx /misc/dn61/LocalWOK/wok_entities/LOC/dev/CR0-OCCT691-7-CR0-OCCT691-occt-64/drv/TopOpeBRep/TopOpeBRep_ShapeIntersector2d.ixx
+M TopOpeBRep:pubinclude:TopOpeBRep_PointGeomTool.hxx /misc/dn61/LocalWOK/wok_entities/LOC/dev/CR0-OCCT691-7-CR0-OCCT691-occt-64/inc/TopOpeBRep_PointGeomTool.hxx
+M TopOpeBRep:privinclude:TopOpeBRep_PointGeomTool.jxx /misc/dn61/LocalWOK/wok_entities/LOC/dev/CR0-OCCT691-7-CR0-OCCT691-occt-64/drv/TopOpeBRep/TopOpeBRep_PointGeomTool.jxx
+M TopOpeBRep:privinclude:TopOpeBRep_PointGeomTool.ixx /misc/dn61/LocalWOK/wok_entities/LOC/dev/CR0-OCCT691-7-CR0-OCCT691-occt-64/drv/TopOpeBRep/TopOpeBRep_PointGeomTool.ixx
+M TopOpeBRep:pubinclude:TopOpeBRep_FFTransitionTool.hxx /misc/dn61/LocalWOK/wok_entities/LOC/dev/CR0-OCCT691-7-CR0-OCCT691-occt-64/inc/TopOpeBRep_FFTransitionTool.hxx
+M TopOpeBRep:privinclude:TopOpeBRep_FFTransitionTool.jxx /misc/dn61/LocalWOK/wok_entities/LOC/dev/CR0-OCCT691-7-CR0-OCCT691-occt-64/drv/TopOpeBRep/TopOpeBRep_FFTransitionTool.jxx
+M TopOpeBRep:privinclude:TopOpeBRep_FFTransitionTool.ixx /misc/dn61/LocalWOK/wok_entities/LOC/dev/CR0-OCCT691-7-CR0-OCCT691-occt-64/drv/TopOpeBRep/TopOpeBRep_FFTransitionTool.ixx
+M TopOpeBRep:pubinclude:TopOpeBRep_Bipoint.hxx /misc/dn61/LocalWOK/wok_entities/LOC/dev/CR0-OCCT691-7-CR0-OCCT691-occt-64/inc/TopOpeBRep_Bipoint.hxx
+M TopOpeBRep:privinclude:TopOpeBRep_Bipoint.jxx /misc/dn61/LocalWOK/wok_entities/LOC/dev/CR0-OCCT691-7-CR0-OCCT691-occt-64/drv/TopOpeBRep/TopOpeBRep_Bipoint.jxx
+M TopOpeBRep:privinclude:TopOpeBRep_Bipoint.ixx /misc/dn61/LocalWOK/wok_entities/LOC/dev/CR0-OCCT691-7-CR0-OCCT691-occt-64/drv/TopOpeBRep/TopOpeBRep_Bipoint.ixx
+M TopOpeBRep:pubinclude:TopOpeBRep_ListOfBipoint.hxx /misc/dn61/LocalWOK/wok_entities/LOC/dev/CR0-OCCT691-7-CR0-OCCT691-occt-64/inc/TopOpeBRep_ListOfBipoint.hxx
+M TopOpeBRep:derivated:TopOpeBRep_ListOfBipoint_0.cxx /misc/dn61/LocalWOK/wok_entities/LOC/dev/CR0-OCCT691-7-CR0-OCCT691-occt-64/drv/TopOpeBRep/TopOpeBRep_ListOfBipoint_0.cxx
+M TopOpeBRep:pubinclude:TopOpeBRep_FacesFiller.hxx /misc/dn61/LocalWOK/wok_entities/LOC/dev/CR0-OCCT691-7-CR0-OCCT691-occt-64/inc/TopOpeBRep_FacesFiller.hxx
+M TopOpeBRep:privinclude:TopOpeBRep_FacesFiller.jxx /misc/dn61/LocalWOK/wok_entities/LOC/dev/CR0-OCCT691-7-CR0-OCCT691-occt-64/drv/TopOpeBRep/TopOpeBRep_FacesFiller.jxx
+M TopOpeBRep:privinclude:TopOpeBRep_FacesFiller.ixx /misc/dn61/LocalWOK/wok_entities/LOC/dev/CR0-OCCT691-7-CR0-OCCT691-occt-64/drv/TopOpeBRep/TopOpeBRep_FacesFiller.ixx
+M TopOpeBRep:pubinclude:Handle_TopOpeBRep_FFDumper.hxx /misc/dn61/LocalWOK/wok_entities/LOC/dev/CR0-OCCT691-7-CR0-OCCT691-occt-64/inc/Handle_TopOpeBRep_FFDumper.hxx
+M TopOpeBRep:pubinclude:TopOpeBRep_FFDumper.hxx /misc/dn61/LocalWOK/wok_entities/LOC/dev/CR0-OCCT691-7-CR0-OCCT691-occt-64/inc/TopOpeBRep_FFDumper.hxx
+M TopOpeBRep:privinclude:TopOpeBRep_FFDumper.jxx /misc/dn61/LocalWOK/wok_entities/LOC/dev/CR0-OCCT691-7-CR0-OCCT691-occt-64/drv/TopOpeBRep/TopOpeBRep_FFDumper.jxx
+M TopOpeBRep:privinclude:TopOpeBRep_FFDumper.ixx /misc/dn61/LocalWOK/wok_entities/LOC/dev/CR0-OCCT691-7-CR0-OCCT691-occt-64/drv/TopOpeBRep/TopOpeBRep_FFDumper.ixx
+M TopOpeBRep:pubinclude:TopOpeBRep_EdgesFiller.hxx /misc/dn61/LocalWOK/wok_entities/LOC/dev/CR0-OCCT691-7-CR0-OCCT691-occt-64/inc/TopOpeBRep_EdgesFiller.hxx
+M TopOpeBRep:privinclude:TopOpeBRep_EdgesFiller.jxx /misc/dn61/LocalWOK/wok_entities/LOC/dev/CR0-OCCT691-7-CR0-OCCT691-occt-64/drv/TopOpeBRep/TopOpeBRep_EdgesFiller.jxx
+M TopOpeBRep:privinclude:TopOpeBRep_EdgesFiller.ixx /misc/dn61/LocalWOK/wok_entities/LOC/dev/CR0-OCCT691-7-CR0-OCCT691-occt-64/drv/TopOpeBRep/TopOpeBRep_EdgesFiller.ixx
+M TopOpeBRep:pubinclude:TopOpeBRep_FaceEdgeFiller.hxx /misc/dn61/LocalWOK/wok_entities/LOC/dev/CR0-OCCT691-7-CR0-OCCT691-occt-64/inc/TopOpeBRep_FaceEdgeFiller.hxx
+M TopOpeBRep:privinclude:TopOpeBRep_FaceEdgeFiller.jxx /misc/dn61/LocalWOK/wok_entities/LOC/dev/CR0-OCCT691-7-CR0-OCCT691-occt-64/drv/TopOpeBRep/TopOpeBRep_FaceEdgeFiller.jxx
+M TopOpeBRep:privinclude:TopOpeBRep_FaceEdgeFiller.ixx /misc/dn61/LocalWOK/wok_entities/LOC/dev/CR0-OCCT691-7-CR0-OCCT691-occt-64/drv/TopOpeBRep/TopOpeBRep_FaceEdgeFiller.ixx
+M TopOpeBRep:pubinclude:TopOpeBRep_DSFiller.hxx /misc/dn61/LocalWOK/wok_entities/LOC/dev/CR0-OCCT691-7-CR0-OCCT691-occt-64/inc/TopOpeBRep_DSFiller.hxx
+M TopOpeBRep:privinclude:TopOpeBRep_DSFiller.jxx /misc/dn61/LocalWOK/wok_entities/LOC/dev/CR0-OCCT691-7-CR0-OCCT691-occt-64/drv/TopOpeBRep/TopOpeBRep_DSFiller.jxx
+M TopOpeBRep:privinclude:TopOpeBRep_DSFiller.ixx /misc/dn61/LocalWOK/wok_entities/LOC/dev/CR0-OCCT691-7-CR0-OCCT691-occt-64/drv/TopOpeBRep/TopOpeBRep_DSFiller.ixx
+M TopOpeBRep:pubinclude:Handle_TopOpeBRep_DataMapNodeOfDataMapOfTopolTool.hxx /misc/dn61/LocalWOK/wok_entities/LOC/dev/CR0-OCCT691-7-CR0-OCCT691-occt-64/inc/Handle_TopOpeBRep_DataMapNodeOfDataMapOfTopolTool.hxx
+M TopOpeBRep:pubinclude:TopOpeBRep_DataMapNodeOfDataMapOfTopolTool.hxx /misc/dn61/LocalWOK/wok_entities/LOC/dev/CR0-OCCT691-7-CR0-OCCT691-occt-64/inc/TopOpeBRep_DataMapNodeOfDataMapOfTopolTool.hxx
+M TopOpeBRep:derivated:TopOpeBRep_DataMapNodeOfDataMapOfTopolTool_0.cxx /misc/dn61/LocalWOK/wok_entities/LOC/dev/CR0-OCCT691-7-CR0-OCCT691-occt-64/drv/TopOpeBRep/TopOpeBRep_DataMapNodeOfDataMapOfTopolTool_0.cxx
+M TopOpeBRep:pubinclude:TopOpeBRep_DataMapIteratorOfDataMapOfTopolTool.hxx /misc/dn61/LocalWOK/wok_entities/LOC/dev/CR0-OCCT691-7-CR0-OCCT691-occt-64/inc/TopOpeBRep_DataMapIteratorOfDataMapOfTopolTool.hxx
+M TopOpeBRep:derivated:TopOpeBRep_DataMapIteratorOfDataMapOfTopolTool_0.cxx /misc/dn61/LocalWOK/wok_entities/LOC/dev/CR0-OCCT691-7-CR0-OCCT691-occt-64/drv/TopOpeBRep/TopOpeBRep_DataMapIteratorOfDataMapOfTopolTool_0.cxx
+M TopOpeBRep:pubinclude:Handle_TopOpeBRep_SequenceNodeOfSequenceOfPoint2d.hxx /misc/dn61/LocalWOK/wok_entities/LOC/dev/CR0-OCCT691-7-CR0-OCCT691-occt-64/inc/Handle_TopOpeBRep_SequenceNodeOfSequenceOfPoint2d.hxx
+M TopOpeBRep:pubinclude:TopOpeBRep_SequenceNodeOfSequenceOfPoint2d.hxx /misc/dn61/LocalWOK/wok_entities/LOC/dev/CR0-OCCT691-7-CR0-OCCT691-occt-64/inc/TopOpeBRep_SequenceNodeOfSequenceOfPoint2d.hxx
+M TopOpeBRep:derivated:TopOpeBRep_SequenceNodeOfSequenceOfPoint2d_0.cxx /misc/dn61/LocalWOK/wok_entities/LOC/dev/CR0-OCCT691-7-CR0-OCCT691-occt-64/drv/TopOpeBRep/TopOpeBRep_SequenceNodeOfSequenceOfPoint2d_0.cxx
+M TopOpeBRep:pubinclude:Handle_TopOpeBRep_ListNodeOfListOfBipoint.hxx /misc/dn61/LocalWOK/wok_entities/LOC/dev/CR0-OCCT691-7-CR0-OCCT691-occt-64/inc/Handle_TopOpeBRep_ListNodeOfListOfBipoint.hxx
+M TopOpeBRep:pubinclude:TopOpeBRep_ListNodeOfListOfBipoint.hxx /misc/dn61/LocalWOK/wok_entities/LOC/dev/CR0-OCCT691-7-CR0-OCCT691-occt-64/inc/TopOpeBRep_ListNodeOfListOfBipoint.hxx
+M TopOpeBRep:derivated:TopOpeBRep_ListNodeOfListOfBipoint_0.cxx /misc/dn61/LocalWOK/wok_entities/LOC/dev/CR0-OCCT691-7-CR0-OCCT691-occt-64/drv/TopOpeBRep/TopOpeBRep_ListNodeOfListOfBipoint_0.cxx
+M TopOpeBRep:pubinclude:TopOpeBRep_ListIteratorOfListOfBipoint.hxx /misc/dn61/LocalWOK/wok_entities/LOC/dev/CR0-OCCT691-7-CR0-OCCT691-occt-64/inc/TopOpeBRep_ListIteratorOfListOfBipoint.hxx
+M TopOpeBRep:derivated:TopOpeBRep_ListIteratorOfListOfBipoint_0.cxx /misc/dn61/LocalWOK/wok_entities/LOC/dev/CR0-OCCT691-7-CR0-OCCT691-occt-64/drv/TopOpeBRep/TopOpeBRep_ListIteratorOfListOfBipoint_0.cxx
+M TopOpeBRep:pubinclude:TopOpeBRep_TypeLineCurve.hxx /misc/dn61/LocalWOK/wok_entities/LOC/dev/CR0-OCCT691-7-CR0-OCCT691-occt-64/inc/TopOpeBRep_TypeLineCurve.hxx
+M TopOpeBRep:pubinclude:TopOpeBRep_P2Dstatus.hxx /misc/dn61/LocalWOK/wok_entities/LOC/dev/CR0-OCCT691-7-CR0-OCCT691-occt-64/inc/TopOpeBRep_P2Dstatus.hxx
+M TopOpeBRep:pubinclude:TopOpeBRep_PThePointOfIntersection.hxx /misc/dn61/LocalWOK/wok_entities/LOC/dev/CR0-OCCT691-7-CR0-OCCT691-occt-64/inc/TopOpeBRep_PThePointOfIntersection.hxx
+M TopOpeBRep:pubinclude:TopOpeBRep_PPntOn2S.hxx /misc/dn61/LocalWOK/wok_entities/LOC/dev/CR0-OCCT691-7-CR0-OCCT691-occt-64/inc/TopOpeBRep_PPntOn2S.hxx
+M TopOpeBRep:pubinclude:TopOpeBRep_PLineInter.hxx /misc/dn61/LocalWOK/wok_entities/LOC/dev/CR0-OCCT691-7-CR0-OCCT691-occt-64/inc/TopOpeBRep_PLineInter.hxx
+M TopOpeBRep:pubinclude:TopOpeBRep_PIntRes2d_IntersectionPoint.hxx /misc/dn61/LocalWOK/wok_entities/LOC/dev/CR0-OCCT691-7-CR0-OCCT691-occt-64/inc/TopOpeBRep_PIntRes2d_IntersectionPoint.hxx
+M TopOpeBRep:pubinclude:TopOpeBRep_PFacesIntersector.hxx /misc/dn61/LocalWOK/wok_entities/LOC/dev/CR0-OCCT691-7-CR0-OCCT691-occt-64/inc/TopOpeBRep_PFacesIntersector.hxx
+M TopOpeBRep:pubinclude:TopOpeBRep_PEdgesIntersector.hxx /misc/dn61/LocalWOK/wok_entities/LOC/dev/CR0-OCCT691-7-CR0-OCCT691-occt-64/inc/TopOpeBRep_PEdgesIntersector.hxx
+M TopOpeBRep:pubinclude:TopOpeBRep_PFacesFiller.hxx /misc/dn61/LocalWOK/wok_entities/LOC/dev/CR0-OCCT691-7-CR0-OCCT691-occt-64/inc/TopOpeBRep_PFacesFiller.hxx
+M TopOpeBRep:dbadmfile:TopOpeBRep_xcpp_header.In /misc/dn61/LocalWOK/wok_entities/LOC/dev/CR0-OCCT691-7-CR0-OCCT691-occt-64/drv/TopOpeBRep/.adm/TopOpeBRep_xcpp_header.In
+M TopOpeBRep:dbadmfile:TopOpeBRep_xcpp_header.Out /misc/dn61/LocalWOK/wok_entities/LOC/dev/CR0-OCCT691-7-CR0-OCCT691-occt-64/drv/TopOpeBRep/.adm/TopOpeBRep_xcpp_header.Out
+M TopOpeBRep:dbadmfile:TopOpeBRep_xcpp_header.Dep /misc/dn61/LocalWOK/wok_entities/LOC/dev/CR0-OCCT691-7-CR0-OCCT691-occt-64/drv/TopOpeBRep/.adm/TopOpeBRep_xcpp_header.Dep
