+M BRepExtrema:pubinclude:BRepExtrema_DistanceSS.hxx /misc/dn61/LocalWOK/wok_entities/LOC/dev/CR0-OCCT691-7-CR0-OCCT691-occt-64/inc/BRepExtrema_DistanceSS.hxx
+M BRepExtrema:pubinclude:BRepExtrema_DistShapeShape.hxx /misc/dn61/LocalWOK/wok_entities/LOC/dev/CR0-OCCT691-7-CR0-OCCT691-occt-64/inc/BRepExtrema_DistShapeShape.hxx
+M BRepExtrema:pubinclude:BRepExtrema_ExtCC.hxx /misc/dn61/LocalWOK/wok_entities/LOC/dev/CR0-OCCT691-7-CR0-OCCT691-occt-64/inc/BRepExtrema_ExtCC.hxx
+M BRepExtrema:pubinclude:BRepExtrema_ExtCF.hxx /misc/dn61/LocalWOK/wok_entities/LOC/dev/CR0-OCCT691-7-CR0-OCCT691-occt-64/inc/BRepExtrema_ExtCF.hxx
+M BRepExtrema:pubinclude:BRepExtrema_ExtFF.hxx /misc/dn61/LocalWOK/wok_entities/LOC/dev/CR0-OCCT691-7-CR0-OCCT691-occt-64/inc/BRepExtrema_ExtFF.hxx
+M BRepExtrema:pubinclude:BRepExtrema_ExtPC.hxx /misc/dn61/LocalWOK/wok_entities/LOC/dev/CR0-OCCT691-7-CR0-OCCT691-occt-64/inc/BRepExtrema_ExtPC.hxx
+M BRepExtrema:pubinclude:BRepExtrema_ExtPF.hxx /misc/dn61/LocalWOK/wok_entities/LOC/dev/CR0-OCCT691-7-CR0-OCCT691-occt-64/inc/BRepExtrema_ExtPF.hxx
+M BRepExtrema:pubinclude:BRepExtrema_Poly.hxx /misc/dn61/LocalWOK/wok_entities/LOC/dev/CR0-OCCT691-7-CR0-OCCT691-occt-64/inc/BRepExtrema_Poly.hxx
+M BRepExtrema:pubinclude:BRepExtrema_SeqOfSolution.hxx /misc/dn61/LocalWOK/wok_entities/LOC/dev/CR0-OCCT691-7-CR0-OCCT691-occt-64/inc/BRepExtrema_SeqOfSolution.hxx
+M BRepExtrema:pubinclude:BRepExtrema_SolutionElem.hxx /misc/dn61/LocalWOK/wok_entities/LOC/dev/CR0-OCCT691-7-CR0-OCCT691-occt-64/inc/BRepExtrema_SolutionElem.hxx
+M BRepExtrema:pubinclude:BRepExtrema_SupportType.hxx /misc/dn61/LocalWOK/wok_entities/LOC/dev/CR0-OCCT691-7-CR0-OCCT691-occt-64/inc/BRepExtrema_SupportType.hxx
+M BRepExtrema:pubinclude:BRepExtrema_TriangleSet.hxx /misc/dn61/LocalWOK/wok_entities/LOC/dev/CR0-OCCT691-7-CR0-OCCT691-occt-64/inc/BRepExtrema_TriangleSet.hxx
+M BRepExtrema:pubinclude:BRepExtrema_OverlapTool.hxx /misc/dn61/LocalWOK/wok_entities/LOC/dev/CR0-OCCT691-7-CR0-OCCT691-occt-64/inc/BRepExtrema_OverlapTool.hxx
+M BRepExtrema:pubinclude:BRepExtrema_ElementFilter.hxx /misc/dn61/LocalWOK/wok_entities/LOC/dev/CR0-OCCT691-7-CR0-OCCT691-occt-64/inc/BRepExtrema_ElementFilter.hxx
+M BRepExtrema:pubinclude:BRepExtrema_ShapeProximity.hxx /misc/dn61/LocalWOK/wok_entities/LOC/dev/CR0-OCCT691-7-CR0-OCCT691-occt-64/inc/BRepExtrema_ShapeProximity.hxx
+M BRepExtrema:pubinclude:BRepExtrema_SelfIntersection.hxx /misc/dn61/LocalWOK/wok_entities/LOC/dev/CR0-OCCT691-7-CR0-OCCT691-occt-64/inc/BRepExtrema_SelfIntersection.hxx
+M BRepExtrema:pubinclude:BRepExtrema_MapOfIntegerPackedMapOfInteger.hxx /misc/dn61/LocalWOK/wok_entities/LOC/dev/CR0-OCCT691-7-CR0-OCCT691-occt-64/inc/BRepExtrema_MapOfIntegerPackedMapOfInteger.hxx
+M BRepExtrema:dbadmfile:BRepExtrema_obj_inc.In /misc/dn61/LocalWOK/wok_entities/LOC/dev/CR0-OCCT691-7-CR0-OCCT691-occt-64/drv/BRepExtrema/.adm/BRepExtrema_obj_inc.In
+M BRepExtrema:dbadmfile:BRepExtrema_obj_inc.Out /misc/dn61/LocalWOK/wok_entities/LOC/dev/CR0-OCCT691-7-CR0-OCCT691-occt-64/drv/BRepExtrema/.adm/BRepExtrema_obj_inc.Out
+M BRepExtrema:dbadmfile:BRepExtrema_obj_inc.Dep /misc/dn61/LocalWOK/wok_entities/LOC/dev/CR0-OCCT691-7-CR0-OCCT691-occt-64/drv/BRepExtrema/.adm/BRepExtrema_obj_inc.Dep
