+M GeomFill:pubinclude:GeomFill.hxx /misc/dn61/LocalWOK/wok_entities/LOC/dev/CR0-OCCT691-7-CR0-OCCT691-occt-64/inc/GeomFill.hxx
+M GeomFill:privinclude:GeomFill.jxx /misc/dn61/LocalWOK/wok_entities/LOC/dev/CR0-OCCT691-7-CR0-OCCT691-occt-64/drv/GeomFill/GeomFill.jxx
+M GeomFill:privinclude:GeomFill.ixx /misc/dn61/LocalWOK/wok_entities/LOC/dev/CR0-OCCT691-7-CR0-OCCT691-occt-64/drv/GeomFill/GeomFill.ixx
+M GeomFill:pubinclude:GeomFill_Filling.hxx /misc/dn61/LocalWOK/wok_entities/LOC/dev/CR0-OCCT691-7-CR0-OCCT691-occt-64/inc/GeomFill_Filling.hxx
+M GeomFill:privinclude:GeomFill_Filling.jxx /misc/dn61/LocalWOK/wok_entities/LOC/dev/CR0-OCCT691-7-CR0-OCCT691-occt-64/drv/GeomFill/GeomFill_Filling.jxx
+M GeomFill:privinclude:GeomFill_Filling.ixx /misc/dn61/LocalWOK/wok_entities/LOC/dev/CR0-OCCT691-7-CR0-OCCT691-occt-64/drv/GeomFill/GeomFill_Filling.ixx
+M GeomFill:pubinclude:GeomFill_Stretch.hxx /misc/dn61/LocalWOK/wok_entities/LOC/dev/CR0-OCCT691-7-CR0-OCCT691-occt-64/inc/GeomFill_Stretch.hxx
+M GeomFill:privinclude:GeomFill_Stretch.jxx /misc/dn61/LocalWOK/wok_entities/LOC/dev/CR0-OCCT691-7-CR0-OCCT691-occt-64/drv/GeomFill/GeomFill_Stretch.jxx
+M GeomFill:privinclude:GeomFill_Stretch.ixx /misc/dn61/LocalWOK/wok_entities/LOC/dev/CR0-OCCT691-7-CR0-OCCT691-occt-64/drv/GeomFill/GeomFill_Stretch.ixx
+M GeomFill:pubinclude:GeomFill_Coons.hxx /misc/dn61/LocalWOK/wok_entities/LOC/dev/CR0-OCCT691-7-CR0-OCCT691-occt-64/inc/GeomFill_Coons.hxx
+M GeomFill:privinclude:GeomFill_Coons.jxx /misc/dn61/LocalWOK/wok_entities/LOC/dev/CR0-OCCT691-7-CR0-OCCT691-occt-64/drv/GeomFill/GeomFill_Coons.jxx
+M GeomFill:privinclude:GeomFill_Coons.ixx /misc/dn61/LocalWOK/wok_entities/LOC/dev/CR0-OCCT691-7-CR0-OCCT691-occt-64/drv/GeomFill/GeomFill_Coons.ixx
+M GeomFill:pubinclude:GeomFill_Curved.hxx /misc/dn61/LocalWOK/wok_entities/LOC/dev/CR0-OCCT691-7-CR0-OCCT691-occt-64/inc/GeomFill_Curved.hxx
+M GeomFill:privinclude:GeomFill_Curved.jxx /misc/dn61/LocalWOK/wok_entities/LOC/dev/CR0-OCCT691-7-CR0-OCCT691-occt-64/drv/GeomFill/GeomFill_Curved.jxx
+M GeomFill:privinclude:GeomFill_Curved.ixx /misc/dn61/LocalWOK/wok_entities/LOC/dev/CR0-OCCT691-7-CR0-OCCT691-occt-64/drv/GeomFill/GeomFill_Curved.ixx
+M GeomFill:pubinclude:GeomFill_BezierCurves.hxx /misc/dn61/LocalWOK/wok_entities/LOC/dev/CR0-OCCT691-7-CR0-OCCT691-occt-64/inc/GeomFill_BezierCurves.hxx
+M GeomFill:privinclude:GeomFill_BezierCurves.jxx /misc/dn61/LocalWOK/wok_entities/LOC/dev/CR0-OCCT691-7-CR0-OCCT691-occt-64/drv/GeomFill/GeomFill_BezierCurves.jxx
+M GeomFill:privinclude:GeomFill_BezierCurves.ixx /misc/dn61/LocalWOK/wok_entities/LOC/dev/CR0-OCCT691-7-CR0-OCCT691-occt-64/drv/GeomFill/GeomFill_BezierCurves.ixx
+M GeomFill:pubinclude:GeomFill_BSplineCurves.hxx /misc/dn61/LocalWOK/wok_entities/LOC/dev/CR0-OCCT691-7-CR0-OCCT691-occt-64/inc/GeomFill_BSplineCurves.hxx
+M GeomFill:privinclude:GeomFill_BSplineCurves.jxx /misc/dn61/LocalWOK/wok_entities/LOC/dev/CR0-OCCT691-7-CR0-OCCT691-occt-64/drv/GeomFill/GeomFill_BSplineCurves.jxx
+M GeomFill:privinclude:GeomFill_BSplineCurves.ixx /misc/dn61/LocalWOK/wok_entities/LOC/dev/CR0-OCCT691-7-CR0-OCCT691-occt-64/drv/GeomFill/GeomFill_BSplineCurves.ixx
+M GeomFill:pubinclude:GeomFill_Profiler.hxx /misc/dn61/LocalWOK/wok_entities/LOC/dev/CR0-OCCT691-7-CR0-OCCT691-occt-64/inc/GeomFill_Profiler.hxx
+M GeomFill:privinclude:GeomFill_Profiler.jxx /misc/dn61/LocalWOK/wok_entities/LOC/dev/CR0-OCCT691-7-CR0-OCCT691-occt-64/drv/GeomFill/GeomFill_Profiler.jxx
+M GeomFill:privinclude:GeomFill_Profiler.ixx /misc/dn61/LocalWOK/wok_entities/LOC/dev/CR0-OCCT691-7-CR0-OCCT691-occt-64/drv/GeomFill/GeomFill_Profiler.ixx
+M GeomFill:pubinclude:GeomFill_SectionGenerator.hxx /misc/dn61/LocalWOK/wok_entities/LOC/dev/CR0-OCCT691-7-CR0-OCCT691-occt-64/inc/GeomFill_SectionGenerator.hxx
+M GeomFill:privinclude:GeomFill_SectionGenerator.jxx /misc/dn61/LocalWOK/wok_entities/LOC/dev/CR0-OCCT691-7-CR0-OCCT691-occt-64/drv/GeomFill/GeomFill_SectionGenerator.jxx
+M GeomFill:privinclude:GeomFill_SectionGenerator.ixx /misc/dn61/LocalWOK/wok_entities/LOC/dev/CR0-OCCT691-7-CR0-OCCT691-occt-64/drv/GeomFill/GeomFill_SectionGenerator.ixx
+M GeomFill:pubinclude:Handle_GeomFill_Line.hxx /misc/dn61/LocalWOK/wok_entities/LOC/dev/CR0-OCCT691-7-CR0-OCCT691-occt-64/inc/Handle_GeomFill_Line.hxx
+M GeomFill:pubinclude:GeomFill_Line.hxx /misc/dn61/LocalWOK/wok_entities/LOC/dev/CR0-OCCT691-7-CR0-OCCT691-occt-64/inc/GeomFill_Line.hxx
+M GeomFill:privinclude:GeomFill_Line.jxx /misc/dn61/LocalWOK/wok_entities/LOC/dev/CR0-OCCT691-7-CR0-OCCT691-occt-64/drv/GeomFill/GeomFill_Line.jxx
+M GeomFill:privinclude:GeomFill_Line.ixx /misc/dn61/LocalWOK/wok_entities/LOC/dev/CR0-OCCT691-7-CR0-OCCT691-occt-64/drv/GeomFill/GeomFill_Line.ixx
+M GeomFill:pubinclude:GeomFill_AppSurf.hxx /misc/dn61/LocalWOK/wok_entities/LOC/dev/CR0-OCCT691-7-CR0-OCCT691-occt-64/inc/GeomFill_AppSurf.hxx
+M GeomFill:derivated:GeomFill_AppSurf_0.cxx /misc/dn61/LocalWOK/wok_entities/LOC/dev/CR0-OCCT691-7-CR0-OCCT691-occt-64/drv/GeomFill/GeomFill_AppSurf_0.cxx
+M GeomFill:pubinclude:GeomFill_SweepSectionGenerator.hxx /misc/dn61/LocalWOK/wok_entities/LOC/dev/CR0-OCCT691-7-CR0-OCCT691-occt-64/inc/GeomFill_SweepSectionGenerator.hxx
+M GeomFill:privinclude:GeomFill_SweepSectionGenerator.jxx /misc/dn61/LocalWOK/wok_entities/LOC/dev/CR0-OCCT691-7-CR0-OCCT691-occt-64/drv/GeomFill/GeomFill_SweepSectionGenerator.jxx
+M GeomFill:privinclude:GeomFill_SweepSectionGenerator.ixx /misc/dn61/LocalWOK/wok_entities/LOC/dev/CR0-OCCT691-7-CR0-OCCT691-occt-64/drv/GeomFill/GeomFill_SweepSectionGenerator.ixx
+M GeomFill:pubinclude:GeomFill_AppSweep.hxx /misc/dn61/LocalWOK/wok_entities/LOC/dev/CR0-OCCT691-7-CR0-OCCT691-occt-64/inc/GeomFill_AppSweep.hxx
+M GeomFill:derivated:GeomFill_AppSweep_0.cxx /misc/dn61/LocalWOK/wok_entities/LOC/dev/CR0-OCCT691-7-CR0-OCCT691-occt-64/drv/GeomFill/GeomFill_AppSweep_0.cxx
+M GeomFill:pubinclude:GeomFill_Generator.hxx /misc/dn61/LocalWOK/wok_entities/LOC/dev/CR0-OCCT691-7-CR0-OCCT691-occt-64/inc/GeomFill_Generator.hxx
+M GeomFill:privinclude:GeomFill_Generator.jxx /misc/dn61/LocalWOK/wok_entities/LOC/dev/CR0-OCCT691-7-CR0-OCCT691-occt-64/drv/GeomFill/GeomFill_Generator.jxx
+M GeomFill:privinclude:GeomFill_Generator.ixx /misc/dn61/LocalWOK/wok_entities/LOC/dev/CR0-OCCT691-7-CR0-OCCT691-occt-64/drv/GeomFill/GeomFill_Generator.ixx
+M GeomFill:pubinclude:GeomFill_Pipe.hxx /misc/dn61/LocalWOK/wok_entities/LOC/dev/CR0-OCCT691-7-CR0-OCCT691-occt-64/inc/GeomFill_Pipe.hxx
+M GeomFill:privinclude:GeomFill_Pipe.jxx /misc/dn61/LocalWOK/wok_entities/LOC/dev/CR0-OCCT691-7-CR0-OCCT691-occt-64/drv/GeomFill/GeomFill_Pipe.jxx
+M GeomFill:privinclude:GeomFill_Pipe.ixx /misc/dn61/LocalWOK/wok_entities/LOC/dev/CR0-OCCT691-7-CR0-OCCT691-occt-64/drv/GeomFill/GeomFill_Pipe.ixx
+M GeomFill:pubinclude:GeomFill_Tensor.hxx /misc/dn61/LocalWOK/wok_entities/LOC/dev/CR0-OCCT691-7-CR0-OCCT691-occt-64/inc/GeomFill_Tensor.hxx
+M GeomFill:privinclude:GeomFill_Tensor.jxx /misc/dn61/LocalWOK/wok_entities/LOC/dev/CR0-OCCT691-7-CR0-OCCT691-occt-64/drv/GeomFill/GeomFill_Tensor.jxx
+M GeomFill:privinclude:GeomFill_Tensor.ixx /misc/dn61/LocalWOK/wok_entities/LOC/dev/CR0-OCCT691-7-CR0-OCCT691-occt-64/drv/GeomFill/GeomFill_Tensor.ixx
+M GeomFill:pubinclude:GeomFill_ConstrainedFilling.hxx /misc/dn61/LocalWOK/wok_entities/LOC/dev/CR0-OCCT691-7-CR0-OCCT691-occt-64/inc/GeomFill_ConstrainedFilling.hxx
+M GeomFill:privinclude:GeomFill_ConstrainedFilling.jxx /misc/dn61/LocalWOK/wok_entities/LOC/dev/CR0-OCCT691-7-CR0-OCCT691-occt-64/drv/GeomFill/GeomFill_ConstrainedFilling.jxx
+M GeomFill:privinclude:GeomFill_ConstrainedFilling.ixx /misc/dn61/LocalWOK/wok_entities/LOC/dev/CR0-OCCT691-7-CR0-OCCT691-occt-64/drv/GeomFill/GeomFill_ConstrainedFilling.ixx
+M GeomFill:pubinclude:Handle_GeomFill_Boundary.hxx /misc/dn61/LocalWOK/wok_entities/LOC/dev/CR0-OCCT691-7-CR0-OCCT691-occt-64/inc/Handle_GeomFill_Boundary.hxx
+M GeomFill:pubinclude:GeomFill_Boundary.hxx /misc/dn61/LocalWOK/wok_entities/LOC/dev/CR0-OCCT691-7-CR0-OCCT691-occt-64/inc/GeomFill_Boundary.hxx
+M GeomFill:privinclude:GeomFill_Boundary.jxx /misc/dn61/LocalWOK/wok_entities/LOC/dev/CR0-OCCT691-7-CR0-OCCT691-occt-64/drv/GeomFill/GeomFill_Boundary.jxx
+M GeomFill:privinclude:GeomFill_Boundary.ixx /misc/dn61/LocalWOK/wok_entities/LOC/dev/CR0-OCCT691-7-CR0-OCCT691-occt-64/drv/GeomFill/GeomFill_Boundary.ixx
+M GeomFill:pubinclude:Handle_GeomFill_DegeneratedBound.hxx /misc/dn61/LocalWOK/wok_entities/LOC/dev/CR0-OCCT691-7-CR0-OCCT691-occt-64/inc/Handle_GeomFill_DegeneratedBound.hxx
+M GeomFill:pubinclude:GeomFill_DegeneratedBound.hxx /misc/dn61/LocalWOK/wok_entities/LOC/dev/CR0-OCCT691-7-CR0-OCCT691-occt-64/inc/GeomFill_DegeneratedBound.hxx
+M GeomFill:privinclude:GeomFill_DegeneratedBound.jxx /misc/dn61/LocalWOK/wok_entities/LOC/dev/CR0-OCCT691-7-CR0-OCCT691-occt-64/drv/GeomFill/GeomFill_DegeneratedBound.jxx
+M GeomFill:privinclude:GeomFill_DegeneratedBound.ixx /misc/dn61/LocalWOK/wok_entities/LOC/dev/CR0-OCCT691-7-CR0-OCCT691-occt-64/drv/GeomFill/GeomFill_DegeneratedBound.ixx
+M GeomFill:pubinclude:Handle_GeomFill_SimpleBound.hxx /misc/dn61/LocalWOK/wok_entities/LOC/dev/CR0-OCCT691-7-CR0-OCCT691-occt-64/inc/Handle_GeomFill_SimpleBound.hxx
+M GeomFill:pubinclude:GeomFill_SimpleBound.hxx /misc/dn61/LocalWOK/wok_entities/LOC/dev/CR0-OCCT691-7-CR0-OCCT691-occt-64/inc/GeomFill_SimpleBound.hxx
+M GeomFill:privinclude:GeomFill_SimpleBound.jxx /misc/dn61/LocalWOK/wok_entities/LOC/dev/CR0-OCCT691-7-CR0-OCCT691-occt-64/drv/GeomFill/GeomFill_SimpleBound.jxx
+M GeomFill:privinclude:GeomFill_SimpleBound.ixx /misc/dn61/LocalWOK/wok_entities/LOC/dev/CR0-OCCT691-7-CR0-OCCT691-occt-64/drv/GeomFill/GeomFill_SimpleBound.ixx
+M GeomFill:pubinclude:Handle_GeomFill_BoundWithSurf.hxx /misc/dn61/LocalWOK/wok_entities/LOC/dev/CR0-OCCT691-7-CR0-OCCT691-occt-64/inc/Handle_GeomFill_BoundWithSurf.hxx
+M GeomFill:pubinclude:GeomFill_BoundWithSurf.hxx /misc/dn61/LocalWOK/wok_entities/LOC/dev/CR0-OCCT691-7-CR0-OCCT691-occt-64/inc/GeomFill_BoundWithSurf.hxx
+M GeomFill:privinclude:GeomFill_BoundWithSurf.jxx /misc/dn61/LocalWOK/wok_entities/LOC/dev/CR0-OCCT691-7-CR0-OCCT691-occt-64/drv/GeomFill/GeomFill_BoundWithSurf.jxx
+M GeomFill:privinclude:GeomFill_BoundWithSurf.ixx /misc/dn61/LocalWOK/wok_entities/LOC/dev/CR0-OCCT691-7-CR0-OCCT691-occt-64/drv/GeomFill/GeomFill_BoundWithSurf.ixx
+M GeomFill:pubinclude:Handle_GeomFill_CoonsAlgPatch.hxx /misc/dn61/LocalWOK/wok_entities/LOC/dev/CR0-OCCT691-7-CR0-OCCT691-occt-64/inc/Handle_GeomFill_CoonsAlgPatch.hxx
+M GeomFill:pubinclude:GeomFill_CoonsAlgPatch.hxx /misc/dn61/LocalWOK/wok_entities/LOC/dev/CR0-OCCT691-7-CR0-OCCT691-occt-64/inc/GeomFill_CoonsAlgPatch.hxx
+M GeomFill:privinclude:GeomFill_CoonsAlgPatch.jxx /misc/dn61/LocalWOK/wok_entities/LOC/dev/CR0-OCCT691-7-CR0-OCCT691-occt-64/drv/GeomFill/GeomFill_CoonsAlgPatch.jxx
+M GeomFill:privinclude:GeomFill_CoonsAlgPatch.ixx /misc/dn61/LocalWOK/wok_entities/LOC/dev/CR0-OCCT691-7-CR0-OCCT691-occt-64/drv/GeomFill/GeomFill_CoonsAlgPatch.ixx
+M GeomFill:pubinclude:Handle_GeomFill_TgtField.hxx /misc/dn61/LocalWOK/wok_entities/LOC/dev/CR0-OCCT691-7-CR0-OCCT691-occt-64/inc/Handle_GeomFill_TgtField.hxx
+M GeomFill:pubinclude:GeomFill_TgtField.hxx /misc/dn61/LocalWOK/wok_entities/LOC/dev/CR0-OCCT691-7-CR0-OCCT691-occt-64/inc/GeomFill_TgtField.hxx
+M GeomFill:privinclude:GeomFill_TgtField.jxx /misc/dn61/LocalWOK/wok_entities/LOC/dev/CR0-OCCT691-7-CR0-OCCT691-occt-64/drv/GeomFill/GeomFill_TgtField.jxx
+M GeomFill:privinclude:GeomFill_TgtField.ixx /misc/dn61/LocalWOK/wok_entities/LOC/dev/CR0-OCCT691-7-CR0-OCCT691-occt-64/drv/GeomFill/GeomFill_TgtField.ixx
+M GeomFill:pubinclude:Handle_GeomFill_TgtOnCoons.hxx /misc/dn61/LocalWOK/wok_entities/LOC/dev/CR0-OCCT691-7-CR0-OCCT691-occt-64/inc/Handle_GeomFill_TgtOnCoons.hxx
+M GeomFill:pubinclude:GeomFill_TgtOnCoons.hxx /misc/dn61/LocalWOK/wok_entities/LOC/dev/CR0-OCCT691-7-CR0-OCCT691-occt-64/inc/GeomFill_TgtOnCoons.hxx
+M GeomFill:privinclude:GeomFill_TgtOnCoons.jxx /misc/dn61/LocalWOK/wok_entities/LOC/dev/CR0-OCCT691-7-CR0-OCCT691-occt-64/drv/GeomFill/GeomFill_TgtOnCoons.jxx
+M GeomFill:privinclude:GeomFill_TgtOnCoons.ixx /misc/dn61/LocalWOK/wok_entities/LOC/dev/CR0-OCCT691-7-CR0-OCCT691-occt-64/drv/GeomFill/GeomFill_TgtOnCoons.ixx
+M GeomFill:pubinclude:GeomFill_CornerState.hxx /misc/dn61/LocalWOK/wok_entities/LOC/dev/CR0-OCCT691-7-CR0-OCCT691-occt-64/inc/GeomFill_CornerState.hxx
+M GeomFill:privinclude:GeomFill_CornerState.jxx /misc/dn61/LocalWOK/wok_entities/LOC/dev/CR0-OCCT691-7-CR0-OCCT691-occt-64/drv/GeomFill/GeomFill_CornerState.jxx
+M GeomFill:privinclude:GeomFill_CornerState.ixx /misc/dn61/LocalWOK/wok_entities/LOC/dev/CR0-OCCT691-7-CR0-OCCT691-occt-64/drv/GeomFill/GeomFill_CornerState.ixx
+M GeomFill:pubinclude:GeomFill_SequenceOfTrsf.hxx /misc/dn61/LocalWOK/wok_entities/LOC/dev/CR0-OCCT691-7-CR0-OCCT691-occt-64/inc/GeomFill_SequenceOfTrsf.hxx
+M GeomFill:derivated:GeomFill_SequenceOfTrsf_0.cxx /misc/dn61/LocalWOK/wok_entities/LOC/dev/CR0-OCCT691-7-CR0-OCCT691-occt-64/drv/GeomFill/GeomFill_SequenceOfTrsf_0.cxx
+M GeomFill:pubinclude:GeomFill_SequenceOfAx2.hxx /misc/dn61/LocalWOK/wok_entities/LOC/dev/CR0-OCCT691-7-CR0-OCCT691-occt-64/inc/GeomFill_SequenceOfAx2.hxx
+M GeomFill:derivated:GeomFill_SequenceOfAx2_0.cxx /misc/dn61/LocalWOK/wok_entities/LOC/dev/CR0-OCCT691-7-CR0-OCCT691-occt-64/drv/GeomFill/GeomFill_SequenceOfAx2_0.cxx
+M GeomFill:pubinclude:Handle_GeomFill_HSequenceOfAx2.hxx /misc/dn61/LocalWOK/wok_entities/LOC/dev/CR0-OCCT691-7-CR0-OCCT691-occt-64/inc/Handle_GeomFill_HSequenceOfAx2.hxx
+M GeomFill:pubinclude:GeomFill_HSequenceOfAx2.hxx /misc/dn61/LocalWOK/wok_entities/LOC/dev/CR0-OCCT691-7-CR0-OCCT691-occt-64/inc/GeomFill_HSequenceOfAx2.hxx
+M GeomFill:derivated:GeomFill_HSequenceOfAx2_0.cxx /misc/dn61/LocalWOK/wok_entities/LOC/dev/CR0-OCCT691-7-CR0-OCCT691-occt-64/drv/GeomFill/GeomFill_HSequenceOfAx2_0.cxx
+M GeomFill:pubinclude:Handle_GeomFill_CircularBlendFunc.hxx /misc/dn61/LocalWOK/wok_entities/LOC/dev/CR0-OCCT691-7-CR0-OCCT691-occt-64/inc/Handle_GeomFill_CircularBlendFunc.hxx
+M GeomFill:pubinclude:GeomFill_CircularBlendFunc.hxx /misc/dn61/LocalWOK/wok_entities/LOC/dev/CR0-OCCT691-7-CR0-OCCT691-occt-64/inc/GeomFill_CircularBlendFunc.hxx
+M GeomFill:privinclude:GeomFill_CircularBlendFunc.jxx /misc/dn61/LocalWOK/wok_entities/LOC/dev/CR0-OCCT691-7-CR0-OCCT691-occt-64/drv/GeomFill/GeomFill_CircularBlendFunc.jxx
+M GeomFill:privinclude:GeomFill_CircularBlendFunc.ixx /misc/dn61/LocalWOK/wok_entities/LOC/dev/CR0-OCCT691-7-CR0-OCCT691-occt-64/drv/GeomFill/GeomFill_CircularBlendFunc.ixx
+M GeomFill:pubinclude:Handle_GeomFill_SweepFunction.hxx /misc/dn61/LocalWOK/wok_entities/LOC/dev/CR0-OCCT691-7-CR0-OCCT691-occt-64/inc/Handle_GeomFill_SweepFunction.hxx
+M GeomFill:pubinclude:GeomFill_SweepFunction.hxx /misc/dn61/LocalWOK/wok_entities/LOC/dev/CR0-OCCT691-7-CR0-OCCT691-occt-64/inc/GeomFill_SweepFunction.hxx
+M GeomFill:privinclude:GeomFill_SweepFunction.jxx /misc/dn61/LocalWOK/wok_entities/LOC/dev/CR0-OCCT691-7-CR0-OCCT691-occt-64/drv/GeomFill/GeomFill_SweepFunction.jxx
+M GeomFill:privinclude:GeomFill_SweepFunction.ixx /misc/dn61/LocalWOK/wok_entities/LOC/dev/CR0-OCCT691-7-CR0-OCCT691-occt-64/drv/GeomFill/GeomFill_SweepFunction.ixx
+M GeomFill:pubinclude:GeomFill_LocFunction.hxx /misc/dn61/LocalWOK/wok_entities/LOC/dev/CR0-OCCT691-7-CR0-OCCT691-occt-64/inc/GeomFill_LocFunction.hxx
+M GeomFill:privinclude:GeomFill_LocFunction.jxx /misc/dn61/LocalWOK/wok_entities/LOC/dev/CR0-OCCT691-7-CR0-OCCT691-occt-64/drv/GeomFill/GeomFill_LocFunction.jxx
+M GeomFill:privinclude:GeomFill_LocFunction.ixx /misc/dn61/LocalWOK/wok_entities/LOC/dev/CR0-OCCT691-7-CR0-OCCT691-occt-64/drv/GeomFill/GeomFill_LocFunction.ixx
+M GeomFill:pubinclude:GeomFill_PolynomialConvertor.hxx /misc/dn61/LocalWOK/wok_entities/LOC/dev/CR0-OCCT691-7-CR0-OCCT691-occt-64/inc/GeomFill_PolynomialConvertor.hxx
+M GeomFill:privinclude:GeomFill_PolynomialConvertor.jxx /misc/dn61/LocalWOK/wok_entities/LOC/dev/CR0-OCCT691-7-CR0-OCCT691-occt-64/drv/GeomFill/GeomFill_PolynomialConvertor.jxx
+M GeomFill:privinclude:GeomFill_PolynomialConvertor.ixx /misc/dn61/LocalWOK/wok_entities/LOC/dev/CR0-OCCT691-7-CR0-OCCT691-occt-64/drv/GeomFill/GeomFill_PolynomialConvertor.ixx
+M GeomFill:pubinclude:GeomFill_QuasiAngularConvertor.hxx /misc/dn61/LocalWOK/wok_entities/LOC/dev/CR0-OCCT691-7-CR0-OCCT691-occt-64/inc/GeomFill_QuasiAngularConvertor.hxx
+M GeomFill:privinclude:GeomFill_QuasiAngularConvertor.jxx /misc/dn61/LocalWOK/wok_entities/LOC/dev/CR0-OCCT691-7-CR0-OCCT691-occt-64/drv/GeomFill/GeomFill_QuasiAngularConvertor.jxx
+M GeomFill:privinclude:GeomFill_QuasiAngularConvertor.ixx /misc/dn61/LocalWOK/wok_entities/LOC/dev/CR0-OCCT691-7-CR0-OCCT691-occt-64/drv/GeomFill/GeomFill_QuasiAngularConvertor.ixx
+M GeomFill:pubinclude:GeomFill_SnglrFunc.hxx /misc/dn61/LocalWOK/wok_entities/LOC/dev/CR0-OCCT691-7-CR0-OCCT691-occt-64/inc/GeomFill_SnglrFunc.hxx
+M GeomFill:privinclude:GeomFill_SnglrFunc.jxx /misc/dn61/LocalWOK/wok_entities/LOC/dev/CR0-OCCT691-7-CR0-OCCT691-occt-64/drv/GeomFill/GeomFill_SnglrFunc.jxx
+M GeomFill:privinclude:GeomFill_SnglrFunc.ixx /misc/dn61/LocalWOK/wok_entities/LOC/dev/CR0-OCCT691-7-CR0-OCCT691-occt-64/drv/GeomFill/GeomFill_SnglrFunc.ixx
+M GeomFill:pubinclude:GeomFill_FunctionDraft.hxx /misc/dn61/LocalWOK/wok_entities/LOC/dev/CR0-OCCT691-7-CR0-OCCT691-occt-64/inc/GeomFill_FunctionDraft.hxx
+M GeomFill:privinclude:GeomFill_FunctionDraft.jxx /misc/dn61/LocalWOK/wok_entities/LOC/dev/CR0-OCCT691-7-CR0-OCCT691-occt-64/drv/GeomFill/GeomFill_FunctionDraft.jxx
+M GeomFill:privinclude:GeomFill_FunctionDraft.ixx /misc/dn61/LocalWOK/wok_entities/LOC/dev/CR0-OCCT691-7-CR0-OCCT691-occt-64/drv/GeomFill/GeomFill_FunctionDraft.ixx
+M GeomFill:pubinclude:GeomFill_PlanFunc.hxx /misc/dn61/LocalWOK/wok_entities/LOC/dev/CR0-OCCT691-7-CR0-OCCT691-occt-64/inc/GeomFill_PlanFunc.hxx
+M GeomFill:privinclude:GeomFill_PlanFunc.jxx /misc/dn61/LocalWOK/wok_entities/LOC/dev/CR0-OCCT691-7-CR0-OCCT691-occt-64/drv/GeomFill/GeomFill_PlanFunc.jxx
+M GeomFill:privinclude:GeomFill_PlanFunc.ixx /misc/dn61/LocalWOK/wok_entities/LOC/dev/CR0-OCCT691-7-CR0-OCCT691-occt-64/drv/GeomFill/GeomFill_PlanFunc.ixx
+M GeomFill:pubinclude:GeomFill_FunctionGuide.hxx /misc/dn61/LocalWOK/wok_entities/LOC/dev/CR0-OCCT691-7-CR0-OCCT691-occt-64/inc/GeomFill_FunctionGuide.hxx
+M GeomFill:privinclude:GeomFill_FunctionGuide.jxx /misc/dn61/LocalWOK/wok_entities/LOC/dev/CR0-OCCT691-7-CR0-OCCT691-occt-64/drv/GeomFill/GeomFill_FunctionGuide.jxx
+M GeomFill:privinclude:GeomFill_FunctionGuide.ixx /misc/dn61/LocalWOK/wok_entities/LOC/dev/CR0-OCCT691-7-CR0-OCCT691-occt-64/drv/GeomFill/GeomFill_FunctionGuide.ixx
+M GeomFill:pubinclude:Handle_GeomFill_SectionLaw.hxx /misc/dn61/LocalWOK/wok_entities/LOC/dev/CR0-OCCT691-7-CR0-OCCT691-occt-64/inc/Handle_GeomFill_SectionLaw.hxx
+M GeomFill:pubinclude:GeomFill_SectionLaw.hxx /misc/dn61/LocalWOK/wok_entities/LOC/dev/CR0-OCCT691-7-CR0-OCCT691-occt-64/inc/GeomFill_SectionLaw.hxx
+M GeomFill:privinclude:GeomFill_SectionLaw.jxx /misc/dn61/LocalWOK/wok_entities/LOC/dev/CR0-OCCT691-7-CR0-OCCT691-occt-64/drv/GeomFill/GeomFill_SectionLaw.jxx
+M GeomFill:privinclude:GeomFill_SectionLaw.ixx /misc/dn61/LocalWOK/wok_entities/LOC/dev/CR0-OCCT691-7-CR0-OCCT691-occt-64/drv/GeomFill/GeomFill_SectionLaw.ixx
+M GeomFill:pubinclude:Handle_GeomFill_UniformSection.hxx /misc/dn61/LocalWOK/wok_entities/LOC/dev/CR0-OCCT691-7-CR0-OCCT691-occt-64/inc/Handle_GeomFill_UniformSection.hxx
+M GeomFill:pubinclude:GeomFill_UniformSection.hxx /misc/dn61/LocalWOK/wok_entities/LOC/dev/CR0-OCCT691-7-CR0-OCCT691-occt-64/inc/GeomFill_UniformSection.hxx
+M GeomFill:privinclude:GeomFill_UniformSection.jxx /misc/dn61/LocalWOK/wok_entities/LOC/dev/CR0-OCCT691-7-CR0-OCCT691-occt-64/drv/GeomFill/GeomFill_UniformSection.jxx
+M GeomFill:privinclude:GeomFill_UniformSection.ixx /misc/dn61/LocalWOK/wok_entities/LOC/dev/CR0-OCCT691-7-CR0-OCCT691-occt-64/drv/GeomFill/GeomFill_UniformSection.ixx
+M GeomFill:pubinclude:Handle_GeomFill_EvolvedSection.hxx /misc/dn61/LocalWOK/wok_entities/LOC/dev/CR0-OCCT691-7-CR0-OCCT691-occt-64/inc/Handle_GeomFill_EvolvedSection.hxx
+M GeomFill:pubinclude:GeomFill_EvolvedSection.hxx /misc/dn61/LocalWOK/wok_entities/LOC/dev/CR0-OCCT691-7-CR0-OCCT691-occt-64/inc/GeomFill_EvolvedSection.hxx
+M GeomFill:privinclude:GeomFill_EvolvedSection.jxx /misc/dn61/LocalWOK/wok_entities/LOC/dev/CR0-OCCT691-7-CR0-OCCT691-occt-64/drv/GeomFill/GeomFill_EvolvedSection.jxx
+M GeomFill:privinclude:GeomFill_EvolvedSection.ixx /misc/dn61/LocalWOK/wok_entities/LOC/dev/CR0-OCCT691-7-CR0-OCCT691-occt-64/drv/GeomFill/GeomFill_EvolvedSection.ixx
+M GeomFill:pubinclude:Handle_GeomFill_NSections.hxx /misc/dn61/LocalWOK/wok_entities/LOC/dev/CR0-OCCT691-7-CR0-OCCT691-occt-64/inc/Handle_GeomFill_NSections.hxx
+M GeomFill:pubinclude:GeomFill_NSections.hxx /misc/dn61/LocalWOK/wok_entities/LOC/dev/CR0-OCCT691-7-CR0-OCCT691-occt-64/inc/GeomFill_NSections.hxx
+M GeomFill:privinclude:GeomFill_NSections.jxx /misc/dn61/LocalWOK/wok_entities/LOC/dev/CR0-OCCT691-7-CR0-OCCT691-occt-64/drv/GeomFill/GeomFill_NSections.jxx
+M GeomFill:privinclude:GeomFill_NSections.ixx /misc/dn61/LocalWOK/wok_entities/LOC/dev/CR0-OCCT691-7-CR0-OCCT691-occt-64/drv/GeomFill/GeomFill_NSections.ixx
+M GeomFill:pubinclude:Handle_GeomFill_LocationLaw.hxx /misc/dn61/LocalWOK/wok_entities/LOC/dev/CR0-OCCT691-7-CR0-OCCT691-occt-64/inc/Handle_GeomFill_LocationLaw.hxx
+M GeomFill:pubinclude:GeomFill_LocationLaw.hxx /misc/dn61/LocalWOK/wok_entities/LOC/dev/CR0-OCCT691-7-CR0-OCCT691-occt-64/inc/GeomFill_LocationLaw.hxx
+M GeomFill:privinclude:GeomFill_LocationLaw.jxx /misc/dn61/LocalWOK/wok_entities/LOC/dev/CR0-OCCT691-7-CR0-OCCT691-occt-64/drv/GeomFill/GeomFill_LocationLaw.jxx
+M GeomFill:privinclude:GeomFill_LocationLaw.ixx /misc/dn61/LocalWOK/wok_entities/LOC/dev/CR0-OCCT691-7-CR0-OCCT691-occt-64/drv/GeomFill/GeomFill_LocationLaw.ixx
+M GeomFill:pubinclude:Handle_GeomFill_CurveAndTrihedron.hxx /misc/dn61/LocalWOK/wok_entities/LOC/dev/CR0-OCCT691-7-CR0-OCCT691-occt-64/inc/Handle_GeomFill_CurveAndTrihedron.hxx
+M GeomFill:pubinclude:GeomFill_CurveAndTrihedron.hxx /misc/dn61/LocalWOK/wok_entities/LOC/dev/CR0-OCCT691-7-CR0-OCCT691-occt-64/inc/GeomFill_CurveAndTrihedron.hxx
+M GeomFill:privinclude:GeomFill_CurveAndTrihedron.jxx /misc/dn61/LocalWOK/wok_entities/LOC/dev/CR0-OCCT691-7-CR0-OCCT691-occt-64/drv/GeomFill/GeomFill_CurveAndTrihedron.jxx
+M GeomFill:privinclude:GeomFill_CurveAndTrihedron.ixx /misc/dn61/LocalWOK/wok_entities/LOC/dev/CR0-OCCT691-7-CR0-OCCT691-occt-64/drv/GeomFill/GeomFill_CurveAndTrihedron.ixx
+M GeomFill:pubinclude:Handle_GeomFill_LocationDraft.hxx /misc/dn61/LocalWOK/wok_entities/LOC/dev/CR0-OCCT691-7-CR0-OCCT691-occt-64/inc/Handle_GeomFill_LocationDraft.hxx
+M GeomFill:pubinclude:GeomFill_LocationDraft.hxx /misc/dn61/LocalWOK/wok_entities/LOC/dev/CR0-OCCT691-7-CR0-OCCT691-occt-64/inc/GeomFill_LocationDraft.hxx
+M GeomFill:privinclude:GeomFill_LocationDraft.jxx /misc/dn61/LocalWOK/wok_entities/LOC/dev/CR0-OCCT691-7-CR0-OCCT691-occt-64/drv/GeomFill/GeomFill_LocationDraft.jxx
+M GeomFill:privinclude:GeomFill_LocationDraft.ixx /misc/dn61/LocalWOK/wok_entities/LOC/dev/CR0-OCCT691-7-CR0-OCCT691-occt-64/drv/GeomFill/GeomFill_LocationDraft.ixx
+M GeomFill:pubinclude:Handle_GeomFill_LocationGuide.hxx /misc/dn61/LocalWOK/wok_entities/LOC/dev/CR0-OCCT691-7-CR0-OCCT691-occt-64/inc/Handle_GeomFill_LocationGuide.hxx
+M GeomFill:pubinclude:GeomFill_LocationGuide.hxx /misc/dn61/LocalWOK/wok_entities/LOC/dev/CR0-OCCT691-7-CR0-OCCT691-occt-64/inc/GeomFill_LocationGuide.hxx
+M GeomFill:privinclude:GeomFill_LocationGuide.jxx /misc/dn61/LocalWOK/wok_entities/LOC/dev/CR0-OCCT691-7-CR0-OCCT691-occt-64/drv/GeomFill/GeomFill_LocationGuide.jxx
+M GeomFill:privinclude:GeomFill_LocationGuide.ixx /misc/dn61/LocalWOK/wok_entities/LOC/dev/CR0-OCCT691-7-CR0-OCCT691-occt-64/drv/GeomFill/GeomFill_LocationGuide.ixx
+M GeomFill:pubinclude:Handle_GeomFill_TrihedronLaw.hxx /misc/dn61/LocalWOK/wok_entities/LOC/dev/CR0-OCCT691-7-CR0-OCCT691-occt-64/inc/Handle_GeomFill_TrihedronLaw.hxx
+M GeomFill:pubinclude:GeomFill_TrihedronLaw.hxx /misc/dn61/LocalWOK/wok_entities/LOC/dev/CR0-OCCT691-7-CR0-OCCT691-occt-64/inc/GeomFill_TrihedronLaw.hxx
+M GeomFill:privinclude:GeomFill_TrihedronLaw.jxx /misc/dn61/LocalWOK/wok_entities/LOC/dev/CR0-OCCT691-7-CR0-OCCT691-occt-64/drv/GeomFill/GeomFill_TrihedronLaw.jxx
+M GeomFill:privinclude:GeomFill_TrihedronLaw.ixx /misc/dn61/LocalWOK/wok_entities/LOC/dev/CR0-OCCT691-7-CR0-OCCT691-occt-64/drv/GeomFill/GeomFill_TrihedronLaw.ixx
+M GeomFill:pubinclude:Handle_GeomFill_Fixed.hxx /misc/dn61/LocalWOK/wok_entities/LOC/dev/CR0-OCCT691-7-CR0-OCCT691-occt-64/inc/Handle_GeomFill_Fixed.hxx
+M GeomFill:pubinclude:GeomFill_Fixed.hxx /misc/dn61/LocalWOK/wok_entities/LOC/dev/CR0-OCCT691-7-CR0-OCCT691-occt-64/inc/GeomFill_Fixed.hxx
+M GeomFill:privinclude:GeomFill_Fixed.jxx /misc/dn61/LocalWOK/wok_entities/LOC/dev/CR0-OCCT691-7-CR0-OCCT691-occt-64/drv/GeomFill/GeomFill_Fixed.jxx
+M GeomFill:privinclude:GeomFill_Fixed.ixx /misc/dn61/LocalWOK/wok_entities/LOC/dev/CR0-OCCT691-7-CR0-OCCT691-occt-64/drv/GeomFill/GeomFill_Fixed.ixx
+M GeomFill:pubinclude:Handle_GeomFill_Frenet.hxx /misc/dn61/LocalWOK/wok_entities/LOC/dev/CR0-OCCT691-7-CR0-OCCT691-occt-64/inc/Handle_GeomFill_Frenet.hxx
+M GeomFill:pubinclude:GeomFill_Frenet.hxx /misc/dn61/LocalWOK/wok_entities/LOC/dev/CR0-OCCT691-7-CR0-OCCT691-occt-64/inc/GeomFill_Frenet.hxx
+M GeomFill:privinclude:GeomFill_Frenet.jxx /misc/dn61/LocalWOK/wok_entities/LOC/dev/CR0-OCCT691-7-CR0-OCCT691-occt-64/drv/GeomFill/GeomFill_Frenet.jxx
+M GeomFill:privinclude:GeomFill_Frenet.ixx /misc/dn61/LocalWOK/wok_entities/LOC/dev/CR0-OCCT691-7-CR0-OCCT691-occt-64/drv/GeomFill/GeomFill_Frenet.ixx
+M GeomFill:pubinclude:Handle_GeomFill_CorrectedFrenet.hxx /misc/dn61/LocalWOK/wok_entities/LOC/dev/CR0-OCCT691-7-CR0-OCCT691-occt-64/inc/Handle_GeomFill_CorrectedFrenet.hxx
+M GeomFill:pubinclude:GeomFill_CorrectedFrenet.hxx /misc/dn61/LocalWOK/wok_entities/LOC/dev/CR0-OCCT691-7-CR0-OCCT691-occt-64/inc/GeomFill_CorrectedFrenet.hxx
+M GeomFill:privinclude:GeomFill_CorrectedFrenet.jxx /misc/dn61/LocalWOK/wok_entities/LOC/dev/CR0-OCCT691-7-CR0-OCCT691-occt-64/drv/GeomFill/GeomFill_CorrectedFrenet.jxx
+M GeomFill:privinclude:GeomFill_CorrectedFrenet.ixx /misc/dn61/LocalWOK/wok_entities/LOC/dev/CR0-OCCT691-7-CR0-OCCT691-occt-64/drv/GeomFill/GeomFill_CorrectedFrenet.ixx
+M GeomFill:pubinclude:Handle_GeomFill_DiscreteTrihedron.hxx /misc/dn61/LocalWOK/wok_entities/LOC/dev/CR0-OCCT691-7-CR0-OCCT691-occt-64/inc/Handle_GeomFill_DiscreteTrihedron.hxx
+M GeomFill:pubinclude:GeomFill_DiscreteTrihedron.hxx /misc/dn61/LocalWOK/wok_entities/LOC/dev/CR0-OCCT691-7-CR0-OCCT691-occt-64/inc/GeomFill_DiscreteTrihedron.hxx
+M GeomFill:privinclude:GeomFill_DiscreteTrihedron.jxx /misc/dn61/LocalWOK/wok_entities/LOC/dev/CR0-OCCT691-7-CR0-OCCT691-occt-64/drv/GeomFill/GeomFill_DiscreteTrihedron.jxx
+M GeomFill:privinclude:GeomFill_DiscreteTrihedron.ixx /misc/dn61/LocalWOK/wok_entities/LOC/dev/CR0-OCCT691-7-CR0-OCCT691-occt-64/drv/GeomFill/GeomFill_DiscreteTrihedron.ixx
+M GeomFill:pubinclude:Handle_GeomFill_ConstantBiNormal.hxx /misc/dn61/LocalWOK/wok_entities/LOC/dev/CR0-OCCT691-7-CR0-OCCT691-occt-64/inc/Handle_GeomFill_ConstantBiNormal.hxx
+M GeomFill:pubinclude:GeomFill_ConstantBiNormal.hxx /misc/dn61/LocalWOK/wok_entities/LOC/dev/CR0-OCCT691-7-CR0-OCCT691-occt-64/inc/GeomFill_ConstantBiNormal.hxx
+M GeomFill:privinclude:GeomFill_ConstantBiNormal.jxx /misc/dn61/LocalWOK/wok_entities/LOC/dev/CR0-OCCT691-7-CR0-OCCT691-occt-64/drv/GeomFill/GeomFill_ConstantBiNormal.jxx
+M GeomFill:privinclude:GeomFill_ConstantBiNormal.ixx /misc/dn61/LocalWOK/wok_entities/LOC/dev/CR0-OCCT691-7-CR0-OCCT691-occt-64/drv/GeomFill/GeomFill_ConstantBiNormal.ixx
+M GeomFill:pubinclude:Handle_GeomFill_Darboux.hxx /misc/dn61/LocalWOK/wok_entities/LOC/dev/CR0-OCCT691-7-CR0-OCCT691-occt-64/inc/Handle_GeomFill_Darboux.hxx
+M GeomFill:pubinclude:GeomFill_Darboux.hxx /misc/dn61/LocalWOK/wok_entities/LOC/dev/CR0-OCCT691-7-CR0-OCCT691-occt-64/inc/GeomFill_Darboux.hxx
+M GeomFill:privinclude:GeomFill_Darboux.jxx /misc/dn61/LocalWOK/wok_entities/LOC/dev/CR0-OCCT691-7-CR0-OCCT691-occt-64/drv/GeomFill/GeomFill_Darboux.jxx
+M GeomFill:privinclude:GeomFill_Darboux.ixx /misc/dn61/LocalWOK/wok_entities/LOC/dev/CR0-OCCT691-7-CR0-OCCT691-occt-64/drv/GeomFill/GeomFill_Darboux.ixx
+M GeomFill:pubinclude:Handle_GeomFill_DraftTrihedron.hxx /misc/dn61/LocalWOK/wok_entities/LOC/dev/CR0-OCCT691-7-CR0-OCCT691-occt-64/inc/Handle_GeomFill_DraftTrihedron.hxx
+M GeomFill:pubinclude:GeomFill_DraftTrihedron.hxx /misc/dn61/LocalWOK/wok_entities/LOC/dev/CR0-OCCT691-7-CR0-OCCT691-occt-64/inc/GeomFill_DraftTrihedron.hxx
+M GeomFill:privinclude:GeomFill_DraftTrihedron.jxx /misc/dn61/LocalWOK/wok_entities/LOC/dev/CR0-OCCT691-7-CR0-OCCT691-occt-64/drv/GeomFill/GeomFill_DraftTrihedron.jxx
+M GeomFill:privinclude:GeomFill_DraftTrihedron.ixx /misc/dn61/LocalWOK/wok_entities/LOC/dev/CR0-OCCT691-7-CR0-OCCT691-occt-64/drv/GeomFill/GeomFill_DraftTrihedron.ixx
+M GeomFill:pubinclude:Handle_GeomFill_TrihedronWithGuide.hxx /misc/dn61/LocalWOK/wok_entities/LOC/dev/CR0-OCCT691-7-CR0-OCCT691-occt-64/inc/Handle_GeomFill_TrihedronWithGuide.hxx
+M GeomFill:pubinclude:GeomFill_TrihedronWithGuide.hxx /misc/dn61/LocalWOK/wok_entities/LOC/dev/CR0-OCCT691-7-CR0-OCCT691-occt-64/inc/GeomFill_TrihedronWithGuide.hxx
+M GeomFill:privinclude:GeomFill_TrihedronWithGuide.jxx /misc/dn61/LocalWOK/wok_entities/LOC/dev/CR0-OCCT691-7-CR0-OCCT691-occt-64/drv/GeomFill/GeomFill_TrihedronWithGuide.jxx
+M GeomFill:privinclude:GeomFill_TrihedronWithGuide.ixx /misc/dn61/LocalWOK/wok_entities/LOC/dev/CR0-OCCT691-7-CR0-OCCT691-occt-64/drv/GeomFill/GeomFill_TrihedronWithGuide.ixx
+M GeomFill:pubinclude:Handle_GeomFill_GuideTrihedronAC.hxx /misc/dn61/LocalWOK/wok_entities/LOC/dev/CR0-OCCT691-7-CR0-OCCT691-occt-64/inc/Handle_GeomFill_GuideTrihedronAC.hxx
+M GeomFill:pubinclude:GeomFill_GuideTrihedronAC.hxx /misc/dn61/LocalWOK/wok_entities/LOC/dev/CR0-OCCT691-7-CR0-OCCT691-occt-64/inc/GeomFill_GuideTrihedronAC.hxx
+M GeomFill:privinclude:GeomFill_GuideTrihedronAC.jxx /misc/dn61/LocalWOK/wok_entities/LOC/dev/CR0-OCCT691-7-CR0-OCCT691-occt-64/drv/GeomFill/GeomFill_GuideTrihedronAC.jxx
+M GeomFill:privinclude:GeomFill_GuideTrihedronAC.ixx /misc/dn61/LocalWOK/wok_entities/LOC/dev/CR0-OCCT691-7-CR0-OCCT691-occt-64/drv/GeomFill/GeomFill_GuideTrihedronAC.ixx
+M GeomFill:pubinclude:Handle_GeomFill_GuideTrihedronPlan.hxx /misc/dn61/LocalWOK/wok_entities/LOC/dev/CR0-OCCT691-7-CR0-OCCT691-occt-64/inc/Handle_GeomFill_GuideTrihedronPlan.hxx
+M GeomFill:pubinclude:GeomFill_GuideTrihedronPlan.hxx /misc/dn61/LocalWOK/wok_entities/LOC/dev/CR0-OCCT691-7-CR0-OCCT691-occt-64/inc/GeomFill_GuideTrihedronPlan.hxx
+M GeomFill:privinclude:GeomFill_GuideTrihedronPlan.jxx /misc/dn61/LocalWOK/wok_entities/LOC/dev/CR0-OCCT691-7-CR0-OCCT691-occt-64/drv/GeomFill/GeomFill_GuideTrihedronPlan.jxx
+M GeomFill:privinclude:GeomFill_GuideTrihedronPlan.ixx /misc/dn61/LocalWOK/wok_entities/LOC/dev/CR0-OCCT691-7-CR0-OCCT691-occt-64/drv/GeomFill/GeomFill_GuideTrihedronPlan.ixx
+M GeomFill:pubinclude:GeomFill_Sweep.hxx /misc/dn61/LocalWOK/wok_entities/LOC/dev/CR0-OCCT691-7-CR0-OCCT691-occt-64/inc/GeomFill_Sweep.hxx
+M GeomFill:privinclude:GeomFill_Sweep.jxx /misc/dn61/LocalWOK/wok_entities/LOC/dev/CR0-OCCT691-7-CR0-OCCT691-occt-64/drv/GeomFill/GeomFill_Sweep.jxx
+M GeomFill:privinclude:GeomFill_Sweep.ixx /misc/dn61/LocalWOK/wok_entities/LOC/dev/CR0-OCCT691-7-CR0-OCCT691-occt-64/drv/GeomFill/GeomFill_Sweep.ixx
+M GeomFill:pubinclude:GeomFill_SectionPlacement.hxx /misc/dn61/LocalWOK/wok_entities/LOC/dev/CR0-OCCT691-7-CR0-OCCT691-occt-64/inc/GeomFill_SectionPlacement.hxx
+M GeomFill:privinclude:GeomFill_SectionPlacement.jxx /misc/dn61/LocalWOK/wok_entities/LOC/dev/CR0-OCCT691-7-CR0-OCCT691-occt-64/drv/GeomFill/GeomFill_SectionPlacement.jxx
+M GeomFill:privinclude:GeomFill_SectionPlacement.ixx /misc/dn61/LocalWOK/wok_entities/LOC/dev/CR0-OCCT691-7-CR0-OCCT691-occt-64/drv/GeomFill/GeomFill_SectionPlacement.ixx
+M GeomFill:pubinclude:GeomFill_Array1OfSectionLaw.hxx /misc/dn61/LocalWOK/wok_entities/LOC/dev/CR0-OCCT691-7-CR0-OCCT691-occt-64/inc/GeomFill_Array1OfSectionLaw.hxx
+M GeomFill:derivated:GeomFill_Array1OfSectionLaw_0.cxx /misc/dn61/LocalWOK/wok_entities/LOC/dev/CR0-OCCT691-7-CR0-OCCT691-occt-64/drv/GeomFill/GeomFill_Array1OfSectionLaw_0.cxx
+M GeomFill:pubinclude:Handle_GeomFill_HArray1OfSectionLaw.hxx /misc/dn61/LocalWOK/wok_entities/LOC/dev/CR0-OCCT691-7-CR0-OCCT691-occt-64/inc/Handle_GeomFill_HArray1OfSectionLaw.hxx
+M GeomFill:pubinclude:GeomFill_HArray1OfSectionLaw.hxx /misc/dn61/LocalWOK/wok_entities/LOC/dev/CR0-OCCT691-7-CR0-OCCT691-occt-64/inc/GeomFill_HArray1OfSectionLaw.hxx
+M GeomFill:derivated:GeomFill_HArray1OfSectionLaw_0.cxx /misc/dn61/LocalWOK/wok_entities/LOC/dev/CR0-OCCT691-7-CR0-OCCT691-occt-64/drv/GeomFill/GeomFill_HArray1OfSectionLaw_0.cxx
+M GeomFill:pubinclude:GeomFill_Array1OfLocationLaw.hxx /misc/dn61/LocalWOK/wok_entities/LOC/dev/CR0-OCCT691-7-CR0-OCCT691-occt-64/inc/GeomFill_Array1OfLocationLaw.hxx
+M GeomFill:derivated:GeomFill_Array1OfLocationLaw_0.cxx /misc/dn61/LocalWOK/wok_entities/LOC/dev/CR0-OCCT691-7-CR0-OCCT691-occt-64/drv/GeomFill/GeomFill_Array1OfLocationLaw_0.cxx
+M GeomFill:pubinclude:Handle_GeomFill_HArray1OfLocationLaw.hxx /misc/dn61/LocalWOK/wok_entities/LOC/dev/CR0-OCCT691-7-CR0-OCCT691-occt-64/inc/Handle_GeomFill_HArray1OfLocationLaw.hxx
+M GeomFill:pubinclude:GeomFill_HArray1OfLocationLaw.hxx /misc/dn61/LocalWOK/wok_entities/LOC/dev/CR0-OCCT691-7-CR0-OCCT691-occt-64/inc/GeomFill_HArray1OfLocationLaw.hxx
+M GeomFill:derivated:GeomFill_HArray1OfLocationLaw_0.cxx /misc/dn61/LocalWOK/wok_entities/LOC/dev/CR0-OCCT691-7-CR0-OCCT691-occt-64/drv/GeomFill/GeomFill_HArray1OfLocationLaw_0.cxx
+M GeomFill:pubinclude:Handle_GeomFill_SequenceNodeOfSequenceOfTrsf.hxx /misc/dn61/LocalWOK/wok_entities/LOC/dev/CR0-OCCT691-7-CR0-OCCT691-occt-64/inc/Handle_GeomFill_SequenceNodeOfSequenceOfTrsf.hxx
+M GeomFill:pubinclude:GeomFill_SequenceNodeOfSequenceOfTrsf.hxx /misc/dn61/LocalWOK/wok_entities/LOC/dev/CR0-OCCT691-7-CR0-OCCT691-occt-64/inc/GeomFill_SequenceNodeOfSequenceOfTrsf.hxx
+M GeomFill:derivated:GeomFill_SequenceNodeOfSequenceOfTrsf_0.cxx /misc/dn61/LocalWOK/wok_entities/LOC/dev/CR0-OCCT691-7-CR0-OCCT691-occt-64/drv/GeomFill/GeomFill_SequenceNodeOfSequenceOfTrsf_0.cxx
+M GeomFill:pubinclude:Handle_GeomFill_SequenceNodeOfSequenceOfAx2.hxx /misc/dn61/LocalWOK/wok_entities/LOC/dev/CR0-OCCT691-7-CR0-OCCT691-occt-64/inc/Handle_GeomFill_SequenceNodeOfSequenceOfAx2.hxx
+M GeomFill:pubinclude:GeomFill_SequenceNodeOfSequenceOfAx2.hxx /misc/dn61/LocalWOK/wok_entities/LOC/dev/CR0-OCCT691-7-CR0-OCCT691-occt-64/inc/GeomFill_SequenceNodeOfSequenceOfAx2.hxx
+M GeomFill:derivated:GeomFill_SequenceNodeOfSequenceOfAx2_0.cxx /misc/dn61/LocalWOK/wok_entities/LOC/dev/CR0-OCCT691-7-CR0-OCCT691-occt-64/drv/GeomFill/GeomFill_SequenceNodeOfSequenceOfAx2_0.cxx
+M GeomFill:pubinclude:GeomFill_FillingStyle.hxx /misc/dn61/LocalWOK/wok_entities/LOC/dev/CR0-OCCT691-7-CR0-OCCT691-occt-64/inc/GeomFill_FillingStyle.hxx
+M GeomFill:pubinclude:GeomFill_ApproxStyle.hxx /misc/dn61/LocalWOK/wok_entities/LOC/dev/CR0-OCCT691-7-CR0-OCCT691-occt-64/inc/GeomFill_ApproxStyle.hxx
+M GeomFill:pubinclude:GeomFill_PipeError.hxx /misc/dn61/LocalWOK/wok_entities/LOC/dev/CR0-OCCT691-7-CR0-OCCT691-occt-64/inc/GeomFill_PipeError.hxx
+M GeomFill:pubinclude:GeomFill_Trihedron.hxx /misc/dn61/LocalWOK/wok_entities/LOC/dev/CR0-OCCT691-7-CR0-OCCT691-occt-64/inc/GeomFill_Trihedron.hxx
+M GeomFill:dbadmfile:GeomFill_xcpp_header.In /misc/dn61/LocalWOK/wok_entities/LOC/dev/CR0-OCCT691-7-CR0-OCCT691-occt-64/drv/GeomFill/.adm/GeomFill_xcpp_header.In
+M GeomFill:dbadmfile:GeomFill_xcpp_header.Out /misc/dn61/LocalWOK/wok_entities/LOC/dev/CR0-OCCT691-7-CR0-OCCT691-occt-64/drv/GeomFill/.adm/GeomFill_xcpp_header.Out
+M GeomFill:dbadmfile:GeomFill_xcpp_header.Dep /misc/dn61/LocalWOK/wok_entities/LOC/dev/CR0-OCCT691-7-CR0-OCCT691-occt-64/drv/GeomFill/.adm/GeomFill_xcpp_header.Dep
