+M BRepPrimAPI:pubinclude:BRepPrimAPI_MakeHalfSpace.hxx /misc/dn61/LocalWOK/wok_entities/LOC/dev/CR0-OCCT691-7-CR0-OCCT691-occt-64/inc/BRepPrimAPI_MakeHalfSpace.hxx
+M BRepPrimAPI:privinclude:BRepPrimAPI_MakeHalfSpace.jxx /misc/dn61/LocalWOK/wok_entities/LOC/dev/CR0-OCCT691-7-CR0-OCCT691-occt-64/drv/BRepPrimAPI/BRepPrimAPI_MakeHalfSpace.jxx
+M BRepPrimAPI:privinclude:BRepPrimAPI_MakeHalfSpace.ixx /misc/dn61/LocalWOK/wok_entities/LOC/dev/CR0-OCCT691-7-CR0-OCCT691-occt-64/drv/BRepPrimAPI/BRepPrimAPI_MakeHalfSpace.ixx
+M BRepPrimAPI:pubinclude:BRepPrimAPI_MakeBox.hxx /misc/dn61/LocalWOK/wok_entities/LOC/dev/CR0-OCCT691-7-CR0-OCCT691-occt-64/inc/BRepPrimAPI_MakeBox.hxx
+M BRepPrimAPI:privinclude:BRepPrimAPI_MakeBox.jxx /misc/dn61/LocalWOK/wok_entities/LOC/dev/CR0-OCCT691-7-CR0-OCCT691-occt-64/drv/BRepPrimAPI/BRepPrimAPI_MakeBox.jxx
+M BRepPrimAPI:privinclude:BRepPrimAPI_MakeBox.ixx /misc/dn61/LocalWOK/wok_entities/LOC/dev/CR0-OCCT691-7-CR0-OCCT691-occt-64/drv/BRepPrimAPI/BRepPrimAPI_MakeBox.ixx
+M BRepPrimAPI:pubinclude:BRepPrimAPI_MakeWedge.hxx /misc/dn61/LocalWOK/wok_entities/LOC/dev/CR0-OCCT691-7-CR0-OCCT691-occt-64/inc/BRepPrimAPI_MakeWedge.hxx
+M BRepPrimAPI:privinclude:BRepPrimAPI_MakeWedge.jxx /misc/dn61/LocalWOK/wok_entities/LOC/dev/CR0-OCCT691-7-CR0-OCCT691-occt-64/drv/BRepPrimAPI/BRepPrimAPI_MakeWedge.jxx
+M BRepPrimAPI:privinclude:BRepPrimAPI_MakeWedge.ixx /misc/dn61/LocalWOK/wok_entities/LOC/dev/CR0-OCCT691-7-CR0-OCCT691-occt-64/drv/BRepPrimAPI/BRepPrimAPI_MakeWedge.ixx
+M BRepPrimAPI:pubinclude:BRepPrimAPI_MakeOneAxis.hxx /misc/dn61/LocalWOK/wok_entities/LOC/dev/CR0-OCCT691-7-CR0-OCCT691-occt-64/inc/BRepPrimAPI_MakeOneAxis.hxx
+M BRepPrimAPI:privinclude:BRepPrimAPI_MakeOneAxis.jxx /misc/dn61/LocalWOK/wok_entities/LOC/dev/CR0-OCCT691-7-CR0-OCCT691-occt-64/drv/BRepPrimAPI/BRepPrimAPI_MakeOneAxis.jxx
+M BRepPrimAPI:privinclude:BRepPrimAPI_MakeOneAxis.ixx /misc/dn61/LocalWOK/wok_entities/LOC/dev/CR0-OCCT691-7-CR0-OCCT691-occt-64/drv/BRepPrimAPI/BRepPrimAPI_MakeOneAxis.ixx
+M BRepPrimAPI:pubinclude:BRepPrimAPI_MakeCylinder.hxx /misc/dn61/LocalWOK/wok_entities/LOC/dev/CR0-OCCT691-7-CR0-OCCT691-occt-64/inc/BRepPrimAPI_MakeCylinder.hxx
+M BRepPrimAPI:privinclude:BRepPrimAPI_MakeCylinder.jxx /misc/dn61/LocalWOK/wok_entities/LOC/dev/CR0-OCCT691-7-CR0-OCCT691-occt-64/drv/BRepPrimAPI/BRepPrimAPI_MakeCylinder.jxx
+M BRepPrimAPI:privinclude:BRepPrimAPI_MakeCylinder.ixx /misc/dn61/LocalWOK/wok_entities/LOC/dev/CR0-OCCT691-7-CR0-OCCT691-occt-64/drv/BRepPrimAPI/BRepPrimAPI_MakeCylinder.ixx
+M BRepPrimAPI:pubinclude:BRepPrimAPI_MakeCone.hxx /misc/dn61/LocalWOK/wok_entities/LOC/dev/CR0-OCCT691-7-CR0-OCCT691-occt-64/inc/BRepPrimAPI_MakeCone.hxx
+M BRepPrimAPI:privinclude:BRepPrimAPI_MakeCone.jxx /misc/dn61/LocalWOK/wok_entities/LOC/dev/CR0-OCCT691-7-CR0-OCCT691-occt-64/drv/BRepPrimAPI/BRepPrimAPI_MakeCone.jxx
+M BRepPrimAPI:privinclude:BRepPrimAPI_MakeCone.ixx /misc/dn61/LocalWOK/wok_entities/LOC/dev/CR0-OCCT691-7-CR0-OCCT691-occt-64/drv/BRepPrimAPI/BRepPrimAPI_MakeCone.ixx
+M BRepPrimAPI:pubinclude:BRepPrimAPI_MakeSphere.hxx /misc/dn61/LocalWOK/wok_entities/LOC/dev/CR0-OCCT691-7-CR0-OCCT691-occt-64/inc/BRepPrimAPI_MakeSphere.hxx
+M BRepPrimAPI:privinclude:BRepPrimAPI_MakeSphere.jxx /misc/dn61/LocalWOK/wok_entities/LOC/dev/CR0-OCCT691-7-CR0-OCCT691-occt-64/drv/BRepPrimAPI/BRepPrimAPI_MakeSphere.jxx
+M BRepPrimAPI:privinclude:BRepPrimAPI_MakeSphere.ixx /misc/dn61/LocalWOK/wok_entities/LOC/dev/CR0-OCCT691-7-CR0-OCCT691-occt-64/drv/BRepPrimAPI/BRepPrimAPI_MakeSphere.ixx
+M BRepPrimAPI:pubinclude:BRepPrimAPI_MakeTorus.hxx /misc/dn61/LocalWOK/wok_entities/LOC/dev/CR0-OCCT691-7-CR0-OCCT691-occt-64/inc/BRepPrimAPI_MakeTorus.hxx
+M BRepPrimAPI:privinclude:BRepPrimAPI_MakeTorus.jxx /misc/dn61/LocalWOK/wok_entities/LOC/dev/CR0-OCCT691-7-CR0-OCCT691-occt-64/drv/BRepPrimAPI/BRepPrimAPI_MakeTorus.jxx
+M BRepPrimAPI:privinclude:BRepPrimAPI_MakeTorus.ixx /misc/dn61/LocalWOK/wok_entities/LOC/dev/CR0-OCCT691-7-CR0-OCCT691-occt-64/drv/BRepPrimAPI/BRepPrimAPI_MakeTorus.ixx
+M BRepPrimAPI:pubinclude:BRepPrimAPI_MakeRevolution.hxx /misc/dn61/LocalWOK/wok_entities/LOC/dev/CR0-OCCT691-7-CR0-OCCT691-occt-64/inc/BRepPrimAPI_MakeRevolution.hxx
+M BRepPrimAPI:privinclude:BRepPrimAPI_MakeRevolution.jxx /misc/dn61/LocalWOK/wok_entities/LOC/dev/CR0-OCCT691-7-CR0-OCCT691-occt-64/drv/BRepPrimAPI/BRepPrimAPI_MakeRevolution.jxx
+M BRepPrimAPI:privinclude:BRepPrimAPI_MakeRevolution.ixx /misc/dn61/LocalWOK/wok_entities/LOC/dev/CR0-OCCT691-7-CR0-OCCT691-occt-64/drv/BRepPrimAPI/BRepPrimAPI_MakeRevolution.ixx
+M BRepPrimAPI:pubinclude:BRepPrimAPI_MakeSweep.hxx /misc/dn61/LocalWOK/wok_entities/LOC/dev/CR0-OCCT691-7-CR0-OCCT691-occt-64/inc/BRepPrimAPI_MakeSweep.hxx
+M BRepPrimAPI:privinclude:BRepPrimAPI_MakeSweep.jxx /misc/dn61/LocalWOK/wok_entities/LOC/dev/CR0-OCCT691-7-CR0-OCCT691-occt-64/drv/BRepPrimAPI/BRepPrimAPI_MakeSweep.jxx
+M BRepPrimAPI:privinclude:BRepPrimAPI_MakeSweep.ixx /misc/dn61/LocalWOK/wok_entities/LOC/dev/CR0-OCCT691-7-CR0-OCCT691-occt-64/drv/BRepPrimAPI/BRepPrimAPI_MakeSweep.ixx
+M BRepPrimAPI:pubinclude:BRepPrimAPI_MakePrism.hxx /misc/dn61/LocalWOK/wok_entities/LOC/dev/CR0-OCCT691-7-CR0-OCCT691-occt-64/inc/BRepPrimAPI_MakePrism.hxx
+M BRepPrimAPI:privinclude:BRepPrimAPI_MakePrism.jxx /misc/dn61/LocalWOK/wok_entities/LOC/dev/CR0-OCCT691-7-CR0-OCCT691-occt-64/drv/BRepPrimAPI/BRepPrimAPI_MakePrism.jxx
+M BRepPrimAPI:privinclude:BRepPrimAPI_MakePrism.ixx /misc/dn61/LocalWOK/wok_entities/LOC/dev/CR0-OCCT691-7-CR0-OCCT691-occt-64/drv/BRepPrimAPI/BRepPrimAPI_MakePrism.ixx
+M BRepPrimAPI:pubinclude:BRepPrimAPI_MakeRevol.hxx /misc/dn61/LocalWOK/wok_entities/LOC/dev/CR0-OCCT691-7-CR0-OCCT691-occt-64/inc/BRepPrimAPI_MakeRevol.hxx
+M BRepPrimAPI:privinclude:BRepPrimAPI_MakeRevol.jxx /misc/dn61/LocalWOK/wok_entities/LOC/dev/CR0-OCCT691-7-CR0-OCCT691-occt-64/drv/BRepPrimAPI/BRepPrimAPI_MakeRevol.jxx
+M BRepPrimAPI:privinclude:BRepPrimAPI_MakeRevol.ixx /misc/dn61/LocalWOK/wok_entities/LOC/dev/CR0-OCCT691-7-CR0-OCCT691-occt-64/drv/BRepPrimAPI/BRepPrimAPI_MakeRevol.ixx
+M BRepPrimAPI:dbadmfile:BRepPrimAPI_xcpp_header.In /misc/dn61/LocalWOK/wok_entities/LOC/dev/CR0-OCCT691-7-CR0-OCCT691-occt-64/drv/BRepPrimAPI/.adm/BRepPrimAPI_xcpp_header.In
+M BRepPrimAPI:dbadmfile:BRepPrimAPI_xcpp_header.Out /misc/dn61/LocalWOK/wok_entities/LOC/dev/CR0-OCCT691-7-CR0-OCCT691-occt-64/drv/BRepPrimAPI/.adm/BRepPrimAPI_xcpp_header.Out
+M BRepPrimAPI:dbadmfile:BRepPrimAPI_xcpp_header.Dep /misc/dn61/LocalWOK/wok_entities/LOC/dev/CR0-OCCT691-7-CR0-OCCT691-occt-64/drv/BRepPrimAPI/.adm/BRepPrimAPI_xcpp_header.Dep
