+M Geom:pubinclude:Geom_SequenceOfBSplineSurface.hxx /misc/dn61/LocalWOK/wok_entities/LOC/dev/CR0-OCCT691-7-CR0-OCCT691-occt-64/inc/Geom_SequenceOfBSplineSurface.hxx
+M Geom:derivated:Geom_SequenceOfBSplineSurface_0.cxx /misc/dn61/LocalWOK/wok_entities/LOC/dev/CR0-OCCT691-7-CR0-OCCT691-occt-64/drv/Geom/Geom_SequenceOfBSplineSurface_0.cxx
+M Geom:pubinclude:Handle_Geom_HSequenceOfBSplineSurface.hxx /misc/dn61/LocalWOK/wok_entities/LOC/dev/CR0-OCCT691-7-CR0-OCCT691-occt-64/inc/Handle_Geom_HSequenceOfBSplineSurface.hxx
+M Geom:pubinclude:Geom_HSequenceOfBSplineSurface.hxx /misc/dn61/LocalWOK/wok_entities/LOC/dev/CR0-OCCT691-7-CR0-OCCT691-occt-64/inc/Geom_HSequenceOfBSplineSurface.hxx
+M Geom:derivated:Geom_HSequenceOfBSplineSurface_0.cxx /misc/dn61/LocalWOK/wok_entities/LOC/dev/CR0-OCCT691-7-CR0-OCCT691-occt-64/drv/Geom/Geom_HSequenceOfBSplineSurface_0.cxx
+M Geom:pubinclude:Handle_Geom_Transformation.hxx /misc/dn61/LocalWOK/wok_entities/LOC/dev/CR0-OCCT691-7-CR0-OCCT691-occt-64/inc/Handle_Geom_Transformation.hxx
+M Geom:pubinclude:Geom_Transformation.hxx /misc/dn61/LocalWOK/wok_entities/LOC/dev/CR0-OCCT691-7-CR0-OCCT691-occt-64/inc/Geom_Transformation.hxx
+M Geom:privinclude:Geom_Transformation.jxx /misc/dn61/LocalWOK/wok_entities/LOC/dev/CR0-OCCT691-7-CR0-OCCT691-occt-64/drv/Geom/Geom_Transformation.jxx
+M Geom:privinclude:Geom_Transformation.ixx /misc/dn61/LocalWOK/wok_entities/LOC/dev/CR0-OCCT691-7-CR0-OCCT691-occt-64/drv/Geom/Geom_Transformation.ixx
+M Geom:pubinclude:Handle_Geom_Geometry.hxx /misc/dn61/LocalWOK/wok_entities/LOC/dev/CR0-OCCT691-7-CR0-OCCT691-occt-64/inc/Handle_Geom_Geometry.hxx
+M Geom:pubinclude:Geom_Geometry.hxx /misc/dn61/LocalWOK/wok_entities/LOC/dev/CR0-OCCT691-7-CR0-OCCT691-occt-64/inc/Geom_Geometry.hxx
+M Geom:privinclude:Geom_Geometry.jxx /misc/dn61/LocalWOK/wok_entities/LOC/dev/CR0-OCCT691-7-CR0-OCCT691-occt-64/drv/Geom/Geom_Geometry.jxx
+M Geom:privinclude:Geom_Geometry.ixx /misc/dn61/LocalWOK/wok_entities/LOC/dev/CR0-OCCT691-7-CR0-OCCT691-occt-64/drv/Geom/Geom_Geometry.ixx
+M Geom:pubinclude:Handle_Geom_Point.hxx /misc/dn61/LocalWOK/wok_entities/LOC/dev/CR0-OCCT691-7-CR0-OCCT691-occt-64/inc/Handle_Geom_Point.hxx
+M Geom:pubinclude:Geom_Point.hxx /misc/dn61/LocalWOK/wok_entities/LOC/dev/CR0-OCCT691-7-CR0-OCCT691-occt-64/inc/Geom_Point.hxx
+M Geom:privinclude:Geom_Point.jxx /misc/dn61/LocalWOK/wok_entities/LOC/dev/CR0-OCCT691-7-CR0-OCCT691-occt-64/drv/Geom/Geom_Point.jxx
+M Geom:privinclude:Geom_Point.ixx /misc/dn61/LocalWOK/wok_entities/LOC/dev/CR0-OCCT691-7-CR0-OCCT691-occt-64/drv/Geom/Geom_Point.ixx
+M Geom:pubinclude:Handle_Geom_CartesianPoint.hxx /misc/dn61/LocalWOK/wok_entities/LOC/dev/CR0-OCCT691-7-CR0-OCCT691-occt-64/inc/Handle_Geom_CartesianPoint.hxx
+M Geom:pubinclude:Geom_CartesianPoint.hxx /misc/dn61/LocalWOK/wok_entities/LOC/dev/CR0-OCCT691-7-CR0-OCCT691-occt-64/inc/Geom_CartesianPoint.hxx
+M Geom:privinclude:Geom_CartesianPoint.jxx /misc/dn61/LocalWOK/wok_entities/LOC/dev/CR0-OCCT691-7-CR0-OCCT691-occt-64/drv/Geom/Geom_CartesianPoint.jxx
+M Geom:privinclude:Geom_CartesianPoint.ixx /misc/dn61/LocalWOK/wok_entities/LOC/dev/CR0-OCCT691-7-CR0-OCCT691-occt-64/drv/Geom/Geom_CartesianPoint.ixx
+M Geom:pubinclude:Handle_Geom_Vector.hxx /misc/dn61/LocalWOK/wok_entities/LOC/dev/CR0-OCCT691-7-CR0-OCCT691-occt-64/inc/Handle_Geom_Vector.hxx
+M Geom:pubinclude:Geom_Vector.hxx /misc/dn61/LocalWOK/wok_entities/LOC/dev/CR0-OCCT691-7-CR0-OCCT691-occt-64/inc/Geom_Vector.hxx
+M Geom:privinclude:Geom_Vector.jxx /misc/dn61/LocalWOK/wok_entities/LOC/dev/CR0-OCCT691-7-CR0-OCCT691-occt-64/drv/Geom/Geom_Vector.jxx
+M Geom:privinclude:Geom_Vector.ixx /misc/dn61/LocalWOK/wok_entities/LOC/dev/CR0-OCCT691-7-CR0-OCCT691-occt-64/drv/Geom/Geom_Vector.ixx
+M Geom:pubinclude:Handle_Geom_Direction.hxx /misc/dn61/LocalWOK/wok_entities/LOC/dev/CR0-OCCT691-7-CR0-OCCT691-occt-64/inc/Handle_Geom_Direction.hxx
+M Geom:pubinclude:Geom_Direction.hxx /misc/dn61/LocalWOK/wok_entities/LOC/dev/CR0-OCCT691-7-CR0-OCCT691-occt-64/inc/Geom_Direction.hxx
+M Geom:privinclude:Geom_Direction.jxx /misc/dn61/LocalWOK/wok_entities/LOC/dev/CR0-OCCT691-7-CR0-OCCT691-occt-64/drv/Geom/Geom_Direction.jxx
+M Geom:privinclude:Geom_Direction.ixx /misc/dn61/LocalWOK/wok_entities/LOC/dev/CR0-OCCT691-7-CR0-OCCT691-occt-64/drv/Geom/Geom_Direction.ixx
+M Geom:pubinclude:Handle_Geom_VectorWithMagnitude.hxx /misc/dn61/LocalWOK/wok_entities/LOC/dev/CR0-OCCT691-7-CR0-OCCT691-occt-64/inc/Handle_Geom_VectorWithMagnitude.hxx
+M Geom:pubinclude:Geom_VectorWithMagnitude.hxx /misc/dn61/LocalWOK/wok_entities/LOC/dev/CR0-OCCT691-7-CR0-OCCT691-occt-64/inc/Geom_VectorWithMagnitude.hxx
+M Geom:privinclude:Geom_VectorWithMagnitude.jxx /misc/dn61/LocalWOK/wok_entities/LOC/dev/CR0-OCCT691-7-CR0-OCCT691-occt-64/drv/Geom/Geom_VectorWithMagnitude.jxx
+M Geom:privinclude:Geom_VectorWithMagnitude.ixx /misc/dn61/LocalWOK/wok_entities/LOC/dev/CR0-OCCT691-7-CR0-OCCT691-occt-64/drv/Geom/Geom_VectorWithMagnitude.ixx
+M Geom:pubinclude:Handle_Geom_AxisPlacement.hxx /misc/dn61/LocalWOK/wok_entities/LOC/dev/CR0-OCCT691-7-CR0-OCCT691-occt-64/inc/Handle_Geom_AxisPlacement.hxx
+M Geom:pubinclude:Geom_AxisPlacement.hxx /misc/dn61/LocalWOK/wok_entities/LOC/dev/CR0-OCCT691-7-CR0-OCCT691-occt-64/inc/Geom_AxisPlacement.hxx
+M Geom:privinclude:Geom_AxisPlacement.jxx /misc/dn61/LocalWOK/wok_entities/LOC/dev/CR0-OCCT691-7-CR0-OCCT691-occt-64/drv/Geom/Geom_AxisPlacement.jxx
+M Geom:privinclude:Geom_AxisPlacement.ixx /misc/dn61/LocalWOK/wok_entities/LOC/dev/CR0-OCCT691-7-CR0-OCCT691-occt-64/drv/Geom/Geom_AxisPlacement.ixx
+M Geom:pubinclude:Handle_Geom_Axis1Placement.hxx /misc/dn61/LocalWOK/wok_entities/LOC/dev/CR0-OCCT691-7-CR0-OCCT691-occt-64/inc/Handle_Geom_Axis1Placement.hxx
+M Geom:pubinclude:Geom_Axis1Placement.hxx /misc/dn61/LocalWOK/wok_entities/LOC/dev/CR0-OCCT691-7-CR0-OCCT691-occt-64/inc/Geom_Axis1Placement.hxx
+M Geom:privinclude:Geom_Axis1Placement.jxx /misc/dn61/LocalWOK/wok_entities/LOC/dev/CR0-OCCT691-7-CR0-OCCT691-occt-64/drv/Geom/Geom_Axis1Placement.jxx
+M Geom:privinclude:Geom_Axis1Placement.ixx /misc/dn61/LocalWOK/wok_entities/LOC/dev/CR0-OCCT691-7-CR0-OCCT691-occt-64/drv/Geom/Geom_Axis1Placement.ixx
+M Geom:pubinclude:Handle_Geom_Axis2Placement.hxx /misc/dn61/LocalWOK/wok_entities/LOC/dev/CR0-OCCT691-7-CR0-OCCT691-occt-64/inc/Handle_Geom_Axis2Placement.hxx
+M Geom:pubinclude:Geom_Axis2Placement.hxx /misc/dn61/LocalWOK/wok_entities/LOC/dev/CR0-OCCT691-7-CR0-OCCT691-occt-64/inc/Geom_Axis2Placement.hxx
+M Geom:privinclude:Geom_Axis2Placement.jxx /misc/dn61/LocalWOK/wok_entities/LOC/dev/CR0-OCCT691-7-CR0-OCCT691-occt-64/drv/Geom/Geom_Axis2Placement.jxx
+M Geom:privinclude:Geom_Axis2Placement.ixx /misc/dn61/LocalWOK/wok_entities/LOC/dev/CR0-OCCT691-7-CR0-OCCT691-occt-64/drv/Geom/Geom_Axis2Placement.ixx
+M Geom:pubinclude:Handle_Geom_Curve.hxx /misc/dn61/LocalWOK/wok_entities/LOC/dev/CR0-OCCT691-7-CR0-OCCT691-occt-64/inc/Handle_Geom_Curve.hxx
+M Geom:pubinclude:Geom_Curve.hxx /misc/dn61/LocalWOK/wok_entities/LOC/dev/CR0-OCCT691-7-CR0-OCCT691-occt-64/inc/Geom_Curve.hxx
+M Geom:privinclude:Geom_Curve.jxx /misc/dn61/LocalWOK/wok_entities/LOC/dev/CR0-OCCT691-7-CR0-OCCT691-occt-64/drv/Geom/Geom_Curve.jxx
+M Geom:privinclude:Geom_Curve.ixx /misc/dn61/LocalWOK/wok_entities/LOC/dev/CR0-OCCT691-7-CR0-OCCT691-occt-64/drv/Geom/Geom_Curve.ixx
+M Geom:pubinclude:Handle_Geom_Line.hxx /misc/dn61/LocalWOK/wok_entities/LOC/dev/CR0-OCCT691-7-CR0-OCCT691-occt-64/inc/Handle_Geom_Line.hxx
+M Geom:pubinclude:Geom_Line.hxx /misc/dn61/LocalWOK/wok_entities/LOC/dev/CR0-OCCT691-7-CR0-OCCT691-occt-64/inc/Geom_Line.hxx
+M Geom:privinclude:Geom_Line.jxx /misc/dn61/LocalWOK/wok_entities/LOC/dev/CR0-OCCT691-7-CR0-OCCT691-occt-64/drv/Geom/Geom_Line.jxx
+M Geom:privinclude:Geom_Line.ixx /misc/dn61/LocalWOK/wok_entities/LOC/dev/CR0-OCCT691-7-CR0-OCCT691-occt-64/drv/Geom/Geom_Line.ixx
+M Geom:pubinclude:Handle_Geom_Conic.hxx /misc/dn61/LocalWOK/wok_entities/LOC/dev/CR0-OCCT691-7-CR0-OCCT691-occt-64/inc/Handle_Geom_Conic.hxx
+M Geom:pubinclude:Geom_Conic.hxx /misc/dn61/LocalWOK/wok_entities/LOC/dev/CR0-OCCT691-7-CR0-OCCT691-occt-64/inc/Geom_Conic.hxx
+M Geom:privinclude:Geom_Conic.jxx /misc/dn61/LocalWOK/wok_entities/LOC/dev/CR0-OCCT691-7-CR0-OCCT691-occt-64/drv/Geom/Geom_Conic.jxx
+M Geom:privinclude:Geom_Conic.ixx /misc/dn61/LocalWOK/wok_entities/LOC/dev/CR0-OCCT691-7-CR0-OCCT691-occt-64/drv/Geom/Geom_Conic.ixx
+M Geom:pubinclude:Handle_Geom_Circle.hxx /misc/dn61/LocalWOK/wok_entities/LOC/dev/CR0-OCCT691-7-CR0-OCCT691-occt-64/inc/Handle_Geom_Circle.hxx
+M Geom:pubinclude:Geom_Circle.hxx /misc/dn61/LocalWOK/wok_entities/LOC/dev/CR0-OCCT691-7-CR0-OCCT691-occt-64/inc/Geom_Circle.hxx
+M Geom:privinclude:Geom_Circle.jxx /misc/dn61/LocalWOK/wok_entities/LOC/dev/CR0-OCCT691-7-CR0-OCCT691-occt-64/drv/Geom/Geom_Circle.jxx
+M Geom:privinclude:Geom_Circle.ixx /misc/dn61/LocalWOK/wok_entities/LOC/dev/CR0-OCCT691-7-CR0-OCCT691-occt-64/drv/Geom/Geom_Circle.ixx
+M Geom:pubinclude:Handle_Geom_Ellipse.hxx /misc/dn61/LocalWOK/wok_entities/LOC/dev/CR0-OCCT691-7-CR0-OCCT691-occt-64/inc/Handle_Geom_Ellipse.hxx
+M Geom:pubinclude:Geom_Ellipse.hxx /misc/dn61/LocalWOK/wok_entities/LOC/dev/CR0-OCCT691-7-CR0-OCCT691-occt-64/inc/Geom_Ellipse.hxx
+M Geom:privinclude:Geom_Ellipse.jxx /misc/dn61/LocalWOK/wok_entities/LOC/dev/CR0-OCCT691-7-CR0-OCCT691-occt-64/drv/Geom/Geom_Ellipse.jxx
+M Geom:privinclude:Geom_Ellipse.ixx /misc/dn61/LocalWOK/wok_entities/LOC/dev/CR0-OCCT691-7-CR0-OCCT691-occt-64/drv/Geom/Geom_Ellipse.ixx
+M Geom:pubinclude:Handle_Geom_Hyperbola.hxx /misc/dn61/LocalWOK/wok_entities/LOC/dev/CR0-OCCT691-7-CR0-OCCT691-occt-64/inc/Handle_Geom_Hyperbola.hxx
+M Geom:pubinclude:Geom_Hyperbola.hxx /misc/dn61/LocalWOK/wok_entities/LOC/dev/CR0-OCCT691-7-CR0-OCCT691-occt-64/inc/Geom_Hyperbola.hxx
+M Geom:privinclude:Geom_Hyperbola.jxx /misc/dn61/LocalWOK/wok_entities/LOC/dev/CR0-OCCT691-7-CR0-OCCT691-occt-64/drv/Geom/Geom_Hyperbola.jxx
+M Geom:privinclude:Geom_Hyperbola.ixx /misc/dn61/LocalWOK/wok_entities/LOC/dev/CR0-OCCT691-7-CR0-OCCT691-occt-64/drv/Geom/Geom_Hyperbola.ixx
+M Geom:pubinclude:Handle_Geom_Parabola.hxx /misc/dn61/LocalWOK/wok_entities/LOC/dev/CR0-OCCT691-7-CR0-OCCT691-occt-64/inc/Handle_Geom_Parabola.hxx
+M Geom:pubinclude:Geom_Parabola.hxx /misc/dn61/LocalWOK/wok_entities/LOC/dev/CR0-OCCT691-7-CR0-OCCT691-occt-64/inc/Geom_Parabola.hxx
+M Geom:privinclude:Geom_Parabola.jxx /misc/dn61/LocalWOK/wok_entities/LOC/dev/CR0-OCCT691-7-CR0-OCCT691-occt-64/drv/Geom/Geom_Parabola.jxx
+M Geom:privinclude:Geom_Parabola.ixx /misc/dn61/LocalWOK/wok_entities/LOC/dev/CR0-OCCT691-7-CR0-OCCT691-occt-64/drv/Geom/Geom_Parabola.ixx
+M Geom:pubinclude:Handle_Geom_BoundedCurve.hxx /misc/dn61/LocalWOK/wok_entities/LOC/dev/CR0-OCCT691-7-CR0-OCCT691-occt-64/inc/Handle_Geom_BoundedCurve.hxx
+M Geom:pubinclude:Geom_BoundedCurve.hxx /misc/dn61/LocalWOK/wok_entities/LOC/dev/CR0-OCCT691-7-CR0-OCCT691-occt-64/inc/Geom_BoundedCurve.hxx
+M Geom:privinclude:Geom_BoundedCurve.jxx /misc/dn61/LocalWOK/wok_entities/LOC/dev/CR0-OCCT691-7-CR0-OCCT691-occt-64/drv/Geom/Geom_BoundedCurve.jxx
+M Geom:privinclude:Geom_BoundedCurve.ixx /misc/dn61/LocalWOK/wok_entities/LOC/dev/CR0-OCCT691-7-CR0-OCCT691-occt-64/drv/Geom/Geom_BoundedCurve.ixx
+M Geom:pubinclude:Handle_Geom_BezierCurve.hxx /misc/dn61/LocalWOK/wok_entities/LOC/dev/CR0-OCCT691-7-CR0-OCCT691-occt-64/inc/Handle_Geom_BezierCurve.hxx
+M Geom:pubinclude:Geom_BezierCurve.hxx /misc/dn61/LocalWOK/wok_entities/LOC/dev/CR0-OCCT691-7-CR0-OCCT691-occt-64/inc/Geom_BezierCurve.hxx
+M Geom:privinclude:Geom_BezierCurve.jxx /misc/dn61/LocalWOK/wok_entities/LOC/dev/CR0-OCCT691-7-CR0-OCCT691-occt-64/drv/Geom/Geom_BezierCurve.jxx
+M Geom:privinclude:Geom_BezierCurve.ixx /misc/dn61/LocalWOK/wok_entities/LOC/dev/CR0-OCCT691-7-CR0-OCCT691-occt-64/drv/Geom/Geom_BezierCurve.ixx
+M Geom:pubinclude:Handle_Geom_BSplineCurve.hxx /misc/dn61/LocalWOK/wok_entities/LOC/dev/CR0-OCCT691-7-CR0-OCCT691-occt-64/inc/Handle_Geom_BSplineCurve.hxx
+M Geom:pubinclude:Geom_BSplineCurve.hxx /misc/dn61/LocalWOK/wok_entities/LOC/dev/CR0-OCCT691-7-CR0-OCCT691-occt-64/inc/Geom_BSplineCurve.hxx
+M Geom:privinclude:Geom_BSplineCurve.jxx /misc/dn61/LocalWOK/wok_entities/LOC/dev/CR0-OCCT691-7-CR0-OCCT691-occt-64/drv/Geom/Geom_BSplineCurve.jxx
+M Geom:privinclude:Geom_BSplineCurve.ixx /misc/dn61/LocalWOK/wok_entities/LOC/dev/CR0-OCCT691-7-CR0-OCCT691-occt-64/drv/Geom/Geom_BSplineCurve.ixx
+M Geom:pubinclude:Handle_Geom_TrimmedCurve.hxx /misc/dn61/LocalWOK/wok_entities/LOC/dev/CR0-OCCT691-7-CR0-OCCT691-occt-64/inc/Handle_Geom_TrimmedCurve.hxx
+M Geom:pubinclude:Geom_TrimmedCurve.hxx /misc/dn61/LocalWOK/wok_entities/LOC/dev/CR0-OCCT691-7-CR0-OCCT691-occt-64/inc/Geom_TrimmedCurve.hxx
+M Geom:privinclude:Geom_TrimmedCurve.jxx /misc/dn61/LocalWOK/wok_entities/LOC/dev/CR0-OCCT691-7-CR0-OCCT691-occt-64/drv/Geom/Geom_TrimmedCurve.jxx
+M Geom:privinclude:Geom_TrimmedCurve.ixx /misc/dn61/LocalWOK/wok_entities/LOC/dev/CR0-OCCT691-7-CR0-OCCT691-occt-64/drv/Geom/Geom_TrimmedCurve.ixx
+M Geom:pubinclude:Handle_Geom_OffsetCurve.hxx /misc/dn61/LocalWOK/wok_entities/LOC/dev/CR0-OCCT691-7-CR0-OCCT691-occt-64/inc/Handle_Geom_OffsetCurve.hxx
+M Geom:pubinclude:Geom_OffsetCurve.hxx /misc/dn61/LocalWOK/wok_entities/LOC/dev/CR0-OCCT691-7-CR0-OCCT691-occt-64/inc/Geom_OffsetCurve.hxx
+M Geom:privinclude:Geom_OffsetCurve.jxx /misc/dn61/LocalWOK/wok_entities/LOC/dev/CR0-OCCT691-7-CR0-OCCT691-occt-64/drv/Geom/Geom_OffsetCurve.jxx
+M Geom:privinclude:Geom_OffsetCurve.ixx /misc/dn61/LocalWOK/wok_entities/LOC/dev/CR0-OCCT691-7-CR0-OCCT691-occt-64/drv/Geom/Geom_OffsetCurve.ixx
+M Geom:pubinclude:Handle_Geom_Surface.hxx /misc/dn61/LocalWOK/wok_entities/LOC/dev/CR0-OCCT691-7-CR0-OCCT691-occt-64/inc/Handle_Geom_Surface.hxx
+M Geom:pubinclude:Geom_Surface.hxx /misc/dn61/LocalWOK/wok_entities/LOC/dev/CR0-OCCT691-7-CR0-OCCT691-occt-64/inc/Geom_Surface.hxx
+M Geom:privinclude:Geom_Surface.jxx /misc/dn61/LocalWOK/wok_entities/LOC/dev/CR0-OCCT691-7-CR0-OCCT691-occt-64/drv/Geom/Geom_Surface.jxx
+M Geom:privinclude:Geom_Surface.ixx /misc/dn61/LocalWOK/wok_entities/LOC/dev/CR0-OCCT691-7-CR0-OCCT691-occt-64/drv/Geom/Geom_Surface.ixx
+M Geom:pubinclude:Handle_Geom_ElementarySurface.hxx /misc/dn61/LocalWOK/wok_entities/LOC/dev/CR0-OCCT691-7-CR0-OCCT691-occt-64/inc/Handle_Geom_ElementarySurface.hxx
+M Geom:pubinclude:Geom_ElementarySurface.hxx /misc/dn61/LocalWOK/wok_entities/LOC/dev/CR0-OCCT691-7-CR0-OCCT691-occt-64/inc/Geom_ElementarySurface.hxx
+M Geom:privinclude:Geom_ElementarySurface.jxx /misc/dn61/LocalWOK/wok_entities/LOC/dev/CR0-OCCT691-7-CR0-OCCT691-occt-64/drv/Geom/Geom_ElementarySurface.jxx
+M Geom:privinclude:Geom_ElementarySurface.ixx /misc/dn61/LocalWOK/wok_entities/LOC/dev/CR0-OCCT691-7-CR0-OCCT691-occt-64/drv/Geom/Geom_ElementarySurface.ixx
+M Geom:pubinclude:Handle_Geom_Plane.hxx /misc/dn61/LocalWOK/wok_entities/LOC/dev/CR0-OCCT691-7-CR0-OCCT691-occt-64/inc/Handle_Geom_Plane.hxx
+M Geom:pubinclude:Geom_Plane.hxx /misc/dn61/LocalWOK/wok_entities/LOC/dev/CR0-OCCT691-7-CR0-OCCT691-occt-64/inc/Geom_Plane.hxx
+M Geom:privinclude:Geom_Plane.jxx /misc/dn61/LocalWOK/wok_entities/LOC/dev/CR0-OCCT691-7-CR0-OCCT691-occt-64/drv/Geom/Geom_Plane.jxx
+M Geom:privinclude:Geom_Plane.ixx /misc/dn61/LocalWOK/wok_entities/LOC/dev/CR0-OCCT691-7-CR0-OCCT691-occt-64/drv/Geom/Geom_Plane.ixx
+M Geom:pubinclude:Handle_Geom_ConicalSurface.hxx /misc/dn61/LocalWOK/wok_entities/LOC/dev/CR0-OCCT691-7-CR0-OCCT691-occt-64/inc/Handle_Geom_ConicalSurface.hxx
+M Geom:pubinclude:Geom_ConicalSurface.hxx /misc/dn61/LocalWOK/wok_entities/LOC/dev/CR0-OCCT691-7-CR0-OCCT691-occt-64/inc/Geom_ConicalSurface.hxx
+M Geom:privinclude:Geom_ConicalSurface.jxx /misc/dn61/LocalWOK/wok_entities/LOC/dev/CR0-OCCT691-7-CR0-OCCT691-occt-64/drv/Geom/Geom_ConicalSurface.jxx
+M Geom:privinclude:Geom_ConicalSurface.ixx /misc/dn61/LocalWOK/wok_entities/LOC/dev/CR0-OCCT691-7-CR0-OCCT691-occt-64/drv/Geom/Geom_ConicalSurface.ixx
+M Geom:pubinclude:Handle_Geom_CylindricalSurface.hxx /misc/dn61/LocalWOK/wok_entities/LOC/dev/CR0-OCCT691-7-CR0-OCCT691-occt-64/inc/Handle_Geom_CylindricalSurface.hxx
+M Geom:pubinclude:Geom_CylindricalSurface.hxx /misc/dn61/LocalWOK/wok_entities/LOC/dev/CR0-OCCT691-7-CR0-OCCT691-occt-64/inc/Geom_CylindricalSurface.hxx
+M Geom:privinclude:Geom_CylindricalSurface.jxx /misc/dn61/LocalWOK/wok_entities/LOC/dev/CR0-OCCT691-7-CR0-OCCT691-occt-64/drv/Geom/Geom_CylindricalSurface.jxx
+M Geom:privinclude:Geom_CylindricalSurface.ixx /misc/dn61/LocalWOK/wok_entities/LOC/dev/CR0-OCCT691-7-CR0-OCCT691-occt-64/drv/Geom/Geom_CylindricalSurface.ixx
+M Geom:pubinclude:Handle_Geom_SphericalSurface.hxx /misc/dn61/LocalWOK/wok_entities/LOC/dev/CR0-OCCT691-7-CR0-OCCT691-occt-64/inc/Handle_Geom_SphericalSurface.hxx
+M Geom:pubinclude:Geom_SphericalSurface.hxx /misc/dn61/LocalWOK/wok_entities/LOC/dev/CR0-OCCT691-7-CR0-OCCT691-occt-64/inc/Geom_SphericalSurface.hxx
+M Geom:privinclude:Geom_SphericalSurface.jxx /misc/dn61/LocalWOK/wok_entities/LOC/dev/CR0-OCCT691-7-CR0-OCCT691-occt-64/drv/Geom/Geom_SphericalSurface.jxx
+M Geom:privinclude:Geom_SphericalSurface.ixx /misc/dn61/LocalWOK/wok_entities/LOC/dev/CR0-OCCT691-7-CR0-OCCT691-occt-64/drv/Geom/Geom_SphericalSurface.ixx
+M Geom:pubinclude:Handle_Geom_ToroidalSurface.hxx /misc/dn61/LocalWOK/wok_entities/LOC/dev/CR0-OCCT691-7-CR0-OCCT691-occt-64/inc/Handle_Geom_ToroidalSurface.hxx
+M Geom:pubinclude:Geom_ToroidalSurface.hxx /misc/dn61/LocalWOK/wok_entities/LOC/dev/CR0-OCCT691-7-CR0-OCCT691-occt-64/inc/Geom_ToroidalSurface.hxx
+M Geom:privinclude:Geom_ToroidalSurface.jxx /misc/dn61/LocalWOK/wok_entities/LOC/dev/CR0-OCCT691-7-CR0-OCCT691-occt-64/drv/Geom/Geom_ToroidalSurface.jxx
+M Geom:privinclude:Geom_ToroidalSurface.ixx /misc/dn61/LocalWOK/wok_entities/LOC/dev/CR0-OCCT691-7-CR0-OCCT691-occt-64/drv/Geom/Geom_ToroidalSurface.ixx
+M Geom:pubinclude:Handle_Geom_SweptSurface.hxx /misc/dn61/LocalWOK/wok_entities/LOC/dev/CR0-OCCT691-7-CR0-OCCT691-occt-64/inc/Handle_Geom_SweptSurface.hxx
+M Geom:pubinclude:Geom_SweptSurface.hxx /misc/dn61/LocalWOK/wok_entities/LOC/dev/CR0-OCCT691-7-CR0-OCCT691-occt-64/inc/Geom_SweptSurface.hxx
+M Geom:privinclude:Geom_SweptSurface.jxx /misc/dn61/LocalWOK/wok_entities/LOC/dev/CR0-OCCT691-7-CR0-OCCT691-occt-64/drv/Geom/Geom_SweptSurface.jxx
+M Geom:privinclude:Geom_SweptSurface.ixx /misc/dn61/LocalWOK/wok_entities/LOC/dev/CR0-OCCT691-7-CR0-OCCT691-occt-64/drv/Geom/Geom_SweptSurface.ixx
+M Geom:pubinclude:Handle_Geom_SurfaceOfLinearExtrusion.hxx /misc/dn61/LocalWOK/wok_entities/LOC/dev/CR0-OCCT691-7-CR0-OCCT691-occt-64/inc/Handle_Geom_SurfaceOfLinearExtrusion.hxx
+M Geom:pubinclude:Geom_SurfaceOfLinearExtrusion.hxx /misc/dn61/LocalWOK/wok_entities/LOC/dev/CR0-OCCT691-7-CR0-OCCT691-occt-64/inc/Geom_SurfaceOfLinearExtrusion.hxx
+M Geom:privinclude:Geom_SurfaceOfLinearExtrusion.jxx /misc/dn61/LocalWOK/wok_entities/LOC/dev/CR0-OCCT691-7-CR0-OCCT691-occt-64/drv/Geom/Geom_SurfaceOfLinearExtrusion.jxx
+M Geom:privinclude:Geom_SurfaceOfLinearExtrusion.ixx /misc/dn61/LocalWOK/wok_entities/LOC/dev/CR0-OCCT691-7-CR0-OCCT691-occt-64/drv/Geom/Geom_SurfaceOfLinearExtrusion.ixx
+M Geom:pubinclude:Handle_Geom_SurfaceOfRevolution.hxx /misc/dn61/LocalWOK/wok_entities/LOC/dev/CR0-OCCT691-7-CR0-OCCT691-occt-64/inc/Handle_Geom_SurfaceOfRevolution.hxx
+M Geom:pubinclude:Geom_SurfaceOfRevolution.hxx /misc/dn61/LocalWOK/wok_entities/LOC/dev/CR0-OCCT691-7-CR0-OCCT691-occt-64/inc/Geom_SurfaceOfRevolution.hxx
+M Geom:privinclude:Geom_SurfaceOfRevolution.jxx /misc/dn61/LocalWOK/wok_entities/LOC/dev/CR0-OCCT691-7-CR0-OCCT691-occt-64/drv/Geom/Geom_SurfaceOfRevolution.jxx
+M Geom:privinclude:Geom_SurfaceOfRevolution.ixx /misc/dn61/LocalWOK/wok_entities/LOC/dev/CR0-OCCT691-7-CR0-OCCT691-occt-64/drv/Geom/Geom_SurfaceOfRevolution.ixx
+M Geom:pubinclude:Handle_Geom_BoundedSurface.hxx /misc/dn61/LocalWOK/wok_entities/LOC/dev/CR0-OCCT691-7-CR0-OCCT691-occt-64/inc/Handle_Geom_BoundedSurface.hxx
+M Geom:pubinclude:Geom_BoundedSurface.hxx /misc/dn61/LocalWOK/wok_entities/LOC/dev/CR0-OCCT691-7-CR0-OCCT691-occt-64/inc/Geom_BoundedSurface.hxx
+M Geom:privinclude:Geom_BoundedSurface.jxx /misc/dn61/LocalWOK/wok_entities/LOC/dev/CR0-OCCT691-7-CR0-OCCT691-occt-64/drv/Geom/Geom_BoundedSurface.jxx
+M Geom:privinclude:Geom_BoundedSurface.ixx /misc/dn61/LocalWOK/wok_entities/LOC/dev/CR0-OCCT691-7-CR0-OCCT691-occt-64/drv/Geom/Geom_BoundedSurface.ixx
+M Geom:pubinclude:Handle_Geom_BezierSurface.hxx /misc/dn61/LocalWOK/wok_entities/LOC/dev/CR0-OCCT691-7-CR0-OCCT691-occt-64/inc/Handle_Geom_BezierSurface.hxx
+M Geom:pubinclude:Geom_BezierSurface.hxx /misc/dn61/LocalWOK/wok_entities/LOC/dev/CR0-OCCT691-7-CR0-OCCT691-occt-64/inc/Geom_BezierSurface.hxx
+M Geom:privinclude:Geom_BezierSurface.jxx /misc/dn61/LocalWOK/wok_entities/LOC/dev/CR0-OCCT691-7-CR0-OCCT691-occt-64/drv/Geom/Geom_BezierSurface.jxx
+M Geom:privinclude:Geom_BezierSurface.ixx /misc/dn61/LocalWOK/wok_entities/LOC/dev/CR0-OCCT691-7-CR0-OCCT691-occt-64/drv/Geom/Geom_BezierSurface.ixx
+M Geom:pubinclude:Handle_Geom_BSplineSurface.hxx /misc/dn61/LocalWOK/wok_entities/LOC/dev/CR0-OCCT691-7-CR0-OCCT691-occt-64/inc/Handle_Geom_BSplineSurface.hxx
+M Geom:pubinclude:Geom_BSplineSurface.hxx /misc/dn61/LocalWOK/wok_entities/LOC/dev/CR0-OCCT691-7-CR0-OCCT691-occt-64/inc/Geom_BSplineSurface.hxx
+M Geom:privinclude:Geom_BSplineSurface.jxx /misc/dn61/LocalWOK/wok_entities/LOC/dev/CR0-OCCT691-7-CR0-OCCT691-occt-64/drv/Geom/Geom_BSplineSurface.jxx
+M Geom:privinclude:Geom_BSplineSurface.ixx /misc/dn61/LocalWOK/wok_entities/LOC/dev/CR0-OCCT691-7-CR0-OCCT691-occt-64/drv/Geom/Geom_BSplineSurface.ixx
+M Geom:pubinclude:Handle_Geom_RectangularTrimmedSurface.hxx /misc/dn61/LocalWOK/wok_entities/LOC/dev/CR0-OCCT691-7-CR0-OCCT691-occt-64/inc/Handle_Geom_RectangularTrimmedSurface.hxx
+M Geom:pubinclude:Geom_RectangularTrimmedSurface.hxx /misc/dn61/LocalWOK/wok_entities/LOC/dev/CR0-OCCT691-7-CR0-OCCT691-occt-64/inc/Geom_RectangularTrimmedSurface.hxx
+M Geom:privinclude:Geom_RectangularTrimmedSurface.jxx /misc/dn61/LocalWOK/wok_entities/LOC/dev/CR0-OCCT691-7-CR0-OCCT691-occt-64/drv/Geom/Geom_RectangularTrimmedSurface.jxx
+M Geom:privinclude:Geom_RectangularTrimmedSurface.ixx /misc/dn61/LocalWOK/wok_entities/LOC/dev/CR0-OCCT691-7-CR0-OCCT691-occt-64/drv/Geom/Geom_RectangularTrimmedSurface.ixx
+M Geom:pubinclude:Handle_Geom_OffsetSurface.hxx /misc/dn61/LocalWOK/wok_entities/LOC/dev/CR0-OCCT691-7-CR0-OCCT691-occt-64/inc/Handle_Geom_OffsetSurface.hxx
+M Geom:pubinclude:Geom_OffsetSurface.hxx /misc/dn61/LocalWOK/wok_entities/LOC/dev/CR0-OCCT691-7-CR0-OCCT691-occt-64/inc/Geom_OffsetSurface.hxx
+M Geom:privinclude:Geom_OffsetSurface.jxx /misc/dn61/LocalWOK/wok_entities/LOC/dev/CR0-OCCT691-7-CR0-OCCT691-occt-64/drv/Geom/Geom_OffsetSurface.jxx
+M Geom:privinclude:Geom_OffsetSurface.ixx /misc/dn61/LocalWOK/wok_entities/LOC/dev/CR0-OCCT691-7-CR0-OCCT691-occt-64/drv/Geom/Geom_OffsetSurface.ixx
+M Geom:pubinclude:Geom_OsculatingSurface.hxx /misc/dn61/LocalWOK/wok_entities/LOC/dev/CR0-OCCT691-7-CR0-OCCT691-occt-64/inc/Geom_OsculatingSurface.hxx
+M Geom:privinclude:Geom_OsculatingSurface.jxx /misc/dn61/LocalWOK/wok_entities/LOC/dev/CR0-OCCT691-7-CR0-OCCT691-occt-64/drv/Geom/Geom_OsculatingSurface.jxx
+M Geom:privinclude:Geom_OsculatingSurface.ixx /misc/dn61/LocalWOK/wok_entities/LOC/dev/CR0-OCCT691-7-CR0-OCCT691-occt-64/drv/Geom/Geom_OsculatingSurface.ixx
+M Geom:pubinclude:Handle_Geom_SequenceNodeOfSequenceOfBSplineSurface.hxx /misc/dn61/LocalWOK/wok_entities/LOC/dev/CR0-OCCT691-7-CR0-OCCT691-occt-64/inc/Handle_Geom_SequenceNodeOfSequenceOfBSplineSurface.hxx
+M Geom:pubinclude:Geom_SequenceNodeOfSequenceOfBSplineSurface.hxx /misc/dn61/LocalWOK/wok_entities/LOC/dev/CR0-OCCT691-7-CR0-OCCT691-occt-64/inc/Geom_SequenceNodeOfSequenceOfBSplineSurface.hxx
+M Geom:derivated:Geom_SequenceNodeOfSequenceOfBSplineSurface_0.cxx /misc/dn61/LocalWOK/wok_entities/LOC/dev/CR0-OCCT691-7-CR0-OCCT691-occt-64/drv/Geom/Geom_SequenceNodeOfSequenceOfBSplineSurface_0.cxx
+M Geom:pubinclude:Handle_Geom_UndefinedDerivative.hxx /misc/dn61/LocalWOK/wok_entities/LOC/dev/CR0-OCCT691-7-CR0-OCCT691-occt-64/inc/Handle_Geom_UndefinedDerivative.hxx
+M Geom:pubinclude:Geom_UndefinedDerivative.hxx /misc/dn61/LocalWOK/wok_entities/LOC/dev/CR0-OCCT691-7-CR0-OCCT691-occt-64/inc/Geom_UndefinedDerivative.hxx
+M Geom:derivated:Geom_UndefinedDerivative_0.cxx /misc/dn61/LocalWOK/wok_entities/LOC/dev/CR0-OCCT691-7-CR0-OCCT691-occt-64/drv/Geom/Geom_UndefinedDerivative_0.cxx
+M Geom:pubinclude:Handle_Geom_UndefinedValue.hxx /misc/dn61/LocalWOK/wok_entities/LOC/dev/CR0-OCCT691-7-CR0-OCCT691-occt-64/inc/Handle_Geom_UndefinedValue.hxx
+M Geom:pubinclude:Geom_UndefinedValue.hxx /misc/dn61/LocalWOK/wok_entities/LOC/dev/CR0-OCCT691-7-CR0-OCCT691-occt-64/inc/Geom_UndefinedValue.hxx
+M Geom:derivated:Geom_UndefinedValue_0.cxx /misc/dn61/LocalWOK/wok_entities/LOC/dev/CR0-OCCT691-7-CR0-OCCT691-occt-64/drv/Geom/Geom_UndefinedValue_0.cxx
+M Geom:dbadmfile:Geom_xcpp_header.In /misc/dn61/LocalWOK/wok_entities/LOC/dev/CR0-OCCT691-7-CR0-OCCT691-occt-64/drv/Geom/.adm/Geom_xcpp_header.In
+M Geom:dbadmfile:Geom_xcpp_header.Out /misc/dn61/LocalWOK/wok_entities/LOC/dev/CR0-OCCT691-7-CR0-OCCT691-occt-64/drv/Geom/.adm/Geom_xcpp_header.Out
+M Geom:dbadmfile:Geom_xcpp_header.Dep /misc/dn61/LocalWOK/wok_entities/LOC/dev/CR0-OCCT691-7-CR0-OCCT691-occt-64/drv/Geom/.adm/Geom_xcpp_header.Dep
