+M Visual3d:pubinclude:Visual3d_ContextPick.hxx /misc/dn61/LocalWOK/wok_entities/LOC/dev/CR0-OCCT691-7-CR0-OCCT691-occt-64/inc/Visual3d_ContextPick.hxx
+M Visual3d:privinclude:Visual3d_ContextPick.jxx /misc/dn61/LocalWOK/wok_entities/LOC/dev/CR0-OCCT691-7-CR0-OCCT691-occt-64/drv/Visual3d/Visual3d_ContextPick.jxx
+M Visual3d:privinclude:Visual3d_ContextPick.ixx /misc/dn61/LocalWOK/wok_entities/LOC/dev/CR0-OCCT691-7-CR0-OCCT691-occt-64/drv/Visual3d/Visual3d_ContextPick.ixx
+M Visual3d:pubinclude:Visual3d_ContextView.hxx /misc/dn61/LocalWOK/wok_entities/LOC/dev/CR0-OCCT691-7-CR0-OCCT691-occt-64/inc/Visual3d_ContextView.hxx
+M Visual3d:privinclude:Visual3d_ContextView.jxx /misc/dn61/LocalWOK/wok_entities/LOC/dev/CR0-OCCT691-7-CR0-OCCT691-occt-64/drv/Visual3d/Visual3d_ContextView.jxx
+M Visual3d:privinclude:Visual3d_ContextView.ixx /misc/dn61/LocalWOK/wok_entities/LOC/dev/CR0-OCCT691-7-CR0-OCCT691-occt-64/drv/Visual3d/Visual3d_ContextView.ixx
+M Visual3d:pubinclude:Handle_Visual3d_Light.hxx /misc/dn61/LocalWOK/wok_entities/LOC/dev/CR0-OCCT691-7-CR0-OCCT691-occt-64/inc/Handle_Visual3d_Light.hxx
+M Visual3d:pubinclude:Visual3d_Light.hxx /misc/dn61/LocalWOK/wok_entities/LOC/dev/CR0-OCCT691-7-CR0-OCCT691-occt-64/inc/Visual3d_Light.hxx
+M Visual3d:privinclude:Visual3d_Light.jxx /misc/dn61/LocalWOK/wok_entities/LOC/dev/CR0-OCCT691-7-CR0-OCCT691-occt-64/drv/Visual3d/Visual3d_Light.jxx
+M Visual3d:privinclude:Visual3d_Light.ixx /misc/dn61/LocalWOK/wok_entities/LOC/dev/CR0-OCCT691-7-CR0-OCCT691-occt-64/drv/Visual3d/Visual3d_Light.ixx
+M Visual3d:pubinclude:Handle_Visual3d_View.hxx /misc/dn61/LocalWOK/wok_entities/LOC/dev/CR0-OCCT691-7-CR0-OCCT691-occt-64/inc/Handle_Visual3d_View.hxx
+M Visual3d:pubinclude:Visual3d_View.hxx /misc/dn61/LocalWOK/wok_entities/LOC/dev/CR0-OCCT691-7-CR0-OCCT691-occt-64/inc/Visual3d_View.hxx
+M Visual3d:privinclude:Visual3d_View.jxx /misc/dn61/LocalWOK/wok_entities/LOC/dev/CR0-OCCT691-7-CR0-OCCT691-occt-64/drv/Visual3d/Visual3d_View.jxx
+M Visual3d:privinclude:Visual3d_View.ixx /misc/dn61/LocalWOK/wok_entities/LOC/dev/CR0-OCCT691-7-CR0-OCCT691-occt-64/drv/Visual3d/Visual3d_View.ixx
+M Visual3d:pubinclude:Handle_Visual3d_ViewManager.hxx /misc/dn61/LocalWOK/wok_entities/LOC/dev/CR0-OCCT691-7-CR0-OCCT691-occt-64/inc/Handle_Visual3d_ViewManager.hxx
+M Visual3d:pubinclude:Visual3d_ViewManager.hxx /misc/dn61/LocalWOK/wok_entities/LOC/dev/CR0-OCCT691-7-CR0-OCCT691-occt-64/inc/Visual3d_ViewManager.hxx
+M Visual3d:privinclude:Visual3d_ViewManager.jxx /misc/dn61/LocalWOK/wok_entities/LOC/dev/CR0-OCCT691-7-CR0-OCCT691-occt-64/drv/Visual3d/Visual3d_ViewManager.jxx
+M Visual3d:privinclude:Visual3d_ViewManager.ixx /misc/dn61/LocalWOK/wok_entities/LOC/dev/CR0-OCCT691-7-CR0-OCCT691-occt-64/drv/Visual3d/Visual3d_ViewManager.ixx
+M Visual3d:pubinclude:Handle_Visual3d_Layer.hxx /misc/dn61/LocalWOK/wok_entities/LOC/dev/CR0-OCCT691-7-CR0-OCCT691-occt-64/inc/Handle_Visual3d_Layer.hxx
+M Visual3d:pubinclude:Visual3d_Layer.hxx /misc/dn61/LocalWOK/wok_entities/LOC/dev/CR0-OCCT691-7-CR0-OCCT691-occt-64/inc/Visual3d_Layer.hxx
+M Visual3d:privinclude:Visual3d_Layer.jxx /misc/dn61/LocalWOK/wok_entities/LOC/dev/CR0-OCCT691-7-CR0-OCCT691-occt-64/drv/Visual3d/Visual3d_Layer.jxx
+M Visual3d:privinclude:Visual3d_Layer.ixx /misc/dn61/LocalWOK/wok_entities/LOC/dev/CR0-OCCT691-7-CR0-OCCT691-occt-64/drv/Visual3d/Visual3d_Layer.ixx
+M Visual3d:pubinclude:Handle_Visual3d_LayerItem.hxx /misc/dn61/LocalWOK/wok_entities/LOC/dev/CR0-OCCT691-7-CR0-OCCT691-occt-64/inc/Handle_Visual3d_LayerItem.hxx
+M Visual3d:pubinclude:Visual3d_LayerItem.hxx /misc/dn61/LocalWOK/wok_entities/LOC/dev/CR0-OCCT691-7-CR0-OCCT691-occt-64/inc/Visual3d_LayerItem.hxx
+M Visual3d:privinclude:Visual3d_LayerItem.jxx /misc/dn61/LocalWOK/wok_entities/LOC/dev/CR0-OCCT691-7-CR0-OCCT691-occt-64/drv/Visual3d/Visual3d_LayerItem.jxx
+M Visual3d:privinclude:Visual3d_LayerItem.ixx /misc/dn61/LocalWOK/wok_entities/LOC/dev/CR0-OCCT691-7-CR0-OCCT691-occt-64/drv/Visual3d/Visual3d_LayerItem.ixx
+M Visual3d:pubinclude:Visual3d_SequenceOfLight.hxx /misc/dn61/LocalWOK/wok_entities/LOC/dev/CR0-OCCT691-7-CR0-OCCT691-occt-64/inc/Visual3d_SequenceOfLight.hxx
+M Visual3d:derivated:Visual3d_SequenceOfLight_0.cxx /misc/dn61/LocalWOK/wok_entities/LOC/dev/CR0-OCCT691-7-CR0-OCCT691-occt-64/drv/Visual3d/Visual3d_SequenceOfLight_0.cxx
+M Visual3d:pubinclude:Handle_Visual3d_HSequenceOfLight.hxx /misc/dn61/LocalWOK/wok_entities/LOC/dev/CR0-OCCT691-7-CR0-OCCT691-occt-64/inc/Handle_Visual3d_HSequenceOfLight.hxx
+M Visual3d:pubinclude:Visual3d_HSequenceOfLight.hxx /misc/dn61/LocalWOK/wok_entities/LOC/dev/CR0-OCCT691-7-CR0-OCCT691-occt-64/inc/Visual3d_HSequenceOfLight.hxx
+M Visual3d:derivated:Visual3d_HSequenceOfLight_0.cxx /misc/dn61/LocalWOK/wok_entities/LOC/dev/CR0-OCCT691-7-CR0-OCCT691-occt-64/drv/Visual3d/Visual3d_HSequenceOfLight_0.cxx
+M Visual3d:pubinclude:Visual3d_SequenceOfView.hxx /misc/dn61/LocalWOK/wok_entities/LOC/dev/CR0-OCCT691-7-CR0-OCCT691-occt-64/inc/Visual3d_SequenceOfView.hxx
+M Visual3d:derivated:Visual3d_SequenceOfView_0.cxx /misc/dn61/LocalWOK/wok_entities/LOC/dev/CR0-OCCT691-7-CR0-OCCT691-occt-64/drv/Visual3d/Visual3d_SequenceOfView_0.cxx
+M Visual3d:pubinclude:Handle_Visual3d_HSequenceOfView.hxx /misc/dn61/LocalWOK/wok_entities/LOC/dev/CR0-OCCT691-7-CR0-OCCT691-occt-64/inc/Handle_Visual3d_HSequenceOfView.hxx
+M Visual3d:pubinclude:Visual3d_HSequenceOfView.hxx /misc/dn61/LocalWOK/wok_entities/LOC/dev/CR0-OCCT691-7-CR0-OCCT691-occt-64/inc/Visual3d_HSequenceOfView.hxx
+M Visual3d:derivated:Visual3d_HSequenceOfView_0.cxx /misc/dn61/LocalWOK/wok_entities/LOC/dev/CR0-OCCT691-7-CR0-OCCT691-occt-64/drv/Visual3d/Visual3d_HSequenceOfView_0.cxx
+M Visual3d:pubinclude:Handle_Visual3d_SequenceNodeOfSequenceOfLight.hxx /misc/dn61/LocalWOK/wok_entities/LOC/dev/CR0-OCCT691-7-CR0-OCCT691-occt-64/inc/Handle_Visual3d_SequenceNodeOfSequenceOfLight.hxx
+M Visual3d:pubinclude:Visual3d_SequenceNodeOfSequenceOfLight.hxx /misc/dn61/LocalWOK/wok_entities/LOC/dev/CR0-OCCT691-7-CR0-OCCT691-occt-64/inc/Visual3d_SequenceNodeOfSequenceOfLight.hxx
+M Visual3d:derivated:Visual3d_SequenceNodeOfSequenceOfLight_0.cxx /misc/dn61/LocalWOK/wok_entities/LOC/dev/CR0-OCCT691-7-CR0-OCCT691-occt-64/drv/Visual3d/Visual3d_SequenceNodeOfSequenceOfLight_0.cxx
+M Visual3d:pubinclude:Handle_Visual3d_SequenceNodeOfSequenceOfView.hxx /misc/dn61/LocalWOK/wok_entities/LOC/dev/CR0-OCCT691-7-CR0-OCCT691-occt-64/inc/Handle_Visual3d_SequenceNodeOfSequenceOfView.hxx
+M Visual3d:pubinclude:Visual3d_SequenceNodeOfSequenceOfView.hxx /misc/dn61/LocalWOK/wok_entities/LOC/dev/CR0-OCCT691-7-CR0-OCCT691-occt-64/inc/Visual3d_SequenceNodeOfSequenceOfView.hxx
+M Visual3d:derivated:Visual3d_SequenceNodeOfSequenceOfView_0.cxx /misc/dn61/LocalWOK/wok_entities/LOC/dev/CR0-OCCT691-7-CR0-OCCT691-occt-64/drv/Visual3d/Visual3d_SequenceNodeOfSequenceOfView_0.cxx
+M Visual3d:pubinclude:Handle_Visual3d_ClipDefinitionError.hxx /misc/dn61/LocalWOK/wok_entities/LOC/dev/CR0-OCCT691-7-CR0-OCCT691-occt-64/inc/Handle_Visual3d_ClipDefinitionError.hxx
+M Visual3d:pubinclude:Visual3d_ClipDefinitionError.hxx /misc/dn61/LocalWOK/wok_entities/LOC/dev/CR0-OCCT691-7-CR0-OCCT691-occt-64/inc/Visual3d_ClipDefinitionError.hxx
+M Visual3d:derivated:Visual3d_ClipDefinitionError_0.cxx /misc/dn61/LocalWOK/wok_entities/LOC/dev/CR0-OCCT691-7-CR0-OCCT691-occt-64/drv/Visual3d/Visual3d_ClipDefinitionError_0.cxx
+M Visual3d:pubinclude:Handle_Visual3d_ContextPickDefinitionError.hxx /misc/dn61/LocalWOK/wok_entities/LOC/dev/CR0-OCCT691-7-CR0-OCCT691-occt-64/inc/Handle_Visual3d_ContextPickDefinitionError.hxx
+M Visual3d:pubinclude:Visual3d_ContextPickDefinitionError.hxx /misc/dn61/LocalWOK/wok_entities/LOC/dev/CR0-OCCT691-7-CR0-OCCT691-occt-64/inc/Visual3d_ContextPickDefinitionError.hxx
+M Visual3d:derivated:Visual3d_ContextPickDefinitionError_0.cxx /misc/dn61/LocalWOK/wok_entities/LOC/dev/CR0-OCCT691-7-CR0-OCCT691-occt-64/drv/Visual3d/Visual3d_ContextPickDefinitionError_0.cxx
+M Visual3d:pubinclude:Handle_Visual3d_DepthCueingDefinitionError.hxx /misc/dn61/LocalWOK/wok_entities/LOC/dev/CR0-OCCT691-7-CR0-OCCT691-occt-64/inc/Handle_Visual3d_DepthCueingDefinitionError.hxx
+M Visual3d:pubinclude:Visual3d_DepthCueingDefinitionError.hxx /misc/dn61/LocalWOK/wok_entities/LOC/dev/CR0-OCCT691-7-CR0-OCCT691-occt-64/inc/Visual3d_DepthCueingDefinitionError.hxx
+M Visual3d:derivated:Visual3d_DepthCueingDefinitionError_0.cxx /misc/dn61/LocalWOK/wok_entities/LOC/dev/CR0-OCCT691-7-CR0-OCCT691-occt-64/drv/Visual3d/Visual3d_DepthCueingDefinitionError_0.cxx
+M Visual3d:pubinclude:Handle_Visual3d_LightDefinitionError.hxx /misc/dn61/LocalWOK/wok_entities/LOC/dev/CR0-OCCT691-7-CR0-OCCT691-occt-64/inc/Handle_Visual3d_LightDefinitionError.hxx
+M Visual3d:pubinclude:Visual3d_LightDefinitionError.hxx /misc/dn61/LocalWOK/wok_entities/LOC/dev/CR0-OCCT691-7-CR0-OCCT691-occt-64/inc/Visual3d_LightDefinitionError.hxx
+M Visual3d:derivated:Visual3d_LightDefinitionError_0.cxx /misc/dn61/LocalWOK/wok_entities/LOC/dev/CR0-OCCT691-7-CR0-OCCT691-occt-64/drv/Visual3d/Visual3d_LightDefinitionError_0.cxx
+M Visual3d:pubinclude:Handle_Visual3d_PickError.hxx /misc/dn61/LocalWOK/wok_entities/LOC/dev/CR0-OCCT691-7-CR0-OCCT691-occt-64/inc/Handle_Visual3d_PickError.hxx
+M Visual3d:pubinclude:Visual3d_PickError.hxx /misc/dn61/LocalWOK/wok_entities/LOC/dev/CR0-OCCT691-7-CR0-OCCT691-occt-64/inc/Visual3d_PickError.hxx
+M Visual3d:derivated:Visual3d_PickError_0.cxx /misc/dn61/LocalWOK/wok_entities/LOC/dev/CR0-OCCT691-7-CR0-OCCT691-occt-64/drv/Visual3d/Visual3d_PickError_0.cxx
+M Visual3d:pubinclude:Handle_Visual3d_TransformError.hxx /misc/dn61/LocalWOK/wok_entities/LOC/dev/CR0-OCCT691-7-CR0-OCCT691-occt-64/inc/Handle_Visual3d_TransformError.hxx
+M Visual3d:pubinclude:Visual3d_TransformError.hxx /misc/dn61/LocalWOK/wok_entities/LOC/dev/CR0-OCCT691-7-CR0-OCCT691-occt-64/inc/Visual3d_TransformError.hxx
+M Visual3d:derivated:Visual3d_TransformError_0.cxx /misc/dn61/LocalWOK/wok_entities/LOC/dev/CR0-OCCT691-7-CR0-OCCT691-occt-64/drv/Visual3d/Visual3d_TransformError_0.cxx
+M Visual3d:pubinclude:Handle_Visual3d_ViewDefinitionError.hxx /misc/dn61/LocalWOK/wok_entities/LOC/dev/CR0-OCCT691-7-CR0-OCCT691-occt-64/inc/Handle_Visual3d_ViewDefinitionError.hxx
+M Visual3d:pubinclude:Visual3d_ViewDefinitionError.hxx /misc/dn61/LocalWOK/wok_entities/LOC/dev/CR0-OCCT691-7-CR0-OCCT691-occt-64/inc/Visual3d_ViewDefinitionError.hxx
+M Visual3d:derivated:Visual3d_ViewDefinitionError_0.cxx /misc/dn61/LocalWOK/wok_entities/LOC/dev/CR0-OCCT691-7-CR0-OCCT691-occt-64/drv/Visual3d/Visual3d_ViewDefinitionError_0.cxx
+M Visual3d:pubinclude:Handle_Visual3d_ViewManagerDefinitionError.hxx /misc/dn61/LocalWOK/wok_entities/LOC/dev/CR0-OCCT691-7-CR0-OCCT691-occt-64/inc/Handle_Visual3d_ViewManagerDefinitionError.hxx
+M Visual3d:pubinclude:Visual3d_ViewManagerDefinitionError.hxx /misc/dn61/LocalWOK/wok_entities/LOC/dev/CR0-OCCT691-7-CR0-OCCT691-occt-64/inc/Visual3d_ViewManagerDefinitionError.hxx
+M Visual3d:derivated:Visual3d_ViewManagerDefinitionError_0.cxx /misc/dn61/LocalWOK/wok_entities/LOC/dev/CR0-OCCT691-7-CR0-OCCT691-occt-64/drv/Visual3d/Visual3d_ViewManagerDefinitionError_0.cxx
+M Visual3d:pubinclude:Handle_Visual3d_ViewMappingDefinitionError.hxx /misc/dn61/LocalWOK/wok_entities/LOC/dev/CR0-OCCT691-7-CR0-OCCT691-occt-64/inc/Handle_Visual3d_ViewMappingDefinitionError.hxx
+M Visual3d:pubinclude:Visual3d_ViewMappingDefinitionError.hxx /misc/dn61/LocalWOK/wok_entities/LOC/dev/CR0-OCCT691-7-CR0-OCCT691-occt-64/inc/Visual3d_ViewMappingDefinitionError.hxx
+M Visual3d:derivated:Visual3d_ViewMappingDefinitionError_0.cxx /misc/dn61/LocalWOK/wok_entities/LOC/dev/CR0-OCCT691-7-CR0-OCCT691-occt-64/drv/Visual3d/Visual3d_ViewMappingDefinitionError_0.cxx
+M Visual3d:pubinclude:Handle_Visual3d_ViewOrientationDefinitionError.hxx /misc/dn61/LocalWOK/wok_entities/LOC/dev/CR0-OCCT691-7-CR0-OCCT691-occt-64/inc/Handle_Visual3d_ViewOrientationDefinitionError.hxx
+M Visual3d:pubinclude:Visual3d_ViewOrientationDefinitionError.hxx /misc/dn61/LocalWOK/wok_entities/LOC/dev/CR0-OCCT691-7-CR0-OCCT691-occt-64/inc/Visual3d_ViewOrientationDefinitionError.hxx
+M Visual3d:derivated:Visual3d_ViewOrientationDefinitionError_0.cxx /misc/dn61/LocalWOK/wok_entities/LOC/dev/CR0-OCCT691-7-CR0-OCCT691-occt-64/drv/Visual3d/Visual3d_ViewOrientationDefinitionError_0.cxx
+M Visual3d:pubinclude:Handle_Visual3d_ZClippingDefinitionError.hxx /misc/dn61/LocalWOK/wok_entities/LOC/dev/CR0-OCCT691-7-CR0-OCCT691-occt-64/inc/Handle_Visual3d_ZClippingDefinitionError.hxx
+M Visual3d:pubinclude:Visual3d_ZClippingDefinitionError.hxx /misc/dn61/LocalWOK/wok_entities/LOC/dev/CR0-OCCT691-7-CR0-OCCT691-occt-64/inc/Visual3d_ZClippingDefinitionError.hxx
+M Visual3d:derivated:Visual3d_ZClippingDefinitionError_0.cxx /misc/dn61/LocalWOK/wok_entities/LOC/dev/CR0-OCCT691-7-CR0-OCCT691-occt-64/drv/Visual3d/Visual3d_ZClippingDefinitionError_0.cxx
+M Visual3d:pubinclude:Handle_Visual3d_LayerDefinitionError.hxx /misc/dn61/LocalWOK/wok_entities/LOC/dev/CR0-OCCT691-7-CR0-OCCT691-occt-64/inc/Handle_Visual3d_LayerDefinitionError.hxx
+M Visual3d:pubinclude:Visual3d_LayerDefinitionError.hxx /misc/dn61/LocalWOK/wok_entities/LOC/dev/CR0-OCCT691-7-CR0-OCCT691-occt-64/inc/Visual3d_LayerDefinitionError.hxx
+M Visual3d:derivated:Visual3d_LayerDefinitionError_0.cxx /misc/dn61/LocalWOK/wok_entities/LOC/dev/CR0-OCCT691-7-CR0-OCCT691-occt-64/drv/Visual3d/Visual3d_LayerDefinitionError_0.cxx
+M Visual3d:pubinclude:Visual3d_TypeOfAnswer.hxx /misc/dn61/LocalWOK/wok_entities/LOC/dev/CR0-OCCT691-7-CR0-OCCT691-occt-64/inc/Visual3d_TypeOfAnswer.hxx
+M Visual3d:pubinclude:Visual3d_TypeOfLightSource.hxx /misc/dn61/LocalWOK/wok_entities/LOC/dev/CR0-OCCT691-7-CR0-OCCT691-occt-64/inc/Visual3d_TypeOfLightSource.hxx
+M Visual3d:pubinclude:Visual3d_TypeOfModel.hxx /misc/dn61/LocalWOK/wok_entities/LOC/dev/CR0-OCCT691-7-CR0-OCCT691-occt-64/inc/Visual3d_TypeOfModel.hxx
+M Visual3d:pubinclude:Visual3d_TypeOfOrder.hxx /misc/dn61/LocalWOK/wok_entities/LOC/dev/CR0-OCCT691-7-CR0-OCCT691-occt-64/inc/Visual3d_TypeOfOrder.hxx
+M Visual3d:pubinclude:Visual3d_TypeOfProjection.hxx /misc/dn61/LocalWOK/wok_entities/LOC/dev/CR0-OCCT691-7-CR0-OCCT691-occt-64/inc/Visual3d_TypeOfProjection.hxx
+M Visual3d:pubinclude:Visual3d_TypeOfVisualization.hxx /misc/dn61/LocalWOK/wok_entities/LOC/dev/CR0-OCCT691-7-CR0-OCCT691-occt-64/inc/Visual3d_TypeOfVisualization.hxx
+M Visual3d:pubinclude:Visual3d_TypeOfSurfaceDetail.hxx /misc/dn61/LocalWOK/wok_entities/LOC/dev/CR0-OCCT691-7-CR0-OCCT691-occt-64/inc/Visual3d_TypeOfSurfaceDetail.hxx
+M Visual3d:pubinclude:Visual3d_TypeOfBackfacingModel.hxx /misc/dn61/LocalWOK/wok_entities/LOC/dev/CR0-OCCT691-7-CR0-OCCT691-occt-64/inc/Visual3d_TypeOfBackfacingModel.hxx
+M Visual3d:pubinclude:Visual3d_ViewPtr.hxx /misc/dn61/LocalWOK/wok_entities/LOC/dev/CR0-OCCT691-7-CR0-OCCT691-occt-64/inc/Visual3d_ViewPtr.hxx
+M Visual3d:pubinclude:Visual3d_ViewManagerPtr.hxx /misc/dn61/LocalWOK/wok_entities/LOC/dev/CR0-OCCT691-7-CR0-OCCT691-occt-64/inc/Visual3d_ViewManagerPtr.hxx
+M Visual3d:dbadmfile:Visual3d_xcpp_header.In /misc/dn61/LocalWOK/wok_entities/LOC/dev/CR0-OCCT691-7-CR0-OCCT691-occt-64/drv/Visual3d/.adm/Visual3d_xcpp_header.In
+M Visual3d:dbadmfile:Visual3d_xcpp_header.Out /misc/dn61/LocalWOK/wok_entities/LOC/dev/CR0-OCCT691-7-CR0-OCCT691-occt-64/drv/Visual3d/.adm/Visual3d_xcpp_header.Out
+M Visual3d:dbadmfile:Visual3d_xcpp_header.Dep /misc/dn61/LocalWOK/wok_entities/LOC/dev/CR0-OCCT691-7-CR0-OCCT691-occt-64/drv/Visual3d/.adm/Visual3d_xcpp_header.Dep
