+M FEmTool:pubinclude:FEmTool_Assembly.hxx /misc/dn61/LocalWOK/wok_entities/LOC/dev/CR0-OCCT691-7-CR0-OCCT691-occt-64/inc/FEmTool_Assembly.hxx
+M FEmTool:privinclude:FEmTool_Assembly.jxx /misc/dn61/LocalWOK/wok_entities/LOC/dev/CR0-OCCT691-7-CR0-OCCT691-occt-64/drv/FEmTool/FEmTool_Assembly.jxx
+M FEmTool:privinclude:FEmTool_Assembly.ixx /misc/dn61/LocalWOK/wok_entities/LOC/dev/CR0-OCCT691-7-CR0-OCCT691-occt-64/drv/FEmTool/FEmTool_Assembly.ixx
+M FEmTool:pubinclude:Handle_FEmTool_ElementaryCriterion.hxx /misc/dn61/LocalWOK/wok_entities/LOC/dev/CR0-OCCT691-7-CR0-OCCT691-occt-64/inc/Handle_FEmTool_ElementaryCriterion.hxx
+M FEmTool:pubinclude:FEmTool_ElementaryCriterion.hxx /misc/dn61/LocalWOK/wok_entities/LOC/dev/CR0-OCCT691-7-CR0-OCCT691-occt-64/inc/FEmTool_ElementaryCriterion.hxx
+M FEmTool:privinclude:FEmTool_ElementaryCriterion.jxx /misc/dn61/LocalWOK/wok_entities/LOC/dev/CR0-OCCT691-7-CR0-OCCT691-occt-64/drv/FEmTool/FEmTool_ElementaryCriterion.jxx
+M FEmTool:privinclude:FEmTool_ElementaryCriterion.ixx /misc/dn61/LocalWOK/wok_entities/LOC/dev/CR0-OCCT691-7-CR0-OCCT691-occt-64/drv/FEmTool/FEmTool_ElementaryCriterion.ixx
+M FEmTool:pubinclude:Handle_FEmTool_LinearTension.hxx /misc/dn61/LocalWOK/wok_entities/LOC/dev/CR0-OCCT691-7-CR0-OCCT691-occt-64/inc/Handle_FEmTool_LinearTension.hxx
+M FEmTool:pubinclude:FEmTool_LinearTension.hxx /misc/dn61/LocalWOK/wok_entities/LOC/dev/CR0-OCCT691-7-CR0-OCCT691-occt-64/inc/FEmTool_LinearTension.hxx
+M FEmTool:privinclude:FEmTool_LinearTension.jxx /misc/dn61/LocalWOK/wok_entities/LOC/dev/CR0-OCCT691-7-CR0-OCCT691-occt-64/drv/FEmTool/FEmTool_LinearTension.jxx
+M FEmTool:privinclude:FEmTool_LinearTension.ixx /misc/dn61/LocalWOK/wok_entities/LOC/dev/CR0-OCCT691-7-CR0-OCCT691-occt-64/drv/FEmTool/FEmTool_LinearTension.ixx
+M FEmTool:pubinclude:Handle_FEmTool_LinearFlexion.hxx /misc/dn61/LocalWOK/wok_entities/LOC/dev/CR0-OCCT691-7-CR0-OCCT691-occt-64/inc/Handle_FEmTool_LinearFlexion.hxx
+M FEmTool:pubinclude:FEmTool_LinearFlexion.hxx /misc/dn61/LocalWOK/wok_entities/LOC/dev/CR0-OCCT691-7-CR0-OCCT691-occt-64/inc/FEmTool_LinearFlexion.hxx
+M FEmTool:privinclude:FEmTool_LinearFlexion.jxx /misc/dn61/LocalWOK/wok_entities/LOC/dev/CR0-OCCT691-7-CR0-OCCT691-occt-64/drv/FEmTool/FEmTool_LinearFlexion.jxx
+M FEmTool:privinclude:FEmTool_LinearFlexion.ixx /misc/dn61/LocalWOK/wok_entities/LOC/dev/CR0-OCCT691-7-CR0-OCCT691-occt-64/drv/FEmTool/FEmTool_LinearFlexion.ixx
+M FEmTool:pubinclude:Handle_FEmTool_LinearJerk.hxx /misc/dn61/LocalWOK/wok_entities/LOC/dev/CR0-OCCT691-7-CR0-OCCT691-occt-64/inc/Handle_FEmTool_LinearJerk.hxx
+M FEmTool:pubinclude:FEmTool_LinearJerk.hxx /misc/dn61/LocalWOK/wok_entities/LOC/dev/CR0-OCCT691-7-CR0-OCCT691-occt-64/inc/FEmTool_LinearJerk.hxx
+M FEmTool:privinclude:FEmTool_LinearJerk.jxx /misc/dn61/LocalWOK/wok_entities/LOC/dev/CR0-OCCT691-7-CR0-OCCT691-occt-64/drv/FEmTool/FEmTool_LinearJerk.jxx
+M FEmTool:privinclude:FEmTool_LinearJerk.ixx /misc/dn61/LocalWOK/wok_entities/LOC/dev/CR0-OCCT691-7-CR0-OCCT691-occt-64/drv/FEmTool/FEmTool_LinearJerk.ixx
+M FEmTool:pubinclude:Handle_FEmTool_SparseMatrix.hxx /misc/dn61/LocalWOK/wok_entities/LOC/dev/CR0-OCCT691-7-CR0-OCCT691-occt-64/inc/Handle_FEmTool_SparseMatrix.hxx
+M FEmTool:pubinclude:FEmTool_SparseMatrix.hxx /misc/dn61/LocalWOK/wok_entities/LOC/dev/CR0-OCCT691-7-CR0-OCCT691-occt-64/inc/FEmTool_SparseMatrix.hxx
+M FEmTool:privinclude:FEmTool_SparseMatrix.jxx /misc/dn61/LocalWOK/wok_entities/LOC/dev/CR0-OCCT691-7-CR0-OCCT691-occt-64/drv/FEmTool/FEmTool_SparseMatrix.jxx
+M FEmTool:privinclude:FEmTool_SparseMatrix.ixx /misc/dn61/LocalWOK/wok_entities/LOC/dev/CR0-OCCT691-7-CR0-OCCT691-occt-64/drv/FEmTool/FEmTool_SparseMatrix.ixx
+M FEmTool:pubinclude:Handle_FEmTool_ProfileMatrix.hxx /misc/dn61/LocalWOK/wok_entities/LOC/dev/CR0-OCCT691-7-CR0-OCCT691-occt-64/inc/Handle_FEmTool_ProfileMatrix.hxx
+M FEmTool:pubinclude:FEmTool_ProfileMatrix.hxx /misc/dn61/LocalWOK/wok_entities/LOC/dev/CR0-OCCT691-7-CR0-OCCT691-occt-64/inc/FEmTool_ProfileMatrix.hxx
+M FEmTool:privinclude:FEmTool_ProfileMatrix.jxx /misc/dn61/LocalWOK/wok_entities/LOC/dev/CR0-OCCT691-7-CR0-OCCT691-occt-64/drv/FEmTool/FEmTool_ProfileMatrix.jxx
+M FEmTool:privinclude:FEmTool_ProfileMatrix.ixx /misc/dn61/LocalWOK/wok_entities/LOC/dev/CR0-OCCT691-7-CR0-OCCT691-occt-64/drv/FEmTool/FEmTool_ProfileMatrix.ixx
+M FEmTool:pubinclude:Handle_FEmTool_Curve.hxx /misc/dn61/LocalWOK/wok_entities/LOC/dev/CR0-OCCT691-7-CR0-OCCT691-occt-64/inc/Handle_FEmTool_Curve.hxx
+M FEmTool:pubinclude:FEmTool_Curve.hxx /misc/dn61/LocalWOK/wok_entities/LOC/dev/CR0-OCCT691-7-CR0-OCCT691-occt-64/inc/FEmTool_Curve.hxx
+M FEmTool:privinclude:FEmTool_Curve.jxx /misc/dn61/LocalWOK/wok_entities/LOC/dev/CR0-OCCT691-7-CR0-OCCT691-occt-64/drv/FEmTool/FEmTool_Curve.jxx
+M FEmTool:privinclude:FEmTool_Curve.ixx /misc/dn61/LocalWOK/wok_entities/LOC/dev/CR0-OCCT691-7-CR0-OCCT691-occt-64/drv/FEmTool/FEmTool_Curve.ixx
+M FEmTool:pubinclude:FEmTool_ElementsOfRefMatrix.hxx /misc/dn61/LocalWOK/wok_entities/LOC/dev/CR0-OCCT691-7-CR0-OCCT691-occt-64/inc/FEmTool_ElementsOfRefMatrix.hxx
+M FEmTool:privinclude:FEmTool_ElementsOfRefMatrix.jxx /misc/dn61/LocalWOK/wok_entities/LOC/dev/CR0-OCCT691-7-CR0-OCCT691-occt-64/drv/FEmTool/FEmTool_ElementsOfRefMatrix.jxx
+M FEmTool:privinclude:FEmTool_ElementsOfRefMatrix.ixx /misc/dn61/LocalWOK/wok_entities/LOC/dev/CR0-OCCT691-7-CR0-OCCT691-occt-64/drv/FEmTool/FEmTool_ElementsOfRefMatrix.ixx
+M FEmTool:pubinclude:FEmTool_AssemblyTable.hxx /misc/dn61/LocalWOK/wok_entities/LOC/dev/CR0-OCCT691-7-CR0-OCCT691-occt-64/inc/FEmTool_AssemblyTable.hxx
+M FEmTool:derivated:FEmTool_AssemblyTable_0.cxx /misc/dn61/LocalWOK/wok_entities/LOC/dev/CR0-OCCT691-7-CR0-OCCT691-occt-64/drv/FEmTool/FEmTool_AssemblyTable_0.cxx
+M FEmTool:pubinclude:Handle_FEmTool_HAssemblyTable.hxx /misc/dn61/LocalWOK/wok_entities/LOC/dev/CR0-OCCT691-7-CR0-OCCT691-occt-64/inc/Handle_FEmTool_HAssemblyTable.hxx
+M FEmTool:pubinclude:FEmTool_HAssemblyTable.hxx /misc/dn61/LocalWOK/wok_entities/LOC/dev/CR0-OCCT691-7-CR0-OCCT691-occt-64/inc/FEmTool_HAssemblyTable.hxx
+M FEmTool:derivated:FEmTool_HAssemblyTable_0.cxx /misc/dn61/LocalWOK/wok_entities/LOC/dev/CR0-OCCT691-7-CR0-OCCT691-occt-64/drv/FEmTool/FEmTool_HAssemblyTable_0.cxx
+M FEmTool:pubinclude:FEmTool_ListOfVectors.hxx /misc/dn61/LocalWOK/wok_entities/LOC/dev/CR0-OCCT691-7-CR0-OCCT691-occt-64/inc/FEmTool_ListOfVectors.hxx
+M FEmTool:derivated:FEmTool_ListOfVectors_0.cxx /misc/dn61/LocalWOK/wok_entities/LOC/dev/CR0-OCCT691-7-CR0-OCCT691-occt-64/drv/FEmTool/FEmTool_ListOfVectors_0.cxx
+M FEmTool:pubinclude:FEmTool_SeqOfLinConstr.hxx /misc/dn61/LocalWOK/wok_entities/LOC/dev/CR0-OCCT691-7-CR0-OCCT691-occt-64/inc/FEmTool_SeqOfLinConstr.hxx
+M FEmTool:derivated:FEmTool_SeqOfLinConstr_0.cxx /misc/dn61/LocalWOK/wok_entities/LOC/dev/CR0-OCCT691-7-CR0-OCCT691-occt-64/drv/FEmTool/FEmTool_SeqOfLinConstr_0.cxx
+M FEmTool:pubinclude:Handle_FEmTool_ListNodeOfListOfVectors.hxx /misc/dn61/LocalWOK/wok_entities/LOC/dev/CR0-OCCT691-7-CR0-OCCT691-occt-64/inc/Handle_FEmTool_ListNodeOfListOfVectors.hxx
+M FEmTool:pubinclude:FEmTool_ListNodeOfListOfVectors.hxx /misc/dn61/LocalWOK/wok_entities/LOC/dev/CR0-OCCT691-7-CR0-OCCT691-occt-64/inc/FEmTool_ListNodeOfListOfVectors.hxx
+M FEmTool:derivated:FEmTool_ListNodeOfListOfVectors_0.cxx /misc/dn61/LocalWOK/wok_entities/LOC/dev/CR0-OCCT691-7-CR0-OCCT691-occt-64/drv/FEmTool/FEmTool_ListNodeOfListOfVectors_0.cxx
+M FEmTool:pubinclude:FEmTool_ListIteratorOfListOfVectors.hxx /misc/dn61/LocalWOK/wok_entities/LOC/dev/CR0-OCCT691-7-CR0-OCCT691-occt-64/inc/FEmTool_ListIteratorOfListOfVectors.hxx
+M FEmTool:derivated:FEmTool_ListIteratorOfListOfVectors_0.cxx /misc/dn61/LocalWOK/wok_entities/LOC/dev/CR0-OCCT691-7-CR0-OCCT691-occt-64/drv/FEmTool/FEmTool_ListIteratorOfListOfVectors_0.cxx
+M FEmTool:pubinclude:Handle_FEmTool_SequenceNodeOfSeqOfLinConstr.hxx /misc/dn61/LocalWOK/wok_entities/LOC/dev/CR0-OCCT691-7-CR0-OCCT691-occt-64/inc/Handle_FEmTool_SequenceNodeOfSeqOfLinConstr.hxx
+M FEmTool:pubinclude:FEmTool_SequenceNodeOfSeqOfLinConstr.hxx /misc/dn61/LocalWOK/wok_entities/LOC/dev/CR0-OCCT691-7-CR0-OCCT691-occt-64/inc/FEmTool_SequenceNodeOfSeqOfLinConstr.hxx
+M FEmTool:derivated:FEmTool_SequenceNodeOfSeqOfLinConstr_0.cxx /misc/dn61/LocalWOK/wok_entities/LOC/dev/CR0-OCCT691-7-CR0-OCCT691-occt-64/drv/FEmTool/FEmTool_SequenceNodeOfSeqOfLinConstr_0.cxx
+M FEmTool:dbadmfile:FEmTool_xcpp_header.In /misc/dn61/LocalWOK/wok_entities/LOC/dev/CR0-OCCT691-7-CR0-OCCT691-occt-64/drv/FEmTool/.adm/FEmTool_xcpp_header.In
+M FEmTool:dbadmfile:FEmTool_xcpp_header.Out /misc/dn61/LocalWOK/wok_entities/LOC/dev/CR0-OCCT691-7-CR0-OCCT691-occt-64/drv/FEmTool/.adm/FEmTool_xcpp_header.Out
+M FEmTool:dbadmfile:FEmTool_xcpp_header.Dep /misc/dn61/LocalWOK/wok_entities/LOC/dev/CR0-OCCT691-7-CR0-OCCT691-occt-64/drv/FEmTool/.adm/FEmTool_xcpp_header.Dep
