+M VrmlConverter:pubinclude:Handle_VrmlConverter_Drawer.hxx /misc/dn61/LocalWOK/wok_entities/LOC/dev/CR0-OCCT691-7-CR0-OCCT691-occt-64/inc/Handle_VrmlConverter_Drawer.hxx
+M VrmlConverter:pubinclude:VrmlConverter_Drawer.hxx /misc/dn61/LocalWOK/wok_entities/LOC/dev/CR0-OCCT691-7-CR0-OCCT691-occt-64/inc/VrmlConverter_Drawer.hxx
+M VrmlConverter:privinclude:VrmlConverter_Drawer.jxx /misc/dn61/LocalWOK/wok_entities/LOC/dev/CR0-OCCT691-7-CR0-OCCT691-occt-64/drv/VrmlConverter/VrmlConverter_Drawer.jxx
+M VrmlConverter:privinclude:VrmlConverter_Drawer.ixx /misc/dn61/LocalWOK/wok_entities/LOC/dev/CR0-OCCT691-7-CR0-OCCT691-occt-64/drv/VrmlConverter/VrmlConverter_Drawer.ixx
+M VrmlConverter:pubinclude:Handle_VrmlConverter_ShadingAspect.hxx /misc/dn61/LocalWOK/wok_entities/LOC/dev/CR0-OCCT691-7-CR0-OCCT691-occt-64/inc/Handle_VrmlConverter_ShadingAspect.hxx
+M VrmlConverter:pubinclude:VrmlConverter_ShadingAspect.hxx /misc/dn61/LocalWOK/wok_entities/LOC/dev/CR0-OCCT691-7-CR0-OCCT691-occt-64/inc/VrmlConverter_ShadingAspect.hxx
+M VrmlConverter:privinclude:VrmlConverter_ShadingAspect.jxx /misc/dn61/LocalWOK/wok_entities/LOC/dev/CR0-OCCT691-7-CR0-OCCT691-occt-64/drv/VrmlConverter/VrmlConverter_ShadingAspect.jxx
+M VrmlConverter:privinclude:VrmlConverter_ShadingAspect.ixx /misc/dn61/LocalWOK/wok_entities/LOC/dev/CR0-OCCT691-7-CR0-OCCT691-occt-64/drv/VrmlConverter/VrmlConverter_ShadingAspect.ixx
+M VrmlConverter:pubinclude:Handle_VrmlConverter_LineAspect.hxx /misc/dn61/LocalWOK/wok_entities/LOC/dev/CR0-OCCT691-7-CR0-OCCT691-occt-64/inc/Handle_VrmlConverter_LineAspect.hxx
+M VrmlConverter:pubinclude:VrmlConverter_LineAspect.hxx /misc/dn61/LocalWOK/wok_entities/LOC/dev/CR0-OCCT691-7-CR0-OCCT691-occt-64/inc/VrmlConverter_LineAspect.hxx
+M VrmlConverter:privinclude:VrmlConverter_LineAspect.jxx /misc/dn61/LocalWOK/wok_entities/LOC/dev/CR0-OCCT691-7-CR0-OCCT691-occt-64/drv/VrmlConverter/VrmlConverter_LineAspect.jxx
+M VrmlConverter:privinclude:VrmlConverter_LineAspect.ixx /misc/dn61/LocalWOK/wok_entities/LOC/dev/CR0-OCCT691-7-CR0-OCCT691-occt-64/drv/VrmlConverter/VrmlConverter_LineAspect.ixx
+M VrmlConverter:pubinclude:Handle_VrmlConverter_IsoAspect.hxx /misc/dn61/LocalWOK/wok_entities/LOC/dev/CR0-OCCT691-7-CR0-OCCT691-occt-64/inc/Handle_VrmlConverter_IsoAspect.hxx
+M VrmlConverter:pubinclude:VrmlConverter_IsoAspect.hxx /misc/dn61/LocalWOK/wok_entities/LOC/dev/CR0-OCCT691-7-CR0-OCCT691-occt-64/inc/VrmlConverter_IsoAspect.hxx
+M VrmlConverter:privinclude:VrmlConverter_IsoAspect.jxx /misc/dn61/LocalWOK/wok_entities/LOC/dev/CR0-OCCT691-7-CR0-OCCT691-occt-64/drv/VrmlConverter/VrmlConverter_IsoAspect.jxx
+M VrmlConverter:privinclude:VrmlConverter_IsoAspect.ixx /misc/dn61/LocalWOK/wok_entities/LOC/dev/CR0-OCCT691-7-CR0-OCCT691-occt-64/drv/VrmlConverter/VrmlConverter_IsoAspect.ixx
+M VrmlConverter:pubinclude:Handle_VrmlConverter_PointAspect.hxx /misc/dn61/LocalWOK/wok_entities/LOC/dev/CR0-OCCT691-7-CR0-OCCT691-occt-64/inc/Handle_VrmlConverter_PointAspect.hxx
+M VrmlConverter:pubinclude:VrmlConverter_PointAspect.hxx /misc/dn61/LocalWOK/wok_entities/LOC/dev/CR0-OCCT691-7-CR0-OCCT691-occt-64/inc/VrmlConverter_PointAspect.hxx
+M VrmlConverter:privinclude:VrmlConverter_PointAspect.jxx /misc/dn61/LocalWOK/wok_entities/LOC/dev/CR0-OCCT691-7-CR0-OCCT691-occt-64/drv/VrmlConverter/VrmlConverter_PointAspect.jxx
+M VrmlConverter:privinclude:VrmlConverter_PointAspect.ixx /misc/dn61/LocalWOK/wok_entities/LOC/dev/CR0-OCCT691-7-CR0-OCCT691-occt-64/drv/VrmlConverter/VrmlConverter_PointAspect.ixx
+M VrmlConverter:pubinclude:VrmlConverter_ShadedShape.hxx /misc/dn61/LocalWOK/wok_entities/LOC/dev/CR0-OCCT691-7-CR0-OCCT691-occt-64/inc/VrmlConverter_ShadedShape.hxx
+M VrmlConverter:privinclude:VrmlConverter_ShadedShape.jxx /misc/dn61/LocalWOK/wok_entities/LOC/dev/CR0-OCCT691-7-CR0-OCCT691-occt-64/drv/VrmlConverter/VrmlConverter_ShadedShape.jxx
+M VrmlConverter:privinclude:VrmlConverter_ShadedShape.ixx /misc/dn61/LocalWOK/wok_entities/LOC/dev/CR0-OCCT691-7-CR0-OCCT691-occt-64/drv/VrmlConverter/VrmlConverter_ShadedShape.ixx
+M VrmlConverter:pubinclude:VrmlConverter_Curve.hxx /misc/dn61/LocalWOK/wok_entities/LOC/dev/CR0-OCCT691-7-CR0-OCCT691-occt-64/inc/VrmlConverter_Curve.hxx
+M VrmlConverter:privinclude:VrmlConverter_Curve.jxx /misc/dn61/LocalWOK/wok_entities/LOC/dev/CR0-OCCT691-7-CR0-OCCT691-occt-64/drv/VrmlConverter/VrmlConverter_Curve.jxx
+M VrmlConverter:privinclude:VrmlConverter_Curve.ixx /misc/dn61/LocalWOK/wok_entities/LOC/dev/CR0-OCCT691-7-CR0-OCCT691-occt-64/drv/VrmlConverter/VrmlConverter_Curve.ixx
+M VrmlConverter:pubinclude:VrmlConverter_DeflectionCurve.hxx /misc/dn61/LocalWOK/wok_entities/LOC/dev/CR0-OCCT691-7-CR0-OCCT691-occt-64/inc/VrmlConverter_DeflectionCurve.hxx
+M VrmlConverter:privinclude:VrmlConverter_DeflectionCurve.jxx /misc/dn61/LocalWOK/wok_entities/LOC/dev/CR0-OCCT691-7-CR0-OCCT691-occt-64/drv/VrmlConverter/VrmlConverter_DeflectionCurve.jxx
+M VrmlConverter:privinclude:VrmlConverter_DeflectionCurve.ixx /misc/dn61/LocalWOK/wok_entities/LOC/dev/CR0-OCCT691-7-CR0-OCCT691-occt-64/drv/VrmlConverter/VrmlConverter_DeflectionCurve.ixx
+M VrmlConverter:pubinclude:VrmlConverter_WFRestrictedFace.hxx /misc/dn61/LocalWOK/wok_entities/LOC/dev/CR0-OCCT691-7-CR0-OCCT691-occt-64/inc/VrmlConverter_WFRestrictedFace.hxx
+M VrmlConverter:privinclude:VrmlConverter_WFRestrictedFace.jxx /misc/dn61/LocalWOK/wok_entities/LOC/dev/CR0-OCCT691-7-CR0-OCCT691-occt-64/drv/VrmlConverter/VrmlConverter_WFRestrictedFace.jxx
+M VrmlConverter:privinclude:VrmlConverter_WFRestrictedFace.ixx /misc/dn61/LocalWOK/wok_entities/LOC/dev/CR0-OCCT691-7-CR0-OCCT691-occt-64/drv/VrmlConverter/VrmlConverter_WFRestrictedFace.ixx
+M VrmlConverter:pubinclude:VrmlConverter_WFDeflectionRestrictedFace.hxx /misc/dn61/LocalWOK/wok_entities/LOC/dev/CR0-OCCT691-7-CR0-OCCT691-occt-64/inc/VrmlConverter_WFDeflectionRestrictedFace.hxx
+M VrmlConverter:privinclude:VrmlConverter_WFDeflectionRestrictedFace.jxx /misc/dn61/LocalWOK/wok_entities/LOC/dev/CR0-OCCT691-7-CR0-OCCT691-occt-64/drv/VrmlConverter/VrmlConverter_WFDeflectionRestrictedFace.jxx
+M VrmlConverter:privinclude:VrmlConverter_WFDeflectionRestrictedFace.ixx /misc/dn61/LocalWOK/wok_entities/LOC/dev/CR0-OCCT691-7-CR0-OCCT691-occt-64/drv/VrmlConverter/VrmlConverter_WFDeflectionRestrictedFace.ixx
+M VrmlConverter:pubinclude:VrmlConverter_WFShape.hxx /misc/dn61/LocalWOK/wok_entities/LOC/dev/CR0-OCCT691-7-CR0-OCCT691-occt-64/inc/VrmlConverter_WFShape.hxx
+M VrmlConverter:privinclude:VrmlConverter_WFShape.jxx /misc/dn61/LocalWOK/wok_entities/LOC/dev/CR0-OCCT691-7-CR0-OCCT691-occt-64/drv/VrmlConverter/VrmlConverter_WFShape.jxx
+M VrmlConverter:privinclude:VrmlConverter_WFShape.ixx /misc/dn61/LocalWOK/wok_entities/LOC/dev/CR0-OCCT691-7-CR0-OCCT691-occt-64/drv/VrmlConverter/VrmlConverter_WFShape.ixx
+M VrmlConverter:pubinclude:VrmlConverter_WFDeflectionShape.hxx /misc/dn61/LocalWOK/wok_entities/LOC/dev/CR0-OCCT691-7-CR0-OCCT691-occt-64/inc/VrmlConverter_WFDeflectionShape.hxx
+M VrmlConverter:privinclude:VrmlConverter_WFDeflectionShape.jxx /misc/dn61/LocalWOK/wok_entities/LOC/dev/CR0-OCCT691-7-CR0-OCCT691-occt-64/drv/VrmlConverter/VrmlConverter_WFDeflectionShape.jxx
+M VrmlConverter:privinclude:VrmlConverter_WFDeflectionShape.ixx /misc/dn61/LocalWOK/wok_entities/LOC/dev/CR0-OCCT691-7-CR0-OCCT691-occt-64/drv/VrmlConverter/VrmlConverter_WFDeflectionShape.ixx
+M VrmlConverter:pubinclude:VrmlConverter_HLRShape.hxx /misc/dn61/LocalWOK/wok_entities/LOC/dev/CR0-OCCT691-7-CR0-OCCT691-occt-64/inc/VrmlConverter_HLRShape.hxx
+M VrmlConverter:privinclude:VrmlConverter_HLRShape.jxx /misc/dn61/LocalWOK/wok_entities/LOC/dev/CR0-OCCT691-7-CR0-OCCT691-occt-64/drv/VrmlConverter/VrmlConverter_HLRShape.jxx
+M VrmlConverter:privinclude:VrmlConverter_HLRShape.ixx /misc/dn61/LocalWOK/wok_entities/LOC/dev/CR0-OCCT691-7-CR0-OCCT691-occt-64/drv/VrmlConverter/VrmlConverter_HLRShape.ixx
+M VrmlConverter:pubinclude:Handle_VrmlConverter_Projector.hxx /misc/dn61/LocalWOK/wok_entities/LOC/dev/CR0-OCCT691-7-CR0-OCCT691-occt-64/inc/Handle_VrmlConverter_Projector.hxx
+M VrmlConverter:pubinclude:VrmlConverter_Projector.hxx /misc/dn61/LocalWOK/wok_entities/LOC/dev/CR0-OCCT691-7-CR0-OCCT691-occt-64/inc/VrmlConverter_Projector.hxx
+M VrmlConverter:privinclude:VrmlConverter_Projector.jxx /misc/dn61/LocalWOK/wok_entities/LOC/dev/CR0-OCCT691-7-CR0-OCCT691-occt-64/drv/VrmlConverter/VrmlConverter_Projector.jxx
+M VrmlConverter:privinclude:VrmlConverter_Projector.ixx /misc/dn61/LocalWOK/wok_entities/LOC/dev/CR0-OCCT691-7-CR0-OCCT691-occt-64/drv/VrmlConverter/VrmlConverter_Projector.ixx
+M VrmlConverter:pubinclude:VrmlConverter_TypeOfCamera.hxx /misc/dn61/LocalWOK/wok_entities/LOC/dev/CR0-OCCT691-7-CR0-OCCT691-occt-64/inc/VrmlConverter_TypeOfCamera.hxx
+M VrmlConverter:pubinclude:VrmlConverter_TypeOfLight.hxx /misc/dn61/LocalWOK/wok_entities/LOC/dev/CR0-OCCT691-7-CR0-OCCT691-occt-64/inc/VrmlConverter_TypeOfLight.hxx
+M VrmlConverter:dbadmfile:VrmlConverter_xcpp_header.In /misc/dn61/LocalWOK/wok_entities/LOC/dev/CR0-OCCT691-7-CR0-OCCT691-occt-64/drv/VrmlConverter/.adm/VrmlConverter_xcpp_header.In
+M VrmlConverter:dbadmfile:VrmlConverter_xcpp_header.Out /misc/dn61/LocalWOK/wok_entities/LOC/dev/CR0-OCCT691-7-CR0-OCCT691-occt-64/drv/VrmlConverter/.adm/VrmlConverter_xcpp_header.Out
+M VrmlConverter:dbadmfile:VrmlConverter_xcpp_header.Dep /misc/dn61/LocalWOK/wok_entities/LOC/dev/CR0-OCCT691-7-CR0-OCCT691-occt-64/drv/VrmlConverter/.adm/VrmlConverter_xcpp_header.Dep
