+M TransferBRep:pubinclude:TransferBRep.hxx /misc/dn61/LocalWOK/wok_entities/LOC/dev/CR0-OCCT691-7-CR0-OCCT691-occt-64/inc/TransferBRep.hxx
+M TransferBRep:privinclude:TransferBRep.jxx /misc/dn61/LocalWOK/wok_entities/LOC/dev/CR0-OCCT691-7-CR0-OCCT691-occt-64/drv/TransferBRep/TransferBRep.jxx
+M TransferBRep:privinclude:TransferBRep.ixx /misc/dn61/LocalWOK/wok_entities/LOC/dev/CR0-OCCT691-7-CR0-OCCT691-occt-64/drv/TransferBRep/TransferBRep.ixx
+M TransferBRep:pubinclude:TransferBRep_Reader.hxx /misc/dn61/LocalWOK/wok_entities/LOC/dev/CR0-OCCT691-7-CR0-OCCT691-occt-64/inc/TransferBRep_Reader.hxx
+M TransferBRep:privinclude:TransferBRep_Reader.jxx /misc/dn61/LocalWOK/wok_entities/LOC/dev/CR0-OCCT691-7-CR0-OCCT691-occt-64/drv/TransferBRep/TransferBRep_Reader.jxx
+M TransferBRep:privinclude:TransferBRep_Reader.ixx /misc/dn61/LocalWOK/wok_entities/LOC/dev/CR0-OCCT691-7-CR0-OCCT691-occt-64/drv/TransferBRep/TransferBRep_Reader.ixx
+M TransferBRep:pubinclude:TransferBRep_ShapeInfo.hxx /misc/dn61/LocalWOK/wok_entities/LOC/dev/CR0-OCCT691-7-CR0-OCCT691-occt-64/inc/TransferBRep_ShapeInfo.hxx
+M TransferBRep:privinclude:TransferBRep_ShapeInfo.jxx /misc/dn61/LocalWOK/wok_entities/LOC/dev/CR0-OCCT691-7-CR0-OCCT691-occt-64/drv/TransferBRep/TransferBRep_ShapeInfo.jxx
+M TransferBRep:privinclude:TransferBRep_ShapeInfo.ixx /misc/dn61/LocalWOK/wok_entities/LOC/dev/CR0-OCCT691-7-CR0-OCCT691-occt-64/drv/TransferBRep/TransferBRep_ShapeInfo.ixx
+M TransferBRep:pubinclude:Handle_TransferBRep_BinderOfShape.hxx /misc/dn61/LocalWOK/wok_entities/LOC/dev/CR0-OCCT691-7-CR0-OCCT691-occt-64/inc/Handle_TransferBRep_BinderOfShape.hxx
+M TransferBRep:pubinclude:TransferBRep_BinderOfShape.hxx /misc/dn61/LocalWOK/wok_entities/LOC/dev/CR0-OCCT691-7-CR0-OCCT691-occt-64/inc/TransferBRep_BinderOfShape.hxx
+M TransferBRep:privinclude:TransferBRep_BinderOfShape.jxx /misc/dn61/LocalWOK/wok_entities/LOC/dev/CR0-OCCT691-7-CR0-OCCT691-occt-64/drv/TransferBRep/TransferBRep_BinderOfShape.jxx
+M TransferBRep:privinclude:TransferBRep_BinderOfShape.ixx /misc/dn61/LocalWOK/wok_entities/LOC/dev/CR0-OCCT691-7-CR0-OCCT691-occt-64/drv/TransferBRep/TransferBRep_BinderOfShape.ixx
+M TransferBRep:pubinclude:Handle_TransferBRep_ShapeBinder.hxx /misc/dn61/LocalWOK/wok_entities/LOC/dev/CR0-OCCT691-7-CR0-OCCT691-occt-64/inc/Handle_TransferBRep_ShapeBinder.hxx
+M TransferBRep:pubinclude:TransferBRep_ShapeBinder.hxx /misc/dn61/LocalWOK/wok_entities/LOC/dev/CR0-OCCT691-7-CR0-OCCT691-occt-64/inc/TransferBRep_ShapeBinder.hxx
+M TransferBRep:privinclude:TransferBRep_ShapeBinder.jxx /misc/dn61/LocalWOK/wok_entities/LOC/dev/CR0-OCCT691-7-CR0-OCCT691-occt-64/drv/TransferBRep/TransferBRep_ShapeBinder.jxx
+M TransferBRep:privinclude:TransferBRep_ShapeBinder.ixx /misc/dn61/LocalWOK/wok_entities/LOC/dev/CR0-OCCT691-7-CR0-OCCT691-occt-64/drv/TransferBRep/TransferBRep_ShapeBinder.ixx
+M TransferBRep:pubinclude:Handle_TransferBRep_ShapeListBinder.hxx /misc/dn61/LocalWOK/wok_entities/LOC/dev/CR0-OCCT691-7-CR0-OCCT691-occt-64/inc/Handle_TransferBRep_ShapeListBinder.hxx
+M TransferBRep:pubinclude:TransferBRep_ShapeListBinder.hxx /misc/dn61/LocalWOK/wok_entities/LOC/dev/CR0-OCCT691-7-CR0-OCCT691-occt-64/inc/TransferBRep_ShapeListBinder.hxx
+M TransferBRep:privinclude:TransferBRep_ShapeListBinder.jxx /misc/dn61/LocalWOK/wok_entities/LOC/dev/CR0-OCCT691-7-CR0-OCCT691-occt-64/drv/TransferBRep/TransferBRep_ShapeListBinder.jxx
+M TransferBRep:privinclude:TransferBRep_ShapeListBinder.ixx /misc/dn61/LocalWOK/wok_entities/LOC/dev/CR0-OCCT691-7-CR0-OCCT691-occt-64/drv/TransferBRep/TransferBRep_ShapeListBinder.ixx
+M TransferBRep:pubinclude:Handle_TransferBRep_ShapeMapper.hxx /misc/dn61/LocalWOK/wok_entities/LOC/dev/CR0-OCCT691-7-CR0-OCCT691-occt-64/inc/Handle_TransferBRep_ShapeMapper.hxx
+M TransferBRep:pubinclude:TransferBRep_ShapeMapper.hxx /misc/dn61/LocalWOK/wok_entities/LOC/dev/CR0-OCCT691-7-CR0-OCCT691-occt-64/inc/TransferBRep_ShapeMapper.hxx
+M TransferBRep:derivated:TransferBRep_ShapeMapper_0.cxx /misc/dn61/LocalWOK/wok_entities/LOC/dev/CR0-OCCT691-7-CR0-OCCT691-occt-64/drv/TransferBRep/TransferBRep_ShapeMapper_0.cxx
+M TransferBRep:pubinclude:Handle_TransferBRep_OrientedShapeMapper.hxx /misc/dn61/LocalWOK/wok_entities/LOC/dev/CR0-OCCT691-7-CR0-OCCT691-occt-64/inc/Handle_TransferBRep_OrientedShapeMapper.hxx
+M TransferBRep:pubinclude:TransferBRep_OrientedShapeMapper.hxx /misc/dn61/LocalWOK/wok_entities/LOC/dev/CR0-OCCT691-7-CR0-OCCT691-occt-64/inc/TransferBRep_OrientedShapeMapper.hxx
+M TransferBRep:derivated:TransferBRep_OrientedShapeMapper_0.cxx /misc/dn61/LocalWOK/wok_entities/LOC/dev/CR0-OCCT691-7-CR0-OCCT691-occt-64/drv/TransferBRep/TransferBRep_OrientedShapeMapper_0.cxx
+M TransferBRep:pubinclude:Handle_TransferBRep_TransferResultInfo.hxx /misc/dn61/LocalWOK/wok_entities/LOC/dev/CR0-OCCT691-7-CR0-OCCT691-occt-64/inc/Handle_TransferBRep_TransferResultInfo.hxx
+M TransferBRep:pubinclude:TransferBRep_TransferResultInfo.hxx /misc/dn61/LocalWOK/wok_entities/LOC/dev/CR0-OCCT691-7-CR0-OCCT691-occt-64/inc/TransferBRep_TransferResultInfo.hxx
+M TransferBRep:privinclude:TransferBRep_TransferResultInfo.jxx /misc/dn61/LocalWOK/wok_entities/LOC/dev/CR0-OCCT691-7-CR0-OCCT691-occt-64/drv/TransferBRep/TransferBRep_TransferResultInfo.jxx
+M TransferBRep:privinclude:TransferBRep_TransferResultInfo.ixx /misc/dn61/LocalWOK/wok_entities/LOC/dev/CR0-OCCT691-7-CR0-OCCT691-occt-64/drv/TransferBRep/TransferBRep_TransferResultInfo.ixx
+M TransferBRep:pubinclude:TransferBRep_SequenceOfTransferResultInfo.hxx /misc/dn61/LocalWOK/wok_entities/LOC/dev/CR0-OCCT691-7-CR0-OCCT691-occt-64/inc/TransferBRep_SequenceOfTransferResultInfo.hxx
+M TransferBRep:derivated:TransferBRep_SequenceOfTransferResultInfo_0.cxx /misc/dn61/LocalWOK/wok_entities/LOC/dev/CR0-OCCT691-7-CR0-OCCT691-occt-64/drv/TransferBRep/TransferBRep_SequenceOfTransferResultInfo_0.cxx
+M TransferBRep:pubinclude:Handle_TransferBRep_HSequenceOfTransferResultInfo.hxx /misc/dn61/LocalWOK/wok_entities/LOC/dev/CR0-OCCT691-7-CR0-OCCT691-occt-64/inc/Handle_TransferBRep_HSequenceOfTransferResultInfo.hxx
+M TransferBRep:pubinclude:TransferBRep_HSequenceOfTransferResultInfo.hxx /misc/dn61/LocalWOK/wok_entities/LOC/dev/CR0-OCCT691-7-CR0-OCCT691-occt-64/inc/TransferBRep_HSequenceOfTransferResultInfo.hxx
+M TransferBRep:derivated:TransferBRep_HSequenceOfTransferResultInfo_0.cxx /misc/dn61/LocalWOK/wok_entities/LOC/dev/CR0-OCCT691-7-CR0-OCCT691-occt-64/drv/TransferBRep/TransferBRep_HSequenceOfTransferResultInfo_0.cxx
+M TransferBRep:pubinclude:Handle_TransferBRep_SequenceNodeOfSequenceOfTransferResultInfo.hxx /misc/dn61/LocalWOK/wok_entities/LOC/dev/CR0-OCCT691-7-CR0-OCCT691-occt-64/inc/Handle_TransferBRep_SequenceNodeOfSequenceOfTransferResultInfo.hxx
+M TransferBRep:pubinclude:TransferBRep_SequenceNodeOfSequenceOfTransferResultInfo.hxx /misc/dn61/LocalWOK/wok_entities/LOC/dev/CR0-OCCT691-7-CR0-OCCT691-occt-64/inc/TransferBRep_SequenceNodeOfSequenceOfTransferResultInfo.hxx
+M TransferBRep:derivated:TransferBRep_SequenceNodeOfSequenceOfTransferResultInfo_0.cxx /misc/dn61/LocalWOK/wok_entities/LOC/dev/CR0-OCCT691-7-CR0-OCCT691-occt-64/drv/TransferBRep/TransferBRep_SequenceNodeOfSequenceOfTransferResultInfo_0.cxx
+M TransferBRep:dbadmfile:TransferBRep_xcpp_header.In /misc/dn61/LocalWOK/wok_entities/LOC/dev/CR0-OCCT691-7-CR0-OCCT691-occt-64/drv/TransferBRep/.adm/TransferBRep_xcpp_header.In
+M TransferBRep:dbadmfile:TransferBRep_xcpp_header.Out /misc/dn61/LocalWOK/wok_entities/LOC/dev/CR0-OCCT691-7-CR0-OCCT691-occt-64/drv/TransferBRep/.adm/TransferBRep_xcpp_header.Out
+M TransferBRep:dbadmfile:TransferBRep_xcpp_header.Dep /misc/dn61/LocalWOK/wok_entities/LOC/dev/CR0-OCCT691-7-CR0-OCCT691-occt-64/drv/TransferBRep/.adm/TransferBRep_xcpp_header.Dep
