+M Contap:pubinclude:Contap_Point.hxx /misc/dn61/LocalWOK/wok_entities/LOC/dev/CR0-OCCT691-7-CR0-OCCT691-occt-64/inc/Contap_Point.hxx
+M Contap:privinclude:Contap_Point.jxx /misc/dn61/LocalWOK/wok_entities/LOC/dev/CR0-OCCT691-7-CR0-OCCT691-occt-64/drv/Contap/Contap_Point.jxx
+M Contap:privinclude:Contap_Point.ixx /misc/dn61/LocalWOK/wok_entities/LOC/dev/CR0-OCCT691-7-CR0-OCCT691-occt-64/drv/Contap/Contap_Point.ixx
+M Contap:pubinclude:Contap_Line.hxx /misc/dn61/LocalWOK/wok_entities/LOC/dev/CR0-OCCT691-7-CR0-OCCT691-occt-64/inc/Contap_Line.hxx
+M Contap:privinclude:Contap_Line.jxx /misc/dn61/LocalWOK/wok_entities/LOC/dev/CR0-OCCT691-7-CR0-OCCT691-occt-64/drv/Contap/Contap_Line.jxx
+M Contap:privinclude:Contap_Line.ixx /misc/dn61/LocalWOK/wok_entities/LOC/dev/CR0-OCCT691-7-CR0-OCCT691-occt-64/drv/Contap/Contap_Line.ixx
+M Contap:pubinclude:Contap_SurfFunction.hxx /misc/dn61/LocalWOK/wok_entities/LOC/dev/CR0-OCCT691-7-CR0-OCCT691-occt-64/inc/Contap_SurfFunction.hxx
+M Contap:privinclude:Contap_SurfFunction.jxx /misc/dn61/LocalWOK/wok_entities/LOC/dev/CR0-OCCT691-7-CR0-OCCT691-occt-64/drv/Contap/Contap_SurfFunction.jxx
+M Contap:privinclude:Contap_SurfFunction.ixx /misc/dn61/LocalWOK/wok_entities/LOC/dev/CR0-OCCT691-7-CR0-OCCT691-occt-64/drv/Contap/Contap_SurfFunction.ixx
+M Contap:pubinclude:Contap_ArcFunction.hxx /misc/dn61/LocalWOK/wok_entities/LOC/dev/CR0-OCCT691-7-CR0-OCCT691-occt-64/inc/Contap_ArcFunction.hxx
+M Contap:privinclude:Contap_ArcFunction.jxx /misc/dn61/LocalWOK/wok_entities/LOC/dev/CR0-OCCT691-7-CR0-OCCT691-occt-64/drv/Contap/Contap_ArcFunction.jxx
+M Contap:privinclude:Contap_ArcFunction.ixx /misc/dn61/LocalWOK/wok_entities/LOC/dev/CR0-OCCT691-7-CR0-OCCT691-occt-64/drv/Contap/Contap_ArcFunction.ixx
+M Contap:pubinclude:Contap_SurfProps.hxx /misc/dn61/LocalWOK/wok_entities/LOC/dev/CR0-OCCT691-7-CR0-OCCT691-occt-64/inc/Contap_SurfProps.hxx
+M Contap:privinclude:Contap_SurfProps.jxx /misc/dn61/LocalWOK/wok_entities/LOC/dev/CR0-OCCT691-7-CR0-OCCT691-occt-64/drv/Contap/Contap_SurfProps.jxx
+M Contap:privinclude:Contap_SurfProps.ixx /misc/dn61/LocalWOK/wok_entities/LOC/dev/CR0-OCCT691-7-CR0-OCCT691-occt-64/drv/Contap/Contap_SurfProps.ixx
+M Contap:pubinclude:Contap_Contour.hxx /misc/dn61/LocalWOK/wok_entities/LOC/dev/CR0-OCCT691-7-CR0-OCCT691-occt-64/inc/Contap_Contour.hxx
+M Contap:privinclude:Contap_Contour.jxx /misc/dn61/LocalWOK/wok_entities/LOC/dev/CR0-OCCT691-7-CR0-OCCT691-occt-64/drv/Contap/Contap_Contour.jxx
+M Contap:privinclude:Contap_Contour.ixx /misc/dn61/LocalWOK/wok_entities/LOC/dev/CR0-OCCT691-7-CR0-OCCT691-occt-64/drv/Contap/Contap_Contour.ixx
+M Contap:pubinclude:Contap_TheSequenceOfPoint.hxx /misc/dn61/LocalWOK/wok_entities/LOC/dev/CR0-OCCT691-7-CR0-OCCT691-occt-64/inc/Contap_TheSequenceOfPoint.hxx
+M Contap:derivated:Contap_TheSequenceOfPoint_0.cxx /misc/dn61/LocalWOK/wok_entities/LOC/dev/CR0-OCCT691-7-CR0-OCCT691-occt-64/drv/Contap/Contap_TheSequenceOfPoint_0.cxx
+M Contap:pubinclude:Handle_Contap_TheHSequenceOfPoint.hxx /misc/dn61/LocalWOK/wok_entities/LOC/dev/CR0-OCCT691-7-CR0-OCCT691-occt-64/inc/Handle_Contap_TheHSequenceOfPoint.hxx
+M Contap:pubinclude:Contap_TheHSequenceOfPoint.hxx /misc/dn61/LocalWOK/wok_entities/LOC/dev/CR0-OCCT691-7-CR0-OCCT691-occt-64/inc/Contap_TheHSequenceOfPoint.hxx
+M Contap:derivated:Contap_TheHSequenceOfPoint_0.cxx /misc/dn61/LocalWOK/wok_entities/LOC/dev/CR0-OCCT691-7-CR0-OCCT691-occt-64/drv/Contap/Contap_TheHSequenceOfPoint_0.cxx
+M Contap:pubinclude:Contap_TheSequenceOfLine.hxx /misc/dn61/LocalWOK/wok_entities/LOC/dev/CR0-OCCT691-7-CR0-OCCT691-occt-64/inc/Contap_TheSequenceOfLine.hxx
+M Contap:derivated:Contap_TheSequenceOfLine_0.cxx /misc/dn61/LocalWOK/wok_entities/LOC/dev/CR0-OCCT691-7-CR0-OCCT691-occt-64/drv/Contap/Contap_TheSequenceOfLine_0.cxx
+M Contap:pubinclude:Contap_TheSearch.hxx /misc/dn61/LocalWOK/wok_entities/LOC/dev/CR0-OCCT691-7-CR0-OCCT691-occt-64/inc/Contap_TheSearch.hxx
+M Contap:derivated:Contap_TheSearch_0.cxx /misc/dn61/LocalWOK/wok_entities/LOC/dev/CR0-OCCT691-7-CR0-OCCT691-occt-64/drv/Contap/Contap_TheSearch_0.cxx
+M Contap:pubinclude:Contap_TheIWalking.hxx /misc/dn61/LocalWOK/wok_entities/LOC/dev/CR0-OCCT691-7-CR0-OCCT691-occt-64/inc/Contap_TheIWalking.hxx
+M Contap:derivated:Contap_TheIWalking_0.cxx /misc/dn61/LocalWOK/wok_entities/LOC/dev/CR0-OCCT691-7-CR0-OCCT691-occt-64/drv/Contap/Contap_TheIWalking_0.cxx
+M Contap:pubinclude:Contap_TheSearchInside.hxx /misc/dn61/LocalWOK/wok_entities/LOC/dev/CR0-OCCT691-7-CR0-OCCT691-occt-64/inc/Contap_TheSearchInside.hxx
+M Contap:derivated:Contap_TheSearchInside_0.cxx /misc/dn61/LocalWOK/wok_entities/LOC/dev/CR0-OCCT691-7-CR0-OCCT691-occt-64/drv/Contap/Contap_TheSearchInside_0.cxx
+M Contap:pubinclude:Contap_ContAna.hxx /misc/dn61/LocalWOK/wok_entities/LOC/dev/CR0-OCCT691-7-CR0-OCCT691-occt-64/inc/Contap_ContAna.hxx
+M Contap:privinclude:Contap_ContAna.jxx /misc/dn61/LocalWOK/wok_entities/LOC/dev/CR0-OCCT691-7-CR0-OCCT691-occt-64/drv/Contap/Contap_ContAna.jxx
+M Contap:privinclude:Contap_ContAna.ixx /misc/dn61/LocalWOK/wok_entities/LOC/dev/CR0-OCCT691-7-CR0-OCCT691-occt-64/drv/Contap/Contap_ContAna.ixx
+M Contap:pubinclude:Contap_HContTool.hxx /misc/dn61/LocalWOK/wok_entities/LOC/dev/CR0-OCCT691-7-CR0-OCCT691-occt-64/inc/Contap_HContTool.hxx
+M Contap:privinclude:Contap_HContTool.jxx /misc/dn61/LocalWOK/wok_entities/LOC/dev/CR0-OCCT691-7-CR0-OCCT691-occt-64/drv/Contap/Contap_HContTool.jxx
+M Contap:privinclude:Contap_HContTool.ixx /misc/dn61/LocalWOK/wok_entities/LOC/dev/CR0-OCCT691-7-CR0-OCCT691-occt-64/drv/Contap/Contap_HContTool.ixx
+M Contap:pubinclude:Contap_HCurve2dTool.hxx /misc/dn61/LocalWOK/wok_entities/LOC/dev/CR0-OCCT691-7-CR0-OCCT691-occt-64/inc/Contap_HCurve2dTool.hxx
+M Contap:privinclude:Contap_HCurve2dTool.jxx /misc/dn61/LocalWOK/wok_entities/LOC/dev/CR0-OCCT691-7-CR0-OCCT691-occt-64/drv/Contap/Contap_HCurve2dTool.jxx
+M Contap:privinclude:Contap_HCurve2dTool.ixx /misc/dn61/LocalWOK/wok_entities/LOC/dev/CR0-OCCT691-7-CR0-OCCT691-occt-64/drv/Contap/Contap_HCurve2dTool.ixx
+M Contap:pubinclude:Handle_Contap_SequenceNodeOfTheSequenceOfPoint.hxx /misc/dn61/LocalWOK/wok_entities/LOC/dev/CR0-OCCT691-7-CR0-OCCT691-occt-64/inc/Handle_Contap_SequenceNodeOfTheSequenceOfPoint.hxx
+M Contap:pubinclude:Contap_SequenceNodeOfTheSequenceOfPoint.hxx /misc/dn61/LocalWOK/wok_entities/LOC/dev/CR0-OCCT691-7-CR0-OCCT691-occt-64/inc/Contap_SequenceNodeOfTheSequenceOfPoint.hxx
+M Contap:derivated:Contap_SequenceNodeOfTheSequenceOfPoint_0.cxx /misc/dn61/LocalWOK/wok_entities/LOC/dev/CR0-OCCT691-7-CR0-OCCT691-occt-64/drv/Contap/Contap_SequenceNodeOfTheSequenceOfPoint_0.cxx
+M Contap:pubinclude:Handle_Contap_SequenceNodeOfTheSequenceOfLine.hxx /misc/dn61/LocalWOK/wok_entities/LOC/dev/CR0-OCCT691-7-CR0-OCCT691-occt-64/inc/Handle_Contap_SequenceNodeOfTheSequenceOfLine.hxx
+M Contap:pubinclude:Contap_SequenceNodeOfTheSequenceOfLine.hxx /misc/dn61/LocalWOK/wok_entities/LOC/dev/CR0-OCCT691-7-CR0-OCCT691-occt-64/inc/Contap_SequenceNodeOfTheSequenceOfLine.hxx
+M Contap:derivated:Contap_SequenceNodeOfTheSequenceOfLine_0.cxx /misc/dn61/LocalWOK/wok_entities/LOC/dev/CR0-OCCT691-7-CR0-OCCT691-occt-64/drv/Contap/Contap_SequenceNodeOfTheSequenceOfLine_0.cxx
+M Contap:pubinclude:Contap_ThePathPointOfTheSearch.hxx /misc/dn61/LocalWOK/wok_entities/LOC/dev/CR0-OCCT691-7-CR0-OCCT691-occt-64/inc/Contap_ThePathPointOfTheSearch.hxx
+M Contap:derivated:Contap_ThePathPointOfTheSearch_0.cxx /misc/dn61/LocalWOK/wok_entities/LOC/dev/CR0-OCCT691-7-CR0-OCCT691-occt-64/drv/Contap/Contap_ThePathPointOfTheSearch_0.cxx
+M Contap:pubinclude:Handle_Contap_SequenceNodeOfSequenceOfPathPointOfTheSearch.hxx /misc/dn61/LocalWOK/wok_entities/LOC/dev/CR0-OCCT691-7-CR0-OCCT691-occt-64/inc/Handle_Contap_SequenceNodeOfSequenceOfPathPointOfTheSearch.hxx
+M Contap:pubinclude:Contap_SequenceNodeOfSequenceOfPathPointOfTheSearch.hxx /misc/dn61/LocalWOK/wok_entities/LOC/dev/CR0-OCCT691-7-CR0-OCCT691-occt-64/inc/Contap_SequenceNodeOfSequenceOfPathPointOfTheSearch.hxx
+M Contap:derivated:Contap_SequenceNodeOfSequenceOfPathPointOfTheSearch_0.cxx /misc/dn61/LocalWOK/wok_entities/LOC/dev/CR0-OCCT691-7-CR0-OCCT691-occt-64/drv/Contap/Contap_SequenceNodeOfSequenceOfPathPointOfTheSearch_0.cxx
+M Contap:pubinclude:Contap_SequenceOfPathPointOfTheSearch.hxx /misc/dn61/LocalWOK/wok_entities/LOC/dev/CR0-OCCT691-7-CR0-OCCT691-occt-64/inc/Contap_SequenceOfPathPointOfTheSearch.hxx
+M Contap:derivated:Contap_SequenceOfPathPointOfTheSearch_0.cxx /misc/dn61/LocalWOK/wok_entities/LOC/dev/CR0-OCCT691-7-CR0-OCCT691-occt-64/drv/Contap/Contap_SequenceOfPathPointOfTheSearch_0.cxx
+M Contap:pubinclude:Contap_TheSegmentOfTheSearch.hxx /misc/dn61/LocalWOK/wok_entities/LOC/dev/CR0-OCCT691-7-CR0-OCCT691-occt-64/inc/Contap_TheSegmentOfTheSearch.hxx
+M Contap:derivated:Contap_TheSegmentOfTheSearch_0.cxx /misc/dn61/LocalWOK/wok_entities/LOC/dev/CR0-OCCT691-7-CR0-OCCT691-occt-64/drv/Contap/Contap_TheSegmentOfTheSearch_0.cxx
+M Contap:pubinclude:Handle_Contap_SequenceNodeOfSequenceOfSegmentOfTheSearch.hxx /misc/dn61/LocalWOK/wok_entities/LOC/dev/CR0-OCCT691-7-CR0-OCCT691-occt-64/inc/Handle_Contap_SequenceNodeOfSequenceOfSegmentOfTheSearch.hxx
+M Contap:pubinclude:Contap_SequenceNodeOfSequenceOfSegmentOfTheSearch.hxx /misc/dn61/LocalWOK/wok_entities/LOC/dev/CR0-OCCT691-7-CR0-OCCT691-occt-64/inc/Contap_SequenceNodeOfSequenceOfSegmentOfTheSearch.hxx
+M Contap:derivated:Contap_SequenceNodeOfSequenceOfSegmentOfTheSearch_0.cxx /misc/dn61/LocalWOK/wok_entities/LOC/dev/CR0-OCCT691-7-CR0-OCCT691-occt-64/drv/Contap/Contap_SequenceNodeOfSequenceOfSegmentOfTheSearch_0.cxx
+M Contap:pubinclude:Contap_SequenceOfSegmentOfTheSearch.hxx /misc/dn61/LocalWOK/wok_entities/LOC/dev/CR0-OCCT691-7-CR0-OCCT691-occt-64/inc/Contap_SequenceOfSegmentOfTheSearch.hxx
+M Contap:derivated:Contap_SequenceOfSegmentOfTheSearch_0.cxx /misc/dn61/LocalWOK/wok_entities/LOC/dev/CR0-OCCT691-7-CR0-OCCT691-occt-64/drv/Contap/Contap_SequenceOfSegmentOfTheSearch_0.cxx
+M Contap:pubinclude:Handle_Contap_TheIWLineOfTheIWalking.hxx /misc/dn61/LocalWOK/wok_entities/LOC/dev/CR0-OCCT691-7-CR0-OCCT691-occt-64/inc/Handle_Contap_TheIWLineOfTheIWalking.hxx
+M Contap:pubinclude:Contap_TheIWLineOfTheIWalking.hxx /misc/dn61/LocalWOK/wok_entities/LOC/dev/CR0-OCCT691-7-CR0-OCCT691-occt-64/inc/Contap_TheIWLineOfTheIWalking.hxx
+M Contap:derivated:Contap_TheIWLineOfTheIWalking_0.cxx /misc/dn61/LocalWOK/wok_entities/LOC/dev/CR0-OCCT691-7-CR0-OCCT691-occt-64/drv/Contap/Contap_TheIWLineOfTheIWalking_0.cxx
+M Contap:pubinclude:Handle_Contap_SequenceNodeOfSequenceOfIWLineOfTheIWalking.hxx /misc/dn61/LocalWOK/wok_entities/LOC/dev/CR0-OCCT691-7-CR0-OCCT691-occt-64/inc/Handle_Contap_SequenceNodeOfSequenceOfIWLineOfTheIWalking.hxx
+M Contap:pubinclude:Contap_SequenceNodeOfSequenceOfIWLineOfTheIWalking.hxx /misc/dn61/LocalWOK/wok_entities/LOC/dev/CR0-OCCT691-7-CR0-OCCT691-occt-64/inc/Contap_SequenceNodeOfSequenceOfIWLineOfTheIWalking.hxx
+M Contap:derivated:Contap_SequenceNodeOfSequenceOfIWLineOfTheIWalking_0.cxx /misc/dn61/LocalWOK/wok_entities/LOC/dev/CR0-OCCT691-7-CR0-OCCT691-occt-64/drv/Contap/Contap_SequenceNodeOfSequenceOfIWLineOfTheIWalking_0.cxx
+M Contap:pubinclude:Contap_SequenceOfIWLineOfTheIWalking.hxx /misc/dn61/LocalWOK/wok_entities/LOC/dev/CR0-OCCT691-7-CR0-OCCT691-occt-64/inc/Contap_SequenceOfIWLineOfTheIWalking.hxx
+M Contap:derivated:Contap_SequenceOfIWLineOfTheIWalking_0.cxx /misc/dn61/LocalWOK/wok_entities/LOC/dev/CR0-OCCT691-7-CR0-OCCT691-occt-64/drv/Contap/Contap_SequenceOfIWLineOfTheIWalking_0.cxx
+M Contap:pubinclude:Contap_TFunction.hxx /misc/dn61/LocalWOK/wok_entities/LOC/dev/CR0-OCCT691-7-CR0-OCCT691-occt-64/inc/Contap_TFunction.hxx
+M Contap:pubinclude:Contap_IType.hxx /misc/dn61/LocalWOK/wok_entities/LOC/dev/CR0-OCCT691-7-CR0-OCCT691-occt-64/inc/Contap_IType.hxx
+M Contap:dbadmfile:Contap_xcpp_header.In /misc/dn61/LocalWOK/wok_entities/LOC/dev/CR0-OCCT691-7-CR0-OCCT691-occt-64/drv/Contap/.adm/Contap_xcpp_header.In
+M Contap:dbadmfile:Contap_xcpp_header.Out /misc/dn61/LocalWOK/wok_entities/LOC/dev/CR0-OCCT691-7-CR0-OCCT691-occt-64/drv/Contap/.adm/Contap_xcpp_header.Out
+M Contap:dbadmfile:Contap_xcpp_header.Dep /misc/dn61/LocalWOK/wok_entities/LOC/dev/CR0-OCCT691-7-CR0-OCCT691-occt-64/drv/Contap/.adm/Contap_xcpp_header.Dep
