+M PLib:pubinclude:PLib.hxx /misc/dn61/LocalWOK/wok_entities/LOC/dev/CR0-OCCT691-7-CR0-OCCT691-occt-64/inc/PLib.hxx
+M PLib:privinclude:PLib.jxx /misc/dn61/LocalWOK/wok_entities/LOC/dev/CR0-OCCT691-7-CR0-OCCT691-occt-64/drv/PLib/PLib.jxx
+M PLib:privinclude:PLib.ixx /misc/dn61/LocalWOK/wok_entities/LOC/dev/CR0-OCCT691-7-CR0-OCCT691-occt-64/drv/PLib/PLib.ixx
+M PLib:pubinclude:Handle_PLib_Base.hxx /misc/dn61/LocalWOK/wok_entities/LOC/dev/CR0-OCCT691-7-CR0-OCCT691-occt-64/inc/Handle_PLib_Base.hxx
+M PLib:pubinclude:PLib_Base.hxx /misc/dn61/LocalWOK/wok_entities/LOC/dev/CR0-OCCT691-7-CR0-OCCT691-occt-64/inc/PLib_Base.hxx
+M PLib:privinclude:PLib_Base.jxx /misc/dn61/LocalWOK/wok_entities/LOC/dev/CR0-OCCT691-7-CR0-OCCT691-occt-64/drv/PLib/PLib_Base.jxx
+M PLib:privinclude:PLib_Base.ixx /misc/dn61/LocalWOK/wok_entities/LOC/dev/CR0-OCCT691-7-CR0-OCCT691-occt-64/drv/PLib/PLib_Base.ixx
+M PLib:pubinclude:Handle_PLib_JacobiPolynomial.hxx /misc/dn61/LocalWOK/wok_entities/LOC/dev/CR0-OCCT691-7-CR0-OCCT691-occt-64/inc/Handle_PLib_JacobiPolynomial.hxx
+M PLib:pubinclude:PLib_JacobiPolynomial.hxx /misc/dn61/LocalWOK/wok_entities/LOC/dev/CR0-OCCT691-7-CR0-OCCT691-occt-64/inc/PLib_JacobiPolynomial.hxx
+M PLib:privinclude:PLib_JacobiPolynomial.jxx /misc/dn61/LocalWOK/wok_entities/LOC/dev/CR0-OCCT691-7-CR0-OCCT691-occt-64/drv/PLib/PLib_JacobiPolynomial.jxx
+M PLib:privinclude:PLib_JacobiPolynomial.ixx /misc/dn61/LocalWOK/wok_entities/LOC/dev/CR0-OCCT691-7-CR0-OCCT691-occt-64/drv/PLib/PLib_JacobiPolynomial.ixx
+M PLib:pubinclude:Handle_PLib_HermitJacobi.hxx /misc/dn61/LocalWOK/wok_entities/LOC/dev/CR0-OCCT691-7-CR0-OCCT691-occt-64/inc/Handle_PLib_HermitJacobi.hxx
+M PLib:pubinclude:PLib_HermitJacobi.hxx /misc/dn61/LocalWOK/wok_entities/LOC/dev/CR0-OCCT691-7-CR0-OCCT691-occt-64/inc/PLib_HermitJacobi.hxx
+M PLib:privinclude:PLib_HermitJacobi.jxx /misc/dn61/LocalWOK/wok_entities/LOC/dev/CR0-OCCT691-7-CR0-OCCT691-occt-64/drv/PLib/PLib_HermitJacobi.jxx
+M PLib:privinclude:PLib_HermitJacobi.ixx /misc/dn61/LocalWOK/wok_entities/LOC/dev/CR0-OCCT691-7-CR0-OCCT691-occt-64/drv/PLib/PLib_HermitJacobi.ixx
+M PLib:pubinclude:PLib_DoubleJacobiPolynomial.hxx /misc/dn61/LocalWOK/wok_entities/LOC/dev/CR0-OCCT691-7-CR0-OCCT691-occt-64/inc/PLib_DoubleJacobiPolynomial.hxx
+M PLib:privinclude:PLib_DoubleJacobiPolynomial.jxx /misc/dn61/LocalWOK/wok_entities/LOC/dev/CR0-OCCT691-7-CR0-OCCT691-occt-64/drv/PLib/PLib_DoubleJacobiPolynomial.jxx
+M PLib:privinclude:PLib_DoubleJacobiPolynomial.ixx /misc/dn61/LocalWOK/wok_entities/LOC/dev/CR0-OCCT691-7-CR0-OCCT691-occt-64/drv/PLib/PLib_DoubleJacobiPolynomial.ixx
+M PLib:dbadmfile:PLib_xcpp_header.In /misc/dn61/LocalWOK/wok_entities/LOC/dev/CR0-OCCT691-7-CR0-OCCT691-occt-64/drv/PLib/.adm/PLib_xcpp_header.In
+M PLib:dbadmfile:PLib_xcpp_header.Out /misc/dn61/LocalWOK/wok_entities/LOC/dev/CR0-OCCT691-7-CR0-OCCT691-occt-64/drv/PLib/.adm/PLib_xcpp_header.Out
+M PLib:dbadmfile:PLib_xcpp_header.Dep /misc/dn61/LocalWOK/wok_entities/LOC/dev/CR0-OCCT691-7-CR0-OCCT691-occt-64/drv/PLib/.adm/PLib_xcpp_header.Dep
