+M Message:pubinclude:Message.hxx /misc/dn61/LocalWOK/wok_entities/LOC/dev/CR0-OCCT691-7-CR0-OCCT691-occt-64/inc/Message.hxx
+M Message:privinclude:Message.jxx /misc/dn61/LocalWOK/wok_entities/LOC/dev/CR0-OCCT691-7-CR0-OCCT691-occt-64/drv/Message/Message.jxx
+M Message:privinclude:Message.ixx /misc/dn61/LocalWOK/wok_entities/LOC/dev/CR0-OCCT691-7-CR0-OCCT691-occt-64/drv/Message/Message.ixx
+M Message:pubinclude:Message_Msg.hxx /misc/dn61/LocalWOK/wok_entities/LOC/dev/CR0-OCCT691-7-CR0-OCCT691-occt-64/inc/Message_Msg.hxx
+M Message:privinclude:Message_Msg.jxx /misc/dn61/LocalWOK/wok_entities/LOC/dev/CR0-OCCT691-7-CR0-OCCT691-occt-64/drv/Message/Message_Msg.jxx
+M Message:privinclude:Message_Msg.ixx /misc/dn61/LocalWOK/wok_entities/LOC/dev/CR0-OCCT691-7-CR0-OCCT691-occt-64/drv/Message/Message_Msg.ixx
+M Message:pubinclude:Message_MsgFile.hxx /misc/dn61/LocalWOK/wok_entities/LOC/dev/CR0-OCCT691-7-CR0-OCCT691-occt-64/inc/Message_MsgFile.hxx
+M Message:privinclude:Message_MsgFile.jxx /misc/dn61/LocalWOK/wok_entities/LOC/dev/CR0-OCCT691-7-CR0-OCCT691-occt-64/drv/Message/Message_MsgFile.jxx
+M Message:privinclude:Message_MsgFile.ixx /misc/dn61/LocalWOK/wok_entities/LOC/dev/CR0-OCCT691-7-CR0-OCCT691-occt-64/drv/Message/Message_MsgFile.ixx
+M Message:pubinclude:Handle_Message_Messenger.hxx /misc/dn61/LocalWOK/wok_entities/LOC/dev/CR0-OCCT691-7-CR0-OCCT691-occt-64/inc/Handle_Message_Messenger.hxx
+M Message:pubinclude:Message_Messenger.hxx /misc/dn61/LocalWOK/wok_entities/LOC/dev/CR0-OCCT691-7-CR0-OCCT691-occt-64/inc/Message_Messenger.hxx
+M Message:privinclude:Message_Messenger.jxx /misc/dn61/LocalWOK/wok_entities/LOC/dev/CR0-OCCT691-7-CR0-OCCT691-occt-64/drv/Message/Message_Messenger.jxx
+M Message:privinclude:Message_Messenger.ixx /misc/dn61/LocalWOK/wok_entities/LOC/dev/CR0-OCCT691-7-CR0-OCCT691-occt-64/drv/Message/Message_Messenger.ixx
+M Message:pubinclude:Handle_Message_Algorithm.hxx /misc/dn61/LocalWOK/wok_entities/LOC/dev/CR0-OCCT691-7-CR0-OCCT691-occt-64/inc/Handle_Message_Algorithm.hxx
+M Message:pubinclude:Message_Algorithm.hxx /misc/dn61/LocalWOK/wok_entities/LOC/dev/CR0-OCCT691-7-CR0-OCCT691-occt-64/inc/Message_Algorithm.hxx
+M Message:privinclude:Message_Algorithm.jxx /misc/dn61/LocalWOK/wok_entities/LOC/dev/CR0-OCCT691-7-CR0-OCCT691-occt-64/drv/Message/Message_Algorithm.jxx
+M Message:privinclude:Message_Algorithm.ixx /misc/dn61/LocalWOK/wok_entities/LOC/dev/CR0-OCCT691-7-CR0-OCCT691-occt-64/drv/Message/Message_Algorithm.ixx
+M Message:pubinclude:Handle_Message_Printer.hxx /misc/dn61/LocalWOK/wok_entities/LOC/dev/CR0-OCCT691-7-CR0-OCCT691-occt-64/inc/Handle_Message_Printer.hxx
+M Message:pubinclude:Message_Printer.hxx /misc/dn61/LocalWOK/wok_entities/LOC/dev/CR0-OCCT691-7-CR0-OCCT691-occt-64/inc/Message_Printer.hxx
+M Message:privinclude:Message_Printer.jxx /misc/dn61/LocalWOK/wok_entities/LOC/dev/CR0-OCCT691-7-CR0-OCCT691-occt-64/drv/Message/Message_Printer.jxx
+M Message:privinclude:Message_Printer.ixx /misc/dn61/LocalWOK/wok_entities/LOC/dev/CR0-OCCT691-7-CR0-OCCT691-occt-64/drv/Message/Message_Printer.ixx
+M Message:pubinclude:Handle_Message_PrinterOStream.hxx /misc/dn61/LocalWOK/wok_entities/LOC/dev/CR0-OCCT691-7-CR0-OCCT691-occt-64/inc/Handle_Message_PrinterOStream.hxx
+M Message:pubinclude:Message_PrinterOStream.hxx /misc/dn61/LocalWOK/wok_entities/LOC/dev/CR0-OCCT691-7-CR0-OCCT691-occt-64/inc/Message_PrinterOStream.hxx
+M Message:privinclude:Message_PrinterOStream.jxx /misc/dn61/LocalWOK/wok_entities/LOC/dev/CR0-OCCT691-7-CR0-OCCT691-occt-64/drv/Message/Message_PrinterOStream.jxx
+M Message:privinclude:Message_PrinterOStream.ixx /misc/dn61/LocalWOK/wok_entities/LOC/dev/CR0-OCCT691-7-CR0-OCCT691-occt-64/drv/Message/Message_PrinterOStream.ixx
+M Message:pubinclude:Message_ListOfMsg.hxx /misc/dn61/LocalWOK/wok_entities/LOC/dev/CR0-OCCT691-7-CR0-OCCT691-occt-64/inc/Message_ListOfMsg.hxx
+M Message:derivated:Message_ListOfMsg_0.cxx /misc/dn61/LocalWOK/wok_entities/LOC/dev/CR0-OCCT691-7-CR0-OCCT691-occt-64/drv/Message/Message_ListOfMsg_0.cxx
+M Message:pubinclude:Message_SequenceOfPrinters.hxx /misc/dn61/LocalWOK/wok_entities/LOC/dev/CR0-OCCT691-7-CR0-OCCT691-occt-64/inc/Message_SequenceOfPrinters.hxx
+M Message:derivated:Message_SequenceOfPrinters_0.cxx /misc/dn61/LocalWOK/wok_entities/LOC/dev/CR0-OCCT691-7-CR0-OCCT691-occt-64/drv/Message/Message_SequenceOfPrinters_0.cxx
+M Message:pubinclude:Handle_Message_ProgressIndicator.hxx /misc/dn61/LocalWOK/wok_entities/LOC/dev/CR0-OCCT691-7-CR0-OCCT691-occt-64/inc/Handle_Message_ProgressIndicator.hxx
+M Message:pubinclude:Message_ProgressIndicator.hxx /misc/dn61/LocalWOK/wok_entities/LOC/dev/CR0-OCCT691-7-CR0-OCCT691-occt-64/inc/Message_ProgressIndicator.hxx
+M Message:privinclude:Message_ProgressIndicator.jxx /misc/dn61/LocalWOK/wok_entities/LOC/dev/CR0-OCCT691-7-CR0-OCCT691-occt-64/drv/Message/Message_ProgressIndicator.jxx
+M Message:privinclude:Message_ProgressIndicator.ixx /misc/dn61/LocalWOK/wok_entities/LOC/dev/CR0-OCCT691-7-CR0-OCCT691-occt-64/drv/Message/Message_ProgressIndicator.ixx
+M Message:pubinclude:Message_ProgressScale.hxx /misc/dn61/LocalWOK/wok_entities/LOC/dev/CR0-OCCT691-7-CR0-OCCT691-occt-64/inc/Message_ProgressScale.hxx
+M Message:privinclude:Message_ProgressScale.jxx /misc/dn61/LocalWOK/wok_entities/LOC/dev/CR0-OCCT691-7-CR0-OCCT691-occt-64/drv/Message/Message_ProgressScale.jxx
+M Message:privinclude:Message_ProgressScale.ixx /misc/dn61/LocalWOK/wok_entities/LOC/dev/CR0-OCCT691-7-CR0-OCCT691-occt-64/drv/Message/Message_ProgressScale.ixx
+M Message:pubinclude:Message_ProgressSentry.hxx /misc/dn61/LocalWOK/wok_entities/LOC/dev/CR0-OCCT691-7-CR0-OCCT691-occt-64/inc/Message_ProgressSentry.hxx
+M Message:privinclude:Message_ProgressSentry.jxx /misc/dn61/LocalWOK/wok_entities/LOC/dev/CR0-OCCT691-7-CR0-OCCT691-occt-64/drv/Message/Message_ProgressSentry.jxx
+M Message:privinclude:Message_ProgressSentry.ixx /misc/dn61/LocalWOK/wok_entities/LOC/dev/CR0-OCCT691-7-CR0-OCCT691-occt-64/drv/Message/Message_ProgressSentry.ixx
+M Message:pubinclude:Message_SequenceOfProgressScale.hxx /misc/dn61/LocalWOK/wok_entities/LOC/dev/CR0-OCCT691-7-CR0-OCCT691-occt-64/inc/Message_SequenceOfProgressScale.hxx
+M Message:derivated:Message_SequenceOfProgressScale_0.cxx /misc/dn61/LocalWOK/wok_entities/LOC/dev/CR0-OCCT691-7-CR0-OCCT691-occt-64/drv/Message/Message_SequenceOfProgressScale_0.cxx
+M Message:pubinclude:Handle_Message_ListNodeOfListOfMsg.hxx /misc/dn61/LocalWOK/wok_entities/LOC/dev/CR0-OCCT691-7-CR0-OCCT691-occt-64/inc/Handle_Message_ListNodeOfListOfMsg.hxx
+M Message:pubinclude:Message_ListNodeOfListOfMsg.hxx /misc/dn61/LocalWOK/wok_entities/LOC/dev/CR0-OCCT691-7-CR0-OCCT691-occt-64/inc/Message_ListNodeOfListOfMsg.hxx
+M Message:derivated:Message_ListNodeOfListOfMsg_0.cxx /misc/dn61/LocalWOK/wok_entities/LOC/dev/CR0-OCCT691-7-CR0-OCCT691-occt-64/drv/Message/Message_ListNodeOfListOfMsg_0.cxx
+M Message:pubinclude:Message_ListIteratorOfListOfMsg.hxx /misc/dn61/LocalWOK/wok_entities/LOC/dev/CR0-OCCT691-7-CR0-OCCT691-occt-64/inc/Message_ListIteratorOfListOfMsg.hxx
+M Message:derivated:Message_ListIteratorOfListOfMsg_0.cxx /misc/dn61/LocalWOK/wok_entities/LOC/dev/CR0-OCCT691-7-CR0-OCCT691-occt-64/drv/Message/Message_ListIteratorOfListOfMsg_0.cxx
+M Message:pubinclude:Handle_Message_SequenceNodeOfSequenceOfPrinters.hxx /misc/dn61/LocalWOK/wok_entities/LOC/dev/CR0-OCCT691-7-CR0-OCCT691-occt-64/inc/Handle_Message_SequenceNodeOfSequenceOfPrinters.hxx
+M Message:pubinclude:Message_SequenceNodeOfSequenceOfPrinters.hxx /misc/dn61/LocalWOK/wok_entities/LOC/dev/CR0-OCCT691-7-CR0-OCCT691-occt-64/inc/Message_SequenceNodeOfSequenceOfPrinters.hxx
+M Message:derivated:Message_SequenceNodeOfSequenceOfPrinters_0.cxx /misc/dn61/LocalWOK/wok_entities/LOC/dev/CR0-OCCT691-7-CR0-OCCT691-occt-64/drv/Message/Message_SequenceNodeOfSequenceOfPrinters_0.cxx
+M Message:pubinclude:Handle_Message_SequenceNodeOfSequenceOfProgressScale.hxx /misc/dn61/LocalWOK/wok_entities/LOC/dev/CR0-OCCT691-7-CR0-OCCT691-occt-64/inc/Handle_Message_SequenceNodeOfSequenceOfProgressScale.hxx
+M Message:pubinclude:Message_SequenceNodeOfSequenceOfProgressScale.hxx /misc/dn61/LocalWOK/wok_entities/LOC/dev/CR0-OCCT691-7-CR0-OCCT691-occt-64/inc/Message_SequenceNodeOfSequenceOfProgressScale.hxx
+M Message:derivated:Message_SequenceNodeOfSequenceOfProgressScale_0.cxx /misc/dn61/LocalWOK/wok_entities/LOC/dev/CR0-OCCT691-7-CR0-OCCT691-occt-64/drv/Message/Message_SequenceNodeOfSequenceOfProgressScale_0.cxx
+M Message:pubinclude:Message_Gravity.hxx /misc/dn61/LocalWOK/wok_entities/LOC/dev/CR0-OCCT691-7-CR0-OCCT691-occt-64/inc/Message_Gravity.hxx
+M Message:dbadmfile:Message_xcpp_header.In /misc/dn61/LocalWOK/wok_entities/LOC/dev/CR0-OCCT691-7-CR0-OCCT691-occt-64/drv/Message/.adm/Message_xcpp_header.In
+M Message:dbadmfile:Message_xcpp_header.Out /misc/dn61/LocalWOK/wok_entities/LOC/dev/CR0-OCCT691-7-CR0-OCCT691-occt-64/drv/Message/.adm/Message_xcpp_header.Out
+M Message:dbadmfile:Message_xcpp_header.Dep /misc/dn61/LocalWOK/wok_entities/LOC/dev/CR0-OCCT691-7-CR0-OCCT691-occt-64/drv/Message/.adm/Message_xcpp_header.Dep
