+M RWStepElement:pubinclude:RWStepElement_RWAnalysisItemWithinRepresentation.hxx /misc/dn61/LocalWOK/wok_entities/LOC/dev/CR0-OCCT691-7-CR0-OCCT691-occt-64/inc/RWStepElement_RWAnalysisItemWithinRepresentation.hxx
+M RWStepElement:privinclude:RWStepElement_RWAnalysisItemWithinRepresentation.jxx /misc/dn61/LocalWOK/wok_entities/LOC/dev/CR0-OCCT691-7-CR0-OCCT691-occt-64/drv/RWStepElement/RWStepElement_RWAnalysisItemWithinRepresentation.jxx
+M RWStepElement:privinclude:RWStepElement_RWAnalysisItemWithinRepresentation.ixx /misc/dn61/LocalWOK/wok_entities/LOC/dev/CR0-OCCT691-7-CR0-OCCT691-occt-64/drv/RWStepElement/RWStepElement_RWAnalysisItemWithinRepresentation.ixx
+M RWStepElement:pubinclude:RWStepElement_RWCurve3dElementDescriptor.hxx /misc/dn61/LocalWOK/wok_entities/LOC/dev/CR0-OCCT691-7-CR0-OCCT691-occt-64/inc/RWStepElement_RWCurve3dElementDescriptor.hxx
+M RWStepElement:privinclude:RWStepElement_RWCurve3dElementDescriptor.jxx /misc/dn61/LocalWOK/wok_entities/LOC/dev/CR0-OCCT691-7-CR0-OCCT691-occt-64/drv/RWStepElement/RWStepElement_RWCurve3dElementDescriptor.jxx
+M RWStepElement:privinclude:RWStepElement_RWCurve3dElementDescriptor.ixx /misc/dn61/LocalWOK/wok_entities/LOC/dev/CR0-OCCT691-7-CR0-OCCT691-occt-64/drv/RWStepElement/RWStepElement_RWCurve3dElementDescriptor.ixx
+M RWStepElement:pubinclude:RWStepElement_RWCurveElementEndReleasePacket.hxx /misc/dn61/LocalWOK/wok_entities/LOC/dev/CR0-OCCT691-7-CR0-OCCT691-occt-64/inc/RWStepElement_RWCurveElementEndReleasePacket.hxx
+M RWStepElement:privinclude:RWStepElement_RWCurveElementEndReleasePacket.jxx /misc/dn61/LocalWOK/wok_entities/LOC/dev/CR0-OCCT691-7-CR0-OCCT691-occt-64/drv/RWStepElement/RWStepElement_RWCurveElementEndReleasePacket.jxx
+M RWStepElement:privinclude:RWStepElement_RWCurveElementEndReleasePacket.ixx /misc/dn61/LocalWOK/wok_entities/LOC/dev/CR0-OCCT691-7-CR0-OCCT691-occt-64/drv/RWStepElement/RWStepElement_RWCurveElementEndReleasePacket.ixx
+M RWStepElement:pubinclude:RWStepElement_RWCurveElementSectionDefinition.hxx /misc/dn61/LocalWOK/wok_entities/LOC/dev/CR0-OCCT691-7-CR0-OCCT691-occt-64/inc/RWStepElement_RWCurveElementSectionDefinition.hxx
+M RWStepElement:privinclude:RWStepElement_RWCurveElementSectionDefinition.jxx /misc/dn61/LocalWOK/wok_entities/LOC/dev/CR0-OCCT691-7-CR0-OCCT691-occt-64/drv/RWStepElement/RWStepElement_RWCurveElementSectionDefinition.jxx
+M RWStepElement:privinclude:RWStepElement_RWCurveElementSectionDefinition.ixx /misc/dn61/LocalWOK/wok_entities/LOC/dev/CR0-OCCT691-7-CR0-OCCT691-occt-64/drv/RWStepElement/RWStepElement_RWCurveElementSectionDefinition.ixx
+M RWStepElement:pubinclude:RWStepElement_RWCurveElementSectionDerivedDefinitions.hxx /misc/dn61/LocalWOK/wok_entities/LOC/dev/CR0-OCCT691-7-CR0-OCCT691-occt-64/inc/RWStepElement_RWCurveElementSectionDerivedDefinitions.hxx
+M RWStepElement:privinclude:RWStepElement_RWCurveElementSectionDerivedDefinitions.jxx /misc/dn61/LocalWOK/wok_entities/LOC/dev/CR0-OCCT691-7-CR0-OCCT691-occt-64/drv/RWStepElement/RWStepElement_RWCurveElementSectionDerivedDefinitions.jxx
+M RWStepElement:privinclude:RWStepElement_RWCurveElementSectionDerivedDefinitions.ixx /misc/dn61/LocalWOK/wok_entities/LOC/dev/CR0-OCCT691-7-CR0-OCCT691-occt-64/drv/RWStepElement/RWStepElement_RWCurveElementSectionDerivedDefinitions.ixx
+M RWStepElement:pubinclude:RWStepElement_RWElementDescriptor.hxx /misc/dn61/LocalWOK/wok_entities/LOC/dev/CR0-OCCT691-7-CR0-OCCT691-occt-64/inc/RWStepElement_RWElementDescriptor.hxx
+M RWStepElement:privinclude:RWStepElement_RWElementDescriptor.jxx /misc/dn61/LocalWOK/wok_entities/LOC/dev/CR0-OCCT691-7-CR0-OCCT691-occt-64/drv/RWStepElement/RWStepElement_RWElementDescriptor.jxx
+M RWStepElement:privinclude:RWStepElement_RWElementDescriptor.ixx /misc/dn61/LocalWOK/wok_entities/LOC/dev/CR0-OCCT691-7-CR0-OCCT691-occt-64/drv/RWStepElement/RWStepElement_RWElementDescriptor.ixx
+M RWStepElement:pubinclude:RWStepElement_RWElementMaterial.hxx /misc/dn61/LocalWOK/wok_entities/LOC/dev/CR0-OCCT691-7-CR0-OCCT691-occt-64/inc/RWStepElement_RWElementMaterial.hxx
+M RWStepElement:privinclude:RWStepElement_RWElementMaterial.jxx /misc/dn61/LocalWOK/wok_entities/LOC/dev/CR0-OCCT691-7-CR0-OCCT691-occt-64/drv/RWStepElement/RWStepElement_RWElementMaterial.jxx
+M RWStepElement:privinclude:RWStepElement_RWElementMaterial.ixx /misc/dn61/LocalWOK/wok_entities/LOC/dev/CR0-OCCT691-7-CR0-OCCT691-occt-64/drv/RWStepElement/RWStepElement_RWElementMaterial.ixx
+M RWStepElement:pubinclude:RWStepElement_RWSurface3dElementDescriptor.hxx /misc/dn61/LocalWOK/wok_entities/LOC/dev/CR0-OCCT691-7-CR0-OCCT691-occt-64/inc/RWStepElement_RWSurface3dElementDescriptor.hxx
+M RWStepElement:privinclude:RWStepElement_RWSurface3dElementDescriptor.jxx /misc/dn61/LocalWOK/wok_entities/LOC/dev/CR0-OCCT691-7-CR0-OCCT691-occt-64/drv/RWStepElement/RWStepElement_RWSurface3dElementDescriptor.jxx
+M RWStepElement:privinclude:RWStepElement_RWSurface3dElementDescriptor.ixx /misc/dn61/LocalWOK/wok_entities/LOC/dev/CR0-OCCT691-7-CR0-OCCT691-occt-64/drv/RWStepElement/RWStepElement_RWSurface3dElementDescriptor.ixx
+M RWStepElement:pubinclude:RWStepElement_RWSurfaceElementProperty.hxx /misc/dn61/LocalWOK/wok_entities/LOC/dev/CR0-OCCT691-7-CR0-OCCT691-occt-64/inc/RWStepElement_RWSurfaceElementProperty.hxx
+M RWStepElement:privinclude:RWStepElement_RWSurfaceElementProperty.jxx /misc/dn61/LocalWOK/wok_entities/LOC/dev/CR0-OCCT691-7-CR0-OCCT691-occt-64/drv/RWStepElement/RWStepElement_RWSurfaceElementProperty.jxx
+M RWStepElement:privinclude:RWStepElement_RWSurfaceElementProperty.ixx /misc/dn61/LocalWOK/wok_entities/LOC/dev/CR0-OCCT691-7-CR0-OCCT691-occt-64/drv/RWStepElement/RWStepElement_RWSurfaceElementProperty.ixx
+M RWStepElement:pubinclude:RWStepElement_RWSurfaceSection.hxx /misc/dn61/LocalWOK/wok_entities/LOC/dev/CR0-OCCT691-7-CR0-OCCT691-occt-64/inc/RWStepElement_RWSurfaceSection.hxx
+M RWStepElement:privinclude:RWStepElement_RWSurfaceSection.jxx /misc/dn61/LocalWOK/wok_entities/LOC/dev/CR0-OCCT691-7-CR0-OCCT691-occt-64/drv/RWStepElement/RWStepElement_RWSurfaceSection.jxx
+M RWStepElement:privinclude:RWStepElement_RWSurfaceSection.ixx /misc/dn61/LocalWOK/wok_entities/LOC/dev/CR0-OCCT691-7-CR0-OCCT691-occt-64/drv/RWStepElement/RWStepElement_RWSurfaceSection.ixx
+M RWStepElement:pubinclude:RWStepElement_RWSurfaceSectionField.hxx /misc/dn61/LocalWOK/wok_entities/LOC/dev/CR0-OCCT691-7-CR0-OCCT691-occt-64/inc/RWStepElement_RWSurfaceSectionField.hxx
+M RWStepElement:privinclude:RWStepElement_RWSurfaceSectionField.jxx /misc/dn61/LocalWOK/wok_entities/LOC/dev/CR0-OCCT691-7-CR0-OCCT691-occt-64/drv/RWStepElement/RWStepElement_RWSurfaceSectionField.jxx
+M RWStepElement:privinclude:RWStepElement_RWSurfaceSectionField.ixx /misc/dn61/LocalWOK/wok_entities/LOC/dev/CR0-OCCT691-7-CR0-OCCT691-occt-64/drv/RWStepElement/RWStepElement_RWSurfaceSectionField.ixx
+M RWStepElement:pubinclude:RWStepElement_RWSurfaceSectionFieldConstant.hxx /misc/dn61/LocalWOK/wok_entities/LOC/dev/CR0-OCCT691-7-CR0-OCCT691-occt-64/inc/RWStepElement_RWSurfaceSectionFieldConstant.hxx
+M RWStepElement:privinclude:RWStepElement_RWSurfaceSectionFieldConstant.jxx /misc/dn61/LocalWOK/wok_entities/LOC/dev/CR0-OCCT691-7-CR0-OCCT691-occt-64/drv/RWStepElement/RWStepElement_RWSurfaceSectionFieldConstant.jxx
+M RWStepElement:privinclude:RWStepElement_RWSurfaceSectionFieldConstant.ixx /misc/dn61/LocalWOK/wok_entities/LOC/dev/CR0-OCCT691-7-CR0-OCCT691-occt-64/drv/RWStepElement/RWStepElement_RWSurfaceSectionFieldConstant.ixx
+M RWStepElement:pubinclude:RWStepElement_RWSurfaceSectionFieldVarying.hxx /misc/dn61/LocalWOK/wok_entities/LOC/dev/CR0-OCCT691-7-CR0-OCCT691-occt-64/inc/RWStepElement_RWSurfaceSectionFieldVarying.hxx
+M RWStepElement:privinclude:RWStepElement_RWSurfaceSectionFieldVarying.jxx /misc/dn61/LocalWOK/wok_entities/LOC/dev/CR0-OCCT691-7-CR0-OCCT691-occt-64/drv/RWStepElement/RWStepElement_RWSurfaceSectionFieldVarying.jxx
+M RWStepElement:privinclude:RWStepElement_RWSurfaceSectionFieldVarying.ixx /misc/dn61/LocalWOK/wok_entities/LOC/dev/CR0-OCCT691-7-CR0-OCCT691-occt-64/drv/RWStepElement/RWStepElement_RWSurfaceSectionFieldVarying.ixx
+M RWStepElement:pubinclude:RWStepElement_RWUniformSurfaceSection.hxx /misc/dn61/LocalWOK/wok_entities/LOC/dev/CR0-OCCT691-7-CR0-OCCT691-occt-64/inc/RWStepElement_RWUniformSurfaceSection.hxx
+M RWStepElement:privinclude:RWStepElement_RWUniformSurfaceSection.jxx /misc/dn61/LocalWOK/wok_entities/LOC/dev/CR0-OCCT691-7-CR0-OCCT691-occt-64/drv/RWStepElement/RWStepElement_RWUniformSurfaceSection.jxx
+M RWStepElement:privinclude:RWStepElement_RWUniformSurfaceSection.ixx /misc/dn61/LocalWOK/wok_entities/LOC/dev/CR0-OCCT691-7-CR0-OCCT691-occt-64/drv/RWStepElement/RWStepElement_RWUniformSurfaceSection.ixx
+M RWStepElement:pubinclude:RWStepElement_RWVolume3dElementDescriptor.hxx /misc/dn61/LocalWOK/wok_entities/LOC/dev/CR0-OCCT691-7-CR0-OCCT691-occt-64/inc/RWStepElement_RWVolume3dElementDescriptor.hxx
+M RWStepElement:privinclude:RWStepElement_RWVolume3dElementDescriptor.jxx /misc/dn61/LocalWOK/wok_entities/LOC/dev/CR0-OCCT691-7-CR0-OCCT691-occt-64/drv/RWStepElement/RWStepElement_RWVolume3dElementDescriptor.jxx
+M RWStepElement:privinclude:RWStepElement_RWVolume3dElementDescriptor.ixx /misc/dn61/LocalWOK/wok_entities/LOC/dev/CR0-OCCT691-7-CR0-OCCT691-occt-64/drv/RWStepElement/RWStepElement_RWVolume3dElementDescriptor.ixx
+M RWStepElement:dbadmfile:RWStepElement_xcpp_header.In /misc/dn61/LocalWOK/wok_entities/LOC/dev/CR0-OCCT691-7-CR0-OCCT691-occt-64/drv/RWStepElement/.adm/RWStepElement_xcpp_header.In
+M RWStepElement:dbadmfile:RWStepElement_xcpp_header.Out /misc/dn61/LocalWOK/wok_entities/LOC/dev/CR0-OCCT691-7-CR0-OCCT691-occt-64/drv/RWStepElement/.adm/RWStepElement_xcpp_header.Out
+M RWStepElement:dbadmfile:RWStepElement_xcpp_header.Dep /misc/dn61/LocalWOK/wok_entities/LOC/dev/CR0-OCCT691-7-CR0-OCCT691-occt-64/drv/RWStepElement/.adm/RWStepElement_xcpp_header.Dep
