+M GC:pubinclude:GC_Root.hxx /misc/dn61/LocalWOK/wok_entities/LOC/dev/CR0-OCCT691-7-CR0-OCCT691-occt-64/inc/GC_Root.hxx
+M GC:privinclude:GC_Root.jxx /misc/dn61/LocalWOK/wok_entities/LOC/dev/CR0-OCCT691-7-CR0-OCCT691-occt-64/drv/GC/GC_Root.jxx
+M GC:privinclude:GC_Root.ixx /misc/dn61/LocalWOK/wok_entities/LOC/dev/CR0-OCCT691-7-CR0-OCCT691-occt-64/drv/GC/GC_Root.ixx
+M GC:pubinclude:GC_MakeLine.hxx /misc/dn61/LocalWOK/wok_entities/LOC/dev/CR0-OCCT691-7-CR0-OCCT691-occt-64/inc/GC_MakeLine.hxx
+M GC:privinclude:GC_MakeLine.jxx /misc/dn61/LocalWOK/wok_entities/LOC/dev/CR0-OCCT691-7-CR0-OCCT691-occt-64/drv/GC/GC_MakeLine.jxx
+M GC:privinclude:GC_MakeLine.ixx /misc/dn61/LocalWOK/wok_entities/LOC/dev/CR0-OCCT691-7-CR0-OCCT691-occt-64/drv/GC/GC_MakeLine.ixx
+M GC:pubinclude:GC_MakeCircle.hxx /misc/dn61/LocalWOK/wok_entities/LOC/dev/CR0-OCCT691-7-CR0-OCCT691-occt-64/inc/GC_MakeCircle.hxx
+M GC:privinclude:GC_MakeCircle.jxx /misc/dn61/LocalWOK/wok_entities/LOC/dev/CR0-OCCT691-7-CR0-OCCT691-occt-64/drv/GC/GC_MakeCircle.jxx
+M GC:privinclude:GC_MakeCircle.ixx /misc/dn61/LocalWOK/wok_entities/LOC/dev/CR0-OCCT691-7-CR0-OCCT691-occt-64/drv/GC/GC_MakeCircle.ixx
+M GC:pubinclude:GC_MakeHyperbola.hxx /misc/dn61/LocalWOK/wok_entities/LOC/dev/CR0-OCCT691-7-CR0-OCCT691-occt-64/inc/GC_MakeHyperbola.hxx
+M GC:privinclude:GC_MakeHyperbola.jxx /misc/dn61/LocalWOK/wok_entities/LOC/dev/CR0-OCCT691-7-CR0-OCCT691-occt-64/drv/GC/GC_MakeHyperbola.jxx
+M GC:privinclude:GC_MakeHyperbola.ixx /misc/dn61/LocalWOK/wok_entities/LOC/dev/CR0-OCCT691-7-CR0-OCCT691-occt-64/drv/GC/GC_MakeHyperbola.ixx
+M GC:pubinclude:GC_MakeEllipse.hxx /misc/dn61/LocalWOK/wok_entities/LOC/dev/CR0-OCCT691-7-CR0-OCCT691-occt-64/inc/GC_MakeEllipse.hxx
+M GC:privinclude:GC_MakeEllipse.jxx /misc/dn61/LocalWOK/wok_entities/LOC/dev/CR0-OCCT691-7-CR0-OCCT691-occt-64/drv/GC/GC_MakeEllipse.jxx
+M GC:privinclude:GC_MakeEllipse.ixx /misc/dn61/LocalWOK/wok_entities/LOC/dev/CR0-OCCT691-7-CR0-OCCT691-occt-64/drv/GC/GC_MakeEllipse.ixx
+M GC:pubinclude:GC_MakeSegment.hxx /misc/dn61/LocalWOK/wok_entities/LOC/dev/CR0-OCCT691-7-CR0-OCCT691-occt-64/inc/GC_MakeSegment.hxx
+M GC:privinclude:GC_MakeSegment.jxx /misc/dn61/LocalWOK/wok_entities/LOC/dev/CR0-OCCT691-7-CR0-OCCT691-occt-64/drv/GC/GC_MakeSegment.jxx
+M GC:privinclude:GC_MakeSegment.ixx /misc/dn61/LocalWOK/wok_entities/LOC/dev/CR0-OCCT691-7-CR0-OCCT691-occt-64/drv/GC/GC_MakeSegment.ixx
+M GC:pubinclude:GC_MakeArcOfCircle.hxx /misc/dn61/LocalWOK/wok_entities/LOC/dev/CR0-OCCT691-7-CR0-OCCT691-occt-64/inc/GC_MakeArcOfCircle.hxx
+M GC:privinclude:GC_MakeArcOfCircle.jxx /misc/dn61/LocalWOK/wok_entities/LOC/dev/CR0-OCCT691-7-CR0-OCCT691-occt-64/drv/GC/GC_MakeArcOfCircle.jxx
+M GC:privinclude:GC_MakeArcOfCircle.ixx /misc/dn61/LocalWOK/wok_entities/LOC/dev/CR0-OCCT691-7-CR0-OCCT691-occt-64/drv/GC/GC_MakeArcOfCircle.ixx
+M GC:pubinclude:GC_MakeArcOfEllipse.hxx /misc/dn61/LocalWOK/wok_entities/LOC/dev/CR0-OCCT691-7-CR0-OCCT691-occt-64/inc/GC_MakeArcOfEllipse.hxx
+M GC:privinclude:GC_MakeArcOfEllipse.jxx /misc/dn61/LocalWOK/wok_entities/LOC/dev/CR0-OCCT691-7-CR0-OCCT691-occt-64/drv/GC/GC_MakeArcOfEllipse.jxx
+M GC:privinclude:GC_MakeArcOfEllipse.ixx /misc/dn61/LocalWOK/wok_entities/LOC/dev/CR0-OCCT691-7-CR0-OCCT691-occt-64/drv/GC/GC_MakeArcOfEllipse.ixx
+M GC:pubinclude:GC_MakeArcOfHyperbola.hxx /misc/dn61/LocalWOK/wok_entities/LOC/dev/CR0-OCCT691-7-CR0-OCCT691-occt-64/inc/GC_MakeArcOfHyperbola.hxx
+M GC:privinclude:GC_MakeArcOfHyperbola.jxx /misc/dn61/LocalWOK/wok_entities/LOC/dev/CR0-OCCT691-7-CR0-OCCT691-occt-64/drv/GC/GC_MakeArcOfHyperbola.jxx
+M GC:privinclude:GC_MakeArcOfHyperbola.ixx /misc/dn61/LocalWOK/wok_entities/LOC/dev/CR0-OCCT691-7-CR0-OCCT691-occt-64/drv/GC/GC_MakeArcOfHyperbola.ixx
+M GC:pubinclude:GC_MakeArcOfParabola.hxx /misc/dn61/LocalWOK/wok_entities/LOC/dev/CR0-OCCT691-7-CR0-OCCT691-occt-64/inc/GC_MakeArcOfParabola.hxx
+M GC:privinclude:GC_MakeArcOfParabola.jxx /misc/dn61/LocalWOK/wok_entities/LOC/dev/CR0-OCCT691-7-CR0-OCCT691-occt-64/drv/GC/GC_MakeArcOfParabola.jxx
+M GC:privinclude:GC_MakeArcOfParabola.ixx /misc/dn61/LocalWOK/wok_entities/LOC/dev/CR0-OCCT691-7-CR0-OCCT691-occt-64/drv/GC/GC_MakeArcOfParabola.ixx
+M GC:pubinclude:GC_MakePlane.hxx /misc/dn61/LocalWOK/wok_entities/LOC/dev/CR0-OCCT691-7-CR0-OCCT691-occt-64/inc/GC_MakePlane.hxx
+M GC:privinclude:GC_MakePlane.jxx /misc/dn61/LocalWOK/wok_entities/LOC/dev/CR0-OCCT691-7-CR0-OCCT691-occt-64/drv/GC/GC_MakePlane.jxx
+M GC:privinclude:GC_MakePlane.ixx /misc/dn61/LocalWOK/wok_entities/LOC/dev/CR0-OCCT691-7-CR0-OCCT691-occt-64/drv/GC/GC_MakePlane.ixx
+M GC:pubinclude:GC_MakeCylindricalSurface.hxx /misc/dn61/LocalWOK/wok_entities/LOC/dev/CR0-OCCT691-7-CR0-OCCT691-occt-64/inc/GC_MakeCylindricalSurface.hxx
+M GC:privinclude:GC_MakeCylindricalSurface.jxx /misc/dn61/LocalWOK/wok_entities/LOC/dev/CR0-OCCT691-7-CR0-OCCT691-occt-64/drv/GC/GC_MakeCylindricalSurface.jxx
+M GC:privinclude:GC_MakeCylindricalSurface.ixx /misc/dn61/LocalWOK/wok_entities/LOC/dev/CR0-OCCT691-7-CR0-OCCT691-occt-64/drv/GC/GC_MakeCylindricalSurface.ixx
+M GC:pubinclude:GC_MakeConicalSurface.hxx /misc/dn61/LocalWOK/wok_entities/LOC/dev/CR0-OCCT691-7-CR0-OCCT691-occt-64/inc/GC_MakeConicalSurface.hxx
+M GC:privinclude:GC_MakeConicalSurface.jxx /misc/dn61/LocalWOK/wok_entities/LOC/dev/CR0-OCCT691-7-CR0-OCCT691-occt-64/drv/GC/GC_MakeConicalSurface.jxx
+M GC:privinclude:GC_MakeConicalSurface.ixx /misc/dn61/LocalWOK/wok_entities/LOC/dev/CR0-OCCT691-7-CR0-OCCT691-occt-64/drv/GC/GC_MakeConicalSurface.ixx
+M GC:pubinclude:GC_MakeTrimmedCylinder.hxx /misc/dn61/LocalWOK/wok_entities/LOC/dev/CR0-OCCT691-7-CR0-OCCT691-occt-64/inc/GC_MakeTrimmedCylinder.hxx
+M GC:privinclude:GC_MakeTrimmedCylinder.jxx /misc/dn61/LocalWOK/wok_entities/LOC/dev/CR0-OCCT691-7-CR0-OCCT691-occt-64/drv/GC/GC_MakeTrimmedCylinder.jxx
+M GC:privinclude:GC_MakeTrimmedCylinder.ixx /misc/dn61/LocalWOK/wok_entities/LOC/dev/CR0-OCCT691-7-CR0-OCCT691-occt-64/drv/GC/GC_MakeTrimmedCylinder.ixx
+M GC:pubinclude:GC_MakeTrimmedCone.hxx /misc/dn61/LocalWOK/wok_entities/LOC/dev/CR0-OCCT691-7-CR0-OCCT691-occt-64/inc/GC_MakeTrimmedCone.hxx
+M GC:privinclude:GC_MakeTrimmedCone.jxx /misc/dn61/LocalWOK/wok_entities/LOC/dev/CR0-OCCT691-7-CR0-OCCT691-occt-64/drv/GC/GC_MakeTrimmedCone.jxx
+M GC:privinclude:GC_MakeTrimmedCone.ixx /misc/dn61/LocalWOK/wok_entities/LOC/dev/CR0-OCCT691-7-CR0-OCCT691-occt-64/drv/GC/GC_MakeTrimmedCone.ixx
+M GC:pubinclude:GC_MakeTranslation.hxx /misc/dn61/LocalWOK/wok_entities/LOC/dev/CR0-OCCT691-7-CR0-OCCT691-occt-64/inc/GC_MakeTranslation.hxx
+M GC:privinclude:GC_MakeTranslation.jxx /misc/dn61/LocalWOK/wok_entities/LOC/dev/CR0-OCCT691-7-CR0-OCCT691-occt-64/drv/GC/GC_MakeTranslation.jxx
+M GC:privinclude:GC_MakeTranslation.ixx /misc/dn61/LocalWOK/wok_entities/LOC/dev/CR0-OCCT691-7-CR0-OCCT691-occt-64/drv/GC/GC_MakeTranslation.ixx
+M GC:pubinclude:GC_MakeMirror.hxx /misc/dn61/LocalWOK/wok_entities/LOC/dev/CR0-OCCT691-7-CR0-OCCT691-occt-64/inc/GC_MakeMirror.hxx
+M GC:privinclude:GC_MakeMirror.jxx /misc/dn61/LocalWOK/wok_entities/LOC/dev/CR0-OCCT691-7-CR0-OCCT691-occt-64/drv/GC/GC_MakeMirror.jxx
+M GC:privinclude:GC_MakeMirror.ixx /misc/dn61/LocalWOK/wok_entities/LOC/dev/CR0-OCCT691-7-CR0-OCCT691-occt-64/drv/GC/GC_MakeMirror.ixx
+M GC:pubinclude:GC_MakeRotation.hxx /misc/dn61/LocalWOK/wok_entities/LOC/dev/CR0-OCCT691-7-CR0-OCCT691-occt-64/inc/GC_MakeRotation.hxx
+M GC:privinclude:GC_MakeRotation.jxx /misc/dn61/LocalWOK/wok_entities/LOC/dev/CR0-OCCT691-7-CR0-OCCT691-occt-64/drv/GC/GC_MakeRotation.jxx
+M GC:privinclude:GC_MakeRotation.ixx /misc/dn61/LocalWOK/wok_entities/LOC/dev/CR0-OCCT691-7-CR0-OCCT691-occt-64/drv/GC/GC_MakeRotation.ixx
+M GC:pubinclude:GC_MakeScale.hxx /misc/dn61/LocalWOK/wok_entities/LOC/dev/CR0-OCCT691-7-CR0-OCCT691-occt-64/inc/GC_MakeScale.hxx
+M GC:privinclude:GC_MakeScale.jxx /misc/dn61/LocalWOK/wok_entities/LOC/dev/CR0-OCCT691-7-CR0-OCCT691-occt-64/drv/GC/GC_MakeScale.jxx
+M GC:privinclude:GC_MakeScale.ixx /misc/dn61/LocalWOK/wok_entities/LOC/dev/CR0-OCCT691-7-CR0-OCCT691-occt-64/drv/GC/GC_MakeScale.ixx
+M GC:dbadmfile:GC_xcpp_header.In /misc/dn61/LocalWOK/wok_entities/LOC/dev/CR0-OCCT691-7-CR0-OCCT691-occt-64/drv/GC/.adm/GC_xcpp_header.In
+M GC:dbadmfile:GC_xcpp_header.Out /misc/dn61/LocalWOK/wok_entities/LOC/dev/CR0-OCCT691-7-CR0-OCCT691-occt-64/drv/GC/.adm/GC_xcpp_header.Out
+M GC:dbadmfile:GC_xcpp_header.Dep /misc/dn61/LocalWOK/wok_entities/LOC/dev/CR0-OCCT691-7-CR0-OCCT691-occt-64/drv/GC/.adm/GC_xcpp_header.Dep
