+M AppParCurves:pubinclude:AppParCurves.hxx /misc/dn61/LocalWOK/wok_entities/LOC/dev/CR0-OCCT691-7-CR0-OCCT691-occt-64/inc/AppParCurves.hxx
+M AppParCurves:privinclude:AppParCurves.jxx /misc/dn61/LocalWOK/wok_entities/LOC/dev/CR0-OCCT691-7-CR0-OCCT691-occt-64/drv/AppParCurves/AppParCurves.jxx
+M AppParCurves:privinclude:AppParCurves.ixx /misc/dn61/LocalWOK/wok_entities/LOC/dev/CR0-OCCT691-7-CR0-OCCT691-occt-64/drv/AppParCurves/AppParCurves.ixx
+M AppParCurves:pubinclude:AppParCurves_MultiPoint.hxx /misc/dn61/LocalWOK/wok_entities/LOC/dev/CR0-OCCT691-7-CR0-OCCT691-occt-64/inc/AppParCurves_MultiPoint.hxx
+M AppParCurves:privinclude:AppParCurves_MultiPoint.jxx /misc/dn61/LocalWOK/wok_entities/LOC/dev/CR0-OCCT691-7-CR0-OCCT691-occt-64/drv/AppParCurves/AppParCurves_MultiPoint.jxx
+M AppParCurves:privinclude:AppParCurves_MultiPoint.ixx /misc/dn61/LocalWOK/wok_entities/LOC/dev/CR0-OCCT691-7-CR0-OCCT691-occt-64/drv/AppParCurves/AppParCurves_MultiPoint.ixx
+M AppParCurves:pubinclude:AppParCurves_MultiCurve.hxx /misc/dn61/LocalWOK/wok_entities/LOC/dev/CR0-OCCT691-7-CR0-OCCT691-occt-64/inc/AppParCurves_MultiCurve.hxx
+M AppParCurves:privinclude:AppParCurves_MultiCurve.jxx /misc/dn61/LocalWOK/wok_entities/LOC/dev/CR0-OCCT691-7-CR0-OCCT691-occt-64/drv/AppParCurves/AppParCurves_MultiCurve.jxx
+M AppParCurves:privinclude:AppParCurves_MultiCurve.ixx /misc/dn61/LocalWOK/wok_entities/LOC/dev/CR0-OCCT691-7-CR0-OCCT691-occt-64/drv/AppParCurves/AppParCurves_MultiCurve.ixx
+M AppParCurves:pubinclude:AppParCurves_MultiBSpCurve.hxx /misc/dn61/LocalWOK/wok_entities/LOC/dev/CR0-OCCT691-7-CR0-OCCT691-occt-64/inc/AppParCurves_MultiBSpCurve.hxx
+M AppParCurves:privinclude:AppParCurves_MultiBSpCurve.jxx /misc/dn61/LocalWOK/wok_entities/LOC/dev/CR0-OCCT691-7-CR0-OCCT691-occt-64/drv/AppParCurves/AppParCurves_MultiBSpCurve.jxx
+M AppParCurves:privinclude:AppParCurves_MultiBSpCurve.ixx /misc/dn61/LocalWOK/wok_entities/LOC/dev/CR0-OCCT691-7-CR0-OCCT691-occt-64/drv/AppParCurves/AppParCurves_MultiBSpCurve.ixx
+M AppParCurves:pubinclude:AppParCurves_ConstraintCouple.hxx /misc/dn61/LocalWOK/wok_entities/LOC/dev/CR0-OCCT691-7-CR0-OCCT691-occt-64/inc/AppParCurves_ConstraintCouple.hxx
+M AppParCurves:privinclude:AppParCurves_ConstraintCouple.jxx /misc/dn61/LocalWOK/wok_entities/LOC/dev/CR0-OCCT691-7-CR0-OCCT691-occt-64/drv/AppParCurves/AppParCurves_ConstraintCouple.jxx
+M AppParCurves:privinclude:AppParCurves_ConstraintCouple.ixx /misc/dn61/LocalWOK/wok_entities/LOC/dev/CR0-OCCT691-7-CR0-OCCT691-occt-64/drv/AppParCurves/AppParCurves_ConstraintCouple.ixx
+M AppParCurves:pubinclude:AppParCurves_Array1OfConstraintCouple.hxx /misc/dn61/LocalWOK/wok_entities/LOC/dev/CR0-OCCT691-7-CR0-OCCT691-occt-64/inc/AppParCurves_Array1OfConstraintCouple.hxx
+M AppParCurves:derivated:AppParCurves_Array1OfConstraintCouple_0.cxx /misc/dn61/LocalWOK/wok_entities/LOC/dev/CR0-OCCT691-7-CR0-OCCT691-occt-64/drv/AppParCurves/AppParCurves_Array1OfConstraintCouple_0.cxx
+M AppParCurves:pubinclude:Handle_AppParCurves_HArray1OfConstraintCouple.hxx /misc/dn61/LocalWOK/wok_entities/LOC/dev/CR0-OCCT691-7-CR0-OCCT691-occt-64/inc/Handle_AppParCurves_HArray1OfConstraintCouple.hxx
+M AppParCurves:pubinclude:AppParCurves_HArray1OfConstraintCouple.hxx /misc/dn61/LocalWOK/wok_entities/LOC/dev/CR0-OCCT691-7-CR0-OCCT691-occt-64/inc/AppParCurves_HArray1OfConstraintCouple.hxx
+M AppParCurves:derivated:AppParCurves_HArray1OfConstraintCouple_0.cxx /misc/dn61/LocalWOK/wok_entities/LOC/dev/CR0-OCCT691-7-CR0-OCCT691-occt-64/drv/AppParCurves/AppParCurves_HArray1OfConstraintCouple_0.cxx
+M AppParCurves:pubinclude:AppParCurves_Array1OfMultiPoint.hxx /misc/dn61/LocalWOK/wok_entities/LOC/dev/CR0-OCCT691-7-CR0-OCCT691-occt-64/inc/AppParCurves_Array1OfMultiPoint.hxx
+M AppParCurves:derivated:AppParCurves_Array1OfMultiPoint_0.cxx /misc/dn61/LocalWOK/wok_entities/LOC/dev/CR0-OCCT691-7-CR0-OCCT691-occt-64/drv/AppParCurves/AppParCurves_Array1OfMultiPoint_0.cxx
+M AppParCurves:pubinclude:Handle_AppParCurves_HArray1OfMultiPoint.hxx /misc/dn61/LocalWOK/wok_entities/LOC/dev/CR0-OCCT691-7-CR0-OCCT691-occt-64/inc/Handle_AppParCurves_HArray1OfMultiPoint.hxx
+M AppParCurves:pubinclude:AppParCurves_HArray1OfMultiPoint.hxx /misc/dn61/LocalWOK/wok_entities/LOC/dev/CR0-OCCT691-7-CR0-OCCT691-occt-64/inc/AppParCurves_HArray1OfMultiPoint.hxx
+M AppParCurves:derivated:AppParCurves_HArray1OfMultiPoint_0.cxx /misc/dn61/LocalWOK/wok_entities/LOC/dev/CR0-OCCT691-7-CR0-OCCT691-occt-64/drv/AppParCurves/AppParCurves_HArray1OfMultiPoint_0.cxx
+M AppParCurves:pubinclude:AppParCurves_Array1OfMultiCurve.hxx /misc/dn61/LocalWOK/wok_entities/LOC/dev/CR0-OCCT691-7-CR0-OCCT691-occt-64/inc/AppParCurves_Array1OfMultiCurve.hxx
+M AppParCurves:derivated:AppParCurves_Array1OfMultiCurve_0.cxx /misc/dn61/LocalWOK/wok_entities/LOC/dev/CR0-OCCT691-7-CR0-OCCT691-occt-64/drv/AppParCurves/AppParCurves_Array1OfMultiCurve_0.cxx
+M AppParCurves:pubinclude:Handle_AppParCurves_HArray1OfMultiCurve.hxx /misc/dn61/LocalWOK/wok_entities/LOC/dev/CR0-OCCT691-7-CR0-OCCT691-occt-64/inc/Handle_AppParCurves_HArray1OfMultiCurve.hxx
+M AppParCurves:pubinclude:AppParCurves_HArray1OfMultiCurve.hxx /misc/dn61/LocalWOK/wok_entities/LOC/dev/CR0-OCCT691-7-CR0-OCCT691-occt-64/inc/AppParCurves_HArray1OfMultiCurve.hxx
+M AppParCurves:derivated:AppParCurves_HArray1OfMultiCurve_0.cxx /misc/dn61/LocalWOK/wok_entities/LOC/dev/CR0-OCCT691-7-CR0-OCCT691-occt-64/drv/AppParCurves/AppParCurves_HArray1OfMultiCurve_0.cxx
+M AppParCurves:pubinclude:AppParCurves_SequenceOfMultiCurve.hxx /misc/dn61/LocalWOK/wok_entities/LOC/dev/CR0-OCCT691-7-CR0-OCCT691-occt-64/inc/AppParCurves_SequenceOfMultiCurve.hxx
+M AppParCurves:derivated:AppParCurves_SequenceOfMultiCurve_0.cxx /misc/dn61/LocalWOK/wok_entities/LOC/dev/CR0-OCCT691-7-CR0-OCCT691-occt-64/drv/AppParCurves/AppParCurves_SequenceOfMultiCurve_0.cxx
+M AppParCurves:pubinclude:AppParCurves_Array1OfMultiBSpCurve.hxx /misc/dn61/LocalWOK/wok_entities/LOC/dev/CR0-OCCT691-7-CR0-OCCT691-occt-64/inc/AppParCurves_Array1OfMultiBSpCurve.hxx
+M AppParCurves:derivated:AppParCurves_Array1OfMultiBSpCurve_0.cxx /misc/dn61/LocalWOK/wok_entities/LOC/dev/CR0-OCCT691-7-CR0-OCCT691-occt-64/drv/AppParCurves/AppParCurves_Array1OfMultiBSpCurve_0.cxx
+M AppParCurves:pubinclude:Handle_AppParCurves_HArray1OfMultiBSpCurve.hxx /misc/dn61/LocalWOK/wok_entities/LOC/dev/CR0-OCCT691-7-CR0-OCCT691-occt-64/inc/Handle_AppParCurves_HArray1OfMultiBSpCurve.hxx
+M AppParCurves:pubinclude:AppParCurves_HArray1OfMultiBSpCurve.hxx /misc/dn61/LocalWOK/wok_entities/LOC/dev/CR0-OCCT691-7-CR0-OCCT691-occt-64/inc/AppParCurves_HArray1OfMultiBSpCurve.hxx
+M AppParCurves:derivated:AppParCurves_HArray1OfMultiBSpCurve_0.cxx /misc/dn61/LocalWOK/wok_entities/LOC/dev/CR0-OCCT691-7-CR0-OCCT691-occt-64/drv/AppParCurves/AppParCurves_HArray1OfMultiBSpCurve_0.cxx
+M AppParCurves:pubinclude:AppParCurves_SequenceOfMultiBSpCurve.hxx /misc/dn61/LocalWOK/wok_entities/LOC/dev/CR0-OCCT691-7-CR0-OCCT691-occt-64/inc/AppParCurves_SequenceOfMultiBSpCurve.hxx
+M AppParCurves:derivated:AppParCurves_SequenceOfMultiBSpCurve_0.cxx /misc/dn61/LocalWOK/wok_entities/LOC/dev/CR0-OCCT691-7-CR0-OCCT691-occt-64/drv/AppParCurves/AppParCurves_SequenceOfMultiBSpCurve_0.cxx
+M AppParCurves:pubinclude:Handle_AppParCurves_SequenceNodeOfSequenceOfMultiCurve.hxx /misc/dn61/LocalWOK/wok_entities/LOC/dev/CR0-OCCT691-7-CR0-OCCT691-occt-64/inc/Handle_AppParCurves_SequenceNodeOfSequenceOfMultiCurve.hxx
+M AppParCurves:pubinclude:AppParCurves_SequenceNodeOfSequenceOfMultiCurve.hxx /misc/dn61/LocalWOK/wok_entities/LOC/dev/CR0-OCCT691-7-CR0-OCCT691-occt-64/inc/AppParCurves_SequenceNodeOfSequenceOfMultiCurve.hxx
+M AppParCurves:derivated:AppParCurves_SequenceNodeOfSequenceOfMultiCurve_0.cxx /misc/dn61/LocalWOK/wok_entities/LOC/dev/CR0-OCCT691-7-CR0-OCCT691-occt-64/drv/AppParCurves/AppParCurves_SequenceNodeOfSequenceOfMultiCurve_0.cxx
+M AppParCurves:pubinclude:Handle_AppParCurves_SequenceNodeOfSequenceOfMultiBSpCurve.hxx /misc/dn61/LocalWOK/wok_entities/LOC/dev/CR0-OCCT691-7-CR0-OCCT691-occt-64/inc/Handle_AppParCurves_SequenceNodeOfSequenceOfMultiBSpCurve.hxx
+M AppParCurves:pubinclude:AppParCurves_SequenceNodeOfSequenceOfMultiBSpCurve.hxx /misc/dn61/LocalWOK/wok_entities/LOC/dev/CR0-OCCT691-7-CR0-OCCT691-occt-64/inc/AppParCurves_SequenceNodeOfSequenceOfMultiBSpCurve.hxx
+M AppParCurves:derivated:AppParCurves_SequenceNodeOfSequenceOfMultiBSpCurve_0.cxx /misc/dn61/LocalWOK/wok_entities/LOC/dev/CR0-OCCT691-7-CR0-OCCT691-occt-64/drv/AppParCurves/AppParCurves_SequenceNodeOfSequenceOfMultiBSpCurve_0.cxx
+M AppParCurves:pubinclude:AppParCurves_Constraint.hxx /misc/dn61/LocalWOK/wok_entities/LOC/dev/CR0-OCCT691-7-CR0-OCCT691-occt-64/inc/AppParCurves_Constraint.hxx
+M AppParCurves:dbadmfile:AppParCurves_xcpp_header.In /misc/dn61/LocalWOK/wok_entities/LOC/dev/CR0-OCCT691-7-CR0-OCCT691-occt-64/drv/AppParCurves/.adm/AppParCurves_xcpp_header.In
+M AppParCurves:dbadmfile:AppParCurves_xcpp_header.Out /misc/dn61/LocalWOK/wok_entities/LOC/dev/CR0-OCCT691-7-CR0-OCCT691-occt-64/drv/AppParCurves/.adm/AppParCurves_xcpp_header.Out
+M AppParCurves:dbadmfile:AppParCurves_xcpp_header.Dep /misc/dn61/LocalWOK/wok_entities/LOC/dev/CR0-OCCT691-7-CR0-OCCT691-occt-64/drv/AppParCurves/.adm/AppParCurves_xcpp_header.Dep
