+M RWStepAP214:pubinclude:RWStepAP214.hxx /misc/dn61/LocalWOK/wok_entities/LOC/dev/CR0-OCCT691-7-CR0-OCCT691-occt-64/inc/RWStepAP214.hxx
+M RWStepAP214:privinclude:RWStepAP214.jxx /misc/dn61/LocalWOK/wok_entities/LOC/dev/CR0-OCCT691-7-CR0-OCCT691-occt-64/drv/RWStepAP214/RWStepAP214.jxx
+M RWStepAP214:privinclude:RWStepAP214.ixx /misc/dn61/LocalWOK/wok_entities/LOC/dev/CR0-OCCT691-7-CR0-OCCT691-occt-64/drv/RWStepAP214/RWStepAP214.ixx
+M RWStepAP214:pubinclude:Handle_RWStepAP214_ReadWriteModule.hxx /misc/dn61/LocalWOK/wok_entities/LOC/dev/CR0-OCCT691-7-CR0-OCCT691-occt-64/inc/Handle_RWStepAP214_ReadWriteModule.hxx
+M RWStepAP214:pubinclude:RWStepAP214_ReadWriteModule.hxx /misc/dn61/LocalWOK/wok_entities/LOC/dev/CR0-OCCT691-7-CR0-OCCT691-occt-64/inc/RWStepAP214_ReadWriteModule.hxx
+M RWStepAP214:privinclude:RWStepAP214_ReadWriteModule.jxx /misc/dn61/LocalWOK/wok_entities/LOC/dev/CR0-OCCT691-7-CR0-OCCT691-occt-64/drv/RWStepAP214/RWStepAP214_ReadWriteModule.jxx
+M RWStepAP214:privinclude:RWStepAP214_ReadWriteModule.ixx /misc/dn61/LocalWOK/wok_entities/LOC/dev/CR0-OCCT691-7-CR0-OCCT691-occt-64/drv/RWStepAP214/RWStepAP214_ReadWriteModule.ixx
+M RWStepAP214:pubinclude:Handle_RWStepAP214_GeneralModule.hxx /misc/dn61/LocalWOK/wok_entities/LOC/dev/CR0-OCCT691-7-CR0-OCCT691-occt-64/inc/Handle_RWStepAP214_GeneralModule.hxx
+M RWStepAP214:pubinclude:RWStepAP214_GeneralModule.hxx /misc/dn61/LocalWOK/wok_entities/LOC/dev/CR0-OCCT691-7-CR0-OCCT691-occt-64/inc/RWStepAP214_GeneralModule.hxx
+M RWStepAP214:privinclude:RWStepAP214_GeneralModule.jxx /misc/dn61/LocalWOK/wok_entities/LOC/dev/CR0-OCCT691-7-CR0-OCCT691-occt-64/drv/RWStepAP214/RWStepAP214_GeneralModule.jxx
+M RWStepAP214:privinclude:RWStepAP214_GeneralModule.ixx /misc/dn61/LocalWOK/wok_entities/LOC/dev/CR0-OCCT691-7-CR0-OCCT691-occt-64/drv/RWStepAP214/RWStepAP214_GeneralModule.ixx
+M RWStepAP214:pubinclude:RWStepAP214_RWAutoDesignActualDateAndTimeAssignment.hxx /misc/dn61/LocalWOK/wok_entities/LOC/dev/CR0-OCCT691-7-CR0-OCCT691-occt-64/inc/RWStepAP214_RWAutoDesignActualDateAndTimeAssignment.hxx
+M RWStepAP214:privinclude:RWStepAP214_RWAutoDesignActualDateAndTimeAssignment.jxx /misc/dn61/LocalWOK/wok_entities/LOC/dev/CR0-OCCT691-7-CR0-OCCT691-occt-64/drv/RWStepAP214/RWStepAP214_RWAutoDesignActualDateAndTimeAssignment.jxx
+M RWStepAP214:privinclude:RWStepAP214_RWAutoDesignActualDateAndTimeAssignment.ixx /misc/dn61/LocalWOK/wok_entities/LOC/dev/CR0-OCCT691-7-CR0-OCCT691-occt-64/drv/RWStepAP214/RWStepAP214_RWAutoDesignActualDateAndTimeAssignment.ixx
+M RWStepAP214:pubinclude:RWStepAP214_RWAutoDesignActualDateAssignment.hxx /misc/dn61/LocalWOK/wok_entities/LOC/dev/CR0-OCCT691-7-CR0-OCCT691-occt-64/inc/RWStepAP214_RWAutoDesignActualDateAssignment.hxx
+M RWStepAP214:privinclude:RWStepAP214_RWAutoDesignActualDateAssignment.jxx /misc/dn61/LocalWOK/wok_entities/LOC/dev/CR0-OCCT691-7-CR0-OCCT691-occt-64/drv/RWStepAP214/RWStepAP214_RWAutoDesignActualDateAssignment.jxx
+M RWStepAP214:privinclude:RWStepAP214_RWAutoDesignActualDateAssignment.ixx /misc/dn61/LocalWOK/wok_entities/LOC/dev/CR0-OCCT691-7-CR0-OCCT691-occt-64/drv/RWStepAP214/RWStepAP214_RWAutoDesignActualDateAssignment.ixx
+M RWStepAP214:pubinclude:RWStepAP214_RWAutoDesignApprovalAssignment.hxx /misc/dn61/LocalWOK/wok_entities/LOC/dev/CR0-OCCT691-7-CR0-OCCT691-occt-64/inc/RWStepAP214_RWAutoDesignApprovalAssignment.hxx
+M RWStepAP214:privinclude:RWStepAP214_RWAutoDesignApprovalAssignment.jxx /misc/dn61/LocalWOK/wok_entities/LOC/dev/CR0-OCCT691-7-CR0-OCCT691-occt-64/drv/RWStepAP214/RWStepAP214_RWAutoDesignApprovalAssignment.jxx
+M RWStepAP214:privinclude:RWStepAP214_RWAutoDesignApprovalAssignment.ixx /misc/dn61/LocalWOK/wok_entities/LOC/dev/CR0-OCCT691-7-CR0-OCCT691-occt-64/drv/RWStepAP214/RWStepAP214_RWAutoDesignApprovalAssignment.ixx
+M RWStepAP214:pubinclude:RWStepAP214_RWAutoDesignDateAndPersonAssignment.hxx /misc/dn61/LocalWOK/wok_entities/LOC/dev/CR0-OCCT691-7-CR0-OCCT691-occt-64/inc/RWStepAP214_RWAutoDesignDateAndPersonAssignment.hxx
+M RWStepAP214:privinclude:RWStepAP214_RWAutoDesignDateAndPersonAssignment.jxx /misc/dn61/LocalWOK/wok_entities/LOC/dev/CR0-OCCT691-7-CR0-OCCT691-occt-64/drv/RWStepAP214/RWStepAP214_RWAutoDesignDateAndPersonAssignment.jxx
+M RWStepAP214:privinclude:RWStepAP214_RWAutoDesignDateAndPersonAssignment.ixx /misc/dn61/LocalWOK/wok_entities/LOC/dev/CR0-OCCT691-7-CR0-OCCT691-occt-64/drv/RWStepAP214/RWStepAP214_RWAutoDesignDateAndPersonAssignment.ixx
+M RWStepAP214:pubinclude:RWStepAP214_RWAutoDesignGroupAssignment.hxx /misc/dn61/LocalWOK/wok_entities/LOC/dev/CR0-OCCT691-7-CR0-OCCT691-occt-64/inc/RWStepAP214_RWAutoDesignGroupAssignment.hxx
+M RWStepAP214:privinclude:RWStepAP214_RWAutoDesignGroupAssignment.jxx /misc/dn61/LocalWOK/wok_entities/LOC/dev/CR0-OCCT691-7-CR0-OCCT691-occt-64/drv/RWStepAP214/RWStepAP214_RWAutoDesignGroupAssignment.jxx
+M RWStepAP214:privinclude:RWStepAP214_RWAutoDesignGroupAssignment.ixx /misc/dn61/LocalWOK/wok_entities/LOC/dev/CR0-OCCT691-7-CR0-OCCT691-occt-64/drv/RWStepAP214/RWStepAP214_RWAutoDesignGroupAssignment.ixx
+M RWStepAP214:pubinclude:RWStepAP214_RWAutoDesignNominalDateAndTimeAssignment.hxx /misc/dn61/LocalWOK/wok_entities/LOC/dev/CR0-OCCT691-7-CR0-OCCT691-occt-64/inc/RWStepAP214_RWAutoDesignNominalDateAndTimeAssignment.hxx
+M RWStepAP214:privinclude:RWStepAP214_RWAutoDesignNominalDateAndTimeAssignment.jxx /misc/dn61/LocalWOK/wok_entities/LOC/dev/CR0-OCCT691-7-CR0-OCCT691-occt-64/drv/RWStepAP214/RWStepAP214_RWAutoDesignNominalDateAndTimeAssignment.jxx
+M RWStepAP214:privinclude:RWStepAP214_RWAutoDesignNominalDateAndTimeAssignment.ixx /misc/dn61/LocalWOK/wok_entities/LOC/dev/CR0-OCCT691-7-CR0-OCCT691-occt-64/drv/RWStepAP214/RWStepAP214_RWAutoDesignNominalDateAndTimeAssignment.ixx
+M RWStepAP214:pubinclude:RWStepAP214_RWAutoDesignNominalDateAssignment.hxx /misc/dn61/LocalWOK/wok_entities/LOC/dev/CR0-OCCT691-7-CR0-OCCT691-occt-64/inc/RWStepAP214_RWAutoDesignNominalDateAssignment.hxx
+M RWStepAP214:privinclude:RWStepAP214_RWAutoDesignNominalDateAssignment.jxx /misc/dn61/LocalWOK/wok_entities/LOC/dev/CR0-OCCT691-7-CR0-OCCT691-occt-64/drv/RWStepAP214/RWStepAP214_RWAutoDesignNominalDateAssignment.jxx
+M RWStepAP214:privinclude:RWStepAP214_RWAutoDesignNominalDateAssignment.ixx /misc/dn61/LocalWOK/wok_entities/LOC/dev/CR0-OCCT691-7-CR0-OCCT691-occt-64/drv/RWStepAP214/RWStepAP214_RWAutoDesignNominalDateAssignment.ixx
+M RWStepAP214:pubinclude:RWStepAP214_RWAutoDesignOrganizationAssignment.hxx /misc/dn61/LocalWOK/wok_entities/LOC/dev/CR0-OCCT691-7-CR0-OCCT691-occt-64/inc/RWStepAP214_RWAutoDesignOrganizationAssignment.hxx
+M RWStepAP214:privinclude:RWStepAP214_RWAutoDesignOrganizationAssignment.jxx /misc/dn61/LocalWOK/wok_entities/LOC/dev/CR0-OCCT691-7-CR0-OCCT691-occt-64/drv/RWStepAP214/RWStepAP214_RWAutoDesignOrganizationAssignment.jxx
+M RWStepAP214:privinclude:RWStepAP214_RWAutoDesignOrganizationAssignment.ixx /misc/dn61/LocalWOK/wok_entities/LOC/dev/CR0-OCCT691-7-CR0-OCCT691-occt-64/drv/RWStepAP214/RWStepAP214_RWAutoDesignOrganizationAssignment.ixx
+M RWStepAP214:pubinclude:RWStepAP214_RWAutoDesignPersonAndOrganizationAssignment.hxx /misc/dn61/LocalWOK/wok_entities/LOC/dev/CR0-OCCT691-7-CR0-OCCT691-occt-64/inc/RWStepAP214_RWAutoDesignPersonAndOrganizationAssignment.hxx
+M RWStepAP214:privinclude:RWStepAP214_RWAutoDesignPersonAndOrganizationAssignment.jxx /misc/dn61/LocalWOK/wok_entities/LOC/dev/CR0-OCCT691-7-CR0-OCCT691-occt-64/drv/RWStepAP214/RWStepAP214_RWAutoDesignPersonAndOrganizationAssignment.jxx
+M RWStepAP214:privinclude:RWStepAP214_RWAutoDesignPersonAndOrganizationAssignment.ixx /misc/dn61/LocalWOK/wok_entities/LOC/dev/CR0-OCCT691-7-CR0-OCCT691-occt-64/drv/RWStepAP214/RWStepAP214_RWAutoDesignPersonAndOrganizationAssignment.ixx
+M RWStepAP214:pubinclude:RWStepAP214_RWAutoDesignPresentedItem.hxx /misc/dn61/LocalWOK/wok_entities/LOC/dev/CR0-OCCT691-7-CR0-OCCT691-occt-64/inc/RWStepAP214_RWAutoDesignPresentedItem.hxx
+M RWStepAP214:privinclude:RWStepAP214_RWAutoDesignPresentedItem.jxx /misc/dn61/LocalWOK/wok_entities/LOC/dev/CR0-OCCT691-7-CR0-OCCT691-occt-64/drv/RWStepAP214/RWStepAP214_RWAutoDesignPresentedItem.jxx
+M RWStepAP214:privinclude:RWStepAP214_RWAutoDesignPresentedItem.ixx /misc/dn61/LocalWOK/wok_entities/LOC/dev/CR0-OCCT691-7-CR0-OCCT691-occt-64/drv/RWStepAP214/RWStepAP214_RWAutoDesignPresentedItem.ixx
+M RWStepAP214:pubinclude:RWStepAP214_RWAutoDesignSecurityClassificationAssignment.hxx /misc/dn61/LocalWOK/wok_entities/LOC/dev/CR0-OCCT691-7-CR0-OCCT691-occt-64/inc/RWStepAP214_RWAutoDesignSecurityClassificationAssignment.hxx
+M RWStepAP214:privinclude:RWStepAP214_RWAutoDesignSecurityClassificationAssignment.jxx /misc/dn61/LocalWOK/wok_entities/LOC/dev/CR0-OCCT691-7-CR0-OCCT691-occt-64/drv/RWStepAP214/RWStepAP214_RWAutoDesignSecurityClassificationAssignment.jxx
+M RWStepAP214:privinclude:RWStepAP214_RWAutoDesignSecurityClassificationAssignment.ixx /misc/dn61/LocalWOK/wok_entities/LOC/dev/CR0-OCCT691-7-CR0-OCCT691-occt-64/drv/RWStepAP214/RWStepAP214_RWAutoDesignSecurityClassificationAssignment.ixx
+M RWStepAP214:pubinclude:RWStepAP214_RWAutoDesignDocumentReference.hxx /misc/dn61/LocalWOK/wok_entities/LOC/dev/CR0-OCCT691-7-CR0-OCCT691-occt-64/inc/RWStepAP214_RWAutoDesignDocumentReference.hxx
+M RWStepAP214:privinclude:RWStepAP214_RWAutoDesignDocumentReference.jxx /misc/dn61/LocalWOK/wok_entities/LOC/dev/CR0-OCCT691-7-CR0-OCCT691-occt-64/drv/RWStepAP214/RWStepAP214_RWAutoDesignDocumentReference.jxx
+M RWStepAP214:privinclude:RWStepAP214_RWAutoDesignDocumentReference.ixx /misc/dn61/LocalWOK/wok_entities/LOC/dev/CR0-OCCT691-7-CR0-OCCT691-occt-64/drv/RWStepAP214/RWStepAP214_RWAutoDesignDocumentReference.ixx
+M RWStepAP214:pubinclude:RWStepAP214_RWAppliedDateAndTimeAssignment.hxx /misc/dn61/LocalWOK/wok_entities/LOC/dev/CR0-OCCT691-7-CR0-OCCT691-occt-64/inc/RWStepAP214_RWAppliedDateAndTimeAssignment.hxx
+M RWStepAP214:privinclude:RWStepAP214_RWAppliedDateAndTimeAssignment.jxx /misc/dn61/LocalWOK/wok_entities/LOC/dev/CR0-OCCT691-7-CR0-OCCT691-occt-64/drv/RWStepAP214/RWStepAP214_RWAppliedDateAndTimeAssignment.jxx
+M RWStepAP214:privinclude:RWStepAP214_RWAppliedDateAndTimeAssignment.ixx /misc/dn61/LocalWOK/wok_entities/LOC/dev/CR0-OCCT691-7-CR0-OCCT691-occt-64/drv/RWStepAP214/RWStepAP214_RWAppliedDateAndTimeAssignment.ixx
+M RWStepAP214:pubinclude:RWStepAP214_RWAppliedDateAssignment.hxx /misc/dn61/LocalWOK/wok_entities/LOC/dev/CR0-OCCT691-7-CR0-OCCT691-occt-64/inc/RWStepAP214_RWAppliedDateAssignment.hxx
+M RWStepAP214:privinclude:RWStepAP214_RWAppliedDateAssignment.jxx /misc/dn61/LocalWOK/wok_entities/LOC/dev/CR0-OCCT691-7-CR0-OCCT691-occt-64/drv/RWStepAP214/RWStepAP214_RWAppliedDateAssignment.jxx
+M RWStepAP214:privinclude:RWStepAP214_RWAppliedDateAssignment.ixx /misc/dn61/LocalWOK/wok_entities/LOC/dev/CR0-OCCT691-7-CR0-OCCT691-occt-64/drv/RWStepAP214/RWStepAP214_RWAppliedDateAssignment.ixx
+M RWStepAP214:pubinclude:RWStepAP214_RWAppliedApprovalAssignment.hxx /misc/dn61/LocalWOK/wok_entities/LOC/dev/CR0-OCCT691-7-CR0-OCCT691-occt-64/inc/RWStepAP214_RWAppliedApprovalAssignment.hxx
+M RWStepAP214:privinclude:RWStepAP214_RWAppliedApprovalAssignment.jxx /misc/dn61/LocalWOK/wok_entities/LOC/dev/CR0-OCCT691-7-CR0-OCCT691-occt-64/drv/RWStepAP214/RWStepAP214_RWAppliedApprovalAssignment.jxx
+M RWStepAP214:privinclude:RWStepAP214_RWAppliedApprovalAssignment.ixx /misc/dn61/LocalWOK/wok_entities/LOC/dev/CR0-OCCT691-7-CR0-OCCT691-occt-64/drv/RWStepAP214/RWStepAP214_RWAppliedApprovalAssignment.ixx
+M RWStepAP214:pubinclude:RWStepAP214_RWAppliedGroupAssignment.hxx /misc/dn61/LocalWOK/wok_entities/LOC/dev/CR0-OCCT691-7-CR0-OCCT691-occt-64/inc/RWStepAP214_RWAppliedGroupAssignment.hxx
+M RWStepAP214:privinclude:RWStepAP214_RWAppliedGroupAssignment.jxx /misc/dn61/LocalWOK/wok_entities/LOC/dev/CR0-OCCT691-7-CR0-OCCT691-occt-64/drv/RWStepAP214/RWStepAP214_RWAppliedGroupAssignment.jxx
+M RWStepAP214:privinclude:RWStepAP214_RWAppliedGroupAssignment.ixx /misc/dn61/LocalWOK/wok_entities/LOC/dev/CR0-OCCT691-7-CR0-OCCT691-occt-64/drv/RWStepAP214/RWStepAP214_RWAppliedGroupAssignment.ixx
+M RWStepAP214:pubinclude:RWStepAP214_RWAppliedOrganizationAssignment.hxx /misc/dn61/LocalWOK/wok_entities/LOC/dev/CR0-OCCT691-7-CR0-OCCT691-occt-64/inc/RWStepAP214_RWAppliedOrganizationAssignment.hxx
+M RWStepAP214:privinclude:RWStepAP214_RWAppliedOrganizationAssignment.jxx /misc/dn61/LocalWOK/wok_entities/LOC/dev/CR0-OCCT691-7-CR0-OCCT691-occt-64/drv/RWStepAP214/RWStepAP214_RWAppliedOrganizationAssignment.jxx
+M RWStepAP214:privinclude:RWStepAP214_RWAppliedOrganizationAssignment.ixx /misc/dn61/LocalWOK/wok_entities/LOC/dev/CR0-OCCT691-7-CR0-OCCT691-occt-64/drv/RWStepAP214/RWStepAP214_RWAppliedOrganizationAssignment.ixx
+M RWStepAP214:pubinclude:RWStepAP214_RWAppliedPersonAndOrganizationAssignment.hxx /misc/dn61/LocalWOK/wok_entities/LOC/dev/CR0-OCCT691-7-CR0-OCCT691-occt-64/inc/RWStepAP214_RWAppliedPersonAndOrganizationAssignment.hxx
+M RWStepAP214:privinclude:RWStepAP214_RWAppliedPersonAndOrganizationAssignment.jxx /misc/dn61/LocalWOK/wok_entities/LOC/dev/CR0-OCCT691-7-CR0-OCCT691-occt-64/drv/RWStepAP214/RWStepAP214_RWAppliedPersonAndOrganizationAssignment.jxx
+M RWStepAP214:privinclude:RWStepAP214_RWAppliedPersonAndOrganizationAssignment.ixx /misc/dn61/LocalWOK/wok_entities/LOC/dev/CR0-OCCT691-7-CR0-OCCT691-occt-64/drv/RWStepAP214/RWStepAP214_RWAppliedPersonAndOrganizationAssignment.ixx
+M RWStepAP214:pubinclude:RWStepAP214_RWAppliedPresentedItem.hxx /misc/dn61/LocalWOK/wok_entities/LOC/dev/CR0-OCCT691-7-CR0-OCCT691-occt-64/inc/RWStepAP214_RWAppliedPresentedItem.hxx
+M RWStepAP214:privinclude:RWStepAP214_RWAppliedPresentedItem.jxx /misc/dn61/LocalWOK/wok_entities/LOC/dev/CR0-OCCT691-7-CR0-OCCT691-occt-64/drv/RWStepAP214/RWStepAP214_RWAppliedPresentedItem.jxx
+M RWStepAP214:privinclude:RWStepAP214_RWAppliedPresentedItem.ixx /misc/dn61/LocalWOK/wok_entities/LOC/dev/CR0-OCCT691-7-CR0-OCCT691-occt-64/drv/RWStepAP214/RWStepAP214_RWAppliedPresentedItem.ixx
+M RWStepAP214:pubinclude:RWStepAP214_RWAppliedSecurityClassificationAssignment.hxx /misc/dn61/LocalWOK/wok_entities/LOC/dev/CR0-OCCT691-7-CR0-OCCT691-occt-64/inc/RWStepAP214_RWAppliedSecurityClassificationAssignment.hxx
+M RWStepAP214:privinclude:RWStepAP214_RWAppliedSecurityClassificationAssignment.jxx /misc/dn61/LocalWOK/wok_entities/LOC/dev/CR0-OCCT691-7-CR0-OCCT691-occt-64/drv/RWStepAP214/RWStepAP214_RWAppliedSecurityClassificationAssignment.jxx
+M RWStepAP214:privinclude:RWStepAP214_RWAppliedSecurityClassificationAssignment.ixx /misc/dn61/LocalWOK/wok_entities/LOC/dev/CR0-OCCT691-7-CR0-OCCT691-occt-64/drv/RWStepAP214/RWStepAP214_RWAppliedSecurityClassificationAssignment.ixx
+M RWStepAP214:pubinclude:RWStepAP214_RWAppliedDocumentReference.hxx /misc/dn61/LocalWOK/wok_entities/LOC/dev/CR0-OCCT691-7-CR0-OCCT691-occt-64/inc/RWStepAP214_RWAppliedDocumentReference.hxx
+M RWStepAP214:privinclude:RWStepAP214_RWAppliedDocumentReference.jxx /misc/dn61/LocalWOK/wok_entities/LOC/dev/CR0-OCCT691-7-CR0-OCCT691-occt-64/drv/RWStepAP214/RWStepAP214_RWAppliedDocumentReference.jxx
+M RWStepAP214:privinclude:RWStepAP214_RWAppliedDocumentReference.ixx /misc/dn61/LocalWOK/wok_entities/LOC/dev/CR0-OCCT691-7-CR0-OCCT691-occt-64/drv/RWStepAP214/RWStepAP214_RWAppliedDocumentReference.ixx
+M RWStepAP214:pubinclude:RWStepAP214_RWAppliedExternalIdentificationAssignment.hxx /misc/dn61/LocalWOK/wok_entities/LOC/dev/CR0-OCCT691-7-CR0-OCCT691-occt-64/inc/RWStepAP214_RWAppliedExternalIdentificationAssignment.hxx
+M RWStepAP214:privinclude:RWStepAP214_RWAppliedExternalIdentificationAssignment.jxx /misc/dn61/LocalWOK/wok_entities/LOC/dev/CR0-OCCT691-7-CR0-OCCT691-occt-64/drv/RWStepAP214/RWStepAP214_RWAppliedExternalIdentificationAssignment.jxx
+M RWStepAP214:privinclude:RWStepAP214_RWAppliedExternalIdentificationAssignment.ixx /misc/dn61/LocalWOK/wok_entities/LOC/dev/CR0-OCCT691-7-CR0-OCCT691-occt-64/drv/RWStepAP214/RWStepAP214_RWAppliedExternalIdentificationAssignment.ixx
+M RWStepAP214:pubinclude:RWStepAP214_RWClass.hxx /misc/dn61/LocalWOK/wok_entities/LOC/dev/CR0-OCCT691-7-CR0-OCCT691-occt-64/inc/RWStepAP214_RWClass.hxx
+M RWStepAP214:privinclude:RWStepAP214_RWClass.jxx /misc/dn61/LocalWOK/wok_entities/LOC/dev/CR0-OCCT691-7-CR0-OCCT691-occt-64/drv/RWStepAP214/RWStepAP214_RWClass.jxx
+M RWStepAP214:privinclude:RWStepAP214_RWClass.ixx /misc/dn61/LocalWOK/wok_entities/LOC/dev/CR0-OCCT691-7-CR0-OCCT691-occt-64/drv/RWStepAP214/RWStepAP214_RWClass.ixx
+M RWStepAP214:pubinclude:RWStepAP214_RWExternallyDefinedClass.hxx /misc/dn61/LocalWOK/wok_entities/LOC/dev/CR0-OCCT691-7-CR0-OCCT691-occt-64/inc/RWStepAP214_RWExternallyDefinedClass.hxx
+M RWStepAP214:privinclude:RWStepAP214_RWExternallyDefinedClass.jxx /misc/dn61/LocalWOK/wok_entities/LOC/dev/CR0-OCCT691-7-CR0-OCCT691-occt-64/drv/RWStepAP214/RWStepAP214_RWExternallyDefinedClass.jxx
+M RWStepAP214:privinclude:RWStepAP214_RWExternallyDefinedClass.ixx /misc/dn61/LocalWOK/wok_entities/LOC/dev/CR0-OCCT691-7-CR0-OCCT691-occt-64/drv/RWStepAP214/RWStepAP214_RWExternallyDefinedClass.ixx
+M RWStepAP214:pubinclude:RWStepAP214_RWExternallyDefinedGeneralProperty.hxx /misc/dn61/LocalWOK/wok_entities/LOC/dev/CR0-OCCT691-7-CR0-OCCT691-occt-64/inc/RWStepAP214_RWExternallyDefinedGeneralProperty.hxx
+M RWStepAP214:privinclude:RWStepAP214_RWExternallyDefinedGeneralProperty.jxx /misc/dn61/LocalWOK/wok_entities/LOC/dev/CR0-OCCT691-7-CR0-OCCT691-occt-64/drv/RWStepAP214/RWStepAP214_RWExternallyDefinedGeneralProperty.jxx
+M RWStepAP214:privinclude:RWStepAP214_RWExternallyDefinedGeneralProperty.ixx /misc/dn61/LocalWOK/wok_entities/LOC/dev/CR0-OCCT691-7-CR0-OCCT691-occt-64/drv/RWStepAP214/RWStepAP214_RWExternallyDefinedGeneralProperty.ixx
+M RWStepAP214:pubinclude:RWStepAP214_RWRepItemGroup.hxx /misc/dn61/LocalWOK/wok_entities/LOC/dev/CR0-OCCT691-7-CR0-OCCT691-occt-64/inc/RWStepAP214_RWRepItemGroup.hxx
+M RWStepAP214:privinclude:RWStepAP214_RWRepItemGroup.jxx /misc/dn61/LocalWOK/wok_entities/LOC/dev/CR0-OCCT691-7-CR0-OCCT691-occt-64/drv/RWStepAP214/RWStepAP214_RWRepItemGroup.jxx
+M RWStepAP214:privinclude:RWStepAP214_RWRepItemGroup.ixx /misc/dn61/LocalWOK/wok_entities/LOC/dev/CR0-OCCT691-7-CR0-OCCT691-occt-64/drv/RWStepAP214/RWStepAP214_RWRepItemGroup.ixx
+M RWStepAP214:dbadmfile:RWStepAP214_xcpp_header.In /misc/dn61/LocalWOK/wok_entities/LOC/dev/CR0-OCCT691-7-CR0-OCCT691-occt-64/drv/RWStepAP214/.adm/RWStepAP214_xcpp_header.In
+M RWStepAP214:dbadmfile:RWStepAP214_xcpp_header.Out /misc/dn61/LocalWOK/wok_entities/LOC/dev/CR0-OCCT691-7-CR0-OCCT691-occt-64/drv/RWStepAP214/.adm/RWStepAP214_xcpp_header.Out
+M RWStepAP214:dbadmfile:RWStepAP214_xcpp_header.Dep /misc/dn61/LocalWOK/wok_entities/LOC/dev/CR0-OCCT691-7-CR0-OCCT691-occt-64/drv/RWStepAP214/.adm/RWStepAP214_xcpp_header.Dep
