+M MoniTool:pubinclude:MoniTool_DataInfo.hxx /misc/dn61/LocalWOK/wok_entities/LOC/dev/CR0-OCCT691-7-CR0-OCCT691-occt-64/inc/MoniTool_DataInfo.hxx
+M MoniTool:privinclude:MoniTool_DataInfo.jxx /misc/dn61/LocalWOK/wok_entities/LOC/dev/CR0-OCCT691-7-CR0-OCCT691-occt-64/drv/MoniTool/MoniTool_DataInfo.jxx
+M MoniTool:privinclude:MoniTool_DataInfo.ixx /misc/dn61/LocalWOK/wok_entities/LOC/dev/CR0-OCCT691-7-CR0-OCCT691-occt-64/drv/MoniTool/MoniTool_DataInfo.ixx
+M MoniTool:pubinclude:Handle_MoniTool_Element.hxx /misc/dn61/LocalWOK/wok_entities/LOC/dev/CR0-OCCT691-7-CR0-OCCT691-occt-64/inc/Handle_MoniTool_Element.hxx
+M MoniTool:pubinclude:MoniTool_Element.hxx /misc/dn61/LocalWOK/wok_entities/LOC/dev/CR0-OCCT691-7-CR0-OCCT691-occt-64/inc/MoniTool_Element.hxx
+M MoniTool:privinclude:MoniTool_Element.jxx /misc/dn61/LocalWOK/wok_entities/LOC/dev/CR0-OCCT691-7-CR0-OCCT691-occt-64/drv/MoniTool/MoniTool_Element.jxx
+M MoniTool:privinclude:MoniTool_Element.ixx /misc/dn61/LocalWOK/wok_entities/LOC/dev/CR0-OCCT691-7-CR0-OCCT691-occt-64/drv/MoniTool/MoniTool_Element.ixx
+M MoniTool:pubinclude:Handle_MoniTool_TransientElem.hxx /misc/dn61/LocalWOK/wok_entities/LOC/dev/CR0-OCCT691-7-CR0-OCCT691-occt-64/inc/Handle_MoniTool_TransientElem.hxx
+M MoniTool:pubinclude:MoniTool_TransientElem.hxx /misc/dn61/LocalWOK/wok_entities/LOC/dev/CR0-OCCT691-7-CR0-OCCT691-occt-64/inc/MoniTool_TransientElem.hxx
+M MoniTool:privinclude:MoniTool_TransientElem.jxx /misc/dn61/LocalWOK/wok_entities/LOC/dev/CR0-OCCT691-7-CR0-OCCT691-occt-64/drv/MoniTool/MoniTool_TransientElem.jxx
+M MoniTool:privinclude:MoniTool_TransientElem.ixx /misc/dn61/LocalWOK/wok_entities/LOC/dev/CR0-OCCT691-7-CR0-OCCT691-occt-64/drv/MoniTool/MoniTool_TransientElem.ixx
+M MoniTool:pubinclude:MoniTool_ElemHasher.hxx /misc/dn61/LocalWOK/wok_entities/LOC/dev/CR0-OCCT691-7-CR0-OCCT691-occt-64/inc/MoniTool_ElemHasher.hxx
+M MoniTool:privinclude:MoniTool_ElemHasher.jxx /misc/dn61/LocalWOK/wok_entities/LOC/dev/CR0-OCCT691-7-CR0-OCCT691-occt-64/drv/MoniTool/MoniTool_ElemHasher.jxx
+M MoniTool:privinclude:MoniTool_ElemHasher.ixx /misc/dn61/LocalWOK/wok_entities/LOC/dev/CR0-OCCT691-7-CR0-OCCT691-occt-64/drv/MoniTool/MoniTool_ElemHasher.ixx
+M MoniTool:pubinclude:Handle_MoniTool_IntVal.hxx /misc/dn61/LocalWOK/wok_entities/LOC/dev/CR0-OCCT691-7-CR0-OCCT691-occt-64/inc/Handle_MoniTool_IntVal.hxx
+M MoniTool:pubinclude:MoniTool_IntVal.hxx /misc/dn61/LocalWOK/wok_entities/LOC/dev/CR0-OCCT691-7-CR0-OCCT691-occt-64/inc/MoniTool_IntVal.hxx
+M MoniTool:privinclude:MoniTool_IntVal.jxx /misc/dn61/LocalWOK/wok_entities/LOC/dev/CR0-OCCT691-7-CR0-OCCT691-occt-64/drv/MoniTool/MoniTool_IntVal.jxx
+M MoniTool:privinclude:MoniTool_IntVal.ixx /misc/dn61/LocalWOK/wok_entities/LOC/dev/CR0-OCCT691-7-CR0-OCCT691-occt-64/drv/MoniTool/MoniTool_IntVal.ixx
+M MoniTool:pubinclude:Handle_MoniTool_RealVal.hxx /misc/dn61/LocalWOK/wok_entities/LOC/dev/CR0-OCCT691-7-CR0-OCCT691-occt-64/inc/Handle_MoniTool_RealVal.hxx
+M MoniTool:pubinclude:MoniTool_RealVal.hxx /misc/dn61/LocalWOK/wok_entities/LOC/dev/CR0-OCCT691-7-CR0-OCCT691-occt-64/inc/MoniTool_RealVal.hxx
+M MoniTool:privinclude:MoniTool_RealVal.jxx /misc/dn61/LocalWOK/wok_entities/LOC/dev/CR0-OCCT691-7-CR0-OCCT691-occt-64/drv/MoniTool/MoniTool_RealVal.jxx
+M MoniTool:privinclude:MoniTool_RealVal.ixx /misc/dn61/LocalWOK/wok_entities/LOC/dev/CR0-OCCT691-7-CR0-OCCT691-occt-64/drv/MoniTool/MoniTool_RealVal.ixx
+M MoniTool:pubinclude:MoniTool_AttrList.hxx /misc/dn61/LocalWOK/wok_entities/LOC/dev/CR0-OCCT691-7-CR0-OCCT691-occt-64/inc/MoniTool_AttrList.hxx
+M MoniTool:privinclude:MoniTool_AttrList.jxx /misc/dn61/LocalWOK/wok_entities/LOC/dev/CR0-OCCT691-7-CR0-OCCT691-occt-64/drv/MoniTool/MoniTool_AttrList.jxx
+M MoniTool:privinclude:MoniTool_AttrList.ixx /misc/dn61/LocalWOK/wok_entities/LOC/dev/CR0-OCCT691-7-CR0-OCCT691-occt-64/drv/MoniTool/MoniTool_AttrList.ixx
+M MoniTool:pubinclude:Handle_MoniTool_TypedValue.hxx /misc/dn61/LocalWOK/wok_entities/LOC/dev/CR0-OCCT691-7-CR0-OCCT691-occt-64/inc/Handle_MoniTool_TypedValue.hxx
+M MoniTool:pubinclude:MoniTool_TypedValue.hxx /misc/dn61/LocalWOK/wok_entities/LOC/dev/CR0-OCCT691-7-CR0-OCCT691-occt-64/inc/MoniTool_TypedValue.hxx
+M MoniTool:privinclude:MoniTool_TypedValue.jxx /misc/dn61/LocalWOK/wok_entities/LOC/dev/CR0-OCCT691-7-CR0-OCCT691-occt-64/drv/MoniTool/MoniTool_TypedValue.jxx
+M MoniTool:privinclude:MoniTool_TypedValue.ixx /misc/dn61/LocalWOK/wok_entities/LOC/dev/CR0-OCCT691-7-CR0-OCCT691-occt-64/drv/MoniTool/MoniTool_TypedValue.ixx
+M MoniTool:pubinclude:Handle_MoniTool_CaseData.hxx /misc/dn61/LocalWOK/wok_entities/LOC/dev/CR0-OCCT691-7-CR0-OCCT691-occt-64/inc/Handle_MoniTool_CaseData.hxx
+M MoniTool:pubinclude:MoniTool_CaseData.hxx /misc/dn61/LocalWOK/wok_entities/LOC/dev/CR0-OCCT691-7-CR0-OCCT691-occt-64/inc/MoniTool_CaseData.hxx
+M MoniTool:privinclude:MoniTool_CaseData.jxx /misc/dn61/LocalWOK/wok_entities/LOC/dev/CR0-OCCT691-7-CR0-OCCT691-occt-64/drv/MoniTool/MoniTool_CaseData.jxx
+M MoniTool:privinclude:MoniTool_CaseData.ixx /misc/dn61/LocalWOK/wok_entities/LOC/dev/CR0-OCCT691-7-CR0-OCCT691-occt-64/drv/MoniTool/MoniTool_CaseData.ixx
+M MoniTool:pubinclude:Handle_MoniTool_SignText.hxx /misc/dn61/LocalWOK/wok_entities/LOC/dev/CR0-OCCT691-7-CR0-OCCT691-occt-64/inc/Handle_MoniTool_SignText.hxx
+M MoniTool:pubinclude:MoniTool_SignText.hxx /misc/dn61/LocalWOK/wok_entities/LOC/dev/CR0-OCCT691-7-CR0-OCCT691-occt-64/inc/MoniTool_SignText.hxx
+M MoniTool:privinclude:MoniTool_SignText.jxx /misc/dn61/LocalWOK/wok_entities/LOC/dev/CR0-OCCT691-7-CR0-OCCT691-occt-64/drv/MoniTool/MoniTool_SignText.jxx
+M MoniTool:privinclude:MoniTool_SignText.ixx /misc/dn61/LocalWOK/wok_entities/LOC/dev/CR0-OCCT691-7-CR0-OCCT691-occt-64/drv/MoniTool/MoniTool_SignText.ixx
+M MoniTool:pubinclude:Handle_MoniTool_SignShape.hxx /misc/dn61/LocalWOK/wok_entities/LOC/dev/CR0-OCCT691-7-CR0-OCCT691-occt-64/inc/Handle_MoniTool_SignShape.hxx
+M MoniTool:pubinclude:MoniTool_SignShape.hxx /misc/dn61/LocalWOK/wok_entities/LOC/dev/CR0-OCCT691-7-CR0-OCCT691-occt-64/inc/MoniTool_SignShape.hxx
+M MoniTool:privinclude:MoniTool_SignShape.jxx /misc/dn61/LocalWOK/wok_entities/LOC/dev/CR0-OCCT691-7-CR0-OCCT691-occt-64/drv/MoniTool/MoniTool_SignShape.jxx
+M MoniTool:privinclude:MoniTool_SignShape.ixx /misc/dn61/LocalWOK/wok_entities/LOC/dev/CR0-OCCT691-7-CR0-OCCT691-occt-64/drv/MoniTool/MoniTool_SignShape.ixx
+M MoniTool:pubinclude:MoniTool_Stat.hxx /misc/dn61/LocalWOK/wok_entities/LOC/dev/CR0-OCCT691-7-CR0-OCCT691-occt-64/inc/MoniTool_Stat.hxx
+M MoniTool:privinclude:MoniTool_Stat.jxx /misc/dn61/LocalWOK/wok_entities/LOC/dev/CR0-OCCT691-7-CR0-OCCT691-occt-64/drv/MoniTool/MoniTool_Stat.jxx
+M MoniTool:privinclude:MoniTool_Stat.ixx /misc/dn61/LocalWOK/wok_entities/LOC/dev/CR0-OCCT691-7-CR0-OCCT691-occt-64/drv/MoniTool/MoniTool_Stat.ixx
+M MoniTool:pubinclude:Handle_MoniTool_Option.hxx /misc/dn61/LocalWOK/wok_entities/LOC/dev/CR0-OCCT691-7-CR0-OCCT691-occt-64/inc/Handle_MoniTool_Option.hxx
+M MoniTool:pubinclude:MoniTool_Option.hxx /misc/dn61/LocalWOK/wok_entities/LOC/dev/CR0-OCCT691-7-CR0-OCCT691-occt-64/inc/MoniTool_Option.hxx
+M MoniTool:privinclude:MoniTool_Option.jxx /misc/dn61/LocalWOK/wok_entities/LOC/dev/CR0-OCCT691-7-CR0-OCCT691-occt-64/drv/MoniTool/MoniTool_Option.jxx
+M MoniTool:privinclude:MoniTool_Option.ixx /misc/dn61/LocalWOK/wok_entities/LOC/dev/CR0-OCCT691-7-CR0-OCCT691-occt-64/drv/MoniTool/MoniTool_Option.ixx
+M MoniTool:pubinclude:Handle_MoniTool_Profile.hxx /misc/dn61/LocalWOK/wok_entities/LOC/dev/CR0-OCCT691-7-CR0-OCCT691-occt-64/inc/Handle_MoniTool_Profile.hxx
+M MoniTool:pubinclude:MoniTool_Profile.hxx /misc/dn61/LocalWOK/wok_entities/LOC/dev/CR0-OCCT691-7-CR0-OCCT691-occt-64/inc/MoniTool_Profile.hxx
+M MoniTool:privinclude:MoniTool_Profile.jxx /misc/dn61/LocalWOK/wok_entities/LOC/dev/CR0-OCCT691-7-CR0-OCCT691-occt-64/drv/MoniTool/MoniTool_Profile.jxx
+M MoniTool:privinclude:MoniTool_Profile.ixx /misc/dn61/LocalWOK/wok_entities/LOC/dev/CR0-OCCT691-7-CR0-OCCT691-occt-64/drv/MoniTool/MoniTool_Profile.ixx
+M MoniTool:pubinclude:MoniTool_OptValue.hxx /misc/dn61/LocalWOK/wok_entities/LOC/dev/CR0-OCCT691-7-CR0-OCCT691-occt-64/inc/MoniTool_OptValue.hxx
+M MoniTool:privinclude:MoniTool_OptValue.jxx /misc/dn61/LocalWOK/wok_entities/LOC/dev/CR0-OCCT691-7-CR0-OCCT691-occt-64/drv/MoniTool/MoniTool_OptValue.jxx
+M MoniTool:privinclude:MoniTool_OptValue.ixx /misc/dn61/LocalWOK/wok_entities/LOC/dev/CR0-OCCT691-7-CR0-OCCT691-occt-64/drv/MoniTool/MoniTool_OptValue.ixx
+M MoniTool:pubinclude:MoniTool_DataMapOfShapeTransient.hxx /misc/dn61/LocalWOK/wok_entities/LOC/dev/CR0-OCCT691-7-CR0-OCCT691-occt-64/inc/MoniTool_DataMapOfShapeTransient.hxx
+M MoniTool:derivated:MoniTool_DataMapOfShapeTransient_0.cxx /misc/dn61/LocalWOK/wok_entities/LOC/dev/CR0-OCCT691-7-CR0-OCCT691-occt-64/drv/MoniTool/MoniTool_DataMapOfShapeTransient_0.cxx
+M MoniTool:pubinclude:MoniTool_IndexedDataMapOfShapeTransient.hxx /misc/dn61/LocalWOK/wok_entities/LOC/dev/CR0-OCCT691-7-CR0-OCCT691-occt-64/inc/MoniTool_IndexedDataMapOfShapeTransient.hxx
+M MoniTool:derivated:MoniTool_IndexedDataMapOfShapeTransient_0.cxx /misc/dn61/LocalWOK/wok_entities/LOC/dev/CR0-OCCT691-7-CR0-OCCT691-occt-64/drv/MoniTool/MoniTool_IndexedDataMapOfShapeTransient_0.cxx
+M MoniTool:pubinclude:MoniTool_SequenceOfElement.hxx /misc/dn61/LocalWOK/wok_entities/LOC/dev/CR0-OCCT691-7-CR0-OCCT691-occt-64/inc/MoniTool_SequenceOfElement.hxx
+M MoniTool:derivated:MoniTool_SequenceOfElement_0.cxx /misc/dn61/LocalWOK/wok_entities/LOC/dev/CR0-OCCT691-7-CR0-OCCT691-occt-64/drv/MoniTool/MoniTool_SequenceOfElement_0.cxx
+M MoniTool:pubinclude:Handle_MoniTool_HSequenceOfElement.hxx /misc/dn61/LocalWOK/wok_entities/LOC/dev/CR0-OCCT691-7-CR0-OCCT691-occt-64/inc/Handle_MoniTool_HSequenceOfElement.hxx
+M MoniTool:pubinclude:MoniTool_HSequenceOfElement.hxx /misc/dn61/LocalWOK/wok_entities/LOC/dev/CR0-OCCT691-7-CR0-OCCT691-occt-64/inc/MoniTool_HSequenceOfElement.hxx
+M MoniTool:derivated:MoniTool_HSequenceOfElement_0.cxx /misc/dn61/LocalWOK/wok_entities/LOC/dev/CR0-OCCT691-7-CR0-OCCT691-occt-64/drv/MoniTool/MoniTool_HSequenceOfElement_0.cxx
+M MoniTool:pubinclude:Handle_MoniTool_Timer.hxx /misc/dn61/LocalWOK/wok_entities/LOC/dev/CR0-OCCT691-7-CR0-OCCT691-occt-64/inc/Handle_MoniTool_Timer.hxx
+M MoniTool:pubinclude:MoniTool_Timer.hxx /misc/dn61/LocalWOK/wok_entities/LOC/dev/CR0-OCCT691-7-CR0-OCCT691-occt-64/inc/MoniTool_Timer.hxx
+M MoniTool:privinclude:MoniTool_Timer.jxx /misc/dn61/LocalWOK/wok_entities/LOC/dev/CR0-OCCT691-7-CR0-OCCT691-occt-64/drv/MoniTool/MoniTool_Timer.jxx
+M MoniTool:privinclude:MoniTool_Timer.ixx /misc/dn61/LocalWOK/wok_entities/LOC/dev/CR0-OCCT691-7-CR0-OCCT691-occt-64/drv/MoniTool/MoniTool_Timer.ixx
+M MoniTool:pubinclude:MoniTool_TimerSentry.hxx /misc/dn61/LocalWOK/wok_entities/LOC/dev/CR0-OCCT691-7-CR0-OCCT691-occt-64/inc/MoniTool_TimerSentry.hxx
+M MoniTool:privinclude:MoniTool_TimerSentry.jxx /misc/dn61/LocalWOK/wok_entities/LOC/dev/CR0-OCCT691-7-CR0-OCCT691-occt-64/drv/MoniTool/MoniTool_TimerSentry.jxx
+M MoniTool:privinclude:MoniTool_TimerSentry.ixx /misc/dn61/LocalWOK/wok_entities/LOC/dev/CR0-OCCT691-7-CR0-OCCT691-occt-64/drv/MoniTool/MoniTool_TimerSentry.ixx
+M MoniTool:pubinclude:MoniTool_MTHasher.hxx /misc/dn61/LocalWOK/wok_entities/LOC/dev/CR0-OCCT691-7-CR0-OCCT691-occt-64/inc/MoniTool_MTHasher.hxx
+M MoniTool:privinclude:MoniTool_MTHasher.jxx /misc/dn61/LocalWOK/wok_entities/LOC/dev/CR0-OCCT691-7-CR0-OCCT691-occt-64/drv/MoniTool/MoniTool_MTHasher.jxx
+M MoniTool:privinclude:MoniTool_MTHasher.ixx /misc/dn61/LocalWOK/wok_entities/LOC/dev/CR0-OCCT691-7-CR0-OCCT691-occt-64/drv/MoniTool/MoniTool_MTHasher.ixx
+M MoniTool:pubinclude:MoniTool_DataMapOfTimer.hxx /misc/dn61/LocalWOK/wok_entities/LOC/dev/CR0-OCCT691-7-CR0-OCCT691-occt-64/inc/MoniTool_DataMapOfTimer.hxx
+M MoniTool:derivated:MoniTool_DataMapOfTimer_0.cxx /misc/dn61/LocalWOK/wok_entities/LOC/dev/CR0-OCCT691-7-CR0-OCCT691-occt-64/drv/MoniTool/MoniTool_DataMapOfTimer_0.cxx
+M MoniTool:pubinclude:Handle_MoniTool_DataMapNodeOfDataMapOfShapeTransient.hxx /misc/dn61/LocalWOK/wok_entities/LOC/dev/CR0-OCCT691-7-CR0-OCCT691-occt-64/inc/Handle_MoniTool_DataMapNodeOfDataMapOfShapeTransient.hxx
+M MoniTool:pubinclude:MoniTool_DataMapNodeOfDataMapOfShapeTransient.hxx /misc/dn61/LocalWOK/wok_entities/LOC/dev/CR0-OCCT691-7-CR0-OCCT691-occt-64/inc/MoniTool_DataMapNodeOfDataMapOfShapeTransient.hxx
+M MoniTool:derivated:MoniTool_DataMapNodeOfDataMapOfShapeTransient_0.cxx /misc/dn61/LocalWOK/wok_entities/LOC/dev/CR0-OCCT691-7-CR0-OCCT691-occt-64/drv/MoniTool/MoniTool_DataMapNodeOfDataMapOfShapeTransient_0.cxx
+M MoniTool:pubinclude:MoniTool_DataMapIteratorOfDataMapOfShapeTransient.hxx /misc/dn61/LocalWOK/wok_entities/LOC/dev/CR0-OCCT691-7-CR0-OCCT691-occt-64/inc/MoniTool_DataMapIteratorOfDataMapOfShapeTransient.hxx
+M MoniTool:derivated:MoniTool_DataMapIteratorOfDataMapOfShapeTransient_0.cxx /misc/dn61/LocalWOK/wok_entities/LOC/dev/CR0-OCCT691-7-CR0-OCCT691-occt-64/drv/MoniTool/MoniTool_DataMapIteratorOfDataMapOfShapeTransient_0.cxx
+M MoniTool:pubinclude:Handle_MoniTool_IndexedDataMapNodeOfIndexedDataMapOfShapeTransient.hxx /misc/dn61/LocalWOK/wok_entities/LOC/dev/CR0-OCCT691-7-CR0-OCCT691-occt-64/inc/Handle_MoniTool_IndexedDataMapNodeOfIndexedDataMapOfShapeTransient.hxx
+M MoniTool:pubinclude:MoniTool_IndexedDataMapNodeOfIndexedDataMapOfShapeTransient.hxx /misc/dn61/LocalWOK/wok_entities/LOC/dev/CR0-OCCT691-7-CR0-OCCT691-occt-64/inc/MoniTool_IndexedDataMapNodeOfIndexedDataMapOfShapeTransient.hxx
+M MoniTool:derivated:MoniTool_IndexedDataMapNodeOfIndexedDataMapOfShapeTransient_0.cxx /misc/dn61/LocalWOK/wok_entities/LOC/dev/CR0-OCCT691-7-CR0-OCCT691-occt-64/drv/MoniTool/MoniTool_IndexedDataMapNodeOfIndexedDataMapOfShapeTransient_0.cxx
+M MoniTool:pubinclude:Handle_MoniTool_SequenceNodeOfSequenceOfElement.hxx /misc/dn61/LocalWOK/wok_entities/LOC/dev/CR0-OCCT691-7-CR0-OCCT691-occt-64/inc/Handle_MoniTool_SequenceNodeOfSequenceOfElement.hxx
+M MoniTool:pubinclude:MoniTool_SequenceNodeOfSequenceOfElement.hxx /misc/dn61/LocalWOK/wok_entities/LOC/dev/CR0-OCCT691-7-CR0-OCCT691-occt-64/inc/MoniTool_SequenceNodeOfSequenceOfElement.hxx
+M MoniTool:derivated:MoniTool_SequenceNodeOfSequenceOfElement_0.cxx /misc/dn61/LocalWOK/wok_entities/LOC/dev/CR0-OCCT691-7-CR0-OCCT691-occt-64/drv/MoniTool/MoniTool_SequenceNodeOfSequenceOfElement_0.cxx
+M MoniTool:pubinclude:Handle_MoniTool_DataMapNodeOfDataMapOfTimer.hxx /misc/dn61/LocalWOK/wok_entities/LOC/dev/CR0-OCCT691-7-CR0-OCCT691-occt-64/inc/Handle_MoniTool_DataMapNodeOfDataMapOfTimer.hxx
+M MoniTool:pubinclude:MoniTool_DataMapNodeOfDataMapOfTimer.hxx /misc/dn61/LocalWOK/wok_entities/LOC/dev/CR0-OCCT691-7-CR0-OCCT691-occt-64/inc/MoniTool_DataMapNodeOfDataMapOfTimer.hxx
+M MoniTool:derivated:MoniTool_DataMapNodeOfDataMapOfTimer_0.cxx /misc/dn61/LocalWOK/wok_entities/LOC/dev/CR0-OCCT691-7-CR0-OCCT691-occt-64/drv/MoniTool/MoniTool_DataMapNodeOfDataMapOfTimer_0.cxx
+M MoniTool:pubinclude:MoniTool_DataMapIteratorOfDataMapOfTimer.hxx /misc/dn61/LocalWOK/wok_entities/LOC/dev/CR0-OCCT691-7-CR0-OCCT691-occt-64/inc/MoniTool_DataMapIteratorOfDataMapOfTimer.hxx
+M MoniTool:derivated:MoniTool_DataMapIteratorOfDataMapOfTimer_0.cxx /misc/dn61/LocalWOK/wok_entities/LOC/dev/CR0-OCCT691-7-CR0-OCCT691-occt-64/drv/MoniTool/MoniTool_DataMapIteratorOfDataMapOfTimer_0.cxx
+M MoniTool:pubinclude:MoniTool_ValueType.hxx /misc/dn61/LocalWOK/wok_entities/LOC/dev/CR0-OCCT691-7-CR0-OCCT691-occt-64/inc/MoniTool_ValueType.hxx
+M MoniTool:dbadmfile:MoniTool_xcpp_header.In /misc/dn61/LocalWOK/wok_entities/LOC/dev/CR0-OCCT691-7-CR0-OCCT691-occt-64/drv/MoniTool/.adm/MoniTool_xcpp_header.In
+M MoniTool:dbadmfile:MoniTool_xcpp_header.Out /misc/dn61/LocalWOK/wok_entities/LOC/dev/CR0-OCCT691-7-CR0-OCCT691-occt-64/drv/MoniTool/.adm/MoniTool_xcpp_header.Out
+M MoniTool:dbadmfile:MoniTool_xcpp_header.Dep /misc/dn61/LocalWOK/wok_entities/LOC/dev/CR0-OCCT691-7-CR0-OCCT691-occt-64/drv/MoniTool/.adm/MoniTool_xcpp_header.Dep
