+M HeaderSection:pubinclude:HeaderSection.hxx /misc/dn61/LocalWOK/wok_entities/LOC/dev/CR0-OCCT691-7-CR0-OCCT691-occt-64/inc/HeaderSection.hxx
+M HeaderSection:privinclude:HeaderSection.jxx /misc/dn61/LocalWOK/wok_entities/LOC/dev/CR0-OCCT691-7-CR0-OCCT691-occt-64/drv/HeaderSection/HeaderSection.jxx
+M HeaderSection:privinclude:HeaderSection.ixx /misc/dn61/LocalWOK/wok_entities/LOC/dev/CR0-OCCT691-7-CR0-OCCT691-occt-64/drv/HeaderSection/HeaderSection.ixx
+M HeaderSection:pubinclude:Handle_HeaderSection_Protocol.hxx /misc/dn61/LocalWOK/wok_entities/LOC/dev/CR0-OCCT691-7-CR0-OCCT691-occt-64/inc/Handle_HeaderSection_Protocol.hxx
+M HeaderSection:pubinclude:HeaderSection_Protocol.hxx /misc/dn61/LocalWOK/wok_entities/LOC/dev/CR0-OCCT691-7-CR0-OCCT691-occt-64/inc/HeaderSection_Protocol.hxx
+M HeaderSection:privinclude:HeaderSection_Protocol.jxx /misc/dn61/LocalWOK/wok_entities/LOC/dev/CR0-OCCT691-7-CR0-OCCT691-occt-64/drv/HeaderSection/HeaderSection_Protocol.jxx
+M HeaderSection:privinclude:HeaderSection_Protocol.ixx /misc/dn61/LocalWOK/wok_entities/LOC/dev/CR0-OCCT691-7-CR0-OCCT691-occt-64/drv/HeaderSection/HeaderSection_Protocol.ixx
+M HeaderSection:pubinclude:Handle_HeaderSection_FileName.hxx /misc/dn61/LocalWOK/wok_entities/LOC/dev/CR0-OCCT691-7-CR0-OCCT691-occt-64/inc/Handle_HeaderSection_FileName.hxx
+M HeaderSection:pubinclude:HeaderSection_FileName.hxx /misc/dn61/LocalWOK/wok_entities/LOC/dev/CR0-OCCT691-7-CR0-OCCT691-occt-64/inc/HeaderSection_FileName.hxx
+M HeaderSection:privinclude:HeaderSection_FileName.jxx /misc/dn61/LocalWOK/wok_entities/LOC/dev/CR0-OCCT691-7-CR0-OCCT691-occt-64/drv/HeaderSection/HeaderSection_FileName.jxx
+M HeaderSection:privinclude:HeaderSection_FileName.ixx /misc/dn61/LocalWOK/wok_entities/LOC/dev/CR0-OCCT691-7-CR0-OCCT691-occt-64/drv/HeaderSection/HeaderSection_FileName.ixx
+M HeaderSection:pubinclude:Handle_HeaderSection_FileDescription.hxx /misc/dn61/LocalWOK/wok_entities/LOC/dev/CR0-OCCT691-7-CR0-OCCT691-occt-64/inc/Handle_HeaderSection_FileDescription.hxx
+M HeaderSection:pubinclude:HeaderSection_FileDescription.hxx /misc/dn61/LocalWOK/wok_entities/LOC/dev/CR0-OCCT691-7-CR0-OCCT691-occt-64/inc/HeaderSection_FileDescription.hxx
+M HeaderSection:privinclude:HeaderSection_FileDescription.jxx /misc/dn61/LocalWOK/wok_entities/LOC/dev/CR0-OCCT691-7-CR0-OCCT691-occt-64/drv/HeaderSection/HeaderSection_FileDescription.jxx
+M HeaderSection:privinclude:HeaderSection_FileDescription.ixx /misc/dn61/LocalWOK/wok_entities/LOC/dev/CR0-OCCT691-7-CR0-OCCT691-occt-64/drv/HeaderSection/HeaderSection_FileDescription.ixx
+M HeaderSection:pubinclude:Handle_HeaderSection_FileSchema.hxx /misc/dn61/LocalWOK/wok_entities/LOC/dev/CR0-OCCT691-7-CR0-OCCT691-occt-64/inc/Handle_HeaderSection_FileSchema.hxx
+M HeaderSection:pubinclude:HeaderSection_FileSchema.hxx /misc/dn61/LocalWOK/wok_entities/LOC/dev/CR0-OCCT691-7-CR0-OCCT691-occt-64/inc/HeaderSection_FileSchema.hxx
+M HeaderSection:privinclude:HeaderSection_FileSchema.jxx /misc/dn61/LocalWOK/wok_entities/LOC/dev/CR0-OCCT691-7-CR0-OCCT691-occt-64/drv/HeaderSection/HeaderSection_FileSchema.jxx
+M HeaderSection:privinclude:HeaderSection_FileSchema.ixx /misc/dn61/LocalWOK/wok_entities/LOC/dev/CR0-OCCT691-7-CR0-OCCT691-occt-64/drv/HeaderSection/HeaderSection_FileSchema.ixx
+M HeaderSection:pubinclude:Handle_HeaderSection_HeaderRecognizer.hxx /misc/dn61/LocalWOK/wok_entities/LOC/dev/CR0-OCCT691-7-CR0-OCCT691-occt-64/inc/Handle_HeaderSection_HeaderRecognizer.hxx
+M HeaderSection:pubinclude:HeaderSection_HeaderRecognizer.hxx /misc/dn61/LocalWOK/wok_entities/LOC/dev/CR0-OCCT691-7-CR0-OCCT691-occt-64/inc/HeaderSection_HeaderRecognizer.hxx
+M HeaderSection:privinclude:HeaderSection_HeaderRecognizer.jxx /misc/dn61/LocalWOK/wok_entities/LOC/dev/CR0-OCCT691-7-CR0-OCCT691-occt-64/drv/HeaderSection/HeaderSection_HeaderRecognizer.jxx
+M HeaderSection:privinclude:HeaderSection_HeaderRecognizer.ixx /misc/dn61/LocalWOK/wok_entities/LOC/dev/CR0-OCCT691-7-CR0-OCCT691-occt-64/drv/HeaderSection/HeaderSection_HeaderRecognizer.ixx
+M HeaderSection:dbadmfile:HeaderSection_xcpp_header.In /misc/dn61/LocalWOK/wok_entities/LOC/dev/CR0-OCCT691-7-CR0-OCCT691-occt-64/drv/HeaderSection/.adm/HeaderSection_xcpp_header.In
+M HeaderSection:dbadmfile:HeaderSection_xcpp_header.Out /misc/dn61/LocalWOK/wok_entities/LOC/dev/CR0-OCCT691-7-CR0-OCCT691-occt-64/drv/HeaderSection/.adm/HeaderSection_xcpp_header.Out
+M HeaderSection:dbadmfile:HeaderSection_xcpp_header.Dep /misc/dn61/LocalWOK/wok_entities/LOC/dev/CR0-OCCT691-7-CR0-OCCT691-occt-64/drv/HeaderSection/.adm/HeaderSection_xcpp_header.Dep
