+M GccInt:pubinclude:Handle_GccInt_Bisec.hxx /misc/dn61/LocalWOK/wok_entities/LOC/dev/CR0-OCCT691-7-CR0-OCCT691-occt-64/inc/Handle_GccInt_Bisec.hxx
+M GccInt:pubinclude:GccInt_Bisec.hxx /misc/dn61/LocalWOK/wok_entities/LOC/dev/CR0-OCCT691-7-CR0-OCCT691-occt-64/inc/GccInt_Bisec.hxx
+M GccInt:privinclude:GccInt_Bisec.jxx /misc/dn61/LocalWOK/wok_entities/LOC/dev/CR0-OCCT691-7-CR0-OCCT691-occt-64/drv/GccInt/GccInt_Bisec.jxx
+M GccInt:privinclude:GccInt_Bisec.ixx /misc/dn61/LocalWOK/wok_entities/LOC/dev/CR0-OCCT691-7-CR0-OCCT691-occt-64/drv/GccInt/GccInt_Bisec.ixx
+M GccInt:pubinclude:Handle_GccInt_BCirc.hxx /misc/dn61/LocalWOK/wok_entities/LOC/dev/CR0-OCCT691-7-CR0-OCCT691-occt-64/inc/Handle_GccInt_BCirc.hxx
+M GccInt:pubinclude:GccInt_BCirc.hxx /misc/dn61/LocalWOK/wok_entities/LOC/dev/CR0-OCCT691-7-CR0-OCCT691-occt-64/inc/GccInt_BCirc.hxx
+M GccInt:privinclude:GccInt_BCirc.jxx /misc/dn61/LocalWOK/wok_entities/LOC/dev/CR0-OCCT691-7-CR0-OCCT691-occt-64/drv/GccInt/GccInt_BCirc.jxx
+M GccInt:privinclude:GccInt_BCirc.ixx /misc/dn61/LocalWOK/wok_entities/LOC/dev/CR0-OCCT691-7-CR0-OCCT691-occt-64/drv/GccInt/GccInt_BCirc.ixx
+M GccInt:pubinclude:Handle_GccInt_BElips.hxx /misc/dn61/LocalWOK/wok_entities/LOC/dev/CR0-OCCT691-7-CR0-OCCT691-occt-64/inc/Handle_GccInt_BElips.hxx
+M GccInt:pubinclude:GccInt_BElips.hxx /misc/dn61/LocalWOK/wok_entities/LOC/dev/CR0-OCCT691-7-CR0-OCCT691-occt-64/inc/GccInt_BElips.hxx
+M GccInt:privinclude:GccInt_BElips.jxx /misc/dn61/LocalWOK/wok_entities/LOC/dev/CR0-OCCT691-7-CR0-OCCT691-occt-64/drv/GccInt/GccInt_BElips.jxx
+M GccInt:privinclude:GccInt_BElips.ixx /misc/dn61/LocalWOK/wok_entities/LOC/dev/CR0-OCCT691-7-CR0-OCCT691-occt-64/drv/GccInt/GccInt_BElips.ixx
+M GccInt:pubinclude:Handle_GccInt_BLine.hxx /misc/dn61/LocalWOK/wok_entities/LOC/dev/CR0-OCCT691-7-CR0-OCCT691-occt-64/inc/Handle_GccInt_BLine.hxx
+M GccInt:pubinclude:GccInt_BLine.hxx /misc/dn61/LocalWOK/wok_entities/LOC/dev/CR0-OCCT691-7-CR0-OCCT691-occt-64/inc/GccInt_BLine.hxx
+M GccInt:privinclude:GccInt_BLine.jxx /misc/dn61/LocalWOK/wok_entities/LOC/dev/CR0-OCCT691-7-CR0-OCCT691-occt-64/drv/GccInt/GccInt_BLine.jxx
+M GccInt:privinclude:GccInt_BLine.ixx /misc/dn61/LocalWOK/wok_entities/LOC/dev/CR0-OCCT691-7-CR0-OCCT691-occt-64/drv/GccInt/GccInt_BLine.ixx
+M GccInt:pubinclude:Handle_GccInt_BParab.hxx /misc/dn61/LocalWOK/wok_entities/LOC/dev/CR0-OCCT691-7-CR0-OCCT691-occt-64/inc/Handle_GccInt_BParab.hxx
+M GccInt:pubinclude:GccInt_BParab.hxx /misc/dn61/LocalWOK/wok_entities/LOC/dev/CR0-OCCT691-7-CR0-OCCT691-occt-64/inc/GccInt_BParab.hxx
+M GccInt:privinclude:GccInt_BParab.jxx /misc/dn61/LocalWOK/wok_entities/LOC/dev/CR0-OCCT691-7-CR0-OCCT691-occt-64/drv/GccInt/GccInt_BParab.jxx
+M GccInt:privinclude:GccInt_BParab.ixx /misc/dn61/LocalWOK/wok_entities/LOC/dev/CR0-OCCT691-7-CR0-OCCT691-occt-64/drv/GccInt/GccInt_BParab.ixx
+M GccInt:pubinclude:Handle_GccInt_BPoint.hxx /misc/dn61/LocalWOK/wok_entities/LOC/dev/CR0-OCCT691-7-CR0-OCCT691-occt-64/inc/Handle_GccInt_BPoint.hxx
+M GccInt:pubinclude:GccInt_BPoint.hxx /misc/dn61/LocalWOK/wok_entities/LOC/dev/CR0-OCCT691-7-CR0-OCCT691-occt-64/inc/GccInt_BPoint.hxx
+M GccInt:privinclude:GccInt_BPoint.jxx /misc/dn61/LocalWOK/wok_entities/LOC/dev/CR0-OCCT691-7-CR0-OCCT691-occt-64/drv/GccInt/GccInt_BPoint.jxx
+M GccInt:privinclude:GccInt_BPoint.ixx /misc/dn61/LocalWOK/wok_entities/LOC/dev/CR0-OCCT691-7-CR0-OCCT691-occt-64/drv/GccInt/GccInt_BPoint.ixx
+M GccInt:pubinclude:Handle_GccInt_BHyper.hxx /misc/dn61/LocalWOK/wok_entities/LOC/dev/CR0-OCCT691-7-CR0-OCCT691-occt-64/inc/Handle_GccInt_BHyper.hxx
+M GccInt:pubinclude:GccInt_BHyper.hxx /misc/dn61/LocalWOK/wok_entities/LOC/dev/CR0-OCCT691-7-CR0-OCCT691-occt-64/inc/GccInt_BHyper.hxx
+M GccInt:privinclude:GccInt_BHyper.jxx /misc/dn61/LocalWOK/wok_entities/LOC/dev/CR0-OCCT691-7-CR0-OCCT691-occt-64/drv/GccInt/GccInt_BHyper.jxx
+M GccInt:privinclude:GccInt_BHyper.ixx /misc/dn61/LocalWOK/wok_entities/LOC/dev/CR0-OCCT691-7-CR0-OCCT691-occt-64/drv/GccInt/GccInt_BHyper.ixx
+M GccInt:pubinclude:GccInt_IType.hxx /misc/dn61/LocalWOK/wok_entities/LOC/dev/CR0-OCCT691-7-CR0-OCCT691-occt-64/inc/GccInt_IType.hxx
+M GccInt:dbadmfile:GccInt_xcpp_header.In /misc/dn61/LocalWOK/wok_entities/LOC/dev/CR0-OCCT691-7-CR0-OCCT691-occt-64/drv/GccInt/.adm/GccInt_xcpp_header.In
+M GccInt:dbadmfile:GccInt_xcpp_header.Out /misc/dn61/LocalWOK/wok_entities/LOC/dev/CR0-OCCT691-7-CR0-OCCT691-occt-64/drv/GccInt/.adm/GccInt_xcpp_header.Out
+M GccInt:dbadmfile:GccInt_xcpp_header.Dep /misc/dn61/LocalWOK/wok_entities/LOC/dev/CR0-OCCT691-7-CR0-OCCT691-occt-64/drv/GccInt/.adm/GccInt_xcpp_header.Dep
