+M XmlMXCAFDoc:pubinclude:XmlMXCAFDoc.hxx /misc/dn61/LocalWOK/wok_entities/LOC/dev/CR0-OCCT691-7-CR0-OCCT691-occt-64/inc/XmlMXCAFDoc.hxx
+M XmlMXCAFDoc:privinclude:XmlMXCAFDoc.jxx /misc/dn61/LocalWOK/wok_entities/LOC/dev/CR0-OCCT691-7-CR0-OCCT691-occt-64/drv/XmlMXCAFDoc/XmlMXCAFDoc.jxx
+M XmlMXCAFDoc:privinclude:XmlMXCAFDoc.ixx /misc/dn61/LocalWOK/wok_entities/LOC/dev/CR0-OCCT691-7-CR0-OCCT691-occt-64/drv/XmlMXCAFDoc/XmlMXCAFDoc.ixx
+M XmlMXCAFDoc:pubinclude:Handle_XmlMXCAFDoc_AreaDriver.hxx /misc/dn61/LocalWOK/wok_entities/LOC/dev/CR0-OCCT691-7-CR0-OCCT691-occt-64/inc/Handle_XmlMXCAFDoc_AreaDriver.hxx
+M XmlMXCAFDoc:pubinclude:XmlMXCAFDoc_AreaDriver.hxx /misc/dn61/LocalWOK/wok_entities/LOC/dev/CR0-OCCT691-7-CR0-OCCT691-occt-64/inc/XmlMXCAFDoc_AreaDriver.hxx
+M XmlMXCAFDoc:privinclude:XmlMXCAFDoc_AreaDriver.jxx /misc/dn61/LocalWOK/wok_entities/LOC/dev/CR0-OCCT691-7-CR0-OCCT691-occt-64/drv/XmlMXCAFDoc/XmlMXCAFDoc_AreaDriver.jxx
+M XmlMXCAFDoc:privinclude:XmlMXCAFDoc_AreaDriver.ixx /misc/dn61/LocalWOK/wok_entities/LOC/dev/CR0-OCCT691-7-CR0-OCCT691-occt-64/drv/XmlMXCAFDoc/XmlMXCAFDoc_AreaDriver.ixx
+M XmlMXCAFDoc:pubinclude:Handle_XmlMXCAFDoc_CentroidDriver.hxx /misc/dn61/LocalWOK/wok_entities/LOC/dev/CR0-OCCT691-7-CR0-OCCT691-occt-64/inc/Handle_XmlMXCAFDoc_CentroidDriver.hxx
+M XmlMXCAFDoc:pubinclude:XmlMXCAFDoc_CentroidDriver.hxx /misc/dn61/LocalWOK/wok_entities/LOC/dev/CR0-OCCT691-7-CR0-OCCT691-occt-64/inc/XmlMXCAFDoc_CentroidDriver.hxx
+M XmlMXCAFDoc:privinclude:XmlMXCAFDoc_CentroidDriver.jxx /misc/dn61/LocalWOK/wok_entities/LOC/dev/CR0-OCCT691-7-CR0-OCCT691-occt-64/drv/XmlMXCAFDoc/XmlMXCAFDoc_CentroidDriver.jxx
+M XmlMXCAFDoc:privinclude:XmlMXCAFDoc_CentroidDriver.ixx /misc/dn61/LocalWOK/wok_entities/LOC/dev/CR0-OCCT691-7-CR0-OCCT691-occt-64/drv/XmlMXCAFDoc/XmlMXCAFDoc_CentroidDriver.ixx
+M XmlMXCAFDoc:pubinclude:Handle_XmlMXCAFDoc_ColorDriver.hxx /misc/dn61/LocalWOK/wok_entities/LOC/dev/CR0-OCCT691-7-CR0-OCCT691-occt-64/inc/Handle_XmlMXCAFDoc_ColorDriver.hxx
+M XmlMXCAFDoc:pubinclude:XmlMXCAFDoc_ColorDriver.hxx /misc/dn61/LocalWOK/wok_entities/LOC/dev/CR0-OCCT691-7-CR0-OCCT691-occt-64/inc/XmlMXCAFDoc_ColorDriver.hxx
+M XmlMXCAFDoc:privinclude:XmlMXCAFDoc_ColorDriver.jxx /misc/dn61/LocalWOK/wok_entities/LOC/dev/CR0-OCCT691-7-CR0-OCCT691-occt-64/drv/XmlMXCAFDoc/XmlMXCAFDoc_ColorDriver.jxx
+M XmlMXCAFDoc:privinclude:XmlMXCAFDoc_ColorDriver.ixx /misc/dn61/LocalWOK/wok_entities/LOC/dev/CR0-OCCT691-7-CR0-OCCT691-occt-64/drv/XmlMXCAFDoc/XmlMXCAFDoc_ColorDriver.ixx
+M XmlMXCAFDoc:pubinclude:Handle_XmlMXCAFDoc_GraphNodeDriver.hxx /misc/dn61/LocalWOK/wok_entities/LOC/dev/CR0-OCCT691-7-CR0-OCCT691-occt-64/inc/Handle_XmlMXCAFDoc_GraphNodeDriver.hxx
+M XmlMXCAFDoc:pubinclude:XmlMXCAFDoc_GraphNodeDriver.hxx /misc/dn61/LocalWOK/wok_entities/LOC/dev/CR0-OCCT691-7-CR0-OCCT691-occt-64/inc/XmlMXCAFDoc_GraphNodeDriver.hxx
+M XmlMXCAFDoc:privinclude:XmlMXCAFDoc_GraphNodeDriver.jxx /misc/dn61/LocalWOK/wok_entities/LOC/dev/CR0-OCCT691-7-CR0-OCCT691-occt-64/drv/XmlMXCAFDoc/XmlMXCAFDoc_GraphNodeDriver.jxx
+M XmlMXCAFDoc:privinclude:XmlMXCAFDoc_GraphNodeDriver.ixx /misc/dn61/LocalWOK/wok_entities/LOC/dev/CR0-OCCT691-7-CR0-OCCT691-occt-64/drv/XmlMXCAFDoc/XmlMXCAFDoc_GraphNodeDriver.ixx
+M XmlMXCAFDoc:pubinclude:Handle_XmlMXCAFDoc_LocationDriver.hxx /misc/dn61/LocalWOK/wok_entities/LOC/dev/CR0-OCCT691-7-CR0-OCCT691-occt-64/inc/Handle_XmlMXCAFDoc_LocationDriver.hxx
+M XmlMXCAFDoc:pubinclude:XmlMXCAFDoc_LocationDriver.hxx /misc/dn61/LocalWOK/wok_entities/LOC/dev/CR0-OCCT691-7-CR0-OCCT691-occt-64/inc/XmlMXCAFDoc_LocationDriver.hxx
+M XmlMXCAFDoc:privinclude:XmlMXCAFDoc_LocationDriver.jxx /misc/dn61/LocalWOK/wok_entities/LOC/dev/CR0-OCCT691-7-CR0-OCCT691-occt-64/drv/XmlMXCAFDoc/XmlMXCAFDoc_LocationDriver.jxx
+M XmlMXCAFDoc:privinclude:XmlMXCAFDoc_LocationDriver.ixx /misc/dn61/LocalWOK/wok_entities/LOC/dev/CR0-OCCT691-7-CR0-OCCT691-occt-64/drv/XmlMXCAFDoc/XmlMXCAFDoc_LocationDriver.ixx
+M XmlMXCAFDoc:pubinclude:Handle_XmlMXCAFDoc_VolumeDriver.hxx /misc/dn61/LocalWOK/wok_entities/LOC/dev/CR0-OCCT691-7-CR0-OCCT691-occt-64/inc/Handle_XmlMXCAFDoc_VolumeDriver.hxx
+M XmlMXCAFDoc:pubinclude:XmlMXCAFDoc_VolumeDriver.hxx /misc/dn61/LocalWOK/wok_entities/LOC/dev/CR0-OCCT691-7-CR0-OCCT691-occt-64/inc/XmlMXCAFDoc_VolumeDriver.hxx
+M XmlMXCAFDoc:privinclude:XmlMXCAFDoc_VolumeDriver.jxx /misc/dn61/LocalWOK/wok_entities/LOC/dev/CR0-OCCT691-7-CR0-OCCT691-occt-64/drv/XmlMXCAFDoc/XmlMXCAFDoc_VolumeDriver.jxx
+M XmlMXCAFDoc:privinclude:XmlMXCAFDoc_VolumeDriver.ixx /misc/dn61/LocalWOK/wok_entities/LOC/dev/CR0-OCCT691-7-CR0-OCCT691-occt-64/drv/XmlMXCAFDoc/XmlMXCAFDoc_VolumeDriver.ixx
+M XmlMXCAFDoc:pubinclude:Handle_XmlMXCAFDoc_DatumDriver.hxx /misc/dn61/LocalWOK/wok_entities/LOC/dev/CR0-OCCT691-7-CR0-OCCT691-occt-64/inc/Handle_XmlMXCAFDoc_DatumDriver.hxx
+M XmlMXCAFDoc:pubinclude:XmlMXCAFDoc_DatumDriver.hxx /misc/dn61/LocalWOK/wok_entities/LOC/dev/CR0-OCCT691-7-CR0-OCCT691-occt-64/inc/XmlMXCAFDoc_DatumDriver.hxx
+M XmlMXCAFDoc:privinclude:XmlMXCAFDoc_DatumDriver.jxx /misc/dn61/LocalWOK/wok_entities/LOC/dev/CR0-OCCT691-7-CR0-OCCT691-occt-64/drv/XmlMXCAFDoc/XmlMXCAFDoc_DatumDriver.jxx
+M XmlMXCAFDoc:privinclude:XmlMXCAFDoc_DatumDriver.ixx /misc/dn61/LocalWOK/wok_entities/LOC/dev/CR0-OCCT691-7-CR0-OCCT691-occt-64/drv/XmlMXCAFDoc/XmlMXCAFDoc_DatumDriver.ixx
+M XmlMXCAFDoc:pubinclude:Handle_XmlMXCAFDoc_DimTolDriver.hxx /misc/dn61/LocalWOK/wok_entities/LOC/dev/CR0-OCCT691-7-CR0-OCCT691-occt-64/inc/Handle_XmlMXCAFDoc_DimTolDriver.hxx
+M XmlMXCAFDoc:pubinclude:XmlMXCAFDoc_DimTolDriver.hxx /misc/dn61/LocalWOK/wok_entities/LOC/dev/CR0-OCCT691-7-CR0-OCCT691-occt-64/inc/XmlMXCAFDoc_DimTolDriver.hxx
+M XmlMXCAFDoc:privinclude:XmlMXCAFDoc_DimTolDriver.jxx /misc/dn61/LocalWOK/wok_entities/LOC/dev/CR0-OCCT691-7-CR0-OCCT691-occt-64/drv/XmlMXCAFDoc/XmlMXCAFDoc_DimTolDriver.jxx
+M XmlMXCAFDoc:privinclude:XmlMXCAFDoc_DimTolDriver.ixx /misc/dn61/LocalWOK/wok_entities/LOC/dev/CR0-OCCT691-7-CR0-OCCT691-occt-64/drv/XmlMXCAFDoc/XmlMXCAFDoc_DimTolDriver.ixx
+M XmlMXCAFDoc:pubinclude:Handle_XmlMXCAFDoc_MaterialDriver.hxx /misc/dn61/LocalWOK/wok_entities/LOC/dev/CR0-OCCT691-7-CR0-OCCT691-occt-64/inc/Handle_XmlMXCAFDoc_MaterialDriver.hxx
+M XmlMXCAFDoc:pubinclude:XmlMXCAFDoc_MaterialDriver.hxx /misc/dn61/LocalWOK/wok_entities/LOC/dev/CR0-OCCT691-7-CR0-OCCT691-occt-64/inc/XmlMXCAFDoc_MaterialDriver.hxx
+M XmlMXCAFDoc:privinclude:XmlMXCAFDoc_MaterialDriver.jxx /misc/dn61/LocalWOK/wok_entities/LOC/dev/CR0-OCCT691-7-CR0-OCCT691-occt-64/drv/XmlMXCAFDoc/XmlMXCAFDoc_MaterialDriver.jxx
+M XmlMXCAFDoc:privinclude:XmlMXCAFDoc_MaterialDriver.ixx /misc/dn61/LocalWOK/wok_entities/LOC/dev/CR0-OCCT691-7-CR0-OCCT691-occt-64/drv/XmlMXCAFDoc/XmlMXCAFDoc_MaterialDriver.ixx
+M XmlMXCAFDoc:pubinclude:Handle_XmlMXCAFDoc_ColorToolDriver.hxx /misc/dn61/LocalWOK/wok_entities/LOC/dev/CR0-OCCT691-7-CR0-OCCT691-occt-64/inc/Handle_XmlMXCAFDoc_ColorToolDriver.hxx
+M XmlMXCAFDoc:pubinclude:XmlMXCAFDoc_ColorToolDriver.hxx /misc/dn61/LocalWOK/wok_entities/LOC/dev/CR0-OCCT691-7-CR0-OCCT691-occt-64/inc/XmlMXCAFDoc_ColorToolDriver.hxx
+M XmlMXCAFDoc:privinclude:XmlMXCAFDoc_ColorToolDriver.jxx /misc/dn61/LocalWOK/wok_entities/LOC/dev/CR0-OCCT691-7-CR0-OCCT691-occt-64/drv/XmlMXCAFDoc/XmlMXCAFDoc_ColorToolDriver.jxx
+M XmlMXCAFDoc:privinclude:XmlMXCAFDoc_ColorToolDriver.ixx /misc/dn61/LocalWOK/wok_entities/LOC/dev/CR0-OCCT691-7-CR0-OCCT691-occt-64/drv/XmlMXCAFDoc/XmlMXCAFDoc_ColorToolDriver.ixx
+M XmlMXCAFDoc:pubinclude:Handle_XmlMXCAFDoc_DocumentToolDriver.hxx /misc/dn61/LocalWOK/wok_entities/LOC/dev/CR0-OCCT691-7-CR0-OCCT691-occt-64/inc/Handle_XmlMXCAFDoc_DocumentToolDriver.hxx
+M XmlMXCAFDoc:pubinclude:XmlMXCAFDoc_DocumentToolDriver.hxx /misc/dn61/LocalWOK/wok_entities/LOC/dev/CR0-OCCT691-7-CR0-OCCT691-occt-64/inc/XmlMXCAFDoc_DocumentToolDriver.hxx
+M XmlMXCAFDoc:privinclude:XmlMXCAFDoc_DocumentToolDriver.jxx /misc/dn61/LocalWOK/wok_entities/LOC/dev/CR0-OCCT691-7-CR0-OCCT691-occt-64/drv/XmlMXCAFDoc/XmlMXCAFDoc_DocumentToolDriver.jxx
+M XmlMXCAFDoc:privinclude:XmlMXCAFDoc_DocumentToolDriver.ixx /misc/dn61/LocalWOK/wok_entities/LOC/dev/CR0-OCCT691-7-CR0-OCCT691-occt-64/drv/XmlMXCAFDoc/XmlMXCAFDoc_DocumentToolDriver.ixx
+M XmlMXCAFDoc:pubinclude:Handle_XmlMXCAFDoc_LayerToolDriver.hxx /misc/dn61/LocalWOK/wok_entities/LOC/dev/CR0-OCCT691-7-CR0-OCCT691-occt-64/inc/Handle_XmlMXCAFDoc_LayerToolDriver.hxx
+M XmlMXCAFDoc:pubinclude:XmlMXCAFDoc_LayerToolDriver.hxx /misc/dn61/LocalWOK/wok_entities/LOC/dev/CR0-OCCT691-7-CR0-OCCT691-occt-64/inc/XmlMXCAFDoc_LayerToolDriver.hxx
+M XmlMXCAFDoc:privinclude:XmlMXCAFDoc_LayerToolDriver.jxx /misc/dn61/LocalWOK/wok_entities/LOC/dev/CR0-OCCT691-7-CR0-OCCT691-occt-64/drv/XmlMXCAFDoc/XmlMXCAFDoc_LayerToolDriver.jxx
+M XmlMXCAFDoc:privinclude:XmlMXCAFDoc_LayerToolDriver.ixx /misc/dn61/LocalWOK/wok_entities/LOC/dev/CR0-OCCT691-7-CR0-OCCT691-occt-64/drv/XmlMXCAFDoc/XmlMXCAFDoc_LayerToolDriver.ixx
+M XmlMXCAFDoc:pubinclude:Handle_XmlMXCAFDoc_ShapeToolDriver.hxx /misc/dn61/LocalWOK/wok_entities/LOC/dev/CR0-OCCT691-7-CR0-OCCT691-occt-64/inc/Handle_XmlMXCAFDoc_ShapeToolDriver.hxx
+M XmlMXCAFDoc:pubinclude:XmlMXCAFDoc_ShapeToolDriver.hxx /misc/dn61/LocalWOK/wok_entities/LOC/dev/CR0-OCCT691-7-CR0-OCCT691-occt-64/inc/XmlMXCAFDoc_ShapeToolDriver.hxx
+M XmlMXCAFDoc:privinclude:XmlMXCAFDoc_ShapeToolDriver.jxx /misc/dn61/LocalWOK/wok_entities/LOC/dev/CR0-OCCT691-7-CR0-OCCT691-occt-64/drv/XmlMXCAFDoc/XmlMXCAFDoc_ShapeToolDriver.jxx
+M XmlMXCAFDoc:privinclude:XmlMXCAFDoc_ShapeToolDriver.ixx /misc/dn61/LocalWOK/wok_entities/LOC/dev/CR0-OCCT691-7-CR0-OCCT691-occt-64/drv/XmlMXCAFDoc/XmlMXCAFDoc_ShapeToolDriver.ixx
+M XmlMXCAFDoc:pubinclude:Handle_XmlMXCAFDoc_DimTolToolDriver.hxx /misc/dn61/LocalWOK/wok_entities/LOC/dev/CR0-OCCT691-7-CR0-OCCT691-occt-64/inc/Handle_XmlMXCAFDoc_DimTolToolDriver.hxx
+M XmlMXCAFDoc:pubinclude:XmlMXCAFDoc_DimTolToolDriver.hxx /misc/dn61/LocalWOK/wok_entities/LOC/dev/CR0-OCCT691-7-CR0-OCCT691-occt-64/inc/XmlMXCAFDoc_DimTolToolDriver.hxx
+M XmlMXCAFDoc:privinclude:XmlMXCAFDoc_DimTolToolDriver.jxx /misc/dn61/LocalWOK/wok_entities/LOC/dev/CR0-OCCT691-7-CR0-OCCT691-occt-64/drv/XmlMXCAFDoc/XmlMXCAFDoc_DimTolToolDriver.jxx
+M XmlMXCAFDoc:privinclude:XmlMXCAFDoc_DimTolToolDriver.ixx /misc/dn61/LocalWOK/wok_entities/LOC/dev/CR0-OCCT691-7-CR0-OCCT691-occt-64/drv/XmlMXCAFDoc/XmlMXCAFDoc_DimTolToolDriver.ixx
+M XmlMXCAFDoc:pubinclude:Handle_XmlMXCAFDoc_MaterialToolDriver.hxx /misc/dn61/LocalWOK/wok_entities/LOC/dev/CR0-OCCT691-7-CR0-OCCT691-occt-64/inc/Handle_XmlMXCAFDoc_MaterialToolDriver.hxx
+M XmlMXCAFDoc:pubinclude:XmlMXCAFDoc_MaterialToolDriver.hxx /misc/dn61/LocalWOK/wok_entities/LOC/dev/CR0-OCCT691-7-CR0-OCCT691-occt-64/inc/XmlMXCAFDoc_MaterialToolDriver.hxx
+M XmlMXCAFDoc:privinclude:XmlMXCAFDoc_MaterialToolDriver.jxx /misc/dn61/LocalWOK/wok_entities/LOC/dev/CR0-OCCT691-7-CR0-OCCT691-occt-64/drv/XmlMXCAFDoc/XmlMXCAFDoc_MaterialToolDriver.jxx
+M XmlMXCAFDoc:privinclude:XmlMXCAFDoc_MaterialToolDriver.ixx /misc/dn61/LocalWOK/wok_entities/LOC/dev/CR0-OCCT691-7-CR0-OCCT691-occt-64/drv/XmlMXCAFDoc/XmlMXCAFDoc_MaterialToolDriver.ixx
+M XmlMXCAFDoc:dbadmfile:XmlMXCAFDoc_xcpp_header.In /misc/dn61/LocalWOK/wok_entities/LOC/dev/CR0-OCCT691-7-CR0-OCCT691-occt-64/drv/XmlMXCAFDoc/.adm/XmlMXCAFDoc_xcpp_header.In
+M XmlMXCAFDoc:dbadmfile:XmlMXCAFDoc_xcpp_header.Out /misc/dn61/LocalWOK/wok_entities/LOC/dev/CR0-OCCT691-7-CR0-OCCT691-occt-64/drv/XmlMXCAFDoc/.adm/XmlMXCAFDoc_xcpp_header.Out
+M XmlMXCAFDoc:dbadmfile:XmlMXCAFDoc_xcpp_header.Dep /misc/dn61/LocalWOK/wok_entities/LOC/dev/CR0-OCCT691-7-CR0-OCCT691-occt-64/drv/XmlMXCAFDoc/.adm/XmlMXCAFDoc_xcpp_header.Dep
