+M TDocStd:pubinclude:TDocStd.hxx /misc/dn61/LocalWOK/wok_entities/LOC/dev/CR0-OCCT691-7-CR0-OCCT691-occt-64/inc/TDocStd.hxx
+M TDocStd:privinclude:TDocStd.jxx /misc/dn61/LocalWOK/wok_entities/LOC/dev/CR0-OCCT691-7-CR0-OCCT691-occt-64/drv/TDocStd/TDocStd.jxx
+M TDocStd:privinclude:TDocStd.ixx /misc/dn61/LocalWOK/wok_entities/LOC/dev/CR0-OCCT691-7-CR0-OCCT691-occt-64/drv/TDocStd/TDocStd.ixx
+M TDocStd:pubinclude:Handle_TDocStd_Application.hxx /misc/dn61/LocalWOK/wok_entities/LOC/dev/CR0-OCCT691-7-CR0-OCCT691-occt-64/inc/Handle_TDocStd_Application.hxx
+M TDocStd:pubinclude:TDocStd_Application.hxx /misc/dn61/LocalWOK/wok_entities/LOC/dev/CR0-OCCT691-7-CR0-OCCT691-occt-64/inc/TDocStd_Application.hxx
+M TDocStd:privinclude:TDocStd_Application.jxx /misc/dn61/LocalWOK/wok_entities/LOC/dev/CR0-OCCT691-7-CR0-OCCT691-occt-64/drv/TDocStd/TDocStd_Application.jxx
+M TDocStd:privinclude:TDocStd_Application.ixx /misc/dn61/LocalWOK/wok_entities/LOC/dev/CR0-OCCT691-7-CR0-OCCT691-occt-64/drv/TDocStd/TDocStd_Application.ixx
+M TDocStd:pubinclude:Handle_TDocStd_Document.hxx /misc/dn61/LocalWOK/wok_entities/LOC/dev/CR0-OCCT691-7-CR0-OCCT691-occt-64/inc/Handle_TDocStd_Document.hxx
+M TDocStd:pubinclude:TDocStd_Document.hxx /misc/dn61/LocalWOK/wok_entities/LOC/dev/CR0-OCCT691-7-CR0-OCCT691-occt-64/inc/TDocStd_Document.hxx
+M TDocStd:privinclude:TDocStd_Document.jxx /misc/dn61/LocalWOK/wok_entities/LOC/dev/CR0-OCCT691-7-CR0-OCCT691-occt-64/drv/TDocStd/TDocStd_Document.jxx
+M TDocStd:privinclude:TDocStd_Document.ixx /misc/dn61/LocalWOK/wok_entities/LOC/dev/CR0-OCCT691-7-CR0-OCCT691-occt-64/drv/TDocStd/TDocStd_Document.ixx
+M TDocStd:pubinclude:TDocStd_Context.hxx /misc/dn61/LocalWOK/wok_entities/LOC/dev/CR0-OCCT691-7-CR0-OCCT691-occt-64/inc/TDocStd_Context.hxx
+M TDocStd:privinclude:TDocStd_Context.jxx /misc/dn61/LocalWOK/wok_entities/LOC/dev/CR0-OCCT691-7-CR0-OCCT691-occt-64/drv/TDocStd/TDocStd_Context.jxx
+M TDocStd:privinclude:TDocStd_Context.ixx /misc/dn61/LocalWOK/wok_entities/LOC/dev/CR0-OCCT691-7-CR0-OCCT691-occt-64/drv/TDocStd/TDocStd_Context.ixx
+M TDocStd:pubinclude:Handle_TDocStd_XLink.hxx /misc/dn61/LocalWOK/wok_entities/LOC/dev/CR0-OCCT691-7-CR0-OCCT691-occt-64/inc/Handle_TDocStd_XLink.hxx
+M TDocStd:pubinclude:TDocStd_XLink.hxx /misc/dn61/LocalWOK/wok_entities/LOC/dev/CR0-OCCT691-7-CR0-OCCT691-occt-64/inc/TDocStd_XLink.hxx
+M TDocStd:privinclude:TDocStd_XLink.jxx /misc/dn61/LocalWOK/wok_entities/LOC/dev/CR0-OCCT691-7-CR0-OCCT691-occt-64/drv/TDocStd/TDocStd_XLink.jxx
+M TDocStd:privinclude:TDocStd_XLink.ixx /misc/dn61/LocalWOK/wok_entities/LOC/dev/CR0-OCCT691-7-CR0-OCCT691-occt-64/drv/TDocStd/TDocStd_XLink.ixx
+M TDocStd:pubinclude:TDocStd_XLinkIterator.hxx /misc/dn61/LocalWOK/wok_entities/LOC/dev/CR0-OCCT691-7-CR0-OCCT691-occt-64/inc/TDocStd_XLinkIterator.hxx
+M TDocStd:privinclude:TDocStd_XLinkIterator.jxx /misc/dn61/LocalWOK/wok_entities/LOC/dev/CR0-OCCT691-7-CR0-OCCT691-occt-64/drv/TDocStd/TDocStd_XLinkIterator.jxx
+M TDocStd:privinclude:TDocStd_XLinkIterator.ixx /misc/dn61/LocalWOK/wok_entities/LOC/dev/CR0-OCCT691-7-CR0-OCCT691-occt-64/drv/TDocStd/TDocStd_XLinkIterator.ixx
+M TDocStd:pubinclude:TDocStd_XLinkTool.hxx /misc/dn61/LocalWOK/wok_entities/LOC/dev/CR0-OCCT691-7-CR0-OCCT691-occt-64/inc/TDocStd_XLinkTool.hxx
+M TDocStd:privinclude:TDocStd_XLinkTool.jxx /misc/dn61/LocalWOK/wok_entities/LOC/dev/CR0-OCCT691-7-CR0-OCCT691-occt-64/drv/TDocStd/TDocStd_XLinkTool.jxx
+M TDocStd:privinclude:TDocStd_XLinkTool.ixx /misc/dn61/LocalWOK/wok_entities/LOC/dev/CR0-OCCT691-7-CR0-OCCT691-occt-64/drv/TDocStd/TDocStd_XLinkTool.ixx
+M TDocStd:pubinclude:Handle_TDocStd_Owner.hxx /misc/dn61/LocalWOK/wok_entities/LOC/dev/CR0-OCCT691-7-CR0-OCCT691-occt-64/inc/Handle_TDocStd_Owner.hxx
+M TDocStd:pubinclude:TDocStd_Owner.hxx /misc/dn61/LocalWOK/wok_entities/LOC/dev/CR0-OCCT691-7-CR0-OCCT691-occt-64/inc/TDocStd_Owner.hxx
+M TDocStd:privinclude:TDocStd_Owner.jxx /misc/dn61/LocalWOK/wok_entities/LOC/dev/CR0-OCCT691-7-CR0-OCCT691-occt-64/drv/TDocStd/TDocStd_Owner.jxx
+M TDocStd:privinclude:TDocStd_Owner.ixx /misc/dn61/LocalWOK/wok_entities/LOC/dev/CR0-OCCT691-7-CR0-OCCT691-occt-64/drv/TDocStd/TDocStd_Owner.ixx
+M TDocStd:pubinclude:Handle_TDocStd_Modified.hxx /misc/dn61/LocalWOK/wok_entities/LOC/dev/CR0-OCCT691-7-CR0-OCCT691-occt-64/inc/Handle_TDocStd_Modified.hxx
+M TDocStd:pubinclude:TDocStd_Modified.hxx /misc/dn61/LocalWOK/wok_entities/LOC/dev/CR0-OCCT691-7-CR0-OCCT691-occt-64/inc/TDocStd_Modified.hxx
+M TDocStd:privinclude:TDocStd_Modified.jxx /misc/dn61/LocalWOK/wok_entities/LOC/dev/CR0-OCCT691-7-CR0-OCCT691-occt-64/drv/TDocStd/TDocStd_Modified.jxx
+M TDocStd:privinclude:TDocStd_Modified.ixx /misc/dn61/LocalWOK/wok_entities/LOC/dev/CR0-OCCT691-7-CR0-OCCT691-occt-64/drv/TDocStd/TDocStd_Modified.ixx
+M TDocStd:pubinclude:Handle_TDocStd_XLinkRoot.hxx /misc/dn61/LocalWOK/wok_entities/LOC/dev/CR0-OCCT691-7-CR0-OCCT691-occt-64/inc/Handle_TDocStd_XLinkRoot.hxx
+M TDocStd:pubinclude:TDocStd_XLinkRoot.hxx /misc/dn61/LocalWOK/wok_entities/LOC/dev/CR0-OCCT691-7-CR0-OCCT691-occt-64/inc/TDocStd_XLinkRoot.hxx
+M TDocStd:privinclude:TDocStd_XLinkRoot.jxx /misc/dn61/LocalWOK/wok_entities/LOC/dev/CR0-OCCT691-7-CR0-OCCT691-occt-64/drv/TDocStd/TDocStd_XLinkRoot.jxx
+M TDocStd:privinclude:TDocStd_XLinkRoot.ixx /misc/dn61/LocalWOK/wok_entities/LOC/dev/CR0-OCCT691-7-CR0-OCCT691-occt-64/drv/TDocStd/TDocStd_XLinkRoot.ixx
+M TDocStd:pubinclude:TDocStd_PathParser.hxx /misc/dn61/LocalWOK/wok_entities/LOC/dev/CR0-OCCT691-7-CR0-OCCT691-occt-64/inc/TDocStd_PathParser.hxx
+M TDocStd:privinclude:TDocStd_PathParser.jxx /misc/dn61/LocalWOK/wok_entities/LOC/dev/CR0-OCCT691-7-CR0-OCCT691-occt-64/drv/TDocStd/TDocStd_PathParser.jxx
+M TDocStd:privinclude:TDocStd_PathParser.ixx /misc/dn61/LocalWOK/wok_entities/LOC/dev/CR0-OCCT691-7-CR0-OCCT691-occt-64/drv/TDocStd/TDocStd_PathParser.ixx
+M TDocStd:pubinclude:Handle_TDocStd_CompoundDelta.hxx /misc/dn61/LocalWOK/wok_entities/LOC/dev/CR0-OCCT691-7-CR0-OCCT691-occt-64/inc/Handle_TDocStd_CompoundDelta.hxx
+M TDocStd:pubinclude:TDocStd_CompoundDelta.hxx /misc/dn61/LocalWOK/wok_entities/LOC/dev/CR0-OCCT691-7-CR0-OCCT691-occt-64/inc/TDocStd_CompoundDelta.hxx
+M TDocStd:privinclude:TDocStd_CompoundDelta.jxx /misc/dn61/LocalWOK/wok_entities/LOC/dev/CR0-OCCT691-7-CR0-OCCT691-occt-64/drv/TDocStd/TDocStd_CompoundDelta.jxx
+M TDocStd:privinclude:TDocStd_CompoundDelta.ixx /misc/dn61/LocalWOK/wok_entities/LOC/dev/CR0-OCCT691-7-CR0-OCCT691-occt-64/drv/TDocStd/TDocStd_CompoundDelta.ixx
+M TDocStd:pubinclude:TDocStd_LabelIDMapDataMap.hxx /misc/dn61/LocalWOK/wok_entities/LOC/dev/CR0-OCCT691-7-CR0-OCCT691-occt-64/inc/TDocStd_LabelIDMapDataMap.hxx
+M TDocStd:derivated:TDocStd_LabelIDMapDataMap_0.cxx /misc/dn61/LocalWOK/wok_entities/LOC/dev/CR0-OCCT691-7-CR0-OCCT691-occt-64/drv/TDocStd/TDocStd_LabelIDMapDataMap_0.cxx
+M TDocStd:pubinclude:Handle_TDocStd_ApplicationDelta.hxx /misc/dn61/LocalWOK/wok_entities/LOC/dev/CR0-OCCT691-7-CR0-OCCT691-occt-64/inc/Handle_TDocStd_ApplicationDelta.hxx
+M TDocStd:pubinclude:TDocStd_ApplicationDelta.hxx /misc/dn61/LocalWOK/wok_entities/LOC/dev/CR0-OCCT691-7-CR0-OCCT691-occt-64/inc/TDocStd_ApplicationDelta.hxx
+M TDocStd:privinclude:TDocStd_ApplicationDelta.jxx /misc/dn61/LocalWOK/wok_entities/LOC/dev/CR0-OCCT691-7-CR0-OCCT691-occt-64/drv/TDocStd/TDocStd_ApplicationDelta.jxx
+M TDocStd:privinclude:TDocStd_ApplicationDelta.ixx /misc/dn61/LocalWOK/wok_entities/LOC/dev/CR0-OCCT691-7-CR0-OCCT691-occt-64/drv/TDocStd/TDocStd_ApplicationDelta.ixx
+M TDocStd:pubinclude:Handle_TDocStd_MultiTransactionManager.hxx /misc/dn61/LocalWOK/wok_entities/LOC/dev/CR0-OCCT691-7-CR0-OCCT691-occt-64/inc/Handle_TDocStd_MultiTransactionManager.hxx
+M TDocStd:pubinclude:TDocStd_MultiTransactionManager.hxx /misc/dn61/LocalWOK/wok_entities/LOC/dev/CR0-OCCT691-7-CR0-OCCT691-occt-64/inc/TDocStd_MultiTransactionManager.hxx
+M TDocStd:privinclude:TDocStd_MultiTransactionManager.jxx /misc/dn61/LocalWOK/wok_entities/LOC/dev/CR0-OCCT691-7-CR0-OCCT691-occt-64/drv/TDocStd/TDocStd_MultiTransactionManager.jxx
+M TDocStd:privinclude:TDocStd_MultiTransactionManager.ixx /misc/dn61/LocalWOK/wok_entities/LOC/dev/CR0-OCCT691-7-CR0-OCCT691-occt-64/drv/TDocStd/TDocStd_MultiTransactionManager.ixx
+M TDocStd:pubinclude:TDocStd_SequenceOfApplicationDelta.hxx /misc/dn61/LocalWOK/wok_entities/LOC/dev/CR0-OCCT691-7-CR0-OCCT691-occt-64/inc/TDocStd_SequenceOfApplicationDelta.hxx
+M TDocStd:derivated:TDocStd_SequenceOfApplicationDelta_0.cxx /misc/dn61/LocalWOK/wok_entities/LOC/dev/CR0-OCCT691-7-CR0-OCCT691-occt-64/drv/TDocStd/TDocStd_SequenceOfApplicationDelta_0.cxx
+M TDocStd:pubinclude:TDocStd_SequenceOfDocument.hxx /misc/dn61/LocalWOK/wok_entities/LOC/dev/CR0-OCCT691-7-CR0-OCCT691-occt-64/inc/TDocStd_SequenceOfDocument.hxx
+M TDocStd:derivated:TDocStd_SequenceOfDocument_0.cxx /misc/dn61/LocalWOK/wok_entities/LOC/dev/CR0-OCCT691-7-CR0-OCCT691-occt-64/drv/TDocStd/TDocStd_SequenceOfDocument_0.cxx
+M TDocStd:pubinclude:Handle_TDocStd_DataMapNodeOfLabelIDMapDataMap.hxx /misc/dn61/LocalWOK/wok_entities/LOC/dev/CR0-OCCT691-7-CR0-OCCT691-occt-64/inc/Handle_TDocStd_DataMapNodeOfLabelIDMapDataMap.hxx
+M TDocStd:pubinclude:TDocStd_DataMapNodeOfLabelIDMapDataMap.hxx /misc/dn61/LocalWOK/wok_entities/LOC/dev/CR0-OCCT691-7-CR0-OCCT691-occt-64/inc/TDocStd_DataMapNodeOfLabelIDMapDataMap.hxx
+M TDocStd:derivated:TDocStd_DataMapNodeOfLabelIDMapDataMap_0.cxx /misc/dn61/LocalWOK/wok_entities/LOC/dev/CR0-OCCT691-7-CR0-OCCT691-occt-64/drv/TDocStd/TDocStd_DataMapNodeOfLabelIDMapDataMap_0.cxx
+M TDocStd:pubinclude:TDocStd_DataMapIteratorOfLabelIDMapDataMap.hxx /misc/dn61/LocalWOK/wok_entities/LOC/dev/CR0-OCCT691-7-CR0-OCCT691-occt-64/inc/TDocStd_DataMapIteratorOfLabelIDMapDataMap.hxx
+M TDocStd:derivated:TDocStd_DataMapIteratorOfLabelIDMapDataMap_0.cxx /misc/dn61/LocalWOK/wok_entities/LOC/dev/CR0-OCCT691-7-CR0-OCCT691-occt-64/drv/TDocStd/TDocStd_DataMapIteratorOfLabelIDMapDataMap_0.cxx
+M TDocStd:pubinclude:Handle_TDocStd_SequenceNodeOfSequenceOfApplicationDelta.hxx /misc/dn61/LocalWOK/wok_entities/LOC/dev/CR0-OCCT691-7-CR0-OCCT691-occt-64/inc/Handle_TDocStd_SequenceNodeOfSequenceOfApplicationDelta.hxx
+M TDocStd:pubinclude:TDocStd_SequenceNodeOfSequenceOfApplicationDelta.hxx /misc/dn61/LocalWOK/wok_entities/LOC/dev/CR0-OCCT691-7-CR0-OCCT691-occt-64/inc/TDocStd_SequenceNodeOfSequenceOfApplicationDelta.hxx
+M TDocStd:derivated:TDocStd_SequenceNodeOfSequenceOfApplicationDelta_0.cxx /misc/dn61/LocalWOK/wok_entities/LOC/dev/CR0-OCCT691-7-CR0-OCCT691-occt-64/drv/TDocStd/TDocStd_SequenceNodeOfSequenceOfApplicationDelta_0.cxx
+M TDocStd:pubinclude:Handle_TDocStd_SequenceNodeOfSequenceOfDocument.hxx /misc/dn61/LocalWOK/wok_entities/LOC/dev/CR0-OCCT691-7-CR0-OCCT691-occt-64/inc/Handle_TDocStd_SequenceNodeOfSequenceOfDocument.hxx
+M TDocStd:pubinclude:TDocStd_SequenceNodeOfSequenceOfDocument.hxx /misc/dn61/LocalWOK/wok_entities/LOC/dev/CR0-OCCT691-7-CR0-OCCT691-occt-64/inc/TDocStd_SequenceNodeOfSequenceOfDocument.hxx
+M TDocStd:derivated:TDocStd_SequenceNodeOfSequenceOfDocument_0.cxx /misc/dn61/LocalWOK/wok_entities/LOC/dev/CR0-OCCT691-7-CR0-OCCT691-occt-64/drv/TDocStd/TDocStd_SequenceNodeOfSequenceOfDocument_0.cxx
+M TDocStd:pubinclude:TDocStd_XLinkPtr.hxx /misc/dn61/LocalWOK/wok_entities/LOC/dev/CR0-OCCT691-7-CR0-OCCT691-occt-64/inc/TDocStd_XLinkPtr.hxx
+M TDocStd:dbadmfile:TDocStd_xcpp_header.In /misc/dn61/LocalWOK/wok_entities/LOC/dev/CR0-OCCT691-7-CR0-OCCT691-occt-64/drv/TDocStd/.adm/TDocStd_xcpp_header.In
+M TDocStd:dbadmfile:TDocStd_xcpp_header.Out /misc/dn61/LocalWOK/wok_entities/LOC/dev/CR0-OCCT691-7-CR0-OCCT691-occt-64/drv/TDocStd/.adm/TDocStd_xcpp_header.Out
+M TDocStd:dbadmfile:TDocStd_xcpp_header.Dep /misc/dn61/LocalWOK/wok_entities/LOC/dev/CR0-OCCT691-7-CR0-OCCT691-occt-64/drv/TDocStd/.adm/TDocStd_xcpp_header.Dep
