+M Geom2dLProp:pubinclude:Geom2dLProp_Curve2dTool.hxx /misc/dn61/LocalWOK/wok_entities/LOC/dev/CR0-OCCT691-7-CR0-OCCT691-occt-64/inc/Geom2dLProp_Curve2dTool.hxx
+M Geom2dLProp:privinclude:Geom2dLProp_Curve2dTool.jxx /misc/dn61/LocalWOK/wok_entities/LOC/dev/CR0-OCCT691-7-CR0-OCCT691-occt-64/drv/Geom2dLProp/Geom2dLProp_Curve2dTool.jxx
+M Geom2dLProp:privinclude:Geom2dLProp_Curve2dTool.ixx /misc/dn61/LocalWOK/wok_entities/LOC/dev/CR0-OCCT691-7-CR0-OCCT691-occt-64/drv/Geom2dLProp/Geom2dLProp_Curve2dTool.ixx
+M Geom2dLProp:pubinclude:Geom2dLProp_CLProps2d.hxx /misc/dn61/LocalWOK/wok_entities/LOC/dev/CR0-OCCT691-7-CR0-OCCT691-occt-64/inc/Geom2dLProp_CLProps2d.hxx
+M Geom2dLProp:derivated:Geom2dLProp_CLProps2d_0.cxx /misc/dn61/LocalWOK/wok_entities/LOC/dev/CR0-OCCT691-7-CR0-OCCT691-occt-64/drv/Geom2dLProp/Geom2dLProp_CLProps2d_0.cxx
+M Geom2dLProp:pubinclude:Geom2dLProp_CurAndInf2d.hxx /misc/dn61/LocalWOK/wok_entities/LOC/dev/CR0-OCCT691-7-CR0-OCCT691-occt-64/inc/Geom2dLProp_CurAndInf2d.hxx
+M Geom2dLProp:privinclude:Geom2dLProp_CurAndInf2d.jxx /misc/dn61/LocalWOK/wok_entities/LOC/dev/CR0-OCCT691-7-CR0-OCCT691-occt-64/drv/Geom2dLProp/Geom2dLProp_CurAndInf2d.jxx
+M Geom2dLProp:privinclude:Geom2dLProp_CurAndInf2d.ixx /misc/dn61/LocalWOK/wok_entities/LOC/dev/CR0-OCCT691-7-CR0-OCCT691-occt-64/drv/Geom2dLProp/Geom2dLProp_CurAndInf2d.ixx
+M Geom2dLProp:pubinclude:Geom2dLProp_FuncCurExt.hxx /misc/dn61/LocalWOK/wok_entities/LOC/dev/CR0-OCCT691-7-CR0-OCCT691-occt-64/inc/Geom2dLProp_FuncCurExt.hxx
+M Geom2dLProp:privinclude:Geom2dLProp_FuncCurExt.jxx /misc/dn61/LocalWOK/wok_entities/LOC/dev/CR0-OCCT691-7-CR0-OCCT691-occt-64/drv/Geom2dLProp/Geom2dLProp_FuncCurExt.jxx
+M Geom2dLProp:privinclude:Geom2dLProp_FuncCurExt.ixx /misc/dn61/LocalWOK/wok_entities/LOC/dev/CR0-OCCT691-7-CR0-OCCT691-occt-64/drv/Geom2dLProp/Geom2dLProp_FuncCurExt.ixx
+M Geom2dLProp:pubinclude:Geom2dLProp_FuncCurNul.hxx /misc/dn61/LocalWOK/wok_entities/LOC/dev/CR0-OCCT691-7-CR0-OCCT691-occt-64/inc/Geom2dLProp_FuncCurNul.hxx
+M Geom2dLProp:privinclude:Geom2dLProp_FuncCurNul.jxx /misc/dn61/LocalWOK/wok_entities/LOC/dev/CR0-OCCT691-7-CR0-OCCT691-occt-64/drv/Geom2dLProp/Geom2dLProp_FuncCurNul.jxx
+M Geom2dLProp:privinclude:Geom2dLProp_FuncCurNul.ixx /misc/dn61/LocalWOK/wok_entities/LOC/dev/CR0-OCCT691-7-CR0-OCCT691-occt-64/drv/Geom2dLProp/Geom2dLProp_FuncCurNul.ixx
+M Geom2dLProp:pubinclude:Geom2dLProp_NumericCurInf2d.hxx /misc/dn61/LocalWOK/wok_entities/LOC/dev/CR0-OCCT691-7-CR0-OCCT691-occt-64/inc/Geom2dLProp_NumericCurInf2d.hxx
+M Geom2dLProp:privinclude:Geom2dLProp_NumericCurInf2d.jxx /misc/dn61/LocalWOK/wok_entities/LOC/dev/CR0-OCCT691-7-CR0-OCCT691-occt-64/drv/Geom2dLProp/Geom2dLProp_NumericCurInf2d.jxx
+M Geom2dLProp:privinclude:Geom2dLProp_NumericCurInf2d.ixx /misc/dn61/LocalWOK/wok_entities/LOC/dev/CR0-OCCT691-7-CR0-OCCT691-occt-64/drv/Geom2dLProp/Geom2dLProp_NumericCurInf2d.ixx
+M Geom2dLProp:dbadmfile:Geom2dLProp_xcpp_header.In /misc/dn61/LocalWOK/wok_entities/LOC/dev/CR0-OCCT691-7-CR0-OCCT691-occt-64/drv/Geom2dLProp/.adm/Geom2dLProp_xcpp_header.In
+M Geom2dLProp:dbadmfile:Geom2dLProp_xcpp_header.Out /misc/dn61/LocalWOK/wok_entities/LOC/dev/CR0-OCCT691-7-CR0-OCCT691-occt-64/drv/Geom2dLProp/.adm/Geom2dLProp_xcpp_header.Out
+M Geom2dLProp:dbadmfile:Geom2dLProp_xcpp_header.Dep /misc/dn61/LocalWOK/wok_entities/LOC/dev/CR0-OCCT691-7-CR0-OCCT691-occt-64/drv/Geom2dLProp/.adm/Geom2dLProp_xcpp_header.Dep
