+M BinMDataXtd:pubinclude:BinMDataXtd.hxx /misc/dn61/LocalWOK/wok_entities/LOC/dev/CR0-OCCT691-7-CR0-OCCT691-occt-64/inc/BinMDataXtd.hxx
+M BinMDataXtd:privinclude:BinMDataXtd.jxx /misc/dn61/LocalWOK/wok_entities/LOC/dev/CR0-OCCT691-7-CR0-OCCT691-occt-64/drv/BinMDataXtd/BinMDataXtd.jxx
+M BinMDataXtd:privinclude:BinMDataXtd.ixx /misc/dn61/LocalWOK/wok_entities/LOC/dev/CR0-OCCT691-7-CR0-OCCT691-occt-64/drv/BinMDataXtd/BinMDataXtd.ixx
+M BinMDataXtd:pubinclude:Handle_BinMDataXtd_PointDriver.hxx /misc/dn61/LocalWOK/wok_entities/LOC/dev/CR0-OCCT691-7-CR0-OCCT691-occt-64/inc/Handle_BinMDataXtd_PointDriver.hxx
+M BinMDataXtd:pubinclude:BinMDataXtd_PointDriver.hxx /misc/dn61/LocalWOK/wok_entities/LOC/dev/CR0-OCCT691-7-CR0-OCCT691-occt-64/inc/BinMDataXtd_PointDriver.hxx
+M BinMDataXtd:privinclude:BinMDataXtd_PointDriver.jxx /misc/dn61/LocalWOK/wok_entities/LOC/dev/CR0-OCCT691-7-CR0-OCCT691-occt-64/drv/BinMDataXtd/BinMDataXtd_PointDriver.jxx
+M BinMDataXtd:privinclude:BinMDataXtd_PointDriver.ixx /misc/dn61/LocalWOK/wok_entities/LOC/dev/CR0-OCCT691-7-CR0-OCCT691-occt-64/drv/BinMDataXtd/BinMDataXtd_PointDriver.ixx
+M BinMDataXtd:pubinclude:Handle_BinMDataXtd_AxisDriver.hxx /misc/dn61/LocalWOK/wok_entities/LOC/dev/CR0-OCCT691-7-CR0-OCCT691-occt-64/inc/Handle_BinMDataXtd_AxisDriver.hxx
+M BinMDataXtd:pubinclude:BinMDataXtd_AxisDriver.hxx /misc/dn61/LocalWOK/wok_entities/LOC/dev/CR0-OCCT691-7-CR0-OCCT691-occt-64/inc/BinMDataXtd_AxisDriver.hxx
+M BinMDataXtd:privinclude:BinMDataXtd_AxisDriver.jxx /misc/dn61/LocalWOK/wok_entities/LOC/dev/CR0-OCCT691-7-CR0-OCCT691-occt-64/drv/BinMDataXtd/BinMDataXtd_AxisDriver.jxx
+M BinMDataXtd:privinclude:BinMDataXtd_AxisDriver.ixx /misc/dn61/LocalWOK/wok_entities/LOC/dev/CR0-OCCT691-7-CR0-OCCT691-occt-64/drv/BinMDataXtd/BinMDataXtd_AxisDriver.ixx
+M BinMDataXtd:pubinclude:Handle_BinMDataXtd_PlaneDriver.hxx /misc/dn61/LocalWOK/wok_entities/LOC/dev/CR0-OCCT691-7-CR0-OCCT691-occt-64/inc/Handle_BinMDataXtd_PlaneDriver.hxx
+M BinMDataXtd:pubinclude:BinMDataXtd_PlaneDriver.hxx /misc/dn61/LocalWOK/wok_entities/LOC/dev/CR0-OCCT691-7-CR0-OCCT691-occt-64/inc/BinMDataXtd_PlaneDriver.hxx
+M BinMDataXtd:privinclude:BinMDataXtd_PlaneDriver.jxx /misc/dn61/LocalWOK/wok_entities/LOC/dev/CR0-OCCT691-7-CR0-OCCT691-occt-64/drv/BinMDataXtd/BinMDataXtd_PlaneDriver.jxx
+M BinMDataXtd:privinclude:BinMDataXtd_PlaneDriver.ixx /misc/dn61/LocalWOK/wok_entities/LOC/dev/CR0-OCCT691-7-CR0-OCCT691-occt-64/drv/BinMDataXtd/BinMDataXtd_PlaneDriver.ixx
+M BinMDataXtd:pubinclude:Handle_BinMDataXtd_GeometryDriver.hxx /misc/dn61/LocalWOK/wok_entities/LOC/dev/CR0-OCCT691-7-CR0-OCCT691-occt-64/inc/Handle_BinMDataXtd_GeometryDriver.hxx
+M BinMDataXtd:pubinclude:BinMDataXtd_GeometryDriver.hxx /misc/dn61/LocalWOK/wok_entities/LOC/dev/CR0-OCCT691-7-CR0-OCCT691-occt-64/inc/BinMDataXtd_GeometryDriver.hxx
+M BinMDataXtd:privinclude:BinMDataXtd_GeometryDriver.jxx /misc/dn61/LocalWOK/wok_entities/LOC/dev/CR0-OCCT691-7-CR0-OCCT691-occt-64/drv/BinMDataXtd/BinMDataXtd_GeometryDriver.jxx
+M BinMDataXtd:privinclude:BinMDataXtd_GeometryDriver.ixx /misc/dn61/LocalWOK/wok_entities/LOC/dev/CR0-OCCT691-7-CR0-OCCT691-occt-64/drv/BinMDataXtd/BinMDataXtd_GeometryDriver.ixx
+M BinMDataXtd:pubinclude:Handle_BinMDataXtd_ConstraintDriver.hxx /misc/dn61/LocalWOK/wok_entities/LOC/dev/CR0-OCCT691-7-CR0-OCCT691-occt-64/inc/Handle_BinMDataXtd_ConstraintDriver.hxx
+M BinMDataXtd:pubinclude:BinMDataXtd_ConstraintDriver.hxx /misc/dn61/LocalWOK/wok_entities/LOC/dev/CR0-OCCT691-7-CR0-OCCT691-occt-64/inc/BinMDataXtd_ConstraintDriver.hxx
+M BinMDataXtd:privinclude:BinMDataXtd_ConstraintDriver.jxx /misc/dn61/LocalWOK/wok_entities/LOC/dev/CR0-OCCT691-7-CR0-OCCT691-occt-64/drv/BinMDataXtd/BinMDataXtd_ConstraintDriver.jxx
+M BinMDataXtd:privinclude:BinMDataXtd_ConstraintDriver.ixx /misc/dn61/LocalWOK/wok_entities/LOC/dev/CR0-OCCT691-7-CR0-OCCT691-occt-64/drv/BinMDataXtd/BinMDataXtd_ConstraintDriver.ixx
+M BinMDataXtd:pubinclude:Handle_BinMDataXtd_PlacementDriver.hxx /misc/dn61/LocalWOK/wok_entities/LOC/dev/CR0-OCCT691-7-CR0-OCCT691-occt-64/inc/Handle_BinMDataXtd_PlacementDriver.hxx
+M BinMDataXtd:pubinclude:BinMDataXtd_PlacementDriver.hxx /misc/dn61/LocalWOK/wok_entities/LOC/dev/CR0-OCCT691-7-CR0-OCCT691-occt-64/inc/BinMDataXtd_PlacementDriver.hxx
+M BinMDataXtd:privinclude:BinMDataXtd_PlacementDriver.jxx /misc/dn61/LocalWOK/wok_entities/LOC/dev/CR0-OCCT691-7-CR0-OCCT691-occt-64/drv/BinMDataXtd/BinMDataXtd_PlacementDriver.jxx
+M BinMDataXtd:privinclude:BinMDataXtd_PlacementDriver.ixx /misc/dn61/LocalWOK/wok_entities/LOC/dev/CR0-OCCT691-7-CR0-OCCT691-occt-64/drv/BinMDataXtd/BinMDataXtd_PlacementDriver.ixx
+M BinMDataXtd:pubinclude:Handle_BinMDataXtd_PatternStdDriver.hxx /misc/dn61/LocalWOK/wok_entities/LOC/dev/CR0-OCCT691-7-CR0-OCCT691-occt-64/inc/Handle_BinMDataXtd_PatternStdDriver.hxx
+M BinMDataXtd:pubinclude:BinMDataXtd_PatternStdDriver.hxx /misc/dn61/LocalWOK/wok_entities/LOC/dev/CR0-OCCT691-7-CR0-OCCT691-occt-64/inc/BinMDataXtd_PatternStdDriver.hxx
+M BinMDataXtd:privinclude:BinMDataXtd_PatternStdDriver.jxx /misc/dn61/LocalWOK/wok_entities/LOC/dev/CR0-OCCT691-7-CR0-OCCT691-occt-64/drv/BinMDataXtd/BinMDataXtd_PatternStdDriver.jxx
+M BinMDataXtd:privinclude:BinMDataXtd_PatternStdDriver.ixx /misc/dn61/LocalWOK/wok_entities/LOC/dev/CR0-OCCT691-7-CR0-OCCT691-occt-64/drv/BinMDataXtd/BinMDataXtd_PatternStdDriver.ixx
+M BinMDataXtd:pubinclude:Handle_BinMDataXtd_ShapeDriver.hxx /misc/dn61/LocalWOK/wok_entities/LOC/dev/CR0-OCCT691-7-CR0-OCCT691-occt-64/inc/Handle_BinMDataXtd_ShapeDriver.hxx
+M BinMDataXtd:pubinclude:BinMDataXtd_ShapeDriver.hxx /misc/dn61/LocalWOK/wok_entities/LOC/dev/CR0-OCCT691-7-CR0-OCCT691-occt-64/inc/BinMDataXtd_ShapeDriver.hxx
+M BinMDataXtd:privinclude:BinMDataXtd_ShapeDriver.jxx /misc/dn61/LocalWOK/wok_entities/LOC/dev/CR0-OCCT691-7-CR0-OCCT691-occt-64/drv/BinMDataXtd/BinMDataXtd_ShapeDriver.jxx
+M BinMDataXtd:privinclude:BinMDataXtd_ShapeDriver.ixx /misc/dn61/LocalWOK/wok_entities/LOC/dev/CR0-OCCT691-7-CR0-OCCT691-occt-64/drv/BinMDataXtd/BinMDataXtd_ShapeDriver.ixx
+M BinMDataXtd:dbadmfile:BinMDataXtd_xcpp_header.In /misc/dn61/LocalWOK/wok_entities/LOC/dev/CR0-OCCT691-7-CR0-OCCT691-occt-64/drv/BinMDataXtd/.adm/BinMDataXtd_xcpp_header.In
+M BinMDataXtd:dbadmfile:BinMDataXtd_xcpp_header.Out /misc/dn61/LocalWOK/wok_entities/LOC/dev/CR0-OCCT691-7-CR0-OCCT691-occt-64/drv/BinMDataXtd/.adm/BinMDataXtd_xcpp_header.Out
+M BinMDataXtd:dbadmfile:BinMDataXtd_xcpp_header.Dep /misc/dn61/LocalWOK/wok_entities/LOC/dev/CR0-OCCT691-7-CR0-OCCT691-occt-64/drv/BinMDataXtd/.adm/BinMDataXtd_xcpp_header.Dep
