+M STEPConstruct:pubinclude:STEPConstruct.hxx /misc/dn61/LocalWOK/wok_entities/LOC/dev/CR0-OCCT691-7-CR0-OCCT691-occt-64/inc/STEPConstruct.hxx
+M STEPConstruct:privinclude:STEPConstruct.jxx /misc/dn61/LocalWOK/wok_entities/LOC/dev/CR0-OCCT691-7-CR0-OCCT691-occt-64/drv/STEPConstruct/STEPConstruct.jxx
+M STEPConstruct:privinclude:STEPConstruct.ixx /misc/dn61/LocalWOK/wok_entities/LOC/dev/CR0-OCCT691-7-CR0-OCCT691-occt-64/drv/STEPConstruct/STEPConstruct.ixx
+M STEPConstruct:pubinclude:STEPConstruct_Tool.hxx /misc/dn61/LocalWOK/wok_entities/LOC/dev/CR0-OCCT691-7-CR0-OCCT691-occt-64/inc/STEPConstruct_Tool.hxx
+M STEPConstruct:privinclude:STEPConstruct_Tool.jxx /misc/dn61/LocalWOK/wok_entities/LOC/dev/CR0-OCCT691-7-CR0-OCCT691-occt-64/drv/STEPConstruct/STEPConstruct_Tool.jxx
+M STEPConstruct:privinclude:STEPConstruct_Tool.ixx /misc/dn61/LocalWOK/wok_entities/LOC/dev/CR0-OCCT691-7-CR0-OCCT691-occt-64/drv/STEPConstruct/STEPConstruct_Tool.ixx
+M STEPConstruct:pubinclude:STEPConstruct_UnitContext.hxx /misc/dn61/LocalWOK/wok_entities/LOC/dev/CR0-OCCT691-7-CR0-OCCT691-occt-64/inc/STEPConstruct_UnitContext.hxx
+M STEPConstruct:privinclude:STEPConstruct_UnitContext.jxx /misc/dn61/LocalWOK/wok_entities/LOC/dev/CR0-OCCT691-7-CR0-OCCT691-occt-64/drv/STEPConstruct/STEPConstruct_UnitContext.jxx
+M STEPConstruct:privinclude:STEPConstruct_UnitContext.ixx /misc/dn61/LocalWOK/wok_entities/LOC/dev/CR0-OCCT691-7-CR0-OCCT691-occt-64/drv/STEPConstruct/STEPConstruct_UnitContext.ixx
+M STEPConstruct:pubinclude:STEPConstruct_Part.hxx /misc/dn61/LocalWOK/wok_entities/LOC/dev/CR0-OCCT691-7-CR0-OCCT691-occt-64/inc/STEPConstruct_Part.hxx
+M STEPConstruct:privinclude:STEPConstruct_Part.jxx /misc/dn61/LocalWOK/wok_entities/LOC/dev/CR0-OCCT691-7-CR0-OCCT691-occt-64/drv/STEPConstruct/STEPConstruct_Part.jxx
+M STEPConstruct:privinclude:STEPConstruct_Part.ixx /misc/dn61/LocalWOK/wok_entities/LOC/dev/CR0-OCCT691-7-CR0-OCCT691-occt-64/drv/STEPConstruct/STEPConstruct_Part.ixx
+M STEPConstruct:pubinclude:STEPConstruct_Assembly.hxx /misc/dn61/LocalWOK/wok_entities/LOC/dev/CR0-OCCT691-7-CR0-OCCT691-occt-64/inc/STEPConstruct_Assembly.hxx
+M STEPConstruct:privinclude:STEPConstruct_Assembly.jxx /misc/dn61/LocalWOK/wok_entities/LOC/dev/CR0-OCCT691-7-CR0-OCCT691-occt-64/drv/STEPConstruct/STEPConstruct_Assembly.jxx
+M STEPConstruct:privinclude:STEPConstruct_Assembly.ixx /misc/dn61/LocalWOK/wok_entities/LOC/dev/CR0-OCCT691-7-CR0-OCCT691-occt-64/drv/STEPConstruct/STEPConstruct_Assembly.ixx
+M STEPConstruct:pubinclude:STEPConstruct_Styles.hxx /misc/dn61/LocalWOK/wok_entities/LOC/dev/CR0-OCCT691-7-CR0-OCCT691-occt-64/inc/STEPConstruct_Styles.hxx
+M STEPConstruct:privinclude:STEPConstruct_Styles.jxx /misc/dn61/LocalWOK/wok_entities/LOC/dev/CR0-OCCT691-7-CR0-OCCT691-occt-64/drv/STEPConstruct/STEPConstruct_Styles.jxx
+M STEPConstruct:privinclude:STEPConstruct_Styles.ixx /misc/dn61/LocalWOK/wok_entities/LOC/dev/CR0-OCCT691-7-CR0-OCCT691-occt-64/drv/STEPConstruct/STEPConstruct_Styles.ixx
+M STEPConstruct:pubinclude:STEPConstruct_ValidationProps.hxx /misc/dn61/LocalWOK/wok_entities/LOC/dev/CR0-OCCT691-7-CR0-OCCT691-occt-64/inc/STEPConstruct_ValidationProps.hxx
+M STEPConstruct:privinclude:STEPConstruct_ValidationProps.jxx /misc/dn61/LocalWOK/wok_entities/LOC/dev/CR0-OCCT691-7-CR0-OCCT691-occt-64/drv/STEPConstruct/STEPConstruct_ValidationProps.jxx
+M STEPConstruct:privinclude:STEPConstruct_ValidationProps.ixx /misc/dn61/LocalWOK/wok_entities/LOC/dev/CR0-OCCT691-7-CR0-OCCT691-occt-64/drv/STEPConstruct/STEPConstruct_ValidationProps.ixx
+M STEPConstruct:pubinclude:STEPConstruct_ExternRefs.hxx /misc/dn61/LocalWOK/wok_entities/LOC/dev/CR0-OCCT691-7-CR0-OCCT691-occt-64/inc/STEPConstruct_ExternRefs.hxx
+M STEPConstruct:privinclude:STEPConstruct_ExternRefs.jxx /misc/dn61/LocalWOK/wok_entities/LOC/dev/CR0-OCCT691-7-CR0-OCCT691-occt-64/drv/STEPConstruct/STEPConstruct_ExternRefs.jxx
+M STEPConstruct:privinclude:STEPConstruct_ExternRefs.ixx /misc/dn61/LocalWOK/wok_entities/LOC/dev/CR0-OCCT691-7-CR0-OCCT691-occt-64/drv/STEPConstruct/STEPConstruct_ExternRefs.ixx
+M STEPConstruct:pubinclude:STEPConstruct_AP203Context.hxx /misc/dn61/LocalWOK/wok_entities/LOC/dev/CR0-OCCT691-7-CR0-OCCT691-occt-64/inc/STEPConstruct_AP203Context.hxx
+M STEPConstruct:privinclude:STEPConstruct_AP203Context.jxx /misc/dn61/LocalWOK/wok_entities/LOC/dev/CR0-OCCT691-7-CR0-OCCT691-occt-64/drv/STEPConstruct/STEPConstruct_AP203Context.jxx
+M STEPConstruct:privinclude:STEPConstruct_AP203Context.ixx /misc/dn61/LocalWOK/wok_entities/LOC/dev/CR0-OCCT691-7-CR0-OCCT691-occt-64/drv/STEPConstruct/STEPConstruct_AP203Context.ixx
+M STEPConstruct:pubinclude:STEPConstruct_ContextTool.hxx /misc/dn61/LocalWOK/wok_entities/LOC/dev/CR0-OCCT691-7-CR0-OCCT691-occt-64/inc/STEPConstruct_ContextTool.hxx
+M STEPConstruct:privinclude:STEPConstruct_ContextTool.jxx /misc/dn61/LocalWOK/wok_entities/LOC/dev/CR0-OCCT691-7-CR0-OCCT691-occt-64/drv/STEPConstruct/STEPConstruct_ContextTool.jxx
+M STEPConstruct:privinclude:STEPConstruct_ContextTool.ixx /misc/dn61/LocalWOK/wok_entities/LOC/dev/CR0-OCCT691-7-CR0-OCCT691-occt-64/drv/STEPConstruct/STEPConstruct_ContextTool.ixx
+M STEPConstruct:pubinclude:STEPConstruct_DataMapOfAsciiStringTransient.hxx /misc/dn61/LocalWOK/wok_entities/LOC/dev/CR0-OCCT691-7-CR0-OCCT691-occt-64/inc/STEPConstruct_DataMapOfAsciiStringTransient.hxx
+M STEPConstruct:derivated:STEPConstruct_DataMapOfAsciiStringTransient_0.cxx /misc/dn61/LocalWOK/wok_entities/LOC/dev/CR0-OCCT691-7-CR0-OCCT691-occt-64/drv/STEPConstruct/STEPConstruct_DataMapOfAsciiStringTransient_0.cxx
+M STEPConstruct:pubinclude:STEPConstruct_PointHasher.hxx /misc/dn61/LocalWOK/wok_entities/LOC/dev/CR0-OCCT691-7-CR0-OCCT691-occt-64/inc/STEPConstruct_PointHasher.hxx
+M STEPConstruct:privinclude:STEPConstruct_PointHasher.jxx /misc/dn61/LocalWOK/wok_entities/LOC/dev/CR0-OCCT691-7-CR0-OCCT691-occt-64/drv/STEPConstruct/STEPConstruct_PointHasher.jxx
+M STEPConstruct:privinclude:STEPConstruct_PointHasher.ixx /misc/dn61/LocalWOK/wok_entities/LOC/dev/CR0-OCCT691-7-CR0-OCCT691-occt-64/drv/STEPConstruct/STEPConstruct_PointHasher.ixx
+M STEPConstruct:pubinclude:STEPConstruct_DataMapOfPointTransient.hxx /misc/dn61/LocalWOK/wok_entities/LOC/dev/CR0-OCCT691-7-CR0-OCCT691-occt-64/inc/STEPConstruct_DataMapOfPointTransient.hxx
+M STEPConstruct:derivated:STEPConstruct_DataMapOfPointTransient_0.cxx /misc/dn61/LocalWOK/wok_entities/LOC/dev/CR0-OCCT691-7-CR0-OCCT691-occt-64/drv/STEPConstruct/STEPConstruct_DataMapOfPointTransient_0.cxx
+M STEPConstruct:pubinclude:Handle_STEPConstruct_DataMapNodeOfDataMapOfAsciiStringTransient.hxx /misc/dn61/LocalWOK/wok_entities/LOC/dev/CR0-OCCT691-7-CR0-OCCT691-occt-64/inc/Handle_STEPConstruct_DataMapNodeOfDataMapOfAsciiStringTransient.hxx
+M STEPConstruct:pubinclude:STEPConstruct_DataMapNodeOfDataMapOfAsciiStringTransient.hxx /misc/dn61/LocalWOK/wok_entities/LOC/dev/CR0-OCCT691-7-CR0-OCCT691-occt-64/inc/STEPConstruct_DataMapNodeOfDataMapOfAsciiStringTransient.hxx
+M STEPConstruct:derivated:STEPConstruct_DataMapNodeOfDataMapOfAsciiStringTransient_0.cxx /misc/dn61/LocalWOK/wok_entities/LOC/dev/CR0-OCCT691-7-CR0-OCCT691-occt-64/drv/STEPConstruct/STEPConstruct_DataMapNodeOfDataMapOfAsciiStringTransient_0.cxx
+M STEPConstruct:pubinclude:STEPConstruct_DataMapIteratorOfDataMapOfAsciiStringTransient.hxx /misc/dn61/LocalWOK/wok_entities/LOC/dev/CR0-OCCT691-7-CR0-OCCT691-occt-64/inc/STEPConstruct_DataMapIteratorOfDataMapOfAsciiStringTransient.hxx
+M STEPConstruct:derivated:STEPConstruct_DataMapIteratorOfDataMapOfAsciiStringTransient_0.cxx /misc/dn61/LocalWOK/wok_entities/LOC/dev/CR0-OCCT691-7-CR0-OCCT691-occt-64/drv/STEPConstruct/STEPConstruct_DataMapIteratorOfDataMapOfAsciiStringTransient_0.cxx
+M STEPConstruct:pubinclude:Handle_STEPConstruct_DataMapNodeOfDataMapOfPointTransient.hxx /misc/dn61/LocalWOK/wok_entities/LOC/dev/CR0-OCCT691-7-CR0-OCCT691-occt-64/inc/Handle_STEPConstruct_DataMapNodeOfDataMapOfPointTransient.hxx
+M STEPConstruct:pubinclude:STEPConstruct_DataMapNodeOfDataMapOfPointTransient.hxx /misc/dn61/LocalWOK/wok_entities/LOC/dev/CR0-OCCT691-7-CR0-OCCT691-occt-64/inc/STEPConstruct_DataMapNodeOfDataMapOfPointTransient.hxx
+M STEPConstruct:derivated:STEPConstruct_DataMapNodeOfDataMapOfPointTransient_0.cxx /misc/dn61/LocalWOK/wok_entities/LOC/dev/CR0-OCCT691-7-CR0-OCCT691-occt-64/drv/STEPConstruct/STEPConstruct_DataMapNodeOfDataMapOfPointTransient_0.cxx
+M STEPConstruct:pubinclude:STEPConstruct_DataMapIteratorOfDataMapOfPointTransient.hxx /misc/dn61/LocalWOK/wok_entities/LOC/dev/CR0-OCCT691-7-CR0-OCCT691-occt-64/inc/STEPConstruct_DataMapIteratorOfDataMapOfPointTransient.hxx
+M STEPConstruct:derivated:STEPConstruct_DataMapIteratorOfDataMapOfPointTransient_0.cxx /misc/dn61/LocalWOK/wok_entities/LOC/dev/CR0-OCCT691-7-CR0-OCCT691-occt-64/drv/STEPConstruct/STEPConstruct_DataMapIteratorOfDataMapOfPointTransient_0.cxx
+M STEPConstruct:dbadmfile:STEPConstruct_xcpp_header.In /misc/dn61/LocalWOK/wok_entities/LOC/dev/CR0-OCCT691-7-CR0-OCCT691-occt-64/drv/STEPConstruct/.adm/STEPConstruct_xcpp_header.In
+M STEPConstruct:dbadmfile:STEPConstruct_xcpp_header.Out /misc/dn61/LocalWOK/wok_entities/LOC/dev/CR0-OCCT691-7-CR0-OCCT691-occt-64/drv/STEPConstruct/.adm/STEPConstruct_xcpp_header.Out
+M STEPConstruct:dbadmfile:STEPConstruct_xcpp_header.Dep /misc/dn61/LocalWOK/wok_entities/LOC/dev/CR0-OCCT691-7-CR0-OCCT691-occt-64/drv/STEPConstruct/.adm/STEPConstruct_xcpp_header.Dep
