+M MAT2d:pubinclude:MAT2d_SketchExplorer.hxx /misc/dn61/LocalWOK/wok_entities/LOC/dev/CR0-OCCT691-7-CR0-OCCT691-occt-64/inc/MAT2d_SketchExplorer.hxx
+M MAT2d:privinclude:MAT2d_SketchExplorer.jxx /misc/dn61/LocalWOK/wok_entities/LOC/dev/CR0-OCCT691-7-CR0-OCCT691-occt-64/drv/MAT2d/MAT2d_SketchExplorer.jxx
+M MAT2d:privinclude:MAT2d_SketchExplorer.ixx /misc/dn61/LocalWOK/wok_entities/LOC/dev/CR0-OCCT691-7-CR0-OCCT691-occt-64/drv/MAT2d/MAT2d_SketchExplorer.ixx
+M MAT2d:pubinclude:MAT2d_Tool2d.hxx /misc/dn61/LocalWOK/wok_entities/LOC/dev/CR0-OCCT691-7-CR0-OCCT691-occt-64/inc/MAT2d_Tool2d.hxx
+M MAT2d:privinclude:MAT2d_Tool2d.jxx /misc/dn61/LocalWOK/wok_entities/LOC/dev/CR0-OCCT691-7-CR0-OCCT691-occt-64/drv/MAT2d/MAT2d_Tool2d.jxx
+M MAT2d:privinclude:MAT2d_Tool2d.ixx /misc/dn61/LocalWOK/wok_entities/LOC/dev/CR0-OCCT691-7-CR0-OCCT691-occt-64/drv/MAT2d/MAT2d_Tool2d.ixx
+M MAT2d:pubinclude:MAT2d_Mat2d.hxx /misc/dn61/LocalWOK/wok_entities/LOC/dev/CR0-OCCT691-7-CR0-OCCT691-occt-64/inc/MAT2d_Mat2d.hxx
+M MAT2d:privinclude:MAT2d_Mat2d.jxx /misc/dn61/LocalWOK/wok_entities/LOC/dev/CR0-OCCT691-7-CR0-OCCT691-occt-64/drv/MAT2d/MAT2d_Mat2d.jxx
+M MAT2d:privinclude:MAT2d_Mat2d.ixx /misc/dn61/LocalWOK/wok_entities/LOC/dev/CR0-OCCT691-7-CR0-OCCT691-occt-64/drv/MAT2d/MAT2d_Mat2d.ixx
+M MAT2d:pubinclude:Handle_MAT2d_Connexion.hxx /misc/dn61/LocalWOK/wok_entities/LOC/dev/CR0-OCCT691-7-CR0-OCCT691-occt-64/inc/Handle_MAT2d_Connexion.hxx
+M MAT2d:pubinclude:MAT2d_Connexion.hxx /misc/dn61/LocalWOK/wok_entities/LOC/dev/CR0-OCCT691-7-CR0-OCCT691-occt-64/inc/MAT2d_Connexion.hxx
+M MAT2d:privinclude:MAT2d_Connexion.jxx /misc/dn61/LocalWOK/wok_entities/LOC/dev/CR0-OCCT691-7-CR0-OCCT691-occt-64/drv/MAT2d/MAT2d_Connexion.jxx
+M MAT2d:privinclude:MAT2d_Connexion.ixx /misc/dn61/LocalWOK/wok_entities/LOC/dev/CR0-OCCT691-7-CR0-OCCT691-occt-64/drv/MAT2d/MAT2d_Connexion.ixx
+M MAT2d:pubinclude:MAT2d_MiniPath.hxx /misc/dn61/LocalWOK/wok_entities/LOC/dev/CR0-OCCT691-7-CR0-OCCT691-occt-64/inc/MAT2d_MiniPath.hxx
+M MAT2d:privinclude:MAT2d_MiniPath.jxx /misc/dn61/LocalWOK/wok_entities/LOC/dev/CR0-OCCT691-7-CR0-OCCT691-occt-64/drv/MAT2d/MAT2d_MiniPath.jxx
+M MAT2d:privinclude:MAT2d_MiniPath.ixx /misc/dn61/LocalWOK/wok_entities/LOC/dev/CR0-OCCT691-7-CR0-OCCT691-occt-64/drv/MAT2d/MAT2d_MiniPath.ixx
+M MAT2d:pubinclude:Handle_MAT2d_Circuit.hxx /misc/dn61/LocalWOK/wok_entities/LOC/dev/CR0-OCCT691-7-CR0-OCCT691-occt-64/inc/Handle_MAT2d_Circuit.hxx
+M MAT2d:pubinclude:MAT2d_Circuit.hxx /misc/dn61/LocalWOK/wok_entities/LOC/dev/CR0-OCCT691-7-CR0-OCCT691-occt-64/inc/MAT2d_Circuit.hxx
+M MAT2d:privinclude:MAT2d_Circuit.jxx /misc/dn61/LocalWOK/wok_entities/LOC/dev/CR0-OCCT691-7-CR0-OCCT691-occt-64/drv/MAT2d/MAT2d_Circuit.jxx
+M MAT2d:privinclude:MAT2d_Circuit.ixx /misc/dn61/LocalWOK/wok_entities/LOC/dev/CR0-OCCT691-7-CR0-OCCT691-occt-64/drv/MAT2d/MAT2d_Circuit.ixx
+M MAT2d:pubinclude:MAT2d_CutCurve.hxx /misc/dn61/LocalWOK/wok_entities/LOC/dev/CR0-OCCT691-7-CR0-OCCT691-occt-64/inc/MAT2d_CutCurve.hxx
+M MAT2d:privinclude:MAT2d_CutCurve.jxx /misc/dn61/LocalWOK/wok_entities/LOC/dev/CR0-OCCT691-7-CR0-OCCT691-occt-64/drv/MAT2d/MAT2d_CutCurve.jxx
+M MAT2d:privinclude:MAT2d_CutCurve.ixx /misc/dn61/LocalWOK/wok_entities/LOC/dev/CR0-OCCT691-7-CR0-OCCT691-occt-64/drv/MAT2d/MAT2d_CutCurve.ixx
+M MAT2d:pubinclude:MAT2d_SequenceOfConnexion.hxx /misc/dn61/LocalWOK/wok_entities/LOC/dev/CR0-OCCT691-7-CR0-OCCT691-occt-64/inc/MAT2d_SequenceOfConnexion.hxx
+M MAT2d:derivated:MAT2d_SequenceOfConnexion_0.cxx /misc/dn61/LocalWOK/wok_entities/LOC/dev/CR0-OCCT691-7-CR0-OCCT691-occt-64/drv/MAT2d/MAT2d_SequenceOfConnexion_0.cxx
+M MAT2d:pubinclude:MAT2d_DataMapOfIntegerSequenceOfConnexion.hxx /misc/dn61/LocalWOK/wok_entities/LOC/dev/CR0-OCCT691-7-CR0-OCCT691-occt-64/inc/MAT2d_DataMapOfIntegerSequenceOfConnexion.hxx
+M MAT2d:derivated:MAT2d_DataMapOfIntegerSequenceOfConnexion_0.cxx /misc/dn61/LocalWOK/wok_entities/LOC/dev/CR0-OCCT691-7-CR0-OCCT691-occt-64/drv/MAT2d/MAT2d_DataMapOfIntegerSequenceOfConnexion_0.cxx
+M MAT2d:pubinclude:MAT2d_Array2OfConnexion.hxx /misc/dn61/LocalWOK/wok_entities/LOC/dev/CR0-OCCT691-7-CR0-OCCT691-occt-64/inc/MAT2d_Array2OfConnexion.hxx
+M MAT2d:derivated:MAT2d_Array2OfConnexion_0.cxx /misc/dn61/LocalWOK/wok_entities/LOC/dev/CR0-OCCT691-7-CR0-OCCT691-occt-64/drv/MAT2d/MAT2d_Array2OfConnexion_0.cxx
+M MAT2d:pubinclude:MAT2d_DataMapOfIntegerBisec.hxx /misc/dn61/LocalWOK/wok_entities/LOC/dev/CR0-OCCT691-7-CR0-OCCT691-occt-64/inc/MAT2d_DataMapOfIntegerBisec.hxx
+M MAT2d:derivated:MAT2d_DataMapOfIntegerBisec_0.cxx /misc/dn61/LocalWOK/wok_entities/LOC/dev/CR0-OCCT691-7-CR0-OCCT691-occt-64/drv/MAT2d/MAT2d_DataMapOfIntegerBisec_0.cxx
+M MAT2d:pubinclude:MAT2d_DataMapOfIntegerPnt2d.hxx /misc/dn61/LocalWOK/wok_entities/LOC/dev/CR0-OCCT691-7-CR0-OCCT691-occt-64/inc/MAT2d_DataMapOfIntegerPnt2d.hxx
+M MAT2d:derivated:MAT2d_DataMapOfIntegerPnt2d_0.cxx /misc/dn61/LocalWOK/wok_entities/LOC/dev/CR0-OCCT691-7-CR0-OCCT691-occt-64/drv/MAT2d/MAT2d_DataMapOfIntegerPnt2d_0.cxx
+M MAT2d:pubinclude:MAT2d_DataMapOfIntegerVec2d.hxx /misc/dn61/LocalWOK/wok_entities/LOC/dev/CR0-OCCT691-7-CR0-OCCT691-occt-64/inc/MAT2d_DataMapOfIntegerVec2d.hxx
+M MAT2d:derivated:MAT2d_DataMapOfIntegerVec2d_0.cxx /misc/dn61/LocalWOK/wok_entities/LOC/dev/CR0-OCCT691-7-CR0-OCCT691-occt-64/drv/MAT2d/MAT2d_DataMapOfIntegerVec2d_0.cxx
+M MAT2d:pubinclude:MAT2d_SequenceOfSequenceOfCurve.hxx /misc/dn61/LocalWOK/wok_entities/LOC/dev/CR0-OCCT691-7-CR0-OCCT691-occt-64/inc/MAT2d_SequenceOfSequenceOfCurve.hxx
+M MAT2d:derivated:MAT2d_SequenceOfSequenceOfCurve_0.cxx /misc/dn61/LocalWOK/wok_entities/LOC/dev/CR0-OCCT691-7-CR0-OCCT691-occt-64/drv/MAT2d/MAT2d_SequenceOfSequenceOfCurve_0.cxx
+M MAT2d:pubinclude:MAT2d_SequenceOfSequenceOfGeometry.hxx /misc/dn61/LocalWOK/wok_entities/LOC/dev/CR0-OCCT691-7-CR0-OCCT691-occt-64/inc/MAT2d_SequenceOfSequenceOfGeometry.hxx
+M MAT2d:derivated:MAT2d_SequenceOfSequenceOfGeometry_0.cxx /misc/dn61/LocalWOK/wok_entities/LOC/dev/CR0-OCCT691-7-CR0-OCCT691-occt-64/drv/MAT2d/MAT2d_SequenceOfSequenceOfGeometry_0.cxx
+M MAT2d:pubinclude:MAT2d_DataMapOfIntegerConnexion.hxx /misc/dn61/LocalWOK/wok_entities/LOC/dev/CR0-OCCT691-7-CR0-OCCT691-occt-64/inc/MAT2d_DataMapOfIntegerConnexion.hxx
+M MAT2d:derivated:MAT2d_DataMapOfIntegerConnexion_0.cxx /misc/dn61/LocalWOK/wok_entities/LOC/dev/CR0-OCCT691-7-CR0-OCCT691-occt-64/drv/MAT2d/MAT2d_DataMapOfIntegerConnexion_0.cxx
+M MAT2d:pubinclude:MAT2d_BiInt.hxx /misc/dn61/LocalWOK/wok_entities/LOC/dev/CR0-OCCT691-7-CR0-OCCT691-occt-64/inc/MAT2d_BiInt.hxx
+M MAT2d:privinclude:MAT2d_BiInt.jxx /misc/dn61/LocalWOK/wok_entities/LOC/dev/CR0-OCCT691-7-CR0-OCCT691-occt-64/drv/MAT2d/MAT2d_BiInt.jxx
+M MAT2d:privinclude:MAT2d_BiInt.ixx /misc/dn61/LocalWOK/wok_entities/LOC/dev/CR0-OCCT691-7-CR0-OCCT691-occt-64/drv/MAT2d/MAT2d_BiInt.ixx
+M MAT2d:pubinclude:MAT2d_MapBiIntHasher.hxx /misc/dn61/LocalWOK/wok_entities/LOC/dev/CR0-OCCT691-7-CR0-OCCT691-occt-64/inc/MAT2d_MapBiIntHasher.hxx
+M MAT2d:privinclude:MAT2d_MapBiIntHasher.jxx /misc/dn61/LocalWOK/wok_entities/LOC/dev/CR0-OCCT691-7-CR0-OCCT691-occt-64/drv/MAT2d/MAT2d_MapBiIntHasher.jxx
+M MAT2d:privinclude:MAT2d_MapBiIntHasher.ixx /misc/dn61/LocalWOK/wok_entities/LOC/dev/CR0-OCCT691-7-CR0-OCCT691-occt-64/drv/MAT2d/MAT2d_MapBiIntHasher.ixx
+M MAT2d:pubinclude:MAT2d_DataMapOfBiIntSequenceOfInteger.hxx /misc/dn61/LocalWOK/wok_entities/LOC/dev/CR0-OCCT691-7-CR0-OCCT691-occt-64/inc/MAT2d_DataMapOfBiIntSequenceOfInteger.hxx
+M MAT2d:derivated:MAT2d_DataMapOfBiIntSequenceOfInteger_0.cxx /misc/dn61/LocalWOK/wok_entities/LOC/dev/CR0-OCCT691-7-CR0-OCCT691-occt-64/drv/MAT2d/MAT2d_DataMapOfBiIntSequenceOfInteger_0.cxx
+M MAT2d:pubinclude:MAT2d_DataMapOfBiIntInteger.hxx /misc/dn61/LocalWOK/wok_entities/LOC/dev/CR0-OCCT691-7-CR0-OCCT691-occt-64/inc/MAT2d_DataMapOfBiIntInteger.hxx
+M MAT2d:derivated:MAT2d_DataMapOfBiIntInteger_0.cxx /misc/dn61/LocalWOK/wok_entities/LOC/dev/CR0-OCCT691-7-CR0-OCCT691-occt-64/drv/MAT2d/MAT2d_DataMapOfBiIntInteger_0.cxx
+M MAT2d:pubinclude:Handle_MAT2d_SequenceNodeOfSequenceOfConnexion.hxx /misc/dn61/LocalWOK/wok_entities/LOC/dev/CR0-OCCT691-7-CR0-OCCT691-occt-64/inc/Handle_MAT2d_SequenceNodeOfSequenceOfConnexion.hxx
+M MAT2d:pubinclude:MAT2d_SequenceNodeOfSequenceOfConnexion.hxx /misc/dn61/LocalWOK/wok_entities/LOC/dev/CR0-OCCT691-7-CR0-OCCT691-occt-64/inc/MAT2d_SequenceNodeOfSequenceOfConnexion.hxx
+M MAT2d:derivated:MAT2d_SequenceNodeOfSequenceOfConnexion_0.cxx /misc/dn61/LocalWOK/wok_entities/LOC/dev/CR0-OCCT691-7-CR0-OCCT691-occt-64/drv/MAT2d/MAT2d_SequenceNodeOfSequenceOfConnexion_0.cxx
+M MAT2d:pubinclude:Handle_MAT2d_DataMapNodeOfDataMapOfIntegerSequenceOfConnexion.hxx /misc/dn61/LocalWOK/wok_entities/LOC/dev/CR0-OCCT691-7-CR0-OCCT691-occt-64/inc/Handle_MAT2d_DataMapNodeOfDataMapOfIntegerSequenceOfConnexion.hxx
+M MAT2d:pubinclude:MAT2d_DataMapNodeOfDataMapOfIntegerSequenceOfConnexion.hxx /misc/dn61/LocalWOK/wok_entities/LOC/dev/CR0-OCCT691-7-CR0-OCCT691-occt-64/inc/MAT2d_DataMapNodeOfDataMapOfIntegerSequenceOfConnexion.hxx
+M MAT2d:derivated:MAT2d_DataMapNodeOfDataMapOfIntegerSequenceOfConnexion_0.cxx /misc/dn61/LocalWOK/wok_entities/LOC/dev/CR0-OCCT691-7-CR0-OCCT691-occt-64/drv/MAT2d/MAT2d_DataMapNodeOfDataMapOfIntegerSequenceOfConnexion_0.cxx
+M MAT2d:pubinclude:MAT2d_DataMapIteratorOfDataMapOfIntegerSequenceOfConnexion.hxx /misc/dn61/LocalWOK/wok_entities/LOC/dev/CR0-OCCT691-7-CR0-OCCT691-occt-64/inc/MAT2d_DataMapIteratorOfDataMapOfIntegerSequenceOfConnexion.hxx
+M MAT2d:derivated:MAT2d_DataMapIteratorOfDataMapOfIntegerSequenceOfConnexion_0.cxx /misc/dn61/LocalWOK/wok_entities/LOC/dev/CR0-OCCT691-7-CR0-OCCT691-occt-64/drv/MAT2d/MAT2d_DataMapIteratorOfDataMapOfIntegerSequenceOfConnexion_0.cxx
+M MAT2d:pubinclude:Handle_MAT2d_DataMapNodeOfDataMapOfIntegerBisec.hxx /misc/dn61/LocalWOK/wok_entities/LOC/dev/CR0-OCCT691-7-CR0-OCCT691-occt-64/inc/Handle_MAT2d_DataMapNodeOfDataMapOfIntegerBisec.hxx
+M MAT2d:pubinclude:MAT2d_DataMapNodeOfDataMapOfIntegerBisec.hxx /misc/dn61/LocalWOK/wok_entities/LOC/dev/CR0-OCCT691-7-CR0-OCCT691-occt-64/inc/MAT2d_DataMapNodeOfDataMapOfIntegerBisec.hxx
+M MAT2d:derivated:MAT2d_DataMapNodeOfDataMapOfIntegerBisec_0.cxx /misc/dn61/LocalWOK/wok_entities/LOC/dev/CR0-OCCT691-7-CR0-OCCT691-occt-64/drv/MAT2d/MAT2d_DataMapNodeOfDataMapOfIntegerBisec_0.cxx
+M MAT2d:pubinclude:MAT2d_DataMapIteratorOfDataMapOfIntegerBisec.hxx /misc/dn61/LocalWOK/wok_entities/LOC/dev/CR0-OCCT691-7-CR0-OCCT691-occt-64/inc/MAT2d_DataMapIteratorOfDataMapOfIntegerBisec.hxx
+M MAT2d:derivated:MAT2d_DataMapIteratorOfDataMapOfIntegerBisec_0.cxx /misc/dn61/LocalWOK/wok_entities/LOC/dev/CR0-OCCT691-7-CR0-OCCT691-occt-64/drv/MAT2d/MAT2d_DataMapIteratorOfDataMapOfIntegerBisec_0.cxx
+M MAT2d:pubinclude:Handle_MAT2d_DataMapNodeOfDataMapOfIntegerPnt2d.hxx /misc/dn61/LocalWOK/wok_entities/LOC/dev/CR0-OCCT691-7-CR0-OCCT691-occt-64/inc/Handle_MAT2d_DataMapNodeOfDataMapOfIntegerPnt2d.hxx
+M MAT2d:pubinclude:MAT2d_DataMapNodeOfDataMapOfIntegerPnt2d.hxx /misc/dn61/LocalWOK/wok_entities/LOC/dev/CR0-OCCT691-7-CR0-OCCT691-occt-64/inc/MAT2d_DataMapNodeOfDataMapOfIntegerPnt2d.hxx
+M MAT2d:derivated:MAT2d_DataMapNodeOfDataMapOfIntegerPnt2d_0.cxx /misc/dn61/LocalWOK/wok_entities/LOC/dev/CR0-OCCT691-7-CR0-OCCT691-occt-64/drv/MAT2d/MAT2d_DataMapNodeOfDataMapOfIntegerPnt2d_0.cxx
+M MAT2d:pubinclude:MAT2d_DataMapIteratorOfDataMapOfIntegerPnt2d.hxx /misc/dn61/LocalWOK/wok_entities/LOC/dev/CR0-OCCT691-7-CR0-OCCT691-occt-64/inc/MAT2d_DataMapIteratorOfDataMapOfIntegerPnt2d.hxx
+M MAT2d:derivated:MAT2d_DataMapIteratorOfDataMapOfIntegerPnt2d_0.cxx /misc/dn61/LocalWOK/wok_entities/LOC/dev/CR0-OCCT691-7-CR0-OCCT691-occt-64/drv/MAT2d/MAT2d_DataMapIteratorOfDataMapOfIntegerPnt2d_0.cxx
+M MAT2d:pubinclude:Handle_MAT2d_DataMapNodeOfDataMapOfIntegerVec2d.hxx /misc/dn61/LocalWOK/wok_entities/LOC/dev/CR0-OCCT691-7-CR0-OCCT691-occt-64/inc/Handle_MAT2d_DataMapNodeOfDataMapOfIntegerVec2d.hxx
+M MAT2d:pubinclude:MAT2d_DataMapNodeOfDataMapOfIntegerVec2d.hxx /misc/dn61/LocalWOK/wok_entities/LOC/dev/CR0-OCCT691-7-CR0-OCCT691-occt-64/inc/MAT2d_DataMapNodeOfDataMapOfIntegerVec2d.hxx
+M MAT2d:derivated:MAT2d_DataMapNodeOfDataMapOfIntegerVec2d_0.cxx /misc/dn61/LocalWOK/wok_entities/LOC/dev/CR0-OCCT691-7-CR0-OCCT691-occt-64/drv/MAT2d/MAT2d_DataMapNodeOfDataMapOfIntegerVec2d_0.cxx
+M MAT2d:pubinclude:MAT2d_DataMapIteratorOfDataMapOfIntegerVec2d.hxx /misc/dn61/LocalWOK/wok_entities/LOC/dev/CR0-OCCT691-7-CR0-OCCT691-occt-64/inc/MAT2d_DataMapIteratorOfDataMapOfIntegerVec2d.hxx
+M MAT2d:derivated:MAT2d_DataMapIteratorOfDataMapOfIntegerVec2d_0.cxx /misc/dn61/LocalWOK/wok_entities/LOC/dev/CR0-OCCT691-7-CR0-OCCT691-occt-64/drv/MAT2d/MAT2d_DataMapIteratorOfDataMapOfIntegerVec2d_0.cxx
+M MAT2d:pubinclude:Handle_MAT2d_SequenceNodeOfSequenceOfSequenceOfCurve.hxx /misc/dn61/LocalWOK/wok_entities/LOC/dev/CR0-OCCT691-7-CR0-OCCT691-occt-64/inc/Handle_MAT2d_SequenceNodeOfSequenceOfSequenceOfCurve.hxx
+M MAT2d:pubinclude:MAT2d_SequenceNodeOfSequenceOfSequenceOfCurve.hxx /misc/dn61/LocalWOK/wok_entities/LOC/dev/CR0-OCCT691-7-CR0-OCCT691-occt-64/inc/MAT2d_SequenceNodeOfSequenceOfSequenceOfCurve.hxx
+M MAT2d:derivated:MAT2d_SequenceNodeOfSequenceOfSequenceOfCurve_0.cxx /misc/dn61/LocalWOK/wok_entities/LOC/dev/CR0-OCCT691-7-CR0-OCCT691-occt-64/drv/MAT2d/MAT2d_SequenceNodeOfSequenceOfSequenceOfCurve_0.cxx
+M MAT2d:pubinclude:Handle_MAT2d_SequenceNodeOfSequenceOfSequenceOfGeometry.hxx /misc/dn61/LocalWOK/wok_entities/LOC/dev/CR0-OCCT691-7-CR0-OCCT691-occt-64/inc/Handle_MAT2d_SequenceNodeOfSequenceOfSequenceOfGeometry.hxx
+M MAT2d:pubinclude:MAT2d_SequenceNodeOfSequenceOfSequenceOfGeometry.hxx /misc/dn61/LocalWOK/wok_entities/LOC/dev/CR0-OCCT691-7-CR0-OCCT691-occt-64/inc/MAT2d_SequenceNodeOfSequenceOfSequenceOfGeometry.hxx
+M MAT2d:derivated:MAT2d_SequenceNodeOfSequenceOfSequenceOfGeometry_0.cxx /misc/dn61/LocalWOK/wok_entities/LOC/dev/CR0-OCCT691-7-CR0-OCCT691-occt-64/drv/MAT2d/MAT2d_SequenceNodeOfSequenceOfSequenceOfGeometry_0.cxx
+M MAT2d:pubinclude:Handle_MAT2d_DataMapNodeOfDataMapOfIntegerConnexion.hxx /misc/dn61/LocalWOK/wok_entities/LOC/dev/CR0-OCCT691-7-CR0-OCCT691-occt-64/inc/Handle_MAT2d_DataMapNodeOfDataMapOfIntegerConnexion.hxx
+M MAT2d:pubinclude:MAT2d_DataMapNodeOfDataMapOfIntegerConnexion.hxx /misc/dn61/LocalWOK/wok_entities/LOC/dev/CR0-OCCT691-7-CR0-OCCT691-occt-64/inc/MAT2d_DataMapNodeOfDataMapOfIntegerConnexion.hxx
+M MAT2d:derivated:MAT2d_DataMapNodeOfDataMapOfIntegerConnexion_0.cxx /misc/dn61/LocalWOK/wok_entities/LOC/dev/CR0-OCCT691-7-CR0-OCCT691-occt-64/drv/MAT2d/MAT2d_DataMapNodeOfDataMapOfIntegerConnexion_0.cxx
+M MAT2d:pubinclude:MAT2d_DataMapIteratorOfDataMapOfIntegerConnexion.hxx /misc/dn61/LocalWOK/wok_entities/LOC/dev/CR0-OCCT691-7-CR0-OCCT691-occt-64/inc/MAT2d_DataMapIteratorOfDataMapOfIntegerConnexion.hxx
+M MAT2d:derivated:MAT2d_DataMapIteratorOfDataMapOfIntegerConnexion_0.cxx /misc/dn61/LocalWOK/wok_entities/LOC/dev/CR0-OCCT691-7-CR0-OCCT691-occt-64/drv/MAT2d/MAT2d_DataMapIteratorOfDataMapOfIntegerConnexion_0.cxx
+M MAT2d:pubinclude:Handle_MAT2d_DataMapNodeOfDataMapOfBiIntSequenceOfInteger.hxx /misc/dn61/LocalWOK/wok_entities/LOC/dev/CR0-OCCT691-7-CR0-OCCT691-occt-64/inc/Handle_MAT2d_DataMapNodeOfDataMapOfBiIntSequenceOfInteger.hxx
+M MAT2d:pubinclude:MAT2d_DataMapNodeOfDataMapOfBiIntSequenceOfInteger.hxx /misc/dn61/LocalWOK/wok_entities/LOC/dev/CR0-OCCT691-7-CR0-OCCT691-occt-64/inc/MAT2d_DataMapNodeOfDataMapOfBiIntSequenceOfInteger.hxx
+M MAT2d:derivated:MAT2d_DataMapNodeOfDataMapOfBiIntSequenceOfInteger_0.cxx /misc/dn61/LocalWOK/wok_entities/LOC/dev/CR0-OCCT691-7-CR0-OCCT691-occt-64/drv/MAT2d/MAT2d_DataMapNodeOfDataMapOfBiIntSequenceOfInteger_0.cxx
+M MAT2d:pubinclude:MAT2d_DataMapIteratorOfDataMapOfBiIntSequenceOfInteger.hxx /misc/dn61/LocalWOK/wok_entities/LOC/dev/CR0-OCCT691-7-CR0-OCCT691-occt-64/inc/MAT2d_DataMapIteratorOfDataMapOfBiIntSequenceOfInteger.hxx
+M MAT2d:derivated:MAT2d_DataMapIteratorOfDataMapOfBiIntSequenceOfInteger_0.cxx /misc/dn61/LocalWOK/wok_entities/LOC/dev/CR0-OCCT691-7-CR0-OCCT691-occt-64/drv/MAT2d/MAT2d_DataMapIteratorOfDataMapOfBiIntSequenceOfInteger_0.cxx
+M MAT2d:pubinclude:Handle_MAT2d_DataMapNodeOfDataMapOfBiIntInteger.hxx /misc/dn61/LocalWOK/wok_entities/LOC/dev/CR0-OCCT691-7-CR0-OCCT691-occt-64/inc/Handle_MAT2d_DataMapNodeOfDataMapOfBiIntInteger.hxx
+M MAT2d:pubinclude:MAT2d_DataMapNodeOfDataMapOfBiIntInteger.hxx /misc/dn61/LocalWOK/wok_entities/LOC/dev/CR0-OCCT691-7-CR0-OCCT691-occt-64/inc/MAT2d_DataMapNodeOfDataMapOfBiIntInteger.hxx
+M MAT2d:derivated:MAT2d_DataMapNodeOfDataMapOfBiIntInteger_0.cxx /misc/dn61/LocalWOK/wok_entities/LOC/dev/CR0-OCCT691-7-CR0-OCCT691-occt-64/drv/MAT2d/MAT2d_DataMapNodeOfDataMapOfBiIntInteger_0.cxx
+M MAT2d:pubinclude:MAT2d_DataMapIteratorOfDataMapOfBiIntInteger.hxx /misc/dn61/LocalWOK/wok_entities/LOC/dev/CR0-OCCT691-7-CR0-OCCT691-occt-64/inc/MAT2d_DataMapIteratorOfDataMapOfBiIntInteger.hxx
+M MAT2d:derivated:MAT2d_DataMapIteratorOfDataMapOfBiIntInteger_0.cxx /misc/dn61/LocalWOK/wok_entities/LOC/dev/CR0-OCCT691-7-CR0-OCCT691-occt-64/drv/MAT2d/MAT2d_DataMapIteratorOfDataMapOfBiIntInteger_0.cxx
+M MAT2d:dbadmfile:MAT2d_xcpp_header.In /misc/dn61/LocalWOK/wok_entities/LOC/dev/CR0-OCCT691-7-CR0-OCCT691-occt-64/drv/MAT2d/.adm/MAT2d_xcpp_header.In
+M MAT2d:dbadmfile:MAT2d_xcpp_header.Out /misc/dn61/LocalWOK/wok_entities/LOC/dev/CR0-OCCT691-7-CR0-OCCT691-occt-64/drv/MAT2d/.adm/MAT2d_xcpp_header.Out
+M MAT2d:dbadmfile:MAT2d_xcpp_header.Dep /misc/dn61/LocalWOK/wok_entities/LOC/dev/CR0-OCCT691-7-CR0-OCCT691-occt-64/drv/MAT2d/.adm/MAT2d_xcpp_header.Dep
