+M PColStd:pubinclude:Handle_PColStd_HArray1OfInteger.hxx /misc/dn61/LocalWOK/wok_entities/LOC/dev/CR0-OCCT691-7-CR0-OCCT691-occt-64/inc/Handle_PColStd_HArray1OfInteger.hxx
+M PColStd:pubinclude:PColStd_HArray1OfInteger.hxx /misc/dn61/LocalWOK/wok_entities/LOC/dev/CR0-OCCT691-7-CR0-OCCT691-occt-64/inc/PColStd_HArray1OfInteger.hxx
+M PColStd:derivated:PColStd_HArray1OfInteger_0.cxx /misc/dn61/LocalWOK/wok_entities/LOC/dev/CR0-OCCT691-7-CR0-OCCT691-occt-64/drv/PColStd/PColStd_HArray1OfInteger_0.cxx
+M PColStd:pubinclude:Handle_PColStd_HArray1OfReal.hxx /misc/dn61/LocalWOK/wok_entities/LOC/dev/CR0-OCCT691-7-CR0-OCCT691-occt-64/inc/Handle_PColStd_HArray1OfReal.hxx
+M PColStd:pubinclude:PColStd_HArray1OfReal.hxx /misc/dn61/LocalWOK/wok_entities/LOC/dev/CR0-OCCT691-7-CR0-OCCT691-occt-64/inc/PColStd_HArray1OfReal.hxx
+M PColStd:derivated:PColStd_HArray1OfReal_0.cxx /misc/dn61/LocalWOK/wok_entities/LOC/dev/CR0-OCCT691-7-CR0-OCCT691-occt-64/drv/PColStd/PColStd_HArray1OfReal_0.cxx
+M PColStd:pubinclude:Handle_PColStd_HArray1OfExtendedString.hxx /misc/dn61/LocalWOK/wok_entities/LOC/dev/CR0-OCCT691-7-CR0-OCCT691-occt-64/inc/Handle_PColStd_HArray1OfExtendedString.hxx
+M PColStd:pubinclude:PColStd_HArray1OfExtendedString.hxx /misc/dn61/LocalWOK/wok_entities/LOC/dev/CR0-OCCT691-7-CR0-OCCT691-occt-64/inc/PColStd_HArray1OfExtendedString.hxx
+M PColStd:derivated:PColStd_HArray1OfExtendedString_0.cxx /misc/dn61/LocalWOK/wok_entities/LOC/dev/CR0-OCCT691-7-CR0-OCCT691-occt-64/drv/PColStd/PColStd_HArray1OfExtendedString_0.cxx
+M PColStd:pubinclude:Handle_PColStd_HArray1OfPersistent.hxx /misc/dn61/LocalWOK/wok_entities/LOC/dev/CR0-OCCT691-7-CR0-OCCT691-occt-64/inc/Handle_PColStd_HArray1OfPersistent.hxx
+M PColStd:pubinclude:PColStd_HArray1OfPersistent.hxx /misc/dn61/LocalWOK/wok_entities/LOC/dev/CR0-OCCT691-7-CR0-OCCT691-occt-64/inc/PColStd_HArray1OfPersistent.hxx
+M PColStd:derivated:PColStd_HArray1OfPersistent_0.cxx /misc/dn61/LocalWOK/wok_entities/LOC/dev/CR0-OCCT691-7-CR0-OCCT691-occt-64/drv/PColStd/PColStd_HArray1OfPersistent_0.cxx
+M PColStd:pubinclude:Handle_PColStd_HArray2OfInteger.hxx /misc/dn61/LocalWOK/wok_entities/LOC/dev/CR0-OCCT691-7-CR0-OCCT691-occt-64/inc/Handle_PColStd_HArray2OfInteger.hxx
+M PColStd:pubinclude:PColStd_HArray2OfInteger.hxx /misc/dn61/LocalWOK/wok_entities/LOC/dev/CR0-OCCT691-7-CR0-OCCT691-occt-64/inc/PColStd_HArray2OfInteger.hxx
+M PColStd:derivated:PColStd_HArray2OfInteger_0.cxx /misc/dn61/LocalWOK/wok_entities/LOC/dev/CR0-OCCT691-7-CR0-OCCT691-occt-64/drv/PColStd/PColStd_HArray2OfInteger_0.cxx
+M PColStd:pubinclude:Handle_PColStd_HArray2OfReal.hxx /misc/dn61/LocalWOK/wok_entities/LOC/dev/CR0-OCCT691-7-CR0-OCCT691-occt-64/inc/Handle_PColStd_HArray2OfReal.hxx
+M PColStd:pubinclude:PColStd_HArray2OfReal.hxx /misc/dn61/LocalWOK/wok_entities/LOC/dev/CR0-OCCT691-7-CR0-OCCT691-occt-64/inc/PColStd_HArray2OfReal.hxx
+M PColStd:derivated:PColStd_HArray2OfReal_0.cxx /misc/dn61/LocalWOK/wok_entities/LOC/dev/CR0-OCCT691-7-CR0-OCCT691-occt-64/drv/PColStd/PColStd_HArray2OfReal_0.cxx
+M PColStd:pubinclude:Handle_PColStd_HArray2OfPersistent.hxx /misc/dn61/LocalWOK/wok_entities/LOC/dev/CR0-OCCT691-7-CR0-OCCT691-occt-64/inc/Handle_PColStd_HArray2OfPersistent.hxx
+M PColStd:pubinclude:PColStd_HArray2OfPersistent.hxx /misc/dn61/LocalWOK/wok_entities/LOC/dev/CR0-OCCT691-7-CR0-OCCT691-occt-64/inc/PColStd_HArray2OfPersistent.hxx
+M PColStd:derivated:PColStd_HArray2OfPersistent_0.cxx /misc/dn61/LocalWOK/wok_entities/LOC/dev/CR0-OCCT691-7-CR0-OCCT691-occt-64/drv/PColStd/PColStd_HArray2OfPersistent_0.cxx
+M PColStd:pubinclude:Handle_PColStd_VArrayNodeOfFieldOfHArray1OfInteger.hxx /misc/dn61/LocalWOK/wok_entities/LOC/dev/CR0-OCCT691-7-CR0-OCCT691-occt-64/inc/Handle_PColStd_VArrayNodeOfFieldOfHArray1OfInteger.hxx
+M PColStd:pubinclude:PColStd_VArrayNodeOfFieldOfHArray1OfInteger.hxx /misc/dn61/LocalWOK/wok_entities/LOC/dev/CR0-OCCT691-7-CR0-OCCT691-occt-64/inc/PColStd_VArrayNodeOfFieldOfHArray1OfInteger.hxx
+M PColStd:derivated:PColStd_VArrayNodeOfFieldOfHArray1OfInteger_0.cxx /misc/dn61/LocalWOK/wok_entities/LOC/dev/CR0-OCCT691-7-CR0-OCCT691-occt-64/drv/PColStd/PColStd_VArrayNodeOfFieldOfHArray1OfInteger_0.cxx
+M PColStd:pubinclude:PColStd_VArrayTNodeOfFieldOfHArray1OfInteger.hxx /misc/dn61/LocalWOK/wok_entities/LOC/dev/CR0-OCCT691-7-CR0-OCCT691-occt-64/inc/PColStd_VArrayTNodeOfFieldOfHArray1OfInteger.hxx
+M PColStd:derivated:PColStd_VArrayTNodeOfFieldOfHArray1OfInteger_0.cxx /misc/dn61/LocalWOK/wok_entities/LOC/dev/CR0-OCCT691-7-CR0-OCCT691-occt-64/drv/PColStd/PColStd_VArrayTNodeOfFieldOfHArray1OfInteger_0.cxx
+M PColStd:pubinclude:PColStd_FieldOfHArray1OfInteger.hxx /misc/dn61/LocalWOK/wok_entities/LOC/dev/CR0-OCCT691-7-CR0-OCCT691-occt-64/inc/PColStd_FieldOfHArray1OfInteger.hxx
+M PColStd:derivated:PColStd_FieldOfHArray1OfInteger_0.cxx /misc/dn61/LocalWOK/wok_entities/LOC/dev/CR0-OCCT691-7-CR0-OCCT691-occt-64/drv/PColStd/PColStd_FieldOfHArray1OfInteger_0.cxx
+M PColStd:pubinclude:Handle_PColStd_VArrayNodeOfFieldOfHArray1OfReal.hxx /misc/dn61/LocalWOK/wok_entities/LOC/dev/CR0-OCCT691-7-CR0-OCCT691-occt-64/inc/Handle_PColStd_VArrayNodeOfFieldOfHArray1OfReal.hxx
+M PColStd:pubinclude:PColStd_VArrayNodeOfFieldOfHArray1OfReal.hxx /misc/dn61/LocalWOK/wok_entities/LOC/dev/CR0-OCCT691-7-CR0-OCCT691-occt-64/inc/PColStd_VArrayNodeOfFieldOfHArray1OfReal.hxx
+M PColStd:derivated:PColStd_VArrayNodeOfFieldOfHArray1OfReal_0.cxx /misc/dn61/LocalWOK/wok_entities/LOC/dev/CR0-OCCT691-7-CR0-OCCT691-occt-64/drv/PColStd/PColStd_VArrayNodeOfFieldOfHArray1OfReal_0.cxx
+M PColStd:pubinclude:PColStd_VArrayTNodeOfFieldOfHArray1OfReal.hxx /misc/dn61/LocalWOK/wok_entities/LOC/dev/CR0-OCCT691-7-CR0-OCCT691-occt-64/inc/PColStd_VArrayTNodeOfFieldOfHArray1OfReal.hxx
+M PColStd:derivated:PColStd_VArrayTNodeOfFieldOfHArray1OfReal_0.cxx /misc/dn61/LocalWOK/wok_entities/LOC/dev/CR0-OCCT691-7-CR0-OCCT691-occt-64/drv/PColStd/PColStd_VArrayTNodeOfFieldOfHArray1OfReal_0.cxx
+M PColStd:pubinclude:PColStd_FieldOfHArray1OfReal.hxx /misc/dn61/LocalWOK/wok_entities/LOC/dev/CR0-OCCT691-7-CR0-OCCT691-occt-64/inc/PColStd_FieldOfHArray1OfReal.hxx
+M PColStd:derivated:PColStd_FieldOfHArray1OfReal_0.cxx /misc/dn61/LocalWOK/wok_entities/LOC/dev/CR0-OCCT691-7-CR0-OCCT691-occt-64/drv/PColStd/PColStd_FieldOfHArray1OfReal_0.cxx
+M PColStd:pubinclude:Handle_PColStd_VArrayNodeOfFieldOfHArray1OfExtendedString.hxx /misc/dn61/LocalWOK/wok_entities/LOC/dev/CR0-OCCT691-7-CR0-OCCT691-occt-64/inc/Handle_PColStd_VArrayNodeOfFieldOfHArray1OfExtendedString.hxx
+M PColStd:pubinclude:PColStd_VArrayNodeOfFieldOfHArray1OfExtendedString.hxx /misc/dn61/LocalWOK/wok_entities/LOC/dev/CR0-OCCT691-7-CR0-OCCT691-occt-64/inc/PColStd_VArrayNodeOfFieldOfHArray1OfExtendedString.hxx
+M PColStd:derivated:PColStd_VArrayNodeOfFieldOfHArray1OfExtendedString_0.cxx /misc/dn61/LocalWOK/wok_entities/LOC/dev/CR0-OCCT691-7-CR0-OCCT691-occt-64/drv/PColStd/PColStd_VArrayNodeOfFieldOfHArray1OfExtendedString_0.cxx
+M PColStd:pubinclude:PColStd_VArrayTNodeOfFieldOfHArray1OfExtendedString.hxx /misc/dn61/LocalWOK/wok_entities/LOC/dev/CR0-OCCT691-7-CR0-OCCT691-occt-64/inc/PColStd_VArrayTNodeOfFieldOfHArray1OfExtendedString.hxx
+M PColStd:derivated:PColStd_VArrayTNodeOfFieldOfHArray1OfExtendedString_0.cxx /misc/dn61/LocalWOK/wok_entities/LOC/dev/CR0-OCCT691-7-CR0-OCCT691-occt-64/drv/PColStd/PColStd_VArrayTNodeOfFieldOfHArray1OfExtendedString_0.cxx
+M PColStd:pubinclude:PColStd_FieldOfHArray1OfExtendedString.hxx /misc/dn61/LocalWOK/wok_entities/LOC/dev/CR0-OCCT691-7-CR0-OCCT691-occt-64/inc/PColStd_FieldOfHArray1OfExtendedString.hxx
+M PColStd:derivated:PColStd_FieldOfHArray1OfExtendedString_0.cxx /misc/dn61/LocalWOK/wok_entities/LOC/dev/CR0-OCCT691-7-CR0-OCCT691-occt-64/drv/PColStd/PColStd_FieldOfHArray1OfExtendedString_0.cxx
+M PColStd:pubinclude:Handle_PColStd_VArrayNodeOfFieldOfHArray1OfPersistent.hxx /misc/dn61/LocalWOK/wok_entities/LOC/dev/CR0-OCCT691-7-CR0-OCCT691-occt-64/inc/Handle_PColStd_VArrayNodeOfFieldOfHArray1OfPersistent.hxx
+M PColStd:pubinclude:PColStd_VArrayNodeOfFieldOfHArray1OfPersistent.hxx /misc/dn61/LocalWOK/wok_entities/LOC/dev/CR0-OCCT691-7-CR0-OCCT691-occt-64/inc/PColStd_VArrayNodeOfFieldOfHArray1OfPersistent.hxx
+M PColStd:derivated:PColStd_VArrayNodeOfFieldOfHArray1OfPersistent_0.cxx /misc/dn61/LocalWOK/wok_entities/LOC/dev/CR0-OCCT691-7-CR0-OCCT691-occt-64/drv/PColStd/PColStd_VArrayNodeOfFieldOfHArray1OfPersistent_0.cxx
+M PColStd:pubinclude:PColStd_VArrayTNodeOfFieldOfHArray1OfPersistent.hxx /misc/dn61/LocalWOK/wok_entities/LOC/dev/CR0-OCCT691-7-CR0-OCCT691-occt-64/inc/PColStd_VArrayTNodeOfFieldOfHArray1OfPersistent.hxx
+M PColStd:derivated:PColStd_VArrayTNodeOfFieldOfHArray1OfPersistent_0.cxx /misc/dn61/LocalWOK/wok_entities/LOC/dev/CR0-OCCT691-7-CR0-OCCT691-occt-64/drv/PColStd/PColStd_VArrayTNodeOfFieldOfHArray1OfPersistent_0.cxx
+M PColStd:pubinclude:PColStd_FieldOfHArray1OfPersistent.hxx /misc/dn61/LocalWOK/wok_entities/LOC/dev/CR0-OCCT691-7-CR0-OCCT691-occt-64/inc/PColStd_FieldOfHArray1OfPersistent.hxx
+M PColStd:derivated:PColStd_FieldOfHArray1OfPersistent_0.cxx /misc/dn61/LocalWOK/wok_entities/LOC/dev/CR0-OCCT691-7-CR0-OCCT691-occt-64/drv/PColStd/PColStd_FieldOfHArray1OfPersistent_0.cxx
+M PColStd:pubinclude:Handle_PColStd_VArrayNodeOfFieldOfHArray2OfInteger.hxx /misc/dn61/LocalWOK/wok_entities/LOC/dev/CR0-OCCT691-7-CR0-OCCT691-occt-64/inc/Handle_PColStd_VArrayNodeOfFieldOfHArray2OfInteger.hxx
+M PColStd:pubinclude:PColStd_VArrayNodeOfFieldOfHArray2OfInteger.hxx /misc/dn61/LocalWOK/wok_entities/LOC/dev/CR0-OCCT691-7-CR0-OCCT691-occt-64/inc/PColStd_VArrayNodeOfFieldOfHArray2OfInteger.hxx
+M PColStd:derivated:PColStd_VArrayNodeOfFieldOfHArray2OfInteger_0.cxx /misc/dn61/LocalWOK/wok_entities/LOC/dev/CR0-OCCT691-7-CR0-OCCT691-occt-64/drv/PColStd/PColStd_VArrayNodeOfFieldOfHArray2OfInteger_0.cxx
+M PColStd:pubinclude:PColStd_VArrayTNodeOfFieldOfHArray2OfInteger.hxx /misc/dn61/LocalWOK/wok_entities/LOC/dev/CR0-OCCT691-7-CR0-OCCT691-occt-64/inc/PColStd_VArrayTNodeOfFieldOfHArray2OfInteger.hxx
+M PColStd:derivated:PColStd_VArrayTNodeOfFieldOfHArray2OfInteger_0.cxx /misc/dn61/LocalWOK/wok_entities/LOC/dev/CR0-OCCT691-7-CR0-OCCT691-occt-64/drv/PColStd/PColStd_VArrayTNodeOfFieldOfHArray2OfInteger_0.cxx
+M PColStd:pubinclude:PColStd_FieldOfHArray2OfInteger.hxx /misc/dn61/LocalWOK/wok_entities/LOC/dev/CR0-OCCT691-7-CR0-OCCT691-occt-64/inc/PColStd_FieldOfHArray2OfInteger.hxx
+M PColStd:derivated:PColStd_FieldOfHArray2OfInteger_0.cxx /misc/dn61/LocalWOK/wok_entities/LOC/dev/CR0-OCCT691-7-CR0-OCCT691-occt-64/drv/PColStd/PColStd_FieldOfHArray2OfInteger_0.cxx
+M PColStd:pubinclude:Handle_PColStd_VArrayNodeOfFieldOfHArray2OfReal.hxx /misc/dn61/LocalWOK/wok_entities/LOC/dev/CR0-OCCT691-7-CR0-OCCT691-occt-64/inc/Handle_PColStd_VArrayNodeOfFieldOfHArray2OfReal.hxx
+M PColStd:pubinclude:PColStd_VArrayNodeOfFieldOfHArray2OfReal.hxx /misc/dn61/LocalWOK/wok_entities/LOC/dev/CR0-OCCT691-7-CR0-OCCT691-occt-64/inc/PColStd_VArrayNodeOfFieldOfHArray2OfReal.hxx
+M PColStd:derivated:PColStd_VArrayNodeOfFieldOfHArray2OfReal_0.cxx /misc/dn61/LocalWOK/wok_entities/LOC/dev/CR0-OCCT691-7-CR0-OCCT691-occt-64/drv/PColStd/PColStd_VArrayNodeOfFieldOfHArray2OfReal_0.cxx
+M PColStd:pubinclude:PColStd_VArrayTNodeOfFieldOfHArray2OfReal.hxx /misc/dn61/LocalWOK/wok_entities/LOC/dev/CR0-OCCT691-7-CR0-OCCT691-occt-64/inc/PColStd_VArrayTNodeOfFieldOfHArray2OfReal.hxx
+M PColStd:derivated:PColStd_VArrayTNodeOfFieldOfHArray2OfReal_0.cxx /misc/dn61/LocalWOK/wok_entities/LOC/dev/CR0-OCCT691-7-CR0-OCCT691-occt-64/drv/PColStd/PColStd_VArrayTNodeOfFieldOfHArray2OfReal_0.cxx
+M PColStd:pubinclude:PColStd_FieldOfHArray2OfReal.hxx /misc/dn61/LocalWOK/wok_entities/LOC/dev/CR0-OCCT691-7-CR0-OCCT691-occt-64/inc/PColStd_FieldOfHArray2OfReal.hxx
+M PColStd:derivated:PColStd_FieldOfHArray2OfReal_0.cxx /misc/dn61/LocalWOK/wok_entities/LOC/dev/CR0-OCCT691-7-CR0-OCCT691-occt-64/drv/PColStd/PColStd_FieldOfHArray2OfReal_0.cxx
+M PColStd:pubinclude:Handle_PColStd_VArrayNodeOfFieldOfHArray2OfPersistent.hxx /misc/dn61/LocalWOK/wok_entities/LOC/dev/CR0-OCCT691-7-CR0-OCCT691-occt-64/inc/Handle_PColStd_VArrayNodeOfFieldOfHArray2OfPersistent.hxx
+M PColStd:pubinclude:PColStd_VArrayNodeOfFieldOfHArray2OfPersistent.hxx /misc/dn61/LocalWOK/wok_entities/LOC/dev/CR0-OCCT691-7-CR0-OCCT691-occt-64/inc/PColStd_VArrayNodeOfFieldOfHArray2OfPersistent.hxx
+M PColStd:derivated:PColStd_VArrayNodeOfFieldOfHArray2OfPersistent_0.cxx /misc/dn61/LocalWOK/wok_entities/LOC/dev/CR0-OCCT691-7-CR0-OCCT691-occt-64/drv/PColStd/PColStd_VArrayNodeOfFieldOfHArray2OfPersistent_0.cxx
+M PColStd:pubinclude:PColStd_VArrayTNodeOfFieldOfHArray2OfPersistent.hxx /misc/dn61/LocalWOK/wok_entities/LOC/dev/CR0-OCCT691-7-CR0-OCCT691-occt-64/inc/PColStd_VArrayTNodeOfFieldOfHArray2OfPersistent.hxx
+M PColStd:derivated:PColStd_VArrayTNodeOfFieldOfHArray2OfPersistent_0.cxx /misc/dn61/LocalWOK/wok_entities/LOC/dev/CR0-OCCT691-7-CR0-OCCT691-occt-64/drv/PColStd/PColStd_VArrayTNodeOfFieldOfHArray2OfPersistent_0.cxx
+M PColStd:pubinclude:PColStd_FieldOfHArray2OfPersistent.hxx /misc/dn61/LocalWOK/wok_entities/LOC/dev/CR0-OCCT691-7-CR0-OCCT691-occt-64/inc/PColStd_FieldOfHArray2OfPersistent.hxx
+M PColStd:derivated:PColStd_FieldOfHArray2OfPersistent_0.cxx /misc/dn61/LocalWOK/wok_entities/LOC/dev/CR0-OCCT691-7-CR0-OCCT691-occt-64/drv/PColStd/PColStd_FieldOfHArray2OfPersistent_0.cxx
+M PColStd:dbadmfile:PColStd_xcpp_header.In /misc/dn61/LocalWOK/wok_entities/LOC/dev/CR0-OCCT691-7-CR0-OCCT691-occt-64/drv/PColStd/.adm/PColStd_xcpp_header.In
+M PColStd:dbadmfile:PColStd_xcpp_header.Out /misc/dn61/LocalWOK/wok_entities/LOC/dev/CR0-OCCT691-7-CR0-OCCT691-occt-64/drv/PColStd/.adm/PColStd_xcpp_header.Out
+M PColStd:dbadmfile:PColStd_xcpp_header.Dep /misc/dn61/LocalWOK/wok_entities/LOC/dev/CR0-OCCT691-7-CR0-OCCT691-occt-64/drv/PColStd/.adm/PColStd_xcpp_header.Dep
