+M MeshVS:pubinclude:Handle_MeshVS_Mesh.hxx /misc/dn61/LocalWOK/wok_entities/LOC/dev/CR0-OCCT691-7-CR0-OCCT691-occt-64/inc/Handle_MeshVS_Mesh.hxx
+M MeshVS:pubinclude:MeshVS_Mesh.hxx /misc/dn61/LocalWOK/wok_entities/LOC/dev/CR0-OCCT691-7-CR0-OCCT691-occt-64/inc/MeshVS_Mesh.hxx
+M MeshVS:privinclude:MeshVS_Mesh.jxx /misc/dn61/LocalWOK/wok_entities/LOC/dev/CR0-OCCT691-7-CR0-OCCT691-occt-64/drv/MeshVS/MeshVS_Mesh.jxx
+M MeshVS:privinclude:MeshVS_Mesh.ixx /misc/dn61/LocalWOK/wok_entities/LOC/dev/CR0-OCCT691-7-CR0-OCCT691-occt-64/drv/MeshVS/MeshVS_Mesh.ixx
+M MeshVS:pubinclude:Handle_MeshVS_Drawer.hxx /misc/dn61/LocalWOK/wok_entities/LOC/dev/CR0-OCCT691-7-CR0-OCCT691-occt-64/inc/Handle_MeshVS_Drawer.hxx
+M MeshVS:pubinclude:MeshVS_Drawer.hxx /misc/dn61/LocalWOK/wok_entities/LOC/dev/CR0-OCCT691-7-CR0-OCCT691-occt-64/inc/MeshVS_Drawer.hxx
+M MeshVS:privinclude:MeshVS_Drawer.jxx /misc/dn61/LocalWOK/wok_entities/LOC/dev/CR0-OCCT691-7-CR0-OCCT691-occt-64/drv/MeshVS/MeshVS_Drawer.jxx
+M MeshVS:privinclude:MeshVS_Drawer.ixx /misc/dn61/LocalWOK/wok_entities/LOC/dev/CR0-OCCT691-7-CR0-OCCT691-occt-64/drv/MeshVS/MeshVS_Drawer.ixx
+M MeshVS:pubinclude:Handle_MeshVS_DataSource.hxx /misc/dn61/LocalWOK/wok_entities/LOC/dev/CR0-OCCT691-7-CR0-OCCT691-occt-64/inc/Handle_MeshVS_DataSource.hxx
+M MeshVS:pubinclude:MeshVS_DataSource.hxx /misc/dn61/LocalWOK/wok_entities/LOC/dev/CR0-OCCT691-7-CR0-OCCT691-occt-64/inc/MeshVS_DataSource.hxx
+M MeshVS:privinclude:MeshVS_DataSource.jxx /misc/dn61/LocalWOK/wok_entities/LOC/dev/CR0-OCCT691-7-CR0-OCCT691-occt-64/drv/MeshVS/MeshVS_DataSource.jxx
+M MeshVS:privinclude:MeshVS_DataSource.ixx /misc/dn61/LocalWOK/wok_entities/LOC/dev/CR0-OCCT691-7-CR0-OCCT691-occt-64/drv/MeshVS/MeshVS_DataSource.ixx
+M MeshVS:pubinclude:Handle_MeshVS_DataSource3D.hxx /misc/dn61/LocalWOK/wok_entities/LOC/dev/CR0-OCCT691-7-CR0-OCCT691-occt-64/inc/Handle_MeshVS_DataSource3D.hxx
+M MeshVS:pubinclude:MeshVS_DataSource3D.hxx /misc/dn61/LocalWOK/wok_entities/LOC/dev/CR0-OCCT691-7-CR0-OCCT691-occt-64/inc/MeshVS_DataSource3D.hxx
+M MeshVS:privinclude:MeshVS_DataSource3D.jxx /misc/dn61/LocalWOK/wok_entities/LOC/dev/CR0-OCCT691-7-CR0-OCCT691-occt-64/drv/MeshVS/MeshVS_DataSource3D.jxx
+M MeshVS:privinclude:MeshVS_DataSource3D.ixx /misc/dn61/LocalWOK/wok_entities/LOC/dev/CR0-OCCT691-7-CR0-OCCT691-occt-64/drv/MeshVS/MeshVS_DataSource3D.ixx
+M MeshVS:pubinclude:Handle_MeshVS_DeformedDataSource.hxx /misc/dn61/LocalWOK/wok_entities/LOC/dev/CR0-OCCT691-7-CR0-OCCT691-occt-64/inc/Handle_MeshVS_DeformedDataSource.hxx
+M MeshVS:pubinclude:MeshVS_DeformedDataSource.hxx /misc/dn61/LocalWOK/wok_entities/LOC/dev/CR0-OCCT691-7-CR0-OCCT691-occt-64/inc/MeshVS_DeformedDataSource.hxx
+M MeshVS:privinclude:MeshVS_DeformedDataSource.jxx /misc/dn61/LocalWOK/wok_entities/LOC/dev/CR0-OCCT691-7-CR0-OCCT691-occt-64/drv/MeshVS/MeshVS_DeformedDataSource.jxx
+M MeshVS:privinclude:MeshVS_DeformedDataSource.ixx /misc/dn61/LocalWOK/wok_entities/LOC/dev/CR0-OCCT691-7-CR0-OCCT691-occt-64/drv/MeshVS/MeshVS_DeformedDataSource.ixx
+M MeshVS:pubinclude:Handle_MeshVS_PrsBuilder.hxx /misc/dn61/LocalWOK/wok_entities/LOC/dev/CR0-OCCT691-7-CR0-OCCT691-occt-64/inc/Handle_MeshVS_PrsBuilder.hxx
+M MeshVS:pubinclude:MeshVS_PrsBuilder.hxx /misc/dn61/LocalWOK/wok_entities/LOC/dev/CR0-OCCT691-7-CR0-OCCT691-occt-64/inc/MeshVS_PrsBuilder.hxx
+M MeshVS:privinclude:MeshVS_PrsBuilder.jxx /misc/dn61/LocalWOK/wok_entities/LOC/dev/CR0-OCCT691-7-CR0-OCCT691-occt-64/drv/MeshVS/MeshVS_PrsBuilder.jxx
+M MeshVS:privinclude:MeshVS_PrsBuilder.ixx /misc/dn61/LocalWOK/wok_entities/LOC/dev/CR0-OCCT691-7-CR0-OCCT691-occt-64/drv/MeshVS/MeshVS_PrsBuilder.ixx
+M MeshVS:pubinclude:Handle_MeshVS_MeshPrsBuilder.hxx /misc/dn61/LocalWOK/wok_entities/LOC/dev/CR0-OCCT691-7-CR0-OCCT691-occt-64/inc/Handle_MeshVS_MeshPrsBuilder.hxx
+M MeshVS:pubinclude:MeshVS_MeshPrsBuilder.hxx /misc/dn61/LocalWOK/wok_entities/LOC/dev/CR0-OCCT691-7-CR0-OCCT691-occt-64/inc/MeshVS_MeshPrsBuilder.hxx
+M MeshVS:privinclude:MeshVS_MeshPrsBuilder.jxx /misc/dn61/LocalWOK/wok_entities/LOC/dev/CR0-OCCT691-7-CR0-OCCT691-occt-64/drv/MeshVS/MeshVS_MeshPrsBuilder.jxx
+M MeshVS:privinclude:MeshVS_MeshPrsBuilder.ixx /misc/dn61/LocalWOK/wok_entities/LOC/dev/CR0-OCCT691-7-CR0-OCCT691-occt-64/drv/MeshVS/MeshVS_MeshPrsBuilder.ixx
+M MeshVS:pubinclude:Handle_MeshVS_NodalColorPrsBuilder.hxx /misc/dn61/LocalWOK/wok_entities/LOC/dev/CR0-OCCT691-7-CR0-OCCT691-occt-64/inc/Handle_MeshVS_NodalColorPrsBuilder.hxx
+M MeshVS:pubinclude:MeshVS_NodalColorPrsBuilder.hxx /misc/dn61/LocalWOK/wok_entities/LOC/dev/CR0-OCCT691-7-CR0-OCCT691-occt-64/inc/MeshVS_NodalColorPrsBuilder.hxx
+M MeshVS:privinclude:MeshVS_NodalColorPrsBuilder.jxx /misc/dn61/LocalWOK/wok_entities/LOC/dev/CR0-OCCT691-7-CR0-OCCT691-occt-64/drv/MeshVS/MeshVS_NodalColorPrsBuilder.jxx
+M MeshVS:privinclude:MeshVS_NodalColorPrsBuilder.ixx /misc/dn61/LocalWOK/wok_entities/LOC/dev/CR0-OCCT691-7-CR0-OCCT691-occt-64/drv/MeshVS/MeshVS_NodalColorPrsBuilder.ixx
+M MeshVS:pubinclude:Handle_MeshVS_ElementalColorPrsBuilder.hxx /misc/dn61/LocalWOK/wok_entities/LOC/dev/CR0-OCCT691-7-CR0-OCCT691-occt-64/inc/Handle_MeshVS_ElementalColorPrsBuilder.hxx
+M MeshVS:pubinclude:MeshVS_ElementalColorPrsBuilder.hxx /misc/dn61/LocalWOK/wok_entities/LOC/dev/CR0-OCCT691-7-CR0-OCCT691-occt-64/inc/MeshVS_ElementalColorPrsBuilder.hxx
+M MeshVS:privinclude:MeshVS_ElementalColorPrsBuilder.jxx /misc/dn61/LocalWOK/wok_entities/LOC/dev/CR0-OCCT691-7-CR0-OCCT691-occt-64/drv/MeshVS/MeshVS_ElementalColorPrsBuilder.jxx
+M MeshVS:privinclude:MeshVS_ElementalColorPrsBuilder.ixx /misc/dn61/LocalWOK/wok_entities/LOC/dev/CR0-OCCT691-7-CR0-OCCT691-occt-64/drv/MeshVS/MeshVS_ElementalColorPrsBuilder.ixx
+M MeshVS:pubinclude:Handle_MeshVS_TextPrsBuilder.hxx /misc/dn61/LocalWOK/wok_entities/LOC/dev/CR0-OCCT691-7-CR0-OCCT691-occt-64/inc/Handle_MeshVS_TextPrsBuilder.hxx
+M MeshVS:pubinclude:MeshVS_TextPrsBuilder.hxx /misc/dn61/LocalWOK/wok_entities/LOC/dev/CR0-OCCT691-7-CR0-OCCT691-occt-64/inc/MeshVS_TextPrsBuilder.hxx
+M MeshVS:privinclude:MeshVS_TextPrsBuilder.jxx /misc/dn61/LocalWOK/wok_entities/LOC/dev/CR0-OCCT691-7-CR0-OCCT691-occt-64/drv/MeshVS/MeshVS_TextPrsBuilder.jxx
+M MeshVS:privinclude:MeshVS_TextPrsBuilder.ixx /misc/dn61/LocalWOK/wok_entities/LOC/dev/CR0-OCCT691-7-CR0-OCCT691-occt-64/drv/MeshVS/MeshVS_TextPrsBuilder.ixx
+M MeshVS:pubinclude:Handle_MeshVS_VectorPrsBuilder.hxx /misc/dn61/LocalWOK/wok_entities/LOC/dev/CR0-OCCT691-7-CR0-OCCT691-occt-64/inc/Handle_MeshVS_VectorPrsBuilder.hxx
+M MeshVS:pubinclude:MeshVS_VectorPrsBuilder.hxx /misc/dn61/LocalWOK/wok_entities/LOC/dev/CR0-OCCT691-7-CR0-OCCT691-occt-64/inc/MeshVS_VectorPrsBuilder.hxx
+M MeshVS:privinclude:MeshVS_VectorPrsBuilder.jxx /misc/dn61/LocalWOK/wok_entities/LOC/dev/CR0-OCCT691-7-CR0-OCCT691-occt-64/drv/MeshVS/MeshVS_VectorPrsBuilder.jxx
+M MeshVS:privinclude:MeshVS_VectorPrsBuilder.ixx /misc/dn61/LocalWOK/wok_entities/LOC/dev/CR0-OCCT691-7-CR0-OCCT691-occt-64/drv/MeshVS/MeshVS_VectorPrsBuilder.ixx
+M MeshVS:pubinclude:Handle_MeshVS_MeshOwner.hxx /misc/dn61/LocalWOK/wok_entities/LOC/dev/CR0-OCCT691-7-CR0-OCCT691-occt-64/inc/Handle_MeshVS_MeshOwner.hxx
+M MeshVS:pubinclude:MeshVS_MeshOwner.hxx /misc/dn61/LocalWOK/wok_entities/LOC/dev/CR0-OCCT691-7-CR0-OCCT691-occt-64/inc/MeshVS_MeshOwner.hxx
+M MeshVS:privinclude:MeshVS_MeshOwner.jxx /misc/dn61/LocalWOK/wok_entities/LOC/dev/CR0-OCCT691-7-CR0-OCCT691-occt-64/drv/MeshVS/MeshVS_MeshOwner.jxx
+M MeshVS:privinclude:MeshVS_MeshOwner.ixx /misc/dn61/LocalWOK/wok_entities/LOC/dev/CR0-OCCT691-7-CR0-OCCT691-occt-64/drv/MeshVS/MeshVS_MeshOwner.ixx
+M MeshVS:pubinclude:Handle_MeshVS_MeshEntityOwner.hxx /misc/dn61/LocalWOK/wok_entities/LOC/dev/CR0-OCCT691-7-CR0-OCCT691-occt-64/inc/Handle_MeshVS_MeshEntityOwner.hxx
+M MeshVS:pubinclude:MeshVS_MeshEntityOwner.hxx /misc/dn61/LocalWOK/wok_entities/LOC/dev/CR0-OCCT691-7-CR0-OCCT691-occt-64/inc/MeshVS_MeshEntityOwner.hxx
+M MeshVS:privinclude:MeshVS_MeshEntityOwner.jxx /misc/dn61/LocalWOK/wok_entities/LOC/dev/CR0-OCCT691-7-CR0-OCCT691-occt-64/drv/MeshVS/MeshVS_MeshEntityOwner.jxx
+M MeshVS:privinclude:MeshVS_MeshEntityOwner.ixx /misc/dn61/LocalWOK/wok_entities/LOC/dev/CR0-OCCT691-7-CR0-OCCT691-occt-64/drv/MeshVS/MeshVS_MeshEntityOwner.ixx
+M MeshVS:pubinclude:MeshVS_Tool.hxx /misc/dn61/LocalWOK/wok_entities/LOC/dev/CR0-OCCT691-7-CR0-OCCT691-occt-64/inc/MeshVS_Tool.hxx
+M MeshVS:privinclude:MeshVS_Tool.jxx /misc/dn61/LocalWOK/wok_entities/LOC/dev/CR0-OCCT691-7-CR0-OCCT691-occt-64/drv/MeshVS/MeshVS_Tool.jxx
+M MeshVS:privinclude:MeshVS_Tool.ixx /misc/dn61/LocalWOK/wok_entities/LOC/dev/CR0-OCCT691-7-CR0-OCCT691-occt-64/drv/MeshVS/MeshVS_Tool.ixx
+M MeshVS:pubinclude:MeshVS_SequenceOfPrsBuilder.hxx /misc/dn61/LocalWOK/wok_entities/LOC/dev/CR0-OCCT691-7-CR0-OCCT691-occt-64/inc/MeshVS_SequenceOfPrsBuilder.hxx
+M MeshVS:derivated:MeshVS_SequenceOfPrsBuilder_0.cxx /misc/dn61/LocalWOK/wok_entities/LOC/dev/CR0-OCCT691-7-CR0-OCCT691-occt-64/drv/MeshVS/MeshVS_SequenceOfPrsBuilder_0.cxx
+M MeshVS:pubinclude:MeshVS_DataMapOfIntegerColor.hxx /misc/dn61/LocalWOK/wok_entities/LOC/dev/CR0-OCCT691-7-CR0-OCCT691-occt-64/inc/MeshVS_DataMapOfIntegerColor.hxx
+M MeshVS:derivated:MeshVS_DataMapOfIntegerColor_0.cxx /misc/dn61/LocalWOK/wok_entities/LOC/dev/CR0-OCCT691-7-CR0-OCCT691-occt-64/drv/MeshVS/MeshVS_DataMapOfIntegerColor_0.cxx
+M MeshVS:pubinclude:MeshVS_DataMapOfIntegerMaterial.hxx /misc/dn61/LocalWOK/wok_entities/LOC/dev/CR0-OCCT691-7-CR0-OCCT691-occt-64/inc/MeshVS_DataMapOfIntegerMaterial.hxx
+M MeshVS:derivated:MeshVS_DataMapOfIntegerMaterial_0.cxx /misc/dn61/LocalWOK/wok_entities/LOC/dev/CR0-OCCT691-7-CR0-OCCT691-occt-64/drv/MeshVS/MeshVS_DataMapOfIntegerMaterial_0.cxx
+M MeshVS:pubinclude:MeshVS_DataMapOfIntegerBoolean.hxx /misc/dn61/LocalWOK/wok_entities/LOC/dev/CR0-OCCT691-7-CR0-OCCT691-occt-64/inc/MeshVS_DataMapOfIntegerBoolean.hxx
+M MeshVS:derivated:MeshVS_DataMapOfIntegerBoolean_0.cxx /misc/dn61/LocalWOK/wok_entities/LOC/dev/CR0-OCCT691-7-CR0-OCCT691-occt-64/drv/MeshVS/MeshVS_DataMapOfIntegerBoolean_0.cxx
+M MeshVS:pubinclude:MeshVS_DataMapOfIntegerOwner.hxx /misc/dn61/LocalWOK/wok_entities/LOC/dev/CR0-OCCT691-7-CR0-OCCT691-occt-64/inc/MeshVS_DataMapOfIntegerOwner.hxx
+M MeshVS:derivated:MeshVS_DataMapOfIntegerOwner_0.cxx /misc/dn61/LocalWOK/wok_entities/LOC/dev/CR0-OCCT691-7-CR0-OCCT691-occt-64/drv/MeshVS/MeshVS_DataMapOfIntegerOwner_0.cxx
+M MeshVS:pubinclude:MeshVS_DataMapOfIntegerMeshEntityOwner.hxx /misc/dn61/LocalWOK/wok_entities/LOC/dev/CR0-OCCT691-7-CR0-OCCT691-occt-64/inc/MeshVS_DataMapOfIntegerMeshEntityOwner.hxx
+M MeshVS:derivated:MeshVS_DataMapOfIntegerMeshEntityOwner_0.cxx /misc/dn61/LocalWOK/wok_entities/LOC/dev/CR0-OCCT691-7-CR0-OCCT691-occt-64/drv/MeshVS/MeshVS_DataMapOfIntegerMeshEntityOwner_0.cxx
+M MeshVS:pubinclude:MeshVS_DataMapOfIntegerAsciiString.hxx /misc/dn61/LocalWOK/wok_entities/LOC/dev/CR0-OCCT691-7-CR0-OCCT691-occt-64/inc/MeshVS_DataMapOfIntegerAsciiString.hxx
+M MeshVS:derivated:MeshVS_DataMapOfIntegerAsciiString_0.cxx /misc/dn61/LocalWOK/wok_entities/LOC/dev/CR0-OCCT691-7-CR0-OCCT691-occt-64/drv/MeshVS/MeshVS_DataMapOfIntegerAsciiString_0.cxx
+M MeshVS:pubinclude:MeshVS_DataMapOfIntegerTwoColors.hxx /misc/dn61/LocalWOK/wok_entities/LOC/dev/CR0-OCCT691-7-CR0-OCCT691-occt-64/inc/MeshVS_DataMapOfIntegerTwoColors.hxx
+M MeshVS:derivated:MeshVS_DataMapOfIntegerTwoColors_0.cxx /misc/dn61/LocalWOK/wok_entities/LOC/dev/CR0-OCCT691-7-CR0-OCCT691-occt-64/drv/MeshVS/MeshVS_DataMapOfIntegerTwoColors_0.cxx
+M MeshVS:pubinclude:MeshVS_DataMapOfIntegerVector.hxx /misc/dn61/LocalWOK/wok_entities/LOC/dev/CR0-OCCT691-7-CR0-OCCT691-occt-64/inc/MeshVS_DataMapOfIntegerVector.hxx
+M MeshVS:derivated:MeshVS_DataMapOfIntegerVector_0.cxx /misc/dn61/LocalWOK/wok_entities/LOC/dev/CR0-OCCT691-7-CR0-OCCT691-occt-64/drv/MeshVS/MeshVS_DataMapOfIntegerVector_0.cxx
+M MeshVS:pubinclude:MeshVS_TwoColorsHasher.hxx /misc/dn61/LocalWOK/wok_entities/LOC/dev/CR0-OCCT691-7-CR0-OCCT691-occt-64/inc/MeshVS_TwoColorsHasher.hxx
+M MeshVS:derivated:MeshVS_TwoColorsHasher_0.cxx /misc/dn61/LocalWOK/wok_entities/LOC/dev/CR0-OCCT691-7-CR0-OCCT691-occt-64/drv/MeshVS/MeshVS_TwoColorsHasher_0.cxx
+M MeshVS:pubinclude:MeshVS_ColorHasher.hxx /misc/dn61/LocalWOK/wok_entities/LOC/dev/CR0-OCCT691-7-CR0-OCCT691-occt-64/inc/MeshVS_ColorHasher.hxx
+M MeshVS:privinclude:MeshVS_ColorHasher.jxx /misc/dn61/LocalWOK/wok_entities/LOC/dev/CR0-OCCT691-7-CR0-OCCT691-occt-64/drv/MeshVS/MeshVS_ColorHasher.jxx
+M MeshVS:privinclude:MeshVS_ColorHasher.ixx /misc/dn61/LocalWOK/wok_entities/LOC/dev/CR0-OCCT691-7-CR0-OCCT691-occt-64/drv/MeshVS/MeshVS_ColorHasher.ixx
+M MeshVS:pubinclude:MeshVS_DataMapOfTwoColorsMapOfInteger.hxx /misc/dn61/LocalWOK/wok_entities/LOC/dev/CR0-OCCT691-7-CR0-OCCT691-occt-64/inc/MeshVS_DataMapOfTwoColorsMapOfInteger.hxx
+M MeshVS:derivated:MeshVS_DataMapOfTwoColorsMapOfInteger_0.cxx /misc/dn61/LocalWOK/wok_entities/LOC/dev/CR0-OCCT691-7-CR0-OCCT691-occt-64/drv/MeshVS/MeshVS_DataMapOfTwoColorsMapOfInteger_0.cxx
+M MeshVS:pubinclude:MeshVS_DataMapOfColorMapOfInteger.hxx /misc/dn61/LocalWOK/wok_entities/LOC/dev/CR0-OCCT691-7-CR0-OCCT691-occt-64/inc/MeshVS_DataMapOfColorMapOfInteger.hxx
+M MeshVS:derivated:MeshVS_DataMapOfColorMapOfInteger_0.cxx /misc/dn61/LocalWOK/wok_entities/LOC/dev/CR0-OCCT691-7-CR0-OCCT691-occt-64/drv/MeshVS/MeshVS_DataMapOfColorMapOfInteger_0.cxx
+M MeshVS:pubinclude:MeshVS_Array1OfSequenceOfInteger.hxx /misc/dn61/LocalWOK/wok_entities/LOC/dev/CR0-OCCT691-7-CR0-OCCT691-occt-64/inc/MeshVS_Array1OfSequenceOfInteger.hxx
+M MeshVS:derivated:MeshVS_Array1OfSequenceOfInteger_0.cxx /misc/dn61/LocalWOK/wok_entities/LOC/dev/CR0-OCCT691-7-CR0-OCCT691-occt-64/drv/MeshVS/MeshVS_Array1OfSequenceOfInteger_0.cxx
+M MeshVS:pubinclude:Handle_MeshVS_HArray1OfSequenceOfInteger.hxx /misc/dn61/LocalWOK/wok_entities/LOC/dev/CR0-OCCT691-7-CR0-OCCT691-occt-64/inc/Handle_MeshVS_HArray1OfSequenceOfInteger.hxx
+M MeshVS:pubinclude:MeshVS_HArray1OfSequenceOfInteger.hxx /misc/dn61/LocalWOK/wok_entities/LOC/dev/CR0-OCCT691-7-CR0-OCCT691-occt-64/inc/MeshVS_HArray1OfSequenceOfInteger.hxx
+M MeshVS:derivated:MeshVS_HArray1OfSequenceOfInteger_0.cxx /misc/dn61/LocalWOK/wok_entities/LOC/dev/CR0-OCCT691-7-CR0-OCCT691-occt-64/drv/MeshVS/MeshVS_HArray1OfSequenceOfInteger_0.cxx
+M MeshVS:pubinclude:MeshVS_DataMapOfHArray1OfSequenceOfInteger.hxx /misc/dn61/LocalWOK/wok_entities/LOC/dev/CR0-OCCT691-7-CR0-OCCT691-occt-64/inc/MeshVS_DataMapOfHArray1OfSequenceOfInteger.hxx
+M MeshVS:derivated:MeshVS_DataMapOfHArray1OfSequenceOfInteger_0.cxx /misc/dn61/LocalWOK/wok_entities/LOC/dev/CR0-OCCT691-7-CR0-OCCT691-occt-64/drv/MeshVS/MeshVS_DataMapOfHArray1OfSequenceOfInteger_0.cxx
+M MeshVS:pubinclude:MeshVS_TwoNodesHasher.hxx /misc/dn61/LocalWOK/wok_entities/LOC/dev/CR0-OCCT691-7-CR0-OCCT691-occt-64/inc/MeshVS_TwoNodesHasher.hxx
+M MeshVS:derivated:MeshVS_TwoNodesHasher_0.cxx /misc/dn61/LocalWOK/wok_entities/LOC/dev/CR0-OCCT691-7-CR0-OCCT691-occt-64/drv/MeshVS/MeshVS_TwoNodesHasher_0.cxx
+M MeshVS:pubinclude:MeshVS_MapOfTwoNodes.hxx /misc/dn61/LocalWOK/wok_entities/LOC/dev/CR0-OCCT691-7-CR0-OCCT691-occt-64/inc/MeshVS_MapOfTwoNodes.hxx
+M MeshVS:derivated:MeshVS_MapOfTwoNodes_0.cxx /misc/dn61/LocalWOK/wok_entities/LOC/dev/CR0-OCCT691-7-CR0-OCCT691-occt-64/drv/MeshVS/MeshVS_MapOfTwoNodes_0.cxx
+M MeshVS:pubinclude:Handle_MeshVS_SequenceNodeOfSequenceOfPrsBuilder.hxx /misc/dn61/LocalWOK/wok_entities/LOC/dev/CR0-OCCT691-7-CR0-OCCT691-occt-64/inc/Handle_MeshVS_SequenceNodeOfSequenceOfPrsBuilder.hxx
+M MeshVS:pubinclude:MeshVS_SequenceNodeOfSequenceOfPrsBuilder.hxx /misc/dn61/LocalWOK/wok_entities/LOC/dev/CR0-OCCT691-7-CR0-OCCT691-occt-64/inc/MeshVS_SequenceNodeOfSequenceOfPrsBuilder.hxx
+M MeshVS:derivated:MeshVS_SequenceNodeOfSequenceOfPrsBuilder_0.cxx /misc/dn61/LocalWOK/wok_entities/LOC/dev/CR0-OCCT691-7-CR0-OCCT691-occt-64/drv/MeshVS/MeshVS_SequenceNodeOfSequenceOfPrsBuilder_0.cxx
+M MeshVS:pubinclude:Handle_MeshVS_DataMapNodeOfDataMapOfIntegerColor.hxx /misc/dn61/LocalWOK/wok_entities/LOC/dev/CR0-OCCT691-7-CR0-OCCT691-occt-64/inc/Handle_MeshVS_DataMapNodeOfDataMapOfIntegerColor.hxx
+M MeshVS:pubinclude:MeshVS_DataMapNodeOfDataMapOfIntegerColor.hxx /misc/dn61/LocalWOK/wok_entities/LOC/dev/CR0-OCCT691-7-CR0-OCCT691-occt-64/inc/MeshVS_DataMapNodeOfDataMapOfIntegerColor.hxx
+M MeshVS:derivated:MeshVS_DataMapNodeOfDataMapOfIntegerColor_0.cxx /misc/dn61/LocalWOK/wok_entities/LOC/dev/CR0-OCCT691-7-CR0-OCCT691-occt-64/drv/MeshVS/MeshVS_DataMapNodeOfDataMapOfIntegerColor_0.cxx
+M MeshVS:pubinclude:MeshVS_DataMapIteratorOfDataMapOfIntegerColor.hxx /misc/dn61/LocalWOK/wok_entities/LOC/dev/CR0-OCCT691-7-CR0-OCCT691-occt-64/inc/MeshVS_DataMapIteratorOfDataMapOfIntegerColor.hxx
+M MeshVS:derivated:MeshVS_DataMapIteratorOfDataMapOfIntegerColor_0.cxx /misc/dn61/LocalWOK/wok_entities/LOC/dev/CR0-OCCT691-7-CR0-OCCT691-occt-64/drv/MeshVS/MeshVS_DataMapIteratorOfDataMapOfIntegerColor_0.cxx
+M MeshVS:pubinclude:Handle_MeshVS_DataMapNodeOfDataMapOfIntegerMaterial.hxx /misc/dn61/LocalWOK/wok_entities/LOC/dev/CR0-OCCT691-7-CR0-OCCT691-occt-64/inc/Handle_MeshVS_DataMapNodeOfDataMapOfIntegerMaterial.hxx
+M MeshVS:pubinclude:MeshVS_DataMapNodeOfDataMapOfIntegerMaterial.hxx /misc/dn61/LocalWOK/wok_entities/LOC/dev/CR0-OCCT691-7-CR0-OCCT691-occt-64/inc/MeshVS_DataMapNodeOfDataMapOfIntegerMaterial.hxx
+M MeshVS:derivated:MeshVS_DataMapNodeOfDataMapOfIntegerMaterial_0.cxx /misc/dn61/LocalWOK/wok_entities/LOC/dev/CR0-OCCT691-7-CR0-OCCT691-occt-64/drv/MeshVS/MeshVS_DataMapNodeOfDataMapOfIntegerMaterial_0.cxx
+M MeshVS:pubinclude:MeshVS_DataMapIteratorOfDataMapOfIntegerMaterial.hxx /misc/dn61/LocalWOK/wok_entities/LOC/dev/CR0-OCCT691-7-CR0-OCCT691-occt-64/inc/MeshVS_DataMapIteratorOfDataMapOfIntegerMaterial.hxx
+M MeshVS:derivated:MeshVS_DataMapIteratorOfDataMapOfIntegerMaterial_0.cxx /misc/dn61/LocalWOK/wok_entities/LOC/dev/CR0-OCCT691-7-CR0-OCCT691-occt-64/drv/MeshVS/MeshVS_DataMapIteratorOfDataMapOfIntegerMaterial_0.cxx
+M MeshVS:pubinclude:Handle_MeshVS_DataMapNodeOfDataMapOfIntegerBoolean.hxx /misc/dn61/LocalWOK/wok_entities/LOC/dev/CR0-OCCT691-7-CR0-OCCT691-occt-64/inc/Handle_MeshVS_DataMapNodeOfDataMapOfIntegerBoolean.hxx
+M MeshVS:pubinclude:MeshVS_DataMapNodeOfDataMapOfIntegerBoolean.hxx /misc/dn61/LocalWOK/wok_entities/LOC/dev/CR0-OCCT691-7-CR0-OCCT691-occt-64/inc/MeshVS_DataMapNodeOfDataMapOfIntegerBoolean.hxx
+M MeshVS:derivated:MeshVS_DataMapNodeOfDataMapOfIntegerBoolean_0.cxx /misc/dn61/LocalWOK/wok_entities/LOC/dev/CR0-OCCT691-7-CR0-OCCT691-occt-64/drv/MeshVS/MeshVS_DataMapNodeOfDataMapOfIntegerBoolean_0.cxx
+M MeshVS:pubinclude:MeshVS_DataMapIteratorOfDataMapOfIntegerBoolean.hxx /misc/dn61/LocalWOK/wok_entities/LOC/dev/CR0-OCCT691-7-CR0-OCCT691-occt-64/inc/MeshVS_DataMapIteratorOfDataMapOfIntegerBoolean.hxx
+M MeshVS:derivated:MeshVS_DataMapIteratorOfDataMapOfIntegerBoolean_0.cxx /misc/dn61/LocalWOK/wok_entities/LOC/dev/CR0-OCCT691-7-CR0-OCCT691-occt-64/drv/MeshVS/MeshVS_DataMapIteratorOfDataMapOfIntegerBoolean_0.cxx
+M MeshVS:pubinclude:Handle_MeshVS_DataMapNodeOfDataMapOfIntegerOwner.hxx /misc/dn61/LocalWOK/wok_entities/LOC/dev/CR0-OCCT691-7-CR0-OCCT691-occt-64/inc/Handle_MeshVS_DataMapNodeOfDataMapOfIntegerOwner.hxx
+M MeshVS:pubinclude:MeshVS_DataMapNodeOfDataMapOfIntegerOwner.hxx /misc/dn61/LocalWOK/wok_entities/LOC/dev/CR0-OCCT691-7-CR0-OCCT691-occt-64/inc/MeshVS_DataMapNodeOfDataMapOfIntegerOwner.hxx
+M MeshVS:derivated:MeshVS_DataMapNodeOfDataMapOfIntegerOwner_0.cxx /misc/dn61/LocalWOK/wok_entities/LOC/dev/CR0-OCCT691-7-CR0-OCCT691-occt-64/drv/MeshVS/MeshVS_DataMapNodeOfDataMapOfIntegerOwner_0.cxx
+M MeshVS:pubinclude:MeshVS_DataMapIteratorOfDataMapOfIntegerOwner.hxx /misc/dn61/LocalWOK/wok_entities/LOC/dev/CR0-OCCT691-7-CR0-OCCT691-occt-64/inc/MeshVS_DataMapIteratorOfDataMapOfIntegerOwner.hxx
+M MeshVS:derivated:MeshVS_DataMapIteratorOfDataMapOfIntegerOwner_0.cxx /misc/dn61/LocalWOK/wok_entities/LOC/dev/CR0-OCCT691-7-CR0-OCCT691-occt-64/drv/MeshVS/MeshVS_DataMapIteratorOfDataMapOfIntegerOwner_0.cxx
+M MeshVS:pubinclude:Handle_MeshVS_DataMapNodeOfDataMapOfIntegerMeshEntityOwner.hxx /misc/dn61/LocalWOK/wok_entities/LOC/dev/CR0-OCCT691-7-CR0-OCCT691-occt-64/inc/Handle_MeshVS_DataMapNodeOfDataMapOfIntegerMeshEntityOwner.hxx
+M MeshVS:pubinclude:MeshVS_DataMapNodeOfDataMapOfIntegerMeshEntityOwner.hxx /misc/dn61/LocalWOK/wok_entities/LOC/dev/CR0-OCCT691-7-CR0-OCCT691-occt-64/inc/MeshVS_DataMapNodeOfDataMapOfIntegerMeshEntityOwner.hxx
+M MeshVS:derivated:MeshVS_DataMapNodeOfDataMapOfIntegerMeshEntityOwner_0.cxx /misc/dn61/LocalWOK/wok_entities/LOC/dev/CR0-OCCT691-7-CR0-OCCT691-occt-64/drv/MeshVS/MeshVS_DataMapNodeOfDataMapOfIntegerMeshEntityOwner_0.cxx
+M MeshVS:pubinclude:MeshVS_DataMapIteratorOfDataMapOfIntegerMeshEntityOwner.hxx /misc/dn61/LocalWOK/wok_entities/LOC/dev/CR0-OCCT691-7-CR0-OCCT691-occt-64/inc/MeshVS_DataMapIteratorOfDataMapOfIntegerMeshEntityOwner.hxx
+M MeshVS:derivated:MeshVS_DataMapIteratorOfDataMapOfIntegerMeshEntityOwner_0.cxx /misc/dn61/LocalWOK/wok_entities/LOC/dev/CR0-OCCT691-7-CR0-OCCT691-occt-64/drv/MeshVS/MeshVS_DataMapIteratorOfDataMapOfIntegerMeshEntityOwner_0.cxx
+M MeshVS:pubinclude:Handle_MeshVS_DataMapNodeOfDataMapOfIntegerAsciiString.hxx /misc/dn61/LocalWOK/wok_entities/LOC/dev/CR0-OCCT691-7-CR0-OCCT691-occt-64/inc/Handle_MeshVS_DataMapNodeOfDataMapOfIntegerAsciiString.hxx
+M MeshVS:pubinclude:MeshVS_DataMapNodeOfDataMapOfIntegerAsciiString.hxx /misc/dn61/LocalWOK/wok_entities/LOC/dev/CR0-OCCT691-7-CR0-OCCT691-occt-64/inc/MeshVS_DataMapNodeOfDataMapOfIntegerAsciiString.hxx
+M MeshVS:derivated:MeshVS_DataMapNodeOfDataMapOfIntegerAsciiString_0.cxx /misc/dn61/LocalWOK/wok_entities/LOC/dev/CR0-OCCT691-7-CR0-OCCT691-occt-64/drv/MeshVS/MeshVS_DataMapNodeOfDataMapOfIntegerAsciiString_0.cxx
+M MeshVS:pubinclude:MeshVS_DataMapIteratorOfDataMapOfIntegerAsciiString.hxx /misc/dn61/LocalWOK/wok_entities/LOC/dev/CR0-OCCT691-7-CR0-OCCT691-occt-64/inc/MeshVS_DataMapIteratorOfDataMapOfIntegerAsciiString.hxx
+M MeshVS:derivated:MeshVS_DataMapIteratorOfDataMapOfIntegerAsciiString_0.cxx /misc/dn61/LocalWOK/wok_entities/LOC/dev/CR0-OCCT691-7-CR0-OCCT691-occt-64/drv/MeshVS/MeshVS_DataMapIteratorOfDataMapOfIntegerAsciiString_0.cxx
+M MeshVS:pubinclude:Handle_MeshVS_DataMapNodeOfDataMapOfIntegerTwoColors.hxx /misc/dn61/LocalWOK/wok_entities/LOC/dev/CR0-OCCT691-7-CR0-OCCT691-occt-64/inc/Handle_MeshVS_DataMapNodeOfDataMapOfIntegerTwoColors.hxx
+M MeshVS:pubinclude:MeshVS_DataMapNodeOfDataMapOfIntegerTwoColors.hxx /misc/dn61/LocalWOK/wok_entities/LOC/dev/CR0-OCCT691-7-CR0-OCCT691-occt-64/inc/MeshVS_DataMapNodeOfDataMapOfIntegerTwoColors.hxx
+M MeshVS:derivated:MeshVS_DataMapNodeOfDataMapOfIntegerTwoColors_0.cxx /misc/dn61/LocalWOK/wok_entities/LOC/dev/CR0-OCCT691-7-CR0-OCCT691-occt-64/drv/MeshVS/MeshVS_DataMapNodeOfDataMapOfIntegerTwoColors_0.cxx
+M MeshVS:pubinclude:MeshVS_DataMapIteratorOfDataMapOfIntegerTwoColors.hxx /misc/dn61/LocalWOK/wok_entities/LOC/dev/CR0-OCCT691-7-CR0-OCCT691-occt-64/inc/MeshVS_DataMapIteratorOfDataMapOfIntegerTwoColors.hxx
+M MeshVS:derivated:MeshVS_DataMapIteratorOfDataMapOfIntegerTwoColors_0.cxx /misc/dn61/LocalWOK/wok_entities/LOC/dev/CR0-OCCT691-7-CR0-OCCT691-occt-64/drv/MeshVS/MeshVS_DataMapIteratorOfDataMapOfIntegerTwoColors_0.cxx
+M MeshVS:pubinclude:Handle_MeshVS_DataMapNodeOfDataMapOfIntegerVector.hxx /misc/dn61/LocalWOK/wok_entities/LOC/dev/CR0-OCCT691-7-CR0-OCCT691-occt-64/inc/Handle_MeshVS_DataMapNodeOfDataMapOfIntegerVector.hxx
+M MeshVS:pubinclude:MeshVS_DataMapNodeOfDataMapOfIntegerVector.hxx /misc/dn61/LocalWOK/wok_entities/LOC/dev/CR0-OCCT691-7-CR0-OCCT691-occt-64/inc/MeshVS_DataMapNodeOfDataMapOfIntegerVector.hxx
+M MeshVS:derivated:MeshVS_DataMapNodeOfDataMapOfIntegerVector_0.cxx /misc/dn61/LocalWOK/wok_entities/LOC/dev/CR0-OCCT691-7-CR0-OCCT691-occt-64/drv/MeshVS/MeshVS_DataMapNodeOfDataMapOfIntegerVector_0.cxx
+M MeshVS:pubinclude:MeshVS_DataMapIteratorOfDataMapOfIntegerVector.hxx /misc/dn61/LocalWOK/wok_entities/LOC/dev/CR0-OCCT691-7-CR0-OCCT691-occt-64/inc/MeshVS_DataMapIteratorOfDataMapOfIntegerVector.hxx
+M MeshVS:derivated:MeshVS_DataMapIteratorOfDataMapOfIntegerVector_0.cxx /misc/dn61/LocalWOK/wok_entities/LOC/dev/CR0-OCCT691-7-CR0-OCCT691-occt-64/drv/MeshVS/MeshVS_DataMapIteratorOfDataMapOfIntegerVector_0.cxx
+M MeshVS:pubinclude:Handle_MeshVS_DataMapNodeOfDataMapOfTwoColorsMapOfInteger.hxx /misc/dn61/LocalWOK/wok_entities/LOC/dev/CR0-OCCT691-7-CR0-OCCT691-occt-64/inc/Handle_MeshVS_DataMapNodeOfDataMapOfTwoColorsMapOfInteger.hxx
+M MeshVS:pubinclude:MeshVS_DataMapNodeOfDataMapOfTwoColorsMapOfInteger.hxx /misc/dn61/LocalWOK/wok_entities/LOC/dev/CR0-OCCT691-7-CR0-OCCT691-occt-64/inc/MeshVS_DataMapNodeOfDataMapOfTwoColorsMapOfInteger.hxx
+M MeshVS:derivated:MeshVS_DataMapNodeOfDataMapOfTwoColorsMapOfInteger_0.cxx /misc/dn61/LocalWOK/wok_entities/LOC/dev/CR0-OCCT691-7-CR0-OCCT691-occt-64/drv/MeshVS/MeshVS_DataMapNodeOfDataMapOfTwoColorsMapOfInteger_0.cxx
+M MeshVS:pubinclude:MeshVS_DataMapIteratorOfDataMapOfTwoColorsMapOfInteger.hxx /misc/dn61/LocalWOK/wok_entities/LOC/dev/CR0-OCCT691-7-CR0-OCCT691-occt-64/inc/MeshVS_DataMapIteratorOfDataMapOfTwoColorsMapOfInteger.hxx
+M MeshVS:derivated:MeshVS_DataMapIteratorOfDataMapOfTwoColorsMapOfInteger_0.cxx /misc/dn61/LocalWOK/wok_entities/LOC/dev/CR0-OCCT691-7-CR0-OCCT691-occt-64/drv/MeshVS/MeshVS_DataMapIteratorOfDataMapOfTwoColorsMapOfInteger_0.cxx
+M MeshVS:pubinclude:Handle_MeshVS_DataMapNodeOfDataMapOfColorMapOfInteger.hxx /misc/dn61/LocalWOK/wok_entities/LOC/dev/CR0-OCCT691-7-CR0-OCCT691-occt-64/inc/Handle_MeshVS_DataMapNodeOfDataMapOfColorMapOfInteger.hxx
+M MeshVS:pubinclude:MeshVS_DataMapNodeOfDataMapOfColorMapOfInteger.hxx /misc/dn61/LocalWOK/wok_entities/LOC/dev/CR0-OCCT691-7-CR0-OCCT691-occt-64/inc/MeshVS_DataMapNodeOfDataMapOfColorMapOfInteger.hxx
+M MeshVS:derivated:MeshVS_DataMapNodeOfDataMapOfColorMapOfInteger_0.cxx /misc/dn61/LocalWOK/wok_entities/LOC/dev/CR0-OCCT691-7-CR0-OCCT691-occt-64/drv/MeshVS/MeshVS_DataMapNodeOfDataMapOfColorMapOfInteger_0.cxx
+M MeshVS:pubinclude:MeshVS_DataMapIteratorOfDataMapOfColorMapOfInteger.hxx /misc/dn61/LocalWOK/wok_entities/LOC/dev/CR0-OCCT691-7-CR0-OCCT691-occt-64/inc/MeshVS_DataMapIteratorOfDataMapOfColorMapOfInteger.hxx
+M MeshVS:derivated:MeshVS_DataMapIteratorOfDataMapOfColorMapOfInteger_0.cxx /misc/dn61/LocalWOK/wok_entities/LOC/dev/CR0-OCCT691-7-CR0-OCCT691-occt-64/drv/MeshVS/MeshVS_DataMapIteratorOfDataMapOfColorMapOfInteger_0.cxx
+M MeshVS:pubinclude:Handle_MeshVS_DataMapNodeOfDataMapOfHArray1OfSequenceOfInteger.hxx /misc/dn61/LocalWOK/wok_entities/LOC/dev/CR0-OCCT691-7-CR0-OCCT691-occt-64/inc/Handle_MeshVS_DataMapNodeOfDataMapOfHArray1OfSequenceOfInteger.hxx
+M MeshVS:pubinclude:MeshVS_DataMapNodeOfDataMapOfHArray1OfSequenceOfInteger.hxx /misc/dn61/LocalWOK/wok_entities/LOC/dev/CR0-OCCT691-7-CR0-OCCT691-occt-64/inc/MeshVS_DataMapNodeOfDataMapOfHArray1OfSequenceOfInteger.hxx
+M MeshVS:derivated:MeshVS_DataMapNodeOfDataMapOfHArray1OfSequenceOfInteger_0.cxx /misc/dn61/LocalWOK/wok_entities/LOC/dev/CR0-OCCT691-7-CR0-OCCT691-occt-64/drv/MeshVS/MeshVS_DataMapNodeOfDataMapOfHArray1OfSequenceOfInteger_0.cxx
+M MeshVS:pubinclude:MeshVS_DataMapIteratorOfDataMapOfHArray1OfSequenceOfInteger.hxx /misc/dn61/LocalWOK/wok_entities/LOC/dev/CR0-OCCT691-7-CR0-OCCT691-occt-64/inc/MeshVS_DataMapIteratorOfDataMapOfHArray1OfSequenceOfInteger.hxx
+M MeshVS:derivated:MeshVS_DataMapIteratorOfDataMapOfHArray1OfSequenceOfInteger_0.cxx /misc/dn61/LocalWOK/wok_entities/LOC/dev/CR0-OCCT691-7-CR0-OCCT691-occt-64/drv/MeshVS/MeshVS_DataMapIteratorOfDataMapOfHArray1OfSequenceOfInteger_0.cxx
+M MeshVS:pubinclude:Handle_MeshVS_StdMapNodeOfMapOfTwoNodes.hxx /misc/dn61/LocalWOK/wok_entities/LOC/dev/CR0-OCCT691-7-CR0-OCCT691-occt-64/inc/Handle_MeshVS_StdMapNodeOfMapOfTwoNodes.hxx
+M MeshVS:pubinclude:MeshVS_StdMapNodeOfMapOfTwoNodes.hxx /misc/dn61/LocalWOK/wok_entities/LOC/dev/CR0-OCCT691-7-CR0-OCCT691-occt-64/inc/MeshVS_StdMapNodeOfMapOfTwoNodes.hxx
+M MeshVS:derivated:MeshVS_StdMapNodeOfMapOfTwoNodes_0.cxx /misc/dn61/LocalWOK/wok_entities/LOC/dev/CR0-OCCT691-7-CR0-OCCT691-occt-64/drv/MeshVS/MeshVS_StdMapNodeOfMapOfTwoNodes_0.cxx
+M MeshVS:pubinclude:MeshVS_MapIteratorOfMapOfTwoNodes.hxx /misc/dn61/LocalWOK/wok_entities/LOC/dev/CR0-OCCT691-7-CR0-OCCT691-occt-64/inc/MeshVS_MapIteratorOfMapOfTwoNodes.hxx
+M MeshVS:derivated:MeshVS_MapIteratorOfMapOfTwoNodes_0.cxx /misc/dn61/LocalWOK/wok_entities/LOC/dev/CR0-OCCT691-7-CR0-OCCT691-occt-64/drv/MeshVS/MeshVS_MapIteratorOfMapOfTwoNodes_0.cxx
+M MeshVS:pubinclude:MeshVS_DrawerAttribute.hxx /misc/dn61/LocalWOK/wok_entities/LOC/dev/CR0-OCCT691-7-CR0-OCCT691-occt-64/inc/MeshVS_DrawerAttribute.hxx
+M MeshVS:pubinclude:MeshVS_MeshSelectionMethod.hxx /misc/dn61/LocalWOK/wok_entities/LOC/dev/CR0-OCCT691-7-CR0-OCCT691-occt-64/inc/MeshVS_MeshSelectionMethod.hxx
+M MeshVS:pubinclude:MeshVS_MeshPtr.hxx /misc/dn61/LocalWOK/wok_entities/LOC/dev/CR0-OCCT691-7-CR0-OCCT691-occt-64/inc/MeshVS_MeshPtr.hxx
+M MeshVS:dbadmfile:MeshVS_xcpp_header.In /misc/dn61/LocalWOK/wok_entities/LOC/dev/CR0-OCCT691-7-CR0-OCCT691-occt-64/drv/MeshVS/.adm/MeshVS_xcpp_header.In
+M MeshVS:dbadmfile:MeshVS_xcpp_header.Out /misc/dn61/LocalWOK/wok_entities/LOC/dev/CR0-OCCT691-7-CR0-OCCT691-occt-64/drv/MeshVS/.adm/MeshVS_xcpp_header.Out
+M MeshVS:dbadmfile:MeshVS_xcpp_header.Dep /misc/dn61/LocalWOK/wok_entities/LOC/dev/CR0-OCCT691-7-CR0-OCCT691-occt-64/drv/MeshVS/.adm/MeshVS_xcpp_header.Dep
