+M IGESBasic:pubinclude:IGESBasic.hxx /misc/dn61/LocalWOK/wok_entities/LOC/dev/CR0-OCCT691-7-CR0-OCCT691-occt-64/inc/IGESBasic.hxx
+M IGESBasic:privinclude:IGESBasic.jxx /misc/dn61/LocalWOK/wok_entities/LOC/dev/CR0-OCCT691-7-CR0-OCCT691-occt-64/drv/IGESBasic/IGESBasic.jxx
+M IGESBasic:privinclude:IGESBasic.ixx /misc/dn61/LocalWOK/wok_entities/LOC/dev/CR0-OCCT691-7-CR0-OCCT691-occt-64/drv/IGESBasic/IGESBasic.ixx
+M IGESBasic:pubinclude:Handle_IGESBasic_SubfigureDef.hxx /misc/dn61/LocalWOK/wok_entities/LOC/dev/CR0-OCCT691-7-CR0-OCCT691-occt-64/inc/Handle_IGESBasic_SubfigureDef.hxx
+M IGESBasic:pubinclude:IGESBasic_SubfigureDef.hxx /misc/dn61/LocalWOK/wok_entities/LOC/dev/CR0-OCCT691-7-CR0-OCCT691-occt-64/inc/IGESBasic_SubfigureDef.hxx
+M IGESBasic:privinclude:IGESBasic_SubfigureDef.jxx /misc/dn61/LocalWOK/wok_entities/LOC/dev/CR0-OCCT691-7-CR0-OCCT691-occt-64/drv/IGESBasic/IGESBasic_SubfigureDef.jxx
+M IGESBasic:privinclude:IGESBasic_SubfigureDef.ixx /misc/dn61/LocalWOK/wok_entities/LOC/dev/CR0-OCCT691-7-CR0-OCCT691-occt-64/drv/IGESBasic/IGESBasic_SubfigureDef.ixx
+M IGESBasic:pubinclude:Handle_IGESBasic_Group.hxx /misc/dn61/LocalWOK/wok_entities/LOC/dev/CR0-OCCT691-7-CR0-OCCT691-occt-64/inc/Handle_IGESBasic_Group.hxx
+M IGESBasic:pubinclude:IGESBasic_Group.hxx /misc/dn61/LocalWOK/wok_entities/LOC/dev/CR0-OCCT691-7-CR0-OCCT691-occt-64/inc/IGESBasic_Group.hxx
+M IGESBasic:privinclude:IGESBasic_Group.jxx /misc/dn61/LocalWOK/wok_entities/LOC/dev/CR0-OCCT691-7-CR0-OCCT691-occt-64/drv/IGESBasic/IGESBasic_Group.jxx
+M IGESBasic:privinclude:IGESBasic_Group.ixx /misc/dn61/LocalWOK/wok_entities/LOC/dev/CR0-OCCT691-7-CR0-OCCT691-occt-64/drv/IGESBasic/IGESBasic_Group.ixx
+M IGESBasic:pubinclude:Handle_IGESBasic_GroupWithoutBackP.hxx /misc/dn61/LocalWOK/wok_entities/LOC/dev/CR0-OCCT691-7-CR0-OCCT691-occt-64/inc/Handle_IGESBasic_GroupWithoutBackP.hxx
+M IGESBasic:pubinclude:IGESBasic_GroupWithoutBackP.hxx /misc/dn61/LocalWOK/wok_entities/LOC/dev/CR0-OCCT691-7-CR0-OCCT691-occt-64/inc/IGESBasic_GroupWithoutBackP.hxx
+M IGESBasic:privinclude:IGESBasic_GroupWithoutBackP.jxx /misc/dn61/LocalWOK/wok_entities/LOC/dev/CR0-OCCT691-7-CR0-OCCT691-occt-64/drv/IGESBasic/IGESBasic_GroupWithoutBackP.jxx
+M IGESBasic:privinclude:IGESBasic_GroupWithoutBackP.ixx /misc/dn61/LocalWOK/wok_entities/LOC/dev/CR0-OCCT691-7-CR0-OCCT691-occt-64/drv/IGESBasic/IGESBasic_GroupWithoutBackP.ixx
+M IGESBasic:pubinclude:Handle_IGESBasic_SingleParent.hxx /misc/dn61/LocalWOK/wok_entities/LOC/dev/CR0-OCCT691-7-CR0-OCCT691-occt-64/inc/Handle_IGESBasic_SingleParent.hxx
+M IGESBasic:pubinclude:IGESBasic_SingleParent.hxx /misc/dn61/LocalWOK/wok_entities/LOC/dev/CR0-OCCT691-7-CR0-OCCT691-occt-64/inc/IGESBasic_SingleParent.hxx
+M IGESBasic:privinclude:IGESBasic_SingleParent.jxx /misc/dn61/LocalWOK/wok_entities/LOC/dev/CR0-OCCT691-7-CR0-OCCT691-occt-64/drv/IGESBasic/IGESBasic_SingleParent.jxx
+M IGESBasic:privinclude:IGESBasic_SingleParent.ixx /misc/dn61/LocalWOK/wok_entities/LOC/dev/CR0-OCCT691-7-CR0-OCCT691-occt-64/drv/IGESBasic/IGESBasic_SingleParent.ixx
+M IGESBasic:pubinclude:Handle_IGESBasic_ExternalRefFileIndex.hxx /misc/dn61/LocalWOK/wok_entities/LOC/dev/CR0-OCCT691-7-CR0-OCCT691-occt-64/inc/Handle_IGESBasic_ExternalRefFileIndex.hxx
+M IGESBasic:pubinclude:IGESBasic_ExternalRefFileIndex.hxx /misc/dn61/LocalWOK/wok_entities/LOC/dev/CR0-OCCT691-7-CR0-OCCT691-occt-64/inc/IGESBasic_ExternalRefFileIndex.hxx
+M IGESBasic:privinclude:IGESBasic_ExternalRefFileIndex.jxx /misc/dn61/LocalWOK/wok_entities/LOC/dev/CR0-OCCT691-7-CR0-OCCT691-occt-64/drv/IGESBasic/IGESBasic_ExternalRefFileIndex.jxx
+M IGESBasic:privinclude:IGESBasic_ExternalRefFileIndex.ixx /misc/dn61/LocalWOK/wok_entities/LOC/dev/CR0-OCCT691-7-CR0-OCCT691-occt-64/drv/IGESBasic/IGESBasic_ExternalRefFileIndex.ixx
+M IGESBasic:pubinclude:Handle_IGESBasic_OrderedGroup.hxx /misc/dn61/LocalWOK/wok_entities/LOC/dev/CR0-OCCT691-7-CR0-OCCT691-occt-64/inc/Handle_IGESBasic_OrderedGroup.hxx
+M IGESBasic:pubinclude:IGESBasic_OrderedGroup.hxx /misc/dn61/LocalWOK/wok_entities/LOC/dev/CR0-OCCT691-7-CR0-OCCT691-occt-64/inc/IGESBasic_OrderedGroup.hxx
+M IGESBasic:privinclude:IGESBasic_OrderedGroup.jxx /misc/dn61/LocalWOK/wok_entities/LOC/dev/CR0-OCCT691-7-CR0-OCCT691-occt-64/drv/IGESBasic/IGESBasic_OrderedGroup.jxx
+M IGESBasic:privinclude:IGESBasic_OrderedGroup.ixx /misc/dn61/LocalWOK/wok_entities/LOC/dev/CR0-OCCT691-7-CR0-OCCT691-occt-64/drv/IGESBasic/IGESBasic_OrderedGroup.ixx
+M IGESBasic:pubinclude:Handle_IGESBasic_OrderedGroupWithoutBackP.hxx /misc/dn61/LocalWOK/wok_entities/LOC/dev/CR0-OCCT691-7-CR0-OCCT691-occt-64/inc/Handle_IGESBasic_OrderedGroupWithoutBackP.hxx
+M IGESBasic:pubinclude:IGESBasic_OrderedGroupWithoutBackP.hxx /misc/dn61/LocalWOK/wok_entities/LOC/dev/CR0-OCCT691-7-CR0-OCCT691-occt-64/inc/IGESBasic_OrderedGroupWithoutBackP.hxx
+M IGESBasic:privinclude:IGESBasic_OrderedGroupWithoutBackP.jxx /misc/dn61/LocalWOK/wok_entities/LOC/dev/CR0-OCCT691-7-CR0-OCCT691-occt-64/drv/IGESBasic/IGESBasic_OrderedGroupWithoutBackP.jxx
+M IGESBasic:privinclude:IGESBasic_OrderedGroupWithoutBackP.ixx /misc/dn61/LocalWOK/wok_entities/LOC/dev/CR0-OCCT691-7-CR0-OCCT691-occt-64/drv/IGESBasic/IGESBasic_OrderedGroupWithoutBackP.ixx
+M IGESBasic:pubinclude:Handle_IGESBasic_Hierarchy.hxx /misc/dn61/LocalWOK/wok_entities/LOC/dev/CR0-OCCT691-7-CR0-OCCT691-occt-64/inc/Handle_IGESBasic_Hierarchy.hxx
+M IGESBasic:pubinclude:IGESBasic_Hierarchy.hxx /misc/dn61/LocalWOK/wok_entities/LOC/dev/CR0-OCCT691-7-CR0-OCCT691-occt-64/inc/IGESBasic_Hierarchy.hxx
+M IGESBasic:privinclude:IGESBasic_Hierarchy.jxx /misc/dn61/LocalWOK/wok_entities/LOC/dev/CR0-OCCT691-7-CR0-OCCT691-occt-64/drv/IGESBasic/IGESBasic_Hierarchy.jxx
+M IGESBasic:privinclude:IGESBasic_Hierarchy.ixx /misc/dn61/LocalWOK/wok_entities/LOC/dev/CR0-OCCT691-7-CR0-OCCT691-occt-64/drv/IGESBasic/IGESBasic_Hierarchy.ixx
+M IGESBasic:pubinclude:Handle_IGESBasic_ExternalReferenceFile.hxx /misc/dn61/LocalWOK/wok_entities/LOC/dev/CR0-OCCT691-7-CR0-OCCT691-occt-64/inc/Handle_IGESBasic_ExternalReferenceFile.hxx
+M IGESBasic:pubinclude:IGESBasic_ExternalReferenceFile.hxx /misc/dn61/LocalWOK/wok_entities/LOC/dev/CR0-OCCT691-7-CR0-OCCT691-occt-64/inc/IGESBasic_ExternalReferenceFile.hxx
+M IGESBasic:privinclude:IGESBasic_ExternalReferenceFile.jxx /misc/dn61/LocalWOK/wok_entities/LOC/dev/CR0-OCCT691-7-CR0-OCCT691-occt-64/drv/IGESBasic/IGESBasic_ExternalReferenceFile.jxx
+M IGESBasic:privinclude:IGESBasic_ExternalReferenceFile.ixx /misc/dn61/LocalWOK/wok_entities/LOC/dev/CR0-OCCT691-7-CR0-OCCT691-occt-64/drv/IGESBasic/IGESBasic_ExternalReferenceFile.ixx
+M IGESBasic:pubinclude:Handle_IGESBasic_Name.hxx /misc/dn61/LocalWOK/wok_entities/LOC/dev/CR0-OCCT691-7-CR0-OCCT691-occt-64/inc/Handle_IGESBasic_Name.hxx
+M IGESBasic:pubinclude:IGESBasic_Name.hxx /misc/dn61/LocalWOK/wok_entities/LOC/dev/CR0-OCCT691-7-CR0-OCCT691-occt-64/inc/IGESBasic_Name.hxx
+M IGESBasic:privinclude:IGESBasic_Name.jxx /misc/dn61/LocalWOK/wok_entities/LOC/dev/CR0-OCCT691-7-CR0-OCCT691-occt-64/drv/IGESBasic/IGESBasic_Name.jxx
+M IGESBasic:privinclude:IGESBasic_Name.ixx /misc/dn61/LocalWOK/wok_entities/LOC/dev/CR0-OCCT691-7-CR0-OCCT691-occt-64/drv/IGESBasic/IGESBasic_Name.ixx
+M IGESBasic:pubinclude:Handle_IGESBasic_AssocGroupType.hxx /misc/dn61/LocalWOK/wok_entities/LOC/dev/CR0-OCCT691-7-CR0-OCCT691-occt-64/inc/Handle_IGESBasic_AssocGroupType.hxx
+M IGESBasic:pubinclude:IGESBasic_AssocGroupType.hxx /misc/dn61/LocalWOK/wok_entities/LOC/dev/CR0-OCCT691-7-CR0-OCCT691-occt-64/inc/IGESBasic_AssocGroupType.hxx
+M IGESBasic:privinclude:IGESBasic_AssocGroupType.jxx /misc/dn61/LocalWOK/wok_entities/LOC/dev/CR0-OCCT691-7-CR0-OCCT691-occt-64/drv/IGESBasic/IGESBasic_AssocGroupType.jxx
+M IGESBasic:privinclude:IGESBasic_AssocGroupType.ixx /misc/dn61/LocalWOK/wok_entities/LOC/dev/CR0-OCCT691-7-CR0-OCCT691-occt-64/drv/IGESBasic/IGESBasic_AssocGroupType.ixx
+M IGESBasic:pubinclude:Handle_IGESBasic_SingularSubfigure.hxx /misc/dn61/LocalWOK/wok_entities/LOC/dev/CR0-OCCT691-7-CR0-OCCT691-occt-64/inc/Handle_IGESBasic_SingularSubfigure.hxx
+M IGESBasic:pubinclude:IGESBasic_SingularSubfigure.hxx /misc/dn61/LocalWOK/wok_entities/LOC/dev/CR0-OCCT691-7-CR0-OCCT691-occt-64/inc/IGESBasic_SingularSubfigure.hxx
+M IGESBasic:privinclude:IGESBasic_SingularSubfigure.jxx /misc/dn61/LocalWOK/wok_entities/LOC/dev/CR0-OCCT691-7-CR0-OCCT691-occt-64/drv/IGESBasic/IGESBasic_SingularSubfigure.jxx
+M IGESBasic:privinclude:IGESBasic_SingularSubfigure.ixx /misc/dn61/LocalWOK/wok_entities/LOC/dev/CR0-OCCT691-7-CR0-OCCT691-occt-64/drv/IGESBasic/IGESBasic_SingularSubfigure.ixx
+M IGESBasic:pubinclude:Handle_IGESBasic_ExternalRefFileName.hxx /misc/dn61/LocalWOK/wok_entities/LOC/dev/CR0-OCCT691-7-CR0-OCCT691-occt-64/inc/Handle_IGESBasic_ExternalRefFileName.hxx
+M IGESBasic:pubinclude:IGESBasic_ExternalRefFileName.hxx /misc/dn61/LocalWOK/wok_entities/LOC/dev/CR0-OCCT691-7-CR0-OCCT691-occt-64/inc/IGESBasic_ExternalRefFileName.hxx
+M IGESBasic:privinclude:IGESBasic_ExternalRefFileName.jxx /misc/dn61/LocalWOK/wok_entities/LOC/dev/CR0-OCCT691-7-CR0-OCCT691-occt-64/drv/IGESBasic/IGESBasic_ExternalRefFileName.jxx
+M IGESBasic:privinclude:IGESBasic_ExternalRefFileName.ixx /misc/dn61/LocalWOK/wok_entities/LOC/dev/CR0-OCCT691-7-CR0-OCCT691-occt-64/drv/IGESBasic/IGESBasic_ExternalRefFileName.ixx
+M IGESBasic:pubinclude:Handle_IGESBasic_ExternalRefFile.hxx /misc/dn61/LocalWOK/wok_entities/LOC/dev/CR0-OCCT691-7-CR0-OCCT691-occt-64/inc/Handle_IGESBasic_ExternalRefFile.hxx
+M IGESBasic:pubinclude:IGESBasic_ExternalRefFile.hxx /misc/dn61/LocalWOK/wok_entities/LOC/dev/CR0-OCCT691-7-CR0-OCCT691-occt-64/inc/IGESBasic_ExternalRefFile.hxx
+M IGESBasic:privinclude:IGESBasic_ExternalRefFile.jxx /misc/dn61/LocalWOK/wok_entities/LOC/dev/CR0-OCCT691-7-CR0-OCCT691-occt-64/drv/IGESBasic/IGESBasic_ExternalRefFile.jxx
+M IGESBasic:privinclude:IGESBasic_ExternalRefFile.ixx /misc/dn61/LocalWOK/wok_entities/LOC/dev/CR0-OCCT691-7-CR0-OCCT691-occt-64/drv/IGESBasic/IGESBasic_ExternalRefFile.ixx
+M IGESBasic:pubinclude:Handle_IGESBasic_ExternalRefName.hxx /misc/dn61/LocalWOK/wok_entities/LOC/dev/CR0-OCCT691-7-CR0-OCCT691-occt-64/inc/Handle_IGESBasic_ExternalRefName.hxx
+M IGESBasic:pubinclude:IGESBasic_ExternalRefName.hxx /misc/dn61/LocalWOK/wok_entities/LOC/dev/CR0-OCCT691-7-CR0-OCCT691-occt-64/inc/IGESBasic_ExternalRefName.hxx
+M IGESBasic:privinclude:IGESBasic_ExternalRefName.jxx /misc/dn61/LocalWOK/wok_entities/LOC/dev/CR0-OCCT691-7-CR0-OCCT691-occt-64/drv/IGESBasic/IGESBasic_ExternalRefName.jxx
+M IGESBasic:privinclude:IGESBasic_ExternalRefName.ixx /misc/dn61/LocalWOK/wok_entities/LOC/dev/CR0-OCCT691-7-CR0-OCCT691-occt-64/drv/IGESBasic/IGESBasic_ExternalRefName.ixx
+M IGESBasic:pubinclude:Handle_IGESBasic_ExternalRefLibName.hxx /misc/dn61/LocalWOK/wok_entities/LOC/dev/CR0-OCCT691-7-CR0-OCCT691-occt-64/inc/Handle_IGESBasic_ExternalRefLibName.hxx
+M IGESBasic:pubinclude:IGESBasic_ExternalRefLibName.hxx /misc/dn61/LocalWOK/wok_entities/LOC/dev/CR0-OCCT691-7-CR0-OCCT691-occt-64/inc/IGESBasic_ExternalRefLibName.hxx
+M IGESBasic:privinclude:IGESBasic_ExternalRefLibName.jxx /misc/dn61/LocalWOK/wok_entities/LOC/dev/CR0-OCCT691-7-CR0-OCCT691-occt-64/drv/IGESBasic/IGESBasic_ExternalRefLibName.jxx
+M IGESBasic:privinclude:IGESBasic_ExternalRefLibName.ixx /misc/dn61/LocalWOK/wok_entities/LOC/dev/CR0-OCCT691-7-CR0-OCCT691-occt-64/drv/IGESBasic/IGESBasic_ExternalRefLibName.ixx
+M IGESBasic:pubinclude:IGESBasic_ToolSubfigureDef.hxx /misc/dn61/LocalWOK/wok_entities/LOC/dev/CR0-OCCT691-7-CR0-OCCT691-occt-64/inc/IGESBasic_ToolSubfigureDef.hxx
+M IGESBasic:privinclude:IGESBasic_ToolSubfigureDef.jxx /misc/dn61/LocalWOK/wok_entities/LOC/dev/CR0-OCCT691-7-CR0-OCCT691-occt-64/drv/IGESBasic/IGESBasic_ToolSubfigureDef.jxx
+M IGESBasic:privinclude:IGESBasic_ToolSubfigureDef.ixx /misc/dn61/LocalWOK/wok_entities/LOC/dev/CR0-OCCT691-7-CR0-OCCT691-occt-64/drv/IGESBasic/IGESBasic_ToolSubfigureDef.ixx
+M IGESBasic:pubinclude:IGESBasic_ToolGroup.hxx /misc/dn61/LocalWOK/wok_entities/LOC/dev/CR0-OCCT691-7-CR0-OCCT691-occt-64/inc/IGESBasic_ToolGroup.hxx
+M IGESBasic:privinclude:IGESBasic_ToolGroup.jxx /misc/dn61/LocalWOK/wok_entities/LOC/dev/CR0-OCCT691-7-CR0-OCCT691-occt-64/drv/IGESBasic/IGESBasic_ToolGroup.jxx
+M IGESBasic:privinclude:IGESBasic_ToolGroup.ixx /misc/dn61/LocalWOK/wok_entities/LOC/dev/CR0-OCCT691-7-CR0-OCCT691-occt-64/drv/IGESBasic/IGESBasic_ToolGroup.ixx
+M IGESBasic:pubinclude:IGESBasic_ToolGroupWithoutBackP.hxx /misc/dn61/LocalWOK/wok_entities/LOC/dev/CR0-OCCT691-7-CR0-OCCT691-occt-64/inc/IGESBasic_ToolGroupWithoutBackP.hxx
+M IGESBasic:privinclude:IGESBasic_ToolGroupWithoutBackP.jxx /misc/dn61/LocalWOK/wok_entities/LOC/dev/CR0-OCCT691-7-CR0-OCCT691-occt-64/drv/IGESBasic/IGESBasic_ToolGroupWithoutBackP.jxx
+M IGESBasic:privinclude:IGESBasic_ToolGroupWithoutBackP.ixx /misc/dn61/LocalWOK/wok_entities/LOC/dev/CR0-OCCT691-7-CR0-OCCT691-occt-64/drv/IGESBasic/IGESBasic_ToolGroupWithoutBackP.ixx
+M IGESBasic:pubinclude:IGESBasic_ToolSingleParent.hxx /misc/dn61/LocalWOK/wok_entities/LOC/dev/CR0-OCCT691-7-CR0-OCCT691-occt-64/inc/IGESBasic_ToolSingleParent.hxx
+M IGESBasic:privinclude:IGESBasic_ToolSingleParent.jxx /misc/dn61/LocalWOK/wok_entities/LOC/dev/CR0-OCCT691-7-CR0-OCCT691-occt-64/drv/IGESBasic/IGESBasic_ToolSingleParent.jxx
+M IGESBasic:privinclude:IGESBasic_ToolSingleParent.ixx /misc/dn61/LocalWOK/wok_entities/LOC/dev/CR0-OCCT691-7-CR0-OCCT691-occt-64/drv/IGESBasic/IGESBasic_ToolSingleParent.ixx
+M IGESBasic:pubinclude:IGESBasic_ToolExternalRefFileIndex.hxx /misc/dn61/LocalWOK/wok_entities/LOC/dev/CR0-OCCT691-7-CR0-OCCT691-occt-64/inc/IGESBasic_ToolExternalRefFileIndex.hxx
+M IGESBasic:privinclude:IGESBasic_ToolExternalRefFileIndex.jxx /misc/dn61/LocalWOK/wok_entities/LOC/dev/CR0-OCCT691-7-CR0-OCCT691-occt-64/drv/IGESBasic/IGESBasic_ToolExternalRefFileIndex.jxx
+M IGESBasic:privinclude:IGESBasic_ToolExternalRefFileIndex.ixx /misc/dn61/LocalWOK/wok_entities/LOC/dev/CR0-OCCT691-7-CR0-OCCT691-occt-64/drv/IGESBasic/IGESBasic_ToolExternalRefFileIndex.ixx
+M IGESBasic:pubinclude:IGESBasic_ToolOrderedGroup.hxx /misc/dn61/LocalWOK/wok_entities/LOC/dev/CR0-OCCT691-7-CR0-OCCT691-occt-64/inc/IGESBasic_ToolOrderedGroup.hxx
+M IGESBasic:privinclude:IGESBasic_ToolOrderedGroup.jxx /misc/dn61/LocalWOK/wok_entities/LOC/dev/CR0-OCCT691-7-CR0-OCCT691-occt-64/drv/IGESBasic/IGESBasic_ToolOrderedGroup.jxx
+M IGESBasic:privinclude:IGESBasic_ToolOrderedGroup.ixx /misc/dn61/LocalWOK/wok_entities/LOC/dev/CR0-OCCT691-7-CR0-OCCT691-occt-64/drv/IGESBasic/IGESBasic_ToolOrderedGroup.ixx
+M IGESBasic:pubinclude:IGESBasic_ToolOrderedGroupWithoutBackP.hxx /misc/dn61/LocalWOK/wok_entities/LOC/dev/CR0-OCCT691-7-CR0-OCCT691-occt-64/inc/IGESBasic_ToolOrderedGroupWithoutBackP.hxx
+M IGESBasic:privinclude:IGESBasic_ToolOrderedGroupWithoutBackP.jxx /misc/dn61/LocalWOK/wok_entities/LOC/dev/CR0-OCCT691-7-CR0-OCCT691-occt-64/drv/IGESBasic/IGESBasic_ToolOrderedGroupWithoutBackP.jxx
+M IGESBasic:privinclude:IGESBasic_ToolOrderedGroupWithoutBackP.ixx /misc/dn61/LocalWOK/wok_entities/LOC/dev/CR0-OCCT691-7-CR0-OCCT691-occt-64/drv/IGESBasic/IGESBasic_ToolOrderedGroupWithoutBackP.ixx
+M IGESBasic:pubinclude:IGESBasic_ToolHierarchy.hxx /misc/dn61/LocalWOK/wok_entities/LOC/dev/CR0-OCCT691-7-CR0-OCCT691-occt-64/inc/IGESBasic_ToolHierarchy.hxx
+M IGESBasic:privinclude:IGESBasic_ToolHierarchy.jxx /misc/dn61/LocalWOK/wok_entities/LOC/dev/CR0-OCCT691-7-CR0-OCCT691-occt-64/drv/IGESBasic/IGESBasic_ToolHierarchy.jxx
+M IGESBasic:privinclude:IGESBasic_ToolHierarchy.ixx /misc/dn61/LocalWOK/wok_entities/LOC/dev/CR0-OCCT691-7-CR0-OCCT691-occt-64/drv/IGESBasic/IGESBasic_ToolHierarchy.ixx
+M IGESBasic:pubinclude:IGESBasic_ToolExternalReferenceFile.hxx /misc/dn61/LocalWOK/wok_entities/LOC/dev/CR0-OCCT691-7-CR0-OCCT691-occt-64/inc/IGESBasic_ToolExternalReferenceFile.hxx
+M IGESBasic:privinclude:IGESBasic_ToolExternalReferenceFile.jxx /misc/dn61/LocalWOK/wok_entities/LOC/dev/CR0-OCCT691-7-CR0-OCCT691-occt-64/drv/IGESBasic/IGESBasic_ToolExternalReferenceFile.jxx
+M IGESBasic:privinclude:IGESBasic_ToolExternalReferenceFile.ixx /misc/dn61/LocalWOK/wok_entities/LOC/dev/CR0-OCCT691-7-CR0-OCCT691-occt-64/drv/IGESBasic/IGESBasic_ToolExternalReferenceFile.ixx
+M IGESBasic:pubinclude:IGESBasic_ToolName.hxx /misc/dn61/LocalWOK/wok_entities/LOC/dev/CR0-OCCT691-7-CR0-OCCT691-occt-64/inc/IGESBasic_ToolName.hxx
+M IGESBasic:privinclude:IGESBasic_ToolName.jxx /misc/dn61/LocalWOK/wok_entities/LOC/dev/CR0-OCCT691-7-CR0-OCCT691-occt-64/drv/IGESBasic/IGESBasic_ToolName.jxx
+M IGESBasic:privinclude:IGESBasic_ToolName.ixx /misc/dn61/LocalWOK/wok_entities/LOC/dev/CR0-OCCT691-7-CR0-OCCT691-occt-64/drv/IGESBasic/IGESBasic_ToolName.ixx
+M IGESBasic:pubinclude:IGESBasic_ToolAssocGroupType.hxx /misc/dn61/LocalWOK/wok_entities/LOC/dev/CR0-OCCT691-7-CR0-OCCT691-occt-64/inc/IGESBasic_ToolAssocGroupType.hxx
+M IGESBasic:privinclude:IGESBasic_ToolAssocGroupType.jxx /misc/dn61/LocalWOK/wok_entities/LOC/dev/CR0-OCCT691-7-CR0-OCCT691-occt-64/drv/IGESBasic/IGESBasic_ToolAssocGroupType.jxx
+M IGESBasic:privinclude:IGESBasic_ToolAssocGroupType.ixx /misc/dn61/LocalWOK/wok_entities/LOC/dev/CR0-OCCT691-7-CR0-OCCT691-occt-64/drv/IGESBasic/IGESBasic_ToolAssocGroupType.ixx
+M IGESBasic:pubinclude:IGESBasic_ToolSingularSubfigure.hxx /misc/dn61/LocalWOK/wok_entities/LOC/dev/CR0-OCCT691-7-CR0-OCCT691-occt-64/inc/IGESBasic_ToolSingularSubfigure.hxx
+M IGESBasic:privinclude:IGESBasic_ToolSingularSubfigure.jxx /misc/dn61/LocalWOK/wok_entities/LOC/dev/CR0-OCCT691-7-CR0-OCCT691-occt-64/drv/IGESBasic/IGESBasic_ToolSingularSubfigure.jxx
+M IGESBasic:privinclude:IGESBasic_ToolSingularSubfigure.ixx /misc/dn61/LocalWOK/wok_entities/LOC/dev/CR0-OCCT691-7-CR0-OCCT691-occt-64/drv/IGESBasic/IGESBasic_ToolSingularSubfigure.ixx
+M IGESBasic:pubinclude:IGESBasic_ToolExternalRefFileName.hxx /misc/dn61/LocalWOK/wok_entities/LOC/dev/CR0-OCCT691-7-CR0-OCCT691-occt-64/inc/IGESBasic_ToolExternalRefFileName.hxx
+M IGESBasic:privinclude:IGESBasic_ToolExternalRefFileName.jxx /misc/dn61/LocalWOK/wok_entities/LOC/dev/CR0-OCCT691-7-CR0-OCCT691-occt-64/drv/IGESBasic/IGESBasic_ToolExternalRefFileName.jxx
+M IGESBasic:privinclude:IGESBasic_ToolExternalRefFileName.ixx /misc/dn61/LocalWOK/wok_entities/LOC/dev/CR0-OCCT691-7-CR0-OCCT691-occt-64/drv/IGESBasic/IGESBasic_ToolExternalRefFileName.ixx
+M IGESBasic:pubinclude:IGESBasic_ToolExternalRefFile.hxx /misc/dn61/LocalWOK/wok_entities/LOC/dev/CR0-OCCT691-7-CR0-OCCT691-occt-64/inc/IGESBasic_ToolExternalRefFile.hxx
+M IGESBasic:privinclude:IGESBasic_ToolExternalRefFile.jxx /misc/dn61/LocalWOK/wok_entities/LOC/dev/CR0-OCCT691-7-CR0-OCCT691-occt-64/drv/IGESBasic/IGESBasic_ToolExternalRefFile.jxx
+M IGESBasic:privinclude:IGESBasic_ToolExternalRefFile.ixx /misc/dn61/LocalWOK/wok_entities/LOC/dev/CR0-OCCT691-7-CR0-OCCT691-occt-64/drv/IGESBasic/IGESBasic_ToolExternalRefFile.ixx
+M IGESBasic:pubinclude:IGESBasic_ToolExternalRefName.hxx /misc/dn61/LocalWOK/wok_entities/LOC/dev/CR0-OCCT691-7-CR0-OCCT691-occt-64/inc/IGESBasic_ToolExternalRefName.hxx
+M IGESBasic:privinclude:IGESBasic_ToolExternalRefName.jxx /misc/dn61/LocalWOK/wok_entities/LOC/dev/CR0-OCCT691-7-CR0-OCCT691-occt-64/drv/IGESBasic/IGESBasic_ToolExternalRefName.jxx
+M IGESBasic:privinclude:IGESBasic_ToolExternalRefName.ixx /misc/dn61/LocalWOK/wok_entities/LOC/dev/CR0-OCCT691-7-CR0-OCCT691-occt-64/drv/IGESBasic/IGESBasic_ToolExternalRefName.ixx
+M IGESBasic:pubinclude:IGESBasic_ToolExternalRefLibName.hxx /misc/dn61/LocalWOK/wok_entities/LOC/dev/CR0-OCCT691-7-CR0-OCCT691-occt-64/inc/IGESBasic_ToolExternalRefLibName.hxx
+M IGESBasic:privinclude:IGESBasic_ToolExternalRefLibName.jxx /misc/dn61/LocalWOK/wok_entities/LOC/dev/CR0-OCCT691-7-CR0-OCCT691-occt-64/drv/IGESBasic/IGESBasic_ToolExternalRefLibName.jxx
+M IGESBasic:privinclude:IGESBasic_ToolExternalRefLibName.ixx /misc/dn61/LocalWOK/wok_entities/LOC/dev/CR0-OCCT691-7-CR0-OCCT691-occt-64/drv/IGESBasic/IGESBasic_ToolExternalRefLibName.ixx
+M IGESBasic:pubinclude:Handle_IGESBasic_Protocol.hxx /misc/dn61/LocalWOK/wok_entities/LOC/dev/CR0-OCCT691-7-CR0-OCCT691-occt-64/inc/Handle_IGESBasic_Protocol.hxx
+M IGESBasic:pubinclude:IGESBasic_Protocol.hxx /misc/dn61/LocalWOK/wok_entities/LOC/dev/CR0-OCCT691-7-CR0-OCCT691-occt-64/inc/IGESBasic_Protocol.hxx
+M IGESBasic:privinclude:IGESBasic_Protocol.jxx /misc/dn61/LocalWOK/wok_entities/LOC/dev/CR0-OCCT691-7-CR0-OCCT691-occt-64/drv/IGESBasic/IGESBasic_Protocol.jxx
+M IGESBasic:privinclude:IGESBasic_Protocol.ixx /misc/dn61/LocalWOK/wok_entities/LOC/dev/CR0-OCCT691-7-CR0-OCCT691-occt-64/drv/IGESBasic/IGESBasic_Protocol.ixx
+M IGESBasic:pubinclude:Handle_IGESBasic_ReadWriteModule.hxx /misc/dn61/LocalWOK/wok_entities/LOC/dev/CR0-OCCT691-7-CR0-OCCT691-occt-64/inc/Handle_IGESBasic_ReadWriteModule.hxx
+M IGESBasic:pubinclude:IGESBasic_ReadWriteModule.hxx /misc/dn61/LocalWOK/wok_entities/LOC/dev/CR0-OCCT691-7-CR0-OCCT691-occt-64/inc/IGESBasic_ReadWriteModule.hxx
+M IGESBasic:privinclude:IGESBasic_ReadWriteModule.jxx /misc/dn61/LocalWOK/wok_entities/LOC/dev/CR0-OCCT691-7-CR0-OCCT691-occt-64/drv/IGESBasic/IGESBasic_ReadWriteModule.jxx
+M IGESBasic:privinclude:IGESBasic_ReadWriteModule.ixx /misc/dn61/LocalWOK/wok_entities/LOC/dev/CR0-OCCT691-7-CR0-OCCT691-occt-64/drv/IGESBasic/IGESBasic_ReadWriteModule.ixx
+M IGESBasic:pubinclude:Handle_IGESBasic_GeneralModule.hxx /misc/dn61/LocalWOK/wok_entities/LOC/dev/CR0-OCCT691-7-CR0-OCCT691-occt-64/inc/Handle_IGESBasic_GeneralModule.hxx
+M IGESBasic:pubinclude:IGESBasic_GeneralModule.hxx /misc/dn61/LocalWOK/wok_entities/LOC/dev/CR0-OCCT691-7-CR0-OCCT691-occt-64/inc/IGESBasic_GeneralModule.hxx
+M IGESBasic:privinclude:IGESBasic_GeneralModule.jxx /misc/dn61/LocalWOK/wok_entities/LOC/dev/CR0-OCCT691-7-CR0-OCCT691-occt-64/drv/IGESBasic/IGESBasic_GeneralModule.jxx
+M IGESBasic:privinclude:IGESBasic_GeneralModule.ixx /misc/dn61/LocalWOK/wok_entities/LOC/dev/CR0-OCCT691-7-CR0-OCCT691-occt-64/drv/IGESBasic/IGESBasic_GeneralModule.ixx
+M IGESBasic:pubinclude:Handle_IGESBasic_SpecificModule.hxx /misc/dn61/LocalWOK/wok_entities/LOC/dev/CR0-OCCT691-7-CR0-OCCT691-occt-64/inc/Handle_IGESBasic_SpecificModule.hxx
+M IGESBasic:pubinclude:IGESBasic_SpecificModule.hxx /misc/dn61/LocalWOK/wok_entities/LOC/dev/CR0-OCCT691-7-CR0-OCCT691-occt-64/inc/IGESBasic_SpecificModule.hxx
+M IGESBasic:privinclude:IGESBasic_SpecificModule.jxx /misc/dn61/LocalWOK/wok_entities/LOC/dev/CR0-OCCT691-7-CR0-OCCT691-occt-64/drv/IGESBasic/IGESBasic_SpecificModule.jxx
+M IGESBasic:privinclude:IGESBasic_SpecificModule.ixx /misc/dn61/LocalWOK/wok_entities/LOC/dev/CR0-OCCT691-7-CR0-OCCT691-occt-64/drv/IGESBasic/IGESBasic_SpecificModule.ixx
+M IGESBasic:pubinclude:IGESBasic_Array2OfHArray1OfReal.hxx /misc/dn61/LocalWOK/wok_entities/LOC/dev/CR0-OCCT691-7-CR0-OCCT691-occt-64/inc/IGESBasic_Array2OfHArray1OfReal.hxx
+M IGESBasic:derivated:IGESBasic_Array2OfHArray1OfReal_0.cxx /misc/dn61/LocalWOK/wok_entities/LOC/dev/CR0-OCCT691-7-CR0-OCCT691-occt-64/drv/IGESBasic/IGESBasic_Array2OfHArray1OfReal_0.cxx
+M IGESBasic:pubinclude:IGESBasic_Array1OfLineFontEntity.hxx /misc/dn61/LocalWOK/wok_entities/LOC/dev/CR0-OCCT691-7-CR0-OCCT691-occt-64/inc/IGESBasic_Array1OfLineFontEntity.hxx
+M IGESBasic:derivated:IGESBasic_Array1OfLineFontEntity_0.cxx /misc/dn61/LocalWOK/wok_entities/LOC/dev/CR0-OCCT691-7-CR0-OCCT691-occt-64/drv/IGESBasic/IGESBasic_Array1OfLineFontEntity_0.cxx
+M IGESBasic:pubinclude:Handle_IGESBasic_HArray1OfHArray1OfInteger.hxx /misc/dn61/LocalWOK/wok_entities/LOC/dev/CR0-OCCT691-7-CR0-OCCT691-occt-64/inc/Handle_IGESBasic_HArray1OfHArray1OfInteger.hxx
+M IGESBasic:pubinclude:IGESBasic_HArray1OfHArray1OfInteger.hxx /misc/dn61/LocalWOK/wok_entities/LOC/dev/CR0-OCCT691-7-CR0-OCCT691-occt-64/inc/IGESBasic_HArray1OfHArray1OfInteger.hxx
+M IGESBasic:derivated:IGESBasic_HArray1OfHArray1OfInteger_0.cxx /misc/dn61/LocalWOK/wok_entities/LOC/dev/CR0-OCCT691-7-CR0-OCCT691-occt-64/drv/IGESBasic/IGESBasic_HArray1OfHArray1OfInteger_0.cxx
+M IGESBasic:pubinclude:Handle_IGESBasic_HArray1OfHArray1OfReal.hxx /misc/dn61/LocalWOK/wok_entities/LOC/dev/CR0-OCCT691-7-CR0-OCCT691-occt-64/inc/Handle_IGESBasic_HArray1OfHArray1OfReal.hxx
+M IGESBasic:pubinclude:IGESBasic_HArray1OfHArray1OfReal.hxx /misc/dn61/LocalWOK/wok_entities/LOC/dev/CR0-OCCT691-7-CR0-OCCT691-occt-64/inc/IGESBasic_HArray1OfHArray1OfReal.hxx
+M IGESBasic:derivated:IGESBasic_HArray1OfHArray1OfReal_0.cxx /misc/dn61/LocalWOK/wok_entities/LOC/dev/CR0-OCCT691-7-CR0-OCCT691-occt-64/drv/IGESBasic/IGESBasic_HArray1OfHArray1OfReal_0.cxx
+M IGESBasic:pubinclude:Handle_IGESBasic_HArray1OfHArray1OfXY.hxx /misc/dn61/LocalWOK/wok_entities/LOC/dev/CR0-OCCT691-7-CR0-OCCT691-occt-64/inc/Handle_IGESBasic_HArray1OfHArray1OfXY.hxx
+M IGESBasic:pubinclude:IGESBasic_HArray1OfHArray1OfXY.hxx /misc/dn61/LocalWOK/wok_entities/LOC/dev/CR0-OCCT691-7-CR0-OCCT691-occt-64/inc/IGESBasic_HArray1OfHArray1OfXY.hxx
+M IGESBasic:derivated:IGESBasic_HArray1OfHArray1OfXY_0.cxx /misc/dn61/LocalWOK/wok_entities/LOC/dev/CR0-OCCT691-7-CR0-OCCT691-occt-64/drv/IGESBasic/IGESBasic_HArray1OfHArray1OfXY_0.cxx
+M IGESBasic:pubinclude:Handle_IGESBasic_HArray1OfHArray1OfXYZ.hxx /misc/dn61/LocalWOK/wok_entities/LOC/dev/CR0-OCCT691-7-CR0-OCCT691-occt-64/inc/Handle_IGESBasic_HArray1OfHArray1OfXYZ.hxx
+M IGESBasic:pubinclude:IGESBasic_HArray1OfHArray1OfXYZ.hxx /misc/dn61/LocalWOK/wok_entities/LOC/dev/CR0-OCCT691-7-CR0-OCCT691-occt-64/inc/IGESBasic_HArray1OfHArray1OfXYZ.hxx
+M IGESBasic:derivated:IGESBasic_HArray1OfHArray1OfXYZ_0.cxx /misc/dn61/LocalWOK/wok_entities/LOC/dev/CR0-OCCT691-7-CR0-OCCT691-occt-64/drv/IGESBasic/IGESBasic_HArray1OfHArray1OfXYZ_0.cxx
+M IGESBasic:pubinclude:Handle_IGESBasic_HArray2OfHArray1OfReal.hxx /misc/dn61/LocalWOK/wok_entities/LOC/dev/CR0-OCCT691-7-CR0-OCCT691-occt-64/inc/Handle_IGESBasic_HArray2OfHArray1OfReal.hxx
+M IGESBasic:pubinclude:IGESBasic_HArray2OfHArray1OfReal.hxx /misc/dn61/LocalWOK/wok_entities/LOC/dev/CR0-OCCT691-7-CR0-OCCT691-occt-64/inc/IGESBasic_HArray2OfHArray1OfReal.hxx
+M IGESBasic:derivated:IGESBasic_HArray2OfHArray1OfReal_0.cxx /misc/dn61/LocalWOK/wok_entities/LOC/dev/CR0-OCCT691-7-CR0-OCCT691-occt-64/drv/IGESBasic/IGESBasic_HArray2OfHArray1OfReal_0.cxx
+M IGESBasic:pubinclude:Handle_IGESBasic_HArray1OfHArray1OfIGESEntity.hxx /misc/dn61/LocalWOK/wok_entities/LOC/dev/CR0-OCCT691-7-CR0-OCCT691-occt-64/inc/Handle_IGESBasic_HArray1OfHArray1OfIGESEntity.hxx
+M IGESBasic:pubinclude:IGESBasic_HArray1OfHArray1OfIGESEntity.hxx /misc/dn61/LocalWOK/wok_entities/LOC/dev/CR0-OCCT691-7-CR0-OCCT691-occt-64/inc/IGESBasic_HArray1OfHArray1OfIGESEntity.hxx
+M IGESBasic:derivated:IGESBasic_HArray1OfHArray1OfIGESEntity_0.cxx /misc/dn61/LocalWOK/wok_entities/LOC/dev/CR0-OCCT691-7-CR0-OCCT691-occt-64/drv/IGESBasic/IGESBasic_HArray1OfHArray1OfIGESEntity_0.cxx
+M IGESBasic:pubinclude:Handle_IGESBasic_HArray1OfLineFontEntity.hxx /misc/dn61/LocalWOK/wok_entities/LOC/dev/CR0-OCCT691-7-CR0-OCCT691-occt-64/inc/Handle_IGESBasic_HArray1OfLineFontEntity.hxx
+M IGESBasic:pubinclude:IGESBasic_HArray1OfLineFontEntity.hxx /misc/dn61/LocalWOK/wok_entities/LOC/dev/CR0-OCCT691-7-CR0-OCCT691-occt-64/inc/IGESBasic_HArray1OfLineFontEntity.hxx
+M IGESBasic:derivated:IGESBasic_HArray1OfLineFontEntity_0.cxx /misc/dn61/LocalWOK/wok_entities/LOC/dev/CR0-OCCT691-7-CR0-OCCT691-occt-64/drv/IGESBasic/IGESBasic_HArray1OfLineFontEntity_0.cxx
+M IGESBasic:dbadmfile:IGESBasic_xcpp_header.In /misc/dn61/LocalWOK/wok_entities/LOC/dev/CR0-OCCT691-7-CR0-OCCT691-occt-64/drv/IGESBasic/.adm/IGESBasic_xcpp_header.In
+M IGESBasic:dbadmfile:IGESBasic_xcpp_header.Out /misc/dn61/LocalWOK/wok_entities/LOC/dev/CR0-OCCT691-7-CR0-OCCT691-occt-64/drv/IGESBasic/.adm/IGESBasic_xcpp_header.Out
+M IGESBasic:dbadmfile:IGESBasic_xcpp_header.Dep /misc/dn61/LocalWOK/wok_entities/LOC/dev/CR0-OCCT691-7-CR0-OCCT691-occt-64/drv/IGESBasic/.adm/IGESBasic_xcpp_header.Dep
