+M GeomToStep:pubinclude:GeomToStep_Root.hxx /misc/dn61/LocalWOK/wok_entities/LOC/dev/CR0-OCCT691-7-CR0-OCCT691-occt-64/inc/GeomToStep_Root.hxx
+M GeomToStep:privinclude:GeomToStep_Root.jxx /misc/dn61/LocalWOK/wok_entities/LOC/dev/CR0-OCCT691-7-CR0-OCCT691-occt-64/drv/GeomToStep/GeomToStep_Root.jxx
+M GeomToStep:privinclude:GeomToStep_Root.ixx /misc/dn61/LocalWOK/wok_entities/LOC/dev/CR0-OCCT691-7-CR0-OCCT691-occt-64/drv/GeomToStep/GeomToStep_Root.ixx
+M GeomToStep:pubinclude:GeomToStep_MakeCartesianPoint.hxx /misc/dn61/LocalWOK/wok_entities/LOC/dev/CR0-OCCT691-7-CR0-OCCT691-occt-64/inc/GeomToStep_MakeCartesianPoint.hxx
+M GeomToStep:privinclude:GeomToStep_MakeCartesianPoint.jxx /misc/dn61/LocalWOK/wok_entities/LOC/dev/CR0-OCCT691-7-CR0-OCCT691-occt-64/drv/GeomToStep/GeomToStep_MakeCartesianPoint.jxx
+M GeomToStep:privinclude:GeomToStep_MakeCartesianPoint.ixx /misc/dn61/LocalWOK/wok_entities/LOC/dev/CR0-OCCT691-7-CR0-OCCT691-occt-64/drv/GeomToStep/GeomToStep_MakeCartesianPoint.ixx
+M GeomToStep:pubinclude:GeomToStep_MakeAxis1Placement.hxx /misc/dn61/LocalWOK/wok_entities/LOC/dev/CR0-OCCT691-7-CR0-OCCT691-occt-64/inc/GeomToStep_MakeAxis1Placement.hxx
+M GeomToStep:privinclude:GeomToStep_MakeAxis1Placement.jxx /misc/dn61/LocalWOK/wok_entities/LOC/dev/CR0-OCCT691-7-CR0-OCCT691-occt-64/drv/GeomToStep/GeomToStep_MakeAxis1Placement.jxx
+M GeomToStep:privinclude:GeomToStep_MakeAxis1Placement.ixx /misc/dn61/LocalWOK/wok_entities/LOC/dev/CR0-OCCT691-7-CR0-OCCT691-occt-64/drv/GeomToStep/GeomToStep_MakeAxis1Placement.ixx
+M GeomToStep:pubinclude:GeomToStep_MakeAxis2Placement2d.hxx /misc/dn61/LocalWOK/wok_entities/LOC/dev/CR0-OCCT691-7-CR0-OCCT691-occt-64/inc/GeomToStep_MakeAxis2Placement2d.hxx
+M GeomToStep:privinclude:GeomToStep_MakeAxis2Placement2d.jxx /misc/dn61/LocalWOK/wok_entities/LOC/dev/CR0-OCCT691-7-CR0-OCCT691-occt-64/drv/GeomToStep/GeomToStep_MakeAxis2Placement2d.jxx
+M GeomToStep:privinclude:GeomToStep_MakeAxis2Placement2d.ixx /misc/dn61/LocalWOK/wok_entities/LOC/dev/CR0-OCCT691-7-CR0-OCCT691-occt-64/drv/GeomToStep/GeomToStep_MakeAxis2Placement2d.ixx
+M GeomToStep:pubinclude:GeomToStep_MakeAxis2Placement3d.hxx /misc/dn61/LocalWOK/wok_entities/LOC/dev/CR0-OCCT691-7-CR0-OCCT691-occt-64/inc/GeomToStep_MakeAxis2Placement3d.hxx
+M GeomToStep:privinclude:GeomToStep_MakeAxis2Placement3d.jxx /misc/dn61/LocalWOK/wok_entities/LOC/dev/CR0-OCCT691-7-CR0-OCCT691-occt-64/drv/GeomToStep/GeomToStep_MakeAxis2Placement3d.jxx
+M GeomToStep:privinclude:GeomToStep_MakeAxis2Placement3d.ixx /misc/dn61/LocalWOK/wok_entities/LOC/dev/CR0-OCCT691-7-CR0-OCCT691-occt-64/drv/GeomToStep/GeomToStep_MakeAxis2Placement3d.ixx
+M GeomToStep:pubinclude:GeomToStep_MakeDirection.hxx /misc/dn61/LocalWOK/wok_entities/LOC/dev/CR0-OCCT691-7-CR0-OCCT691-occt-64/inc/GeomToStep_MakeDirection.hxx
+M GeomToStep:privinclude:GeomToStep_MakeDirection.jxx /misc/dn61/LocalWOK/wok_entities/LOC/dev/CR0-OCCT691-7-CR0-OCCT691-occt-64/drv/GeomToStep/GeomToStep_MakeDirection.jxx
+M GeomToStep:privinclude:GeomToStep_MakeDirection.ixx /misc/dn61/LocalWOK/wok_entities/LOC/dev/CR0-OCCT691-7-CR0-OCCT691-occt-64/drv/GeomToStep/GeomToStep_MakeDirection.ixx
+M GeomToStep:pubinclude:GeomToStep_MakeVector.hxx /misc/dn61/LocalWOK/wok_entities/LOC/dev/CR0-OCCT691-7-CR0-OCCT691-occt-64/inc/GeomToStep_MakeVector.hxx
+M GeomToStep:privinclude:GeomToStep_MakeVector.jxx /misc/dn61/LocalWOK/wok_entities/LOC/dev/CR0-OCCT691-7-CR0-OCCT691-occt-64/drv/GeomToStep/GeomToStep_MakeVector.jxx
+M GeomToStep:privinclude:GeomToStep_MakeVector.ixx /misc/dn61/LocalWOK/wok_entities/LOC/dev/CR0-OCCT691-7-CR0-OCCT691-occt-64/drv/GeomToStep/GeomToStep_MakeVector.ixx
+M GeomToStep:pubinclude:GeomToStep_MakeCurve.hxx /misc/dn61/LocalWOK/wok_entities/LOC/dev/CR0-OCCT691-7-CR0-OCCT691-occt-64/inc/GeomToStep_MakeCurve.hxx
+M GeomToStep:privinclude:GeomToStep_MakeCurve.jxx /misc/dn61/LocalWOK/wok_entities/LOC/dev/CR0-OCCT691-7-CR0-OCCT691-occt-64/drv/GeomToStep/GeomToStep_MakeCurve.jxx
+M GeomToStep:privinclude:GeomToStep_MakeCurve.ixx /misc/dn61/LocalWOK/wok_entities/LOC/dev/CR0-OCCT691-7-CR0-OCCT691-occt-64/drv/GeomToStep/GeomToStep_MakeCurve.ixx
+M GeomToStep:pubinclude:GeomToStep_MakeConic.hxx /misc/dn61/LocalWOK/wok_entities/LOC/dev/CR0-OCCT691-7-CR0-OCCT691-occt-64/inc/GeomToStep_MakeConic.hxx
+M GeomToStep:privinclude:GeomToStep_MakeConic.jxx /misc/dn61/LocalWOK/wok_entities/LOC/dev/CR0-OCCT691-7-CR0-OCCT691-occt-64/drv/GeomToStep/GeomToStep_MakeConic.jxx
+M GeomToStep:privinclude:GeomToStep_MakeConic.ixx /misc/dn61/LocalWOK/wok_entities/LOC/dev/CR0-OCCT691-7-CR0-OCCT691-occt-64/drv/GeomToStep/GeomToStep_MakeConic.ixx
+M GeomToStep:pubinclude:GeomToStep_MakeBoundedCurve.hxx /misc/dn61/LocalWOK/wok_entities/LOC/dev/CR0-OCCT691-7-CR0-OCCT691-occt-64/inc/GeomToStep_MakeBoundedCurve.hxx
+M GeomToStep:privinclude:GeomToStep_MakeBoundedCurve.jxx /misc/dn61/LocalWOK/wok_entities/LOC/dev/CR0-OCCT691-7-CR0-OCCT691-occt-64/drv/GeomToStep/GeomToStep_MakeBoundedCurve.jxx
+M GeomToStep:privinclude:GeomToStep_MakeBoundedCurve.ixx /misc/dn61/LocalWOK/wok_entities/LOC/dev/CR0-OCCT691-7-CR0-OCCT691-occt-64/drv/GeomToStep/GeomToStep_MakeBoundedCurve.ixx
+M GeomToStep:pubinclude:GeomToStep_MakeCircle.hxx /misc/dn61/LocalWOK/wok_entities/LOC/dev/CR0-OCCT691-7-CR0-OCCT691-occt-64/inc/GeomToStep_MakeCircle.hxx
+M GeomToStep:privinclude:GeomToStep_MakeCircle.jxx /misc/dn61/LocalWOK/wok_entities/LOC/dev/CR0-OCCT691-7-CR0-OCCT691-occt-64/drv/GeomToStep/GeomToStep_MakeCircle.jxx
+M GeomToStep:privinclude:GeomToStep_MakeCircle.ixx /misc/dn61/LocalWOK/wok_entities/LOC/dev/CR0-OCCT691-7-CR0-OCCT691-occt-64/drv/GeomToStep/GeomToStep_MakeCircle.ixx
+M GeomToStep:pubinclude:GeomToStep_MakeEllipse.hxx /misc/dn61/LocalWOK/wok_entities/LOC/dev/CR0-OCCT691-7-CR0-OCCT691-occt-64/inc/GeomToStep_MakeEllipse.hxx
+M GeomToStep:privinclude:GeomToStep_MakeEllipse.jxx /misc/dn61/LocalWOK/wok_entities/LOC/dev/CR0-OCCT691-7-CR0-OCCT691-occt-64/drv/GeomToStep/GeomToStep_MakeEllipse.jxx
+M GeomToStep:privinclude:GeomToStep_MakeEllipse.ixx /misc/dn61/LocalWOK/wok_entities/LOC/dev/CR0-OCCT691-7-CR0-OCCT691-occt-64/drv/GeomToStep/GeomToStep_MakeEllipse.ixx
+M GeomToStep:pubinclude:GeomToStep_MakeHyperbola.hxx /misc/dn61/LocalWOK/wok_entities/LOC/dev/CR0-OCCT691-7-CR0-OCCT691-occt-64/inc/GeomToStep_MakeHyperbola.hxx
+M GeomToStep:privinclude:GeomToStep_MakeHyperbola.jxx /misc/dn61/LocalWOK/wok_entities/LOC/dev/CR0-OCCT691-7-CR0-OCCT691-occt-64/drv/GeomToStep/GeomToStep_MakeHyperbola.jxx
+M GeomToStep:privinclude:GeomToStep_MakeHyperbola.ixx /misc/dn61/LocalWOK/wok_entities/LOC/dev/CR0-OCCT691-7-CR0-OCCT691-occt-64/drv/GeomToStep/GeomToStep_MakeHyperbola.ixx
+M GeomToStep:pubinclude:GeomToStep_MakeParabola.hxx /misc/dn61/LocalWOK/wok_entities/LOC/dev/CR0-OCCT691-7-CR0-OCCT691-occt-64/inc/GeomToStep_MakeParabola.hxx
+M GeomToStep:privinclude:GeomToStep_MakeParabola.jxx /misc/dn61/LocalWOK/wok_entities/LOC/dev/CR0-OCCT691-7-CR0-OCCT691-occt-64/drv/GeomToStep/GeomToStep_MakeParabola.jxx
+M GeomToStep:privinclude:GeomToStep_MakeParabola.ixx /misc/dn61/LocalWOK/wok_entities/LOC/dev/CR0-OCCT691-7-CR0-OCCT691-occt-64/drv/GeomToStep/GeomToStep_MakeParabola.ixx
+M GeomToStep:pubinclude:GeomToStep_MakeBSplineCurveWithKnots.hxx /misc/dn61/LocalWOK/wok_entities/LOC/dev/CR0-OCCT691-7-CR0-OCCT691-occt-64/inc/GeomToStep_MakeBSplineCurveWithKnots.hxx
+M GeomToStep:privinclude:GeomToStep_MakeBSplineCurveWithKnots.jxx /misc/dn61/LocalWOK/wok_entities/LOC/dev/CR0-OCCT691-7-CR0-OCCT691-occt-64/drv/GeomToStep/GeomToStep_MakeBSplineCurveWithKnots.jxx
+M GeomToStep:privinclude:GeomToStep_MakeBSplineCurveWithKnots.ixx /misc/dn61/LocalWOK/wok_entities/LOC/dev/CR0-OCCT691-7-CR0-OCCT691-occt-64/drv/GeomToStep/GeomToStep_MakeBSplineCurveWithKnots.ixx
+M GeomToStep:pubinclude:GeomToStep_MakeBSplineCurveWithKnotsAndRationalBSplineCurve.hxx /misc/dn61/LocalWOK/wok_entities/LOC/dev/CR0-OCCT691-7-CR0-OCCT691-occt-64/inc/GeomToStep_MakeBSplineCurveWithKnotsAndRationalBSplineCurve.hxx
+M GeomToStep:privinclude:GeomToStep_MakeBSplineCurveWithKnotsAndRationalBSplineCurve.jxx /misc/dn61/LocalWOK/wok_entities/LOC/dev/CR0-OCCT691-7-CR0-OCCT691-occt-64/drv/GeomToStep/GeomToStep_MakeBSplineCurveWithKnotsAndRationalBSplineCurve.jxx
+M GeomToStep:privinclude:GeomToStep_MakeBSplineCurveWithKnotsAndRationalBSplineCurve.ixx /misc/dn61/LocalWOK/wok_entities/LOC/dev/CR0-OCCT691-7-CR0-OCCT691-occt-64/drv/GeomToStep/GeomToStep_MakeBSplineCurveWithKnotsAndRationalBSplineCurve.ixx
+M GeomToStep:pubinclude:GeomToStep_MakeLine.hxx /misc/dn61/LocalWOK/wok_entities/LOC/dev/CR0-OCCT691-7-CR0-OCCT691-occt-64/inc/GeomToStep_MakeLine.hxx
+M GeomToStep:privinclude:GeomToStep_MakeLine.jxx /misc/dn61/LocalWOK/wok_entities/LOC/dev/CR0-OCCT691-7-CR0-OCCT691-occt-64/drv/GeomToStep/GeomToStep_MakeLine.jxx
+M GeomToStep:privinclude:GeomToStep_MakeLine.ixx /misc/dn61/LocalWOK/wok_entities/LOC/dev/CR0-OCCT691-7-CR0-OCCT691-occt-64/drv/GeomToStep/GeomToStep_MakeLine.ixx
+M GeomToStep:pubinclude:GeomToStep_MakePolyline.hxx /misc/dn61/LocalWOK/wok_entities/LOC/dev/CR0-OCCT691-7-CR0-OCCT691-occt-64/inc/GeomToStep_MakePolyline.hxx
+M GeomToStep:privinclude:GeomToStep_MakePolyline.jxx /misc/dn61/LocalWOK/wok_entities/LOC/dev/CR0-OCCT691-7-CR0-OCCT691-occt-64/drv/GeomToStep/GeomToStep_MakePolyline.jxx
+M GeomToStep:privinclude:GeomToStep_MakePolyline.ixx /misc/dn61/LocalWOK/wok_entities/LOC/dev/CR0-OCCT691-7-CR0-OCCT691-occt-64/drv/GeomToStep/GeomToStep_MakePolyline.ixx
+M GeomToStep:pubinclude:GeomToStep_MakePlane.hxx /misc/dn61/LocalWOK/wok_entities/LOC/dev/CR0-OCCT691-7-CR0-OCCT691-occt-64/inc/GeomToStep_MakePlane.hxx
+M GeomToStep:privinclude:GeomToStep_MakePlane.jxx /misc/dn61/LocalWOK/wok_entities/LOC/dev/CR0-OCCT691-7-CR0-OCCT691-occt-64/drv/GeomToStep/GeomToStep_MakePlane.jxx
+M GeomToStep:privinclude:GeomToStep_MakePlane.ixx /misc/dn61/LocalWOK/wok_entities/LOC/dev/CR0-OCCT691-7-CR0-OCCT691-occt-64/drv/GeomToStep/GeomToStep_MakePlane.ixx
+M GeomToStep:pubinclude:GeomToStep_MakeSurface.hxx /misc/dn61/LocalWOK/wok_entities/LOC/dev/CR0-OCCT691-7-CR0-OCCT691-occt-64/inc/GeomToStep_MakeSurface.hxx
+M GeomToStep:privinclude:GeomToStep_MakeSurface.jxx /misc/dn61/LocalWOK/wok_entities/LOC/dev/CR0-OCCT691-7-CR0-OCCT691-occt-64/drv/GeomToStep/GeomToStep_MakeSurface.jxx
+M GeomToStep:privinclude:GeomToStep_MakeSurface.ixx /misc/dn61/LocalWOK/wok_entities/LOC/dev/CR0-OCCT691-7-CR0-OCCT691-occt-64/drv/GeomToStep/GeomToStep_MakeSurface.ixx
+M GeomToStep:pubinclude:GeomToStep_MakeBoundedSurface.hxx /misc/dn61/LocalWOK/wok_entities/LOC/dev/CR0-OCCT691-7-CR0-OCCT691-occt-64/inc/GeomToStep_MakeBoundedSurface.hxx
+M GeomToStep:privinclude:GeomToStep_MakeBoundedSurface.jxx /misc/dn61/LocalWOK/wok_entities/LOC/dev/CR0-OCCT691-7-CR0-OCCT691-occt-64/drv/GeomToStep/GeomToStep_MakeBoundedSurface.jxx
+M GeomToStep:privinclude:GeomToStep_MakeBoundedSurface.ixx /misc/dn61/LocalWOK/wok_entities/LOC/dev/CR0-OCCT691-7-CR0-OCCT691-occt-64/drv/GeomToStep/GeomToStep_MakeBoundedSurface.ixx
+M GeomToStep:pubinclude:GeomToStep_MakeElementarySurface.hxx /misc/dn61/LocalWOK/wok_entities/LOC/dev/CR0-OCCT691-7-CR0-OCCT691-occt-64/inc/GeomToStep_MakeElementarySurface.hxx
+M GeomToStep:privinclude:GeomToStep_MakeElementarySurface.jxx /misc/dn61/LocalWOK/wok_entities/LOC/dev/CR0-OCCT691-7-CR0-OCCT691-occt-64/drv/GeomToStep/GeomToStep_MakeElementarySurface.jxx
+M GeomToStep:privinclude:GeomToStep_MakeElementarySurface.ixx /misc/dn61/LocalWOK/wok_entities/LOC/dev/CR0-OCCT691-7-CR0-OCCT691-occt-64/drv/GeomToStep/GeomToStep_MakeElementarySurface.ixx
+M GeomToStep:pubinclude:GeomToStep_MakeSweptSurface.hxx /misc/dn61/LocalWOK/wok_entities/LOC/dev/CR0-OCCT691-7-CR0-OCCT691-occt-64/inc/GeomToStep_MakeSweptSurface.hxx
+M GeomToStep:privinclude:GeomToStep_MakeSweptSurface.jxx /misc/dn61/LocalWOK/wok_entities/LOC/dev/CR0-OCCT691-7-CR0-OCCT691-occt-64/drv/GeomToStep/GeomToStep_MakeSweptSurface.jxx
+M GeomToStep:privinclude:GeomToStep_MakeSweptSurface.ixx /misc/dn61/LocalWOK/wok_entities/LOC/dev/CR0-OCCT691-7-CR0-OCCT691-occt-64/drv/GeomToStep/GeomToStep_MakeSweptSurface.ixx
+M GeomToStep:pubinclude:GeomToStep_MakeConicalSurface.hxx /misc/dn61/LocalWOK/wok_entities/LOC/dev/CR0-OCCT691-7-CR0-OCCT691-occt-64/inc/GeomToStep_MakeConicalSurface.hxx
+M GeomToStep:privinclude:GeomToStep_MakeConicalSurface.jxx /misc/dn61/LocalWOK/wok_entities/LOC/dev/CR0-OCCT691-7-CR0-OCCT691-occt-64/drv/GeomToStep/GeomToStep_MakeConicalSurface.jxx
+M GeomToStep:privinclude:GeomToStep_MakeConicalSurface.ixx /misc/dn61/LocalWOK/wok_entities/LOC/dev/CR0-OCCT691-7-CR0-OCCT691-occt-64/drv/GeomToStep/GeomToStep_MakeConicalSurface.ixx
+M GeomToStep:pubinclude:GeomToStep_MakeCylindricalSurface.hxx /misc/dn61/LocalWOK/wok_entities/LOC/dev/CR0-OCCT691-7-CR0-OCCT691-occt-64/inc/GeomToStep_MakeCylindricalSurface.hxx
+M GeomToStep:privinclude:GeomToStep_MakeCylindricalSurface.jxx /misc/dn61/LocalWOK/wok_entities/LOC/dev/CR0-OCCT691-7-CR0-OCCT691-occt-64/drv/GeomToStep/GeomToStep_MakeCylindricalSurface.jxx
+M GeomToStep:privinclude:GeomToStep_MakeCylindricalSurface.ixx /misc/dn61/LocalWOK/wok_entities/LOC/dev/CR0-OCCT691-7-CR0-OCCT691-occt-64/drv/GeomToStep/GeomToStep_MakeCylindricalSurface.ixx
+M GeomToStep:pubinclude:GeomToStep_MakeRectangularTrimmedSurface.hxx /misc/dn61/LocalWOK/wok_entities/LOC/dev/CR0-OCCT691-7-CR0-OCCT691-occt-64/inc/GeomToStep_MakeRectangularTrimmedSurface.hxx
+M GeomToStep:privinclude:GeomToStep_MakeRectangularTrimmedSurface.jxx /misc/dn61/LocalWOK/wok_entities/LOC/dev/CR0-OCCT691-7-CR0-OCCT691-occt-64/drv/GeomToStep/GeomToStep_MakeRectangularTrimmedSurface.jxx
+M GeomToStep:privinclude:GeomToStep_MakeRectangularTrimmedSurface.ixx /misc/dn61/LocalWOK/wok_entities/LOC/dev/CR0-OCCT691-7-CR0-OCCT691-occt-64/drv/GeomToStep/GeomToStep_MakeRectangularTrimmedSurface.ixx
+M GeomToStep:pubinclude:GeomToStep_MakeSphericalSurface.hxx /misc/dn61/LocalWOK/wok_entities/LOC/dev/CR0-OCCT691-7-CR0-OCCT691-occt-64/inc/GeomToStep_MakeSphericalSurface.hxx
+M GeomToStep:privinclude:GeomToStep_MakeSphericalSurface.jxx /misc/dn61/LocalWOK/wok_entities/LOC/dev/CR0-OCCT691-7-CR0-OCCT691-occt-64/drv/GeomToStep/GeomToStep_MakeSphericalSurface.jxx
+M GeomToStep:privinclude:GeomToStep_MakeSphericalSurface.ixx /misc/dn61/LocalWOK/wok_entities/LOC/dev/CR0-OCCT691-7-CR0-OCCT691-occt-64/drv/GeomToStep/GeomToStep_MakeSphericalSurface.ixx
+M GeomToStep:pubinclude:GeomToStep_MakeSurfaceOfLinearExtrusion.hxx /misc/dn61/LocalWOK/wok_entities/LOC/dev/CR0-OCCT691-7-CR0-OCCT691-occt-64/inc/GeomToStep_MakeSurfaceOfLinearExtrusion.hxx
+M GeomToStep:privinclude:GeomToStep_MakeSurfaceOfLinearExtrusion.jxx /misc/dn61/LocalWOK/wok_entities/LOC/dev/CR0-OCCT691-7-CR0-OCCT691-occt-64/drv/GeomToStep/GeomToStep_MakeSurfaceOfLinearExtrusion.jxx
+M GeomToStep:privinclude:GeomToStep_MakeSurfaceOfLinearExtrusion.ixx /misc/dn61/LocalWOK/wok_entities/LOC/dev/CR0-OCCT691-7-CR0-OCCT691-occt-64/drv/GeomToStep/GeomToStep_MakeSurfaceOfLinearExtrusion.ixx
+M GeomToStep:pubinclude:GeomToStep_MakeSurfaceOfRevolution.hxx /misc/dn61/LocalWOK/wok_entities/LOC/dev/CR0-OCCT691-7-CR0-OCCT691-occt-64/inc/GeomToStep_MakeSurfaceOfRevolution.hxx
+M GeomToStep:privinclude:GeomToStep_MakeSurfaceOfRevolution.jxx /misc/dn61/LocalWOK/wok_entities/LOC/dev/CR0-OCCT691-7-CR0-OCCT691-occt-64/drv/GeomToStep/GeomToStep_MakeSurfaceOfRevolution.jxx
+M GeomToStep:privinclude:GeomToStep_MakeSurfaceOfRevolution.ixx /misc/dn61/LocalWOK/wok_entities/LOC/dev/CR0-OCCT691-7-CR0-OCCT691-occt-64/drv/GeomToStep/GeomToStep_MakeSurfaceOfRevolution.ixx
+M GeomToStep:pubinclude:GeomToStep_MakeToroidalSurface.hxx /misc/dn61/LocalWOK/wok_entities/LOC/dev/CR0-OCCT691-7-CR0-OCCT691-occt-64/inc/GeomToStep_MakeToroidalSurface.hxx
+M GeomToStep:privinclude:GeomToStep_MakeToroidalSurface.jxx /misc/dn61/LocalWOK/wok_entities/LOC/dev/CR0-OCCT691-7-CR0-OCCT691-occt-64/drv/GeomToStep/GeomToStep_MakeToroidalSurface.jxx
+M GeomToStep:privinclude:GeomToStep_MakeToroidalSurface.ixx /misc/dn61/LocalWOK/wok_entities/LOC/dev/CR0-OCCT691-7-CR0-OCCT691-occt-64/drv/GeomToStep/GeomToStep_MakeToroidalSurface.ixx
+M GeomToStep:pubinclude:GeomToStep_MakeBSplineSurfaceWithKnots.hxx /misc/dn61/LocalWOK/wok_entities/LOC/dev/CR0-OCCT691-7-CR0-OCCT691-occt-64/inc/GeomToStep_MakeBSplineSurfaceWithKnots.hxx
+M GeomToStep:privinclude:GeomToStep_MakeBSplineSurfaceWithKnots.jxx /misc/dn61/LocalWOK/wok_entities/LOC/dev/CR0-OCCT691-7-CR0-OCCT691-occt-64/drv/GeomToStep/GeomToStep_MakeBSplineSurfaceWithKnots.jxx
+M GeomToStep:privinclude:GeomToStep_MakeBSplineSurfaceWithKnots.ixx /misc/dn61/LocalWOK/wok_entities/LOC/dev/CR0-OCCT691-7-CR0-OCCT691-occt-64/drv/GeomToStep/GeomToStep_MakeBSplineSurfaceWithKnots.ixx
+M GeomToStep:pubinclude:GeomToStep_MakeBSplineSurfaceWithKnotsAndRationalBSplineSurface.hxx /misc/dn61/LocalWOK/wok_entities/LOC/dev/CR0-OCCT691-7-CR0-OCCT691-occt-64/inc/GeomToStep_MakeBSplineSurfaceWithKnotsAndRationalBSplineSurface.hxx
+M GeomToStep:privinclude:GeomToStep_MakeBSplineSurfaceWithKnotsAndRationalBSplineSurface.jxx /misc/dn61/LocalWOK/wok_entities/LOC/dev/CR0-OCCT691-7-CR0-OCCT691-occt-64/drv/GeomToStep/GeomToStep_MakeBSplineSurfaceWithKnotsAndRationalBSplineSurface.jxx
+M GeomToStep:privinclude:GeomToStep_MakeBSplineSurfaceWithKnotsAndRationalBSplineSurface.ixx /misc/dn61/LocalWOK/wok_entities/LOC/dev/CR0-OCCT691-7-CR0-OCCT691-occt-64/drv/GeomToStep/GeomToStep_MakeBSplineSurfaceWithKnotsAndRationalBSplineSurface.ixx
+M GeomToStep:dbadmfile:GeomToStep_xcpp_header.In /misc/dn61/LocalWOK/wok_entities/LOC/dev/CR0-OCCT691-7-CR0-OCCT691-occt-64/drv/GeomToStep/.adm/GeomToStep_xcpp_header.In
+M GeomToStep:dbadmfile:GeomToStep_xcpp_header.Out /misc/dn61/LocalWOK/wok_entities/LOC/dev/CR0-OCCT691-7-CR0-OCCT691-occt-64/drv/GeomToStep/.adm/GeomToStep_xcpp_header.Out
+M GeomToStep:dbadmfile:GeomToStep_xcpp_header.Dep /misc/dn61/LocalWOK/wok_entities/LOC/dev/CR0-OCCT691-7-CR0-OCCT691-occt-64/drv/GeomToStep/.adm/GeomToStep_xcpp_header.Dep
