+M Draw:pubinclude:Draw.hxx /misc/dn61/LocalWOK/wok_entities/LOC/dev/CR0-OCCT691-7-CR0-OCCT691-occt-64/inc/Draw.hxx
+M Draw:privinclude:Draw.jxx /misc/dn61/LocalWOK/wok_entities/LOC/dev/CR0-OCCT691-7-CR0-OCCT691-occt-64/drv/Draw/Draw.jxx
+M Draw:privinclude:Draw.ixx /misc/dn61/LocalWOK/wok_entities/LOC/dev/CR0-OCCT691-7-CR0-OCCT691-occt-64/drv/Draw/Draw.ixx
+M Draw:pubinclude:Handle_Draw_Drawable3D.hxx /misc/dn61/LocalWOK/wok_entities/LOC/dev/CR0-OCCT691-7-CR0-OCCT691-occt-64/inc/Handle_Draw_Drawable3D.hxx
+M Draw:pubinclude:Draw_Drawable3D.hxx /misc/dn61/LocalWOK/wok_entities/LOC/dev/CR0-OCCT691-7-CR0-OCCT691-occt-64/inc/Draw_Drawable3D.hxx
+M Draw:privinclude:Draw_Drawable3D.jxx /misc/dn61/LocalWOK/wok_entities/LOC/dev/CR0-OCCT691-7-CR0-OCCT691-occt-64/drv/Draw/Draw_Drawable3D.jxx
+M Draw:privinclude:Draw_Drawable3D.ixx /misc/dn61/LocalWOK/wok_entities/LOC/dev/CR0-OCCT691-7-CR0-OCCT691-occt-64/drv/Draw/Draw_Drawable3D.ixx
+M Draw:pubinclude:Handle_Draw_Drawable2D.hxx /misc/dn61/LocalWOK/wok_entities/LOC/dev/CR0-OCCT691-7-CR0-OCCT691-occt-64/inc/Handle_Draw_Drawable2D.hxx
+M Draw:pubinclude:Draw_Drawable2D.hxx /misc/dn61/LocalWOK/wok_entities/LOC/dev/CR0-OCCT691-7-CR0-OCCT691-occt-64/inc/Draw_Drawable2D.hxx
+M Draw:privinclude:Draw_Drawable2D.jxx /misc/dn61/LocalWOK/wok_entities/LOC/dev/CR0-OCCT691-7-CR0-OCCT691-occt-64/drv/Draw/Draw_Drawable2D.jxx
+M Draw:privinclude:Draw_Drawable2D.ixx /misc/dn61/LocalWOK/wok_entities/LOC/dev/CR0-OCCT691-7-CR0-OCCT691-occt-64/drv/Draw/Draw_Drawable2D.ixx
+M Draw:pubinclude:Draw_Color.hxx /misc/dn61/LocalWOK/wok_entities/LOC/dev/CR0-OCCT691-7-CR0-OCCT691-occt-64/inc/Draw_Color.hxx
+M Draw:privinclude:Draw_Color.jxx /misc/dn61/LocalWOK/wok_entities/LOC/dev/CR0-OCCT691-7-CR0-OCCT691-occt-64/drv/Draw/Draw_Color.jxx
+M Draw:privinclude:Draw_Color.ixx /misc/dn61/LocalWOK/wok_entities/LOC/dev/CR0-OCCT691-7-CR0-OCCT691-occt-64/drv/Draw/Draw_Color.ixx
+M Draw:pubinclude:Draw_Display.hxx /misc/dn61/LocalWOK/wok_entities/LOC/dev/CR0-OCCT691-7-CR0-OCCT691-occt-64/inc/Draw_Display.hxx
+M Draw:privinclude:Draw_Display.jxx /misc/dn61/LocalWOK/wok_entities/LOC/dev/CR0-OCCT691-7-CR0-OCCT691-occt-64/drv/Draw/Draw_Display.jxx
+M Draw:privinclude:Draw_Display.ixx /misc/dn61/LocalWOK/wok_entities/LOC/dev/CR0-OCCT691-7-CR0-OCCT691-occt-64/drv/Draw/Draw_Display.ixx
+M Draw:pubinclude:Handle_Draw_Segment3D.hxx /misc/dn61/LocalWOK/wok_entities/LOC/dev/CR0-OCCT691-7-CR0-OCCT691-occt-64/inc/Handle_Draw_Segment3D.hxx
+M Draw:pubinclude:Draw_Segment3D.hxx /misc/dn61/LocalWOK/wok_entities/LOC/dev/CR0-OCCT691-7-CR0-OCCT691-occt-64/inc/Draw_Segment3D.hxx
+M Draw:privinclude:Draw_Segment3D.jxx /misc/dn61/LocalWOK/wok_entities/LOC/dev/CR0-OCCT691-7-CR0-OCCT691-occt-64/drv/Draw/Draw_Segment3D.jxx
+M Draw:privinclude:Draw_Segment3D.ixx /misc/dn61/LocalWOK/wok_entities/LOC/dev/CR0-OCCT691-7-CR0-OCCT691-occt-64/drv/Draw/Draw_Segment3D.ixx
+M Draw:pubinclude:Handle_Draw_Segment2D.hxx /misc/dn61/LocalWOK/wok_entities/LOC/dev/CR0-OCCT691-7-CR0-OCCT691-occt-64/inc/Handle_Draw_Segment2D.hxx
+M Draw:pubinclude:Draw_Segment2D.hxx /misc/dn61/LocalWOK/wok_entities/LOC/dev/CR0-OCCT691-7-CR0-OCCT691-occt-64/inc/Draw_Segment2D.hxx
+M Draw:privinclude:Draw_Segment2D.jxx /misc/dn61/LocalWOK/wok_entities/LOC/dev/CR0-OCCT691-7-CR0-OCCT691-occt-64/drv/Draw/Draw_Segment2D.jxx
+M Draw:privinclude:Draw_Segment2D.ixx /misc/dn61/LocalWOK/wok_entities/LOC/dev/CR0-OCCT691-7-CR0-OCCT691-occt-64/drv/Draw/Draw_Segment2D.ixx
+M Draw:pubinclude:Handle_Draw_Marker3D.hxx /misc/dn61/LocalWOK/wok_entities/LOC/dev/CR0-OCCT691-7-CR0-OCCT691-occt-64/inc/Handle_Draw_Marker3D.hxx
+M Draw:pubinclude:Draw_Marker3D.hxx /misc/dn61/LocalWOK/wok_entities/LOC/dev/CR0-OCCT691-7-CR0-OCCT691-occt-64/inc/Draw_Marker3D.hxx
+M Draw:privinclude:Draw_Marker3D.jxx /misc/dn61/LocalWOK/wok_entities/LOC/dev/CR0-OCCT691-7-CR0-OCCT691-occt-64/drv/Draw/Draw_Marker3D.jxx
+M Draw:privinclude:Draw_Marker3D.ixx /misc/dn61/LocalWOK/wok_entities/LOC/dev/CR0-OCCT691-7-CR0-OCCT691-occt-64/drv/Draw/Draw_Marker3D.ixx
+M Draw:pubinclude:Handle_Draw_Marker2D.hxx /misc/dn61/LocalWOK/wok_entities/LOC/dev/CR0-OCCT691-7-CR0-OCCT691-occt-64/inc/Handle_Draw_Marker2D.hxx
+M Draw:pubinclude:Draw_Marker2D.hxx /misc/dn61/LocalWOK/wok_entities/LOC/dev/CR0-OCCT691-7-CR0-OCCT691-occt-64/inc/Draw_Marker2D.hxx
+M Draw:privinclude:Draw_Marker2D.jxx /misc/dn61/LocalWOK/wok_entities/LOC/dev/CR0-OCCT691-7-CR0-OCCT691-occt-64/drv/Draw/Draw_Marker2D.jxx
+M Draw:privinclude:Draw_Marker2D.ixx /misc/dn61/LocalWOK/wok_entities/LOC/dev/CR0-OCCT691-7-CR0-OCCT691-occt-64/drv/Draw/Draw_Marker2D.ixx
+M Draw:pubinclude:Handle_Draw_Axis3D.hxx /misc/dn61/LocalWOK/wok_entities/LOC/dev/CR0-OCCT691-7-CR0-OCCT691-occt-64/inc/Handle_Draw_Axis3D.hxx
+M Draw:pubinclude:Draw_Axis3D.hxx /misc/dn61/LocalWOK/wok_entities/LOC/dev/CR0-OCCT691-7-CR0-OCCT691-occt-64/inc/Draw_Axis3D.hxx
+M Draw:privinclude:Draw_Axis3D.jxx /misc/dn61/LocalWOK/wok_entities/LOC/dev/CR0-OCCT691-7-CR0-OCCT691-occt-64/drv/Draw/Draw_Axis3D.jxx
+M Draw:privinclude:Draw_Axis3D.ixx /misc/dn61/LocalWOK/wok_entities/LOC/dev/CR0-OCCT691-7-CR0-OCCT691-occt-64/drv/Draw/Draw_Axis3D.ixx
+M Draw:pubinclude:Handle_Draw_Axis2D.hxx /misc/dn61/LocalWOK/wok_entities/LOC/dev/CR0-OCCT691-7-CR0-OCCT691-occt-64/inc/Handle_Draw_Axis2D.hxx
+M Draw:pubinclude:Draw_Axis2D.hxx /misc/dn61/LocalWOK/wok_entities/LOC/dev/CR0-OCCT691-7-CR0-OCCT691-occt-64/inc/Draw_Axis2D.hxx
+M Draw:privinclude:Draw_Axis2D.jxx /misc/dn61/LocalWOK/wok_entities/LOC/dev/CR0-OCCT691-7-CR0-OCCT691-occt-64/drv/Draw/Draw_Axis2D.jxx
+M Draw:privinclude:Draw_Axis2D.ixx /misc/dn61/LocalWOK/wok_entities/LOC/dev/CR0-OCCT691-7-CR0-OCCT691-occt-64/drv/Draw/Draw_Axis2D.ixx
+M Draw:pubinclude:Handle_Draw_Text3D.hxx /misc/dn61/LocalWOK/wok_entities/LOC/dev/CR0-OCCT691-7-CR0-OCCT691-occt-64/inc/Handle_Draw_Text3D.hxx
+M Draw:pubinclude:Draw_Text3D.hxx /misc/dn61/LocalWOK/wok_entities/LOC/dev/CR0-OCCT691-7-CR0-OCCT691-occt-64/inc/Draw_Text3D.hxx
+M Draw:privinclude:Draw_Text3D.jxx /misc/dn61/LocalWOK/wok_entities/LOC/dev/CR0-OCCT691-7-CR0-OCCT691-occt-64/drv/Draw/Draw_Text3D.jxx
+M Draw:privinclude:Draw_Text3D.ixx /misc/dn61/LocalWOK/wok_entities/LOC/dev/CR0-OCCT691-7-CR0-OCCT691-occt-64/drv/Draw/Draw_Text3D.ixx
+M Draw:pubinclude:Handle_Draw_Text2D.hxx /misc/dn61/LocalWOK/wok_entities/LOC/dev/CR0-OCCT691-7-CR0-OCCT691-occt-64/inc/Handle_Draw_Text2D.hxx
+M Draw:pubinclude:Draw_Text2D.hxx /misc/dn61/LocalWOK/wok_entities/LOC/dev/CR0-OCCT691-7-CR0-OCCT691-occt-64/inc/Draw_Text2D.hxx
+M Draw:privinclude:Draw_Text2D.jxx /misc/dn61/LocalWOK/wok_entities/LOC/dev/CR0-OCCT691-7-CR0-OCCT691-occt-64/drv/Draw/Draw_Text2D.jxx
+M Draw:privinclude:Draw_Text2D.ixx /misc/dn61/LocalWOK/wok_entities/LOC/dev/CR0-OCCT691-7-CR0-OCCT691-occt-64/drv/Draw/Draw_Text2D.ixx
+M Draw:pubinclude:Handle_Draw_Circle3D.hxx /misc/dn61/LocalWOK/wok_entities/LOC/dev/CR0-OCCT691-7-CR0-OCCT691-occt-64/inc/Handle_Draw_Circle3D.hxx
+M Draw:pubinclude:Draw_Circle3D.hxx /misc/dn61/LocalWOK/wok_entities/LOC/dev/CR0-OCCT691-7-CR0-OCCT691-occt-64/inc/Draw_Circle3D.hxx
+M Draw:privinclude:Draw_Circle3D.jxx /misc/dn61/LocalWOK/wok_entities/LOC/dev/CR0-OCCT691-7-CR0-OCCT691-occt-64/drv/Draw/Draw_Circle3D.jxx
+M Draw:privinclude:Draw_Circle3D.ixx /misc/dn61/LocalWOK/wok_entities/LOC/dev/CR0-OCCT691-7-CR0-OCCT691-occt-64/drv/Draw/Draw_Circle3D.ixx
+M Draw:pubinclude:Handle_Draw_Circle2D.hxx /misc/dn61/LocalWOK/wok_entities/LOC/dev/CR0-OCCT691-7-CR0-OCCT691-occt-64/inc/Handle_Draw_Circle2D.hxx
+M Draw:pubinclude:Draw_Circle2D.hxx /misc/dn61/LocalWOK/wok_entities/LOC/dev/CR0-OCCT691-7-CR0-OCCT691-occt-64/inc/Draw_Circle2D.hxx
+M Draw:privinclude:Draw_Circle2D.jxx /misc/dn61/LocalWOK/wok_entities/LOC/dev/CR0-OCCT691-7-CR0-OCCT691-occt-64/drv/Draw/Draw_Circle2D.jxx
+M Draw:privinclude:Draw_Circle2D.ixx /misc/dn61/LocalWOK/wok_entities/LOC/dev/CR0-OCCT691-7-CR0-OCCT691-occt-64/drv/Draw/Draw_Circle2D.ixx
+M Draw:pubinclude:Handle_Draw_Number.hxx /misc/dn61/LocalWOK/wok_entities/LOC/dev/CR0-OCCT691-7-CR0-OCCT691-occt-64/inc/Handle_Draw_Number.hxx
+M Draw:pubinclude:Draw_Number.hxx /misc/dn61/LocalWOK/wok_entities/LOC/dev/CR0-OCCT691-7-CR0-OCCT691-occt-64/inc/Draw_Number.hxx
+M Draw:privinclude:Draw_Number.jxx /misc/dn61/LocalWOK/wok_entities/LOC/dev/CR0-OCCT691-7-CR0-OCCT691-occt-64/drv/Draw/Draw_Number.jxx
+M Draw:privinclude:Draw_Number.ixx /misc/dn61/LocalWOK/wok_entities/LOC/dev/CR0-OCCT691-7-CR0-OCCT691-occt-64/drv/Draw/Draw_Number.ixx
+M Draw:pubinclude:Handle_Draw_Chronometer.hxx /misc/dn61/LocalWOK/wok_entities/LOC/dev/CR0-OCCT691-7-CR0-OCCT691-occt-64/inc/Handle_Draw_Chronometer.hxx
+M Draw:pubinclude:Draw_Chronometer.hxx /misc/dn61/LocalWOK/wok_entities/LOC/dev/CR0-OCCT691-7-CR0-OCCT691-occt-64/inc/Draw_Chronometer.hxx
+M Draw:privinclude:Draw_Chronometer.jxx /misc/dn61/LocalWOK/wok_entities/LOC/dev/CR0-OCCT691-7-CR0-OCCT691-occt-64/drv/Draw/Draw_Chronometer.jxx
+M Draw:privinclude:Draw_Chronometer.ixx /misc/dn61/LocalWOK/wok_entities/LOC/dev/CR0-OCCT691-7-CR0-OCCT691-occt-64/drv/Draw/Draw_Chronometer.ixx
+M Draw:pubinclude:Handle_Draw_Grid.hxx /misc/dn61/LocalWOK/wok_entities/LOC/dev/CR0-OCCT691-7-CR0-OCCT691-occt-64/inc/Handle_Draw_Grid.hxx
+M Draw:pubinclude:Draw_Grid.hxx /misc/dn61/LocalWOK/wok_entities/LOC/dev/CR0-OCCT691-7-CR0-OCCT691-occt-64/inc/Draw_Grid.hxx
+M Draw:privinclude:Draw_Grid.jxx /misc/dn61/LocalWOK/wok_entities/LOC/dev/CR0-OCCT691-7-CR0-OCCT691-occt-64/drv/Draw/Draw_Grid.jxx
+M Draw:privinclude:Draw_Grid.ixx /misc/dn61/LocalWOK/wok_entities/LOC/dev/CR0-OCCT691-7-CR0-OCCT691-occt-64/drv/Draw/Draw_Grid.ixx
+M Draw:pubinclude:Handle_Draw_Box.hxx /misc/dn61/LocalWOK/wok_entities/LOC/dev/CR0-OCCT691-7-CR0-OCCT691-occt-64/inc/Handle_Draw_Box.hxx
+M Draw:pubinclude:Draw_Box.hxx /misc/dn61/LocalWOK/wok_entities/LOC/dev/CR0-OCCT691-7-CR0-OCCT691-occt-64/inc/Draw_Box.hxx
+M Draw:privinclude:Draw_Box.jxx /misc/dn61/LocalWOK/wok_entities/LOC/dev/CR0-OCCT691-7-CR0-OCCT691-occt-64/drv/Draw/Draw_Box.jxx
+M Draw:privinclude:Draw_Box.ixx /misc/dn61/LocalWOK/wok_entities/LOC/dev/CR0-OCCT691-7-CR0-OCCT691-occt-64/drv/Draw/Draw_Box.ixx
+M Draw:pubinclude:Draw_SequenceOfDrawable3D.hxx /misc/dn61/LocalWOK/wok_entities/LOC/dev/CR0-OCCT691-7-CR0-OCCT691-occt-64/inc/Draw_SequenceOfDrawable3D.hxx
+M Draw:derivated:Draw_SequenceOfDrawable3D_0.cxx /misc/dn61/LocalWOK/wok_entities/LOC/dev/CR0-OCCT691-7-CR0-OCCT691-occt-64/drv/Draw/Draw_SequenceOfDrawable3D_0.cxx
+M Draw:pubinclude:Handle_Draw_ProgressIndicator.hxx /misc/dn61/LocalWOK/wok_entities/LOC/dev/CR0-OCCT691-7-CR0-OCCT691-occt-64/inc/Handle_Draw_ProgressIndicator.hxx
+M Draw:pubinclude:Draw_ProgressIndicator.hxx /misc/dn61/LocalWOK/wok_entities/LOC/dev/CR0-OCCT691-7-CR0-OCCT691-occt-64/inc/Draw_ProgressIndicator.hxx
+M Draw:privinclude:Draw_ProgressIndicator.jxx /misc/dn61/LocalWOK/wok_entities/LOC/dev/CR0-OCCT691-7-CR0-OCCT691-occt-64/drv/Draw/Draw_ProgressIndicator.jxx
+M Draw:privinclude:Draw_ProgressIndicator.ixx /misc/dn61/LocalWOK/wok_entities/LOC/dev/CR0-OCCT691-7-CR0-OCCT691-occt-64/drv/Draw/Draw_ProgressIndicator.ixx
+M Draw:pubinclude:Handle_Draw_Printer.hxx /misc/dn61/LocalWOK/wok_entities/LOC/dev/CR0-OCCT691-7-CR0-OCCT691-occt-64/inc/Handle_Draw_Printer.hxx
+M Draw:pubinclude:Draw_Printer.hxx /misc/dn61/LocalWOK/wok_entities/LOC/dev/CR0-OCCT691-7-CR0-OCCT691-occt-64/inc/Draw_Printer.hxx
+M Draw:privinclude:Draw_Printer.jxx /misc/dn61/LocalWOK/wok_entities/LOC/dev/CR0-OCCT691-7-CR0-OCCT691-occt-64/drv/Draw/Draw_Printer.jxx
+M Draw:privinclude:Draw_Printer.ixx /misc/dn61/LocalWOK/wok_entities/LOC/dev/CR0-OCCT691-7-CR0-OCCT691-occt-64/drv/Draw/Draw_Printer.ixx
+M Draw:pubinclude:Draw_MapOfAsciiString.hxx /misc/dn61/LocalWOK/wok_entities/LOC/dev/CR0-OCCT691-7-CR0-OCCT691-occt-64/inc/Draw_MapOfAsciiString.hxx
+M Draw:derivated:Draw_MapOfAsciiString_0.cxx /misc/dn61/LocalWOK/wok_entities/LOC/dev/CR0-OCCT691-7-CR0-OCCT691-occt-64/drv/Draw/Draw_MapOfAsciiString_0.cxx
+M Draw:pubinclude:Handle_Draw_SequenceNodeOfSequenceOfDrawable3D.hxx /misc/dn61/LocalWOK/wok_entities/LOC/dev/CR0-OCCT691-7-CR0-OCCT691-occt-64/inc/Handle_Draw_SequenceNodeOfSequenceOfDrawable3D.hxx
+M Draw:pubinclude:Draw_SequenceNodeOfSequenceOfDrawable3D.hxx /misc/dn61/LocalWOK/wok_entities/LOC/dev/CR0-OCCT691-7-CR0-OCCT691-occt-64/inc/Draw_SequenceNodeOfSequenceOfDrawable3D.hxx
+M Draw:derivated:Draw_SequenceNodeOfSequenceOfDrawable3D_0.cxx /misc/dn61/LocalWOK/wok_entities/LOC/dev/CR0-OCCT691-7-CR0-OCCT691-occt-64/drv/Draw/Draw_SequenceNodeOfSequenceOfDrawable3D_0.cxx
+M Draw:pubinclude:Handle_Draw_IndexedMapNodeOfMapOfAsciiString.hxx /misc/dn61/LocalWOK/wok_entities/LOC/dev/CR0-OCCT691-7-CR0-OCCT691-occt-64/inc/Handle_Draw_IndexedMapNodeOfMapOfAsciiString.hxx
+M Draw:pubinclude:Draw_IndexedMapNodeOfMapOfAsciiString.hxx /misc/dn61/LocalWOK/wok_entities/LOC/dev/CR0-OCCT691-7-CR0-OCCT691-occt-64/inc/Draw_IndexedMapNodeOfMapOfAsciiString.hxx
+M Draw:derivated:Draw_IndexedMapNodeOfMapOfAsciiString_0.cxx /misc/dn61/LocalWOK/wok_entities/LOC/dev/CR0-OCCT691-7-CR0-OCCT691-occt-64/drv/Draw/Draw_IndexedMapNodeOfMapOfAsciiString_0.cxx
+M Draw:pubinclude:Handle_Draw_Failure.hxx /misc/dn61/LocalWOK/wok_entities/LOC/dev/CR0-OCCT691-7-CR0-OCCT691-occt-64/inc/Handle_Draw_Failure.hxx
+M Draw:pubinclude:Draw_Failure.hxx /misc/dn61/LocalWOK/wok_entities/LOC/dev/CR0-OCCT691-7-CR0-OCCT691-occt-64/inc/Draw_Failure.hxx
+M Draw:derivated:Draw_Failure_0.cxx /misc/dn61/LocalWOK/wok_entities/LOC/dev/CR0-OCCT691-7-CR0-OCCT691-occt-64/drv/Draw/Draw_Failure_0.cxx
+M Draw:pubinclude:Draw_ColorKind.hxx /misc/dn61/LocalWOK/wok_entities/LOC/dev/CR0-OCCT691-7-CR0-OCCT691-occt-64/inc/Draw_ColorKind.hxx
+M Draw:pubinclude:Draw_MarkerShape.hxx /misc/dn61/LocalWOK/wok_entities/LOC/dev/CR0-OCCT691-7-CR0-OCCT691-occt-64/inc/Draw_MarkerShape.hxx
+M Draw:dbadmfile:Draw_xcpp_header.In /misc/dn61/LocalWOK/wok_entities/LOC/dev/CR0-OCCT691-7-CR0-OCCT691-occt-64/drv/Draw/.adm/Draw_xcpp_header.In
+M Draw:dbadmfile:Draw_xcpp_header.Out /misc/dn61/LocalWOK/wok_entities/LOC/dev/CR0-OCCT691-7-CR0-OCCT691-occt-64/drv/Draw/.adm/Draw_xcpp_header.Out
+M Draw:dbadmfile:Draw_xcpp_header.Dep /misc/dn61/LocalWOK/wok_entities/LOC/dev/CR0-OCCT691-7-CR0-OCCT691-occt-64/drv/Draw/.adm/Draw_xcpp_header.Dep
