+M StepAP214:pubinclude:StepAP214.hxx /misc/dn61/LocalWOK/wok_entities/LOC/dev/CR0-OCCT691-7-CR0-OCCT691-occt-64/inc/StepAP214.hxx
+M StepAP214:privinclude:StepAP214.jxx /misc/dn61/LocalWOK/wok_entities/LOC/dev/CR0-OCCT691-7-CR0-OCCT691-occt-64/drv/StepAP214/StepAP214.jxx
+M StepAP214:privinclude:StepAP214.ixx /misc/dn61/LocalWOK/wok_entities/LOC/dev/CR0-OCCT691-7-CR0-OCCT691-occt-64/drv/StepAP214/StepAP214.ixx
+M StepAP214:pubinclude:StepAP214_AutoDesignDateAndPersonItem.hxx /misc/dn61/LocalWOK/wok_entities/LOC/dev/CR0-OCCT691-7-CR0-OCCT691-occt-64/inc/StepAP214_AutoDesignDateAndPersonItem.hxx
+M StepAP214:privinclude:StepAP214_AutoDesignDateAndPersonItem.jxx /misc/dn61/LocalWOK/wok_entities/LOC/dev/CR0-OCCT691-7-CR0-OCCT691-occt-64/drv/StepAP214/StepAP214_AutoDesignDateAndPersonItem.jxx
+M StepAP214:privinclude:StepAP214_AutoDesignDateAndPersonItem.ixx /misc/dn61/LocalWOK/wok_entities/LOC/dev/CR0-OCCT691-7-CR0-OCCT691-occt-64/drv/StepAP214/StepAP214_AutoDesignDateAndPersonItem.ixx
+M StepAP214:pubinclude:StepAP214_AutoDesignDateAndTimeItem.hxx /misc/dn61/LocalWOK/wok_entities/LOC/dev/CR0-OCCT691-7-CR0-OCCT691-occt-64/inc/StepAP214_AutoDesignDateAndTimeItem.hxx
+M StepAP214:privinclude:StepAP214_AutoDesignDateAndTimeItem.jxx /misc/dn61/LocalWOK/wok_entities/LOC/dev/CR0-OCCT691-7-CR0-OCCT691-occt-64/drv/StepAP214/StepAP214_AutoDesignDateAndTimeItem.jxx
+M StepAP214:privinclude:StepAP214_AutoDesignDateAndTimeItem.ixx /misc/dn61/LocalWOK/wok_entities/LOC/dev/CR0-OCCT691-7-CR0-OCCT691-occt-64/drv/StepAP214/StepAP214_AutoDesignDateAndTimeItem.ixx
+M StepAP214:pubinclude:StepAP214_AutoDesignDatedItem.hxx /misc/dn61/LocalWOK/wok_entities/LOC/dev/CR0-OCCT691-7-CR0-OCCT691-occt-64/inc/StepAP214_AutoDesignDatedItem.hxx
+M StepAP214:privinclude:StepAP214_AutoDesignDatedItem.jxx /misc/dn61/LocalWOK/wok_entities/LOC/dev/CR0-OCCT691-7-CR0-OCCT691-occt-64/drv/StepAP214/StepAP214_AutoDesignDatedItem.jxx
+M StepAP214:privinclude:StepAP214_AutoDesignDatedItem.ixx /misc/dn61/LocalWOK/wok_entities/LOC/dev/CR0-OCCT691-7-CR0-OCCT691-occt-64/drv/StepAP214/StepAP214_AutoDesignDatedItem.ixx
+M StepAP214:pubinclude:StepAP214_AutoDesignGeneralOrgItem.hxx /misc/dn61/LocalWOK/wok_entities/LOC/dev/CR0-OCCT691-7-CR0-OCCT691-occt-64/inc/StepAP214_AutoDesignGeneralOrgItem.hxx
+M StepAP214:privinclude:StepAP214_AutoDesignGeneralOrgItem.jxx /misc/dn61/LocalWOK/wok_entities/LOC/dev/CR0-OCCT691-7-CR0-OCCT691-occt-64/drv/StepAP214/StepAP214_AutoDesignGeneralOrgItem.jxx
+M StepAP214:privinclude:StepAP214_AutoDesignGeneralOrgItem.ixx /misc/dn61/LocalWOK/wok_entities/LOC/dev/CR0-OCCT691-7-CR0-OCCT691-occt-64/drv/StepAP214/StepAP214_AutoDesignGeneralOrgItem.ixx
+M StepAP214:pubinclude:StepAP214_AutoDesignOrganizationItem.hxx /misc/dn61/LocalWOK/wok_entities/LOC/dev/CR0-OCCT691-7-CR0-OCCT691-occt-64/inc/StepAP214_AutoDesignOrganizationItem.hxx
+M StepAP214:privinclude:StepAP214_AutoDesignOrganizationItem.jxx /misc/dn61/LocalWOK/wok_entities/LOC/dev/CR0-OCCT691-7-CR0-OCCT691-occt-64/drv/StepAP214/StepAP214_AutoDesignOrganizationItem.jxx
+M StepAP214:privinclude:StepAP214_AutoDesignOrganizationItem.ixx /misc/dn61/LocalWOK/wok_entities/LOC/dev/CR0-OCCT691-7-CR0-OCCT691-occt-64/drv/StepAP214/StepAP214_AutoDesignOrganizationItem.ixx
+M StepAP214:pubinclude:StepAP214_AutoDesignGroupedItem.hxx /misc/dn61/LocalWOK/wok_entities/LOC/dev/CR0-OCCT691-7-CR0-OCCT691-occt-64/inc/StepAP214_AutoDesignGroupedItem.hxx
+M StepAP214:privinclude:StepAP214_AutoDesignGroupedItem.jxx /misc/dn61/LocalWOK/wok_entities/LOC/dev/CR0-OCCT691-7-CR0-OCCT691-occt-64/drv/StepAP214/StepAP214_AutoDesignGroupedItem.jxx
+M StepAP214:privinclude:StepAP214_AutoDesignGroupedItem.ixx /misc/dn61/LocalWOK/wok_entities/LOC/dev/CR0-OCCT691-7-CR0-OCCT691-occt-64/drv/StepAP214/StepAP214_AutoDesignGroupedItem.ixx
+M StepAP214:pubinclude:StepAP214_AutoDesignPresentedItemSelect.hxx /misc/dn61/LocalWOK/wok_entities/LOC/dev/CR0-OCCT691-7-CR0-OCCT691-occt-64/inc/StepAP214_AutoDesignPresentedItemSelect.hxx
+M StepAP214:privinclude:StepAP214_AutoDesignPresentedItemSelect.jxx /misc/dn61/LocalWOK/wok_entities/LOC/dev/CR0-OCCT691-7-CR0-OCCT691-occt-64/drv/StepAP214/StepAP214_AutoDesignPresentedItemSelect.jxx
+M StepAP214:privinclude:StepAP214_AutoDesignPresentedItemSelect.ixx /misc/dn61/LocalWOK/wok_entities/LOC/dev/CR0-OCCT691-7-CR0-OCCT691-occt-64/drv/StepAP214/StepAP214_AutoDesignPresentedItemSelect.ixx
+M StepAP214:pubinclude:StepAP214_AutoDesignReferencingItem.hxx /misc/dn61/LocalWOK/wok_entities/LOC/dev/CR0-OCCT691-7-CR0-OCCT691-occt-64/inc/StepAP214_AutoDesignReferencingItem.hxx
+M StepAP214:privinclude:StepAP214_AutoDesignReferencingItem.jxx /misc/dn61/LocalWOK/wok_entities/LOC/dev/CR0-OCCT691-7-CR0-OCCT691-occt-64/drv/StepAP214/StepAP214_AutoDesignReferencingItem.jxx
+M StepAP214:privinclude:StepAP214_AutoDesignReferencingItem.ixx /misc/dn61/LocalWOK/wok_entities/LOC/dev/CR0-OCCT691-7-CR0-OCCT691-occt-64/drv/StepAP214/StepAP214_AutoDesignReferencingItem.ixx
+M StepAP214:pubinclude:StepAP214_DateAndTimeItem.hxx /misc/dn61/LocalWOK/wok_entities/LOC/dev/CR0-OCCT691-7-CR0-OCCT691-occt-64/inc/StepAP214_DateAndTimeItem.hxx
+M StepAP214:privinclude:StepAP214_DateAndTimeItem.jxx /misc/dn61/LocalWOK/wok_entities/LOC/dev/CR0-OCCT691-7-CR0-OCCT691-occt-64/drv/StepAP214/StepAP214_DateAndTimeItem.jxx
+M StepAP214:privinclude:StepAP214_DateAndTimeItem.ixx /misc/dn61/LocalWOK/wok_entities/LOC/dev/CR0-OCCT691-7-CR0-OCCT691-occt-64/drv/StepAP214/StepAP214_DateAndTimeItem.ixx
+M StepAP214:pubinclude:StepAP214_DateItem.hxx /misc/dn61/LocalWOK/wok_entities/LOC/dev/CR0-OCCT691-7-CR0-OCCT691-occt-64/inc/StepAP214_DateItem.hxx
+M StepAP214:privinclude:StepAP214_DateItem.jxx /misc/dn61/LocalWOK/wok_entities/LOC/dev/CR0-OCCT691-7-CR0-OCCT691-occt-64/drv/StepAP214/StepAP214_DateItem.jxx
+M StepAP214:privinclude:StepAP214_DateItem.ixx /misc/dn61/LocalWOK/wok_entities/LOC/dev/CR0-OCCT691-7-CR0-OCCT691-occt-64/drv/StepAP214/StepAP214_DateItem.ixx
+M StepAP214:pubinclude:StepAP214_ApprovalItem.hxx /misc/dn61/LocalWOK/wok_entities/LOC/dev/CR0-OCCT691-7-CR0-OCCT691-occt-64/inc/StepAP214_ApprovalItem.hxx
+M StepAP214:privinclude:StepAP214_ApprovalItem.jxx /misc/dn61/LocalWOK/wok_entities/LOC/dev/CR0-OCCT691-7-CR0-OCCT691-occt-64/drv/StepAP214/StepAP214_ApprovalItem.jxx
+M StepAP214:privinclude:StepAP214_ApprovalItem.ixx /misc/dn61/LocalWOK/wok_entities/LOC/dev/CR0-OCCT691-7-CR0-OCCT691-occt-64/drv/StepAP214/StepAP214_ApprovalItem.ixx
+M StepAP214:pubinclude:StepAP214_OrganizationItem.hxx /misc/dn61/LocalWOK/wok_entities/LOC/dev/CR0-OCCT691-7-CR0-OCCT691-occt-64/inc/StepAP214_OrganizationItem.hxx
+M StepAP214:privinclude:StepAP214_OrganizationItem.jxx /misc/dn61/LocalWOK/wok_entities/LOC/dev/CR0-OCCT691-7-CR0-OCCT691-occt-64/drv/StepAP214/StepAP214_OrganizationItem.jxx
+M StepAP214:privinclude:StepAP214_OrganizationItem.ixx /misc/dn61/LocalWOK/wok_entities/LOC/dev/CR0-OCCT691-7-CR0-OCCT691-occt-64/drv/StepAP214/StepAP214_OrganizationItem.ixx
+M StepAP214:pubinclude:StepAP214_DocumentReferenceItem.hxx /misc/dn61/LocalWOK/wok_entities/LOC/dev/CR0-OCCT691-7-CR0-OCCT691-occt-64/inc/StepAP214_DocumentReferenceItem.hxx
+M StepAP214:privinclude:StepAP214_DocumentReferenceItem.jxx /misc/dn61/LocalWOK/wok_entities/LOC/dev/CR0-OCCT691-7-CR0-OCCT691-occt-64/drv/StepAP214/StepAP214_DocumentReferenceItem.jxx
+M StepAP214:privinclude:StepAP214_DocumentReferenceItem.ixx /misc/dn61/LocalWOK/wok_entities/LOC/dev/CR0-OCCT691-7-CR0-OCCT691-occt-64/drv/StepAP214/StepAP214_DocumentReferenceItem.ixx
+M StepAP214:pubinclude:StepAP214_GroupItem.hxx /misc/dn61/LocalWOK/wok_entities/LOC/dev/CR0-OCCT691-7-CR0-OCCT691-occt-64/inc/StepAP214_GroupItem.hxx
+M StepAP214:privinclude:StepAP214_GroupItem.jxx /misc/dn61/LocalWOK/wok_entities/LOC/dev/CR0-OCCT691-7-CR0-OCCT691-occt-64/drv/StepAP214/StepAP214_GroupItem.jxx
+M StepAP214:privinclude:StepAP214_GroupItem.ixx /misc/dn61/LocalWOK/wok_entities/LOC/dev/CR0-OCCT691-7-CR0-OCCT691-occt-64/drv/StepAP214/StepAP214_GroupItem.ixx
+M StepAP214:pubinclude:StepAP214_PersonAndOrganizationItem.hxx /misc/dn61/LocalWOK/wok_entities/LOC/dev/CR0-OCCT691-7-CR0-OCCT691-occt-64/inc/StepAP214_PersonAndOrganizationItem.hxx
+M StepAP214:privinclude:StepAP214_PersonAndOrganizationItem.jxx /misc/dn61/LocalWOK/wok_entities/LOC/dev/CR0-OCCT691-7-CR0-OCCT691-occt-64/drv/StepAP214/StepAP214_PersonAndOrganizationItem.jxx
+M StepAP214:privinclude:StepAP214_PersonAndOrganizationItem.ixx /misc/dn61/LocalWOK/wok_entities/LOC/dev/CR0-OCCT691-7-CR0-OCCT691-occt-64/drv/StepAP214/StepAP214_PersonAndOrganizationItem.ixx
+M StepAP214:pubinclude:StepAP214_PresentedItemSelect.hxx /misc/dn61/LocalWOK/wok_entities/LOC/dev/CR0-OCCT691-7-CR0-OCCT691-occt-64/inc/StepAP214_PresentedItemSelect.hxx
+M StepAP214:privinclude:StepAP214_PresentedItemSelect.jxx /misc/dn61/LocalWOK/wok_entities/LOC/dev/CR0-OCCT691-7-CR0-OCCT691-occt-64/drv/StepAP214/StepAP214_PresentedItemSelect.jxx
+M StepAP214:privinclude:StepAP214_PresentedItemSelect.ixx /misc/dn61/LocalWOK/wok_entities/LOC/dev/CR0-OCCT691-7-CR0-OCCT691-occt-64/drv/StepAP214/StepAP214_PresentedItemSelect.ixx
+M StepAP214:pubinclude:StepAP214_SecurityClassificationItem.hxx /misc/dn61/LocalWOK/wok_entities/LOC/dev/CR0-OCCT691-7-CR0-OCCT691-occt-64/inc/StepAP214_SecurityClassificationItem.hxx
+M StepAP214:privinclude:StepAP214_SecurityClassificationItem.jxx /misc/dn61/LocalWOK/wok_entities/LOC/dev/CR0-OCCT691-7-CR0-OCCT691-occt-64/drv/StepAP214/StepAP214_SecurityClassificationItem.jxx
+M StepAP214:privinclude:StepAP214_SecurityClassificationItem.ixx /misc/dn61/LocalWOK/wok_entities/LOC/dev/CR0-OCCT691-7-CR0-OCCT691-occt-64/drv/StepAP214/StepAP214_SecurityClassificationItem.ixx
+M StepAP214:pubinclude:Handle_StepAP214_Protocol.hxx /misc/dn61/LocalWOK/wok_entities/LOC/dev/CR0-OCCT691-7-CR0-OCCT691-occt-64/inc/Handle_StepAP214_Protocol.hxx
+M StepAP214:pubinclude:StepAP214_Protocol.hxx /misc/dn61/LocalWOK/wok_entities/LOC/dev/CR0-OCCT691-7-CR0-OCCT691-occt-64/inc/StepAP214_Protocol.hxx
+M StepAP214:privinclude:StepAP214_Protocol.jxx /misc/dn61/LocalWOK/wok_entities/LOC/dev/CR0-OCCT691-7-CR0-OCCT691-occt-64/drv/StepAP214/StepAP214_Protocol.jxx
+M StepAP214:privinclude:StepAP214_Protocol.ixx /misc/dn61/LocalWOK/wok_entities/LOC/dev/CR0-OCCT691-7-CR0-OCCT691-occt-64/drv/StepAP214/StepAP214_Protocol.ixx
+M StepAP214:pubinclude:Handle_StepAP214_AutoDesignApprovalAssignment.hxx /misc/dn61/LocalWOK/wok_entities/LOC/dev/CR0-OCCT691-7-CR0-OCCT691-occt-64/inc/Handle_StepAP214_AutoDesignApprovalAssignment.hxx
+M StepAP214:pubinclude:StepAP214_AutoDesignApprovalAssignment.hxx /misc/dn61/LocalWOK/wok_entities/LOC/dev/CR0-OCCT691-7-CR0-OCCT691-occt-64/inc/StepAP214_AutoDesignApprovalAssignment.hxx
+M StepAP214:privinclude:StepAP214_AutoDesignApprovalAssignment.jxx /misc/dn61/LocalWOK/wok_entities/LOC/dev/CR0-OCCT691-7-CR0-OCCT691-occt-64/drv/StepAP214/StepAP214_AutoDesignApprovalAssignment.jxx
+M StepAP214:privinclude:StepAP214_AutoDesignApprovalAssignment.ixx /misc/dn61/LocalWOK/wok_entities/LOC/dev/CR0-OCCT691-7-CR0-OCCT691-occt-64/drv/StepAP214/StepAP214_AutoDesignApprovalAssignment.ixx
+M StepAP214:pubinclude:Handle_StepAP214_AutoDesignActualDateAndTimeAssignment.hxx /misc/dn61/LocalWOK/wok_entities/LOC/dev/CR0-OCCT691-7-CR0-OCCT691-occt-64/inc/Handle_StepAP214_AutoDesignActualDateAndTimeAssignment.hxx
+M StepAP214:pubinclude:StepAP214_AutoDesignActualDateAndTimeAssignment.hxx /misc/dn61/LocalWOK/wok_entities/LOC/dev/CR0-OCCT691-7-CR0-OCCT691-occt-64/inc/StepAP214_AutoDesignActualDateAndTimeAssignment.hxx
+M StepAP214:privinclude:StepAP214_AutoDesignActualDateAndTimeAssignment.jxx /misc/dn61/LocalWOK/wok_entities/LOC/dev/CR0-OCCT691-7-CR0-OCCT691-occt-64/drv/StepAP214/StepAP214_AutoDesignActualDateAndTimeAssignment.jxx
+M StepAP214:privinclude:StepAP214_AutoDesignActualDateAndTimeAssignment.ixx /misc/dn61/LocalWOK/wok_entities/LOC/dev/CR0-OCCT691-7-CR0-OCCT691-occt-64/drv/StepAP214/StepAP214_AutoDesignActualDateAndTimeAssignment.ixx
+M StepAP214:pubinclude:Handle_StepAP214_AutoDesignNominalDateAndTimeAssignment.hxx /misc/dn61/LocalWOK/wok_entities/LOC/dev/CR0-OCCT691-7-CR0-OCCT691-occt-64/inc/Handle_StepAP214_AutoDesignNominalDateAndTimeAssignment.hxx
+M StepAP214:pubinclude:StepAP214_AutoDesignNominalDateAndTimeAssignment.hxx /misc/dn61/LocalWOK/wok_entities/LOC/dev/CR0-OCCT691-7-CR0-OCCT691-occt-64/inc/StepAP214_AutoDesignNominalDateAndTimeAssignment.hxx
+M StepAP214:privinclude:StepAP214_AutoDesignNominalDateAndTimeAssignment.jxx /misc/dn61/LocalWOK/wok_entities/LOC/dev/CR0-OCCT691-7-CR0-OCCT691-occt-64/drv/StepAP214/StepAP214_AutoDesignNominalDateAndTimeAssignment.jxx
+M StepAP214:privinclude:StepAP214_AutoDesignNominalDateAndTimeAssignment.ixx /misc/dn61/LocalWOK/wok_entities/LOC/dev/CR0-OCCT691-7-CR0-OCCT691-occt-64/drv/StepAP214/StepAP214_AutoDesignNominalDateAndTimeAssignment.ixx
+M StepAP214:pubinclude:Handle_StepAP214_AutoDesignActualDateAssignment.hxx /misc/dn61/LocalWOK/wok_entities/LOC/dev/CR0-OCCT691-7-CR0-OCCT691-occt-64/inc/Handle_StepAP214_AutoDesignActualDateAssignment.hxx
+M StepAP214:pubinclude:StepAP214_AutoDesignActualDateAssignment.hxx /misc/dn61/LocalWOK/wok_entities/LOC/dev/CR0-OCCT691-7-CR0-OCCT691-occt-64/inc/StepAP214_AutoDesignActualDateAssignment.hxx
+M StepAP214:privinclude:StepAP214_AutoDesignActualDateAssignment.jxx /misc/dn61/LocalWOK/wok_entities/LOC/dev/CR0-OCCT691-7-CR0-OCCT691-occt-64/drv/StepAP214/StepAP214_AutoDesignActualDateAssignment.jxx
+M StepAP214:privinclude:StepAP214_AutoDesignActualDateAssignment.ixx /misc/dn61/LocalWOK/wok_entities/LOC/dev/CR0-OCCT691-7-CR0-OCCT691-occt-64/drv/StepAP214/StepAP214_AutoDesignActualDateAssignment.ixx
+M StepAP214:pubinclude:Handle_StepAP214_AutoDesignNominalDateAssignment.hxx /misc/dn61/LocalWOK/wok_entities/LOC/dev/CR0-OCCT691-7-CR0-OCCT691-occt-64/inc/Handle_StepAP214_AutoDesignNominalDateAssignment.hxx
+M StepAP214:pubinclude:StepAP214_AutoDesignNominalDateAssignment.hxx /misc/dn61/LocalWOK/wok_entities/LOC/dev/CR0-OCCT691-7-CR0-OCCT691-occt-64/inc/StepAP214_AutoDesignNominalDateAssignment.hxx
+M StepAP214:privinclude:StepAP214_AutoDesignNominalDateAssignment.jxx /misc/dn61/LocalWOK/wok_entities/LOC/dev/CR0-OCCT691-7-CR0-OCCT691-occt-64/drv/StepAP214/StepAP214_AutoDesignNominalDateAssignment.jxx
+M StepAP214:privinclude:StepAP214_AutoDesignNominalDateAssignment.ixx /misc/dn61/LocalWOK/wok_entities/LOC/dev/CR0-OCCT691-7-CR0-OCCT691-occt-64/drv/StepAP214/StepAP214_AutoDesignNominalDateAssignment.ixx
+M StepAP214:pubinclude:Handle_StepAP214_AutoDesignGroupAssignment.hxx /misc/dn61/LocalWOK/wok_entities/LOC/dev/CR0-OCCT691-7-CR0-OCCT691-occt-64/inc/Handle_StepAP214_AutoDesignGroupAssignment.hxx
+M StepAP214:pubinclude:StepAP214_AutoDesignGroupAssignment.hxx /misc/dn61/LocalWOK/wok_entities/LOC/dev/CR0-OCCT691-7-CR0-OCCT691-occt-64/inc/StepAP214_AutoDesignGroupAssignment.hxx
+M StepAP214:privinclude:StepAP214_AutoDesignGroupAssignment.jxx /misc/dn61/LocalWOK/wok_entities/LOC/dev/CR0-OCCT691-7-CR0-OCCT691-occt-64/drv/StepAP214/StepAP214_AutoDesignGroupAssignment.jxx
+M StepAP214:privinclude:StepAP214_AutoDesignGroupAssignment.ixx /misc/dn61/LocalWOK/wok_entities/LOC/dev/CR0-OCCT691-7-CR0-OCCT691-occt-64/drv/StepAP214/StepAP214_AutoDesignGroupAssignment.ixx
+M StepAP214:pubinclude:Handle_StepAP214_AutoDesignOrganizationAssignment.hxx /misc/dn61/LocalWOK/wok_entities/LOC/dev/CR0-OCCT691-7-CR0-OCCT691-occt-64/inc/Handle_StepAP214_AutoDesignOrganizationAssignment.hxx
+M StepAP214:pubinclude:StepAP214_AutoDesignOrganizationAssignment.hxx /misc/dn61/LocalWOK/wok_entities/LOC/dev/CR0-OCCT691-7-CR0-OCCT691-occt-64/inc/StepAP214_AutoDesignOrganizationAssignment.hxx
+M StepAP214:privinclude:StepAP214_AutoDesignOrganizationAssignment.jxx /misc/dn61/LocalWOK/wok_entities/LOC/dev/CR0-OCCT691-7-CR0-OCCT691-occt-64/drv/StepAP214/StepAP214_AutoDesignOrganizationAssignment.jxx
+M StepAP214:privinclude:StepAP214_AutoDesignOrganizationAssignment.ixx /misc/dn61/LocalWOK/wok_entities/LOC/dev/CR0-OCCT691-7-CR0-OCCT691-occt-64/drv/StepAP214/StepAP214_AutoDesignOrganizationAssignment.ixx
+M StepAP214:pubinclude:Handle_StepAP214_AutoDesignDateAndPersonAssignment.hxx /misc/dn61/LocalWOK/wok_entities/LOC/dev/CR0-OCCT691-7-CR0-OCCT691-occt-64/inc/Handle_StepAP214_AutoDesignDateAndPersonAssignment.hxx
+M StepAP214:pubinclude:StepAP214_AutoDesignDateAndPersonAssignment.hxx /misc/dn61/LocalWOK/wok_entities/LOC/dev/CR0-OCCT691-7-CR0-OCCT691-occt-64/inc/StepAP214_AutoDesignDateAndPersonAssignment.hxx
+M StepAP214:privinclude:StepAP214_AutoDesignDateAndPersonAssignment.jxx /misc/dn61/LocalWOK/wok_entities/LOC/dev/CR0-OCCT691-7-CR0-OCCT691-occt-64/drv/StepAP214/StepAP214_AutoDesignDateAndPersonAssignment.jxx
+M StepAP214:privinclude:StepAP214_AutoDesignDateAndPersonAssignment.ixx /misc/dn61/LocalWOK/wok_entities/LOC/dev/CR0-OCCT691-7-CR0-OCCT691-occt-64/drv/StepAP214/StepAP214_AutoDesignDateAndPersonAssignment.ixx
+M StepAP214:pubinclude:Handle_StepAP214_AutoDesignPersonAndOrganizationAssignment.hxx /misc/dn61/LocalWOK/wok_entities/LOC/dev/CR0-OCCT691-7-CR0-OCCT691-occt-64/inc/Handle_StepAP214_AutoDesignPersonAndOrganizationAssignment.hxx
+M StepAP214:pubinclude:StepAP214_AutoDesignPersonAndOrganizationAssignment.hxx /misc/dn61/LocalWOK/wok_entities/LOC/dev/CR0-OCCT691-7-CR0-OCCT691-occt-64/inc/StepAP214_AutoDesignPersonAndOrganizationAssignment.hxx
+M StepAP214:privinclude:StepAP214_AutoDesignPersonAndOrganizationAssignment.jxx /misc/dn61/LocalWOK/wok_entities/LOC/dev/CR0-OCCT691-7-CR0-OCCT691-occt-64/drv/StepAP214/StepAP214_AutoDesignPersonAndOrganizationAssignment.jxx
+M StepAP214:privinclude:StepAP214_AutoDesignPersonAndOrganizationAssignment.ixx /misc/dn61/LocalWOK/wok_entities/LOC/dev/CR0-OCCT691-7-CR0-OCCT691-occt-64/drv/StepAP214/StepAP214_AutoDesignPersonAndOrganizationAssignment.ixx
+M StepAP214:pubinclude:Handle_StepAP214_AutoDesignPresentedItem.hxx /misc/dn61/LocalWOK/wok_entities/LOC/dev/CR0-OCCT691-7-CR0-OCCT691-occt-64/inc/Handle_StepAP214_AutoDesignPresentedItem.hxx
+M StepAP214:pubinclude:StepAP214_AutoDesignPresentedItem.hxx /misc/dn61/LocalWOK/wok_entities/LOC/dev/CR0-OCCT691-7-CR0-OCCT691-occt-64/inc/StepAP214_AutoDesignPresentedItem.hxx
+M StepAP214:privinclude:StepAP214_AutoDesignPresentedItem.jxx /misc/dn61/LocalWOK/wok_entities/LOC/dev/CR0-OCCT691-7-CR0-OCCT691-occt-64/drv/StepAP214/StepAP214_AutoDesignPresentedItem.jxx
+M StepAP214:privinclude:StepAP214_AutoDesignPresentedItem.ixx /misc/dn61/LocalWOK/wok_entities/LOC/dev/CR0-OCCT691-7-CR0-OCCT691-occt-64/drv/StepAP214/StepAP214_AutoDesignPresentedItem.ixx
+M StepAP214:pubinclude:Handle_StepAP214_AutoDesignSecurityClassificationAssignment.hxx /misc/dn61/LocalWOK/wok_entities/LOC/dev/CR0-OCCT691-7-CR0-OCCT691-occt-64/inc/Handle_StepAP214_AutoDesignSecurityClassificationAssignment.hxx
+M StepAP214:pubinclude:StepAP214_AutoDesignSecurityClassificationAssignment.hxx /misc/dn61/LocalWOK/wok_entities/LOC/dev/CR0-OCCT691-7-CR0-OCCT691-occt-64/inc/StepAP214_AutoDesignSecurityClassificationAssignment.hxx
+M StepAP214:privinclude:StepAP214_AutoDesignSecurityClassificationAssignment.jxx /misc/dn61/LocalWOK/wok_entities/LOC/dev/CR0-OCCT691-7-CR0-OCCT691-occt-64/drv/StepAP214/StepAP214_AutoDesignSecurityClassificationAssignment.jxx
+M StepAP214:privinclude:StepAP214_AutoDesignSecurityClassificationAssignment.ixx /misc/dn61/LocalWOK/wok_entities/LOC/dev/CR0-OCCT691-7-CR0-OCCT691-occt-64/drv/StepAP214/StepAP214_AutoDesignSecurityClassificationAssignment.ixx
+M StepAP214:pubinclude:Handle_StepAP214_AutoDesignDocumentReference.hxx /misc/dn61/LocalWOK/wok_entities/LOC/dev/CR0-OCCT691-7-CR0-OCCT691-occt-64/inc/Handle_StepAP214_AutoDesignDocumentReference.hxx
+M StepAP214:pubinclude:StepAP214_AutoDesignDocumentReference.hxx /misc/dn61/LocalWOK/wok_entities/LOC/dev/CR0-OCCT691-7-CR0-OCCT691-occt-64/inc/StepAP214_AutoDesignDocumentReference.hxx
+M StepAP214:privinclude:StepAP214_AutoDesignDocumentReference.jxx /misc/dn61/LocalWOK/wok_entities/LOC/dev/CR0-OCCT691-7-CR0-OCCT691-occt-64/drv/StepAP214/StepAP214_AutoDesignDocumentReference.jxx
+M StepAP214:privinclude:StepAP214_AutoDesignDocumentReference.ixx /misc/dn61/LocalWOK/wok_entities/LOC/dev/CR0-OCCT691-7-CR0-OCCT691-occt-64/drv/StepAP214/StepAP214_AutoDesignDocumentReference.ixx
+M StepAP214:pubinclude:Handle_StepAP214_AppliedApprovalAssignment.hxx /misc/dn61/LocalWOK/wok_entities/LOC/dev/CR0-OCCT691-7-CR0-OCCT691-occt-64/inc/Handle_StepAP214_AppliedApprovalAssignment.hxx
+M StepAP214:pubinclude:StepAP214_AppliedApprovalAssignment.hxx /misc/dn61/LocalWOK/wok_entities/LOC/dev/CR0-OCCT691-7-CR0-OCCT691-occt-64/inc/StepAP214_AppliedApprovalAssignment.hxx
+M StepAP214:privinclude:StepAP214_AppliedApprovalAssignment.jxx /misc/dn61/LocalWOK/wok_entities/LOC/dev/CR0-OCCT691-7-CR0-OCCT691-occt-64/drv/StepAP214/StepAP214_AppliedApprovalAssignment.jxx
+M StepAP214:privinclude:StepAP214_AppliedApprovalAssignment.ixx /misc/dn61/LocalWOK/wok_entities/LOC/dev/CR0-OCCT691-7-CR0-OCCT691-occt-64/drv/StepAP214/StepAP214_AppliedApprovalAssignment.ixx
+M StepAP214:pubinclude:Handle_StepAP214_AppliedDateAndTimeAssignment.hxx /misc/dn61/LocalWOK/wok_entities/LOC/dev/CR0-OCCT691-7-CR0-OCCT691-occt-64/inc/Handle_StepAP214_AppliedDateAndTimeAssignment.hxx
+M StepAP214:pubinclude:StepAP214_AppliedDateAndTimeAssignment.hxx /misc/dn61/LocalWOK/wok_entities/LOC/dev/CR0-OCCT691-7-CR0-OCCT691-occt-64/inc/StepAP214_AppliedDateAndTimeAssignment.hxx
+M StepAP214:privinclude:StepAP214_AppliedDateAndTimeAssignment.jxx /misc/dn61/LocalWOK/wok_entities/LOC/dev/CR0-OCCT691-7-CR0-OCCT691-occt-64/drv/StepAP214/StepAP214_AppliedDateAndTimeAssignment.jxx
+M StepAP214:privinclude:StepAP214_AppliedDateAndTimeAssignment.ixx /misc/dn61/LocalWOK/wok_entities/LOC/dev/CR0-OCCT691-7-CR0-OCCT691-occt-64/drv/StepAP214/StepAP214_AppliedDateAndTimeAssignment.ixx
+M StepAP214:pubinclude:Handle_StepAP214_AppliedDateAssignment.hxx /misc/dn61/LocalWOK/wok_entities/LOC/dev/CR0-OCCT691-7-CR0-OCCT691-occt-64/inc/Handle_StepAP214_AppliedDateAssignment.hxx
+M StepAP214:pubinclude:StepAP214_AppliedDateAssignment.hxx /misc/dn61/LocalWOK/wok_entities/LOC/dev/CR0-OCCT691-7-CR0-OCCT691-occt-64/inc/StepAP214_AppliedDateAssignment.hxx
+M StepAP214:privinclude:StepAP214_AppliedDateAssignment.jxx /misc/dn61/LocalWOK/wok_entities/LOC/dev/CR0-OCCT691-7-CR0-OCCT691-occt-64/drv/StepAP214/StepAP214_AppliedDateAssignment.jxx
+M StepAP214:privinclude:StepAP214_AppliedDateAssignment.ixx /misc/dn61/LocalWOK/wok_entities/LOC/dev/CR0-OCCT691-7-CR0-OCCT691-occt-64/drv/StepAP214/StepAP214_AppliedDateAssignment.ixx
+M StepAP214:pubinclude:Handle_StepAP214_AppliedGroupAssignment.hxx /misc/dn61/LocalWOK/wok_entities/LOC/dev/CR0-OCCT691-7-CR0-OCCT691-occt-64/inc/Handle_StepAP214_AppliedGroupAssignment.hxx
+M StepAP214:pubinclude:StepAP214_AppliedGroupAssignment.hxx /misc/dn61/LocalWOK/wok_entities/LOC/dev/CR0-OCCT691-7-CR0-OCCT691-occt-64/inc/StepAP214_AppliedGroupAssignment.hxx
+M StepAP214:privinclude:StepAP214_AppliedGroupAssignment.jxx /misc/dn61/LocalWOK/wok_entities/LOC/dev/CR0-OCCT691-7-CR0-OCCT691-occt-64/drv/StepAP214/StepAP214_AppliedGroupAssignment.jxx
+M StepAP214:privinclude:StepAP214_AppliedGroupAssignment.ixx /misc/dn61/LocalWOK/wok_entities/LOC/dev/CR0-OCCT691-7-CR0-OCCT691-occt-64/drv/StepAP214/StepAP214_AppliedGroupAssignment.ixx
+M StepAP214:pubinclude:Handle_StepAP214_AppliedOrganizationAssignment.hxx /misc/dn61/LocalWOK/wok_entities/LOC/dev/CR0-OCCT691-7-CR0-OCCT691-occt-64/inc/Handle_StepAP214_AppliedOrganizationAssignment.hxx
+M StepAP214:pubinclude:StepAP214_AppliedOrganizationAssignment.hxx /misc/dn61/LocalWOK/wok_entities/LOC/dev/CR0-OCCT691-7-CR0-OCCT691-occt-64/inc/StepAP214_AppliedOrganizationAssignment.hxx
+M StepAP214:privinclude:StepAP214_AppliedOrganizationAssignment.jxx /misc/dn61/LocalWOK/wok_entities/LOC/dev/CR0-OCCT691-7-CR0-OCCT691-occt-64/drv/StepAP214/StepAP214_AppliedOrganizationAssignment.jxx
+M StepAP214:privinclude:StepAP214_AppliedOrganizationAssignment.ixx /misc/dn61/LocalWOK/wok_entities/LOC/dev/CR0-OCCT691-7-CR0-OCCT691-occt-64/drv/StepAP214/StepAP214_AppliedOrganizationAssignment.ixx
+M StepAP214:pubinclude:Handle_StepAP214_AppliedPersonAndOrganizationAssignment.hxx /misc/dn61/LocalWOK/wok_entities/LOC/dev/CR0-OCCT691-7-CR0-OCCT691-occt-64/inc/Handle_StepAP214_AppliedPersonAndOrganizationAssignment.hxx
+M StepAP214:pubinclude:StepAP214_AppliedPersonAndOrganizationAssignment.hxx /misc/dn61/LocalWOK/wok_entities/LOC/dev/CR0-OCCT691-7-CR0-OCCT691-occt-64/inc/StepAP214_AppliedPersonAndOrganizationAssignment.hxx
+M StepAP214:privinclude:StepAP214_AppliedPersonAndOrganizationAssignment.jxx /misc/dn61/LocalWOK/wok_entities/LOC/dev/CR0-OCCT691-7-CR0-OCCT691-occt-64/drv/StepAP214/StepAP214_AppliedPersonAndOrganizationAssignment.jxx
+M StepAP214:privinclude:StepAP214_AppliedPersonAndOrganizationAssignment.ixx /misc/dn61/LocalWOK/wok_entities/LOC/dev/CR0-OCCT691-7-CR0-OCCT691-occt-64/drv/StepAP214/StepAP214_AppliedPersonAndOrganizationAssignment.ixx
+M StepAP214:pubinclude:Handle_StepAP214_AppliedPresentedItem.hxx /misc/dn61/LocalWOK/wok_entities/LOC/dev/CR0-OCCT691-7-CR0-OCCT691-occt-64/inc/Handle_StepAP214_AppliedPresentedItem.hxx
+M StepAP214:pubinclude:StepAP214_AppliedPresentedItem.hxx /misc/dn61/LocalWOK/wok_entities/LOC/dev/CR0-OCCT691-7-CR0-OCCT691-occt-64/inc/StepAP214_AppliedPresentedItem.hxx
+M StepAP214:privinclude:StepAP214_AppliedPresentedItem.jxx /misc/dn61/LocalWOK/wok_entities/LOC/dev/CR0-OCCT691-7-CR0-OCCT691-occt-64/drv/StepAP214/StepAP214_AppliedPresentedItem.jxx
+M StepAP214:privinclude:StepAP214_AppliedPresentedItem.ixx /misc/dn61/LocalWOK/wok_entities/LOC/dev/CR0-OCCT691-7-CR0-OCCT691-occt-64/drv/StepAP214/StepAP214_AppliedPresentedItem.ixx
+M StepAP214:pubinclude:Handle_StepAP214_AppliedSecurityClassificationAssignment.hxx /misc/dn61/LocalWOK/wok_entities/LOC/dev/CR0-OCCT691-7-CR0-OCCT691-occt-64/inc/Handle_StepAP214_AppliedSecurityClassificationAssignment.hxx
+M StepAP214:pubinclude:StepAP214_AppliedSecurityClassificationAssignment.hxx /misc/dn61/LocalWOK/wok_entities/LOC/dev/CR0-OCCT691-7-CR0-OCCT691-occt-64/inc/StepAP214_AppliedSecurityClassificationAssignment.hxx
+M StepAP214:privinclude:StepAP214_AppliedSecurityClassificationAssignment.jxx /misc/dn61/LocalWOK/wok_entities/LOC/dev/CR0-OCCT691-7-CR0-OCCT691-occt-64/drv/StepAP214/StepAP214_AppliedSecurityClassificationAssignment.jxx
+M StepAP214:privinclude:StepAP214_AppliedSecurityClassificationAssignment.ixx /misc/dn61/LocalWOK/wok_entities/LOC/dev/CR0-OCCT691-7-CR0-OCCT691-occt-64/drv/StepAP214/StepAP214_AppliedSecurityClassificationAssignment.ixx
+M StepAP214:pubinclude:Handle_StepAP214_AppliedDocumentReference.hxx /misc/dn61/LocalWOK/wok_entities/LOC/dev/CR0-OCCT691-7-CR0-OCCT691-occt-64/inc/Handle_StepAP214_AppliedDocumentReference.hxx
+M StepAP214:pubinclude:StepAP214_AppliedDocumentReference.hxx /misc/dn61/LocalWOK/wok_entities/LOC/dev/CR0-OCCT691-7-CR0-OCCT691-occt-64/inc/StepAP214_AppliedDocumentReference.hxx
+M StepAP214:privinclude:StepAP214_AppliedDocumentReference.jxx /misc/dn61/LocalWOK/wok_entities/LOC/dev/CR0-OCCT691-7-CR0-OCCT691-occt-64/drv/StepAP214/StepAP214_AppliedDocumentReference.jxx
+M StepAP214:privinclude:StepAP214_AppliedDocumentReference.ixx /misc/dn61/LocalWOK/wok_entities/LOC/dev/CR0-OCCT691-7-CR0-OCCT691-occt-64/drv/StepAP214/StepAP214_AppliedDocumentReference.ixx
+M StepAP214:pubinclude:Handle_StepAP214_AppliedExternalIdentificationAssignment.hxx /misc/dn61/LocalWOK/wok_entities/LOC/dev/CR0-OCCT691-7-CR0-OCCT691-occt-64/inc/Handle_StepAP214_AppliedExternalIdentificationAssignment.hxx
+M StepAP214:pubinclude:StepAP214_AppliedExternalIdentificationAssignment.hxx /misc/dn61/LocalWOK/wok_entities/LOC/dev/CR0-OCCT691-7-CR0-OCCT691-occt-64/inc/StepAP214_AppliedExternalIdentificationAssignment.hxx
+M StepAP214:privinclude:StepAP214_AppliedExternalIdentificationAssignment.jxx /misc/dn61/LocalWOK/wok_entities/LOC/dev/CR0-OCCT691-7-CR0-OCCT691-occt-64/drv/StepAP214/StepAP214_AppliedExternalIdentificationAssignment.jxx
+M StepAP214:privinclude:StepAP214_AppliedExternalIdentificationAssignment.ixx /misc/dn61/LocalWOK/wok_entities/LOC/dev/CR0-OCCT691-7-CR0-OCCT691-occt-64/drv/StepAP214/StepAP214_AppliedExternalIdentificationAssignment.ixx
+M StepAP214:pubinclude:Handle_StepAP214_Class.hxx /misc/dn61/LocalWOK/wok_entities/LOC/dev/CR0-OCCT691-7-CR0-OCCT691-occt-64/inc/Handle_StepAP214_Class.hxx
+M StepAP214:pubinclude:StepAP214_Class.hxx /misc/dn61/LocalWOK/wok_entities/LOC/dev/CR0-OCCT691-7-CR0-OCCT691-occt-64/inc/StepAP214_Class.hxx
+M StepAP214:privinclude:StepAP214_Class.jxx /misc/dn61/LocalWOK/wok_entities/LOC/dev/CR0-OCCT691-7-CR0-OCCT691-occt-64/drv/StepAP214/StepAP214_Class.jxx
+M StepAP214:privinclude:StepAP214_Class.ixx /misc/dn61/LocalWOK/wok_entities/LOC/dev/CR0-OCCT691-7-CR0-OCCT691-occt-64/drv/StepAP214/StepAP214_Class.ixx
+M StepAP214:pubinclude:StepAP214_ExternalIdentificationItem.hxx /misc/dn61/LocalWOK/wok_entities/LOC/dev/CR0-OCCT691-7-CR0-OCCT691-occt-64/inc/StepAP214_ExternalIdentificationItem.hxx
+M StepAP214:privinclude:StepAP214_ExternalIdentificationItem.jxx /misc/dn61/LocalWOK/wok_entities/LOC/dev/CR0-OCCT691-7-CR0-OCCT691-occt-64/drv/StepAP214/StepAP214_ExternalIdentificationItem.jxx
+M StepAP214:privinclude:StepAP214_ExternalIdentificationItem.ixx /misc/dn61/LocalWOK/wok_entities/LOC/dev/CR0-OCCT691-7-CR0-OCCT691-occt-64/drv/StepAP214/StepAP214_ExternalIdentificationItem.ixx
+M StepAP214:pubinclude:Handle_StepAP214_ExternallyDefinedClass.hxx /misc/dn61/LocalWOK/wok_entities/LOC/dev/CR0-OCCT691-7-CR0-OCCT691-occt-64/inc/Handle_StepAP214_ExternallyDefinedClass.hxx
+M StepAP214:pubinclude:StepAP214_ExternallyDefinedClass.hxx /misc/dn61/LocalWOK/wok_entities/LOC/dev/CR0-OCCT691-7-CR0-OCCT691-occt-64/inc/StepAP214_ExternallyDefinedClass.hxx
+M StepAP214:privinclude:StepAP214_ExternallyDefinedClass.jxx /misc/dn61/LocalWOK/wok_entities/LOC/dev/CR0-OCCT691-7-CR0-OCCT691-occt-64/drv/StepAP214/StepAP214_ExternallyDefinedClass.jxx
+M StepAP214:privinclude:StepAP214_ExternallyDefinedClass.ixx /misc/dn61/LocalWOK/wok_entities/LOC/dev/CR0-OCCT691-7-CR0-OCCT691-occt-64/drv/StepAP214/StepAP214_ExternallyDefinedClass.ixx
+M StepAP214:pubinclude:Handle_StepAP214_ExternallyDefinedGeneralProperty.hxx /misc/dn61/LocalWOK/wok_entities/LOC/dev/CR0-OCCT691-7-CR0-OCCT691-occt-64/inc/Handle_StepAP214_ExternallyDefinedGeneralProperty.hxx
+M StepAP214:pubinclude:StepAP214_ExternallyDefinedGeneralProperty.hxx /misc/dn61/LocalWOK/wok_entities/LOC/dev/CR0-OCCT691-7-CR0-OCCT691-occt-64/inc/StepAP214_ExternallyDefinedGeneralProperty.hxx
+M StepAP214:privinclude:StepAP214_ExternallyDefinedGeneralProperty.jxx /misc/dn61/LocalWOK/wok_entities/LOC/dev/CR0-OCCT691-7-CR0-OCCT691-occt-64/drv/StepAP214/StepAP214_ExternallyDefinedGeneralProperty.jxx
+M StepAP214:privinclude:StepAP214_ExternallyDefinedGeneralProperty.ixx /misc/dn61/LocalWOK/wok_entities/LOC/dev/CR0-OCCT691-7-CR0-OCCT691-occt-64/drv/StepAP214/StepAP214_ExternallyDefinedGeneralProperty.ixx
+M StepAP214:pubinclude:Handle_StepAP214_RepItemGroup.hxx /misc/dn61/LocalWOK/wok_entities/LOC/dev/CR0-OCCT691-7-CR0-OCCT691-occt-64/inc/Handle_StepAP214_RepItemGroup.hxx
+M StepAP214:pubinclude:StepAP214_RepItemGroup.hxx /misc/dn61/LocalWOK/wok_entities/LOC/dev/CR0-OCCT691-7-CR0-OCCT691-occt-64/inc/StepAP214_RepItemGroup.hxx
+M StepAP214:privinclude:StepAP214_RepItemGroup.jxx /misc/dn61/LocalWOK/wok_entities/LOC/dev/CR0-OCCT691-7-CR0-OCCT691-occt-64/drv/StepAP214/StepAP214_RepItemGroup.jxx
+M StepAP214:privinclude:StepAP214_RepItemGroup.ixx /misc/dn61/LocalWOK/wok_entities/LOC/dev/CR0-OCCT691-7-CR0-OCCT691-occt-64/drv/StepAP214/StepAP214_RepItemGroup.ixx
+M StepAP214:pubinclude:StepAP214_Array1OfAutoDesignDateAndTimeItem.hxx /misc/dn61/LocalWOK/wok_entities/LOC/dev/CR0-OCCT691-7-CR0-OCCT691-occt-64/inc/StepAP214_Array1OfAutoDesignDateAndTimeItem.hxx
+M StepAP214:derivated:StepAP214_Array1OfAutoDesignDateAndTimeItem_0.cxx /misc/dn61/LocalWOK/wok_entities/LOC/dev/CR0-OCCT691-7-CR0-OCCT691-occt-64/drv/StepAP214/StepAP214_Array1OfAutoDesignDateAndTimeItem_0.cxx
+M StepAP214:pubinclude:Handle_StepAP214_HArray1OfAutoDesignDateAndTimeItem.hxx /misc/dn61/LocalWOK/wok_entities/LOC/dev/CR0-OCCT691-7-CR0-OCCT691-occt-64/inc/Handle_StepAP214_HArray1OfAutoDesignDateAndTimeItem.hxx
+M StepAP214:pubinclude:StepAP214_HArray1OfAutoDesignDateAndTimeItem.hxx /misc/dn61/LocalWOK/wok_entities/LOC/dev/CR0-OCCT691-7-CR0-OCCT691-occt-64/inc/StepAP214_HArray1OfAutoDesignDateAndTimeItem.hxx
+M StepAP214:derivated:StepAP214_HArray1OfAutoDesignDateAndTimeItem_0.cxx /misc/dn61/LocalWOK/wok_entities/LOC/dev/CR0-OCCT691-7-CR0-OCCT691-occt-64/drv/StepAP214/StepAP214_HArray1OfAutoDesignDateAndTimeItem_0.cxx
+M StepAP214:pubinclude:StepAP214_Array1OfAutoDesignDatedItem.hxx /misc/dn61/LocalWOK/wok_entities/LOC/dev/CR0-OCCT691-7-CR0-OCCT691-occt-64/inc/StepAP214_Array1OfAutoDesignDatedItem.hxx
+M StepAP214:derivated:StepAP214_Array1OfAutoDesignDatedItem_0.cxx /misc/dn61/LocalWOK/wok_entities/LOC/dev/CR0-OCCT691-7-CR0-OCCT691-occt-64/drv/StepAP214/StepAP214_Array1OfAutoDesignDatedItem_0.cxx
+M StepAP214:pubinclude:Handle_StepAP214_HArray1OfAutoDesignDatedItem.hxx /misc/dn61/LocalWOK/wok_entities/LOC/dev/CR0-OCCT691-7-CR0-OCCT691-occt-64/inc/Handle_StepAP214_HArray1OfAutoDesignDatedItem.hxx
+M StepAP214:pubinclude:StepAP214_HArray1OfAutoDesignDatedItem.hxx /misc/dn61/LocalWOK/wok_entities/LOC/dev/CR0-OCCT691-7-CR0-OCCT691-occt-64/inc/StepAP214_HArray1OfAutoDesignDatedItem.hxx
+M StepAP214:derivated:StepAP214_HArray1OfAutoDesignDatedItem_0.cxx /misc/dn61/LocalWOK/wok_entities/LOC/dev/CR0-OCCT691-7-CR0-OCCT691-occt-64/drv/StepAP214/StepAP214_HArray1OfAutoDesignDatedItem_0.cxx
+M StepAP214:pubinclude:StepAP214_Array1OfAutoDesignGeneralOrgItem.hxx /misc/dn61/LocalWOK/wok_entities/LOC/dev/CR0-OCCT691-7-CR0-OCCT691-occt-64/inc/StepAP214_Array1OfAutoDesignGeneralOrgItem.hxx
+M StepAP214:derivated:StepAP214_Array1OfAutoDesignGeneralOrgItem_0.cxx /misc/dn61/LocalWOK/wok_entities/LOC/dev/CR0-OCCT691-7-CR0-OCCT691-occt-64/drv/StepAP214/StepAP214_Array1OfAutoDesignGeneralOrgItem_0.cxx
+M StepAP214:pubinclude:Handle_StepAP214_HArray1OfAutoDesignGeneralOrgItem.hxx /misc/dn61/LocalWOK/wok_entities/LOC/dev/CR0-OCCT691-7-CR0-OCCT691-occt-64/inc/Handle_StepAP214_HArray1OfAutoDesignGeneralOrgItem.hxx
+M StepAP214:pubinclude:StepAP214_HArray1OfAutoDesignGeneralOrgItem.hxx /misc/dn61/LocalWOK/wok_entities/LOC/dev/CR0-OCCT691-7-CR0-OCCT691-occt-64/inc/StepAP214_HArray1OfAutoDesignGeneralOrgItem.hxx
+M StepAP214:derivated:StepAP214_HArray1OfAutoDesignGeneralOrgItem_0.cxx /misc/dn61/LocalWOK/wok_entities/LOC/dev/CR0-OCCT691-7-CR0-OCCT691-occt-64/drv/StepAP214/StepAP214_HArray1OfAutoDesignGeneralOrgItem_0.cxx
+M StepAP214:pubinclude:StepAP214_Array1OfAutoDesignDateAndPersonItem.hxx /misc/dn61/LocalWOK/wok_entities/LOC/dev/CR0-OCCT691-7-CR0-OCCT691-occt-64/inc/StepAP214_Array1OfAutoDesignDateAndPersonItem.hxx
+M StepAP214:derivated:StepAP214_Array1OfAutoDesignDateAndPersonItem_0.cxx /misc/dn61/LocalWOK/wok_entities/LOC/dev/CR0-OCCT691-7-CR0-OCCT691-occt-64/drv/StepAP214/StepAP214_Array1OfAutoDesignDateAndPersonItem_0.cxx
+M StepAP214:pubinclude:Handle_StepAP214_HArray1OfAutoDesignDateAndPersonItem.hxx /misc/dn61/LocalWOK/wok_entities/LOC/dev/CR0-OCCT691-7-CR0-OCCT691-occt-64/inc/Handle_StepAP214_HArray1OfAutoDesignDateAndPersonItem.hxx
+M StepAP214:pubinclude:StepAP214_HArray1OfAutoDesignDateAndPersonItem.hxx /misc/dn61/LocalWOK/wok_entities/LOC/dev/CR0-OCCT691-7-CR0-OCCT691-occt-64/inc/StepAP214_HArray1OfAutoDesignDateAndPersonItem.hxx
+M StepAP214:derivated:StepAP214_HArray1OfAutoDesignDateAndPersonItem_0.cxx /misc/dn61/LocalWOK/wok_entities/LOC/dev/CR0-OCCT691-7-CR0-OCCT691-occt-64/drv/StepAP214/StepAP214_HArray1OfAutoDesignDateAndPersonItem_0.cxx
+M StepAP214:pubinclude:StepAP214_Array1OfAutoDesignGroupedItem.hxx /misc/dn61/LocalWOK/wok_entities/LOC/dev/CR0-OCCT691-7-CR0-OCCT691-occt-64/inc/StepAP214_Array1OfAutoDesignGroupedItem.hxx
+M StepAP214:derivated:StepAP214_Array1OfAutoDesignGroupedItem_0.cxx /misc/dn61/LocalWOK/wok_entities/LOC/dev/CR0-OCCT691-7-CR0-OCCT691-occt-64/drv/StepAP214/StepAP214_Array1OfAutoDesignGroupedItem_0.cxx
+M StepAP214:pubinclude:Handle_StepAP214_HArray1OfAutoDesignGroupedItem.hxx /misc/dn61/LocalWOK/wok_entities/LOC/dev/CR0-OCCT691-7-CR0-OCCT691-occt-64/inc/Handle_StepAP214_HArray1OfAutoDesignGroupedItem.hxx
+M StepAP214:pubinclude:StepAP214_HArray1OfAutoDesignGroupedItem.hxx /misc/dn61/LocalWOK/wok_entities/LOC/dev/CR0-OCCT691-7-CR0-OCCT691-occt-64/inc/StepAP214_HArray1OfAutoDesignGroupedItem.hxx
+M StepAP214:derivated:StepAP214_HArray1OfAutoDesignGroupedItem_0.cxx /misc/dn61/LocalWOK/wok_entities/LOC/dev/CR0-OCCT691-7-CR0-OCCT691-occt-64/drv/StepAP214/StepAP214_HArray1OfAutoDesignGroupedItem_0.cxx
+M StepAP214:pubinclude:StepAP214_Array1OfAutoDesignPresentedItemSelect.hxx /misc/dn61/LocalWOK/wok_entities/LOC/dev/CR0-OCCT691-7-CR0-OCCT691-occt-64/inc/StepAP214_Array1OfAutoDesignPresentedItemSelect.hxx
+M StepAP214:derivated:StepAP214_Array1OfAutoDesignPresentedItemSelect_0.cxx /misc/dn61/LocalWOK/wok_entities/LOC/dev/CR0-OCCT691-7-CR0-OCCT691-occt-64/drv/StepAP214/StepAP214_Array1OfAutoDesignPresentedItemSelect_0.cxx
+M StepAP214:pubinclude:Handle_StepAP214_HArray1OfAutoDesignPresentedItemSelect.hxx /misc/dn61/LocalWOK/wok_entities/LOC/dev/CR0-OCCT691-7-CR0-OCCT691-occt-64/inc/Handle_StepAP214_HArray1OfAutoDesignPresentedItemSelect.hxx
+M StepAP214:pubinclude:StepAP214_HArray1OfAutoDesignPresentedItemSelect.hxx /misc/dn61/LocalWOK/wok_entities/LOC/dev/CR0-OCCT691-7-CR0-OCCT691-occt-64/inc/StepAP214_HArray1OfAutoDesignPresentedItemSelect.hxx
+M StepAP214:derivated:StepAP214_HArray1OfAutoDesignPresentedItemSelect_0.cxx /misc/dn61/LocalWOK/wok_entities/LOC/dev/CR0-OCCT691-7-CR0-OCCT691-occt-64/drv/StepAP214/StepAP214_HArray1OfAutoDesignPresentedItemSelect_0.cxx
+M StepAP214:pubinclude:StepAP214_Array1OfAutoDesignReferencingItem.hxx /misc/dn61/LocalWOK/wok_entities/LOC/dev/CR0-OCCT691-7-CR0-OCCT691-occt-64/inc/StepAP214_Array1OfAutoDesignReferencingItem.hxx
+M StepAP214:derivated:StepAP214_Array1OfAutoDesignReferencingItem_0.cxx /misc/dn61/LocalWOK/wok_entities/LOC/dev/CR0-OCCT691-7-CR0-OCCT691-occt-64/drv/StepAP214/StepAP214_Array1OfAutoDesignReferencingItem_0.cxx
+M StepAP214:pubinclude:Handle_StepAP214_HArray1OfAutoDesignReferencingItem.hxx /misc/dn61/LocalWOK/wok_entities/LOC/dev/CR0-OCCT691-7-CR0-OCCT691-occt-64/inc/Handle_StepAP214_HArray1OfAutoDesignReferencingItem.hxx
+M StepAP214:pubinclude:StepAP214_HArray1OfAutoDesignReferencingItem.hxx /misc/dn61/LocalWOK/wok_entities/LOC/dev/CR0-OCCT691-7-CR0-OCCT691-occt-64/inc/StepAP214_HArray1OfAutoDesignReferencingItem.hxx
+M StepAP214:derivated:StepAP214_HArray1OfAutoDesignReferencingItem_0.cxx /misc/dn61/LocalWOK/wok_entities/LOC/dev/CR0-OCCT691-7-CR0-OCCT691-occt-64/drv/StepAP214/StepAP214_HArray1OfAutoDesignReferencingItem_0.cxx
+M StepAP214:pubinclude:StepAP214_Array1OfDateAndTimeItem.hxx /misc/dn61/LocalWOK/wok_entities/LOC/dev/CR0-OCCT691-7-CR0-OCCT691-occt-64/inc/StepAP214_Array1OfDateAndTimeItem.hxx
+M StepAP214:derivated:StepAP214_Array1OfDateAndTimeItem_0.cxx /misc/dn61/LocalWOK/wok_entities/LOC/dev/CR0-OCCT691-7-CR0-OCCT691-occt-64/drv/StepAP214/StepAP214_Array1OfDateAndTimeItem_0.cxx
+M StepAP214:pubinclude:Handle_StepAP214_HArray1OfDateAndTimeItem.hxx /misc/dn61/LocalWOK/wok_entities/LOC/dev/CR0-OCCT691-7-CR0-OCCT691-occt-64/inc/Handle_StepAP214_HArray1OfDateAndTimeItem.hxx
+M StepAP214:pubinclude:StepAP214_HArray1OfDateAndTimeItem.hxx /misc/dn61/LocalWOK/wok_entities/LOC/dev/CR0-OCCT691-7-CR0-OCCT691-occt-64/inc/StepAP214_HArray1OfDateAndTimeItem.hxx
+M StepAP214:derivated:StepAP214_HArray1OfDateAndTimeItem_0.cxx /misc/dn61/LocalWOK/wok_entities/LOC/dev/CR0-OCCT691-7-CR0-OCCT691-occt-64/drv/StepAP214/StepAP214_HArray1OfDateAndTimeItem_0.cxx
+M StepAP214:pubinclude:StepAP214_Array1OfDateItem.hxx /misc/dn61/LocalWOK/wok_entities/LOC/dev/CR0-OCCT691-7-CR0-OCCT691-occt-64/inc/StepAP214_Array1OfDateItem.hxx
+M StepAP214:derivated:StepAP214_Array1OfDateItem_0.cxx /misc/dn61/LocalWOK/wok_entities/LOC/dev/CR0-OCCT691-7-CR0-OCCT691-occt-64/drv/StepAP214/StepAP214_Array1OfDateItem_0.cxx
+M StepAP214:pubinclude:Handle_StepAP214_HArray1OfDateItem.hxx /misc/dn61/LocalWOK/wok_entities/LOC/dev/CR0-OCCT691-7-CR0-OCCT691-occt-64/inc/Handle_StepAP214_HArray1OfDateItem.hxx
+M StepAP214:pubinclude:StepAP214_HArray1OfDateItem.hxx /misc/dn61/LocalWOK/wok_entities/LOC/dev/CR0-OCCT691-7-CR0-OCCT691-occt-64/inc/StepAP214_HArray1OfDateItem.hxx
+M StepAP214:derivated:StepAP214_HArray1OfDateItem_0.cxx /misc/dn61/LocalWOK/wok_entities/LOC/dev/CR0-OCCT691-7-CR0-OCCT691-occt-64/drv/StepAP214/StepAP214_HArray1OfDateItem_0.cxx
+M StepAP214:pubinclude:StepAP214_Array1OfApprovalItem.hxx /misc/dn61/LocalWOK/wok_entities/LOC/dev/CR0-OCCT691-7-CR0-OCCT691-occt-64/inc/StepAP214_Array1OfApprovalItem.hxx
+M StepAP214:derivated:StepAP214_Array1OfApprovalItem_0.cxx /misc/dn61/LocalWOK/wok_entities/LOC/dev/CR0-OCCT691-7-CR0-OCCT691-occt-64/drv/StepAP214/StepAP214_Array1OfApprovalItem_0.cxx
+M StepAP214:pubinclude:Handle_StepAP214_HArray1OfApprovalItem.hxx /misc/dn61/LocalWOK/wok_entities/LOC/dev/CR0-OCCT691-7-CR0-OCCT691-occt-64/inc/Handle_StepAP214_HArray1OfApprovalItem.hxx
+M StepAP214:pubinclude:StepAP214_HArray1OfApprovalItem.hxx /misc/dn61/LocalWOK/wok_entities/LOC/dev/CR0-OCCT691-7-CR0-OCCT691-occt-64/inc/StepAP214_HArray1OfApprovalItem.hxx
+M StepAP214:derivated:StepAP214_HArray1OfApprovalItem_0.cxx /misc/dn61/LocalWOK/wok_entities/LOC/dev/CR0-OCCT691-7-CR0-OCCT691-occt-64/drv/StepAP214/StepAP214_HArray1OfApprovalItem_0.cxx
+M StepAP214:pubinclude:StepAP214_Array1OfOrganizationItem.hxx /misc/dn61/LocalWOK/wok_entities/LOC/dev/CR0-OCCT691-7-CR0-OCCT691-occt-64/inc/StepAP214_Array1OfOrganizationItem.hxx
+M StepAP214:derivated:StepAP214_Array1OfOrganizationItem_0.cxx /misc/dn61/LocalWOK/wok_entities/LOC/dev/CR0-OCCT691-7-CR0-OCCT691-occt-64/drv/StepAP214/StepAP214_Array1OfOrganizationItem_0.cxx
+M StepAP214:pubinclude:Handle_StepAP214_HArray1OfOrganizationItem.hxx /misc/dn61/LocalWOK/wok_entities/LOC/dev/CR0-OCCT691-7-CR0-OCCT691-occt-64/inc/Handle_StepAP214_HArray1OfOrganizationItem.hxx
+M StepAP214:pubinclude:StepAP214_HArray1OfOrganizationItem.hxx /misc/dn61/LocalWOK/wok_entities/LOC/dev/CR0-OCCT691-7-CR0-OCCT691-occt-64/inc/StepAP214_HArray1OfOrganizationItem.hxx
+M StepAP214:derivated:StepAP214_HArray1OfOrganizationItem_0.cxx /misc/dn61/LocalWOK/wok_entities/LOC/dev/CR0-OCCT691-7-CR0-OCCT691-occt-64/drv/StepAP214/StepAP214_HArray1OfOrganizationItem_0.cxx
+M StepAP214:pubinclude:StepAP214_Array1OfPersonAndOrganizationItem.hxx /misc/dn61/LocalWOK/wok_entities/LOC/dev/CR0-OCCT691-7-CR0-OCCT691-occt-64/inc/StepAP214_Array1OfPersonAndOrganizationItem.hxx
+M StepAP214:derivated:StepAP214_Array1OfPersonAndOrganizationItem_0.cxx /misc/dn61/LocalWOK/wok_entities/LOC/dev/CR0-OCCT691-7-CR0-OCCT691-occt-64/drv/StepAP214/StepAP214_Array1OfPersonAndOrganizationItem_0.cxx
+M StepAP214:pubinclude:Handle_StepAP214_HArray1OfPersonAndOrganizationItem.hxx /misc/dn61/LocalWOK/wok_entities/LOC/dev/CR0-OCCT691-7-CR0-OCCT691-occt-64/inc/Handle_StepAP214_HArray1OfPersonAndOrganizationItem.hxx
+M StepAP214:pubinclude:StepAP214_HArray1OfPersonAndOrganizationItem.hxx /misc/dn61/LocalWOK/wok_entities/LOC/dev/CR0-OCCT691-7-CR0-OCCT691-occt-64/inc/StepAP214_HArray1OfPersonAndOrganizationItem.hxx
+M StepAP214:derivated:StepAP214_HArray1OfPersonAndOrganizationItem_0.cxx /misc/dn61/LocalWOK/wok_entities/LOC/dev/CR0-OCCT691-7-CR0-OCCT691-occt-64/drv/StepAP214/StepAP214_HArray1OfPersonAndOrganizationItem_0.cxx
+M StepAP214:pubinclude:StepAP214_Array1OfGroupItem.hxx /misc/dn61/LocalWOK/wok_entities/LOC/dev/CR0-OCCT691-7-CR0-OCCT691-occt-64/inc/StepAP214_Array1OfGroupItem.hxx
+M StepAP214:derivated:StepAP214_Array1OfGroupItem_0.cxx /misc/dn61/LocalWOK/wok_entities/LOC/dev/CR0-OCCT691-7-CR0-OCCT691-occt-64/drv/StepAP214/StepAP214_Array1OfGroupItem_0.cxx
+M StepAP214:pubinclude:Handle_StepAP214_HArray1OfGroupItem.hxx /misc/dn61/LocalWOK/wok_entities/LOC/dev/CR0-OCCT691-7-CR0-OCCT691-occt-64/inc/Handle_StepAP214_HArray1OfGroupItem.hxx
+M StepAP214:pubinclude:StepAP214_HArray1OfGroupItem.hxx /misc/dn61/LocalWOK/wok_entities/LOC/dev/CR0-OCCT691-7-CR0-OCCT691-occt-64/inc/StepAP214_HArray1OfGroupItem.hxx
+M StepAP214:derivated:StepAP214_HArray1OfGroupItem_0.cxx /misc/dn61/LocalWOK/wok_entities/LOC/dev/CR0-OCCT691-7-CR0-OCCT691-occt-64/drv/StepAP214/StepAP214_HArray1OfGroupItem_0.cxx
+M StepAP214:pubinclude:StepAP214_Array1OfSecurityClassificationItem.hxx /misc/dn61/LocalWOK/wok_entities/LOC/dev/CR0-OCCT691-7-CR0-OCCT691-occt-64/inc/StepAP214_Array1OfSecurityClassificationItem.hxx
+M StepAP214:derivated:StepAP214_Array1OfSecurityClassificationItem_0.cxx /misc/dn61/LocalWOK/wok_entities/LOC/dev/CR0-OCCT691-7-CR0-OCCT691-occt-64/drv/StepAP214/StepAP214_Array1OfSecurityClassificationItem_0.cxx
+M StepAP214:pubinclude:Handle_StepAP214_HArray1OfSecurityClassificationItem.hxx /misc/dn61/LocalWOK/wok_entities/LOC/dev/CR0-OCCT691-7-CR0-OCCT691-occt-64/inc/Handle_StepAP214_HArray1OfSecurityClassificationItem.hxx
+M StepAP214:pubinclude:StepAP214_HArray1OfSecurityClassificationItem.hxx /misc/dn61/LocalWOK/wok_entities/LOC/dev/CR0-OCCT691-7-CR0-OCCT691-occt-64/inc/StepAP214_HArray1OfSecurityClassificationItem.hxx
+M StepAP214:derivated:StepAP214_HArray1OfSecurityClassificationItem_0.cxx /misc/dn61/LocalWOK/wok_entities/LOC/dev/CR0-OCCT691-7-CR0-OCCT691-occt-64/drv/StepAP214/StepAP214_HArray1OfSecurityClassificationItem_0.cxx
+M StepAP214:pubinclude:StepAP214_Array1OfPresentedItemSelect.hxx /misc/dn61/LocalWOK/wok_entities/LOC/dev/CR0-OCCT691-7-CR0-OCCT691-occt-64/inc/StepAP214_Array1OfPresentedItemSelect.hxx
+M StepAP214:derivated:StepAP214_Array1OfPresentedItemSelect_0.cxx /misc/dn61/LocalWOK/wok_entities/LOC/dev/CR0-OCCT691-7-CR0-OCCT691-occt-64/drv/StepAP214/StepAP214_Array1OfPresentedItemSelect_0.cxx
+M StepAP214:pubinclude:Handle_StepAP214_HArray1OfPresentedItemSelect.hxx /misc/dn61/LocalWOK/wok_entities/LOC/dev/CR0-OCCT691-7-CR0-OCCT691-occt-64/inc/Handle_StepAP214_HArray1OfPresentedItemSelect.hxx
+M StepAP214:pubinclude:StepAP214_HArray1OfPresentedItemSelect.hxx /misc/dn61/LocalWOK/wok_entities/LOC/dev/CR0-OCCT691-7-CR0-OCCT691-occt-64/inc/StepAP214_HArray1OfPresentedItemSelect.hxx
+M StepAP214:derivated:StepAP214_HArray1OfPresentedItemSelect_0.cxx /misc/dn61/LocalWOK/wok_entities/LOC/dev/CR0-OCCT691-7-CR0-OCCT691-occt-64/drv/StepAP214/StepAP214_HArray1OfPresentedItemSelect_0.cxx
+M StepAP214:pubinclude:StepAP214_Array1OfDocumentReferenceItem.hxx /misc/dn61/LocalWOK/wok_entities/LOC/dev/CR0-OCCT691-7-CR0-OCCT691-occt-64/inc/StepAP214_Array1OfDocumentReferenceItem.hxx
+M StepAP214:derivated:StepAP214_Array1OfDocumentReferenceItem_0.cxx /misc/dn61/LocalWOK/wok_entities/LOC/dev/CR0-OCCT691-7-CR0-OCCT691-occt-64/drv/StepAP214/StepAP214_Array1OfDocumentReferenceItem_0.cxx
+M StepAP214:pubinclude:Handle_StepAP214_HArray1OfDocumentReferenceItem.hxx /misc/dn61/LocalWOK/wok_entities/LOC/dev/CR0-OCCT691-7-CR0-OCCT691-occt-64/inc/Handle_StepAP214_HArray1OfDocumentReferenceItem.hxx
+M StepAP214:pubinclude:StepAP214_HArray1OfDocumentReferenceItem.hxx /misc/dn61/LocalWOK/wok_entities/LOC/dev/CR0-OCCT691-7-CR0-OCCT691-occt-64/inc/StepAP214_HArray1OfDocumentReferenceItem.hxx
+M StepAP214:derivated:StepAP214_HArray1OfDocumentReferenceItem_0.cxx /misc/dn61/LocalWOK/wok_entities/LOC/dev/CR0-OCCT691-7-CR0-OCCT691-occt-64/drv/StepAP214/StepAP214_HArray1OfDocumentReferenceItem_0.cxx
+M StepAP214:pubinclude:StepAP214_Array1OfExternalIdentificationItem.hxx /misc/dn61/LocalWOK/wok_entities/LOC/dev/CR0-OCCT691-7-CR0-OCCT691-occt-64/inc/StepAP214_Array1OfExternalIdentificationItem.hxx
+M StepAP214:derivated:StepAP214_Array1OfExternalIdentificationItem_0.cxx /misc/dn61/LocalWOK/wok_entities/LOC/dev/CR0-OCCT691-7-CR0-OCCT691-occt-64/drv/StepAP214/StepAP214_Array1OfExternalIdentificationItem_0.cxx
+M StepAP214:pubinclude:Handle_StepAP214_HArray1OfExternalIdentificationItem.hxx /misc/dn61/LocalWOK/wok_entities/LOC/dev/CR0-OCCT691-7-CR0-OCCT691-occt-64/inc/Handle_StepAP214_HArray1OfExternalIdentificationItem.hxx
+M StepAP214:pubinclude:StepAP214_HArray1OfExternalIdentificationItem.hxx /misc/dn61/LocalWOK/wok_entities/LOC/dev/CR0-OCCT691-7-CR0-OCCT691-occt-64/inc/StepAP214_HArray1OfExternalIdentificationItem.hxx
+M StepAP214:derivated:StepAP214_HArray1OfExternalIdentificationItem_0.cxx /misc/dn61/LocalWOK/wok_entities/LOC/dev/CR0-OCCT691-7-CR0-OCCT691-occt-64/drv/StepAP214/StepAP214_HArray1OfExternalIdentificationItem_0.cxx
+M StepAP214:dbadmfile:StepAP214_xcpp_header.In /misc/dn61/LocalWOK/wok_entities/LOC/dev/CR0-OCCT691-7-CR0-OCCT691-occt-64/drv/StepAP214/.adm/StepAP214_xcpp_header.In
+M StepAP214:dbadmfile:StepAP214_xcpp_header.Out /misc/dn61/LocalWOK/wok_entities/LOC/dev/CR0-OCCT691-7-CR0-OCCT691-occt-64/drv/StepAP214/.adm/StepAP214_xcpp_header.Out
+M StepAP214:dbadmfile:StepAP214_xcpp_header.Dep /misc/dn61/LocalWOK/wok_entities/LOC/dev/CR0-OCCT691-7-CR0-OCCT691-occt-64/drv/StepAP214/.adm/StepAP214_xcpp_header.Dep
