+M RWStepBasic:pubinclude:RWStepBasic_RWAddress.hxx /misc/dn61/LocalWOK/wok_entities/LOC/dev/CR0-OCCT691-7-CR0-OCCT691-occt-64/inc/RWStepBasic_RWAddress.hxx
+M RWStepBasic:privinclude:RWStepBasic_RWAddress.jxx /misc/dn61/LocalWOK/wok_entities/LOC/dev/CR0-OCCT691-7-CR0-OCCT691-occt-64/drv/RWStepBasic/RWStepBasic_RWAddress.jxx
+M RWStepBasic:privinclude:RWStepBasic_RWAddress.ixx /misc/dn61/LocalWOK/wok_entities/LOC/dev/CR0-OCCT691-7-CR0-OCCT691-occt-64/drv/RWStepBasic/RWStepBasic_RWAddress.ixx
+M RWStepBasic:pubinclude:RWStepBasic_RWApplicationContext.hxx /misc/dn61/LocalWOK/wok_entities/LOC/dev/CR0-OCCT691-7-CR0-OCCT691-occt-64/inc/RWStepBasic_RWApplicationContext.hxx
+M RWStepBasic:privinclude:RWStepBasic_RWApplicationContext.jxx /misc/dn61/LocalWOK/wok_entities/LOC/dev/CR0-OCCT691-7-CR0-OCCT691-occt-64/drv/RWStepBasic/RWStepBasic_RWApplicationContext.jxx
+M RWStepBasic:privinclude:RWStepBasic_RWApplicationContext.ixx /misc/dn61/LocalWOK/wok_entities/LOC/dev/CR0-OCCT691-7-CR0-OCCT691-occt-64/drv/RWStepBasic/RWStepBasic_RWApplicationContext.ixx
+M RWStepBasic:pubinclude:RWStepBasic_RWApplicationContextElement.hxx /misc/dn61/LocalWOK/wok_entities/LOC/dev/CR0-OCCT691-7-CR0-OCCT691-occt-64/inc/RWStepBasic_RWApplicationContextElement.hxx
+M RWStepBasic:privinclude:RWStepBasic_RWApplicationContextElement.jxx /misc/dn61/LocalWOK/wok_entities/LOC/dev/CR0-OCCT691-7-CR0-OCCT691-occt-64/drv/RWStepBasic/RWStepBasic_RWApplicationContextElement.jxx
+M RWStepBasic:privinclude:RWStepBasic_RWApplicationContextElement.ixx /misc/dn61/LocalWOK/wok_entities/LOC/dev/CR0-OCCT691-7-CR0-OCCT691-occt-64/drv/RWStepBasic/RWStepBasic_RWApplicationContextElement.ixx
+M RWStepBasic:pubinclude:RWStepBasic_RWApplicationProtocolDefinition.hxx /misc/dn61/LocalWOK/wok_entities/LOC/dev/CR0-OCCT691-7-CR0-OCCT691-occt-64/inc/RWStepBasic_RWApplicationProtocolDefinition.hxx
+M RWStepBasic:privinclude:RWStepBasic_RWApplicationProtocolDefinition.jxx /misc/dn61/LocalWOK/wok_entities/LOC/dev/CR0-OCCT691-7-CR0-OCCT691-occt-64/drv/RWStepBasic/RWStepBasic_RWApplicationProtocolDefinition.jxx
+M RWStepBasic:privinclude:RWStepBasic_RWApplicationProtocolDefinition.ixx /misc/dn61/LocalWOK/wok_entities/LOC/dev/CR0-OCCT691-7-CR0-OCCT691-occt-64/drv/RWStepBasic/RWStepBasic_RWApplicationProtocolDefinition.ixx
+M RWStepBasic:pubinclude:RWStepBasic_RWApproval.hxx /misc/dn61/LocalWOK/wok_entities/LOC/dev/CR0-OCCT691-7-CR0-OCCT691-occt-64/inc/RWStepBasic_RWApproval.hxx
+M RWStepBasic:privinclude:RWStepBasic_RWApproval.jxx /misc/dn61/LocalWOK/wok_entities/LOC/dev/CR0-OCCT691-7-CR0-OCCT691-occt-64/drv/RWStepBasic/RWStepBasic_RWApproval.jxx
+M RWStepBasic:privinclude:RWStepBasic_RWApproval.ixx /misc/dn61/LocalWOK/wok_entities/LOC/dev/CR0-OCCT691-7-CR0-OCCT691-occt-64/drv/RWStepBasic/RWStepBasic_RWApproval.ixx
+M RWStepBasic:pubinclude:RWStepBasic_RWApprovalPersonOrganization.hxx /misc/dn61/LocalWOK/wok_entities/LOC/dev/CR0-OCCT691-7-CR0-OCCT691-occt-64/inc/RWStepBasic_RWApprovalPersonOrganization.hxx
+M RWStepBasic:privinclude:RWStepBasic_RWApprovalPersonOrganization.jxx /misc/dn61/LocalWOK/wok_entities/LOC/dev/CR0-OCCT691-7-CR0-OCCT691-occt-64/drv/RWStepBasic/RWStepBasic_RWApprovalPersonOrganization.jxx
+M RWStepBasic:privinclude:RWStepBasic_RWApprovalPersonOrganization.ixx /misc/dn61/LocalWOK/wok_entities/LOC/dev/CR0-OCCT691-7-CR0-OCCT691-occt-64/drv/RWStepBasic/RWStepBasic_RWApprovalPersonOrganization.ixx
+M RWStepBasic:pubinclude:RWStepBasic_RWApprovalRelationship.hxx /misc/dn61/LocalWOK/wok_entities/LOC/dev/CR0-OCCT691-7-CR0-OCCT691-occt-64/inc/RWStepBasic_RWApprovalRelationship.hxx
+M RWStepBasic:privinclude:RWStepBasic_RWApprovalRelationship.jxx /misc/dn61/LocalWOK/wok_entities/LOC/dev/CR0-OCCT691-7-CR0-OCCT691-occt-64/drv/RWStepBasic/RWStepBasic_RWApprovalRelationship.jxx
+M RWStepBasic:privinclude:RWStepBasic_RWApprovalRelationship.ixx /misc/dn61/LocalWOK/wok_entities/LOC/dev/CR0-OCCT691-7-CR0-OCCT691-occt-64/drv/RWStepBasic/RWStepBasic_RWApprovalRelationship.ixx
+M RWStepBasic:pubinclude:RWStepBasic_RWApprovalRole.hxx /misc/dn61/LocalWOK/wok_entities/LOC/dev/CR0-OCCT691-7-CR0-OCCT691-occt-64/inc/RWStepBasic_RWApprovalRole.hxx
+M RWStepBasic:privinclude:RWStepBasic_RWApprovalRole.jxx /misc/dn61/LocalWOK/wok_entities/LOC/dev/CR0-OCCT691-7-CR0-OCCT691-occt-64/drv/RWStepBasic/RWStepBasic_RWApprovalRole.jxx
+M RWStepBasic:privinclude:RWStepBasic_RWApprovalRole.ixx /misc/dn61/LocalWOK/wok_entities/LOC/dev/CR0-OCCT691-7-CR0-OCCT691-occt-64/drv/RWStepBasic/RWStepBasic_RWApprovalRole.ixx
+M RWStepBasic:pubinclude:RWStepBasic_RWApprovalStatus.hxx /misc/dn61/LocalWOK/wok_entities/LOC/dev/CR0-OCCT691-7-CR0-OCCT691-occt-64/inc/RWStepBasic_RWApprovalStatus.hxx
+M RWStepBasic:privinclude:RWStepBasic_RWApprovalStatus.jxx /misc/dn61/LocalWOK/wok_entities/LOC/dev/CR0-OCCT691-7-CR0-OCCT691-occt-64/drv/RWStepBasic/RWStepBasic_RWApprovalStatus.jxx
+M RWStepBasic:privinclude:RWStepBasic_RWApprovalStatus.ixx /misc/dn61/LocalWOK/wok_entities/LOC/dev/CR0-OCCT691-7-CR0-OCCT691-occt-64/drv/RWStepBasic/RWStepBasic_RWApprovalStatus.ixx
+M RWStepBasic:pubinclude:RWStepBasic_RWCalendarDate.hxx /misc/dn61/LocalWOK/wok_entities/LOC/dev/CR0-OCCT691-7-CR0-OCCT691-occt-64/inc/RWStepBasic_RWCalendarDate.hxx
+M RWStepBasic:privinclude:RWStepBasic_RWCalendarDate.jxx /misc/dn61/LocalWOK/wok_entities/LOC/dev/CR0-OCCT691-7-CR0-OCCT691-occt-64/drv/RWStepBasic/RWStepBasic_RWCalendarDate.jxx
+M RWStepBasic:privinclude:RWStepBasic_RWCalendarDate.ixx /misc/dn61/LocalWOK/wok_entities/LOC/dev/CR0-OCCT691-7-CR0-OCCT691-occt-64/drv/RWStepBasic/RWStepBasic_RWCalendarDate.ixx
+M RWStepBasic:pubinclude:RWStepBasic_RWConversionBasedUnit.hxx /misc/dn61/LocalWOK/wok_entities/LOC/dev/CR0-OCCT691-7-CR0-OCCT691-occt-64/inc/RWStepBasic_RWConversionBasedUnit.hxx
+M RWStepBasic:privinclude:RWStepBasic_RWConversionBasedUnit.jxx /misc/dn61/LocalWOK/wok_entities/LOC/dev/CR0-OCCT691-7-CR0-OCCT691-occt-64/drv/RWStepBasic/RWStepBasic_RWConversionBasedUnit.jxx
+M RWStepBasic:privinclude:RWStepBasic_RWConversionBasedUnit.ixx /misc/dn61/LocalWOK/wok_entities/LOC/dev/CR0-OCCT691-7-CR0-OCCT691-occt-64/drv/RWStepBasic/RWStepBasic_RWConversionBasedUnit.ixx
+M RWStepBasic:pubinclude:RWStepBasic_RWCoordinatedUniversalTimeOffset.hxx /misc/dn61/LocalWOK/wok_entities/LOC/dev/CR0-OCCT691-7-CR0-OCCT691-occt-64/inc/RWStepBasic_RWCoordinatedUniversalTimeOffset.hxx
+M RWStepBasic:privinclude:RWStepBasic_RWCoordinatedUniversalTimeOffset.jxx /misc/dn61/LocalWOK/wok_entities/LOC/dev/CR0-OCCT691-7-CR0-OCCT691-occt-64/drv/RWStepBasic/RWStepBasic_RWCoordinatedUniversalTimeOffset.jxx
+M RWStepBasic:privinclude:RWStepBasic_RWCoordinatedUniversalTimeOffset.ixx /misc/dn61/LocalWOK/wok_entities/LOC/dev/CR0-OCCT691-7-CR0-OCCT691-occt-64/drv/RWStepBasic/RWStepBasic_RWCoordinatedUniversalTimeOffset.ixx
+M RWStepBasic:pubinclude:RWStepBasic_RWDate.hxx /misc/dn61/LocalWOK/wok_entities/LOC/dev/CR0-OCCT691-7-CR0-OCCT691-occt-64/inc/RWStepBasic_RWDate.hxx
+M RWStepBasic:privinclude:RWStepBasic_RWDate.jxx /misc/dn61/LocalWOK/wok_entities/LOC/dev/CR0-OCCT691-7-CR0-OCCT691-occt-64/drv/RWStepBasic/RWStepBasic_RWDate.jxx
+M RWStepBasic:privinclude:RWStepBasic_RWDate.ixx /misc/dn61/LocalWOK/wok_entities/LOC/dev/CR0-OCCT691-7-CR0-OCCT691-occt-64/drv/RWStepBasic/RWStepBasic_RWDate.ixx
+M RWStepBasic:pubinclude:RWStepBasic_RWDateAndTime.hxx /misc/dn61/LocalWOK/wok_entities/LOC/dev/CR0-OCCT691-7-CR0-OCCT691-occt-64/inc/RWStepBasic_RWDateAndTime.hxx
+M RWStepBasic:privinclude:RWStepBasic_RWDateAndTime.jxx /misc/dn61/LocalWOK/wok_entities/LOC/dev/CR0-OCCT691-7-CR0-OCCT691-occt-64/drv/RWStepBasic/RWStepBasic_RWDateAndTime.jxx
+M RWStepBasic:privinclude:RWStepBasic_RWDateAndTime.ixx /misc/dn61/LocalWOK/wok_entities/LOC/dev/CR0-OCCT691-7-CR0-OCCT691-occt-64/drv/RWStepBasic/RWStepBasic_RWDateAndTime.ixx
+M RWStepBasic:pubinclude:RWStepBasic_RWDateRole.hxx /misc/dn61/LocalWOK/wok_entities/LOC/dev/CR0-OCCT691-7-CR0-OCCT691-occt-64/inc/RWStepBasic_RWDateRole.hxx
+M RWStepBasic:privinclude:RWStepBasic_RWDateRole.jxx /misc/dn61/LocalWOK/wok_entities/LOC/dev/CR0-OCCT691-7-CR0-OCCT691-occt-64/drv/RWStepBasic/RWStepBasic_RWDateRole.jxx
+M RWStepBasic:privinclude:RWStepBasic_RWDateRole.ixx /misc/dn61/LocalWOK/wok_entities/LOC/dev/CR0-OCCT691-7-CR0-OCCT691-occt-64/drv/RWStepBasic/RWStepBasic_RWDateRole.ixx
+M RWStepBasic:pubinclude:RWStepBasic_RWDateTimeRole.hxx /misc/dn61/LocalWOK/wok_entities/LOC/dev/CR0-OCCT691-7-CR0-OCCT691-occt-64/inc/RWStepBasic_RWDateTimeRole.hxx
+M RWStepBasic:privinclude:RWStepBasic_RWDateTimeRole.jxx /misc/dn61/LocalWOK/wok_entities/LOC/dev/CR0-OCCT691-7-CR0-OCCT691-occt-64/drv/RWStepBasic/RWStepBasic_RWDateTimeRole.jxx
+M RWStepBasic:privinclude:RWStepBasic_RWDateTimeRole.ixx /misc/dn61/LocalWOK/wok_entities/LOC/dev/CR0-OCCT691-7-CR0-OCCT691-occt-64/drv/RWStepBasic/RWStepBasic_RWDateTimeRole.ixx
+M RWStepBasic:pubinclude:RWStepBasic_RWDimensionalExponents.hxx /misc/dn61/LocalWOK/wok_entities/LOC/dev/CR0-OCCT691-7-CR0-OCCT691-occt-64/inc/RWStepBasic_RWDimensionalExponents.hxx
+M RWStepBasic:privinclude:RWStepBasic_RWDimensionalExponents.jxx /misc/dn61/LocalWOK/wok_entities/LOC/dev/CR0-OCCT691-7-CR0-OCCT691-occt-64/drv/RWStepBasic/RWStepBasic_RWDimensionalExponents.jxx
+M RWStepBasic:privinclude:RWStepBasic_RWDimensionalExponents.ixx /misc/dn61/LocalWOK/wok_entities/LOC/dev/CR0-OCCT691-7-CR0-OCCT691-occt-64/drv/RWStepBasic/RWStepBasic_RWDimensionalExponents.ixx
+M RWStepBasic:pubinclude:RWStepBasic_RWLengthMeasureWithUnit.hxx /misc/dn61/LocalWOK/wok_entities/LOC/dev/CR0-OCCT691-7-CR0-OCCT691-occt-64/inc/RWStepBasic_RWLengthMeasureWithUnit.hxx
+M RWStepBasic:privinclude:RWStepBasic_RWLengthMeasureWithUnit.jxx /misc/dn61/LocalWOK/wok_entities/LOC/dev/CR0-OCCT691-7-CR0-OCCT691-occt-64/drv/RWStepBasic/RWStepBasic_RWLengthMeasureWithUnit.jxx
+M RWStepBasic:privinclude:RWStepBasic_RWLengthMeasureWithUnit.ixx /misc/dn61/LocalWOK/wok_entities/LOC/dev/CR0-OCCT691-7-CR0-OCCT691-occt-64/drv/RWStepBasic/RWStepBasic_RWLengthMeasureWithUnit.ixx
+M RWStepBasic:pubinclude:RWStepBasic_RWLengthUnit.hxx /misc/dn61/LocalWOK/wok_entities/LOC/dev/CR0-OCCT691-7-CR0-OCCT691-occt-64/inc/RWStepBasic_RWLengthUnit.hxx
+M RWStepBasic:privinclude:RWStepBasic_RWLengthUnit.jxx /misc/dn61/LocalWOK/wok_entities/LOC/dev/CR0-OCCT691-7-CR0-OCCT691-occt-64/drv/RWStepBasic/RWStepBasic_RWLengthUnit.jxx
+M RWStepBasic:privinclude:RWStepBasic_RWLengthUnit.ixx /misc/dn61/LocalWOK/wok_entities/LOC/dev/CR0-OCCT691-7-CR0-OCCT691-occt-64/drv/RWStepBasic/RWStepBasic_RWLengthUnit.ixx
+M RWStepBasic:pubinclude:RWStepBasic_RWLocalTime.hxx /misc/dn61/LocalWOK/wok_entities/LOC/dev/CR0-OCCT691-7-CR0-OCCT691-occt-64/inc/RWStepBasic_RWLocalTime.hxx
+M RWStepBasic:privinclude:RWStepBasic_RWLocalTime.jxx /misc/dn61/LocalWOK/wok_entities/LOC/dev/CR0-OCCT691-7-CR0-OCCT691-occt-64/drv/RWStepBasic/RWStepBasic_RWLocalTime.jxx
+M RWStepBasic:privinclude:RWStepBasic_RWLocalTime.ixx /misc/dn61/LocalWOK/wok_entities/LOC/dev/CR0-OCCT691-7-CR0-OCCT691-occt-64/drv/RWStepBasic/RWStepBasic_RWLocalTime.ixx
+M RWStepBasic:pubinclude:RWStepBasic_RWMeasureWithUnit.hxx /misc/dn61/LocalWOK/wok_entities/LOC/dev/CR0-OCCT691-7-CR0-OCCT691-occt-64/inc/RWStepBasic_RWMeasureWithUnit.hxx
+M RWStepBasic:privinclude:RWStepBasic_RWMeasureWithUnit.jxx /misc/dn61/LocalWOK/wok_entities/LOC/dev/CR0-OCCT691-7-CR0-OCCT691-occt-64/drv/RWStepBasic/RWStepBasic_RWMeasureWithUnit.jxx
+M RWStepBasic:privinclude:RWStepBasic_RWMeasureWithUnit.ixx /misc/dn61/LocalWOK/wok_entities/LOC/dev/CR0-OCCT691-7-CR0-OCCT691-occt-64/drv/RWStepBasic/RWStepBasic_RWMeasureWithUnit.ixx
+M RWStepBasic:pubinclude:RWStepBasic_RWNamedUnit.hxx /misc/dn61/LocalWOK/wok_entities/LOC/dev/CR0-OCCT691-7-CR0-OCCT691-occt-64/inc/RWStepBasic_RWNamedUnit.hxx
+M RWStepBasic:privinclude:RWStepBasic_RWNamedUnit.jxx /misc/dn61/LocalWOK/wok_entities/LOC/dev/CR0-OCCT691-7-CR0-OCCT691-occt-64/drv/RWStepBasic/RWStepBasic_RWNamedUnit.jxx
+M RWStepBasic:privinclude:RWStepBasic_RWNamedUnit.ixx /misc/dn61/LocalWOK/wok_entities/LOC/dev/CR0-OCCT691-7-CR0-OCCT691-occt-64/drv/RWStepBasic/RWStepBasic_RWNamedUnit.ixx
+M RWStepBasic:pubinclude:RWStepBasic_RWOrdinalDate.hxx /misc/dn61/LocalWOK/wok_entities/LOC/dev/CR0-OCCT691-7-CR0-OCCT691-occt-64/inc/RWStepBasic_RWOrdinalDate.hxx
+M RWStepBasic:privinclude:RWStepBasic_RWOrdinalDate.jxx /misc/dn61/LocalWOK/wok_entities/LOC/dev/CR0-OCCT691-7-CR0-OCCT691-occt-64/drv/RWStepBasic/RWStepBasic_RWOrdinalDate.jxx
+M RWStepBasic:privinclude:RWStepBasic_RWOrdinalDate.ixx /misc/dn61/LocalWOK/wok_entities/LOC/dev/CR0-OCCT691-7-CR0-OCCT691-occt-64/drv/RWStepBasic/RWStepBasic_RWOrdinalDate.ixx
+M RWStepBasic:pubinclude:RWStepBasic_RWOrganization.hxx /misc/dn61/LocalWOK/wok_entities/LOC/dev/CR0-OCCT691-7-CR0-OCCT691-occt-64/inc/RWStepBasic_RWOrganization.hxx
+M RWStepBasic:privinclude:RWStepBasic_RWOrganization.jxx /misc/dn61/LocalWOK/wok_entities/LOC/dev/CR0-OCCT691-7-CR0-OCCT691-occt-64/drv/RWStepBasic/RWStepBasic_RWOrganization.jxx
+M RWStepBasic:privinclude:RWStepBasic_RWOrganization.ixx /misc/dn61/LocalWOK/wok_entities/LOC/dev/CR0-OCCT691-7-CR0-OCCT691-occt-64/drv/RWStepBasic/RWStepBasic_RWOrganization.ixx
+M RWStepBasic:pubinclude:RWStepBasic_RWOrganizationRole.hxx /misc/dn61/LocalWOK/wok_entities/LOC/dev/CR0-OCCT691-7-CR0-OCCT691-occt-64/inc/RWStepBasic_RWOrganizationRole.hxx
+M RWStepBasic:privinclude:RWStepBasic_RWOrganizationRole.jxx /misc/dn61/LocalWOK/wok_entities/LOC/dev/CR0-OCCT691-7-CR0-OCCT691-occt-64/drv/RWStepBasic/RWStepBasic_RWOrganizationRole.jxx
+M RWStepBasic:privinclude:RWStepBasic_RWOrganizationRole.ixx /misc/dn61/LocalWOK/wok_entities/LOC/dev/CR0-OCCT691-7-CR0-OCCT691-occt-64/drv/RWStepBasic/RWStepBasic_RWOrganizationRole.ixx
+M RWStepBasic:pubinclude:RWStepBasic_RWOrganizationalAddress.hxx /misc/dn61/LocalWOK/wok_entities/LOC/dev/CR0-OCCT691-7-CR0-OCCT691-occt-64/inc/RWStepBasic_RWOrganizationalAddress.hxx
+M RWStepBasic:privinclude:RWStepBasic_RWOrganizationalAddress.jxx /misc/dn61/LocalWOK/wok_entities/LOC/dev/CR0-OCCT691-7-CR0-OCCT691-occt-64/drv/RWStepBasic/RWStepBasic_RWOrganizationalAddress.jxx
+M RWStepBasic:privinclude:RWStepBasic_RWOrganizationalAddress.ixx /misc/dn61/LocalWOK/wok_entities/LOC/dev/CR0-OCCT691-7-CR0-OCCT691-occt-64/drv/RWStepBasic/RWStepBasic_RWOrganizationalAddress.ixx
+M RWStepBasic:pubinclude:RWStepBasic_RWPerson.hxx /misc/dn61/LocalWOK/wok_entities/LOC/dev/CR0-OCCT691-7-CR0-OCCT691-occt-64/inc/RWStepBasic_RWPerson.hxx
+M RWStepBasic:privinclude:RWStepBasic_RWPerson.jxx /misc/dn61/LocalWOK/wok_entities/LOC/dev/CR0-OCCT691-7-CR0-OCCT691-occt-64/drv/RWStepBasic/RWStepBasic_RWPerson.jxx
+M RWStepBasic:privinclude:RWStepBasic_RWPerson.ixx /misc/dn61/LocalWOK/wok_entities/LOC/dev/CR0-OCCT691-7-CR0-OCCT691-occt-64/drv/RWStepBasic/RWStepBasic_RWPerson.ixx
+M RWStepBasic:pubinclude:RWStepBasic_RWPersonAndOrganization.hxx /misc/dn61/LocalWOK/wok_entities/LOC/dev/CR0-OCCT691-7-CR0-OCCT691-occt-64/inc/RWStepBasic_RWPersonAndOrganization.hxx
+M RWStepBasic:privinclude:RWStepBasic_RWPersonAndOrganization.jxx /misc/dn61/LocalWOK/wok_entities/LOC/dev/CR0-OCCT691-7-CR0-OCCT691-occt-64/drv/RWStepBasic/RWStepBasic_RWPersonAndOrganization.jxx
+M RWStepBasic:privinclude:RWStepBasic_RWPersonAndOrganization.ixx /misc/dn61/LocalWOK/wok_entities/LOC/dev/CR0-OCCT691-7-CR0-OCCT691-occt-64/drv/RWStepBasic/RWStepBasic_RWPersonAndOrganization.ixx
+M RWStepBasic:pubinclude:RWStepBasic_RWPersonAndOrganizationRole.hxx /misc/dn61/LocalWOK/wok_entities/LOC/dev/CR0-OCCT691-7-CR0-OCCT691-occt-64/inc/RWStepBasic_RWPersonAndOrganizationRole.hxx
+M RWStepBasic:privinclude:RWStepBasic_RWPersonAndOrganizationRole.jxx /misc/dn61/LocalWOK/wok_entities/LOC/dev/CR0-OCCT691-7-CR0-OCCT691-occt-64/drv/RWStepBasic/RWStepBasic_RWPersonAndOrganizationRole.jxx
+M RWStepBasic:privinclude:RWStepBasic_RWPersonAndOrganizationRole.ixx /misc/dn61/LocalWOK/wok_entities/LOC/dev/CR0-OCCT691-7-CR0-OCCT691-occt-64/drv/RWStepBasic/RWStepBasic_RWPersonAndOrganizationRole.ixx
+M RWStepBasic:pubinclude:RWStepBasic_RWPersonalAddress.hxx /misc/dn61/LocalWOK/wok_entities/LOC/dev/CR0-OCCT691-7-CR0-OCCT691-occt-64/inc/RWStepBasic_RWPersonalAddress.hxx
+M RWStepBasic:privinclude:RWStepBasic_RWPersonalAddress.jxx /misc/dn61/LocalWOK/wok_entities/LOC/dev/CR0-OCCT691-7-CR0-OCCT691-occt-64/drv/RWStepBasic/RWStepBasic_RWPersonalAddress.jxx
+M RWStepBasic:privinclude:RWStepBasic_RWPersonalAddress.ixx /misc/dn61/LocalWOK/wok_entities/LOC/dev/CR0-OCCT691-7-CR0-OCCT691-occt-64/drv/RWStepBasic/RWStepBasic_RWPersonalAddress.ixx
+M RWStepBasic:pubinclude:RWStepBasic_RWPlaneAngleMeasureWithUnit.hxx /misc/dn61/LocalWOK/wok_entities/LOC/dev/CR0-OCCT691-7-CR0-OCCT691-occt-64/inc/RWStepBasic_RWPlaneAngleMeasureWithUnit.hxx
+M RWStepBasic:privinclude:RWStepBasic_RWPlaneAngleMeasureWithUnit.jxx /misc/dn61/LocalWOK/wok_entities/LOC/dev/CR0-OCCT691-7-CR0-OCCT691-occt-64/drv/RWStepBasic/RWStepBasic_RWPlaneAngleMeasureWithUnit.jxx
+M RWStepBasic:privinclude:RWStepBasic_RWPlaneAngleMeasureWithUnit.ixx /misc/dn61/LocalWOK/wok_entities/LOC/dev/CR0-OCCT691-7-CR0-OCCT691-occt-64/drv/RWStepBasic/RWStepBasic_RWPlaneAngleMeasureWithUnit.ixx
+M RWStepBasic:pubinclude:RWStepBasic_RWPlaneAngleUnit.hxx /misc/dn61/LocalWOK/wok_entities/LOC/dev/CR0-OCCT691-7-CR0-OCCT691-occt-64/inc/RWStepBasic_RWPlaneAngleUnit.hxx
+M RWStepBasic:privinclude:RWStepBasic_RWPlaneAngleUnit.jxx /misc/dn61/LocalWOK/wok_entities/LOC/dev/CR0-OCCT691-7-CR0-OCCT691-occt-64/drv/RWStepBasic/RWStepBasic_RWPlaneAngleUnit.jxx
+M RWStepBasic:privinclude:RWStepBasic_RWPlaneAngleUnit.ixx /misc/dn61/LocalWOK/wok_entities/LOC/dev/CR0-OCCT691-7-CR0-OCCT691-occt-64/drv/RWStepBasic/RWStepBasic_RWPlaneAngleUnit.ixx
+M RWStepBasic:pubinclude:RWStepBasic_RWProduct.hxx /misc/dn61/LocalWOK/wok_entities/LOC/dev/CR0-OCCT691-7-CR0-OCCT691-occt-64/inc/RWStepBasic_RWProduct.hxx
+M RWStepBasic:privinclude:RWStepBasic_RWProduct.jxx /misc/dn61/LocalWOK/wok_entities/LOC/dev/CR0-OCCT691-7-CR0-OCCT691-occt-64/drv/RWStepBasic/RWStepBasic_RWProduct.jxx
+M RWStepBasic:privinclude:RWStepBasic_RWProduct.ixx /misc/dn61/LocalWOK/wok_entities/LOC/dev/CR0-OCCT691-7-CR0-OCCT691-occt-64/drv/RWStepBasic/RWStepBasic_RWProduct.ixx
+M RWStepBasic:pubinclude:RWStepBasic_RWProductCategory.hxx /misc/dn61/LocalWOK/wok_entities/LOC/dev/CR0-OCCT691-7-CR0-OCCT691-occt-64/inc/RWStepBasic_RWProductCategory.hxx
+M RWStepBasic:privinclude:RWStepBasic_RWProductCategory.jxx /misc/dn61/LocalWOK/wok_entities/LOC/dev/CR0-OCCT691-7-CR0-OCCT691-occt-64/drv/RWStepBasic/RWStepBasic_RWProductCategory.jxx
+M RWStepBasic:privinclude:RWStepBasic_RWProductCategory.ixx /misc/dn61/LocalWOK/wok_entities/LOC/dev/CR0-OCCT691-7-CR0-OCCT691-occt-64/drv/RWStepBasic/RWStepBasic_RWProductCategory.ixx
+M RWStepBasic:pubinclude:RWStepBasic_RWProductContext.hxx /misc/dn61/LocalWOK/wok_entities/LOC/dev/CR0-OCCT691-7-CR0-OCCT691-occt-64/inc/RWStepBasic_RWProductContext.hxx
+M RWStepBasic:privinclude:RWStepBasic_RWProductContext.jxx /misc/dn61/LocalWOK/wok_entities/LOC/dev/CR0-OCCT691-7-CR0-OCCT691-occt-64/drv/RWStepBasic/RWStepBasic_RWProductContext.jxx
+M RWStepBasic:privinclude:RWStepBasic_RWProductContext.ixx /misc/dn61/LocalWOK/wok_entities/LOC/dev/CR0-OCCT691-7-CR0-OCCT691-occt-64/drv/RWStepBasic/RWStepBasic_RWProductContext.ixx
+M RWStepBasic:pubinclude:RWStepBasic_RWMechanicalContext.hxx /misc/dn61/LocalWOK/wok_entities/LOC/dev/CR0-OCCT691-7-CR0-OCCT691-occt-64/inc/RWStepBasic_RWMechanicalContext.hxx
+M RWStepBasic:privinclude:RWStepBasic_RWMechanicalContext.jxx /misc/dn61/LocalWOK/wok_entities/LOC/dev/CR0-OCCT691-7-CR0-OCCT691-occt-64/drv/RWStepBasic/RWStepBasic_RWMechanicalContext.jxx
+M RWStepBasic:privinclude:RWStepBasic_RWMechanicalContext.ixx /misc/dn61/LocalWOK/wok_entities/LOC/dev/CR0-OCCT691-7-CR0-OCCT691-occt-64/drv/RWStepBasic/RWStepBasic_RWMechanicalContext.ixx
+M RWStepBasic:pubinclude:RWStepBasic_RWProductDefinition.hxx /misc/dn61/LocalWOK/wok_entities/LOC/dev/CR0-OCCT691-7-CR0-OCCT691-occt-64/inc/RWStepBasic_RWProductDefinition.hxx
+M RWStepBasic:privinclude:RWStepBasic_RWProductDefinition.jxx /misc/dn61/LocalWOK/wok_entities/LOC/dev/CR0-OCCT691-7-CR0-OCCT691-occt-64/drv/RWStepBasic/RWStepBasic_RWProductDefinition.jxx
+M RWStepBasic:privinclude:RWStepBasic_RWProductDefinition.ixx /misc/dn61/LocalWOK/wok_entities/LOC/dev/CR0-OCCT691-7-CR0-OCCT691-occt-64/drv/RWStepBasic/RWStepBasic_RWProductDefinition.ixx
+M RWStepBasic:pubinclude:RWStepBasic_RWProductDefinitionContext.hxx /misc/dn61/LocalWOK/wok_entities/LOC/dev/CR0-OCCT691-7-CR0-OCCT691-occt-64/inc/RWStepBasic_RWProductDefinitionContext.hxx
+M RWStepBasic:privinclude:RWStepBasic_RWProductDefinitionContext.jxx /misc/dn61/LocalWOK/wok_entities/LOC/dev/CR0-OCCT691-7-CR0-OCCT691-occt-64/drv/RWStepBasic/RWStepBasic_RWProductDefinitionContext.jxx
+M RWStepBasic:privinclude:RWStepBasic_RWProductDefinitionContext.ixx /misc/dn61/LocalWOK/wok_entities/LOC/dev/CR0-OCCT691-7-CR0-OCCT691-occt-64/drv/RWStepBasic/RWStepBasic_RWProductDefinitionContext.ixx
+M RWStepBasic:pubinclude:RWStepBasic_RWProductDefinitionFormation.hxx /misc/dn61/LocalWOK/wok_entities/LOC/dev/CR0-OCCT691-7-CR0-OCCT691-occt-64/inc/RWStepBasic_RWProductDefinitionFormation.hxx
+M RWStepBasic:privinclude:RWStepBasic_RWProductDefinitionFormation.jxx /misc/dn61/LocalWOK/wok_entities/LOC/dev/CR0-OCCT691-7-CR0-OCCT691-occt-64/drv/RWStepBasic/RWStepBasic_RWProductDefinitionFormation.jxx
+M RWStepBasic:privinclude:RWStepBasic_RWProductDefinitionFormation.ixx /misc/dn61/LocalWOK/wok_entities/LOC/dev/CR0-OCCT691-7-CR0-OCCT691-occt-64/drv/RWStepBasic/RWStepBasic_RWProductDefinitionFormation.ixx
+M RWStepBasic:pubinclude:RWStepBasic_RWProductDefinitionFormationWithSpecifiedSource.hxx /misc/dn61/LocalWOK/wok_entities/LOC/dev/CR0-OCCT691-7-CR0-OCCT691-occt-64/inc/RWStepBasic_RWProductDefinitionFormationWithSpecifiedSource.hxx
+M RWStepBasic:privinclude:RWStepBasic_RWProductDefinitionFormationWithSpecifiedSource.jxx /misc/dn61/LocalWOK/wok_entities/LOC/dev/CR0-OCCT691-7-CR0-OCCT691-occt-64/drv/RWStepBasic/RWStepBasic_RWProductDefinitionFormationWithSpecifiedSource.jxx
+M RWStepBasic:privinclude:RWStepBasic_RWProductDefinitionFormationWithSpecifiedSource.ixx /misc/dn61/LocalWOK/wok_entities/LOC/dev/CR0-OCCT691-7-CR0-OCCT691-occt-64/drv/RWStepBasic/RWStepBasic_RWProductDefinitionFormationWithSpecifiedSource.ixx
+M RWStepBasic:pubinclude:RWStepBasic_RWProductRelatedProductCategory.hxx /misc/dn61/LocalWOK/wok_entities/LOC/dev/CR0-OCCT691-7-CR0-OCCT691-occt-64/inc/RWStepBasic_RWProductRelatedProductCategory.hxx
+M RWStepBasic:privinclude:RWStepBasic_RWProductRelatedProductCategory.jxx /misc/dn61/LocalWOK/wok_entities/LOC/dev/CR0-OCCT691-7-CR0-OCCT691-occt-64/drv/RWStepBasic/RWStepBasic_RWProductRelatedProductCategory.jxx
+M RWStepBasic:privinclude:RWStepBasic_RWProductRelatedProductCategory.ixx /misc/dn61/LocalWOK/wok_entities/LOC/dev/CR0-OCCT691-7-CR0-OCCT691-occt-64/drv/RWStepBasic/RWStepBasic_RWProductRelatedProductCategory.ixx
+M RWStepBasic:pubinclude:RWStepBasic_RWProductType.hxx /misc/dn61/LocalWOK/wok_entities/LOC/dev/CR0-OCCT691-7-CR0-OCCT691-occt-64/inc/RWStepBasic_RWProductType.hxx
+M RWStepBasic:privinclude:RWStepBasic_RWProductType.jxx /misc/dn61/LocalWOK/wok_entities/LOC/dev/CR0-OCCT691-7-CR0-OCCT691-occt-64/drv/RWStepBasic/RWStepBasic_RWProductType.jxx
+M RWStepBasic:privinclude:RWStepBasic_RWProductType.ixx /misc/dn61/LocalWOK/wok_entities/LOC/dev/CR0-OCCT691-7-CR0-OCCT691-occt-64/drv/RWStepBasic/RWStepBasic_RWProductType.ixx
+M RWStepBasic:pubinclude:RWStepBasic_RWRatioMeasureWithUnit.hxx /misc/dn61/LocalWOK/wok_entities/LOC/dev/CR0-OCCT691-7-CR0-OCCT691-occt-64/inc/RWStepBasic_RWRatioMeasureWithUnit.hxx
+M RWStepBasic:privinclude:RWStepBasic_RWRatioMeasureWithUnit.jxx /misc/dn61/LocalWOK/wok_entities/LOC/dev/CR0-OCCT691-7-CR0-OCCT691-occt-64/drv/RWStepBasic/RWStepBasic_RWRatioMeasureWithUnit.jxx
+M RWStepBasic:privinclude:RWStepBasic_RWRatioMeasureWithUnit.ixx /misc/dn61/LocalWOK/wok_entities/LOC/dev/CR0-OCCT691-7-CR0-OCCT691-occt-64/drv/RWStepBasic/RWStepBasic_RWRatioMeasureWithUnit.ixx
+M RWStepBasic:pubinclude:RWStepBasic_RWSecurityClassification.hxx /misc/dn61/LocalWOK/wok_entities/LOC/dev/CR0-OCCT691-7-CR0-OCCT691-occt-64/inc/RWStepBasic_RWSecurityClassification.hxx
+M RWStepBasic:privinclude:RWStepBasic_RWSecurityClassification.jxx /misc/dn61/LocalWOK/wok_entities/LOC/dev/CR0-OCCT691-7-CR0-OCCT691-occt-64/drv/RWStepBasic/RWStepBasic_RWSecurityClassification.jxx
+M RWStepBasic:privinclude:RWStepBasic_RWSecurityClassification.ixx /misc/dn61/LocalWOK/wok_entities/LOC/dev/CR0-OCCT691-7-CR0-OCCT691-occt-64/drv/RWStepBasic/RWStepBasic_RWSecurityClassification.ixx
+M RWStepBasic:pubinclude:RWStepBasic_RWSecurityClassificationLevel.hxx /misc/dn61/LocalWOK/wok_entities/LOC/dev/CR0-OCCT691-7-CR0-OCCT691-occt-64/inc/RWStepBasic_RWSecurityClassificationLevel.hxx
+M RWStepBasic:privinclude:RWStepBasic_RWSecurityClassificationLevel.jxx /misc/dn61/LocalWOK/wok_entities/LOC/dev/CR0-OCCT691-7-CR0-OCCT691-occt-64/drv/RWStepBasic/RWStepBasic_RWSecurityClassificationLevel.jxx
+M RWStepBasic:privinclude:RWStepBasic_RWSecurityClassificationLevel.ixx /misc/dn61/LocalWOK/wok_entities/LOC/dev/CR0-OCCT691-7-CR0-OCCT691-occt-64/drv/RWStepBasic/RWStepBasic_RWSecurityClassificationLevel.ixx
+M RWStepBasic:pubinclude:RWStepBasic_RWSiUnit.hxx /misc/dn61/LocalWOK/wok_entities/LOC/dev/CR0-OCCT691-7-CR0-OCCT691-occt-64/inc/RWStepBasic_RWSiUnit.hxx
+M RWStepBasic:privinclude:RWStepBasic_RWSiUnit.jxx /misc/dn61/LocalWOK/wok_entities/LOC/dev/CR0-OCCT691-7-CR0-OCCT691-occt-64/drv/RWStepBasic/RWStepBasic_RWSiUnit.jxx
+M RWStepBasic:privinclude:RWStepBasic_RWSiUnit.ixx /misc/dn61/LocalWOK/wok_entities/LOC/dev/CR0-OCCT691-7-CR0-OCCT691-occt-64/drv/RWStepBasic/RWStepBasic_RWSiUnit.ixx
+M RWStepBasic:pubinclude:RWStepBasic_RWSolidAngleMeasureWithUnit.hxx /misc/dn61/LocalWOK/wok_entities/LOC/dev/CR0-OCCT691-7-CR0-OCCT691-occt-64/inc/RWStepBasic_RWSolidAngleMeasureWithUnit.hxx
+M RWStepBasic:privinclude:RWStepBasic_RWSolidAngleMeasureWithUnit.jxx /misc/dn61/LocalWOK/wok_entities/LOC/dev/CR0-OCCT691-7-CR0-OCCT691-occt-64/drv/RWStepBasic/RWStepBasic_RWSolidAngleMeasureWithUnit.jxx
+M RWStepBasic:privinclude:RWStepBasic_RWSolidAngleMeasureWithUnit.ixx /misc/dn61/LocalWOK/wok_entities/LOC/dev/CR0-OCCT691-7-CR0-OCCT691-occt-64/drv/RWStepBasic/RWStepBasic_RWSolidAngleMeasureWithUnit.ixx
+M RWStepBasic:pubinclude:RWStepBasic_RWSolidAngleUnit.hxx /misc/dn61/LocalWOK/wok_entities/LOC/dev/CR0-OCCT691-7-CR0-OCCT691-occt-64/inc/RWStepBasic_RWSolidAngleUnit.hxx
+M RWStepBasic:privinclude:RWStepBasic_RWSolidAngleUnit.jxx /misc/dn61/LocalWOK/wok_entities/LOC/dev/CR0-OCCT691-7-CR0-OCCT691-occt-64/drv/RWStepBasic/RWStepBasic_RWSolidAngleUnit.jxx
+M RWStepBasic:privinclude:RWStepBasic_RWSolidAngleUnit.ixx /misc/dn61/LocalWOK/wok_entities/LOC/dev/CR0-OCCT691-7-CR0-OCCT691-occt-64/drv/RWStepBasic/RWStepBasic_RWSolidAngleUnit.ixx
+M RWStepBasic:pubinclude:RWStepBasic_RWUncertaintyMeasureWithUnit.hxx /misc/dn61/LocalWOK/wok_entities/LOC/dev/CR0-OCCT691-7-CR0-OCCT691-occt-64/inc/RWStepBasic_RWUncertaintyMeasureWithUnit.hxx
+M RWStepBasic:privinclude:RWStepBasic_RWUncertaintyMeasureWithUnit.jxx /misc/dn61/LocalWOK/wok_entities/LOC/dev/CR0-OCCT691-7-CR0-OCCT691-occt-64/drv/RWStepBasic/RWStepBasic_RWUncertaintyMeasureWithUnit.jxx
+M RWStepBasic:privinclude:RWStepBasic_RWUncertaintyMeasureWithUnit.ixx /misc/dn61/LocalWOK/wok_entities/LOC/dev/CR0-OCCT691-7-CR0-OCCT691-occt-64/drv/RWStepBasic/RWStepBasic_RWUncertaintyMeasureWithUnit.ixx
+M RWStepBasic:pubinclude:RWStepBasic_RWWeekOfYearAndDayDate.hxx /misc/dn61/LocalWOK/wok_entities/LOC/dev/CR0-OCCT691-7-CR0-OCCT691-occt-64/inc/RWStepBasic_RWWeekOfYearAndDayDate.hxx
+M RWStepBasic:privinclude:RWStepBasic_RWWeekOfYearAndDayDate.jxx /misc/dn61/LocalWOK/wok_entities/LOC/dev/CR0-OCCT691-7-CR0-OCCT691-occt-64/drv/RWStepBasic/RWStepBasic_RWWeekOfYearAndDayDate.jxx
+M RWStepBasic:privinclude:RWStepBasic_RWWeekOfYearAndDayDate.ixx /misc/dn61/LocalWOK/wok_entities/LOC/dev/CR0-OCCT691-7-CR0-OCCT691-occt-64/drv/RWStepBasic/RWStepBasic_RWWeekOfYearAndDayDate.ixx
+M RWStepBasic:pubinclude:RWStepBasic_RWSiUnitAndLengthUnit.hxx /misc/dn61/LocalWOK/wok_entities/LOC/dev/CR0-OCCT691-7-CR0-OCCT691-occt-64/inc/RWStepBasic_RWSiUnitAndLengthUnit.hxx
+M RWStepBasic:privinclude:RWStepBasic_RWSiUnitAndLengthUnit.jxx /misc/dn61/LocalWOK/wok_entities/LOC/dev/CR0-OCCT691-7-CR0-OCCT691-occt-64/drv/RWStepBasic/RWStepBasic_RWSiUnitAndLengthUnit.jxx
+M RWStepBasic:privinclude:RWStepBasic_RWSiUnitAndLengthUnit.ixx /misc/dn61/LocalWOK/wok_entities/LOC/dev/CR0-OCCT691-7-CR0-OCCT691-occt-64/drv/RWStepBasic/RWStepBasic_RWSiUnitAndLengthUnit.ixx
+M RWStepBasic:pubinclude:RWStepBasic_RWSiUnitAndPlaneAngleUnit.hxx /misc/dn61/LocalWOK/wok_entities/LOC/dev/CR0-OCCT691-7-CR0-OCCT691-occt-64/inc/RWStepBasic_RWSiUnitAndPlaneAngleUnit.hxx
+M RWStepBasic:privinclude:RWStepBasic_RWSiUnitAndPlaneAngleUnit.jxx /misc/dn61/LocalWOK/wok_entities/LOC/dev/CR0-OCCT691-7-CR0-OCCT691-occt-64/drv/RWStepBasic/RWStepBasic_RWSiUnitAndPlaneAngleUnit.jxx
+M RWStepBasic:privinclude:RWStepBasic_RWSiUnitAndPlaneAngleUnit.ixx /misc/dn61/LocalWOK/wok_entities/LOC/dev/CR0-OCCT691-7-CR0-OCCT691-occt-64/drv/RWStepBasic/RWStepBasic_RWSiUnitAndPlaneAngleUnit.ixx
+M RWStepBasic:pubinclude:RWStepBasic_RWSiUnitAndRatioUnit.hxx /misc/dn61/LocalWOK/wok_entities/LOC/dev/CR0-OCCT691-7-CR0-OCCT691-occt-64/inc/RWStepBasic_RWSiUnitAndRatioUnit.hxx
+M RWStepBasic:privinclude:RWStepBasic_RWSiUnitAndRatioUnit.jxx /misc/dn61/LocalWOK/wok_entities/LOC/dev/CR0-OCCT691-7-CR0-OCCT691-occt-64/drv/RWStepBasic/RWStepBasic_RWSiUnitAndRatioUnit.jxx
+M RWStepBasic:privinclude:RWStepBasic_RWSiUnitAndRatioUnit.ixx /misc/dn61/LocalWOK/wok_entities/LOC/dev/CR0-OCCT691-7-CR0-OCCT691-occt-64/drv/RWStepBasic/RWStepBasic_RWSiUnitAndRatioUnit.ixx
+M RWStepBasic:pubinclude:RWStepBasic_RWSiUnitAndSolidAngleUnit.hxx /misc/dn61/LocalWOK/wok_entities/LOC/dev/CR0-OCCT691-7-CR0-OCCT691-occt-64/inc/RWStepBasic_RWSiUnitAndSolidAngleUnit.hxx
+M RWStepBasic:privinclude:RWStepBasic_RWSiUnitAndSolidAngleUnit.jxx /misc/dn61/LocalWOK/wok_entities/LOC/dev/CR0-OCCT691-7-CR0-OCCT691-occt-64/drv/RWStepBasic/RWStepBasic_RWSiUnitAndSolidAngleUnit.jxx
+M RWStepBasic:privinclude:RWStepBasic_RWSiUnitAndSolidAngleUnit.ixx /misc/dn61/LocalWOK/wok_entities/LOC/dev/CR0-OCCT691-7-CR0-OCCT691-occt-64/drv/RWStepBasic/RWStepBasic_RWSiUnitAndSolidAngleUnit.ixx
+M RWStepBasic:pubinclude:RWStepBasic_RWSiUnitAndTimeUnit.hxx /misc/dn61/LocalWOK/wok_entities/LOC/dev/CR0-OCCT691-7-CR0-OCCT691-occt-64/inc/RWStepBasic_RWSiUnitAndTimeUnit.hxx
+M RWStepBasic:privinclude:RWStepBasic_RWSiUnitAndTimeUnit.jxx /misc/dn61/LocalWOK/wok_entities/LOC/dev/CR0-OCCT691-7-CR0-OCCT691-occt-64/drv/RWStepBasic/RWStepBasic_RWSiUnitAndTimeUnit.jxx
+M RWStepBasic:privinclude:RWStepBasic_RWSiUnitAndTimeUnit.ixx /misc/dn61/LocalWOK/wok_entities/LOC/dev/CR0-OCCT691-7-CR0-OCCT691-occt-64/drv/RWStepBasic/RWStepBasic_RWSiUnitAndTimeUnit.ixx
+M RWStepBasic:pubinclude:RWStepBasic_RWSiUnitAndAreaUnit.hxx /misc/dn61/LocalWOK/wok_entities/LOC/dev/CR0-OCCT691-7-CR0-OCCT691-occt-64/inc/RWStepBasic_RWSiUnitAndAreaUnit.hxx
+M RWStepBasic:privinclude:RWStepBasic_RWSiUnitAndAreaUnit.jxx /misc/dn61/LocalWOK/wok_entities/LOC/dev/CR0-OCCT691-7-CR0-OCCT691-occt-64/drv/RWStepBasic/RWStepBasic_RWSiUnitAndAreaUnit.jxx
+M RWStepBasic:privinclude:RWStepBasic_RWSiUnitAndAreaUnit.ixx /misc/dn61/LocalWOK/wok_entities/LOC/dev/CR0-OCCT691-7-CR0-OCCT691-occt-64/drv/RWStepBasic/RWStepBasic_RWSiUnitAndAreaUnit.ixx
+M RWStepBasic:pubinclude:RWStepBasic_RWSiUnitAndVolumeUnit.hxx /misc/dn61/LocalWOK/wok_entities/LOC/dev/CR0-OCCT691-7-CR0-OCCT691-occt-64/inc/RWStepBasic_RWSiUnitAndVolumeUnit.hxx
+M RWStepBasic:privinclude:RWStepBasic_RWSiUnitAndVolumeUnit.jxx /misc/dn61/LocalWOK/wok_entities/LOC/dev/CR0-OCCT691-7-CR0-OCCT691-occt-64/drv/RWStepBasic/RWStepBasic_RWSiUnitAndVolumeUnit.jxx
+M RWStepBasic:privinclude:RWStepBasic_RWSiUnitAndVolumeUnit.ixx /misc/dn61/LocalWOK/wok_entities/LOC/dev/CR0-OCCT691-7-CR0-OCCT691-occt-64/drv/RWStepBasic/RWStepBasic_RWSiUnitAndVolumeUnit.ixx
+M RWStepBasic:pubinclude:RWStepBasic_RWSiUnitAndMassUnit.hxx /misc/dn61/LocalWOK/wok_entities/LOC/dev/CR0-OCCT691-7-CR0-OCCT691-occt-64/inc/RWStepBasic_RWSiUnitAndMassUnit.hxx
+M RWStepBasic:privinclude:RWStepBasic_RWSiUnitAndMassUnit.jxx /misc/dn61/LocalWOK/wok_entities/LOC/dev/CR0-OCCT691-7-CR0-OCCT691-occt-64/drv/RWStepBasic/RWStepBasic_RWSiUnitAndMassUnit.jxx
+M RWStepBasic:privinclude:RWStepBasic_RWSiUnitAndMassUnit.ixx /misc/dn61/LocalWOK/wok_entities/LOC/dev/CR0-OCCT691-7-CR0-OCCT691-occt-64/drv/RWStepBasic/RWStepBasic_RWSiUnitAndMassUnit.ixx
+M RWStepBasic:pubinclude:RWStepBasic_RWSiUnitAndThermodynamicTemperatureUnit.hxx /misc/dn61/LocalWOK/wok_entities/LOC/dev/CR0-OCCT691-7-CR0-OCCT691-occt-64/inc/RWStepBasic_RWSiUnitAndThermodynamicTemperatureUnit.hxx
+M RWStepBasic:privinclude:RWStepBasic_RWSiUnitAndThermodynamicTemperatureUnit.jxx /misc/dn61/LocalWOK/wok_entities/LOC/dev/CR0-OCCT691-7-CR0-OCCT691-occt-64/drv/RWStepBasic/RWStepBasic_RWSiUnitAndThermodynamicTemperatureUnit.jxx
+M RWStepBasic:privinclude:RWStepBasic_RWSiUnitAndThermodynamicTemperatureUnit.ixx /misc/dn61/LocalWOK/wok_entities/LOC/dev/CR0-OCCT691-7-CR0-OCCT691-occt-64/drv/RWStepBasic/RWStepBasic_RWSiUnitAndThermodynamicTemperatureUnit.ixx
+M RWStepBasic:pubinclude:RWStepBasic_RWConversionBasedUnitAndLengthUnit.hxx /misc/dn61/LocalWOK/wok_entities/LOC/dev/CR0-OCCT691-7-CR0-OCCT691-occt-64/inc/RWStepBasic_RWConversionBasedUnitAndLengthUnit.hxx
+M RWStepBasic:privinclude:RWStepBasic_RWConversionBasedUnitAndLengthUnit.jxx /misc/dn61/LocalWOK/wok_entities/LOC/dev/CR0-OCCT691-7-CR0-OCCT691-occt-64/drv/RWStepBasic/RWStepBasic_RWConversionBasedUnitAndLengthUnit.jxx
+M RWStepBasic:privinclude:RWStepBasic_RWConversionBasedUnitAndLengthUnit.ixx /misc/dn61/LocalWOK/wok_entities/LOC/dev/CR0-OCCT691-7-CR0-OCCT691-occt-64/drv/RWStepBasic/RWStepBasic_RWConversionBasedUnitAndLengthUnit.ixx
+M RWStepBasic:pubinclude:RWStepBasic_RWConversionBasedUnitAndPlaneAngleUnit.hxx /misc/dn61/LocalWOK/wok_entities/LOC/dev/CR0-OCCT691-7-CR0-OCCT691-occt-64/inc/RWStepBasic_RWConversionBasedUnitAndPlaneAngleUnit.hxx
+M RWStepBasic:privinclude:RWStepBasic_RWConversionBasedUnitAndPlaneAngleUnit.jxx /misc/dn61/LocalWOK/wok_entities/LOC/dev/CR0-OCCT691-7-CR0-OCCT691-occt-64/drv/RWStepBasic/RWStepBasic_RWConversionBasedUnitAndPlaneAngleUnit.jxx
+M RWStepBasic:privinclude:RWStepBasic_RWConversionBasedUnitAndPlaneAngleUnit.ixx /misc/dn61/LocalWOK/wok_entities/LOC/dev/CR0-OCCT691-7-CR0-OCCT691-occt-64/drv/RWStepBasic/RWStepBasic_RWConversionBasedUnitAndPlaneAngleUnit.ixx
+M RWStepBasic:pubinclude:RWStepBasic_RWConversionBasedUnitAndRatioUnit.hxx /misc/dn61/LocalWOK/wok_entities/LOC/dev/CR0-OCCT691-7-CR0-OCCT691-occt-64/inc/RWStepBasic_RWConversionBasedUnitAndRatioUnit.hxx
+M RWStepBasic:privinclude:RWStepBasic_RWConversionBasedUnitAndRatioUnit.jxx /misc/dn61/LocalWOK/wok_entities/LOC/dev/CR0-OCCT691-7-CR0-OCCT691-occt-64/drv/RWStepBasic/RWStepBasic_RWConversionBasedUnitAndRatioUnit.jxx
+M RWStepBasic:privinclude:RWStepBasic_RWConversionBasedUnitAndRatioUnit.ixx /misc/dn61/LocalWOK/wok_entities/LOC/dev/CR0-OCCT691-7-CR0-OCCT691-occt-64/drv/RWStepBasic/RWStepBasic_RWConversionBasedUnitAndRatioUnit.ixx
+M RWStepBasic:pubinclude:RWStepBasic_RWConversionBasedUnitAndSolidAngleUnit.hxx /misc/dn61/LocalWOK/wok_entities/LOC/dev/CR0-OCCT691-7-CR0-OCCT691-occt-64/inc/RWStepBasic_RWConversionBasedUnitAndSolidAngleUnit.hxx
+M RWStepBasic:privinclude:RWStepBasic_RWConversionBasedUnitAndSolidAngleUnit.jxx /misc/dn61/LocalWOK/wok_entities/LOC/dev/CR0-OCCT691-7-CR0-OCCT691-occt-64/drv/RWStepBasic/RWStepBasic_RWConversionBasedUnitAndSolidAngleUnit.jxx
+M RWStepBasic:privinclude:RWStepBasic_RWConversionBasedUnitAndSolidAngleUnit.ixx /misc/dn61/LocalWOK/wok_entities/LOC/dev/CR0-OCCT691-7-CR0-OCCT691-occt-64/drv/RWStepBasic/RWStepBasic_RWConversionBasedUnitAndSolidAngleUnit.ixx
+M RWStepBasic:pubinclude:RWStepBasic_RWConversionBasedUnitAndTimeUnit.hxx /misc/dn61/LocalWOK/wok_entities/LOC/dev/CR0-OCCT691-7-CR0-OCCT691-occt-64/inc/RWStepBasic_RWConversionBasedUnitAndTimeUnit.hxx
+M RWStepBasic:privinclude:RWStepBasic_RWConversionBasedUnitAndTimeUnit.jxx /misc/dn61/LocalWOK/wok_entities/LOC/dev/CR0-OCCT691-7-CR0-OCCT691-occt-64/drv/RWStepBasic/RWStepBasic_RWConversionBasedUnitAndTimeUnit.jxx
+M RWStepBasic:privinclude:RWStepBasic_RWConversionBasedUnitAndTimeUnit.ixx /misc/dn61/LocalWOK/wok_entities/LOC/dev/CR0-OCCT691-7-CR0-OCCT691-occt-64/drv/RWStepBasic/RWStepBasic_RWConversionBasedUnitAndTimeUnit.ixx
+M RWStepBasic:pubinclude:RWStepBasic_RWConversionBasedUnitAndAreaUnit.hxx /misc/dn61/LocalWOK/wok_entities/LOC/dev/CR0-OCCT691-7-CR0-OCCT691-occt-64/inc/RWStepBasic_RWConversionBasedUnitAndAreaUnit.hxx
+M RWStepBasic:privinclude:RWStepBasic_RWConversionBasedUnitAndAreaUnit.jxx /misc/dn61/LocalWOK/wok_entities/LOC/dev/CR0-OCCT691-7-CR0-OCCT691-occt-64/drv/RWStepBasic/RWStepBasic_RWConversionBasedUnitAndAreaUnit.jxx
+M RWStepBasic:privinclude:RWStepBasic_RWConversionBasedUnitAndAreaUnit.ixx /misc/dn61/LocalWOK/wok_entities/LOC/dev/CR0-OCCT691-7-CR0-OCCT691-occt-64/drv/RWStepBasic/RWStepBasic_RWConversionBasedUnitAndAreaUnit.ixx
+M RWStepBasic:pubinclude:RWStepBasic_RWConversionBasedUnitAndVolumeUnit.hxx /misc/dn61/LocalWOK/wok_entities/LOC/dev/CR0-OCCT691-7-CR0-OCCT691-occt-64/inc/RWStepBasic_RWConversionBasedUnitAndVolumeUnit.hxx
+M RWStepBasic:privinclude:RWStepBasic_RWConversionBasedUnitAndVolumeUnit.jxx /misc/dn61/LocalWOK/wok_entities/LOC/dev/CR0-OCCT691-7-CR0-OCCT691-occt-64/drv/RWStepBasic/RWStepBasic_RWConversionBasedUnitAndVolumeUnit.jxx
+M RWStepBasic:privinclude:RWStepBasic_RWConversionBasedUnitAndVolumeUnit.ixx /misc/dn61/LocalWOK/wok_entities/LOC/dev/CR0-OCCT691-7-CR0-OCCT691-occt-64/drv/RWStepBasic/RWStepBasic_RWConversionBasedUnitAndVolumeUnit.ixx
+M RWStepBasic:pubinclude:RWStepBasic_RWConversionBasedUnitAndMassUnit.hxx /misc/dn61/LocalWOK/wok_entities/LOC/dev/CR0-OCCT691-7-CR0-OCCT691-occt-64/inc/RWStepBasic_RWConversionBasedUnitAndMassUnit.hxx
+M RWStepBasic:privinclude:RWStepBasic_RWConversionBasedUnitAndMassUnit.jxx /misc/dn61/LocalWOK/wok_entities/LOC/dev/CR0-OCCT691-7-CR0-OCCT691-occt-64/drv/RWStepBasic/RWStepBasic_RWConversionBasedUnitAndMassUnit.jxx
+M RWStepBasic:privinclude:RWStepBasic_RWConversionBasedUnitAndMassUnit.ixx /misc/dn61/LocalWOK/wok_entities/LOC/dev/CR0-OCCT691-7-CR0-OCCT691-occt-64/drv/RWStepBasic/RWStepBasic_RWConversionBasedUnitAndMassUnit.ixx
+M RWStepBasic:pubinclude:RWStepBasic_RWMassMeasureWithUnit.hxx /misc/dn61/LocalWOK/wok_entities/LOC/dev/CR0-OCCT691-7-CR0-OCCT691-occt-64/inc/RWStepBasic_RWMassMeasureWithUnit.hxx
+M RWStepBasic:privinclude:RWStepBasic_RWMassMeasureWithUnit.jxx /misc/dn61/LocalWOK/wok_entities/LOC/dev/CR0-OCCT691-7-CR0-OCCT691-occt-64/drv/RWStepBasic/RWStepBasic_RWMassMeasureWithUnit.jxx
+M RWStepBasic:privinclude:RWStepBasic_RWMassMeasureWithUnit.ixx /misc/dn61/LocalWOK/wok_entities/LOC/dev/CR0-OCCT691-7-CR0-OCCT691-occt-64/drv/RWStepBasic/RWStepBasic_RWMassMeasureWithUnit.ixx
+M RWStepBasic:pubinclude:RWStepBasic_RWApprovalDateTime.hxx /misc/dn61/LocalWOK/wok_entities/LOC/dev/CR0-OCCT691-7-CR0-OCCT691-occt-64/inc/RWStepBasic_RWApprovalDateTime.hxx
+M RWStepBasic:privinclude:RWStepBasic_RWApprovalDateTime.jxx /misc/dn61/LocalWOK/wok_entities/LOC/dev/CR0-OCCT691-7-CR0-OCCT691-occt-64/drv/RWStepBasic/RWStepBasic_RWApprovalDateTime.jxx
+M RWStepBasic:privinclude:RWStepBasic_RWApprovalDateTime.ixx /misc/dn61/LocalWOK/wok_entities/LOC/dev/CR0-OCCT691-7-CR0-OCCT691-occt-64/drv/RWStepBasic/RWStepBasic_RWApprovalDateTime.ixx
+M RWStepBasic:pubinclude:RWStepBasic_RWDerivedUnit.hxx /misc/dn61/LocalWOK/wok_entities/LOC/dev/CR0-OCCT691-7-CR0-OCCT691-occt-64/inc/RWStepBasic_RWDerivedUnit.hxx
+M RWStepBasic:privinclude:RWStepBasic_RWDerivedUnit.jxx /misc/dn61/LocalWOK/wok_entities/LOC/dev/CR0-OCCT691-7-CR0-OCCT691-occt-64/drv/RWStepBasic/RWStepBasic_RWDerivedUnit.jxx
+M RWStepBasic:privinclude:RWStepBasic_RWDerivedUnit.ixx /misc/dn61/LocalWOK/wok_entities/LOC/dev/CR0-OCCT691-7-CR0-OCCT691-occt-64/drv/RWStepBasic/RWStepBasic_RWDerivedUnit.ixx
+M RWStepBasic:pubinclude:RWStepBasic_RWDerivedUnitElement.hxx /misc/dn61/LocalWOK/wok_entities/LOC/dev/CR0-OCCT691-7-CR0-OCCT691-occt-64/inc/RWStepBasic_RWDerivedUnitElement.hxx
+M RWStepBasic:privinclude:RWStepBasic_RWDerivedUnitElement.jxx /misc/dn61/LocalWOK/wok_entities/LOC/dev/CR0-OCCT691-7-CR0-OCCT691-occt-64/drv/RWStepBasic/RWStepBasic_RWDerivedUnitElement.jxx
+M RWStepBasic:privinclude:RWStepBasic_RWDerivedUnitElement.ixx /misc/dn61/LocalWOK/wok_entities/LOC/dev/CR0-OCCT691-7-CR0-OCCT691-occt-64/drv/RWStepBasic/RWStepBasic_RWDerivedUnitElement.ixx
+M RWStepBasic:pubinclude:RWStepBasic_RWDocument.hxx /misc/dn61/LocalWOK/wok_entities/LOC/dev/CR0-OCCT691-7-CR0-OCCT691-occt-64/inc/RWStepBasic_RWDocument.hxx
+M RWStepBasic:privinclude:RWStepBasic_RWDocument.jxx /misc/dn61/LocalWOK/wok_entities/LOC/dev/CR0-OCCT691-7-CR0-OCCT691-occt-64/drv/RWStepBasic/RWStepBasic_RWDocument.jxx
+M RWStepBasic:privinclude:RWStepBasic_RWDocument.ixx /misc/dn61/LocalWOK/wok_entities/LOC/dev/CR0-OCCT691-7-CR0-OCCT691-occt-64/drv/RWStepBasic/RWStepBasic_RWDocument.ixx
+M RWStepBasic:pubinclude:RWStepBasic_RWDocumentRelationship.hxx /misc/dn61/LocalWOK/wok_entities/LOC/dev/CR0-OCCT691-7-CR0-OCCT691-occt-64/inc/RWStepBasic_RWDocumentRelationship.hxx
+M RWStepBasic:privinclude:RWStepBasic_RWDocumentRelationship.jxx /misc/dn61/LocalWOK/wok_entities/LOC/dev/CR0-OCCT691-7-CR0-OCCT691-occt-64/drv/RWStepBasic/RWStepBasic_RWDocumentRelationship.jxx
+M RWStepBasic:privinclude:RWStepBasic_RWDocumentRelationship.ixx /misc/dn61/LocalWOK/wok_entities/LOC/dev/CR0-OCCT691-7-CR0-OCCT691-occt-64/drv/RWStepBasic/RWStepBasic_RWDocumentRelationship.ixx
+M RWStepBasic:pubinclude:RWStepBasic_RWDocumentType.hxx /misc/dn61/LocalWOK/wok_entities/LOC/dev/CR0-OCCT691-7-CR0-OCCT691-occt-64/inc/RWStepBasic_RWDocumentType.hxx
+M RWStepBasic:privinclude:RWStepBasic_RWDocumentType.jxx /misc/dn61/LocalWOK/wok_entities/LOC/dev/CR0-OCCT691-7-CR0-OCCT691-occt-64/drv/RWStepBasic/RWStepBasic_RWDocumentType.jxx
+M RWStepBasic:privinclude:RWStepBasic_RWDocumentType.ixx /misc/dn61/LocalWOK/wok_entities/LOC/dev/CR0-OCCT691-7-CR0-OCCT691-occt-64/drv/RWStepBasic/RWStepBasic_RWDocumentType.ixx
+M RWStepBasic:pubinclude:RWStepBasic_RWDocumentUsageConstraint.hxx /misc/dn61/LocalWOK/wok_entities/LOC/dev/CR0-OCCT691-7-CR0-OCCT691-occt-64/inc/RWStepBasic_RWDocumentUsageConstraint.hxx
+M RWStepBasic:privinclude:RWStepBasic_RWDocumentUsageConstraint.jxx /misc/dn61/LocalWOK/wok_entities/LOC/dev/CR0-OCCT691-7-CR0-OCCT691-occt-64/drv/RWStepBasic/RWStepBasic_RWDocumentUsageConstraint.jxx
+M RWStepBasic:privinclude:RWStepBasic_RWDocumentUsageConstraint.ixx /misc/dn61/LocalWOK/wok_entities/LOC/dev/CR0-OCCT691-7-CR0-OCCT691-occt-64/drv/RWStepBasic/RWStepBasic_RWDocumentUsageConstraint.ixx
+M RWStepBasic:pubinclude:RWStepBasic_RWEffectivity.hxx /misc/dn61/LocalWOK/wok_entities/LOC/dev/CR0-OCCT691-7-CR0-OCCT691-occt-64/inc/RWStepBasic_RWEffectivity.hxx
+M RWStepBasic:privinclude:RWStepBasic_RWEffectivity.jxx /misc/dn61/LocalWOK/wok_entities/LOC/dev/CR0-OCCT691-7-CR0-OCCT691-occt-64/drv/RWStepBasic/RWStepBasic_RWEffectivity.jxx
+M RWStepBasic:privinclude:RWStepBasic_RWEffectivity.ixx /misc/dn61/LocalWOK/wok_entities/LOC/dev/CR0-OCCT691-7-CR0-OCCT691-occt-64/drv/RWStepBasic/RWStepBasic_RWEffectivity.ixx
+M RWStepBasic:pubinclude:RWStepBasic_RWProductDefinitionEffectivity.hxx /misc/dn61/LocalWOK/wok_entities/LOC/dev/CR0-OCCT691-7-CR0-OCCT691-occt-64/inc/RWStepBasic_RWProductDefinitionEffectivity.hxx
+M RWStepBasic:privinclude:RWStepBasic_RWProductDefinitionEffectivity.jxx /misc/dn61/LocalWOK/wok_entities/LOC/dev/CR0-OCCT691-7-CR0-OCCT691-occt-64/drv/RWStepBasic/RWStepBasic_RWProductDefinitionEffectivity.jxx
+M RWStepBasic:privinclude:RWStepBasic_RWProductDefinitionEffectivity.ixx /misc/dn61/LocalWOK/wok_entities/LOC/dev/CR0-OCCT691-7-CR0-OCCT691-occt-64/drv/RWStepBasic/RWStepBasic_RWProductDefinitionEffectivity.ixx
+M RWStepBasic:pubinclude:RWStepBasic_RWProductDefinitionRelationship.hxx /misc/dn61/LocalWOK/wok_entities/LOC/dev/CR0-OCCT691-7-CR0-OCCT691-occt-64/inc/RWStepBasic_RWProductDefinitionRelationship.hxx
+M RWStepBasic:privinclude:RWStepBasic_RWProductDefinitionRelationship.jxx /misc/dn61/LocalWOK/wok_entities/LOC/dev/CR0-OCCT691-7-CR0-OCCT691-occt-64/drv/RWStepBasic/RWStepBasic_RWProductDefinitionRelationship.jxx
+M RWStepBasic:privinclude:RWStepBasic_RWProductDefinitionRelationship.ixx /misc/dn61/LocalWOK/wok_entities/LOC/dev/CR0-OCCT691-7-CR0-OCCT691-occt-64/drv/RWStepBasic/RWStepBasic_RWProductDefinitionRelationship.ixx
+M RWStepBasic:pubinclude:RWStepBasic_RWProductDefinitionWithAssociatedDocuments.hxx /misc/dn61/LocalWOK/wok_entities/LOC/dev/CR0-OCCT691-7-CR0-OCCT691-occt-64/inc/RWStepBasic_RWProductDefinitionWithAssociatedDocuments.hxx
+M RWStepBasic:privinclude:RWStepBasic_RWProductDefinitionWithAssociatedDocuments.jxx /misc/dn61/LocalWOK/wok_entities/LOC/dev/CR0-OCCT691-7-CR0-OCCT691-occt-64/drv/RWStepBasic/RWStepBasic_RWProductDefinitionWithAssociatedDocuments.jxx
+M RWStepBasic:privinclude:RWStepBasic_RWProductDefinitionWithAssociatedDocuments.ixx /misc/dn61/LocalWOK/wok_entities/LOC/dev/CR0-OCCT691-7-CR0-OCCT691-occt-64/drv/RWStepBasic/RWStepBasic_RWProductDefinitionWithAssociatedDocuments.ixx
+M RWStepBasic:pubinclude:RWStepBasic_RWCharacterizedObject.hxx /misc/dn61/LocalWOK/wok_entities/LOC/dev/CR0-OCCT691-7-CR0-OCCT691-occt-64/inc/RWStepBasic_RWCharacterizedObject.hxx
+M RWStepBasic:privinclude:RWStepBasic_RWCharacterizedObject.jxx /misc/dn61/LocalWOK/wok_entities/LOC/dev/CR0-OCCT691-7-CR0-OCCT691-occt-64/drv/RWStepBasic/RWStepBasic_RWCharacterizedObject.jxx
+M RWStepBasic:privinclude:RWStepBasic_RWCharacterizedObject.ixx /misc/dn61/LocalWOK/wok_entities/LOC/dev/CR0-OCCT691-7-CR0-OCCT691-occt-64/drv/RWStepBasic/RWStepBasic_RWCharacterizedObject.ixx
+M RWStepBasic:pubinclude:RWStepBasic_RWDocumentFile.hxx /misc/dn61/LocalWOK/wok_entities/LOC/dev/CR0-OCCT691-7-CR0-OCCT691-occt-64/inc/RWStepBasic_RWDocumentFile.hxx
+M RWStepBasic:privinclude:RWStepBasic_RWDocumentFile.jxx /misc/dn61/LocalWOK/wok_entities/LOC/dev/CR0-OCCT691-7-CR0-OCCT691-occt-64/drv/RWStepBasic/RWStepBasic_RWDocumentFile.jxx
+M RWStepBasic:privinclude:RWStepBasic_RWDocumentFile.ixx /misc/dn61/LocalWOK/wok_entities/LOC/dev/CR0-OCCT691-7-CR0-OCCT691-occt-64/drv/RWStepBasic/RWStepBasic_RWDocumentFile.ixx
+M RWStepBasic:pubinclude:RWStepBasic_RWAction.hxx /misc/dn61/LocalWOK/wok_entities/LOC/dev/CR0-OCCT691-7-CR0-OCCT691-occt-64/inc/RWStepBasic_RWAction.hxx
+M RWStepBasic:privinclude:RWStepBasic_RWAction.jxx /misc/dn61/LocalWOK/wok_entities/LOC/dev/CR0-OCCT691-7-CR0-OCCT691-occt-64/drv/RWStepBasic/RWStepBasic_RWAction.jxx
+M RWStepBasic:privinclude:RWStepBasic_RWAction.ixx /misc/dn61/LocalWOK/wok_entities/LOC/dev/CR0-OCCT691-7-CR0-OCCT691-occt-64/drv/RWStepBasic/RWStepBasic_RWAction.ixx
+M RWStepBasic:pubinclude:RWStepBasic_RWActionAssignment.hxx /misc/dn61/LocalWOK/wok_entities/LOC/dev/CR0-OCCT691-7-CR0-OCCT691-occt-64/inc/RWStepBasic_RWActionAssignment.hxx
+M RWStepBasic:privinclude:RWStepBasic_RWActionAssignment.jxx /misc/dn61/LocalWOK/wok_entities/LOC/dev/CR0-OCCT691-7-CR0-OCCT691-occt-64/drv/RWStepBasic/RWStepBasic_RWActionAssignment.jxx
+M RWStepBasic:privinclude:RWStepBasic_RWActionAssignment.ixx /misc/dn61/LocalWOK/wok_entities/LOC/dev/CR0-OCCT691-7-CR0-OCCT691-occt-64/drv/RWStepBasic/RWStepBasic_RWActionAssignment.ixx
+M RWStepBasic:pubinclude:RWStepBasic_RWActionMethod.hxx /misc/dn61/LocalWOK/wok_entities/LOC/dev/CR0-OCCT691-7-CR0-OCCT691-occt-64/inc/RWStepBasic_RWActionMethod.hxx
+M RWStepBasic:privinclude:RWStepBasic_RWActionMethod.jxx /misc/dn61/LocalWOK/wok_entities/LOC/dev/CR0-OCCT691-7-CR0-OCCT691-occt-64/drv/RWStepBasic/RWStepBasic_RWActionMethod.jxx
+M RWStepBasic:privinclude:RWStepBasic_RWActionMethod.ixx /misc/dn61/LocalWOK/wok_entities/LOC/dev/CR0-OCCT691-7-CR0-OCCT691-occt-64/drv/RWStepBasic/RWStepBasic_RWActionMethod.ixx
+M RWStepBasic:pubinclude:RWStepBasic_RWActionRequestAssignment.hxx /misc/dn61/LocalWOK/wok_entities/LOC/dev/CR0-OCCT691-7-CR0-OCCT691-occt-64/inc/RWStepBasic_RWActionRequestAssignment.hxx
+M RWStepBasic:privinclude:RWStepBasic_RWActionRequestAssignment.jxx /misc/dn61/LocalWOK/wok_entities/LOC/dev/CR0-OCCT691-7-CR0-OCCT691-occt-64/drv/RWStepBasic/RWStepBasic_RWActionRequestAssignment.jxx
+M RWStepBasic:privinclude:RWStepBasic_RWActionRequestAssignment.ixx /misc/dn61/LocalWOK/wok_entities/LOC/dev/CR0-OCCT691-7-CR0-OCCT691-occt-64/drv/RWStepBasic/RWStepBasic_RWActionRequestAssignment.ixx
+M RWStepBasic:pubinclude:RWStepBasic_RWVersionedActionRequest.hxx /misc/dn61/LocalWOK/wok_entities/LOC/dev/CR0-OCCT691-7-CR0-OCCT691-occt-64/inc/RWStepBasic_RWVersionedActionRequest.hxx
+M RWStepBasic:privinclude:RWStepBasic_RWVersionedActionRequest.jxx /misc/dn61/LocalWOK/wok_entities/LOC/dev/CR0-OCCT691-7-CR0-OCCT691-occt-64/drv/RWStepBasic/RWStepBasic_RWVersionedActionRequest.jxx
+M RWStepBasic:privinclude:RWStepBasic_RWVersionedActionRequest.ixx /misc/dn61/LocalWOK/wok_entities/LOC/dev/CR0-OCCT691-7-CR0-OCCT691-occt-64/drv/RWStepBasic/RWStepBasic_RWVersionedActionRequest.ixx
+M RWStepBasic:pubinclude:RWStepBasic_RWCertification.hxx /misc/dn61/LocalWOK/wok_entities/LOC/dev/CR0-OCCT691-7-CR0-OCCT691-occt-64/inc/RWStepBasic_RWCertification.hxx
+M RWStepBasic:privinclude:RWStepBasic_RWCertification.jxx /misc/dn61/LocalWOK/wok_entities/LOC/dev/CR0-OCCT691-7-CR0-OCCT691-occt-64/drv/RWStepBasic/RWStepBasic_RWCertification.jxx
+M RWStepBasic:privinclude:RWStepBasic_RWCertification.ixx /misc/dn61/LocalWOK/wok_entities/LOC/dev/CR0-OCCT691-7-CR0-OCCT691-occt-64/drv/RWStepBasic/RWStepBasic_RWCertification.ixx
+M RWStepBasic:pubinclude:RWStepBasic_RWCertificationAssignment.hxx /misc/dn61/LocalWOK/wok_entities/LOC/dev/CR0-OCCT691-7-CR0-OCCT691-occt-64/inc/RWStepBasic_RWCertificationAssignment.hxx
+M RWStepBasic:privinclude:RWStepBasic_RWCertificationAssignment.jxx /misc/dn61/LocalWOK/wok_entities/LOC/dev/CR0-OCCT691-7-CR0-OCCT691-occt-64/drv/RWStepBasic/RWStepBasic_RWCertificationAssignment.jxx
+M RWStepBasic:privinclude:RWStepBasic_RWCertificationAssignment.ixx /misc/dn61/LocalWOK/wok_entities/LOC/dev/CR0-OCCT691-7-CR0-OCCT691-occt-64/drv/RWStepBasic/RWStepBasic_RWCertificationAssignment.ixx
+M RWStepBasic:pubinclude:RWStepBasic_RWCertificationType.hxx /misc/dn61/LocalWOK/wok_entities/LOC/dev/CR0-OCCT691-7-CR0-OCCT691-occt-64/inc/RWStepBasic_RWCertificationType.hxx
+M RWStepBasic:privinclude:RWStepBasic_RWCertificationType.jxx /misc/dn61/LocalWOK/wok_entities/LOC/dev/CR0-OCCT691-7-CR0-OCCT691-occt-64/drv/RWStepBasic/RWStepBasic_RWCertificationType.jxx
+M RWStepBasic:privinclude:RWStepBasic_RWCertificationType.ixx /misc/dn61/LocalWOK/wok_entities/LOC/dev/CR0-OCCT691-7-CR0-OCCT691-occt-64/drv/RWStepBasic/RWStepBasic_RWCertificationType.ixx
+M RWStepBasic:pubinclude:RWStepBasic_RWContract.hxx /misc/dn61/LocalWOK/wok_entities/LOC/dev/CR0-OCCT691-7-CR0-OCCT691-occt-64/inc/RWStepBasic_RWContract.hxx
+M RWStepBasic:privinclude:RWStepBasic_RWContract.jxx /misc/dn61/LocalWOK/wok_entities/LOC/dev/CR0-OCCT691-7-CR0-OCCT691-occt-64/drv/RWStepBasic/RWStepBasic_RWContract.jxx
+M RWStepBasic:privinclude:RWStepBasic_RWContract.ixx /misc/dn61/LocalWOK/wok_entities/LOC/dev/CR0-OCCT691-7-CR0-OCCT691-occt-64/drv/RWStepBasic/RWStepBasic_RWContract.ixx
+M RWStepBasic:pubinclude:RWStepBasic_RWContractAssignment.hxx /misc/dn61/LocalWOK/wok_entities/LOC/dev/CR0-OCCT691-7-CR0-OCCT691-occt-64/inc/RWStepBasic_RWContractAssignment.hxx
+M RWStepBasic:privinclude:RWStepBasic_RWContractAssignment.jxx /misc/dn61/LocalWOK/wok_entities/LOC/dev/CR0-OCCT691-7-CR0-OCCT691-occt-64/drv/RWStepBasic/RWStepBasic_RWContractAssignment.jxx
+M RWStepBasic:privinclude:RWStepBasic_RWContractAssignment.ixx /misc/dn61/LocalWOK/wok_entities/LOC/dev/CR0-OCCT691-7-CR0-OCCT691-occt-64/drv/RWStepBasic/RWStepBasic_RWContractAssignment.ixx
+M RWStepBasic:pubinclude:RWStepBasic_RWContractType.hxx /misc/dn61/LocalWOK/wok_entities/LOC/dev/CR0-OCCT691-7-CR0-OCCT691-occt-64/inc/RWStepBasic_RWContractType.hxx
+M RWStepBasic:privinclude:RWStepBasic_RWContractType.jxx /misc/dn61/LocalWOK/wok_entities/LOC/dev/CR0-OCCT691-7-CR0-OCCT691-occt-64/drv/RWStepBasic/RWStepBasic_RWContractType.jxx
+M RWStepBasic:privinclude:RWStepBasic_RWContractType.ixx /misc/dn61/LocalWOK/wok_entities/LOC/dev/CR0-OCCT691-7-CR0-OCCT691-occt-64/drv/RWStepBasic/RWStepBasic_RWContractType.ixx
+M RWStepBasic:pubinclude:RWStepBasic_RWProductConceptContext.hxx /misc/dn61/LocalWOK/wok_entities/LOC/dev/CR0-OCCT691-7-CR0-OCCT691-occt-64/inc/RWStepBasic_RWProductConceptContext.hxx
+M RWStepBasic:privinclude:RWStepBasic_RWProductConceptContext.jxx /misc/dn61/LocalWOK/wok_entities/LOC/dev/CR0-OCCT691-7-CR0-OCCT691-occt-64/drv/RWStepBasic/RWStepBasic_RWProductConceptContext.jxx
+M RWStepBasic:privinclude:RWStepBasic_RWProductConceptContext.ixx /misc/dn61/LocalWOK/wok_entities/LOC/dev/CR0-OCCT691-7-CR0-OCCT691-occt-64/drv/RWStepBasic/RWStepBasic_RWProductConceptContext.ixx
+M RWStepBasic:pubinclude:RWStepBasic_RWProductCategoryRelationship.hxx /misc/dn61/LocalWOK/wok_entities/LOC/dev/CR0-OCCT691-7-CR0-OCCT691-occt-64/inc/RWStepBasic_RWProductCategoryRelationship.hxx
+M RWStepBasic:privinclude:RWStepBasic_RWProductCategoryRelationship.jxx /misc/dn61/LocalWOK/wok_entities/LOC/dev/CR0-OCCT691-7-CR0-OCCT691-occt-64/drv/RWStepBasic/RWStepBasic_RWProductCategoryRelationship.jxx
+M RWStepBasic:privinclude:RWStepBasic_RWProductCategoryRelationship.ixx /misc/dn61/LocalWOK/wok_entities/LOC/dev/CR0-OCCT691-7-CR0-OCCT691-occt-64/drv/RWStepBasic/RWStepBasic_RWProductCategoryRelationship.ixx
+M RWStepBasic:pubinclude:RWStepBasic_RWActionRequestSolution.hxx /misc/dn61/LocalWOK/wok_entities/LOC/dev/CR0-OCCT691-7-CR0-OCCT691-occt-64/inc/RWStepBasic_RWActionRequestSolution.hxx
+M RWStepBasic:privinclude:RWStepBasic_RWActionRequestSolution.jxx /misc/dn61/LocalWOK/wok_entities/LOC/dev/CR0-OCCT691-7-CR0-OCCT691-occt-64/drv/RWStepBasic/RWStepBasic_RWActionRequestSolution.jxx
+M RWStepBasic:privinclude:RWStepBasic_RWActionRequestSolution.ixx /misc/dn61/LocalWOK/wok_entities/LOC/dev/CR0-OCCT691-7-CR0-OCCT691-occt-64/drv/RWStepBasic/RWStepBasic_RWActionRequestSolution.ixx
+M RWStepBasic:pubinclude:RWStepBasic_RWDocumentRepresentationType.hxx /misc/dn61/LocalWOK/wok_entities/LOC/dev/CR0-OCCT691-7-CR0-OCCT691-occt-64/inc/RWStepBasic_RWDocumentRepresentationType.hxx
+M RWStepBasic:privinclude:RWStepBasic_RWDocumentRepresentationType.jxx /misc/dn61/LocalWOK/wok_entities/LOC/dev/CR0-OCCT691-7-CR0-OCCT691-occt-64/drv/RWStepBasic/RWStepBasic_RWDocumentRepresentationType.jxx
+M RWStepBasic:privinclude:RWStepBasic_RWDocumentRepresentationType.ixx /misc/dn61/LocalWOK/wok_entities/LOC/dev/CR0-OCCT691-7-CR0-OCCT691-occt-64/drv/RWStepBasic/RWStepBasic_RWDocumentRepresentationType.ixx
+M RWStepBasic:pubinclude:RWStepBasic_RWExternalSource.hxx /misc/dn61/LocalWOK/wok_entities/LOC/dev/CR0-OCCT691-7-CR0-OCCT691-occt-64/inc/RWStepBasic_RWExternalSource.hxx
+M RWStepBasic:privinclude:RWStepBasic_RWExternalSource.jxx /misc/dn61/LocalWOK/wok_entities/LOC/dev/CR0-OCCT691-7-CR0-OCCT691-occt-64/drv/RWStepBasic/RWStepBasic_RWExternalSource.jxx
+M RWStepBasic:privinclude:RWStepBasic_RWExternalSource.ixx /misc/dn61/LocalWOK/wok_entities/LOC/dev/CR0-OCCT691-7-CR0-OCCT691-occt-64/drv/RWStepBasic/RWStepBasic_RWExternalSource.ixx
+M RWStepBasic:pubinclude:RWStepBasic_RWExternallyDefinedItem.hxx /misc/dn61/LocalWOK/wok_entities/LOC/dev/CR0-OCCT691-7-CR0-OCCT691-occt-64/inc/RWStepBasic_RWExternallyDefinedItem.hxx
+M RWStepBasic:privinclude:RWStepBasic_RWExternallyDefinedItem.jxx /misc/dn61/LocalWOK/wok_entities/LOC/dev/CR0-OCCT691-7-CR0-OCCT691-occt-64/drv/RWStepBasic/RWStepBasic_RWExternallyDefinedItem.jxx
+M RWStepBasic:privinclude:RWStepBasic_RWExternallyDefinedItem.ixx /misc/dn61/LocalWOK/wok_entities/LOC/dev/CR0-OCCT691-7-CR0-OCCT691-occt-64/drv/RWStepBasic/RWStepBasic_RWExternallyDefinedItem.ixx
+M RWStepBasic:pubinclude:RWStepBasic_RWGeneralProperty.hxx /misc/dn61/LocalWOK/wok_entities/LOC/dev/CR0-OCCT691-7-CR0-OCCT691-occt-64/inc/RWStepBasic_RWGeneralProperty.hxx
+M RWStepBasic:privinclude:RWStepBasic_RWGeneralProperty.jxx /misc/dn61/LocalWOK/wok_entities/LOC/dev/CR0-OCCT691-7-CR0-OCCT691-occt-64/drv/RWStepBasic/RWStepBasic_RWGeneralProperty.jxx
+M RWStepBasic:privinclude:RWStepBasic_RWGeneralProperty.ixx /misc/dn61/LocalWOK/wok_entities/LOC/dev/CR0-OCCT691-7-CR0-OCCT691-occt-64/drv/RWStepBasic/RWStepBasic_RWGeneralProperty.ixx
+M RWStepBasic:pubinclude:RWStepBasic_RWObjectRole.hxx /misc/dn61/LocalWOK/wok_entities/LOC/dev/CR0-OCCT691-7-CR0-OCCT691-occt-64/inc/RWStepBasic_RWObjectRole.hxx
+M RWStepBasic:privinclude:RWStepBasic_RWObjectRole.jxx /misc/dn61/LocalWOK/wok_entities/LOC/dev/CR0-OCCT691-7-CR0-OCCT691-occt-64/drv/RWStepBasic/RWStepBasic_RWObjectRole.jxx
+M RWStepBasic:privinclude:RWStepBasic_RWObjectRole.ixx /misc/dn61/LocalWOK/wok_entities/LOC/dev/CR0-OCCT691-7-CR0-OCCT691-occt-64/drv/RWStepBasic/RWStepBasic_RWObjectRole.ixx
+M RWStepBasic:pubinclude:RWStepBasic_RWRoleAssociation.hxx /misc/dn61/LocalWOK/wok_entities/LOC/dev/CR0-OCCT691-7-CR0-OCCT691-occt-64/inc/RWStepBasic_RWRoleAssociation.hxx
+M RWStepBasic:privinclude:RWStepBasic_RWRoleAssociation.jxx /misc/dn61/LocalWOK/wok_entities/LOC/dev/CR0-OCCT691-7-CR0-OCCT691-occt-64/drv/RWStepBasic/RWStepBasic_RWRoleAssociation.jxx
+M RWStepBasic:privinclude:RWStepBasic_RWRoleAssociation.ixx /misc/dn61/LocalWOK/wok_entities/LOC/dev/CR0-OCCT691-7-CR0-OCCT691-occt-64/drv/RWStepBasic/RWStepBasic_RWRoleAssociation.ixx
+M RWStepBasic:pubinclude:RWStepBasic_RWEffectivityAssignment.hxx /misc/dn61/LocalWOK/wok_entities/LOC/dev/CR0-OCCT691-7-CR0-OCCT691-occt-64/inc/RWStepBasic_RWEffectivityAssignment.hxx
+M RWStepBasic:privinclude:RWStepBasic_RWEffectivityAssignment.jxx /misc/dn61/LocalWOK/wok_entities/LOC/dev/CR0-OCCT691-7-CR0-OCCT691-occt-64/drv/RWStepBasic/RWStepBasic_RWEffectivityAssignment.jxx
+M RWStepBasic:privinclude:RWStepBasic_RWEffectivityAssignment.ixx /misc/dn61/LocalWOK/wok_entities/LOC/dev/CR0-OCCT691-7-CR0-OCCT691-occt-64/drv/RWStepBasic/RWStepBasic_RWEffectivityAssignment.ixx
+M RWStepBasic:pubinclude:RWStepBasic_RWExternalIdentificationAssignment.hxx /misc/dn61/LocalWOK/wok_entities/LOC/dev/CR0-OCCT691-7-CR0-OCCT691-occt-64/inc/RWStepBasic_RWExternalIdentificationAssignment.hxx
+M RWStepBasic:privinclude:RWStepBasic_RWExternalIdentificationAssignment.jxx /misc/dn61/LocalWOK/wok_entities/LOC/dev/CR0-OCCT691-7-CR0-OCCT691-occt-64/drv/RWStepBasic/RWStepBasic_RWExternalIdentificationAssignment.jxx
+M RWStepBasic:privinclude:RWStepBasic_RWExternalIdentificationAssignment.ixx /misc/dn61/LocalWOK/wok_entities/LOC/dev/CR0-OCCT691-7-CR0-OCCT691-occt-64/drv/RWStepBasic/RWStepBasic_RWExternalIdentificationAssignment.ixx
+M RWStepBasic:pubinclude:RWStepBasic_RWIdentificationAssignment.hxx /misc/dn61/LocalWOK/wok_entities/LOC/dev/CR0-OCCT691-7-CR0-OCCT691-occt-64/inc/RWStepBasic_RWIdentificationAssignment.hxx
+M RWStepBasic:privinclude:RWStepBasic_RWIdentificationAssignment.jxx /misc/dn61/LocalWOK/wok_entities/LOC/dev/CR0-OCCT691-7-CR0-OCCT691-occt-64/drv/RWStepBasic/RWStepBasic_RWIdentificationAssignment.jxx
+M RWStepBasic:privinclude:RWStepBasic_RWIdentificationAssignment.ixx /misc/dn61/LocalWOK/wok_entities/LOC/dev/CR0-OCCT691-7-CR0-OCCT691-occt-64/drv/RWStepBasic/RWStepBasic_RWIdentificationAssignment.ixx
+M RWStepBasic:pubinclude:RWStepBasic_RWIdentificationRole.hxx /misc/dn61/LocalWOK/wok_entities/LOC/dev/CR0-OCCT691-7-CR0-OCCT691-occt-64/inc/RWStepBasic_RWIdentificationRole.hxx
+M RWStepBasic:privinclude:RWStepBasic_RWIdentificationRole.jxx /misc/dn61/LocalWOK/wok_entities/LOC/dev/CR0-OCCT691-7-CR0-OCCT691-occt-64/drv/RWStepBasic/RWStepBasic_RWIdentificationRole.jxx
+M RWStepBasic:privinclude:RWStepBasic_RWIdentificationRole.ixx /misc/dn61/LocalWOK/wok_entities/LOC/dev/CR0-OCCT691-7-CR0-OCCT691-occt-64/drv/RWStepBasic/RWStepBasic_RWIdentificationRole.ixx
+M RWStepBasic:pubinclude:RWStepBasic_RWNameAssignment.hxx /misc/dn61/LocalWOK/wok_entities/LOC/dev/CR0-OCCT691-7-CR0-OCCT691-occt-64/inc/RWStepBasic_RWNameAssignment.hxx
+M RWStepBasic:privinclude:RWStepBasic_RWNameAssignment.jxx /misc/dn61/LocalWOK/wok_entities/LOC/dev/CR0-OCCT691-7-CR0-OCCT691-occt-64/drv/RWStepBasic/RWStepBasic_RWNameAssignment.jxx
+M RWStepBasic:privinclude:RWStepBasic_RWNameAssignment.ixx /misc/dn61/LocalWOK/wok_entities/LOC/dev/CR0-OCCT691-7-CR0-OCCT691-occt-64/drv/RWStepBasic/RWStepBasic_RWNameAssignment.ixx
+M RWStepBasic:pubinclude:RWStepBasic_RWGroup.hxx /misc/dn61/LocalWOK/wok_entities/LOC/dev/CR0-OCCT691-7-CR0-OCCT691-occt-64/inc/RWStepBasic_RWGroup.hxx
+M RWStepBasic:privinclude:RWStepBasic_RWGroup.jxx /misc/dn61/LocalWOK/wok_entities/LOC/dev/CR0-OCCT691-7-CR0-OCCT691-occt-64/drv/RWStepBasic/RWStepBasic_RWGroup.jxx
+M RWStepBasic:privinclude:RWStepBasic_RWGroup.ixx /misc/dn61/LocalWOK/wok_entities/LOC/dev/CR0-OCCT691-7-CR0-OCCT691-occt-64/drv/RWStepBasic/RWStepBasic_RWGroup.ixx
+M RWStepBasic:pubinclude:RWStepBasic_RWGroupAssignment.hxx /misc/dn61/LocalWOK/wok_entities/LOC/dev/CR0-OCCT691-7-CR0-OCCT691-occt-64/inc/RWStepBasic_RWGroupAssignment.hxx
+M RWStepBasic:privinclude:RWStepBasic_RWGroupAssignment.jxx /misc/dn61/LocalWOK/wok_entities/LOC/dev/CR0-OCCT691-7-CR0-OCCT691-occt-64/drv/RWStepBasic/RWStepBasic_RWGroupAssignment.jxx
+M RWStepBasic:privinclude:RWStepBasic_RWGroupAssignment.ixx /misc/dn61/LocalWOK/wok_entities/LOC/dev/CR0-OCCT691-7-CR0-OCCT691-occt-64/drv/RWStepBasic/RWStepBasic_RWGroupAssignment.ixx
+M RWStepBasic:pubinclude:RWStepBasic_RWGroupRelationship.hxx /misc/dn61/LocalWOK/wok_entities/LOC/dev/CR0-OCCT691-7-CR0-OCCT691-occt-64/inc/RWStepBasic_RWGroupRelationship.hxx
+M RWStepBasic:privinclude:RWStepBasic_RWGroupRelationship.jxx /misc/dn61/LocalWOK/wok_entities/LOC/dev/CR0-OCCT691-7-CR0-OCCT691-occt-64/drv/RWStepBasic/RWStepBasic_RWGroupRelationship.jxx
+M RWStepBasic:privinclude:RWStepBasic_RWGroupRelationship.ixx /misc/dn61/LocalWOK/wok_entities/LOC/dev/CR0-OCCT691-7-CR0-OCCT691-occt-64/drv/RWStepBasic/RWStepBasic_RWGroupRelationship.ixx
+M RWStepBasic:pubinclude:RWStepBasic_RWEulerAngles.hxx /misc/dn61/LocalWOK/wok_entities/LOC/dev/CR0-OCCT691-7-CR0-OCCT691-occt-64/inc/RWStepBasic_RWEulerAngles.hxx
+M RWStepBasic:privinclude:RWStepBasic_RWEulerAngles.jxx /misc/dn61/LocalWOK/wok_entities/LOC/dev/CR0-OCCT691-7-CR0-OCCT691-occt-64/drv/RWStepBasic/RWStepBasic_RWEulerAngles.jxx
+M RWStepBasic:privinclude:RWStepBasic_RWEulerAngles.ixx /misc/dn61/LocalWOK/wok_entities/LOC/dev/CR0-OCCT691-7-CR0-OCCT691-occt-64/drv/RWStepBasic/RWStepBasic_RWEulerAngles.ixx
+M RWStepBasic:pubinclude:RWStepBasic_RWMassUnit.hxx /misc/dn61/LocalWOK/wok_entities/LOC/dev/CR0-OCCT691-7-CR0-OCCT691-occt-64/inc/RWStepBasic_RWMassUnit.hxx
+M RWStepBasic:privinclude:RWStepBasic_RWMassUnit.jxx /misc/dn61/LocalWOK/wok_entities/LOC/dev/CR0-OCCT691-7-CR0-OCCT691-occt-64/drv/RWStepBasic/RWStepBasic_RWMassUnit.jxx
+M RWStepBasic:privinclude:RWStepBasic_RWMassUnit.ixx /misc/dn61/LocalWOK/wok_entities/LOC/dev/CR0-OCCT691-7-CR0-OCCT691-occt-64/drv/RWStepBasic/RWStepBasic_RWMassUnit.ixx
+M RWStepBasic:pubinclude:RWStepBasic_RWThermodynamicTemperatureUnit.hxx /misc/dn61/LocalWOK/wok_entities/LOC/dev/CR0-OCCT691-7-CR0-OCCT691-occt-64/inc/RWStepBasic_RWThermodynamicTemperatureUnit.hxx
+M RWStepBasic:privinclude:RWStepBasic_RWThermodynamicTemperatureUnit.jxx /misc/dn61/LocalWOK/wok_entities/LOC/dev/CR0-OCCT691-7-CR0-OCCT691-occt-64/drv/RWStepBasic/RWStepBasic_RWThermodynamicTemperatureUnit.jxx
+M RWStepBasic:privinclude:RWStepBasic_RWThermodynamicTemperatureUnit.ixx /misc/dn61/LocalWOK/wok_entities/LOC/dev/CR0-OCCT691-7-CR0-OCCT691-occt-64/drv/RWStepBasic/RWStepBasic_RWThermodynamicTemperatureUnit.ixx
+M RWStepBasic:pubinclude:RWStepBasic_RWProductDefinitionFormationRelationship.hxx /misc/dn61/LocalWOK/wok_entities/LOC/dev/CR0-OCCT691-7-CR0-OCCT691-occt-64/inc/RWStepBasic_RWProductDefinitionFormationRelationship.hxx
+M RWStepBasic:privinclude:RWStepBasic_RWProductDefinitionFormationRelationship.jxx /misc/dn61/LocalWOK/wok_entities/LOC/dev/CR0-OCCT691-7-CR0-OCCT691-occt-64/drv/RWStepBasic/RWStepBasic_RWProductDefinitionFormationRelationship.jxx
+M RWStepBasic:privinclude:RWStepBasic_RWProductDefinitionFormationRelationship.ixx /misc/dn61/LocalWOK/wok_entities/LOC/dev/CR0-OCCT691-7-CR0-OCCT691-occt-64/drv/RWStepBasic/RWStepBasic_RWProductDefinitionFormationRelationship.ixx
+M RWStepBasic:pubinclude:RWStepBasic_RWDocumentProductAssociation.hxx /misc/dn61/LocalWOK/wok_entities/LOC/dev/CR0-OCCT691-7-CR0-OCCT691-occt-64/inc/RWStepBasic_RWDocumentProductAssociation.hxx
+M RWStepBasic:privinclude:RWStepBasic_RWDocumentProductAssociation.jxx /misc/dn61/LocalWOK/wok_entities/LOC/dev/CR0-OCCT691-7-CR0-OCCT691-occt-64/drv/RWStepBasic/RWStepBasic_RWDocumentProductAssociation.jxx
+M RWStepBasic:privinclude:RWStepBasic_RWDocumentProductAssociation.ixx /misc/dn61/LocalWOK/wok_entities/LOC/dev/CR0-OCCT691-7-CR0-OCCT691-occt-64/drv/RWStepBasic/RWStepBasic_RWDocumentProductAssociation.ixx
+M RWStepBasic:pubinclude:RWStepBasic_RWDocumentProductEquivalence.hxx /misc/dn61/LocalWOK/wok_entities/LOC/dev/CR0-OCCT691-7-CR0-OCCT691-occt-64/inc/RWStepBasic_RWDocumentProductEquivalence.hxx
+M RWStepBasic:privinclude:RWStepBasic_RWDocumentProductEquivalence.jxx /misc/dn61/LocalWOK/wok_entities/LOC/dev/CR0-OCCT691-7-CR0-OCCT691-occt-64/drv/RWStepBasic/RWStepBasic_RWDocumentProductEquivalence.jxx
+M RWStepBasic:privinclude:RWStepBasic_RWDocumentProductEquivalence.ixx /misc/dn61/LocalWOK/wok_entities/LOC/dev/CR0-OCCT691-7-CR0-OCCT691-occt-64/drv/RWStepBasic/RWStepBasic_RWDocumentProductEquivalence.ixx
+M RWStepBasic:dbadmfile:RWStepBasic_xcpp_header.In /misc/dn61/LocalWOK/wok_entities/LOC/dev/CR0-OCCT691-7-CR0-OCCT691-occt-64/drv/RWStepBasic/.adm/RWStepBasic_xcpp_header.In
+M RWStepBasic:dbadmfile:RWStepBasic_xcpp_header.Out /misc/dn61/LocalWOK/wok_entities/LOC/dev/CR0-OCCT691-7-CR0-OCCT691-occt-64/drv/RWStepBasic/.adm/RWStepBasic_xcpp_header.Out
+M RWStepBasic:dbadmfile:RWStepBasic_xcpp_header.Dep /misc/dn61/LocalWOK/wok_entities/LOC/dev/CR0-OCCT691-7-CR0-OCCT691-occt-64/drv/RWStepBasic/.adm/RWStepBasic_xcpp_header.Dep
