+M BRepGProp:pubinclude:BRepGProp.hxx /misc/dn61/LocalWOK/wok_entities/LOC/dev/CR0-OCCT691-7-CR0-OCCT691-occt-64/inc/BRepGProp.hxx
+M BRepGProp:privinclude:BRepGProp.jxx /misc/dn61/LocalWOK/wok_entities/LOC/dev/CR0-OCCT691-7-CR0-OCCT691-occt-64/drv/BRepGProp/BRepGProp.jxx
+M BRepGProp:privinclude:BRepGProp.ixx /misc/dn61/LocalWOK/wok_entities/LOC/dev/CR0-OCCT691-7-CR0-OCCT691-occt-64/drv/BRepGProp/BRepGProp.ixx
+M BRepGProp:pubinclude:BRepGProp_EdgeTool.hxx /misc/dn61/LocalWOK/wok_entities/LOC/dev/CR0-OCCT691-7-CR0-OCCT691-occt-64/inc/BRepGProp_EdgeTool.hxx
+M BRepGProp:privinclude:BRepGProp_EdgeTool.jxx /misc/dn61/LocalWOK/wok_entities/LOC/dev/CR0-OCCT691-7-CR0-OCCT691-occt-64/drv/BRepGProp/BRepGProp_EdgeTool.jxx
+M BRepGProp:privinclude:BRepGProp_EdgeTool.ixx /misc/dn61/LocalWOK/wok_entities/LOC/dev/CR0-OCCT691-7-CR0-OCCT691-occt-64/drv/BRepGProp/BRepGProp_EdgeTool.ixx
+M BRepGProp:pubinclude:BRepGProp_Face.hxx /misc/dn61/LocalWOK/wok_entities/LOC/dev/CR0-OCCT691-7-CR0-OCCT691-occt-64/inc/BRepGProp_Face.hxx
+M BRepGProp:privinclude:BRepGProp_Face.jxx /misc/dn61/LocalWOK/wok_entities/LOC/dev/CR0-OCCT691-7-CR0-OCCT691-occt-64/drv/BRepGProp/BRepGProp_Face.jxx
+M BRepGProp:privinclude:BRepGProp_Face.ixx /misc/dn61/LocalWOK/wok_entities/LOC/dev/CR0-OCCT691-7-CR0-OCCT691-occt-64/drv/BRepGProp/BRepGProp_Face.ixx
+M BRepGProp:pubinclude:BRepGProp_Domain.hxx /misc/dn61/LocalWOK/wok_entities/LOC/dev/CR0-OCCT691-7-CR0-OCCT691-occt-64/inc/BRepGProp_Domain.hxx
+M BRepGProp:privinclude:BRepGProp_Domain.jxx /misc/dn61/LocalWOK/wok_entities/LOC/dev/CR0-OCCT691-7-CR0-OCCT691-occt-64/drv/BRepGProp/BRepGProp_Domain.jxx
+M BRepGProp:privinclude:BRepGProp_Domain.ixx /misc/dn61/LocalWOK/wok_entities/LOC/dev/CR0-OCCT691-7-CR0-OCCT691-occt-64/drv/BRepGProp/BRepGProp_Domain.ixx
+M BRepGProp:pubinclude:BRepGProp_Cinert.hxx /misc/dn61/LocalWOK/wok_entities/LOC/dev/CR0-OCCT691-7-CR0-OCCT691-occt-64/inc/BRepGProp_Cinert.hxx
+M BRepGProp:privinclude:BRepGProp_Cinert.jxx /misc/dn61/LocalWOK/wok_entities/LOC/dev/CR0-OCCT691-7-CR0-OCCT691-occt-64/drv/BRepGProp/BRepGProp_Cinert.jxx
+M BRepGProp:privinclude:BRepGProp_Cinert.ixx /misc/dn61/LocalWOK/wok_entities/LOC/dev/CR0-OCCT691-7-CR0-OCCT691-occt-64/drv/BRepGProp/BRepGProp_Cinert.ixx
+M BRepGProp:pubinclude:BRepGProp_Sinert.hxx /misc/dn61/LocalWOK/wok_entities/LOC/dev/CR0-OCCT691-7-CR0-OCCT691-occt-64/inc/BRepGProp_Sinert.hxx
+M BRepGProp:privinclude:BRepGProp_Sinert.jxx /misc/dn61/LocalWOK/wok_entities/LOC/dev/CR0-OCCT691-7-CR0-OCCT691-occt-64/drv/BRepGProp/BRepGProp_Sinert.jxx
+M BRepGProp:privinclude:BRepGProp_Sinert.ixx /misc/dn61/LocalWOK/wok_entities/LOC/dev/CR0-OCCT691-7-CR0-OCCT691-occt-64/drv/BRepGProp/BRepGProp_Sinert.ixx
+M BRepGProp:pubinclude:BRepGProp_Vinert.hxx /misc/dn61/LocalWOK/wok_entities/LOC/dev/CR0-OCCT691-7-CR0-OCCT691-occt-64/inc/BRepGProp_Vinert.hxx
+M BRepGProp:privinclude:BRepGProp_Vinert.jxx /misc/dn61/LocalWOK/wok_entities/LOC/dev/CR0-OCCT691-7-CR0-OCCT691-occt-64/drv/BRepGProp/BRepGProp_Vinert.jxx
+M BRepGProp:privinclude:BRepGProp_Vinert.ixx /misc/dn61/LocalWOK/wok_entities/LOC/dev/CR0-OCCT691-7-CR0-OCCT691-occt-64/drv/BRepGProp/BRepGProp_Vinert.ixx
+M BRepGProp:pubinclude:BRepGProp_VinertGK.hxx /misc/dn61/LocalWOK/wok_entities/LOC/dev/CR0-OCCT691-7-CR0-OCCT691-occt-64/inc/BRepGProp_VinertGK.hxx
+M BRepGProp:privinclude:BRepGProp_VinertGK.jxx /misc/dn61/LocalWOK/wok_entities/LOC/dev/CR0-OCCT691-7-CR0-OCCT691-occt-64/drv/BRepGProp/BRepGProp_VinertGK.jxx
+M BRepGProp:privinclude:BRepGProp_VinertGK.ixx /misc/dn61/LocalWOK/wok_entities/LOC/dev/CR0-OCCT691-7-CR0-OCCT691-occt-64/drv/BRepGProp/BRepGProp_VinertGK.ixx
+M BRepGProp:pubinclude:BRepGProp_UFunction.hxx /misc/dn61/LocalWOK/wok_entities/LOC/dev/CR0-OCCT691-7-CR0-OCCT691-occt-64/inc/BRepGProp_UFunction.hxx
+M BRepGProp:privinclude:BRepGProp_UFunction.jxx /misc/dn61/LocalWOK/wok_entities/LOC/dev/CR0-OCCT691-7-CR0-OCCT691-occt-64/drv/BRepGProp/BRepGProp_UFunction.jxx
+M BRepGProp:privinclude:BRepGProp_UFunction.ixx /misc/dn61/LocalWOK/wok_entities/LOC/dev/CR0-OCCT691-7-CR0-OCCT691-occt-64/drv/BRepGProp/BRepGProp_UFunction.ixx
+M BRepGProp:pubinclude:BRepGProp_TFunction.hxx /misc/dn61/LocalWOK/wok_entities/LOC/dev/CR0-OCCT691-7-CR0-OCCT691-occt-64/inc/BRepGProp_TFunction.hxx
+M BRepGProp:privinclude:BRepGProp_TFunction.jxx /misc/dn61/LocalWOK/wok_entities/LOC/dev/CR0-OCCT691-7-CR0-OCCT691-occt-64/drv/BRepGProp/BRepGProp_TFunction.jxx
+M BRepGProp:privinclude:BRepGProp_TFunction.ixx /misc/dn61/LocalWOK/wok_entities/LOC/dev/CR0-OCCT691-7-CR0-OCCT691-occt-64/drv/BRepGProp/BRepGProp_TFunction.ixx
+M BRepGProp:dbadmfile:BRepGProp_xcpp_header.In /misc/dn61/LocalWOK/wok_entities/LOC/dev/CR0-OCCT691-7-CR0-OCCT691-occt-64/drv/BRepGProp/.adm/BRepGProp_xcpp_header.In
+M BRepGProp:dbadmfile:BRepGProp_xcpp_header.Out /misc/dn61/LocalWOK/wok_entities/LOC/dev/CR0-OCCT691-7-CR0-OCCT691-occt-64/drv/BRepGProp/.adm/BRepGProp_xcpp_header.Out
+M BRepGProp:dbadmfile:BRepGProp_xcpp_header.Dep /misc/dn61/LocalWOK/wok_entities/LOC/dev/CR0-OCCT691-7-CR0-OCCT691-occt-64/drv/BRepGProp/.adm/BRepGProp_xcpp_header.Dep
