+M StepSelect:pubinclude:Handle_StepSelect_StepType.hxx /misc/dn61/LocalWOK/wok_entities/LOC/dev/CR0-OCCT691-7-CR0-OCCT691-occt-64/inc/Handle_StepSelect_StepType.hxx
+M StepSelect:pubinclude:StepSelect_StepType.hxx /misc/dn61/LocalWOK/wok_entities/LOC/dev/CR0-OCCT691-7-CR0-OCCT691-occt-64/inc/StepSelect_StepType.hxx
+M StepSelect:privinclude:StepSelect_StepType.jxx /misc/dn61/LocalWOK/wok_entities/LOC/dev/CR0-OCCT691-7-CR0-OCCT691-occt-64/drv/StepSelect/StepSelect_StepType.jxx
+M StepSelect:privinclude:StepSelect_StepType.ixx /misc/dn61/LocalWOK/wok_entities/LOC/dev/CR0-OCCT691-7-CR0-OCCT691-occt-64/drv/StepSelect/StepSelect_StepType.ixx
+M StepSelect:pubinclude:Handle_StepSelect_ModelModifier.hxx /misc/dn61/LocalWOK/wok_entities/LOC/dev/CR0-OCCT691-7-CR0-OCCT691-occt-64/inc/Handle_StepSelect_ModelModifier.hxx
+M StepSelect:pubinclude:StepSelect_ModelModifier.hxx /misc/dn61/LocalWOK/wok_entities/LOC/dev/CR0-OCCT691-7-CR0-OCCT691-occt-64/inc/StepSelect_ModelModifier.hxx
+M StepSelect:derivated:StepSelect_ModelModifier_0.cxx /misc/dn61/LocalWOK/wok_entities/LOC/dev/CR0-OCCT691-7-CR0-OCCT691-occt-64/drv/StepSelect/StepSelect_ModelModifier_0.cxx
+M StepSelect:pubinclude:Handle_StepSelect_FileModifier.hxx /misc/dn61/LocalWOK/wok_entities/LOC/dev/CR0-OCCT691-7-CR0-OCCT691-occt-64/inc/Handle_StepSelect_FileModifier.hxx
+M StepSelect:pubinclude:StepSelect_FileModifier.hxx /misc/dn61/LocalWOK/wok_entities/LOC/dev/CR0-OCCT691-7-CR0-OCCT691-occt-64/inc/StepSelect_FileModifier.hxx
+M StepSelect:derivated:StepSelect_FileModifier_0.cxx /misc/dn61/LocalWOK/wok_entities/LOC/dev/CR0-OCCT691-7-CR0-OCCT691-occt-64/drv/StepSelect/StepSelect_FileModifier_0.cxx
+M StepSelect:pubinclude:Handle_StepSelect_FloatFormat.hxx /misc/dn61/LocalWOK/wok_entities/LOC/dev/CR0-OCCT691-7-CR0-OCCT691-occt-64/inc/Handle_StepSelect_FloatFormat.hxx
+M StepSelect:pubinclude:StepSelect_FloatFormat.hxx /misc/dn61/LocalWOK/wok_entities/LOC/dev/CR0-OCCT691-7-CR0-OCCT691-occt-64/inc/StepSelect_FloatFormat.hxx
+M StepSelect:privinclude:StepSelect_FloatFormat.jxx /misc/dn61/LocalWOK/wok_entities/LOC/dev/CR0-OCCT691-7-CR0-OCCT691-occt-64/drv/StepSelect/StepSelect_FloatFormat.jxx
+M StepSelect:privinclude:StepSelect_FloatFormat.ixx /misc/dn61/LocalWOK/wok_entities/LOC/dev/CR0-OCCT691-7-CR0-OCCT691-occt-64/drv/StepSelect/StepSelect_FloatFormat.ixx
+M StepSelect:pubinclude:Handle_StepSelect_WorkLibrary.hxx /misc/dn61/LocalWOK/wok_entities/LOC/dev/CR0-OCCT691-7-CR0-OCCT691-occt-64/inc/Handle_StepSelect_WorkLibrary.hxx
+M StepSelect:pubinclude:StepSelect_WorkLibrary.hxx /misc/dn61/LocalWOK/wok_entities/LOC/dev/CR0-OCCT691-7-CR0-OCCT691-occt-64/inc/StepSelect_WorkLibrary.hxx
+M StepSelect:privinclude:StepSelect_WorkLibrary.jxx /misc/dn61/LocalWOK/wok_entities/LOC/dev/CR0-OCCT691-7-CR0-OCCT691-occt-64/drv/StepSelect/StepSelect_WorkLibrary.jxx
+M StepSelect:privinclude:StepSelect_WorkLibrary.ixx /misc/dn61/LocalWOK/wok_entities/LOC/dev/CR0-OCCT691-7-CR0-OCCT691-occt-64/drv/StepSelect/StepSelect_WorkLibrary.ixx
+M StepSelect:pubinclude:Handle_StepSelect_Activator.hxx /misc/dn61/LocalWOK/wok_entities/LOC/dev/CR0-OCCT691-7-CR0-OCCT691-occt-64/inc/Handle_StepSelect_Activator.hxx
+M StepSelect:pubinclude:StepSelect_Activator.hxx /misc/dn61/LocalWOK/wok_entities/LOC/dev/CR0-OCCT691-7-CR0-OCCT691-occt-64/inc/StepSelect_Activator.hxx
+M StepSelect:privinclude:StepSelect_Activator.jxx /misc/dn61/LocalWOK/wok_entities/LOC/dev/CR0-OCCT691-7-CR0-OCCT691-occt-64/drv/StepSelect/StepSelect_Activator.jxx
+M StepSelect:privinclude:StepSelect_Activator.ixx /misc/dn61/LocalWOK/wok_entities/LOC/dev/CR0-OCCT691-7-CR0-OCCT691-occt-64/drv/StepSelect/StepSelect_Activator.ixx
+M StepSelect:dbadmfile:StepSelect_xcpp_header.In /misc/dn61/LocalWOK/wok_entities/LOC/dev/CR0-OCCT691-7-CR0-OCCT691-occt-64/drv/StepSelect/.adm/StepSelect_xcpp_header.In
+M StepSelect:dbadmfile:StepSelect_xcpp_header.Out /misc/dn61/LocalWOK/wok_entities/LOC/dev/CR0-OCCT691-7-CR0-OCCT691-occt-64/drv/StepSelect/.adm/StepSelect_xcpp_header.Out
+M StepSelect:dbadmfile:StepSelect_xcpp_header.Dep /misc/dn61/LocalWOK/wok_entities/LOC/dev/CR0-OCCT691-7-CR0-OCCT691-occt-64/drv/StepSelect/.adm/StepSelect_xcpp_header.Dep
