+M IFSelect:pubinclude:IFSelect.hxx /misc/dn61/LocalWOK/wok_entities/LOC/dev/CR0-OCCT691-7-CR0-OCCT691-occt-64/inc/IFSelect.hxx
+M IFSelect:privinclude:IFSelect.jxx /misc/dn61/LocalWOK/wok_entities/LOC/dev/CR0-OCCT691-7-CR0-OCCT691-occt-64/drv/IFSelect/IFSelect.jxx
+M IFSelect:privinclude:IFSelect.ixx /misc/dn61/LocalWOK/wok_entities/LOC/dev/CR0-OCCT691-7-CR0-OCCT691-occt-64/drv/IFSelect/IFSelect.ixx
+M IFSelect:pubinclude:Handle_IFSelect_Signature.hxx /misc/dn61/LocalWOK/wok_entities/LOC/dev/CR0-OCCT691-7-CR0-OCCT691-occt-64/inc/Handle_IFSelect_Signature.hxx
+M IFSelect:pubinclude:IFSelect_Signature.hxx /misc/dn61/LocalWOK/wok_entities/LOC/dev/CR0-OCCT691-7-CR0-OCCT691-occt-64/inc/IFSelect_Signature.hxx
+M IFSelect:privinclude:IFSelect_Signature.jxx /misc/dn61/LocalWOK/wok_entities/LOC/dev/CR0-OCCT691-7-CR0-OCCT691-occt-64/drv/IFSelect/IFSelect_Signature.jxx
+M IFSelect:privinclude:IFSelect_Signature.ixx /misc/dn61/LocalWOK/wok_entities/LOC/dev/CR0-OCCT691-7-CR0-OCCT691-occt-64/drv/IFSelect/IFSelect_Signature.ixx
+M IFSelect:pubinclude:Handle_IFSelect_SignMultiple.hxx /misc/dn61/LocalWOK/wok_entities/LOC/dev/CR0-OCCT691-7-CR0-OCCT691-occt-64/inc/Handle_IFSelect_SignMultiple.hxx
+M IFSelect:pubinclude:IFSelect_SignMultiple.hxx /misc/dn61/LocalWOK/wok_entities/LOC/dev/CR0-OCCT691-7-CR0-OCCT691-occt-64/inc/IFSelect_SignMultiple.hxx
+M IFSelect:privinclude:IFSelect_SignMultiple.jxx /misc/dn61/LocalWOK/wok_entities/LOC/dev/CR0-OCCT691-7-CR0-OCCT691-occt-64/drv/IFSelect/IFSelect_SignMultiple.jxx
+M IFSelect:privinclude:IFSelect_SignMultiple.ixx /misc/dn61/LocalWOK/wok_entities/LOC/dev/CR0-OCCT691-7-CR0-OCCT691-occt-64/drv/IFSelect/IFSelect_SignMultiple.ixx
+M IFSelect:pubinclude:Handle_IFSelect_SignType.hxx /misc/dn61/LocalWOK/wok_entities/LOC/dev/CR0-OCCT691-7-CR0-OCCT691-occt-64/inc/Handle_IFSelect_SignType.hxx
+M IFSelect:pubinclude:IFSelect_SignType.hxx /misc/dn61/LocalWOK/wok_entities/LOC/dev/CR0-OCCT691-7-CR0-OCCT691-occt-64/inc/IFSelect_SignType.hxx
+M IFSelect:privinclude:IFSelect_SignType.jxx /misc/dn61/LocalWOK/wok_entities/LOC/dev/CR0-OCCT691-7-CR0-OCCT691-occt-64/drv/IFSelect/IFSelect_SignType.jxx
+M IFSelect:privinclude:IFSelect_SignType.ixx /misc/dn61/LocalWOK/wok_entities/LOC/dev/CR0-OCCT691-7-CR0-OCCT691-occt-64/drv/IFSelect/IFSelect_SignType.ixx
+M IFSelect:pubinclude:Handle_IFSelect_SignCategory.hxx /misc/dn61/LocalWOK/wok_entities/LOC/dev/CR0-OCCT691-7-CR0-OCCT691-occt-64/inc/Handle_IFSelect_SignCategory.hxx
+M IFSelect:pubinclude:IFSelect_SignCategory.hxx /misc/dn61/LocalWOK/wok_entities/LOC/dev/CR0-OCCT691-7-CR0-OCCT691-occt-64/inc/IFSelect_SignCategory.hxx
+M IFSelect:privinclude:IFSelect_SignCategory.jxx /misc/dn61/LocalWOK/wok_entities/LOC/dev/CR0-OCCT691-7-CR0-OCCT691-occt-64/drv/IFSelect/IFSelect_SignCategory.jxx
+M IFSelect:privinclude:IFSelect_SignCategory.ixx /misc/dn61/LocalWOK/wok_entities/LOC/dev/CR0-OCCT691-7-CR0-OCCT691-occt-64/drv/IFSelect/IFSelect_SignCategory.ixx
+M IFSelect:pubinclude:Handle_IFSelect_SignValidity.hxx /misc/dn61/LocalWOK/wok_entities/LOC/dev/CR0-OCCT691-7-CR0-OCCT691-occt-64/inc/Handle_IFSelect_SignValidity.hxx
+M IFSelect:pubinclude:IFSelect_SignValidity.hxx /misc/dn61/LocalWOK/wok_entities/LOC/dev/CR0-OCCT691-7-CR0-OCCT691-occt-64/inc/IFSelect_SignValidity.hxx
+M IFSelect:privinclude:IFSelect_SignValidity.jxx /misc/dn61/LocalWOK/wok_entities/LOC/dev/CR0-OCCT691-7-CR0-OCCT691-occt-64/drv/IFSelect/IFSelect_SignValidity.jxx
+M IFSelect:privinclude:IFSelect_SignValidity.ixx /misc/dn61/LocalWOK/wok_entities/LOC/dev/CR0-OCCT691-7-CR0-OCCT691-occt-64/drv/IFSelect/IFSelect_SignValidity.ixx
+M IFSelect:pubinclude:Handle_IFSelect_SignAncestor.hxx /misc/dn61/LocalWOK/wok_entities/LOC/dev/CR0-OCCT691-7-CR0-OCCT691-occt-64/inc/Handle_IFSelect_SignAncestor.hxx
+M IFSelect:pubinclude:IFSelect_SignAncestor.hxx /misc/dn61/LocalWOK/wok_entities/LOC/dev/CR0-OCCT691-7-CR0-OCCT691-occt-64/inc/IFSelect_SignAncestor.hxx
+M IFSelect:privinclude:IFSelect_SignAncestor.jxx /misc/dn61/LocalWOK/wok_entities/LOC/dev/CR0-OCCT691-7-CR0-OCCT691-occt-64/drv/IFSelect/IFSelect_SignAncestor.jxx
+M IFSelect:privinclude:IFSelect_SignAncestor.ixx /misc/dn61/LocalWOK/wok_entities/LOC/dev/CR0-OCCT691-7-CR0-OCCT691-occt-64/drv/IFSelect/IFSelect_SignAncestor.ixx
+M IFSelect:pubinclude:Handle_IFSelect_ShareOut.hxx /misc/dn61/LocalWOK/wok_entities/LOC/dev/CR0-OCCT691-7-CR0-OCCT691-occt-64/inc/Handle_IFSelect_ShareOut.hxx
+M IFSelect:pubinclude:IFSelect_ShareOut.hxx /misc/dn61/LocalWOK/wok_entities/LOC/dev/CR0-OCCT691-7-CR0-OCCT691-occt-64/inc/IFSelect_ShareOut.hxx
+M IFSelect:privinclude:IFSelect_ShareOut.jxx /misc/dn61/LocalWOK/wok_entities/LOC/dev/CR0-OCCT691-7-CR0-OCCT691-occt-64/drv/IFSelect/IFSelect_ShareOut.jxx
+M IFSelect:privinclude:IFSelect_ShareOut.ixx /misc/dn61/LocalWOK/wok_entities/LOC/dev/CR0-OCCT691-7-CR0-OCCT691-occt-64/drv/IFSelect/IFSelect_ShareOut.ixx
+M IFSelect:pubinclude:Handle_IFSelect_AppliedModifiers.hxx /misc/dn61/LocalWOK/wok_entities/LOC/dev/CR0-OCCT691-7-CR0-OCCT691-occt-64/inc/Handle_IFSelect_AppliedModifiers.hxx
+M IFSelect:pubinclude:IFSelect_AppliedModifiers.hxx /misc/dn61/LocalWOK/wok_entities/LOC/dev/CR0-OCCT691-7-CR0-OCCT691-occt-64/inc/IFSelect_AppliedModifiers.hxx
+M IFSelect:privinclude:IFSelect_AppliedModifiers.jxx /misc/dn61/LocalWOK/wok_entities/LOC/dev/CR0-OCCT691-7-CR0-OCCT691-occt-64/drv/IFSelect/IFSelect_AppliedModifiers.jxx
+M IFSelect:privinclude:IFSelect_AppliedModifiers.ixx /misc/dn61/LocalWOK/wok_entities/LOC/dev/CR0-OCCT691-7-CR0-OCCT691-occt-64/drv/IFSelect/IFSelect_AppliedModifiers.ixx
+M IFSelect:pubinclude:IFSelect_ShareOutResult.hxx /misc/dn61/LocalWOK/wok_entities/LOC/dev/CR0-OCCT691-7-CR0-OCCT691-occt-64/inc/IFSelect_ShareOutResult.hxx
+M IFSelect:privinclude:IFSelect_ShareOutResult.jxx /misc/dn61/LocalWOK/wok_entities/LOC/dev/CR0-OCCT691-7-CR0-OCCT691-occt-64/drv/IFSelect/IFSelect_ShareOutResult.jxx
+M IFSelect:privinclude:IFSelect_ShareOutResult.ixx /misc/dn61/LocalWOK/wok_entities/LOC/dev/CR0-OCCT691-7-CR0-OCCT691-occt-64/drv/IFSelect/IFSelect_ShareOutResult.ixx
+M IFSelect:pubinclude:Handle_IFSelect_PacketList.hxx /misc/dn61/LocalWOK/wok_entities/LOC/dev/CR0-OCCT691-7-CR0-OCCT691-occt-64/inc/Handle_IFSelect_PacketList.hxx
+M IFSelect:pubinclude:IFSelect_PacketList.hxx /misc/dn61/LocalWOK/wok_entities/LOC/dev/CR0-OCCT691-7-CR0-OCCT691-occt-64/inc/IFSelect_PacketList.hxx
+M IFSelect:privinclude:IFSelect_PacketList.jxx /misc/dn61/LocalWOK/wok_entities/LOC/dev/CR0-OCCT691-7-CR0-OCCT691-occt-64/drv/IFSelect/IFSelect_PacketList.jxx
+M IFSelect:privinclude:IFSelect_PacketList.ixx /misc/dn61/LocalWOK/wok_entities/LOC/dev/CR0-OCCT691-7-CR0-OCCT691-occt-64/drv/IFSelect/IFSelect_PacketList.ixx
+M IFSelect:pubinclude:Handle_IFSelect_Dispatch.hxx /misc/dn61/LocalWOK/wok_entities/LOC/dev/CR0-OCCT691-7-CR0-OCCT691-occt-64/inc/Handle_IFSelect_Dispatch.hxx
+M IFSelect:pubinclude:IFSelect_Dispatch.hxx /misc/dn61/LocalWOK/wok_entities/LOC/dev/CR0-OCCT691-7-CR0-OCCT691-occt-64/inc/IFSelect_Dispatch.hxx
+M IFSelect:privinclude:IFSelect_Dispatch.jxx /misc/dn61/LocalWOK/wok_entities/LOC/dev/CR0-OCCT691-7-CR0-OCCT691-occt-64/drv/IFSelect/IFSelect_Dispatch.jxx
+M IFSelect:privinclude:IFSelect_Dispatch.ixx /misc/dn61/LocalWOK/wok_entities/LOC/dev/CR0-OCCT691-7-CR0-OCCT691-occt-64/drv/IFSelect/IFSelect_Dispatch.ixx
+M IFSelect:pubinclude:Handle_IFSelect_DispGlobal.hxx /misc/dn61/LocalWOK/wok_entities/LOC/dev/CR0-OCCT691-7-CR0-OCCT691-occt-64/inc/Handle_IFSelect_DispGlobal.hxx
+M IFSelect:pubinclude:IFSelect_DispGlobal.hxx /misc/dn61/LocalWOK/wok_entities/LOC/dev/CR0-OCCT691-7-CR0-OCCT691-occt-64/inc/IFSelect_DispGlobal.hxx
+M IFSelect:privinclude:IFSelect_DispGlobal.jxx /misc/dn61/LocalWOK/wok_entities/LOC/dev/CR0-OCCT691-7-CR0-OCCT691-occt-64/drv/IFSelect/IFSelect_DispGlobal.jxx
+M IFSelect:privinclude:IFSelect_DispGlobal.ixx /misc/dn61/LocalWOK/wok_entities/LOC/dev/CR0-OCCT691-7-CR0-OCCT691-occt-64/drv/IFSelect/IFSelect_DispGlobal.ixx
+M IFSelect:pubinclude:Handle_IFSelect_DispPerOne.hxx /misc/dn61/LocalWOK/wok_entities/LOC/dev/CR0-OCCT691-7-CR0-OCCT691-occt-64/inc/Handle_IFSelect_DispPerOne.hxx
+M IFSelect:pubinclude:IFSelect_DispPerOne.hxx /misc/dn61/LocalWOK/wok_entities/LOC/dev/CR0-OCCT691-7-CR0-OCCT691-occt-64/inc/IFSelect_DispPerOne.hxx
+M IFSelect:privinclude:IFSelect_DispPerOne.jxx /misc/dn61/LocalWOK/wok_entities/LOC/dev/CR0-OCCT691-7-CR0-OCCT691-occt-64/drv/IFSelect/IFSelect_DispPerOne.jxx
+M IFSelect:privinclude:IFSelect_DispPerOne.ixx /misc/dn61/LocalWOK/wok_entities/LOC/dev/CR0-OCCT691-7-CR0-OCCT691-occt-64/drv/IFSelect/IFSelect_DispPerOne.ixx
+M IFSelect:pubinclude:Handle_IFSelect_DispPerCount.hxx /misc/dn61/LocalWOK/wok_entities/LOC/dev/CR0-OCCT691-7-CR0-OCCT691-occt-64/inc/Handle_IFSelect_DispPerCount.hxx
+M IFSelect:pubinclude:IFSelect_DispPerCount.hxx /misc/dn61/LocalWOK/wok_entities/LOC/dev/CR0-OCCT691-7-CR0-OCCT691-occt-64/inc/IFSelect_DispPerCount.hxx
+M IFSelect:privinclude:IFSelect_DispPerCount.jxx /misc/dn61/LocalWOK/wok_entities/LOC/dev/CR0-OCCT691-7-CR0-OCCT691-occt-64/drv/IFSelect/IFSelect_DispPerCount.jxx
+M IFSelect:privinclude:IFSelect_DispPerCount.ixx /misc/dn61/LocalWOK/wok_entities/LOC/dev/CR0-OCCT691-7-CR0-OCCT691-occt-64/drv/IFSelect/IFSelect_DispPerCount.ixx
+M IFSelect:pubinclude:Handle_IFSelect_DispPerSignature.hxx /misc/dn61/LocalWOK/wok_entities/LOC/dev/CR0-OCCT691-7-CR0-OCCT691-occt-64/inc/Handle_IFSelect_DispPerSignature.hxx
+M IFSelect:pubinclude:IFSelect_DispPerSignature.hxx /misc/dn61/LocalWOK/wok_entities/LOC/dev/CR0-OCCT691-7-CR0-OCCT691-occt-64/inc/IFSelect_DispPerSignature.hxx
+M IFSelect:privinclude:IFSelect_DispPerSignature.jxx /misc/dn61/LocalWOK/wok_entities/LOC/dev/CR0-OCCT691-7-CR0-OCCT691-occt-64/drv/IFSelect/IFSelect_DispPerSignature.jxx
+M IFSelect:privinclude:IFSelect_DispPerSignature.ixx /misc/dn61/LocalWOK/wok_entities/LOC/dev/CR0-OCCT691-7-CR0-OCCT691-occt-64/drv/IFSelect/IFSelect_DispPerSignature.ixx
+M IFSelect:pubinclude:Handle_IFSelect_DispPerFiles.hxx /misc/dn61/LocalWOK/wok_entities/LOC/dev/CR0-OCCT691-7-CR0-OCCT691-occt-64/inc/Handle_IFSelect_DispPerFiles.hxx
+M IFSelect:pubinclude:IFSelect_DispPerFiles.hxx /misc/dn61/LocalWOK/wok_entities/LOC/dev/CR0-OCCT691-7-CR0-OCCT691-occt-64/inc/IFSelect_DispPerFiles.hxx
+M IFSelect:privinclude:IFSelect_DispPerFiles.jxx /misc/dn61/LocalWOK/wok_entities/LOC/dev/CR0-OCCT691-7-CR0-OCCT691-occt-64/drv/IFSelect/IFSelect_DispPerFiles.jxx
+M IFSelect:privinclude:IFSelect_DispPerFiles.ixx /misc/dn61/LocalWOK/wok_entities/LOC/dev/CR0-OCCT691-7-CR0-OCCT691-occt-64/drv/IFSelect/IFSelect_DispPerFiles.ixx
+M IFSelect:pubinclude:IFSelect_SelectionIterator.hxx /misc/dn61/LocalWOK/wok_entities/LOC/dev/CR0-OCCT691-7-CR0-OCCT691-occt-64/inc/IFSelect_SelectionIterator.hxx
+M IFSelect:privinclude:IFSelect_SelectionIterator.jxx /misc/dn61/LocalWOK/wok_entities/LOC/dev/CR0-OCCT691-7-CR0-OCCT691-occt-64/drv/IFSelect/IFSelect_SelectionIterator.jxx
+M IFSelect:privinclude:IFSelect_SelectionIterator.ixx /misc/dn61/LocalWOK/wok_entities/LOC/dev/CR0-OCCT691-7-CR0-OCCT691-occt-64/drv/IFSelect/IFSelect_SelectionIterator.ixx
+M IFSelect:pubinclude:Handle_IFSelect_Selection.hxx /misc/dn61/LocalWOK/wok_entities/LOC/dev/CR0-OCCT691-7-CR0-OCCT691-occt-64/inc/Handle_IFSelect_Selection.hxx
+M IFSelect:pubinclude:IFSelect_Selection.hxx /misc/dn61/LocalWOK/wok_entities/LOC/dev/CR0-OCCT691-7-CR0-OCCT691-occt-64/inc/IFSelect_Selection.hxx
+M IFSelect:privinclude:IFSelect_Selection.jxx /misc/dn61/LocalWOK/wok_entities/LOC/dev/CR0-OCCT691-7-CR0-OCCT691-occt-64/drv/IFSelect/IFSelect_Selection.jxx
+M IFSelect:privinclude:IFSelect_Selection.ixx /misc/dn61/LocalWOK/wok_entities/LOC/dev/CR0-OCCT691-7-CR0-OCCT691-occt-64/drv/IFSelect/IFSelect_Selection.ixx
+M IFSelect:pubinclude:Handle_IFSelect_SelectBase.hxx /misc/dn61/LocalWOK/wok_entities/LOC/dev/CR0-OCCT691-7-CR0-OCCT691-occt-64/inc/Handle_IFSelect_SelectBase.hxx
+M IFSelect:pubinclude:IFSelect_SelectBase.hxx /misc/dn61/LocalWOK/wok_entities/LOC/dev/CR0-OCCT691-7-CR0-OCCT691-occt-64/inc/IFSelect_SelectBase.hxx
+M IFSelect:privinclude:IFSelect_SelectBase.jxx /misc/dn61/LocalWOK/wok_entities/LOC/dev/CR0-OCCT691-7-CR0-OCCT691-occt-64/drv/IFSelect/IFSelect_SelectBase.jxx
+M IFSelect:privinclude:IFSelect_SelectBase.ixx /misc/dn61/LocalWOK/wok_entities/LOC/dev/CR0-OCCT691-7-CR0-OCCT691-occt-64/drv/IFSelect/IFSelect_SelectBase.ixx
+M IFSelect:pubinclude:Handle_IFSelect_SelectModelRoots.hxx /misc/dn61/LocalWOK/wok_entities/LOC/dev/CR0-OCCT691-7-CR0-OCCT691-occt-64/inc/Handle_IFSelect_SelectModelRoots.hxx
+M IFSelect:pubinclude:IFSelect_SelectModelRoots.hxx /misc/dn61/LocalWOK/wok_entities/LOC/dev/CR0-OCCT691-7-CR0-OCCT691-occt-64/inc/IFSelect_SelectModelRoots.hxx
+M IFSelect:privinclude:IFSelect_SelectModelRoots.jxx /misc/dn61/LocalWOK/wok_entities/LOC/dev/CR0-OCCT691-7-CR0-OCCT691-occt-64/drv/IFSelect/IFSelect_SelectModelRoots.jxx
+M IFSelect:privinclude:IFSelect_SelectModelRoots.ixx /misc/dn61/LocalWOK/wok_entities/LOC/dev/CR0-OCCT691-7-CR0-OCCT691-occt-64/drv/IFSelect/IFSelect_SelectModelRoots.ixx
+M IFSelect:pubinclude:Handle_IFSelect_SelectModelEntities.hxx /misc/dn61/LocalWOK/wok_entities/LOC/dev/CR0-OCCT691-7-CR0-OCCT691-occt-64/inc/Handle_IFSelect_SelectModelEntities.hxx
+M IFSelect:pubinclude:IFSelect_SelectModelEntities.hxx /misc/dn61/LocalWOK/wok_entities/LOC/dev/CR0-OCCT691-7-CR0-OCCT691-occt-64/inc/IFSelect_SelectModelEntities.hxx
+M IFSelect:privinclude:IFSelect_SelectModelEntities.jxx /misc/dn61/LocalWOK/wok_entities/LOC/dev/CR0-OCCT691-7-CR0-OCCT691-occt-64/drv/IFSelect/IFSelect_SelectModelEntities.jxx
+M IFSelect:privinclude:IFSelect_SelectModelEntities.ixx /misc/dn61/LocalWOK/wok_entities/LOC/dev/CR0-OCCT691-7-CR0-OCCT691-occt-64/drv/IFSelect/IFSelect_SelectModelEntities.ixx
+M IFSelect:pubinclude:Handle_IFSelect_SelectEntityNumber.hxx /misc/dn61/LocalWOK/wok_entities/LOC/dev/CR0-OCCT691-7-CR0-OCCT691-occt-64/inc/Handle_IFSelect_SelectEntityNumber.hxx
+M IFSelect:pubinclude:IFSelect_SelectEntityNumber.hxx /misc/dn61/LocalWOK/wok_entities/LOC/dev/CR0-OCCT691-7-CR0-OCCT691-occt-64/inc/IFSelect_SelectEntityNumber.hxx
+M IFSelect:privinclude:IFSelect_SelectEntityNumber.jxx /misc/dn61/LocalWOK/wok_entities/LOC/dev/CR0-OCCT691-7-CR0-OCCT691-occt-64/drv/IFSelect/IFSelect_SelectEntityNumber.jxx
+M IFSelect:privinclude:IFSelect_SelectEntityNumber.ixx /misc/dn61/LocalWOK/wok_entities/LOC/dev/CR0-OCCT691-7-CR0-OCCT691-occt-64/drv/IFSelect/IFSelect_SelectEntityNumber.ixx
+M IFSelect:pubinclude:Handle_IFSelect_SelectPointed.hxx /misc/dn61/LocalWOK/wok_entities/LOC/dev/CR0-OCCT691-7-CR0-OCCT691-occt-64/inc/Handle_IFSelect_SelectPointed.hxx
+M IFSelect:pubinclude:IFSelect_SelectPointed.hxx /misc/dn61/LocalWOK/wok_entities/LOC/dev/CR0-OCCT691-7-CR0-OCCT691-occt-64/inc/IFSelect_SelectPointed.hxx
+M IFSelect:privinclude:IFSelect_SelectPointed.jxx /misc/dn61/LocalWOK/wok_entities/LOC/dev/CR0-OCCT691-7-CR0-OCCT691-occt-64/drv/IFSelect/IFSelect_SelectPointed.jxx
+M IFSelect:privinclude:IFSelect_SelectPointed.ixx /misc/dn61/LocalWOK/wok_entities/LOC/dev/CR0-OCCT691-7-CR0-OCCT691-occt-64/drv/IFSelect/IFSelect_SelectPointed.ixx
+M IFSelect:pubinclude:Handle_IFSelect_SelectCombine.hxx /misc/dn61/LocalWOK/wok_entities/LOC/dev/CR0-OCCT691-7-CR0-OCCT691-occt-64/inc/Handle_IFSelect_SelectCombine.hxx
+M IFSelect:pubinclude:IFSelect_SelectCombine.hxx /misc/dn61/LocalWOK/wok_entities/LOC/dev/CR0-OCCT691-7-CR0-OCCT691-occt-64/inc/IFSelect_SelectCombine.hxx
+M IFSelect:privinclude:IFSelect_SelectCombine.jxx /misc/dn61/LocalWOK/wok_entities/LOC/dev/CR0-OCCT691-7-CR0-OCCT691-occt-64/drv/IFSelect/IFSelect_SelectCombine.jxx
+M IFSelect:privinclude:IFSelect_SelectCombine.ixx /misc/dn61/LocalWOK/wok_entities/LOC/dev/CR0-OCCT691-7-CR0-OCCT691-occt-64/drv/IFSelect/IFSelect_SelectCombine.ixx
+M IFSelect:pubinclude:Handle_IFSelect_SelectUnion.hxx /misc/dn61/LocalWOK/wok_entities/LOC/dev/CR0-OCCT691-7-CR0-OCCT691-occt-64/inc/Handle_IFSelect_SelectUnion.hxx
+M IFSelect:pubinclude:IFSelect_SelectUnion.hxx /misc/dn61/LocalWOK/wok_entities/LOC/dev/CR0-OCCT691-7-CR0-OCCT691-occt-64/inc/IFSelect_SelectUnion.hxx
+M IFSelect:privinclude:IFSelect_SelectUnion.jxx /misc/dn61/LocalWOK/wok_entities/LOC/dev/CR0-OCCT691-7-CR0-OCCT691-occt-64/drv/IFSelect/IFSelect_SelectUnion.jxx
+M IFSelect:privinclude:IFSelect_SelectUnion.ixx /misc/dn61/LocalWOK/wok_entities/LOC/dev/CR0-OCCT691-7-CR0-OCCT691-occt-64/drv/IFSelect/IFSelect_SelectUnion.ixx
+M IFSelect:pubinclude:Handle_IFSelect_SelectIntersection.hxx /misc/dn61/LocalWOK/wok_entities/LOC/dev/CR0-OCCT691-7-CR0-OCCT691-occt-64/inc/Handle_IFSelect_SelectIntersection.hxx
+M IFSelect:pubinclude:IFSelect_SelectIntersection.hxx /misc/dn61/LocalWOK/wok_entities/LOC/dev/CR0-OCCT691-7-CR0-OCCT691-occt-64/inc/IFSelect_SelectIntersection.hxx
+M IFSelect:privinclude:IFSelect_SelectIntersection.jxx /misc/dn61/LocalWOK/wok_entities/LOC/dev/CR0-OCCT691-7-CR0-OCCT691-occt-64/drv/IFSelect/IFSelect_SelectIntersection.jxx
+M IFSelect:privinclude:IFSelect_SelectIntersection.ixx /misc/dn61/LocalWOK/wok_entities/LOC/dev/CR0-OCCT691-7-CR0-OCCT691-occt-64/drv/IFSelect/IFSelect_SelectIntersection.ixx
+M IFSelect:pubinclude:Handle_IFSelect_SelectControl.hxx /misc/dn61/LocalWOK/wok_entities/LOC/dev/CR0-OCCT691-7-CR0-OCCT691-occt-64/inc/Handle_IFSelect_SelectControl.hxx
+M IFSelect:pubinclude:IFSelect_SelectControl.hxx /misc/dn61/LocalWOK/wok_entities/LOC/dev/CR0-OCCT691-7-CR0-OCCT691-occt-64/inc/IFSelect_SelectControl.hxx
+M IFSelect:privinclude:IFSelect_SelectControl.jxx /misc/dn61/LocalWOK/wok_entities/LOC/dev/CR0-OCCT691-7-CR0-OCCT691-occt-64/drv/IFSelect/IFSelect_SelectControl.jxx
+M IFSelect:privinclude:IFSelect_SelectControl.ixx /misc/dn61/LocalWOK/wok_entities/LOC/dev/CR0-OCCT691-7-CR0-OCCT691-occt-64/drv/IFSelect/IFSelect_SelectControl.ixx
+M IFSelect:pubinclude:Handle_IFSelect_SelectDiff.hxx /misc/dn61/LocalWOK/wok_entities/LOC/dev/CR0-OCCT691-7-CR0-OCCT691-occt-64/inc/Handle_IFSelect_SelectDiff.hxx
+M IFSelect:pubinclude:IFSelect_SelectDiff.hxx /misc/dn61/LocalWOK/wok_entities/LOC/dev/CR0-OCCT691-7-CR0-OCCT691-occt-64/inc/IFSelect_SelectDiff.hxx
+M IFSelect:privinclude:IFSelect_SelectDiff.jxx /misc/dn61/LocalWOK/wok_entities/LOC/dev/CR0-OCCT691-7-CR0-OCCT691-occt-64/drv/IFSelect/IFSelect_SelectDiff.jxx
+M IFSelect:privinclude:IFSelect_SelectDiff.ixx /misc/dn61/LocalWOK/wok_entities/LOC/dev/CR0-OCCT691-7-CR0-OCCT691-occt-64/drv/IFSelect/IFSelect_SelectDiff.ixx
+M IFSelect:pubinclude:Handle_IFSelect_SelectDeduct.hxx /misc/dn61/LocalWOK/wok_entities/LOC/dev/CR0-OCCT691-7-CR0-OCCT691-occt-64/inc/Handle_IFSelect_SelectDeduct.hxx
+M IFSelect:pubinclude:IFSelect_SelectDeduct.hxx /misc/dn61/LocalWOK/wok_entities/LOC/dev/CR0-OCCT691-7-CR0-OCCT691-occt-64/inc/IFSelect_SelectDeduct.hxx
+M IFSelect:privinclude:IFSelect_SelectDeduct.jxx /misc/dn61/LocalWOK/wok_entities/LOC/dev/CR0-OCCT691-7-CR0-OCCT691-occt-64/drv/IFSelect/IFSelect_SelectDeduct.jxx
+M IFSelect:privinclude:IFSelect_SelectDeduct.ixx /misc/dn61/LocalWOK/wok_entities/LOC/dev/CR0-OCCT691-7-CR0-OCCT691-occt-64/drv/IFSelect/IFSelect_SelectDeduct.ixx
+M IFSelect:pubinclude:Handle_IFSelect_SelectShared.hxx /misc/dn61/LocalWOK/wok_entities/LOC/dev/CR0-OCCT691-7-CR0-OCCT691-occt-64/inc/Handle_IFSelect_SelectShared.hxx
+M IFSelect:pubinclude:IFSelect_SelectShared.hxx /misc/dn61/LocalWOK/wok_entities/LOC/dev/CR0-OCCT691-7-CR0-OCCT691-occt-64/inc/IFSelect_SelectShared.hxx
+M IFSelect:privinclude:IFSelect_SelectShared.jxx /misc/dn61/LocalWOK/wok_entities/LOC/dev/CR0-OCCT691-7-CR0-OCCT691-occt-64/drv/IFSelect/IFSelect_SelectShared.jxx
+M IFSelect:privinclude:IFSelect_SelectShared.ixx /misc/dn61/LocalWOK/wok_entities/LOC/dev/CR0-OCCT691-7-CR0-OCCT691-occt-64/drv/IFSelect/IFSelect_SelectShared.ixx
+M IFSelect:pubinclude:Handle_IFSelect_SelectSharing.hxx /misc/dn61/LocalWOK/wok_entities/LOC/dev/CR0-OCCT691-7-CR0-OCCT691-occt-64/inc/Handle_IFSelect_SelectSharing.hxx
+M IFSelect:pubinclude:IFSelect_SelectSharing.hxx /misc/dn61/LocalWOK/wok_entities/LOC/dev/CR0-OCCT691-7-CR0-OCCT691-occt-64/inc/IFSelect_SelectSharing.hxx
+M IFSelect:privinclude:IFSelect_SelectSharing.jxx /misc/dn61/LocalWOK/wok_entities/LOC/dev/CR0-OCCT691-7-CR0-OCCT691-occt-64/drv/IFSelect/IFSelect_SelectSharing.jxx
+M IFSelect:privinclude:IFSelect_SelectSharing.ixx /misc/dn61/LocalWOK/wok_entities/LOC/dev/CR0-OCCT691-7-CR0-OCCT691-occt-64/drv/IFSelect/IFSelect_SelectSharing.ixx
+M IFSelect:pubinclude:Handle_IFSelect_SelectAnyList.hxx /misc/dn61/LocalWOK/wok_entities/LOC/dev/CR0-OCCT691-7-CR0-OCCT691-occt-64/inc/Handle_IFSelect_SelectAnyList.hxx
+M IFSelect:pubinclude:IFSelect_SelectAnyList.hxx /misc/dn61/LocalWOK/wok_entities/LOC/dev/CR0-OCCT691-7-CR0-OCCT691-occt-64/inc/IFSelect_SelectAnyList.hxx
+M IFSelect:privinclude:IFSelect_SelectAnyList.jxx /misc/dn61/LocalWOK/wok_entities/LOC/dev/CR0-OCCT691-7-CR0-OCCT691-occt-64/drv/IFSelect/IFSelect_SelectAnyList.jxx
+M IFSelect:privinclude:IFSelect_SelectAnyList.ixx /misc/dn61/LocalWOK/wok_entities/LOC/dev/CR0-OCCT691-7-CR0-OCCT691-occt-64/drv/IFSelect/IFSelect_SelectAnyList.ixx
+M IFSelect:pubinclude:Handle_IFSelect_SelectInList.hxx /misc/dn61/LocalWOK/wok_entities/LOC/dev/CR0-OCCT691-7-CR0-OCCT691-occt-64/inc/Handle_IFSelect_SelectInList.hxx
+M IFSelect:pubinclude:IFSelect_SelectInList.hxx /misc/dn61/LocalWOK/wok_entities/LOC/dev/CR0-OCCT691-7-CR0-OCCT691-occt-64/inc/IFSelect_SelectInList.hxx
+M IFSelect:privinclude:IFSelect_SelectInList.jxx /misc/dn61/LocalWOK/wok_entities/LOC/dev/CR0-OCCT691-7-CR0-OCCT691-occt-64/drv/IFSelect/IFSelect_SelectInList.jxx
+M IFSelect:privinclude:IFSelect_SelectInList.ixx /misc/dn61/LocalWOK/wok_entities/LOC/dev/CR0-OCCT691-7-CR0-OCCT691-occt-64/drv/IFSelect/IFSelect_SelectInList.ixx
+M IFSelect:pubinclude:Handle_IFSelect_SelectSuite.hxx /misc/dn61/LocalWOK/wok_entities/LOC/dev/CR0-OCCT691-7-CR0-OCCT691-occt-64/inc/Handle_IFSelect_SelectSuite.hxx
+M IFSelect:pubinclude:IFSelect_SelectSuite.hxx /misc/dn61/LocalWOK/wok_entities/LOC/dev/CR0-OCCT691-7-CR0-OCCT691-occt-64/inc/IFSelect_SelectSuite.hxx
+M IFSelect:privinclude:IFSelect_SelectSuite.jxx /misc/dn61/LocalWOK/wok_entities/LOC/dev/CR0-OCCT691-7-CR0-OCCT691-occt-64/drv/IFSelect/IFSelect_SelectSuite.jxx
+M IFSelect:privinclude:IFSelect_SelectSuite.ixx /misc/dn61/LocalWOK/wok_entities/LOC/dev/CR0-OCCT691-7-CR0-OCCT691-occt-64/drv/IFSelect/IFSelect_SelectSuite.ixx
+M IFSelect:pubinclude:Handle_IFSelect_SelectExtract.hxx /misc/dn61/LocalWOK/wok_entities/LOC/dev/CR0-OCCT691-7-CR0-OCCT691-occt-64/inc/Handle_IFSelect_SelectExtract.hxx
+M IFSelect:pubinclude:IFSelect_SelectExtract.hxx /misc/dn61/LocalWOK/wok_entities/LOC/dev/CR0-OCCT691-7-CR0-OCCT691-occt-64/inc/IFSelect_SelectExtract.hxx
+M IFSelect:privinclude:IFSelect_SelectExtract.jxx /misc/dn61/LocalWOK/wok_entities/LOC/dev/CR0-OCCT691-7-CR0-OCCT691-occt-64/drv/IFSelect/IFSelect_SelectExtract.jxx
+M IFSelect:privinclude:IFSelect_SelectExtract.ixx /misc/dn61/LocalWOK/wok_entities/LOC/dev/CR0-OCCT691-7-CR0-OCCT691-occt-64/drv/IFSelect/IFSelect_SelectExtract.ixx
+M IFSelect:pubinclude:Handle_IFSelect_SelectUnknownEntities.hxx /misc/dn61/LocalWOK/wok_entities/LOC/dev/CR0-OCCT691-7-CR0-OCCT691-occt-64/inc/Handle_IFSelect_SelectUnknownEntities.hxx
+M IFSelect:pubinclude:IFSelect_SelectUnknownEntities.hxx /misc/dn61/LocalWOK/wok_entities/LOC/dev/CR0-OCCT691-7-CR0-OCCT691-occt-64/inc/IFSelect_SelectUnknownEntities.hxx
+M IFSelect:privinclude:IFSelect_SelectUnknownEntities.jxx /misc/dn61/LocalWOK/wok_entities/LOC/dev/CR0-OCCT691-7-CR0-OCCT691-occt-64/drv/IFSelect/IFSelect_SelectUnknownEntities.jxx
+M IFSelect:privinclude:IFSelect_SelectUnknownEntities.ixx /misc/dn61/LocalWOK/wok_entities/LOC/dev/CR0-OCCT691-7-CR0-OCCT691-occt-64/drv/IFSelect/IFSelect_SelectUnknownEntities.ixx
+M IFSelect:pubinclude:Handle_IFSelect_SelectErrorEntities.hxx /misc/dn61/LocalWOK/wok_entities/LOC/dev/CR0-OCCT691-7-CR0-OCCT691-occt-64/inc/Handle_IFSelect_SelectErrorEntities.hxx
+M IFSelect:pubinclude:IFSelect_SelectErrorEntities.hxx /misc/dn61/LocalWOK/wok_entities/LOC/dev/CR0-OCCT691-7-CR0-OCCT691-occt-64/inc/IFSelect_SelectErrorEntities.hxx
+M IFSelect:privinclude:IFSelect_SelectErrorEntities.jxx /misc/dn61/LocalWOK/wok_entities/LOC/dev/CR0-OCCT691-7-CR0-OCCT691-occt-64/drv/IFSelect/IFSelect_SelectErrorEntities.jxx
+M IFSelect:privinclude:IFSelect_SelectErrorEntities.ixx /misc/dn61/LocalWOK/wok_entities/LOC/dev/CR0-OCCT691-7-CR0-OCCT691-occt-64/drv/IFSelect/IFSelect_SelectErrorEntities.ixx
+M IFSelect:pubinclude:Handle_IFSelect_SelectIncorrectEntities.hxx /misc/dn61/LocalWOK/wok_entities/LOC/dev/CR0-OCCT691-7-CR0-OCCT691-occt-64/inc/Handle_IFSelect_SelectIncorrectEntities.hxx
+M IFSelect:pubinclude:IFSelect_SelectIncorrectEntities.hxx /misc/dn61/LocalWOK/wok_entities/LOC/dev/CR0-OCCT691-7-CR0-OCCT691-occt-64/inc/IFSelect_SelectIncorrectEntities.hxx
+M IFSelect:privinclude:IFSelect_SelectIncorrectEntities.jxx /misc/dn61/LocalWOK/wok_entities/LOC/dev/CR0-OCCT691-7-CR0-OCCT691-occt-64/drv/IFSelect/IFSelect_SelectIncorrectEntities.jxx
+M IFSelect:privinclude:IFSelect_SelectIncorrectEntities.ixx /misc/dn61/LocalWOK/wok_entities/LOC/dev/CR0-OCCT691-7-CR0-OCCT691-occt-64/drv/IFSelect/IFSelect_SelectIncorrectEntities.ixx
+M IFSelect:pubinclude:Handle_IFSelect_SelectRoots.hxx /misc/dn61/LocalWOK/wok_entities/LOC/dev/CR0-OCCT691-7-CR0-OCCT691-occt-64/inc/Handle_IFSelect_SelectRoots.hxx
+M IFSelect:pubinclude:IFSelect_SelectRoots.hxx /misc/dn61/LocalWOK/wok_entities/LOC/dev/CR0-OCCT691-7-CR0-OCCT691-occt-64/inc/IFSelect_SelectRoots.hxx
+M IFSelect:privinclude:IFSelect_SelectRoots.jxx /misc/dn61/LocalWOK/wok_entities/LOC/dev/CR0-OCCT691-7-CR0-OCCT691-occt-64/drv/IFSelect/IFSelect_SelectRoots.jxx
+M IFSelect:privinclude:IFSelect_SelectRoots.ixx /misc/dn61/LocalWOK/wok_entities/LOC/dev/CR0-OCCT691-7-CR0-OCCT691-occt-64/drv/IFSelect/IFSelect_SelectRoots.ixx
+M IFSelect:pubinclude:Handle_IFSelect_SelectRootComps.hxx /misc/dn61/LocalWOK/wok_entities/LOC/dev/CR0-OCCT691-7-CR0-OCCT691-occt-64/inc/Handle_IFSelect_SelectRootComps.hxx
+M IFSelect:pubinclude:IFSelect_SelectRootComps.hxx /misc/dn61/LocalWOK/wok_entities/LOC/dev/CR0-OCCT691-7-CR0-OCCT691-occt-64/inc/IFSelect_SelectRootComps.hxx
+M IFSelect:privinclude:IFSelect_SelectRootComps.jxx /misc/dn61/LocalWOK/wok_entities/LOC/dev/CR0-OCCT691-7-CR0-OCCT691-occt-64/drv/IFSelect/IFSelect_SelectRootComps.jxx
+M IFSelect:privinclude:IFSelect_SelectRootComps.ixx /misc/dn61/LocalWOK/wok_entities/LOC/dev/CR0-OCCT691-7-CR0-OCCT691-occt-64/drv/IFSelect/IFSelect_SelectRootComps.ixx
+M IFSelect:pubinclude:Handle_IFSelect_SelectRange.hxx /misc/dn61/LocalWOK/wok_entities/LOC/dev/CR0-OCCT691-7-CR0-OCCT691-occt-64/inc/Handle_IFSelect_SelectRange.hxx
+M IFSelect:pubinclude:IFSelect_SelectRange.hxx /misc/dn61/LocalWOK/wok_entities/LOC/dev/CR0-OCCT691-7-CR0-OCCT691-occt-64/inc/IFSelect_SelectRange.hxx
+M IFSelect:privinclude:IFSelect_SelectRange.jxx /misc/dn61/LocalWOK/wok_entities/LOC/dev/CR0-OCCT691-7-CR0-OCCT691-occt-64/drv/IFSelect/IFSelect_SelectRange.jxx
+M IFSelect:privinclude:IFSelect_SelectRange.ixx /misc/dn61/LocalWOK/wok_entities/LOC/dev/CR0-OCCT691-7-CR0-OCCT691-occt-64/drv/IFSelect/IFSelect_SelectRange.ixx
+M IFSelect:pubinclude:Handle_IFSelect_SelectAnyType.hxx /misc/dn61/LocalWOK/wok_entities/LOC/dev/CR0-OCCT691-7-CR0-OCCT691-occt-64/inc/Handle_IFSelect_SelectAnyType.hxx
+M IFSelect:pubinclude:IFSelect_SelectAnyType.hxx /misc/dn61/LocalWOK/wok_entities/LOC/dev/CR0-OCCT691-7-CR0-OCCT691-occt-64/inc/IFSelect_SelectAnyType.hxx
+M IFSelect:privinclude:IFSelect_SelectAnyType.jxx /misc/dn61/LocalWOK/wok_entities/LOC/dev/CR0-OCCT691-7-CR0-OCCT691-occt-64/drv/IFSelect/IFSelect_SelectAnyType.jxx
+M IFSelect:privinclude:IFSelect_SelectAnyType.ixx /misc/dn61/LocalWOK/wok_entities/LOC/dev/CR0-OCCT691-7-CR0-OCCT691-occt-64/drv/IFSelect/IFSelect_SelectAnyType.ixx
+M IFSelect:pubinclude:Handle_IFSelect_SelectType.hxx /misc/dn61/LocalWOK/wok_entities/LOC/dev/CR0-OCCT691-7-CR0-OCCT691-occt-64/inc/Handle_IFSelect_SelectType.hxx
+M IFSelect:pubinclude:IFSelect_SelectType.hxx /misc/dn61/LocalWOK/wok_entities/LOC/dev/CR0-OCCT691-7-CR0-OCCT691-occt-64/inc/IFSelect_SelectType.hxx
+M IFSelect:privinclude:IFSelect_SelectType.jxx /misc/dn61/LocalWOK/wok_entities/LOC/dev/CR0-OCCT691-7-CR0-OCCT691-occt-64/drv/IFSelect/IFSelect_SelectType.jxx
+M IFSelect:privinclude:IFSelect_SelectType.ixx /misc/dn61/LocalWOK/wok_entities/LOC/dev/CR0-OCCT691-7-CR0-OCCT691-occt-64/drv/IFSelect/IFSelect_SelectType.ixx
+M IFSelect:pubinclude:Handle_IFSelect_SelectSignature.hxx /misc/dn61/LocalWOK/wok_entities/LOC/dev/CR0-OCCT691-7-CR0-OCCT691-occt-64/inc/Handle_IFSelect_SelectSignature.hxx
+M IFSelect:pubinclude:IFSelect_SelectSignature.hxx /misc/dn61/LocalWOK/wok_entities/LOC/dev/CR0-OCCT691-7-CR0-OCCT691-occt-64/inc/IFSelect_SelectSignature.hxx
+M IFSelect:privinclude:IFSelect_SelectSignature.jxx /misc/dn61/LocalWOK/wok_entities/LOC/dev/CR0-OCCT691-7-CR0-OCCT691-occt-64/drv/IFSelect/IFSelect_SelectSignature.jxx
+M IFSelect:privinclude:IFSelect_SelectSignature.ixx /misc/dn61/LocalWOK/wok_entities/LOC/dev/CR0-OCCT691-7-CR0-OCCT691-occt-64/drv/IFSelect/IFSelect_SelectSignature.ixx
+M IFSelect:pubinclude:Handle_IFSelect_SelectFlag.hxx /misc/dn61/LocalWOK/wok_entities/LOC/dev/CR0-OCCT691-7-CR0-OCCT691-occt-64/inc/Handle_IFSelect_SelectFlag.hxx
+M IFSelect:pubinclude:IFSelect_SelectFlag.hxx /misc/dn61/LocalWOK/wok_entities/LOC/dev/CR0-OCCT691-7-CR0-OCCT691-occt-64/inc/IFSelect_SelectFlag.hxx
+M IFSelect:privinclude:IFSelect_SelectFlag.jxx /misc/dn61/LocalWOK/wok_entities/LOC/dev/CR0-OCCT691-7-CR0-OCCT691-occt-64/drv/IFSelect/IFSelect_SelectFlag.jxx
+M IFSelect:privinclude:IFSelect_SelectFlag.ixx /misc/dn61/LocalWOK/wok_entities/LOC/dev/CR0-OCCT691-7-CR0-OCCT691-occt-64/drv/IFSelect/IFSelect_SelectFlag.ixx
+M IFSelect:pubinclude:Handle_IFSelect_SelectSent.hxx /misc/dn61/LocalWOK/wok_entities/LOC/dev/CR0-OCCT691-7-CR0-OCCT691-occt-64/inc/Handle_IFSelect_SelectSent.hxx
+M IFSelect:pubinclude:IFSelect_SelectSent.hxx /misc/dn61/LocalWOK/wok_entities/LOC/dev/CR0-OCCT691-7-CR0-OCCT691-occt-64/inc/IFSelect_SelectSent.hxx
+M IFSelect:privinclude:IFSelect_SelectSent.jxx /misc/dn61/LocalWOK/wok_entities/LOC/dev/CR0-OCCT691-7-CR0-OCCT691-occt-64/drv/IFSelect/IFSelect_SelectSent.jxx
+M IFSelect:privinclude:IFSelect_SelectSent.ixx /misc/dn61/LocalWOK/wok_entities/LOC/dev/CR0-OCCT691-7-CR0-OCCT691-occt-64/drv/IFSelect/IFSelect_SelectSent.ixx
+M IFSelect:pubinclude:Handle_IFSelect_SelectExplore.hxx /misc/dn61/LocalWOK/wok_entities/LOC/dev/CR0-OCCT691-7-CR0-OCCT691-occt-64/inc/Handle_IFSelect_SelectExplore.hxx
+M IFSelect:pubinclude:IFSelect_SelectExplore.hxx /misc/dn61/LocalWOK/wok_entities/LOC/dev/CR0-OCCT691-7-CR0-OCCT691-occt-64/inc/IFSelect_SelectExplore.hxx
+M IFSelect:privinclude:IFSelect_SelectExplore.jxx /misc/dn61/LocalWOK/wok_entities/LOC/dev/CR0-OCCT691-7-CR0-OCCT691-occt-64/drv/IFSelect/IFSelect_SelectExplore.jxx
+M IFSelect:privinclude:IFSelect_SelectExplore.ixx /misc/dn61/LocalWOK/wok_entities/LOC/dev/CR0-OCCT691-7-CR0-OCCT691-occt-64/drv/IFSelect/IFSelect_SelectExplore.ixx
+M IFSelect:pubinclude:Handle_IFSelect_SelectSignedShared.hxx /misc/dn61/LocalWOK/wok_entities/LOC/dev/CR0-OCCT691-7-CR0-OCCT691-occt-64/inc/Handle_IFSelect_SelectSignedShared.hxx
+M IFSelect:pubinclude:IFSelect_SelectSignedShared.hxx /misc/dn61/LocalWOK/wok_entities/LOC/dev/CR0-OCCT691-7-CR0-OCCT691-occt-64/inc/IFSelect_SelectSignedShared.hxx
+M IFSelect:privinclude:IFSelect_SelectSignedShared.jxx /misc/dn61/LocalWOK/wok_entities/LOC/dev/CR0-OCCT691-7-CR0-OCCT691-occt-64/drv/IFSelect/IFSelect_SelectSignedShared.jxx
+M IFSelect:privinclude:IFSelect_SelectSignedShared.ixx /misc/dn61/LocalWOK/wok_entities/LOC/dev/CR0-OCCT691-7-CR0-OCCT691-occt-64/drv/IFSelect/IFSelect_SelectSignedShared.ixx
+M IFSelect:pubinclude:Handle_IFSelect_SelectSignedSharing.hxx /misc/dn61/LocalWOK/wok_entities/LOC/dev/CR0-OCCT691-7-CR0-OCCT691-occt-64/inc/Handle_IFSelect_SelectSignedSharing.hxx
+M IFSelect:pubinclude:IFSelect_SelectSignedSharing.hxx /misc/dn61/LocalWOK/wok_entities/LOC/dev/CR0-OCCT691-7-CR0-OCCT691-occt-64/inc/IFSelect_SelectSignedSharing.hxx
+M IFSelect:privinclude:IFSelect_SelectSignedSharing.jxx /misc/dn61/LocalWOK/wok_entities/LOC/dev/CR0-OCCT691-7-CR0-OCCT691-occt-64/drv/IFSelect/IFSelect_SelectSignedSharing.jxx
+M IFSelect:privinclude:IFSelect_SelectSignedSharing.ixx /misc/dn61/LocalWOK/wok_entities/LOC/dev/CR0-OCCT691-7-CR0-OCCT691-occt-64/drv/IFSelect/IFSelect_SelectSignedSharing.ixx
+M IFSelect:pubinclude:Handle_IFSelect_IntParam.hxx /misc/dn61/LocalWOK/wok_entities/LOC/dev/CR0-OCCT691-7-CR0-OCCT691-occt-64/inc/Handle_IFSelect_IntParam.hxx
+M IFSelect:pubinclude:IFSelect_IntParam.hxx /misc/dn61/LocalWOK/wok_entities/LOC/dev/CR0-OCCT691-7-CR0-OCCT691-occt-64/inc/IFSelect_IntParam.hxx
+M IFSelect:privinclude:IFSelect_IntParam.jxx /misc/dn61/LocalWOK/wok_entities/LOC/dev/CR0-OCCT691-7-CR0-OCCT691-occt-64/drv/IFSelect/IFSelect_IntParam.jxx
+M IFSelect:privinclude:IFSelect_IntParam.ixx /misc/dn61/LocalWOK/wok_entities/LOC/dev/CR0-OCCT691-7-CR0-OCCT691-occt-64/drv/IFSelect/IFSelect_IntParam.ixx
+M IFSelect:pubinclude:Handle_IFSelect_SignatureList.hxx /misc/dn61/LocalWOK/wok_entities/LOC/dev/CR0-OCCT691-7-CR0-OCCT691-occt-64/inc/Handle_IFSelect_SignatureList.hxx
+M IFSelect:pubinclude:IFSelect_SignatureList.hxx /misc/dn61/LocalWOK/wok_entities/LOC/dev/CR0-OCCT691-7-CR0-OCCT691-occt-64/inc/IFSelect_SignatureList.hxx
+M IFSelect:privinclude:IFSelect_SignatureList.jxx /misc/dn61/LocalWOK/wok_entities/LOC/dev/CR0-OCCT691-7-CR0-OCCT691-occt-64/drv/IFSelect/IFSelect_SignatureList.jxx
+M IFSelect:privinclude:IFSelect_SignatureList.ixx /misc/dn61/LocalWOK/wok_entities/LOC/dev/CR0-OCCT691-7-CR0-OCCT691-occt-64/drv/IFSelect/IFSelect_SignatureList.ixx
+M IFSelect:pubinclude:Handle_IFSelect_CheckCounter.hxx /misc/dn61/LocalWOK/wok_entities/LOC/dev/CR0-OCCT691-7-CR0-OCCT691-occt-64/inc/Handle_IFSelect_CheckCounter.hxx
+M IFSelect:pubinclude:IFSelect_CheckCounter.hxx /misc/dn61/LocalWOK/wok_entities/LOC/dev/CR0-OCCT691-7-CR0-OCCT691-occt-64/inc/IFSelect_CheckCounter.hxx
+M IFSelect:privinclude:IFSelect_CheckCounter.jxx /misc/dn61/LocalWOK/wok_entities/LOC/dev/CR0-OCCT691-7-CR0-OCCT691-occt-64/drv/IFSelect/IFSelect_CheckCounter.jxx
+M IFSelect:privinclude:IFSelect_CheckCounter.ixx /misc/dn61/LocalWOK/wok_entities/LOC/dev/CR0-OCCT691-7-CR0-OCCT691-occt-64/drv/IFSelect/IFSelect_CheckCounter.ixx
+M IFSelect:pubinclude:Handle_IFSelect_SignCounter.hxx /misc/dn61/LocalWOK/wok_entities/LOC/dev/CR0-OCCT691-7-CR0-OCCT691-occt-64/inc/Handle_IFSelect_SignCounter.hxx
+M IFSelect:pubinclude:IFSelect_SignCounter.hxx /misc/dn61/LocalWOK/wok_entities/LOC/dev/CR0-OCCT691-7-CR0-OCCT691-occt-64/inc/IFSelect_SignCounter.hxx
+M IFSelect:privinclude:IFSelect_SignCounter.jxx /misc/dn61/LocalWOK/wok_entities/LOC/dev/CR0-OCCT691-7-CR0-OCCT691-occt-64/drv/IFSelect/IFSelect_SignCounter.jxx
+M IFSelect:privinclude:IFSelect_SignCounter.ixx /misc/dn61/LocalWOK/wok_entities/LOC/dev/CR0-OCCT691-7-CR0-OCCT691-occt-64/drv/IFSelect/IFSelect_SignCounter.ixx
+M IFSelect:pubinclude:Handle_IFSelect_GraphCounter.hxx /misc/dn61/LocalWOK/wok_entities/LOC/dev/CR0-OCCT691-7-CR0-OCCT691-occt-64/inc/Handle_IFSelect_GraphCounter.hxx
+M IFSelect:pubinclude:IFSelect_GraphCounter.hxx /misc/dn61/LocalWOK/wok_entities/LOC/dev/CR0-OCCT691-7-CR0-OCCT691-occt-64/inc/IFSelect_GraphCounter.hxx
+M IFSelect:privinclude:IFSelect_GraphCounter.jxx /misc/dn61/LocalWOK/wok_entities/LOC/dev/CR0-OCCT691-7-CR0-OCCT691-occt-64/drv/IFSelect/IFSelect_GraphCounter.jxx
+M IFSelect:privinclude:IFSelect_GraphCounter.ixx /misc/dn61/LocalWOK/wok_entities/LOC/dev/CR0-OCCT691-7-CR0-OCCT691-occt-64/drv/IFSelect/IFSelect_GraphCounter.ixx
+M IFSelect:pubinclude:Handle_IFSelect_Editor.hxx /misc/dn61/LocalWOK/wok_entities/LOC/dev/CR0-OCCT691-7-CR0-OCCT691-occt-64/inc/Handle_IFSelect_Editor.hxx
+M IFSelect:pubinclude:IFSelect_Editor.hxx /misc/dn61/LocalWOK/wok_entities/LOC/dev/CR0-OCCT691-7-CR0-OCCT691-occt-64/inc/IFSelect_Editor.hxx
+M IFSelect:privinclude:IFSelect_Editor.jxx /misc/dn61/LocalWOK/wok_entities/LOC/dev/CR0-OCCT691-7-CR0-OCCT691-occt-64/drv/IFSelect/IFSelect_Editor.jxx
+M IFSelect:privinclude:IFSelect_Editor.ixx /misc/dn61/LocalWOK/wok_entities/LOC/dev/CR0-OCCT691-7-CR0-OCCT691-occt-64/drv/IFSelect/IFSelect_Editor.ixx
+M IFSelect:pubinclude:Handle_IFSelect_ParamEditor.hxx /misc/dn61/LocalWOK/wok_entities/LOC/dev/CR0-OCCT691-7-CR0-OCCT691-occt-64/inc/Handle_IFSelect_ParamEditor.hxx
+M IFSelect:pubinclude:IFSelect_ParamEditor.hxx /misc/dn61/LocalWOK/wok_entities/LOC/dev/CR0-OCCT691-7-CR0-OCCT691-occt-64/inc/IFSelect_ParamEditor.hxx
+M IFSelect:privinclude:IFSelect_ParamEditor.jxx /misc/dn61/LocalWOK/wok_entities/LOC/dev/CR0-OCCT691-7-CR0-OCCT691-occt-64/drv/IFSelect/IFSelect_ParamEditor.jxx
+M IFSelect:privinclude:IFSelect_ParamEditor.ixx /misc/dn61/LocalWOK/wok_entities/LOC/dev/CR0-OCCT691-7-CR0-OCCT691-occt-64/drv/IFSelect/IFSelect_ParamEditor.ixx
+M IFSelect:pubinclude:Handle_IFSelect_EditForm.hxx /misc/dn61/LocalWOK/wok_entities/LOC/dev/CR0-OCCT691-7-CR0-OCCT691-occt-64/inc/Handle_IFSelect_EditForm.hxx
+M IFSelect:pubinclude:IFSelect_EditForm.hxx /misc/dn61/LocalWOK/wok_entities/LOC/dev/CR0-OCCT691-7-CR0-OCCT691-occt-64/inc/IFSelect_EditForm.hxx
+M IFSelect:privinclude:IFSelect_EditForm.jxx /misc/dn61/LocalWOK/wok_entities/LOC/dev/CR0-OCCT691-7-CR0-OCCT691-occt-64/drv/IFSelect/IFSelect_EditForm.jxx
+M IFSelect:privinclude:IFSelect_EditForm.ixx /misc/dn61/LocalWOK/wok_entities/LOC/dev/CR0-OCCT691-7-CR0-OCCT691-occt-64/drv/IFSelect/IFSelect_EditForm.ixx
+M IFSelect:pubinclude:Handle_IFSelect_ListEditor.hxx /misc/dn61/LocalWOK/wok_entities/LOC/dev/CR0-OCCT691-7-CR0-OCCT691-occt-64/inc/Handle_IFSelect_ListEditor.hxx
+M IFSelect:pubinclude:IFSelect_ListEditor.hxx /misc/dn61/LocalWOK/wok_entities/LOC/dev/CR0-OCCT691-7-CR0-OCCT691-occt-64/inc/IFSelect_ListEditor.hxx
+M IFSelect:privinclude:IFSelect_ListEditor.jxx /misc/dn61/LocalWOK/wok_entities/LOC/dev/CR0-OCCT691-7-CR0-OCCT691-occt-64/drv/IFSelect/IFSelect_ListEditor.jxx
+M IFSelect:privinclude:IFSelect_ListEditor.ixx /misc/dn61/LocalWOK/wok_entities/LOC/dev/CR0-OCCT691-7-CR0-OCCT691-occt-64/drv/IFSelect/IFSelect_ListEditor.ixx
+M IFSelect:pubinclude:IFSelect_ContextModif.hxx /misc/dn61/LocalWOK/wok_entities/LOC/dev/CR0-OCCT691-7-CR0-OCCT691-occt-64/inc/IFSelect_ContextModif.hxx
+M IFSelect:privinclude:IFSelect_ContextModif.jxx /misc/dn61/LocalWOK/wok_entities/LOC/dev/CR0-OCCT691-7-CR0-OCCT691-occt-64/drv/IFSelect/IFSelect_ContextModif.jxx
+M IFSelect:privinclude:IFSelect_ContextModif.ixx /misc/dn61/LocalWOK/wok_entities/LOC/dev/CR0-OCCT691-7-CR0-OCCT691-occt-64/drv/IFSelect/IFSelect_ContextModif.ixx
+M IFSelect:pubinclude:IFSelect_ContextWrite.hxx /misc/dn61/LocalWOK/wok_entities/LOC/dev/CR0-OCCT691-7-CR0-OCCT691-occt-64/inc/IFSelect_ContextWrite.hxx
+M IFSelect:privinclude:IFSelect_ContextWrite.jxx /misc/dn61/LocalWOK/wok_entities/LOC/dev/CR0-OCCT691-7-CR0-OCCT691-occt-64/drv/IFSelect/IFSelect_ContextWrite.jxx
+M IFSelect:privinclude:IFSelect_ContextWrite.ixx /misc/dn61/LocalWOK/wok_entities/LOC/dev/CR0-OCCT691-7-CR0-OCCT691-occt-64/drv/IFSelect/IFSelect_ContextWrite.ixx
+M IFSelect:pubinclude:Handle_IFSelect_Transformer.hxx /misc/dn61/LocalWOK/wok_entities/LOC/dev/CR0-OCCT691-7-CR0-OCCT691-occt-64/inc/Handle_IFSelect_Transformer.hxx
+M IFSelect:pubinclude:IFSelect_Transformer.hxx /misc/dn61/LocalWOK/wok_entities/LOC/dev/CR0-OCCT691-7-CR0-OCCT691-occt-64/inc/IFSelect_Transformer.hxx
+M IFSelect:privinclude:IFSelect_Transformer.jxx /misc/dn61/LocalWOK/wok_entities/LOC/dev/CR0-OCCT691-7-CR0-OCCT691-occt-64/drv/IFSelect/IFSelect_Transformer.jxx
+M IFSelect:privinclude:IFSelect_Transformer.ixx /misc/dn61/LocalWOK/wok_entities/LOC/dev/CR0-OCCT691-7-CR0-OCCT691-occt-64/drv/IFSelect/IFSelect_Transformer.ixx
+M IFSelect:pubinclude:Handle_IFSelect_TransformStandard.hxx /misc/dn61/LocalWOK/wok_entities/LOC/dev/CR0-OCCT691-7-CR0-OCCT691-occt-64/inc/Handle_IFSelect_TransformStandard.hxx
+M IFSelect:pubinclude:IFSelect_TransformStandard.hxx /misc/dn61/LocalWOK/wok_entities/LOC/dev/CR0-OCCT691-7-CR0-OCCT691-occt-64/inc/IFSelect_TransformStandard.hxx
+M IFSelect:privinclude:IFSelect_TransformStandard.jxx /misc/dn61/LocalWOK/wok_entities/LOC/dev/CR0-OCCT691-7-CR0-OCCT691-occt-64/drv/IFSelect/IFSelect_TransformStandard.jxx
+M IFSelect:privinclude:IFSelect_TransformStandard.ixx /misc/dn61/LocalWOK/wok_entities/LOC/dev/CR0-OCCT691-7-CR0-OCCT691-occt-64/drv/IFSelect/IFSelect_TransformStandard.ixx
+M IFSelect:pubinclude:Handle_IFSelect_ModelCopier.hxx /misc/dn61/LocalWOK/wok_entities/LOC/dev/CR0-OCCT691-7-CR0-OCCT691-occt-64/inc/Handle_IFSelect_ModelCopier.hxx
+M IFSelect:pubinclude:IFSelect_ModelCopier.hxx /misc/dn61/LocalWOK/wok_entities/LOC/dev/CR0-OCCT691-7-CR0-OCCT691-occt-64/inc/IFSelect_ModelCopier.hxx
+M IFSelect:privinclude:IFSelect_ModelCopier.jxx /misc/dn61/LocalWOK/wok_entities/LOC/dev/CR0-OCCT691-7-CR0-OCCT691-occt-64/drv/IFSelect/IFSelect_ModelCopier.jxx
+M IFSelect:privinclude:IFSelect_ModelCopier.ixx /misc/dn61/LocalWOK/wok_entities/LOC/dev/CR0-OCCT691-7-CR0-OCCT691-occt-64/drv/IFSelect/IFSelect_ModelCopier.ixx
+M IFSelect:pubinclude:Handle_IFSelect_GeneralModifier.hxx /misc/dn61/LocalWOK/wok_entities/LOC/dev/CR0-OCCT691-7-CR0-OCCT691-occt-64/inc/Handle_IFSelect_GeneralModifier.hxx
+M IFSelect:pubinclude:IFSelect_GeneralModifier.hxx /misc/dn61/LocalWOK/wok_entities/LOC/dev/CR0-OCCT691-7-CR0-OCCT691-occt-64/inc/IFSelect_GeneralModifier.hxx
+M IFSelect:privinclude:IFSelect_GeneralModifier.jxx /misc/dn61/LocalWOK/wok_entities/LOC/dev/CR0-OCCT691-7-CR0-OCCT691-occt-64/drv/IFSelect/IFSelect_GeneralModifier.jxx
+M IFSelect:privinclude:IFSelect_GeneralModifier.ixx /misc/dn61/LocalWOK/wok_entities/LOC/dev/CR0-OCCT691-7-CR0-OCCT691-occt-64/drv/IFSelect/IFSelect_GeneralModifier.ixx
+M IFSelect:pubinclude:Handle_IFSelect_Modifier.hxx /misc/dn61/LocalWOK/wok_entities/LOC/dev/CR0-OCCT691-7-CR0-OCCT691-occt-64/inc/Handle_IFSelect_Modifier.hxx
+M IFSelect:pubinclude:IFSelect_Modifier.hxx /misc/dn61/LocalWOK/wok_entities/LOC/dev/CR0-OCCT691-7-CR0-OCCT691-occt-64/inc/IFSelect_Modifier.hxx
+M IFSelect:privinclude:IFSelect_Modifier.jxx /misc/dn61/LocalWOK/wok_entities/LOC/dev/CR0-OCCT691-7-CR0-OCCT691-occt-64/drv/IFSelect/IFSelect_Modifier.jxx
+M IFSelect:privinclude:IFSelect_Modifier.ixx /misc/dn61/LocalWOK/wok_entities/LOC/dev/CR0-OCCT691-7-CR0-OCCT691-occt-64/drv/IFSelect/IFSelect_Modifier.ixx
+M IFSelect:pubinclude:Handle_IFSelect_ModifReorder.hxx /misc/dn61/LocalWOK/wok_entities/LOC/dev/CR0-OCCT691-7-CR0-OCCT691-occt-64/inc/Handle_IFSelect_ModifReorder.hxx
+M IFSelect:pubinclude:IFSelect_ModifReorder.hxx /misc/dn61/LocalWOK/wok_entities/LOC/dev/CR0-OCCT691-7-CR0-OCCT691-occt-64/inc/IFSelect_ModifReorder.hxx
+M IFSelect:privinclude:IFSelect_ModifReorder.jxx /misc/dn61/LocalWOK/wok_entities/LOC/dev/CR0-OCCT691-7-CR0-OCCT691-occt-64/drv/IFSelect/IFSelect_ModifReorder.jxx
+M IFSelect:privinclude:IFSelect_ModifReorder.ixx /misc/dn61/LocalWOK/wok_entities/LOC/dev/CR0-OCCT691-7-CR0-OCCT691-occt-64/drv/IFSelect/IFSelect_ModifReorder.ixx
+M IFSelect:pubinclude:Handle_IFSelect_ModifEditForm.hxx /misc/dn61/LocalWOK/wok_entities/LOC/dev/CR0-OCCT691-7-CR0-OCCT691-occt-64/inc/Handle_IFSelect_ModifEditForm.hxx
+M IFSelect:pubinclude:IFSelect_ModifEditForm.hxx /misc/dn61/LocalWOK/wok_entities/LOC/dev/CR0-OCCT691-7-CR0-OCCT691-occt-64/inc/IFSelect_ModifEditForm.hxx
+M IFSelect:privinclude:IFSelect_ModifEditForm.jxx /misc/dn61/LocalWOK/wok_entities/LOC/dev/CR0-OCCT691-7-CR0-OCCT691-occt-64/drv/IFSelect/IFSelect_ModifEditForm.jxx
+M IFSelect:privinclude:IFSelect_ModifEditForm.ixx /misc/dn61/LocalWOK/wok_entities/LOC/dev/CR0-OCCT691-7-CR0-OCCT691-occt-64/drv/IFSelect/IFSelect_ModifEditForm.ixx
+M IFSelect:pubinclude:Handle_IFSelect_WorkSession.hxx /misc/dn61/LocalWOK/wok_entities/LOC/dev/CR0-OCCT691-7-CR0-OCCT691-occt-64/inc/Handle_IFSelect_WorkSession.hxx
+M IFSelect:pubinclude:IFSelect_WorkSession.hxx /misc/dn61/LocalWOK/wok_entities/LOC/dev/CR0-OCCT691-7-CR0-OCCT691-occt-64/inc/IFSelect_WorkSession.hxx
+M IFSelect:privinclude:IFSelect_WorkSession.jxx /misc/dn61/LocalWOK/wok_entities/LOC/dev/CR0-OCCT691-7-CR0-OCCT691-occt-64/drv/IFSelect/IFSelect_WorkSession.jxx
+M IFSelect:privinclude:IFSelect_WorkSession.ixx /misc/dn61/LocalWOK/wok_entities/LOC/dev/CR0-OCCT691-7-CR0-OCCT691-occt-64/drv/IFSelect/IFSelect_WorkSession.ixx
+M IFSelect:pubinclude:Handle_IFSelect_WorkLibrary.hxx /misc/dn61/LocalWOK/wok_entities/LOC/dev/CR0-OCCT691-7-CR0-OCCT691-occt-64/inc/Handle_IFSelect_WorkLibrary.hxx
+M IFSelect:pubinclude:IFSelect_WorkLibrary.hxx /misc/dn61/LocalWOK/wok_entities/LOC/dev/CR0-OCCT691-7-CR0-OCCT691-occt-64/inc/IFSelect_WorkLibrary.hxx
+M IFSelect:privinclude:IFSelect_WorkLibrary.jxx /misc/dn61/LocalWOK/wok_entities/LOC/dev/CR0-OCCT691-7-CR0-OCCT691-occt-64/drv/IFSelect/IFSelect_WorkLibrary.jxx
+M IFSelect:privinclude:IFSelect_WorkLibrary.ixx /misc/dn61/LocalWOK/wok_entities/LOC/dev/CR0-OCCT691-7-CR0-OCCT691-occt-64/drv/IFSelect/IFSelect_WorkLibrary.ixx
+M IFSelect:pubinclude:IFSelect_SessionFile.hxx /misc/dn61/LocalWOK/wok_entities/LOC/dev/CR0-OCCT691-7-CR0-OCCT691-occt-64/inc/IFSelect_SessionFile.hxx
+M IFSelect:privinclude:IFSelect_SessionFile.jxx /misc/dn61/LocalWOK/wok_entities/LOC/dev/CR0-OCCT691-7-CR0-OCCT691-occt-64/drv/IFSelect/IFSelect_SessionFile.jxx
+M IFSelect:privinclude:IFSelect_SessionFile.ixx /misc/dn61/LocalWOK/wok_entities/LOC/dev/CR0-OCCT691-7-CR0-OCCT691-occt-64/drv/IFSelect/IFSelect_SessionFile.ixx
+M IFSelect:pubinclude:Handle_IFSelect_SessionDumper.hxx /misc/dn61/LocalWOK/wok_entities/LOC/dev/CR0-OCCT691-7-CR0-OCCT691-occt-64/inc/Handle_IFSelect_SessionDumper.hxx
+M IFSelect:pubinclude:IFSelect_SessionDumper.hxx /misc/dn61/LocalWOK/wok_entities/LOC/dev/CR0-OCCT691-7-CR0-OCCT691-occt-64/inc/IFSelect_SessionDumper.hxx
+M IFSelect:privinclude:IFSelect_SessionDumper.jxx /misc/dn61/LocalWOK/wok_entities/LOC/dev/CR0-OCCT691-7-CR0-OCCT691-occt-64/drv/IFSelect/IFSelect_SessionDumper.jxx
+M IFSelect:privinclude:IFSelect_SessionDumper.ixx /misc/dn61/LocalWOK/wok_entities/LOC/dev/CR0-OCCT691-7-CR0-OCCT691-occt-64/drv/IFSelect/IFSelect_SessionDumper.ixx
+M IFSelect:pubinclude:Handle_IFSelect_BasicDumper.hxx /misc/dn61/LocalWOK/wok_entities/LOC/dev/CR0-OCCT691-7-CR0-OCCT691-occt-64/inc/Handle_IFSelect_BasicDumper.hxx
+M IFSelect:pubinclude:IFSelect_BasicDumper.hxx /misc/dn61/LocalWOK/wok_entities/LOC/dev/CR0-OCCT691-7-CR0-OCCT691-occt-64/inc/IFSelect_BasicDumper.hxx
+M IFSelect:privinclude:IFSelect_BasicDumper.jxx /misc/dn61/LocalWOK/wok_entities/LOC/dev/CR0-OCCT691-7-CR0-OCCT691-occt-64/drv/IFSelect/IFSelect_BasicDumper.jxx
+M IFSelect:privinclude:IFSelect_BasicDumper.ixx /misc/dn61/LocalWOK/wok_entities/LOC/dev/CR0-OCCT691-7-CR0-OCCT691-occt-64/drv/IFSelect/IFSelect_BasicDumper.ixx
+M IFSelect:pubinclude:Handle_IFSelect_Activator.hxx /misc/dn61/LocalWOK/wok_entities/LOC/dev/CR0-OCCT691-7-CR0-OCCT691-occt-64/inc/Handle_IFSelect_Activator.hxx
+M IFSelect:pubinclude:IFSelect_Activator.hxx /misc/dn61/LocalWOK/wok_entities/LOC/dev/CR0-OCCT691-7-CR0-OCCT691-occt-64/inc/IFSelect_Activator.hxx
+M IFSelect:privinclude:IFSelect_Activator.jxx /misc/dn61/LocalWOK/wok_entities/LOC/dev/CR0-OCCT691-7-CR0-OCCT691-occt-64/drv/IFSelect/IFSelect_Activator.jxx
+M IFSelect:privinclude:IFSelect_Activator.ixx /misc/dn61/LocalWOK/wok_entities/LOC/dev/CR0-OCCT691-7-CR0-OCCT691-occt-64/drv/IFSelect/IFSelect_Activator.ixx
+M IFSelect:pubinclude:Handle_IFSelect_SessionPilot.hxx /misc/dn61/LocalWOK/wok_entities/LOC/dev/CR0-OCCT691-7-CR0-OCCT691-occt-64/inc/Handle_IFSelect_SessionPilot.hxx
+M IFSelect:pubinclude:IFSelect_SessionPilot.hxx /misc/dn61/LocalWOK/wok_entities/LOC/dev/CR0-OCCT691-7-CR0-OCCT691-occt-64/inc/IFSelect_SessionPilot.hxx
+M IFSelect:privinclude:IFSelect_SessionPilot.jxx /misc/dn61/LocalWOK/wok_entities/LOC/dev/CR0-OCCT691-7-CR0-OCCT691-occt-64/drv/IFSelect/IFSelect_SessionPilot.jxx
+M IFSelect:privinclude:IFSelect_SessionPilot.ixx /misc/dn61/LocalWOK/wok_entities/LOC/dev/CR0-OCCT691-7-CR0-OCCT691-occt-64/drv/IFSelect/IFSelect_SessionPilot.ixx
+M IFSelect:pubinclude:Handle_IFSelect_Act.hxx /misc/dn61/LocalWOK/wok_entities/LOC/dev/CR0-OCCT691-7-CR0-OCCT691-occt-64/inc/Handle_IFSelect_Act.hxx
+M IFSelect:pubinclude:IFSelect_Act.hxx /misc/dn61/LocalWOK/wok_entities/LOC/dev/CR0-OCCT691-7-CR0-OCCT691-occt-64/inc/IFSelect_Act.hxx
+M IFSelect:privinclude:IFSelect_Act.jxx /misc/dn61/LocalWOK/wok_entities/LOC/dev/CR0-OCCT691-7-CR0-OCCT691-occt-64/drv/IFSelect/IFSelect_Act.jxx
+M IFSelect:privinclude:IFSelect_Act.ixx /misc/dn61/LocalWOK/wok_entities/LOC/dev/CR0-OCCT691-7-CR0-OCCT691-occt-64/drv/IFSelect/IFSelect_Act.ixx
+M IFSelect:pubinclude:IFSelect_Functions.hxx /misc/dn61/LocalWOK/wok_entities/LOC/dev/CR0-OCCT691-7-CR0-OCCT691-occt-64/inc/IFSelect_Functions.hxx
+M IFSelect:privinclude:IFSelect_Functions.jxx /misc/dn61/LocalWOK/wok_entities/LOC/dev/CR0-OCCT691-7-CR0-OCCT691-occt-64/drv/IFSelect/IFSelect_Functions.jxx
+M IFSelect:privinclude:IFSelect_Functions.ixx /misc/dn61/LocalWOK/wok_entities/LOC/dev/CR0-OCCT691-7-CR0-OCCT691-occt-64/drv/IFSelect/IFSelect_Functions.ixx
+M IFSelect:pubinclude:IFSelect_TSeqOfDispatch.hxx /misc/dn61/LocalWOK/wok_entities/LOC/dev/CR0-OCCT691-7-CR0-OCCT691-occt-64/inc/IFSelect_TSeqOfDispatch.hxx
+M IFSelect:derivated:IFSelect_TSeqOfDispatch_0.cxx /misc/dn61/LocalWOK/wok_entities/LOC/dev/CR0-OCCT691-7-CR0-OCCT691-occt-64/drv/IFSelect/IFSelect_TSeqOfDispatch_0.cxx
+M IFSelect:pubinclude:IFSelect_TSeqOfSelection.hxx /misc/dn61/LocalWOK/wok_entities/LOC/dev/CR0-OCCT691-7-CR0-OCCT691-occt-64/inc/IFSelect_TSeqOfSelection.hxx
+M IFSelect:derivated:IFSelect_TSeqOfSelection_0.cxx /misc/dn61/LocalWOK/wok_entities/LOC/dev/CR0-OCCT691-7-CR0-OCCT691-occt-64/drv/IFSelect/IFSelect_TSeqOfSelection_0.cxx
+M IFSelect:pubinclude:Handle_IFSelect_HSeqOfSelection.hxx /misc/dn61/LocalWOK/wok_entities/LOC/dev/CR0-OCCT691-7-CR0-OCCT691-occt-64/inc/Handle_IFSelect_HSeqOfSelection.hxx
+M IFSelect:pubinclude:IFSelect_HSeqOfSelection.hxx /misc/dn61/LocalWOK/wok_entities/LOC/dev/CR0-OCCT691-7-CR0-OCCT691-occt-64/inc/IFSelect_HSeqOfSelection.hxx
+M IFSelect:derivated:IFSelect_HSeqOfSelection_0.cxx /misc/dn61/LocalWOK/wok_entities/LOC/dev/CR0-OCCT691-7-CR0-OCCT691-occt-64/drv/IFSelect/IFSelect_HSeqOfSelection_0.cxx
+M IFSelect:pubinclude:IFSelect_SequenceOfGeneralModifier.hxx /misc/dn61/LocalWOK/wok_entities/LOC/dev/CR0-OCCT691-7-CR0-OCCT691-occt-64/inc/IFSelect_SequenceOfGeneralModifier.hxx
+M IFSelect:derivated:IFSelect_SequenceOfGeneralModifier_0.cxx /misc/dn61/LocalWOK/wok_entities/LOC/dev/CR0-OCCT691-7-CR0-OCCT691-occt-64/drv/IFSelect/IFSelect_SequenceOfGeneralModifier_0.cxx
+M IFSelect:pubinclude:IFSelect_SequenceOfInterfaceModel.hxx /misc/dn61/LocalWOK/wok_entities/LOC/dev/CR0-OCCT691-7-CR0-OCCT691-occt-64/inc/IFSelect_SequenceOfInterfaceModel.hxx
+M IFSelect:derivated:IFSelect_SequenceOfInterfaceModel_0.cxx /misc/dn61/LocalWOK/wok_entities/LOC/dev/CR0-OCCT691-7-CR0-OCCT691-occt-64/drv/IFSelect/IFSelect_SequenceOfInterfaceModel_0.cxx
+M IFSelect:pubinclude:IFSelect_SequenceOfAppliedModifiers.hxx /misc/dn61/LocalWOK/wok_entities/LOC/dev/CR0-OCCT691-7-CR0-OCCT691-occt-64/inc/IFSelect_SequenceOfAppliedModifiers.hxx
+M IFSelect:derivated:IFSelect_SequenceOfAppliedModifiers_0.cxx /misc/dn61/LocalWOK/wok_entities/LOC/dev/CR0-OCCT691-7-CR0-OCCT691-occt-64/drv/IFSelect/IFSelect_SequenceOfAppliedModifiers_0.cxx
+M IFSelect:pubinclude:Handle_IFSelect_SequenceNodeOfTSeqOfDispatch.hxx /misc/dn61/LocalWOK/wok_entities/LOC/dev/CR0-OCCT691-7-CR0-OCCT691-occt-64/inc/Handle_IFSelect_SequenceNodeOfTSeqOfDispatch.hxx
+M IFSelect:pubinclude:IFSelect_SequenceNodeOfTSeqOfDispatch.hxx /misc/dn61/LocalWOK/wok_entities/LOC/dev/CR0-OCCT691-7-CR0-OCCT691-occt-64/inc/IFSelect_SequenceNodeOfTSeqOfDispatch.hxx
+M IFSelect:derivated:IFSelect_SequenceNodeOfTSeqOfDispatch_0.cxx /misc/dn61/LocalWOK/wok_entities/LOC/dev/CR0-OCCT691-7-CR0-OCCT691-occt-64/drv/IFSelect/IFSelect_SequenceNodeOfTSeqOfDispatch_0.cxx
+M IFSelect:pubinclude:Handle_IFSelect_SequenceNodeOfTSeqOfSelection.hxx /misc/dn61/LocalWOK/wok_entities/LOC/dev/CR0-OCCT691-7-CR0-OCCT691-occt-64/inc/Handle_IFSelect_SequenceNodeOfTSeqOfSelection.hxx
+M IFSelect:pubinclude:IFSelect_SequenceNodeOfTSeqOfSelection.hxx /misc/dn61/LocalWOK/wok_entities/LOC/dev/CR0-OCCT691-7-CR0-OCCT691-occt-64/inc/IFSelect_SequenceNodeOfTSeqOfSelection.hxx
+M IFSelect:derivated:IFSelect_SequenceNodeOfTSeqOfSelection_0.cxx /misc/dn61/LocalWOK/wok_entities/LOC/dev/CR0-OCCT691-7-CR0-OCCT691-occt-64/drv/IFSelect/IFSelect_SequenceNodeOfTSeqOfSelection_0.cxx
+M IFSelect:pubinclude:Handle_IFSelect_SequenceNodeOfSequenceOfGeneralModifier.hxx /misc/dn61/LocalWOK/wok_entities/LOC/dev/CR0-OCCT691-7-CR0-OCCT691-occt-64/inc/Handle_IFSelect_SequenceNodeOfSequenceOfGeneralModifier.hxx
+M IFSelect:pubinclude:IFSelect_SequenceNodeOfSequenceOfGeneralModifier.hxx /misc/dn61/LocalWOK/wok_entities/LOC/dev/CR0-OCCT691-7-CR0-OCCT691-occt-64/inc/IFSelect_SequenceNodeOfSequenceOfGeneralModifier.hxx
+M IFSelect:derivated:IFSelect_SequenceNodeOfSequenceOfGeneralModifier_0.cxx /misc/dn61/LocalWOK/wok_entities/LOC/dev/CR0-OCCT691-7-CR0-OCCT691-occt-64/drv/IFSelect/IFSelect_SequenceNodeOfSequenceOfGeneralModifier_0.cxx
+M IFSelect:pubinclude:Handle_IFSelect_SequenceNodeOfSequenceOfInterfaceModel.hxx /misc/dn61/LocalWOK/wok_entities/LOC/dev/CR0-OCCT691-7-CR0-OCCT691-occt-64/inc/Handle_IFSelect_SequenceNodeOfSequenceOfInterfaceModel.hxx
+M IFSelect:pubinclude:IFSelect_SequenceNodeOfSequenceOfInterfaceModel.hxx /misc/dn61/LocalWOK/wok_entities/LOC/dev/CR0-OCCT691-7-CR0-OCCT691-occt-64/inc/IFSelect_SequenceNodeOfSequenceOfInterfaceModel.hxx
+M IFSelect:derivated:IFSelect_SequenceNodeOfSequenceOfInterfaceModel_0.cxx /misc/dn61/LocalWOK/wok_entities/LOC/dev/CR0-OCCT691-7-CR0-OCCT691-occt-64/drv/IFSelect/IFSelect_SequenceNodeOfSequenceOfInterfaceModel_0.cxx
+M IFSelect:pubinclude:Handle_IFSelect_SequenceNodeOfSequenceOfAppliedModifiers.hxx /misc/dn61/LocalWOK/wok_entities/LOC/dev/CR0-OCCT691-7-CR0-OCCT691-occt-64/inc/Handle_IFSelect_SequenceNodeOfSequenceOfAppliedModifiers.hxx
+M IFSelect:pubinclude:IFSelect_SequenceNodeOfSequenceOfAppliedModifiers.hxx /misc/dn61/LocalWOK/wok_entities/LOC/dev/CR0-OCCT691-7-CR0-OCCT691-occt-64/inc/IFSelect_SequenceNodeOfSequenceOfAppliedModifiers.hxx
+M IFSelect:derivated:IFSelect_SequenceNodeOfSequenceOfAppliedModifiers_0.cxx /misc/dn61/LocalWOK/wok_entities/LOC/dev/CR0-OCCT691-7-CR0-OCCT691-occt-64/drv/IFSelect/IFSelect_SequenceNodeOfSequenceOfAppliedModifiers_0.cxx
+M IFSelect:pubinclude:IFSelect_ReturnStatus.hxx /misc/dn61/LocalWOK/wok_entities/LOC/dev/CR0-OCCT691-7-CR0-OCCT691-occt-64/inc/IFSelect_ReturnStatus.hxx
+M IFSelect:pubinclude:IFSelect_RemainMode.hxx /misc/dn61/LocalWOK/wok_entities/LOC/dev/CR0-OCCT691-7-CR0-OCCT691-occt-64/inc/IFSelect_RemainMode.hxx
+M IFSelect:pubinclude:IFSelect_PrintCount.hxx /misc/dn61/LocalWOK/wok_entities/LOC/dev/CR0-OCCT691-7-CR0-OCCT691-occt-64/inc/IFSelect_PrintCount.hxx
+M IFSelect:pubinclude:IFSelect_PrintFail.hxx /misc/dn61/LocalWOK/wok_entities/LOC/dev/CR0-OCCT691-7-CR0-OCCT691-occt-64/inc/IFSelect_PrintFail.hxx
+M IFSelect:pubinclude:IFSelect_EditValue.hxx /misc/dn61/LocalWOK/wok_entities/LOC/dev/CR0-OCCT691-7-CR0-OCCT691-occt-64/inc/IFSelect_EditValue.hxx
+M IFSelect:pubinclude:IFSelect_Option.hxx /misc/dn61/LocalWOK/wok_entities/LOC/dev/CR0-OCCT691-7-CR0-OCCT691-occt-64/inc/IFSelect_Option.hxx
+M IFSelect:pubinclude:IFSelect_Profile.hxx /misc/dn61/LocalWOK/wok_entities/LOC/dev/CR0-OCCT691-7-CR0-OCCT691-occt-64/inc/IFSelect_Profile.hxx
+M IFSelect:dbadmfile:IFSelect_xcpp_header.In /misc/dn61/LocalWOK/wok_entities/LOC/dev/CR0-OCCT691-7-CR0-OCCT691-occt-64/drv/IFSelect/.adm/IFSelect_xcpp_header.In
+M IFSelect:dbadmfile:IFSelect_xcpp_header.Out /misc/dn61/LocalWOK/wok_entities/LOC/dev/CR0-OCCT691-7-CR0-OCCT691-occt-64/drv/IFSelect/.adm/IFSelect_xcpp_header.Out
+M IFSelect:dbadmfile:IFSelect_xcpp_header.Dep /misc/dn61/LocalWOK/wok_entities/LOC/dev/CR0-OCCT691-7-CR0-OCCT691-occt-64/drv/IFSelect/.adm/IFSelect_xcpp_header.Dep
