+M BOPTools:pubinclude:BOPTools.hxx /misc/dn61/LocalWOK/wok_entities/LOC/dev/CR0-OCCT691-7-CR0-OCCT691-occt-64/inc/BOPTools.hxx
+M BOPTools:privinclude:BOPTools.jxx /misc/dn61/LocalWOK/wok_entities/LOC/dev/CR0-OCCT691-7-CR0-OCCT691-occt-64/drv/BOPTools/BOPTools.jxx
+M BOPTools:privinclude:BOPTools.ixx /misc/dn61/LocalWOK/wok_entities/LOC/dev/CR0-OCCT691-7-CR0-OCCT691-occt-64/drv/BOPTools/BOPTools.ixx
+M BOPTools:pubinclude:BOPTools_ShapeSet.hxx /misc/dn61/LocalWOK/wok_entities/LOC/dev/CR0-OCCT691-7-CR0-OCCT691-occt-64/inc/BOPTools_ShapeSet.hxx
+M BOPTools:privinclude:BOPTools_ShapeSet.jxx /misc/dn61/LocalWOK/wok_entities/LOC/dev/CR0-OCCT691-7-CR0-OCCT691-occt-64/drv/BOPTools/BOPTools_ShapeSet.jxx
+M BOPTools:privinclude:BOPTools_ShapeSet.ixx /misc/dn61/LocalWOK/wok_entities/LOC/dev/CR0-OCCT691-7-CR0-OCCT691-occt-64/drv/BOPTools/BOPTools_ShapeSet.ixx
+M BOPTools:pubinclude:BOPTools_EdgeSet.hxx /misc/dn61/LocalWOK/wok_entities/LOC/dev/CR0-OCCT691-7-CR0-OCCT691-occt-64/inc/BOPTools_EdgeSet.hxx
+M BOPTools:privinclude:BOPTools_EdgeSet.jxx /misc/dn61/LocalWOK/wok_entities/LOC/dev/CR0-OCCT691-7-CR0-OCCT691-occt-64/drv/BOPTools/BOPTools_EdgeSet.jxx
+M BOPTools:privinclude:BOPTools_EdgeSet.ixx /misc/dn61/LocalWOK/wok_entities/LOC/dev/CR0-OCCT691-7-CR0-OCCT691-occt-64/drv/BOPTools/BOPTools_EdgeSet.ixx
+M BOPTools:pubinclude:BOPTools_AlgoTools.hxx /misc/dn61/LocalWOK/wok_entities/LOC/dev/CR0-OCCT691-7-CR0-OCCT691-occt-64/inc/BOPTools_AlgoTools.hxx
+M BOPTools:privinclude:BOPTools_AlgoTools.jxx /misc/dn61/LocalWOK/wok_entities/LOC/dev/CR0-OCCT691-7-CR0-OCCT691-occt-64/drv/BOPTools/BOPTools_AlgoTools.jxx
+M BOPTools:privinclude:BOPTools_AlgoTools.ixx /misc/dn61/LocalWOK/wok_entities/LOC/dev/CR0-OCCT691-7-CR0-OCCT691-occt-64/drv/BOPTools/BOPTools_AlgoTools.ixx
+M BOPTools:pubinclude:BOPTools_Set.hxx /misc/dn61/LocalWOK/wok_entities/LOC/dev/CR0-OCCT691-7-CR0-OCCT691-occt-64/inc/BOPTools_Set.hxx
+M BOPTools:privinclude:BOPTools_Set.jxx /misc/dn61/LocalWOK/wok_entities/LOC/dev/CR0-OCCT691-7-CR0-OCCT691-occt-64/drv/BOPTools/BOPTools_Set.jxx
+M BOPTools:privinclude:BOPTools_Set.ixx /misc/dn61/LocalWOK/wok_entities/LOC/dev/CR0-OCCT691-7-CR0-OCCT691-occt-64/drv/BOPTools/BOPTools_Set.ixx
+M BOPTools:pubinclude:BOPTools_SetMapHasher.hxx /misc/dn61/LocalWOK/wok_entities/LOC/dev/CR0-OCCT691-7-CR0-OCCT691-occt-64/inc/BOPTools_SetMapHasher.hxx
+M BOPTools:privinclude:BOPTools_SetMapHasher.jxx /misc/dn61/LocalWOK/wok_entities/LOC/dev/CR0-OCCT691-7-CR0-OCCT691-occt-64/drv/BOPTools/BOPTools_SetMapHasher.jxx
+M BOPTools:privinclude:BOPTools_SetMapHasher.ixx /misc/dn61/LocalWOK/wok_entities/LOC/dev/CR0-OCCT691-7-CR0-OCCT691-occt-64/drv/BOPTools/BOPTools_SetMapHasher.ixx
+M BOPTools:pubinclude:BOPTools_AlgoTools2D.hxx /misc/dn61/LocalWOK/wok_entities/LOC/dev/CR0-OCCT691-7-CR0-OCCT691-occt-64/inc/BOPTools_AlgoTools2D.hxx
+M BOPTools:privinclude:BOPTools_AlgoTools2D.jxx /misc/dn61/LocalWOK/wok_entities/LOC/dev/CR0-OCCT691-7-CR0-OCCT691-occt-64/drv/BOPTools/BOPTools_AlgoTools2D.jxx
+M BOPTools:privinclude:BOPTools_AlgoTools2D.ixx /misc/dn61/LocalWOK/wok_entities/LOC/dev/CR0-OCCT691-7-CR0-OCCT691-occt-64/drv/BOPTools/BOPTools_AlgoTools2D.ixx
+M BOPTools:pubinclude:BOPTools_AlgoTools3D.hxx /misc/dn61/LocalWOK/wok_entities/LOC/dev/CR0-OCCT691-7-CR0-OCCT691-occt-64/inc/BOPTools_AlgoTools3D.hxx
+M BOPTools:privinclude:BOPTools_AlgoTools3D.jxx /misc/dn61/LocalWOK/wok_entities/LOC/dev/CR0-OCCT691-7-CR0-OCCT691-occt-64/drv/BOPTools/BOPTools_AlgoTools3D.jxx
+M BOPTools:privinclude:BOPTools_AlgoTools3D.ixx /misc/dn61/LocalWOK/wok_entities/LOC/dev/CR0-OCCT691-7-CR0-OCCT691-occt-64/drv/BOPTools/BOPTools_AlgoTools3D.ixx
+M BOPTools:dbadmfile:BOPTools_xcpp_header.In /misc/dn61/LocalWOK/wok_entities/LOC/dev/CR0-OCCT691-7-CR0-OCCT691-occt-64/drv/BOPTools/.adm/BOPTools_xcpp_header.In
+M BOPTools:dbadmfile:BOPTools_xcpp_header.Out /misc/dn61/LocalWOK/wok_entities/LOC/dev/CR0-OCCT691-7-CR0-OCCT691-occt-64/drv/BOPTools/.adm/BOPTools_xcpp_header.Out
+M BOPTools:dbadmfile:BOPTools_xcpp_header.Dep /misc/dn61/LocalWOK/wok_entities/LOC/dev/CR0-OCCT691-7-CR0-OCCT691-occt-64/drv/BOPTools/.adm/BOPTools_xcpp_header.Dep
