+M BiTgte:pubinclude:BiTgte_Blend.hxx /misc/dn61/LocalWOK/wok_entities/LOC/dev/CR0-OCCT691-7-CR0-OCCT691-occt-64/inc/BiTgte_Blend.hxx
+M BiTgte:privinclude:BiTgte_Blend.jxx /misc/dn61/LocalWOK/wok_entities/LOC/dev/CR0-OCCT691-7-CR0-OCCT691-occt-64/drv/BiTgte/BiTgte_Blend.jxx
+M BiTgte:privinclude:BiTgte_Blend.ixx /misc/dn61/LocalWOK/wok_entities/LOC/dev/CR0-OCCT691-7-CR0-OCCT691-occt-64/drv/BiTgte/BiTgte_Blend.ixx
+M BiTgte:pubinclude:BiTgte_CurveOnEdge.hxx /misc/dn61/LocalWOK/wok_entities/LOC/dev/CR0-OCCT691-7-CR0-OCCT691-occt-64/inc/BiTgte_CurveOnEdge.hxx
+M BiTgte:privinclude:BiTgte_CurveOnEdge.jxx /misc/dn61/LocalWOK/wok_entities/LOC/dev/CR0-OCCT691-7-CR0-OCCT691-occt-64/drv/BiTgte/BiTgte_CurveOnEdge.jxx
+M BiTgte:privinclude:BiTgte_CurveOnEdge.ixx /misc/dn61/LocalWOK/wok_entities/LOC/dev/CR0-OCCT691-7-CR0-OCCT691-occt-64/drv/BiTgte/BiTgte_CurveOnEdge.ixx
+M BiTgte:pubinclude:Handle_BiTgte_HCurveOnEdge.hxx /misc/dn61/LocalWOK/wok_entities/LOC/dev/CR0-OCCT691-7-CR0-OCCT691-occt-64/inc/Handle_BiTgte_HCurveOnEdge.hxx
+M BiTgte:pubinclude:BiTgte_HCurveOnEdge.hxx /misc/dn61/LocalWOK/wok_entities/LOC/dev/CR0-OCCT691-7-CR0-OCCT691-occt-64/inc/BiTgte_HCurveOnEdge.hxx
+M BiTgte:derivated:BiTgte_HCurveOnEdge_0.cxx /misc/dn61/LocalWOK/wok_entities/LOC/dev/CR0-OCCT691-7-CR0-OCCT691-occt-64/drv/BiTgte/BiTgte_HCurveOnEdge_0.cxx
+M BiTgte:pubinclude:BiTgte_CurveOnVertex.hxx /misc/dn61/LocalWOK/wok_entities/LOC/dev/CR0-OCCT691-7-CR0-OCCT691-occt-64/inc/BiTgte_CurveOnVertex.hxx
+M BiTgte:privinclude:BiTgte_CurveOnVertex.jxx /misc/dn61/LocalWOK/wok_entities/LOC/dev/CR0-OCCT691-7-CR0-OCCT691-occt-64/drv/BiTgte/BiTgte_CurveOnVertex.jxx
+M BiTgte:privinclude:BiTgte_CurveOnVertex.ixx /misc/dn61/LocalWOK/wok_entities/LOC/dev/CR0-OCCT691-7-CR0-OCCT691-occt-64/drv/BiTgte/BiTgte_CurveOnVertex.ixx
+M BiTgte:pubinclude:Handle_BiTgte_HCurveOnVertex.hxx /misc/dn61/LocalWOK/wok_entities/LOC/dev/CR0-OCCT691-7-CR0-OCCT691-occt-64/inc/Handle_BiTgte_HCurveOnVertex.hxx
+M BiTgte:pubinclude:BiTgte_HCurveOnVertex.hxx /misc/dn61/LocalWOK/wok_entities/LOC/dev/CR0-OCCT691-7-CR0-OCCT691-occt-64/inc/BiTgte_HCurveOnVertex.hxx
+M BiTgte:derivated:BiTgte_HCurveOnVertex_0.cxx /misc/dn61/LocalWOK/wok_entities/LOC/dev/CR0-OCCT691-7-CR0-OCCT691-occt-64/drv/BiTgte/BiTgte_HCurveOnVertex_0.cxx
+M BiTgte:pubinclude:BiTgte_DataMapOfShapeBox.hxx /misc/dn61/LocalWOK/wok_entities/LOC/dev/CR0-OCCT691-7-CR0-OCCT691-occt-64/inc/BiTgte_DataMapOfShapeBox.hxx
+M BiTgte:derivated:BiTgte_DataMapOfShapeBox_0.cxx /misc/dn61/LocalWOK/wok_entities/LOC/dev/CR0-OCCT691-7-CR0-OCCT691-occt-64/drv/BiTgte/BiTgte_DataMapOfShapeBox_0.cxx
+M BiTgte:pubinclude:Handle_BiTgte_DataMapNodeOfDataMapOfShapeBox.hxx /misc/dn61/LocalWOK/wok_entities/LOC/dev/CR0-OCCT691-7-CR0-OCCT691-occt-64/inc/Handle_BiTgte_DataMapNodeOfDataMapOfShapeBox.hxx
+M BiTgte:pubinclude:BiTgte_DataMapNodeOfDataMapOfShapeBox.hxx /misc/dn61/LocalWOK/wok_entities/LOC/dev/CR0-OCCT691-7-CR0-OCCT691-occt-64/inc/BiTgte_DataMapNodeOfDataMapOfShapeBox.hxx
+M BiTgte:derivated:BiTgte_DataMapNodeOfDataMapOfShapeBox_0.cxx /misc/dn61/LocalWOK/wok_entities/LOC/dev/CR0-OCCT691-7-CR0-OCCT691-occt-64/drv/BiTgte/BiTgte_DataMapNodeOfDataMapOfShapeBox_0.cxx
+M BiTgte:pubinclude:BiTgte_DataMapIteratorOfDataMapOfShapeBox.hxx /misc/dn61/LocalWOK/wok_entities/LOC/dev/CR0-OCCT691-7-CR0-OCCT691-occt-64/inc/BiTgte_DataMapIteratorOfDataMapOfShapeBox.hxx
+M BiTgte:derivated:BiTgte_DataMapIteratorOfDataMapOfShapeBox_0.cxx /misc/dn61/LocalWOK/wok_entities/LOC/dev/CR0-OCCT691-7-CR0-OCCT691-occt-64/drv/BiTgte/BiTgte_DataMapIteratorOfDataMapOfShapeBox_0.cxx
+M BiTgte:pubinclude:BiTgte_ContactType.hxx /misc/dn61/LocalWOK/wok_entities/LOC/dev/CR0-OCCT691-7-CR0-OCCT691-occt-64/inc/BiTgte_ContactType.hxx
+M BiTgte:dbadmfile:BiTgte_xcpp_header.In /misc/dn61/LocalWOK/wok_entities/LOC/dev/CR0-OCCT691-7-CR0-OCCT691-occt-64/drv/BiTgte/.adm/BiTgte_xcpp_header.In
+M BiTgte:dbadmfile:BiTgte_xcpp_header.Out /misc/dn61/LocalWOK/wok_entities/LOC/dev/CR0-OCCT691-7-CR0-OCCT691-occt-64/drv/BiTgte/.adm/BiTgte_xcpp_header.Out
+M BiTgte:dbadmfile:BiTgte_xcpp_header.Dep /misc/dn61/LocalWOK/wok_entities/LOC/dev/CR0-OCCT691-7-CR0-OCCT691-occt-64/drv/BiTgte/.adm/BiTgte_xcpp_header.Dep
