+M IGESDefs:pubinclude:IGESDefs.hxx /misc/dn61/LocalWOK/wok_entities/LOC/dev/CR0-OCCT691-7-CR0-OCCT691-occt-64/inc/IGESDefs.hxx
+M IGESDefs:privinclude:IGESDefs.jxx /misc/dn61/LocalWOK/wok_entities/LOC/dev/CR0-OCCT691-7-CR0-OCCT691-occt-64/drv/IGESDefs/IGESDefs.jxx
+M IGESDefs:privinclude:IGESDefs.ixx /misc/dn61/LocalWOK/wok_entities/LOC/dev/CR0-OCCT691-7-CR0-OCCT691-occt-64/drv/IGESDefs/IGESDefs.ixx
+M IGESDefs:pubinclude:Handle_IGESDefs_AssociativityDef.hxx /misc/dn61/LocalWOK/wok_entities/LOC/dev/CR0-OCCT691-7-CR0-OCCT691-occt-64/inc/Handle_IGESDefs_AssociativityDef.hxx
+M IGESDefs:pubinclude:IGESDefs_AssociativityDef.hxx /misc/dn61/LocalWOK/wok_entities/LOC/dev/CR0-OCCT691-7-CR0-OCCT691-occt-64/inc/IGESDefs_AssociativityDef.hxx
+M IGESDefs:privinclude:IGESDefs_AssociativityDef.jxx /misc/dn61/LocalWOK/wok_entities/LOC/dev/CR0-OCCT691-7-CR0-OCCT691-occt-64/drv/IGESDefs/IGESDefs_AssociativityDef.jxx
+M IGESDefs:privinclude:IGESDefs_AssociativityDef.ixx /misc/dn61/LocalWOK/wok_entities/LOC/dev/CR0-OCCT691-7-CR0-OCCT691-occt-64/drv/IGESDefs/IGESDefs_AssociativityDef.ixx
+M IGESDefs:pubinclude:Handle_IGESDefs_MacroDef.hxx /misc/dn61/LocalWOK/wok_entities/LOC/dev/CR0-OCCT691-7-CR0-OCCT691-occt-64/inc/Handle_IGESDefs_MacroDef.hxx
+M IGESDefs:pubinclude:IGESDefs_MacroDef.hxx /misc/dn61/LocalWOK/wok_entities/LOC/dev/CR0-OCCT691-7-CR0-OCCT691-occt-64/inc/IGESDefs_MacroDef.hxx
+M IGESDefs:privinclude:IGESDefs_MacroDef.jxx /misc/dn61/LocalWOK/wok_entities/LOC/dev/CR0-OCCT691-7-CR0-OCCT691-occt-64/drv/IGESDefs/IGESDefs_MacroDef.jxx
+M IGESDefs:privinclude:IGESDefs_MacroDef.ixx /misc/dn61/LocalWOK/wok_entities/LOC/dev/CR0-OCCT691-7-CR0-OCCT691-occt-64/drv/IGESDefs/IGESDefs_MacroDef.ixx
+M IGESDefs:pubinclude:Handle_IGESDefs_UnitsData.hxx /misc/dn61/LocalWOK/wok_entities/LOC/dev/CR0-OCCT691-7-CR0-OCCT691-occt-64/inc/Handle_IGESDefs_UnitsData.hxx
+M IGESDefs:pubinclude:IGESDefs_UnitsData.hxx /misc/dn61/LocalWOK/wok_entities/LOC/dev/CR0-OCCT691-7-CR0-OCCT691-occt-64/inc/IGESDefs_UnitsData.hxx
+M IGESDefs:privinclude:IGESDefs_UnitsData.jxx /misc/dn61/LocalWOK/wok_entities/LOC/dev/CR0-OCCT691-7-CR0-OCCT691-occt-64/drv/IGESDefs/IGESDefs_UnitsData.jxx
+M IGESDefs:privinclude:IGESDefs_UnitsData.ixx /misc/dn61/LocalWOK/wok_entities/LOC/dev/CR0-OCCT691-7-CR0-OCCT691-occt-64/drv/IGESDefs/IGESDefs_UnitsData.ixx
+M IGESDefs:pubinclude:Handle_IGESDefs_AttributeDef.hxx /misc/dn61/LocalWOK/wok_entities/LOC/dev/CR0-OCCT691-7-CR0-OCCT691-occt-64/inc/Handle_IGESDefs_AttributeDef.hxx
+M IGESDefs:pubinclude:IGESDefs_AttributeDef.hxx /misc/dn61/LocalWOK/wok_entities/LOC/dev/CR0-OCCT691-7-CR0-OCCT691-occt-64/inc/IGESDefs_AttributeDef.hxx
+M IGESDefs:privinclude:IGESDefs_AttributeDef.jxx /misc/dn61/LocalWOK/wok_entities/LOC/dev/CR0-OCCT691-7-CR0-OCCT691-occt-64/drv/IGESDefs/IGESDefs_AttributeDef.jxx
+M IGESDefs:privinclude:IGESDefs_AttributeDef.ixx /misc/dn61/LocalWOK/wok_entities/LOC/dev/CR0-OCCT691-7-CR0-OCCT691-occt-64/drv/IGESDefs/IGESDefs_AttributeDef.ixx
+M IGESDefs:pubinclude:Handle_IGESDefs_TabularData.hxx /misc/dn61/LocalWOK/wok_entities/LOC/dev/CR0-OCCT691-7-CR0-OCCT691-occt-64/inc/Handle_IGESDefs_TabularData.hxx
+M IGESDefs:pubinclude:IGESDefs_TabularData.hxx /misc/dn61/LocalWOK/wok_entities/LOC/dev/CR0-OCCT691-7-CR0-OCCT691-occt-64/inc/IGESDefs_TabularData.hxx
+M IGESDefs:privinclude:IGESDefs_TabularData.jxx /misc/dn61/LocalWOK/wok_entities/LOC/dev/CR0-OCCT691-7-CR0-OCCT691-occt-64/drv/IGESDefs/IGESDefs_TabularData.jxx
+M IGESDefs:privinclude:IGESDefs_TabularData.ixx /misc/dn61/LocalWOK/wok_entities/LOC/dev/CR0-OCCT691-7-CR0-OCCT691-occt-64/drv/IGESDefs/IGESDefs_TabularData.ixx
+M IGESDefs:pubinclude:Handle_IGESDefs_GenericData.hxx /misc/dn61/LocalWOK/wok_entities/LOC/dev/CR0-OCCT691-7-CR0-OCCT691-occt-64/inc/Handle_IGESDefs_GenericData.hxx
+M IGESDefs:pubinclude:IGESDefs_GenericData.hxx /misc/dn61/LocalWOK/wok_entities/LOC/dev/CR0-OCCT691-7-CR0-OCCT691-occt-64/inc/IGESDefs_GenericData.hxx
+M IGESDefs:privinclude:IGESDefs_GenericData.jxx /misc/dn61/LocalWOK/wok_entities/LOC/dev/CR0-OCCT691-7-CR0-OCCT691-occt-64/drv/IGESDefs/IGESDefs_GenericData.jxx
+M IGESDefs:privinclude:IGESDefs_GenericData.ixx /misc/dn61/LocalWOK/wok_entities/LOC/dev/CR0-OCCT691-7-CR0-OCCT691-occt-64/drv/IGESDefs/IGESDefs_GenericData.ixx
+M IGESDefs:pubinclude:Handle_IGESDefs_AttributeTable.hxx /misc/dn61/LocalWOK/wok_entities/LOC/dev/CR0-OCCT691-7-CR0-OCCT691-occt-64/inc/Handle_IGESDefs_AttributeTable.hxx
+M IGESDefs:pubinclude:IGESDefs_AttributeTable.hxx /misc/dn61/LocalWOK/wok_entities/LOC/dev/CR0-OCCT691-7-CR0-OCCT691-occt-64/inc/IGESDefs_AttributeTable.hxx
+M IGESDefs:privinclude:IGESDefs_AttributeTable.jxx /misc/dn61/LocalWOK/wok_entities/LOC/dev/CR0-OCCT691-7-CR0-OCCT691-occt-64/drv/IGESDefs/IGESDefs_AttributeTable.jxx
+M IGESDefs:privinclude:IGESDefs_AttributeTable.ixx /misc/dn61/LocalWOK/wok_entities/LOC/dev/CR0-OCCT691-7-CR0-OCCT691-occt-64/drv/IGESDefs/IGESDefs_AttributeTable.ixx
+M IGESDefs:pubinclude:IGESDefs_ToolAssociativityDef.hxx /misc/dn61/LocalWOK/wok_entities/LOC/dev/CR0-OCCT691-7-CR0-OCCT691-occt-64/inc/IGESDefs_ToolAssociativityDef.hxx
+M IGESDefs:privinclude:IGESDefs_ToolAssociativityDef.jxx /misc/dn61/LocalWOK/wok_entities/LOC/dev/CR0-OCCT691-7-CR0-OCCT691-occt-64/drv/IGESDefs/IGESDefs_ToolAssociativityDef.jxx
+M IGESDefs:privinclude:IGESDefs_ToolAssociativityDef.ixx /misc/dn61/LocalWOK/wok_entities/LOC/dev/CR0-OCCT691-7-CR0-OCCT691-occt-64/drv/IGESDefs/IGESDefs_ToolAssociativityDef.ixx
+M IGESDefs:pubinclude:IGESDefs_ToolMacroDef.hxx /misc/dn61/LocalWOK/wok_entities/LOC/dev/CR0-OCCT691-7-CR0-OCCT691-occt-64/inc/IGESDefs_ToolMacroDef.hxx
+M IGESDefs:privinclude:IGESDefs_ToolMacroDef.jxx /misc/dn61/LocalWOK/wok_entities/LOC/dev/CR0-OCCT691-7-CR0-OCCT691-occt-64/drv/IGESDefs/IGESDefs_ToolMacroDef.jxx
+M IGESDefs:privinclude:IGESDefs_ToolMacroDef.ixx /misc/dn61/LocalWOK/wok_entities/LOC/dev/CR0-OCCT691-7-CR0-OCCT691-occt-64/drv/IGESDefs/IGESDefs_ToolMacroDef.ixx
+M IGESDefs:pubinclude:IGESDefs_ToolUnitsData.hxx /misc/dn61/LocalWOK/wok_entities/LOC/dev/CR0-OCCT691-7-CR0-OCCT691-occt-64/inc/IGESDefs_ToolUnitsData.hxx
+M IGESDefs:privinclude:IGESDefs_ToolUnitsData.jxx /misc/dn61/LocalWOK/wok_entities/LOC/dev/CR0-OCCT691-7-CR0-OCCT691-occt-64/drv/IGESDefs/IGESDefs_ToolUnitsData.jxx
+M IGESDefs:privinclude:IGESDefs_ToolUnitsData.ixx /misc/dn61/LocalWOK/wok_entities/LOC/dev/CR0-OCCT691-7-CR0-OCCT691-occt-64/drv/IGESDefs/IGESDefs_ToolUnitsData.ixx
+M IGESDefs:pubinclude:IGESDefs_ToolAttributeDef.hxx /misc/dn61/LocalWOK/wok_entities/LOC/dev/CR0-OCCT691-7-CR0-OCCT691-occt-64/inc/IGESDefs_ToolAttributeDef.hxx
+M IGESDefs:privinclude:IGESDefs_ToolAttributeDef.jxx /misc/dn61/LocalWOK/wok_entities/LOC/dev/CR0-OCCT691-7-CR0-OCCT691-occt-64/drv/IGESDefs/IGESDefs_ToolAttributeDef.jxx
+M IGESDefs:privinclude:IGESDefs_ToolAttributeDef.ixx /misc/dn61/LocalWOK/wok_entities/LOC/dev/CR0-OCCT691-7-CR0-OCCT691-occt-64/drv/IGESDefs/IGESDefs_ToolAttributeDef.ixx
+M IGESDefs:pubinclude:IGESDefs_ToolTabularData.hxx /misc/dn61/LocalWOK/wok_entities/LOC/dev/CR0-OCCT691-7-CR0-OCCT691-occt-64/inc/IGESDefs_ToolTabularData.hxx
+M IGESDefs:privinclude:IGESDefs_ToolTabularData.jxx /misc/dn61/LocalWOK/wok_entities/LOC/dev/CR0-OCCT691-7-CR0-OCCT691-occt-64/drv/IGESDefs/IGESDefs_ToolTabularData.jxx
+M IGESDefs:privinclude:IGESDefs_ToolTabularData.ixx /misc/dn61/LocalWOK/wok_entities/LOC/dev/CR0-OCCT691-7-CR0-OCCT691-occt-64/drv/IGESDefs/IGESDefs_ToolTabularData.ixx
+M IGESDefs:pubinclude:IGESDefs_ToolGenericData.hxx /misc/dn61/LocalWOK/wok_entities/LOC/dev/CR0-OCCT691-7-CR0-OCCT691-occt-64/inc/IGESDefs_ToolGenericData.hxx
+M IGESDefs:privinclude:IGESDefs_ToolGenericData.jxx /misc/dn61/LocalWOK/wok_entities/LOC/dev/CR0-OCCT691-7-CR0-OCCT691-occt-64/drv/IGESDefs/IGESDefs_ToolGenericData.jxx
+M IGESDefs:privinclude:IGESDefs_ToolGenericData.ixx /misc/dn61/LocalWOK/wok_entities/LOC/dev/CR0-OCCT691-7-CR0-OCCT691-occt-64/drv/IGESDefs/IGESDefs_ToolGenericData.ixx
+M IGESDefs:pubinclude:IGESDefs_ToolAttributeTable.hxx /misc/dn61/LocalWOK/wok_entities/LOC/dev/CR0-OCCT691-7-CR0-OCCT691-occt-64/inc/IGESDefs_ToolAttributeTable.hxx
+M IGESDefs:privinclude:IGESDefs_ToolAttributeTable.jxx /misc/dn61/LocalWOK/wok_entities/LOC/dev/CR0-OCCT691-7-CR0-OCCT691-occt-64/drv/IGESDefs/IGESDefs_ToolAttributeTable.jxx
+M IGESDefs:privinclude:IGESDefs_ToolAttributeTable.ixx /misc/dn61/LocalWOK/wok_entities/LOC/dev/CR0-OCCT691-7-CR0-OCCT691-occt-64/drv/IGESDefs/IGESDefs_ToolAttributeTable.ixx
+M IGESDefs:pubinclude:Handle_IGESDefs_Protocol.hxx /misc/dn61/LocalWOK/wok_entities/LOC/dev/CR0-OCCT691-7-CR0-OCCT691-occt-64/inc/Handle_IGESDefs_Protocol.hxx
+M IGESDefs:pubinclude:IGESDefs_Protocol.hxx /misc/dn61/LocalWOK/wok_entities/LOC/dev/CR0-OCCT691-7-CR0-OCCT691-occt-64/inc/IGESDefs_Protocol.hxx
+M IGESDefs:privinclude:IGESDefs_Protocol.jxx /misc/dn61/LocalWOK/wok_entities/LOC/dev/CR0-OCCT691-7-CR0-OCCT691-occt-64/drv/IGESDefs/IGESDefs_Protocol.jxx
+M IGESDefs:privinclude:IGESDefs_Protocol.ixx /misc/dn61/LocalWOK/wok_entities/LOC/dev/CR0-OCCT691-7-CR0-OCCT691-occt-64/drv/IGESDefs/IGESDefs_Protocol.ixx
+M IGESDefs:pubinclude:Handle_IGESDefs_ReadWriteModule.hxx /misc/dn61/LocalWOK/wok_entities/LOC/dev/CR0-OCCT691-7-CR0-OCCT691-occt-64/inc/Handle_IGESDefs_ReadWriteModule.hxx
+M IGESDefs:pubinclude:IGESDefs_ReadWriteModule.hxx /misc/dn61/LocalWOK/wok_entities/LOC/dev/CR0-OCCT691-7-CR0-OCCT691-occt-64/inc/IGESDefs_ReadWriteModule.hxx
+M IGESDefs:privinclude:IGESDefs_ReadWriteModule.jxx /misc/dn61/LocalWOK/wok_entities/LOC/dev/CR0-OCCT691-7-CR0-OCCT691-occt-64/drv/IGESDefs/IGESDefs_ReadWriteModule.jxx
+M IGESDefs:privinclude:IGESDefs_ReadWriteModule.ixx /misc/dn61/LocalWOK/wok_entities/LOC/dev/CR0-OCCT691-7-CR0-OCCT691-occt-64/drv/IGESDefs/IGESDefs_ReadWriteModule.ixx
+M IGESDefs:pubinclude:Handle_IGESDefs_GeneralModule.hxx /misc/dn61/LocalWOK/wok_entities/LOC/dev/CR0-OCCT691-7-CR0-OCCT691-occt-64/inc/Handle_IGESDefs_GeneralModule.hxx
+M IGESDefs:pubinclude:IGESDefs_GeneralModule.hxx /misc/dn61/LocalWOK/wok_entities/LOC/dev/CR0-OCCT691-7-CR0-OCCT691-occt-64/inc/IGESDefs_GeneralModule.hxx
+M IGESDefs:privinclude:IGESDefs_GeneralModule.jxx /misc/dn61/LocalWOK/wok_entities/LOC/dev/CR0-OCCT691-7-CR0-OCCT691-occt-64/drv/IGESDefs/IGESDefs_GeneralModule.jxx
+M IGESDefs:privinclude:IGESDefs_GeneralModule.ixx /misc/dn61/LocalWOK/wok_entities/LOC/dev/CR0-OCCT691-7-CR0-OCCT691-occt-64/drv/IGESDefs/IGESDefs_GeneralModule.ixx
+M IGESDefs:pubinclude:Handle_IGESDefs_SpecificModule.hxx /misc/dn61/LocalWOK/wok_entities/LOC/dev/CR0-OCCT691-7-CR0-OCCT691-occt-64/inc/Handle_IGESDefs_SpecificModule.hxx
+M IGESDefs:pubinclude:IGESDefs_SpecificModule.hxx /misc/dn61/LocalWOK/wok_entities/LOC/dev/CR0-OCCT691-7-CR0-OCCT691-occt-64/inc/IGESDefs_SpecificModule.hxx
+M IGESDefs:privinclude:IGESDefs_SpecificModule.jxx /misc/dn61/LocalWOK/wok_entities/LOC/dev/CR0-OCCT691-7-CR0-OCCT691-occt-64/drv/IGESDefs/IGESDefs_SpecificModule.jxx
+M IGESDefs:privinclude:IGESDefs_SpecificModule.ixx /misc/dn61/LocalWOK/wok_entities/LOC/dev/CR0-OCCT691-7-CR0-OCCT691-occt-64/drv/IGESDefs/IGESDefs_SpecificModule.ixx
+M IGESDefs:pubinclude:IGESDefs_Array1OfTabularData.hxx /misc/dn61/LocalWOK/wok_entities/LOC/dev/CR0-OCCT691-7-CR0-OCCT691-occt-64/inc/IGESDefs_Array1OfTabularData.hxx
+M IGESDefs:derivated:IGESDefs_Array1OfTabularData_0.cxx /misc/dn61/LocalWOK/wok_entities/LOC/dev/CR0-OCCT691-7-CR0-OCCT691-occt-64/drv/IGESDefs/IGESDefs_Array1OfTabularData_0.cxx
+M IGESDefs:pubinclude:Handle_IGESDefs_HArray1OfTabularData.hxx /misc/dn61/LocalWOK/wok_entities/LOC/dev/CR0-OCCT691-7-CR0-OCCT691-occt-64/inc/Handle_IGESDefs_HArray1OfTabularData.hxx
+M IGESDefs:pubinclude:IGESDefs_HArray1OfTabularData.hxx /misc/dn61/LocalWOK/wok_entities/LOC/dev/CR0-OCCT691-7-CR0-OCCT691-occt-64/inc/IGESDefs_HArray1OfTabularData.hxx
+M IGESDefs:derivated:IGESDefs_HArray1OfTabularData_0.cxx /misc/dn61/LocalWOK/wok_entities/LOC/dev/CR0-OCCT691-7-CR0-OCCT691-occt-64/drv/IGESDefs/IGESDefs_HArray1OfTabularData_0.cxx
+M IGESDefs:pubinclude:Handle_IGESDefs_HArray1OfHArray1OfTextDisplayTemplate.hxx /misc/dn61/LocalWOK/wok_entities/LOC/dev/CR0-OCCT691-7-CR0-OCCT691-occt-64/inc/Handle_IGESDefs_HArray1OfHArray1OfTextDisplayTemplate.hxx
+M IGESDefs:pubinclude:IGESDefs_HArray1OfHArray1OfTextDisplayTemplate.hxx /misc/dn61/LocalWOK/wok_entities/LOC/dev/CR0-OCCT691-7-CR0-OCCT691-occt-64/inc/IGESDefs_HArray1OfHArray1OfTextDisplayTemplate.hxx
+M IGESDefs:derivated:IGESDefs_HArray1OfHArray1OfTextDisplayTemplate_0.cxx /misc/dn61/LocalWOK/wok_entities/LOC/dev/CR0-OCCT691-7-CR0-OCCT691-occt-64/drv/IGESDefs/IGESDefs_HArray1OfHArray1OfTextDisplayTemplate_0.cxx
+M IGESDefs:dbadmfile:IGESDefs_xcpp_header.In /misc/dn61/LocalWOK/wok_entities/LOC/dev/CR0-OCCT691-7-CR0-OCCT691-occt-64/drv/IGESDefs/.adm/IGESDefs_xcpp_header.In
+M IGESDefs:dbadmfile:IGESDefs_xcpp_header.Out /misc/dn61/LocalWOK/wok_entities/LOC/dev/CR0-OCCT691-7-CR0-OCCT691-occt-64/drv/IGESDefs/.adm/IGESDefs_xcpp_header.Out
+M IGESDefs:dbadmfile:IGESDefs_xcpp_header.Dep /misc/dn61/LocalWOK/wok_entities/LOC/dev/CR0-OCCT691-7-CR0-OCCT691-occt-64/drv/IGESDefs/.adm/IGESDefs_xcpp_header.Dep
