+M IGESControl:pubinclude:Handle_IGESControl_Controller.hxx /misc/dn61/LocalWOK/wok_entities/LOC/dev/CR0-OCCT691-7-CR0-OCCT691-occt-64/inc/Handle_IGESControl_Controller.hxx
+M IGESControl:pubinclude:IGESControl_Controller.hxx /misc/dn61/LocalWOK/wok_entities/LOC/dev/CR0-OCCT691-7-CR0-OCCT691-occt-64/inc/IGESControl_Controller.hxx
+M IGESControl:privinclude:IGESControl_Controller.jxx /misc/dn61/LocalWOK/wok_entities/LOC/dev/CR0-OCCT691-7-CR0-OCCT691-occt-64/drv/IGESControl/IGESControl_Controller.jxx
+M IGESControl:privinclude:IGESControl_Controller.ixx /misc/dn61/LocalWOK/wok_entities/LOC/dev/CR0-OCCT691-7-CR0-OCCT691-occt-64/drv/IGESControl/IGESControl_Controller.ixx
+M IGESControl:pubinclude:IGESControl_Writer.hxx /misc/dn61/LocalWOK/wok_entities/LOC/dev/CR0-OCCT691-7-CR0-OCCT691-occt-64/inc/IGESControl_Writer.hxx
+M IGESControl:privinclude:IGESControl_Writer.jxx /misc/dn61/LocalWOK/wok_entities/LOC/dev/CR0-OCCT691-7-CR0-OCCT691-occt-64/drv/IGESControl/IGESControl_Writer.jxx
+M IGESControl:privinclude:IGESControl_Writer.ixx /misc/dn61/LocalWOK/wok_entities/LOC/dev/CR0-OCCT691-7-CR0-OCCT691-occt-64/drv/IGESControl/IGESControl_Writer.ixx
+M IGESControl:pubinclude:IGESControl_Reader.hxx /misc/dn61/LocalWOK/wok_entities/LOC/dev/CR0-OCCT691-7-CR0-OCCT691-occt-64/inc/IGESControl_Reader.hxx
+M IGESControl:privinclude:IGESControl_Reader.jxx /misc/dn61/LocalWOK/wok_entities/LOC/dev/CR0-OCCT691-7-CR0-OCCT691-occt-64/drv/IGESControl/IGESControl_Reader.jxx
+M IGESControl:privinclude:IGESControl_Reader.ixx /misc/dn61/LocalWOK/wok_entities/LOC/dev/CR0-OCCT691-7-CR0-OCCT691-occt-64/drv/IGESControl/IGESControl_Reader.ixx
+M IGESControl:pubinclude:Handle_IGESControl_ActorWrite.hxx /misc/dn61/LocalWOK/wok_entities/LOC/dev/CR0-OCCT691-7-CR0-OCCT691-occt-64/inc/Handle_IGESControl_ActorWrite.hxx
+M IGESControl:pubinclude:IGESControl_ActorWrite.hxx /misc/dn61/LocalWOK/wok_entities/LOC/dev/CR0-OCCT691-7-CR0-OCCT691-occt-64/inc/IGESControl_ActorWrite.hxx
+M IGESControl:privinclude:IGESControl_ActorWrite.jxx /misc/dn61/LocalWOK/wok_entities/LOC/dev/CR0-OCCT691-7-CR0-OCCT691-occt-64/drv/IGESControl/IGESControl_ActorWrite.jxx
+M IGESControl:privinclude:IGESControl_ActorWrite.ixx /misc/dn61/LocalWOK/wok_entities/LOC/dev/CR0-OCCT691-7-CR0-OCCT691-occt-64/drv/IGESControl/IGESControl_ActorWrite.ixx
+M IGESControl:pubinclude:Handle_IGESControl_IGESBoundary.hxx /misc/dn61/LocalWOK/wok_entities/LOC/dev/CR0-OCCT691-7-CR0-OCCT691-occt-64/inc/Handle_IGESControl_IGESBoundary.hxx
+M IGESControl:pubinclude:IGESControl_IGESBoundary.hxx /misc/dn61/LocalWOK/wok_entities/LOC/dev/CR0-OCCT691-7-CR0-OCCT691-occt-64/inc/IGESControl_IGESBoundary.hxx
+M IGESControl:privinclude:IGESControl_IGESBoundary.jxx /misc/dn61/LocalWOK/wok_entities/LOC/dev/CR0-OCCT691-7-CR0-OCCT691-occt-64/drv/IGESControl/IGESControl_IGESBoundary.jxx
+M IGESControl:privinclude:IGESControl_IGESBoundary.ixx /misc/dn61/LocalWOK/wok_entities/LOC/dev/CR0-OCCT691-7-CR0-OCCT691-occt-64/drv/IGESControl/IGESControl_IGESBoundary.ixx
+M IGESControl:pubinclude:Handle_IGESControl_AlgoContainer.hxx /misc/dn61/LocalWOK/wok_entities/LOC/dev/CR0-OCCT691-7-CR0-OCCT691-occt-64/inc/Handle_IGESControl_AlgoContainer.hxx
+M IGESControl:pubinclude:IGESControl_AlgoContainer.hxx /misc/dn61/LocalWOK/wok_entities/LOC/dev/CR0-OCCT691-7-CR0-OCCT691-occt-64/inc/IGESControl_AlgoContainer.hxx
+M IGESControl:privinclude:IGESControl_AlgoContainer.jxx /misc/dn61/LocalWOK/wok_entities/LOC/dev/CR0-OCCT691-7-CR0-OCCT691-occt-64/drv/IGESControl/IGESControl_AlgoContainer.jxx
+M IGESControl:privinclude:IGESControl_AlgoContainer.ixx /misc/dn61/LocalWOK/wok_entities/LOC/dev/CR0-OCCT691-7-CR0-OCCT691-occt-64/drv/IGESControl/IGESControl_AlgoContainer.ixx
+M IGESControl:pubinclude:Handle_IGESControl_ToolContainer.hxx /misc/dn61/LocalWOK/wok_entities/LOC/dev/CR0-OCCT691-7-CR0-OCCT691-occt-64/inc/Handle_IGESControl_ToolContainer.hxx
+M IGESControl:pubinclude:IGESControl_ToolContainer.hxx /misc/dn61/LocalWOK/wok_entities/LOC/dev/CR0-OCCT691-7-CR0-OCCT691-occt-64/inc/IGESControl_ToolContainer.hxx
+M IGESControl:privinclude:IGESControl_ToolContainer.jxx /misc/dn61/LocalWOK/wok_entities/LOC/dev/CR0-OCCT691-7-CR0-OCCT691-occt-64/drv/IGESControl/IGESControl_ToolContainer.jxx
+M IGESControl:privinclude:IGESControl_ToolContainer.ixx /misc/dn61/LocalWOK/wok_entities/LOC/dev/CR0-OCCT691-7-CR0-OCCT691-occt-64/drv/IGESControl/IGESControl_ToolContainer.ixx
+M IGESControl:dbadmfile:IGESControl_xcpp_header.In /misc/dn61/LocalWOK/wok_entities/LOC/dev/CR0-OCCT691-7-CR0-OCCT691-occt-64/drv/IGESControl/.adm/IGESControl_xcpp_header.In
+M IGESControl:dbadmfile:IGESControl_xcpp_header.Out /misc/dn61/LocalWOK/wok_entities/LOC/dev/CR0-OCCT691-7-CR0-OCCT691-occt-64/drv/IGESControl/.adm/IGESControl_xcpp_header.Out
+M IGESControl:dbadmfile:IGESControl_xcpp_header.Dep /misc/dn61/LocalWOK/wok_entities/LOC/dev/CR0-OCCT691-7-CR0-OCCT691-occt-64/drv/IGESControl/.adm/IGESControl_xcpp_header.Dep
